<?xml version="1.0" encoding="utf-8" standalone="no"?>
<test-run id="2" testcasecount="1930" result="Failed" label="Invalid" total="1930" passed="1930" failed="0" inconclusive="0" skipped="0" asserts="3145" engine-version="3.8.0.0" clr-version="4.0.30319.42000" start-time="2018-05-11 10:26:59Z" end-time="2018-05-11 10:27:05Z" duration="6.111762">
  <command-line><![CDATA["C:\workspaces\githubRepos\openkit-dotnet\packages\NUnit.ConsoleRunner.3.8.0\tools\nunit3-console.exe" '--result=myresults.xml;format=AppVeyor' C:\workspaces\githubRepos\openkit-dotnet\tests\openkit-dotnetfull-3.5.Tests\bin\Coverage\openkit-dotnetfull-3.5.Tests.dll C:\workspaces\githubRepos\openkit-dotnet\tests\openkit-dotnetfull-4.0.Tests\bin\Coverage\openkit-dotnetfull-4.0.Tests.dll C:\workspaces\githubRepos\openkit-dotnet\tests\openkit-dotnetfull-4.5.Tests\bin\Coverage\openkit-dotnetfull-4.5.Tests.dll C:\workspaces\githubRepos\openkit-dotnet\tests\openkit-dotnetfull-4.6.Tests\bin\Coverage\openkit-dotnetfull-4.6.Tests.dll C:\workspaces\githubRepos\openkit-dotnet\tests\openkit-dotnetfull-4.7.Tests\bin\Coverage\openkit-dotnetfull-4.7.Tests.dll]]></command-line>
  <test-suite type="Unknown" id="1-1" name="'--result=myresults.xml;format=AppVeyor'" fullname="C:\workspaces\githubRepos\openkit-dotnet\'--result=myresults.xml;format=AppVeyor'" testcasecount="0" runstate="NotRunnable" result="Failed" label="Invalid">
    <properties>
      <property name="_SKIPREASON" value="File not found: C:\workspaces\githubRepos\openkit-dotnet\'--result=myresults.xml;format=AppVeyor'" />
    </properties>
    <reason>
      <message>File not found: C:\workspaces\githubRepos\openkit-dotnet\'--result=myresults.xml;format=AppVeyor'</message>
    </reason>
  </test-suite>
  <test-suite type="Assembly" id="2-1417" name="openkit-dotnetfull-3.5.Tests.dll" fullname="C:\workspaces\githubRepos\openkit-dotnet\tests\openkit-dotnetfull-3.5.Tests\bin\Coverage\openkit-dotnetfull-3.5.Tests.dll" runstate="Runnable" testcasecount="386" result="Passed" start-time="2018-05-11 10:27:02Z" end-time="2018-05-11 10:27:04Z" duration="2.024639" total="386" passed="386" failed="0" warnings="0" inconclusive="0" skipped="0" asserts="629">
    <environment framework-version="3.9.0.0" clr-version="4.0.30319.42000" os-version="Microsoft Windows NT 10.0.16299.0" platform="Win32NT" cwd="C:\workspaces\githubRepos\openkit-dotnet" machine-name="TAG009441733979" user="stefan.eberl" user-domain="DYNATRACE" culture="de-AT" uiculture="en-US" os-architecture="x64" />
    <settings>
      <setting name="DisposeRunners" value="True" />
      <setting name="WorkDirectory" value="C:\workspaces\githubRepos\openkit-dotnet" />
      <setting name="ImageRuntimeVersion" value="2.0.50727" />
      <setting name="ImageRequiresX86" value="False" />
      <setting name="ImageRequiresDefaultAppDomainAssemblyResolver" value="False" />
      <setting name="NumberOfTestWorkers" value="8" />
    </settings>
    <properties>
      <property name="_PID" value="8596" />
      <property name="_APPDOMAIN" value="domain-3c1df8fe-openkit-dotnetfull-3.5.Tests.dll" />
    </properties>
    <test-suite type="TestSuite" id="2-1418" name="Dynatrace" fullname="Dynatrace" runstate="Runnable" testcasecount="386" result="Passed" start-time="2018-05-11 10:27:02Z" end-time="2018-05-11 10:27:04Z" duration="2.007989" total="386" passed="386" failed="0" warnings="0" inconclusive="0" skipped="0" asserts="629">
      <test-suite type="TestSuite" id="2-1419" name="OpenKit" fullname="Dynatrace.OpenKit" runstate="Runnable" testcasecount="386" result="Passed" start-time="2018-05-11 10:27:02Z" end-time="2018-05-11 10:27:04Z" duration="2.007058" total="386" passed="386" failed="0" warnings="0" inconclusive="0" skipped="0" asserts="629">
        <test-suite type="TestSuite" id="2-1422" name="Core" fullname="Dynatrace.OpenKit.Core" runstate="Runnable" testcasecount="301" result="Passed" start-time="2018-05-11 10:27:02Z" end-time="2018-05-11 10:27:04Z" duration="1.809398" total="301" passed="301" failed="0" warnings="0" inconclusive="0" skipped="0" asserts="474">
          <test-suite type="TestFixture" id="2-1092" name="ActionTest" fullname="Dynatrace.OpenKit.Core.ActionTest" classname="Dynatrace.OpenKit.Core.ActionTest" runstate="Runnable" testcasecount="45" result="Passed" start-time="2018-05-11 10:27:02Z" end-time="2018-05-11 10:27:03Z" duration="0.899044" total="45" passed="45" failed="0" warnings="0" inconclusive="0" skipped="0" asserts="81">
            <test-case id="2-1103" name="AfterLeavingAnActionItIsLeft" fullname="Dynatrace.OpenKit.Core.ActionTest.AfterLeavingAnActionItIsLeft" methodname="AfterLeavingAnActionItIsLeft" classname="Dynatrace.OpenKit.Core.ActionTest" runstate="Runnable" seed="1677547920" result="Passed" start-time="2018-05-11 10:27:02Z" end-time="2018-05-11 10:27:03Z" duration="0.665576" asserts="1" />
            <test-case id="2-1102" name="AnActionAddsItselfIntoListInContstructor" fullname="Dynatrace.OpenKit.Core.ActionTest.AnActionAddsItselfIntoListInContstructor" methodname="AnActionAddsItselfIntoListInContstructor" classname="Dynatrace.OpenKit.Core.ActionTest" runstate="Runnable" seed="1368478786" result="Passed" start-time="2018-05-11 10:27:03Z" end-time="2018-05-11 10:27:03Z" duration="0.030653" asserts="2" />
            <test-case id="2-1136" name="AnActionCanOnlyBeLeftOnce" fullname="Dynatrace.OpenKit.Core.ActionTest.AnActionCanOnlyBeLeftOnce" methodname="AnActionCanOnlyBeLeftOnce" classname="Dynatrace.OpenKit.Core.ActionTest" runstate="Runnable" seed="56443179" result="Passed" start-time="2018-05-11 10:27:03Z" end-time="2018-05-11 10:27:03Z" duration="0.047545" asserts="6" />
            <test-case id="2-1093" name="ANewlyCreatedActionHasAnID" fullname="Dynatrace.OpenKit.Core.ActionTest.ANewlyCreatedActionHasAnID" methodname="ANewlyCreatedActionHasAnID" classname="Dynatrace.OpenKit.Core.ActionTest" runstate="Runnable" seed="691168823" result="Passed" start-time="2018-05-11 10:27:03Z" end-time="2018-05-11 10:27:03Z" duration="0.000836" asserts="1" />
            <test-case id="2-1101" name="ANewlyCreatedActionIsNotLeft" fullname="Dynatrace.OpenKit.Core.ActionTest.ANewlyCreatedActionIsNotLeft" methodname="ANewlyCreatedActionIsNotLeft" classname="Dynatrace.OpenKit.Core.ActionTest" runstate="Runnable" seed="1573320996" result="Passed" start-time="2018-05-11 10:27:03Z" end-time="2018-05-11 10:27:03Z" duration="0.000949" asserts="1" />
            <test-case id="2-1137" name="DisposingAnActionLeavesTheAction" fullname="Dynatrace.OpenKit.Core.ActionTest.DisposingAnActionLeavesTheAction" methodname="DisposingAnActionLeavesTheAction" classname="Dynatrace.OpenKit.Core.ActionTest" runstate="Runnable" seed="99684552" result="Passed" start-time="2018-05-11 10:27:03Z" end-time="2018-05-11 10:27:03Z" duration="0.002728" asserts="3" />
            <test-case id="2-1100" name="EndSequenceNumberIsSetToMinusOne" fullname="Dynatrace.OpenKit.Core.ActionTest.EndSequenceNumberIsSetToMinusOne" methodname="EndSequenceNumberIsSetToMinusOne" classname="Dynatrace.OpenKit.Core.ActionTest" runstate="Runnable" seed="394594572" result="Passed" start-time="2018-05-11 10:27:03Z" end-time="2018-05-11 10:27:03Z" duration="0.000895" asserts="1" />
            <test-case id="2-1098" name="EndTimeIsSetToMinusOneInConstructor" fullname="Dynatrace.OpenKit.Core.ActionTest.EndTimeIsSetToMinusOneInConstructor" methodname="EndTimeIsSetToMinusOneInConstructor" classname="Dynatrace.OpenKit.Core.ActionTest" runstate="Runnable" seed="1436303346" result="Passed" start-time="2018-05-11 10:27:03Z" end-time="2018-05-11 10:27:03Z" duration="0.000791" asserts="1" />
            <test-case id="2-1134" name="LeavingAnActionAddsItselfInTheBeacon" fullname="Dynatrace.OpenKit.Core.ActionTest.LeavingAnActionAddsItselfInTheBeacon" methodname="LeavingAnActionAddsItselfInTheBeacon" classname="Dynatrace.OpenKit.Core.ActionTest" runstate="Runnable" seed="1552057355" result="Passed" start-time="2018-05-11 10:27:03Z" end-time="2018-05-11 10:27:03Z" duration="0.010270" asserts="1" />
            <test-case id="2-1135" name="LeavingAnActionRemovesItselfFromListPassedInCtor" fullname="Dynatrace.OpenKit.Core.ActionTest.LeavingAnActionRemovesItselfFromListPassedInCtor" methodname="LeavingAnActionRemovesItselfFromListPassedInCtor" classname="Dynatrace.OpenKit.Core.ActionTest" runstate="Runnable" seed="1948015339" result="Passed" start-time="2018-05-11 10:27:03Z" end-time="2018-05-11 10:27:03Z" duration="0.001093" asserts="1" />
            <test-case id="2-1131" name="LeavingAnActionReturnsTheParentAction" fullname="Dynatrace.OpenKit.Core.ActionTest.LeavingAnActionReturnsTheParentAction" methodname="LeavingAnActionReturnsTheParentAction" classname="Dynatrace.OpenKit.Core.ActionTest" runstate="Runnable" seed="1806436648" result="Passed" start-time="2018-05-11 10:27:03Z" end-time="2018-05-11 10:27:03Z" duration="0.010603" asserts="3" />
            <test-case id="2-1133" name="LeavingAnActionSetsTheEndSequenceNumber" fullname="Dynatrace.OpenKit.Core.ActionTest.LeavingAnActionSetsTheEndSequenceNumber" methodname="LeavingAnActionSetsTheEndSequenceNumber" classname="Dynatrace.OpenKit.Core.ActionTest" runstate="Runnable" seed="1966495099" result="Passed" start-time="2018-05-11 10:27:03Z" end-time="2018-05-11 10:27:03Z" duration="0.001390" asserts="1" />
            <test-case id="2-1132" name="LeavingAnActionSetsTheEndTimestamp" fullname="Dynatrace.OpenKit.Core.ActionTest.LeavingAnActionSetsTheEndTimestamp" methodname="LeavingAnActionSetsTheEndTimestamp" classname="Dynatrace.OpenKit.Core.ActionTest" runstate="Runnable" seed="1597286612" result="Passed" start-time="2018-05-11 10:27:03Z" end-time="2018-05-11 10:27:03Z" duration="0.001243" asserts="1" />
            <test-case id="2-1094" name="NameIsSet" fullname="Dynatrace.OpenKit.Core.ActionTest.NameIsSet" methodname="NameIsSet" classname="Dynatrace.OpenKit.Core.ActionTest" runstate="Runnable" seed="721987444" result="Passed" start-time="2018-05-11 10:27:03Z" end-time="2018-05-11 10:27:03Z" duration="0.000762" asserts="1" />
            <test-case id="2-1096" name="ParentIDIsEqualToParentActionsID" fullname="Dynatrace.OpenKit.Core.ActionTest.ParentIDIsEqualToParentActionsID" methodname="ParentIDIsEqualToParentActionsID" classname="Dynatrace.OpenKit.Core.ActionTest" runstate="Runnable" seed="1017908878" result="Passed" start-time="2018-05-11 10:27:03Z" end-time="2018-05-11 10:27:03Z" duration="0.000926" asserts="1" />
            <test-case id="2-1095" name="ParentIDIsZeroIfActionHasNoParent" fullname="Dynatrace.OpenKit.Core.ActionTest.ParentIDIsZeroIfActionHasNoParent" methodname="ParentIDIsZeroIfActionHasNoParent" classname="Dynatrace.OpenKit.Core.ActionTest" runstate="Runnable" seed="486682221" result="Passed" start-time="2018-05-11 10:27:03Z" end-time="2018-05-11 10:27:03Z" duration="0.000802" asserts="1" />
            <test-case id="2-1112" name="ReportDoubleValue" fullname="Dynatrace.OpenKit.Core.ActionTest.ReportDoubleValue" methodname="ReportDoubleValue" classname="Dynatrace.OpenKit.Core.ActionTest" runstate="Runnable" seed="1403070840" result="Passed" start-time="2018-05-11 10:27:03Z" end-time="2018-05-11 10:27:03Z" duration="0.005706" asserts="2" />
            <test-case id="2-1113" name="ReportDoubleValueDoesNothingIfActionIsLeft" fullname="Dynatrace.OpenKit.Core.ActionTest.ReportDoubleValueDoesNothingIfActionIsLeft" methodname="ReportDoubleValueDoesNothingIfActionIsLeft" classname="Dynatrace.OpenKit.Core.ActionTest" runstate="Runnable" seed="209133720" result="Passed" start-time="2018-05-11 10:27:03Z" end-time="2018-05-11 10:27:03Z" duration="0.002557" asserts="2" />
            <test-case id="2-1115" name="ReportDoubleValueDoesNothingIfValueNameIsAnEmptyString" fullname="Dynatrace.OpenKit.Core.ActionTest.ReportDoubleValueDoesNothingIfValueNameIsAnEmptyString" methodname="ReportDoubleValueDoesNothingIfValueNameIsAnEmptyString" classname="Dynatrace.OpenKit.Core.ActionTest" runstate="Runnable" seed="913066484" result="Passed" start-time="2018-05-11 10:27:03Z" end-time="2018-05-11 10:27:03Z" duration="0.011549" asserts="2" />
            <test-case id="2-1114" name="ReportDoubleValueDoesNothingIfValueNameIsNull" fullname="Dynatrace.OpenKit.Core.ActionTest.ReportDoubleValueDoesNothingIfValueNameIsNull" methodname="ReportDoubleValueDoesNothingIfValueNameIsNull" classname="Dynatrace.OpenKit.Core.ActionTest" runstate="Runnable" seed="728782584" result="Passed" start-time="2018-05-11 10:27:03Z" end-time="2018-05-11 10:27:03Z" duration="0.001098" asserts="2" />
            <test-case id="2-1121" name="ReportError" fullname="Dynatrace.OpenKit.Core.ActionTest.ReportError" methodname="ReportError" classname="Dynatrace.OpenKit.Core.ActionTest" runstate="Runnable" seed="1891806603" result="Passed" start-time="2018-05-11 10:27:03Z" end-time="2018-05-11 10:27:03Z" duration="0.007375" asserts="2" />
            <test-case id="2-1125" name="ReportErrorAcceptsNullReason" fullname="Dynatrace.OpenKit.Core.ActionTest.ReportErrorAcceptsNullReason" methodname="ReportErrorAcceptsNullReason" classname="Dynatrace.OpenKit.Core.ActionTest" runstate="Runnable" seed="853825679" result="Passed" start-time="2018-05-11 10:27:03Z" end-time="2018-05-11 10:27:03Z" duration="0.001740" asserts="2" />
            <test-case id="2-1122" name="ReportErrorDoesNothingIfActionIsLeft" fullname="Dynatrace.OpenKit.Core.ActionTest.ReportErrorDoesNothingIfActionIsLeft" methodname="ReportErrorDoesNothingIfActionIsLeft" classname="Dynatrace.OpenKit.Core.ActionTest" runstate="Runnable" seed="1941965933" result="Passed" start-time="2018-05-11 10:27:03Z" end-time="2018-05-11 10:27:03Z" duration="0.001406" asserts="2" />
            <test-case id="2-1124" name="ReportErrorDoesNothingIfErrorNameIsAnEmptyString" fullname="Dynatrace.OpenKit.Core.ActionTest.ReportErrorDoesNothingIfErrorNameIsAnEmptyString" methodname="ReportErrorDoesNothingIfErrorNameIsAnEmptyString" classname="Dynatrace.OpenKit.Core.ActionTest" runstate="Runnable" seed="673204677" result="Passed" start-time="2018-05-11 10:27:03Z" end-time="2018-05-11 10:27:03Z" duration="0.001256" asserts="2" />
            <test-case id="2-1123" name="ReportErrorDoesNothingIfErrorNameIsNull" fullname="Dynatrace.OpenKit.Core.ActionTest.ReportErrorDoesNothingIfErrorNameIsNull" methodname="ReportErrorDoesNothingIfErrorNameIsNull" classname="Dynatrace.OpenKit.Core.ActionTest" runstate="Runnable" seed="231375648" result="Passed" start-time="2018-05-11 10:27:03Z" end-time="2018-05-11 10:27:03Z" duration="0.000947" asserts="2" />
            <test-case id="2-1104" name="ReportEvent" fullname="Dynatrace.OpenKit.Core.ActionTest.ReportEvent" methodname="ReportEvent" classname="Dynatrace.OpenKit.Core.ActionTest" runstate="Runnable" seed="2115775489" result="Passed" start-time="2018-05-11 10:27:03Z" end-time="2018-05-11 10:27:03Z" duration="0.002558" asserts="2" />
            <test-case id="2-1105" name="ReportEventDoesNothingIfActionIsLeft" fullname="Dynatrace.OpenKit.Core.ActionTest.ReportEventDoesNothingIfActionIsLeft" methodname="ReportEventDoesNothingIfActionIsLeft" classname="Dynatrace.OpenKit.Core.ActionTest" runstate="Runnable" seed="440690345" result="Passed" start-time="2018-05-11 10:27:03Z" end-time="2018-05-11 10:27:03Z" duration="0.001134" asserts="2" />
            <test-case id="2-1107" name="ReportEventDoesNothingIfEventNameIsAnEmptyString" fullname="Dynatrace.OpenKit.Core.ActionTest.ReportEventDoesNothingIfEventNameIsAnEmptyString" methodname="ReportEventDoesNothingIfEventNameIsAnEmptyString" classname="Dynatrace.OpenKit.Core.ActionTest" runstate="Runnable" seed="1727586882" result="Passed" start-time="2018-05-11 10:27:03Z" end-time="2018-05-11 10:27:03Z" duration="0.001175" asserts="2" />
            <test-case id="2-1106" name="ReportEventDoesNothingIfEventNameIsNull" fullname="Dynatrace.OpenKit.Core.ActionTest.ReportEventDoesNothingIfEventNameIsNull" methodname="ReportEventDoesNothingIfEventNameIsNull" classname="Dynatrace.OpenKit.Core.ActionTest" runstate="Runnable" seed="566250855" result="Passed" start-time="2018-05-11 10:27:03Z" end-time="2018-05-11 10:27:03Z" duration="0.002242" asserts="2" />
            <test-case id="2-1108" name="ReportIntValue" fullname="Dynatrace.OpenKit.Core.ActionTest.ReportIntValue" methodname="ReportIntValue" classname="Dynatrace.OpenKit.Core.ActionTest" runstate="Runnable" seed="1750405667" result="Passed" start-time="2018-05-11 10:27:03Z" end-time="2018-05-11 10:27:03Z" duration="0.003317" asserts="2" />
            <test-case id="2-1109" name="ReportIntValueDoesNothingIfActionIsLeft" fullname="Dynatrace.OpenKit.Core.ActionTest.ReportIntValueDoesNothingIfActionIsLeft" methodname="ReportIntValueDoesNothingIfActionIsLeft" classname="Dynatrace.OpenKit.Core.ActionTest" runstate="Runnable" seed="835694856" result="Passed" start-time="2018-05-11 10:27:03Z" end-time="2018-05-11 10:27:03Z" duration="0.001498" asserts="2" />
            <test-case id="2-1111" name="ReportIntValueDoesNothingIfValueNameIsAnEmptyString" fullname="Dynatrace.OpenKit.Core.ActionTest.ReportIntValueDoesNothingIfValueNameIsAnEmptyString" methodname="ReportIntValueDoesNothingIfValueNameIsAnEmptyString" classname="Dynatrace.OpenKit.Core.ActionTest" runstate="Runnable" seed="467036611" result="Passed" start-time="2018-05-11 10:27:03Z" end-time="2018-05-11 10:27:03Z" duration="0.001998" asserts="2" />
            <test-case id="2-1110" name="ReportIntValueDoesNothingIfValueNameIsNull" fullname="Dynatrace.OpenKit.Core.ActionTest.ReportIntValueDoesNothingIfValueNameIsNull" methodname="ReportIntValueDoesNothingIfValueNameIsNull" classname="Dynatrace.OpenKit.Core.ActionTest" runstate="Runnable" seed="2004547253" result="Passed" start-time="2018-05-11 10:27:03Z" end-time="2018-05-11 10:27:03Z" duration="0.005592" asserts="2" />
            <test-case id="2-1116" name="ReportStringValue" fullname="Dynatrace.OpenKit.Core.ActionTest.ReportStringValue" methodname="ReportStringValue" classname="Dynatrace.OpenKit.Core.ActionTest" runstate="Runnable" seed="326031646" result="Passed" start-time="2018-05-11 10:27:03Z" end-time="2018-05-11 10:27:03Z" duration="0.002907" asserts="2" />
            <test-case id="2-1117" name="ReportStringValueDoesNothingIfActionIsLeft" fullname="Dynatrace.OpenKit.Core.ActionTest.ReportStringValueDoesNothingIfActionIsLeft" methodname="ReportStringValueDoesNothingIfActionIsLeft" classname="Dynatrace.OpenKit.Core.ActionTest" runstate="Runnable" seed="1950853215" result="Passed" start-time="2018-05-11 10:27:03Z" end-time="2018-05-11 10:27:03Z" duration="0.001268" asserts="2" />
            <test-case id="2-1119" name="ReportStringValueDoesNothingIfValueNameIsAnEmptyString" fullname="Dynatrace.OpenKit.Core.ActionTest.ReportStringValueDoesNothingIfValueNameIsAnEmptyString" methodname="ReportStringValueDoesNothingIfValueNameIsAnEmptyString" classname="Dynatrace.OpenKit.Core.ActionTest" runstate="Runnable" seed="1489707296" result="Passed" start-time="2018-05-11 10:27:03Z" end-time="2018-05-11 10:27:03Z" duration="0.001312" asserts="2" />
            <test-case id="2-1118" name="ReportStringValueDoesNothingIfValueNameIsNull" fullname="Dynatrace.OpenKit.Core.ActionTest.ReportStringValueDoesNothingIfValueNameIsNull" methodname="ReportStringValueDoesNothingIfValueNameIsNull" classname="Dynatrace.OpenKit.Core.ActionTest" runstate="Runnable" seed="1308554617" result="Passed" start-time="2018-05-11 10:27:03Z" end-time="2018-05-11 10:27:03Z" duration="0.000999" asserts="2" />
            <test-case id="2-1120" name="ReportStringValueWithValueBeingNullWorks" fullname="Dynatrace.OpenKit.Core.ActionTest.ReportStringValueWithValueBeingNullWorks" methodname="ReportStringValueWithValueBeingNullWorks" classname="Dynatrace.OpenKit.Core.ActionTest" runstate="Runnable" seed="1251847482" result="Passed" start-time="2018-05-11 10:27:03Z" end-time="2018-05-11 10:27:03Z" duration="0.001294" asserts="2" />
            <test-case id="2-1099" name="StartSequenceNumberIsSetInConstructor" fullname="Dynatrace.OpenKit.Core.ActionTest.StartSequenceNumberIsSetInConstructor" methodname="StartSequenceNumberIsSetInConstructor" classname="Dynatrace.OpenKit.Core.ActionTest" runstate="Runnable" seed="364059685" result="Passed" start-time="2018-05-11 10:27:03Z" end-time="2018-05-11 10:27:03Z" duration="0.001049" asserts="1" />
            <test-case id="2-1097" name="StartTimeIsSetInConstructor" fullname="Dynatrace.OpenKit.Core.ActionTest.StartTimeIsSetInConstructor" methodname="StartTimeIsSetInConstructor" classname="Dynatrace.OpenKit.Core.ActionTest" runstate="Runnable" seed="634586197" result="Passed" start-time="2018-05-11 10:27:03Z" end-time="2018-05-11 10:27:03Z" duration="0.001245" asserts="1" />
            <test-case id="2-1127" name="TraceWebRequestGivesNullWebRequestTracerIfActionIsAlreadyLeft" fullname="Dynatrace.OpenKit.Core.ActionTest.TraceWebRequestGivesNullWebRequestTracerIfActionIsAlreadyLeft" methodname="TraceWebRequestGivesNullWebRequestTracerIfActionIsAlreadyLeft" classname="Dynatrace.OpenKit.Core.ActionTest" runstate="Runnable" seed="410006779" result="Passed" start-time="2018-05-11 10:27:03Z" end-time="2018-05-11 10:27:03Z" duration="0.018372" asserts="1" />
            <test-case id="2-1130" name="TraceWebRequestGivesNullWebRequestTracerIfUrlHasAnInvalidScheme" fullname="Dynatrace.OpenKit.Core.ActionTest.TraceWebRequestGivesNullWebRequestTracerIfUrlHasAnInvalidScheme" methodname="TraceWebRequestGivesNullWebRequestTracerIfUrlHasAnInvalidScheme" classname="Dynatrace.OpenKit.Core.ActionTest" runstate="Runnable" seed="1242212131" result="Passed" start-time="2018-05-11 10:27:03Z" end-time="2018-05-11 10:27:03Z" duration="0.001087" asserts="2" />
            <test-case id="2-1129" name="TraceWebRequestGivesNullWebRequestTracerIfUrlIsAnEmptyString" fullname="Dynatrace.OpenKit.Core.ActionTest.TraceWebRequestGivesNullWebRequestTracerIfUrlIsAnEmptyString" methodname="TraceWebRequestGivesNullWebRequestTracerIfUrlIsAnEmptyString" classname="Dynatrace.OpenKit.Core.ActionTest" runstate="Runnable" seed="1648861290" result="Passed" start-time="2018-05-11 10:27:03Z" end-time="2018-05-11 10:27:03Z" duration="0.001006" asserts="2" />
            <test-case id="2-1128" name="TraceWebRequestGivesNullWebRequestTracerIfUrlIsNull" fullname="Dynatrace.OpenKit.Core.ActionTest.TraceWebRequestGivesNullWebRequestTracerIfUrlIsNull" methodname="TraceWebRequestGivesNullWebRequestTracerIfUrlIsNull" classname="Dynatrace.OpenKit.Core.ActionTest" runstate="Runnable" seed="1976186630" result="Passed" start-time="2018-05-11 10:27:03Z" end-time="2018-05-11 10:27:03Z" duration="0.005397" asserts="2" />
            <test-case id="2-1126" name="TraceWebRequestGivesValidWebRequestTracer" fullname="Dynatrace.OpenKit.Core.ActionTest.TraceWebRequestGivesValidWebRequestTracer" methodname="TraceWebRequestGivesValidWebRequestTracer" classname="Dynatrace.OpenKit.Core.ActionTest" runstate="Runnable" seed="32755070" result="Passed" start-time="2018-05-11 10:27:03Z" end-time="2018-05-11 10:27:03Z" duration="0.005012" asserts="2" />
          </test-suite>
          <test-suite type="TestFixture" id="2-1138" name="BeaconSenderTest" fullname="Dynatrace.OpenKit.Core.BeaconSenderTest" classname="Dynatrace.OpenKit.Core.BeaconSenderTest" runstate="Runnable" testcasecount="1" result="Passed" start-time="2018-05-11 10:27:03Z" end-time="2018-05-11 10:27:03Z" duration="0.050715" total="1" passed="1" failed="0" warnings="0" inconclusive="0" skipped="0" asserts="2">
            <test-case id="2-1139" name="IsInitializedGetsValueFromContext" fullname="Dynatrace.OpenKit.Core.BeaconSenderTest.IsInitializedGetsValueFromContext" methodname="IsInitializedGetsValueFromContext" classname="Dynatrace.OpenKit.Core.BeaconSenderTest" runstate="Runnable" seed="1487963567" result="Passed" start-time="2018-05-11 10:27:03Z" end-time="2018-05-11 10:27:03Z" duration="0.047913" asserts="2" />
          </test-suite>
          <test-suite type="TestSuite" id="2-1426" name="Caching" fullname="Dynatrace.OpenKit.Core.Caching" runstate="Runnable" testcasecount="106" result="Passed" start-time="2018-05-11 10:27:02Z" end-time="2018-05-11 10:27:03Z" duration="1.229565" total="106" passed="106" failed="0" warnings="0" inconclusive="0" skipped="0" asserts="225">
            <test-suite type="TestFixture" id="2-1305" name="BeaconCacheEntryTest" fullname="Dynatrace.OpenKit.Core.Caching.BeaconCacheEntryTest" classname="Dynatrace.OpenKit.Core.Caching.BeaconCacheEntryTest" runstate="Runnable" testcasecount="27" result="Passed" start-time="2018-05-11 10:27:03Z" end-time="2018-05-11 10:27:03Z" duration="0.043692" total="27" passed="27" failed="0" warnings="0" inconclusive="0" skipped="0" asserts="103">
              <test-case id="2-1307" name="AddingActionData" fullname="Dynatrace.OpenKit.Core.Caching.BeaconCacheEntryTest.AddingActionData" methodname="AddingActionData" classname="Dynatrace.OpenKit.Core.Caching.BeaconCacheEntryTest" runstate="Runnable" seed="1959217316" result="Passed" start-time="2018-05-11 10:27:03Z" end-time="2018-05-11 10:27:03Z" duration="0.007570" asserts="8" />
              <test-case id="2-1308" name="AddingEventData" fullname="Dynatrace.OpenKit.Core.Caching.BeaconCacheEntryTest.AddingEventData" methodname="AddingEventData" classname="Dynatrace.OpenKit.Core.Caching.BeaconCacheEntryTest" runstate="Runnable" seed="1661566664" result="Passed" start-time="2018-05-11 10:27:03Z" end-time="2018-05-11 10:27:03Z" duration="0.000836" asserts="8" />
              <test-case id="2-1306" name="ADefaultConstructedInstanceHasNoData" fullname="Dynatrace.OpenKit.Core.Caching.BeaconCacheEntryTest.ADefaultConstructedInstanceHasNoData" methodname="ADefaultConstructedInstanceHasNoData" classname="Dynatrace.OpenKit.Core.Caching.BeaconCacheEntryTest" runstate="Runnable" seed="2029174507" result="Passed" start-time="2018-05-11 10:27:03Z" end-time="2018-05-11 10:27:03Z" duration="0.000381" asserts="4" />
              <test-case id="2-1309" name="CopyDataForChunkingMovesData" fullname="Dynatrace.OpenKit.Core.Caching.BeaconCacheEntryTest.CopyDataForChunkingMovesData" methodname="CopyDataForChunkingMovesData" classname="Dynatrace.OpenKit.Core.Caching.BeaconCacheEntryTest" runstate="Runnable" seed="343603248" result="Passed" start-time="2018-05-11 10:27:03Z" end-time="2018-05-11 10:27:03Z" duration="0.001313" asserts="4" />
              <test-case id="2-1315" name="GetChunkGetsAlreadyMarkedData" fullname="Dynatrace.OpenKit.Core.Caching.BeaconCacheEntryTest.GetChunkGetsAlreadyMarkedData" methodname="GetChunkGetsAlreadyMarkedData" classname="Dynatrace.OpenKit.Core.Caching.BeaconCacheEntryTest" runstate="Runnable" seed="938635510" result="Passed" start-time="2018-05-11 10:27:03Z" end-time="2018-05-11 10:27:03Z" duration="0.007242" asserts="10" />
              <test-case id="2-1314" name="GetChunkGetsChunksFromEventDataBeforeActionData" fullname="Dynatrace.OpenKit.Core.Caching.BeaconCacheEntryTest.GetChunkGetsChunksFromEventDataBeforeActionData" methodname="GetChunkGetsChunksFromEventDataBeforeActionData" classname="Dynatrace.OpenKit.Core.Caching.BeaconCacheEntryTest" runstate="Runnable" seed="641193889" result="Passed" start-time="2018-05-11 10:27:03Z" end-time="2018-05-11 10:27:03Z" duration="0.003600" asserts="5" />
              <test-case id="2-1313" name="GetChunkMarksRetrievedData" fullname="Dynatrace.OpenKit.Core.Caching.BeaconCacheEntryTest.GetChunkMarksRetrievedData" methodname="GetChunkMarksRetrievedData" classname="Dynatrace.OpenKit.Core.Caching.BeaconCacheEntryTest" runstate="Runnable" seed="870718488" result="Passed" start-time="2018-05-11 10:27:03Z" end-time="2018-05-11 10:27:03Z" duration="0.000926" asserts="5" />
              <test-case id="2-1316" name="GetChunksTakesSizeIntoAccount" fullname="Dynatrace.OpenKit.Core.Caching.BeaconCacheEntryTest.GetChunksTakesSizeIntoAccount" methodname="GetChunksTakesSizeIntoAccount" classname="Dynatrace.OpenKit.Core.Caching.BeaconCacheEntryTest" runstate="Runnable" seed="73327592" result="Passed" start-time="2018-05-11 10:27:03Z" end-time="2018-05-11 10:27:03Z" duration="0.000774" asserts="3" />
              <test-case id="2-1321" name="GetTotalNumberOfBytesCountsAddedRecordBytes" fullname="Dynatrace.OpenKit.Core.Caching.BeaconCacheEntryTest.GetTotalNumberOfBytesCountsAddedRecordBytes" methodname="GetTotalNumberOfBytesCountsAddedRecordBytes" classname="Dynatrace.OpenKit.Core.Caching.BeaconCacheEntryTest" runstate="Runnable" seed="1718161372" result="Passed" start-time="2018-05-11 10:27:03Z" end-time="2018-05-11 10:27:03Z" duration="0.000884" asserts="5" />
              <test-case id="2-1311" name="NeedsDataCopyBeforeChunkingGivesFalseAfterDataHasBeenCopied" fullname="Dynatrace.OpenKit.Core.Caching.BeaconCacheEntryTest.NeedsDataCopyBeforeChunkingGivesFalseAfterDataHasBeenCopied" methodname="NeedsDataCopyBeforeChunkingGivesFalseAfterDataHasBeenCopied" classname="Dynatrace.OpenKit.Core.Caching.BeaconCacheEntryTest" runstate="Runnable" seed="1886966333" result="Passed" start-time="2018-05-11 10:27:03Z" end-time="2018-05-11 10:27:03Z" duration="0.000879" asserts="1" />
              <test-case id="2-1312" name="NeedsDataCopyBeforeChunkingGivesFalseEvenIfListsAreEmpty" fullname="Dynatrace.OpenKit.Core.Caching.BeaconCacheEntryTest.NeedsDataCopyBeforeChunkingGivesFalseEvenIfListsAreEmpty" methodname="NeedsDataCopyBeforeChunkingGivesFalseEvenIfListsAreEmpty" classname="Dynatrace.OpenKit.Core.Caching.BeaconCacheEntryTest" runstate="Runnable" seed="1202303157" result="Passed" start-time="2018-05-11 10:27:03Z" end-time="2018-05-11 10:27:03Z" duration="0.000234" asserts="1" />
              <test-case id="2-1310" name="NeedsDataCopyBeforeChunkingGivesTrueBeforeDataIsCopied" fullname="Dynatrace.OpenKit.Core.Caching.BeaconCacheEntryTest.NeedsDataCopyBeforeChunkingGivesTrueBeforeDataIsCopied" methodname="NeedsDataCopyBeforeChunkingGivesTrueBeforeDataIsCopied" classname="Dynatrace.OpenKit.Core.Caching.BeaconCacheEntryTest" runstate="Runnable" seed="1152415667" result="Passed" start-time="2018-05-11 10:27:03Z" end-time="2018-05-11 10:27:03Z" duration="0.000407" asserts="1" />
              <test-case id="2-1317" name="RemoveDataMarkedForSendingReturnsIfDataHasNotBeenCopied" fullname="Dynatrace.OpenKit.Core.Caching.BeaconCacheEntryTest.RemoveDataMarkedForSendingReturnsIfDataHasNotBeenCopied" methodname="RemoveDataMarkedForSendingReturnsIfDataHasNotBeenCopied" classname="Dynatrace.OpenKit.Core.Caching.BeaconCacheEntryTest" runstate="Runnable" seed="1577791876" result="Passed" start-time="2018-05-11 10:27:03Z" end-time="2018-05-11 10:27:03Z" duration="0.000693" asserts="4" />
              <test-case id="2-1328" name="RemoveOldestRecordsComparesTopActionAndEventDataAndRemovesOldest" fullname="Dynatrace.OpenKit.Core.Caching.BeaconCacheEntryTest.RemoveOldestRecordsComparesTopActionAndEventDataAndRemovesOldest" methodname="RemoveOldestRecordsComparesTopActionAndEventDataAndRemovesOldest" classname="Dynatrace.OpenKit.Core.Caching.BeaconCacheEntryTest" runstate="Runnable" seed="735202170" result="Passed" start-time="2018-05-11 10:27:03Z" end-time="2018-05-11 10:27:03Z" duration="0.003233" asserts="6" />
              <test-case id="2-1332" name="RemoveOldestRecordsDoesNotRemoveAnythingFromEventAndActionsBeingSent" fullname="Dynatrace.OpenKit.Core.Caching.BeaconCacheEntryTest.RemoveOldestRecordsDoesNotRemoveAnythingFromEventAndActionsBeingSent" methodname="RemoveOldestRecordsDoesNotRemoveAnythingFromEventAndActionsBeingSent" classname="Dynatrace.OpenKit.Core.Caching.BeaconCacheEntryTest" runstate="Runnable" seed="2063525588" result="Passed" start-time="2018-05-11 10:27:03Z" end-time="2018-05-11 10:27:03Z" duration="0.000703" asserts="3" />
              <test-case id="2-1326" name="RemoveOldestRecordsRemovesActionDataIfEventDataIsEmpty" fullname="Dynatrace.OpenKit.Core.Caching.BeaconCacheEntryTest.RemoveOldestRecordsRemovesActionDataIfEventDataIsEmpty" methodname="RemoveOldestRecordsRemovesActionDataIfEventDataIsEmpty" classname="Dynatrace.OpenKit.Core.Caching.BeaconCacheEntryTest" runstate="Runnable" seed="1643996981" result="Passed" start-time="2018-05-11 10:27:03Z" end-time="2018-05-11 10:27:03Z" duration="0.000560" asserts="2" />
              <test-case id="2-1327" name="RemoveOldestRecordsRemovesEventDataIfActionDataIsEmpty" fullname="Dynatrace.OpenKit.Core.Caching.BeaconCacheEntryTest.RemoveOldestRecordsRemovesEventDataIfActionDataIsEmpty" methodname="RemoveOldestRecordsRemovesEventDataIfActionDataIsEmpty" classname="Dynatrace.OpenKit.Core.Caching.BeaconCacheEntryTest" runstate="Runnable" seed="95096669" result="Passed" start-time="2018-05-11 10:27:03Z" end-time="2018-05-11 10:27:03Z" duration="0.000582" asserts="2" />
              <test-case id="2-1329" name="RemoveOldestRecordsRemovesEventDataIfTopEventDataAndActionDataHaveSameTimestamp" fullname="Dynatrace.OpenKit.Core.Caching.BeaconCacheEntryTest.RemoveOldestRecordsRemovesEventDataIfTopEventDataAndActionDataHaveSameTimestamp" methodname="RemoveOldestRecordsRemovesEventDataIfTopEventDataAndActionDataHaveSameTimestamp" classname="Dynatrace.OpenKit.Core.Caching.BeaconCacheEntryTest" runstate="Runnable" seed="1033868282" result="Passed" start-time="2018-05-11 10:27:03Z" end-time="2018-05-11 10:27:03Z" duration="0.000684" asserts="3" />
              <test-case id="2-1325" name="RemoveOldestRecordsRemovesNothingIfEntryIsEmpty" fullname="Dynatrace.OpenKit.Core.Caching.BeaconCacheEntryTest.RemoveOldestRecordsRemovesNothingIfEntryIsEmpty" methodname="RemoveOldestRecordsRemovesNothingIfEntryIsEmpty" classname="Dynatrace.OpenKit.Core.Caching.BeaconCacheEntryTest" runstate="Runnable" seed="18428977" result="Passed" start-time="2018-05-11 10:27:03Z" end-time="2018-05-11 10:27:03Z" duration="0.000212" asserts="1" />
              <test-case id="2-1330" name="RemoveOldestRecordsStopsIfListsAreEmpty" fullname="Dynatrace.OpenKit.Core.Caching.BeaconCacheEntryTest.RemoveOldestRecordsStopsIfListsAreEmpty" methodname="RemoveOldestRecordsStopsIfListsAreEmpty" classname="Dynatrace.OpenKit.Core.Caching.BeaconCacheEntryTest" runstate="Runnable" seed="2082528649" result="Passed" start-time="2018-05-11 10:27:03Z" end-time="2018-05-11 10:27:03Z" duration="0.000589" asserts="3" />
              <test-case id="2-1331" name="RemoveRecordsOlderThanDoesNotRemoveAnythingFromEventAndActionsBeingSent" fullname="Dynatrace.OpenKit.Core.Caching.BeaconCacheEntryTest.RemoveRecordsOlderThanDoesNotRemoveAnythingFromEventAndActionsBeingSent" methodname="RemoveRecordsOlderThanDoesNotRemoveAnythingFromEventAndActionsBeingSent" classname="Dynatrace.OpenKit.Core.Caching.BeaconCacheEntryTest" runstate="Runnable" seed="1008597726" result="Passed" start-time="2018-05-11 10:27:03Z" end-time="2018-05-11 10:27:03Z" duration="0.001868" asserts="3" />
              <test-case id="2-1322" name="RemoveRecordsOlderThanRemovesNothingIfNoActionOrEventDataExists" fullname="Dynatrace.OpenKit.Core.Caching.BeaconCacheEntryTest.RemoveRecordsOlderThanRemovesNothingIfNoActionOrEventDataExists" methodname="RemoveRecordsOlderThanRemovesNothingIfNoActionOrEventDataExists" classname="Dynatrace.OpenKit.Core.Caching.BeaconCacheEntryTest" runstate="Runnable" seed="339066888" result="Passed" start-time="2018-05-11 10:27:03Z" end-time="2018-05-11 10:27:03Z" duration="0.000325" asserts="1" />
              <test-case id="2-1323" name="RemoveRecordsOlderThanRemovesRecordsFromActionData" fullname="Dynatrace.OpenKit.Core.Caching.BeaconCacheEntryTest.RemoveRecordsOlderThanRemovesRecordsFromActionData" methodname="RemoveRecordsOlderThanRemovesRecordsFromActionData" classname="Dynatrace.OpenKit.Core.Caching.BeaconCacheEntryTest" runstate="Runnable" seed="1819029027" result="Passed" start-time="2018-05-11 10:27:03Z" end-time="2018-05-11 10:27:03Z" duration="0.001737" asserts="2" />
              <test-case id="2-1324" name="RemoveRecordsOlderThanRemovesRecordsFromEventData" fullname="Dynatrace.OpenKit.Core.Caching.BeaconCacheEntryTest.RemoveRecordsOlderThanRemovesRecordsFromEventData" methodname="RemoveRecordsOlderThanRemovesRecordsFromEventData" classname="Dynatrace.OpenKit.Core.Caching.BeaconCacheEntryTest" runstate="Runnable" seed="851530347" result="Passed" start-time="2018-05-11 10:27:03Z" end-time="2018-05-11 10:27:03Z" duration="0.000697" asserts="2" />
              <test-case id="2-1319" name="ResetDataMarkedForSendingMovesPreviouslyCopiedDataBack" fullname="Dynatrace.OpenKit.Core.Caching.BeaconCacheEntryTest.ResetDataMarkedForSendingMovesPreviouslyCopiedDataBack" methodname="ResetDataMarkedForSendingMovesPreviouslyCopiedDataBack" classname="Dynatrace.OpenKit.Core.Caching.BeaconCacheEntryTest" runstate="Runnable" seed="305257206" result="Passed" start-time="2018-05-11 10:27:03Z" end-time="2018-05-11 10:27:03Z" duration="0.004358" asserts="4" />
              <test-case id="2-1320" name="ResetDataMarkedForSendingResetsMarkedForSendingFlag" fullname="Dynatrace.OpenKit.Core.Caching.BeaconCacheEntryTest.ResetDataMarkedForSendingResetsMarkedForSendingFlag" methodname="ResetDataMarkedForSendingResetsMarkedForSendingFlag" classname="Dynatrace.OpenKit.Core.Caching.BeaconCacheEntryTest" runstate="Runnable" seed="1171757506" result="Passed" start-time="2018-05-11 10:27:03Z" end-time="2018-05-11 10:27:03Z" duration="0.000862" asserts="8" />
              <test-case id="2-1318" name="resetDataMarkedForSendingReturnsIfDataHasNotBeenCopied" fullname="Dynatrace.OpenKit.Core.Caching.BeaconCacheEntryTest.resetDataMarkedForSendingReturnsIfDataHasNotBeenCopied" methodname="resetDataMarkedForSendingReturnsIfDataHasNotBeenCopied" classname="Dynatrace.OpenKit.Core.Caching.BeaconCacheEntryTest" runstate="Runnable" seed="150380336" result="Passed" start-time="2018-05-11 10:27:03Z" end-time="2018-05-11 10:27:03Z" duration="0.000696" asserts="4" />
            </test-suite>
            <test-suite type="TestFixture" id="2-1333" name="BeaconCacheEvictorTest" fullname="Dynatrace.OpenKit.Core.Caching.BeaconCacheEvictorTest" classname="Dynatrace.OpenKit.Core.Caching.BeaconCacheEvictorTest" runstate="Runnable" testcasecount="6" result="Passed" start-time="2018-05-11 10:27:03Z" end-time="2018-05-11 10:27:03Z" duration="0.081655" total="6" passed="6" failed="0" warnings="0" inconclusive="0" skipped="0" asserts="11">
              <test-case id="2-1334" name="ADefaultConstructedBeaconCacheEvictorIsNotAlive" fullname="Dynatrace.OpenKit.Core.Caching.BeaconCacheEvictorTest.ADefaultConstructedBeaconCacheEvictorIsNotAlive" methodname="ADefaultConstructedBeaconCacheEvictorIsNotAlive" classname="Dynatrace.OpenKit.Core.Caching.BeaconCacheEvictorTest" runstate="Runnable" seed="819070142" result="Passed" start-time="2018-05-11 10:27:03Z" end-time="2018-05-11 10:27:03Z" duration="0.046604" asserts="1" />
              <test-case id="2-1335" name="AfterStartingABeaconCacheEvictorItIsAlive" fullname="Dynatrace.OpenKit.Core.Caching.BeaconCacheEvictorTest.AfterStartingABeaconCacheEvictorItIsAlive" methodname="AfterStartingABeaconCacheEvictorItIsAlive" classname="Dynatrace.OpenKit.Core.Caching.BeaconCacheEvictorTest" runstate="Runnable" seed="240408434" result="Passed" start-time="2018-05-11 10:27:03Z" end-time="2018-05-11 10:27:03Z" duration="0.007771" asserts="2" />
              <test-case id="2-1336" name="StartingAnAlreadyAliveBeaconCacheEvictorDoesNothing" fullname="Dynatrace.OpenKit.Core.Caching.BeaconCacheEvictorTest.StartingAnAlreadyAliveBeaconCacheEvictorDoesNothing" methodname="StartingAnAlreadyAliveBeaconCacheEvictorDoesNothing" classname="Dynatrace.OpenKit.Core.Caching.BeaconCacheEvictorTest" runstate="Runnable" seed="463207512" result="Passed" start-time="2018-05-11 10:27:03Z" end-time="2018-05-11 10:27:03Z" duration="0.004529" asserts="2" />
              <test-case id="2-1337" name="StoppingABeaconCacheEvictorWhichIsNotAliveDoesNothing" fullname="Dynatrace.OpenKit.Core.Caching.BeaconCacheEvictorTest.StoppingABeaconCacheEvictorWhichIsNotAliveDoesNothing" methodname="StoppingABeaconCacheEvictorWhichIsNotAliveDoesNothing" classname="Dynatrace.OpenKit.Core.Caching.BeaconCacheEvictorTest" runstate="Runnable" seed="739830688" result="Passed" start-time="2018-05-11 10:27:03Z" end-time="2018-05-11 10:27:03Z" duration="0.000877" asserts="2" />
              <test-case id="2-1338" name="StoppingAnAliveBeaconCacheEvictor" fullname="Dynatrace.OpenKit.Core.Caching.BeaconCacheEvictorTest.StoppingAnAliveBeaconCacheEvictor" methodname="StoppingAnAliveBeaconCacheEvictor" classname="Dynatrace.OpenKit.Core.Caching.BeaconCacheEvictorTest" runstate="Runnable" seed="1056980185" result="Passed" start-time="2018-05-11 10:27:03Z" end-time="2018-05-11 10:27:03Z" duration="0.004355" asserts="2" />
              <test-case id="2-1339" name="TriggeringEvictionStrategiesInThread" fullname="Dynatrace.OpenKit.Core.Caching.BeaconCacheEvictorTest.TriggeringEvictionStrategiesInThread" methodname="TriggeringEvictionStrategiesInThread" classname="Dynatrace.OpenKit.Core.Caching.BeaconCacheEvictorTest" runstate="Runnable" seed="1491115565" result="Passed" start-time="2018-05-11 10:27:03Z" end-time="2018-05-11 10:27:03Z" duration="0.016600" asserts="2" />
            </test-suite>
            <test-suite type="TestFixture" id="2-1340" name="BeaconCacheRecordTest" fullname="Dynatrace.OpenKit.Core.Caching.BeaconCacheRecordTest" classname="Dynatrace.OpenKit.Core.Caching.BeaconCacheRecordTest" runstate="Runnable" testcasecount="14" result="Passed" start-time="2018-05-11 10:27:03Z" end-time="2018-05-11 10:27:03Z" duration="0.006320" total="14" passed="14" failed="0" warnings="0" inconclusive="0" skipped="0" asserts="28">
              <test-case id="2-1347" name="ADifferentTypeIsNotConsideredEqual" fullname="Dynatrace.OpenKit.Core.Caching.BeaconCacheRecordTest.ADifferentTypeIsNotConsideredEqual" methodname="ADifferentTypeIsNotConsideredEqual" classname="Dynatrace.OpenKit.Core.Caching.BeaconCacheRecordTest" runstate="Runnable" seed="1025565245" result="Passed" start-time="2018-05-11 10:27:03Z" end-time="2018-05-11 10:27:03Z" duration="0.000852" asserts="1" />
              <test-case id="2-1341" name="Data" fullname="Dynatrace.OpenKit.Core.Caching.BeaconCacheRecordTest.Data" methodname="Data" classname="Dynatrace.OpenKit.Core.Caching.BeaconCacheRecordTest" runstate="Runnable" seed="1657160358" result="Passed" start-time="2018-05-11 10:27:03Z" end-time="2018-05-11 10:27:03Z" duration="0.000334" asserts="3" />
              <test-case id="2-1343" name="DataSizeInBytes" fullname="Dynatrace.OpenKit.Core.Caching.BeaconCacheRecordTest.DataSizeInBytes" methodname="DataSizeInBytes" classname="Dynatrace.OpenKit.Core.Caching.BeaconCacheRecordTest" runstate="Runnable" seed="1688358999" result="Passed" start-time="2018-05-11 10:27:03Z" end-time="2018-05-11 10:27:03Z" duration="0.000474" asserts="5" />
              <test-case id="2-1344" name="MarkForSending" fullname="Dynatrace.OpenKit.Core.Caching.BeaconCacheRecordTest.MarkForSending" methodname="MarkForSending" classname="Dynatrace.OpenKit.Core.Caching.BeaconCacheRecordTest" runstate="Runnable" seed="993099381" result="Passed" start-time="2018-05-11 10:27:03Z" end-time="2018-05-11 10:27:03Z" duration="0.000245" asserts="3" />
              <test-case id="2-1354" name="NotEqualInstancesHaveDifferentHashCode" fullname="Dynatrace.OpenKit.Core.Caching.BeaconCacheRecordTest.NotEqualInstancesHaveDifferentHashCode" methodname="NotEqualInstancesHaveDifferentHashCode" classname="Dynatrace.OpenKit.Core.Caching.BeaconCacheRecordTest" runstate="Runnable" seed="1906509903" result="Passed" start-time="2018-05-11 10:27:03Z" end-time="2018-05-11 10:27:03Z" duration="0.001764" asserts="3" />
              <test-case id="2-1346" name="NullIsNotEqual" fullname="Dynatrace.OpenKit.Core.Caching.BeaconCacheRecordTest.NullIsNotEqual" methodname="NullIsNotEqual" classname="Dynatrace.OpenKit.Core.Caching.BeaconCacheRecordTest" runstate="Runnable" seed="356870087" result="Passed" start-time="2018-05-11 10:27:03Z" end-time="2018-05-11 10:27:03Z" duration="0.000200" asserts="1" />
              <test-case id="2-1345" name="SameInstancesAreEqual" fullname="Dynatrace.OpenKit.Core.Caching.BeaconCacheRecordTest.SameInstancesAreEqual" methodname="SameInstancesAreEqual" classname="Dynatrace.OpenKit.Core.Caching.BeaconCacheRecordTest" runstate="Runnable" seed="240504890" result="Passed" start-time="2018-05-11 10:27:03Z" end-time="2018-05-11 10:27:03Z" duration="0.000190" asserts="1" />
              <test-case id="2-1352" name="SameInstancesHaveSameHashCode" fullname="Dynatrace.OpenKit.Core.Caching.BeaconCacheRecordTest.SameInstancesHaveSameHashCode" methodname="SameInstancesHaveSameHashCode" classname="Dynatrace.OpenKit.Core.Caching.BeaconCacheRecordTest" runstate="Runnable" seed="1618747537" result="Passed" start-time="2018-05-11 10:27:03Z" end-time="2018-05-11 10:27:03Z" duration="0.000227" asserts="1" />
              <test-case id="2-1342" name="Timestamp" fullname="Dynatrace.OpenKit.Core.Caching.BeaconCacheRecordTest.Timestamp" methodname="Timestamp" classname="Dynatrace.OpenKit.Core.Caching.BeaconCacheRecordTest" runstate="Runnable" seed="1339169770" result="Passed" start-time="2018-05-11 10:27:03Z" end-time="2018-05-11 10:27:03Z" duration="0.000300" asserts="3" />
              <test-case id="2-1353" name="TwoEqualInstancesHaveSameHashCode" fullname="Dynatrace.OpenKit.Core.Caching.BeaconCacheRecordTest.TwoEqualInstancesHaveSameHashCode" methodname="TwoEqualInstancesHaveSameHashCode" classname="Dynatrace.OpenKit.Core.Caching.BeaconCacheRecordTest" runstate="Runnable" seed="1538237132" result="Passed" start-time="2018-05-11 10:27:03Z" end-time="2018-05-11 10:27:03Z" duration="0.000309" asserts="2" />
              <test-case id="2-1348" name="TwoInstancesAreEqualIfFieldsAreEqual" fullname="Dynatrace.OpenKit.Core.Caching.BeaconCacheRecordTest.TwoInstancesAreEqualIfFieldsAreEqual" methodname="TwoInstancesAreEqualIfFieldsAreEqual" classname="Dynatrace.OpenKit.Core.Caching.BeaconCacheRecordTest" runstate="Runnable" seed="123118514" result="Passed" start-time="2018-05-11 10:27:03Z" end-time="2018-05-11 10:27:03Z" duration="0.000332" asserts="2" />
              <test-case id="2-1350" name="TwoInstancesAreNotEqualIfDataDiffers" fullname="Dynatrace.OpenKit.Core.Caching.BeaconCacheRecordTest.TwoInstancesAreNotEqualIfDataDiffers" methodname="TwoInstancesAreNotEqualIfDataDiffers" classname="Dynatrace.OpenKit.Core.Caching.BeaconCacheRecordTest" runstate="Runnable" seed="968174533" result="Passed" start-time="2018-05-11 10:27:03Z" end-time="2018-05-11 10:27:03Z" duration="0.000220" asserts="1" />
              <test-case id="2-1351" name="TwoInstancesAreNotEqualIfMarkedForSendingDiffers" fullname="Dynatrace.OpenKit.Core.Caching.BeaconCacheRecordTest.TwoInstancesAreNotEqualIfMarkedForSendingDiffers" methodname="TwoInstancesAreNotEqualIfMarkedForSendingDiffers" classname="Dynatrace.OpenKit.Core.Caching.BeaconCacheRecordTest" runstate="Runnable" seed="1834759593" result="Passed" start-time="2018-05-11 10:27:03Z" end-time="2018-05-11 10:27:03Z" duration="0.000266" asserts="1" />
              <test-case id="2-1349" name="TwoInstancesAreNotEqualIfTimestampDiffers" fullname="Dynatrace.OpenKit.Core.Caching.BeaconCacheRecordTest.TwoInstancesAreNotEqualIfTimestampDiffers" methodname="TwoInstancesAreNotEqualIfTimestampDiffers" classname="Dynatrace.OpenKit.Core.Caching.BeaconCacheRecordTest" runstate="Runnable" seed="1356509098" result="Passed" start-time="2018-05-11 10:27:03Z" end-time="2018-05-11 10:27:03Z" duration="0.000256" asserts="1" />
            </test-suite>
            <test-suite type="TestFixture" id="2-1355" name="BeaconCacheTest" fullname="Dynatrace.OpenKit.Core.Caching.BeaconCacheTest" classname="Dynatrace.OpenKit.Core.Caching.BeaconCacheTest" runstate="Runnable" testcasecount="29" result="Passed" start-time="2018-05-11 10:27:03Z" end-time="2018-05-11 10:27:03Z" duration="0.051139" total="29" passed="29" failed="0" warnings="0" inconclusive="0" skipped="0" asserts="64">
              <test-case id="2-1360" name="AddActionDataAddsBeaconIdToCache" fullname="Dynatrace.OpenKit.Core.Caching.BeaconCacheTest.AddActionDataAddsBeaconIdToCache" methodname="AddActionDataAddsBeaconIdToCache" classname="Dynatrace.OpenKit.Core.Caching.BeaconCacheTest" runstate="Runnable" seed="1213878492" result="Passed" start-time="2018-05-11 10:27:03Z" end-time="2018-05-11 10:27:03Z" duration="0.012468" asserts="5" />
              <test-case id="2-1361" name="AddActionDataAddsDataToAlreadyExistingBeaconId" fullname="Dynatrace.OpenKit.Core.Caching.BeaconCacheTest.AddActionDataAddsDataToAlreadyExistingBeaconId" methodname="AddActionDataAddsDataToAlreadyExistingBeaconId" classname="Dynatrace.OpenKit.Core.Caching.BeaconCacheTest" runstate="Runnable" seed="120965137" result="Passed" start-time="2018-05-11 10:27:03Z" end-time="2018-05-11 10:27:03Z" duration="0.005716" asserts="4" />
              <test-case id="2-1362" name="AddActionDataIncreasesCacheSize" fullname="Dynatrace.OpenKit.Core.Caching.BeaconCacheTest.AddActionDataIncreasesCacheSize" methodname="AddActionDataIncreasesCacheSize" classname="Dynatrace.OpenKit.Core.Caching.BeaconCacheTest" runstate="Runnable" seed="830021824" result="Passed" start-time="2018-05-11 10:27:03Z" end-time="2018-05-11 10:27:03Z" duration="0.000779" asserts="1" />
              <test-case id="2-1363" name="AddActionDataRaisesEvent" fullname="Dynatrace.OpenKit.Core.Caching.BeaconCacheTest.AddActionDataRaisesEvent" methodname="AddActionDataRaisesEvent" classname="Dynatrace.OpenKit.Core.Caching.BeaconCacheTest" runstate="Runnable" seed="1944925116" result="Passed" start-time="2018-05-11 10:27:03Z" end-time="2018-05-11 10:27:03Z" duration="0.001422" asserts="2" />
              <test-case id="2-1357" name="AddEventDataAddsBeaconIdToCache" fullname="Dynatrace.OpenKit.Core.Caching.BeaconCacheTest.AddEventDataAddsBeaconIdToCache" methodname="AddEventDataAddsBeaconIdToCache" classname="Dynatrace.OpenKit.Core.Caching.BeaconCacheTest" runstate="Runnable" seed="1795479192" result="Passed" start-time="2018-05-11 10:27:03Z" end-time="2018-05-11 10:27:03Z" duration="0.002261" asserts="5" />
              <test-case id="2-1358" name="AddEventDataAddsDataToAlreadyExistingBeaconId" fullname="Dynatrace.OpenKit.Core.Caching.BeaconCacheTest.AddEventDataAddsDataToAlreadyExistingBeaconId" methodname="AddEventDataAddsDataToAlreadyExistingBeaconId" classname="Dynatrace.OpenKit.Core.Caching.BeaconCacheTest" runstate="Runnable" seed="999998745" result="Passed" start-time="2018-05-11 10:27:03Z" end-time="2018-05-11 10:27:03Z" duration="0.000935" asserts="4" />
              <test-case id="2-1359" name="AddEventDataIncreasesCacheSize" fullname="Dynatrace.OpenKit.Core.Caching.BeaconCacheTest.AddEventDataIncreasesCacheSize" methodname="AddEventDataIncreasesCacheSize" classname="Dynatrace.OpenKit.Core.Caching.BeaconCacheTest" runstate="Runnable" seed="2027119669" result="Passed" start-time="2018-05-11 10:27:03Z" end-time="2018-05-11 10:27:03Z" duration="0.000658" asserts="1" />
              <test-case id="2-1356" name="ADefaultConstructedCacheDoesNotContainBeacons" fullname="Dynatrace.OpenKit.Core.Caching.BeaconCacheTest.ADefaultConstructedCacheDoesNotContainBeacons" methodname="ADefaultConstructedCacheDoesNotContainBeacons" classname="Dynatrace.OpenKit.Core.Caching.BeaconCacheTest" runstate="Runnable" seed="1356589629" result="Passed" start-time="2018-05-11 10:27:03Z" end-time="2018-05-11 10:27:03Z" duration="0.000841" asserts="2" />
              <test-case id="2-1367" name="DeleteCacheEntriesDoesNothingIfGivenBeaconIDIsNotInCache" fullname="Dynatrace.OpenKit.Core.Caching.BeaconCacheTest.DeleteCacheEntriesDoesNothingIfGivenBeaconIDIsNotInCache" methodname="DeleteCacheEntriesDoesNothingIfGivenBeaconIDIsNotInCache" classname="Dynatrace.OpenKit.Core.Caching.BeaconCacheTest" runstate="Runnable" seed="762807156" result="Passed" start-time="2018-05-11 10:27:03Z" end-time="2018-05-11 10:27:03Z" duration="0.000882" asserts="3" />
              <test-case id="2-1365" name="DeleteCacheEntryDecrementsCacheSize" fullname="Dynatrace.OpenKit.Core.Caching.BeaconCacheTest.DeleteCacheEntryDecrementsCacheSize" methodname="DeleteCacheEntryDecrementsCacheSize" classname="Dynatrace.OpenKit.Core.Caching.BeaconCacheTest" runstate="Runnable" seed="1719545847" result="Passed" start-time="2018-05-11 10:27:03Z" end-time="2018-05-11 10:27:03Z" duration="0.000566" asserts="1" />
              <test-case id="2-1366" name="DeleteCacheEntryDoesNotRaiseEvent" fullname="Dynatrace.OpenKit.Core.Caching.BeaconCacheTest.DeleteCacheEntryDoesNotRaiseEvent" methodname="DeleteCacheEntryDoesNotRaiseEvent" classname="Dynatrace.OpenKit.Core.Caching.BeaconCacheTest" runstate="Runnable" seed="388588062" result="Passed" start-time="2018-05-11 10:27:03Z" end-time="2018-05-11 10:27:03Z" duration="0.000692" asserts="1" />
              <test-case id="2-1364" name="DeleteCacheEntryRemovesTheGivenBeacon" fullname="Dynatrace.OpenKit.Core.Caching.BeaconCacheTest.DeleteCacheEntryRemovesTheGivenBeacon" methodname="DeleteCacheEntryRemovesTheGivenBeacon" classname="Dynatrace.OpenKit.Core.Caching.BeaconCacheTest" runstate="Runnable" seed="101823144" result="Passed" start-time="2018-05-11 10:27:03Z" end-time="2018-05-11 10:27:03Z" duration="0.000717" asserts="2" />
              <test-case id="2-1379" name="EvictRecordsByAge" fullname="Dynatrace.OpenKit.Core.Caching.BeaconCacheTest.EvictRecordsByAge" methodname="EvictRecordsByAge" classname="Dynatrace.OpenKit.Core.Caching.BeaconCacheTest" runstate="Runnable" seed="1468673563" result="Passed" start-time="2018-05-11 10:27:03Z" end-time="2018-05-11 10:27:03Z" duration="0.001289" asserts="1" />
              <test-case id="2-1378" name="EvictRecordsByAgeDoesNothingAndReturnsZeroIfBeaconIDDoesNotExist" fullname="Dynatrace.OpenKit.Core.Caching.BeaconCacheTest.EvictRecordsByAgeDoesNothingAndReturnsZeroIfBeaconIDDoesNotExist" methodname="EvictRecordsByAgeDoesNothingAndReturnsZeroIfBeaconIDDoesNotExist" classname="Dynatrace.OpenKit.Core.Caching.BeaconCacheTest" runstate="Runnable" seed="1478929348" result="Passed" start-time="2018-05-11 10:27:03Z" end-time="2018-05-11 10:27:03Z" duration="0.000536" asserts="1" />
              <test-case id="2-1381" name="EvictRecordsByNumber" fullname="Dynatrace.OpenKit.Core.Caching.BeaconCacheTest.EvictRecordsByNumber" methodname="EvictRecordsByNumber" classname="Dynatrace.OpenKit.Core.Caching.BeaconCacheTest" runstate="Runnable" seed="2092592741" result="Passed" start-time="2018-05-11 10:27:03Z" end-time="2018-05-11 10:27:03Z" duration="0.001387" asserts="1" />
              <test-case id="2-1380" name="EvictRecordsByNumberDoesNothingAndReturnsZeroIfBeaconIDDoesNotExist" fullname="Dynatrace.OpenKit.Core.Caching.BeaconCacheTest.EvictRecordsByNumberDoesNothingAndReturnsZeroIfBeaconIDDoesNotExist" methodname="EvictRecordsByNumberDoesNothingAndReturnsZeroIfBeaconIDDoesNotExist" classname="Dynatrace.OpenKit.Core.Caching.BeaconCacheTest" runstate="Runnable" seed="776044762" result="Passed" start-time="2018-05-11 10:27:03Z" end-time="2018-05-11 10:27:03Z" duration="0.000570" asserts="1" />
              <test-case id="2-1369" name="GetNextBeaconChunkCopiesDataForSending" fullname="Dynatrace.OpenKit.Core.Caching.BeaconCacheTest.GetNextBeaconChunkCopiesDataForSending" methodname="GetNextBeaconChunkCopiesDataForSending" classname="Dynatrace.OpenKit.Core.Caching.BeaconCacheTest" runstate="Runnable" seed="987182214" result="Passed" start-time="2018-05-11 10:27:03Z" end-time="2018-05-11 10:27:03Z" duration="0.003785" asserts="5" />
              <test-case id="2-1370" name="GetNextBeaconChunkDecreasesBeaconCacheSize" fullname="Dynatrace.OpenKit.Core.Caching.BeaconCacheTest.GetNextBeaconChunkDecreasesBeaconCacheSize" methodname="GetNextBeaconChunkDecreasesBeaconCacheSize" classname="Dynatrace.OpenKit.Core.Caching.BeaconCacheTest" runstate="Runnable" seed="1664080592" result="Passed" start-time="2018-05-11 10:27:03Z" end-time="2018-05-11 10:27:03Z" duration="0.000711" asserts="1" />
              <test-case id="2-1371" name="getNextBeaconChunkRetrievesNextChunk" fullname="Dynatrace.OpenKit.Core.Caching.BeaconCacheTest.getNextBeaconChunkRetrievesNextChunk" methodname="getNextBeaconChunkRetrievesNextChunk" classname="Dynatrace.OpenKit.Core.Caching.BeaconCacheTest" runstate="Runnable" seed="1107406736" result="Passed" start-time="2018-05-11 10:27:03Z" end-time="2018-05-11 10:27:03Z" duration="0.001194" asserts="3" />
              <test-case id="2-1368" name="GetNextBeaconChunkReturnsNullIfGivenBeaconIDDoesNotExist" fullname="Dynatrace.OpenKit.Core.Caching.BeaconCacheTest.GetNextBeaconChunkReturnsNullIfGivenBeaconIDDoesNotExist" methodname="GetNextBeaconChunkReturnsNullIfGivenBeaconIDDoesNotExist" classname="Dynatrace.OpenKit.Core.Caching.BeaconCacheTest" runstate="Runnable" seed="1672112547" result="Passed" start-time="2018-05-11 10:27:03Z" end-time="2018-05-11 10:27:03Z" duration="0.000480" asserts="1" />
              <test-case id="2-1383" name="IsEmptyGivesFalseIfBeaconDataSizeIsNotEqualToZero" fullname="Dynatrace.OpenKit.Core.Caching.BeaconCacheTest.IsEmptyGivesFalseIfBeaconDataSizeIsNotEqualToZero" methodname="IsEmptyGivesFalseIfBeaconDataSizeIsNotEqualToZero" classname="Dynatrace.OpenKit.Core.Caching.BeaconCacheTest" runstate="Runnable" seed="235810319" result="Passed" start-time="2018-05-11 10:27:03Z" end-time="2018-05-11 10:27:03Z" duration="0.000403" asserts="1" />
              <test-case id="2-1384" name="IsEmptyGivesTrueIfBeaconDoesNotContainActiveData" fullname="Dynatrace.OpenKit.Core.Caching.BeaconCacheTest.IsEmptyGivesTrueIfBeaconDoesNotContainActiveData" methodname="IsEmptyGivesTrueIfBeaconDoesNotContainActiveData" classname="Dynatrace.OpenKit.Core.Caching.BeaconCacheTest" runstate="Runnable" seed="1259898666" result="Passed" start-time="2018-05-11 10:27:03Z" end-time="2018-05-11 10:27:03Z" duration="0.000482" asserts="1" />
              <test-case id="2-1382" name="IsEmptyGivesTrueIfBeaconDoesNotExistInCache" fullname="Dynatrace.OpenKit.Core.Caching.BeaconCacheTest.IsEmptyGivesTrueIfBeaconDoesNotExistInCache" methodname="IsEmptyGivesTrueIfBeaconDoesNotExistInCache" classname="Dynatrace.OpenKit.Core.Caching.BeaconCacheTest" runstate="Runnable" seed="685630518" result="Passed" start-time="2018-05-11 10:27:03Z" end-time="2018-05-11 10:27:03Z" duration="0.000487" asserts="1" />
              <test-case id="2-1372" name="RemoveChunkedDataClearsAlreadyRetrievedChunks" fullname="Dynatrace.OpenKit.Core.Caching.BeaconCacheTest.RemoveChunkedDataClearsAlreadyRetrievedChunks" methodname="RemoveChunkedDataClearsAlreadyRetrievedChunks" classname="Dynatrace.OpenKit.Core.Caching.BeaconCacheTest" runstate="Runnable" seed="936187964" result="Passed" start-time="2018-05-11 10:27:03Z" end-time="2018-05-11 10:27:03Z" duration="0.003072" asserts="6" />
              <test-case id="2-1373" name="RemoveChunkedDataDoesNothingIfCalledWithNonExistingBeaconID" fullname="Dynatrace.OpenKit.Core.Caching.BeaconCacheTest.RemoveChunkedDataDoesNothingIfCalledWithNonExistingBeaconID" methodname="RemoveChunkedDataDoesNothingIfCalledWithNonExistingBeaconID" classname="Dynatrace.OpenKit.Core.Caching.BeaconCacheTest" runstate="Runnable" seed="1695320903" result="Passed" start-time="2018-05-11 10:27:03Z" end-time="2018-05-11 10:27:03Z" duration="0.001348" asserts="2" />
              <test-case id="2-1377" name="ResetChunkedDoesNothingIfEntryDoesNotExist" fullname="Dynatrace.OpenKit.Core.Caching.BeaconCacheTest.ResetChunkedDoesNothingIfEntryDoesNotExist" methodname="ResetChunkedDoesNothingIfEntryDoesNotExist" classname="Dynatrace.OpenKit.Core.Caching.BeaconCacheTest" runstate="Runnable" seed="198386112" result="Passed" start-time="2018-05-11 10:27:03Z" end-time="2018-05-11 10:27:03Z" duration="0.001746" asserts="2" />
              <test-case id="2-1376" name="ResetChunkedRaisesEvent" fullname="Dynatrace.OpenKit.Core.Caching.BeaconCacheTest.ResetChunkedRaisesEvent" methodname="ResetChunkedRaisesEvent" classname="Dynatrace.OpenKit.Core.Caching.BeaconCacheTest" runstate="Runnable" seed="1893138063" result="Passed" start-time="2018-05-11 10:27:03Z" end-time="2018-05-11 10:27:03Z" duration="0.001460" asserts="1" />
              <test-case id="2-1375" name="ResetChunkedRestoresCacheSize" fullname="Dynatrace.OpenKit.Core.Caching.BeaconCacheTest.ResetChunkedRestoresCacheSize" methodname="ResetChunkedRestoresCacheSize" classname="Dynatrace.OpenKit.Core.Caching.BeaconCacheTest" runstate="Runnable" seed="2117473994" result="Passed" start-time="2018-05-11 10:27:03Z" end-time="2018-05-11 10:27:03Z" duration="0.000851" asserts="1" />
              <test-case id="2-1374" name="ResetChunkedRestoresData" fullname="Dynatrace.OpenKit.Core.Caching.BeaconCacheTest.ResetChunkedRestoresData" methodname="ResetChunkedRestoresData" classname="Dynatrace.OpenKit.Core.Caching.BeaconCacheTest" runstate="Runnable" seed="1366441819" result="Passed" start-time="2018-05-11 10:27:03Z" end-time="2018-05-11 10:27:03Z" duration="0.001527" asserts="4" />
            </test-suite>
            <test-suite type="TestFixture" id="2-1385" name="SpaceEvictionStrategyTest" fullname="Dynatrace.OpenKit.Core.Caching.SpaceEvictionStrategyTest" classname="Dynatrace.OpenKit.Core.Caching.SpaceEvictionStrategyTest" runstate="Runnable" testcasecount="16" result="Passed" start-time="2018-05-11 10:27:03Z" end-time="2018-05-11 10:27:03Z" duration="0.047832" total="16" passed="16" failed="0" warnings="0" inconclusive="0" skipped="0" asserts="8">
              <test-case id="2-1396" name="ExecuteEvictionCallsCacheMethodForEachBeacon" fullname="Dynatrace.OpenKit.Core.Caching.SpaceEvictionStrategyTest.ExecuteEvictionCallsCacheMethodForEachBeacon" methodname="ExecuteEvictionCallsCacheMethodForEachBeacon" classname="Dynatrace.OpenKit.Core.Caching.SpaceEvictionStrategyTest" runstate="Runnable" seed="1744744435" result="Passed" start-time="2018-05-11 10:27:03Z" end-time="2018-05-11 10:27:03Z" duration="0.013987" asserts="0" />
              <test-case id="2-1398" name="ExecuteEvictionDoesNotLogEvictionResultIfDebugIsDisabled" fullname="Dynatrace.OpenKit.Core.Caching.SpaceEvictionStrategyTest.ExecuteEvictionDoesNotLogEvictionResultIfDebugIsDisabled" methodname="ExecuteEvictionDoesNotLogEvictionResultIfDebugIsDisabled" classname="Dynatrace.OpenKit.Core.Caching.SpaceEvictionStrategyTest" runstate="Runnable" seed="677276839" result="Passed" start-time="2018-05-11 10:27:03Z" end-time="2018-05-11 10:27:03Z" duration="0.007441" asserts="0" />
              <test-case id="2-1395" name="ExecuteEvictionDoesNotLogIfStrategyIsDisabledAndInfoIsDisabledInLogger" fullname="Dynatrace.OpenKit.Core.Caching.SpaceEvictionStrategyTest.ExecuteEvictionDoesNotLogIfStrategyIsDisabledAndInfoIsDisabledInLogger" methodname="ExecuteEvictionDoesNotLogIfStrategyIsDisabledAndInfoIsDisabledInLogger" classname="Dynatrace.OpenKit.Core.Caching.SpaceEvictionStrategyTest" runstate="Runnable" seed="925308389" result="Passed" start-time="2018-05-11 10:27:03Z" end-time="2018-05-11 10:27:03Z" duration="0.001367" asserts="0" />
              <test-case id="2-1394" name="ExecuteEvictionLogsAMessageOnceAndReturnsIfStrategyIsDisabled" fullname="Dynatrace.OpenKit.Core.Caching.SpaceEvictionStrategyTest.ExecuteEvictionLogsAMessageOnceAndReturnsIfStrategyIsDisabled" methodname="ExecuteEvictionLogsAMessageOnceAndReturnsIfStrategyIsDisabled" classname="Dynatrace.OpenKit.Core.Caching.SpaceEvictionStrategyTest" runstate="Runnable" seed="373180378" result="Passed" start-time="2018-05-11 10:27:03Z" end-time="2018-05-11 10:27:03Z" duration="0.001695" asserts="0" />
              <test-case id="2-1397" name="ExecuteEvictionLogsEvictionResultIfDebugIsEnabled" fullname="Dynatrace.OpenKit.Core.Caching.SpaceEvictionStrategyTest.ExecuteEvictionLogsEvictionResultIfDebugIsEnabled" methodname="ExecuteEvictionLogsEvictionResultIfDebugIsEnabled" classname="Dynatrace.OpenKit.Core.Caching.SpaceEvictionStrategyTest" runstate="Runnable" seed="568555967" result="Passed" start-time="2018-05-11 10:27:03Z" end-time="2018-05-11 10:27:03Z" duration="0.007109" asserts="0" />
              <test-case id="2-1399" name="ExecuteEvictionRunsUntilTheCacheSizeIsLessThanOrEqualToLowerBound" fullname="Dynatrace.OpenKit.Core.Caching.SpaceEvictionStrategyTest.ExecuteEvictionRunsUntilTheCacheSizeIsLessThanOrEqualToLowerBound" methodname="ExecuteEvictionRunsUntilTheCacheSizeIsLessThanOrEqualToLowerBound" classname="Dynatrace.OpenKit.Core.Caching.SpaceEvictionStrategyTest" runstate="Runnable" seed="1966368807" result="Passed" start-time="2018-05-11 10:27:03Z" end-time="2018-05-11 10:27:03Z" duration="0.001707" asserts="0" />
              <test-case id="2-1401" name="ExecuteEvictionStopsIfNumBytesInCacheFallsBelowLowerBoundBetweenTwoBeacons" fullname="Dynatrace.OpenKit.Core.Caching.SpaceEvictionStrategyTest.ExecuteEvictionStopsIfNumBytesInCacheFallsBelowLowerBoundBetweenTwoBeacons" methodname="ExecuteEvictionStopsIfNumBytesInCacheFallsBelowLowerBoundBetweenTwoBeacons" classname="Dynatrace.OpenKit.Core.Caching.SpaceEvictionStrategyTest" runstate="Runnable" seed="593703446" result="Passed" start-time="2018-05-11 10:27:03Z" end-time="2018-05-11 10:27:03Z" duration="0.001865" asserts="0" />
              <test-case id="2-1400" name="ÉxecuteEvictionStopsIfThreadGetsInterruptedBetweenTwoBeacons" fullname="Dynatrace.OpenKit.Core.Caching.SpaceEvictionStrategyTest.ÉxecuteEvictionStopsIfThreadGetsInterruptedBetweenTwoBeacons" methodname="ÉxecuteEvictionStopsIfThreadGetsInterruptedBetweenTwoBeacons" classname="Dynatrace.OpenKit.Core.Caching.SpaceEvictionStrategyTest" runstate="Runnable" seed="1623881334" result="Passed" start-time="2018-05-11 10:27:03Z" end-time="2018-05-11 10:27:03Z" duration="0.005704" asserts="0" />
              <test-case id="2-1392" name="ShouldRunGivesFalseIfNumBytesInCacheIsEqualToUpperBoundLimit" fullname="Dynatrace.OpenKit.Core.Caching.SpaceEvictionStrategyTest.ShouldRunGivesFalseIfNumBytesInCacheIsEqualToUpperBoundLimit" methodname="ShouldRunGivesFalseIfNumBytesInCacheIsEqualToUpperBoundLimit" classname="Dynatrace.OpenKit.Core.Caching.SpaceEvictionStrategyTest" runstate="Runnable" seed="635204480" result="Passed" start-time="2018-05-11 10:27:03Z" end-time="2018-05-11 10:27:03Z" duration="0.000578" asserts="1" />
              <test-case id="2-1393" name="ShouldRunGivesFalseIfNumBytesInCacheIsLessThanUpperBoundLimit" fullname="Dynatrace.OpenKit.Core.Caching.SpaceEvictionStrategyTest.ShouldRunGivesFalseIfNumBytesInCacheIsLessThanUpperBoundLimit" methodname="ShouldRunGivesFalseIfNumBytesInCacheIsLessThanUpperBoundLimit" classname="Dynatrace.OpenKit.Core.Caching.SpaceEvictionStrategyTest" runstate="Runnable" seed="786935484" result="Passed" start-time="2018-05-11 10:27:03Z" end-time="2018-05-11 10:27:03Z" duration="0.001023" asserts="1" />
              <test-case id="2-1391" name="ShouldRunGivesTrueIfNumBytesInCacheIsGreaterThanUpperBoundLimit" fullname="Dynatrace.OpenKit.Core.Caching.SpaceEvictionStrategyTest.ShouldRunGivesTrueIfNumBytesInCacheIsGreaterThanUpperBoundLimit" methodname="ShouldRunGivesTrueIfNumBytesInCacheIsGreaterThanUpperBoundLimit" classname="Dynatrace.OpenKit.Core.Caching.SpaceEvictionStrategyTest" runstate="Runnable" seed="1959373267" result="Passed" start-time="2018-05-11 10:27:03Z" end-time="2018-05-11 10:27:03Z" duration="0.000828" asserts="1" />
              <test-case id="2-1387" name="TheStrategyIsDisabledIfCacheSizeLowerBoundIsEqualToZero" fullname="Dynatrace.OpenKit.Core.Caching.SpaceEvictionStrategyTest.TheStrategyIsDisabledIfCacheSizeLowerBoundIsEqualToZero" methodname="TheStrategyIsDisabledIfCacheSizeLowerBoundIsEqualToZero" classname="Dynatrace.OpenKit.Core.Caching.SpaceEvictionStrategyTest" runstate="Runnable" seed="2049713730" result="Passed" start-time="2018-05-11 10:27:03Z" end-time="2018-05-11 10:27:03Z" duration="0.000393" asserts="1" />
              <test-case id="2-1386" name="TheStrategyIsDisabledIfCacheSizeLowerBoundIsLessThanZero" fullname="Dynatrace.OpenKit.Core.Caching.SpaceEvictionStrategyTest.TheStrategyIsDisabledIfCacheSizeLowerBoundIsLessThanZero" methodname="TheStrategyIsDisabledIfCacheSizeLowerBoundIsLessThanZero" classname="Dynatrace.OpenKit.Core.Caching.SpaceEvictionStrategyTest" runstate="Runnable" seed="735402083" result="Passed" start-time="2018-05-11 10:27:03Z" end-time="2018-05-11 10:27:03Z" duration="0.000337" asserts="1" />
              <test-case id="2-1389" name="TheStrategyIsDisabledIfCacheSizeUpperBoundIsEqualToZero" fullname="Dynatrace.OpenKit.Core.Caching.SpaceEvictionStrategyTest.TheStrategyIsDisabledIfCacheSizeUpperBoundIsEqualToZero" methodname="TheStrategyIsDisabledIfCacheSizeUpperBoundIsEqualToZero" classname="Dynatrace.OpenKit.Core.Caching.SpaceEvictionStrategyTest" runstate="Runnable" seed="3556769" result="Passed" start-time="2018-05-11 10:27:03Z" end-time="2018-05-11 10:27:03Z" duration="0.000349" asserts="1" />
              <test-case id="2-1390" name="TheStrategyIsDisabledIfCacheSizeUpperBoundIsLessThanLowerBound" fullname="Dynatrace.OpenKit.Core.Caching.SpaceEvictionStrategyTest.TheStrategyIsDisabledIfCacheSizeUpperBoundIsLessThanLowerBound" methodname="TheStrategyIsDisabledIfCacheSizeUpperBoundIsLessThanLowerBound" classname="Dynatrace.OpenKit.Core.Caching.SpaceEvictionStrategyTest" runstate="Runnable" seed="1412516056" result="Passed" start-time="2018-05-11 10:27:03Z" end-time="2018-05-11 10:27:03Z" duration="0.001683" asserts="1" />
              <test-case id="2-1388" name="TheStrategyIsDisabledIfCacheSizeUpperBoundIsLessThanZero" fullname="Dynatrace.OpenKit.Core.Caching.SpaceEvictionStrategyTest.TheStrategyIsDisabledIfCacheSizeUpperBoundIsLessThanZero" methodname="TheStrategyIsDisabledIfCacheSizeUpperBoundIsLessThanZero" classname="Dynatrace.OpenKit.Core.Caching.SpaceEvictionStrategyTest" runstate="Runnable" seed="1624222544" result="Passed" start-time="2018-05-11 10:27:03Z" end-time="2018-05-11 10:27:03Z" duration="0.000490" asserts="1" />
            </test-suite>
            <test-suite type="TestFixture" id="2-1402" name="TimeEvicitionStrategyTest" fullname="Dynatrace.OpenKit.Core.Caching.TimeEvicitionStrategyTest" classname="Dynatrace.OpenKit.Core.Caching.TimeEvicitionStrategyTest" runstate="Runnable" testcasecount="14" result="Passed" start-time="2018-05-11 10:27:03Z" end-time="2018-05-11 10:27:03Z" duration="0.042727" total="14" passed="14" failed="0" warnings="0" inconclusive="0" skipped="0" asserts="11">
              <test-case id="2-1414" name="ExecuteEvictionCallsEvictionForEachBeaconSeparately" fullname="Dynatrace.OpenKit.Core.Caching.TimeEvicitionStrategyTest.ExecuteEvictionCallsEvictionForEachBeaconSeparately" methodname="ExecuteEvictionCallsEvictionForEachBeaconSeparately" classname="Dynatrace.OpenKit.Core.Caching.TimeEvicitionStrategyTest" runstate="Runnable" seed="597928872" result="Passed" start-time="2018-05-11 10:27:03Z" end-time="2018-05-11 10:27:03Z" duration="0.010399" asserts="1" />
              <test-case id="2-1411" name="ExecuteEvictionDoesNotLogIfStrategyIsDisabledAndInfoIsDisabledInLogger" fullname="Dynatrace.OpenKit.Core.Caching.TimeEvicitionStrategyTest.ExecuteEvictionDoesNotLogIfStrategyIsDisabledAndInfoIsDisabledInLogger" methodname="ExecuteEvictionDoesNotLogIfStrategyIsDisabledAndInfoIsDisabledInLogger" classname="Dynatrace.OpenKit.Core.Caching.TimeEvicitionStrategyTest" runstate="Runnable" seed="1338833620" result="Passed" start-time="2018-05-11 10:27:03Z" end-time="2018-05-11 10:27:03Z" duration="0.002267" asserts="0" />
              <test-case id="2-1416" name="ExecuteEvictionIsStoppedIfThreadGetsInterrupted" fullname="Dynatrace.OpenKit.Core.Caching.TimeEvicitionStrategyTest.ExecuteEvictionIsStoppedIfThreadGetsInterrupted" methodname="ExecuteEvictionIsStoppedIfThreadGetsInterrupted" classname="Dynatrace.OpenKit.Core.Caching.TimeEvicitionStrategyTest" runstate="Runnable" seed="288418035" result="Passed" start-time="2018-05-11 10:27:03Z" end-time="2018-05-11 10:27:03Z" duration="0.005508" asserts="0" />
              <test-case id="2-1410" name="ExecuteEvictionLogsAMessageOnceAndReturnsIfStrategyIsDisabled" fullname="Dynatrace.OpenKit.Core.Caching.TimeEvicitionStrategyTest.ExecuteEvictionLogsAMessageOnceAndReturnsIfStrategyIsDisabled" methodname="ExecuteEvictionLogsAMessageOnceAndReturnsIfStrategyIsDisabled" classname="Dynatrace.OpenKit.Core.Caching.TimeEvicitionStrategyTest" runstate="Runnable" seed="458687256" result="Passed" start-time="2018-05-11 10:27:03Z" end-time="2018-05-11 10:27:03Z" duration="0.002327" asserts="0" />
              <test-case id="2-1415" name="ExecuteEvictionLogsTheNumberOfRecordsRemoved" fullname="Dynatrace.OpenKit.Core.Caching.TimeEvicitionStrategyTest.ExecuteEvictionLogsTheNumberOfRecordsRemoved" methodname="ExecuteEvictionLogsTheNumberOfRecordsRemoved" classname="Dynatrace.OpenKit.Core.Caching.TimeEvicitionStrategyTest" runstate="Runnable" seed="888330726" result="Passed" start-time="2018-05-11 10:27:03Z" end-time="2018-05-11 10:27:03Z" duration="0.001486" asserts="0" />
              <test-case id="2-1413" name="ExecuteEvictionStopsIfNoBeaconIdsAreAvailableInCache" fullname="Dynatrace.OpenKit.Core.Caching.TimeEvicitionStrategyTest.ExecuteEvictionStopsIfNoBeaconIdsAreAvailableInCache" methodname="ExecuteEvictionStopsIfNoBeaconIdsAreAvailableInCache" classname="Dynatrace.OpenKit.Core.Caching.TimeEvicitionStrategyTest" runstate="Runnable" seed="1875265491" result="Passed" start-time="2018-05-11 10:27:03Z" end-time="2018-05-11 10:27:03Z" duration="0.001369" asserts="1" />
              <test-case id="2-1412" name="LastRuntimeStampIsAdjustedDuringFirstExecution" fullname="Dynatrace.OpenKit.Core.Caching.TimeEvicitionStrategyTest.LastRuntimeStampIsAdjustedDuringFirstExecution" methodname="LastRuntimeStampIsAdjustedDuringFirstExecution" classname="Dynatrace.OpenKit.Core.Caching.TimeEvicitionStrategyTest" runstate="Runnable" seed="2044448556" result="Passed" start-time="2018-05-11 10:27:03Z" end-time="2018-05-11 10:27:03Z" duration="0.001518" asserts="2" />
              <test-case id="2-1407" name="ShouldRunGivesFalseIfLastRunIsLessThanMaxAgeMillisecondsAgo" fullname="Dynatrace.OpenKit.Core.Caching.TimeEvicitionStrategyTest.ShouldRunGivesFalseIfLastRunIsLessThanMaxAgeMillisecondsAgo" methodname="ShouldRunGivesFalseIfLastRunIsLessThanMaxAgeMillisecondsAgo" classname="Dynatrace.OpenKit.Core.Caching.TimeEvicitionStrategyTest" runstate="Runnable" seed="1022697058" result="Passed" start-time="2018-05-11 10:27:03Z" end-time="2018-05-11 10:27:03Z" duration="0.000636" asserts="1" />
              <test-case id="2-1408" name="ShouldRunGivesTrueIfLastRunIsExactlyMaxAgeMillisecondsAgo" fullname="Dynatrace.OpenKit.Core.Caching.TimeEvicitionStrategyTest.ShouldRunGivesTrueIfLastRunIsExactlyMaxAgeMillisecondsAgo" methodname="ShouldRunGivesTrueIfLastRunIsExactlyMaxAgeMillisecondsAgo" classname="Dynatrace.OpenKit.Core.Caching.TimeEvicitionStrategyTest" runstate="Runnable" seed="1602739774" result="Passed" start-time="2018-05-11 10:27:03Z" end-time="2018-05-11 10:27:03Z" duration="0.000763" asserts="1" />
              <test-case id="2-1409" name="ShouldRunGivesTrueIfLastRunIsMoreThanMaxAgeMillisecondsAgo" fullname="Dynatrace.OpenKit.Core.Caching.TimeEvicitionStrategyTest.ShouldRunGivesTrueIfLastRunIsMoreThanMaxAgeMillisecondsAgo" methodname="ShouldRunGivesTrueIfLastRunIsMoreThanMaxAgeMillisecondsAgo" classname="Dynatrace.OpenKit.Core.Caching.TimeEvicitionStrategyTest" runstate="Runnable" seed="1078406709" result="Passed" start-time="2018-05-11 10:27:03Z" end-time="2018-05-11 10:27:03Z" duration="0.001054" asserts="1" />
              <test-case id="2-1403" name="TheInitialLastRunTimestampIsMinusOne" fullname="Dynatrace.OpenKit.Core.Caching.TimeEvicitionStrategyTest.TheInitialLastRunTimestampIsMinusOne" methodname="TheInitialLastRunTimestampIsMinusOne" classname="Dynatrace.OpenKit.Core.Caching.TimeEvicitionStrategyTest" runstate="Runnable" seed="1970169792" result="Passed" start-time="2018-05-11 10:27:03Z" end-time="2018-05-11 10:27:03Z" duration="0.000617" asserts="1" />
              <test-case id="2-1404" name="TheStrategyIsDisabledIfBeaconMaxAgeIsSetToLessThanZero" fullname="Dynatrace.OpenKit.Core.Caching.TimeEvicitionStrategyTest.TheStrategyIsDisabledIfBeaconMaxAgeIsSetToLessThanZero" methodname="TheStrategyIsDisabledIfBeaconMaxAgeIsSetToLessThanZero" classname="Dynatrace.OpenKit.Core.Caching.TimeEvicitionStrategyTest" runstate="Runnable" seed="287504395" result="Passed" start-time="2018-05-11 10:27:03Z" end-time="2018-05-11 10:27:03Z" duration="0.000412" asserts="1" />
              <test-case id="2-1405" name="TheStrategyIsDisabledIfBeaconMaxAgeIsSetToZero" fullname="Dynatrace.OpenKit.Core.Caching.TimeEvicitionStrategyTest.TheStrategyIsDisabledIfBeaconMaxAgeIsSetToZero" methodname="TheStrategyIsDisabledIfBeaconMaxAgeIsSetToZero" classname="Dynatrace.OpenKit.Core.Caching.TimeEvicitionStrategyTest" runstate="Runnable" seed="515997987" result="Passed" start-time="2018-05-11 10:27:03Z" end-time="2018-05-11 10:27:03Z" duration="0.000390" asserts="1" />
              <test-case id="2-1406" name="TheStrategyIsNotDisabledIFMaxRecordAgeIsGreaterThanZero" fullname="Dynatrace.OpenKit.Core.Caching.TimeEvicitionStrategyTest.TheStrategyIsNotDisabledIFMaxRecordAgeIsGreaterThanZero" methodname="TheStrategyIsNotDisabledIFMaxRecordAgeIsGreaterThanZero" classname="Dynatrace.OpenKit.Core.Caching.TimeEvicitionStrategyTest" runstate="Runnable" seed="1783639929" result="Passed" start-time="2018-05-11 10:27:03Z" end-time="2018-05-11 10:27:03Z" duration="0.000384" asserts="1" />
            </test-suite>
          </test-suite>
          <test-suite type="TestSuite" id="2-1424" name="Communication" fullname="Dynatrace.OpenKit.Core.Communication" runstate="Runnable" testcasecount="71" result="Passed" start-time="2018-05-11 10:27:02Z" end-time="2018-05-11 10:27:04Z" duration="1.695017" total="71" passed="71" failed="0" warnings="0" inconclusive="0" skipped="0" asserts="48">
            <test-suite type="TestFixture" id="2-1214" name="BeaconSendingCaptureOffStateTest" fullname="Dynatrace.OpenKit.Core.Communication.BeaconSendingCaptureOffStateTest" classname="Dynatrace.OpenKit.Core.Communication.BeaconSendingCaptureOffStateTest" runstate="Runnable" testcasecount="8" result="Passed" start-time="2018-05-11 10:27:03Z" end-time="2018-05-11 10:27:03Z" duration="0.160762" total="8" passed="8" failed="0" warnings="0" inconclusive="0" skipped="0" asserts="2">
              <test-case id="2-1216" name="ShutdownStateIsFlushState" fullname="Dynatrace.OpenKit.Core.Communication.BeaconSendingCaptureOffStateTest.ShutdownStateIsFlushState" methodname="ShutdownStateIsFlushState" classname="Dynatrace.OpenKit.Core.Communication.BeaconSendingCaptureOffStateTest" runstate="Runnable" seed="944492281" result="Passed" start-time="2018-05-11 10:27:03Z" end-time="2018-05-11 10:27:03Z" duration="0.021022" asserts="1" />
              <test-case id="2-1221" name="SleepIsCalledOnEntry" fullname="Dynatrace.OpenKit.Core.Communication.BeaconSendingCaptureOffStateTest.SleepIsCalledOnEntry" methodname="SleepIsCalledOnEntry" classname="Dynatrace.OpenKit.Core.Communication.BeaconSendingCaptureOffStateTest" runstate="Runnable" seed="518423502" result="Passed" start-time="2018-05-11 10:27:03Z" end-time="2018-05-11 10:27:03Z" duration="0.013207" asserts="0" />
              <test-case id="2-1222" name="SleepIsNotCalledIfShutdownIsRequested" fullname="Dynatrace.OpenKit.Core.Communication.BeaconSendingCaptureOffStateTest.SleepIsNotCalledIfShutdownIsRequested" methodname="SleepIsNotCalledIfShutdownIsRequested" classname="Dynatrace.OpenKit.Core.Communication.BeaconSendingCaptureOffStateTest" runstate="Runnable" seed="1466740680" result="Passed" start-time="2018-05-11 10:27:03Z" end-time="2018-05-11 10:27:03Z" duration="0.002225" asserts="0" />
              <test-case id="2-1215" name="StateIsNotTerminal" fullname="Dynatrace.OpenKit.Core.Communication.BeaconSendingCaptureOffStateTest.StateIsNotTerminal" methodname="StateIsNotTerminal" classname="Dynatrace.OpenKit.Core.Communication.BeaconSendingCaptureOffStateTest" runstate="Runnable" seed="354517646" result="Passed" start-time="2018-05-11 10:27:03Z" end-time="2018-05-11 10:27:03Z" duration="0.000884" asserts="1" />
              <test-case id="2-1220" name="StatusRequestIsRetried" fullname="Dynatrace.OpenKit.Core.Communication.BeaconSendingCaptureOffStateTest.StatusRequestIsRetried" methodname="StatusRequestIsRetried" classname="Dynatrace.OpenKit.Core.Communication.BeaconSendingCaptureOffStateTest" runstate="Runnable" seed="229333984" result="Passed" start-time="2018-05-11 10:27:03Z" end-time="2018-05-11 10:27:03Z" duration="0.003571" asserts="0" />
              <test-case id="2-1217" name="TransitionToCaptureOnStateIsPerformed" fullname="Dynatrace.OpenKit.Core.Communication.BeaconSendingCaptureOffStateTest.TransitionToCaptureOnStateIsPerformed" methodname="TransitionToCaptureOnStateIsPerformed" classname="Dynatrace.OpenKit.Core.Communication.BeaconSendingCaptureOffStateTest" runstate="Runnable" seed="529863222" result="Passed" start-time="2018-05-11 10:27:03Z" end-time="2018-05-11 10:27:03Z" duration="0.002338" asserts="0" />
              <test-case id="2-1219" name="TransitionToFlushStateIsPerformedOnShutdown" fullname="Dynatrace.OpenKit.Core.Communication.BeaconSendingCaptureOffStateTest.TransitionToFlushStateIsPerformedOnShutdown" methodname="TransitionToFlushStateIsPerformedOnShutdown" classname="Dynatrace.OpenKit.Core.Communication.BeaconSendingCaptureOffStateTest" runstate="Runnable" seed="754136877" result="Passed" start-time="2018-05-11 10:27:03Z" end-time="2018-05-11 10:27:03Z" duration="0.001064" asserts="0" />
              <test-case id="2-1218" name="TransitionToTimeSyncIsPerformedIfNotDoneYet" fullname="Dynatrace.OpenKit.Core.Communication.BeaconSendingCaptureOffStateTest.TransitionToTimeSyncIsPerformedIfNotDoneYet" methodname="TransitionToTimeSyncIsPerformedIfNotDoneYet" classname="Dynatrace.OpenKit.Core.Communication.BeaconSendingCaptureOffStateTest" runstate="Runnable" seed="163024202" result="Passed" start-time="2018-05-11 10:27:03Z" end-time="2018-05-11 10:27:03Z" duration="0.115912" asserts="0" />
            </test-suite>
            <test-suite type="TestFixture" id="2-1223" name="BeaconSendingCaptureOnStateTest" fullname="Dynatrace.OpenKit.Core.Communication.BeaconSendingCaptureOnStateTest" classname="Dynatrace.OpenKit.Core.Communication.BeaconSendingCaptureOnStateTest" runstate="Runnable" testcasecount="11" result="Passed" start-time="2018-05-11 10:27:03Z" end-time="2018-05-11 10:27:04Z" duration="0.083925" total="11" passed="11" failed="0" warnings="0" inconclusive="0" skipped="0" asserts="5">
              <test-case id="2-1232" name="ABeaconSendingCaptureOnStateContinuesWithNextFinishedSessionIfSendingWasUnsuccessfulButBeaconIsEmtpy" fullname="Dynatrace.OpenKit.Core.Communication.BeaconSendingCaptureOnStateTest.ABeaconSendingCaptureOnStateContinuesWithNextFinishedSessionIfSendingWasUnsuccessfulButBeaconIsEmtpy" methodname="ABeaconSendingCaptureOnStateContinuesWithNextFinishedSessionIfSendingWasUnsuccessfulButBeaconIsEmtpy" classname="Dynatrace.OpenKit.Core.Communication.BeaconSendingCaptureOnStateTest" runstate="Runnable" seed="241506090" result="Passed" start-time="2018-05-11 10:27:03Z" end-time="2018-05-11 10:27:03Z" duration="0.048802" asserts="0" />
              <test-case id="2-1230" name="EmptyFinishedSessionsAreNotSent" fullname="Dynatrace.OpenKit.Core.Communication.BeaconSendingCaptureOnStateTest.EmptyFinishedSessionsAreNotSent" methodname="EmptyFinishedSessionsAreNotSent" classname="Dynatrace.OpenKit.Core.Communication.BeaconSendingCaptureOnStateTest" runstate="Runnable" seed="1809304465" result="Passed" start-time="2018-05-11 10:27:03Z" end-time="2018-05-11 10:27:03Z" duration="0.003408" asserts="1" />
              <test-case id="2-1229" name="FinishedSessionsAreSent" fullname="Dynatrace.OpenKit.Core.Communication.BeaconSendingCaptureOnStateTest.FinishedSessionsAreSent" methodname="FinishedSessionsAreSent" classname="Dynatrace.OpenKit.Core.Communication.BeaconSendingCaptureOnStateTest" runstate="Runnable" seed="1439175831" result="Passed" start-time="2018-05-11 10:27:03Z" end-time="2018-05-11 10:27:03Z" duration="0.009074" asserts="1" />
              <test-case id="2-1234" name="OpenSessionsAreNotSentIfSendIntervalIsNotExceeded" fullname="Dynatrace.OpenKit.Core.Communication.BeaconSendingCaptureOnStateTest.OpenSessionsAreNotSentIfSendIntervalIsNotExceeded" methodname="OpenSessionsAreNotSentIfSendIntervalIsNotExceeded" classname="Dynatrace.OpenKit.Core.Communication.BeaconSendingCaptureOnStateTest" runstate="Runnable" seed="945081904" result="Passed" start-time="2018-05-11 10:27:03Z" end-time="2018-05-11 10:27:03Z" duration="0.003169" asserts="0" />
              <test-case id="2-1233" name="OpenSessionsAreSentIfSendIntervalIsExceeded" fullname="Dynatrace.OpenKit.Core.Communication.BeaconSendingCaptureOnStateTest.OpenSessionsAreSentIfSendIntervalIsExceeded" methodname="OpenSessionsAreSentIfSendIntervalIsExceeded" classname="Dynatrace.OpenKit.Core.Communication.BeaconSendingCaptureOnStateTest" runstate="Runnable" seed="244534545" result="Passed" start-time="2018-05-11 10:27:03Z" end-time="2018-05-11 10:27:03Z" duration="0.005669" asserts="1" />
              <test-case id="2-1225" name="ShutdownStateIsFlushState" fullname="Dynatrace.OpenKit.Core.Communication.BeaconSendingCaptureOnStateTest.ShutdownStateIsFlushState" methodname="ShutdownStateIsFlushState" classname="Dynatrace.OpenKit.Core.Communication.BeaconSendingCaptureOnStateTest" runstate="Runnable" seed="1408044650" result="Passed" start-time="2018-05-11 10:27:03Z" end-time="2018-05-11 10:27:03Z" duration="0.002083" asserts="1" />
              <test-case id="2-1224" name="StateIsNotTerminal" fullname="Dynatrace.OpenKit.Core.Communication.BeaconSendingCaptureOnStateTest.StateIsNotTerminal" methodname="StateIsNotTerminal" classname="Dynatrace.OpenKit.Core.Communication.BeaconSendingCaptureOnStateTest" runstate="Runnable" seed="347929373" result="Passed" start-time="2018-05-11 10:27:03Z" end-time="2018-05-11 10:27:03Z" duration="0.000907" asserts="1" />
              <test-case id="2-1227" name="TransitionToCaptureOffStateIsPerformed" fullname="Dynatrace.OpenKit.Core.Communication.BeaconSendingCaptureOnStateTest.TransitionToCaptureOffStateIsPerformed" methodname="TransitionToCaptureOffStateIsPerformed" classname="Dynatrace.OpenKit.Core.Communication.BeaconSendingCaptureOnStateTest" runstate="Runnable" seed="450892991" result="Passed" start-time="2018-05-11 10:27:03Z" end-time="2018-05-11 10:27:04Z" duration="0.003080" asserts="0" />
              <test-case id="2-1228" name="TransitionToFlushStateIsPerformedOnShutdown" fullname="Dynatrace.OpenKit.Core.Communication.BeaconSendingCaptureOnStateTest.TransitionToFlushStateIsPerformedOnShutdown" methodname="TransitionToFlushStateIsPerformedOnShutdown" classname="Dynatrace.OpenKit.Core.Communication.BeaconSendingCaptureOnStateTest" runstate="Runnable" seed="890019068" result="Passed" start-time="2018-05-11 10:27:04Z" end-time="2018-05-11 10:27:04Z" duration="0.001306" asserts="0" />
              <test-case id="2-1226" name="TransitionToTimeSycnIsPerformed" fullname="Dynatrace.OpenKit.Core.Communication.BeaconSendingCaptureOnStateTest.TransitionToTimeSycnIsPerformed" methodname="TransitionToTimeSycnIsPerformed" classname="Dynatrace.OpenKit.Core.Communication.BeaconSendingCaptureOnStateTest" runstate="Runnable" seed="47699763" result="Passed" start-time="2018-05-11 10:27:04Z" end-time="2018-05-11 10:27:04Z" duration="0.001624" asserts="0" />
              <test-case id="2-1231" name="UnsuccessfulFinishedSessionsAreMovedBackToCache" fullname="Dynatrace.OpenKit.Core.Communication.BeaconSendingCaptureOnStateTest.UnsuccessfulFinishedSessionsAreMovedBackToCache" methodname="UnsuccessfulFinishedSessionsAreMovedBackToCache" classname="Dynatrace.OpenKit.Core.Communication.BeaconSendingCaptureOnStateTest" runstate="Runnable" seed="1312367781" result="Passed" start-time="2018-05-11 10:27:04Z" end-time="2018-05-11 10:27:04Z" duration="0.002643" asserts="0" />
            </test-suite>
            <test-suite type="TestFixture" id="2-1235" name="BeaconSendingContextTest" fullname="Dynatrace.OpenKit.Core.Communication.BeaconSendingContextTest" classname="Dynatrace.OpenKit.Core.Communication.BeaconSendingContextTest" runstate="Runnable" testcasecount="23" result="Passed" start-time="2018-05-11 10:27:04Z" end-time="2018-05-11 10:27:04Z" duration="0.086585" total="23" passed="23" failed="0" warnings="0" inconclusive="0" skipped="0" asserts="28">
              <test-case id="2-1254" name="CanGetCurrentTimestamp" fullname="Dynatrace.OpenKit.Core.Communication.BeaconSendingContextTest.CanGetCurrentTimestamp" methodname="CanGetCurrentTimestamp" classname="Dynatrace.OpenKit.Core.Communication.BeaconSendingContextTest" runstate="Runnable" seed="549234932" result="Passed" start-time="2018-05-11 10:27:04Z" end-time="2018-05-11 10:27:04Z" duration="0.029015" asserts="1" />
              <test-case id="2-1252" name="CanGetHttpClient" fullname="Dynatrace.OpenKit.Core.Communication.BeaconSendingContextTest.CanGetHttpClient" methodname="CanGetHttpClient" classname="Dynatrace.OpenKit.Core.Communication.BeaconSendingContextTest" runstate="Runnable" seed="309193735" result="Passed" start-time="2018-05-11 10:27:04Z" end-time="2018-05-11 10:27:04Z" duration="0.012383" asserts="2" />
              <test-case id="2-1256" name="CanSleepCustomPeriod" fullname="Dynatrace.OpenKit.Core.Communication.BeaconSendingContextTest.CanSleepCustomPeriod" methodname="CanSleepCustomPeriod" classname="Dynatrace.OpenKit.Core.Communication.BeaconSendingContextTest" runstate="Runnable" seed="1740577496" result="Passed" start-time="2018-05-11 10:27:04Z" end-time="2018-05-11 10:27:04Z" duration="0.001373" asserts="0" />
              <test-case id="2-1236" name="ContextIsInitializedWithInitState" fullname="Dynatrace.OpenKit.Core.Communication.BeaconSendingContextTest.ContextIsInitializedWithInitState" methodname="ContextIsInitializedWithInitState" classname="Dynatrace.OpenKit.Core.Communication.BeaconSendingContextTest" runstate="Runnable" seed="19216357" result="Passed" start-time="2018-05-11 10:27:04Z" end-time="2018-05-11 10:27:04Z" duration="0.001634" asserts="2" />
              <test-case id="2-1237" name="CurrentStateIsSet" fullname="Dynatrace.OpenKit.Core.Communication.BeaconSendingContextTest.CurrentStateIsSet" methodname="CurrentStateIsSet" classname="Dynatrace.OpenKit.Core.Communication.BeaconSendingContextTest" runstate="Runnable" seed="736693430" result="Passed" start-time="2018-05-11 10:27:04Z" end-time="2018-05-11 10:27:04Z" duration="0.000455" asserts="1" />
              <test-case id="2-1255" name="DefaultSleepTimeIsUsed" fullname="Dynatrace.OpenKit.Core.Communication.BeaconSendingContextTest.DefaultSleepTimeIsUsed" methodname="DefaultSleepTimeIsUsed" classname="Dynatrace.OpenKit.Core.Communication.BeaconSendingContextTest" runstate="Runnable" seed="1734762210" result="Passed" start-time="2018-05-11 10:27:04Z" end-time="2018-05-11 10:27:04Z" duration="0.000976" asserts="0" />
              <test-case id="2-1258" name="DisableCaptureDisablesItInTheConfiguration" fullname="Dynatrace.OpenKit.Core.Communication.BeaconSendingContextTest.DisableCaptureDisablesItInTheConfiguration" methodname="DisableCaptureDisablesItInTheConfiguration" classname="Dynatrace.OpenKit.Core.Communication.BeaconSendingContextTest" runstate="Runnable" seed="1309293167" result="Passed" start-time="2018-05-11 10:27:04Z" end-time="2018-05-11 10:27:04Z" duration="0.002848" asserts="1" />
              <test-case id="2-1238" name="ExecuteIsCalledOnCurrentState" fullname="Dynatrace.OpenKit.Core.Communication.BeaconSendingContextTest.ExecuteIsCalledOnCurrentState" methodname="ExecuteIsCalledOnCurrentState" classname="Dynatrace.OpenKit.Core.Communication.BeaconSendingContextTest" runstate="Runnable" seed="857507133" result="Passed" start-time="2018-05-11 10:27:04Z" end-time="2018-05-11 10:27:04Z" duration="0.014216" asserts="0" />
              <test-case id="2-1253" name="GetHttpClientUsesCurrentHttpConfig" fullname="Dynatrace.OpenKit.Core.Communication.BeaconSendingContextTest.GetHttpClientUsesCurrentHttpConfig" methodname="GetHttpClientUsesCurrentHttpConfig" classname="Dynatrace.OpenKit.Core.Communication.BeaconSendingContextTest" runstate="Runnable" seed="1396741772" result="Passed" start-time="2018-05-11 10:27:04Z" end-time="2018-05-11 10:27:04Z" duration="0.002081" asserts="0" />
              <test-case id="2-1242" name="IsInitializedOnInitFailed" fullname="Dynatrace.OpenKit.Core.Communication.BeaconSendingContextTest.IsInitializedOnInitFailed" methodname="IsInitializedOnInitFailed" classname="Dynatrace.OpenKit.Core.Communication.BeaconSendingContextTest" runstate="Runnable" seed="1306570329" result="Passed" start-time="2018-05-11 10:27:04Z" end-time="2018-05-11 10:27:04Z" duration="0.004350" asserts="1" />
              <test-case id="2-1241" name="IsInitializedOnInitSuccess" fullname="Dynatrace.OpenKit.Core.Communication.BeaconSendingContextTest.IsInitializedOnInitSuccess" methodname="IsInitializedOnInitSuccess" classname="Dynatrace.OpenKit.Core.Communication.BeaconSendingContextTest" runstate="Runnable" seed="2012427947" result="Passed" start-time="2018-05-11 10:27:04Z" end-time="2018-05-11 10:27:04Z" duration="0.000483" asserts="1" />
              <test-case id="2-1246" name="IsShutdownRequestedIsSetCorrectly" fullname="Dynatrace.OpenKit.Core.Communication.BeaconSendingContextTest.IsShutdownRequestedIsSetCorrectly" methodname="IsShutdownRequestedIsSetCorrectly" classname="Dynatrace.OpenKit.Core.Communication.BeaconSendingContextTest" runstate="Runnable" seed="1731382570" result="Passed" start-time="2018-05-11 10:27:04Z" end-time="2018-05-11 10:27:04Z" duration="0.001337" asserts="2" />
              <test-case id="2-1247" name="LastOpenSessionSendTimeIsSet" fullname="Dynatrace.OpenKit.Core.Communication.BeaconSendingContextTest.LastOpenSessionSendTimeIsSet" methodname="LastOpenSessionSendTimeIsSet" classname="Dynatrace.OpenKit.Core.Communication.BeaconSendingContextTest" runstate="Runnable" seed="1925816706" result="Passed" start-time="2018-05-11 10:27:04Z" end-time="2018-05-11 10:27:04Z" duration="0.001335" asserts="2" />
              <test-case id="2-1248" name="LastStatusCheckTimeIsSet" fullname="Dynatrace.OpenKit.Core.Communication.BeaconSendingContextTest.LastStatusCheckTimeIsSet" methodname="LastStatusCheckTimeIsSet" classname="Dynatrace.OpenKit.Core.Communication.BeaconSendingContextTest" runstate="Runnable" seed="1583617354" result="Passed" start-time="2018-05-11 10:27:04Z" end-time="2018-05-11 10:27:04Z" duration="0.001317" asserts="2" />
              <test-case id="2-1250" name="LastTimeSyncTimeIsInitializedWithMinus1" fullname="Dynatrace.OpenKit.Core.Communication.BeaconSendingContextTest.LastTimeSyncTimeIsInitializedWithMinus1" methodname="LastTimeSyncTimeIsInitializedWithMinus1" classname="Dynatrace.OpenKit.Core.Communication.BeaconSendingContextTest" runstate="Runnable" seed="1623495622" result="Passed" start-time="2018-05-11 10:27:04Z" end-time="2018-05-11 10:27:04Z" duration="0.000864" asserts="1" />
              <test-case id="2-1251" name="LastTimeSyncTimeIsSet" fullname="Dynatrace.OpenKit.Core.Communication.BeaconSendingContextTest.LastTimeSyncTimeIsSet" methodname="LastTimeSyncTimeIsSet" classname="Dynatrace.OpenKit.Core.Communication.BeaconSendingContextTest" runstate="Runnable" seed="541924737" result="Passed" start-time="2018-05-11 10:27:04Z" end-time="2018-05-11 10:27:04Z" duration="0.000546" asserts="2" />
              <test-case id="2-1240" name="ResetEventIsSetOnInitFailed" fullname="Dynatrace.OpenKit.Core.Communication.BeaconSendingContextTest.ResetEventIsSetOnInitFailed" methodname="ResetEventIsSetOnInitFailed" classname="Dynatrace.OpenKit.Core.Communication.BeaconSendingContextTest" runstate="Runnable" seed="1901100111" result="Passed" start-time="2018-05-11 10:27:04Z" end-time="2018-05-11 10:27:04Z" duration="0.000890" asserts="1" />
              <test-case id="2-1239" name="ResetEventIsSetOnInitSuccess" fullname="Dynatrace.OpenKit.Core.Communication.BeaconSendingContextTest.ResetEventIsSetOnInitSuccess" methodname="ResetEventIsSetOnInitSuccess" classname="Dynatrace.OpenKit.Core.Communication.BeaconSendingContextTest" runstate="Runnable" seed="384995772" result="Passed" start-time="2018-05-11 10:27:04Z" end-time="2018-05-11 10:27:04Z" duration="0.000511" asserts="1" />
              <test-case id="2-1257" name="SessionIsMovedToFinished" fullname="Dynatrace.OpenKit.Core.Communication.BeaconSendingContextTest.SessionIsMovedToFinished" methodname="SessionIsMovedToFinished" classname="Dynatrace.OpenKit.Core.Communication.BeaconSendingContextTest" runstate="Runnable" seed="1453593579" result="Passed" start-time="2018-05-11 10:27:04Z" end-time="2018-05-11 10:27:04Z" duration="0.003360" asserts="4" />
              <test-case id="2-1249" name="TimeSyncSupportIsTrueByDefault" fullname="Dynatrace.OpenKit.Core.Communication.BeaconSendingContextTest.TimeSyncSupportIsTrueByDefault" methodname="TimeSyncSupportIsTrueByDefault" classname="Dynatrace.OpenKit.Core.Communication.BeaconSendingContextTest" runstate="Runnable" seed="1329768374" result="Passed" start-time="2018-05-11 10:27:04Z" end-time="2018-05-11 10:27:04Z" duration="0.000968" asserts="1" />
              <test-case id="2-1243" name="WaitForInitWhenTimeoutExpires" fullname="Dynatrace.OpenKit.Core.Communication.BeaconSendingContextTest.WaitForInitWhenTimeoutExpires" methodname="WaitForInitWhenTimeoutExpires" classname="Dynatrace.OpenKit.Core.Communication.BeaconSendingContextTest" runstate="Runnable" seed="2068331663" result="Passed" start-time="2018-05-11 10:27:04Z" end-time="2018-05-11 10:27:04Z" duration="0.002145" asserts="1" />
              <test-case id="2-1245" name="WaitForInitWhenWithTimeoutFailed" fullname="Dynatrace.OpenKit.Core.Communication.BeaconSendingContextTest.WaitForInitWhenWithTimeoutFailed" methodname="WaitForInitWhenWithTimeoutFailed" classname="Dynatrace.OpenKit.Core.Communication.BeaconSendingContextTest" runstate="Runnable" seed="741335359" result="Passed" start-time="2018-05-11 10:27:04Z" end-time="2018-05-11 10:27:04Z" duration="0.000514" asserts="1" />
              <test-case id="2-1244" name="WaitForInitWhenWithTimeoutSuccess" fullname="Dynatrace.OpenKit.Core.Communication.BeaconSendingContextTest.WaitForInitWhenWithTimeoutSuccess" methodname="WaitForInitWhenWithTimeoutSuccess" classname="Dynatrace.OpenKit.Core.Communication.BeaconSendingContextTest" runstate="Runnable" seed="806809684" result="Passed" start-time="2018-05-11 10:27:04Z" end-time="2018-05-11 10:27:04Z" duration="0.000444" asserts="1" />
            </test-suite>
            <test-suite type="TestFixture" id="2-1259" name="BeaconSendingFlushSessionsStateTest" fullname="Dynatrace.OpenKit.Core.Communication.BeaconSendingFlushSessionsStateTest" classname="Dynatrace.OpenKit.Core.Communication.BeaconSendingFlushSessionsStateTest" runstate="Runnable" testcasecount="3" result="Passed" start-time="2018-05-11 10:27:04Z" end-time="2018-05-11 10:27:04Z" duration="0.017385" total="3" passed="3" failed="0" warnings="0" inconclusive="0" skipped="0" asserts="2">
              <test-case id="2-1262" name="FinishedSessionsAreSent" fullname="Dynatrace.OpenKit.Core.Communication.BeaconSendingFlushSessionsStateTest.FinishedSessionsAreSent" methodname="FinishedSessionsAreSent" classname="Dynatrace.OpenKit.Core.Communication.BeaconSendingFlushSessionsStateTest" runstate="Runnable" seed="1381499483" result="Passed" start-time="2018-05-11 10:27:04Z" end-time="2018-05-11 10:27:04Z" duration="0.013500" asserts="0" />
              <test-case id="2-1261" name="ShutdownStateIsTerminalState" fullname="Dynatrace.OpenKit.Core.Communication.BeaconSendingFlushSessionsStateTest.ShutdownStateIsTerminalState" methodname="ShutdownStateIsTerminalState" classname="Dynatrace.OpenKit.Core.Communication.BeaconSendingFlushSessionsStateTest" runstate="Runnable" seed="1179860858" result="Passed" start-time="2018-05-11 10:27:04Z" end-time="2018-05-11 10:27:04Z" duration="0.002775" asserts="1" />
              <test-case id="2-1260" name="StateIsNotTerminal" fullname="Dynatrace.OpenKit.Core.Communication.BeaconSendingFlushSessionsStateTest.StateIsNotTerminal" methodname="StateIsNotTerminal" classname="Dynatrace.OpenKit.Core.Communication.BeaconSendingFlushSessionsStateTest" runstate="Runnable" seed="199678111" result="Passed" start-time="2018-05-11 10:27:04Z" end-time="2018-05-11 10:27:04Z" duration="0.000652" asserts="1" />
            </test-suite>
            <test-suite type="TestFixture" id="2-1267" name="BeaconSendingInitStateTest" fullname="Dynatrace.OpenKit.Core.Communication.BeaconSendingInitStateTest" classname="Dynatrace.OpenKit.Core.Communication.BeaconSendingInitStateTest" runstate="Runnable" testcasecount="9" result="Passed" start-time="2018-05-11 10:27:04Z" end-time="2018-05-11 10:27:04Z" duration="0.055013" total="9" passed="9" failed="0" warnings="0" inconclusive="0" skipped="0" asserts="2">
              <test-case id="2-1273" name="InitCompleteIsCalledIfShutdownIsRequested" fullname="Dynatrace.OpenKit.Core.Communication.BeaconSendingInitStateTest.InitCompleteIsCalledIfShutdownIsRequested" methodname="InitCompleteIsCalledIfShutdownIsRequested" classname="Dynatrace.OpenKit.Core.Communication.BeaconSendingInitStateTest" runstate="Runnable" seed="1669111170" result="Passed" start-time="2018-05-11 10:27:04Z" end-time="2018-05-11 10:27:04Z" duration="0.003852" asserts="0" />
              <test-case id="2-1270" name="InitCompleteIsCalledOnInterrupt" fullname="Dynatrace.OpenKit.Core.Communication.BeaconSendingInitStateTest.InitCompleteIsCalledOnInterrupt" methodname="InitCompleteIsCalledOnInterrupt" classname="Dynatrace.OpenKit.Core.Communication.BeaconSendingInitStateTest" runstate="Runnable" seed="1148786424" result="Passed" start-time="2018-05-11 10:27:04Z" end-time="2018-05-11 10:27:04Z" duration="0.000465" asserts="0" />
              <test-case id="2-1271" name="LastOpenSessionBeaconSendTimeIsSetInExecute" fullname="Dynatrace.OpenKit.Core.Communication.BeaconSendingInitStateTest.LastOpenSessionBeaconSendTimeIsSetInExecute" methodname="LastOpenSessionBeaconSendTimeIsSetInExecute" classname="Dynatrace.OpenKit.Core.Communication.BeaconSendingInitStateTest" runstate="Runnable" seed="1729497589" result="Passed" start-time="2018-05-11 10:27:04Z" end-time="2018-05-11 10:27:04Z" duration="0.000999" asserts="0" />
              <test-case id="2-1272" name="LastStatusCheckTimeIsSetInExecute" fullname="Dynatrace.OpenKit.Core.Communication.BeaconSendingInitStateTest.LastStatusCheckTimeIsSetInExecute" methodname="LastStatusCheckTimeIsSetInExecute" classname="Dynatrace.OpenKit.Core.Communication.BeaconSendingInitStateTest" runstate="Runnable" seed="792227116" result="Passed" start-time="2018-05-11 10:27:04Z" end-time="2018-05-11 10:27:04Z" duration="0.001328" asserts="0" />
              <test-case id="2-1274" name="ReinitializeSleepsBeforeSendingStatusRequests" fullname="Dynatrace.OpenKit.Core.Communication.BeaconSendingInitStateTest.ReinitializeSleepsBeforeSendingStatusRequests" methodname="ReinitializeSleepsBeforeSendingStatusRequests" classname="Dynatrace.OpenKit.Core.Communication.BeaconSendingInitStateTest" runstate="Runnable" seed="1776476460" result="Passed" start-time="2018-05-11 10:27:04Z" end-time="2018-05-11 10:27:04Z" duration="0.034860" asserts="0" />
              <test-case id="2-1269" name="ShutdownStateIsTerminalState" fullname="Dynatrace.OpenKit.Core.Communication.BeaconSendingInitStateTest.ShutdownStateIsTerminalState" methodname="ShutdownStateIsTerminalState" classname="Dynatrace.OpenKit.Core.Communication.BeaconSendingInitStateTest" runstate="Runnable" seed="1408450690" result="Passed" start-time="2018-05-11 10:27:04Z" end-time="2018-05-11 10:27:04Z" duration="0.000535" asserts="1" />
              <test-case id="2-1268" name="StateIsNotTerminal" fullname="Dynatrace.OpenKit.Core.Communication.BeaconSendingInitStateTest.StateIsNotTerminal" methodname="StateIsNotTerminal" classname="Dynatrace.OpenKit.Core.Communication.BeaconSendingInitStateTest" runstate="Runnable" seed="788693673" result="Passed" start-time="2018-05-11 10:27:04Z" end-time="2018-05-11 10:27:04Z" duration="0.000433" asserts="1" />
              <test-case id="2-1275" name="StatusRequestIsRetried" fullname="Dynatrace.OpenKit.Core.Communication.BeaconSendingInitStateTest.StatusRequestIsRetried" methodname="StatusRequestIsRetried" classname="Dynatrace.OpenKit.Core.Communication.BeaconSendingInitStateTest" runstate="Runnable" seed="727330995" result="Passed" start-time="2018-05-11 10:27:04Z" end-time="2018-05-11 10:27:04Z" duration="0.010088" asserts="0" />
              <test-case id="2-1276" name="TransitionToTimeSyncIsPerformedOnSuccess" fullname="Dynatrace.OpenKit.Core.Communication.BeaconSendingInitStateTest.TransitionToTimeSyncIsPerformedOnSuccess" methodname="TransitionToTimeSyncIsPerformedOnSuccess" classname="Dynatrace.OpenKit.Core.Communication.BeaconSendingInitStateTest" runstate="Runnable" seed="820279480" result="Passed" start-time="2018-05-11 10:27:04Z" end-time="2018-05-11 10:27:04Z" duration="0.001083" asserts="0" />
            </test-suite>
            <test-suite type="TestFixture" id="2-1277" name="BeaconSendingRequestUtilTest" fullname="Dynatrace.OpenKit.Core.Communication.BeaconSendingRequestUtilTest" classname="Dynatrace.OpenKit.Core.Communication.BeaconSendingRequestUtilTest" runstate="Runnable" testcasecount="4" result="Passed" start-time="2018-05-11 10:27:04Z" end-time="2018-05-11 10:27:04Z" duration="0.006043" total="4" passed="4" failed="0" warnings="0" inconclusive="0" skipped="0" asserts="4">
              <test-case id="2-1279" name="SendStatusRequestIsAbortedIfNumberOfRetriesIsExceeded" fullname="Dynatrace.OpenKit.Core.Communication.BeaconSendingRequestUtilTest.SendStatusRequestIsAbortedIfNumberOfRetriesIsExceeded" methodname="SendStatusRequestIsAbortedIfNumberOfRetriesIsExceeded" classname="Dynatrace.OpenKit.Core.Communication.BeaconSendingRequestUtilTest" runstate="Runnable" seed="814965563" result="Passed" start-time="2018-05-11 10:27:04Z" end-time="2018-05-11 10:27:04Z" duration="0.002161" asserts="1" />
              <test-case id="2-1278" name="SendStatusRequestIsAbortedWhenShutDownIsRequested" fullname="Dynatrace.OpenKit.Core.Communication.BeaconSendingRequestUtilTest.SendStatusRequestIsAbortedWhenShutDownIsRequested" methodname="SendStatusRequestIsAbortedWhenShutDownIsRequested" classname="Dynatrace.OpenKit.Core.Communication.BeaconSendingRequestUtilTest" runstate="Runnable" seed="1521541844" result="Passed" start-time="2018-05-11 10:27:04Z" end-time="2018-05-11 10:27:04Z" duration="0.000823" asserts="1" />
              <test-case id="2-1280" name="SendStatusRequestWhenHttpClientReturnsANonNullResponse" fullname="Dynatrace.OpenKit.Core.Communication.BeaconSendingRequestUtilTest.SendStatusRequestWhenHttpClientReturnsANonNullResponse" methodname="SendStatusRequestWhenHttpClientReturnsANonNullResponse" classname="Dynatrace.OpenKit.Core.Communication.BeaconSendingRequestUtilTest" runstate="Runnable" seed="1949418018" result="Passed" start-time="2018-05-11 10:27:04Z" end-time="2018-05-11 10:27:04Z" duration="0.001081" asserts="1" />
              <test-case id="2-1281" name="SleepTimeIsDoubledBetweenConsecutiveRetries" fullname="Dynatrace.OpenKit.Core.Communication.BeaconSendingRequestUtilTest.SleepTimeIsDoubledBetweenConsecutiveRetries" methodname="SleepTimeIsDoubledBetweenConsecutiveRetries" classname="Dynatrace.OpenKit.Core.Communication.BeaconSendingRequestUtilTest" runstate="Runnable" seed="1962227660" result="Passed" start-time="2018-05-11 10:27:04Z" end-time="2018-05-11 10:27:04Z" duration="0.001699" asserts="1" />
            </test-suite>
            <test-suite type="TestFixture" id="2-1263" name="BeaconSendingTerminalStateTest" fullname="Dynatrace.OpenKit.Core.Communication.BeaconSendingTerminalStateTest" classname="Dynatrace.OpenKit.Core.Communication.BeaconSendingTerminalStateTest" runstate="Runnable" testcasecount="3" result="Passed" start-time="2018-05-11 10:27:04Z" end-time="2018-05-11 10:27:04Z" duration="0.002618" total="3" passed="3" failed="0" warnings="0" inconclusive="0" skipped="0" asserts="2">
              <test-case id="2-1264" name="StateIsTerminal" fullname="Dynatrace.OpenKit.Core.Communication.BeaconSendingTerminalStateTest.StateIsTerminal" methodname="StateIsTerminal" classname="Dynatrace.OpenKit.Core.Communication.BeaconSendingTerminalStateTest" runstate="Runnable" seed="326594629" result="Passed" start-time="2018-05-11 10:27:04Z" end-time="2018-05-11 10:27:04Z" duration="0.000605" asserts="1" />
              <test-case id="2-1266" name="TerminalStateCallsShutdownOnExecution" fullname="Dynatrace.OpenKit.Core.Communication.BeaconSendingTerminalStateTest.TerminalStateCallsShutdownOnExecution" methodname="TerminalStateCallsShutdownOnExecution" classname="Dynatrace.OpenKit.Core.Communication.BeaconSendingTerminalStateTest" runstate="Runnable" seed="50739915" result="Passed" start-time="2018-05-11 10:27:04Z" end-time="2018-05-11 10:27:04Z" duration="0.000910" asserts="0" />
              <test-case id="2-1265" name="TerminalStateIsNextStateIfTransitionFromTerminalStateOccurs" fullname="Dynatrace.OpenKit.Core.Communication.BeaconSendingTerminalStateTest.TerminalStateIsNextStateIfTransitionFromTerminalStateOccurs" methodname="TerminalStateIsNextStateIfTransitionFromTerminalStateOccurs" classname="Dynatrace.OpenKit.Core.Communication.BeaconSendingTerminalStateTest" runstate="Runnable" seed="1778631198" result="Passed" start-time="2018-05-11 10:27:04Z" end-time="2018-05-11 10:27:04Z" duration="0.000751" asserts="1" />
            </test-suite>
            <test-suite type="TestFixture" id="2-1282" name="BeaconSendingTimeSyncStateTest" fullname="Dynatrace.OpenKit.Core.Communication.BeaconSendingTimeSyncStateTest" classname="Dynatrace.OpenKit.Core.Communication.BeaconSendingTimeSyncStateTest" runstate="Runnable" testcasecount="10" result="Passed" start-time="2018-05-11 10:27:04Z" end-time="2018-05-11 10:27:04Z" duration="0.051871" total="10" passed="10" failed="0" warnings="0" inconclusive="0" skipped="0" asserts="3">
              <test-case id="2-1289" name="InitCompleteIsCalledForInitialRequest_OnFailure" fullname="Dynatrace.OpenKit.Core.Communication.BeaconSendingTimeSyncStateTest.InitCompleteIsCalledForInitialRequest_OnFailure" methodname="InitCompleteIsCalledForInitialRequest_OnFailure" classname="Dynatrace.OpenKit.Core.Communication.BeaconSendingTimeSyncStateTest" runstate="Runnable" seed="639201558" result="Passed" start-time="2018-05-11 10:27:04Z" end-time="2018-05-11 10:27:04Z" duration="0.010419" asserts="0" />
              <test-case id="2-1288" name="InitCompleteIsCalledForInitialRequest_OnSuccess" fullname="Dynatrace.OpenKit.Core.Communication.BeaconSendingTimeSyncStateTest.InitCompleteIsCalledForInitialRequest_OnSuccess" methodname="InitCompleteIsCalledForInitialRequest_OnSuccess" classname="Dynatrace.OpenKit.Core.Communication.BeaconSendingTimeSyncStateTest" runstate="Runnable" seed="394768827" result="Passed" start-time="2018-05-11 10:27:04Z" end-time="2018-05-11 10:27:04Z" duration="0.014168" asserts="0" />
              <test-case id="2-1290" name="InitCompleteIsNotCalledForNonInitialRequest" fullname="Dynatrace.OpenKit.Core.Communication.BeaconSendingTimeSyncStateTest.InitCompleteIsNotCalledForNonInitialRequest" methodname="InitCompleteIsNotCalledForNonInitialRequest" classname="Dynatrace.OpenKit.Core.Communication.BeaconSendingTimeSyncStateTest" runstate="Runnable" seed="920090896" result="Passed" start-time="2018-05-11 10:27:04Z" end-time="2018-05-11 10:27:04Z" duration="0.002009" asserts="0" />
              <test-case id="2-1285" name="ShutdownStateIsFlushSessionStateForTimeReSync" fullname="Dynatrace.OpenKit.Core.Communication.BeaconSendingTimeSyncStateTest.ShutdownStateIsFlushSessionStateForTimeReSync" methodname="ShutdownStateIsFlushSessionStateForTimeReSync" classname="Dynatrace.OpenKit.Core.Communication.BeaconSendingTimeSyncStateTest" runstate="Runnable" seed="1444421167" result="Passed" start-time="2018-05-11 10:27:04Z" end-time="2018-05-11 10:27:04Z" duration="0.002223" asserts="1" />
              <test-case id="2-1284" name="ShutdownStateIsTerminalStateForInitialTimeSync" fullname="Dynatrace.OpenKit.Core.Communication.BeaconSendingTimeSyncStateTest.ShutdownStateIsTerminalStateForInitialTimeSync" methodname="ShutdownStateIsTerminalStateForInitialTimeSync" classname="Dynatrace.OpenKit.Core.Communication.BeaconSendingTimeSyncStateTest" runstate="Runnable" seed="1192225091" result="Passed" start-time="2018-05-11 10:27:04Z" end-time="2018-05-11 10:27:04Z" duration="0.000656" asserts="1" />
              <test-case id="2-1292" name="SleepTimeIsDoubledAndResetAfterSuccess" fullname="Dynatrace.OpenKit.Core.Communication.BeaconSendingTimeSyncStateTest.SleepTimeIsDoubledAndResetAfterSuccess" methodname="SleepTimeIsDoubledAndResetAfterSuccess" classname="Dynatrace.OpenKit.Core.Communication.BeaconSendingTimeSyncStateTest" runstate="Runnable" seed="1659119368" result="Passed" start-time="2018-05-11 10:27:04Z" end-time="2018-05-11 10:27:04Z" duration="0.009767" asserts="0" />
              <test-case id="2-1283" name="StateIsNotTerminal" fullname="Dynatrace.OpenKit.Core.Communication.BeaconSendingTimeSyncStateTest.StateIsNotTerminal" methodname="StateIsNotTerminal" classname="Dynatrace.OpenKit.Core.Communication.BeaconSendingTimeSyncStateTest" runstate="Runnable" seed="247767136" result="Passed" start-time="2018-05-11 10:27:04Z" end-time="2018-05-11 10:27:04Z" duration="0.000543" asserts="1" />
              <test-case id="2-1291" name="TimeSyncRequetsAreRetried" fullname="Dynatrace.OpenKit.Core.Communication.BeaconSendingTimeSyncStateTest.TimeSyncRequetsAreRetried" methodname="TimeSyncRequetsAreRetried" classname="Dynatrace.OpenKit.Core.Communication.BeaconSendingTimeSyncStateTest" runstate="Runnable" seed="860285690" result="Passed" start-time="2018-05-11 10:27:04Z" end-time="2018-05-11 10:27:04Z" duration="0.005681" asserts="0" />
              <test-case id="2-1287" name="TransitionToCaptureOffIsPerformedOnSuccess" fullname="Dynatrace.OpenKit.Core.Communication.BeaconSendingTimeSyncStateTest.TransitionToCaptureOffIsPerformedOnSuccess" methodname="TransitionToCaptureOffIsPerformedOnSuccess" classname="Dynatrace.OpenKit.Core.Communication.BeaconSendingTimeSyncStateTest" runstate="Runnable" seed="2116384355" result="Passed" start-time="2018-05-11 10:27:04Z" end-time="2018-05-11 10:27:04Z" duration="0.002018" asserts="0" />
              <test-case id="2-1286" name="TransitionToCaptureOnIsPerformedOnSuccess" fullname="Dynatrace.OpenKit.Core.Communication.BeaconSendingTimeSyncStateTest.TransitionToCaptureOnIsPerformedOnSuccess" methodname="TransitionToCaptureOnIsPerformedOnSuccess" classname="Dynatrace.OpenKit.Core.Communication.BeaconSendingTimeSyncStateTest" runstate="Runnable" seed="247746633" result="Passed" start-time="2018-05-11 10:27:04Z" end-time="2018-05-11 10:27:04Z" duration="0.003650" asserts="0" />
            </test-suite>
          </test-suite>
          <test-suite type="TestSuite" id="2-1425" name="Configuration" fullname="Dynatrace.OpenKit.Core.Configuration" runstate="Runnable" testcasecount="10" result="Passed" start-time="2018-05-11 10:27:02Z" end-time="2018-05-11 10:27:04Z" duration="1.705860" total="10" passed="10" failed="0" warnings="0" inconclusive="0" skipped="0" asserts="17">
            <test-suite type="TestFixture" id="2-1293" name="BeaconCacheConfigurationTest" fullname="Dynatrace.OpenKit.Core.Configuration.BeaconCacheConfigurationTest" classname="Dynatrace.OpenKit.Core.Configuration.BeaconCacheConfigurationTest" runstate="Runnable" testcasecount="3" result="Passed" start-time="2018-05-11 10:27:04Z" end-time="2018-05-11 10:27:04Z" duration="0.001564" total="3" passed="3" failed="0" warnings="0" inconclusive="0" skipped="0" asserts="9">
              <test-case id="2-1295" name="CacheSizeLowerBound" fullname="Dynatrace.OpenKit.Core.Configuration.BeaconCacheConfigurationTest.CacheSizeLowerBound" methodname="CacheSizeLowerBound" classname="Dynatrace.OpenKit.Core.Configuration.BeaconCacheConfigurationTest" runstate="Runnable" seed="1889784491" result="Passed" start-time="2018-05-11 10:27:04Z" end-time="2018-05-11 10:27:04Z" duration="0.000458" asserts="3" />
              <test-case id="2-1296" name="CacheSizeUpperBound" fullname="Dynatrace.OpenKit.Core.Configuration.BeaconCacheConfigurationTest.CacheSizeUpperBound" methodname="CacheSizeUpperBound" classname="Dynatrace.OpenKit.Core.Configuration.BeaconCacheConfigurationTest" runstate="Runnable" seed="2066800442" result="Passed" start-time="2018-05-11 10:27:04Z" end-time="2018-05-11 10:27:04Z" duration="0.000424" asserts="3" />
              <test-case id="2-1294" name="MaxRecordAge" fullname="Dynatrace.OpenKit.Core.Configuration.BeaconCacheConfigurationTest.MaxRecordAge" methodname="MaxRecordAge" classname="Dynatrace.OpenKit.Core.Configuration.BeaconCacheConfigurationTest" runstate="Runnable" seed="1099434982" result="Passed" start-time="2018-05-11 10:27:04Z" end-time="2018-05-11 10:27:04Z" duration="0.000438" asserts="3" />
            </test-suite>
            <test-suite type="TestFixture" id="2-1297" name="OpenKitConfigurationTest" fullname="Dynatrace.OpenKit.Core.Configuration.OpenKitConfigurationTest" classname="Dynatrace.OpenKit.Core.Configuration.OpenKitConfigurationTest" runstate="Runnable" testcasecount="7" result="Passed" start-time="2018-05-11 10:27:04Z" end-time="2018-05-11 10:27:04Z" duration="0.009240" total="7" passed="7" failed="0" warnings="0" inconclusive="0" skipped="0" asserts="8">
              <test-case id="2-1298" name="ADefaultConstructedConfigurationEnablesCapturing" fullname="Dynatrace.OpenKit.Core.Configuration.OpenKitConfigurationTest.ADefaultConstructedConfigurationEnablesCapturing" methodname="ADefaultConstructedConfigurationEnablesCapturing" classname="Dynatrace.OpenKit.Core.Configuration.OpenKitConfigurationTest" runstate="Runnable" seed="588041915" result="Passed" start-time="2018-05-11 10:27:04Z" end-time="2018-05-11 10:27:04Z" duration="0.000498" asserts="1" />
              <test-case id="2-1303" name="CapturingIsDisabledFromStatusResponse" fullname="Dynatrace.OpenKit.Core.Configuration.OpenKitConfigurationTest.CapturingIsDisabledFromStatusResponse" methodname="CapturingIsDisabledFromStatusResponse" classname="Dynatrace.OpenKit.Core.Configuration.OpenKitConfigurationTest" runstate="Runnable" seed="203645952" result="Passed" start-time="2018-05-11 10:27:04Z" end-time="2018-05-11 10:27:04Z" duration="0.003217" asserts="1" />
              <test-case id="2-1301" name="CapturingIsDisabledIfResponseCodeIndicatesFailures" fullname="Dynatrace.OpenKit.Core.Configuration.OpenKitConfigurationTest.CapturingIsDisabledIfResponseCodeIndicatesFailures" methodname="CapturingIsDisabledIfResponseCodeIndicatesFailures" classname="Dynatrace.OpenKit.Core.Configuration.OpenKitConfigurationTest" runstate="Runnable" seed="136655294" result="Passed" start-time="2018-05-11 10:27:04Z" end-time="2018-05-11 10:27:04Z" duration="0.000336" asserts="1" />
              <test-case id="2-1300" name="CapturingIsDisabledIfStatusResponseIsNull" fullname="Dynatrace.OpenKit.Core.Configuration.OpenKitConfigurationTest.CapturingIsDisabledIfStatusResponseIsNull" methodname="CapturingIsDisabledIfStatusResponseIsNull" classname="Dynatrace.OpenKit.Core.Configuration.OpenKitConfigurationTest" runstate="Runnable" seed="827900826" result="Passed" start-time="2018-05-11 10:27:04Z" end-time="2018-05-11 10:27:04Z" duration="0.000251" asserts="1" />
              <test-case id="2-1302" name="CapturingIsEnabledFromStatusResponse" fullname="Dynatrace.OpenKit.Core.Configuration.OpenKitConfigurationTest.CapturingIsEnabledFromStatusResponse" methodname="CapturingIsEnabledFromStatusResponse" classname="Dynatrace.OpenKit.Core.Configuration.OpenKitConfigurationTest" runstate="Runnable" seed="284254958" result="Passed" start-time="2018-05-11 10:27:04Z" end-time="2018-05-11 10:27:04Z" duration="0.003899" asserts="1" />
              <test-case id="2-1304" name="ConsecutiveCallsToNextSessionNumberIncrementTheSessionID" fullname="Dynatrace.OpenKit.Core.Configuration.OpenKitConfigurationTest.ConsecutiveCallsToNextSessionNumberIncrementTheSessionID" methodname="ConsecutiveCallsToNextSessionNumberIncrementTheSessionID" classname="Dynatrace.OpenKit.Core.Configuration.OpenKitConfigurationTest" runstate="Runnable" seed="425497110" result="Passed" start-time="2018-05-11 10:27:04Z" end-time="2018-05-11 10:27:04Z" duration="0.000320" asserts="1" />
              <test-case id="2-1299" name="EnableAndDisableCapturing" fullname="Dynatrace.OpenKit.Core.Configuration.OpenKitConfigurationTest.EnableAndDisableCapturing" methodname="EnableAndDisableCapturing" classname="Dynatrace.OpenKit.Core.Configuration.OpenKitConfigurationTest" runstate="Runnable" seed="817667558" result="Passed" start-time="2018-05-11 10:27:04Z" end-time="2018-05-11 10:27:04Z" duration="0.000286" asserts="2" />
            </test-suite>
          </test-suite>
          <test-suite type="TestFixture" id="2-1140" name="DefaultLoggerTest" fullname="Dynatrace.OpenKit.Core.DefaultLoggerTest" classname="Dynatrace.OpenKit.Core.DefaultLoggerTest" runstate="Runnable" testcasecount="8" result="Passed" start-time="2018-05-11 10:27:04Z" end-time="2018-05-11 10:27:04Z" duration="0.003822" total="8" passed="8" failed="0" warnings="0" inconclusive="0" skipped="0" asserts="8">
            <test-case id="2-1148" name="DefaultLoggerWithoutVerboseOutputWritesDebugLevelMessages" fullname="Dynatrace.OpenKit.Core.DefaultLoggerTest.DefaultLoggerWithoutVerboseOutputWritesDebugLevelMessages" methodname="DefaultLoggerWithoutVerboseOutputWritesDebugLevelMessages" classname="Dynatrace.OpenKit.Core.DefaultLoggerTest" runstate="Runnable" seed="476904337" result="Passed" start-time="2018-05-11 10:27:04Z" end-time="2018-05-11 10:27:04Z" duration="0.000609" asserts="1" />
            <test-case id="2-1145" name="DefaultLoggerWithoutVerboseOutputWritesErrorLevelMessages" fullname="Dynatrace.OpenKit.Core.DefaultLoggerTest.DefaultLoggerWithoutVerboseOutputWritesErrorLevelMessages" methodname="DefaultLoggerWithoutVerboseOutputWritesErrorLevelMessages" classname="Dynatrace.OpenKit.Core.DefaultLoggerTest" runstate="Runnable" seed="577695711" result="Passed" start-time="2018-05-11 10:27:04Z" end-time="2018-05-11 10:27:04Z" duration="0.000564" asserts="1" />
            <test-case id="2-1147" name="DefaultLoggerWithoutVerboseOutputWritesInfoLevelMessages" fullname="Dynatrace.OpenKit.Core.DefaultLoggerTest.DefaultLoggerWithoutVerboseOutputWritesInfoLevelMessages" methodname="DefaultLoggerWithoutVerboseOutputWritesInfoLevelMessages" classname="Dynatrace.OpenKit.Core.DefaultLoggerTest" runstate="Runnable" seed="1250692576" result="Passed" start-time="2018-05-11 10:27:04Z" end-time="2018-05-11 10:27:04Z" duration="0.000672" asserts="1" />
            <test-case id="2-1146" name="DefaultLoggerWithoutVerboseOutputWritesWarnLevelMessages" fullname="Dynatrace.OpenKit.Core.DefaultLoggerTest.DefaultLoggerWithoutVerboseOutputWritesWarnLevelMessages" methodname="DefaultLoggerWithoutVerboseOutputWritesWarnLevelMessages" classname="Dynatrace.OpenKit.Core.DefaultLoggerTest" runstate="Runnable" seed="400742157" result="Passed" start-time="2018-05-11 10:27:04Z" end-time="2018-05-11 10:27:04Z" duration="0.000559" asserts="1" />
            <test-case id="2-1144" name="DefaultLoggerWithVerboseOutputWritesDebugLevelMessages" fullname="Dynatrace.OpenKit.Core.DefaultLoggerTest.DefaultLoggerWithVerboseOutputWritesDebugLevelMessages" methodname="DefaultLoggerWithVerboseOutputWritesDebugLevelMessages" classname="Dynatrace.OpenKit.Core.DefaultLoggerTest" runstate="Runnable" seed="1703494643" result="Passed" start-time="2018-05-11 10:27:04Z" end-time="2018-05-11 10:27:04Z" duration="0.000231" asserts="1" />
            <test-case id="2-1141" name="DefaultLoggerWithVerboseOutputWritesErrorLevelMessages" fullname="Dynatrace.OpenKit.Core.DefaultLoggerTest.DefaultLoggerWithVerboseOutputWritesErrorLevelMessages" methodname="DefaultLoggerWithVerboseOutputWritesErrorLevelMessages" classname="Dynatrace.OpenKit.Core.DefaultLoggerTest" runstate="Runnable" seed="1534188976" result="Passed" start-time="2018-05-11 10:27:04Z" end-time="2018-05-11 10:27:04Z" duration="0.000215" asserts="1" />
            <test-case id="2-1143" name="DefaultLoggerWithVerboseOutputWritesInfoLevelMessages" fullname="Dynatrace.OpenKit.Core.DefaultLoggerTest.DefaultLoggerWithVerboseOutputWritesInfoLevelMessages" methodname="DefaultLoggerWithVerboseOutputWritesInfoLevelMessages" classname="Dynatrace.OpenKit.Core.DefaultLoggerTest" runstate="Runnable" seed="219866347" result="Passed" start-time="2018-05-11 10:27:04Z" end-time="2018-05-11 10:27:04Z" duration="0.000205" asserts="1" />
            <test-case id="2-1142" name="DefaultLoggerWithVerboseOutputWritesWarnLevelMessages" fullname="Dynatrace.OpenKit.Core.DefaultLoggerTest.DefaultLoggerWithVerboseOutputWritesWarnLevelMessages" methodname="DefaultLoggerWithVerboseOutputWritesWarnLevelMessages" classname="Dynatrace.OpenKit.Core.DefaultLoggerTest" runstate="Runnable" seed="2107184942" result="Passed" start-time="2018-05-11 10:27:04Z" end-time="2018-05-11 10:27:04Z" duration="0.000196" asserts="1" />
          </test-suite>
          <test-suite type="TestFixture" id="2-1149" name="RootActionTest" fullname="Dynatrace.OpenKit.Core.RootActionTest" classname="Dynatrace.OpenKit.Core.RootActionTest" runstate="Runnable" testcasecount="6" result="Passed" start-time="2018-05-11 10:27:04Z" end-time="2018-05-11 10:27:04Z" duration="0.013371" total="6" passed="6" failed="0" warnings="0" inconclusive="0" skipped="0" asserts="16">
            <test-case id="2-1150" name="EnterActionReturnsNewChildAction" fullname="Dynatrace.OpenKit.Core.RootActionTest.EnterActionReturnsNewChildAction" methodname="EnterActionReturnsNewChildAction" classname="Dynatrace.OpenKit.Core.RootActionTest" runstate="Runnable" seed="1209031246" result="Passed" start-time="2018-05-11 10:27:04Z" end-time="2018-05-11 10:27:04Z" duration="0.004441" asserts="5" />
            <test-case id="2-1153" name="EnterActionReturnsNullActionIfActionNameIsAnEmptyString" fullname="Dynatrace.OpenKit.Core.RootActionTest.EnterActionReturnsNullActionIfActionNameIsAnEmptyString" methodname="EnterActionReturnsNullActionIfActionNameIsAnEmptyString" classname="Dynatrace.OpenKit.Core.RootActionTest" runstate="Runnable" seed="121894331" result="Passed" start-time="2018-05-11 10:27:04Z" end-time="2018-05-11 10:27:04Z" duration="0.000983" asserts="1" />
            <test-case id="2-1152" name="EnterActionReturnsNullActionIfActionNameIsNull" fullname="Dynatrace.OpenKit.Core.RootActionTest.EnterActionReturnsNullActionIfActionNameIsNull" methodname="EnterActionReturnsNullActionIfActionNameIsNull" classname="Dynatrace.OpenKit.Core.RootActionTest" runstate="Runnable" seed="1899770519" result="Passed" start-time="2018-05-11 10:27:04Z" end-time="2018-05-11 10:27:04Z" duration="0.000895" asserts="1" />
            <test-case id="2-1151" name="EnterActionReturnsNullActionIfAlreadyLeft" fullname="Dynatrace.OpenKit.Core.RootActionTest.EnterActionReturnsNullActionIfAlreadyLeft" methodname="EnterActionReturnsNullActionIfAlreadyLeft" classname="Dynatrace.OpenKit.Core.RootActionTest" runstate="Runnable" seed="1225991421" result="Passed" start-time="2018-05-11 10:27:04Z" end-time="2018-05-11 10:27:04Z" duration="0.001199" asserts="3" />
            <test-case id="2-1154" name="LeavingAParentActionWillLeaveAllOpenChildActionsFirst" fullname="Dynatrace.OpenKit.Core.RootActionTest.LeavingAParentActionWillLeaveAllOpenChildActionsFirst" methodname="LeavingAParentActionWillLeaveAllOpenChildActionsFirst" classname="Dynatrace.OpenKit.Core.RootActionTest" runstate="Runnable" seed="1607649208" result="Passed" start-time="2018-05-11 10:27:04Z" end-time="2018-05-11 10:27:04Z" duration="0.004085" asserts="5" />
            <test-case id="2-1155" name="LeavingRootActionReturnsNullValueAsParent" fullname="Dynatrace.OpenKit.Core.RootActionTest.LeavingRootActionReturnsNullValueAsParent" methodname="LeavingRootActionReturnsNullValueAsParent" classname="Dynatrace.OpenKit.Core.RootActionTest" runstate="Runnable" seed="234377786" result="Passed" start-time="2018-05-11 10:27:04Z" end-time="2018-05-11 10:27:04Z" duration="0.001024" asserts="1" />
          </test-suite>
          <test-suite type="TestFixture" id="2-1156" name="SessionTest" fullname="Dynatrace.OpenKit.Core.SessionTest" classname="Dynatrace.OpenKit.Core.SessionTest" runstate="Runnable" testcasecount="19" result="Passed" start-time="2018-05-11 10:27:04Z" end-time="2018-05-11 10:27:04Z" duration="0.039524" total="19" passed="19" failed="0" warnings="0" inconclusive="0" skipped="0" asserts="21">
            <test-case id="2-1159" name="AfterCallingEndASessionIsEnded" fullname="Dynatrace.OpenKit.Core.SessionTest.AfterCallingEndASessionIsEnded" methodname="AfterCallingEndASessionIsEnded" classname="Dynatrace.OpenKit.Core.SessionTest" runstate="Runnable" seed="1360937915" result="Passed" start-time="2018-05-11 10:27:04Z" end-time="2018-05-11 10:27:04Z" duration="0.004977" asserts="1" />
            <test-case id="2-1157" name="ANewlyCreatedSessionIsEmpty" fullname="Dynatrace.OpenKit.Core.SessionTest.ANewlyCreatedSessionIsEmpty" methodname="ANewlyCreatedSessionIsEmpty" classname="Dynatrace.OpenKit.Core.SessionTest" runstate="Runnable" seed="98365787" result="Passed" start-time="2018-05-11 10:27:04Z" end-time="2018-05-11 10:27:04Z" duration="0.000775" asserts="1" />
            <test-case id="2-1158" name="ANewlyCreatedSessionIsNotEnded" fullname="Dynatrace.OpenKit.Core.SessionTest.ANewlyCreatedSessionIsNotEnded" methodname="ANewlyCreatedSessionIsNotEnded" classname="Dynatrace.OpenKit.Core.SessionTest" runstate="Runnable" seed="1747939991" result="Passed" start-time="2018-05-11 10:27:04Z" end-time="2018-05-11 10:27:04Z" duration="0.000819" asserts="2" />
            <test-case id="2-1174" name="DisposingASessionEndsTheSession" fullname="Dynatrace.OpenKit.Core.SessionTest.DisposingASessionEndsTheSession" methodname="DisposingASessionEndsTheSession" classname="Dynatrace.OpenKit.Core.SessionTest" runstate="Runnable" seed="1536904922" result="Passed" start-time="2018-05-11 10:27:04Z" end-time="2018-05-11 10:27:04Z" duration="0.002227" asserts="0" />
            <test-case id="2-1172" name="EndingASessionEndsOpenRootActionsFirst" fullname="Dynatrace.OpenKit.Core.SessionTest.EndingASessionEndsOpenRootActionsFirst" methodname="EndingASessionEndsOpenRootActionsFirst" classname="Dynatrace.OpenKit.Core.SessionTest" runstate="Runnable" seed="1986117096" result="Passed" start-time="2018-05-11 10:27:04Z" end-time="2018-05-11 10:27:04Z" duration="0.006657" asserts="4" />
            <test-case id="2-1173" name="EndingASessionFinishesSessionContext" fullname="Dynatrace.OpenKit.Core.SessionTest.EndingASessionFinishesSessionContext" methodname="EndingASessionFinishesSessionContext" classname="Dynatrace.OpenKit.Core.SessionTest" runstate="Runnable" seed="593502872" result="Passed" start-time="2018-05-11 10:27:04Z" end-time="2018-05-11 10:27:04Z" duration="0.001561" asserts="0" />
            <test-case id="2-1175" name="EndingASessionReturnsImmediatelyIfEndedBefore" fullname="Dynatrace.OpenKit.Core.SessionTest.EndingASessionReturnsImmediatelyIfEndedBefore" methodname="EndingASessionReturnsImmediatelyIfEndedBefore" classname="Dynatrace.OpenKit.Core.SessionTest" runstate="Runnable" seed="523484795" result="Passed" start-time="2018-05-11 10:27:04Z" end-time="2018-05-11 10:27:04Z" duration="0.001856" asserts="1" />
            <test-case id="2-1160" name="EnterActionGivesNewRootAction" fullname="Dynatrace.OpenKit.Core.SessionTest.EnterActionGivesNewRootAction" methodname="EnterActionGivesNewRootAction" classname="Dynatrace.OpenKit.Core.SessionTest" runstate="Runnable" seed="826416707" result="Passed" start-time="2018-05-11 10:27:04Z" end-time="2018-05-11 10:27:04Z" duration="0.002191" asserts="1" />
            <test-case id="2-1163" name="EnterActionGivesNullActionIfActionNameIsEmptyString" fullname="Dynatrace.OpenKit.Core.SessionTest.EnterActionGivesNullActionIfActionNameIsEmptyString" methodname="EnterActionGivesNullActionIfActionNameIsEmptyString" classname="Dynatrace.OpenKit.Core.SessionTest" runstate="Runnable" seed="1051132080" result="Passed" start-time="2018-05-11 10:27:04Z" end-time="2018-05-11 10:27:04Z" duration="0.001051" asserts="1" />
            <test-case id="2-1162" name="EnterActionGivesNullActionIfActionNameIsNull" fullname="Dynatrace.OpenKit.Core.SessionTest.EnterActionGivesNullActionIfActionNameIsNull" methodname="EnterActionGivesNullActionIfActionNameIsNull" classname="Dynatrace.OpenKit.Core.SessionTest" runstate="Runnable" seed="255373028" result="Passed" start-time="2018-05-11 10:27:04Z" end-time="2018-05-11 10:27:04Z" duration="0.001146" asserts="1" />
            <test-case id="2-1161" name="EnterActionGivesNullActionIfSessionIsAlreadyEnded" fullname="Dynatrace.OpenKit.Core.SessionTest.EnterActionGivesNullActionIfSessionIsAlreadyEnded" methodname="EnterActionGivesNullActionIfSessionIsAlreadyEnded" classname="Dynatrace.OpenKit.Core.SessionTest" runstate="Runnable" seed="1167709054" result="Passed" start-time="2018-05-11 10:27:04Z" end-time="2018-05-11 10:27:04Z" duration="0.002328" asserts="1" />
            <test-case id="2-1164" name="IdentifyUser" fullname="Dynatrace.OpenKit.Core.SessionTest.IdentifyUser" methodname="IdentifyUser" classname="Dynatrace.OpenKit.Core.SessionTest" runstate="Runnable" seed="79956542" result="Passed" start-time="2018-05-11 10:27:04Z" end-time="2018-05-11 10:27:04Z" duration="0.002632" asserts="1" />
            <test-case id="2-1165" name="IdentifyUserDoesNothingIfSessionIsEnded" fullname="Dynatrace.OpenKit.Core.SessionTest.IdentifyUserDoesNothingIfSessionIsEnded" methodname="IdentifyUserDoesNothingIfSessionIsEnded" classname="Dynatrace.OpenKit.Core.SessionTest" runstate="Runnable" seed="549013614" result="Passed" start-time="2018-05-11 10:27:04Z" end-time="2018-05-11 10:27:04Z" duration="0.001048" asserts="1" />
            <test-case id="2-1167" name="IdentifyUserDoesNothingIfUserTagIsAnEmptyString" fullname="Dynatrace.OpenKit.Core.SessionTest.IdentifyUserDoesNothingIfUserTagIsAnEmptyString" methodname="IdentifyUserDoesNothingIfUserTagIsAnEmptyString" classname="Dynatrace.OpenKit.Core.SessionTest" runstate="Runnable" seed="452870976" result="Passed" start-time="2018-05-11 10:27:04Z" end-time="2018-05-11 10:27:04Z" duration="0.000931" asserts="1" />
            <test-case id="2-1166" name="IdentifyUserDoesNothingIfUserTagIsNull" fullname="Dynatrace.OpenKit.Core.SessionTest.IdentifyUserDoesNothingIfUserTagIsNull" methodname="IdentifyUserDoesNothingIfUserTagIsNull" classname="Dynatrace.OpenKit.Core.SessionTest" runstate="Runnable" seed="505100561" result="Passed" start-time="2018-05-11 10:27:04Z" end-time="2018-05-11 10:27:04Z" duration="0.000926" asserts="1" />
            <test-case id="2-1168" name="ReportCrash" fullname="Dynatrace.OpenKit.Core.SessionTest.ReportCrash" methodname="ReportCrash" classname="Dynatrace.OpenKit.Core.SessionTest" runstate="Runnable" seed="869110277" result="Passed" start-time="2018-05-11 10:27:04Z" end-time="2018-05-11 10:27:04Z" duration="0.002869" asserts="1" />
            <test-case id="2-1171" name="ReportCrashDoesNothingIfErrorNameIsAnEmptyString" fullname="Dynatrace.OpenKit.Core.SessionTest.ReportCrashDoesNothingIfErrorNameIsAnEmptyString" methodname="ReportCrashDoesNothingIfErrorNameIsAnEmptyString" classname="Dynatrace.OpenKit.Core.SessionTest" runstate="Runnable" seed="920281903" result="Passed" start-time="2018-05-11 10:27:04Z" end-time="2018-05-11 10:27:04Z" duration="0.000937" asserts="1" />
            <test-case id="2-1170" name="ReportCrashDoesNothingIfErrorNameIsNull" fullname="Dynatrace.OpenKit.Core.SessionTest.ReportCrashDoesNothingIfErrorNameIsNull" methodname="ReportCrashDoesNothingIfErrorNameIsNull" classname="Dynatrace.OpenKit.Core.SessionTest" runstate="Runnable" seed="1212642378" result="Passed" start-time="2018-05-11 10:27:04Z" end-time="2018-05-11 10:27:04Z" duration="0.001078" asserts="1" />
            <test-case id="2-1169" name="ReportCrashDoesNothingIfSessionIsEnded" fullname="Dynatrace.OpenKit.Core.SessionTest.ReportCrashDoesNothingIfSessionIsEnded" methodname="ReportCrashDoesNothingIfSessionIsEnded" classname="Dynatrace.OpenKit.Core.SessionTest" runstate="Runnable" seed="72244184" result="Passed" start-time="2018-05-11 10:27:04Z" end-time="2018-05-11 10:27:04Z" duration="0.001030" asserts="1" />
          </test-suite>
          <test-suite type="TestSuite" id="2-1423" name="Util" fullname="Dynatrace.OpenKit.Core.Util" runstate="Runnable" testcasecount="13" result="Passed" start-time="2018-05-11 10:27:02Z" end-time="2018-05-11 10:27:04Z" duration="1.771206" total="13" passed="13" failed="0" warnings="0" inconclusive="0" skipped="0" asserts="13">
            <test-suite type="TestFixture" id="2-1200" name="InetAddressValidatorTest" fullname="Dynatrace.OpenKit.Core.Util.InetAddressValidatorTest" classname="Dynatrace.OpenKit.Core.Util.InetAddressValidatorTest" runstate="Runnable" testcasecount="13" result="Passed" start-time="2018-05-11 10:27:04Z" end-time="2018-05-11 10:27:04Z" duration="0.008497" total="13" passed="13" failed="0" warnings="0" inconclusive="0" skipped="0" asserts="13">
              <test-case id="2-1212" name="IPAddressEmptyIsInvalid" fullname="Dynatrace.OpenKit.Core.Util.InetAddressValidatorTest.IPAddressEmptyIsInvalid" methodname="IPAddressEmptyIsInvalid" classname="Dynatrace.OpenKit.Core.Util.InetAddressValidatorTest" runstate="Runnable" seed="1715529317" result="Passed" start-time="2018-05-11 10:27:04Z" end-time="2018-05-11 10:27:04Z" duration="0.000408" asserts="1" />
              <test-case id="2-1213" name="IPAddressNullIsInvalid" fullname="Dynatrace.OpenKit.Core.Util.InetAddressValidatorTest.IPAddressNullIsInvalid" methodname="IPAddressNullIsInvalid" classname="Dynatrace.OpenKit.Core.Util.InetAddressValidatorTest" runstate="Runnable" seed="203759297" result="Passed" start-time="2018-05-11 10:27:04Z" end-time="2018-05-11 10:27:04Z" duration="0.000240" asserts="1" />
              <test-case id="2-1202" name="IPV4AddressIsInvalidDueToExtraBlock" fullname="Dynatrace.OpenKit.Core.Util.InetAddressValidatorTest.IPV4AddressIsInvalidDueToExtraBlock" methodname="IPV4AddressIsInvalidDueToExtraBlock" classname="Dynatrace.OpenKit.Core.Util.InetAddressValidatorTest" runstate="Runnable" seed="1498337821" result="Passed" start-time="2018-05-11 10:27:04Z" end-time="2018-05-11 10:27:04Z" duration="0.004210" asserts="1" />
              <test-case id="2-1203" name="IPV4AddressIsInvalidDueToHighNumber" fullname="Dynatrace.OpenKit.Core.Util.InetAddressValidatorTest.IPV4AddressIsInvalidDueToHighNumber" methodname="IPV4AddressIsInvalidDueToHighNumber" classname="Dynatrace.OpenKit.Core.Util.InetAddressValidatorTest" runstate="Runnable" seed="1719877856" result="Passed" start-time="2018-05-11 10:27:04Z" end-time="2018-05-11 10:27:04Z" duration="0.000293" asserts="1" />
              <test-case id="2-1205" name="IPV4AddressIsInvalidDueToLetter" fullname="Dynatrace.OpenKit.Core.Util.InetAddressValidatorTest.IPV4AddressIsInvalidDueToLetter" methodname="IPV4AddressIsInvalidDueToLetter" classname="Dynatrace.OpenKit.Core.Util.InetAddressValidatorTest" runstate="Runnable" seed="1272673425" result="Passed" start-time="2018-05-11 10:27:04Z" end-time="2018-05-11 10:27:04Z" duration="0.000265" asserts="1" />
              <test-case id="2-1206" name="IPV4AddressIsInvalidDueToMissingBlock" fullname="Dynatrace.OpenKit.Core.Util.InetAddressValidatorTest.IPV4AddressIsInvalidDueToMissingBlock" methodname="IPV4AddressIsInvalidDueToMissingBlock" classname="Dynatrace.OpenKit.Core.Util.InetAddressValidatorTest" runstate="Runnable" seed="1133811232" result="Passed" start-time="2018-05-11 10:27:04Z" end-time="2018-05-11 10:27:04Z" duration="0.000217" asserts="1" />
              <test-case id="2-1204" name="IPV4AddressIsInvalidDueToNegativeNumber" fullname="Dynatrace.OpenKit.Core.Util.InetAddressValidatorTest.IPV4AddressIsInvalidDueToNegativeNumber" methodname="IPV4AddressIsInvalidDueToNegativeNumber" classname="Dynatrace.OpenKit.Core.Util.InetAddressValidatorTest" runstate="Runnable" seed="1313926162" result="Passed" start-time="2018-05-11 10:27:04Z" end-time="2018-05-11 10:27:04Z" duration="0.000181" asserts="1" />
              <test-case id="2-1201" name="IPV4AddressIsValid" fullname="Dynatrace.OpenKit.Core.Util.InetAddressValidatorTest.IPV4AddressIsValid" methodname="IPV4AddressIsValid" classname="Dynatrace.OpenKit.Core.Util.InetAddressValidatorTest" runstate="Runnable" seed="173055963" result="Passed" start-time="2018-05-11 10:27:04Z" end-time="2018-05-11 10:27:04Z" duration="0.000139" asserts="1" />
              <test-case id="2-1209" name="IPV6AddressIsInvalidDueTo5HexDigitNumber" fullname="Dynatrace.OpenKit.Core.Util.InetAddressValidatorTest.IPV6AddressIsInvalidDueTo5HexDigitNumber" methodname="IPV6AddressIsInvalidDueTo5HexDigitNumber" classname="Dynatrace.OpenKit.Core.Util.InetAddressValidatorTest" runstate="Runnable" seed="686539175" result="Passed" start-time="2018-05-11 10:27:04Z" end-time="2018-05-11 10:27:04Z" duration="0.000236" asserts="1" />
              <test-case id="2-1208" name="IPV6AddressIsInvalidDueToExtraBlock" fullname="Dynatrace.OpenKit.Core.Util.InetAddressValidatorTest.IPV6AddressIsInvalidDueToExtraBlock" methodname="IPV6AddressIsInvalidDueToExtraBlock" classname="Dynatrace.OpenKit.Core.Util.InetAddressValidatorTest" runstate="Runnable" seed="1339506956" result="Passed" start-time="2018-05-11 10:27:04Z" end-time="2018-05-11 10:27:04Z" duration="0.000511" asserts="1" />
              <test-case id="2-1210" name="IPV6AddressIsInvalidDueToNonHexLetter" fullname="Dynatrace.OpenKit.Core.Util.InetAddressValidatorTest.IPV6AddressIsInvalidDueToNonHexLetter" methodname="IPV6AddressIsInvalidDueToNonHexLetter" classname="Dynatrace.OpenKit.Core.Util.InetAddressValidatorTest" runstate="Runnable" seed="779782254" result="Passed" start-time="2018-05-11 10:27:04Z" end-time="2018-05-11 10:27:04Z" duration="0.000310" asserts="1" />
              <test-case id="2-1207" name="IPV6AddressIsValid" fullname="Dynatrace.OpenKit.Core.Util.InetAddressValidatorTest.IPV6AddressIsValid" methodname="IPV6AddressIsValid" classname="Dynatrace.OpenKit.Core.Util.InetAddressValidatorTest" runstate="Runnable" seed="2127477806" result="Passed" start-time="2018-05-11 10:27:04Z" end-time="2018-05-11 10:27:04Z" duration="0.000417" asserts="1" />
              <test-case id="2-1211" name="IPV6AddressWithLessThanEightBlocksIsValid" fullname="Dynatrace.OpenKit.Core.Util.InetAddressValidatorTest.IPV6AddressWithLessThanEightBlocksIsValid" methodname="IPV6AddressWithLessThanEightBlocksIsValid" classname="Dynatrace.OpenKit.Core.Util.InetAddressValidatorTest" runstate="Runnable" seed="736987024" result="Passed" start-time="2018-05-11 10:27:04Z" end-time="2018-05-11 10:27:04Z" duration="0.000249" asserts="1" />
            </test-suite>
          </test-suite>
          <test-suite type="TestFixture" id="2-1176" name="WebRequestTracerBaseTest" fullname="Dynatrace.OpenKit.Core.WebRequestTracerBaseTest" classname="Dynatrace.OpenKit.Core.WebRequestTracerBaseTest" runstate="Runnable" testcasecount="14" result="Passed" start-time="2018-05-11 10:27:04Z" end-time="2018-05-11 10:27:04Z" duration="0.029555" total="14" passed="14" failed="0" warnings="0" inconclusive="0" skipped="0" asserts="34">
            <test-case id="2-1179" name="ANewlyCreatedWebRequestTracerIsNotStopped" fullname="Dynatrace.OpenKit.Core.WebRequestTracerBaseTest.ANewlyCreatedWebRequestTracerIsNotStopped" methodname="ANewlyCreatedWebRequestTracerIsNotStopped" classname="Dynatrace.OpenKit.Core.WebRequestTracerBaseTest" runstate="Runnable" seed="300887046" result="Passed" start-time="2018-05-11 10:27:04Z" end-time="2018-05-11 10:27:04Z" duration="0.002228" asserts="1" />
            <test-case id="2-1180" name="AWebRequestTracerIsStoppedAfterStopHasBeenCalled" fullname="Dynatrace.OpenKit.Core.WebRequestTracerBaseTest.AWebRequestTracerIsStoppedAfterStopHasBeenCalled" methodname="AWebRequestTracerIsStoppedAfterStopHasBeenCalled" classname="Dynatrace.OpenKit.Core.WebRequestTracerBaseTest" runstate="Runnable" seed="1722761115" result="Passed" start-time="2018-05-11 10:27:04Z" end-time="2018-05-11 10:27:04Z" duration="0.008288" asserts="1" />
            <test-case id="2-1177" name="DefaultValues" fullname="Dynatrace.OpenKit.Core.WebRequestTracerBaseTest.DefaultValues" methodname="DefaultValues" classname="Dynatrace.OpenKit.Core.WebRequestTracerBaseTest" runstate="Runnable" seed="1127213813" result="Passed" start-time="2018-05-11 10:27:04Z" end-time="2018-05-11 10:27:04Z" duration="0.001483" asserts="8" />
            <test-case id="2-1181" name="DisposingAWebRequestTracerStopsIt" fullname="Dynatrace.OpenKit.Core.WebRequestTracerBaseTest.DisposingAWebRequestTracerStopsIt" methodname="DisposingAWebRequestTracerStopsIt" classname="Dynatrace.OpenKit.Core.WebRequestTracerBaseTest" runstate="Runnable" seed="1663393633" result="Passed" start-time="2018-05-11 10:27:04Z" end-time="2018-05-11 10:27:04Z" duration="0.001710" asserts="1" />
            <test-case id="2-1178" name="GetTag" fullname="Dynatrace.OpenKit.Core.WebRequestTracerBaseTest.GetTag" methodname="GetTag" classname="Dynatrace.OpenKit.Core.WebRequestTracerBaseTest" runstate="Runnable" seed="1416860339" result="Passed" start-time="2018-05-11 10:27:04Z" end-time="2018-05-11 10:27:04Z" duration="0.002055" asserts="1" />
            <test-case id="2-1187" name="SetBytesReceivedDoesNotSetAnythingIfStopped" fullname="Dynatrace.OpenKit.Core.WebRequestTracerBaseTest.SetBytesReceivedDoesNotSetAnythingIfStopped" methodname="SetBytesReceivedDoesNotSetAnythingIfStopped" classname="Dynatrace.OpenKit.Core.WebRequestTracerBaseTest" runstate="Runnable" seed="1042005174" result="Passed" start-time="2018-05-11 10:27:04Z" end-time="2018-05-11 10:27:04Z" duration="0.001785" asserts="2" />
            <test-case id="2-1186" name="SetBytesReceivedSetsTheNumberOfReceivedBytes" fullname="Dynatrace.OpenKit.Core.WebRequestTracerBaseTest.SetBytesReceivedSetsTheNumberOfReceivedBytes" methodname="SetBytesReceivedSetsTheNumberOfReceivedBytes" classname="Dynatrace.OpenKit.Core.WebRequestTracerBaseTest" runstate="Runnable" seed="805388899" result="Passed" start-time="2018-05-11 10:27:04Z" end-time="2018-05-11 10:27:04Z" duration="0.000926" asserts="2" />
            <test-case id="2-1185" name="SetBytesSentDoesNotSetAnythingIfStopped" fullname="Dynatrace.OpenKit.Core.WebRequestTracerBaseTest.SetBytesSentDoesNotSetAnythingIfStopped" methodname="SetBytesSentDoesNotSetAnythingIfStopped" classname="Dynatrace.OpenKit.Core.WebRequestTracerBaseTest" runstate="Runnable" seed="1747223980" result="Passed" start-time="2018-05-11 10:27:04Z" end-time="2018-05-11 10:27:04Z" duration="0.002022" asserts="2" />
            <test-case id="2-1184" name="SetBytesSentSetsTheNumberOfSentBytes" fullname="Dynatrace.OpenKit.Core.WebRequestTracerBaseTest.SetBytesSentSetsTheNumberOfSentBytes" methodname="SetBytesSentSetsTheNumberOfSentBytes" classname="Dynatrace.OpenKit.Core.WebRequestTracerBaseTest" runstate="Runnable" seed="26688404" result="Passed" start-time="2018-05-11 10:27:04Z" end-time="2018-05-11 10:27:04Z" duration="0.001006" asserts="2" />
            <test-case id="2-1183" name="SetResponseCodeDoesNotSetTheResponseCodeIfStopped" fullname="Dynatrace.OpenKit.Core.WebRequestTracerBaseTest.SetResponseCodeDoesNotSetTheResponseCodeIfStopped" methodname="SetResponseCodeDoesNotSetTheResponseCodeIfStopped" classname="Dynatrace.OpenKit.Core.WebRequestTracerBaseTest" runstate="Runnable" seed="110129947" result="Passed" start-time="2018-05-11 10:27:04Z" end-time="2018-05-11 10:27:04Z" duration="0.001895" asserts="2" />
            <test-case id="2-1182" name="SetResponseCodeSetsTheResponseCode" fullname="Dynatrace.OpenKit.Core.WebRequestTracerBaseTest.SetResponseCodeSetsTheResponseCode" methodname="SetResponseCodeSetsTheResponseCode" classname="Dynatrace.OpenKit.Core.WebRequestTracerBaseTest" runstate="Runnable" seed="294095082" result="Passed" start-time="2018-05-11 10:27:04Z" end-time="2018-05-11 10:27:04Z" duration="0.000897" asserts="2" />
            <test-case id="2-1189" name="StartDoesNothingIfAlreadyStopped" fullname="Dynatrace.OpenKit.Core.WebRequestTracerBaseTest.StartDoesNothingIfAlreadyStopped" methodname="StartDoesNothingIfAlreadyStopped" classname="Dynatrace.OpenKit.Core.WebRequestTracerBaseTest" runstate="Runnable" seed="355352807" result="Passed" start-time="2018-05-11 10:27:04Z" end-time="2018-05-11 10:27:04Z" duration="0.001686" asserts="2" />
            <test-case id="2-1188" name="StartSetsTheStartTime" fullname="Dynatrace.OpenKit.Core.WebRequestTracerBaseTest.StartSetsTheStartTime" methodname="StartSetsTheStartTime" classname="Dynatrace.OpenKit.Core.WebRequestTracerBaseTest" runstate="Runnable" seed="902449569" result="Passed" start-time="2018-05-11 10:27:04Z" end-time="2018-05-11 10:27:04Z" duration="0.000993" asserts="2" />
            <test-case id="2-1190" name="StopCanOnlyBeExecutedOnce" fullname="Dynatrace.OpenKit.Core.WebRequestTracerBaseTest.StopCanOnlyBeExecutedOnce" methodname="StopCanOnlyBeExecutedOnce" classname="Dynatrace.OpenKit.Core.WebRequestTracerBaseTest" runstate="Runnable" seed="2097331284" result="Passed" start-time="2018-05-11 10:27:04Z" end-time="2018-05-11 10:27:04Z" duration="0.001167" asserts="6" />
          </test-suite>
          <test-suite type="TestFixture" id="2-1191" name="WebRequestTracerStringURLTest" fullname="Dynatrace.OpenKit.Core.WebRequestTracerStringURLTest" classname="Dynatrace.OpenKit.Core.WebRequestTracerStringURLTest" runstate="Runnable" testcasecount="8" result="Passed" start-time="2018-05-11 10:27:04Z" end-time="2018-05-11 10:27:04Z" duration="0.008344" total="8" passed="8" failed="0" warnings="0" inconclusive="0" skipped="0" asserts="9">
            <test-case id="2-1198" name="AnURLIsOnlySetInConstructorIfItIsValid" fullname="Dynatrace.OpenKit.Core.WebRequestTracerStringURLTest.AnURLIsOnlySetInConstructorIfItIsValid" methodname="AnURLIsOnlySetInConstructorIfItIsValid" classname="Dynatrace.OpenKit.Core.WebRequestTracerStringURLTest" runstate="Runnable" seed="729660929" result="Passed" start-time="2018-05-11 10:27:04Z" end-time="2018-05-11 10:27:04Z" duration="0.002291" asserts="1" />
            <test-case id="2-1197" name="ASchemeIsInvalidIfInvalidCharactersAreEncountered" fullname="Dynatrace.OpenKit.Core.WebRequestTracerStringURLTest.ASchemeIsInvalidIfInvalidCharactersAreEncountered" methodname="ASchemeIsInvalidIfInvalidCharactersAreEncountered" classname="Dynatrace.OpenKit.Core.WebRequestTracerStringURLTest" runstate="Runnable" seed="1228409178" result="Passed" start-time="2018-05-11 10:27:04Z" end-time="2018-05-11 10:27:04Z" duration="0.000840" asserts="1" />
            <test-case id="2-1195" name="AValidSchemeAllowsUpperCaseLettersToo" fullname="Dynatrace.OpenKit.Core.WebRequestTracerStringURLTest.AValidSchemeAllowsUpperCaseLettersToo" methodname="AValidSchemeAllowsUpperCaseLettersToo" classname="Dynatrace.OpenKit.Core.WebRequestTracerStringURLTest" runstate="Runnable" seed="474122914" result="Passed" start-time="2018-05-11 10:27:04Z" end-time="2018-05-11 10:27:04Z" duration="0.000644" asserts="1" />
            <test-case id="2-1196" name="AValidSchemeDoesNotStartWithADigit" fullname="Dynatrace.OpenKit.Core.WebRequestTracerStringURLTest.AValidSchemeDoesNotStartWithADigit" methodname="AValidSchemeDoesNotStartWithADigit" classname="Dynatrace.OpenKit.Core.WebRequestTracerStringURLTest" runstate="Runnable" seed="1122538159" result="Passed" start-time="2018-05-11 10:27:04Z" end-time="2018-05-11 10:27:04Z" duration="0.000788" asserts="2" />
            <test-case id="2-1194" name="AValidSchemeOnlyContainsLettersDigitsPlusPeriodOrHyphen" fullname="Dynatrace.OpenKit.Core.WebRequestTracerStringURLTest.AValidSchemeOnlyContainsLettersDigitsPlusPeriodOrHyphen" methodname="AValidSchemeOnlyContainsLettersDigitsPlusPeriodOrHyphen" classname="Dynatrace.OpenKit.Core.WebRequestTracerStringURLTest" runstate="Runnable" seed="1231173213" result="Passed" start-time="2018-05-11 10:27:04Z" end-time="2018-05-11 10:27:04Z" duration="0.001047" asserts="1" />
            <test-case id="2-1193" name="AValidSchemeStartsWithALetter" fullname="Dynatrace.OpenKit.Core.WebRequestTracerStringURLTest.AValidSchemeStartsWithALetter" methodname="AValidSchemeStartsWithALetter" classname="Dynatrace.OpenKit.Core.WebRequestTracerStringURLTest" runstate="Runnable" seed="2034146101" result="Passed" start-time="2018-05-11 10:27:04Z" end-time="2018-05-11 10:27:04Z" duration="0.000812" asserts="1" />
            <test-case id="2-1199" name="IfURLIsInvalidTheDefaultValueIsUsed" fullname="Dynatrace.OpenKit.Core.WebRequestTracerStringURLTest.IfURLIsInvalidTheDefaultValueIsUsed" methodname="IfURLIsInvalidTheDefaultValueIsUsed" classname="Dynatrace.OpenKit.Core.WebRequestTracerStringURLTest" runstate="Runnable" seed="1094966310" result="Passed" start-time="2018-05-11 10:27:04Z" end-time="2018-05-11 10:27:04Z" duration="0.000788" asserts="1" />
            <test-case id="2-1192" name="NullIsNotAValidURLScheme" fullname="Dynatrace.OpenKit.Core.WebRequestTracerStringURLTest.NullIsNotAValidURLScheme" methodname="NullIsNotAValidURLScheme" classname="Dynatrace.OpenKit.Core.WebRequestTracerStringURLTest" runstate="Runnable" seed="272357788" result="Passed" start-time="2018-05-11 10:27:04Z" end-time="2018-05-11 10:27:04Z" duration="0.000704" asserts="1" />
          </test-suite>
        </test-suite>
        <test-suite type="TestFixture" id="2-1000" name="OpenKitBuilderTest" fullname="Dynatrace.OpenKit.OpenKitBuilderTest" classname="Dynatrace.OpenKit.OpenKitBuilderTest" runstate="Runnable" testcasecount="23" result="Passed" start-time="2018-05-11 10:27:04Z" end-time="2018-05-11 10:27:04Z" duration="0.040600" total="23" passed="23" failed="0" warnings="0" inconclusive="0" skipped="0" asserts="56">
          <test-case id="2-1003" name="ApplicationNameIsSetCorrectlyForAppMon" fullname="Dynatrace.OpenKit.OpenKitBuilderTest.ApplicationNameIsSetCorrectlyForAppMon" methodname="ApplicationNameIsSetCorrectlyForAppMon" classname="Dynatrace.OpenKit.OpenKitBuilderTest" runstate="Runnable" seed="1210482469" result="Passed" start-time="2018-05-11 10:27:04Z" end-time="2018-05-11 10:27:04Z" duration="0.016193" asserts="2" />
          <test-case id="2-1004" name="CanOverrideTrustManagerForAppMon" fullname="Dynatrace.OpenKit.OpenKitBuilderTest.CanOverrideTrustManagerForAppMon" methodname="CanOverrideTrustManagerForAppMon" classname="Dynatrace.OpenKit.OpenKitBuilderTest" runstate="Runnable" seed="1934454771" result="Passed" start-time="2018-05-11 10:27:04Z" end-time="2018-05-11 10:27:04Z" duration="0.006974" asserts="1" />
          <test-case id="2-1005" name="CanOverrideTrustManagerForDynatrace" fullname="Dynatrace.OpenKit.OpenKitBuilderTest.CanOverrideTrustManagerForDynatrace" methodname="CanOverrideTrustManagerForDynatrace" classname="Dynatrace.OpenKit.OpenKitBuilderTest" runstate="Runnable" seed="376656238" result="Passed" start-time="2018-05-11 10:27:04Z" end-time="2018-05-11 10:27:04Z" duration="0.001560" asserts="1" />
          <test-case id="2-1006" name="CanSetApplicationVersionForAppMon" fullname="Dynatrace.OpenKit.OpenKitBuilderTest.CanSetApplicationVersionForAppMon" methodname="CanSetApplicationVersionForAppMon" classname="Dynatrace.OpenKit.OpenKitBuilderTest" runstate="Runnable" seed="1976788021" result="Passed" start-time="2018-05-11 10:27:04Z" end-time="2018-05-11 10:27:04Z" duration="0.000875" asserts="1" />
          <test-case id="2-1007" name="CanSetApplicationVersionForDynatrace" fullname="Dynatrace.OpenKit.OpenKitBuilderTest.CanSetApplicationVersionForDynatrace" methodname="CanSetApplicationVersionForDynatrace" classname="Dynatrace.OpenKit.OpenKitBuilderTest" runstate="Runnable" seed="193865820" result="Passed" start-time="2018-05-11 10:27:04Z" end-time="2018-05-11 10:27:04Z" duration="0.000318" asserts="1" />
          <test-case id="2-1014" name="CanSetAppNameForDynatrace" fullname="Dynatrace.OpenKit.OpenKitBuilderTest.CanSetAppNameForDynatrace" methodname="CanSetAppNameForDynatrace" classname="Dynatrace.OpenKit.OpenKitBuilderTest" runstate="Runnable" seed="496716307" result="Passed" start-time="2018-05-11 10:27:04Z" end-time="2018-05-11 10:27:04Z" duration="0.000907" asserts="1" />
          <test-case id="2-1021" name="CanSetBeaconCacheLowerMemoryBoundaryForAppMon" fullname="Dynatrace.OpenKit.OpenKitBuilderTest.CanSetBeaconCacheLowerMemoryBoundaryForAppMon" methodname="CanSetBeaconCacheLowerMemoryBoundaryForAppMon" classname="Dynatrace.OpenKit.OpenKitBuilderTest" runstate="Runnable" seed="1559368247" result="Passed" start-time="2018-05-11 10:27:04Z" end-time="2018-05-11 10:27:04Z" duration="0.001444" asserts="3" />
          <test-case id="2-1020" name="CanSetBeaconCacheLowerMemoryBoundaryForDynatrace" fullname="Dynatrace.OpenKit.OpenKitBuilderTest.CanSetBeaconCacheLowerMemoryBoundaryForDynatrace" methodname="CanSetBeaconCacheLowerMemoryBoundaryForDynatrace" classname="Dynatrace.OpenKit.OpenKitBuilderTest" runstate="Runnable" seed="2110422366" result="Passed" start-time="2018-05-11 10:27:04Z" end-time="2018-05-11 10:27:04Z" duration="0.000626" asserts="3" />
          <test-case id="2-1023" name="CanSetBeaconCacheUpperMemoryBoundaryForAppMon" fullname="Dynatrace.OpenKit.OpenKitBuilderTest.CanSetBeaconCacheUpperMemoryBoundaryForAppMon" methodname="CanSetBeaconCacheUpperMemoryBoundaryForAppMon" classname="Dynatrace.OpenKit.OpenKitBuilderTest" runstate="Runnable" seed="279074033" result="Passed" start-time="2018-05-11 10:27:04Z" end-time="2018-05-11 10:27:04Z" duration="0.001174" asserts="3" />
          <test-case id="2-1022" name="CanSetBeaconCacheUpperMemoryBoundaryForDynatrace" fullname="Dynatrace.OpenKit.OpenKitBuilderTest.CanSetBeaconCacheUpperMemoryBoundaryForDynatrace" methodname="CanSetBeaconCacheUpperMemoryBoundaryForDynatrace" classname="Dynatrace.OpenKit.OpenKitBuilderTest" runstate="Runnable" seed="1081528180" result="Passed" start-time="2018-05-11 10:27:04Z" end-time="2018-05-11 10:27:04Z" duration="0.000557" asserts="3" />
          <test-case id="2-1019" name="CanSetCustomMaxBeaconRecordAgeForAppMon" fullname="Dynatrace.OpenKit.OpenKitBuilderTest.CanSetCustomMaxBeaconRecordAgeForAppMon" methodname="CanSetCustomMaxBeaconRecordAgeForAppMon" classname="Dynatrace.OpenKit.OpenKitBuilderTest" runstate="Runnable" seed="1113196151" result="Passed" start-time="2018-05-11 10:27:04Z" end-time="2018-05-11 10:27:04Z" duration="0.000853" asserts="3" />
          <test-case id="2-1018" name="CanSetCustomMaxBeaconRecordAgeForDynatrace" fullname="Dynatrace.OpenKit.OpenKitBuilderTest.CanSetCustomMaxBeaconRecordAgeForDynatrace" methodname="CanSetCustomMaxBeaconRecordAgeForDynatrace" classname="Dynatrace.OpenKit.OpenKitBuilderTest" runstate="Runnable" seed="1327063489" result="Passed" start-time="2018-05-11 10:27:04Z" end-time="2018-05-11 10:27:04Z" duration="0.000533" asserts="3" />
          <test-case id="2-1015" name="CanSetLogger" fullname="Dynatrace.OpenKit.OpenKitBuilderTest.CanSetLogger" methodname="CanSetLogger" classname="Dynatrace.OpenKit.OpenKitBuilderTest" runstate="Runnable" seed="387029377" result="Passed" start-time="2018-05-11 10:27:04Z" end-time="2018-05-11 10:27:04Z" duration="0.001429" asserts="1" />
          <test-case id="2-1011" name="CanSetManufactureForDynatrace" fullname="Dynatrace.OpenKit.OpenKitBuilderTest.CanSetManufactureForDynatrace" methodname="CanSetManufactureForDynatrace" classname="Dynatrace.OpenKit.OpenKitBuilderTest" runstate="Runnable" seed="1541135117" result="Passed" start-time="2018-05-11 10:27:04Z" end-time="2018-05-11 10:27:04Z" duration="0.000639" asserts="1" />
          <test-case id="2-1010" name="CanSetManufacturerForAppMon" fullname="Dynatrace.OpenKit.OpenKitBuilderTest.CanSetManufacturerForAppMon" methodname="CanSetManufacturerForAppMon" classname="Dynatrace.OpenKit.OpenKitBuilderTest" runstate="Runnable" seed="1840110225" result="Passed" start-time="2018-05-11 10:27:04Z" end-time="2018-05-11 10:27:04Z" duration="0.000398" asserts="1" />
          <test-case id="2-1012" name="CanSetModelIDForAppMon" fullname="Dynatrace.OpenKit.OpenKitBuilderTest.CanSetModelIDForAppMon" methodname="CanSetModelIDForAppMon" classname="Dynatrace.OpenKit.OpenKitBuilderTest" runstate="Runnable" seed="1517645870" result="Passed" start-time="2018-05-11 10:27:04Z" end-time="2018-05-11 10:27:04Z" duration="0.000900" asserts="1" />
          <test-case id="2-1013" name="CanSetModelIDForDynatrace" fullname="Dynatrace.OpenKit.OpenKitBuilderTest.CanSetModelIDForDynatrace" methodname="CanSetModelIDForDynatrace" classname="Dynatrace.OpenKit.OpenKitBuilderTest" runstate="Runnable" seed="668792489" result="Passed" start-time="2018-05-11 10:27:04Z" end-time="2018-05-11 10:27:04Z" duration="0.000411" asserts="1" />
          <test-case id="2-1008" name="CanSetOperatingSystemForAppMon" fullname="Dynatrace.OpenKit.OpenKitBuilderTest.CanSetOperatingSystemForAppMon" methodname="CanSetOperatingSystemForAppMon" classname="Dynatrace.OpenKit.OpenKitBuilderTest" runstate="Runnable" seed="1426795262" result="Passed" start-time="2018-05-11 10:27:04Z" end-time="2018-05-11 10:27:04Z" duration="0.000897" asserts="1" />
          <test-case id="2-1009" name="CanSetOperatingSystemForDynatrace" fullname="Dynatrace.OpenKit.OpenKitBuilderTest.CanSetOperatingSystemForDynatrace" methodname="CanSetOperatingSystemForDynatrace" classname="Dynatrace.OpenKit.OpenKitBuilderTest" runstate="Runnable" seed="556255995" result="Passed" start-time="2018-05-11 10:27:04Z" end-time="2018-05-11 10:27:04Z" duration="0.000380" asserts="1" />
          <test-case id="2-1016" name="DefaultLoggerIsUsedByDefault" fullname="Dynatrace.OpenKit.OpenKitBuilderTest.DefaultLoggerIsUsedByDefault" methodname="DefaultLoggerIsUsedByDefault" classname="Dynatrace.OpenKit.OpenKitBuilderTest" runstate="Runnable" seed="1749864572" result="Passed" start-time="2018-05-11 10:27:04Z" end-time="2018-05-11 10:27:04Z" duration="0.000400" asserts="3" />
          <test-case id="2-1001" name="DefaultsAreSetForAppMon" fullname="Dynatrace.OpenKit.OpenKitBuilderTest.DefaultsAreSetForAppMon" methodname="DefaultsAreSetForAppMon" classname="Dynatrace.OpenKit.OpenKitBuilderTest" runstate="Runnable" seed="461510288" result="Passed" start-time="2018-05-11 10:27:04Z" end-time="2018-05-11 10:27:04Z" duration="0.001042" asserts="9" />
          <test-case id="2-1002" name="DefaultsAreSetForDynatrace" fullname="Dynatrace.OpenKit.OpenKitBuilderTest.DefaultsAreSetForDynatrace" methodname="DefaultsAreSetForDynatrace" classname="Dynatrace.OpenKit.OpenKitBuilderTest" runstate="Runnable" seed="1290418292" result="Passed" start-time="2018-05-11 10:27:04Z" end-time="2018-05-11 10:27:04Z" duration="0.000334" asserts="9" />
          <test-case id="2-1017" name="VerboseIsUsedInDefaultLogger" fullname="Dynatrace.OpenKit.OpenKitBuilderTest.VerboseIsUsedInDefaultLogger" methodname="VerboseIsUsedInDefaultLogger" classname="Dynatrace.OpenKit.OpenKitBuilderTest" runstate="Runnable" seed="687658624" result="Passed" start-time="2018-05-11 10:27:04Z" end-time="2018-05-11 10:27:04Z" duration="0.001065" asserts="3" />
        </test-suite>
        <test-suite type="TestSuite" id="2-1421" name="Protocol" fullname="Dynatrace.OpenKit.Protocol" runstate="Runnable" testcasecount="53" result="Passed" start-time="2018-05-11 10:27:02Z" end-time="2018-05-11 10:27:04Z" duration="1.955344" total="53" passed="53" failed="0" warnings="0" inconclusive="0" skipped="0" asserts="90">
          <test-suite type="TestFixture" id="2-1036" name="BeaconTest" fullname="Dynatrace.OpenKit.Protocol.BeaconTest" classname="Dynatrace.OpenKit.Protocol.BeaconTest" runstate="Runnable" testcasecount="11" result="Passed" start-time="2018-05-11 10:27:04Z" end-time="2018-05-11 10:27:04Z" duration="0.028011" total="11" passed="11" failed="0" warnings="0" inconclusive="0" skipped="0" asserts="14">
            <test-case id="2-1044" name="CanAddBothSentBytesAndReceivedBytesToWebRequestTracer" fullname="Dynatrace.OpenKit.Protocol.BeaconTest.CanAddBothSentBytesAndReceivedBytesToWebRequestTracer" methodname="CanAddBothSentBytesAndReceivedBytesToWebRequestTracer" classname="Dynatrace.OpenKit.Protocol.BeaconTest" runstate="Runnable" seed="1400044234" result="Passed" start-time="2018-05-11 10:27:04Z" end-time="2018-05-11 10:27:04Z" duration="0.007199" asserts="1" />
            <test-case id="2-1041" name="CanAddReceivedBytesToWebRequestTracer" fullname="Dynatrace.OpenKit.Protocol.BeaconTest.CanAddReceivedBytesToWebRequestTracer" methodname="CanAddReceivedBytesToWebRequestTracer" classname="Dynatrace.OpenKit.Protocol.BeaconTest" runstate="Runnable" seed="1746999787" result="Passed" start-time="2018-05-11 10:27:04Z" end-time="2018-05-11 10:27:04Z" duration="0.001399" asserts="1" />
            <test-case id="2-1042" name="CanAddReceivedBytesValueZeroToWebRequestTracer" fullname="Dynatrace.OpenKit.Protocol.BeaconTest.CanAddReceivedBytesValueZeroToWebRequestTracer" methodname="CanAddReceivedBytesValueZeroToWebRequestTracer" classname="Dynatrace.OpenKit.Protocol.BeaconTest" runstate="Runnable" seed="584680961" result="Passed" start-time="2018-05-11 10:27:04Z" end-time="2018-05-11 10:27:04Z" duration="0.003754" asserts="1" />
            <test-case id="2-1045" name="CanAddRootActionIfCaptureIsOn" fullname="Dynatrace.OpenKit.Protocol.BeaconTest.CanAddRootActionIfCaptureIsOn" methodname="CanAddRootActionIfCaptureIsOn" classname="Dynatrace.OpenKit.Protocol.BeaconTest" runstate="Runnable" seed="635445020" result="Passed" start-time="2018-05-11 10:27:04Z" end-time="2018-05-11 10:27:04Z" duration="0.002461" asserts="1" />
            <test-case id="2-1038" name="CanAddSentBytesToWebRequestTracer" fullname="Dynatrace.OpenKit.Protocol.BeaconTest.CanAddSentBytesToWebRequestTracer" methodname="CanAddSentBytesToWebRequestTracer" classname="Dynatrace.OpenKit.Protocol.BeaconTest" runstate="Runnable" seed="850149957" result="Passed" start-time="2018-05-11 10:27:04Z" end-time="2018-05-11 10:27:04Z" duration="0.001746" asserts="1" />
            <test-case id="2-1039" name="CanAddSentBytesValueZeroToWebRequestTracer" fullname="Dynatrace.OpenKit.Protocol.BeaconTest.CanAddSentBytesValueZeroToWebRequestTracer" methodname="CanAddSentBytesValueZeroToWebRequestTracer" classname="Dynatrace.OpenKit.Protocol.BeaconTest" runstate="Runnable" seed="608601217" result="Passed" start-time="2018-05-11 10:27:04Z" end-time="2018-05-11 10:27:04Z" duration="0.001465" asserts="1" />
            <test-case id="2-1037" name="CanAddUserIdentifyEvent" fullname="Dynatrace.OpenKit.Protocol.BeaconTest.CanAddUserIdentifyEvent" methodname="CanAddUserIdentifyEvent" classname="Dynatrace.OpenKit.Protocol.BeaconTest" runstate="Runnable" seed="137284601" result="Passed" start-time="2018-05-11 10:27:04Z" end-time="2018-05-11 10:27:04Z" duration="0.001811" asserts="1" />
            <test-case id="2-1043" name="CannotAddReceivedBytesWithInvalidValueSmallerZeroToWebRequestTracer" fullname="Dynatrace.OpenKit.Protocol.BeaconTest.CannotAddReceivedBytesWithInvalidValueSmallerZeroToWebRequestTracer" methodname="CannotAddReceivedBytesWithInvalidValueSmallerZeroToWebRequestTracer" classname="Dynatrace.OpenKit.Protocol.BeaconTest" runstate="Runnable" seed="595343846" result="Passed" start-time="2018-05-11 10:27:04Z" end-time="2018-05-11 10:27:04Z" duration="0.001610" asserts="1" />
            <test-case id="2-1046" name="CannotAddRootActionIfCaptureIsOff" fullname="Dynatrace.OpenKit.Protocol.BeaconTest.CannotAddRootActionIfCaptureIsOff" methodname="CannotAddRootActionIfCaptureIsOff" classname="Dynatrace.OpenKit.Protocol.BeaconTest" runstate="Runnable" seed="185608833" result="Passed" start-time="2018-05-11 10:27:04Z" end-time="2018-05-11 10:27:04Z" duration="0.001148" asserts="1" />
            <test-case id="2-1040" name="CannotAddSentBytesWithInvalidValueSmallerZeroToWebRequestTracer" fullname="Dynatrace.OpenKit.Protocol.BeaconTest.CannotAddSentBytesWithInvalidValueSmallerZeroToWebRequestTracer" methodname="CannotAddSentBytesWithInvalidValueSmallerZeroToWebRequestTracer" classname="Dynatrace.OpenKit.Protocol.BeaconTest" runstate="Runnable" seed="502570213" result="Passed" start-time="2018-05-11 10:27:04Z" end-time="2018-05-11 10:27:04Z" duration="0.001692" asserts="1" />
            <test-case id="2-1047" name="ClearDataClearsActionAndEventData" fullname="Dynatrace.OpenKit.Protocol.BeaconTest.ClearDataClearsActionAndEventData" methodname="ClearDataClearsActionAndEventData" classname="Dynatrace.OpenKit.Protocol.BeaconTest" runstate="Runnable" seed="1716232998" result="Passed" start-time="2018-05-11 10:27:04Z" end-time="2018-05-11 10:27:04Z" duration="0.002595" asserts="4" />
          </test-suite>
          <test-suite type="TestFixture" id="2-1048" name="StatusResponseTest" fullname="Dynatrace.OpenKit.Protocol.StatusResponseTest" classname="Dynatrace.OpenKit.Protocol.StatusResponseTest" runstate="Runnable" testcasecount="30" result="Passed" start-time="2018-05-11 10:27:04Z" end-time="2018-05-11 10:27:04Z" duration="0.071237" total="30" passed="30" failed="0" warnings="0" inconclusive="0" skipped="0" asserts="60">
            <test-case id="2-1059" name="AmpersandIsNotAValidKeyValueSeparator" fullname="Dynatrace.OpenKit.Protocol.StatusResponseTest.AmpersandIsNotAValidKeyValueSeparator" methodname="AmpersandIsNotAValidKeyValueSeparator" classname="Dynatrace.OpenKit.Protocol.StatusResponseTest" runstate="Runnable" seed="870323408" result="Passed" start-time="2018-05-11 10:27:04Z" end-time="2018-05-11 10:27:04Z" duration="0.010791" asserts="1" />
            <test-case id="2-1076" name="CaptureCrashesIsFalseWhenItIsEqualToZero" fullname="Dynatrace.OpenKit.Protocol.StatusResponseTest.CaptureCrashesIsFalseWhenItIsEqualToZero" methodname="CaptureCrashesIsFalseWhenItIsEqualToZero" classname="Dynatrace.OpenKit.Protocol.StatusResponseTest" runstate="Runnable" seed="642885580" result="Passed" start-time="2018-05-11 10:27:04Z" end-time="2018-05-11 10:27:04Z" duration="0.000674" asserts="1" />
            <test-case id="2-1075" name="CaptureCrashesIsTrueWhenItIsNotEqualToZero" fullname="Dynatrace.OpenKit.Protocol.StatusResponseTest.CaptureCrashesIsTrueWhenItIsNotEqualToZero" methodname="CaptureCrashesIsTrueWhenItIsNotEqualToZero" classname="Dynatrace.OpenKit.Protocol.StatusResponseTest" runstate="Runnable" seed="1046492839" result="Passed" start-time="2018-05-11 10:27:04Z" end-time="2018-05-11 10:27:04Z" duration="0.001843" asserts="3" />
            <test-case id="2-1073" name="CaptureErrorsIsFalseWhenItIsEqualToZero" fullname="Dynatrace.OpenKit.Protocol.StatusResponseTest.CaptureErrorsIsFalseWhenItIsEqualToZero" methodname="CaptureErrorsIsFalseWhenItIsEqualToZero" classname="Dynatrace.OpenKit.Protocol.StatusResponseTest" runstate="Runnable" seed="425302296" result="Passed" start-time="2018-05-11 10:27:04Z" end-time="2018-05-11 10:27:04Z" duration="0.000731" asserts="1" />
            <test-case id="2-1072" name="CaptureErrorsIsTrueWhenItIsNotEqualToZero" fullname="Dynatrace.OpenKit.Protocol.StatusResponseTest.CaptureErrorsIsTrueWhenItIsNotEqualToZero" methodname="CaptureErrorsIsTrueWhenItIsNotEqualToZero" classname="Dynatrace.OpenKit.Protocol.StatusResponseTest" runstate="Runnable" seed="517055659" result="Passed" start-time="2018-05-11 10:27:04Z" end-time="2018-05-11 10:27:04Z" duration="0.000471" asserts="3" />
            <test-case id="2-1061" name="CaptureIsFalseWhenItIsNotEqualToOne" fullname="Dynatrace.OpenKit.Protocol.StatusResponseTest.CaptureIsFalseWhenItIsNotEqualToOne" methodname="CaptureIsFalseWhenItIsNotEqualToOne" classname="Dynatrace.OpenKit.Protocol.StatusResponseTest" runstate="Runnable" seed="2115247293" result="Passed" start-time="2018-05-11 10:27:04Z" end-time="2018-05-11 10:27:04Z" duration="0.000416" asserts="3" />
            <test-case id="2-1060" name="CaptureIsTrueWhenItIsEqualToOne" fullname="Dynatrace.OpenKit.Protocol.StatusResponseTest.CaptureIsTrueWhenItIsEqualToOne" methodname="CaptureIsTrueWhenItIsEqualToOne" classname="Dynatrace.OpenKit.Protocol.StatusResponseTest" runstate="Runnable" seed="272526637" result="Passed" start-time="2018-05-11 10:27:04Z" end-time="2018-05-11 10:27:04Z" duration="0.000238" asserts="1" />
            <test-case id="2-1056" name="DefaultCaptureCrashesIsOn" fullname="Dynatrace.OpenKit.Protocol.StatusResponseTest.DefaultCaptureCrashesIsOn" methodname="DefaultCaptureCrashesIsOn" classname="Dynatrace.OpenKit.Protocol.StatusResponseTest" runstate="Runnable" seed="1569947272" result="Passed" start-time="2018-05-11 10:27:04Z" end-time="2018-05-11 10:27:04Z" duration="0.000303" asserts="1" />
            <test-case id="2-1057" name="DefaultCaptureErrorsIsOn" fullname="Dynatrace.OpenKit.Protocol.StatusResponseTest.DefaultCaptureErrorsIsOn" methodname="DefaultCaptureErrorsIsOn" classname="Dynatrace.OpenKit.Protocol.StatusResponseTest" runstate="Runnable" seed="1502088508" result="Passed" start-time="2018-05-11 10:27:04Z" end-time="2018-05-11 10:27:04Z" duration="0.000234" asserts="1" />
            <test-case id="2-1051" name="DefaultCaptureIsOn" fullname="Dynatrace.OpenKit.Protocol.StatusResponseTest.DefaultCaptureIsOn" methodname="DefaultCaptureIsOn" classname="Dynatrace.OpenKit.Protocol.StatusResponseTest" runstate="Runnable" seed="1070044385" result="Passed" start-time="2018-05-11 10:27:04Z" end-time="2018-05-11 10:27:04Z" duration="0.000230" asserts="1" />
            <test-case id="2-1055" name="DefaultMaxBeaconSizeIsMinusOne" fullname="Dynatrace.OpenKit.Protocol.StatusResponseTest.DefaultMaxBeaconSizeIsMinusOne" methodname="DefaultMaxBeaconSizeIsMinusOne" classname="Dynatrace.OpenKit.Protocol.StatusResponseTest" runstate="Runnable" seed="2126544941" result="Passed" start-time="2018-05-11 10:27:04Z" end-time="2018-05-11 10:27:04Z" duration="0.000262" asserts="1" />
            <test-case id="2-1053" name="DefaultMonitorNameIsNull" fullname="Dynatrace.OpenKit.Protocol.StatusResponseTest.DefaultMonitorNameIsNull" methodname="DefaultMonitorNameIsNull" classname="Dynatrace.OpenKit.Protocol.StatusResponseTest" runstate="Runnable" seed="978169573" result="Passed" start-time="2018-05-11 10:27:04Z" end-time="2018-05-11 10:27:04Z" duration="0.000228" asserts="1" />
            <test-case id="2-1052" name="DefaultSendIntervalIsMinusOne" fullname="Dynatrace.OpenKit.Protocol.StatusResponseTest.DefaultSendIntervalIsMinusOne" methodname="DefaultSendIntervalIsMinusOne" classname="Dynatrace.OpenKit.Protocol.StatusResponseTest" runstate="Runnable" seed="1286752728" result="Passed" start-time="2018-05-11 10:27:04Z" end-time="2018-05-11 10:27:04Z" duration="0.000251" asserts="1" />
            <test-case id="2-1054" name="DefaultServerIDIsMinusOne" fullname="Dynatrace.OpenKit.Protocol.StatusResponseTest.DefaultServerIDIsMinusOne" methodname="DefaultServerIDIsMinusOne" classname="Dynatrace.OpenKit.Protocol.StatusResponseTest" runstate="Runnable" seed="379487742" result="Passed" start-time="2018-05-11 10:27:04Z" end-time="2018-05-11 10:27:04Z" duration="0.000245" asserts="1" />
            <test-case id="2-1058" name="OddNumberOfTokensThrowsException" fullname="Dynatrace.OpenKit.Protocol.StatusResponseTest.OddNumberOfTokensThrowsException" methodname="OddNumberOfTokensThrowsException" classname="Dynatrace.OpenKit.Protocol.StatusResponseTest" runstate="Runnable" seed="1969722161" result="Passed" start-time="2018-05-11 10:27:04Z" end-time="2018-05-11 10:27:04Z" duration="0.000854" asserts="1" />
            <test-case id="2-1071" name="ParsingInvalidMaxBeaconSizeThrowsException" fullname="Dynatrace.OpenKit.Protocol.StatusResponseTest.ParsingInvalidMaxBeaconSizeThrowsException" methodname="ParsingInvalidMaxBeaconSizeThrowsException" classname="Dynatrace.OpenKit.Protocol.StatusResponseTest" runstate="Runnable" seed="862705841" result="Passed" start-time="2018-05-11 10:27:04Z" end-time="2018-05-11 10:27:04Z" duration="0.037188" asserts="3" />
            <test-case id="2-1077" name="ParsingInvalidNumericValueForCaptureCrashesThrowsException" fullname="Dynatrace.OpenKit.Protocol.StatusResponseTest.ParsingInvalidNumericValueForCaptureCrashesThrowsException" methodname="ParsingInvalidNumericValueForCaptureCrashesThrowsException" classname="Dynatrace.OpenKit.Protocol.StatusResponseTest" runstate="Runnable" seed="2146291220" result="Passed" start-time="2018-05-11 10:27:04Z" end-time="2018-05-11 10:27:04Z" duration="0.001372" asserts="3" />
            <test-case id="2-1074" name="ParsingInvalidNumericValueForCaptureErrorsThrowsException" fullname="Dynatrace.OpenKit.Protocol.StatusResponseTest.ParsingInvalidNumericValueForCaptureErrorsThrowsException" methodname="ParsingInvalidNumericValueForCaptureErrorsThrowsException" classname="Dynatrace.OpenKit.Protocol.StatusResponseTest" runstate="Runnable" seed="1359780410" result="Passed" start-time="2018-05-11 10:27:04Z" end-time="2018-05-11 10:27:04Z" duration="0.001387" asserts="3" />
            <test-case id="2-1062" name="ParsingInvalidNumericValueForCaptureThrowsException" fullname="Dynatrace.OpenKit.Protocol.StatusResponseTest.ParsingInvalidNumericValueForCaptureThrowsException" methodname="ParsingInvalidNumericValueForCaptureThrowsException" classname="Dynatrace.OpenKit.Protocol.StatusResponseTest" runstate="Runnable" seed="1856798242" result="Passed" start-time="2018-05-11 10:27:04Z" end-time="2018-05-11 10:27:04Z" duration="0.001329" asserts="3" />
            <test-case id="2-1065" name="ParsingInvalidSendIntervalThrowsException" fullname="Dynatrace.OpenKit.Protocol.StatusResponseTest.ParsingInvalidSendIntervalThrowsException" methodname="ParsingInvalidSendIntervalThrowsException" classname="Dynatrace.OpenKit.Protocol.StatusResponseTest" runstate="Runnable" seed="1133168077" result="Passed" start-time="2018-05-11 10:27:04Z" end-time="2018-05-11 10:27:04Z" duration="0.001323" asserts="3" />
            <test-case id="2-1068" name="ParsingInvalidServerIDThrowsException" fullname="Dynatrace.OpenKit.Protocol.StatusResponseTest.ParsingInvalidServerIDThrowsException" methodname="ParsingInvalidServerIDThrowsException" classname="Dynatrace.OpenKit.Protocol.StatusResponseTest" runstate="Runnable" seed="541740249" result="Passed" start-time="2018-05-11 10:27:04Z" end-time="2018-05-11 10:27:04Z" duration="0.001340" asserts="3" />
            <test-case id="2-1069" name="ParsingMaxBeaconSize" fullname="Dynatrace.OpenKit.Protocol.StatusResponseTest.ParsingMaxBeaconSize" methodname="ParsingMaxBeaconSize" classname="Dynatrace.OpenKit.Protocol.StatusResponseTest" runstate="Runnable" seed="2025898102" result="Passed" start-time="2018-05-11 10:27:04Z" end-time="2018-05-11 10:27:04Z" duration="0.001147" asserts="5" />
            <test-case id="2-1066" name="ParsingMonitorNames" fullname="Dynatrace.OpenKit.Protocol.StatusResponseTest.ParsingMonitorNames" methodname="ParsingMonitorNames" classname="Dynatrace.OpenKit.Protocol.StatusResponseTest" runstate="Runnable" seed="341873034" result="Passed" start-time="2018-05-11 10:27:04Z" end-time="2018-05-11 10:27:04Z" duration="0.001476" asserts="3" />
            <test-case id="2-1063" name="ParsingSendInterval" fullname="Dynatrace.OpenKit.Protocol.StatusResponseTest.ParsingSendInterval" methodname="ParsingSendInterval" classname="Dynatrace.OpenKit.Protocol.StatusResponseTest" runstate="Runnable" seed="974095936" result="Passed" start-time="2018-05-11 10:27:04Z" end-time="2018-05-11 10:27:04Z" duration="0.001528" asserts="5" />
            <test-case id="2-1070" name="ParsingTooBigMaxBeaconSizeOverflows" fullname="Dynatrace.OpenKit.Protocol.StatusResponseTest.ParsingTooBigMaxBeaconSizeOverflows" methodname="ParsingTooBigMaxBeaconSizeOverflows" classname="Dynatrace.OpenKit.Protocol.StatusResponseTest" runstate="Runnable" seed="228761" result="Passed" start-time="2018-05-11 10:27:04Z" end-time="2018-05-11 10:27:04Z" duration="0.000438" asserts="2" />
            <test-case id="2-1064" name="ParsingTooBigSendIntervalOverflows" fullname="Dynatrace.OpenKit.Protocol.StatusResponseTest.ParsingTooBigSendIntervalOverflows" methodname="ParsingTooBigSendIntervalOverflows" classname="Dynatrace.OpenKit.Protocol.StatusResponseTest" runstate="Runnable" seed="220625757" result="Passed" start-time="2018-05-11 10:27:04Z" end-time="2018-05-11 10:27:04Z" duration="0.000350" asserts="2" />
            <test-case id="2-1050" name="PassingEmptyResponseStringDoesNotThrow" fullname="Dynatrace.OpenKit.Protocol.StatusResponseTest.PassingEmptyResponseStringDoesNotThrow" methodname="PassingEmptyResponseStringDoesNotThrow" classname="Dynatrace.OpenKit.Protocol.StatusResponseTest" runstate="Runnable" seed="580118136" result="Passed" start-time="2018-05-11 10:27:04Z" end-time="2018-05-11 10:27:04Z" duration="0.001242" asserts="1" />
            <test-case id="2-1049" name="PassingNullResponseStringDoesNotThrow" fullname="Dynatrace.OpenKit.Protocol.StatusResponseTest.PassingNullResponseStringDoesNotThrow" methodname="PassingNullResponseStringDoesNotThrow" classname="Dynatrace.OpenKit.Protocol.StatusResponseTest" runstate="Runnable" seed="794438078" result="Passed" start-time="2018-05-11 10:27:04Z" end-time="2018-05-11 10:27:04Z" duration="0.001536" asserts="1" />
            <test-case id="2-1078" name="ResponseCodeIsSet" fullname="Dynatrace.OpenKit.Protocol.StatusResponseTest.ResponseCodeIsSet" methodname="ResponseCodeIsSet" classname="Dynatrace.OpenKit.Protocol.StatusResponseTest" runstate="Runnable" seed="2111658075" result="Passed" start-time="2018-05-11 10:27:04Z" end-time="2018-05-11 10:27:04Z" duration="0.000324" asserts="1" />
            <test-case id="2-1067" name="ServerIDIsParsed" fullname="Dynatrace.OpenKit.Protocol.StatusResponseTest.ServerIDIsParsed" methodname="ServerIDIsParsed" classname="Dynatrace.OpenKit.Protocol.StatusResponseTest" runstate="Runnable" seed="548047485" result="Passed" start-time="2018-05-11 10:27:04Z" end-time="2018-05-11 10:27:04Z" duration="0.000658" asserts="1" />
          </test-suite>
          <test-suite type="TestFixture" id="2-1079" name="TimeSyncResponseTest" fullname="Dynatrace.OpenKit.Protocol.TimeSyncResponseTest" classname="Dynatrace.OpenKit.Protocol.TimeSyncResponseTest" runstate="Runnable" testcasecount="12" result="Passed" start-time="2018-05-11 10:27:04Z" end-time="2018-05-11 10:27:04Z" duration="0.006227" total="12" passed="12" failed="0" warnings="0" inconclusive="0" skipped="0" asserts="16">
            <test-case id="2-1085" name="AmpersandIsNotAValidKeyValueSeparator" fullname="Dynatrace.OpenKit.Protocol.TimeSyncResponseTest.AmpersandIsNotAValidKeyValueSeparator" methodname="AmpersandIsNotAValidKeyValueSeparator" classname="Dynatrace.OpenKit.Protocol.TimeSyncResponseTest" runstate="Runnable" seed="1277580436" result="Passed" start-time="2018-05-11 10:27:04Z" end-time="2018-05-11 10:27:04Z" duration="0.000914" asserts="1" />
            <test-case id="2-1084" name="OddNumberOfTokensThrowsException" fullname="Dynatrace.OpenKit.Protocol.TimeSyncResponseTest.OddNumberOfTokensThrowsException" methodname="OddNumberOfTokensThrowsException" classname="Dynatrace.OpenKit.Protocol.TimeSyncResponseTest" runstate="Runnable" seed="2072616220" result="Passed" start-time="2018-05-11 10:27:04Z" end-time="2018-05-11 10:27:04Z" duration="0.000456" asserts="1" />
            <test-case id="2-1089" name="ParsingInvalidRequestReceiveTimeThrowsException" fullname="Dynatrace.OpenKit.Protocol.TimeSyncResponseTest.ParsingInvalidRequestReceiveTimeThrowsException" methodname="ParsingInvalidRequestReceiveTimeThrowsException" classname="Dynatrace.OpenKit.Protocol.TimeSyncResponseTest" runstate="Runnable" seed="9533059" result="Passed" start-time="2018-05-11 10:27:04Z" end-time="2018-05-11 10:27:04Z" duration="0.001052" asserts="3" />
            <test-case id="2-1087" name="ParsingInvalidResponseSendTimeThrowsException" fullname="Dynatrace.OpenKit.Protocol.TimeSyncResponseTest.ParsingInvalidResponseSendTimeThrowsException" methodname="ParsingInvalidResponseSendTimeThrowsException" classname="Dynatrace.OpenKit.Protocol.TimeSyncResponseTest" runstate="Runnable" seed="1503372620" result="Passed" start-time="2018-05-11 10:27:04Z" end-time="2018-05-11 10:27:04Z" duration="0.001028" asserts="3" />
            <test-case id="2-1090" name="ParsingUnknownKeyValueDoesNothing" fullname="Dynatrace.OpenKit.Protocol.TimeSyncResponseTest.ParsingUnknownKeyValueDoesNothing" methodname="ParsingUnknownKeyValueDoesNothing" classname="Dynatrace.OpenKit.Protocol.TimeSyncResponseTest" runstate="Runnable" seed="1159734987" result="Passed" start-time="2018-05-11 10:27:04Z" end-time="2018-05-11 10:27:04Z" duration="0.000428" asserts="1" />
            <test-case id="2-1081" name="PassingEmptyResponseStringDoesNotThrow" fullname="Dynatrace.OpenKit.Protocol.TimeSyncResponseTest.PassingEmptyResponseStringDoesNotThrow" methodname="PassingEmptyResponseStringDoesNotThrow" classname="Dynatrace.OpenKit.Protocol.TimeSyncResponseTest" runstate="Runnable" seed="206691447" result="Passed" start-time="2018-05-11 10:27:04Z" end-time="2018-05-11 10:27:04Z" duration="0.000416" asserts="1" />
            <test-case id="2-1080" name="PassingNullResponseStringDoesNotThrow" fullname="Dynatrace.OpenKit.Protocol.TimeSyncResponseTest.PassingNullResponseStringDoesNotThrow" methodname="PassingNullResponseStringDoesNotThrow" classname="Dynatrace.OpenKit.Protocol.TimeSyncResponseTest" runstate="Runnable" seed="767913969" result="Passed" start-time="2018-05-11 10:27:04Z" end-time="2018-05-11 10:27:04Z" duration="0.000380" asserts="1" />
            <test-case id="2-1088" name="RequestReceiveTimeIsParsed" fullname="Dynatrace.OpenKit.Protocol.TimeSyncResponseTest.RequestReceiveTimeIsParsed" methodname="RequestReceiveTimeIsParsed" classname="Dynatrace.OpenKit.Protocol.TimeSyncResponseTest" runstate="Runnable" seed="1014260385" result="Passed" start-time="2018-05-11 10:27:04Z" end-time="2018-05-11 10:27:04Z" duration="0.000263" asserts="1" />
            <test-case id="2-1091" name="ResponseCodeIsSet" fullname="Dynatrace.OpenKit.Protocol.TimeSyncResponseTest.ResponseCodeIsSet" methodname="ResponseCodeIsSet" classname="Dynatrace.OpenKit.Protocol.TimeSyncResponseTest" runstate="Runnable" seed="1399479557" result="Passed" start-time="2018-05-11 10:27:04Z" end-time="2018-05-11 10:27:04Z" duration="0.000208" asserts="1" />
            <test-case id="2-1086" name="ResponseSendTimeIsParsed" fullname="Dynatrace.OpenKit.Protocol.TimeSyncResponseTest.ResponseSendTimeIsParsed" methodname="ResponseSendTimeIsParsed" classname="Dynatrace.OpenKit.Protocol.TimeSyncResponseTest" runstate="Runnable" seed="1487787755" result="Passed" start-time="2018-05-11 10:27:04Z" end-time="2018-05-11 10:27:04Z" duration="0.000255" asserts="1" />
            <test-case id="2-1082" name="TheDefaultRequestReceiveTimeIsMinusOne" fullname="Dynatrace.OpenKit.Protocol.TimeSyncResponseTest.TheDefaultRequestReceiveTimeIsMinusOne" methodname="TheDefaultRequestReceiveTimeIsMinusOne" classname="Dynatrace.OpenKit.Protocol.TimeSyncResponseTest" runstate="Runnable" seed="168984096" result="Passed" start-time="2018-05-11 10:27:04Z" end-time="2018-05-11 10:27:04Z" duration="0.000251" asserts="1" />
            <test-case id="2-1083" name="TheDefaultResponseSendTimeIsMinusOne" fullname="Dynatrace.OpenKit.Protocol.TimeSyncResponseTest.TheDefaultResponseSendTimeIsMinusOne" methodname="TheDefaultResponseSendTimeIsMinusOne" classname="Dynatrace.OpenKit.Protocol.TimeSyncResponseTest" runstate="Runnable" seed="1733062345" result="Passed" start-time="2018-05-11 10:27:04Z" end-time="2018-05-11 10:27:04Z" duration="0.000237" asserts="1" />
          </test-suite>
        </test-suite>
        <test-suite type="TestSuite" id="2-1420" name="Providers" fullname="Dynatrace.OpenKit.Providers" runstate="Runnable" testcasecount="9" result="Passed" start-time="2018-05-11 10:27:02Z" end-time="2018-05-11 10:27:04Z" duration="2.006772" total="9" passed="9" failed="0" warnings="0" inconclusive="0" skipped="0" asserts="9">
          <test-suite type="TestFixture" id="2-1024" name="DefaultSessionIDProviderTest" fullname="Dynatrace.OpenKit.Providers.DefaultSessionIDProviderTest" classname="Dynatrace.OpenKit.Providers.DefaultSessionIDProviderTest" runstate="Runnable" testcasecount="4" result="Passed" start-time="2018-05-11 10:27:04Z" end-time="2018-05-11 10:27:04Z" duration="0.002534" total="4" passed="4" failed="0" warnings="0" inconclusive="0" skipped="0" asserts="4">
            <test-case id="2-1027" name="aProviderInitializedWithMaxIntValueProvidesMinSessionIdValueAtNextCall" fullname="Dynatrace.OpenKit.Providers.DefaultSessionIDProviderTest.aProviderInitializedWithMaxIntValueProvidesMinSessionIdValueAtNextCall" methodname="aProviderInitializedWithMaxIntValueProvidesMinSessionIdValueAtNextCall" classname="Dynatrace.OpenKit.Providers.DefaultSessionIDProviderTest" runstate="Runnable" seed="1737218197" result="Passed" start-time="2018-05-11 10:27:04Z" end-time="2018-05-11 10:27:04Z" duration="0.000656" asserts="1" />
            <test-case id="2-1028" name="aProviderInitializedWithZeroProvidesMinSessionIdValueAtNextCall" fullname="Dynatrace.OpenKit.Providers.DefaultSessionIDProviderTest.aProviderInitializedWithZeroProvidesMinSessionIdValueAtNextCall" methodname="aProviderInitializedWithZeroProvidesMinSessionIdValueAtNextCall" classname="Dynatrace.OpenKit.Providers.DefaultSessionIDProviderTest" runstate="Runnable" seed="1076949223" result="Passed" start-time="2018-05-11 10:27:04Z" end-time="2018-05-11 10:27:04Z" duration="0.000235" asserts="1" />
            <test-case id="2-1026" name="DefaultSessionIDProviderReturnsConsecutiveIDs" fullname="Dynatrace.OpenKit.Providers.DefaultSessionIDProviderTest.DefaultSessionIDProviderReturnsConsecutiveIDs" methodname="DefaultSessionIDProviderReturnsConsecutiveIDs" classname="Dynatrace.OpenKit.Providers.DefaultSessionIDProviderTest" runstate="Runnable" seed="483726029" result="Passed" start-time="2018-05-11 10:27:04Z" end-time="2018-05-11 10:27:04Z" duration="0.000265" asserts="1" />
            <test-case id="2-1025" name="DefaultSessionIDProviderReturnsNonNegativeID" fullname="Dynatrace.OpenKit.Providers.DefaultSessionIDProviderTest.DefaultSessionIDProviderReturnsNonNegativeID" methodname="DefaultSessionIDProviderReturnsNonNegativeID" classname="Dynatrace.OpenKit.Providers.DefaultSessionIDProviderTest" runstate="Runnable" seed="486110923" result="Passed" start-time="2018-05-11 10:27:04Z" end-time="2018-05-11 10:27:04Z" duration="0.001142" asserts="1" />
          </test-suite>
          <test-suite type="TestFixture" id="2-1034" name="DefaultThreadIDProviderTest" fullname="Dynatrace.OpenKit.Providers.DefaultThreadIDProviderTest" classname="Dynatrace.OpenKit.Providers.DefaultThreadIDProviderTest" runstate="Runnable" testcasecount="1" result="Passed" start-time="2018-05-11 10:27:04Z" end-time="2018-05-11 10:27:04Z" duration="0.001225" total="1" passed="1" failed="0" warnings="0" inconclusive="0" skipped="0" asserts="1">
            <test-case id="2-1035" name="CurrentThreadIDIsReturned" fullname="Dynatrace.OpenKit.Providers.DefaultThreadIDProviderTest.CurrentThreadIDIsReturned" methodname="CurrentThreadIDIsReturned" classname="Dynatrace.OpenKit.Providers.DefaultThreadIDProviderTest" runstate="Runnable" seed="1855496089" result="Passed" start-time="2018-05-11 10:27:04Z" end-time="2018-05-11 10:27:04Z" duration="0.001038" asserts="1" />
          </test-suite>
          <test-suite type="TestFixture" id="2-1029" name="DefaultTimingProviderTest" fullname="Dynatrace.OpenKit.Providers.DefaultTimingProviderTest" classname="Dynatrace.OpenKit.Providers.DefaultTimingProviderTest" runstate="Runnable" testcasecount="4" result="Passed" start-time="2018-05-11 10:27:04Z" end-time="2018-05-11 10:27:04Z" duration="0.047597" total="4" passed="4" failed="0" warnings="0" inconclusive="0" skipped="0" asserts="4">
            <test-case id="2-1033" name="CanConvertToClusterTime" fullname="Dynatrace.OpenKit.Providers.DefaultTimingProviderTest.CanConvertToClusterTime" methodname="CanConvertToClusterTime" classname="Dynatrace.OpenKit.Providers.DefaultTimingProviderTest" runstate="Runnable" seed="647350260" result="Passed" start-time="2018-05-11 10:27:04Z" end-time="2018-05-11 10:27:04Z" duration="0.046305" asserts="1" />
            <test-case id="2-1032" name="TimeSyncIsNotSupportedIfInitCalledWithFalse" fullname="Dynatrace.OpenKit.Providers.DefaultTimingProviderTest.TimeSyncIsNotSupportedIfInitCalledWithFalse" methodname="TimeSyncIsNotSupportedIfInitCalledWithFalse" classname="Dynatrace.OpenKit.Providers.DefaultTimingProviderTest" runstate="Runnable" seed="2120032763" result="Passed" start-time="2018-05-11 10:27:04Z" end-time="2018-05-11 10:27:04Z" duration="0.000634" asserts="1" />
            <test-case id="2-1030" name="TimeSyncIsSupportedByDefault" fullname="Dynatrace.OpenKit.Providers.DefaultTimingProviderTest.TimeSyncIsSupportedByDefault" methodname="TimeSyncIsSupportedByDefault" classname="Dynatrace.OpenKit.Providers.DefaultTimingProviderTest" runstate="Runnable" seed="98402407" result="Passed" start-time="2018-05-11 10:27:04Z" end-time="2018-05-11 10:27:04Z" duration="0.000189" asserts="1" />
            <test-case id="2-1031" name="TimeSyncIsSupportedIfInitCalledWithTrue" fullname="Dynatrace.OpenKit.Providers.DefaultTimingProviderTest.TimeSyncIsSupportedIfInitCalledWithTrue" methodname="TimeSyncIsSupportedIfInitCalledWithTrue" classname="Dynatrace.OpenKit.Providers.DefaultTimingProviderTest" runstate="Runnable" seed="233179674" result="Passed" start-time="2018-05-11 10:27:04Z" end-time="2018-05-11 10:27:04Z" duration="0.000221" asserts="1" />
          </test-suite>
        </test-suite>
      </test-suite>
    </test-suite>
  </test-suite>
  <test-suite type="Assembly" id="3-1417" name="openkit-dotnetfull-4.0.Tests.dll" fullname="C:\workspaces\githubRepos\openkit-dotnet\tests\openkit-dotnetfull-4.0.Tests\bin\Coverage\openkit-dotnetfull-4.0.Tests.dll" runstate="Runnable" testcasecount="386" result="Passed" start-time="2018-05-11 10:27:02Z" end-time="2018-05-11 10:27:04Z" duration="2.209207" total="386" passed="386" failed="0" warnings="0" inconclusive="0" skipped="0" asserts="629">
    <environment framework-version="3.9.0.0" clr-version="4.0.30319.42000" os-version="Microsoft Windows NT 10.0.16299.0" platform="Win32NT" cwd="C:\workspaces\githubRepos\openkit-dotnet" machine-name="TAG009441733979" user="stefan.eberl" user-domain="DYNATRACE" culture="de-AT" uiculture="en-US" os-architecture="x64" />
    <settings>
      <setting name="DisposeRunners" value="True" />
      <setting name="WorkDirectory" value="C:\workspaces\githubRepos\openkit-dotnet" />
      <setting name="ImageRuntimeVersion" value="4.0.30319" />
      <setting name="ImageTargetFrameworkName" value=".NETFramework,Version=v4.0" />
      <setting name="ImageRequiresX86" value="False" />
      <setting name="ImageRequiresDefaultAppDomainAssemblyResolver" value="False" />
      <setting name="NumberOfTestWorkers" value="8" />
    </settings>
    <properties>
      <property name="_PID" value="10876" />
      <property name="_APPDOMAIN" value="domain-19e2bc28-openkit-dotnetfull-4.0.Tests.dll" />
    </properties>
    <test-suite type="TestSuite" id="3-1418" name="Dynatrace" fullname="Dynatrace" runstate="Runnable" testcasecount="386" result="Passed" start-time="2018-05-11 10:27:02Z" end-time="2018-05-11 10:27:04Z" duration="2.188773" total="386" passed="386" failed="0" warnings="0" inconclusive="0" skipped="0" asserts="629">
      <test-suite type="TestSuite" id="3-1419" name="OpenKit" fullname="Dynatrace.OpenKit" runstate="Runnable" testcasecount="386" result="Passed" start-time="2018-05-11 10:27:02Z" end-time="2018-05-11 10:27:04Z" duration="2.187810" total="386" passed="386" failed="0" warnings="0" inconclusive="0" skipped="0" asserts="629">
        <test-suite type="TestSuite" id="3-1422" name="Core" fullname="Dynatrace.OpenKit.Core" runstate="Runnable" testcasecount="301" result="Passed" start-time="2018-05-11 10:27:02Z" end-time="2018-05-11 10:27:04Z" duration="1.892604" total="301" passed="301" failed="0" warnings="0" inconclusive="0" skipped="0" asserts="474">
          <test-suite type="TestFixture" id="3-1092" name="ActionTest" fullname="Dynatrace.OpenKit.Core.ActionTest" classname="Dynatrace.OpenKit.Core.ActionTest" runstate="Runnable" testcasecount="45" result="Passed" start-time="2018-05-11 10:27:02Z" end-time="2018-05-11 10:27:03Z" duration="0.797667" total="45" passed="45" failed="0" warnings="0" inconclusive="0" skipped="0" asserts="81">
            <test-case id="3-1103" name="AfterLeavingAnActionItIsLeft" fullname="Dynatrace.OpenKit.Core.ActionTest.AfterLeavingAnActionItIsLeft" methodname="AfterLeavingAnActionItIsLeft" classname="Dynatrace.OpenKit.Core.ActionTest" runstate="Runnable" seed="1861748323" result="Passed" start-time="2018-05-11 10:27:02Z" end-time="2018-05-11 10:27:02Z" duration="0.569118" asserts="1" />
            <test-case id="3-1102" name="AnActionAddsItselfIntoListInContstructor" fullname="Dynatrace.OpenKit.Core.ActionTest.AnActionAddsItselfIntoListInContstructor" methodname="AnActionAddsItselfIntoListInContstructor" classname="Dynatrace.OpenKit.Core.ActionTest" runstate="Runnable" seed="1344231151" result="Passed" start-time="2018-05-11 10:27:02Z" end-time="2018-05-11 10:27:02Z" duration="0.036967" asserts="2" />
            <test-case id="3-1136" name="AnActionCanOnlyBeLeftOnce" fullname="Dynatrace.OpenKit.Core.ActionTest.AnActionCanOnlyBeLeftOnce" methodname="AnActionCanOnlyBeLeftOnce" classname="Dynatrace.OpenKit.Core.ActionTest" runstate="Runnable" seed="187281386" result="Passed" start-time="2018-05-11 10:27:02Z" end-time="2018-05-11 10:27:02Z" duration="0.051061" asserts="6" />
            <test-case id="3-1093" name="ANewlyCreatedActionHasAnID" fullname="Dynatrace.OpenKit.Core.ActionTest.ANewlyCreatedActionHasAnID" methodname="ANewlyCreatedActionHasAnID" classname="Dynatrace.OpenKit.Core.ActionTest" runstate="Runnable" seed="1751642861" result="Passed" start-time="2018-05-11 10:27:02Z" end-time="2018-05-11 10:27:02Z" duration="0.000959" asserts="1" />
            <test-case id="3-1101" name="ANewlyCreatedActionIsNotLeft" fullname="Dynatrace.OpenKit.Core.ActionTest.ANewlyCreatedActionIsNotLeft" methodname="ANewlyCreatedActionIsNotLeft" classname="Dynatrace.OpenKit.Core.ActionTest" runstate="Runnable" seed="597742067" result="Passed" start-time="2018-05-11 10:27:02Z" end-time="2018-05-11 10:27:02Z" duration="0.001730" asserts="1" />
            <test-case id="3-1137" name="DisposingAnActionLeavesTheAction" fullname="Dynatrace.OpenKit.Core.ActionTest.DisposingAnActionLeavesTheAction" methodname="DisposingAnActionLeavesTheAction" classname="Dynatrace.OpenKit.Core.ActionTest" runstate="Runnable" seed="707709091" result="Passed" start-time="2018-05-11 10:27:02Z" end-time="2018-05-11 10:27:02Z" duration="0.003249" asserts="3" />
            <test-case id="3-1100" name="EndSequenceNumberIsSetToMinusOne" fullname="Dynatrace.OpenKit.Core.ActionTest.EndSequenceNumberIsSetToMinusOne" methodname="EndSequenceNumberIsSetToMinusOne" classname="Dynatrace.OpenKit.Core.ActionTest" runstate="Runnable" seed="991007762" result="Passed" start-time="2018-05-11 10:27:02Z" end-time="2018-05-11 10:27:02Z" duration="0.006721" asserts="1" />
            <test-case id="3-1098" name="EndTimeIsSetToMinusOneInConstructor" fullname="Dynatrace.OpenKit.Core.ActionTest.EndTimeIsSetToMinusOneInConstructor" methodname="EndTimeIsSetToMinusOneInConstructor" classname="Dynatrace.OpenKit.Core.ActionTest" runstate="Runnable" seed="155362590" result="Passed" start-time="2018-05-11 10:27:02Z" end-time="2018-05-11 10:27:02Z" duration="0.000946" asserts="1" />
            <test-case id="3-1134" name="LeavingAnActionAddsItselfInTheBeacon" fullname="Dynatrace.OpenKit.Core.ActionTest.LeavingAnActionAddsItselfInTheBeacon" methodname="LeavingAnActionAddsItselfInTheBeacon" classname="Dynatrace.OpenKit.Core.ActionTest" runstate="Runnable" seed="1375204578" result="Passed" start-time="2018-05-11 10:27:02Z" end-time="2018-05-11 10:27:02Z" duration="0.005538" asserts="1" />
            <test-case id="3-1135" name="LeavingAnActionRemovesItselfFromListPassedInCtor" fullname="Dynatrace.OpenKit.Core.ActionTest.LeavingAnActionRemovesItselfFromListPassedInCtor" methodname="LeavingAnActionRemovesItselfFromListPassedInCtor" classname="Dynatrace.OpenKit.Core.ActionTest" runstate="Runnable" seed="617237637" result="Passed" start-time="2018-05-11 10:27:02Z" end-time="2018-05-11 10:27:02Z" duration="0.001107" asserts="1" />
            <test-case id="3-1131" name="LeavingAnActionReturnsTheParentAction" fullname="Dynatrace.OpenKit.Core.ActionTest.LeavingAnActionReturnsTheParentAction" methodname="LeavingAnActionReturnsTheParentAction" classname="Dynatrace.OpenKit.Core.ActionTest" runstate="Runnable" seed="379695018" result="Passed" start-time="2018-05-11 10:27:02Z" end-time="2018-05-11 10:27:02Z" duration="0.008982" asserts="3" />
            <test-case id="3-1133" name="LeavingAnActionSetsTheEndSequenceNumber" fullname="Dynatrace.OpenKit.Core.ActionTest.LeavingAnActionSetsTheEndSequenceNumber" methodname="LeavingAnActionSetsTheEndSequenceNumber" classname="Dynatrace.OpenKit.Core.ActionTest" runstate="Runnable" seed="58346985" result="Passed" start-time="2018-05-11 10:27:02Z" end-time="2018-05-11 10:27:02Z" duration="0.001181" asserts="1" />
            <test-case id="3-1132" name="LeavingAnActionSetsTheEndTimestamp" fullname="Dynatrace.OpenKit.Core.ActionTest.LeavingAnActionSetsTheEndTimestamp" methodname="LeavingAnActionSetsTheEndTimestamp" classname="Dynatrace.OpenKit.Core.ActionTest" runstate="Runnable" seed="1190528982" result="Passed" start-time="2018-05-11 10:27:02Z" end-time="2018-05-11 10:27:02Z" duration="0.001419" asserts="1" />
            <test-case id="3-1094" name="NameIsSet" fullname="Dynatrace.OpenKit.Core.ActionTest.NameIsSet" methodname="NameIsSet" classname="Dynatrace.OpenKit.Core.ActionTest" runstate="Runnable" seed="974091444" result="Passed" start-time="2018-05-11 10:27:02Z" end-time="2018-05-11 10:27:02Z" duration="0.001118" asserts="1" />
            <test-case id="3-1096" name="ParentIDIsEqualToParentActionsID" fullname="Dynatrace.OpenKit.Core.ActionTest.ParentIDIsEqualToParentActionsID" methodname="ParentIDIsEqualToParentActionsID" classname="Dynatrace.OpenKit.Core.ActionTest" runstate="Runnable" seed="532330781" result="Passed" start-time="2018-05-11 10:27:02Z" end-time="2018-05-11 10:27:02Z" duration="0.000900" asserts="1" />
            <test-case id="3-1095" name="ParentIDIsZeroIfActionHasNoParent" fullname="Dynatrace.OpenKit.Core.ActionTest.ParentIDIsZeroIfActionHasNoParent" methodname="ParentIDIsZeroIfActionHasNoParent" classname="Dynatrace.OpenKit.Core.ActionTest" runstate="Runnable" seed="1583667939" result="Passed" start-time="2018-05-11 10:27:02Z" end-time="2018-05-11 10:27:02Z" duration="0.000758" asserts="1" />
            <test-case id="3-1112" name="ReportDoubleValue" fullname="Dynatrace.OpenKit.Core.ActionTest.ReportDoubleValue" methodname="ReportDoubleValue" classname="Dynatrace.OpenKit.Core.ActionTest" runstate="Runnable" seed="997142904" result="Passed" start-time="2018-05-11 10:27:02Z" end-time="2018-05-11 10:27:02Z" duration="0.005174" asserts="2" />
            <test-case id="3-1113" name="ReportDoubleValueDoesNothingIfActionIsLeft" fullname="Dynatrace.OpenKit.Core.ActionTest.ReportDoubleValueDoesNothingIfActionIsLeft" methodname="ReportDoubleValueDoesNothingIfActionIsLeft" classname="Dynatrace.OpenKit.Core.ActionTest" runstate="Runnable" seed="2081877230" result="Passed" start-time="2018-05-11 10:27:02Z" end-time="2018-05-11 10:27:02Z" duration="0.002304" asserts="2" />
            <test-case id="3-1115" name="ReportDoubleValueDoesNothingIfValueNameIsAnEmptyString" fullname="Dynatrace.OpenKit.Core.ActionTest.ReportDoubleValueDoesNothingIfValueNameIsAnEmptyString" methodname="ReportDoubleValueDoesNothingIfValueNameIsAnEmptyString" classname="Dynatrace.OpenKit.Core.ActionTest" runstate="Runnable" seed="760517392" result="Passed" start-time="2018-05-11 10:27:02Z" end-time="2018-05-11 10:27:02Z" duration="0.010628" asserts="2" />
            <test-case id="3-1114" name="ReportDoubleValueDoesNothingIfValueNameIsNull" fullname="Dynatrace.OpenKit.Core.ActionTest.ReportDoubleValueDoesNothingIfValueNameIsNull" methodname="ReportDoubleValueDoesNothingIfValueNameIsNull" classname="Dynatrace.OpenKit.Core.ActionTest" runstate="Runnable" seed="1736023482" result="Passed" start-time="2018-05-11 10:27:02Z" end-time="2018-05-11 10:27:02Z" duration="0.001147" asserts="2" />
            <test-case id="3-1121" name="ReportError" fullname="Dynatrace.OpenKit.Core.ActionTest.ReportError" methodname="ReportError" classname="Dynatrace.OpenKit.Core.ActionTest" runstate="Runnable" seed="73689649" result="Passed" start-time="2018-05-11 10:27:02Z" end-time="2018-05-11 10:27:02Z" duration="0.004486" asserts="2" />
            <test-case id="3-1125" name="ReportErrorAcceptsNullReason" fullname="Dynatrace.OpenKit.Core.ActionTest.ReportErrorAcceptsNullReason" methodname="ReportErrorAcceptsNullReason" classname="Dynatrace.OpenKit.Core.ActionTest" runstate="Runnable" seed="1230170230" result="Passed" start-time="2018-05-11 10:27:02Z" end-time="2018-05-11 10:27:02Z" duration="0.001215" asserts="2" />
            <test-case id="3-1122" name="ReportErrorDoesNothingIfActionIsLeft" fullname="Dynatrace.OpenKit.Core.ActionTest.ReportErrorDoesNothingIfActionIsLeft" methodname="ReportErrorDoesNothingIfActionIsLeft" classname="Dynatrace.OpenKit.Core.ActionTest" runstate="Runnable" seed="325027751" result="Passed" start-time="2018-05-11 10:27:02Z" end-time="2018-05-11 10:27:02Z" duration="0.001127" asserts="2" />
            <test-case id="3-1124" name="ReportErrorDoesNothingIfErrorNameIsAnEmptyString" fullname="Dynatrace.OpenKit.Core.ActionTest.ReportErrorDoesNothingIfErrorNameIsAnEmptyString" methodname="ReportErrorDoesNothingIfErrorNameIsAnEmptyString" classname="Dynatrace.OpenKit.Core.ActionTest" runstate="Runnable" seed="816751606" result="Passed" start-time="2018-05-11 10:27:02Z" end-time="2018-05-11 10:27:02Z" duration="0.000927" asserts="2" />
            <test-case id="3-1123" name="ReportErrorDoesNothingIfErrorNameIsNull" fullname="Dynatrace.OpenKit.Core.ActionTest.ReportErrorDoesNothingIfErrorNameIsNull" methodname="ReportErrorDoesNothingIfErrorNameIsNull" classname="Dynatrace.OpenKit.Core.ActionTest" runstate="Runnable" seed="861533838" result="Passed" start-time="2018-05-11 10:27:02Z" end-time="2018-05-11 10:27:02Z" duration="0.000783" asserts="2" />
            <test-case id="3-1104" name="ReportEvent" fullname="Dynatrace.OpenKit.Core.ActionTest.ReportEvent" methodname="ReportEvent" classname="Dynatrace.OpenKit.Core.ActionTest" runstate="Runnable" seed="1673444896" result="Passed" start-time="2018-05-11 10:27:02Z" end-time="2018-05-11 10:27:02Z" duration="0.002270" asserts="2" />
            <test-case id="3-1105" name="ReportEventDoesNothingIfActionIsLeft" fullname="Dynatrace.OpenKit.Core.ActionTest.ReportEventDoesNothingIfActionIsLeft" methodname="ReportEventDoesNothingIfActionIsLeft" classname="Dynatrace.OpenKit.Core.ActionTest" runstate="Runnable" seed="2116169028" result="Passed" start-time="2018-05-11 10:27:02Z" end-time="2018-05-11 10:27:02Z" duration="0.001245" asserts="2" />
            <test-case id="3-1107" name="ReportEventDoesNothingIfEventNameIsAnEmptyString" fullname="Dynatrace.OpenKit.Core.ActionTest.ReportEventDoesNothingIfEventNameIsAnEmptyString" methodname="ReportEventDoesNothingIfEventNameIsAnEmptyString" classname="Dynatrace.OpenKit.Core.ActionTest" runstate="Runnable" seed="1236487876" result="Passed" start-time="2018-05-11 10:27:02Z" end-time="2018-05-11 10:27:02Z" duration="0.000989" asserts="2" />
            <test-case id="3-1106" name="ReportEventDoesNothingIfEventNameIsNull" fullname="Dynatrace.OpenKit.Core.ActionTest.ReportEventDoesNothingIfEventNameIsNull" methodname="ReportEventDoesNothingIfEventNameIsNull" classname="Dynatrace.OpenKit.Core.ActionTest" runstate="Runnable" seed="1977729369" result="Passed" start-time="2018-05-11 10:27:02Z" end-time="2018-05-11 10:27:02Z" duration="0.000984" asserts="2" />
            <test-case id="3-1108" name="ReportIntValue" fullname="Dynatrace.OpenKit.Core.ActionTest.ReportIntValue" methodname="ReportIntValue" classname="Dynatrace.OpenKit.Core.ActionTest" runstate="Runnable" seed="1041283603" result="Passed" start-time="2018-05-11 10:27:02Z" end-time="2018-05-11 10:27:02Z" duration="0.002244" asserts="2" />
            <test-case id="3-1109" name="ReportIntValueDoesNothingIfActionIsLeft" fullname="Dynatrace.OpenKit.Core.ActionTest.ReportIntValueDoesNothingIfActionIsLeft" methodname="ReportIntValueDoesNothingIfActionIsLeft" classname="Dynatrace.OpenKit.Core.ActionTest" runstate="Runnable" seed="1601196348" result="Passed" start-time="2018-05-11 10:27:02Z" end-time="2018-05-11 10:27:03Z" duration="0.001213" asserts="2" />
            <test-case id="3-1111" name="ReportIntValueDoesNothingIfValueNameIsAnEmptyString" fullname="Dynatrace.OpenKit.Core.ActionTest.ReportIntValueDoesNothingIfValueNameIsAnEmptyString" methodname="ReportIntValueDoesNothingIfValueNameIsAnEmptyString" classname="Dynatrace.OpenKit.Core.ActionTest" runstate="Runnable" seed="638645322" result="Passed" start-time="2018-05-11 10:27:03Z" end-time="2018-05-11 10:27:03Z" duration="0.001000" asserts="2" />
            <test-case id="3-1110" name="ReportIntValueDoesNothingIfValueNameIsNull" fullname="Dynatrace.OpenKit.Core.ActionTest.ReportIntValueDoesNothingIfValueNameIsNull" methodname="ReportIntValueDoesNothingIfValueNameIsNull" classname="Dynatrace.OpenKit.Core.ActionTest" runstate="Runnable" seed="558403" result="Passed" start-time="2018-05-11 10:27:03Z" end-time="2018-05-11 10:27:03Z" duration="0.000984" asserts="2" />
            <test-case id="3-1116" name="ReportStringValue" fullname="Dynatrace.OpenKit.Core.ActionTest.ReportStringValue" methodname="ReportStringValue" classname="Dynatrace.OpenKit.Core.ActionTest" runstate="Runnable" seed="1807889820" result="Passed" start-time="2018-05-11 10:27:03Z" end-time="2018-05-11 10:27:03Z" duration="0.002454" asserts="2" />
            <test-case id="3-1117" name="ReportStringValueDoesNothingIfActionIsLeft" fullname="Dynatrace.OpenKit.Core.ActionTest.ReportStringValueDoesNothingIfActionIsLeft" methodname="ReportStringValueDoesNothingIfActionIsLeft" classname="Dynatrace.OpenKit.Core.ActionTest" runstate="Runnable" seed="1659734884" result="Passed" start-time="2018-05-11 10:27:03Z" end-time="2018-05-11 10:27:03Z" duration="0.001448" asserts="2" />
            <test-case id="3-1119" name="ReportStringValueDoesNothingIfValueNameIsAnEmptyString" fullname="Dynatrace.OpenKit.Core.ActionTest.ReportStringValueDoesNothingIfValueNameIsAnEmptyString" methodname="ReportStringValueDoesNothingIfValueNameIsAnEmptyString" classname="Dynatrace.OpenKit.Core.ActionTest" runstate="Runnable" seed="615584111" result="Passed" start-time="2018-05-11 10:27:03Z" end-time="2018-05-11 10:27:03Z" duration="0.001064" asserts="2" />
            <test-case id="3-1118" name="ReportStringValueDoesNothingIfValueNameIsNull" fullname="Dynatrace.OpenKit.Core.ActionTest.ReportStringValueDoesNothingIfValueNameIsNull" methodname="ReportStringValueDoesNothingIfValueNameIsNull" classname="Dynatrace.OpenKit.Core.ActionTest" runstate="Runnable" seed="1059642871" result="Passed" start-time="2018-05-11 10:27:03Z" end-time="2018-05-11 10:27:03Z" duration="0.006561" asserts="2" />
            <test-case id="3-1120" name="ReportStringValueWithValueBeingNullWorks" fullname="Dynatrace.OpenKit.Core.ActionTest.ReportStringValueWithValueBeingNullWorks" methodname="ReportStringValueWithValueBeingNullWorks" classname="Dynatrace.OpenKit.Core.ActionTest" runstate="Runnable" seed="1552837880" result="Passed" start-time="2018-05-11 10:27:03Z" end-time="2018-05-11 10:27:03Z" duration="0.001282" asserts="2" />
            <test-case id="3-1099" name="StartSequenceNumberIsSetInConstructor" fullname="Dynatrace.OpenKit.Core.ActionTest.StartSequenceNumberIsSetInConstructor" methodname="StartSequenceNumberIsSetInConstructor" classname="Dynatrace.OpenKit.Core.ActionTest" runstate="Runnable" seed="1144706283" result="Passed" start-time="2018-05-11 10:27:03Z" end-time="2018-05-11 10:27:03Z" duration="0.001054" asserts="1" />
            <test-case id="3-1097" name="StartTimeIsSetInConstructor" fullname="Dynatrace.OpenKit.Core.ActionTest.StartTimeIsSetInConstructor" methodname="StartTimeIsSetInConstructor" classname="Dynatrace.OpenKit.Core.ActionTest" runstate="Runnable" seed="198077823" result="Passed" start-time="2018-05-11 10:27:03Z" end-time="2018-05-11 10:27:03Z" duration="0.001435" asserts="1" />
            <test-case id="3-1127" name="TraceWebRequestGivesNullWebRequestTracerIfActionIsAlreadyLeft" fullname="Dynatrace.OpenKit.Core.ActionTest.TraceWebRequestGivesNullWebRequestTracerIfActionIsAlreadyLeft" methodname="TraceWebRequestGivesNullWebRequestTracerIfActionIsAlreadyLeft" classname="Dynatrace.OpenKit.Core.ActionTest" runstate="Runnable" seed="846677661" result="Passed" start-time="2018-05-11 10:27:03Z" end-time="2018-05-11 10:27:03Z" duration="0.020452" asserts="1" />
            <test-case id="3-1130" name="TraceWebRequestGivesNullWebRequestTracerIfUrlHasAnInvalidScheme" fullname="Dynatrace.OpenKit.Core.ActionTest.TraceWebRequestGivesNullWebRequestTracerIfUrlHasAnInvalidScheme" methodname="TraceWebRequestGivesNullWebRequestTracerIfUrlHasAnInvalidScheme" classname="Dynatrace.OpenKit.Core.ActionTest" runstate="Runnable" seed="480355129" result="Passed" start-time="2018-05-11 10:27:03Z" end-time="2018-05-11 10:27:03Z" duration="0.001141" asserts="2" />
            <test-case id="3-1129" name="TraceWebRequestGivesNullWebRequestTracerIfUrlIsAnEmptyString" fullname="Dynatrace.OpenKit.Core.ActionTest.TraceWebRequestGivesNullWebRequestTracerIfUrlIsAnEmptyString" methodname="TraceWebRequestGivesNullWebRequestTracerIfUrlIsAnEmptyString" classname="Dynatrace.OpenKit.Core.ActionTest" runstate="Runnable" seed="681190490" result="Passed" start-time="2018-05-11 10:27:03Z" end-time="2018-05-11 10:27:03Z" duration="0.001049" asserts="2" />
            <test-case id="3-1128" name="TraceWebRequestGivesNullWebRequestTracerIfUrlIsNull" fullname="Dynatrace.OpenKit.Core.ActionTest.TraceWebRequestGivesNullWebRequestTracerIfUrlIsNull" methodname="TraceWebRequestGivesNullWebRequestTracerIfUrlIsNull" classname="Dynatrace.OpenKit.Core.ActionTest" runstate="Runnable" seed="2140735332" result="Passed" start-time="2018-05-11 10:27:03Z" end-time="2018-05-11 10:27:03Z" duration="0.001142" asserts="2" />
            <test-case id="3-1126" name="TraceWebRequestGivesValidWebRequestTracer" fullname="Dynatrace.OpenKit.Core.ActionTest.TraceWebRequestGivesValidWebRequestTracer" methodname="TraceWebRequestGivesValidWebRequestTracer" classname="Dynatrace.OpenKit.Core.ActionTest" runstate="Runnable" seed="833919335" result="Passed" start-time="2018-05-11 10:27:03Z" end-time="2018-05-11 10:27:03Z" duration="0.004824" asserts="2" />
          </test-suite>
          <test-suite type="TestFixture" id="3-1138" name="BeaconSenderTest" fullname="Dynatrace.OpenKit.Core.BeaconSenderTest" classname="Dynatrace.OpenKit.Core.BeaconSenderTest" runstate="Runnable" testcasecount="1" result="Passed" start-time="2018-05-11 10:27:03Z" end-time="2018-05-11 10:27:03Z" duration="0.042350" total="1" passed="1" failed="0" warnings="0" inconclusive="0" skipped="0" asserts="2">
            <test-case id="3-1139" name="IsInitializedGetsValueFromContext" fullname="Dynatrace.OpenKit.Core.BeaconSenderTest.IsInitializedGetsValueFromContext" methodname="IsInitializedGetsValueFromContext" classname="Dynatrace.OpenKit.Core.BeaconSenderTest" runstate="Runnable" seed="1659268289" result="Passed" start-time="2018-05-11 10:27:03Z" end-time="2018-05-11 10:27:03Z" duration="0.042118" asserts="2" />
          </test-suite>
          <test-suite type="TestSuite" id="3-1426" name="Caching" fullname="Dynatrace.OpenKit.Core.Caching" runstate="Runnable" testcasecount="106" result="Passed" start-time="2018-05-11 10:27:02Z" end-time="2018-05-11 10:27:03Z" duration="1.164105" total="106" passed="106" failed="0" warnings="0" inconclusive="0" skipped="0" asserts="225">
            <test-suite type="TestFixture" id="3-1305" name="BeaconCacheEntryTest" fullname="Dynatrace.OpenKit.Core.Caching.BeaconCacheEntryTest" classname="Dynatrace.OpenKit.Core.Caching.BeaconCacheEntryTest" runstate="Runnable" testcasecount="27" result="Passed" start-time="2018-05-11 10:27:03Z" end-time="2018-05-11 10:27:03Z" duration="0.044615" total="27" passed="27" failed="0" warnings="0" inconclusive="0" skipped="0" asserts="103">
              <test-case id="3-1307" name="AddingActionData" fullname="Dynatrace.OpenKit.Core.Caching.BeaconCacheEntryTest.AddingActionData" methodname="AddingActionData" classname="Dynatrace.OpenKit.Core.Caching.BeaconCacheEntryTest" runstate="Runnable" seed="1885807479" result="Passed" start-time="2018-05-11 10:27:03Z" end-time="2018-05-11 10:27:03Z" duration="0.007418" asserts="8" />
              <test-case id="3-1308" name="AddingEventData" fullname="Dynatrace.OpenKit.Core.Caching.BeaconCacheEntryTest.AddingEventData" methodname="AddingEventData" classname="Dynatrace.OpenKit.Core.Caching.BeaconCacheEntryTest" runstate="Runnable" seed="1240913902" result="Passed" start-time="2018-05-11 10:27:03Z" end-time="2018-05-11 10:27:03Z" duration="0.000805" asserts="8" />
              <test-case id="3-1306" name="ADefaultConstructedInstanceHasNoData" fullname="Dynatrace.OpenKit.Core.Caching.BeaconCacheEntryTest.ADefaultConstructedInstanceHasNoData" methodname="ADefaultConstructedInstanceHasNoData" classname="Dynatrace.OpenKit.Core.Caching.BeaconCacheEntryTest" runstate="Runnable" seed="1297079205" result="Passed" start-time="2018-05-11 10:27:03Z" end-time="2018-05-11 10:27:03Z" duration="0.000408" asserts="4" />
              <test-case id="3-1309" name="CopyDataForChunkingMovesData" fullname="Dynatrace.OpenKit.Core.Caching.BeaconCacheEntryTest.CopyDataForChunkingMovesData" methodname="CopyDataForChunkingMovesData" classname="Dynatrace.OpenKit.Core.Caching.BeaconCacheEntryTest" runstate="Runnable" seed="1472541235" result="Passed" start-time="2018-05-11 10:27:03Z" end-time="2018-05-11 10:27:03Z" duration="0.001406" asserts="4" />
              <test-case id="3-1315" name="GetChunkGetsAlreadyMarkedData" fullname="Dynatrace.OpenKit.Core.Caching.BeaconCacheEntryTest.GetChunkGetsAlreadyMarkedData" methodname="GetChunkGetsAlreadyMarkedData" classname="Dynatrace.OpenKit.Core.Caching.BeaconCacheEntryTest" runstate="Runnable" seed="1781037787" result="Passed" start-time="2018-05-11 10:27:03Z" end-time="2018-05-11 10:27:03Z" duration="0.005959" asserts="10" />
              <test-case id="3-1314" name="GetChunkGetsChunksFromEventDataBeforeActionData" fullname="Dynatrace.OpenKit.Core.Caching.BeaconCacheEntryTest.GetChunkGetsChunksFromEventDataBeforeActionData" methodname="GetChunkGetsChunksFromEventDataBeforeActionData" classname="Dynatrace.OpenKit.Core.Caching.BeaconCacheEntryTest" runstate="Runnable" seed="1110132418" result="Passed" start-time="2018-05-11 10:27:03Z" end-time="2018-05-11 10:27:03Z" duration="0.003309" asserts="5" />
              <test-case id="3-1313" name="GetChunkMarksRetrievedData" fullname="Dynatrace.OpenKit.Core.Caching.BeaconCacheEntryTest.GetChunkMarksRetrievedData" methodname="GetChunkMarksRetrievedData" classname="Dynatrace.OpenKit.Core.Caching.BeaconCacheEntryTest" runstate="Runnable" seed="1276112610" result="Passed" start-time="2018-05-11 10:27:03Z" end-time="2018-05-11 10:27:03Z" duration="0.000922" asserts="5" />
              <test-case id="3-1316" name="GetChunksTakesSizeIntoAccount" fullname="Dynatrace.OpenKit.Core.Caching.BeaconCacheEntryTest.GetChunksTakesSizeIntoAccount" methodname="GetChunksTakesSizeIntoAccount" classname="Dynatrace.OpenKit.Core.Caching.BeaconCacheEntryTest" runstate="Runnable" seed="603652900" result="Passed" start-time="2018-05-11 10:27:03Z" end-time="2018-05-11 10:27:03Z" duration="0.000775" asserts="3" />
              <test-case id="3-1321" name="GetTotalNumberOfBytesCountsAddedRecordBytes" fullname="Dynatrace.OpenKit.Core.Caching.BeaconCacheEntryTest.GetTotalNumberOfBytesCountsAddedRecordBytes" methodname="GetTotalNumberOfBytesCountsAddedRecordBytes" classname="Dynatrace.OpenKit.Core.Caching.BeaconCacheEntryTest" runstate="Runnable" seed="421085858" result="Passed" start-time="2018-05-11 10:27:03Z" end-time="2018-05-11 10:27:03Z" duration="0.000909" asserts="5" />
              <test-case id="3-1311" name="NeedsDataCopyBeforeChunkingGivesFalseAfterDataHasBeenCopied" fullname="Dynatrace.OpenKit.Core.Caching.BeaconCacheEntryTest.NeedsDataCopyBeforeChunkingGivesFalseAfterDataHasBeenCopied" methodname="NeedsDataCopyBeforeChunkingGivesFalseAfterDataHasBeenCopied" classname="Dynatrace.OpenKit.Core.Caching.BeaconCacheEntryTest" runstate="Runnable" seed="522069789" result="Passed" start-time="2018-05-11 10:27:03Z" end-time="2018-05-11 10:27:03Z" duration="0.000924" asserts="1" />
              <test-case id="3-1312" name="NeedsDataCopyBeforeChunkingGivesFalseEvenIfListsAreEmpty" fullname="Dynatrace.OpenKit.Core.Caching.BeaconCacheEntryTest.NeedsDataCopyBeforeChunkingGivesFalseEvenIfListsAreEmpty" methodname="NeedsDataCopyBeforeChunkingGivesFalseEvenIfListsAreEmpty" classname="Dynatrace.OpenKit.Core.Caching.BeaconCacheEntryTest" runstate="Runnable" seed="1067680751" result="Passed" start-time="2018-05-11 10:27:03Z" end-time="2018-05-11 10:27:03Z" duration="0.000280" asserts="1" />
              <test-case id="3-1310" name="NeedsDataCopyBeforeChunkingGivesTrueBeforeDataIsCopied" fullname="Dynatrace.OpenKit.Core.Caching.BeaconCacheEntryTest.NeedsDataCopyBeforeChunkingGivesTrueBeforeDataIsCopied" methodname="NeedsDataCopyBeforeChunkingGivesTrueBeforeDataIsCopied" classname="Dynatrace.OpenKit.Core.Caching.BeaconCacheEntryTest" runstate="Runnable" seed="1542586092" result="Passed" start-time="2018-05-11 10:27:03Z" end-time="2018-05-11 10:27:03Z" duration="0.000441" asserts="1" />
              <test-case id="3-1317" name="RemoveDataMarkedForSendingReturnsIfDataHasNotBeenCopied" fullname="Dynatrace.OpenKit.Core.Caching.BeaconCacheEntryTest.RemoveDataMarkedForSendingReturnsIfDataHasNotBeenCopied" methodname="RemoveDataMarkedForSendingReturnsIfDataHasNotBeenCopied" classname="Dynatrace.OpenKit.Core.Caching.BeaconCacheEntryTest" runstate="Runnable" seed="1973767052" result="Passed" start-time="2018-05-11 10:27:03Z" end-time="2018-05-11 10:27:03Z" duration="0.000745" asserts="4" />
              <test-case id="3-1328" name="RemoveOldestRecordsComparesTopActionAndEventDataAndRemovesOldest" fullname="Dynatrace.OpenKit.Core.Caching.BeaconCacheEntryTest.RemoveOldestRecordsComparesTopActionAndEventDataAndRemovesOldest" methodname="RemoveOldestRecordsComparesTopActionAndEventDataAndRemovesOldest" classname="Dynatrace.OpenKit.Core.Caching.BeaconCacheEntryTest" runstate="Runnable" seed="1147175386" result="Passed" start-time="2018-05-11 10:27:03Z" end-time="2018-05-11 10:27:03Z" duration="0.003354" asserts="6" />
              <test-case id="3-1332" name="RemoveOldestRecordsDoesNotRemoveAnythingFromEventAndActionsBeingSent" fullname="Dynatrace.OpenKit.Core.Caching.BeaconCacheEntryTest.RemoveOldestRecordsDoesNotRemoveAnythingFromEventAndActionsBeingSent" methodname="RemoveOldestRecordsDoesNotRemoveAnythingFromEventAndActionsBeingSent" classname="Dynatrace.OpenKit.Core.Caching.BeaconCacheEntryTest" runstate="Runnable" seed="145102627" result="Passed" start-time="2018-05-11 10:27:03Z" end-time="2018-05-11 10:27:03Z" duration="0.002156" asserts="3" />
              <test-case id="3-1326" name="RemoveOldestRecordsRemovesActionDataIfEventDataIsEmpty" fullname="Dynatrace.OpenKit.Core.Caching.BeaconCacheEntryTest.RemoveOldestRecordsRemovesActionDataIfEventDataIsEmpty" methodname="RemoveOldestRecordsRemovesActionDataIfEventDataIsEmpty" classname="Dynatrace.OpenKit.Core.Caching.BeaconCacheEntryTest" runstate="Runnable" seed="494356453" result="Passed" start-time="2018-05-11 10:27:03Z" end-time="2018-05-11 10:27:03Z" duration="0.000659" asserts="2" />
              <test-case id="3-1327" name="RemoveOldestRecordsRemovesEventDataIfActionDataIsEmpty" fullname="Dynatrace.OpenKit.Core.Caching.BeaconCacheEntryTest.RemoveOldestRecordsRemovesEventDataIfActionDataIsEmpty" methodname="RemoveOldestRecordsRemovesEventDataIfActionDataIsEmpty" classname="Dynatrace.OpenKit.Core.Caching.BeaconCacheEntryTest" runstate="Runnable" seed="1192536253" result="Passed" start-time="2018-05-11 10:27:03Z" end-time="2018-05-11 10:27:03Z" duration="0.000628" asserts="2" />
              <test-case id="3-1329" name="RemoveOldestRecordsRemovesEventDataIfTopEventDataAndActionDataHaveSameTimestamp" fullname="Dynatrace.OpenKit.Core.Caching.BeaconCacheEntryTest.RemoveOldestRecordsRemovesEventDataIfTopEventDataAndActionDataHaveSameTimestamp" methodname="RemoveOldestRecordsRemovesEventDataIfTopEventDataAndActionDataHaveSameTimestamp" classname="Dynatrace.OpenKit.Core.Caching.BeaconCacheEntryTest" runstate="Runnable" seed="1254387191" result="Passed" start-time="2018-05-11 10:27:03Z" end-time="2018-05-11 10:27:03Z" duration="0.000774" asserts="3" />
              <test-case id="3-1325" name="RemoveOldestRecordsRemovesNothingIfEntryIsEmpty" fullname="Dynatrace.OpenKit.Core.Caching.BeaconCacheEntryTest.RemoveOldestRecordsRemovesNothingIfEntryIsEmpty" methodname="RemoveOldestRecordsRemovesNothingIfEntryIsEmpty" classname="Dynatrace.OpenKit.Core.Caching.BeaconCacheEntryTest" runstate="Runnable" seed="627249201" result="Passed" start-time="2018-05-11 10:27:03Z" end-time="2018-05-11 10:27:03Z" duration="0.000336" asserts="1" />
              <test-case id="3-1330" name="RemoveOldestRecordsStopsIfListsAreEmpty" fullname="Dynatrace.OpenKit.Core.Caching.BeaconCacheEntryTest.RemoveOldestRecordsStopsIfListsAreEmpty" methodname="RemoveOldestRecordsStopsIfListsAreEmpty" classname="Dynatrace.OpenKit.Core.Caching.BeaconCacheEntryTest" runstate="Runnable" seed="2118995790" result="Passed" start-time="2018-05-11 10:27:03Z" end-time="2018-05-11 10:27:03Z" duration="0.000641" asserts="3" />
              <test-case id="3-1331" name="RemoveRecordsOlderThanDoesNotRemoveAnythingFromEventAndActionsBeingSent" fullname="Dynatrace.OpenKit.Core.Caching.BeaconCacheEntryTest.RemoveRecordsOlderThanDoesNotRemoveAnythingFromEventAndActionsBeingSent" methodname="RemoveRecordsOlderThanDoesNotRemoveAnythingFromEventAndActionsBeingSent" classname="Dynatrace.OpenKit.Core.Caching.BeaconCacheEntryTest" runstate="Runnable" seed="1687553874" result="Passed" start-time="2018-05-11 10:27:03Z" end-time="2018-05-11 10:27:03Z" duration="0.002035" asserts="3" />
              <test-case id="3-1322" name="RemoveRecordsOlderThanRemovesNothingIfNoActionOrEventDataExists" fullname="Dynatrace.OpenKit.Core.Caching.BeaconCacheEntryTest.RemoveRecordsOlderThanRemovesNothingIfNoActionOrEventDataExists" methodname="RemoveRecordsOlderThanRemovesNothingIfNoActionOrEventDataExists" classname="Dynatrace.OpenKit.Core.Caching.BeaconCacheEntryTest" runstate="Runnable" seed="1847620862" result="Passed" start-time="2018-05-11 10:27:03Z" end-time="2018-05-11 10:27:03Z" duration="0.000270" asserts="1" />
              <test-case id="3-1323" name="RemoveRecordsOlderThanRemovesRecordsFromActionData" fullname="Dynatrace.OpenKit.Core.Caching.BeaconCacheEntryTest.RemoveRecordsOlderThanRemovesRecordsFromActionData" methodname="RemoveRecordsOlderThanRemovesRecordsFromActionData" classname="Dynatrace.OpenKit.Core.Caching.BeaconCacheEntryTest" runstate="Runnable" seed="192210704" result="Passed" start-time="2018-05-11 10:27:03Z" end-time="2018-05-11 10:27:03Z" duration="0.001479" asserts="2" />
              <test-case id="3-1324" name="RemoveRecordsOlderThanRemovesRecordsFromEventData" fullname="Dynatrace.OpenKit.Core.Caching.BeaconCacheEntryTest.RemoveRecordsOlderThanRemovesRecordsFromEventData" methodname="RemoveRecordsOlderThanRemovesRecordsFromEventData" classname="Dynatrace.OpenKit.Core.Caching.BeaconCacheEntryTest" runstate="Runnable" seed="388021317" result="Passed" start-time="2018-05-11 10:27:03Z" end-time="2018-05-11 10:27:03Z" duration="0.001390" asserts="2" />
              <test-case id="3-1319" name="ResetDataMarkedForSendingMovesPreviouslyCopiedDataBack" fullname="Dynatrace.OpenKit.Core.Caching.BeaconCacheEntryTest.ResetDataMarkedForSendingMovesPreviouslyCopiedDataBack" methodname="ResetDataMarkedForSendingMovesPreviouslyCopiedDataBack" classname="Dynatrace.OpenKit.Core.Caching.BeaconCacheEntryTest" runstate="Runnable" seed="1766961267" result="Passed" start-time="2018-05-11 10:27:03Z" end-time="2018-05-11 10:27:03Z" duration="0.003840" asserts="4" />
              <test-case id="3-1320" name="ResetDataMarkedForSendingResetsMarkedForSendingFlag" fullname="Dynatrace.OpenKit.Core.Caching.BeaconCacheEntryTest.ResetDataMarkedForSendingResetsMarkedForSendingFlag" methodname="ResetDataMarkedForSendingResetsMarkedForSendingFlag" classname="Dynatrace.OpenKit.Core.Caching.BeaconCacheEntryTest" runstate="Runnable" seed="1718395304" result="Passed" start-time="2018-05-11 10:27:03Z" end-time="2018-05-11 10:27:03Z" duration="0.000938" asserts="8" />
              <test-case id="3-1318" name="resetDataMarkedForSendingReturnsIfDataHasNotBeenCopied" fullname="Dynatrace.OpenKit.Core.Caching.BeaconCacheEntryTest.resetDataMarkedForSendingReturnsIfDataHasNotBeenCopied" methodname="resetDataMarkedForSendingReturnsIfDataHasNotBeenCopied" classname="Dynatrace.OpenKit.Core.Caching.BeaconCacheEntryTest" runstate="Runnable" seed="190704803" result="Passed" start-time="2018-05-11 10:27:03Z" end-time="2018-05-11 10:27:03Z" duration="0.000749" asserts="4" />
            </test-suite>
            <test-suite type="TestFixture" id="3-1333" name="BeaconCacheEvictorTest" fullname="Dynatrace.OpenKit.Core.Caching.BeaconCacheEvictorTest" classname="Dynatrace.OpenKit.Core.Caching.BeaconCacheEvictorTest" runstate="Runnable" testcasecount="6" result="Passed" start-time="2018-05-11 10:27:03Z" end-time="2018-05-11 10:27:03Z" duration="0.086620" total="6" passed="6" failed="0" warnings="0" inconclusive="0" skipped="0" asserts="11">
              <test-case id="3-1334" name="ADefaultConstructedBeaconCacheEvictorIsNotAlive" fullname="Dynatrace.OpenKit.Core.Caching.BeaconCacheEvictorTest.ADefaultConstructedBeaconCacheEvictorIsNotAlive" methodname="ADefaultConstructedBeaconCacheEvictorIsNotAlive" classname="Dynatrace.OpenKit.Core.Caching.BeaconCacheEvictorTest" runstate="Runnable" seed="76875951" result="Passed" start-time="2018-05-11 10:27:03Z" end-time="2018-05-11 10:27:03Z" duration="0.056200" asserts="1" />
              <test-case id="3-1335" name="AfterStartingABeaconCacheEvictorItIsAlive" fullname="Dynatrace.OpenKit.Core.Caching.BeaconCacheEvictorTest.AfterStartingABeaconCacheEvictorItIsAlive" methodname="AfterStartingABeaconCacheEvictorItIsAlive" classname="Dynatrace.OpenKit.Core.Caching.BeaconCacheEvictorTest" runstate="Runnable" seed="653844775" result="Passed" start-time="2018-05-11 10:27:03Z" end-time="2018-05-11 10:27:03Z" duration="0.006374" asserts="2" />
              <test-case id="3-1336" name="StartingAnAlreadyAliveBeaconCacheEvictorDoesNothing" fullname="Dynatrace.OpenKit.Core.Caching.BeaconCacheEvictorTest.StartingAnAlreadyAliveBeaconCacheEvictorDoesNothing" methodname="StartingAnAlreadyAliveBeaconCacheEvictorDoesNothing" classname="Dynatrace.OpenKit.Core.Caching.BeaconCacheEvictorTest" runstate="Runnable" seed="861794140" result="Passed" start-time="2018-05-11 10:27:03Z" end-time="2018-05-11 10:27:03Z" duration="0.002227" asserts="2" />
              <test-case id="3-1337" name="StoppingABeaconCacheEvictorWhichIsNotAliveDoesNothing" fullname="Dynatrace.OpenKit.Core.Caching.BeaconCacheEvictorTest.StoppingABeaconCacheEvictorWhichIsNotAliveDoesNothing" methodname="StoppingABeaconCacheEvictorWhichIsNotAliveDoesNothing" classname="Dynatrace.OpenKit.Core.Caching.BeaconCacheEvictorTest" runstate="Runnable" seed="524296163" result="Passed" start-time="2018-05-11 10:27:03Z" end-time="2018-05-11 10:27:03Z" duration="0.000792" asserts="2" />
              <test-case id="3-1338" name="StoppingAnAliveBeaconCacheEvictor" fullname="Dynatrace.OpenKit.Core.Caching.BeaconCacheEvictorTest.StoppingAnAliveBeaconCacheEvictor" methodname="StoppingAnAliveBeaconCacheEvictor" classname="Dynatrace.OpenKit.Core.Caching.BeaconCacheEvictorTest" runstate="Runnable" seed="1728671239" result="Passed" start-time="2018-05-11 10:27:03Z" end-time="2018-05-11 10:27:03Z" duration="0.002917" asserts="2" />
              <test-case id="3-1339" name="TriggeringEvictionStrategiesInThread" fullname="Dynatrace.OpenKit.Core.Caching.BeaconCacheEvictorTest.TriggeringEvictionStrategiesInThread" methodname="TriggeringEvictionStrategiesInThread" classname="Dynatrace.OpenKit.Core.Caching.BeaconCacheEvictorTest" runstate="Runnable" seed="1152317086" result="Passed" start-time="2018-05-11 10:27:03Z" end-time="2018-05-11 10:27:03Z" duration="0.017421" asserts="2" />
            </test-suite>
            <test-suite type="TestFixture" id="3-1340" name="BeaconCacheRecordTest" fullname="Dynatrace.OpenKit.Core.Caching.BeaconCacheRecordTest" classname="Dynatrace.OpenKit.Core.Caching.BeaconCacheRecordTest" runstate="Runnable" testcasecount="14" result="Passed" start-time="2018-05-11 10:27:03Z" end-time="2018-05-11 10:27:03Z" duration="0.022958" total="14" passed="14" failed="0" warnings="0" inconclusive="0" skipped="0" asserts="28">
              <test-case id="3-1347" name="ADifferentTypeIsNotConsideredEqual" fullname="Dynatrace.OpenKit.Core.Caching.BeaconCacheRecordTest.ADifferentTypeIsNotConsideredEqual" methodname="ADifferentTypeIsNotConsideredEqual" classname="Dynatrace.OpenKit.Core.Caching.BeaconCacheRecordTest" runstate="Runnable" seed="528341283" result="Passed" start-time="2018-05-11 10:27:03Z" end-time="2018-05-11 10:27:03Z" duration="0.002418" asserts="1" />
              <test-case id="3-1341" name="Data" fullname="Dynatrace.OpenKit.Core.Caching.BeaconCacheRecordTest.Data" methodname="Data" classname="Dynatrace.OpenKit.Core.Caching.BeaconCacheRecordTest" runstate="Runnable" seed="1777959309" result="Passed" start-time="2018-05-11 10:27:03Z" end-time="2018-05-11 10:27:03Z" duration="0.000511" asserts="3" />
              <test-case id="3-1343" name="DataSizeInBytes" fullname="Dynatrace.OpenKit.Core.Caching.BeaconCacheRecordTest.DataSizeInBytes" methodname="DataSizeInBytes" classname="Dynatrace.OpenKit.Core.Caching.BeaconCacheRecordTest" runstate="Runnable" seed="1839131112" result="Passed" start-time="2018-05-11 10:27:03Z" end-time="2018-05-11 10:27:03Z" duration="0.000724" asserts="5" />
              <test-case id="3-1344" name="MarkForSending" fullname="Dynatrace.OpenKit.Core.Caching.BeaconCacheRecordTest.MarkForSending" methodname="MarkForSending" classname="Dynatrace.OpenKit.Core.Caching.BeaconCacheRecordTest" runstate="Runnable" seed="1559101917" result="Passed" start-time="2018-05-11 10:27:03Z" end-time="2018-05-11 10:27:03Z" duration="0.000592" asserts="3" />
              <test-case id="3-1354" name="NotEqualInstancesHaveDifferentHashCode" fullname="Dynatrace.OpenKit.Core.Caching.BeaconCacheRecordTest.NotEqualInstancesHaveDifferentHashCode" methodname="NotEqualInstancesHaveDifferentHashCode" classname="Dynatrace.OpenKit.Core.Caching.BeaconCacheRecordTest" runstate="Runnable" seed="717808844" result="Passed" start-time="2018-05-11 10:27:03Z" end-time="2018-05-11 10:27:03Z" duration="0.008165" asserts="3" />
              <test-case id="3-1346" name="NullIsNotEqual" fullname="Dynatrace.OpenKit.Core.Caching.BeaconCacheRecordTest.NullIsNotEqual" methodname="NullIsNotEqual" classname="Dynatrace.OpenKit.Core.Caching.BeaconCacheRecordTest" runstate="Runnable" seed="1193297166" result="Passed" start-time="2018-05-11 10:27:03Z" end-time="2018-05-11 10:27:03Z" duration="0.000629" asserts="1" />
              <test-case id="3-1345" name="SameInstancesAreEqual" fullname="Dynatrace.OpenKit.Core.Caching.BeaconCacheRecordTest.SameInstancesAreEqual" methodname="SameInstancesAreEqual" classname="Dynatrace.OpenKit.Core.Caching.BeaconCacheRecordTest" runstate="Runnable" seed="66092977" result="Passed" start-time="2018-05-11 10:27:03Z" end-time="2018-05-11 10:27:03Z" duration="0.000414" asserts="1" />
              <test-case id="3-1352" name="SameInstancesHaveSameHashCode" fullname="Dynatrace.OpenKit.Core.Caching.BeaconCacheRecordTest.SameInstancesHaveSameHashCode" methodname="SameInstancesHaveSameHashCode" classname="Dynatrace.OpenKit.Core.Caching.BeaconCacheRecordTest" runstate="Runnable" seed="1321172116" result="Passed" start-time="2018-05-11 10:27:03Z" end-time="2018-05-11 10:27:03Z" duration="0.000331" asserts="1" />
              <test-case id="3-1342" name="Timestamp" fullname="Dynatrace.OpenKit.Core.Caching.BeaconCacheRecordTest.Timestamp" methodname="Timestamp" classname="Dynatrace.OpenKit.Core.Caching.BeaconCacheRecordTest" runstate="Runnable" seed="1660020087" result="Passed" start-time="2018-05-11 10:27:03Z" end-time="2018-05-11 10:27:03Z" duration="0.000800" asserts="3" />
              <test-case id="3-1353" name="TwoEqualInstancesHaveSameHashCode" fullname="Dynatrace.OpenKit.Core.Caching.BeaconCacheRecordTest.TwoEqualInstancesHaveSameHashCode" methodname="TwoEqualInstancesHaveSameHashCode" classname="Dynatrace.OpenKit.Core.Caching.BeaconCacheRecordTest" runstate="Runnable" seed="664434761" result="Passed" start-time="2018-05-11 10:27:03Z" end-time="2018-05-11 10:27:03Z" duration="0.000511" asserts="2" />
              <test-case id="3-1348" name="TwoInstancesAreEqualIfFieldsAreEqual" fullname="Dynatrace.OpenKit.Core.Caching.BeaconCacheRecordTest.TwoInstancesAreEqualIfFieldsAreEqual" methodname="TwoInstancesAreEqualIfFieldsAreEqual" classname="Dynatrace.OpenKit.Core.Caching.BeaconCacheRecordTest" runstate="Runnable" seed="1988086709" result="Passed" start-time="2018-05-11 10:27:03Z" end-time="2018-05-11 10:27:03Z" duration="0.000399" asserts="2" />
              <test-case id="3-1350" name="TwoInstancesAreNotEqualIfDataDiffers" fullname="Dynatrace.OpenKit.Core.Caching.BeaconCacheRecordTest.TwoInstancesAreNotEqualIfDataDiffers" methodname="TwoInstancesAreNotEqualIfDataDiffers" classname="Dynatrace.OpenKit.Core.Caching.BeaconCacheRecordTest" runstate="Runnable" seed="975240285" result="Passed" start-time="2018-05-11 10:27:03Z" end-time="2018-05-11 10:27:03Z" duration="0.000647" asserts="1" />
              <test-case id="3-1351" name="TwoInstancesAreNotEqualIfMarkedForSendingDiffers" fullname="Dynatrace.OpenKit.Core.Caching.BeaconCacheRecordTest.TwoInstancesAreNotEqualIfMarkedForSendingDiffers" methodname="TwoInstancesAreNotEqualIfMarkedForSendingDiffers" classname="Dynatrace.OpenKit.Core.Caching.BeaconCacheRecordTest" runstate="Runnable" seed="2115057006" result="Passed" start-time="2018-05-11 10:27:03Z" end-time="2018-05-11 10:27:03Z" duration="0.000346" asserts="1" />
              <test-case id="3-1349" name="TwoInstancesAreNotEqualIfTimestampDiffers" fullname="Dynatrace.OpenKit.Core.Caching.BeaconCacheRecordTest.TwoInstancesAreNotEqualIfTimestampDiffers" methodname="TwoInstancesAreNotEqualIfTimestampDiffers" classname="Dynatrace.OpenKit.Core.Caching.BeaconCacheRecordTest" runstate="Runnable" seed="477419951" result="Passed" start-time="2018-05-11 10:27:03Z" end-time="2018-05-11 10:27:03Z" duration="0.000287" asserts="1" />
            </test-suite>
            <test-suite type="TestFixture" id="3-1355" name="BeaconCacheTest" fullname="Dynatrace.OpenKit.Core.Caching.BeaconCacheTest" classname="Dynatrace.OpenKit.Core.Caching.BeaconCacheTest" runstate="Runnable" testcasecount="29" result="Passed" start-time="2018-05-11 10:27:03Z" end-time="2018-05-11 10:27:03Z" duration="0.054741" total="29" passed="29" failed="0" warnings="0" inconclusive="0" skipped="0" asserts="64">
              <test-case id="3-1360" name="AddActionDataAddsBeaconIdToCache" fullname="Dynatrace.OpenKit.Core.Caching.BeaconCacheTest.AddActionDataAddsBeaconIdToCache" methodname="AddActionDataAddsBeaconIdToCache" classname="Dynatrace.OpenKit.Core.Caching.BeaconCacheTest" runstate="Runnable" seed="504724222" result="Passed" start-time="2018-05-11 10:27:03Z" end-time="2018-05-11 10:27:03Z" duration="0.009358" asserts="5" />
              <test-case id="3-1361" name="AddActionDataAddsDataToAlreadyExistingBeaconId" fullname="Dynatrace.OpenKit.Core.Caching.BeaconCacheTest.AddActionDataAddsDataToAlreadyExistingBeaconId" methodname="AddActionDataAddsDataToAlreadyExistingBeaconId" classname="Dynatrace.OpenKit.Core.Caching.BeaconCacheTest" runstate="Runnable" seed="1907083250" result="Passed" start-time="2018-05-11 10:27:03Z" end-time="2018-05-11 10:27:03Z" duration="0.001236" asserts="4" />
              <test-case id="3-1362" name="AddActionDataIncreasesCacheSize" fullname="Dynatrace.OpenKit.Core.Caching.BeaconCacheTest.AddActionDataIncreasesCacheSize" methodname="AddActionDataIncreasesCacheSize" classname="Dynatrace.OpenKit.Core.Caching.BeaconCacheTest" runstate="Runnable" seed="2054883663" result="Passed" start-time="2018-05-11 10:27:03Z" end-time="2018-05-11 10:27:03Z" duration="0.001196" asserts="1" />
              <test-case id="3-1363" name="AddActionDataRaisesEvent" fullname="Dynatrace.OpenKit.Core.Caching.BeaconCacheTest.AddActionDataRaisesEvent" methodname="AddActionDataRaisesEvent" classname="Dynatrace.OpenKit.Core.Caching.BeaconCacheTest" runstate="Runnable" seed="551986456" result="Passed" start-time="2018-05-11 10:27:03Z" end-time="2018-05-11 10:27:03Z" duration="0.001449" asserts="2" />
              <test-case id="3-1357" name="AddEventDataAddsBeaconIdToCache" fullname="Dynatrace.OpenKit.Core.Caching.BeaconCacheTest.AddEventDataAddsBeaconIdToCache" methodname="AddEventDataAddsBeaconIdToCache" classname="Dynatrace.OpenKit.Core.Caching.BeaconCacheTest" runstate="Runnable" seed="1247060698" result="Passed" start-time="2018-05-11 10:27:03Z" end-time="2018-05-11 10:27:03Z" duration="0.001891" asserts="5" />
              <test-case id="3-1358" name="AddEventDataAddsDataToAlreadyExistingBeaconId" fullname="Dynatrace.OpenKit.Core.Caching.BeaconCacheTest.AddEventDataAddsDataToAlreadyExistingBeaconId" methodname="AddEventDataAddsDataToAlreadyExistingBeaconId" classname="Dynatrace.OpenKit.Core.Caching.BeaconCacheTest" runstate="Runnable" seed="1443824514" result="Passed" start-time="2018-05-11 10:27:03Z" end-time="2018-05-11 10:27:03Z" duration="0.001251" asserts="4" />
              <test-case id="3-1359" name="AddEventDataIncreasesCacheSize" fullname="Dynatrace.OpenKit.Core.Caching.BeaconCacheTest.AddEventDataIncreasesCacheSize" methodname="AddEventDataIncreasesCacheSize" classname="Dynatrace.OpenKit.Core.Caching.BeaconCacheTest" runstate="Runnable" seed="1324635238" result="Passed" start-time="2018-05-11 10:27:03Z" end-time="2018-05-11 10:27:03Z" duration="0.000709" asserts="1" />
              <test-case id="3-1356" name="ADefaultConstructedCacheDoesNotContainBeacons" fullname="Dynatrace.OpenKit.Core.Caching.BeaconCacheTest.ADefaultConstructedCacheDoesNotContainBeacons" methodname="ADefaultConstructedCacheDoesNotContainBeacons" classname="Dynatrace.OpenKit.Core.Caching.BeaconCacheTest" runstate="Runnable" seed="1784226034" result="Passed" start-time="2018-05-11 10:27:03Z" end-time="2018-05-11 10:27:03Z" duration="0.000508" asserts="2" />
              <test-case id="3-1367" name="DeleteCacheEntriesDoesNothingIfGivenBeaconIDIsNotInCache" fullname="Dynatrace.OpenKit.Core.Caching.BeaconCacheTest.DeleteCacheEntriesDoesNothingIfGivenBeaconIDIsNotInCache" methodname="DeleteCacheEntriesDoesNothingIfGivenBeaconIDIsNotInCache" classname="Dynatrace.OpenKit.Core.Caching.BeaconCacheTest" runstate="Runnable" seed="398470441" result="Passed" start-time="2018-05-11 10:27:03Z" end-time="2018-05-11 10:27:03Z" duration="0.002352" asserts="3" />
              <test-case id="3-1365" name="DeleteCacheEntryDecrementsCacheSize" fullname="Dynatrace.OpenKit.Core.Caching.BeaconCacheTest.DeleteCacheEntryDecrementsCacheSize" methodname="DeleteCacheEntryDecrementsCacheSize" classname="Dynatrace.OpenKit.Core.Caching.BeaconCacheTest" runstate="Runnable" seed="201708191" result="Passed" start-time="2018-05-11 10:27:03Z" end-time="2018-05-11 10:27:03Z" duration="0.000659" asserts="1" />
              <test-case id="3-1366" name="DeleteCacheEntryDoesNotRaiseEvent" fullname="Dynatrace.OpenKit.Core.Caching.BeaconCacheTest.DeleteCacheEntryDoesNotRaiseEvent" methodname="DeleteCacheEntryDoesNotRaiseEvent" classname="Dynatrace.OpenKit.Core.Caching.BeaconCacheTest" runstate="Runnable" seed="1723858108" result="Passed" start-time="2018-05-11 10:27:03Z" end-time="2018-05-11 10:27:03Z" duration="0.000757" asserts="1" />
              <test-case id="3-1364" name="DeleteCacheEntryRemovesTheGivenBeacon" fullname="Dynatrace.OpenKit.Core.Caching.BeaconCacheTest.DeleteCacheEntryRemovesTheGivenBeacon" methodname="DeleteCacheEntryRemovesTheGivenBeacon" classname="Dynatrace.OpenKit.Core.Caching.BeaconCacheTest" runstate="Runnable" seed="365959824" result="Passed" start-time="2018-05-11 10:27:03Z" end-time="2018-05-11 10:27:03Z" duration="0.000681" asserts="2" />
              <test-case id="3-1379" name="EvictRecordsByAge" fullname="Dynatrace.OpenKit.Core.Caching.BeaconCacheTest.EvictRecordsByAge" methodname="EvictRecordsByAge" classname="Dynatrace.OpenKit.Core.Caching.BeaconCacheTest" runstate="Runnable" seed="1010457557" result="Passed" start-time="2018-05-11 10:27:03Z" end-time="2018-05-11 10:27:03Z" duration="0.002021" asserts="1" />
              <test-case id="3-1378" name="EvictRecordsByAgeDoesNothingAndReturnsZeroIfBeaconIDDoesNotExist" fullname="Dynatrace.OpenKit.Core.Caching.BeaconCacheTest.EvictRecordsByAgeDoesNothingAndReturnsZeroIfBeaconIDDoesNotExist" methodname="EvictRecordsByAgeDoesNothingAndReturnsZeroIfBeaconIDDoesNotExist" classname="Dynatrace.OpenKit.Core.Caching.BeaconCacheTest" runstate="Runnable" seed="1260380094" result="Passed" start-time="2018-05-11 10:27:03Z" end-time="2018-05-11 10:27:03Z" duration="0.000805" asserts="1" />
              <test-case id="3-1381" name="EvictRecordsByNumber" fullname="Dynatrace.OpenKit.Core.Caching.BeaconCacheTest.EvictRecordsByNumber" methodname="EvictRecordsByNumber" classname="Dynatrace.OpenKit.Core.Caching.BeaconCacheTest" runstate="Runnable" seed="320695803" result="Passed" start-time="2018-05-11 10:27:03Z" end-time="2018-05-11 10:27:03Z" duration="0.001530" asserts="1" />
              <test-case id="3-1380" name="EvictRecordsByNumberDoesNothingAndReturnsZeroIfBeaconIDDoesNotExist" fullname="Dynatrace.OpenKit.Core.Caching.BeaconCacheTest.EvictRecordsByNumberDoesNothingAndReturnsZeroIfBeaconIDDoesNotExist" methodname="EvictRecordsByNumberDoesNothingAndReturnsZeroIfBeaconIDDoesNotExist" classname="Dynatrace.OpenKit.Core.Caching.BeaconCacheTest" runstate="Runnable" seed="207762987" result="Passed" start-time="2018-05-11 10:27:03Z" end-time="2018-05-11 10:27:03Z" duration="0.000682" asserts="1" />
              <test-case id="3-1369" name="GetNextBeaconChunkCopiesDataForSending" fullname="Dynatrace.OpenKit.Core.Caching.BeaconCacheTest.GetNextBeaconChunkCopiesDataForSending" methodname="GetNextBeaconChunkCopiesDataForSending" classname="Dynatrace.OpenKit.Core.Caching.BeaconCacheTest" runstate="Runnable" seed="809884652" result="Passed" start-time="2018-05-11 10:27:03Z" end-time="2018-05-11 10:27:03Z" duration="0.003870" asserts="5" />
              <test-case id="3-1370" name="GetNextBeaconChunkDecreasesBeaconCacheSize" fullname="Dynatrace.OpenKit.Core.Caching.BeaconCacheTest.GetNextBeaconChunkDecreasesBeaconCacheSize" methodname="GetNextBeaconChunkDecreasesBeaconCacheSize" classname="Dynatrace.OpenKit.Core.Caching.BeaconCacheTest" runstate="Runnable" seed="1561720174" result="Passed" start-time="2018-05-11 10:27:03Z" end-time="2018-05-11 10:27:03Z" duration="0.000751" asserts="1" />
              <test-case id="3-1371" name="getNextBeaconChunkRetrievesNextChunk" fullname="Dynatrace.OpenKit.Core.Caching.BeaconCacheTest.getNextBeaconChunkRetrievesNextChunk" methodname="getNextBeaconChunkRetrievesNextChunk" classname="Dynatrace.OpenKit.Core.Caching.BeaconCacheTest" runstate="Runnable" seed="1754546193" result="Passed" start-time="2018-05-11 10:27:03Z" end-time="2018-05-11 10:27:03Z" duration="0.001331" asserts="3" />
              <test-case id="3-1368" name="GetNextBeaconChunkReturnsNullIfGivenBeaconIDDoesNotExist" fullname="Dynatrace.OpenKit.Core.Caching.BeaconCacheTest.GetNextBeaconChunkReturnsNullIfGivenBeaconIDDoesNotExist" methodname="GetNextBeaconChunkReturnsNullIfGivenBeaconIDDoesNotExist" classname="Dynatrace.OpenKit.Core.Caching.BeaconCacheTest" runstate="Runnable" seed="1466750662" result="Passed" start-time="2018-05-11 10:27:03Z" end-time="2018-05-11 10:27:03Z" duration="0.000512" asserts="1" />
              <test-case id="3-1383" name="IsEmptyGivesFalseIfBeaconDataSizeIsNotEqualToZero" fullname="Dynatrace.OpenKit.Core.Caching.BeaconCacheTest.IsEmptyGivesFalseIfBeaconDataSizeIsNotEqualToZero" methodname="IsEmptyGivesFalseIfBeaconDataSizeIsNotEqualToZero" classname="Dynatrace.OpenKit.Core.Caching.BeaconCacheTest" runstate="Runnable" seed="1992476682" result="Passed" start-time="2018-05-11 10:27:03Z" end-time="2018-05-11 10:27:03Z" duration="0.000393" asserts="1" />
              <test-case id="3-1384" name="IsEmptyGivesTrueIfBeaconDoesNotContainActiveData" fullname="Dynatrace.OpenKit.Core.Caching.BeaconCacheTest.IsEmptyGivesTrueIfBeaconDoesNotContainActiveData" methodname="IsEmptyGivesTrueIfBeaconDoesNotContainActiveData" classname="Dynatrace.OpenKit.Core.Caching.BeaconCacheTest" runstate="Runnable" seed="1231815243" result="Passed" start-time="2018-05-11 10:27:03Z" end-time="2018-05-11 10:27:03Z" duration="0.000470" asserts="1" />
              <test-case id="3-1382" name="IsEmptyGivesTrueIfBeaconDoesNotExistInCache" fullname="Dynatrace.OpenKit.Core.Caching.BeaconCacheTest.IsEmptyGivesTrueIfBeaconDoesNotExistInCache" methodname="IsEmptyGivesTrueIfBeaconDoesNotExistInCache" classname="Dynatrace.OpenKit.Core.Caching.BeaconCacheTest" runstate="Runnable" seed="382543852" result="Passed" start-time="2018-05-11 10:27:03Z" end-time="2018-05-11 10:27:03Z" duration="0.000493" asserts="1" />
              <test-case id="3-1372" name="RemoveChunkedDataClearsAlreadyRetrievedChunks" fullname="Dynatrace.OpenKit.Core.Caching.BeaconCacheTest.RemoveChunkedDataClearsAlreadyRetrievedChunks" methodname="RemoveChunkedDataClearsAlreadyRetrievedChunks" classname="Dynatrace.OpenKit.Core.Caching.BeaconCacheTest" runstate="Runnable" seed="1760271506" result="Passed" start-time="2018-05-11 10:27:03Z" end-time="2018-05-11 10:27:03Z" duration="0.003292" asserts="6" />
              <test-case id="3-1373" name="RemoveChunkedDataDoesNothingIfCalledWithNonExistingBeaconID" fullname="Dynatrace.OpenKit.Core.Caching.BeaconCacheTest.RemoveChunkedDataDoesNothingIfCalledWithNonExistingBeaconID" methodname="RemoveChunkedDataDoesNothingIfCalledWithNonExistingBeaconID" classname="Dynatrace.OpenKit.Core.Caching.BeaconCacheTest" runstate="Runnable" seed="446150289" result="Passed" start-time="2018-05-11 10:27:03Z" end-time="2018-05-11 10:27:03Z" duration="0.001168" asserts="2" />
              <test-case id="3-1377" name="ResetChunkedDoesNothingIfEntryDoesNotExist" fullname="Dynatrace.OpenKit.Core.Caching.BeaconCacheTest.ResetChunkedDoesNothingIfEntryDoesNotExist" methodname="ResetChunkedDoesNothingIfEntryDoesNotExist" classname="Dynatrace.OpenKit.Core.Caching.BeaconCacheTest" runstate="Runnable" seed="1185907918" result="Passed" start-time="2018-05-11 10:27:03Z" end-time="2018-05-11 10:27:03Z" duration="0.003198" asserts="2" />
              <test-case id="3-1376" name="ResetChunkedRaisesEvent" fullname="Dynatrace.OpenKit.Core.Caching.BeaconCacheTest.ResetChunkedRaisesEvent" methodname="ResetChunkedRaisesEvent" classname="Dynatrace.OpenKit.Core.Caching.BeaconCacheTest" runstate="Runnable" seed="973601299" result="Passed" start-time="2018-05-11 10:27:03Z" end-time="2018-05-11 10:27:03Z" duration="0.005939" asserts="1" />
              <test-case id="3-1375" name="ResetChunkedRestoresCacheSize" fullname="Dynatrace.OpenKit.Core.Caching.BeaconCacheTest.ResetChunkedRestoresCacheSize" methodname="ResetChunkedRestoresCacheSize" classname="Dynatrace.OpenKit.Core.Caching.BeaconCacheTest" runstate="Runnable" seed="1995733686" result="Passed" start-time="2018-05-11 10:27:03Z" end-time="2018-05-11 10:27:03Z" duration="0.000973" asserts="1" />
              <test-case id="3-1374" name="ResetChunkedRestoresData" fullname="Dynatrace.OpenKit.Core.Caching.BeaconCacheTest.ResetChunkedRestoresData" methodname="ResetChunkedRestoresData" classname="Dynatrace.OpenKit.Core.Caching.BeaconCacheTest" runstate="Runnable" seed="453229488" result="Passed" start-time="2018-05-11 10:27:03Z" end-time="2018-05-11 10:27:03Z" duration="0.002071" asserts="4" />
            </test-suite>
            <test-suite type="TestFixture" id="3-1385" name="SpaceEvictionStrategyTest" fullname="Dynatrace.OpenKit.Core.Caching.SpaceEvictionStrategyTest" classname="Dynatrace.OpenKit.Core.Caching.SpaceEvictionStrategyTest" runstate="Runnable" testcasecount="16" result="Passed" start-time="2018-05-11 10:27:03Z" end-time="2018-05-11 10:27:03Z" duration="0.059948" total="16" passed="16" failed="0" warnings="0" inconclusive="0" skipped="0" asserts="8">
              <test-case id="3-1396" name="ExecuteEvictionCallsCacheMethodForEachBeacon" fullname="Dynatrace.OpenKit.Core.Caching.SpaceEvictionStrategyTest.ExecuteEvictionCallsCacheMethodForEachBeacon" methodname="ExecuteEvictionCallsCacheMethodForEachBeacon" classname="Dynatrace.OpenKit.Core.Caching.SpaceEvictionStrategyTest" runstate="Runnable" seed="1722593863" result="Passed" start-time="2018-05-11 10:27:03Z" end-time="2018-05-11 10:27:03Z" duration="0.024409" asserts="0" />
              <test-case id="3-1398" name="ExecuteEvictionDoesNotLogEvictionResultIfDebugIsDisabled" fullname="Dynatrace.OpenKit.Core.Caching.SpaceEvictionStrategyTest.ExecuteEvictionDoesNotLogEvictionResultIfDebugIsDisabled" methodname="ExecuteEvictionDoesNotLogEvictionResultIfDebugIsDisabled" classname="Dynatrace.OpenKit.Core.Caching.SpaceEvictionStrategyTest" runstate="Runnable" seed="839436112" result="Passed" start-time="2018-05-11 10:27:03Z" end-time="2018-05-11 10:27:03Z" duration="0.007967" asserts="0" />
              <test-case id="3-1395" name="ExecuteEvictionDoesNotLogIfStrategyIsDisabledAndInfoIsDisabledInLogger" fullname="Dynatrace.OpenKit.Core.Caching.SpaceEvictionStrategyTest.ExecuteEvictionDoesNotLogIfStrategyIsDisabledAndInfoIsDisabledInLogger" methodname="ExecuteEvictionDoesNotLogIfStrategyIsDisabledAndInfoIsDisabledInLogger" classname="Dynatrace.OpenKit.Core.Caching.SpaceEvictionStrategyTest" runstate="Runnable" seed="1294876359" result="Passed" start-time="2018-05-11 10:27:03Z" end-time="2018-05-11 10:27:03Z" duration="0.001477" asserts="0" />
              <test-case id="3-1394" name="ExecuteEvictionLogsAMessageOnceAndReturnsIfStrategyIsDisabled" fullname="Dynatrace.OpenKit.Core.Caching.SpaceEvictionStrategyTest.ExecuteEvictionLogsAMessageOnceAndReturnsIfStrategyIsDisabled" methodname="ExecuteEvictionLogsAMessageOnceAndReturnsIfStrategyIsDisabled" classname="Dynatrace.OpenKit.Core.Caching.SpaceEvictionStrategyTest" runstate="Runnable" seed="1174905346" result="Passed" start-time="2018-05-11 10:27:03Z" end-time="2018-05-11 10:27:03Z" duration="0.002327" asserts="0" />
              <test-case id="3-1397" name="ExecuteEvictionLogsEvictionResultIfDebugIsEnabled" fullname="Dynatrace.OpenKit.Core.Caching.SpaceEvictionStrategyTest.ExecuteEvictionLogsEvictionResultIfDebugIsEnabled" methodname="ExecuteEvictionLogsEvictionResultIfDebugIsEnabled" classname="Dynatrace.OpenKit.Core.Caching.SpaceEvictionStrategyTest" runstate="Runnable" seed="1630754640" result="Passed" start-time="2018-05-11 10:27:03Z" end-time="2018-05-11 10:27:03Z" duration="0.006753" asserts="0" />
              <test-case id="3-1399" name="ExecuteEvictionRunsUntilTheCacheSizeIsLessThanOrEqualToLowerBound" fullname="Dynatrace.OpenKit.Core.Caching.SpaceEvictionStrategyTest.ExecuteEvictionRunsUntilTheCacheSizeIsLessThanOrEqualToLowerBound" methodname="ExecuteEvictionRunsUntilTheCacheSizeIsLessThanOrEqualToLowerBound" classname="Dynatrace.OpenKit.Core.Caching.SpaceEvictionStrategyTest" runstate="Runnable" seed="542187502" result="Passed" start-time="2018-05-11 10:27:03Z" end-time="2018-05-11 10:27:03Z" duration="0.002097" asserts="0" />
              <test-case id="3-1401" name="ExecuteEvictionStopsIfNumBytesInCacheFallsBelowLowerBoundBetweenTwoBeacons" fullname="Dynatrace.OpenKit.Core.Caching.SpaceEvictionStrategyTest.ExecuteEvictionStopsIfNumBytesInCacheFallsBelowLowerBoundBetweenTwoBeacons" methodname="ExecuteEvictionStopsIfNumBytesInCacheFallsBelowLowerBoundBetweenTwoBeacons" classname="Dynatrace.OpenKit.Core.Caching.SpaceEvictionStrategyTest" runstate="Runnable" seed="592693574" result="Passed" start-time="2018-05-11 10:27:03Z" end-time="2018-05-11 10:27:03Z" duration="0.002455" asserts="0" />
              <test-case id="3-1400" name="ÉxecuteEvictionStopsIfThreadGetsInterruptedBetweenTwoBeacons" fullname="Dynatrace.OpenKit.Core.Caching.SpaceEvictionStrategyTest.ÉxecuteEvictionStopsIfThreadGetsInterruptedBetweenTwoBeacons" methodname="ÉxecuteEvictionStopsIfThreadGetsInterruptedBetweenTwoBeacons" classname="Dynatrace.OpenKit.Core.Caching.SpaceEvictionStrategyTest" runstate="Runnable" seed="578384145" result="Passed" start-time="2018-05-11 10:27:03Z" end-time="2018-05-11 10:27:03Z" duration="0.003485" asserts="0" />
              <test-case id="3-1392" name="ShouldRunGivesFalseIfNumBytesInCacheIsEqualToUpperBoundLimit" fullname="Dynatrace.OpenKit.Core.Caching.SpaceEvictionStrategyTest.ShouldRunGivesFalseIfNumBytesInCacheIsEqualToUpperBoundLimit" methodname="ShouldRunGivesFalseIfNumBytesInCacheIsEqualToUpperBoundLimit" classname="Dynatrace.OpenKit.Core.Caching.SpaceEvictionStrategyTest" runstate="Runnable" seed="1543825491" result="Passed" start-time="2018-05-11 10:27:03Z" end-time="2018-05-11 10:27:03Z" duration="0.000691" asserts="1" />
              <test-case id="3-1393" name="ShouldRunGivesFalseIfNumBytesInCacheIsLessThanUpperBoundLimit" fullname="Dynatrace.OpenKit.Core.Caching.SpaceEvictionStrategyTest.ShouldRunGivesFalseIfNumBytesInCacheIsLessThanUpperBoundLimit" methodname="ShouldRunGivesFalseIfNumBytesInCacheIsLessThanUpperBoundLimit" classname="Dynatrace.OpenKit.Core.Caching.SpaceEvictionStrategyTest" runstate="Runnable" seed="743370135" result="Passed" start-time="2018-05-11 10:27:03Z" end-time="2018-05-11 10:27:03Z" duration="0.000628" asserts="1" />
              <test-case id="3-1391" name="ShouldRunGivesTrueIfNumBytesInCacheIsGreaterThanUpperBoundLimit" fullname="Dynatrace.OpenKit.Core.Caching.SpaceEvictionStrategyTest.ShouldRunGivesTrueIfNumBytesInCacheIsGreaterThanUpperBoundLimit" methodname="ShouldRunGivesTrueIfNumBytesInCacheIsGreaterThanUpperBoundLimit" classname="Dynatrace.OpenKit.Core.Caching.SpaceEvictionStrategyTest" runstate="Runnable" seed="1274224765" result="Passed" start-time="2018-05-11 10:27:03Z" end-time="2018-05-11 10:27:03Z" duration="0.000926" asserts="1" />
              <test-case id="3-1387" name="TheStrategyIsDisabledIfCacheSizeLowerBoundIsEqualToZero" fullname="Dynatrace.OpenKit.Core.Caching.SpaceEvictionStrategyTest.TheStrategyIsDisabledIfCacheSizeLowerBoundIsEqualToZero" methodname="TheStrategyIsDisabledIfCacheSizeLowerBoundIsEqualToZero" classname="Dynatrace.OpenKit.Core.Caching.SpaceEvictionStrategyTest" runstate="Runnable" seed="1273510871" result="Passed" start-time="2018-05-11 10:27:03Z" end-time="2018-05-11 10:27:03Z" duration="0.000686" asserts="1" />
              <test-case id="3-1386" name="TheStrategyIsDisabledIfCacheSizeLowerBoundIsLessThanZero" fullname="Dynatrace.OpenKit.Core.Caching.SpaceEvictionStrategyTest.TheStrategyIsDisabledIfCacheSizeLowerBoundIsLessThanZero" methodname="TheStrategyIsDisabledIfCacheSizeLowerBoundIsLessThanZero" classname="Dynatrace.OpenKit.Core.Caching.SpaceEvictionStrategyTest" runstate="Runnable" seed="2024720741" result="Passed" start-time="2018-05-11 10:27:03Z" end-time="2018-05-11 10:27:03Z" duration="0.000468" asserts="1" />
              <test-case id="3-1389" name="TheStrategyIsDisabledIfCacheSizeUpperBoundIsEqualToZero" fullname="Dynatrace.OpenKit.Core.Caching.SpaceEvictionStrategyTest.TheStrategyIsDisabledIfCacheSizeUpperBoundIsEqualToZero" methodname="TheStrategyIsDisabledIfCacheSizeUpperBoundIsEqualToZero" classname="Dynatrace.OpenKit.Core.Caching.SpaceEvictionStrategyTest" runstate="Runnable" seed="1182212029" result="Passed" start-time="2018-05-11 10:27:03Z" end-time="2018-05-11 10:27:03Z" duration="0.000419" asserts="1" />
              <test-case id="3-1390" name="TheStrategyIsDisabledIfCacheSizeUpperBoundIsLessThanLowerBound" fullname="Dynatrace.OpenKit.Core.Caching.SpaceEvictionStrategyTest.TheStrategyIsDisabledIfCacheSizeUpperBoundIsLessThanLowerBound" methodname="TheStrategyIsDisabledIfCacheSizeUpperBoundIsLessThanLowerBound" classname="Dynatrace.OpenKit.Core.Caching.SpaceEvictionStrategyTest" runstate="Runnable" seed="1736902569" result="Passed" start-time="2018-05-11 10:27:03Z" end-time="2018-05-11 10:27:03Z" duration="0.000414" asserts="1" />
              <test-case id="3-1388" name="TheStrategyIsDisabledIfCacheSizeUpperBoundIsLessThanZero" fullname="Dynatrace.OpenKit.Core.Caching.SpaceEvictionStrategyTest.TheStrategyIsDisabledIfCacheSizeUpperBoundIsLessThanZero" methodname="TheStrategyIsDisabledIfCacheSizeUpperBoundIsLessThanZero" classname="Dynatrace.OpenKit.Core.Caching.SpaceEvictionStrategyTest" runstate="Runnable" seed="1686997274" result="Passed" start-time="2018-05-11 10:27:03Z" end-time="2018-05-11 10:27:03Z" duration="0.000427" asserts="1" />
            </test-suite>
            <test-suite type="TestFixture" id="3-1402" name="TimeEvicitionStrategyTest" fullname="Dynatrace.OpenKit.Core.Caching.TimeEvicitionStrategyTest" classname="Dynatrace.OpenKit.Core.Caching.TimeEvicitionStrategyTest" runstate="Runnable" testcasecount="14" result="Passed" start-time="2018-05-11 10:27:03Z" end-time="2018-05-11 10:27:03Z" duration="0.047912" total="14" passed="14" failed="0" warnings="0" inconclusive="0" skipped="0" asserts="11">
              <test-case id="3-1414" name="ExecuteEvictionCallsEvictionForEachBeaconSeparately" fullname="Dynatrace.OpenKit.Core.Caching.TimeEvicitionStrategyTest.ExecuteEvictionCallsEvictionForEachBeaconSeparately" methodname="ExecuteEvictionCallsEvictionForEachBeaconSeparately" classname="Dynatrace.OpenKit.Core.Caching.TimeEvicitionStrategyTest" runstate="Runnable" seed="2068766125" result="Passed" start-time="2018-05-11 10:27:03Z" end-time="2018-05-11 10:27:03Z" duration="0.013247" asserts="1" />
              <test-case id="3-1411" name="ExecuteEvictionDoesNotLogIfStrategyIsDisabledAndInfoIsDisabledInLogger" fullname="Dynatrace.OpenKit.Core.Caching.TimeEvicitionStrategyTest.ExecuteEvictionDoesNotLogIfStrategyIsDisabledAndInfoIsDisabledInLogger" methodname="ExecuteEvictionDoesNotLogIfStrategyIsDisabledAndInfoIsDisabledInLogger" classname="Dynatrace.OpenKit.Core.Caching.TimeEvicitionStrategyTest" runstate="Runnable" seed="902143180" result="Passed" start-time="2018-05-11 10:27:03Z" end-time="2018-05-11 10:27:03Z" duration="0.002247" asserts="0" />
              <test-case id="3-1416" name="ExecuteEvictionIsStoppedIfThreadGetsInterrupted" fullname="Dynatrace.OpenKit.Core.Caching.TimeEvicitionStrategyTest.ExecuteEvictionIsStoppedIfThreadGetsInterrupted" methodname="ExecuteEvictionIsStoppedIfThreadGetsInterrupted" classname="Dynatrace.OpenKit.Core.Caching.TimeEvicitionStrategyTest" runstate="Runnable" seed="285527090" result="Passed" start-time="2018-05-11 10:27:03Z" end-time="2018-05-11 10:27:03Z" duration="0.003261" asserts="0" />
              <test-case id="3-1410" name="ExecuteEvictionLogsAMessageOnceAndReturnsIfStrategyIsDisabled" fullname="Dynatrace.OpenKit.Core.Caching.TimeEvicitionStrategyTest.ExecuteEvictionLogsAMessageOnceAndReturnsIfStrategyIsDisabled" methodname="ExecuteEvictionLogsAMessageOnceAndReturnsIfStrategyIsDisabled" classname="Dynatrace.OpenKit.Core.Caching.TimeEvicitionStrategyTest" runstate="Runnable" seed="1593294224" result="Passed" start-time="2018-05-11 10:27:03Z" end-time="2018-05-11 10:27:03Z" duration="0.003356" asserts="0" />
              <test-case id="3-1415" name="ExecuteEvictionLogsTheNumberOfRecordsRemoved" fullname="Dynatrace.OpenKit.Core.Caching.TimeEvicitionStrategyTest.ExecuteEvictionLogsTheNumberOfRecordsRemoved" methodname="ExecuteEvictionLogsTheNumberOfRecordsRemoved" classname="Dynatrace.OpenKit.Core.Caching.TimeEvicitionStrategyTest" runstate="Runnable" seed="1482547556" result="Passed" start-time="2018-05-11 10:27:03Z" end-time="2018-05-11 10:27:03Z" duration="0.003622" asserts="0" />
              <test-case id="3-1413" name="ExecuteEvictionStopsIfNoBeaconIdsAreAvailableInCache" fullname="Dynatrace.OpenKit.Core.Caching.TimeEvicitionStrategyTest.ExecuteEvictionStopsIfNoBeaconIdsAreAvailableInCache" methodname="ExecuteEvictionStopsIfNoBeaconIdsAreAvailableInCache" classname="Dynatrace.OpenKit.Core.Caching.TimeEvicitionStrategyTest" runstate="Runnable" seed="2031406375" result="Passed" start-time="2018-05-11 10:27:03Z" end-time="2018-05-11 10:27:03Z" duration="0.001164" asserts="1" />
              <test-case id="3-1412" name="LastRuntimeStampIsAdjustedDuringFirstExecution" fullname="Dynatrace.OpenKit.Core.Caching.TimeEvicitionStrategyTest.LastRuntimeStampIsAdjustedDuringFirstExecution" methodname="LastRuntimeStampIsAdjustedDuringFirstExecution" classname="Dynatrace.OpenKit.Core.Caching.TimeEvicitionStrategyTest" runstate="Runnable" seed="664919629" result="Passed" start-time="2018-05-11 10:27:03Z" end-time="2018-05-11 10:27:03Z" duration="0.003566" asserts="2" />
              <test-case id="3-1407" name="ShouldRunGivesFalseIfLastRunIsLessThanMaxAgeMillisecondsAgo" fullname="Dynatrace.OpenKit.Core.Caching.TimeEvicitionStrategyTest.ShouldRunGivesFalseIfLastRunIsLessThanMaxAgeMillisecondsAgo" methodname="ShouldRunGivesFalseIfLastRunIsLessThanMaxAgeMillisecondsAgo" classname="Dynatrace.OpenKit.Core.Caching.TimeEvicitionStrategyTest" runstate="Runnable" seed="379062199" result="Passed" start-time="2018-05-11 10:27:03Z" end-time="2018-05-11 10:27:03Z" duration="0.000898" asserts="1" />
              <test-case id="3-1408" name="ShouldRunGivesTrueIfLastRunIsExactlyMaxAgeMillisecondsAgo" fullname="Dynatrace.OpenKit.Core.Caching.TimeEvicitionStrategyTest.ShouldRunGivesTrueIfLastRunIsExactlyMaxAgeMillisecondsAgo" methodname="ShouldRunGivesTrueIfLastRunIsExactlyMaxAgeMillisecondsAgo" classname="Dynatrace.OpenKit.Core.Caching.TimeEvicitionStrategyTest" runstate="Runnable" seed="1120679859" result="Passed" start-time="2018-05-11 10:27:03Z" end-time="2018-05-11 10:27:03Z" duration="0.000733" asserts="1" />
              <test-case id="3-1409" name="ShouldRunGivesTrueIfLastRunIsMoreThanMaxAgeMillisecondsAgo" fullname="Dynatrace.OpenKit.Core.Caching.TimeEvicitionStrategyTest.ShouldRunGivesTrueIfLastRunIsMoreThanMaxAgeMillisecondsAgo" methodname="ShouldRunGivesTrueIfLastRunIsMoreThanMaxAgeMillisecondsAgo" classname="Dynatrace.OpenKit.Core.Caching.TimeEvicitionStrategyTest" runstate="Runnable" seed="1877958113" result="Passed" start-time="2018-05-11 10:27:03Z" end-time="2018-05-11 10:27:03Z" duration="0.000606" asserts="1" />
              <test-case id="3-1403" name="TheInitialLastRunTimestampIsMinusOne" fullname="Dynatrace.OpenKit.Core.Caching.TimeEvicitionStrategyTest.TheInitialLastRunTimestampIsMinusOne" methodname="TheInitialLastRunTimestampIsMinusOne" classname="Dynatrace.OpenKit.Core.Caching.TimeEvicitionStrategyTest" runstate="Runnable" seed="1708239602" result="Passed" start-time="2018-05-11 10:27:03Z" end-time="2018-05-11 10:27:03Z" duration="0.000516" asserts="1" />
              <test-case id="3-1404" name="TheStrategyIsDisabledIfBeaconMaxAgeIsSetToLessThanZero" fullname="Dynatrace.OpenKit.Core.Caching.TimeEvicitionStrategyTest.TheStrategyIsDisabledIfBeaconMaxAgeIsSetToLessThanZero" methodname="TheStrategyIsDisabledIfBeaconMaxAgeIsSetToLessThanZero" classname="Dynatrace.OpenKit.Core.Caching.TimeEvicitionStrategyTest" runstate="Runnable" seed="1559342192" result="Passed" start-time="2018-05-11 10:27:03Z" end-time="2018-05-11 10:27:03Z" duration="0.000481" asserts="1" />
              <test-case id="3-1405" name="TheStrategyIsDisabledIfBeaconMaxAgeIsSetToZero" fullname="Dynatrace.OpenKit.Core.Caching.TimeEvicitionStrategyTest.TheStrategyIsDisabledIfBeaconMaxAgeIsSetToZero" methodname="TheStrategyIsDisabledIfBeaconMaxAgeIsSetToZero" classname="Dynatrace.OpenKit.Core.Caching.TimeEvicitionStrategyTest" runstate="Runnable" seed="1055415953" result="Passed" start-time="2018-05-11 10:27:03Z" end-time="2018-05-11 10:27:03Z" duration="0.000474" asserts="1" />
              <test-case id="3-1406" name="TheStrategyIsNotDisabledIFMaxRecordAgeIsGreaterThanZero" fullname="Dynatrace.OpenKit.Core.Caching.TimeEvicitionStrategyTest.TheStrategyIsNotDisabledIFMaxRecordAgeIsGreaterThanZero" methodname="TheStrategyIsNotDisabledIFMaxRecordAgeIsGreaterThanZero" classname="Dynatrace.OpenKit.Core.Caching.TimeEvicitionStrategyTest" runstate="Runnable" seed="464661426" result="Passed" start-time="2018-05-11 10:27:03Z" end-time="2018-05-11 10:27:03Z" duration="0.000416" asserts="1" />
            </test-suite>
          </test-suite>
          <test-suite type="TestSuite" id="3-1424" name="Communication" fullname="Dynatrace.OpenKit.Core.Communication" runstate="Runnable" testcasecount="71" result="Passed" start-time="2018-05-11 10:27:02Z" end-time="2018-05-11 10:27:03Z" duration="1.720913" total="71" passed="71" failed="0" warnings="0" inconclusive="0" skipped="0" asserts="48">
            <test-suite type="TestFixture" id="3-1214" name="BeaconSendingCaptureOffStateTest" fullname="Dynatrace.OpenKit.Core.Communication.BeaconSendingCaptureOffStateTest" classname="Dynatrace.OpenKit.Core.Communication.BeaconSendingCaptureOffStateTest" runstate="Runnable" testcasecount="8" result="Passed" start-time="2018-05-11 10:27:03Z" end-time="2018-05-11 10:27:03Z" duration="0.171522" total="8" passed="8" failed="0" warnings="0" inconclusive="0" skipped="0" asserts="2">
              <test-case id="3-1216" name="ShutdownStateIsFlushState" fullname="Dynatrace.OpenKit.Core.Communication.BeaconSendingCaptureOffStateTest.ShutdownStateIsFlushState" methodname="ShutdownStateIsFlushState" classname="Dynatrace.OpenKit.Core.Communication.BeaconSendingCaptureOffStateTest" runstate="Runnable" seed="371862638" result="Passed" start-time="2018-05-11 10:27:03Z" end-time="2018-05-11 10:27:03Z" duration="0.036213" asserts="1" />
              <test-case id="3-1221" name="SleepIsCalledOnEntry" fullname="Dynatrace.OpenKit.Core.Communication.BeaconSendingCaptureOffStateTest.SleepIsCalledOnEntry" methodname="SleepIsCalledOnEntry" classname="Dynatrace.OpenKit.Core.Communication.BeaconSendingCaptureOffStateTest" runstate="Runnable" seed="1503349648" result="Passed" start-time="2018-05-11 10:27:03Z" end-time="2018-05-11 10:27:03Z" duration="0.019296" asserts="0" />
              <test-case id="3-1222" name="SleepIsNotCalledIfShutdownIsRequested" fullname="Dynatrace.OpenKit.Core.Communication.BeaconSendingCaptureOffStateTest.SleepIsNotCalledIfShutdownIsRequested" methodname="SleepIsNotCalledIfShutdownIsRequested" classname="Dynatrace.OpenKit.Core.Communication.BeaconSendingCaptureOffStateTest" runstate="Runnable" seed="1209583220" result="Passed" start-time="2018-05-11 10:27:03Z" end-time="2018-05-11 10:27:03Z" duration="0.002279" asserts="0" />
              <test-case id="3-1215" name="StateIsNotTerminal" fullname="Dynatrace.OpenKit.Core.Communication.BeaconSendingCaptureOffStateTest.StateIsNotTerminal" methodname="StateIsNotTerminal" classname="Dynatrace.OpenKit.Core.Communication.BeaconSendingCaptureOffStateTest" runstate="Runnable" seed="819429717" result="Passed" start-time="2018-05-11 10:27:03Z" end-time="2018-05-11 10:27:03Z" duration="0.000907" asserts="1" />
              <test-case id="3-1220" name="StatusRequestIsRetried" fullname="Dynatrace.OpenKit.Core.Communication.BeaconSendingCaptureOffStateTest.StatusRequestIsRetried" methodname="StatusRequestIsRetried" classname="Dynatrace.OpenKit.Core.Communication.BeaconSendingCaptureOffStateTest" runstate="Runnable" seed="744910217" result="Passed" start-time="2018-05-11 10:27:03Z" end-time="2018-05-11 10:27:03Z" duration="0.001555" asserts="0" />
              <test-case id="3-1217" name="TransitionToCaptureOnStateIsPerformed" fullname="Dynatrace.OpenKit.Core.Communication.BeaconSendingCaptureOffStateTest.TransitionToCaptureOnStateIsPerformed" methodname="TransitionToCaptureOnStateIsPerformed" classname="Dynatrace.OpenKit.Core.Communication.BeaconSendingCaptureOffStateTest" runstate="Runnable" seed="1516937525" result="Passed" start-time="2018-05-11 10:27:03Z" end-time="2018-05-11 10:27:03Z" duration="0.003204" asserts="0" />
              <test-case id="3-1219" name="TransitionToFlushStateIsPerformedOnShutdown" fullname="Dynatrace.OpenKit.Core.Communication.BeaconSendingCaptureOffStateTest.TransitionToFlushStateIsPerformedOnShutdown" methodname="TransitionToFlushStateIsPerformedOnShutdown" classname="Dynatrace.OpenKit.Core.Communication.BeaconSendingCaptureOffStateTest" runstate="Runnable" seed="1413351681" result="Passed" start-time="2018-05-11 10:27:03Z" end-time="2018-05-11 10:27:03Z" duration="0.001804" asserts="0" />
              <test-case id="3-1218" name="TransitionToTimeSyncIsPerformedIfNotDoneYet" fullname="Dynatrace.OpenKit.Core.Communication.BeaconSendingCaptureOffStateTest.TransitionToTimeSyncIsPerformedIfNotDoneYet" methodname="TransitionToTimeSyncIsPerformedIfNotDoneYet" classname="Dynatrace.OpenKit.Core.Communication.BeaconSendingCaptureOffStateTest" runstate="Runnable" seed="610117628" result="Passed" start-time="2018-05-11 10:27:03Z" end-time="2018-05-11 10:27:03Z" duration="0.104622" asserts="0" />
            </test-suite>
            <test-suite type="TestFixture" id="3-1223" name="BeaconSendingCaptureOnStateTest" fullname="Dynatrace.OpenKit.Core.Communication.BeaconSendingCaptureOnStateTest" classname="Dynatrace.OpenKit.Core.Communication.BeaconSendingCaptureOnStateTest" runstate="Runnable" testcasecount="11" result="Passed" start-time="2018-05-11 10:27:03Z" end-time="2018-05-11 10:27:03Z" duration="0.077946" total="11" passed="11" failed="0" warnings="0" inconclusive="0" skipped="0" asserts="5">
              <test-case id="3-1232" name="ABeaconSendingCaptureOnStateContinuesWithNextFinishedSessionIfSendingWasUnsuccessfulButBeaconIsEmtpy" fullname="Dynatrace.OpenKit.Core.Communication.BeaconSendingCaptureOnStateTest.ABeaconSendingCaptureOnStateContinuesWithNextFinishedSessionIfSendingWasUnsuccessfulButBeaconIsEmtpy" methodname="ABeaconSendingCaptureOnStateContinuesWithNextFinishedSessionIfSendingWasUnsuccessfulButBeaconIsEmtpy" classname="Dynatrace.OpenKit.Core.Communication.BeaconSendingCaptureOnStateTest" runstate="Runnable" seed="1821799522" result="Passed" start-time="2018-05-11 10:27:03Z" end-time="2018-05-11 10:27:03Z" duration="0.045732" asserts="0" />
              <test-case id="3-1230" name="EmptyFinishedSessionsAreNotSent" fullname="Dynatrace.OpenKit.Core.Communication.BeaconSendingCaptureOnStateTest.EmptyFinishedSessionsAreNotSent" methodname="EmptyFinishedSessionsAreNotSent" classname="Dynatrace.OpenKit.Core.Communication.BeaconSendingCaptureOnStateTest" runstate="Runnable" seed="1535208842" result="Passed" start-time="2018-05-11 10:27:03Z" end-time="2018-05-11 10:27:03Z" duration="0.004926" asserts="1" />
              <test-case id="3-1229" name="FinishedSessionsAreSent" fullname="Dynatrace.OpenKit.Core.Communication.BeaconSendingCaptureOnStateTest.FinishedSessionsAreSent" methodname="FinishedSessionsAreSent" classname="Dynatrace.OpenKit.Core.Communication.BeaconSendingCaptureOnStateTest" runstate="Runnable" seed="8245845" result="Passed" start-time="2018-05-11 10:27:03Z" end-time="2018-05-11 10:27:03Z" duration="0.005970" asserts="1" />
              <test-case id="3-1234" name="OpenSessionsAreNotSentIfSendIntervalIsNotExceeded" fullname="Dynatrace.OpenKit.Core.Communication.BeaconSendingCaptureOnStateTest.OpenSessionsAreNotSentIfSendIntervalIsNotExceeded" methodname="OpenSessionsAreNotSentIfSendIntervalIsNotExceeded" classname="Dynatrace.OpenKit.Core.Communication.BeaconSendingCaptureOnStateTest" runstate="Runnable" seed="1190280312" result="Passed" start-time="2018-05-11 10:27:03Z" end-time="2018-05-11 10:27:03Z" duration="0.002551" asserts="0" />
              <test-case id="3-1233" name="OpenSessionsAreSentIfSendIntervalIsExceeded" fullname="Dynatrace.OpenKit.Core.Communication.BeaconSendingCaptureOnStateTest.OpenSessionsAreSentIfSendIntervalIsExceeded" methodname="OpenSessionsAreSentIfSendIntervalIsExceeded" classname="Dynatrace.OpenKit.Core.Communication.BeaconSendingCaptureOnStateTest" runstate="Runnable" seed="47422045" result="Passed" start-time="2018-05-11 10:27:03Z" end-time="2018-05-11 10:27:03Z" duration="0.003554" asserts="1" />
              <test-case id="3-1225" name="ShutdownStateIsFlushState" fullname="Dynatrace.OpenKit.Core.Communication.BeaconSendingCaptureOnStateTest.ShutdownStateIsFlushState" methodname="ShutdownStateIsFlushState" classname="Dynatrace.OpenKit.Core.Communication.BeaconSendingCaptureOnStateTest" runstate="Runnable" seed="1935036716" result="Passed" start-time="2018-05-11 10:27:03Z" end-time="2018-05-11 10:27:03Z" duration="0.001301" asserts="1" />
              <test-case id="3-1224" name="StateIsNotTerminal" fullname="Dynatrace.OpenKit.Core.Communication.BeaconSendingCaptureOnStateTest.StateIsNotTerminal" methodname="StateIsNotTerminal" classname="Dynatrace.OpenKit.Core.Communication.BeaconSendingCaptureOnStateTest" runstate="Runnable" seed="1612168273" result="Passed" start-time="2018-05-11 10:27:03Z" end-time="2018-05-11 10:27:03Z" duration="0.000817" asserts="1" />
              <test-case id="3-1227" name="TransitionToCaptureOffStateIsPerformed" fullname="Dynatrace.OpenKit.Core.Communication.BeaconSendingCaptureOnStateTest.TransitionToCaptureOffStateIsPerformed" methodname="TransitionToCaptureOffStateIsPerformed" classname="Dynatrace.OpenKit.Core.Communication.BeaconSendingCaptureOnStateTest" runstate="Runnable" seed="307134930" result="Passed" start-time="2018-05-11 10:27:03Z" end-time="2018-05-11 10:27:03Z" duration="0.002640" asserts="0" />
              <test-case id="3-1228" name="TransitionToFlushStateIsPerformedOnShutdown" fullname="Dynatrace.OpenKit.Core.Communication.BeaconSendingCaptureOnStateTest.TransitionToFlushStateIsPerformedOnShutdown" methodname="TransitionToFlushStateIsPerformedOnShutdown" classname="Dynatrace.OpenKit.Core.Communication.BeaconSendingCaptureOnStateTest" runstate="Runnable" seed="693186316" result="Passed" start-time="2018-05-11 10:27:03Z" end-time="2018-05-11 10:27:03Z" duration="0.002668" asserts="0" />
              <test-case id="3-1226" name="TransitionToTimeSycnIsPerformed" fullname="Dynatrace.OpenKit.Core.Communication.BeaconSendingCaptureOnStateTest.TransitionToTimeSycnIsPerformed" methodname="TransitionToTimeSycnIsPerformed" classname="Dynatrace.OpenKit.Core.Communication.BeaconSendingCaptureOnStateTest" runstate="Runnable" seed="1777739073" result="Passed" start-time="2018-05-11 10:27:03Z" end-time="2018-05-11 10:27:03Z" duration="0.003720" asserts="0" />
              <test-case id="3-1231" name="UnsuccessfulFinishedSessionsAreMovedBackToCache" fullname="Dynatrace.OpenKit.Core.Communication.BeaconSendingCaptureOnStateTest.UnsuccessfulFinishedSessionsAreMovedBackToCache" methodname="UnsuccessfulFinishedSessionsAreMovedBackToCache" classname="Dynatrace.OpenKit.Core.Communication.BeaconSendingCaptureOnStateTest" runstate="Runnable" seed="863614184" result="Passed" start-time="2018-05-11 10:27:03Z" end-time="2018-05-11 10:27:03Z" duration="0.003145" asserts="0" />
            </test-suite>
            <test-suite type="TestFixture" id="3-1235" name="BeaconSendingContextTest" fullname="Dynatrace.OpenKit.Core.Communication.BeaconSendingContextTest" classname="Dynatrace.OpenKit.Core.Communication.BeaconSendingContextTest" runstate="Runnable" testcasecount="23" result="Passed" start-time="2018-05-11 10:27:03Z" end-time="2018-05-11 10:27:03Z" duration="0.136899" total="23" passed="23" failed="0" warnings="0" inconclusive="0" skipped="0" asserts="28">
              <test-case id="3-1254" name="CanGetCurrentTimestamp" fullname="Dynatrace.OpenKit.Core.Communication.BeaconSendingContextTest.CanGetCurrentTimestamp" methodname="CanGetCurrentTimestamp" classname="Dynatrace.OpenKit.Core.Communication.BeaconSendingContextTest" runstate="Runnable" seed="939099557" result="Passed" start-time="2018-05-11 10:27:03Z" end-time="2018-05-11 10:27:03Z" duration="0.024759" asserts="1" />
              <test-case id="3-1252" name="CanGetHttpClient" fullname="Dynatrace.OpenKit.Core.Communication.BeaconSendingContextTest.CanGetHttpClient" methodname="CanGetHttpClient" classname="Dynatrace.OpenKit.Core.Communication.BeaconSendingContextTest" runstate="Runnable" seed="2032542078" result="Passed" start-time="2018-05-11 10:27:03Z" end-time="2018-05-11 10:27:03Z" duration="0.013219" asserts="2" />
              <test-case id="3-1256" name="CanSleepCustomPeriod" fullname="Dynatrace.OpenKit.Core.Communication.BeaconSendingContextTest.CanSleepCustomPeriod" methodname="CanSleepCustomPeriod" classname="Dynatrace.OpenKit.Core.Communication.BeaconSendingContextTest" runstate="Runnable" seed="1092840555" result="Passed" start-time="2018-05-11 10:27:03Z" end-time="2018-05-11 10:27:03Z" duration="0.001741" asserts="0" />
              <test-case id="3-1236" name="ContextIsInitializedWithInitState" fullname="Dynatrace.OpenKit.Core.Communication.BeaconSendingContextTest.ContextIsInitializedWithInitState" methodname="ContextIsInitializedWithInitState" classname="Dynatrace.OpenKit.Core.Communication.BeaconSendingContextTest" runstate="Runnable" seed="1113001549" result="Passed" start-time="2018-05-11 10:27:03Z" end-time="2018-05-11 10:27:03Z" duration="0.002649" asserts="2" />
              <test-case id="3-1237" name="CurrentStateIsSet" fullname="Dynatrace.OpenKit.Core.Communication.BeaconSendingContextTest.CurrentStateIsSet" methodname="CurrentStateIsSet" classname="Dynatrace.OpenKit.Core.Communication.BeaconSendingContextTest" runstate="Runnable" seed="594023155" result="Passed" start-time="2018-05-11 10:27:03Z" end-time="2018-05-11 10:27:03Z" duration="0.000573" asserts="1" />
              <test-case id="3-1255" name="DefaultSleepTimeIsUsed" fullname="Dynatrace.OpenKit.Core.Communication.BeaconSendingContextTest.DefaultSleepTimeIsUsed" methodname="DefaultSleepTimeIsUsed" classname="Dynatrace.OpenKit.Core.Communication.BeaconSendingContextTest" runstate="Runnable" seed="1709587178" result="Passed" start-time="2018-05-11 10:27:03Z" end-time="2018-05-11 10:27:03Z" duration="0.001858" asserts="0" />
              <test-case id="3-1258" name="DisableCaptureDisablesItInTheConfiguration" fullname="Dynatrace.OpenKit.Core.Communication.BeaconSendingContextTest.DisableCaptureDisablesItInTheConfiguration" methodname="DisableCaptureDisablesItInTheConfiguration" classname="Dynatrace.OpenKit.Core.Communication.BeaconSendingContextTest" runstate="Runnable" seed="1045970938" result="Passed" start-time="2018-05-11 10:27:03Z" end-time="2018-05-11 10:27:03Z" duration="0.004539" asserts="1" />
              <test-case id="3-1238" name="ExecuteIsCalledOnCurrentState" fullname="Dynatrace.OpenKit.Core.Communication.BeaconSendingContextTest.ExecuteIsCalledOnCurrentState" methodname="ExecuteIsCalledOnCurrentState" classname="Dynatrace.OpenKit.Core.Communication.BeaconSendingContextTest" runstate="Runnable" seed="1134276561" result="Passed" start-time="2018-05-11 10:27:03Z" end-time="2018-05-11 10:27:03Z" duration="0.021994" asserts="0" />
              <test-case id="3-1253" name="GetHttpClientUsesCurrentHttpConfig" fullname="Dynatrace.OpenKit.Core.Communication.BeaconSendingContextTest.GetHttpClientUsesCurrentHttpConfig" methodname="GetHttpClientUsesCurrentHttpConfig" classname="Dynatrace.OpenKit.Core.Communication.BeaconSendingContextTest" runstate="Runnable" seed="1778923821" result="Passed" start-time="2018-05-11 10:27:03Z" end-time="2018-05-11 10:27:03Z" duration="0.001838" asserts="0" />
              <test-case id="3-1242" name="IsInitializedOnInitFailed" fullname="Dynatrace.OpenKit.Core.Communication.BeaconSendingContextTest.IsInitializedOnInitFailed" methodname="IsInitializedOnInitFailed" classname="Dynatrace.OpenKit.Core.Communication.BeaconSendingContextTest" runstate="Runnable" seed="1170939549" result="Passed" start-time="2018-05-11 10:27:03Z" end-time="2018-05-11 10:27:03Z" duration="0.003710" asserts="1" />
              <test-case id="3-1241" name="IsInitializedOnInitSuccess" fullname="Dynatrace.OpenKit.Core.Communication.BeaconSendingContextTest.IsInitializedOnInitSuccess" methodname="IsInitializedOnInitSuccess" classname="Dynatrace.OpenKit.Core.Communication.BeaconSendingContextTest" runstate="Runnable" seed="701606083" result="Passed" start-time="2018-05-11 10:27:03Z" end-time="2018-05-11 10:27:03Z" duration="0.001109" asserts="1" />
              <test-case id="3-1246" name="IsShutdownRequestedIsSetCorrectly" fullname="Dynatrace.OpenKit.Core.Communication.BeaconSendingContextTest.IsShutdownRequestedIsSetCorrectly" methodname="IsShutdownRequestedIsSetCorrectly" classname="Dynatrace.OpenKit.Core.Communication.BeaconSendingContextTest" runstate="Runnable" seed="100175057" result="Passed" start-time="2018-05-11 10:27:03Z" end-time="2018-05-11 10:27:03Z" duration="0.002131" asserts="2" />
              <test-case id="3-1247" name="LastOpenSessionSendTimeIsSet" fullname="Dynatrace.OpenKit.Core.Communication.BeaconSendingContextTest.LastOpenSessionSendTimeIsSet" methodname="LastOpenSessionSendTimeIsSet" classname="Dynatrace.OpenKit.Core.Communication.BeaconSendingContextTest" runstate="Runnable" seed="208213510" result="Passed" start-time="2018-05-11 10:27:03Z" end-time="2018-05-11 10:27:03Z" duration="0.003009" asserts="2" />
              <test-case id="3-1248" name="LastStatusCheckTimeIsSet" fullname="Dynatrace.OpenKit.Core.Communication.BeaconSendingContextTest.LastStatusCheckTimeIsSet" methodname="LastStatusCheckTimeIsSet" classname="Dynatrace.OpenKit.Core.Communication.BeaconSendingContextTest" runstate="Runnable" seed="1885204584" result="Passed" start-time="2018-05-11 10:27:03Z" end-time="2018-05-11 10:27:03Z" duration="0.001752" asserts="2" />
              <test-case id="3-1250" name="LastTimeSyncTimeIsInitializedWithMinus1" fullname="Dynatrace.OpenKit.Core.Communication.BeaconSendingContextTest.LastTimeSyncTimeIsInitializedWithMinus1" methodname="LastTimeSyncTimeIsInitializedWithMinus1" classname="Dynatrace.OpenKit.Core.Communication.BeaconSendingContextTest" runstate="Runnable" seed="1936721053" result="Passed" start-time="2018-05-11 10:27:03Z" end-time="2018-05-11 10:27:03Z" duration="0.004044" asserts="1" />
              <test-case id="3-1251" name="LastTimeSyncTimeIsSet" fullname="Dynatrace.OpenKit.Core.Communication.BeaconSendingContextTest.LastTimeSyncTimeIsSet" methodname="LastTimeSyncTimeIsSet" classname="Dynatrace.OpenKit.Core.Communication.BeaconSendingContextTest" runstate="Runnable" seed="846058837" result="Passed" start-time="2018-05-11 10:27:03Z" end-time="2018-05-11 10:27:03Z" duration="0.000640" asserts="2" />
              <test-case id="3-1240" name="ResetEventIsSetOnInitFailed" fullname="Dynatrace.OpenKit.Core.Communication.BeaconSendingContextTest.ResetEventIsSetOnInitFailed" methodname="ResetEventIsSetOnInitFailed" classname="Dynatrace.OpenKit.Core.Communication.BeaconSendingContextTest" runstate="Runnable" seed="90380646" result="Passed" start-time="2018-05-11 10:27:03Z" end-time="2018-05-11 10:27:03Z" duration="0.002548" asserts="1" />
              <test-case id="3-1239" name="ResetEventIsSetOnInitSuccess" fullname="Dynatrace.OpenKit.Core.Communication.BeaconSendingContextTest.ResetEventIsSetOnInitSuccess" methodname="ResetEventIsSetOnInitSuccess" classname="Dynatrace.OpenKit.Core.Communication.BeaconSendingContextTest" runstate="Runnable" seed="1940563384" result="Passed" start-time="2018-05-11 10:27:03Z" end-time="2018-05-11 10:27:03Z" duration="0.002743" asserts="1" />
              <test-case id="3-1257" name="SessionIsMovedToFinished" fullname="Dynatrace.OpenKit.Core.Communication.BeaconSendingContextTest.SessionIsMovedToFinished" methodname="SessionIsMovedToFinished" classname="Dynatrace.OpenKit.Core.Communication.BeaconSendingContextTest" runstate="Runnable" seed="2116428497" result="Passed" start-time="2018-05-11 10:27:03Z" end-time="2018-05-11 10:27:03Z" duration="0.012019" asserts="4" />
              <test-case id="3-1249" name="TimeSyncSupportIsTrueByDefault" fullname="Dynatrace.OpenKit.Core.Communication.BeaconSendingContextTest.TimeSyncSupportIsTrueByDefault" methodname="TimeSyncSupportIsTrueByDefault" classname="Dynatrace.OpenKit.Core.Communication.BeaconSendingContextTest" runstate="Runnable" seed="915157487" result="Passed" start-time="2018-05-11 10:27:03Z" end-time="2018-05-11 10:27:03Z" duration="0.005295" asserts="1" />
              <test-case id="3-1243" name="WaitForInitWhenTimeoutExpires" fullname="Dynatrace.OpenKit.Core.Communication.BeaconSendingContextTest.WaitForInitWhenTimeoutExpires" methodname="WaitForInitWhenTimeoutExpires" classname="Dynatrace.OpenKit.Core.Communication.BeaconSendingContextTest" runstate="Runnable" seed="249853487" result="Passed" start-time="2018-05-11 10:27:03Z" end-time="2018-05-11 10:27:03Z" duration="0.003540" asserts="1" />
              <test-case id="3-1245" name="WaitForInitWhenWithTimeoutFailed" fullname="Dynatrace.OpenKit.Core.Communication.BeaconSendingContextTest.WaitForInitWhenWithTimeoutFailed" methodname="WaitForInitWhenWithTimeoutFailed" classname="Dynatrace.OpenKit.Core.Communication.BeaconSendingContextTest" runstate="Runnable" seed="1198473343" result="Passed" start-time="2018-05-11 10:27:03Z" end-time="2018-05-11 10:27:03Z" duration="0.000543" asserts="1" />
              <test-case id="3-1244" name="WaitForInitWhenWithTimeoutSuccess" fullname="Dynatrace.OpenKit.Core.Communication.BeaconSendingContextTest.WaitForInitWhenWithTimeoutSuccess" methodname="WaitForInitWhenWithTimeoutSuccess" classname="Dynatrace.OpenKit.Core.Communication.BeaconSendingContextTest" runstate="Runnable" seed="173882381" result="Passed" start-time="2018-05-11 10:27:03Z" end-time="2018-05-11 10:27:03Z" duration="0.000470" asserts="1" />
            </test-suite>
            <test-suite type="TestFixture" id="3-1259" name="BeaconSendingFlushSessionsStateTest" fullname="Dynatrace.OpenKit.Core.Communication.BeaconSendingFlushSessionsStateTest" classname="Dynatrace.OpenKit.Core.Communication.BeaconSendingFlushSessionsStateTest" runstate="Runnable" testcasecount="3" result="Passed" start-time="2018-05-11 10:27:03Z" end-time="2018-05-11 10:27:03Z" duration="0.015329" total="3" passed="3" failed="0" warnings="0" inconclusive="0" skipped="0" asserts="2">
              <test-case id="3-1262" name="FinishedSessionsAreSent" fullname="Dynatrace.OpenKit.Core.Communication.BeaconSendingFlushSessionsStateTest.FinishedSessionsAreSent" methodname="FinishedSessionsAreSent" classname="Dynatrace.OpenKit.Core.Communication.BeaconSendingFlushSessionsStateTest" runstate="Runnable" seed="49431126" result="Passed" start-time="2018-05-11 10:27:03Z" end-time="2018-05-11 10:27:03Z" duration="0.010387" asserts="0" />
              <test-case id="3-1261" name="ShutdownStateIsTerminalState" fullname="Dynatrace.OpenKit.Core.Communication.BeaconSendingFlushSessionsStateTest.ShutdownStateIsTerminalState" methodname="ShutdownStateIsTerminalState" classname="Dynatrace.OpenKit.Core.Communication.BeaconSendingFlushSessionsStateTest" runstate="Runnable" seed="851057222" result="Passed" start-time="2018-05-11 10:27:03Z" end-time="2018-05-11 10:27:03Z" duration="0.002136" asserts="1" />
              <test-case id="3-1260" name="StateIsNotTerminal" fullname="Dynatrace.OpenKit.Core.Communication.BeaconSendingFlushSessionsStateTest.StateIsNotTerminal" methodname="StateIsNotTerminal" classname="Dynatrace.OpenKit.Core.Communication.BeaconSendingFlushSessionsStateTest" runstate="Runnable" seed="962353555" result="Passed" start-time="2018-05-11 10:27:03Z" end-time="2018-05-11 10:27:03Z" duration="0.000749" asserts="1" />
            </test-suite>
            <test-suite type="TestFixture" id="3-1267" name="BeaconSendingInitStateTest" fullname="Dynatrace.OpenKit.Core.Communication.BeaconSendingInitStateTest" classname="Dynatrace.OpenKit.Core.Communication.BeaconSendingInitStateTest" runstate="Runnable" testcasecount="9" result="Passed" start-time="2018-05-11 10:27:03Z" end-time="2018-05-11 10:27:03Z" duration="0.082059" total="9" passed="9" failed="0" warnings="0" inconclusive="0" skipped="0" asserts="2">
              <test-case id="3-1273" name="InitCompleteIsCalledIfShutdownIsRequested" fullname="Dynatrace.OpenKit.Core.Communication.BeaconSendingInitStateTest.InitCompleteIsCalledIfShutdownIsRequested" methodname="InitCompleteIsCalledIfShutdownIsRequested" classname="Dynatrace.OpenKit.Core.Communication.BeaconSendingInitStateTest" runstate="Runnable" seed="1088251044" result="Passed" start-time="2018-05-11 10:27:03Z" end-time="2018-05-11 10:27:03Z" duration="0.006705" asserts="0" />
              <test-case id="3-1270" name="InitCompleteIsCalledOnInterrupt" fullname="Dynatrace.OpenKit.Core.Communication.BeaconSendingInitStateTest.InitCompleteIsCalledOnInterrupt" methodname="InitCompleteIsCalledOnInterrupt" classname="Dynatrace.OpenKit.Core.Communication.BeaconSendingInitStateTest" runstate="Runnable" seed="1905172187" result="Passed" start-time="2018-05-11 10:27:03Z" end-time="2018-05-11 10:27:03Z" duration="0.003503" asserts="0" />
              <test-case id="3-1271" name="LastOpenSessionBeaconSendTimeIsSetInExecute" fullname="Dynatrace.OpenKit.Core.Communication.BeaconSendingInitStateTest.LastOpenSessionBeaconSendTimeIsSetInExecute" methodname="LastOpenSessionBeaconSendTimeIsSetInExecute" classname="Dynatrace.OpenKit.Core.Communication.BeaconSendingInitStateTest" runstate="Runnable" seed="2135484615" result="Passed" start-time="2018-05-11 10:27:03Z" end-time="2018-05-11 10:27:03Z" duration="0.008156" asserts="0" />
              <test-case id="3-1272" name="LastStatusCheckTimeIsSetInExecute" fullname="Dynatrace.OpenKit.Core.Communication.BeaconSendingInitStateTest.LastStatusCheckTimeIsSetInExecute" methodname="LastStatusCheckTimeIsSetInExecute" classname="Dynatrace.OpenKit.Core.Communication.BeaconSendingInitStateTest" runstate="Runnable" seed="1989205817" result="Passed" start-time="2018-05-11 10:27:03Z" end-time="2018-05-11 10:27:03Z" duration="0.003092" asserts="0" />
              <test-case id="3-1274" name="ReinitializeSleepsBeforeSendingStatusRequests" fullname="Dynatrace.OpenKit.Core.Communication.BeaconSendingInitStateTest.ReinitializeSleepsBeforeSendingStatusRequests" methodname="ReinitializeSleepsBeforeSendingStatusRequests" classname="Dynatrace.OpenKit.Core.Communication.BeaconSendingInitStateTest" runstate="Runnable" seed="1819979314" result="Passed" start-time="2018-05-11 10:27:03Z" end-time="2018-05-11 10:27:03Z" duration="0.035339" asserts="0" />
              <test-case id="3-1269" name="ShutdownStateIsTerminalState" fullname="Dynatrace.OpenKit.Core.Communication.BeaconSendingInitStateTest.ShutdownStateIsTerminalState" methodname="ShutdownStateIsTerminalState" classname="Dynatrace.OpenKit.Core.Communication.BeaconSendingInitStateTest" runstate="Runnable" seed="2066762365" result="Passed" start-time="2018-05-11 10:27:03Z" end-time="2018-05-11 10:27:03Z" duration="0.000629" asserts="1" />
              <test-case id="3-1268" name="StateIsNotTerminal" fullname="Dynatrace.OpenKit.Core.Communication.BeaconSendingInitStateTest.StateIsNotTerminal" methodname="StateIsNotTerminal" classname="Dynatrace.OpenKit.Core.Communication.BeaconSendingInitStateTest" runstate="Runnable" seed="630772977" result="Passed" start-time="2018-05-11 10:27:03Z" end-time="2018-05-11 10:27:03Z" duration="0.000501" asserts="1" />
              <test-case id="3-1275" name="StatusRequestIsRetried" fullname="Dynatrace.OpenKit.Core.Communication.BeaconSendingInitStateTest.StatusRequestIsRetried" methodname="StatusRequestIsRetried" classname="Dynatrace.OpenKit.Core.Communication.BeaconSendingInitStateTest" runstate="Runnable" seed="1456150818" result="Passed" start-time="2018-05-11 10:27:03Z" end-time="2018-05-11 10:27:03Z" duration="0.011325" asserts="0" />
              <test-case id="3-1276" name="TransitionToTimeSyncIsPerformedOnSuccess" fullname="Dynatrace.OpenKit.Core.Communication.BeaconSendingInitStateTest.TransitionToTimeSyncIsPerformedOnSuccess" methodname="TransitionToTimeSyncIsPerformedOnSuccess" classname="Dynatrace.OpenKit.Core.Communication.BeaconSendingInitStateTest" runstate="Runnable" seed="933827998" result="Passed" start-time="2018-05-11 10:27:03Z" end-time="2018-05-11 10:27:03Z" duration="0.001934" asserts="0" />
            </test-suite>
            <test-suite type="TestFixture" id="3-1277" name="BeaconSendingRequestUtilTest" fullname="Dynatrace.OpenKit.Core.Communication.BeaconSendingRequestUtilTest" classname="Dynatrace.OpenKit.Core.Communication.BeaconSendingRequestUtilTest" runstate="Runnable" testcasecount="4" result="Passed" start-time="2018-05-11 10:27:03Z" end-time="2018-05-11 10:27:03Z" duration="0.005905" total="4" passed="4" failed="0" warnings="0" inconclusive="0" skipped="0" asserts="4">
              <test-case id="3-1279" name="SendStatusRequestIsAbortedIfNumberOfRetriesIsExceeded" fullname="Dynatrace.OpenKit.Core.Communication.BeaconSendingRequestUtilTest.SendStatusRequestIsAbortedIfNumberOfRetriesIsExceeded" methodname="SendStatusRequestIsAbortedIfNumberOfRetriesIsExceeded" classname="Dynatrace.OpenKit.Core.Communication.BeaconSendingRequestUtilTest" runstate="Runnable" seed="1027404829" result="Passed" start-time="2018-05-11 10:27:03Z" end-time="2018-05-11 10:27:03Z" duration="0.001453" asserts="1" />
              <test-case id="3-1278" name="SendStatusRequestIsAbortedWhenShutDownIsRequested" fullname="Dynatrace.OpenKit.Core.Communication.BeaconSendingRequestUtilTest.SendStatusRequestIsAbortedWhenShutDownIsRequested" methodname="SendStatusRequestIsAbortedWhenShutDownIsRequested" classname="Dynatrace.OpenKit.Core.Communication.BeaconSendingRequestUtilTest" runstate="Runnable" seed="38677739" result="Passed" start-time="2018-05-11 10:27:03Z" end-time="2018-05-11 10:27:03Z" duration="0.000928" asserts="1" />
              <test-case id="3-1280" name="SendStatusRequestWhenHttpClientReturnsANonNullResponse" fullname="Dynatrace.OpenKit.Core.Communication.BeaconSendingRequestUtilTest.SendStatusRequestWhenHttpClientReturnsANonNullResponse" methodname="SendStatusRequestWhenHttpClientReturnsANonNullResponse" classname="Dynatrace.OpenKit.Core.Communication.BeaconSendingRequestUtilTest" runstate="Runnable" seed="800510438" result="Passed" start-time="2018-05-11 10:27:03Z" end-time="2018-05-11 10:27:03Z" duration="0.001528" asserts="1" />
              <test-case id="3-1281" name="SleepTimeIsDoubledBetweenConsecutiveRetries" fullname="Dynatrace.OpenKit.Core.Communication.BeaconSendingRequestUtilTest.SleepTimeIsDoubledBetweenConsecutiveRetries" methodname="SleepTimeIsDoubledBetweenConsecutiveRetries" classname="Dynatrace.OpenKit.Core.Communication.BeaconSendingRequestUtilTest" runstate="Runnable" seed="1984668548" result="Passed" start-time="2018-05-11 10:27:03Z" end-time="2018-05-11 10:27:03Z" duration="0.001708" asserts="1" />
            </test-suite>
            <test-suite type="TestFixture" id="3-1263" name="BeaconSendingTerminalStateTest" fullname="Dynatrace.OpenKit.Core.Communication.BeaconSendingTerminalStateTest" classname="Dynatrace.OpenKit.Core.Communication.BeaconSendingTerminalStateTest" runstate="Runnable" testcasecount="3" result="Passed" start-time="2018-05-11 10:27:03Z" end-time="2018-05-11 10:27:03Z" duration="0.006998" total="3" passed="3" failed="0" warnings="0" inconclusive="0" skipped="0" asserts="2">
              <test-case id="3-1264" name="StateIsTerminal" fullname="Dynatrace.OpenKit.Core.Communication.BeaconSendingTerminalStateTest.StateIsTerminal" methodname="StateIsTerminal" classname="Dynatrace.OpenKit.Core.Communication.BeaconSendingTerminalStateTest" runstate="Runnable" seed="1110846999" result="Passed" start-time="2018-05-11 10:27:03Z" end-time="2018-05-11 10:27:03Z" duration="0.000622" asserts="1" />
              <test-case id="3-1266" name="TerminalStateCallsShutdownOnExecution" fullname="Dynatrace.OpenKit.Core.Communication.BeaconSendingTerminalStateTest.TerminalStateCallsShutdownOnExecution" methodname="TerminalStateCallsShutdownOnExecution" classname="Dynatrace.OpenKit.Core.Communication.BeaconSendingTerminalStateTest" runstate="Runnable" seed="652729128" result="Passed" start-time="2018-05-11 10:27:03Z" end-time="2018-05-11 10:27:03Z" duration="0.001659" asserts="0" />
              <test-case id="3-1265" name="TerminalStateIsNextStateIfTransitionFromTerminalStateOccurs" fullname="Dynatrace.OpenKit.Core.Communication.BeaconSendingTerminalStateTest.TerminalStateIsNextStateIfTransitionFromTerminalStateOccurs" methodname="TerminalStateIsNextStateIfTransitionFromTerminalStateOccurs" classname="Dynatrace.OpenKit.Core.Communication.BeaconSendingTerminalStateTest" runstate="Runnable" seed="2086452723" result="Passed" start-time="2018-05-11 10:27:03Z" end-time="2018-05-11 10:27:03Z" duration="0.002172" asserts="1" />
            </test-suite>
            <test-suite type="TestFixture" id="3-1282" name="BeaconSendingTimeSyncStateTest" fullname="Dynatrace.OpenKit.Core.Communication.BeaconSendingTimeSyncStateTest" classname="Dynatrace.OpenKit.Core.Communication.BeaconSendingTimeSyncStateTest" runstate="Runnable" testcasecount="10" result="Passed" start-time="2018-05-11 10:27:03Z" end-time="2018-05-11 10:27:03Z" duration="0.059175" total="10" passed="10" failed="0" warnings="0" inconclusive="0" skipped="0" asserts="3">
              <test-case id="3-1289" name="InitCompleteIsCalledForInitialRequest_OnFailure" fullname="Dynatrace.OpenKit.Core.Communication.BeaconSendingTimeSyncStateTest.InitCompleteIsCalledForInitialRequest_OnFailure" methodname="InitCompleteIsCalledForInitialRequest_OnFailure" classname="Dynatrace.OpenKit.Core.Communication.BeaconSendingTimeSyncStateTest" runstate="Runnable" seed="1367484440" result="Passed" start-time="2018-05-11 10:27:03Z" end-time="2018-05-11 10:27:03Z" duration="0.013525" asserts="0" />
              <test-case id="3-1288" name="InitCompleteIsCalledForInitialRequest_OnSuccess" fullname="Dynatrace.OpenKit.Core.Communication.BeaconSendingTimeSyncStateTest.InitCompleteIsCalledForInitialRequest_OnSuccess" methodname="InitCompleteIsCalledForInitialRequest_OnSuccess" classname="Dynatrace.OpenKit.Core.Communication.BeaconSendingTimeSyncStateTest" runstate="Runnable" seed="2038550808" result="Passed" start-time="2018-05-11 10:27:03Z" end-time="2018-05-11 10:27:03Z" duration="0.013002" asserts="0" />
              <test-case id="3-1290" name="InitCompleteIsNotCalledForNonInitialRequest" fullname="Dynatrace.OpenKit.Core.Communication.BeaconSendingTimeSyncStateTest.InitCompleteIsNotCalledForNonInitialRequest" methodname="InitCompleteIsNotCalledForNonInitialRequest" classname="Dynatrace.OpenKit.Core.Communication.BeaconSendingTimeSyncStateTest" runstate="Runnable" seed="449684968" result="Passed" start-time="2018-05-11 10:27:03Z" end-time="2018-05-11 10:27:03Z" duration="0.002153" asserts="0" />
              <test-case id="3-1285" name="ShutdownStateIsFlushSessionStateForTimeReSync" fullname="Dynatrace.OpenKit.Core.Communication.BeaconSendingTimeSyncStateTest.ShutdownStateIsFlushSessionStateForTimeReSync" methodname="ShutdownStateIsFlushSessionStateForTimeReSync" classname="Dynatrace.OpenKit.Core.Communication.BeaconSendingTimeSyncStateTest" runstate="Runnable" seed="1266880937" result="Passed" start-time="2018-05-11 10:27:03Z" end-time="2018-05-11 10:27:03Z" duration="0.002692" asserts="1" />
              <test-case id="3-1284" name="ShutdownStateIsTerminalStateForInitialTimeSync" fullname="Dynatrace.OpenKit.Core.Communication.BeaconSendingTimeSyncStateTest.ShutdownStateIsTerminalStateForInitialTimeSync" methodname="ShutdownStateIsTerminalStateForInitialTimeSync" classname="Dynatrace.OpenKit.Core.Communication.BeaconSendingTimeSyncStateTest" runstate="Runnable" seed="2055047599" result="Passed" start-time="2018-05-11 10:27:03Z" end-time="2018-05-11 10:27:03Z" duration="0.002920" asserts="1" />
              <test-case id="3-1292" name="SleepTimeIsDoubledAndResetAfterSuccess" fullname="Dynatrace.OpenKit.Core.Communication.BeaconSendingTimeSyncStateTest.SleepTimeIsDoubledAndResetAfterSuccess" methodname="SleepTimeIsDoubledAndResetAfterSuccess" classname="Dynatrace.OpenKit.Core.Communication.BeaconSendingTimeSyncStateTest" runstate="Runnable" seed="1532816148" result="Passed" start-time="2018-05-11 10:27:03Z" end-time="2018-05-11 10:27:03Z" duration="0.009166" asserts="0" />
              <test-case id="3-1283" name="StateIsNotTerminal" fullname="Dynatrace.OpenKit.Core.Communication.BeaconSendingTimeSyncStateTest.StateIsNotTerminal" methodname="StateIsNotTerminal" classname="Dynatrace.OpenKit.Core.Communication.BeaconSendingTimeSyncStateTest" runstate="Runnable" seed="157349894" result="Passed" start-time="2018-05-11 10:27:03Z" end-time="2018-05-11 10:27:03Z" duration="0.000745" asserts="1" />
              <test-case id="3-1291" name="TimeSyncRequetsAreRetried" fullname="Dynatrace.OpenKit.Core.Communication.BeaconSendingTimeSyncStateTest.TimeSyncRequetsAreRetried" methodname="TimeSyncRequetsAreRetried" classname="Dynatrace.OpenKit.Core.Communication.BeaconSendingTimeSyncStateTest" runstate="Runnable" seed="1884069694" result="Passed" start-time="2018-05-11 10:27:03Z" end-time="2018-05-11 10:27:03Z" duration="0.006558" asserts="0" />
              <test-case id="3-1287" name="TransitionToCaptureOffIsPerformedOnSuccess" fullname="Dynatrace.OpenKit.Core.Communication.BeaconSendingTimeSyncStateTest.TransitionToCaptureOffIsPerformedOnSuccess" methodname="TransitionToCaptureOffIsPerformedOnSuccess" classname="Dynatrace.OpenKit.Core.Communication.BeaconSendingTimeSyncStateTest" runstate="Runnable" seed="2114922249" result="Passed" start-time="2018-05-11 10:27:03Z" end-time="2018-05-11 10:27:03Z" duration="0.001957" asserts="0" />
              <test-case id="3-1286" name="TransitionToCaptureOnIsPerformedOnSuccess" fullname="Dynatrace.OpenKit.Core.Communication.BeaconSendingTimeSyncStateTest.TransitionToCaptureOnIsPerformedOnSuccess" methodname="TransitionToCaptureOnIsPerformedOnSuccess" classname="Dynatrace.OpenKit.Core.Communication.BeaconSendingTimeSyncStateTest" runstate="Runnable" seed="635679722" result="Passed" start-time="2018-05-11 10:27:03Z" end-time="2018-05-11 10:27:03Z" duration="0.002213" asserts="0" />
            </test-suite>
          </test-suite>
          <test-suite type="TestSuite" id="3-1425" name="Configuration" fullname="Dynatrace.OpenKit.Core.Configuration" runstate="Runnable" testcasecount="10" result="Passed" start-time="2018-05-11 10:27:02Z" end-time="2018-05-11 10:27:03Z" duration="1.738109" total="10" passed="10" failed="0" warnings="0" inconclusive="0" skipped="0" asserts="17">
            <test-suite type="TestFixture" id="3-1293" name="BeaconCacheConfigurationTest" fullname="Dynatrace.OpenKit.Core.Configuration.BeaconCacheConfigurationTest" classname="Dynatrace.OpenKit.Core.Configuration.BeaconCacheConfigurationTest" runstate="Runnable" testcasecount="3" result="Passed" start-time="2018-05-11 10:27:03Z" end-time="2018-05-11 10:27:03Z" duration="0.001985" total="3" passed="3" failed="0" warnings="0" inconclusive="0" skipped="0" asserts="9">
              <test-case id="3-1295" name="CacheSizeLowerBound" fullname="Dynatrace.OpenKit.Core.Configuration.BeaconCacheConfigurationTest.CacheSizeLowerBound" methodname="CacheSizeLowerBound" classname="Dynatrace.OpenKit.Core.Configuration.BeaconCacheConfigurationTest" runstate="Runnable" seed="1215717623" result="Passed" start-time="2018-05-11 10:27:03Z" end-time="2018-05-11 10:27:03Z" duration="0.000500" asserts="3" />
              <test-case id="3-1296" name="CacheSizeUpperBound" fullname="Dynatrace.OpenKit.Core.Configuration.BeaconCacheConfigurationTest.CacheSizeUpperBound" methodname="CacheSizeUpperBound" classname="Dynatrace.OpenKit.Core.Configuration.BeaconCacheConfigurationTest" runstate="Runnable" seed="1423909251" result="Passed" start-time="2018-05-11 10:27:03Z" end-time="2018-05-11 10:27:03Z" duration="0.000487" asserts="3" />
              <test-case id="3-1294" name="MaxRecordAge" fullname="Dynatrace.OpenKit.Core.Configuration.BeaconCacheConfigurationTest.MaxRecordAge" methodname="MaxRecordAge" classname="Dynatrace.OpenKit.Core.Configuration.BeaconCacheConfigurationTest" runstate="Runnable" seed="1628393126" result="Passed" start-time="2018-05-11 10:27:03Z" end-time="2018-05-11 10:27:03Z" duration="0.000580" asserts="3" />
            </test-suite>
            <test-suite type="TestFixture" id="3-1297" name="OpenKitConfigurationTest" fullname="Dynatrace.OpenKit.Core.Configuration.OpenKitConfigurationTest" classname="Dynatrace.OpenKit.Core.Configuration.OpenKitConfigurationTest" runstate="Runnable" testcasecount="7" result="Passed" start-time="2018-05-11 10:27:03Z" end-time="2018-05-11 10:27:03Z" duration="0.015003" total="7" passed="7" failed="0" warnings="0" inconclusive="0" skipped="0" asserts="8">
              <test-case id="3-1298" name="ADefaultConstructedConfigurationEnablesCapturing" fullname="Dynatrace.OpenKit.Core.Configuration.OpenKitConfigurationTest.ADefaultConstructedConfigurationEnablesCapturing" methodname="ADefaultConstructedConfigurationEnablesCapturing" classname="Dynatrace.OpenKit.Core.Configuration.OpenKitConfigurationTest" runstate="Runnable" seed="2034597039" result="Passed" start-time="2018-05-11 10:27:03Z" end-time="2018-05-11 10:27:03Z" duration="0.000559" asserts="1" />
              <test-case id="3-1303" name="CapturingIsDisabledFromStatusResponse" fullname="Dynatrace.OpenKit.Core.Configuration.OpenKitConfigurationTest.CapturingIsDisabledFromStatusResponse" methodname="CapturingIsDisabledFromStatusResponse" classname="Dynatrace.OpenKit.Core.Configuration.OpenKitConfigurationTest" runstate="Runnable" seed="2096436149" result="Passed" start-time="2018-05-11 10:27:03Z" end-time="2018-05-11 10:27:03Z" duration="0.007064" asserts="1" />
              <test-case id="3-1301" name="CapturingIsDisabledIfResponseCodeIndicatesFailures" fullname="Dynatrace.OpenKit.Core.Configuration.OpenKitConfigurationTest.CapturingIsDisabledIfResponseCodeIndicatesFailures" methodname="CapturingIsDisabledIfResponseCodeIndicatesFailures" classname="Dynatrace.OpenKit.Core.Configuration.OpenKitConfigurationTest" runstate="Runnable" seed="824902487" result="Passed" start-time="2018-05-11 10:27:03Z" end-time="2018-05-11 10:27:03Z" duration="0.000408" asserts="1" />
              <test-case id="3-1300" name="CapturingIsDisabledIfStatusResponseIsNull" fullname="Dynatrace.OpenKit.Core.Configuration.OpenKitConfigurationTest.CapturingIsDisabledIfStatusResponseIsNull" methodname="CapturingIsDisabledIfStatusResponseIsNull" classname="Dynatrace.OpenKit.Core.Configuration.OpenKitConfigurationTest" runstate="Runnable" seed="1811132060" result="Passed" start-time="2018-05-11 10:27:03Z" end-time="2018-05-11 10:27:03Z" duration="0.000309" asserts="1" />
              <test-case id="3-1302" name="CapturingIsEnabledFromStatusResponse" fullname="Dynatrace.OpenKit.Core.Configuration.OpenKitConfigurationTest.CapturingIsEnabledFromStatusResponse" methodname="CapturingIsEnabledFromStatusResponse" classname="Dynatrace.OpenKit.Core.Configuration.OpenKitConfigurationTest" runstate="Runnable" seed="1328539153" result="Passed" start-time="2018-05-11 10:27:03Z" end-time="2018-05-11 10:27:03Z" duration="0.005618" asserts="1" />
              <test-case id="3-1304" name="ConsecutiveCallsToNextSessionNumberIncrementTheSessionID" fullname="Dynatrace.OpenKit.Core.Configuration.OpenKitConfigurationTest.ConsecutiveCallsToNextSessionNumberIncrementTheSessionID" methodname="ConsecutiveCallsToNextSessionNumberIncrementTheSessionID" classname="Dynatrace.OpenKit.Core.Configuration.OpenKitConfigurationTest" runstate="Runnable" seed="2082422879" result="Passed" start-time="2018-05-11 10:27:03Z" end-time="2018-05-11 10:27:03Z" duration="0.000339" asserts="1" />
              <test-case id="3-1299" name="EnableAndDisableCapturing" fullname="Dynatrace.OpenKit.Core.Configuration.OpenKitConfigurationTest.EnableAndDisableCapturing" methodname="EnableAndDisableCapturing" classname="Dynatrace.OpenKit.Core.Configuration.OpenKitConfigurationTest" runstate="Runnable" seed="1949334630" result="Passed" start-time="2018-05-11 10:27:03Z" end-time="2018-05-11 10:27:03Z" duration="0.000315" asserts="2" />
            </test-suite>
          </test-suite>
          <test-suite type="TestFixture" id="3-1140" name="DefaultLoggerTest" fullname="Dynatrace.OpenKit.Core.DefaultLoggerTest" classname="Dynatrace.OpenKit.Core.DefaultLoggerTest" runstate="Runnable" testcasecount="8" result="Passed" start-time="2018-05-11 10:27:03Z" end-time="2018-05-11 10:27:03Z" duration="0.008216" total="8" passed="8" failed="0" warnings="0" inconclusive="0" skipped="0" asserts="8">
            <test-case id="3-1148" name="DefaultLoggerWithoutVerboseOutputWritesDebugLevelMessages" fullname="Dynatrace.OpenKit.Core.DefaultLoggerTest.DefaultLoggerWithoutVerboseOutputWritesDebugLevelMessages" methodname="DefaultLoggerWithoutVerboseOutputWritesDebugLevelMessages" classname="Dynatrace.OpenKit.Core.DefaultLoggerTest" runstate="Runnable" seed="291486772" result="Passed" start-time="2018-05-11 10:27:03Z" end-time="2018-05-11 10:27:03Z" duration="0.001408" asserts="1" />
            <test-case id="3-1145" name="DefaultLoggerWithoutVerboseOutputWritesErrorLevelMessages" fullname="Dynatrace.OpenKit.Core.DefaultLoggerTest.DefaultLoggerWithoutVerboseOutputWritesErrorLevelMessages" methodname="DefaultLoggerWithoutVerboseOutputWritesErrorLevelMessages" classname="Dynatrace.OpenKit.Core.DefaultLoggerTest" runstate="Runnable" seed="398507887" result="Passed" start-time="2018-05-11 10:27:03Z" end-time="2018-05-11 10:27:03Z" duration="0.001610" asserts="1" />
            <test-case id="3-1147" name="DefaultLoggerWithoutVerboseOutputWritesInfoLevelMessages" fullname="Dynatrace.OpenKit.Core.DefaultLoggerTest.DefaultLoggerWithoutVerboseOutputWritesInfoLevelMessages" methodname="DefaultLoggerWithoutVerboseOutputWritesInfoLevelMessages" classname="Dynatrace.OpenKit.Core.DefaultLoggerTest" runstate="Runnable" seed="1521242443" result="Passed" start-time="2018-05-11 10:27:03Z" end-time="2018-05-11 10:27:03Z" duration="0.000973" asserts="1" />
            <test-case id="3-1146" name="DefaultLoggerWithoutVerboseOutputWritesWarnLevelMessages" fullname="Dynatrace.OpenKit.Core.DefaultLoggerTest.DefaultLoggerWithoutVerboseOutputWritesWarnLevelMessages" methodname="DefaultLoggerWithoutVerboseOutputWritesWarnLevelMessages" classname="Dynatrace.OpenKit.Core.DefaultLoggerTest" runstate="Runnable" seed="968377249" result="Passed" start-time="2018-05-11 10:27:03Z" end-time="2018-05-11 10:27:03Z" duration="0.000916" asserts="1" />
            <test-case id="3-1144" name="DefaultLoggerWithVerboseOutputWritesDebugLevelMessages" fullname="Dynatrace.OpenKit.Core.DefaultLoggerTest.DefaultLoggerWithVerboseOutputWritesDebugLevelMessages" methodname="DefaultLoggerWithVerboseOutputWritesDebugLevelMessages" classname="Dynatrace.OpenKit.Core.DefaultLoggerTest" runstate="Runnable" seed="218427072" result="Passed" start-time="2018-05-11 10:27:03Z" end-time="2018-05-11 10:27:03Z" duration="0.000278" asserts="1" />
            <test-case id="3-1141" name="DefaultLoggerWithVerboseOutputWritesErrorLevelMessages" fullname="Dynatrace.OpenKit.Core.DefaultLoggerTest.DefaultLoggerWithVerboseOutputWritesErrorLevelMessages" methodname="DefaultLoggerWithVerboseOutputWritesErrorLevelMessages" classname="Dynatrace.OpenKit.Core.DefaultLoggerTest" runstate="Runnable" seed="845889569" result="Passed" start-time="2018-05-11 10:27:03Z" end-time="2018-05-11 10:27:03Z" duration="0.000377" asserts="1" />
            <test-case id="3-1143" name="DefaultLoggerWithVerboseOutputWritesInfoLevelMessages" fullname="Dynatrace.OpenKit.Core.DefaultLoggerTest.DefaultLoggerWithVerboseOutputWritesInfoLevelMessages" methodname="DefaultLoggerWithVerboseOutputWritesInfoLevelMessages" classname="Dynatrace.OpenKit.Core.DefaultLoggerTest" runstate="Runnable" seed="168505972" result="Passed" start-time="2018-05-11 10:27:03Z" end-time="2018-05-11 10:27:03Z" duration="0.000333" asserts="1" />
            <test-case id="3-1142" name="DefaultLoggerWithVerboseOutputWritesWarnLevelMessages" fullname="Dynatrace.OpenKit.Core.DefaultLoggerTest.DefaultLoggerWithVerboseOutputWritesWarnLevelMessages" methodname="DefaultLoggerWithVerboseOutputWritesWarnLevelMessages" classname="Dynatrace.OpenKit.Core.DefaultLoggerTest" runstate="Runnable" seed="1412539955" result="Passed" start-time="2018-05-11 10:27:03Z" end-time="2018-05-11 10:27:03Z" duration="0.000356" asserts="1" />
          </test-suite>
          <test-suite type="TestFixture" id="3-1149" name="RootActionTest" fullname="Dynatrace.OpenKit.Core.RootActionTest" classname="Dynatrace.OpenKit.Core.RootActionTest" runstate="Runnable" testcasecount="6" result="Passed" start-time="2018-05-11 10:27:03Z" end-time="2018-05-11 10:27:04Z" duration="0.020883" total="6" passed="6" failed="0" warnings="0" inconclusive="0" skipped="0" asserts="16">
            <test-case id="3-1150" name="EnterActionReturnsNewChildAction" fullname="Dynatrace.OpenKit.Core.RootActionTest.EnterActionReturnsNewChildAction" methodname="EnterActionReturnsNewChildAction" classname="Dynatrace.OpenKit.Core.RootActionTest" runstate="Runnable" seed="136021246" result="Passed" start-time="2018-05-11 10:27:03Z" end-time="2018-05-11 10:27:03Z" duration="0.005229" asserts="5" />
            <test-case id="3-1153" name="EnterActionReturnsNullActionIfActionNameIsAnEmptyString" fullname="Dynatrace.OpenKit.Core.RootActionTest.EnterActionReturnsNullActionIfActionNameIsAnEmptyString" methodname="EnterActionReturnsNullActionIfActionNameIsAnEmptyString" classname="Dynatrace.OpenKit.Core.RootActionTest" runstate="Runnable" seed="1922132093" result="Passed" start-time="2018-05-11 10:27:04Z" end-time="2018-05-11 10:27:04Z" duration="0.002104" asserts="1" />
            <test-case id="3-1152" name="EnterActionReturnsNullActionIfActionNameIsNull" fullname="Dynatrace.OpenKit.Core.RootActionTest.EnterActionReturnsNullActionIfActionNameIsNull" methodname="EnterActionReturnsNullActionIfActionNameIsNull" classname="Dynatrace.OpenKit.Core.RootActionTest" runstate="Runnable" seed="1093393381" result="Passed" start-time="2018-05-11 10:27:04Z" end-time="2018-05-11 10:27:04Z" duration="0.001352" asserts="1" />
            <test-case id="3-1151" name="EnterActionReturnsNullActionIfAlreadyLeft" fullname="Dynatrace.OpenKit.Core.RootActionTest.EnterActionReturnsNullActionIfAlreadyLeft" methodname="EnterActionReturnsNullActionIfAlreadyLeft" classname="Dynatrace.OpenKit.Core.RootActionTest" runstate="Runnable" seed="1465224437" result="Passed" start-time="2018-05-11 10:27:04Z" end-time="2018-05-11 10:27:04Z" duration="0.002752" asserts="3" />
            <test-case id="3-1154" name="LeavingAParentActionWillLeaveAllOpenChildActionsFirst" fullname="Dynatrace.OpenKit.Core.RootActionTest.LeavingAParentActionWillLeaveAllOpenChildActionsFirst" methodname="LeavingAParentActionWillLeaveAllOpenChildActionsFirst" classname="Dynatrace.OpenKit.Core.RootActionTest" runstate="Runnable" seed="1112238476" result="Passed" start-time="2018-05-11 10:27:04Z" end-time="2018-05-11 10:27:04Z" duration="0.004934" asserts="5" />
            <test-case id="3-1155" name="LeavingRootActionReturnsNullValueAsParent" fullname="Dynatrace.OpenKit.Core.RootActionTest.LeavingRootActionReturnsNullValueAsParent" methodname="LeavingRootActionReturnsNullValueAsParent" classname="Dynatrace.OpenKit.Core.RootActionTest" runstate="Runnable" seed="2115104878" result="Passed" start-time="2018-05-11 10:27:04Z" end-time="2018-05-11 10:27:04Z" duration="0.001373" asserts="1" />
          </test-suite>
          <test-suite type="TestFixture" id="3-1156" name="SessionTest" fullname="Dynatrace.OpenKit.Core.SessionTest" classname="Dynatrace.OpenKit.Core.SessionTest" runstate="Runnable" testcasecount="19" result="Passed" start-time="2018-05-11 10:27:04Z" end-time="2018-05-11 10:27:04Z" duration="0.047796" total="19" passed="19" failed="0" warnings="0" inconclusive="0" skipped="0" asserts="21">
            <test-case id="3-1159" name="AfterCallingEndASessionIsEnded" fullname="Dynatrace.OpenKit.Core.SessionTest.AfterCallingEndASessionIsEnded" methodname="AfterCallingEndASessionIsEnded" classname="Dynatrace.OpenKit.Core.SessionTest" runstate="Runnable" seed="9853944" result="Passed" start-time="2018-05-11 10:27:04Z" end-time="2018-05-11 10:27:04Z" duration="0.006719" asserts="1" />
            <test-case id="3-1157" name="ANewlyCreatedSessionIsEmpty" fullname="Dynatrace.OpenKit.Core.SessionTest.ANewlyCreatedSessionIsEmpty" methodname="ANewlyCreatedSessionIsEmpty" classname="Dynatrace.OpenKit.Core.SessionTest" runstate="Runnable" seed="101672000" result="Passed" start-time="2018-05-11 10:27:04Z" end-time="2018-05-11 10:27:04Z" duration="0.000825" asserts="1" />
            <test-case id="3-1158" name="ANewlyCreatedSessionIsNotEnded" fullname="Dynatrace.OpenKit.Core.SessionTest.ANewlyCreatedSessionIsNotEnded" methodname="ANewlyCreatedSessionIsNotEnded" classname="Dynatrace.OpenKit.Core.SessionTest" runstate="Runnable" seed="1447501739" result="Passed" start-time="2018-05-11 10:27:04Z" end-time="2018-05-11 10:27:04Z" duration="0.000994" asserts="2" />
            <test-case id="3-1174" name="DisposingASessionEndsTheSession" fullname="Dynatrace.OpenKit.Core.SessionTest.DisposingASessionEndsTheSession" methodname="DisposingASessionEndsTheSession" classname="Dynatrace.OpenKit.Core.SessionTest" runstate="Runnable" seed="2102031979" result="Passed" start-time="2018-05-11 10:27:04Z" end-time="2018-05-11 10:27:04Z" duration="0.002366" asserts="0" />
            <test-case id="3-1172" name="EndingASessionEndsOpenRootActionsFirst" fullname="Dynatrace.OpenKit.Core.SessionTest.EndingASessionEndsOpenRootActionsFirst" methodname="EndingASessionEndsOpenRootActionsFirst" classname="Dynatrace.OpenKit.Core.SessionTest" runstate="Runnable" seed="700336667" result="Passed" start-time="2018-05-11 10:27:04Z" end-time="2018-05-11 10:27:04Z" duration="0.007551" asserts="4" />
            <test-case id="3-1173" name="EndingASessionFinishesSessionContext" fullname="Dynatrace.OpenKit.Core.SessionTest.EndingASessionFinishesSessionContext" methodname="EndingASessionFinishesSessionContext" classname="Dynatrace.OpenKit.Core.SessionTest" runstate="Runnable" seed="1204459711" result="Passed" start-time="2018-05-11 10:27:04Z" end-time="2018-05-11 10:27:04Z" duration="0.001544" asserts="0" />
            <test-case id="3-1175" name="EndingASessionReturnsImmediatelyIfEndedBefore" fullname="Dynatrace.OpenKit.Core.SessionTest.EndingASessionReturnsImmediatelyIfEndedBefore" methodname="EndingASessionReturnsImmediatelyIfEndedBefore" classname="Dynatrace.OpenKit.Core.SessionTest" runstate="Runnable" seed="1910053003" result="Passed" start-time="2018-05-11 10:27:04Z" end-time="2018-05-11 10:27:04Z" duration="0.002020" asserts="1" />
            <test-case id="3-1160" name="EnterActionGivesNewRootAction" fullname="Dynatrace.OpenKit.Core.SessionTest.EnterActionGivesNewRootAction" methodname="EnterActionGivesNewRootAction" classname="Dynatrace.OpenKit.Core.SessionTest" runstate="Runnable" seed="431928572" result="Passed" start-time="2018-05-11 10:27:04Z" end-time="2018-05-11 10:27:04Z" duration="0.002191" asserts="1" />
            <test-case id="3-1163" name="EnterActionGivesNullActionIfActionNameIsEmptyString" fullname="Dynatrace.OpenKit.Core.SessionTest.EnterActionGivesNullActionIfActionNameIsEmptyString" methodname="EnterActionGivesNullActionIfActionNameIsEmptyString" classname="Dynatrace.OpenKit.Core.SessionTest" runstate="Runnable" seed="2112780096" result="Passed" start-time="2018-05-11 10:27:04Z" end-time="2018-05-11 10:27:04Z" duration="0.001136" asserts="1" />
            <test-case id="3-1162" name="EnterActionGivesNullActionIfActionNameIsNull" fullname="Dynatrace.OpenKit.Core.SessionTest.EnterActionGivesNullActionIfActionNameIsNull" methodname="EnterActionGivesNullActionIfActionNameIsNull" classname="Dynatrace.OpenKit.Core.SessionTest" runstate="Runnable" seed="465717001" result="Passed" start-time="2018-05-11 10:27:04Z" end-time="2018-05-11 10:27:04Z" duration="0.001130" asserts="1" />
            <test-case id="3-1161" name="EnterActionGivesNullActionIfSessionIsAlreadyEnded" fullname="Dynatrace.OpenKit.Core.SessionTest.EnterActionGivesNullActionIfSessionIsAlreadyEnded" methodname="EnterActionGivesNullActionIfSessionIsAlreadyEnded" classname="Dynatrace.OpenKit.Core.SessionTest" runstate="Runnable" seed="1249354324" result="Passed" start-time="2018-05-11 10:27:04Z" end-time="2018-05-11 10:27:04Z" duration="0.001669" asserts="1" />
            <test-case id="3-1164" name="IdentifyUser" fullname="Dynatrace.OpenKit.Core.SessionTest.IdentifyUser" methodname="IdentifyUser" classname="Dynatrace.OpenKit.Core.SessionTest" runstate="Runnable" seed="1343562034" result="Passed" start-time="2018-05-11 10:27:04Z" end-time="2018-05-11 10:27:04Z" duration="0.002269" asserts="1" />
            <test-case id="3-1165" name="IdentifyUserDoesNothingIfSessionIsEnded" fullname="Dynatrace.OpenKit.Core.SessionTest.IdentifyUserDoesNothingIfSessionIsEnded" methodname="IdentifyUserDoesNothingIfSessionIsEnded" classname="Dynatrace.OpenKit.Core.SessionTest" runstate="Runnable" seed="678428277" result="Passed" start-time="2018-05-11 10:27:04Z" end-time="2018-05-11 10:27:04Z" duration="0.001099" asserts="1" />
            <test-case id="3-1167" name="IdentifyUserDoesNothingIfUserTagIsAnEmptyString" fullname="Dynatrace.OpenKit.Core.SessionTest.IdentifyUserDoesNothingIfUserTagIsAnEmptyString" methodname="IdentifyUserDoesNothingIfUserTagIsAnEmptyString" classname="Dynatrace.OpenKit.Core.SessionTest" runstate="Runnable" seed="87659004" result="Passed" start-time="2018-05-11 10:27:04Z" end-time="2018-05-11 10:27:04Z" duration="0.000970" asserts="1" />
            <test-case id="3-1166" name="IdentifyUserDoesNothingIfUserTagIsNull" fullname="Dynatrace.OpenKit.Core.SessionTest.IdentifyUserDoesNothingIfUserTagIsNull" methodname="IdentifyUserDoesNothingIfUserTagIsNull" classname="Dynatrace.OpenKit.Core.SessionTest" runstate="Runnable" seed="1333863081" result="Passed" start-time="2018-05-11 10:27:04Z" end-time="2018-05-11 10:27:04Z" duration="0.000937" asserts="1" />
            <test-case id="3-1168" name="ReportCrash" fullname="Dynatrace.OpenKit.Core.SessionTest.ReportCrash" methodname="ReportCrash" classname="Dynatrace.OpenKit.Core.SessionTest" runstate="Runnable" seed="1803696315" result="Passed" start-time="2018-05-11 10:27:04Z" end-time="2018-05-11 10:27:04Z" duration="0.004855" asserts="1" />
            <test-case id="3-1171" name="ReportCrashDoesNothingIfErrorNameIsAnEmptyString" fullname="Dynatrace.OpenKit.Core.SessionTest.ReportCrashDoesNothingIfErrorNameIsAnEmptyString" methodname="ReportCrashDoesNothingIfErrorNameIsAnEmptyString" classname="Dynatrace.OpenKit.Core.SessionTest" runstate="Runnable" seed="1500615730" result="Passed" start-time="2018-05-11 10:27:04Z" end-time="2018-05-11 10:27:04Z" duration="0.001206" asserts="1" />
            <test-case id="3-1170" name="ReportCrashDoesNothingIfErrorNameIsNull" fullname="Dynatrace.OpenKit.Core.SessionTest.ReportCrashDoesNothingIfErrorNameIsNull" methodname="ReportCrashDoesNothingIfErrorNameIsNull" classname="Dynatrace.OpenKit.Core.SessionTest" runstate="Runnable" seed="97301930" result="Passed" start-time="2018-05-11 10:27:04Z" end-time="2018-05-11 10:27:04Z" duration="0.001180" asserts="1" />
            <test-case id="3-1169" name="ReportCrashDoesNothingIfSessionIsEnded" fullname="Dynatrace.OpenKit.Core.SessionTest.ReportCrashDoesNothingIfSessionIsEnded" methodname="ReportCrashDoesNothingIfSessionIsEnded" classname="Dynatrace.OpenKit.Core.SessionTest" runstate="Runnable" seed="210369643" result="Passed" start-time="2018-05-11 10:27:04Z" end-time="2018-05-11 10:27:04Z" duration="0.001209" asserts="1" />
          </test-suite>
          <test-suite type="TestSuite" id="3-1423" name="Util" fullname="Dynatrace.OpenKit.Core.Util" runstate="Runnable" testcasecount="13" result="Passed" start-time="2018-05-11 10:27:02Z" end-time="2018-05-11 10:27:04Z" duration="1.828668" total="13" passed="13" failed="0" warnings="0" inconclusive="0" skipped="0" asserts="13">
            <test-suite type="TestFixture" id="3-1200" name="InetAddressValidatorTest" fullname="Dynatrace.OpenKit.Core.Util.InetAddressValidatorTest" classname="Dynatrace.OpenKit.Core.Util.InetAddressValidatorTest" runstate="Runnable" testcasecount="13" result="Passed" start-time="2018-05-11 10:27:04Z" end-time="2018-05-11 10:27:04Z" duration="0.013513" total="13" passed="13" failed="0" warnings="0" inconclusive="0" skipped="0" asserts="13">
              <test-case id="3-1212" name="IPAddressEmptyIsInvalid" fullname="Dynatrace.OpenKit.Core.Util.InetAddressValidatorTest.IPAddressEmptyIsInvalid" methodname="IPAddressEmptyIsInvalid" classname="Dynatrace.OpenKit.Core.Util.InetAddressValidatorTest" runstate="Runnable" seed="1337579518" result="Passed" start-time="2018-05-11 10:27:04Z" end-time="2018-05-11 10:27:04Z" duration="0.000314" asserts="1" />
              <test-case id="3-1213" name="IPAddressNullIsInvalid" fullname="Dynatrace.OpenKit.Core.Util.InetAddressValidatorTest.IPAddressNullIsInvalid" methodname="IPAddressNullIsInvalid" classname="Dynatrace.OpenKit.Core.Util.InetAddressValidatorTest" runstate="Runnable" seed="1997753422" result="Passed" start-time="2018-05-11 10:27:04Z" end-time="2018-05-11 10:27:04Z" duration="0.000291" asserts="1" />
              <test-case id="3-1202" name="IPV4AddressIsInvalidDueToExtraBlock" fullname="Dynatrace.OpenKit.Core.Util.InetAddressValidatorTest.IPV4AddressIsInvalidDueToExtraBlock" methodname="IPV4AddressIsInvalidDueToExtraBlock" classname="Dynatrace.OpenKit.Core.Util.InetAddressValidatorTest" runstate="Runnable" seed="298449559" result="Passed" start-time="2018-05-11 10:27:04Z" end-time="2018-05-11 10:27:04Z" duration="0.005761" asserts="1" />
              <test-case id="3-1203" name="IPV4AddressIsInvalidDueToHighNumber" fullname="Dynatrace.OpenKit.Core.Util.InetAddressValidatorTest.IPV4AddressIsInvalidDueToHighNumber" methodname="IPV4AddressIsInvalidDueToHighNumber" classname="Dynatrace.OpenKit.Core.Util.InetAddressValidatorTest" runstate="Runnable" seed="1101808244" result="Passed" start-time="2018-05-11 10:27:04Z" end-time="2018-05-11 10:27:04Z" duration="0.000320" asserts="1" />
              <test-case id="3-1205" name="IPV4AddressIsInvalidDueToLetter" fullname="Dynatrace.OpenKit.Core.Util.InetAddressValidatorTest.IPV4AddressIsInvalidDueToLetter" methodname="IPV4AddressIsInvalidDueToLetter" classname="Dynatrace.OpenKit.Core.Util.InetAddressValidatorTest" runstate="Runnable" seed="716491285" result="Passed" start-time="2018-05-11 10:27:04Z" end-time="2018-05-11 10:27:04Z" duration="0.000292" asserts="1" />
              <test-case id="3-1206" name="IPV4AddressIsInvalidDueToMissingBlock" fullname="Dynatrace.OpenKit.Core.Util.InetAddressValidatorTest.IPV4AddressIsInvalidDueToMissingBlock" methodname="IPV4AddressIsInvalidDueToMissingBlock" classname="Dynatrace.OpenKit.Core.Util.InetAddressValidatorTest" runstate="Runnable" seed="1089268329" result="Passed" start-time="2018-05-11 10:27:04Z" end-time="2018-05-11 10:27:04Z" duration="0.000279" asserts="1" />
              <test-case id="3-1204" name="IPV4AddressIsInvalidDueToNegativeNumber" fullname="Dynatrace.OpenKit.Core.Util.InetAddressValidatorTest.IPV4AddressIsInvalidDueToNegativeNumber" methodname="IPV4AddressIsInvalidDueToNegativeNumber" classname="Dynatrace.OpenKit.Core.Util.InetAddressValidatorTest" runstate="Runnable" seed="2082395469" result="Passed" start-time="2018-05-11 10:27:04Z" end-time="2018-05-11 10:27:04Z" duration="0.000288" asserts="1" />
              <test-case id="3-1201" name="IPV4AddressIsValid" fullname="Dynatrace.OpenKit.Core.Util.InetAddressValidatorTest.IPV4AddressIsValid" methodname="IPV4AddressIsValid" classname="Dynatrace.OpenKit.Core.Util.InetAddressValidatorTest" runstate="Runnable" seed="1567254684" result="Passed" start-time="2018-05-11 10:27:04Z" end-time="2018-05-11 10:27:04Z" duration="0.000230" asserts="1" />
              <test-case id="3-1209" name="IPV6AddressIsInvalidDueTo5HexDigitNumber" fullname="Dynatrace.OpenKit.Core.Util.InetAddressValidatorTest.IPV6AddressIsInvalidDueTo5HexDigitNumber" methodname="IPV6AddressIsInvalidDueTo5HexDigitNumber" classname="Dynatrace.OpenKit.Core.Util.InetAddressValidatorTest" runstate="Runnable" seed="1025860337" result="Passed" start-time="2018-05-11 10:27:04Z" end-time="2018-05-11 10:27:04Z" duration="0.000320" asserts="1" />
              <test-case id="3-1208" name="IPV6AddressIsInvalidDueToExtraBlock" fullname="Dynatrace.OpenKit.Core.Util.InetAddressValidatorTest.IPV6AddressIsInvalidDueToExtraBlock" methodname="IPV6AddressIsInvalidDueToExtraBlock" classname="Dynatrace.OpenKit.Core.Util.InetAddressValidatorTest" runstate="Runnable" seed="281611514" result="Passed" start-time="2018-05-11 10:27:04Z" end-time="2018-05-11 10:27:04Z" duration="0.001290" asserts="1" />
              <test-case id="3-1210" name="IPV6AddressIsInvalidDueToNonHexLetter" fullname="Dynatrace.OpenKit.Core.Util.InetAddressValidatorTest.IPV6AddressIsInvalidDueToNonHexLetter" methodname="IPV6AddressIsInvalidDueToNonHexLetter" classname="Dynatrace.OpenKit.Core.Util.InetAddressValidatorTest" runstate="Runnable" seed="897335968" result="Passed" start-time="2018-05-11 10:27:04Z" end-time="2018-05-11 10:27:04Z" duration="0.000327" asserts="1" />
              <test-case id="3-1207" name="IPV6AddressIsValid" fullname="Dynatrace.OpenKit.Core.Util.InetAddressValidatorTest.IPV6AddressIsValid" methodname="IPV6AddressIsValid" classname="Dynatrace.OpenKit.Core.Util.InetAddressValidatorTest" runstate="Runnable" seed="562851529" result="Passed" start-time="2018-05-11 10:27:04Z" end-time="2018-05-11 10:27:04Z" duration="0.000244" asserts="1" />
              <test-case id="3-1211" name="IPV6AddressWithLessThanEightBlocksIsValid" fullname="Dynatrace.OpenKit.Core.Util.InetAddressValidatorTest.IPV6AddressWithLessThanEightBlocksIsValid" methodname="IPV6AddressWithLessThanEightBlocksIsValid" classname="Dynatrace.OpenKit.Core.Util.InetAddressValidatorTest" runstate="Runnable" seed="546199015" result="Passed" start-time="2018-05-11 10:27:04Z" end-time="2018-05-11 10:27:04Z" duration="0.000258" asserts="1" />
            </test-suite>
          </test-suite>
          <test-suite type="TestFixture" id="3-1176" name="WebRequestTracerBaseTest" fullname="Dynatrace.OpenKit.Core.WebRequestTracerBaseTest" classname="Dynatrace.OpenKit.Core.WebRequestTracerBaseTest" runstate="Runnable" testcasecount="14" result="Passed" start-time="2018-05-11 10:27:04Z" end-time="2018-05-11 10:27:04Z" duration="0.051861" total="14" passed="14" failed="0" warnings="0" inconclusive="0" skipped="0" asserts="34">
            <test-case id="3-1179" name="ANewlyCreatedWebRequestTracerIsNotStopped" fullname="Dynatrace.OpenKit.Core.WebRequestTracerBaseTest.ANewlyCreatedWebRequestTracerIsNotStopped" methodname="ANewlyCreatedWebRequestTracerIsNotStopped" classname="Dynatrace.OpenKit.Core.WebRequestTracerBaseTest" runstate="Runnable" seed="1890949933" result="Passed" start-time="2018-05-11 10:27:04Z" end-time="2018-05-11 10:27:04Z" duration="0.003157" asserts="1" />
            <test-case id="3-1180" name="AWebRequestTracerIsStoppedAfterStopHasBeenCalled" fullname="Dynatrace.OpenKit.Core.WebRequestTracerBaseTest.AWebRequestTracerIsStoppedAfterStopHasBeenCalled" methodname="AWebRequestTracerIsStoppedAfterStopHasBeenCalled" classname="Dynatrace.OpenKit.Core.WebRequestTracerBaseTest" runstate="Runnable" seed="1463510625" result="Passed" start-time="2018-05-11 10:27:04Z" end-time="2018-05-11 10:27:04Z" duration="0.009276" asserts="1" />
            <test-case id="3-1177" name="DefaultValues" fullname="Dynatrace.OpenKit.Core.WebRequestTracerBaseTest.DefaultValues" methodname="DefaultValues" classname="Dynatrace.OpenKit.Core.WebRequestTracerBaseTest" runstate="Runnable" seed="1802351930" result="Passed" start-time="2018-05-11 10:27:04Z" end-time="2018-05-11 10:27:04Z" duration="0.003896" asserts="8" />
            <test-case id="3-1181" name="DisposingAWebRequestTracerStopsIt" fullname="Dynatrace.OpenKit.Core.WebRequestTracerBaseTest.DisposingAWebRequestTracerStopsIt" methodname="DisposingAWebRequestTracerStopsIt" classname="Dynatrace.OpenKit.Core.WebRequestTracerBaseTest" runstate="Runnable" seed="961965940" result="Passed" start-time="2018-05-11 10:27:04Z" end-time="2018-05-11 10:27:04Z" duration="0.010979" asserts="1" />
            <test-case id="3-1178" name="GetTag" fullname="Dynatrace.OpenKit.Core.WebRequestTracerBaseTest.GetTag" methodname="GetTag" classname="Dynatrace.OpenKit.Core.WebRequestTracerBaseTest" runstate="Runnable" seed="778077073" result="Passed" start-time="2018-05-11 10:27:04Z" end-time="2018-05-11 10:27:04Z" duration="0.001438" asserts="1" />
            <test-case id="3-1187" name="SetBytesReceivedDoesNotSetAnythingIfStopped" fullname="Dynatrace.OpenKit.Core.WebRequestTracerBaseTest.SetBytesReceivedDoesNotSetAnythingIfStopped" methodname="SetBytesReceivedDoesNotSetAnythingIfStopped" classname="Dynatrace.OpenKit.Core.WebRequestTracerBaseTest" runstate="Runnable" seed="1167548413" result="Passed" start-time="2018-05-11 10:27:04Z" end-time="2018-05-11 10:27:04Z" duration="0.002550" asserts="2" />
            <test-case id="3-1186" name="SetBytesReceivedSetsTheNumberOfReceivedBytes" fullname="Dynatrace.OpenKit.Core.WebRequestTracerBaseTest.SetBytesReceivedSetsTheNumberOfReceivedBytes" methodname="SetBytesReceivedSetsTheNumberOfReceivedBytes" classname="Dynatrace.OpenKit.Core.WebRequestTracerBaseTest" runstate="Runnable" seed="751623938" result="Passed" start-time="2018-05-11 10:27:04Z" end-time="2018-05-11 10:27:04Z" duration="0.001243" asserts="2" />
            <test-case id="3-1185" name="SetBytesSentDoesNotSetAnythingIfStopped" fullname="Dynatrace.OpenKit.Core.WebRequestTracerBaseTest.SetBytesSentDoesNotSetAnythingIfStopped" methodname="SetBytesSentDoesNotSetAnythingIfStopped" classname="Dynatrace.OpenKit.Core.WebRequestTracerBaseTest" runstate="Runnable" seed="1919279108" result="Passed" start-time="2018-05-11 10:27:04Z" end-time="2018-05-11 10:27:04Z" duration="0.002931" asserts="2" />
            <test-case id="3-1184" name="SetBytesSentSetsTheNumberOfSentBytes" fullname="Dynatrace.OpenKit.Core.WebRequestTracerBaseTest.SetBytesSentSetsTheNumberOfSentBytes" methodname="SetBytesSentSetsTheNumberOfSentBytes" classname="Dynatrace.OpenKit.Core.WebRequestTracerBaseTest" runstate="Runnable" seed="753023121" result="Passed" start-time="2018-05-11 10:27:04Z" end-time="2018-05-11 10:27:04Z" duration="0.001104" asserts="2" />
            <test-case id="3-1183" name="SetResponseCodeDoesNotSetTheResponseCodeIfStopped" fullname="Dynatrace.OpenKit.Core.WebRequestTracerBaseTest.SetResponseCodeDoesNotSetTheResponseCodeIfStopped" methodname="SetResponseCodeDoesNotSetTheResponseCodeIfStopped" classname="Dynatrace.OpenKit.Core.WebRequestTracerBaseTest" runstate="Runnable" seed="760124199" result="Passed" start-time="2018-05-11 10:27:04Z" end-time="2018-05-11 10:27:04Z" duration="0.002326" asserts="2" />
            <test-case id="3-1182" name="SetResponseCodeSetsTheResponseCode" fullname="Dynatrace.OpenKit.Core.WebRequestTracerBaseTest.SetResponseCodeSetsTheResponseCode" methodname="SetResponseCodeSetsTheResponseCode" classname="Dynatrace.OpenKit.Core.WebRequestTracerBaseTest" runstate="Runnable" seed="175955741" result="Passed" start-time="2018-05-11 10:27:04Z" end-time="2018-05-11 10:27:04Z" duration="0.002531" asserts="2" />
            <test-case id="3-1189" name="StartDoesNothingIfAlreadyStopped" fullname="Dynatrace.OpenKit.Core.WebRequestTracerBaseTest.StartDoesNothingIfAlreadyStopped" methodname="StartDoesNothingIfAlreadyStopped" classname="Dynatrace.OpenKit.Core.WebRequestTracerBaseTest" runstate="Runnable" seed="578178747" result="Passed" start-time="2018-05-11 10:27:04Z" end-time="2018-05-11 10:27:04Z" duration="0.001761" asserts="2" />
            <test-case id="3-1188" name="StartSetsTheStartTime" fullname="Dynatrace.OpenKit.Core.WebRequestTracerBaseTest.StartSetsTheStartTime" methodname="StartSetsTheStartTime" classname="Dynatrace.OpenKit.Core.WebRequestTracerBaseTest" runstate="Runnable" seed="1081680171" result="Passed" start-time="2018-05-11 10:27:04Z" end-time="2018-05-11 10:27:04Z" duration="0.001429" asserts="2" />
            <test-case id="3-1190" name="StopCanOnlyBeExecutedOnce" fullname="Dynatrace.OpenKit.Core.WebRequestTracerBaseTest.StopCanOnlyBeExecutedOnce" methodname="StopCanOnlyBeExecutedOnce" classname="Dynatrace.OpenKit.Core.WebRequestTracerBaseTest" runstate="Runnable" seed="1074003101" result="Passed" start-time="2018-05-11 10:27:04Z" end-time="2018-05-11 10:27:04Z" duration="0.002257" asserts="6" />
          </test-suite>
          <test-suite type="TestFixture" id="3-1191" name="WebRequestTracerStringURLTest" fullname="Dynatrace.OpenKit.Core.WebRequestTracerStringURLTest" classname="Dynatrace.OpenKit.Core.WebRequestTracerStringURLTest" runstate="Runnable" testcasecount="8" result="Passed" start-time="2018-05-11 10:27:04Z" end-time="2018-05-11 10:27:04Z" duration="0.011589" total="8" passed="8" failed="0" warnings="0" inconclusive="0" skipped="0" asserts="9">
            <test-case id="3-1198" name="AnURLIsOnlySetInConstructorIfItIsValid" fullname="Dynatrace.OpenKit.Core.WebRequestTracerStringURLTest.AnURLIsOnlySetInConstructorIfItIsValid" methodname="AnURLIsOnlySetInConstructorIfItIsValid" classname="Dynatrace.OpenKit.Core.WebRequestTracerStringURLTest" runstate="Runnable" seed="1825118396" result="Passed" start-time="2018-05-11 10:27:04Z" end-time="2018-05-11 10:27:04Z" duration="0.001292" asserts="1" />
            <test-case id="3-1197" name="ASchemeIsInvalidIfInvalidCharactersAreEncountered" fullname="Dynatrace.OpenKit.Core.WebRequestTracerStringURLTest.ASchemeIsInvalidIfInvalidCharactersAreEncountered" methodname="ASchemeIsInvalidIfInvalidCharactersAreEncountered" classname="Dynatrace.OpenKit.Core.WebRequestTracerStringURLTest" runstate="Runnable" seed="916746849" result="Passed" start-time="2018-05-11 10:27:04Z" end-time="2018-05-11 10:27:04Z" duration="0.000843" asserts="1" />
            <test-case id="3-1195" name="AValidSchemeAllowsUpperCaseLettersToo" fullname="Dynatrace.OpenKit.Core.WebRequestTracerStringURLTest.AValidSchemeAllowsUpperCaseLettersToo" methodname="AValidSchemeAllowsUpperCaseLettersToo" classname="Dynatrace.OpenKit.Core.WebRequestTracerStringURLTest" runstate="Runnable" seed="652218544" result="Passed" start-time="2018-05-11 10:27:04Z" end-time="2018-05-11 10:27:04Z" duration="0.001692" asserts="1" />
            <test-case id="3-1196" name="AValidSchemeDoesNotStartWithADigit" fullname="Dynatrace.OpenKit.Core.WebRequestTracerStringURLTest.AValidSchemeDoesNotStartWithADigit" methodname="AValidSchemeDoesNotStartWithADigit" classname="Dynatrace.OpenKit.Core.WebRequestTracerStringURLTest" runstate="Runnable" seed="630242893" result="Passed" start-time="2018-05-11 10:27:04Z" end-time="2018-05-11 10:27:04Z" duration="0.000991" asserts="2" />
            <test-case id="3-1194" name="AValidSchemeOnlyContainsLettersDigitsPlusPeriodOrHyphen" fullname="Dynatrace.OpenKit.Core.WebRequestTracerStringURLTest.AValidSchemeOnlyContainsLettersDigitsPlusPeriodOrHyphen" methodname="AValidSchemeOnlyContainsLettersDigitsPlusPeriodOrHyphen" classname="Dynatrace.OpenKit.Core.WebRequestTracerStringURLTest" runstate="Runnable" seed="796802025" result="Passed" start-time="2018-05-11 10:27:04Z" end-time="2018-05-11 10:27:04Z" duration="0.000711" asserts="1" />
            <test-case id="3-1193" name="AValidSchemeStartsWithALetter" fullname="Dynatrace.OpenKit.Core.WebRequestTracerStringURLTest.AValidSchemeStartsWithALetter" methodname="AValidSchemeStartsWithALetter" classname="Dynatrace.OpenKit.Core.WebRequestTracerStringURLTest" runstate="Runnable" seed="1227786380" result="Passed" start-time="2018-05-11 10:27:04Z" end-time="2018-05-11 10:27:04Z" duration="0.000922" asserts="1" />
            <test-case id="3-1199" name="IfURLIsInvalidTheDefaultValueIsUsed" fullname="Dynatrace.OpenKit.Core.WebRequestTracerStringURLTest.IfURLIsInvalidTheDefaultValueIsUsed" methodname="IfURLIsInvalidTheDefaultValueIsUsed" classname="Dynatrace.OpenKit.Core.WebRequestTracerStringURLTest" runstate="Runnable" seed="1151789415" result="Passed" start-time="2018-05-11 10:27:04Z" end-time="2018-05-11 10:27:04Z" duration="0.001404" asserts="1" />
            <test-case id="3-1192" name="NullIsNotAValidURLScheme" fullname="Dynatrace.OpenKit.Core.WebRequestTracerStringURLTest.NullIsNotAValidURLScheme" methodname="NullIsNotAValidURLScheme" classname="Dynatrace.OpenKit.Core.WebRequestTracerStringURLTest" runstate="Runnable" seed="1958735122" result="Passed" start-time="2018-05-11 10:27:04Z" end-time="2018-05-11 10:27:04Z" duration="0.001108" asserts="1" />
          </test-suite>
        </test-suite>
        <test-suite type="TestFixture" id="3-1000" name="OpenKitBuilderTest" fullname="Dynatrace.OpenKit.OpenKitBuilderTest" classname="Dynatrace.OpenKit.OpenKitBuilderTest" runstate="Runnable" testcasecount="23" result="Passed" start-time="2018-05-11 10:27:04Z" end-time="2018-05-11 10:27:04Z" duration="0.064132" total="23" passed="23" failed="0" warnings="0" inconclusive="0" skipped="0" asserts="56">
          <test-case id="3-1003" name="ApplicationNameIsSetCorrectlyForAppMon" fullname="Dynatrace.OpenKit.OpenKitBuilderTest.ApplicationNameIsSetCorrectlyForAppMon" methodname="ApplicationNameIsSetCorrectlyForAppMon" classname="Dynatrace.OpenKit.OpenKitBuilderTest" runstate="Runnable" seed="1503510960" result="Passed" start-time="2018-05-11 10:27:04Z" end-time="2018-05-11 10:27:04Z" duration="0.015700" asserts="2" />
          <test-case id="3-1004" name="CanOverrideTrustManagerForAppMon" fullname="Dynatrace.OpenKit.OpenKitBuilderTest.CanOverrideTrustManagerForAppMon" methodname="CanOverrideTrustManagerForAppMon" classname="Dynatrace.OpenKit.OpenKitBuilderTest" runstate="Runnable" seed="308986439" result="Passed" start-time="2018-05-11 10:27:04Z" end-time="2018-05-11 10:27:04Z" duration="0.011092" asserts="1" />
          <test-case id="3-1005" name="CanOverrideTrustManagerForDynatrace" fullname="Dynatrace.OpenKit.OpenKitBuilderTest.CanOverrideTrustManagerForDynatrace" methodname="CanOverrideTrustManagerForDynatrace" classname="Dynatrace.OpenKit.OpenKitBuilderTest" runstate="Runnable" seed="371650066" result="Passed" start-time="2018-05-11 10:27:04Z" end-time="2018-05-11 10:27:04Z" duration="0.002131" asserts="1" />
          <test-case id="3-1006" name="CanSetApplicationVersionForAppMon" fullname="Dynatrace.OpenKit.OpenKitBuilderTest.CanSetApplicationVersionForAppMon" methodname="CanSetApplicationVersionForAppMon" classname="Dynatrace.OpenKit.OpenKitBuilderTest" runstate="Runnable" seed="1637625949" result="Passed" start-time="2018-05-11 10:27:04Z" end-time="2018-05-11 10:27:04Z" duration="0.000864" asserts="1" />
          <test-case id="3-1007" name="CanSetApplicationVersionForDynatrace" fullname="Dynatrace.OpenKit.OpenKitBuilderTest.CanSetApplicationVersionForDynatrace" methodname="CanSetApplicationVersionForDynatrace" classname="Dynatrace.OpenKit.OpenKitBuilderTest" runstate="Runnable" seed="2097647267" result="Passed" start-time="2018-05-11 10:27:04Z" end-time="2018-05-11 10:27:04Z" duration="0.000463" asserts="1" />
          <test-case id="3-1014" name="CanSetAppNameForDynatrace" fullname="Dynatrace.OpenKit.OpenKitBuilderTest.CanSetAppNameForDynatrace" methodname="CanSetAppNameForDynatrace" classname="Dynatrace.OpenKit.OpenKitBuilderTest" runstate="Runnable" seed="795744465" result="Passed" start-time="2018-05-11 10:27:04Z" end-time="2018-05-11 10:27:04Z" duration="0.001133" asserts="1" />
          <test-case id="3-1021" name="CanSetBeaconCacheLowerMemoryBoundaryForAppMon" fullname="Dynatrace.OpenKit.OpenKitBuilderTest.CanSetBeaconCacheLowerMemoryBoundaryForAppMon" methodname="CanSetBeaconCacheLowerMemoryBoundaryForAppMon" classname="Dynatrace.OpenKit.OpenKitBuilderTest" runstate="Runnable" seed="952526554" result="Passed" start-time="2018-05-11 10:27:04Z" end-time="2018-05-11 10:27:04Z" duration="0.001986" asserts="3" />
          <test-case id="3-1020" name="CanSetBeaconCacheLowerMemoryBoundaryForDynatrace" fullname="Dynatrace.OpenKit.OpenKitBuilderTest.CanSetBeaconCacheLowerMemoryBoundaryForDynatrace" methodname="CanSetBeaconCacheLowerMemoryBoundaryForDynatrace" classname="Dynatrace.OpenKit.OpenKitBuilderTest" runstate="Runnable" seed="1301598123" result="Passed" start-time="2018-05-11 10:27:04Z" end-time="2018-05-11 10:27:04Z" duration="0.001308" asserts="3" />
          <test-case id="3-1023" name="CanSetBeaconCacheUpperMemoryBoundaryForAppMon" fullname="Dynatrace.OpenKit.OpenKitBuilderTest.CanSetBeaconCacheUpperMemoryBoundaryForAppMon" methodname="CanSetBeaconCacheUpperMemoryBoundaryForAppMon" classname="Dynatrace.OpenKit.OpenKitBuilderTest" runstate="Runnable" seed="1996282802" result="Passed" start-time="2018-05-11 10:27:04Z" end-time="2018-05-11 10:27:04Z" duration="0.001273" asserts="3" />
          <test-case id="3-1022" name="CanSetBeaconCacheUpperMemoryBoundaryForDynatrace" fullname="Dynatrace.OpenKit.OpenKitBuilderTest.CanSetBeaconCacheUpperMemoryBoundaryForDynatrace" methodname="CanSetBeaconCacheUpperMemoryBoundaryForDynatrace" classname="Dynatrace.OpenKit.OpenKitBuilderTest" runstate="Runnable" seed="135506140" result="Passed" start-time="2018-05-11 10:27:04Z" end-time="2018-05-11 10:27:04Z" duration="0.001870" asserts="3" />
          <test-case id="3-1019" name="CanSetCustomMaxBeaconRecordAgeForAppMon" fullname="Dynatrace.OpenKit.OpenKitBuilderTest.CanSetCustomMaxBeaconRecordAgeForAppMon" methodname="CanSetCustomMaxBeaconRecordAgeForAppMon" classname="Dynatrace.OpenKit.OpenKitBuilderTest" runstate="Runnable" seed="2083743176" result="Passed" start-time="2018-05-11 10:27:04Z" end-time="2018-05-11 10:27:04Z" duration="0.004185" asserts="3" />
          <test-case id="3-1018" name="CanSetCustomMaxBeaconRecordAgeForDynatrace" fullname="Dynatrace.OpenKit.OpenKitBuilderTest.CanSetCustomMaxBeaconRecordAgeForDynatrace" methodname="CanSetCustomMaxBeaconRecordAgeForDynatrace" classname="Dynatrace.OpenKit.OpenKitBuilderTest" runstate="Runnable" seed="198507494" result="Passed" start-time="2018-05-11 10:27:04Z" end-time="2018-05-11 10:27:04Z" duration="0.000901" asserts="3" />
          <test-case id="3-1015" name="CanSetLogger" fullname="Dynatrace.OpenKit.OpenKitBuilderTest.CanSetLogger" methodname="CanSetLogger" classname="Dynatrace.OpenKit.OpenKitBuilderTest" runstate="Runnable" seed="659880505" result="Passed" start-time="2018-05-11 10:27:04Z" end-time="2018-05-11 10:27:04Z" duration="0.002061" asserts="1" />
          <test-case id="3-1011" name="CanSetManufactureForDynatrace" fullname="Dynatrace.OpenKit.OpenKitBuilderTest.CanSetManufactureForDynatrace" methodname="CanSetManufactureForDynatrace" classname="Dynatrace.OpenKit.OpenKitBuilderTest" runstate="Runnable" seed="520169413" result="Passed" start-time="2018-05-11 10:27:04Z" end-time="2018-05-11 10:27:04Z" duration="0.001967" asserts="1" />
          <test-case id="3-1010" name="CanSetManufacturerForAppMon" fullname="Dynatrace.OpenKit.OpenKitBuilderTest.CanSetManufacturerForAppMon" methodname="CanSetManufacturerForAppMon" classname="Dynatrace.OpenKit.OpenKitBuilderTest" runstate="Runnable" seed="1520925896" result="Passed" start-time="2018-05-11 10:27:04Z" end-time="2018-05-11 10:27:04Z" duration="0.000434" asserts="1" />
          <test-case id="3-1012" name="CanSetModelIDForAppMon" fullname="Dynatrace.OpenKit.OpenKitBuilderTest.CanSetModelIDForAppMon" methodname="CanSetModelIDForAppMon" classname="Dynatrace.OpenKit.OpenKitBuilderTest" runstate="Runnable" seed="2091913642" result="Passed" start-time="2018-05-11 10:27:04Z" end-time="2018-05-11 10:27:04Z" duration="0.003732" asserts="1" />
          <test-case id="3-1013" name="CanSetModelIDForDynatrace" fullname="Dynatrace.OpenKit.OpenKitBuilderTest.CanSetModelIDForDynatrace" methodname="CanSetModelIDForDynatrace" classname="Dynatrace.OpenKit.OpenKitBuilderTest" runstate="Runnable" seed="289680385" result="Passed" start-time="2018-05-11 10:27:04Z" end-time="2018-05-11 10:27:04Z" duration="0.000541" asserts="1" />
          <test-case id="3-1008" name="CanSetOperatingSystemForAppMon" fullname="Dynatrace.OpenKit.OpenKitBuilderTest.CanSetOperatingSystemForAppMon" methodname="CanSetOperatingSystemForAppMon" classname="Dynatrace.OpenKit.OpenKitBuilderTest" runstate="Runnable" seed="39419462" result="Passed" start-time="2018-05-11 10:27:04Z" end-time="2018-05-11 10:27:04Z" duration="0.001869" asserts="1" />
          <test-case id="3-1009" name="CanSetOperatingSystemForDynatrace" fullname="Dynatrace.OpenKit.OpenKitBuilderTest.CanSetOperatingSystemForDynatrace" methodname="CanSetOperatingSystemForDynatrace" classname="Dynatrace.OpenKit.OpenKitBuilderTest" runstate="Runnable" seed="894382882" result="Passed" start-time="2018-05-11 10:27:04Z" end-time="2018-05-11 10:27:04Z" duration="0.000417" asserts="1" />
          <test-case id="3-1016" name="DefaultLoggerIsUsedByDefault" fullname="Dynatrace.OpenKit.OpenKitBuilderTest.DefaultLoggerIsUsedByDefault" methodname="DefaultLoggerIsUsedByDefault" classname="Dynatrace.OpenKit.OpenKitBuilderTest" runstate="Runnable" seed="1857256810" result="Passed" start-time="2018-05-11 10:27:04Z" end-time="2018-05-11 10:27:04Z" duration="0.000443" asserts="3" />
          <test-case id="3-1001" name="DefaultsAreSetForAppMon" fullname="Dynatrace.OpenKit.OpenKitBuilderTest.DefaultsAreSetForAppMon" methodname="DefaultsAreSetForAppMon" classname="Dynatrace.OpenKit.OpenKitBuilderTest" runstate="Runnable" seed="396880111" result="Passed" start-time="2018-05-11 10:27:04Z" end-time="2018-05-11 10:27:04Z" duration="0.001280" asserts="9" />
          <test-case id="3-1002" name="DefaultsAreSetForDynatrace" fullname="Dynatrace.OpenKit.OpenKitBuilderTest.DefaultsAreSetForDynatrace" methodname="DefaultsAreSetForDynatrace" classname="Dynatrace.OpenKit.OpenKitBuilderTest" runstate="Runnable" seed="652864519" result="Passed" start-time="2018-05-11 10:27:04Z" end-time="2018-05-11 10:27:04Z" duration="0.000622" asserts="9" />
          <test-case id="3-1017" name="VerboseIsUsedInDefaultLogger" fullname="Dynatrace.OpenKit.OpenKitBuilderTest.VerboseIsUsedInDefaultLogger" methodname="VerboseIsUsedInDefaultLogger" classname="Dynatrace.OpenKit.OpenKitBuilderTest" runstate="Runnable" seed="1535499091" result="Passed" start-time="2018-05-11 10:27:04Z" end-time="2018-05-11 10:27:04Z" duration="0.001190" asserts="3" />
        </test-suite>
        <test-suite type="TestSuite" id="3-1421" name="Protocol" fullname="Dynatrace.OpenKit.Protocol" runstate="Runnable" testcasecount="53" result="Passed" start-time="2018-05-11 10:27:02Z" end-time="2018-05-11 10:27:04Z" duration="2.125930" total="53" passed="53" failed="0" warnings="0" inconclusive="0" skipped="0" asserts="90">
          <test-suite type="TestFixture" id="3-1036" name="BeaconTest" fullname="Dynatrace.OpenKit.Protocol.BeaconTest" classname="Dynatrace.OpenKit.Protocol.BeaconTest" runstate="Runnable" testcasecount="11" result="Passed" start-time="2018-05-11 10:27:04Z" end-time="2018-05-11 10:27:04Z" duration="0.049106" total="11" passed="11" failed="0" warnings="0" inconclusive="0" skipped="0" asserts="14">
            <test-case id="3-1044" name="CanAddBothSentBytesAndReceivedBytesToWebRequestTracer" fullname="Dynatrace.OpenKit.Protocol.BeaconTest.CanAddBothSentBytesAndReceivedBytesToWebRequestTracer" methodname="CanAddBothSentBytesAndReceivedBytesToWebRequestTracer" classname="Dynatrace.OpenKit.Protocol.BeaconTest" runstate="Runnable" seed="27126578" result="Passed" start-time="2018-05-11 10:27:04Z" end-time="2018-05-11 10:27:04Z" duration="0.010802" asserts="1" />
            <test-case id="3-1041" name="CanAddReceivedBytesToWebRequestTracer" fullname="Dynatrace.OpenKit.Protocol.BeaconTest.CanAddReceivedBytesToWebRequestTracer" methodname="CanAddReceivedBytesToWebRequestTracer" classname="Dynatrace.OpenKit.Protocol.BeaconTest" runstate="Runnable" seed="790310479" result="Passed" start-time="2018-05-11 10:27:04Z" end-time="2018-05-11 10:27:04Z" duration="0.001666" asserts="1" />
            <test-case id="3-1042" name="CanAddReceivedBytesValueZeroToWebRequestTracer" fullname="Dynatrace.OpenKit.Protocol.BeaconTest.CanAddReceivedBytesValueZeroToWebRequestTracer" methodname="CanAddReceivedBytesValueZeroToWebRequestTracer" classname="Dynatrace.OpenKit.Protocol.BeaconTest" runstate="Runnable" seed="2114082187" result="Passed" start-time="2018-05-11 10:27:04Z" end-time="2018-05-11 10:27:04Z" duration="0.001568" asserts="1" />
            <test-case id="3-1045" name="CanAddRootActionIfCaptureIsOn" fullname="Dynatrace.OpenKit.Protocol.BeaconTest.CanAddRootActionIfCaptureIsOn" methodname="CanAddRootActionIfCaptureIsOn" classname="Dynatrace.OpenKit.Protocol.BeaconTest" runstate="Runnable" seed="2113609384" result="Passed" start-time="2018-05-11 10:27:04Z" end-time="2018-05-11 10:27:04Z" duration="0.005384" asserts="1" />
            <test-case id="3-1038" name="CanAddSentBytesToWebRequestTracer" fullname="Dynatrace.OpenKit.Protocol.BeaconTest.CanAddSentBytesToWebRequestTracer" methodname="CanAddSentBytesToWebRequestTracer" classname="Dynatrace.OpenKit.Protocol.BeaconTest" runstate="Runnable" seed="993133045" result="Passed" start-time="2018-05-11 10:27:04Z" end-time="2018-05-11 10:27:04Z" duration="0.004047" asserts="1" />
            <test-case id="3-1039" name="CanAddSentBytesValueZeroToWebRequestTracer" fullname="Dynatrace.OpenKit.Protocol.BeaconTest.CanAddSentBytesValueZeroToWebRequestTracer" methodname="CanAddSentBytesValueZeroToWebRequestTracer" classname="Dynatrace.OpenKit.Protocol.BeaconTest" runstate="Runnable" seed="768621916" result="Passed" start-time="2018-05-11 10:27:04Z" end-time="2018-05-11 10:27:04Z" duration="0.002002" asserts="1" />
            <test-case id="3-1037" name="CanAddUserIdentifyEvent" fullname="Dynatrace.OpenKit.Protocol.BeaconTest.CanAddUserIdentifyEvent" methodname="CanAddUserIdentifyEvent" classname="Dynatrace.OpenKit.Protocol.BeaconTest" runstate="Runnable" seed="1748463468" result="Passed" start-time="2018-05-11 10:27:04Z" end-time="2018-05-11 10:27:04Z" duration="0.001058" asserts="1" />
            <test-case id="3-1043" name="CannotAddReceivedBytesWithInvalidValueSmallerZeroToWebRequestTracer" fullname="Dynatrace.OpenKit.Protocol.BeaconTest.CannotAddReceivedBytesWithInvalidValueSmallerZeroToWebRequestTracer" methodname="CannotAddReceivedBytesWithInvalidValueSmallerZeroToWebRequestTracer" classname="Dynatrace.OpenKit.Protocol.BeaconTest" runstate="Runnable" seed="2134026198" result="Passed" start-time="2018-05-11 10:27:04Z" end-time="2018-05-11 10:27:04Z" duration="0.001370" asserts="1" />
            <test-case id="3-1046" name="CannotAddRootActionIfCaptureIsOff" fullname="Dynatrace.OpenKit.Protocol.BeaconTest.CannotAddRootActionIfCaptureIsOff" methodname="CannotAddRootActionIfCaptureIsOff" classname="Dynatrace.OpenKit.Protocol.BeaconTest" runstate="Runnable" seed="2076051147" result="Passed" start-time="2018-05-11 10:27:04Z" end-time="2018-05-11 10:27:04Z" duration="0.001489" asserts="1" />
            <test-case id="3-1040" name="CannotAddSentBytesWithInvalidValueSmallerZeroToWebRequestTracer" fullname="Dynatrace.OpenKit.Protocol.BeaconTest.CannotAddSentBytesWithInvalidValueSmallerZeroToWebRequestTracer" methodname="CannotAddSentBytesWithInvalidValueSmallerZeroToWebRequestTracer" classname="Dynatrace.OpenKit.Protocol.BeaconTest" runstate="Runnable" seed="1963820873" result="Passed" start-time="2018-05-11 10:27:04Z" end-time="2018-05-11 10:27:04Z" duration="0.004411" asserts="1" />
            <test-case id="3-1047" name="ClearDataClearsActionAndEventData" fullname="Dynatrace.OpenKit.Protocol.BeaconTest.ClearDataClearsActionAndEventData" methodname="ClearDataClearsActionAndEventData" classname="Dynatrace.OpenKit.Protocol.BeaconTest" runstate="Runnable" seed="1617069702" result="Passed" start-time="2018-05-11 10:27:04Z" end-time="2018-05-11 10:27:04Z" duration="0.012674" asserts="4" />
          </test-suite>
          <test-suite type="TestFixture" id="3-1048" name="StatusResponseTest" fullname="Dynatrace.OpenKit.Protocol.StatusResponseTest" classname="Dynatrace.OpenKit.Protocol.StatusResponseTest" runstate="Runnable" testcasecount="30" result="Passed" start-time="2018-05-11 10:27:04Z" end-time="2018-05-11 10:27:04Z" duration="0.111660" total="30" passed="30" failed="0" warnings="0" inconclusive="0" skipped="0" asserts="60">
            <test-case id="3-1059" name="AmpersandIsNotAValidKeyValueSeparator" fullname="Dynatrace.OpenKit.Protocol.StatusResponseTest.AmpersandIsNotAValidKeyValueSeparator" methodname="AmpersandIsNotAValidKeyValueSeparator" classname="Dynatrace.OpenKit.Protocol.StatusResponseTest" runstate="Runnable" seed="883485606" result="Passed" start-time="2018-05-11 10:27:04Z" end-time="2018-05-11 10:27:04Z" duration="0.026166" asserts="1" />
            <test-case id="3-1076" name="CaptureCrashesIsFalseWhenItIsEqualToZero" fullname="Dynatrace.OpenKit.Protocol.StatusResponseTest.CaptureCrashesIsFalseWhenItIsEqualToZero" methodname="CaptureCrashesIsFalseWhenItIsEqualToZero" classname="Dynatrace.OpenKit.Protocol.StatusResponseTest" runstate="Runnable" seed="143249223" result="Passed" start-time="2018-05-11 10:27:04Z" end-time="2018-05-11 10:27:04Z" duration="0.000745" asserts="1" />
            <test-case id="3-1075" name="CaptureCrashesIsTrueWhenItIsNotEqualToZero" fullname="Dynatrace.OpenKit.Protocol.StatusResponseTest.CaptureCrashesIsTrueWhenItIsNotEqualToZero" methodname="CaptureCrashesIsTrueWhenItIsNotEqualToZero" classname="Dynatrace.OpenKit.Protocol.StatusResponseTest" runstate="Runnable" seed="1570360568" result="Passed" start-time="2018-05-11 10:27:04Z" end-time="2018-05-11 10:27:04Z" duration="0.000898" asserts="3" />
            <test-case id="3-1073" name="CaptureErrorsIsFalseWhenItIsEqualToZero" fullname="Dynatrace.OpenKit.Protocol.StatusResponseTest.CaptureErrorsIsFalseWhenItIsEqualToZero" methodname="CaptureErrorsIsFalseWhenItIsEqualToZero" classname="Dynatrace.OpenKit.Protocol.StatusResponseTest" runstate="Runnable" seed="361477882" result="Passed" start-time="2018-05-11 10:27:04Z" end-time="2018-05-11 10:27:04Z" duration="0.001609" asserts="1" />
            <test-case id="3-1072" name="CaptureErrorsIsTrueWhenItIsNotEqualToZero" fullname="Dynatrace.OpenKit.Protocol.StatusResponseTest.CaptureErrorsIsTrueWhenItIsNotEqualToZero" methodname="CaptureErrorsIsTrueWhenItIsNotEqualToZero" classname="Dynatrace.OpenKit.Protocol.StatusResponseTest" runstate="Runnable" seed="450873780" result="Passed" start-time="2018-05-11 10:27:04Z" end-time="2018-05-11 10:27:04Z" duration="0.000382" asserts="3" />
            <test-case id="3-1061" name="CaptureIsFalseWhenItIsNotEqualToOne" fullname="Dynatrace.OpenKit.Protocol.StatusResponseTest.CaptureIsFalseWhenItIsNotEqualToOne" methodname="CaptureIsFalseWhenItIsNotEqualToOne" classname="Dynatrace.OpenKit.Protocol.StatusResponseTest" runstate="Runnable" seed="1854336866" result="Passed" start-time="2018-05-11 10:27:04Z" end-time="2018-05-11 10:27:04Z" duration="0.000359" asserts="3" />
            <test-case id="3-1060" name="CaptureIsTrueWhenItIsEqualToOne" fullname="Dynatrace.OpenKit.Protocol.StatusResponseTest.CaptureIsTrueWhenItIsEqualToOne" methodname="CaptureIsTrueWhenItIsEqualToOne" classname="Dynatrace.OpenKit.Protocol.StatusResponseTest" runstate="Runnable" seed="1519726769" result="Passed" start-time="2018-05-11 10:27:04Z" end-time="2018-05-11 10:27:04Z" duration="0.000278" asserts="1" />
            <test-case id="3-1056" name="DefaultCaptureCrashesIsOn" fullname="Dynatrace.OpenKit.Protocol.StatusResponseTest.DefaultCaptureCrashesIsOn" methodname="DefaultCaptureCrashesIsOn" classname="Dynatrace.OpenKit.Protocol.StatusResponseTest" runstate="Runnable" seed="1904244890" result="Passed" start-time="2018-05-11 10:27:04Z" end-time="2018-05-11 10:27:04Z" duration="0.000243" asserts="1" />
            <test-case id="3-1057" name="DefaultCaptureErrorsIsOn" fullname="Dynatrace.OpenKit.Protocol.StatusResponseTest.DefaultCaptureErrorsIsOn" methodname="DefaultCaptureErrorsIsOn" classname="Dynatrace.OpenKit.Protocol.StatusResponseTest" runstate="Runnable" seed="524777840" result="Passed" start-time="2018-05-11 10:27:04Z" end-time="2018-05-11 10:27:04Z" duration="0.000249" asserts="1" />
            <test-case id="3-1051" name="DefaultCaptureIsOn" fullname="Dynatrace.OpenKit.Protocol.StatusResponseTest.DefaultCaptureIsOn" methodname="DefaultCaptureIsOn" classname="Dynatrace.OpenKit.Protocol.StatusResponseTest" runstate="Runnable" seed="1439673376" result="Passed" start-time="2018-05-11 10:27:04Z" end-time="2018-05-11 10:27:04Z" duration="0.000248" asserts="1" />
            <test-case id="3-1055" name="DefaultMaxBeaconSizeIsMinusOne" fullname="Dynatrace.OpenKit.Protocol.StatusResponseTest.DefaultMaxBeaconSizeIsMinusOne" methodname="DefaultMaxBeaconSizeIsMinusOne" classname="Dynatrace.OpenKit.Protocol.StatusResponseTest" runstate="Runnable" seed="1225615473" result="Passed" start-time="2018-05-11 10:27:04Z" end-time="2018-05-11 10:27:04Z" duration="0.000267" asserts="1" />
            <test-case id="3-1053" name="DefaultMonitorNameIsNull" fullname="Dynatrace.OpenKit.Protocol.StatusResponseTest.DefaultMonitorNameIsNull" methodname="DefaultMonitorNameIsNull" classname="Dynatrace.OpenKit.Protocol.StatusResponseTest" runstate="Runnable" seed="973526746" result="Passed" start-time="2018-05-11 10:27:04Z" end-time="2018-05-11 10:27:04Z" duration="0.000274" asserts="1" />
            <test-case id="3-1052" name="DefaultSendIntervalIsMinusOne" fullname="Dynatrace.OpenKit.Protocol.StatusResponseTest.DefaultSendIntervalIsMinusOne" methodname="DefaultSendIntervalIsMinusOne" classname="Dynatrace.OpenKit.Protocol.StatusResponseTest" runstate="Runnable" seed="1697933131" result="Passed" start-time="2018-05-11 10:27:04Z" end-time="2018-05-11 10:27:04Z" duration="0.000306" asserts="1" />
            <test-case id="3-1054" name="DefaultServerIDIsMinusOne" fullname="Dynatrace.OpenKit.Protocol.StatusResponseTest.DefaultServerIDIsMinusOne" methodname="DefaultServerIDIsMinusOne" classname="Dynatrace.OpenKit.Protocol.StatusResponseTest" runstate="Runnable" seed="1322915186" result="Passed" start-time="2018-05-11 10:27:04Z" end-time="2018-05-11 10:27:04Z" duration="0.000310" asserts="1" />
            <test-case id="3-1058" name="OddNumberOfTokensThrowsException" fullname="Dynatrace.OpenKit.Protocol.StatusResponseTest.OddNumberOfTokensThrowsException" methodname="OddNumberOfTokensThrowsException" classname="Dynatrace.OpenKit.Protocol.StatusResponseTest" runstate="Runnable" seed="1084023239" result="Passed" start-time="2018-05-11 10:27:04Z" end-time="2018-05-11 10:27:04Z" duration="0.000846" asserts="1" />
            <test-case id="3-1071" name="ParsingInvalidMaxBeaconSizeThrowsException" fullname="Dynatrace.OpenKit.Protocol.StatusResponseTest.ParsingInvalidMaxBeaconSizeThrowsException" methodname="ParsingInvalidMaxBeaconSizeThrowsException" classname="Dynatrace.OpenKit.Protocol.StatusResponseTest" runstate="Runnable" seed="133131907" result="Passed" start-time="2018-05-11 10:27:04Z" end-time="2018-05-11 10:27:04Z" duration="0.049167" asserts="3" />
            <test-case id="3-1077" name="ParsingInvalidNumericValueForCaptureCrashesThrowsException" fullname="Dynatrace.OpenKit.Protocol.StatusResponseTest.ParsingInvalidNumericValueForCaptureCrashesThrowsException" methodname="ParsingInvalidNumericValueForCaptureCrashesThrowsException" classname="Dynatrace.OpenKit.Protocol.StatusResponseTest" runstate="Runnable" seed="1431857235" result="Passed" start-time="2018-05-11 10:27:04Z" end-time="2018-05-11 10:27:04Z" duration="0.001550" asserts="3" />
            <test-case id="3-1074" name="ParsingInvalidNumericValueForCaptureErrorsThrowsException" fullname="Dynatrace.OpenKit.Protocol.StatusResponseTest.ParsingInvalidNumericValueForCaptureErrorsThrowsException" methodname="ParsingInvalidNumericValueForCaptureErrorsThrowsException" classname="Dynatrace.OpenKit.Protocol.StatusResponseTest" runstate="Runnable" seed="909094642" result="Passed" start-time="2018-05-11 10:27:04Z" end-time="2018-05-11 10:27:04Z" duration="0.001678" asserts="3" />
            <test-case id="3-1062" name="ParsingInvalidNumericValueForCaptureThrowsException" fullname="Dynatrace.OpenKit.Protocol.StatusResponseTest.ParsingInvalidNumericValueForCaptureThrowsException" methodname="ParsingInvalidNumericValueForCaptureThrowsException" classname="Dynatrace.OpenKit.Protocol.StatusResponseTest" runstate="Runnable" seed="1726998942" result="Passed" start-time="2018-05-11 10:27:04Z" end-time="2018-05-11 10:27:04Z" duration="0.002016" asserts="3" />
            <test-case id="3-1065" name="ParsingInvalidSendIntervalThrowsException" fullname="Dynatrace.OpenKit.Protocol.StatusResponseTest.ParsingInvalidSendIntervalThrowsException" methodname="ParsingInvalidSendIntervalThrowsException" classname="Dynatrace.OpenKit.Protocol.StatusResponseTest" runstate="Runnable" seed="1947486634" result="Passed" start-time="2018-05-11 10:27:04Z" end-time="2018-05-11 10:27:04Z" duration="0.001359" asserts="3" />
            <test-case id="3-1068" name="ParsingInvalidServerIDThrowsException" fullname="Dynatrace.OpenKit.Protocol.StatusResponseTest.ParsingInvalidServerIDThrowsException" methodname="ParsingInvalidServerIDThrowsException" classname="Dynatrace.OpenKit.Protocol.StatusResponseTest" runstate="Runnable" seed="1946093648" result="Passed" start-time="2018-05-11 10:27:04Z" end-time="2018-05-11 10:27:04Z" duration="0.001335" asserts="3" />
            <test-case id="3-1069" name="ParsingMaxBeaconSize" fullname="Dynatrace.OpenKit.Protocol.StatusResponseTest.ParsingMaxBeaconSize" methodname="ParsingMaxBeaconSize" classname="Dynatrace.OpenKit.Protocol.StatusResponseTest" runstate="Runnable" seed="1240804524" result="Passed" start-time="2018-05-11 10:27:04Z" end-time="2018-05-11 10:27:04Z" duration="0.006737" asserts="5" />
            <test-case id="3-1066" name="ParsingMonitorNames" fullname="Dynatrace.OpenKit.Protocol.StatusResponseTest.ParsingMonitorNames" methodname="ParsingMonitorNames" classname="Dynatrace.OpenKit.Protocol.StatusResponseTest" runstate="Runnable" seed="1262704425" result="Passed" start-time="2018-05-11 10:27:04Z" end-time="2018-05-11 10:27:04Z" duration="0.002227" asserts="3" />
            <test-case id="3-1063" name="ParsingSendInterval" fullname="Dynatrace.OpenKit.Protocol.StatusResponseTest.ParsingSendInterval" methodname="ParsingSendInterval" classname="Dynatrace.OpenKit.Protocol.StatusResponseTest" runstate="Runnable" seed="1996388173" result="Passed" start-time="2018-05-11 10:27:04Z" end-time="2018-05-11 10:27:04Z" duration="0.001193" asserts="5" />
            <test-case id="3-1070" name="ParsingTooBigMaxBeaconSizeOverflows" fullname="Dynatrace.OpenKit.Protocol.StatusResponseTest.ParsingTooBigMaxBeaconSizeOverflows" methodname="ParsingTooBigMaxBeaconSizeOverflows" classname="Dynatrace.OpenKit.Protocol.StatusResponseTest" runstate="Runnable" seed="392036228" result="Passed" start-time="2018-05-11 10:27:04Z" end-time="2018-05-11 10:27:04Z" duration="0.000472" asserts="2" />
            <test-case id="3-1064" name="ParsingTooBigSendIntervalOverflows" fullname="Dynatrace.OpenKit.Protocol.StatusResponseTest.ParsingTooBigSendIntervalOverflows" methodname="ParsingTooBigSendIntervalOverflows" classname="Dynatrace.OpenKit.Protocol.StatusResponseTest" runstate="Runnable" seed="218358060" result="Passed" start-time="2018-05-11 10:27:04Z" end-time="2018-05-11 10:27:04Z" duration="0.000392" asserts="2" />
            <test-case id="3-1050" name="PassingEmptyResponseStringDoesNotThrow" fullname="Dynatrace.OpenKit.Protocol.StatusResponseTest.PassingEmptyResponseStringDoesNotThrow" methodname="PassingEmptyResponseStringDoesNotThrow" classname="Dynatrace.OpenKit.Protocol.StatusResponseTest" runstate="Runnable" seed="297735884" result="Passed" start-time="2018-05-11 10:27:04Z" end-time="2018-05-11 10:27:04Z" duration="0.001283" asserts="1" />
            <test-case id="3-1049" name="PassingNullResponseStringDoesNotThrow" fullname="Dynatrace.OpenKit.Protocol.StatusResponseTest.PassingNullResponseStringDoesNotThrow" methodname="PassingNullResponseStringDoesNotThrow" classname="Dynatrace.OpenKit.Protocol.StatusResponseTest" runstate="Runnable" seed="1509046402" result="Passed" start-time="2018-05-11 10:27:04Z" end-time="2018-05-11 10:27:04Z" duration="0.000450" asserts="1" />
            <test-case id="3-1078" name="ResponseCodeIsSet" fullname="Dynatrace.OpenKit.Protocol.StatusResponseTest.ResponseCodeIsSet" methodname="ResponseCodeIsSet" classname="Dynatrace.OpenKit.Protocol.StatusResponseTest" runstate="Runnable" seed="1143216103" result="Passed" start-time="2018-05-11 10:27:04Z" end-time="2018-05-11 10:27:04Z" duration="0.000313" asserts="1" />
            <test-case id="3-1067" name="ServerIDIsParsed" fullname="Dynatrace.OpenKit.Protocol.StatusResponseTest.ServerIDIsParsed" methodname="ServerIDIsParsed" classname="Dynatrace.OpenKit.Protocol.StatusResponseTest" runstate="Runnable" seed="2107977736" result="Passed" start-time="2018-05-11 10:27:04Z" end-time="2018-05-11 10:27:04Z" duration="0.001915" asserts="1" />
          </test-suite>
          <test-suite type="TestFixture" id="3-1079" name="TimeSyncResponseTest" fullname="Dynatrace.OpenKit.Protocol.TimeSyncResponseTest" classname="Dynatrace.OpenKit.Protocol.TimeSyncResponseTest" runstate="Runnable" testcasecount="12" result="Passed" start-time="2018-05-11 10:27:04Z" end-time="2018-05-11 10:27:04Z" duration="0.008298" total="12" passed="12" failed="0" warnings="0" inconclusive="0" skipped="0" asserts="16">
            <test-case id="3-1085" name="AmpersandIsNotAValidKeyValueSeparator" fullname="Dynatrace.OpenKit.Protocol.TimeSyncResponseTest.AmpersandIsNotAValidKeyValueSeparator" methodname="AmpersandIsNotAValidKeyValueSeparator" classname="Dynatrace.OpenKit.Protocol.TimeSyncResponseTest" runstate="Runnable" seed="1409896463" result="Passed" start-time="2018-05-11 10:27:04Z" end-time="2018-05-11 10:27:04Z" duration="0.001128" asserts="1" />
            <test-case id="3-1084" name="OddNumberOfTokensThrowsException" fullname="Dynatrace.OpenKit.Protocol.TimeSyncResponseTest.OddNumberOfTokensThrowsException" methodname="OddNumberOfTokensThrowsException" classname="Dynatrace.OpenKit.Protocol.TimeSyncResponseTest" runstate="Runnable" seed="1534710947" result="Passed" start-time="2018-05-11 10:27:04Z" end-time="2018-05-11 10:27:04Z" duration="0.000548" asserts="1" />
            <test-case id="3-1089" name="ParsingInvalidRequestReceiveTimeThrowsException" fullname="Dynatrace.OpenKit.Protocol.TimeSyncResponseTest.ParsingInvalidRequestReceiveTimeThrowsException" methodname="ParsingInvalidRequestReceiveTimeThrowsException" classname="Dynatrace.OpenKit.Protocol.TimeSyncResponseTest" runstate="Runnable" seed="1751899502" result="Passed" start-time="2018-05-11 10:27:04Z" end-time="2018-05-11 10:27:04Z" duration="0.001537" asserts="3" />
            <test-case id="3-1087" name="ParsingInvalidResponseSendTimeThrowsException" fullname="Dynatrace.OpenKit.Protocol.TimeSyncResponseTest.ParsingInvalidResponseSendTimeThrowsException" methodname="ParsingInvalidResponseSendTimeThrowsException" classname="Dynatrace.OpenKit.Protocol.TimeSyncResponseTest" runstate="Runnable" seed="599030431" result="Passed" start-time="2018-05-11 10:27:04Z" end-time="2018-05-11 10:27:04Z" duration="0.001559" asserts="3" />
            <test-case id="3-1090" name="ParsingUnknownKeyValueDoesNothing" fullname="Dynatrace.OpenKit.Protocol.TimeSyncResponseTest.ParsingUnknownKeyValueDoesNothing" methodname="ParsingUnknownKeyValueDoesNothing" classname="Dynatrace.OpenKit.Protocol.TimeSyncResponseTest" runstate="Runnable" seed="1692146611" result="Passed" start-time="2018-05-11 10:27:04Z" end-time="2018-05-11 10:27:04Z" duration="0.000501" asserts="1" />
            <test-case id="3-1081" name="PassingEmptyResponseStringDoesNotThrow" fullname="Dynatrace.OpenKit.Protocol.TimeSyncResponseTest.PassingEmptyResponseStringDoesNotThrow" methodname="PassingEmptyResponseStringDoesNotThrow" classname="Dynatrace.OpenKit.Protocol.TimeSyncResponseTest" runstate="Runnable" seed="1470930578" result="Passed" start-time="2018-05-11 10:27:04Z" end-time="2018-05-11 10:27:04Z" duration="0.000629" asserts="1" />
            <test-case id="3-1080" name="PassingNullResponseStringDoesNotThrow" fullname="Dynatrace.OpenKit.Protocol.TimeSyncResponseTest.PassingNullResponseStringDoesNotThrow" methodname="PassingNullResponseStringDoesNotThrow" classname="Dynatrace.OpenKit.Protocol.TimeSyncResponseTest" runstate="Runnable" seed="1733072372" result="Passed" start-time="2018-05-11 10:27:04Z" end-time="2018-05-11 10:27:04Z" duration="0.000506" asserts="1" />
            <test-case id="3-1088" name="RequestReceiveTimeIsParsed" fullname="Dynatrace.OpenKit.Protocol.TimeSyncResponseTest.RequestReceiveTimeIsParsed" methodname="RequestReceiveTimeIsParsed" classname="Dynatrace.OpenKit.Protocol.TimeSyncResponseTest" runstate="Runnable" seed="909411751" result="Passed" start-time="2018-05-11 10:27:04Z" end-time="2018-05-11 10:27:04Z" duration="0.000303" asserts="1" />
            <test-case id="3-1091" name="ResponseCodeIsSet" fullname="Dynatrace.OpenKit.Protocol.TimeSyncResponseTest.ResponseCodeIsSet" methodname="ResponseCodeIsSet" classname="Dynatrace.OpenKit.Protocol.TimeSyncResponseTest" runstate="Runnable" seed="1280466515" result="Passed" start-time="2018-05-11 10:27:04Z" end-time="2018-05-11 10:27:04Z" duration="0.000283" asserts="1" />
            <test-case id="3-1086" name="ResponseSendTimeIsParsed" fullname="Dynatrace.OpenKit.Protocol.TimeSyncResponseTest.ResponseSendTimeIsParsed" methodname="ResponseSendTimeIsParsed" classname="Dynatrace.OpenKit.Protocol.TimeSyncResponseTest" runstate="Runnable" seed="2031501053" result="Passed" start-time="2018-05-11 10:27:04Z" end-time="2018-05-11 10:27:04Z" duration="0.000321" asserts="1" />
            <test-case id="3-1082" name="TheDefaultRequestReceiveTimeIsMinusOne" fullname="Dynatrace.OpenKit.Protocol.TimeSyncResponseTest.TheDefaultRequestReceiveTimeIsMinusOne" methodname="TheDefaultRequestReceiveTimeIsMinusOne" classname="Dynatrace.OpenKit.Protocol.TimeSyncResponseTest" runstate="Runnable" seed="1735988206" result="Passed" start-time="2018-05-11 10:27:04Z" end-time="2018-05-11 10:27:04Z" duration="0.000280" asserts="1" />
            <test-case id="3-1083" name="TheDefaultResponseSendTimeIsMinusOne" fullname="Dynatrace.OpenKit.Protocol.TimeSyncResponseTest.TheDefaultResponseSendTimeIsMinusOne" methodname="TheDefaultResponseSendTimeIsMinusOne" classname="Dynatrace.OpenKit.Protocol.TimeSyncResponseTest" runstate="Runnable" seed="785242455" result="Passed" start-time="2018-05-11 10:27:04Z" end-time="2018-05-11 10:27:04Z" duration="0.000279" asserts="1" />
          </test-suite>
        </test-suite>
        <test-suite type="TestSuite" id="3-1420" name="Providers" fullname="Dynatrace.OpenKit.Providers" runstate="Runnable" testcasecount="9" result="Passed" start-time="2018-05-11 10:27:02Z" end-time="2018-05-11 10:27:04Z" duration="2.187352" total="9" passed="9" failed="0" warnings="0" inconclusive="0" skipped="0" asserts="9">
          <test-suite type="TestFixture" id="3-1024" name="DefaultSessionIDProviderTest" fullname="Dynatrace.OpenKit.Providers.DefaultSessionIDProviderTest" classname="Dynatrace.OpenKit.Providers.DefaultSessionIDProviderTest" runstate="Runnable" testcasecount="4" result="Passed" start-time="2018-05-11 10:27:04Z" end-time="2018-05-11 10:27:04Z" duration="0.002925" total="4" passed="4" failed="0" warnings="0" inconclusive="0" skipped="0" asserts="4">
            <test-case id="3-1027" name="aProviderInitializedWithMaxIntValueProvidesMinSessionIdValueAtNextCall" fullname="Dynatrace.OpenKit.Providers.DefaultSessionIDProviderTest.aProviderInitializedWithMaxIntValueProvidesMinSessionIdValueAtNextCall" methodname="aProviderInitializedWithMaxIntValueProvidesMinSessionIdValueAtNextCall" classname="Dynatrace.OpenKit.Providers.DefaultSessionIDProviderTest" runstate="Runnable" seed="622478706" result="Passed" start-time="2018-05-11 10:27:04Z" end-time="2018-05-11 10:27:04Z" duration="0.000855" asserts="1" />
            <test-case id="3-1028" name="aProviderInitializedWithZeroProvidesMinSessionIdValueAtNextCall" fullname="Dynatrace.OpenKit.Providers.DefaultSessionIDProviderTest.aProviderInitializedWithZeroProvidesMinSessionIdValueAtNextCall" methodname="aProviderInitializedWithZeroProvidesMinSessionIdValueAtNextCall" classname="Dynatrace.OpenKit.Providers.DefaultSessionIDProviderTest" runstate="Runnable" seed="31289260" result="Passed" start-time="2018-05-11 10:27:04Z" end-time="2018-05-11 10:27:04Z" duration="0.000291" asserts="1" />
            <test-case id="3-1026" name="DefaultSessionIDProviderReturnsConsecutiveIDs" fullname="Dynatrace.OpenKit.Providers.DefaultSessionIDProviderTest.DefaultSessionIDProviderReturnsConsecutiveIDs" methodname="DefaultSessionIDProviderReturnsConsecutiveIDs" classname="Dynatrace.OpenKit.Providers.DefaultSessionIDProviderTest" runstate="Runnable" seed="936386103" result="Passed" start-time="2018-05-11 10:27:04Z" end-time="2018-05-11 10:27:04Z" duration="0.000291" asserts="1" />
            <test-case id="3-1025" name="DefaultSessionIDProviderReturnsNonNegativeID" fullname="Dynatrace.OpenKit.Providers.DefaultSessionIDProviderTest.DefaultSessionIDProviderReturnsNonNegativeID" methodname="DefaultSessionIDProviderReturnsNonNegativeID" classname="Dynatrace.OpenKit.Providers.DefaultSessionIDProviderTest" runstate="Runnable" seed="1428652692" result="Passed" start-time="2018-05-11 10:27:04Z" end-time="2018-05-11 10:27:04Z" duration="0.001258" asserts="1" />
          </test-suite>
          <test-suite type="TestFixture" id="3-1034" name="DefaultThreadIDProviderTest" fullname="Dynatrace.OpenKit.Providers.DefaultThreadIDProviderTest" classname="Dynatrace.OpenKit.Providers.DefaultThreadIDProviderTest" runstate="Runnable" testcasecount="1" result="Passed" start-time="2018-05-11 10:27:04Z" end-time="2018-05-11 10:27:04Z" duration="0.001279" total="1" passed="1" failed="0" warnings="0" inconclusive="0" skipped="0" asserts="1">
            <test-case id="3-1035" name="CurrentThreadIDIsReturned" fullname="Dynatrace.OpenKit.Providers.DefaultThreadIDProviderTest.CurrentThreadIDIsReturned" methodname="CurrentThreadIDIsReturned" classname="Dynatrace.OpenKit.Providers.DefaultThreadIDProviderTest" runstate="Runnable" seed="1855586469" result="Passed" start-time="2018-05-11 10:27:04Z" end-time="2018-05-11 10:27:04Z" duration="0.001039" asserts="1" />
          </test-suite>
          <test-suite type="TestFixture" id="3-1029" name="DefaultTimingProviderTest" fullname="Dynatrace.OpenKit.Providers.DefaultTimingProviderTest" classname="Dynatrace.OpenKit.Providers.DefaultTimingProviderTest" runstate="Runnable" testcasecount="4" result="Passed" start-time="2018-05-11 10:27:04Z" end-time="2018-05-11 10:27:04Z" duration="0.057001" total="4" passed="4" failed="0" warnings="0" inconclusive="0" skipped="0" asserts="4">
            <test-case id="3-1033" name="CanConvertToClusterTime" fullname="Dynatrace.OpenKit.Providers.DefaultTimingProviderTest.CanConvertToClusterTime" methodname="CanConvertToClusterTime" classname="Dynatrace.OpenKit.Providers.DefaultTimingProviderTest" runstate="Runnable" seed="681906671" result="Passed" start-time="2018-05-11 10:27:04Z" end-time="2018-05-11 10:27:04Z" duration="0.055664" asserts="1" />
            <test-case id="3-1032" name="TimeSyncIsNotSupportedIfInitCalledWithFalse" fullname="Dynatrace.OpenKit.Providers.DefaultTimingProviderTest.TimeSyncIsNotSupportedIfInitCalledWithFalse" methodname="TimeSyncIsNotSupportedIfInitCalledWithFalse" classname="Dynatrace.OpenKit.Providers.DefaultTimingProviderTest" runstate="Runnable" seed="927146100" result="Passed" start-time="2018-05-11 10:27:04Z" end-time="2018-05-11 10:27:04Z" duration="0.000673" asserts="1" />
            <test-case id="3-1030" name="TimeSyncIsSupportedByDefault" fullname="Dynatrace.OpenKit.Providers.DefaultTimingProviderTest.TimeSyncIsSupportedByDefault" methodname="TimeSyncIsSupportedByDefault" classname="Dynatrace.OpenKit.Providers.DefaultTimingProviderTest" runstate="Runnable" seed="626529466" result="Passed" start-time="2018-05-11 10:27:04Z" end-time="2018-05-11 10:27:04Z" duration="0.000211" asserts="1" />
            <test-case id="3-1031" name="TimeSyncIsSupportedIfInitCalledWithTrue" fullname="Dynatrace.OpenKit.Providers.DefaultTimingProviderTest.TimeSyncIsSupportedIfInitCalledWithTrue" methodname="TimeSyncIsSupportedIfInitCalledWithTrue" classname="Dynatrace.OpenKit.Providers.DefaultTimingProviderTest" runstate="Runnable" seed="1231334870" result="Passed" start-time="2018-05-11 10:27:04Z" end-time="2018-05-11 10:27:04Z" duration="0.000192" asserts="1" />
          </test-suite>
        </test-suite>
      </test-suite>
    </test-suite>
  </test-suite>
  <test-suite type="Assembly" id="4-1417" name="openkit-dotnetfull-4.5.Tests.dll" fullname="C:\workspaces\githubRepos\openkit-dotnet\tests\openkit-dotnetfull-4.5.Tests\bin\Coverage\openkit-dotnetfull-4.5.Tests.dll" runstate="Runnable" testcasecount="386" result="Passed" start-time="2018-05-11 10:27:02Z" end-time="2018-05-11 10:27:04Z" duration="2.145980" total="386" passed="386" failed="0" warnings="0" inconclusive="0" skipped="0" asserts="629">
    <environment framework-version="3.9.0.0" clr-version="4.0.30319.42000" os-version="Microsoft Windows NT 10.0.16299.0" platform="Win32NT" cwd="C:\workspaces\githubRepos\openkit-dotnet" machine-name="TAG009441733979" user="stefan.eberl" user-domain="DYNATRACE" culture="de-AT" uiculture="en-US" os-architecture="x64" />
    <settings>
      <setting name="DisposeRunners" value="True" />
      <setting name="WorkDirectory" value="C:\workspaces\githubRepos\openkit-dotnet" />
      <setting name="ImageRuntimeVersion" value="4.0.30319" />
      <setting name="ImageTargetFrameworkName" value=".NETFramework,Version=v4.5" />
      <setting name="ImageRequiresX86" value="False" />
      <setting name="ImageRequiresDefaultAppDomainAssemblyResolver" value="False" />
      <setting name="NumberOfTestWorkers" value="8" />
    </settings>
    <properties>
      <property name="_PID" value="21676" />
      <property name="_APPDOMAIN" value="domain-5d4897f7-openkit-dotnetfull-4.5.Tests.dll" />
    </properties>
    <test-suite type="TestSuite" id="4-1418" name="Dynatrace" fullname="Dynatrace" runstate="Runnable" testcasecount="386" result="Passed" start-time="2018-05-11 10:27:02Z" end-time="2018-05-11 10:27:04Z" duration="2.127288" total="386" passed="386" failed="0" warnings="0" inconclusive="0" skipped="0" asserts="629">
      <test-suite type="TestSuite" id="4-1419" name="OpenKit" fullname="Dynatrace.OpenKit" runstate="Runnable" testcasecount="386" result="Passed" start-time="2018-05-11 10:27:02Z" end-time="2018-05-11 10:27:04Z" duration="2.126280" total="386" passed="386" failed="0" warnings="0" inconclusive="0" skipped="0" asserts="629">
        <test-suite type="TestSuite" id="4-1422" name="Core" fullname="Dynatrace.OpenKit.Core" runstate="Runnable" testcasecount="301" result="Passed" start-time="2018-05-11 10:27:02Z" end-time="2018-05-11 10:27:04Z" duration="1.841953" total="301" passed="301" failed="0" warnings="0" inconclusive="0" skipped="0" asserts="474">
          <test-suite type="TestFixture" id="4-1092" name="ActionTest" fullname="Dynatrace.OpenKit.Core.ActionTest" classname="Dynatrace.OpenKit.Core.ActionTest" runstate="Runnable" testcasecount="45" result="Passed" start-time="2018-05-11 10:27:02Z" end-time="2018-05-11 10:27:03Z" duration="0.778031" total="45" passed="45" failed="0" warnings="0" inconclusive="0" skipped="0" asserts="81">
            <test-case id="4-1103" name="AfterLeavingAnActionItIsLeft" fullname="Dynatrace.OpenKit.Core.ActionTest.AfterLeavingAnActionItIsLeft" methodname="AfterLeavingAnActionItIsLeft" classname="Dynatrace.OpenKit.Core.ActionTest" runstate="Runnable" seed="1243233789" result="Passed" start-time="2018-05-11 10:27:02Z" end-time="2018-05-11 10:27:02Z" duration="0.543372" asserts="1" />
            <test-case id="4-1102" name="AnActionAddsItselfIntoListInContstructor" fullname="Dynatrace.OpenKit.Core.ActionTest.AnActionAddsItselfIntoListInContstructor" methodname="AnActionAddsItselfIntoListInContstructor" classname="Dynatrace.OpenKit.Core.ActionTest" runstate="Runnable" seed="952634249" result="Passed" start-time="2018-05-11 10:27:02Z" end-time="2018-05-11 10:27:02Z" duration="0.037117" asserts="2" />
            <test-case id="4-1136" name="AnActionCanOnlyBeLeftOnce" fullname="Dynatrace.OpenKit.Core.ActionTest.AnActionCanOnlyBeLeftOnce" methodname="AnActionCanOnlyBeLeftOnce" classname="Dynatrace.OpenKit.Core.ActionTest" runstate="Runnable" seed="699151523" result="Passed" start-time="2018-05-11 10:27:02Z" end-time="2018-05-11 10:27:02Z" duration="0.054731" asserts="6" />
            <test-case id="4-1093" name="ANewlyCreatedActionHasAnID" fullname="Dynatrace.OpenKit.Core.ActionTest.ANewlyCreatedActionHasAnID" methodname="ANewlyCreatedActionHasAnID" classname="Dynatrace.OpenKit.Core.ActionTest" runstate="Runnable" seed="158029525" result="Passed" start-time="2018-05-11 10:27:02Z" end-time="2018-05-11 10:27:02Z" duration="0.000876" asserts="1" />
            <test-case id="4-1101" name="ANewlyCreatedActionIsNotLeft" fullname="Dynatrace.OpenKit.Core.ActionTest.ANewlyCreatedActionIsNotLeft" methodname="ANewlyCreatedActionIsNotLeft" classname="Dynatrace.OpenKit.Core.ActionTest" runstate="Runnable" seed="447397150" result="Passed" start-time="2018-05-11 10:27:02Z" end-time="2018-05-11 10:27:02Z" duration="0.001035" asserts="1" />
            <test-case id="4-1137" name="DisposingAnActionLeavesTheAction" fullname="Dynatrace.OpenKit.Core.ActionTest.DisposingAnActionLeavesTheAction" methodname="DisposingAnActionLeavesTheAction" classname="Dynatrace.OpenKit.Core.ActionTest" runstate="Runnable" seed="346123591" result="Passed" start-time="2018-05-11 10:27:02Z" end-time="2018-05-11 10:27:02Z" duration="0.002609" asserts="3" />
            <test-case id="4-1100" name="EndSequenceNumberIsSetToMinusOne" fullname="Dynatrace.OpenKit.Core.ActionTest.EndSequenceNumberIsSetToMinusOne" methodname="EndSequenceNumberIsSetToMinusOne" classname="Dynatrace.OpenKit.Core.ActionTest" runstate="Runnable" seed="1715493039" result="Passed" start-time="2018-05-11 10:27:02Z" end-time="2018-05-11 10:27:02Z" duration="0.000845" asserts="1" />
            <test-case id="4-1098" name="EndTimeIsSetToMinusOneInConstructor" fullname="Dynatrace.OpenKit.Core.ActionTest.EndTimeIsSetToMinusOneInConstructor" methodname="EndTimeIsSetToMinusOneInConstructor" classname="Dynatrace.OpenKit.Core.ActionTest" runstate="Runnable" seed="2024066563" result="Passed" start-time="2018-05-11 10:27:02Z" end-time="2018-05-11 10:27:02Z" duration="0.000780" asserts="1" />
            <test-case id="4-1134" name="LeavingAnActionAddsItselfInTheBeacon" fullname="Dynatrace.OpenKit.Core.ActionTest.LeavingAnActionAddsItselfInTheBeacon" methodname="LeavingAnActionAddsItselfInTheBeacon" classname="Dynatrace.OpenKit.Core.ActionTest" runstate="Runnable" seed="1840587099" result="Passed" start-time="2018-05-11 10:27:02Z" end-time="2018-05-11 10:27:02Z" duration="0.008895" asserts="1" />
            <test-case id="4-1135" name="LeavingAnActionRemovesItselfFromListPassedInCtor" fullname="Dynatrace.OpenKit.Core.ActionTest.LeavingAnActionRemovesItselfFromListPassedInCtor" methodname="LeavingAnActionRemovesItselfFromListPassedInCtor" classname="Dynatrace.OpenKit.Core.ActionTest" runstate="Runnable" seed="1068120790" result="Passed" start-time="2018-05-11 10:27:02Z" end-time="2018-05-11 10:27:02Z" duration="0.001197" asserts="1" />
            <test-case id="4-1131" name="LeavingAnActionReturnsTheParentAction" fullname="Dynatrace.OpenKit.Core.ActionTest.LeavingAnActionReturnsTheParentAction" methodname="LeavingAnActionReturnsTheParentAction" classname="Dynatrace.OpenKit.Core.ActionTest" runstate="Runnable" seed="1730851235" result="Passed" start-time="2018-05-11 10:27:02Z" end-time="2018-05-11 10:27:02Z" duration="0.008340" asserts="3" />
            <test-case id="4-1133" name="LeavingAnActionSetsTheEndSequenceNumber" fullname="Dynatrace.OpenKit.Core.ActionTest.LeavingAnActionSetsTheEndSequenceNumber" methodname="LeavingAnActionSetsTheEndSequenceNumber" classname="Dynatrace.OpenKit.Core.ActionTest" runstate="Runnable" seed="1656479953" result="Passed" start-time="2018-05-11 10:27:02Z" end-time="2018-05-11 10:27:02Z" duration="0.001154" asserts="1" />
            <test-case id="4-1132" name="LeavingAnActionSetsTheEndTimestamp" fullname="Dynatrace.OpenKit.Core.ActionTest.LeavingAnActionSetsTheEndTimestamp" methodname="LeavingAnActionSetsTheEndTimestamp" classname="Dynatrace.OpenKit.Core.ActionTest" runstate="Runnable" seed="814090468" result="Passed" start-time="2018-05-11 10:27:02Z" end-time="2018-05-11 10:27:02Z" duration="0.001247" asserts="1" />
            <test-case id="4-1094" name="NameIsSet" fullname="Dynatrace.OpenKit.Core.ActionTest.NameIsSet" methodname="NameIsSet" classname="Dynatrace.OpenKit.Core.ActionTest" runstate="Runnable" seed="1282904437" result="Passed" start-time="2018-05-11 10:27:02Z" end-time="2018-05-11 10:27:02Z" duration="0.000796" asserts="1" />
            <test-case id="4-1096" name="ParentIDIsEqualToParentActionsID" fullname="Dynatrace.OpenKit.Core.ActionTest.ParentIDIsEqualToParentActionsID" methodname="ParentIDIsEqualToParentActionsID" classname="Dynatrace.OpenKit.Core.ActionTest" runstate="Runnable" seed="1960364851" result="Passed" start-time="2018-05-11 10:27:02Z" end-time="2018-05-11 10:27:02Z" duration="0.000929" asserts="1" />
            <test-case id="4-1095" name="ParentIDIsZeroIfActionHasNoParent" fullname="Dynatrace.OpenKit.Core.ActionTest.ParentIDIsZeroIfActionHasNoParent" methodname="ParentIDIsZeroIfActionHasNoParent" classname="Dynatrace.OpenKit.Core.ActionTest" runstate="Runnable" seed="1097668515" result="Passed" start-time="2018-05-11 10:27:02Z" end-time="2018-05-11 10:27:02Z" duration="0.000781" asserts="1" />
            <test-case id="4-1112" name="ReportDoubleValue" fullname="Dynatrace.OpenKit.Core.ActionTest.ReportDoubleValue" methodname="ReportDoubleValue" classname="Dynatrace.OpenKit.Core.ActionTest" runstate="Runnable" seed="905267573" result="Passed" start-time="2018-05-11 10:27:02Z" end-time="2018-05-11 10:27:02Z" duration="0.006224" asserts="2" />
            <test-case id="4-1113" name="ReportDoubleValueDoesNothingIfActionIsLeft" fullname="Dynatrace.OpenKit.Core.ActionTest.ReportDoubleValueDoesNothingIfActionIsLeft" methodname="ReportDoubleValueDoesNothingIfActionIsLeft" classname="Dynatrace.OpenKit.Core.ActionTest" runstate="Runnable" seed="2137286195" result="Passed" start-time="2018-05-11 10:27:02Z" end-time="2018-05-11 10:27:02Z" duration="0.003372" asserts="2" />
            <test-case id="4-1115" name="ReportDoubleValueDoesNothingIfValueNameIsAnEmptyString" fullname="Dynatrace.OpenKit.Core.ActionTest.ReportDoubleValueDoesNothingIfValueNameIsAnEmptyString" methodname="ReportDoubleValueDoesNothingIfValueNameIsAnEmptyString" classname="Dynatrace.OpenKit.Core.ActionTest" runstate="Runnable" seed="2084617965" result="Passed" start-time="2018-05-11 10:27:02Z" end-time="2018-05-11 10:27:02Z" duration="0.013608" asserts="2" />
            <test-case id="4-1114" name="ReportDoubleValueDoesNothingIfValueNameIsNull" fullname="Dynatrace.OpenKit.Core.ActionTest.ReportDoubleValueDoesNothingIfValueNameIsNull" methodname="ReportDoubleValueDoesNothingIfValueNameIsNull" classname="Dynatrace.OpenKit.Core.ActionTest" runstate="Runnable" seed="1962534823" result="Passed" start-time="2018-05-11 10:27:02Z" end-time="2018-05-11 10:27:02Z" duration="0.001119" asserts="2" />
            <test-case id="4-1121" name="ReportError" fullname="Dynatrace.OpenKit.Core.ActionTest.ReportError" methodname="ReportError" classname="Dynatrace.OpenKit.Core.ActionTest" runstate="Runnable" seed="1081314016" result="Passed" start-time="2018-05-11 10:27:02Z" end-time="2018-05-11 10:27:02Z" duration="0.005120" asserts="2" />
            <test-case id="4-1125" name="ReportErrorAcceptsNullReason" fullname="Dynatrace.OpenKit.Core.ActionTest.ReportErrorAcceptsNullReason" methodname="ReportErrorAcceptsNullReason" classname="Dynatrace.OpenKit.Core.ActionTest" runstate="Runnable" seed="1896331123" result="Passed" start-time="2018-05-11 10:27:02Z" end-time="2018-05-11 10:27:02Z" duration="0.001148" asserts="2" />
            <test-case id="4-1122" name="ReportErrorDoesNothingIfActionIsLeft" fullname="Dynatrace.OpenKit.Core.ActionTest.ReportErrorDoesNothingIfActionIsLeft" methodname="ReportErrorDoesNothingIfActionIsLeft" classname="Dynatrace.OpenKit.Core.ActionTest" runstate="Runnable" seed="1417846961" result="Passed" start-time="2018-05-11 10:27:02Z" end-time="2018-05-11 10:27:02Z" duration="0.001170" asserts="2" />
            <test-case id="4-1124" name="ReportErrorDoesNothingIfErrorNameIsAnEmptyString" fullname="Dynatrace.OpenKit.Core.ActionTest.ReportErrorDoesNothingIfErrorNameIsAnEmptyString" methodname="ReportErrorDoesNothingIfErrorNameIsAnEmptyString" classname="Dynatrace.OpenKit.Core.ActionTest" runstate="Runnable" seed="1602623161" result="Passed" start-time="2018-05-11 10:27:02Z" end-time="2018-05-11 10:27:02Z" duration="0.000865" asserts="2" />
            <test-case id="4-1123" name="ReportErrorDoesNothingIfErrorNameIsNull" fullname="Dynatrace.OpenKit.Core.ActionTest.ReportErrorDoesNothingIfErrorNameIsNull" methodname="ReportErrorDoesNothingIfErrorNameIsNull" classname="Dynatrace.OpenKit.Core.ActionTest" runstate="Runnable" seed="1076025318" result="Passed" start-time="2018-05-11 10:27:02Z" end-time="2018-05-11 10:27:02Z" duration="0.000696" asserts="2" />
            <test-case id="4-1104" name="ReportEvent" fullname="Dynatrace.OpenKit.Core.ActionTest.ReportEvent" methodname="ReportEvent" classname="Dynatrace.OpenKit.Core.ActionTest" runstate="Runnable" seed="382776905" result="Passed" start-time="2018-05-11 10:27:02Z" end-time="2018-05-11 10:27:02Z" duration="0.009200" asserts="2" />
            <test-case id="4-1105" name="ReportEventDoesNothingIfActionIsLeft" fullname="Dynatrace.OpenKit.Core.ActionTest.ReportEventDoesNothingIfActionIsLeft" methodname="ReportEventDoesNothingIfActionIsLeft" classname="Dynatrace.OpenKit.Core.ActionTest" runstate="Runnable" seed="1607296106" result="Passed" start-time="2018-05-11 10:27:02Z" end-time="2018-05-11 10:27:02Z" duration="0.000964" asserts="2" />
            <test-case id="4-1107" name="ReportEventDoesNothingIfEventNameIsAnEmptyString" fullname="Dynatrace.OpenKit.Core.ActionTest.ReportEventDoesNothingIfEventNameIsAnEmptyString" methodname="ReportEventDoesNothingIfEventNameIsAnEmptyString" classname="Dynatrace.OpenKit.Core.ActionTest" runstate="Runnable" seed="1068688097" result="Passed" start-time="2018-05-11 10:27:02Z" end-time="2018-05-11 10:27:02Z" duration="0.000995" asserts="2" />
            <test-case id="4-1106" name="ReportEventDoesNothingIfEventNameIsNull" fullname="Dynatrace.OpenKit.Core.ActionTest.ReportEventDoesNothingIfEventNameIsNull" methodname="ReportEventDoesNothingIfEventNameIsNull" classname="Dynatrace.OpenKit.Core.ActionTest" runstate="Runnable" seed="88548467" result="Passed" start-time="2018-05-11 10:27:02Z" end-time="2018-05-11 10:27:02Z" duration="0.000982" asserts="2" />
            <test-case id="4-1108" name="ReportIntValue" fullname="Dynatrace.OpenKit.Core.ActionTest.ReportIntValue" methodname="ReportIntValue" classname="Dynatrace.OpenKit.Core.ActionTest" runstate="Runnable" seed="463144074" result="Passed" start-time="2018-05-11 10:27:02Z" end-time="2018-05-11 10:27:02Z" duration="0.002321" asserts="2" />
            <test-case id="4-1109" name="ReportIntValueDoesNothingIfActionIsLeft" fullname="Dynatrace.OpenKit.Core.ActionTest.ReportIntValueDoesNothingIfActionIsLeft" methodname="ReportIntValueDoesNothingIfActionIsLeft" classname="Dynatrace.OpenKit.Core.ActionTest" runstate="Runnable" seed="1319627753" result="Passed" start-time="2018-05-11 10:27:02Z" end-time="2018-05-11 10:27:02Z" duration="0.001166" asserts="2" />
            <test-case id="4-1111" name="ReportIntValueDoesNothingIfValueNameIsAnEmptyString" fullname="Dynatrace.OpenKit.Core.ActionTest.ReportIntValueDoesNothingIfValueNameIsAnEmptyString" methodname="ReportIntValueDoesNothingIfValueNameIsAnEmptyString" classname="Dynatrace.OpenKit.Core.ActionTest" runstate="Runnable" seed="929634681" result="Passed" start-time="2018-05-11 10:27:02Z" end-time="2018-05-11 10:27:02Z" duration="0.000986" asserts="2" />
            <test-case id="4-1110" name="ReportIntValueDoesNothingIfValueNameIsNull" fullname="Dynatrace.OpenKit.Core.ActionTest.ReportIntValueDoesNothingIfValueNameIsNull" methodname="ReportIntValueDoesNothingIfValueNameIsNull" classname="Dynatrace.OpenKit.Core.ActionTest" runstate="Runnable" seed="837685857" result="Passed" start-time="2018-05-11 10:27:02Z" end-time="2018-05-11 10:27:02Z" duration="0.005270" asserts="2" />
            <test-case id="4-1116" name="ReportStringValue" fullname="Dynatrace.OpenKit.Core.ActionTest.ReportStringValue" methodname="ReportStringValue" classname="Dynatrace.OpenKit.Core.ActionTest" runstate="Runnable" seed="773668970" result="Passed" start-time="2018-05-11 10:27:02Z" end-time="2018-05-11 10:27:02Z" duration="0.002340" asserts="2" />
            <test-case id="4-1117" name="ReportStringValueDoesNothingIfActionIsLeft" fullname="Dynatrace.OpenKit.Core.ActionTest.ReportStringValueDoesNothingIfActionIsLeft" methodname="ReportStringValueDoesNothingIfActionIsLeft" classname="Dynatrace.OpenKit.Core.ActionTest" runstate="Runnable" seed="1889065242" result="Passed" start-time="2018-05-11 10:27:02Z" end-time="2018-05-11 10:27:02Z" duration="0.001148" asserts="2" />
            <test-case id="4-1119" name="ReportStringValueDoesNothingIfValueNameIsAnEmptyString" fullname="Dynatrace.OpenKit.Core.ActionTest.ReportStringValueDoesNothingIfValueNameIsAnEmptyString" methodname="ReportStringValueDoesNothingIfValueNameIsAnEmptyString" classname="Dynatrace.OpenKit.Core.ActionTest" runstate="Runnable" seed="130412785" result="Passed" start-time="2018-05-11 10:27:02Z" end-time="2018-05-11 10:27:02Z" duration="0.000991" asserts="2" />
            <test-case id="4-1118" name="ReportStringValueDoesNothingIfValueNameIsNull" fullname="Dynatrace.OpenKit.Core.ActionTest.ReportStringValueDoesNothingIfValueNameIsNull" methodname="ReportStringValueDoesNothingIfValueNameIsNull" classname="Dynatrace.OpenKit.Core.ActionTest" runstate="Runnable" seed="64562424" result="Passed" start-time="2018-05-11 10:27:02Z" end-time="2018-05-11 10:27:02Z" duration="0.001006" asserts="2" />
            <test-case id="4-1120" name="ReportStringValueWithValueBeingNullWorks" fullname="Dynatrace.OpenKit.Core.ActionTest.ReportStringValueWithValueBeingNullWorks" methodname="ReportStringValueWithValueBeingNullWorks" classname="Dynatrace.OpenKit.Core.ActionTest" runstate="Runnable" seed="240926927" result="Passed" start-time="2018-05-11 10:27:02Z" end-time="2018-05-11 10:27:02Z" duration="0.000987" asserts="2" />
            <test-case id="4-1099" name="StartSequenceNumberIsSetInConstructor" fullname="Dynatrace.OpenKit.Core.ActionTest.StartSequenceNumberIsSetInConstructor" methodname="StartSequenceNumberIsSetInConstructor" classname="Dynatrace.OpenKit.Core.ActionTest" runstate="Runnable" seed="758457052" result="Passed" start-time="2018-05-11 10:27:02Z" end-time="2018-05-11 10:27:02Z" duration="0.001010" asserts="1" />
            <test-case id="4-1097" name="StartTimeIsSetInConstructor" fullname="Dynatrace.OpenKit.Core.ActionTest.StartTimeIsSetInConstructor" methodname="StartTimeIsSetInConstructor" classname="Dynatrace.OpenKit.Core.ActionTest" runstate="Runnable" seed="1101030507" result="Passed" start-time="2018-05-11 10:27:02Z" end-time="2018-05-11 10:27:02Z" duration="0.001319" asserts="1" />
            <test-case id="4-1127" name="TraceWebRequestGivesNullWebRequestTracerIfActionIsAlreadyLeft" fullname="Dynatrace.OpenKit.Core.ActionTest.TraceWebRequestGivesNullWebRequestTracerIfActionIsAlreadyLeft" methodname="TraceWebRequestGivesNullWebRequestTracerIfActionIsAlreadyLeft" classname="Dynatrace.OpenKit.Core.ActionTest" runstate="Runnable" seed="1680724951" result="Passed" start-time="2018-05-11 10:27:02Z" end-time="2018-05-11 10:27:03Z" duration="0.021080" asserts="1" />
            <test-case id="4-1130" name="TraceWebRequestGivesNullWebRequestTracerIfUrlHasAnInvalidScheme" fullname="Dynatrace.OpenKit.Core.ActionTest.TraceWebRequestGivesNullWebRequestTracerIfUrlHasAnInvalidScheme" methodname="TraceWebRequestGivesNullWebRequestTracerIfUrlHasAnInvalidScheme" classname="Dynatrace.OpenKit.Core.ActionTest" runstate="Runnable" seed="632954573" result="Passed" start-time="2018-05-11 10:27:03Z" end-time="2018-05-11 10:27:03Z" duration="0.001224" asserts="2" />
            <test-case id="4-1129" name="TraceWebRequestGivesNullWebRequestTracerIfUrlIsAnEmptyString" fullname="Dynatrace.OpenKit.Core.ActionTest.TraceWebRequestGivesNullWebRequestTracerIfUrlIsAnEmptyString" methodname="TraceWebRequestGivesNullWebRequestTracerIfUrlIsAnEmptyString" classname="Dynatrace.OpenKit.Core.ActionTest" runstate="Runnable" seed="875697130" result="Passed" start-time="2018-05-11 10:27:03Z" end-time="2018-05-11 10:27:03Z" duration="0.001078" asserts="2" />
            <test-case id="4-1128" name="TraceWebRequestGivesNullWebRequestTracerIfUrlIsNull" fullname="Dynatrace.OpenKit.Core.ActionTest.TraceWebRequestGivesNullWebRequestTracerIfUrlIsNull" methodname="TraceWebRequestGivesNullWebRequestTracerIfUrlIsNull" classname="Dynatrace.OpenKit.Core.ActionTest" runstate="Runnable" seed="129147677" result="Passed" start-time="2018-05-11 10:27:03Z" end-time="2018-05-11 10:27:03Z" duration="0.001160" asserts="2" />
            <test-case id="4-1126" name="TraceWebRequestGivesValidWebRequestTracer" fullname="Dynatrace.OpenKit.Core.ActionTest.TraceWebRequestGivesValidWebRequestTracer" methodname="TraceWebRequestGivesValidWebRequestTracer" classname="Dynatrace.OpenKit.Core.ActionTest" runstate="Runnable" seed="684620346" result="Passed" start-time="2018-05-11 10:27:03Z" end-time="2018-05-11 10:27:03Z" duration="0.004371" asserts="2" />
          </test-suite>
          <test-suite type="TestFixture" id="4-1138" name="BeaconSenderTest" fullname="Dynatrace.OpenKit.Core.BeaconSenderTest" classname="Dynatrace.OpenKit.Core.BeaconSenderTest" runstate="Runnable" testcasecount="1" result="Passed" start-time="2018-05-11 10:27:03Z" end-time="2018-05-11 10:27:03Z" duration="0.046508" total="1" passed="1" failed="0" warnings="0" inconclusive="0" skipped="0" asserts="2">
            <test-case id="4-1139" name="IsInitializedGetsValueFromContext" fullname="Dynatrace.OpenKit.Core.BeaconSenderTest.IsInitializedGetsValueFromContext" methodname="IsInitializedGetsValueFromContext" classname="Dynatrace.OpenKit.Core.BeaconSenderTest" runstate="Runnable" seed="537844700" result="Passed" start-time="2018-05-11 10:27:03Z" end-time="2018-05-11 10:27:03Z" duration="0.046226" asserts="2" />
          </test-suite>
          <test-suite type="TestSuite" id="4-1426" name="Caching" fullname="Dynatrace.OpenKit.Core.Caching" runstate="Runnable" testcasecount="106" result="Passed" start-time="2018-05-11 10:27:02Z" end-time="2018-05-11 10:27:03Z" duration="1.117732" total="106" passed="106" failed="0" warnings="0" inconclusive="0" skipped="0" asserts="225">
            <test-suite type="TestFixture" id="4-1305" name="BeaconCacheEntryTest" fullname="Dynatrace.OpenKit.Core.Caching.BeaconCacheEntryTest" classname="Dynatrace.OpenKit.Core.Caching.BeaconCacheEntryTest" runstate="Runnable" testcasecount="27" result="Passed" start-time="2018-05-11 10:27:03Z" end-time="2018-05-11 10:27:03Z" duration="0.045940" total="27" passed="27" failed="0" warnings="0" inconclusive="0" skipped="0" asserts="103">
              <test-case id="4-1307" name="AddingActionData" fullname="Dynatrace.OpenKit.Core.Caching.BeaconCacheEntryTest.AddingActionData" methodname="AddingActionData" classname="Dynatrace.OpenKit.Core.Caching.BeaconCacheEntryTest" runstate="Runnable" seed="1358435179" result="Passed" start-time="2018-05-11 10:27:03Z" end-time="2018-05-11 10:27:03Z" duration="0.010151" asserts="8" />
              <test-case id="4-1308" name="AddingEventData" fullname="Dynatrace.OpenKit.Core.Caching.BeaconCacheEntryTest.AddingEventData" methodname="AddingEventData" classname="Dynatrace.OpenKit.Core.Caching.BeaconCacheEntryTest" runstate="Runnable" seed="1294190554" result="Passed" start-time="2018-05-11 10:27:03Z" end-time="2018-05-11 10:27:03Z" duration="0.000813" asserts="8" />
              <test-case id="4-1306" name="ADefaultConstructedInstanceHasNoData" fullname="Dynatrace.OpenKit.Core.Caching.BeaconCacheEntryTest.ADefaultConstructedInstanceHasNoData" methodname="ADefaultConstructedInstanceHasNoData" classname="Dynatrace.OpenKit.Core.Caching.BeaconCacheEntryTest" runstate="Runnable" seed="245512291" result="Passed" start-time="2018-05-11 10:27:03Z" end-time="2018-05-11 10:27:03Z" duration="0.000402" asserts="4" />
              <test-case id="4-1309" name="CopyDataForChunkingMovesData" fullname="Dynatrace.OpenKit.Core.Caching.BeaconCacheEntryTest.CopyDataForChunkingMovesData" methodname="CopyDataForChunkingMovesData" classname="Dynatrace.OpenKit.Core.Caching.BeaconCacheEntryTest" runstate="Runnable" seed="345127307" result="Passed" start-time="2018-05-11 10:27:03Z" end-time="2018-05-11 10:27:03Z" duration="0.001337" asserts="4" />
              <test-case id="4-1315" name="GetChunkGetsAlreadyMarkedData" fullname="Dynatrace.OpenKit.Core.Caching.BeaconCacheEntryTest.GetChunkGetsAlreadyMarkedData" methodname="GetChunkGetsAlreadyMarkedData" classname="Dynatrace.OpenKit.Core.Caching.BeaconCacheEntryTest" runstate="Runnable" seed="1652488259" result="Passed" start-time="2018-05-11 10:27:03Z" end-time="2018-05-11 10:27:03Z" duration="0.005492" asserts="10" />
              <test-case id="4-1314" name="GetChunkGetsChunksFromEventDataBeforeActionData" fullname="Dynatrace.OpenKit.Core.Caching.BeaconCacheEntryTest.GetChunkGetsChunksFromEventDataBeforeActionData" methodname="GetChunkGetsChunksFromEventDataBeforeActionData" classname="Dynatrace.OpenKit.Core.Caching.BeaconCacheEntryTest" runstate="Runnable" seed="2097700216" result="Passed" start-time="2018-05-11 10:27:03Z" end-time="2018-05-11 10:27:03Z" duration="0.003156" asserts="5" />
              <test-case id="4-1313" name="GetChunkMarksRetrievedData" fullname="Dynatrace.OpenKit.Core.Caching.BeaconCacheEntryTest.GetChunkMarksRetrievedData" methodname="GetChunkMarksRetrievedData" classname="Dynatrace.OpenKit.Core.Caching.BeaconCacheEntryTest" runstate="Runnable" seed="1588238101" result="Passed" start-time="2018-05-11 10:27:03Z" end-time="2018-05-11 10:27:03Z" duration="0.000942" asserts="5" />
              <test-case id="4-1316" name="GetChunksTakesSizeIntoAccount" fullname="Dynatrace.OpenKit.Core.Caching.BeaconCacheEntryTest.GetChunksTakesSizeIntoAccount" methodname="GetChunksTakesSizeIntoAccount" classname="Dynatrace.OpenKit.Core.Caching.BeaconCacheEntryTest" runstate="Runnable" seed="1210307046" result="Passed" start-time="2018-05-11 10:27:03Z" end-time="2018-05-11 10:27:03Z" duration="0.000692" asserts="3" />
              <test-case id="4-1321" name="GetTotalNumberOfBytesCountsAddedRecordBytes" fullname="Dynatrace.OpenKit.Core.Caching.BeaconCacheEntryTest.GetTotalNumberOfBytesCountsAddedRecordBytes" methodname="GetTotalNumberOfBytesCountsAddedRecordBytes" classname="Dynatrace.OpenKit.Core.Caching.BeaconCacheEntryTest" runstate="Runnable" seed="1311376950" result="Passed" start-time="2018-05-11 10:27:03Z" end-time="2018-05-11 10:27:03Z" duration="0.000871" asserts="5" />
              <test-case id="4-1311" name="NeedsDataCopyBeforeChunkingGivesFalseAfterDataHasBeenCopied" fullname="Dynatrace.OpenKit.Core.Caching.BeaconCacheEntryTest.NeedsDataCopyBeforeChunkingGivesFalseAfterDataHasBeenCopied" methodname="NeedsDataCopyBeforeChunkingGivesFalseAfterDataHasBeenCopied" classname="Dynatrace.OpenKit.Core.Caching.BeaconCacheEntryTest" runstate="Runnable" seed="1022393843" result="Passed" start-time="2018-05-11 10:27:03Z" end-time="2018-05-11 10:27:03Z" duration="0.000823" asserts="1" />
              <test-case id="4-1312" name="NeedsDataCopyBeforeChunkingGivesFalseEvenIfListsAreEmpty" fullname="Dynatrace.OpenKit.Core.Caching.BeaconCacheEntryTest.NeedsDataCopyBeforeChunkingGivesFalseEvenIfListsAreEmpty" methodname="NeedsDataCopyBeforeChunkingGivesFalseEvenIfListsAreEmpty" classname="Dynatrace.OpenKit.Core.Caching.BeaconCacheEntryTest" runstate="Runnable" seed="1206473025" result="Passed" start-time="2018-05-11 10:27:03Z" end-time="2018-05-11 10:27:03Z" duration="0.000272" asserts="1" />
              <test-case id="4-1310" name="NeedsDataCopyBeforeChunkingGivesTrueBeforeDataIsCopied" fullname="Dynatrace.OpenKit.Core.Caching.BeaconCacheEntryTest.NeedsDataCopyBeforeChunkingGivesTrueBeforeDataIsCopied" methodname="NeedsDataCopyBeforeChunkingGivesTrueBeforeDataIsCopied" classname="Dynatrace.OpenKit.Core.Caching.BeaconCacheEntryTest" runstate="Runnable" seed="484990349" result="Passed" start-time="2018-05-11 10:27:03Z" end-time="2018-05-11 10:27:03Z" duration="0.000454" asserts="1" />
              <test-case id="4-1317" name="RemoveDataMarkedForSendingReturnsIfDataHasNotBeenCopied" fullname="Dynatrace.OpenKit.Core.Caching.BeaconCacheEntryTest.RemoveDataMarkedForSendingReturnsIfDataHasNotBeenCopied" methodname="RemoveDataMarkedForSendingReturnsIfDataHasNotBeenCopied" classname="Dynatrace.OpenKit.Core.Caching.BeaconCacheEntryTest" runstate="Runnable" seed="939035028" result="Passed" start-time="2018-05-11 10:27:03Z" end-time="2018-05-11 10:27:03Z" duration="0.000720" asserts="4" />
              <test-case id="4-1328" name="RemoveOldestRecordsComparesTopActionAndEventDataAndRemovesOldest" fullname="Dynatrace.OpenKit.Core.Caching.BeaconCacheEntryTest.RemoveOldestRecordsComparesTopActionAndEventDataAndRemovesOldest" methodname="RemoveOldestRecordsComparesTopActionAndEventDataAndRemovesOldest" classname="Dynatrace.OpenKit.Core.Caching.BeaconCacheEntryTest" runstate="Runnable" seed="1584572282" result="Passed" start-time="2018-05-11 10:27:03Z" end-time="2018-05-11 10:27:03Z" duration="0.003728" asserts="6" />
              <test-case id="4-1332" name="RemoveOldestRecordsDoesNotRemoveAnythingFromEventAndActionsBeingSent" fullname="Dynatrace.OpenKit.Core.Caching.BeaconCacheEntryTest.RemoveOldestRecordsDoesNotRemoveAnythingFromEventAndActionsBeingSent" methodname="RemoveOldestRecordsDoesNotRemoveAnythingFromEventAndActionsBeingSent" classname="Dynatrace.OpenKit.Core.Caching.BeaconCacheEntryTest" runstate="Runnable" seed="1142435454" result="Passed" start-time="2018-05-11 10:27:03Z" end-time="2018-05-11 10:27:03Z" duration="0.000793" asserts="3" />
              <test-case id="4-1326" name="RemoveOldestRecordsRemovesActionDataIfEventDataIsEmpty" fullname="Dynatrace.OpenKit.Core.Caching.BeaconCacheEntryTest.RemoveOldestRecordsRemovesActionDataIfEventDataIsEmpty" methodname="RemoveOldestRecordsRemovesActionDataIfEventDataIsEmpty" classname="Dynatrace.OpenKit.Core.Caching.BeaconCacheEntryTest" runstate="Runnable" seed="994345160" result="Passed" start-time="2018-05-11 10:27:03Z" end-time="2018-05-11 10:27:03Z" duration="0.000639" asserts="2" />
              <test-case id="4-1327" name="RemoveOldestRecordsRemovesEventDataIfActionDataIsEmpty" fullname="Dynatrace.OpenKit.Core.Caching.BeaconCacheEntryTest.RemoveOldestRecordsRemovesEventDataIfActionDataIsEmpty" methodname="RemoveOldestRecordsRemovesEventDataIfActionDataIsEmpty" classname="Dynatrace.OpenKit.Core.Caching.BeaconCacheEntryTest" runstate="Runnable" seed="919759920" result="Passed" start-time="2018-05-11 10:27:03Z" end-time="2018-05-11 10:27:03Z" duration="0.000694" asserts="2" />
              <test-case id="4-1329" name="RemoveOldestRecordsRemovesEventDataIfTopEventDataAndActionDataHaveSameTimestamp" fullname="Dynatrace.OpenKit.Core.Caching.BeaconCacheEntryTest.RemoveOldestRecordsRemovesEventDataIfTopEventDataAndActionDataHaveSameTimestamp" methodname="RemoveOldestRecordsRemovesEventDataIfTopEventDataAndActionDataHaveSameTimestamp" classname="Dynatrace.OpenKit.Core.Caching.BeaconCacheEntryTest" runstate="Runnable" seed="1372959230" result="Passed" start-time="2018-05-11 10:27:03Z" end-time="2018-05-11 10:27:03Z" duration="0.000887" asserts="3" />
              <test-case id="4-1325" name="RemoveOldestRecordsRemovesNothingIfEntryIsEmpty" fullname="Dynatrace.OpenKit.Core.Caching.BeaconCacheEntryTest.RemoveOldestRecordsRemovesNothingIfEntryIsEmpty" methodname="RemoveOldestRecordsRemovesNothingIfEntryIsEmpty" classname="Dynatrace.OpenKit.Core.Caching.BeaconCacheEntryTest" runstate="Runnable" seed="1510413358" result="Passed" start-time="2018-05-11 10:27:03Z" end-time="2018-05-11 10:27:03Z" duration="0.000295" asserts="1" />
              <test-case id="4-1330" name="RemoveOldestRecordsStopsIfListsAreEmpty" fullname="Dynatrace.OpenKit.Core.Caching.BeaconCacheEntryTest.RemoveOldestRecordsStopsIfListsAreEmpty" methodname="RemoveOldestRecordsStopsIfListsAreEmpty" classname="Dynatrace.OpenKit.Core.Caching.BeaconCacheEntryTest" runstate="Runnable" seed="1481013681" result="Passed" start-time="2018-05-11 10:27:03Z" end-time="2018-05-11 10:27:03Z" duration="0.000624" asserts="3" />
              <test-case id="4-1331" name="RemoveRecordsOlderThanDoesNotRemoveAnythingFromEventAndActionsBeingSent" fullname="Dynatrace.OpenKit.Core.Caching.BeaconCacheEntryTest.RemoveRecordsOlderThanDoesNotRemoveAnythingFromEventAndActionsBeingSent" methodname="RemoveRecordsOlderThanDoesNotRemoveAnythingFromEventAndActionsBeingSent" classname="Dynatrace.OpenKit.Core.Caching.BeaconCacheEntryTest" runstate="Runnable" seed="1213302557" result="Passed" start-time="2018-05-11 10:27:03Z" end-time="2018-05-11 10:27:03Z" duration="0.002391" asserts="3" />
              <test-case id="4-1322" name="RemoveRecordsOlderThanRemovesNothingIfNoActionOrEventDataExists" fullname="Dynatrace.OpenKit.Core.Caching.BeaconCacheEntryTest.RemoveRecordsOlderThanRemovesNothingIfNoActionOrEventDataExists" methodname="RemoveRecordsOlderThanRemovesNothingIfNoActionOrEventDataExists" classname="Dynatrace.OpenKit.Core.Caching.BeaconCacheEntryTest" runstate="Runnable" seed="1973447016" result="Passed" start-time="2018-05-11 10:27:03Z" end-time="2018-05-11 10:27:03Z" duration="0.000307" asserts="1" />
              <test-case id="4-1323" name="RemoveRecordsOlderThanRemovesRecordsFromActionData" fullname="Dynatrace.OpenKit.Core.Caching.BeaconCacheEntryTest.RemoveRecordsOlderThanRemovesRecordsFromActionData" methodname="RemoveRecordsOlderThanRemovesRecordsFromActionData" classname="Dynatrace.OpenKit.Core.Caching.BeaconCacheEntryTest" runstate="Runnable" seed="2060693102" result="Passed" start-time="2018-05-11 10:27:03Z" end-time="2018-05-11 10:27:03Z" duration="0.002623" asserts="2" />
              <test-case id="4-1324" name="RemoveRecordsOlderThanRemovesRecordsFromEventData" fullname="Dynatrace.OpenKit.Core.Caching.BeaconCacheEntryTest.RemoveRecordsOlderThanRemovesRecordsFromEventData" methodname="RemoveRecordsOlderThanRemovesRecordsFromEventData" classname="Dynatrace.OpenKit.Core.Caching.BeaconCacheEntryTest" runstate="Runnable" seed="673169327" result="Passed" start-time="2018-05-11 10:27:03Z" end-time="2018-05-11 10:27:03Z" duration="0.000687" asserts="2" />
              <test-case id="4-1319" name="ResetDataMarkedForSendingMovesPreviouslyCopiedDataBack" fullname="Dynatrace.OpenKit.Core.Caching.BeaconCacheEntryTest.ResetDataMarkedForSendingMovesPreviouslyCopiedDataBack" methodname="ResetDataMarkedForSendingMovesPreviouslyCopiedDataBack" classname="Dynatrace.OpenKit.Core.Caching.BeaconCacheEntryTest" runstate="Runnable" seed="541732066" result="Passed" start-time="2018-05-11 10:27:03Z" end-time="2018-05-11 10:27:03Z" duration="0.003369" asserts="4" />
              <test-case id="4-1320" name="ResetDataMarkedForSendingResetsMarkedForSendingFlag" fullname="Dynatrace.OpenKit.Core.Caching.BeaconCacheEntryTest.ResetDataMarkedForSendingResetsMarkedForSendingFlag" methodname="ResetDataMarkedForSendingResetsMarkedForSendingFlag" classname="Dynatrace.OpenKit.Core.Caching.BeaconCacheEntryTest" runstate="Runnable" seed="955823424" result="Passed" start-time="2018-05-11 10:27:03Z" end-time="2018-05-11 10:27:03Z" duration="0.000951" asserts="8" />
              <test-case id="4-1318" name="resetDataMarkedForSendingReturnsIfDataHasNotBeenCopied" fullname="Dynatrace.OpenKit.Core.Caching.BeaconCacheEntryTest.resetDataMarkedForSendingReturnsIfDataHasNotBeenCopied" methodname="resetDataMarkedForSendingReturnsIfDataHasNotBeenCopied" classname="Dynatrace.OpenKit.Core.Caching.BeaconCacheEntryTest" runstate="Runnable" seed="782094423" result="Passed" start-time="2018-05-11 10:27:03Z" end-time="2018-05-11 10:27:03Z" duration="0.000769" asserts="4" />
            </test-suite>
            <test-suite type="TestFixture" id="4-1333" name="BeaconCacheEvictorTest" fullname="Dynatrace.OpenKit.Core.Caching.BeaconCacheEvictorTest" classname="Dynatrace.OpenKit.Core.Caching.BeaconCacheEvictorTest" runstate="Runnable" testcasecount="6" result="Passed" start-time="2018-05-11 10:27:03Z" end-time="2018-05-11 10:27:03Z" duration="0.080764" total="6" passed="6" failed="0" warnings="0" inconclusive="0" skipped="0" asserts="11">
              <test-case id="4-1334" name="ADefaultConstructedBeaconCacheEvictorIsNotAlive" fullname="Dynatrace.OpenKit.Core.Caching.BeaconCacheEvictorTest.ADefaultConstructedBeaconCacheEvictorIsNotAlive" methodname="ADefaultConstructedBeaconCacheEvictorIsNotAlive" classname="Dynatrace.OpenKit.Core.Caching.BeaconCacheEvictorTest" runstate="Runnable" seed="934047955" result="Passed" start-time="2018-05-11 10:27:03Z" end-time="2018-05-11 10:27:03Z" duration="0.051333" asserts="1" />
              <test-case id="4-1335" name="AfterStartingABeaconCacheEvictorItIsAlive" fullname="Dynatrace.OpenKit.Core.Caching.BeaconCacheEvictorTest.AfterStartingABeaconCacheEvictorItIsAlive" methodname="AfterStartingABeaconCacheEvictorItIsAlive" classname="Dynatrace.OpenKit.Core.Caching.BeaconCacheEvictorTest" runstate="Runnable" seed="590501539" result="Passed" start-time="2018-05-11 10:27:03Z" end-time="2018-05-11 10:27:03Z" duration="0.007416" asserts="2" />
              <test-case id="4-1336" name="StartingAnAlreadyAliveBeaconCacheEvictorDoesNothing" fullname="Dynatrace.OpenKit.Core.Caching.BeaconCacheEvictorTest.StartingAnAlreadyAliveBeaconCacheEvictorDoesNothing" methodname="StartingAnAlreadyAliveBeaconCacheEvictorDoesNothing" classname="Dynatrace.OpenKit.Core.Caching.BeaconCacheEvictorTest" runstate="Runnable" seed="1674001063" result="Passed" start-time="2018-05-11 10:27:03Z" end-time="2018-05-11 10:27:03Z" duration="0.005132" asserts="2" />
              <test-case id="4-1337" name="StoppingABeaconCacheEvictorWhichIsNotAliveDoesNothing" fullname="Dynatrace.OpenKit.Core.Caching.BeaconCacheEvictorTest.StoppingABeaconCacheEvictorWhichIsNotAliveDoesNothing" methodname="StoppingABeaconCacheEvictorWhichIsNotAliveDoesNothing" classname="Dynatrace.OpenKit.Core.Caching.BeaconCacheEvictorTest" runstate="Runnable" seed="1180070231" result="Passed" start-time="2018-05-11 10:27:03Z" end-time="2018-05-11 10:27:03Z" duration="0.000826" asserts="2" />
              <test-case id="4-1338" name="StoppingAnAliveBeaconCacheEvictor" fullname="Dynatrace.OpenKit.Core.Caching.BeaconCacheEvictorTest.StoppingAnAliveBeaconCacheEvictor" methodname="StoppingAnAliveBeaconCacheEvictor" classname="Dynatrace.OpenKit.Core.Caching.BeaconCacheEvictorTest" runstate="Runnable" seed="185927896" result="Passed" start-time="2018-05-11 10:27:03Z" end-time="2018-05-11 10:27:03Z" duration="0.001092" asserts="2" />
              <test-case id="4-1339" name="TriggeringEvictionStrategiesInThread" fullname="Dynatrace.OpenKit.Core.Caching.BeaconCacheEvictorTest.TriggeringEvictionStrategiesInThread" methodname="TriggeringEvictionStrategiesInThread" classname="Dynatrace.OpenKit.Core.Caching.BeaconCacheEvictorTest" runstate="Runnable" seed="1427401316" result="Passed" start-time="2018-05-11 10:27:03Z" end-time="2018-05-11 10:27:03Z" duration="0.014624" asserts="2" />
            </test-suite>
            <test-suite type="TestFixture" id="4-1340" name="BeaconCacheRecordTest" fullname="Dynatrace.OpenKit.Core.Caching.BeaconCacheRecordTest" classname="Dynatrace.OpenKit.Core.Caching.BeaconCacheRecordTest" runstate="Runnable" testcasecount="14" result="Passed" start-time="2018-05-11 10:27:03Z" end-time="2018-05-11 10:27:03Z" duration="0.007073" total="14" passed="14" failed="0" warnings="0" inconclusive="0" skipped="0" asserts="28">
              <test-case id="4-1347" name="ADifferentTypeIsNotConsideredEqual" fullname="Dynatrace.OpenKit.Core.Caching.BeaconCacheRecordTest.ADifferentTypeIsNotConsideredEqual" methodname="ADifferentTypeIsNotConsideredEqual" classname="Dynatrace.OpenKit.Core.Caching.BeaconCacheRecordTest" runstate="Runnable" seed="1848133418" result="Passed" start-time="2018-05-11 10:27:03Z" end-time="2018-05-11 10:27:03Z" duration="0.001116" asserts="1" />
              <test-case id="4-1341" name="Data" fullname="Dynatrace.OpenKit.Core.Caching.BeaconCacheRecordTest.Data" methodname="Data" classname="Dynatrace.OpenKit.Core.Caching.BeaconCacheRecordTest" runstate="Runnable" seed="1106310022" result="Passed" start-time="2018-05-11 10:27:03Z" end-time="2018-05-11 10:27:03Z" duration="0.000471" asserts="3" />
              <test-case id="4-1343" name="DataSizeInBytes" fullname="Dynatrace.OpenKit.Core.Caching.BeaconCacheRecordTest.DataSizeInBytes" methodname="DataSizeInBytes" classname="Dynatrace.OpenKit.Core.Caching.BeaconCacheRecordTest" runstate="Runnable" seed="2008692420" result="Passed" start-time="2018-05-11 10:27:03Z" end-time="2018-05-11 10:27:03Z" duration="0.000489" asserts="5" />
              <test-case id="4-1344" name="MarkForSending" fullname="Dynatrace.OpenKit.Core.Caching.BeaconCacheRecordTest.MarkForSending" methodname="MarkForSending" classname="Dynatrace.OpenKit.Core.Caching.BeaconCacheRecordTest" runstate="Runnable" seed="265603171" result="Passed" start-time="2018-05-11 10:27:03Z" end-time="2018-05-11 10:27:03Z" duration="0.000262" asserts="3" />
              <test-case id="4-1354" name="NotEqualInstancesHaveDifferentHashCode" fullname="Dynatrace.OpenKit.Core.Caching.BeaconCacheRecordTest.NotEqualInstancesHaveDifferentHashCode" methodname="NotEqualInstancesHaveDifferentHashCode" classname="Dynatrace.OpenKit.Core.Caching.BeaconCacheRecordTest" runstate="Runnable" seed="1429939152" result="Passed" start-time="2018-05-11 10:27:03Z" end-time="2018-05-11 10:27:03Z" duration="0.001815" asserts="3" />
              <test-case id="4-1346" name="NullIsNotEqual" fullname="Dynatrace.OpenKit.Core.Caching.BeaconCacheRecordTest.NullIsNotEqual" methodname="NullIsNotEqual" classname="Dynatrace.OpenKit.Core.Caching.BeaconCacheRecordTest" runstate="Runnable" seed="260900010" result="Passed" start-time="2018-05-11 10:27:03Z" end-time="2018-05-11 10:27:03Z" duration="0.000240" asserts="1" />
              <test-case id="4-1345" name="SameInstancesAreEqual" fullname="Dynatrace.OpenKit.Core.Caching.BeaconCacheRecordTest.SameInstancesAreEqual" methodname="SameInstancesAreEqual" classname="Dynatrace.OpenKit.Core.Caching.BeaconCacheRecordTest" runstate="Runnable" seed="1538070504" result="Passed" start-time="2018-05-11 10:27:03Z" end-time="2018-05-11 10:27:03Z" duration="0.000251" asserts="1" />
              <test-case id="4-1352" name="SameInstancesHaveSameHashCode" fullname="Dynatrace.OpenKit.Core.Caching.BeaconCacheRecordTest.SameInstancesHaveSameHashCode" methodname="SameInstancesHaveSameHashCode" classname="Dynatrace.OpenKit.Core.Caching.BeaconCacheRecordTest" runstate="Runnable" seed="587435998" result="Passed" start-time="2018-05-11 10:27:03Z" end-time="2018-05-11 10:27:03Z" duration="0.000226" asserts="1" />
              <test-case id="4-1342" name="Timestamp" fullname="Dynatrace.OpenKit.Core.Caching.BeaconCacheRecordTest.Timestamp" methodname="Timestamp" classname="Dynatrace.OpenKit.Core.Caching.BeaconCacheRecordTest" runstate="Runnable" seed="1515815710" result="Passed" start-time="2018-05-11 10:27:03Z" end-time="2018-05-11 10:27:03Z" duration="0.000360" asserts="3" />
              <test-case id="4-1353" name="TwoEqualInstancesHaveSameHashCode" fullname="Dynatrace.OpenKit.Core.Caching.BeaconCacheRecordTest.TwoEqualInstancesHaveSameHashCode" methodname="TwoEqualInstancesHaveSameHashCode" classname="Dynatrace.OpenKit.Core.Caching.BeaconCacheRecordTest" runstate="Runnable" seed="1307190721" result="Passed" start-time="2018-05-11 10:27:03Z" end-time="2018-05-11 10:27:03Z" duration="0.000399" asserts="2" />
              <test-case id="4-1348" name="TwoInstancesAreEqualIfFieldsAreEqual" fullname="Dynatrace.OpenKit.Core.Caching.BeaconCacheRecordTest.TwoInstancesAreEqualIfFieldsAreEqual" methodname="TwoInstancesAreEqualIfFieldsAreEqual" classname="Dynatrace.OpenKit.Core.Caching.BeaconCacheRecordTest" runstate="Runnable" seed="887057906" result="Passed" start-time="2018-05-11 10:27:03Z" end-time="2018-05-11 10:27:03Z" duration="0.000315" asserts="2" />
              <test-case id="4-1350" name="TwoInstancesAreNotEqualIfDataDiffers" fullname="Dynatrace.OpenKit.Core.Caching.BeaconCacheRecordTest.TwoInstancesAreNotEqualIfDataDiffers" methodname="TwoInstancesAreNotEqualIfDataDiffers" classname="Dynatrace.OpenKit.Core.Caching.BeaconCacheRecordTest" runstate="Runnable" seed="997452997" result="Passed" start-time="2018-05-11 10:27:03Z" end-time="2018-05-11 10:27:03Z" duration="0.000209" asserts="1" />
              <test-case id="4-1351" name="TwoInstancesAreNotEqualIfMarkedForSendingDiffers" fullname="Dynatrace.OpenKit.Core.Caching.BeaconCacheRecordTest.TwoInstancesAreNotEqualIfMarkedForSendingDiffers" methodname="TwoInstancesAreNotEqualIfMarkedForSendingDiffers" classname="Dynatrace.OpenKit.Core.Caching.BeaconCacheRecordTest" runstate="Runnable" seed="1480496924" result="Passed" start-time="2018-05-11 10:27:03Z" end-time="2018-05-11 10:27:03Z" duration="0.000224" asserts="1" />
              <test-case id="4-1349" name="TwoInstancesAreNotEqualIfTimestampDiffers" fullname="Dynatrace.OpenKit.Core.Caching.BeaconCacheRecordTest.TwoInstancesAreNotEqualIfTimestampDiffers" methodname="TwoInstancesAreNotEqualIfTimestampDiffers" classname="Dynatrace.OpenKit.Core.Caching.BeaconCacheRecordTest" runstate="Runnable" seed="807323142" result="Passed" start-time="2018-05-11 10:27:03Z" end-time="2018-05-11 10:27:03Z" duration="0.000263" asserts="1" />
            </test-suite>
            <test-suite type="TestFixture" id="4-1355" name="BeaconCacheTest" fullname="Dynatrace.OpenKit.Core.Caching.BeaconCacheTest" classname="Dynatrace.OpenKit.Core.Caching.BeaconCacheTest" runstate="Runnable" testcasecount="29" result="Passed" start-time="2018-05-11 10:27:03Z" end-time="2018-05-11 10:27:03Z" duration="0.065603" total="29" passed="29" failed="0" warnings="0" inconclusive="0" skipped="0" asserts="64">
              <test-case id="4-1360" name="AddActionDataAddsBeaconIdToCache" fullname="Dynatrace.OpenKit.Core.Caching.BeaconCacheTest.AddActionDataAddsBeaconIdToCache" methodname="AddActionDataAddsBeaconIdToCache" classname="Dynatrace.OpenKit.Core.Caching.BeaconCacheTest" runstate="Runnable" seed="530084235" result="Passed" start-time="2018-05-11 10:27:03Z" end-time="2018-05-11 10:27:03Z" duration="0.012057" asserts="5" />
              <test-case id="4-1361" name="AddActionDataAddsDataToAlreadyExistingBeaconId" fullname="Dynatrace.OpenKit.Core.Caching.BeaconCacheTest.AddActionDataAddsDataToAlreadyExistingBeaconId" methodname="AddActionDataAddsDataToAlreadyExistingBeaconId" classname="Dynatrace.OpenKit.Core.Caching.BeaconCacheTest" runstate="Runnable" seed="781120688" result="Passed" start-time="2018-05-11 10:27:03Z" end-time="2018-05-11 10:27:03Z" duration="0.000961" asserts="4" />
              <test-case id="4-1362" name="AddActionDataIncreasesCacheSize" fullname="Dynatrace.OpenKit.Core.Caching.BeaconCacheTest.AddActionDataIncreasesCacheSize" methodname="AddActionDataIncreasesCacheSize" classname="Dynatrace.OpenKit.Core.Caching.BeaconCacheTest" runstate="Runnable" seed="909763548" result="Passed" start-time="2018-05-11 10:27:03Z" end-time="2018-05-11 10:27:03Z" duration="0.001564" asserts="1" />
              <test-case id="4-1363" name="AddActionDataRaisesEvent" fullname="Dynatrace.OpenKit.Core.Caching.BeaconCacheTest.AddActionDataRaisesEvent" methodname="AddActionDataRaisesEvent" classname="Dynatrace.OpenKit.Core.Caching.BeaconCacheTest" runstate="Runnable" seed="1567380152" result="Passed" start-time="2018-05-11 10:27:03Z" end-time="2018-05-11 10:27:03Z" duration="0.001464" asserts="2" />
              <test-case id="4-1357" name="AddEventDataAddsBeaconIdToCache" fullname="Dynatrace.OpenKit.Core.Caching.BeaconCacheTest.AddEventDataAddsBeaconIdToCache" methodname="AddEventDataAddsBeaconIdToCache" classname="Dynatrace.OpenKit.Core.Caching.BeaconCacheTest" runstate="Runnable" seed="1321756007" result="Passed" start-time="2018-05-11 10:27:03Z" end-time="2018-05-11 10:27:03Z" duration="0.001748" asserts="5" />
              <test-case id="4-1358" name="AddEventDataAddsDataToAlreadyExistingBeaconId" fullname="Dynatrace.OpenKit.Core.Caching.BeaconCacheTest.AddEventDataAddsDataToAlreadyExistingBeaconId" methodname="AddEventDataAddsDataToAlreadyExistingBeaconId" classname="Dynatrace.OpenKit.Core.Caching.BeaconCacheTest" runstate="Runnable" seed="637196173" result="Passed" start-time="2018-05-11 10:27:03Z" end-time="2018-05-11 10:27:03Z" duration="0.000943" asserts="4" />
              <test-case id="4-1359" name="AddEventDataIncreasesCacheSize" fullname="Dynatrace.OpenKit.Core.Caching.BeaconCacheTest.AddEventDataIncreasesCacheSize" methodname="AddEventDataIncreasesCacheSize" classname="Dynatrace.OpenKit.Core.Caching.BeaconCacheTest" runstate="Runnable" seed="2083581446" result="Passed" start-time="2018-05-11 10:27:03Z" end-time="2018-05-11 10:27:03Z" duration="0.000714" asserts="1" />
              <test-case id="4-1356" name="ADefaultConstructedCacheDoesNotContainBeacons" fullname="Dynatrace.OpenKit.Core.Caching.BeaconCacheTest.ADefaultConstructedCacheDoesNotContainBeacons" methodname="ADefaultConstructedCacheDoesNotContainBeacons" classname="Dynatrace.OpenKit.Core.Caching.BeaconCacheTest" runstate="Runnable" seed="802651852" result="Passed" start-time="2018-05-11 10:27:03Z" end-time="2018-05-11 10:27:03Z" duration="0.001070" asserts="2" />
              <test-case id="4-1367" name="DeleteCacheEntriesDoesNothingIfGivenBeaconIDIsNotInCache" fullname="Dynatrace.OpenKit.Core.Caching.BeaconCacheTest.DeleteCacheEntriesDoesNothingIfGivenBeaconIDIsNotInCache" methodname="DeleteCacheEntriesDoesNothingIfGivenBeaconIDIsNotInCache" classname="Dynatrace.OpenKit.Core.Caching.BeaconCacheTest" runstate="Runnable" seed="966741067" result="Passed" start-time="2018-05-11 10:27:03Z" end-time="2018-05-11 10:27:03Z" duration="0.000933" asserts="3" />
              <test-case id="4-1365" name="DeleteCacheEntryDecrementsCacheSize" fullname="Dynatrace.OpenKit.Core.Caching.BeaconCacheTest.DeleteCacheEntryDecrementsCacheSize" methodname="DeleteCacheEntryDecrementsCacheSize" classname="Dynatrace.OpenKit.Core.Caching.BeaconCacheTest" runstate="Runnable" seed="2024052084" result="Passed" start-time="2018-05-11 10:27:03Z" end-time="2018-05-11 10:27:03Z" duration="0.001694" asserts="1" />
              <test-case id="4-1366" name="DeleteCacheEntryDoesNotRaiseEvent" fullname="Dynatrace.OpenKit.Core.Caching.BeaconCacheTest.DeleteCacheEntryDoesNotRaiseEvent" methodname="DeleteCacheEntryDoesNotRaiseEvent" classname="Dynatrace.OpenKit.Core.Caching.BeaconCacheTest" runstate="Runnable" seed="547610447" result="Passed" start-time="2018-05-11 10:27:03Z" end-time="2018-05-11 10:27:03Z" duration="0.000906" asserts="1" />
              <test-case id="4-1364" name="DeleteCacheEntryRemovesTheGivenBeacon" fullname="Dynatrace.OpenKit.Core.Caching.BeaconCacheTest.DeleteCacheEntryRemovesTheGivenBeacon" methodname="DeleteCacheEntryRemovesTheGivenBeacon" classname="Dynatrace.OpenKit.Core.Caching.BeaconCacheTest" runstate="Runnable" seed="632169244" result="Passed" start-time="2018-05-11 10:27:03Z" end-time="2018-05-11 10:27:03Z" duration="0.001347" asserts="2" />
              <test-case id="4-1379" name="EvictRecordsByAge" fullname="Dynatrace.OpenKit.Core.Caching.BeaconCacheTest.EvictRecordsByAge" methodname="EvictRecordsByAge" classname="Dynatrace.OpenKit.Core.Caching.BeaconCacheTest" runstate="Runnable" seed="1480824673" result="Passed" start-time="2018-05-11 10:27:03Z" end-time="2018-05-11 10:27:03Z" duration="0.001822" asserts="1" />
              <test-case id="4-1378" name="EvictRecordsByAgeDoesNothingAndReturnsZeroIfBeaconIDDoesNotExist" fullname="Dynatrace.OpenKit.Core.Caching.BeaconCacheTest.EvictRecordsByAgeDoesNothingAndReturnsZeroIfBeaconIDDoesNotExist" methodname="EvictRecordsByAgeDoesNothingAndReturnsZeroIfBeaconIDDoesNotExist" classname="Dynatrace.OpenKit.Core.Caching.BeaconCacheTest" runstate="Runnable" seed="762918930" result="Passed" start-time="2018-05-11 10:27:03Z" end-time="2018-05-11 10:27:03Z" duration="0.001920" asserts="1" />
              <test-case id="4-1381" name="EvictRecordsByNumber" fullname="Dynatrace.OpenKit.Core.Caching.BeaconCacheTest.EvictRecordsByNumber" methodname="EvictRecordsByNumber" classname="Dynatrace.OpenKit.Core.Caching.BeaconCacheTest" runstate="Runnable" seed="238054593" result="Passed" start-time="2018-05-11 10:27:03Z" end-time="2018-05-11 10:27:03Z" duration="0.008771" asserts="1" />
              <test-case id="4-1380" name="EvictRecordsByNumberDoesNothingAndReturnsZeroIfBeaconIDDoesNotExist" fullname="Dynatrace.OpenKit.Core.Caching.BeaconCacheTest.EvictRecordsByNumberDoesNothingAndReturnsZeroIfBeaconIDDoesNotExist" methodname="EvictRecordsByNumberDoesNothingAndReturnsZeroIfBeaconIDDoesNotExist" classname="Dynatrace.OpenKit.Core.Caching.BeaconCacheTest" runstate="Runnable" seed="214153774" result="Passed" start-time="2018-05-11 10:27:03Z" end-time="2018-05-11 10:27:03Z" duration="0.000605" asserts="1" />
              <test-case id="4-1369" name="GetNextBeaconChunkCopiesDataForSending" fullname="Dynatrace.OpenKit.Core.Caching.BeaconCacheTest.GetNextBeaconChunkCopiesDataForSending" methodname="GetNextBeaconChunkCopiesDataForSending" classname="Dynatrace.OpenKit.Core.Caching.BeaconCacheTest" runstate="Runnable" seed="1595684151" result="Passed" start-time="2018-05-11 10:27:03Z" end-time="2018-05-11 10:27:03Z" duration="0.003660" asserts="5" />
              <test-case id="4-1370" name="GetNextBeaconChunkDecreasesBeaconCacheSize" fullname="Dynatrace.OpenKit.Core.Caching.BeaconCacheTest.GetNextBeaconChunkDecreasesBeaconCacheSize" methodname="GetNextBeaconChunkDecreasesBeaconCacheSize" classname="Dynatrace.OpenKit.Core.Caching.BeaconCacheTest" runstate="Runnable" seed="1272873476" result="Passed" start-time="2018-05-11 10:27:03Z" end-time="2018-05-11 10:27:03Z" duration="0.000801" asserts="1" />
              <test-case id="4-1371" name="getNextBeaconChunkRetrievesNextChunk" fullname="Dynatrace.OpenKit.Core.Caching.BeaconCacheTest.getNextBeaconChunkRetrievesNextChunk" methodname="getNextBeaconChunkRetrievesNextChunk" classname="Dynatrace.OpenKit.Core.Caching.BeaconCacheTest" runstate="Runnable" seed="1573679179" result="Passed" start-time="2018-05-11 10:27:03Z" end-time="2018-05-11 10:27:03Z" duration="0.001542" asserts="3" />
              <test-case id="4-1368" name="GetNextBeaconChunkReturnsNullIfGivenBeaconIDDoesNotExist" fullname="Dynatrace.OpenKit.Core.Caching.BeaconCacheTest.GetNextBeaconChunkReturnsNullIfGivenBeaconIDDoesNotExist" methodname="GetNextBeaconChunkReturnsNullIfGivenBeaconIDDoesNotExist" classname="Dynatrace.OpenKit.Core.Caching.BeaconCacheTest" runstate="Runnable" seed="453543504" result="Passed" start-time="2018-05-11 10:27:03Z" end-time="2018-05-11 10:27:03Z" duration="0.000806" asserts="1" />
              <test-case id="4-1383" name="IsEmptyGivesFalseIfBeaconDataSizeIsNotEqualToZero" fullname="Dynatrace.OpenKit.Core.Caching.BeaconCacheTest.IsEmptyGivesFalseIfBeaconDataSizeIsNotEqualToZero" methodname="IsEmptyGivesFalseIfBeaconDataSizeIsNotEqualToZero" classname="Dynatrace.OpenKit.Core.Caching.BeaconCacheTest" runstate="Runnable" seed="1058795650" result="Passed" start-time="2018-05-11 10:27:03Z" end-time="2018-05-11 10:27:03Z" duration="0.000578" asserts="1" />
              <test-case id="4-1384" name="IsEmptyGivesTrueIfBeaconDoesNotContainActiveData" fullname="Dynatrace.OpenKit.Core.Caching.BeaconCacheTest.IsEmptyGivesTrueIfBeaconDoesNotContainActiveData" methodname="IsEmptyGivesTrueIfBeaconDoesNotContainActiveData" classname="Dynatrace.OpenKit.Core.Caching.BeaconCacheTest" runstate="Runnable" seed="1554240765" result="Passed" start-time="2018-05-11 10:27:03Z" end-time="2018-05-11 10:27:03Z" duration="0.000812" asserts="1" />
              <test-case id="4-1382" name="IsEmptyGivesTrueIfBeaconDoesNotExistInCache" fullname="Dynatrace.OpenKit.Core.Caching.BeaconCacheTest.IsEmptyGivesTrueIfBeaconDoesNotExistInCache" methodname="IsEmptyGivesTrueIfBeaconDoesNotExistInCache" classname="Dynatrace.OpenKit.Core.Caching.BeaconCacheTest" runstate="Runnable" seed="1399644699" result="Passed" start-time="2018-05-11 10:27:03Z" end-time="2018-05-11 10:27:03Z" duration="0.000538" asserts="1" />
              <test-case id="4-1372" name="RemoveChunkedDataClearsAlreadyRetrievedChunks" fullname="Dynatrace.OpenKit.Core.Caching.BeaconCacheTest.RemoveChunkedDataClearsAlreadyRetrievedChunks" methodname="RemoveChunkedDataClearsAlreadyRetrievedChunks" classname="Dynatrace.OpenKit.Core.Caching.BeaconCacheTest" runstate="Runnable" seed="2078688628" result="Passed" start-time="2018-05-11 10:27:03Z" end-time="2018-05-11 10:27:03Z" duration="0.002014" asserts="6" />
              <test-case id="4-1373" name="RemoveChunkedDataDoesNothingIfCalledWithNonExistingBeaconID" fullname="Dynatrace.OpenKit.Core.Caching.BeaconCacheTest.RemoveChunkedDataDoesNothingIfCalledWithNonExistingBeaconID" methodname="RemoveChunkedDataDoesNothingIfCalledWithNonExistingBeaconID" classname="Dynatrace.OpenKit.Core.Caching.BeaconCacheTest" runstate="Runnable" seed="99534920" result="Passed" start-time="2018-05-11 10:27:03Z" end-time="2018-05-11 10:27:03Z" duration="0.001305" asserts="2" />
              <test-case id="4-1377" name="ResetChunkedDoesNothingIfEntryDoesNotExist" fullname="Dynatrace.OpenKit.Core.Caching.BeaconCacheTest.ResetChunkedDoesNothingIfEntryDoesNotExist" methodname="ResetChunkedDoesNothingIfEntryDoesNotExist" classname="Dynatrace.OpenKit.Core.Caching.BeaconCacheTest" runstate="Runnable" seed="1202749847" result="Passed" start-time="2018-05-11 10:27:03Z" end-time="2018-05-11 10:27:03Z" duration="0.002042" asserts="2" />
              <test-case id="4-1376" name="ResetChunkedRaisesEvent" fullname="Dynatrace.OpenKit.Core.Caching.BeaconCacheTest.ResetChunkedRaisesEvent" methodname="ResetChunkedRaisesEvent" classname="Dynatrace.OpenKit.Core.Caching.BeaconCacheTest" runstate="Runnable" seed="1335571406" result="Passed" start-time="2018-05-11 10:27:03Z" end-time="2018-05-11 10:27:03Z" duration="0.001170" asserts="1" />
              <test-case id="4-1375" name="ResetChunkedRestoresCacheSize" fullname="Dynatrace.OpenKit.Core.Caching.BeaconCacheTest.ResetChunkedRestoresCacheSize" methodname="ResetChunkedRestoresCacheSize" classname="Dynatrace.OpenKit.Core.Caching.BeaconCacheTest" runstate="Runnable" seed="744531772" result="Passed" start-time="2018-05-11 10:27:03Z" end-time="2018-05-11 10:27:03Z" duration="0.000837" asserts="1" />
              <test-case id="4-1374" name="ResetChunkedRestoresData" fullname="Dynatrace.OpenKit.Core.Caching.BeaconCacheTest.ResetChunkedRestoresData" methodname="ResetChunkedRestoresData" classname="Dynatrace.OpenKit.Core.Caching.BeaconCacheTest" runstate="Runnable" seed="1650673550" result="Passed" start-time="2018-05-11 10:27:03Z" end-time="2018-05-11 10:27:03Z" duration="0.001395" asserts="4" />
            </test-suite>
            <test-suite type="TestFixture" id="4-1385" name="SpaceEvictionStrategyTest" fullname="Dynatrace.OpenKit.Core.Caching.SpaceEvictionStrategyTest" classname="Dynatrace.OpenKit.Core.Caching.SpaceEvictionStrategyTest" runstate="Runnable" testcasecount="16" result="Passed" start-time="2018-05-11 10:27:03Z" end-time="2018-05-11 10:27:03Z" duration="0.047085" total="16" passed="16" failed="0" warnings="0" inconclusive="0" skipped="0" asserts="8">
              <test-case id="4-1396" name="ExecuteEvictionCallsCacheMethodForEachBeacon" fullname="Dynatrace.OpenKit.Core.Caching.SpaceEvictionStrategyTest.ExecuteEvictionCallsCacheMethodForEachBeacon" methodname="ExecuteEvictionCallsCacheMethodForEachBeacon" classname="Dynatrace.OpenKit.Core.Caching.SpaceEvictionStrategyTest" runstate="Runnable" seed="1570073216" result="Passed" start-time="2018-05-11 10:27:03Z" end-time="2018-05-11 10:27:03Z" duration="0.015264" asserts="0" />
              <test-case id="4-1398" name="ExecuteEvictionDoesNotLogEvictionResultIfDebugIsDisabled" fullname="Dynatrace.OpenKit.Core.Caching.SpaceEvictionStrategyTest.ExecuteEvictionDoesNotLogEvictionResultIfDebugIsDisabled" methodname="ExecuteEvictionDoesNotLogEvictionResultIfDebugIsDisabled" classname="Dynatrace.OpenKit.Core.Caching.SpaceEvictionStrategyTest" runstate="Runnable" seed="1521541304" result="Passed" start-time="2018-05-11 10:27:03Z" end-time="2018-05-11 10:27:03Z" duration="0.007054" asserts="0" />
              <test-case id="4-1395" name="ExecuteEvictionDoesNotLogIfStrategyIsDisabledAndInfoIsDisabledInLogger" fullname="Dynatrace.OpenKit.Core.Caching.SpaceEvictionStrategyTest.ExecuteEvictionDoesNotLogIfStrategyIsDisabledAndInfoIsDisabledInLogger" methodname="ExecuteEvictionDoesNotLogIfStrategyIsDisabledAndInfoIsDisabledInLogger" classname="Dynatrace.OpenKit.Core.Caching.SpaceEvictionStrategyTest" runstate="Runnable" seed="890520342" result="Passed" start-time="2018-05-11 10:27:03Z" end-time="2018-05-11 10:27:03Z" duration="0.001335" asserts="0" />
              <test-case id="4-1394" name="ExecuteEvictionLogsAMessageOnceAndReturnsIfStrategyIsDisabled" fullname="Dynatrace.OpenKit.Core.Caching.SpaceEvictionStrategyTest.ExecuteEvictionLogsAMessageOnceAndReturnsIfStrategyIsDisabled" methodname="ExecuteEvictionLogsAMessageOnceAndReturnsIfStrategyIsDisabled" classname="Dynatrace.OpenKit.Core.Caching.SpaceEvictionStrategyTest" runstate="Runnable" seed="1653325039" result="Passed" start-time="2018-05-11 10:27:03Z" end-time="2018-05-11 10:27:03Z" duration="0.002058" asserts="0" />
              <test-case id="4-1397" name="ExecuteEvictionLogsEvictionResultIfDebugIsEnabled" fullname="Dynatrace.OpenKit.Core.Caching.SpaceEvictionStrategyTest.ExecuteEvictionLogsEvictionResultIfDebugIsEnabled" methodname="ExecuteEvictionLogsEvictionResultIfDebugIsEnabled" classname="Dynatrace.OpenKit.Core.Caching.SpaceEvictionStrategyTest" runstate="Runnable" seed="1742769518" result="Passed" start-time="2018-05-11 10:27:03Z" end-time="2018-05-11 10:27:03Z" duration="0.006439" asserts="0" />
              <test-case id="4-1399" name="ExecuteEvictionRunsUntilTheCacheSizeIsLessThanOrEqualToLowerBound" fullname="Dynatrace.OpenKit.Core.Caching.SpaceEvictionStrategyTest.ExecuteEvictionRunsUntilTheCacheSizeIsLessThanOrEqualToLowerBound" methodname="ExecuteEvictionRunsUntilTheCacheSizeIsLessThanOrEqualToLowerBound" classname="Dynatrace.OpenKit.Core.Caching.SpaceEvictionStrategyTest" runstate="Runnable" seed="252004451" result="Passed" start-time="2018-05-11 10:27:03Z" end-time="2018-05-11 10:27:03Z" duration="0.001955" asserts="0" />
              <test-case id="4-1401" name="ExecuteEvictionStopsIfNumBytesInCacheFallsBelowLowerBoundBetweenTwoBeacons" fullname="Dynatrace.OpenKit.Core.Caching.SpaceEvictionStrategyTest.ExecuteEvictionStopsIfNumBytesInCacheFallsBelowLowerBoundBetweenTwoBeacons" methodname="ExecuteEvictionStopsIfNumBytesInCacheFallsBelowLowerBoundBetweenTwoBeacons" classname="Dynatrace.OpenKit.Core.Caching.SpaceEvictionStrategyTest" runstate="Runnable" seed="1838210039" result="Passed" start-time="2018-05-11 10:27:03Z" end-time="2018-05-11 10:27:03Z" duration="0.001486" asserts="0" />
              <test-case id="4-1400" name="ÉxecuteEvictionStopsIfThreadGetsInterruptedBetweenTwoBeacons" fullname="Dynatrace.OpenKit.Core.Caching.SpaceEvictionStrategyTest.ÉxecuteEvictionStopsIfThreadGetsInterruptedBetweenTwoBeacons" methodname="ÉxecuteEvictionStopsIfThreadGetsInterruptedBetweenTwoBeacons" classname="Dynatrace.OpenKit.Core.Caching.SpaceEvictionStrategyTest" runstate="Runnable" seed="1193195764" result="Passed" start-time="2018-05-11 10:27:03Z" end-time="2018-05-11 10:27:03Z" duration="0.003412" asserts="0" />
              <test-case id="4-1392" name="ShouldRunGivesFalseIfNumBytesInCacheIsEqualToUpperBoundLimit" fullname="Dynatrace.OpenKit.Core.Caching.SpaceEvictionStrategyTest.ShouldRunGivesFalseIfNumBytesInCacheIsEqualToUpperBoundLimit" methodname="ShouldRunGivesFalseIfNumBytesInCacheIsEqualToUpperBoundLimit" classname="Dynatrace.OpenKit.Core.Caching.SpaceEvictionStrategyTest" runstate="Runnable" seed="1872669078" result="Passed" start-time="2018-05-11 10:27:03Z" end-time="2018-05-11 10:27:03Z" duration="0.000581" asserts="1" />
              <test-case id="4-1393" name="ShouldRunGivesFalseIfNumBytesInCacheIsLessThanUpperBoundLimit" fullname="Dynatrace.OpenKit.Core.Caching.SpaceEvictionStrategyTest.ShouldRunGivesFalseIfNumBytesInCacheIsLessThanUpperBoundLimit" methodname="ShouldRunGivesFalseIfNumBytesInCacheIsLessThanUpperBoundLimit" classname="Dynatrace.OpenKit.Core.Caching.SpaceEvictionStrategyTest" runstate="Runnable" seed="763064493" result="Passed" start-time="2018-05-11 10:27:03Z" end-time="2018-05-11 10:27:03Z" duration="0.001841" asserts="1" />
              <test-case id="4-1391" name="ShouldRunGivesTrueIfNumBytesInCacheIsGreaterThanUpperBoundLimit" fullname="Dynatrace.OpenKit.Core.Caching.SpaceEvictionStrategyTest.ShouldRunGivesTrueIfNumBytesInCacheIsGreaterThanUpperBoundLimit" methodname="ShouldRunGivesTrueIfNumBytesInCacheIsGreaterThanUpperBoundLimit" classname="Dynatrace.OpenKit.Core.Caching.SpaceEvictionStrategyTest" runstate="Runnable" seed="2136360843" result="Passed" start-time="2018-05-11 10:27:03Z" end-time="2018-05-11 10:27:03Z" duration="0.001023" asserts="1" />
              <test-case id="4-1387" name="TheStrategyIsDisabledIfCacheSizeLowerBoundIsEqualToZero" fullname="Dynatrace.OpenKit.Core.Caching.SpaceEvictionStrategyTest.TheStrategyIsDisabledIfCacheSizeLowerBoundIsEqualToZero" methodname="TheStrategyIsDisabledIfCacheSizeLowerBoundIsEqualToZero" classname="Dynatrace.OpenKit.Core.Caching.SpaceEvictionStrategyTest" runstate="Runnable" seed="449970436" result="Passed" start-time="2018-05-11 10:27:03Z" end-time="2018-05-11 10:27:03Z" duration="0.000481" asserts="1" />
              <test-case id="4-1386" name="TheStrategyIsDisabledIfCacheSizeLowerBoundIsLessThanZero" fullname="Dynatrace.OpenKit.Core.Caching.SpaceEvictionStrategyTest.TheStrategyIsDisabledIfCacheSizeLowerBoundIsLessThanZero" methodname="TheStrategyIsDisabledIfCacheSizeLowerBoundIsLessThanZero" classname="Dynatrace.OpenKit.Core.Caching.SpaceEvictionStrategyTest" runstate="Runnable" seed="1959948945" result="Passed" start-time="2018-05-11 10:27:03Z" end-time="2018-05-11 10:27:03Z" duration="0.001040" asserts="1" />
              <test-case id="4-1389" name="TheStrategyIsDisabledIfCacheSizeUpperBoundIsEqualToZero" fullname="Dynatrace.OpenKit.Core.Caching.SpaceEvictionStrategyTest.TheStrategyIsDisabledIfCacheSizeUpperBoundIsEqualToZero" methodname="TheStrategyIsDisabledIfCacheSizeUpperBoundIsEqualToZero" classname="Dynatrace.OpenKit.Core.Caching.SpaceEvictionStrategyTest" runstate="Runnable" seed="2077980260" result="Passed" start-time="2018-05-11 10:27:03Z" end-time="2018-05-11 10:27:03Z" duration="0.000441" asserts="1" />
              <test-case id="4-1390" name="TheStrategyIsDisabledIfCacheSizeUpperBoundIsLessThanLowerBound" fullname="Dynatrace.OpenKit.Core.Caching.SpaceEvictionStrategyTest.TheStrategyIsDisabledIfCacheSizeUpperBoundIsLessThanLowerBound" methodname="TheStrategyIsDisabledIfCacheSizeUpperBoundIsLessThanLowerBound" classname="Dynatrace.OpenKit.Core.Caching.SpaceEvictionStrategyTest" runstate="Runnable" seed="1974816013" result="Passed" start-time="2018-05-11 10:27:03Z" end-time="2018-05-11 10:27:03Z" duration="0.000410" asserts="1" />
              <test-case id="4-1388" name="TheStrategyIsDisabledIfCacheSizeUpperBoundIsLessThanZero" fullname="Dynatrace.OpenKit.Core.Caching.SpaceEvictionStrategyTest.TheStrategyIsDisabledIfCacheSizeUpperBoundIsLessThanZero" methodname="TheStrategyIsDisabledIfCacheSizeUpperBoundIsLessThanZero" classname="Dynatrace.OpenKit.Core.Caching.SpaceEvictionStrategyTest" runstate="Runnable" seed="1872761187" result="Passed" start-time="2018-05-11 10:27:03Z" end-time="2018-05-11 10:27:03Z" duration="0.000441" asserts="1" />
            </test-suite>
            <test-suite type="TestFixture" id="4-1402" name="TimeEvicitionStrategyTest" fullname="Dynatrace.OpenKit.Core.Caching.TimeEvicitionStrategyTest" classname="Dynatrace.OpenKit.Core.Caching.TimeEvicitionStrategyTest" runstate="Runnable" testcasecount="14" result="Passed" start-time="2018-05-11 10:27:03Z" end-time="2018-05-11 10:27:03Z" duration="0.039992" total="14" passed="14" failed="0" warnings="0" inconclusive="0" skipped="0" asserts="11">
              <test-case id="4-1414" name="ExecuteEvictionCallsEvictionForEachBeaconSeparately" fullname="Dynatrace.OpenKit.Core.Caching.TimeEvicitionStrategyTest.ExecuteEvictionCallsEvictionForEachBeaconSeparately" methodname="ExecuteEvictionCallsEvictionForEachBeaconSeparately" classname="Dynatrace.OpenKit.Core.Caching.TimeEvicitionStrategyTest" runstate="Runnable" seed="888000876" result="Passed" start-time="2018-05-11 10:27:03Z" end-time="2018-05-11 10:27:03Z" duration="0.017775" asserts="1" />
              <test-case id="4-1411" name="ExecuteEvictionDoesNotLogIfStrategyIsDisabledAndInfoIsDisabledInLogger" fullname="Dynatrace.OpenKit.Core.Caching.TimeEvicitionStrategyTest.ExecuteEvictionDoesNotLogIfStrategyIsDisabledAndInfoIsDisabledInLogger" methodname="ExecuteEvictionDoesNotLogIfStrategyIsDisabledAndInfoIsDisabledInLogger" classname="Dynatrace.OpenKit.Core.Caching.TimeEvicitionStrategyTest" runstate="Runnable" seed="2074467599" result="Passed" start-time="2018-05-11 10:27:03Z" end-time="2018-05-11 10:27:03Z" duration="0.005021" asserts="0" />
              <test-case id="4-1416" name="ExecuteEvictionIsStoppedIfThreadGetsInterrupted" fullname="Dynatrace.OpenKit.Core.Caching.TimeEvicitionStrategyTest.ExecuteEvictionIsStoppedIfThreadGetsInterrupted" methodname="ExecuteEvictionIsStoppedIfThreadGetsInterrupted" classname="Dynatrace.OpenKit.Core.Caching.TimeEvicitionStrategyTest" runstate="Runnable" seed="97170257" result="Passed" start-time="2018-05-11 10:27:03Z" end-time="2018-05-11 10:27:03Z" duration="0.002449" asserts="0" />
              <test-case id="4-1410" name="ExecuteEvictionLogsAMessageOnceAndReturnsIfStrategyIsDisabled" fullname="Dynatrace.OpenKit.Core.Caching.TimeEvicitionStrategyTest.ExecuteEvictionLogsAMessageOnceAndReturnsIfStrategyIsDisabled" methodname="ExecuteEvictionLogsAMessageOnceAndReturnsIfStrategyIsDisabled" classname="Dynatrace.OpenKit.Core.Caching.TimeEvicitionStrategyTest" runstate="Runnable" seed="1193616377" result="Passed" start-time="2018-05-11 10:27:03Z" end-time="2018-05-11 10:27:03Z" duration="0.001867" asserts="0" />
              <test-case id="4-1415" name="ExecuteEvictionLogsTheNumberOfRecordsRemoved" fullname="Dynatrace.OpenKit.Core.Caching.TimeEvicitionStrategyTest.ExecuteEvictionLogsTheNumberOfRecordsRemoved" methodname="ExecuteEvictionLogsTheNumberOfRecordsRemoved" classname="Dynatrace.OpenKit.Core.Caching.TimeEvicitionStrategyTest" runstate="Runnable" seed="362214139" result="Passed" start-time="2018-05-11 10:27:03Z" end-time="2018-05-11 10:27:03Z" duration="0.001563" asserts="0" />
              <test-case id="4-1413" name="ExecuteEvictionStopsIfNoBeaconIdsAreAvailableInCache" fullname="Dynatrace.OpenKit.Core.Caching.TimeEvicitionStrategyTest.ExecuteEvictionStopsIfNoBeaconIdsAreAvailableInCache" methodname="ExecuteEvictionStopsIfNoBeaconIdsAreAvailableInCache" classname="Dynatrace.OpenKit.Core.Caching.TimeEvicitionStrategyTest" runstate="Runnable" seed="934118592" result="Passed" start-time="2018-05-11 10:27:03Z" end-time="2018-05-11 10:27:03Z" duration="0.001105" asserts="1" />
              <test-case id="4-1412" name="LastRuntimeStampIsAdjustedDuringFirstExecution" fullname="Dynatrace.OpenKit.Core.Caching.TimeEvicitionStrategyTest.LastRuntimeStampIsAdjustedDuringFirstExecution" methodname="LastRuntimeStampIsAdjustedDuringFirstExecution" classname="Dynatrace.OpenKit.Core.Caching.TimeEvicitionStrategyTest" runstate="Runnable" seed="1477110262" result="Passed" start-time="2018-05-11 10:27:03Z" end-time="2018-05-11 10:27:03Z" duration="0.000935" asserts="2" />
              <test-case id="4-1407" name="ShouldRunGivesFalseIfLastRunIsLessThanMaxAgeMillisecondsAgo" fullname="Dynatrace.OpenKit.Core.Caching.TimeEvicitionStrategyTest.ShouldRunGivesFalseIfLastRunIsLessThanMaxAgeMillisecondsAgo" methodname="ShouldRunGivesFalseIfLastRunIsLessThanMaxAgeMillisecondsAgo" classname="Dynatrace.OpenKit.Core.Caching.TimeEvicitionStrategyTest" runstate="Runnable" seed="1685654517" result="Passed" start-time="2018-05-11 10:27:03Z" end-time="2018-05-11 10:27:03Z" duration="0.000689" asserts="1" />
              <test-case id="4-1408" name="ShouldRunGivesTrueIfLastRunIsExactlyMaxAgeMillisecondsAgo" fullname="Dynatrace.OpenKit.Core.Caching.TimeEvicitionStrategyTest.ShouldRunGivesTrueIfLastRunIsExactlyMaxAgeMillisecondsAgo" methodname="ShouldRunGivesTrueIfLastRunIsExactlyMaxAgeMillisecondsAgo" classname="Dynatrace.OpenKit.Core.Caching.TimeEvicitionStrategyTest" runstate="Runnable" seed="308205482" result="Passed" start-time="2018-05-11 10:27:03Z" end-time="2018-05-11 10:27:03Z" duration="0.000653" asserts="1" />
              <test-case id="4-1409" name="ShouldRunGivesTrueIfLastRunIsMoreThanMaxAgeMillisecondsAgo" fullname="Dynatrace.OpenKit.Core.Caching.TimeEvicitionStrategyTest.ShouldRunGivesTrueIfLastRunIsMoreThanMaxAgeMillisecondsAgo" methodname="ShouldRunGivesTrueIfLastRunIsMoreThanMaxAgeMillisecondsAgo" classname="Dynatrace.OpenKit.Core.Caching.TimeEvicitionStrategyTest" runstate="Runnable" seed="1890269965" result="Passed" start-time="2018-05-11 10:27:03Z" end-time="2018-05-11 10:27:03Z" duration="0.001388" asserts="1" />
              <test-case id="4-1403" name="TheInitialLastRunTimestampIsMinusOne" fullname="Dynatrace.OpenKit.Core.Caching.TimeEvicitionStrategyTest.TheInitialLastRunTimestampIsMinusOne" methodname="TheInitialLastRunTimestampIsMinusOne" classname="Dynatrace.OpenKit.Core.Caching.TimeEvicitionStrategyTest" runstate="Runnable" seed="262389269" result="Passed" start-time="2018-05-11 10:27:03Z" end-time="2018-05-11 10:27:03Z" duration="0.000507" asserts="1" />
              <test-case id="4-1404" name="TheStrategyIsDisabledIfBeaconMaxAgeIsSetToLessThanZero" fullname="Dynatrace.OpenKit.Core.Caching.TimeEvicitionStrategyTest.TheStrategyIsDisabledIfBeaconMaxAgeIsSetToLessThanZero" methodname="TheStrategyIsDisabledIfBeaconMaxAgeIsSetToLessThanZero" classname="Dynatrace.OpenKit.Core.Caching.TimeEvicitionStrategyTest" runstate="Runnable" seed="1920631952" result="Passed" start-time="2018-05-11 10:27:03Z" end-time="2018-05-11 10:27:03Z" duration="0.000472" asserts="1" />
              <test-case id="4-1405" name="TheStrategyIsDisabledIfBeaconMaxAgeIsSetToZero" fullname="Dynatrace.OpenKit.Core.Caching.TimeEvicitionStrategyTest.TheStrategyIsDisabledIfBeaconMaxAgeIsSetToZero" methodname="TheStrategyIsDisabledIfBeaconMaxAgeIsSetToZero" classname="Dynatrace.OpenKit.Core.Caching.TimeEvicitionStrategyTest" runstate="Runnable" seed="1964212509" result="Passed" start-time="2018-05-11 10:27:03Z" end-time="2018-05-11 10:27:03Z" duration="0.000720" asserts="1" />
              <test-case id="4-1406" name="TheStrategyIsNotDisabledIFMaxRecordAgeIsGreaterThanZero" fullname="Dynatrace.OpenKit.Core.Caching.TimeEvicitionStrategyTest.TheStrategyIsNotDisabledIFMaxRecordAgeIsGreaterThanZero" methodname="TheStrategyIsNotDisabledIFMaxRecordAgeIsGreaterThanZero" classname="Dynatrace.OpenKit.Core.Caching.TimeEvicitionStrategyTest" runstate="Runnable" seed="1929352132" result="Passed" start-time="2018-05-11 10:27:03Z" end-time="2018-05-11 10:27:03Z" duration="0.000856" asserts="1" />
            </test-suite>
          </test-suite>
          <test-suite type="TestSuite" id="4-1424" name="Communication" fullname="Dynatrace.OpenKit.Core.Communication" runstate="Runnable" testcasecount="71" result="Passed" start-time="2018-05-11 10:27:02Z" end-time="2018-05-11 10:27:03Z" duration="1.698950" total="71" passed="71" failed="0" warnings="0" inconclusive="0" skipped="0" asserts="48">
            <test-suite type="TestFixture" id="4-1214" name="BeaconSendingCaptureOffStateTest" fullname="Dynatrace.OpenKit.Core.Communication.BeaconSendingCaptureOffStateTest" classname="Dynatrace.OpenKit.Core.Communication.BeaconSendingCaptureOffStateTest" runstate="Runnable" testcasecount="8" result="Passed" start-time="2018-05-11 10:27:03Z" end-time="2018-05-11 10:27:03Z" duration="0.192851" total="8" passed="8" failed="0" warnings="0" inconclusive="0" skipped="0" asserts="2">
              <test-case id="4-1216" name="ShutdownStateIsFlushState" fullname="Dynatrace.OpenKit.Core.Communication.BeaconSendingCaptureOffStateTest.ShutdownStateIsFlushState" methodname="ShutdownStateIsFlushState" classname="Dynatrace.OpenKit.Core.Communication.BeaconSendingCaptureOffStateTest" runstate="Runnable" seed="1274082180" result="Passed" start-time="2018-05-11 10:27:03Z" end-time="2018-05-11 10:27:03Z" duration="0.031092" asserts="1" />
              <test-case id="4-1221" name="SleepIsCalledOnEntry" fullname="Dynatrace.OpenKit.Core.Communication.BeaconSendingCaptureOffStateTest.SleepIsCalledOnEntry" methodname="SleepIsCalledOnEntry" classname="Dynatrace.OpenKit.Core.Communication.BeaconSendingCaptureOffStateTest" runstate="Runnable" seed="1401292770" result="Passed" start-time="2018-05-11 10:27:03Z" end-time="2018-05-11 10:27:03Z" duration="0.023535" asserts="0" />
              <test-case id="4-1222" name="SleepIsNotCalledIfShutdownIsRequested" fullname="Dynatrace.OpenKit.Core.Communication.BeaconSendingCaptureOffStateTest.SleepIsNotCalledIfShutdownIsRequested" methodname="SleepIsNotCalledIfShutdownIsRequested" classname="Dynatrace.OpenKit.Core.Communication.BeaconSendingCaptureOffStateTest" runstate="Runnable" seed="935089400" result="Passed" start-time="2018-05-11 10:27:03Z" end-time="2018-05-11 10:27:03Z" duration="0.002374" asserts="0" />
              <test-case id="4-1215" name="StateIsNotTerminal" fullname="Dynatrace.OpenKit.Core.Communication.BeaconSendingCaptureOffStateTest.StateIsNotTerminal" methodname="StateIsNotTerminal" classname="Dynatrace.OpenKit.Core.Communication.BeaconSendingCaptureOffStateTest" runstate="Runnable" seed="873187336" result="Passed" start-time="2018-05-11 10:27:03Z" end-time="2018-05-11 10:27:03Z" duration="0.000893" asserts="1" />
              <test-case id="4-1220" name="StatusRequestIsRetried" fullname="Dynatrace.OpenKit.Core.Communication.BeaconSendingCaptureOffStateTest.StatusRequestIsRetried" methodname="StatusRequestIsRetried" classname="Dynatrace.OpenKit.Core.Communication.BeaconSendingCaptureOffStateTest" runstate="Runnable" seed="1628483237" result="Passed" start-time="2018-05-11 10:27:03Z" end-time="2018-05-11 10:27:03Z" duration="0.001620" asserts="0" />
              <test-case id="4-1217" name="TransitionToCaptureOnStateIsPerformed" fullname="Dynatrace.OpenKit.Core.Communication.BeaconSendingCaptureOffStateTest.TransitionToCaptureOnStateIsPerformed" methodname="TransitionToCaptureOnStateIsPerformed" classname="Dynatrace.OpenKit.Core.Communication.BeaconSendingCaptureOffStateTest" runstate="Runnable" seed="467753288" result="Passed" start-time="2018-05-11 10:27:03Z" end-time="2018-05-11 10:27:03Z" duration="0.002436" asserts="0" />
              <test-case id="4-1219" name="TransitionToFlushStateIsPerformedOnShutdown" fullname="Dynatrace.OpenKit.Core.Communication.BeaconSendingCaptureOffStateTest.TransitionToFlushStateIsPerformedOnShutdown" methodname="TransitionToFlushStateIsPerformedOnShutdown" classname="Dynatrace.OpenKit.Core.Communication.BeaconSendingCaptureOffStateTest" runstate="Runnable" seed="338061468" result="Passed" start-time="2018-05-11 10:27:03Z" end-time="2018-05-11 10:27:03Z" duration="0.003295" asserts="0" />
              <test-case id="4-1218" name="TransitionToTimeSyncIsPerformedIfNotDoneYet" fullname="Dynatrace.OpenKit.Core.Communication.BeaconSendingCaptureOffStateTest.TransitionToTimeSyncIsPerformedIfNotDoneYet" methodname="TransitionToTimeSyncIsPerformedIfNotDoneYet" classname="Dynatrace.OpenKit.Core.Communication.BeaconSendingCaptureOffStateTest" runstate="Runnable" seed="539148418" result="Passed" start-time="2018-05-11 10:27:03Z" end-time="2018-05-11 10:27:03Z" duration="0.108365" asserts="0" />
            </test-suite>
            <test-suite type="TestFixture" id="4-1223" name="BeaconSendingCaptureOnStateTest" fullname="Dynatrace.OpenKit.Core.Communication.BeaconSendingCaptureOnStateTest" classname="Dynatrace.OpenKit.Core.Communication.BeaconSendingCaptureOnStateTest" runstate="Runnable" testcasecount="11" result="Passed" start-time="2018-05-11 10:27:03Z" end-time="2018-05-11 10:27:03Z" duration="0.076143" total="11" passed="11" failed="0" warnings="0" inconclusive="0" skipped="0" asserts="5">
              <test-case id="4-1232" name="ABeaconSendingCaptureOnStateContinuesWithNextFinishedSessionIfSendingWasUnsuccessfulButBeaconIsEmtpy" fullname="Dynatrace.OpenKit.Core.Communication.BeaconSendingCaptureOnStateTest.ABeaconSendingCaptureOnStateContinuesWithNextFinishedSessionIfSendingWasUnsuccessfulButBeaconIsEmtpy" methodname="ABeaconSendingCaptureOnStateContinuesWithNextFinishedSessionIfSendingWasUnsuccessfulButBeaconIsEmtpy" classname="Dynatrace.OpenKit.Core.Communication.BeaconSendingCaptureOnStateTest" runstate="Runnable" seed="203327190" result="Passed" start-time="2018-05-11 10:27:03Z" end-time="2018-05-11 10:27:03Z" duration="0.042078" asserts="0" />
              <test-case id="4-1230" name="EmptyFinishedSessionsAreNotSent" fullname="Dynatrace.OpenKit.Core.Communication.BeaconSendingCaptureOnStateTest.EmptyFinishedSessionsAreNotSent" methodname="EmptyFinishedSessionsAreNotSent" classname="Dynatrace.OpenKit.Core.Communication.BeaconSendingCaptureOnStateTest" runstate="Runnable" seed="989848439" result="Passed" start-time="2018-05-11 10:27:03Z" end-time="2018-05-11 10:27:03Z" duration="0.005148" asserts="1" />
              <test-case id="4-1229" name="FinishedSessionsAreSent" fullname="Dynatrace.OpenKit.Core.Communication.BeaconSendingCaptureOnStateTest.FinishedSessionsAreSent" methodname="FinishedSessionsAreSent" classname="Dynatrace.OpenKit.Core.Communication.BeaconSendingCaptureOnStateTest" runstate="Runnable" seed="1852727961" result="Passed" start-time="2018-05-11 10:27:03Z" end-time="2018-05-11 10:27:03Z" duration="0.006338" asserts="1" />
              <test-case id="4-1234" name="OpenSessionsAreNotSentIfSendIntervalIsNotExceeded" fullname="Dynatrace.OpenKit.Core.Communication.BeaconSendingCaptureOnStateTest.OpenSessionsAreNotSentIfSendIntervalIsNotExceeded" methodname="OpenSessionsAreNotSentIfSendIntervalIsNotExceeded" classname="Dynatrace.OpenKit.Core.Communication.BeaconSendingCaptureOnStateTest" runstate="Runnable" seed="1688502422" result="Passed" start-time="2018-05-11 10:27:03Z" end-time="2018-05-11 10:27:03Z" duration="0.002748" asserts="0" />
              <test-case id="4-1233" name="OpenSessionsAreSentIfSendIntervalIsExceeded" fullname="Dynatrace.OpenKit.Core.Communication.BeaconSendingCaptureOnStateTest.OpenSessionsAreSentIfSendIntervalIsExceeded" methodname="OpenSessionsAreSentIfSendIntervalIsExceeded" classname="Dynatrace.OpenKit.Core.Communication.BeaconSendingCaptureOnStateTest" runstate="Runnable" seed="1716313767" result="Passed" start-time="2018-05-11 10:27:03Z" end-time="2018-05-11 10:27:03Z" duration="0.003625" asserts="1" />
              <test-case id="4-1225" name="ShutdownStateIsFlushState" fullname="Dynatrace.OpenKit.Core.Communication.BeaconSendingCaptureOnStateTest.ShutdownStateIsFlushState" methodname="ShutdownStateIsFlushState" classname="Dynatrace.OpenKit.Core.Communication.BeaconSendingCaptureOnStateTest" runstate="Runnable" seed="240594148" result="Passed" start-time="2018-05-11 10:27:03Z" end-time="2018-05-11 10:27:03Z" duration="0.001301" asserts="1" />
              <test-case id="4-1224" name="StateIsNotTerminal" fullname="Dynatrace.OpenKit.Core.Communication.BeaconSendingCaptureOnStateTest.StateIsNotTerminal" methodname="StateIsNotTerminal" classname="Dynatrace.OpenKit.Core.Communication.BeaconSendingCaptureOnStateTest" runstate="Runnable" seed="312869439" result="Passed" start-time="2018-05-11 10:27:03Z" end-time="2018-05-11 10:27:03Z" duration="0.000882" asserts="1" />
              <test-case id="4-1227" name="TransitionToCaptureOffStateIsPerformed" fullname="Dynatrace.OpenKit.Core.Communication.BeaconSendingCaptureOnStateTest.TransitionToCaptureOffStateIsPerformed" methodname="TransitionToCaptureOffStateIsPerformed" classname="Dynatrace.OpenKit.Core.Communication.BeaconSendingCaptureOnStateTest" runstate="Runnable" seed="29260442" result="Passed" start-time="2018-05-11 10:27:03Z" end-time="2018-05-11 10:27:03Z" duration="0.003062" asserts="0" />
              <test-case id="4-1228" name="TransitionToFlushStateIsPerformedOnShutdown" fullname="Dynatrace.OpenKit.Core.Communication.BeaconSendingCaptureOnStateTest.TransitionToFlushStateIsPerformedOnShutdown" methodname="TransitionToFlushStateIsPerformedOnShutdown" classname="Dynatrace.OpenKit.Core.Communication.BeaconSendingCaptureOnStateTest" runstate="Runnable" seed="1758668344" result="Passed" start-time="2018-05-11 10:27:03Z" end-time="2018-05-11 10:27:03Z" duration="0.001401" asserts="0" />
              <test-case id="4-1226" name="TransitionToTimeSycnIsPerformed" fullname="Dynatrace.OpenKit.Core.Communication.BeaconSendingCaptureOnStateTest.TransitionToTimeSycnIsPerformed" methodname="TransitionToTimeSycnIsPerformed" classname="Dynatrace.OpenKit.Core.Communication.BeaconSendingCaptureOnStateTest" runstate="Runnable" seed="539948843" result="Passed" start-time="2018-05-11 10:27:03Z" end-time="2018-05-11 10:27:03Z" duration="0.003632" asserts="0" />
              <test-case id="4-1231" name="UnsuccessfulFinishedSessionsAreMovedBackToCache" fullname="Dynatrace.OpenKit.Core.Communication.BeaconSendingCaptureOnStateTest.UnsuccessfulFinishedSessionsAreMovedBackToCache" methodname="UnsuccessfulFinishedSessionsAreMovedBackToCache" classname="Dynatrace.OpenKit.Core.Communication.BeaconSendingCaptureOnStateTest" runstate="Runnable" seed="106837241" result="Passed" start-time="2018-05-11 10:27:03Z" end-time="2018-05-11 10:27:03Z" duration="0.003038" asserts="0" />
            </test-suite>
            <test-suite type="TestFixture" id="4-1235" name="BeaconSendingContextTest" fullname="Dynatrace.OpenKit.Core.Communication.BeaconSendingContextTest" classname="Dynatrace.OpenKit.Core.Communication.BeaconSendingContextTest" runstate="Runnable" testcasecount="23" result="Passed" start-time="2018-05-11 10:27:03Z" end-time="2018-05-11 10:27:03Z" duration="0.103681" total="23" passed="23" failed="0" warnings="0" inconclusive="0" skipped="0" asserts="28">
              <test-case id="4-1254" name="CanGetCurrentTimestamp" fullname="Dynatrace.OpenKit.Core.Communication.BeaconSendingContextTest.CanGetCurrentTimestamp" methodname="CanGetCurrentTimestamp" classname="Dynatrace.OpenKit.Core.Communication.BeaconSendingContextTest" runstate="Runnable" seed="2147443746" result="Passed" start-time="2018-05-11 10:27:03Z" end-time="2018-05-11 10:27:03Z" duration="0.026500" asserts="1" />
              <test-case id="4-1252" name="CanGetHttpClient" fullname="Dynatrace.OpenKit.Core.Communication.BeaconSendingContextTest.CanGetHttpClient" methodname="CanGetHttpClient" classname="Dynatrace.OpenKit.Core.Communication.BeaconSendingContextTest" runstate="Runnable" seed="575875531" result="Passed" start-time="2018-05-11 10:27:03Z" end-time="2018-05-11 10:27:03Z" duration="0.012864" asserts="2" />
              <test-case id="4-1256" name="CanSleepCustomPeriod" fullname="Dynatrace.OpenKit.Core.Communication.BeaconSendingContextTest.CanSleepCustomPeriod" methodname="CanSleepCustomPeriod" classname="Dynatrace.OpenKit.Core.Communication.BeaconSendingContextTest" runstate="Runnable" seed="181297173" result="Passed" start-time="2018-05-11 10:27:03Z" end-time="2018-05-11 10:27:03Z" duration="0.002393" asserts="0" />
              <test-case id="4-1236" name="ContextIsInitializedWithInitState" fullname="Dynatrace.OpenKit.Core.Communication.BeaconSendingContextTest.ContextIsInitializedWithInitState" methodname="ContextIsInitializedWithInitState" classname="Dynatrace.OpenKit.Core.Communication.BeaconSendingContextTest" runstate="Runnable" seed="810262320" result="Passed" start-time="2018-05-11 10:27:03Z" end-time="2018-05-11 10:27:03Z" duration="0.001791" asserts="2" />
              <test-case id="4-1237" name="CurrentStateIsSet" fullname="Dynatrace.OpenKit.Core.Communication.BeaconSendingContextTest.CurrentStateIsSet" methodname="CurrentStateIsSet" classname="Dynatrace.OpenKit.Core.Communication.BeaconSendingContextTest" runstate="Runnable" seed="1741986712" result="Passed" start-time="2018-05-11 10:27:03Z" end-time="2018-05-11 10:27:03Z" duration="0.000589" asserts="1" />
              <test-case id="4-1255" name="DefaultSleepTimeIsUsed" fullname="Dynatrace.OpenKit.Core.Communication.BeaconSendingContextTest.DefaultSleepTimeIsUsed" methodname="DefaultSleepTimeIsUsed" classname="Dynatrace.OpenKit.Core.Communication.BeaconSendingContextTest" runstate="Runnable" seed="163940471" result="Passed" start-time="2018-05-11 10:27:03Z" end-time="2018-05-11 10:27:03Z" duration="0.000982" asserts="0" />
              <test-case id="4-1258" name="DisableCaptureDisablesItInTheConfiguration" fullname="Dynatrace.OpenKit.Core.Communication.BeaconSendingContextTest.DisableCaptureDisablesItInTheConfiguration" methodname="DisableCaptureDisablesItInTheConfiguration" classname="Dynatrace.OpenKit.Core.Communication.BeaconSendingContextTest" runstate="Runnable" seed="544378411" result="Passed" start-time="2018-05-11 10:27:03Z" end-time="2018-05-11 10:27:03Z" duration="0.003633" asserts="1" />
              <test-case id="4-1238" name="ExecuteIsCalledOnCurrentState" fullname="Dynatrace.OpenKit.Core.Communication.BeaconSendingContextTest.ExecuteIsCalledOnCurrentState" methodname="ExecuteIsCalledOnCurrentState" classname="Dynatrace.OpenKit.Core.Communication.BeaconSendingContextTest" runstate="Runnable" seed="691155778" result="Passed" start-time="2018-05-11 10:27:03Z" end-time="2018-05-11 10:27:03Z" duration="0.014272" asserts="0" />
              <test-case id="4-1253" name="GetHttpClientUsesCurrentHttpConfig" fullname="Dynatrace.OpenKit.Core.Communication.BeaconSendingContextTest.GetHttpClientUsesCurrentHttpConfig" methodname="GetHttpClientUsesCurrentHttpConfig" classname="Dynatrace.OpenKit.Core.Communication.BeaconSendingContextTest" runstate="Runnable" seed="20020603" result="Passed" start-time="2018-05-11 10:27:03Z" end-time="2018-05-11 10:27:03Z" duration="0.001102" asserts="0" />
              <test-case id="4-1242" name="IsInitializedOnInitFailed" fullname="Dynatrace.OpenKit.Core.Communication.BeaconSendingContextTest.IsInitializedOnInitFailed" methodname="IsInitializedOnInitFailed" classname="Dynatrace.OpenKit.Core.Communication.BeaconSendingContextTest" runstate="Runnable" seed="869110041" result="Passed" start-time="2018-05-11 10:27:03Z" end-time="2018-05-11 10:27:03Z" duration="0.002241" asserts="1" />
              <test-case id="4-1241" name="IsInitializedOnInitSuccess" fullname="Dynatrace.OpenKit.Core.Communication.BeaconSendingContextTest.IsInitializedOnInitSuccess" methodname="IsInitializedOnInitSuccess" classname="Dynatrace.OpenKit.Core.Communication.BeaconSendingContextTest" runstate="Runnable" seed="1673425450" result="Passed" start-time="2018-05-11 10:27:03Z" end-time="2018-05-11 10:27:03Z" duration="0.000524" asserts="1" />
              <test-case id="4-1246" name="IsShutdownRequestedIsSetCorrectly" fullname="Dynatrace.OpenKit.Core.Communication.BeaconSendingContextTest.IsShutdownRequestedIsSetCorrectly" methodname="IsShutdownRequestedIsSetCorrectly" classname="Dynatrace.OpenKit.Core.Communication.BeaconSendingContextTest" runstate="Runnable" seed="341818118" result="Passed" start-time="2018-05-11 10:27:03Z" end-time="2018-05-11 10:27:03Z" duration="0.001548" asserts="2" />
              <test-case id="4-1247" name="LastOpenSessionSendTimeIsSet" fullname="Dynatrace.OpenKit.Core.Communication.BeaconSendingContextTest.LastOpenSessionSendTimeIsSet" methodname="LastOpenSessionSendTimeIsSet" classname="Dynatrace.OpenKit.Core.Communication.BeaconSendingContextTest" runstate="Runnable" seed="1059111432" result="Passed" start-time="2018-05-11 10:27:03Z" end-time="2018-05-11 10:27:03Z" duration="0.001402" asserts="2" />
              <test-case id="4-1248" name="LastStatusCheckTimeIsSet" fullname="Dynatrace.OpenKit.Core.Communication.BeaconSendingContextTest.LastStatusCheckTimeIsSet" methodname="LastStatusCheckTimeIsSet" classname="Dynatrace.OpenKit.Core.Communication.BeaconSendingContextTest" runstate="Runnable" seed="384052469" result="Passed" start-time="2018-05-11 10:27:03Z" end-time="2018-05-11 10:27:03Z" duration="0.001327" asserts="2" />
              <test-case id="4-1250" name="LastTimeSyncTimeIsInitializedWithMinus1" fullname="Dynatrace.OpenKit.Core.Communication.BeaconSendingContextTest.LastTimeSyncTimeIsInitializedWithMinus1" methodname="LastTimeSyncTimeIsInitializedWithMinus1" classname="Dynatrace.OpenKit.Core.Communication.BeaconSendingContextTest" runstate="Runnable" seed="970188906" result="Passed" start-time="2018-05-11 10:27:03Z" end-time="2018-05-11 10:27:03Z" duration="0.000925" asserts="1" />
              <test-case id="4-1251" name="LastTimeSyncTimeIsSet" fullname="Dynatrace.OpenKit.Core.Communication.BeaconSendingContextTest.LastTimeSyncTimeIsSet" methodname="LastTimeSyncTimeIsSet" classname="Dynatrace.OpenKit.Core.Communication.BeaconSendingContextTest" runstate="Runnable" seed="382491026" result="Passed" start-time="2018-05-11 10:27:03Z" end-time="2018-05-11 10:27:03Z" duration="0.000592" asserts="2" />
              <test-case id="4-1240" name="ResetEventIsSetOnInitFailed" fullname="Dynatrace.OpenKit.Core.Communication.BeaconSendingContextTest.ResetEventIsSetOnInitFailed" methodname="ResetEventIsSetOnInitFailed" classname="Dynatrace.OpenKit.Core.Communication.BeaconSendingContextTest" runstate="Runnable" seed="1249507974" result="Passed" start-time="2018-05-11 10:27:03Z" end-time="2018-05-11 10:27:03Z" duration="0.002974" asserts="1" />
              <test-case id="4-1239" name="ResetEventIsSetOnInitSuccess" fullname="Dynatrace.OpenKit.Core.Communication.BeaconSendingContextTest.ResetEventIsSetOnInitSuccess" methodname="ResetEventIsSetOnInitSuccess" classname="Dynatrace.OpenKit.Core.Communication.BeaconSendingContextTest" runstate="Runnable" seed="2071169795" result="Passed" start-time="2018-05-11 10:27:03Z" end-time="2018-05-11 10:27:03Z" duration="0.001139" asserts="1" />
              <test-case id="4-1257" name="SessionIsMovedToFinished" fullname="Dynatrace.OpenKit.Core.Communication.BeaconSendingContextTest.SessionIsMovedToFinished" methodname="SessionIsMovedToFinished" classname="Dynatrace.OpenKit.Core.Communication.BeaconSendingContextTest" runstate="Runnable" seed="2075247506" result="Passed" start-time="2018-05-11 10:27:03Z" end-time="2018-05-11 10:27:03Z" duration="0.005579" asserts="4" />
              <test-case id="4-1249" name="TimeSyncSupportIsTrueByDefault" fullname="Dynatrace.OpenKit.Core.Communication.BeaconSendingContextTest.TimeSyncSupportIsTrueByDefault" methodname="TimeSyncSupportIsTrueByDefault" classname="Dynatrace.OpenKit.Core.Communication.BeaconSendingContextTest" runstate="Runnable" seed="392895417" result="Passed" start-time="2018-05-11 10:27:03Z" end-time="2018-05-11 10:27:03Z" duration="0.004334" asserts="1" />
              <test-case id="4-1243" name="WaitForInitWhenTimeoutExpires" fullname="Dynatrace.OpenKit.Core.Communication.BeaconSendingContextTest.WaitForInitWhenTimeoutExpires" methodname="WaitForInitWhenTimeoutExpires" classname="Dynatrace.OpenKit.Core.Communication.BeaconSendingContextTest" runstate="Runnable" seed="686936941" result="Passed" start-time="2018-05-11 10:27:03Z" end-time="2018-05-11 10:27:03Z" duration="0.003559" asserts="1" />
              <test-case id="4-1245" name="WaitForInitWhenWithTimeoutFailed" fullname="Dynatrace.OpenKit.Core.Communication.BeaconSendingContextTest.WaitForInitWhenWithTimeoutFailed" methodname="WaitForInitWhenWithTimeoutFailed" classname="Dynatrace.OpenKit.Core.Communication.BeaconSendingContextTest" runstate="Runnable" seed="122399369" result="Passed" start-time="2018-05-11 10:27:03Z" end-time="2018-05-11 10:27:03Z" duration="0.000620" asserts="1" />
              <test-case id="4-1244" name="WaitForInitWhenWithTimeoutSuccess" fullname="Dynatrace.OpenKit.Core.Communication.BeaconSendingContextTest.WaitForInitWhenWithTimeoutSuccess" methodname="WaitForInitWhenWithTimeoutSuccess" classname="Dynatrace.OpenKit.Core.Communication.BeaconSendingContextTest" runstate="Runnable" seed="1265738153" result="Passed" start-time="2018-05-11 10:27:03Z" end-time="2018-05-11 10:27:03Z" duration="0.003987" asserts="1" />
            </test-suite>
            <test-suite type="TestFixture" id="4-1259" name="BeaconSendingFlushSessionsStateTest" fullname="Dynatrace.OpenKit.Core.Communication.BeaconSendingFlushSessionsStateTest" classname="Dynatrace.OpenKit.Core.Communication.BeaconSendingFlushSessionsStateTest" runstate="Runnable" testcasecount="3" result="Passed" start-time="2018-05-11 10:27:03Z" end-time="2018-05-11 10:27:03Z" duration="0.029749" total="3" passed="3" failed="0" warnings="0" inconclusive="0" skipped="0" asserts="2">
              <test-case id="4-1262" name="FinishedSessionsAreSent" fullname="Dynatrace.OpenKit.Core.Communication.BeaconSendingFlushSessionsStateTest.FinishedSessionsAreSent" methodname="FinishedSessionsAreSent" classname="Dynatrace.OpenKit.Core.Communication.BeaconSendingFlushSessionsStateTest" runstate="Runnable" seed="784196654" result="Passed" start-time="2018-05-11 10:27:03Z" end-time="2018-05-11 10:27:03Z" duration="0.018329" asserts="0" />
              <test-case id="4-1261" name="ShutdownStateIsTerminalState" fullname="Dynatrace.OpenKit.Core.Communication.BeaconSendingFlushSessionsStateTest.ShutdownStateIsTerminalState" methodname="ShutdownStateIsTerminalState" classname="Dynatrace.OpenKit.Core.Communication.BeaconSendingFlushSessionsStateTest" runstate="Runnable" seed="898265124" result="Passed" start-time="2018-05-11 10:27:03Z" end-time="2018-05-11 10:27:03Z" duration="0.003535" asserts="1" />
              <test-case id="4-1260" name="StateIsNotTerminal" fullname="Dynatrace.OpenKit.Core.Communication.BeaconSendingFlushSessionsStateTest.StateIsNotTerminal" methodname="StateIsNotTerminal" classname="Dynatrace.OpenKit.Core.Communication.BeaconSendingFlushSessionsStateTest" runstate="Runnable" seed="638014327" result="Passed" start-time="2018-05-11 10:27:03Z" end-time="2018-05-11 10:27:03Z" duration="0.000794" asserts="1" />
            </test-suite>
            <test-suite type="TestFixture" id="4-1267" name="BeaconSendingInitStateTest" fullname="Dynatrace.OpenKit.Core.Communication.BeaconSendingInitStateTest" classname="Dynatrace.OpenKit.Core.Communication.BeaconSendingInitStateTest" runstate="Runnable" testcasecount="9" result="Passed" start-time="2018-05-11 10:27:03Z" end-time="2018-05-11 10:27:03Z" duration="0.096277" total="9" passed="9" failed="0" warnings="0" inconclusive="0" skipped="0" asserts="2">
              <test-case id="4-1273" name="InitCompleteIsCalledIfShutdownIsRequested" fullname="Dynatrace.OpenKit.Core.Communication.BeaconSendingInitStateTest.InitCompleteIsCalledIfShutdownIsRequested" methodname="InitCompleteIsCalledIfShutdownIsRequested" classname="Dynatrace.OpenKit.Core.Communication.BeaconSendingInitStateTest" runstate="Runnable" seed="1033272133" result="Passed" start-time="2018-05-11 10:27:03Z" end-time="2018-05-11 10:27:03Z" duration="0.011034" asserts="0" />
              <test-case id="4-1270" name="InitCompleteIsCalledOnInterrupt" fullname="Dynatrace.OpenKit.Core.Communication.BeaconSendingInitStateTest.InitCompleteIsCalledOnInterrupt" methodname="InitCompleteIsCalledOnInterrupt" classname="Dynatrace.OpenKit.Core.Communication.BeaconSendingInitStateTest" runstate="Runnable" seed="268809133" result="Passed" start-time="2018-05-11 10:27:03Z" end-time="2018-05-11 10:27:03Z" duration="0.003822" asserts="0" />
              <test-case id="4-1271" name="LastOpenSessionBeaconSendTimeIsSetInExecute" fullname="Dynatrace.OpenKit.Core.Communication.BeaconSendingInitStateTest.LastOpenSessionBeaconSendTimeIsSetInExecute" methodname="LastOpenSessionBeaconSendTimeIsSetInExecute" classname="Dynatrace.OpenKit.Core.Communication.BeaconSendingInitStateTest" runstate="Runnable" seed="1637266628" result="Passed" start-time="2018-05-11 10:27:03Z" end-time="2018-05-11 10:27:03Z" duration="0.001776" asserts="0" />
              <test-case id="4-1272" name="LastStatusCheckTimeIsSetInExecute" fullname="Dynatrace.OpenKit.Core.Communication.BeaconSendingInitStateTest.LastStatusCheckTimeIsSetInExecute" methodname="LastStatusCheckTimeIsSetInExecute" classname="Dynatrace.OpenKit.Core.Communication.BeaconSendingInitStateTest" runstate="Runnable" seed="1058341857" result="Passed" start-time="2018-05-11 10:27:03Z" end-time="2018-05-11 10:27:03Z" duration="0.004217" asserts="0" />
              <test-case id="4-1274" name="ReinitializeSleepsBeforeSendingStatusRequests" fullname="Dynatrace.OpenKit.Core.Communication.BeaconSendingInitStateTest.ReinitializeSleepsBeforeSendingStatusRequests" methodname="ReinitializeSleepsBeforeSendingStatusRequests" classname="Dynatrace.OpenKit.Core.Communication.BeaconSendingInitStateTest" runstate="Runnable" seed="41813858" result="Passed" start-time="2018-05-11 10:27:03Z" end-time="2018-05-11 10:27:03Z" duration="0.039119" asserts="0" />
              <test-case id="4-1269" name="ShutdownStateIsTerminalState" fullname="Dynatrace.OpenKit.Core.Communication.BeaconSendingInitStateTest.ShutdownStateIsTerminalState" methodname="ShutdownStateIsTerminalState" classname="Dynatrace.OpenKit.Core.Communication.BeaconSendingInitStateTest" runstate="Runnable" seed="1185502146" result="Passed" start-time="2018-05-11 10:27:03Z" end-time="2018-05-11 10:27:03Z" duration="0.000614" asserts="1" />
              <test-case id="4-1268" name="StateIsNotTerminal" fullname="Dynatrace.OpenKit.Core.Communication.BeaconSendingInitStateTest.StateIsNotTerminal" methodname="StateIsNotTerminal" classname="Dynatrace.OpenKit.Core.Communication.BeaconSendingInitStateTest" runstate="Runnable" seed="1350503047" result="Passed" start-time="2018-05-11 10:27:03Z" end-time="2018-05-11 10:27:03Z" duration="0.000465" asserts="1" />
              <test-case id="4-1275" name="StatusRequestIsRetried" fullname="Dynatrace.OpenKit.Core.Communication.BeaconSendingInitStateTest.StatusRequestIsRetried" methodname="StatusRequestIsRetried" classname="Dynatrace.OpenKit.Core.Communication.BeaconSendingInitStateTest" runstate="Runnable" seed="2136167121" result="Passed" start-time="2018-05-11 10:27:03Z" end-time="2018-05-11 10:27:03Z" duration="0.015225" asserts="0" />
              <test-case id="4-1276" name="TransitionToTimeSyncIsPerformedOnSuccess" fullname="Dynatrace.OpenKit.Core.Communication.BeaconSendingInitStateTest.TransitionToTimeSyncIsPerformedOnSuccess" methodname="TransitionToTimeSyncIsPerformedOnSuccess" classname="Dynatrace.OpenKit.Core.Communication.BeaconSendingInitStateTest" runstate="Runnable" seed="1198687831" result="Passed" start-time="2018-05-11 10:27:03Z" end-time="2018-05-11 10:27:03Z" duration="0.001042" asserts="0" />
            </test-suite>
            <test-suite type="TestFixture" id="4-1277" name="BeaconSendingRequestUtilTest" fullname="Dynatrace.OpenKit.Core.Communication.BeaconSendingRequestUtilTest" classname="Dynatrace.OpenKit.Core.Communication.BeaconSendingRequestUtilTest" runstate="Runnable" testcasecount="4" result="Passed" start-time="2018-05-11 10:27:03Z" end-time="2018-05-11 10:27:03Z" duration="0.010109" total="4" passed="4" failed="0" warnings="0" inconclusive="0" skipped="0" asserts="4">
              <test-case id="4-1279" name="SendStatusRequestIsAbortedIfNumberOfRetriesIsExceeded" fullname="Dynatrace.OpenKit.Core.Communication.BeaconSendingRequestUtilTest.SendStatusRequestIsAbortedIfNumberOfRetriesIsExceeded" methodname="SendStatusRequestIsAbortedIfNumberOfRetriesIsExceeded" classname="Dynatrace.OpenKit.Core.Communication.BeaconSendingRequestUtilTest" runstate="Runnable" seed="82285428" result="Passed" start-time="2018-05-11 10:27:03Z" end-time="2018-05-11 10:27:03Z" duration="0.003781" asserts="1" />
              <test-case id="4-1278" name="SendStatusRequestIsAbortedWhenShutDownIsRequested" fullname="Dynatrace.OpenKit.Core.Communication.BeaconSendingRequestUtilTest.SendStatusRequestIsAbortedWhenShutDownIsRequested" methodname="SendStatusRequestIsAbortedWhenShutDownIsRequested" classname="Dynatrace.OpenKit.Core.Communication.BeaconSendingRequestUtilTest" runstate="Runnable" seed="350546562" result="Passed" start-time="2018-05-11 10:27:03Z" end-time="2018-05-11 10:27:03Z" duration="0.001043" asserts="1" />
              <test-case id="4-1280" name="SendStatusRequestWhenHttpClientReturnsANonNullResponse" fullname="Dynatrace.OpenKit.Core.Communication.BeaconSendingRequestUtilTest.SendStatusRequestWhenHttpClientReturnsANonNullResponse" methodname="SendStatusRequestWhenHttpClientReturnsANonNullResponse" classname="Dynatrace.OpenKit.Core.Communication.BeaconSendingRequestUtilTest" runstate="Runnable" seed="1177665318" result="Passed" start-time="2018-05-11 10:27:03Z" end-time="2018-05-11 10:27:03Z" duration="0.000938" asserts="1" />
              <test-case id="4-1281" name="SleepTimeIsDoubledBetweenConsecutiveRetries" fullname="Dynatrace.OpenKit.Core.Communication.BeaconSendingRequestUtilTest.SleepTimeIsDoubledBetweenConsecutiveRetries" methodname="SleepTimeIsDoubledBetweenConsecutiveRetries" classname="Dynatrace.OpenKit.Core.Communication.BeaconSendingRequestUtilTest" runstate="Runnable" seed="1888078613" result="Passed" start-time="2018-05-11 10:27:03Z" end-time="2018-05-11 10:27:03Z" duration="0.001863" asserts="1" />
            </test-suite>
            <test-suite type="TestFixture" id="4-1263" name="BeaconSendingTerminalStateTest" fullname="Dynatrace.OpenKit.Core.Communication.BeaconSendingTerminalStateTest" classname="Dynatrace.OpenKit.Core.Communication.BeaconSendingTerminalStateTest" runstate="Runnable" testcasecount="3" result="Passed" start-time="2018-05-11 10:27:03Z" end-time="2018-05-11 10:27:03Z" duration="0.012053" total="3" passed="3" failed="0" warnings="0" inconclusive="0" skipped="0" asserts="2">
              <test-case id="4-1264" name="StateIsTerminal" fullname="Dynatrace.OpenKit.Core.Communication.BeaconSendingTerminalStateTest.StateIsTerminal" methodname="StateIsTerminal" classname="Dynatrace.OpenKit.Core.Communication.BeaconSendingTerminalStateTest" runstate="Runnable" seed="530285402" result="Passed" start-time="2018-05-11 10:27:03Z" end-time="2018-05-11 10:27:03Z" duration="0.000898" asserts="1" />
              <test-case id="4-1266" name="TerminalStateCallsShutdownOnExecution" fullname="Dynatrace.OpenKit.Core.Communication.BeaconSendingTerminalStateTest.TerminalStateCallsShutdownOnExecution" methodname="TerminalStateCallsShutdownOnExecution" classname="Dynatrace.OpenKit.Core.Communication.BeaconSendingTerminalStateTest" runstate="Runnable" seed="1145415186" result="Passed" start-time="2018-05-11 10:27:03Z" end-time="2018-05-11 10:27:03Z" duration="0.007037" asserts="0" />
              <test-case id="4-1265" name="TerminalStateIsNextStateIfTransitionFromTerminalStateOccurs" fullname="Dynatrace.OpenKit.Core.Communication.BeaconSendingTerminalStateTest.TerminalStateIsNextStateIfTransitionFromTerminalStateOccurs" methodname="TerminalStateIsNextStateIfTransitionFromTerminalStateOccurs" classname="Dynatrace.OpenKit.Core.Communication.BeaconSendingTerminalStateTest" runstate="Runnable" seed="2042436353" result="Passed" start-time="2018-05-11 10:27:03Z" end-time="2018-05-11 10:27:03Z" duration="0.001054" asserts="1" />
            </test-suite>
            <test-suite type="TestFixture" id="4-1282" name="BeaconSendingTimeSyncStateTest" fullname="Dynatrace.OpenKit.Core.Communication.BeaconSendingTimeSyncStateTest" classname="Dynatrace.OpenKit.Core.Communication.BeaconSendingTimeSyncStateTest" runstate="Runnable" testcasecount="10" result="Passed" start-time="2018-05-11 10:27:03Z" end-time="2018-05-11 10:27:03Z" duration="0.056082" total="10" passed="10" failed="0" warnings="0" inconclusive="0" skipped="0" asserts="3">
              <test-case id="4-1289" name="InitCompleteIsCalledForInitialRequest_OnFailure" fullname="Dynatrace.OpenKit.Core.Communication.BeaconSendingTimeSyncStateTest.InitCompleteIsCalledForInitialRequest_OnFailure" methodname="InitCompleteIsCalledForInitialRequest_OnFailure" classname="Dynatrace.OpenKit.Core.Communication.BeaconSendingTimeSyncStateTest" runstate="Runnable" seed="991806262" result="Passed" start-time="2018-05-11 10:27:03Z" end-time="2018-05-11 10:27:03Z" duration="0.010774" asserts="0" />
              <test-case id="4-1288" name="InitCompleteIsCalledForInitialRequest_OnSuccess" fullname="Dynatrace.OpenKit.Core.Communication.BeaconSendingTimeSyncStateTest.InitCompleteIsCalledForInitialRequest_OnSuccess" methodname="InitCompleteIsCalledForInitialRequest_OnSuccess" classname="Dynatrace.OpenKit.Core.Communication.BeaconSendingTimeSyncStateTest" runstate="Runnable" seed="903754523" result="Passed" start-time="2018-05-11 10:27:03Z" end-time="2018-05-11 10:27:03Z" duration="0.012635" asserts="0" />
              <test-case id="4-1290" name="InitCompleteIsNotCalledForNonInitialRequest" fullname="Dynatrace.OpenKit.Core.Communication.BeaconSendingTimeSyncStateTest.InitCompleteIsNotCalledForNonInitialRequest" methodname="InitCompleteIsNotCalledForNonInitialRequest" classname="Dynatrace.OpenKit.Core.Communication.BeaconSendingTimeSyncStateTest" runstate="Runnable" seed="815653561" result="Passed" start-time="2018-05-11 10:27:03Z" end-time="2018-05-11 10:27:03Z" duration="0.002375" asserts="0" />
              <test-case id="4-1285" name="ShutdownStateIsFlushSessionStateForTimeReSync" fullname="Dynatrace.OpenKit.Core.Communication.BeaconSendingTimeSyncStateTest.ShutdownStateIsFlushSessionStateForTimeReSync" methodname="ShutdownStateIsFlushSessionStateForTimeReSync" classname="Dynatrace.OpenKit.Core.Communication.BeaconSendingTimeSyncStateTest" runstate="Runnable" seed="649461569" result="Passed" start-time="2018-05-11 10:27:03Z" end-time="2018-05-11 10:27:03Z" duration="0.002229" asserts="1" />
              <test-case id="4-1284" name="ShutdownStateIsTerminalStateForInitialTimeSync" fullname="Dynatrace.OpenKit.Core.Communication.BeaconSendingTimeSyncStateTest.ShutdownStateIsTerminalStateForInitialTimeSync" methodname="ShutdownStateIsTerminalStateForInitialTimeSync" classname="Dynatrace.OpenKit.Core.Communication.BeaconSendingTimeSyncStateTest" runstate="Runnable" seed="1284680476" result="Passed" start-time="2018-05-11 10:27:03Z" end-time="2018-05-11 10:27:03Z" duration="0.000907" asserts="1" />
              <test-case id="4-1292" name="SleepTimeIsDoubledAndResetAfterSuccess" fullname="Dynatrace.OpenKit.Core.Communication.BeaconSendingTimeSyncStateTest.SleepTimeIsDoubledAndResetAfterSuccess" methodname="SleepTimeIsDoubledAndResetAfterSuccess" classname="Dynatrace.OpenKit.Core.Communication.BeaconSendingTimeSyncStateTest" runstate="Runnable" seed="1494177713" result="Passed" start-time="2018-05-11 10:27:03Z" end-time="2018-05-11 10:27:03Z" duration="0.009207" asserts="0" />
              <test-case id="4-1283" name="StateIsNotTerminal" fullname="Dynatrace.OpenKit.Core.Communication.BeaconSendingTimeSyncStateTest.StateIsNotTerminal" methodname="StateIsNotTerminal" classname="Dynatrace.OpenKit.Core.Communication.BeaconSendingTimeSyncStateTest" runstate="Runnable" seed="224804085" result="Passed" start-time="2018-05-11 10:27:03Z" end-time="2018-05-11 10:27:03Z" duration="0.000607" asserts="1" />
              <test-case id="4-1291" name="TimeSyncRequetsAreRetried" fullname="Dynatrace.OpenKit.Core.Communication.BeaconSendingTimeSyncStateTest.TimeSyncRequetsAreRetried" methodname="TimeSyncRequetsAreRetried" classname="Dynatrace.OpenKit.Core.Communication.BeaconSendingTimeSyncStateTest" runstate="Runnable" seed="374796394" result="Passed" start-time="2018-05-11 10:27:03Z" end-time="2018-05-11 10:27:03Z" duration="0.007334" asserts="0" />
              <test-case id="4-1287" name="TransitionToCaptureOffIsPerformedOnSuccess" fullname="Dynatrace.OpenKit.Core.Communication.BeaconSendingTimeSyncStateTest.TransitionToCaptureOffIsPerformedOnSuccess" methodname="TransitionToCaptureOffIsPerformedOnSuccess" classname="Dynatrace.OpenKit.Core.Communication.BeaconSendingTimeSyncStateTest" runstate="Runnable" seed="698072581" result="Passed" start-time="2018-05-11 10:27:03Z" end-time="2018-05-11 10:27:03Z" duration="0.004178" asserts="0" />
              <test-case id="4-1286" name="TransitionToCaptureOnIsPerformedOnSuccess" fullname="Dynatrace.OpenKit.Core.Communication.BeaconSendingTimeSyncStateTest.TransitionToCaptureOnIsPerformedOnSuccess" methodname="TransitionToCaptureOnIsPerformedOnSuccess" classname="Dynatrace.OpenKit.Core.Communication.BeaconSendingTimeSyncStateTest" runstate="Runnable" seed="1551829744" result="Passed" start-time="2018-05-11 10:27:03Z" end-time="2018-05-11 10:27:03Z" duration="0.002744" asserts="0" />
            </test-suite>
          </test-suite>
          <test-suite type="TestSuite" id="4-1425" name="Configuration" fullname="Dynatrace.OpenKit.Core.Configuration" runstate="Runnable" testcasecount="10" result="Passed" start-time="2018-05-11 10:27:02Z" end-time="2018-05-11 10:27:03Z" duration="1.711487" total="10" passed="10" failed="0" warnings="0" inconclusive="0" skipped="0" asserts="17">
            <test-suite type="TestFixture" id="4-1293" name="BeaconCacheConfigurationTest" fullname="Dynatrace.OpenKit.Core.Configuration.BeaconCacheConfigurationTest" classname="Dynatrace.OpenKit.Core.Configuration.BeaconCacheConfigurationTest" runstate="Runnable" testcasecount="3" result="Passed" start-time="2018-05-11 10:27:03Z" end-time="2018-05-11 10:27:03Z" duration="0.001471" total="3" passed="3" failed="0" warnings="0" inconclusive="0" skipped="0" asserts="9">
              <test-case id="4-1295" name="CacheSizeLowerBound" fullname="Dynatrace.OpenKit.Core.Configuration.BeaconCacheConfigurationTest.CacheSizeLowerBound" methodname="CacheSizeLowerBound" classname="Dynatrace.OpenKit.Core.Configuration.BeaconCacheConfigurationTest" runstate="Runnable" seed="1173956642" result="Passed" start-time="2018-05-11 10:27:03Z" end-time="2018-05-11 10:27:03Z" duration="0.000460" asserts="3" />
              <test-case id="4-1296" name="CacheSizeUpperBound" fullname="Dynatrace.OpenKit.Core.Configuration.BeaconCacheConfigurationTest.CacheSizeUpperBound" methodname="CacheSizeUpperBound" classname="Dynatrace.OpenKit.Core.Configuration.BeaconCacheConfigurationTest" runstate="Runnable" seed="209080577" result="Passed" start-time="2018-05-11 10:27:03Z" end-time="2018-05-11 10:27:03Z" duration="0.000394" asserts="3" />
              <test-case id="4-1294" name="MaxRecordAge" fullname="Dynatrace.OpenKit.Core.Configuration.BeaconCacheConfigurationTest.MaxRecordAge" methodname="MaxRecordAge" classname="Dynatrace.OpenKit.Core.Configuration.BeaconCacheConfigurationTest" runstate="Runnable" seed="848905422" result="Passed" start-time="2018-05-11 10:27:03Z" end-time="2018-05-11 10:27:03Z" duration="0.000389" asserts="3" />
            </test-suite>
            <test-suite type="TestFixture" id="4-1297" name="OpenKitConfigurationTest" fullname="Dynatrace.OpenKit.Core.Configuration.OpenKitConfigurationTest" classname="Dynatrace.OpenKit.Core.Configuration.OpenKitConfigurationTest" runstate="Runnable" testcasecount="7" result="Passed" start-time="2018-05-11 10:27:03Z" end-time="2018-05-11 10:27:03Z" duration="0.011030" total="7" passed="7" failed="0" warnings="0" inconclusive="0" skipped="0" asserts="8">
              <test-case id="4-1298" name="ADefaultConstructedConfigurationEnablesCapturing" fullname="Dynatrace.OpenKit.Core.Configuration.OpenKitConfigurationTest.ADefaultConstructedConfigurationEnablesCapturing" methodname="ADefaultConstructedConfigurationEnablesCapturing" classname="Dynatrace.OpenKit.Core.Configuration.OpenKitConfigurationTest" runstate="Runnable" seed="355314693" result="Passed" start-time="2018-05-11 10:27:03Z" end-time="2018-05-11 10:27:03Z" duration="0.000492" asserts="1" />
              <test-case id="4-1303" name="CapturingIsDisabledFromStatusResponse" fullname="Dynatrace.OpenKit.Core.Configuration.OpenKitConfigurationTest.CapturingIsDisabledFromStatusResponse" methodname="CapturingIsDisabledFromStatusResponse" classname="Dynatrace.OpenKit.Core.Configuration.OpenKitConfigurationTest" runstate="Runnable" seed="1157989040" result="Passed" start-time="2018-05-11 10:27:03Z" end-time="2018-05-11 10:27:03Z" duration="0.003490" asserts="1" />
              <test-case id="4-1301" name="CapturingIsDisabledIfResponseCodeIndicatesFailures" fullname="Dynatrace.OpenKit.Core.Configuration.OpenKitConfigurationTest.CapturingIsDisabledIfResponseCodeIndicatesFailures" methodname="CapturingIsDisabledIfResponseCodeIndicatesFailures" classname="Dynatrace.OpenKit.Core.Configuration.OpenKitConfigurationTest" runstate="Runnable" seed="125867079" result="Passed" start-time="2018-05-11 10:27:03Z" end-time="2018-05-11 10:27:03Z" duration="0.000513" asserts="1" />
              <test-case id="4-1300" name="CapturingIsDisabledIfStatusResponseIsNull" fullname="Dynatrace.OpenKit.Core.Configuration.OpenKitConfigurationTest.CapturingIsDisabledIfStatusResponseIsNull" methodname="CapturingIsDisabledIfStatusResponseIsNull" classname="Dynatrace.OpenKit.Core.Configuration.OpenKitConfigurationTest" runstate="Runnable" seed="988915476" result="Passed" start-time="2018-05-11 10:27:03Z" end-time="2018-05-11 10:27:03Z" duration="0.000358" asserts="1" />
              <test-case id="4-1302" name="CapturingIsEnabledFromStatusResponse" fullname="Dynatrace.OpenKit.Core.Configuration.OpenKitConfigurationTest.CapturingIsEnabledFromStatusResponse" methodname="CapturingIsEnabledFromStatusResponse" classname="Dynatrace.OpenKit.Core.Configuration.OpenKitConfigurationTest" runstate="Runnable" seed="651906601" result="Passed" start-time="2018-05-11 10:27:03Z" end-time="2018-05-11 10:27:03Z" duration="0.004306" asserts="1" />
              <test-case id="4-1304" name="ConsecutiveCallsToNextSessionNumberIncrementTheSessionID" fullname="Dynatrace.OpenKit.Core.Configuration.OpenKitConfigurationTest.ConsecutiveCallsToNextSessionNumberIncrementTheSessionID" methodname="ConsecutiveCallsToNextSessionNumberIncrementTheSessionID" classname="Dynatrace.OpenKit.Core.Configuration.OpenKitConfigurationTest" runstate="Runnable" seed="1794442268" result="Passed" start-time="2018-05-11 10:27:03Z" end-time="2018-05-11 10:27:03Z" duration="0.000330" asserts="1" />
              <test-case id="4-1299" name="EnableAndDisableCapturing" fullname="Dynatrace.OpenKit.Core.Configuration.OpenKitConfigurationTest.EnableAndDisableCapturing" methodname="EnableAndDisableCapturing" classname="Dynatrace.OpenKit.Core.Configuration.OpenKitConfigurationTest" runstate="Runnable" seed="876879411" result="Passed" start-time="2018-05-11 10:27:03Z" end-time="2018-05-11 10:27:03Z" duration="0.000339" asserts="2" />
            </test-suite>
          </test-suite>
          <test-suite type="TestFixture" id="4-1140" name="DefaultLoggerTest" fullname="Dynatrace.OpenKit.Core.DefaultLoggerTest" classname="Dynatrace.OpenKit.Core.DefaultLoggerTest" runstate="Runnable" testcasecount="8" result="Passed" start-time="2018-05-11 10:27:03Z" end-time="2018-05-11 10:27:03Z" duration="0.009310" total="8" passed="8" failed="0" warnings="0" inconclusive="0" skipped="0" asserts="8">
            <test-case id="4-1148" name="DefaultLoggerWithoutVerboseOutputWritesDebugLevelMessages" fullname="Dynatrace.OpenKit.Core.DefaultLoggerTest.DefaultLoggerWithoutVerboseOutputWritesDebugLevelMessages" methodname="DefaultLoggerWithoutVerboseOutputWritesDebugLevelMessages" classname="Dynatrace.OpenKit.Core.DefaultLoggerTest" runstate="Runnable" seed="213693315" result="Passed" start-time="2018-05-11 10:27:03Z" end-time="2018-05-11 10:27:03Z" duration="0.000720" asserts="1" />
            <test-case id="4-1145" name="DefaultLoggerWithoutVerboseOutputWritesErrorLevelMessages" fullname="Dynatrace.OpenKit.Core.DefaultLoggerTest.DefaultLoggerWithoutVerboseOutputWritesErrorLevelMessages" methodname="DefaultLoggerWithoutVerboseOutputWritesErrorLevelMessages" classname="Dynatrace.OpenKit.Core.DefaultLoggerTest" runstate="Runnable" seed="1607933594" result="Passed" start-time="2018-05-11 10:27:03Z" end-time="2018-05-11 10:27:03Z" duration="0.000967" asserts="1" />
            <test-case id="4-1147" name="DefaultLoggerWithoutVerboseOutputWritesInfoLevelMessages" fullname="Dynatrace.OpenKit.Core.DefaultLoggerTest.DefaultLoggerWithoutVerboseOutputWritesInfoLevelMessages" methodname="DefaultLoggerWithoutVerboseOutputWritesInfoLevelMessages" classname="Dynatrace.OpenKit.Core.DefaultLoggerTest" runstate="Runnable" seed="995028109" result="Passed" start-time="2018-05-11 10:27:03Z" end-time="2018-05-11 10:27:03Z" duration="0.000569" asserts="1" />
            <test-case id="4-1146" name="DefaultLoggerWithoutVerboseOutputWritesWarnLevelMessages" fullname="Dynatrace.OpenKit.Core.DefaultLoggerTest.DefaultLoggerWithoutVerboseOutputWritesWarnLevelMessages" methodname="DefaultLoggerWithoutVerboseOutputWritesWarnLevelMessages" classname="Dynatrace.OpenKit.Core.DefaultLoggerTest" runstate="Runnable" seed="1681614680" result="Passed" start-time="2018-05-11 10:27:03Z" end-time="2018-05-11 10:27:03Z" duration="0.000540" asserts="1" />
            <test-case id="4-1144" name="DefaultLoggerWithVerboseOutputWritesDebugLevelMessages" fullname="Dynatrace.OpenKit.Core.DefaultLoggerTest.DefaultLoggerWithVerboseOutputWritesDebugLevelMessages" methodname="DefaultLoggerWithVerboseOutputWritesDebugLevelMessages" classname="Dynatrace.OpenKit.Core.DefaultLoggerTest" runstate="Runnable" seed="1644742059" result="Passed" start-time="2018-05-11 10:27:03Z" end-time="2018-05-11 10:27:03Z" duration="0.000239" asserts="1" />
            <test-case id="4-1141" name="DefaultLoggerWithVerboseOutputWritesErrorLevelMessages" fullname="Dynatrace.OpenKit.Core.DefaultLoggerTest.DefaultLoggerWithVerboseOutputWritesErrorLevelMessages" methodname="DefaultLoggerWithVerboseOutputWritesErrorLevelMessages" classname="Dynatrace.OpenKit.Core.DefaultLoggerTest" runstate="Runnable" seed="1481044442" result="Passed" start-time="2018-05-11 10:27:03Z" end-time="2018-05-11 10:27:03Z" duration="0.000221" asserts="1" />
            <test-case id="4-1143" name="DefaultLoggerWithVerboseOutputWritesInfoLevelMessages" fullname="Dynatrace.OpenKit.Core.DefaultLoggerTest.DefaultLoggerWithVerboseOutputWritesInfoLevelMessages" methodname="DefaultLoggerWithVerboseOutputWritesInfoLevelMessages" classname="Dynatrace.OpenKit.Core.DefaultLoggerTest" runstate="Runnable" seed="1606180812" result="Passed" start-time="2018-05-11 10:27:03Z" end-time="2018-05-11 10:27:03Z" duration="0.000262" asserts="1" />
            <test-case id="4-1142" name="DefaultLoggerWithVerboseOutputWritesWarnLevelMessages" fullname="Dynatrace.OpenKit.Core.DefaultLoggerTest.DefaultLoggerWithVerboseOutputWritesWarnLevelMessages" methodname="DefaultLoggerWithVerboseOutputWritesWarnLevelMessages" classname="Dynatrace.OpenKit.Core.DefaultLoggerTest" runstate="Runnable" seed="1150259531" result="Passed" start-time="2018-05-11 10:27:03Z" end-time="2018-05-11 10:27:03Z" duration="0.000337" asserts="1" />
          </test-suite>
          <test-suite type="TestFixture" id="4-1149" name="RootActionTest" fullname="Dynatrace.OpenKit.Core.RootActionTest" classname="Dynatrace.OpenKit.Core.RootActionTest" runstate="Runnable" testcasecount="6" result="Passed" start-time="2018-05-11 10:27:03Z" end-time="2018-05-11 10:27:03Z" duration="0.012457" total="6" passed="6" failed="0" warnings="0" inconclusive="0" skipped="0" asserts="16">
            <test-case id="4-1150" name="EnterActionReturnsNewChildAction" fullname="Dynatrace.OpenKit.Core.RootActionTest.EnterActionReturnsNewChildAction" methodname="EnterActionReturnsNewChildAction" classname="Dynatrace.OpenKit.Core.RootActionTest" runstate="Runnable" seed="1039452471" result="Passed" start-time="2018-05-11 10:27:03Z" end-time="2018-05-11 10:27:03Z" duration="0.003979" asserts="5" />
            <test-case id="4-1153" name="EnterActionReturnsNullActionIfActionNameIsAnEmptyString" fullname="Dynatrace.OpenKit.Core.RootActionTest.EnterActionReturnsNullActionIfActionNameIsAnEmptyString" methodname="EnterActionReturnsNullActionIfActionNameIsAnEmptyString" classname="Dynatrace.OpenKit.Core.RootActionTest" runstate="Runnable" seed="465606797" result="Passed" start-time="2018-05-11 10:27:03Z" end-time="2018-05-11 10:27:03Z" duration="0.001215" asserts="1" />
            <test-case id="4-1152" name="EnterActionReturnsNullActionIfActionNameIsNull" fullname="Dynatrace.OpenKit.Core.RootActionTest.EnterActionReturnsNullActionIfActionNameIsNull" methodname="EnterActionReturnsNullActionIfActionNameIsNull" classname="Dynatrace.OpenKit.Core.RootActionTest" runstate="Runnable" seed="1251076560" result="Passed" start-time="2018-05-11 10:27:03Z" end-time="2018-05-11 10:27:03Z" duration="0.000916" asserts="1" />
            <test-case id="4-1151" name="EnterActionReturnsNullActionIfAlreadyLeft" fullname="Dynatrace.OpenKit.Core.RootActionTest.EnterActionReturnsNullActionIfAlreadyLeft" methodname="EnterActionReturnsNullActionIfAlreadyLeft" classname="Dynatrace.OpenKit.Core.RootActionTest" runstate="Runnable" seed="567429871" result="Passed" start-time="2018-05-11 10:27:03Z" end-time="2018-05-11 10:27:03Z" duration="0.001673" asserts="3" />
            <test-case id="4-1154" name="LeavingAParentActionWillLeaveAllOpenChildActionsFirst" fullname="Dynatrace.OpenKit.Core.RootActionTest.LeavingAParentActionWillLeaveAllOpenChildActionsFirst" methodname="LeavingAParentActionWillLeaveAllOpenChildActionsFirst" classname="Dynatrace.OpenKit.Core.RootActionTest" runstate="Runnable" seed="92788585" result="Passed" start-time="2018-05-11 10:27:03Z" end-time="2018-05-11 10:27:03Z" duration="0.002910" asserts="5" />
            <test-case id="4-1155" name="LeavingRootActionReturnsNullValueAsParent" fullname="Dynatrace.OpenKit.Core.RootActionTest.LeavingRootActionReturnsNullValueAsParent" methodname="LeavingRootActionReturnsNullValueAsParent" classname="Dynatrace.OpenKit.Core.RootActionTest" runstate="Runnable" seed="461853127" result="Passed" start-time="2018-05-11 10:27:03Z" end-time="2018-05-11 10:27:03Z" duration="0.001176" asserts="1" />
          </test-suite>
          <test-suite type="TestFixture" id="4-1156" name="SessionTest" fullname="Dynatrace.OpenKit.Core.SessionTest" classname="Dynatrace.OpenKit.Core.SessionTest" runstate="Runnable" testcasecount="19" result="Passed" start-time="2018-05-11 10:27:03Z" end-time="2018-05-11 10:27:04Z" duration="0.048375" total="19" passed="19" failed="0" warnings="0" inconclusive="0" skipped="0" asserts="21">
            <test-case id="4-1159" name="AfterCallingEndASessionIsEnded" fullname="Dynatrace.OpenKit.Core.SessionTest.AfterCallingEndASessionIsEnded" methodname="AfterCallingEndASessionIsEnded" classname="Dynatrace.OpenKit.Core.SessionTest" runstate="Runnable" seed="1572036627" result="Passed" start-time="2018-05-11 10:27:03Z" end-time="2018-05-11 10:27:03Z" duration="0.005693" asserts="1" />
            <test-case id="4-1157" name="ANewlyCreatedSessionIsEmpty" fullname="Dynatrace.OpenKit.Core.SessionTest.ANewlyCreatedSessionIsEmpty" methodname="ANewlyCreatedSessionIsEmpty" classname="Dynatrace.OpenKit.Core.SessionTest" runstate="Runnable" seed="414482494" result="Passed" start-time="2018-05-11 10:27:03Z" end-time="2018-05-11 10:27:03Z" duration="0.001056" asserts="1" />
            <test-case id="4-1158" name="ANewlyCreatedSessionIsNotEnded" fullname="Dynatrace.OpenKit.Core.SessionTest.ANewlyCreatedSessionIsNotEnded" methodname="ANewlyCreatedSessionIsNotEnded" classname="Dynatrace.OpenKit.Core.SessionTest" runstate="Runnable" seed="1335346955" result="Passed" start-time="2018-05-11 10:27:03Z" end-time="2018-05-11 10:27:03Z" duration="0.000901" asserts="2" />
            <test-case id="4-1174" name="DisposingASessionEndsTheSession" fullname="Dynatrace.OpenKit.Core.SessionTest.DisposingASessionEndsTheSession" methodname="DisposingASessionEndsTheSession" classname="Dynatrace.OpenKit.Core.SessionTest" runstate="Runnable" seed="1678353319" result="Passed" start-time="2018-05-11 10:27:03Z" end-time="2018-05-11 10:27:03Z" duration="0.002968" asserts="0" />
            <test-case id="4-1172" name="EndingASessionEndsOpenRootActionsFirst" fullname="Dynatrace.OpenKit.Core.SessionTest.EndingASessionEndsOpenRootActionsFirst" methodname="EndingASessionEndsOpenRootActionsFirst" classname="Dynatrace.OpenKit.Core.SessionTest" runstate="Runnable" seed="1904701032" result="Passed" start-time="2018-05-11 10:27:03Z" end-time="2018-05-11 10:27:03Z" duration="0.009733" asserts="4" />
            <test-case id="4-1173" name="EndingASessionFinishesSessionContext" fullname="Dynatrace.OpenKit.Core.SessionTest.EndingASessionFinishesSessionContext" methodname="EndingASessionFinishesSessionContext" classname="Dynatrace.OpenKit.Core.SessionTest" runstate="Runnable" seed="2018470760" result="Passed" start-time="2018-05-11 10:27:03Z" end-time="2018-05-11 10:27:03Z" duration="0.001559" asserts="0" />
            <test-case id="4-1175" name="EndingASessionReturnsImmediatelyIfEndedBefore" fullname="Dynatrace.OpenKit.Core.SessionTest.EndingASessionReturnsImmediatelyIfEndedBefore" methodname="EndingASessionReturnsImmediatelyIfEndedBefore" classname="Dynatrace.OpenKit.Core.SessionTest" runstate="Runnable" seed="1357059120" result="Passed" start-time="2018-05-11 10:27:03Z" end-time="2018-05-11 10:27:03Z" duration="0.001685" asserts="1" />
            <test-case id="4-1160" name="EnterActionGivesNewRootAction" fullname="Dynatrace.OpenKit.Core.SessionTest.EnterActionGivesNewRootAction" methodname="EnterActionGivesNewRootAction" classname="Dynatrace.OpenKit.Core.SessionTest" runstate="Runnable" seed="1411750709" result="Passed" start-time="2018-05-11 10:27:03Z" end-time="2018-05-11 10:27:03Z" duration="0.001033" asserts="1" />
            <test-case id="4-1163" name="EnterActionGivesNullActionIfActionNameIsEmptyString" fullname="Dynatrace.OpenKit.Core.SessionTest.EnterActionGivesNullActionIfActionNameIsEmptyString" methodname="EnterActionGivesNullActionIfActionNameIsEmptyString" classname="Dynatrace.OpenKit.Core.SessionTest" runstate="Runnable" seed="3131619" result="Passed" start-time="2018-05-11 10:27:03Z" end-time="2018-05-11 10:27:03Z" duration="0.001601" asserts="1" />
            <test-case id="4-1162" name="EnterActionGivesNullActionIfActionNameIsNull" fullname="Dynatrace.OpenKit.Core.SessionTest.EnterActionGivesNullActionIfActionNameIsNull" methodname="EnterActionGivesNullActionIfActionNameIsNull" classname="Dynatrace.OpenKit.Core.SessionTest" runstate="Runnable" seed="1860371046" result="Passed" start-time="2018-05-11 10:27:03Z" end-time="2018-05-11 10:27:04Z" duration="0.001045" asserts="1" />
            <test-case id="4-1161" name="EnterActionGivesNullActionIfSessionIsAlreadyEnded" fullname="Dynatrace.OpenKit.Core.SessionTest.EnterActionGivesNullActionIfSessionIsAlreadyEnded" methodname="EnterActionGivesNullActionIfSessionIsAlreadyEnded" classname="Dynatrace.OpenKit.Core.SessionTest" runstate="Runnable" seed="383174920" result="Passed" start-time="2018-05-11 10:27:04Z" end-time="2018-05-11 10:27:04Z" duration="0.001093" asserts="1" />
            <test-case id="4-1164" name="IdentifyUser" fullname="Dynatrace.OpenKit.Core.SessionTest.IdentifyUser" methodname="IdentifyUser" classname="Dynatrace.OpenKit.Core.SessionTest" runstate="Runnable" seed="259353295" result="Passed" start-time="2018-05-11 10:27:04Z" end-time="2018-05-11 10:27:04Z" duration="0.002936" asserts="1" />
            <test-case id="4-1165" name="IdentifyUserDoesNothingIfSessionIsEnded" fullname="Dynatrace.OpenKit.Core.SessionTest.IdentifyUserDoesNothingIfSessionIsEnded" methodname="IdentifyUserDoesNothingIfSessionIsEnded" classname="Dynatrace.OpenKit.Core.SessionTest" runstate="Runnable" seed="1011998669" result="Passed" start-time="2018-05-11 10:27:04Z" end-time="2018-05-11 10:27:04Z" duration="0.003601" asserts="1" />
            <test-case id="4-1167" name="IdentifyUserDoesNothingIfUserTagIsAnEmptyString" fullname="Dynatrace.OpenKit.Core.SessionTest.IdentifyUserDoesNothingIfUserTagIsAnEmptyString" methodname="IdentifyUserDoesNothingIfUserTagIsAnEmptyString" classname="Dynatrace.OpenKit.Core.SessionTest" runstate="Runnable" seed="118204055" result="Passed" start-time="2018-05-11 10:27:04Z" end-time="2018-05-11 10:27:04Z" duration="0.001259" asserts="1" />
            <test-case id="4-1166" name="IdentifyUserDoesNothingIfUserTagIsNull" fullname="Dynatrace.OpenKit.Core.SessionTest.IdentifyUserDoesNothingIfUserTagIsNull" methodname="IdentifyUserDoesNothingIfUserTagIsNull" classname="Dynatrace.OpenKit.Core.SessionTest" runstate="Runnable" seed="574934598" result="Passed" start-time="2018-05-11 10:27:04Z" end-time="2018-05-11 10:27:04Z" duration="0.001057" asserts="1" />
            <test-case id="4-1168" name="ReportCrash" fullname="Dynatrace.OpenKit.Core.SessionTest.ReportCrash" methodname="ReportCrash" classname="Dynatrace.OpenKit.Core.SessionTest" runstate="Runnable" seed="485323111" result="Passed" start-time="2018-05-11 10:27:04Z" end-time="2018-05-11 10:27:04Z" duration="0.003776" asserts="1" />
            <test-case id="4-1171" name="ReportCrashDoesNothingIfErrorNameIsAnEmptyString" fullname="Dynatrace.OpenKit.Core.SessionTest.ReportCrashDoesNothingIfErrorNameIsAnEmptyString" methodname="ReportCrashDoesNothingIfErrorNameIsAnEmptyString" classname="Dynatrace.OpenKit.Core.SessionTest" runstate="Runnable" seed="82866559" result="Passed" start-time="2018-05-11 10:27:04Z" end-time="2018-05-11 10:27:04Z" duration="0.001343" asserts="1" />
            <test-case id="4-1170" name="ReportCrashDoesNothingIfErrorNameIsNull" fullname="Dynatrace.OpenKit.Core.SessionTest.ReportCrashDoesNothingIfErrorNameIsNull" methodname="ReportCrashDoesNothingIfErrorNameIsNull" classname="Dynatrace.OpenKit.Core.SessionTest" runstate="Runnable" seed="469698385" result="Passed" start-time="2018-05-11 10:27:04Z" end-time="2018-05-11 10:27:04Z" duration="0.001107" asserts="1" />
            <test-case id="4-1169" name="ReportCrashDoesNothingIfSessionIsEnded" fullname="Dynatrace.OpenKit.Core.SessionTest.ReportCrashDoesNothingIfSessionIsEnded" methodname="ReportCrashDoesNothingIfSessionIsEnded" classname="Dynatrace.OpenKit.Core.SessionTest" runstate="Runnable" seed="1417692482" result="Passed" start-time="2018-05-11 10:27:04Z" end-time="2018-05-11 10:27:04Z" duration="0.001235" asserts="1" />
          </test-suite>
          <test-suite type="TestSuite" id="4-1423" name="Util" fullname="Dynatrace.OpenKit.Core.Util" runstate="Runnable" testcasecount="13" result="Passed" start-time="2018-05-11 10:27:02Z" end-time="2018-05-11 10:27:04Z" duration="1.794434" total="13" passed="13" failed="0" warnings="0" inconclusive="0" skipped="0" asserts="13">
            <test-suite type="TestFixture" id="4-1200" name="InetAddressValidatorTest" fullname="Dynatrace.OpenKit.Core.Util.InetAddressValidatorTest" classname="Dynatrace.OpenKit.Core.Util.InetAddressValidatorTest" runstate="Runnable" testcasecount="13" result="Passed" start-time="2018-05-11 10:27:04Z" end-time="2018-05-11 10:27:04Z" duration="0.009820" total="13" passed="13" failed="0" warnings="0" inconclusive="0" skipped="0" asserts="13">
              <test-case id="4-1212" name="IPAddressEmptyIsInvalid" fullname="Dynatrace.OpenKit.Core.Util.InetAddressValidatorTest.IPAddressEmptyIsInvalid" methodname="IPAddressEmptyIsInvalid" classname="Dynatrace.OpenKit.Core.Util.InetAddressValidatorTest" runstate="Runnable" seed="1101050520" result="Passed" start-time="2018-05-11 10:27:04Z" end-time="2018-05-11 10:27:04Z" duration="0.000356" asserts="1" />
              <test-case id="4-1213" name="IPAddressNullIsInvalid" fullname="Dynatrace.OpenKit.Core.Util.InetAddressValidatorTest.IPAddressNullIsInvalid" methodname="IPAddressNullIsInvalid" classname="Dynatrace.OpenKit.Core.Util.InetAddressValidatorTest" runstate="Runnable" seed="1509886032" result="Passed" start-time="2018-05-11 10:27:04Z" end-time="2018-05-11 10:27:04Z" duration="0.000264" asserts="1" />
              <test-case id="4-1202" name="IPV4AddressIsInvalidDueToExtraBlock" fullname="Dynatrace.OpenKit.Core.Util.InetAddressValidatorTest.IPV4AddressIsInvalidDueToExtraBlock" methodname="IPV4AddressIsInvalidDueToExtraBlock" classname="Dynatrace.OpenKit.Core.Util.InetAddressValidatorTest" runstate="Runnable" seed="974039999" result="Passed" start-time="2018-05-11 10:27:04Z" end-time="2018-05-11 10:27:04Z" duration="0.005248" asserts="1" />
              <test-case id="4-1203" name="IPV4AddressIsInvalidDueToHighNumber" fullname="Dynatrace.OpenKit.Core.Util.InetAddressValidatorTest.IPV4AddressIsInvalidDueToHighNumber" methodname="IPV4AddressIsInvalidDueToHighNumber" classname="Dynatrace.OpenKit.Core.Util.InetAddressValidatorTest" runstate="Runnable" seed="1807811250" result="Passed" start-time="2018-05-11 10:27:04Z" end-time="2018-05-11 10:27:04Z" duration="0.000337" asserts="1" />
              <test-case id="4-1205" name="IPV4AddressIsInvalidDueToLetter" fullname="Dynatrace.OpenKit.Core.Util.InetAddressValidatorTest.IPV4AddressIsInvalidDueToLetter" methodname="IPV4AddressIsInvalidDueToLetter" classname="Dynatrace.OpenKit.Core.Util.InetAddressValidatorTest" runstate="Runnable" seed="598477195" result="Passed" start-time="2018-05-11 10:27:04Z" end-time="2018-05-11 10:27:04Z" duration="0.000307" asserts="1" />
              <test-case id="4-1206" name="IPV4AddressIsInvalidDueToMissingBlock" fullname="Dynatrace.OpenKit.Core.Util.InetAddressValidatorTest.IPV4AddressIsInvalidDueToMissingBlock" methodname="IPV4AddressIsInvalidDueToMissingBlock" classname="Dynatrace.OpenKit.Core.Util.InetAddressValidatorTest" runstate="Runnable" seed="613142707" result="Passed" start-time="2018-05-11 10:27:04Z" end-time="2018-05-11 10:27:04Z" duration="0.000279" asserts="1" />
              <test-case id="4-1204" name="IPV4AddressIsInvalidDueToNegativeNumber" fullname="Dynatrace.OpenKit.Core.Util.InetAddressValidatorTest.IPV4AddressIsInvalidDueToNegativeNumber" methodname="IPV4AddressIsInvalidDueToNegativeNumber" classname="Dynatrace.OpenKit.Core.Util.InetAddressValidatorTest" runstate="Runnable" seed="893304354" result="Passed" start-time="2018-05-11 10:27:04Z" end-time="2018-05-11 10:27:04Z" duration="0.000336" asserts="1" />
              <test-case id="4-1201" name="IPV4AddressIsValid" fullname="Dynatrace.OpenKit.Core.Util.InetAddressValidatorTest.IPV4AddressIsValid" methodname="IPV4AddressIsValid" classname="Dynatrace.OpenKit.Core.Util.InetAddressValidatorTest" runstate="Runnable" seed="139048126" result="Passed" start-time="2018-05-11 10:27:04Z" end-time="2018-05-11 10:27:04Z" duration="0.000239" asserts="1" />
              <test-case id="4-1209" name="IPV6AddressIsInvalidDueTo5HexDigitNumber" fullname="Dynatrace.OpenKit.Core.Util.InetAddressValidatorTest.IPV6AddressIsInvalidDueTo5HexDigitNumber" methodname="IPV6AddressIsInvalidDueTo5HexDigitNumber" classname="Dynatrace.OpenKit.Core.Util.InetAddressValidatorTest" runstate="Runnable" seed="1713197776" result="Passed" start-time="2018-05-11 10:27:04Z" end-time="2018-05-11 10:27:04Z" duration="0.000307" asserts="1" />
              <test-case id="4-1208" name="IPV6AddressIsInvalidDueToExtraBlock" fullname="Dynatrace.OpenKit.Core.Util.InetAddressValidatorTest.IPV6AddressIsInvalidDueToExtraBlock" methodname="IPV6AddressIsInvalidDueToExtraBlock" classname="Dynatrace.OpenKit.Core.Util.InetAddressValidatorTest" runstate="Runnable" seed="483067934" result="Passed" start-time="2018-05-11 10:27:04Z" end-time="2018-05-11 10:27:04Z" duration="0.000682" asserts="1" />
              <test-case id="4-1210" name="IPV6AddressIsInvalidDueToNonHexLetter" fullname="Dynatrace.OpenKit.Core.Util.InetAddressValidatorTest.IPV6AddressIsInvalidDueToNonHexLetter" methodname="IPV6AddressIsInvalidDueToNonHexLetter" classname="Dynatrace.OpenKit.Core.Util.InetAddressValidatorTest" runstate="Runnable" seed="332719586" result="Passed" start-time="2018-05-11 10:27:04Z" end-time="2018-05-11 10:27:04Z" duration="0.000325" asserts="1" />
              <test-case id="4-1207" name="IPV6AddressIsValid" fullname="Dynatrace.OpenKit.Core.Util.InetAddressValidatorTest.IPV6AddressIsValid" methodname="IPV6AddressIsValid" classname="Dynatrace.OpenKit.Core.Util.InetAddressValidatorTest" runstate="Runnable" seed="186328610" result="Passed" start-time="2018-05-11 10:27:04Z" end-time="2018-05-11 10:27:04Z" duration="0.000244" asserts="1" />
              <test-case id="4-1211" name="IPV6AddressWithLessThanEightBlocksIsValid" fullname="Dynatrace.OpenKit.Core.Util.InetAddressValidatorTest.IPV6AddressWithLessThanEightBlocksIsValid" methodname="IPV6AddressWithLessThanEightBlocksIsValid" classname="Dynatrace.OpenKit.Core.Util.InetAddressValidatorTest" runstate="Runnable" seed="360915216" result="Passed" start-time="2018-05-11 10:27:04Z" end-time="2018-05-11 10:27:04Z" duration="0.000240" asserts="1" />
            </test-suite>
          </test-suite>
          <test-suite type="TestFixture" id="4-1176" name="WebRequestTracerBaseTest" fullname="Dynatrace.OpenKit.Core.WebRequestTracerBaseTest" classname="Dynatrace.OpenKit.Core.WebRequestTracerBaseTest" runstate="Runnable" testcasecount="14" result="Passed" start-time="2018-05-11 10:27:04Z" end-time="2018-05-11 10:27:04Z" duration="0.038311" total="14" passed="14" failed="0" warnings="0" inconclusive="0" skipped="0" asserts="34">
            <test-case id="4-1179" name="ANewlyCreatedWebRequestTracerIsNotStopped" fullname="Dynatrace.OpenKit.Core.WebRequestTracerBaseTest.ANewlyCreatedWebRequestTracerIsNotStopped" methodname="ANewlyCreatedWebRequestTracerIsNotStopped" classname="Dynatrace.OpenKit.Core.WebRequestTracerBaseTest" runstate="Runnable" seed="126427285" result="Passed" start-time="2018-05-11 10:27:04Z" end-time="2018-05-11 10:27:04Z" duration="0.002185" asserts="1" />
            <test-case id="4-1180" name="AWebRequestTracerIsStoppedAfterStopHasBeenCalled" fullname="Dynatrace.OpenKit.Core.WebRequestTracerBaseTest.AWebRequestTracerIsStoppedAfterStopHasBeenCalled" methodname="AWebRequestTracerIsStoppedAfterStopHasBeenCalled" classname="Dynatrace.OpenKit.Core.WebRequestTracerBaseTest" runstate="Runnable" seed="1110097077" result="Passed" start-time="2018-05-11 10:27:04Z" end-time="2018-05-11 10:27:04Z" duration="0.007687" asserts="1" />
            <test-case id="4-1177" name="DefaultValues" fullname="Dynatrace.OpenKit.Core.WebRequestTracerBaseTest.DefaultValues" methodname="DefaultValues" classname="Dynatrace.OpenKit.Core.WebRequestTracerBaseTest" runstate="Runnable" seed="2082507048" result="Passed" start-time="2018-05-11 10:27:04Z" end-time="2018-05-11 10:27:04Z" duration="0.001852" asserts="8" />
            <test-case id="4-1181" name="DisposingAWebRequestTracerStopsIt" fullname="Dynatrace.OpenKit.Core.WebRequestTracerBaseTest.DisposingAWebRequestTracerStopsIt" methodname="DisposingAWebRequestTracerStopsIt" classname="Dynatrace.OpenKit.Core.WebRequestTracerBaseTest" runstate="Runnable" seed="1668067356" result="Passed" start-time="2018-05-11 10:27:04Z" end-time="2018-05-11 10:27:04Z" duration="0.002416" asserts="1" />
            <test-case id="4-1178" name="GetTag" fullname="Dynatrace.OpenKit.Core.WebRequestTracerBaseTest.GetTag" methodname="GetTag" classname="Dynatrace.OpenKit.Core.WebRequestTracerBaseTest" runstate="Runnable" seed="406344380" result="Passed" start-time="2018-05-11 10:27:04Z" end-time="2018-05-11 10:27:04Z" duration="0.001415" asserts="1" />
            <test-case id="4-1187" name="SetBytesReceivedDoesNotSetAnythingIfStopped" fullname="Dynatrace.OpenKit.Core.WebRequestTracerBaseTest.SetBytesReceivedDoesNotSetAnythingIfStopped" methodname="SetBytesReceivedDoesNotSetAnythingIfStopped" classname="Dynatrace.OpenKit.Core.WebRequestTracerBaseTest" runstate="Runnable" seed="1330242481" result="Passed" start-time="2018-05-11 10:27:04Z" end-time="2018-05-11 10:27:04Z" duration="0.002347" asserts="2" />
            <test-case id="4-1186" name="SetBytesReceivedSetsTheNumberOfReceivedBytes" fullname="Dynatrace.OpenKit.Core.WebRequestTracerBaseTest.SetBytesReceivedSetsTheNumberOfReceivedBytes" methodname="SetBytesReceivedSetsTheNumberOfReceivedBytes" classname="Dynatrace.OpenKit.Core.WebRequestTracerBaseTest" runstate="Runnable" seed="1314488299" result="Passed" start-time="2018-05-11 10:27:04Z" end-time="2018-05-11 10:27:04Z" duration="0.000956" asserts="2" />
            <test-case id="4-1185" name="SetBytesSentDoesNotSetAnythingIfStopped" fullname="Dynatrace.OpenKit.Core.WebRequestTracerBaseTest.SetBytesSentDoesNotSetAnythingIfStopped" methodname="SetBytesSentDoesNotSetAnythingIfStopped" classname="Dynatrace.OpenKit.Core.WebRequestTracerBaseTest" runstate="Runnable" seed="2018857483" result="Passed" start-time="2018-05-11 10:27:04Z" end-time="2018-05-11 10:27:04Z" duration="0.002450" asserts="2" />
            <test-case id="4-1184" name="SetBytesSentSetsTheNumberOfSentBytes" fullname="Dynatrace.OpenKit.Core.WebRequestTracerBaseTest.SetBytesSentSetsTheNumberOfSentBytes" methodname="SetBytesSentSetsTheNumberOfSentBytes" classname="Dynatrace.OpenKit.Core.WebRequestTracerBaseTest" runstate="Runnable" seed="4516510" result="Passed" start-time="2018-05-11 10:27:04Z" end-time="2018-05-11 10:27:04Z" duration="0.002153" asserts="2" />
            <test-case id="4-1183" name="SetResponseCodeDoesNotSetTheResponseCodeIfStopped" fullname="Dynatrace.OpenKit.Core.WebRequestTracerBaseTest.SetResponseCodeDoesNotSetTheResponseCodeIfStopped" methodname="SetResponseCodeDoesNotSetTheResponseCodeIfStopped" classname="Dynatrace.OpenKit.Core.WebRequestTracerBaseTest" runstate="Runnable" seed="1665710025" result="Passed" start-time="2018-05-11 10:27:04Z" end-time="2018-05-11 10:27:04Z" duration="0.003303" asserts="2" />
            <test-case id="4-1182" name="SetResponseCodeSetsTheResponseCode" fullname="Dynatrace.OpenKit.Core.WebRequestTracerBaseTest.SetResponseCodeSetsTheResponseCode" methodname="SetResponseCodeSetsTheResponseCode" classname="Dynatrace.OpenKit.Core.WebRequestTracerBaseTest" runstate="Runnable" seed="730166994" result="Passed" start-time="2018-05-11 10:27:04Z" end-time="2018-05-11 10:27:04Z" duration="0.002072" asserts="2" />
            <test-case id="4-1189" name="StartDoesNothingIfAlreadyStopped" fullname="Dynatrace.OpenKit.Core.WebRequestTracerBaseTest.StartDoesNothingIfAlreadyStopped" methodname="StartDoesNothingIfAlreadyStopped" classname="Dynatrace.OpenKit.Core.WebRequestTracerBaseTest" runstate="Runnable" seed="837406958" result="Passed" start-time="2018-05-11 10:27:04Z" end-time="2018-05-11 10:27:04Z" duration="0.002516" asserts="2" />
            <test-case id="4-1188" name="StartSetsTheStartTime" fullname="Dynatrace.OpenKit.Core.WebRequestTracerBaseTest.StartSetsTheStartTime" methodname="StartSetsTheStartTime" classname="Dynatrace.OpenKit.Core.WebRequestTracerBaseTest" runstate="Runnable" seed="338444641" result="Passed" start-time="2018-05-11 10:27:04Z" end-time="2018-05-11 10:27:04Z" duration="0.001086" asserts="2" />
            <test-case id="4-1190" name="StopCanOnlyBeExecutedOnce" fullname="Dynatrace.OpenKit.Core.WebRequestTracerBaseTest.StopCanOnlyBeExecutedOnce" methodname="StopCanOnlyBeExecutedOnce" classname="Dynatrace.OpenKit.Core.WebRequestTracerBaseTest" runstate="Runnable" seed="1876564803" result="Passed" start-time="2018-05-11 10:27:04Z" end-time="2018-05-11 10:27:04Z" duration="0.001663" asserts="6" />
          </test-suite>
          <test-suite type="TestFixture" id="4-1191" name="WebRequestTracerStringURLTest" fullname="Dynatrace.OpenKit.Core.WebRequestTracerStringURLTest" classname="Dynatrace.OpenKit.Core.WebRequestTracerStringURLTest" runstate="Runnable" testcasecount="8" result="Passed" start-time="2018-05-11 10:27:04Z" end-time="2018-05-11 10:27:04Z" duration="0.008657" total="8" passed="8" failed="0" warnings="0" inconclusive="0" skipped="0" asserts="9">
            <test-case id="4-1198" name="AnURLIsOnlySetInConstructorIfItIsValid" fullname="Dynatrace.OpenKit.Core.WebRequestTracerStringURLTest.AnURLIsOnlySetInConstructorIfItIsValid" methodname="AnURLIsOnlySetInConstructorIfItIsValid" classname="Dynatrace.OpenKit.Core.WebRequestTracerStringURLTest" runstate="Runnable" seed="1885214148" result="Passed" start-time="2018-05-11 10:27:04Z" end-time="2018-05-11 10:27:04Z" duration="0.001548" asserts="1" />
            <test-case id="4-1197" name="ASchemeIsInvalidIfInvalidCharactersAreEncountered" fullname="Dynatrace.OpenKit.Core.WebRequestTracerStringURLTest.ASchemeIsInvalidIfInvalidCharactersAreEncountered" methodname="ASchemeIsInvalidIfInvalidCharactersAreEncountered" classname="Dynatrace.OpenKit.Core.WebRequestTracerStringURLTest" runstate="Runnable" seed="1106954950" result="Passed" start-time="2018-05-11 10:27:04Z" end-time="2018-05-11 10:27:04Z" duration="0.000746" asserts="1" />
            <test-case id="4-1195" name="AValidSchemeAllowsUpperCaseLettersToo" fullname="Dynatrace.OpenKit.Core.WebRequestTracerStringURLTest.AValidSchemeAllowsUpperCaseLettersToo" methodname="AValidSchemeAllowsUpperCaseLettersToo" classname="Dynatrace.OpenKit.Core.WebRequestTracerStringURLTest" runstate="Runnable" seed="1011970289" result="Passed" start-time="2018-05-11 10:27:04Z" end-time="2018-05-11 10:27:04Z" duration="0.000928" asserts="1" />
            <test-case id="4-1196" name="AValidSchemeDoesNotStartWithADigit" fullname="Dynatrace.OpenKit.Core.WebRequestTracerStringURLTest.AValidSchemeDoesNotStartWithADigit" methodname="AValidSchemeDoesNotStartWithADigit" classname="Dynatrace.OpenKit.Core.WebRequestTracerStringURLTest" runstate="Runnable" seed="1953941306" result="Passed" start-time="2018-05-11 10:27:04Z" end-time="2018-05-11 10:27:04Z" duration="0.001141" asserts="2" />
            <test-case id="4-1194" name="AValidSchemeOnlyContainsLettersDigitsPlusPeriodOrHyphen" fullname="Dynatrace.OpenKit.Core.WebRequestTracerStringURLTest.AValidSchemeOnlyContainsLettersDigitsPlusPeriodOrHyphen" methodname="AValidSchemeOnlyContainsLettersDigitsPlusPeriodOrHyphen" classname="Dynatrace.OpenKit.Core.WebRequestTracerStringURLTest" runstate="Runnable" seed="1571658074" result="Passed" start-time="2018-05-11 10:27:04Z" end-time="2018-05-11 10:27:04Z" duration="0.000738" asserts="1" />
            <test-case id="4-1193" name="AValidSchemeStartsWithALetter" fullname="Dynatrace.OpenKit.Core.WebRequestTracerStringURLTest.AValidSchemeStartsWithALetter" methodname="AValidSchemeStartsWithALetter" classname="Dynatrace.OpenKit.Core.WebRequestTracerStringURLTest" runstate="Runnable" seed="1621495969" result="Passed" start-time="2018-05-11 10:27:04Z" end-time="2018-05-11 10:27:04Z" duration="0.000783" asserts="1" />
            <test-case id="4-1199" name="IfURLIsInvalidTheDefaultValueIsUsed" fullname="Dynatrace.OpenKit.Core.WebRequestTracerStringURLTest.IfURLIsInvalidTheDefaultValueIsUsed" methodname="IfURLIsInvalidTheDefaultValueIsUsed" classname="Dynatrace.OpenKit.Core.WebRequestTracerStringURLTest" runstate="Runnable" seed="574483810" result="Passed" start-time="2018-05-11 10:27:04Z" end-time="2018-05-11 10:27:04Z" duration="0.001367" asserts="1" />
            <test-case id="4-1192" name="NullIsNotAValidURLScheme" fullname="Dynatrace.OpenKit.Core.WebRequestTracerStringURLTest.NullIsNotAValidURLScheme" methodname="NullIsNotAValidURLScheme" classname="Dynatrace.OpenKit.Core.WebRequestTracerStringURLTest" runstate="Runnable" seed="1679848137" result="Passed" start-time="2018-05-11 10:27:04Z" end-time="2018-05-11 10:27:04Z" duration="0.000931" asserts="1" />
          </test-suite>
        </test-suite>
        <test-suite type="TestFixture" id="4-1000" name="OpenKitBuilderTest" fullname="Dynatrace.OpenKit.OpenKitBuilderTest" classname="Dynatrace.OpenKit.OpenKitBuilderTest" runstate="Runnable" testcasecount="23" result="Passed" start-time="2018-05-11 10:27:04Z" end-time="2018-05-11 10:27:04Z" duration="0.075930" total="23" passed="23" failed="0" warnings="0" inconclusive="0" skipped="0" asserts="56">
          <test-case id="4-1003" name="ApplicationNameIsSetCorrectlyForAppMon" fullname="Dynatrace.OpenKit.OpenKitBuilderTest.ApplicationNameIsSetCorrectlyForAppMon" methodname="ApplicationNameIsSetCorrectlyForAppMon" classname="Dynatrace.OpenKit.OpenKitBuilderTest" runstate="Runnable" seed="788692799" result="Passed" start-time="2018-05-11 10:27:04Z" end-time="2018-05-11 10:27:04Z" duration="0.026690" asserts="2" />
          <test-case id="4-1004" name="CanOverrideTrustManagerForAppMon" fullname="Dynatrace.OpenKit.OpenKitBuilderTest.CanOverrideTrustManagerForAppMon" methodname="CanOverrideTrustManagerForAppMon" classname="Dynatrace.OpenKit.OpenKitBuilderTest" runstate="Runnable" seed="405064418" result="Passed" start-time="2018-05-11 10:27:04Z" end-time="2018-05-11 10:27:04Z" duration="0.007184" asserts="1" />
          <test-case id="4-1005" name="CanOverrideTrustManagerForDynatrace" fullname="Dynatrace.OpenKit.OpenKitBuilderTest.CanOverrideTrustManagerForDynatrace" methodname="CanOverrideTrustManagerForDynatrace" classname="Dynatrace.OpenKit.OpenKitBuilderTest" runstate="Runnable" seed="671476108" result="Passed" start-time="2018-05-11 10:27:04Z" end-time="2018-05-11 10:27:04Z" duration="0.002117" asserts="1" />
          <test-case id="4-1006" name="CanSetApplicationVersionForAppMon" fullname="Dynatrace.OpenKit.OpenKitBuilderTest.CanSetApplicationVersionForAppMon" methodname="CanSetApplicationVersionForAppMon" classname="Dynatrace.OpenKit.OpenKitBuilderTest" runstate="Runnable" seed="12809513" result="Passed" start-time="2018-05-11 10:27:04Z" end-time="2018-05-11 10:27:04Z" duration="0.002486" asserts="1" />
          <test-case id="4-1007" name="CanSetApplicationVersionForDynatrace" fullname="Dynatrace.OpenKit.OpenKitBuilderTest.CanSetApplicationVersionForDynatrace" methodname="CanSetApplicationVersionForDynatrace" classname="Dynatrace.OpenKit.OpenKitBuilderTest" runstate="Runnable" seed="1594545892" result="Passed" start-time="2018-05-11 10:27:04Z" end-time="2018-05-11 10:27:04Z" duration="0.000389" asserts="1" />
          <test-case id="4-1014" name="CanSetAppNameForDynatrace" fullname="Dynatrace.OpenKit.OpenKitBuilderTest.CanSetAppNameForDynatrace" methodname="CanSetAppNameForDynatrace" classname="Dynatrace.OpenKit.OpenKitBuilderTest" runstate="Runnable" seed="575359925" result="Passed" start-time="2018-05-11 10:27:04Z" end-time="2018-05-11 10:27:04Z" duration="0.002173" asserts="1" />
          <test-case id="4-1021" name="CanSetBeaconCacheLowerMemoryBoundaryForAppMon" fullname="Dynatrace.OpenKit.OpenKitBuilderTest.CanSetBeaconCacheLowerMemoryBoundaryForAppMon" methodname="CanSetBeaconCacheLowerMemoryBoundaryForAppMon" classname="Dynatrace.OpenKit.OpenKitBuilderTest" runstate="Runnable" seed="728319779" result="Passed" start-time="2018-05-11 10:27:04Z" end-time="2018-05-11 10:27:04Z" duration="0.001823" asserts="3" />
          <test-case id="4-1020" name="CanSetBeaconCacheLowerMemoryBoundaryForDynatrace" fullname="Dynatrace.OpenKit.OpenKitBuilderTest.CanSetBeaconCacheLowerMemoryBoundaryForDynatrace" methodname="CanSetBeaconCacheLowerMemoryBoundaryForDynatrace" classname="Dynatrace.OpenKit.OpenKitBuilderTest" runstate="Runnable" seed="1163969094" result="Passed" start-time="2018-05-11 10:27:04Z" end-time="2018-05-11 10:27:04Z" duration="0.000959" asserts="3" />
          <test-case id="4-1023" name="CanSetBeaconCacheUpperMemoryBoundaryForAppMon" fullname="Dynatrace.OpenKit.OpenKitBuilderTest.CanSetBeaconCacheUpperMemoryBoundaryForAppMon" methodname="CanSetBeaconCacheUpperMemoryBoundaryForAppMon" classname="Dynatrace.OpenKit.OpenKitBuilderTest" runstate="Runnable" seed="1704879963" result="Passed" start-time="2018-05-11 10:27:04Z" end-time="2018-05-11 10:27:04Z" duration="0.001799" asserts="3" />
          <test-case id="4-1022" name="CanSetBeaconCacheUpperMemoryBoundaryForDynatrace" fullname="Dynatrace.OpenKit.OpenKitBuilderTest.CanSetBeaconCacheUpperMemoryBoundaryForDynatrace" methodname="CanSetBeaconCacheUpperMemoryBoundaryForDynatrace" classname="Dynatrace.OpenKit.OpenKitBuilderTest" runstate="Runnable" seed="1170704133" result="Passed" start-time="2018-05-11 10:27:04Z" end-time="2018-05-11 10:27:04Z" duration="0.000973" asserts="3" />
          <test-case id="4-1019" name="CanSetCustomMaxBeaconRecordAgeForAppMon" fullname="Dynatrace.OpenKit.OpenKitBuilderTest.CanSetCustomMaxBeaconRecordAgeForAppMon" methodname="CanSetCustomMaxBeaconRecordAgeForAppMon" classname="Dynatrace.OpenKit.OpenKitBuilderTest" runstate="Runnable" seed="1038512592" result="Passed" start-time="2018-05-11 10:27:04Z" end-time="2018-05-11 10:27:04Z" duration="0.001071" asserts="3" />
          <test-case id="4-1018" name="CanSetCustomMaxBeaconRecordAgeForDynatrace" fullname="Dynatrace.OpenKit.OpenKitBuilderTest.CanSetCustomMaxBeaconRecordAgeForDynatrace" methodname="CanSetCustomMaxBeaconRecordAgeForDynatrace" classname="Dynatrace.OpenKit.OpenKitBuilderTest" runstate="Runnable" seed="939108842" result="Passed" start-time="2018-05-11 10:27:04Z" end-time="2018-05-11 10:27:04Z" duration="0.000714" asserts="3" />
          <test-case id="4-1015" name="CanSetLogger" fullname="Dynatrace.OpenKit.OpenKitBuilderTest.CanSetLogger" methodname="CanSetLogger" classname="Dynatrace.OpenKit.OpenKitBuilderTest" runstate="Runnable" seed="1855261446" result="Passed" start-time="2018-05-11 10:27:04Z" end-time="2018-05-11 10:27:04Z" duration="0.003547" asserts="1" />
          <test-case id="4-1011" name="CanSetManufactureForDynatrace" fullname="Dynatrace.OpenKit.OpenKitBuilderTest.CanSetManufactureForDynatrace" methodname="CanSetManufactureForDynatrace" classname="Dynatrace.OpenKit.OpenKitBuilderTest" runstate="Runnable" seed="2006082971" result="Passed" start-time="2018-05-11 10:27:04Z" end-time="2018-05-11 10:27:04Z" duration="0.003422" asserts="1" />
          <test-case id="4-1010" name="CanSetManufacturerForAppMon" fullname="Dynatrace.OpenKit.OpenKitBuilderTest.CanSetManufacturerForAppMon" methodname="CanSetManufacturerForAppMon" classname="Dynatrace.OpenKit.OpenKitBuilderTest" runstate="Runnable" seed="103853326" result="Passed" start-time="2018-05-11 10:27:04Z" end-time="2018-05-11 10:27:04Z" duration="0.002228" asserts="1" />
          <test-case id="4-1012" name="CanSetModelIDForAppMon" fullname="Dynatrace.OpenKit.OpenKitBuilderTest.CanSetModelIDForAppMon" methodname="CanSetModelIDForAppMon" classname="Dynatrace.OpenKit.OpenKitBuilderTest" runstate="Runnable" seed="353869795" result="Passed" start-time="2018-05-11 10:27:04Z" end-time="2018-05-11 10:27:04Z" duration="0.002198" asserts="1" />
          <test-case id="4-1013" name="CanSetModelIDForDynatrace" fullname="Dynatrace.OpenKit.OpenKitBuilderTest.CanSetModelIDForDynatrace" methodname="CanSetModelIDForDynatrace" classname="Dynatrace.OpenKit.OpenKitBuilderTest" runstate="Runnable" seed="618618883" result="Passed" start-time="2018-05-11 10:27:04Z" end-time="2018-05-11 10:27:04Z" duration="0.000487" asserts="1" />
          <test-case id="4-1008" name="CanSetOperatingSystemForAppMon" fullname="Dynatrace.OpenKit.OpenKitBuilderTest.CanSetOperatingSystemForAppMon" methodname="CanSetOperatingSystemForAppMon" classname="Dynatrace.OpenKit.OpenKitBuilderTest" runstate="Runnable" seed="634714367" result="Passed" start-time="2018-05-11 10:27:04Z" end-time="2018-05-11 10:27:04Z" duration="0.002371" asserts="1" />
          <test-case id="4-1009" name="CanSetOperatingSystemForDynatrace" fullname="Dynatrace.OpenKit.OpenKitBuilderTest.CanSetOperatingSystemForDynatrace" methodname="CanSetOperatingSystemForDynatrace" classname="Dynatrace.OpenKit.OpenKitBuilderTest" runstate="Runnable" seed="655490564" result="Passed" start-time="2018-05-11 10:27:04Z" end-time="2018-05-11 10:27:04Z" duration="0.000471" asserts="1" />
          <test-case id="4-1016" name="DefaultLoggerIsUsedByDefault" fullname="Dynatrace.OpenKit.OpenKitBuilderTest.DefaultLoggerIsUsedByDefault" methodname="DefaultLoggerIsUsedByDefault" classname="Dynatrace.OpenKit.OpenKitBuilderTest" runstate="Runnable" seed="1829458370" result="Passed" start-time="2018-05-11 10:27:04Z" end-time="2018-05-11 10:27:04Z" duration="0.000571" asserts="3" />
          <test-case id="4-1001" name="DefaultsAreSetForAppMon" fullname="Dynatrace.OpenKit.OpenKitBuilderTest.DefaultsAreSetForAppMon" methodname="DefaultsAreSetForAppMon" classname="Dynatrace.OpenKit.OpenKitBuilderTest" runstate="Runnable" seed="810803298" result="Passed" start-time="2018-05-11 10:27:04Z" end-time="2018-05-11 10:27:04Z" duration="0.002473" asserts="9" />
          <test-case id="4-1002" name="DefaultsAreSetForDynatrace" fullname="Dynatrace.OpenKit.OpenKitBuilderTest.DefaultsAreSetForDynatrace" methodname="DefaultsAreSetForDynatrace" classname="Dynatrace.OpenKit.OpenKitBuilderTest" runstate="Runnable" seed="1131825405" result="Passed" start-time="2018-05-11 10:27:04Z" end-time="2018-05-11 10:27:04Z" duration="0.000362" asserts="9" />
          <test-case id="4-1017" name="VerboseIsUsedInDefaultLogger" fullname="Dynatrace.OpenKit.OpenKitBuilderTest.VerboseIsUsedInDefaultLogger" methodname="VerboseIsUsedInDefaultLogger" classname="Dynatrace.OpenKit.OpenKitBuilderTest" runstate="Runnable" seed="1111167385" result="Passed" start-time="2018-05-11 10:27:04Z" end-time="2018-05-11 10:27:04Z" duration="0.000976" asserts="3" />
        </test-suite>
        <test-suite type="TestSuite" id="4-1421" name="Protocol" fullname="Dynatrace.OpenKit.Protocol" runstate="Runnable" testcasecount="53" result="Passed" start-time="2018-05-11 10:27:02Z" end-time="2018-05-11 10:27:04Z" duration="2.058898" total="53" passed="53" failed="0" warnings="0" inconclusive="0" skipped="0" asserts="90">
          <test-suite type="TestFixture" id="4-1036" name="BeaconTest" fullname="Dynatrace.OpenKit.Protocol.BeaconTest" classname="Dynatrace.OpenKit.Protocol.BeaconTest" runstate="Runnable" testcasecount="11" result="Passed" start-time="2018-05-11 10:27:04Z" end-time="2018-05-11 10:27:04Z" duration="0.031077" total="11" passed="11" failed="0" warnings="0" inconclusive="0" skipped="0" asserts="14">
            <test-case id="4-1044" name="CanAddBothSentBytesAndReceivedBytesToWebRequestTracer" fullname="Dynatrace.OpenKit.Protocol.BeaconTest.CanAddBothSentBytesAndReceivedBytesToWebRequestTracer" methodname="CanAddBothSentBytesAndReceivedBytesToWebRequestTracer" classname="Dynatrace.OpenKit.Protocol.BeaconTest" runstate="Runnable" seed="1737139435" result="Passed" start-time="2018-05-11 10:27:04Z" end-time="2018-05-11 10:27:04Z" duration="0.010022" asserts="1" />
            <test-case id="4-1041" name="CanAddReceivedBytesToWebRequestTracer" fullname="Dynatrace.OpenKit.Protocol.BeaconTest.CanAddReceivedBytesToWebRequestTracer" methodname="CanAddReceivedBytesToWebRequestTracer" classname="Dynatrace.OpenKit.Protocol.BeaconTest" runstate="Runnable" seed="1457018601" result="Passed" start-time="2018-05-11 10:27:04Z" end-time="2018-05-11 10:27:04Z" duration="0.001455" asserts="1" />
            <test-case id="4-1042" name="CanAddReceivedBytesValueZeroToWebRequestTracer" fullname="Dynatrace.OpenKit.Protocol.BeaconTest.CanAddReceivedBytesValueZeroToWebRequestTracer" methodname="CanAddReceivedBytesValueZeroToWebRequestTracer" classname="Dynatrace.OpenKit.Protocol.BeaconTest" runstate="Runnable" seed="1897998524" result="Passed" start-time="2018-05-11 10:27:04Z" end-time="2018-05-11 10:27:04Z" duration="0.003023" asserts="1" />
            <test-case id="4-1045" name="CanAddRootActionIfCaptureIsOn" fullname="Dynatrace.OpenKit.Protocol.BeaconTest.CanAddRootActionIfCaptureIsOn" methodname="CanAddRootActionIfCaptureIsOn" classname="Dynatrace.OpenKit.Protocol.BeaconTest" runstate="Runnable" seed="471899137" result="Passed" start-time="2018-05-11 10:27:04Z" end-time="2018-05-11 10:27:04Z" duration="0.003330" asserts="1" />
            <test-case id="4-1038" name="CanAddSentBytesToWebRequestTracer" fullname="Dynatrace.OpenKit.Protocol.BeaconTest.CanAddSentBytesToWebRequestTracer" methodname="CanAddSentBytesToWebRequestTracer" classname="Dynatrace.OpenKit.Protocol.BeaconTest" runstate="Runnable" seed="1350844634" result="Passed" start-time="2018-05-11 10:27:04Z" end-time="2018-05-11 10:27:04Z" duration="0.001414" asserts="1" />
            <test-case id="4-1039" name="CanAddSentBytesValueZeroToWebRequestTracer" fullname="Dynatrace.OpenKit.Protocol.BeaconTest.CanAddSentBytesValueZeroToWebRequestTracer" methodname="CanAddSentBytesValueZeroToWebRequestTracer" classname="Dynatrace.OpenKit.Protocol.BeaconTest" runstate="Runnable" seed="1290546464" result="Passed" start-time="2018-05-11 10:27:04Z" end-time="2018-05-11 10:27:04Z" duration="0.001507" asserts="1" />
            <test-case id="4-1037" name="CanAddUserIdentifyEvent" fullname="Dynatrace.OpenKit.Protocol.BeaconTest.CanAddUserIdentifyEvent" methodname="CanAddUserIdentifyEvent" classname="Dynatrace.OpenKit.Protocol.BeaconTest" runstate="Runnable" seed="1544267707" result="Passed" start-time="2018-05-11 10:27:04Z" end-time="2018-05-11 10:27:04Z" duration="0.001171" asserts="1" />
            <test-case id="4-1043" name="CannotAddReceivedBytesWithInvalidValueSmallerZeroToWebRequestTracer" fullname="Dynatrace.OpenKit.Protocol.BeaconTest.CannotAddReceivedBytesWithInvalidValueSmallerZeroToWebRequestTracer" methodname="CannotAddReceivedBytesWithInvalidValueSmallerZeroToWebRequestTracer" classname="Dynatrace.OpenKit.Protocol.BeaconTest" runstate="Runnable" seed="1640187342" result="Passed" start-time="2018-05-11 10:27:04Z" end-time="2018-05-11 10:27:04Z" duration="0.002839" asserts="1" />
            <test-case id="4-1046" name="CannotAddRootActionIfCaptureIsOff" fullname="Dynatrace.OpenKit.Protocol.BeaconTest.CannotAddRootActionIfCaptureIsOff" methodname="CannotAddRootActionIfCaptureIsOff" classname="Dynatrace.OpenKit.Protocol.BeaconTest" runstate="Runnable" seed="1023732043" result="Passed" start-time="2018-05-11 10:27:04Z" end-time="2018-05-11 10:27:04Z" duration="0.001175" asserts="1" />
            <test-case id="4-1040" name="CannotAddSentBytesWithInvalidValueSmallerZeroToWebRequestTracer" fullname="Dynatrace.OpenKit.Protocol.BeaconTest.CannotAddSentBytesWithInvalidValueSmallerZeroToWebRequestTracer" methodname="CannotAddSentBytesWithInvalidValueSmallerZeroToWebRequestTracer" classname="Dynatrace.OpenKit.Protocol.BeaconTest" runstate="Runnable" seed="1546328491" result="Passed" start-time="2018-05-11 10:27:04Z" end-time="2018-05-11 10:27:04Z" duration="0.001661" asserts="1" />
            <test-case id="4-1047" name="ClearDataClearsActionAndEventData" fullname="Dynatrace.OpenKit.Protocol.BeaconTest.ClearDataClearsActionAndEventData" methodname="ClearDataClearsActionAndEventData" classname="Dynatrace.OpenKit.Protocol.BeaconTest" runstate="Runnable" seed="385287448" result="Passed" start-time="2018-05-11 10:27:04Z" end-time="2018-05-11 10:27:04Z" duration="0.002028" asserts="4" />
          </test-suite>
          <test-suite type="TestFixture" id="4-1048" name="StatusResponseTest" fullname="Dynatrace.OpenKit.Protocol.StatusResponseTest" classname="Dynatrace.OpenKit.Protocol.StatusResponseTest" runstate="Runnable" testcasecount="30" result="Passed" start-time="2018-05-11 10:27:04Z" end-time="2018-05-11 10:27:04Z" duration="0.099733" total="30" passed="30" failed="0" warnings="0" inconclusive="0" skipped="0" asserts="60">
            <test-case id="4-1059" name="AmpersandIsNotAValidKeyValueSeparator" fullname="Dynatrace.OpenKit.Protocol.StatusResponseTest.AmpersandIsNotAValidKeyValueSeparator" methodname="AmpersandIsNotAValidKeyValueSeparator" classname="Dynatrace.OpenKit.Protocol.StatusResponseTest" runstate="Runnable" seed="351946952" result="Passed" start-time="2018-05-11 10:27:04Z" end-time="2018-05-11 10:27:04Z" duration="0.015137" asserts="1" />
            <test-case id="4-1076" name="CaptureCrashesIsFalseWhenItIsEqualToZero" fullname="Dynatrace.OpenKit.Protocol.StatusResponseTest.CaptureCrashesIsFalseWhenItIsEqualToZero" methodname="CaptureCrashesIsFalseWhenItIsEqualToZero" classname="Dynatrace.OpenKit.Protocol.StatusResponseTest" runstate="Runnable" seed="592934455" result="Passed" start-time="2018-05-11 10:27:04Z" end-time="2018-05-11 10:27:04Z" duration="0.001213" asserts="1" />
            <test-case id="4-1075" name="CaptureCrashesIsTrueWhenItIsNotEqualToZero" fullname="Dynatrace.OpenKit.Protocol.StatusResponseTest.CaptureCrashesIsTrueWhenItIsNotEqualToZero" methodname="CaptureCrashesIsTrueWhenItIsNotEqualToZero" classname="Dynatrace.OpenKit.Protocol.StatusResponseTest" runstate="Runnable" seed="1831593867" result="Passed" start-time="2018-05-11 10:27:04Z" end-time="2018-05-11 10:27:04Z" duration="0.000519" asserts="3" />
            <test-case id="4-1073" name="CaptureErrorsIsFalseWhenItIsEqualToZero" fullname="Dynatrace.OpenKit.Protocol.StatusResponseTest.CaptureErrorsIsFalseWhenItIsEqualToZero" methodname="CaptureErrorsIsFalseWhenItIsEqualToZero" classname="Dynatrace.OpenKit.Protocol.StatusResponseTest" runstate="Runnable" seed="919061791" result="Passed" start-time="2018-05-11 10:27:04Z" end-time="2018-05-11 10:27:04Z" duration="0.000926" asserts="1" />
            <test-case id="4-1072" name="CaptureErrorsIsTrueWhenItIsNotEqualToZero" fullname="Dynatrace.OpenKit.Protocol.StatusResponseTest.CaptureErrorsIsTrueWhenItIsNotEqualToZero" methodname="CaptureErrorsIsTrueWhenItIsNotEqualToZero" classname="Dynatrace.OpenKit.Protocol.StatusResponseTest" runstate="Runnable" seed="411129255" result="Passed" start-time="2018-05-11 10:27:04Z" end-time="2018-05-11 10:27:04Z" duration="0.000494" asserts="3" />
            <test-case id="4-1061" name="CaptureIsFalseWhenItIsNotEqualToOne" fullname="Dynatrace.OpenKit.Protocol.StatusResponseTest.CaptureIsFalseWhenItIsNotEqualToOne" methodname="CaptureIsFalseWhenItIsNotEqualToOne" classname="Dynatrace.OpenKit.Protocol.StatusResponseTest" runstate="Runnable" seed="795900464" result="Passed" start-time="2018-05-11 10:27:04Z" end-time="2018-05-11 10:27:04Z" duration="0.000622" asserts="3" />
            <test-case id="4-1060" name="CaptureIsTrueWhenItIsEqualToOne" fullname="Dynatrace.OpenKit.Protocol.StatusResponseTest.CaptureIsTrueWhenItIsEqualToOne" methodname="CaptureIsTrueWhenItIsEqualToOne" classname="Dynatrace.OpenKit.Protocol.StatusResponseTest" runstate="Runnable" seed="1670652043" result="Passed" start-time="2018-05-11 10:27:04Z" end-time="2018-05-11 10:27:04Z" duration="0.000275" asserts="1" />
            <test-case id="4-1056" name="DefaultCaptureCrashesIsOn" fullname="Dynatrace.OpenKit.Protocol.StatusResponseTest.DefaultCaptureCrashesIsOn" methodname="DefaultCaptureCrashesIsOn" classname="Dynatrace.OpenKit.Protocol.StatusResponseTest" runstate="Runnable" seed="1912090944" result="Passed" start-time="2018-05-11 10:27:04Z" end-time="2018-05-11 10:27:04Z" duration="0.000517" asserts="1" />
            <test-case id="4-1057" name="DefaultCaptureErrorsIsOn" fullname="Dynatrace.OpenKit.Protocol.StatusResponseTest.DefaultCaptureErrorsIsOn" methodname="DefaultCaptureErrorsIsOn" classname="Dynatrace.OpenKit.Protocol.StatusResponseTest" runstate="Runnable" seed="1489826947" result="Passed" start-time="2018-05-11 10:27:04Z" end-time="2018-05-11 10:27:04Z" duration="0.000481" asserts="1" />
            <test-case id="4-1051" name="DefaultCaptureIsOn" fullname="Dynatrace.OpenKit.Protocol.StatusResponseTest.DefaultCaptureIsOn" methodname="DefaultCaptureIsOn" classname="Dynatrace.OpenKit.Protocol.StatusResponseTest" runstate="Runnable" seed="79322920" result="Passed" start-time="2018-05-11 10:27:04Z" end-time="2018-05-11 10:27:04Z" duration="0.000262" asserts="1" />
            <test-case id="4-1055" name="DefaultMaxBeaconSizeIsMinusOne" fullname="Dynatrace.OpenKit.Protocol.StatusResponseTest.DefaultMaxBeaconSizeIsMinusOne" methodname="DefaultMaxBeaconSizeIsMinusOne" classname="Dynatrace.OpenKit.Protocol.StatusResponseTest" runstate="Runnable" seed="1983778314" result="Passed" start-time="2018-05-11 10:27:04Z" end-time="2018-05-11 10:27:04Z" duration="0.000754" asserts="1" />
            <test-case id="4-1053" name="DefaultMonitorNameIsNull" fullname="Dynatrace.OpenKit.Protocol.StatusResponseTest.DefaultMonitorNameIsNull" methodname="DefaultMonitorNameIsNull" classname="Dynatrace.OpenKit.Protocol.StatusResponseTest" runstate="Runnable" seed="401024001" result="Passed" start-time="2018-05-11 10:27:04Z" end-time="2018-05-11 10:27:04Z" duration="0.000299" asserts="1" />
            <test-case id="4-1052" name="DefaultSendIntervalIsMinusOne" fullname="Dynatrace.OpenKit.Protocol.StatusResponseTest.DefaultSendIntervalIsMinusOne" methodname="DefaultSendIntervalIsMinusOne" classname="Dynatrace.OpenKit.Protocol.StatusResponseTest" runstate="Runnable" seed="1101448081" result="Passed" start-time="2018-05-11 10:27:04Z" end-time="2018-05-11 10:27:04Z" duration="0.001956" asserts="1" />
            <test-case id="4-1054" name="DefaultServerIDIsMinusOne" fullname="Dynatrace.OpenKit.Protocol.StatusResponseTest.DefaultServerIDIsMinusOne" methodname="DefaultServerIDIsMinusOne" classname="Dynatrace.OpenKit.Protocol.StatusResponseTest" runstate="Runnable" seed="1340363847" result="Passed" start-time="2018-05-11 10:27:04Z" end-time="2018-05-11 10:27:04Z" duration="0.000400" asserts="1" />
            <test-case id="4-1058" name="OddNumberOfTokensThrowsException" fullname="Dynatrace.OpenKit.Protocol.StatusResponseTest.OddNumberOfTokensThrowsException" methodname="OddNumberOfTokensThrowsException" classname="Dynatrace.OpenKit.Protocol.StatusResponseTest" runstate="Runnable" seed="1123626405" result="Passed" start-time="2018-05-11 10:27:04Z" end-time="2018-05-11 10:27:04Z" duration="0.000822" asserts="1" />
            <test-case id="4-1071" name="ParsingInvalidMaxBeaconSizeThrowsException" fullname="Dynatrace.OpenKit.Protocol.StatusResponseTest.ParsingInvalidMaxBeaconSizeThrowsException" methodname="ParsingInvalidMaxBeaconSizeThrowsException" classname="Dynatrace.OpenKit.Protocol.StatusResponseTest" runstate="Runnable" seed="823806185" result="Passed" start-time="2018-05-11 10:27:04Z" end-time="2018-05-11 10:27:04Z" duration="0.049402" asserts="3" />
            <test-case id="4-1077" name="ParsingInvalidNumericValueForCaptureCrashesThrowsException" fullname="Dynatrace.OpenKit.Protocol.StatusResponseTest.ParsingInvalidNumericValueForCaptureCrashesThrowsException" methodname="ParsingInvalidNumericValueForCaptureCrashesThrowsException" classname="Dynatrace.OpenKit.Protocol.StatusResponseTest" runstate="Runnable" seed="1047945621" result="Passed" start-time="2018-05-11 10:27:04Z" end-time="2018-05-11 10:27:04Z" duration="0.001541" asserts="3" />
            <test-case id="4-1074" name="ParsingInvalidNumericValueForCaptureErrorsThrowsException" fullname="Dynatrace.OpenKit.Protocol.StatusResponseTest.ParsingInvalidNumericValueForCaptureErrorsThrowsException" methodname="ParsingInvalidNumericValueForCaptureErrorsThrowsException" classname="Dynatrace.OpenKit.Protocol.StatusResponseTest" runstate="Runnable" seed="766183165" result="Passed" start-time="2018-05-11 10:27:04Z" end-time="2018-05-11 10:27:04Z" duration="0.001515" asserts="3" />
            <test-case id="4-1062" name="ParsingInvalidNumericValueForCaptureThrowsException" fullname="Dynatrace.OpenKit.Protocol.StatusResponseTest.ParsingInvalidNumericValueForCaptureThrowsException" methodname="ParsingInvalidNumericValueForCaptureThrowsException" classname="Dynatrace.OpenKit.Protocol.StatusResponseTest" runstate="Runnable" seed="371764540" result="Passed" start-time="2018-05-11 10:27:04Z" end-time="2018-05-11 10:27:04Z" duration="0.001696" asserts="3" />
            <test-case id="4-1065" name="ParsingInvalidSendIntervalThrowsException" fullname="Dynatrace.OpenKit.Protocol.StatusResponseTest.ParsingInvalidSendIntervalThrowsException" methodname="ParsingInvalidSendIntervalThrowsException" classname="Dynatrace.OpenKit.Protocol.StatusResponseTest" runstate="Runnable" seed="1706319655" result="Passed" start-time="2018-05-11 10:27:04Z" end-time="2018-05-11 10:27:04Z" duration="0.002237" asserts="3" />
            <test-case id="4-1068" name="ParsingInvalidServerIDThrowsException" fullname="Dynatrace.OpenKit.Protocol.StatusResponseTest.ParsingInvalidServerIDThrowsException" methodname="ParsingInvalidServerIDThrowsException" classname="Dynatrace.OpenKit.Protocol.StatusResponseTest" runstate="Runnable" seed="1132177397" result="Passed" start-time="2018-05-11 10:27:04Z" end-time="2018-05-11 10:27:04Z" duration="0.002193" asserts="3" />
            <test-case id="4-1069" name="ParsingMaxBeaconSize" fullname="Dynatrace.OpenKit.Protocol.StatusResponseTest.ParsingMaxBeaconSize" methodname="ParsingMaxBeaconSize" classname="Dynatrace.OpenKit.Protocol.StatusResponseTest" runstate="Runnable" seed="1234043401" result="Passed" start-time="2018-05-11 10:27:04Z" end-time="2018-05-11 10:27:04Z" duration="0.003124" asserts="5" />
            <test-case id="4-1066" name="ParsingMonitorNames" fullname="Dynatrace.OpenKit.Protocol.StatusResponseTest.ParsingMonitorNames" methodname="ParsingMonitorNames" classname="Dynatrace.OpenKit.Protocol.StatusResponseTest" runstate="Runnable" seed="726561212" result="Passed" start-time="2018-05-11 10:27:04Z" end-time="2018-05-11 10:27:04Z" duration="0.002294" asserts="3" />
            <test-case id="4-1063" name="ParsingSendInterval" fullname="Dynatrace.OpenKit.Protocol.StatusResponseTest.ParsingSendInterval" methodname="ParsingSendInterval" classname="Dynatrace.OpenKit.Protocol.StatusResponseTest" runstate="Runnable" seed="777840954" result="Passed" start-time="2018-05-11 10:27:04Z" end-time="2018-05-11 10:27:04Z" duration="0.002884" asserts="5" />
            <test-case id="4-1070" name="ParsingTooBigMaxBeaconSizeOverflows" fullname="Dynatrace.OpenKit.Protocol.StatusResponseTest.ParsingTooBigMaxBeaconSizeOverflows" methodname="ParsingTooBigMaxBeaconSizeOverflows" classname="Dynatrace.OpenKit.Protocol.StatusResponseTest" runstate="Runnable" seed="527591678" result="Passed" start-time="2018-05-11 10:27:04Z" end-time="2018-05-11 10:27:04Z" duration="0.000452" asserts="2" />
            <test-case id="4-1064" name="ParsingTooBigSendIntervalOverflows" fullname="Dynatrace.OpenKit.Protocol.StatusResponseTest.ParsingTooBigSendIntervalOverflows" methodname="ParsingTooBigSendIntervalOverflows" classname="Dynatrace.OpenKit.Protocol.StatusResponseTest" runstate="Runnable" seed="1301205472" result="Passed" start-time="2018-05-11 10:27:04Z" end-time="2018-05-11 10:27:04Z" duration="0.000414" asserts="2" />
            <test-case id="4-1050" name="PassingEmptyResponseStringDoesNotThrow" fullname="Dynatrace.OpenKit.Protocol.StatusResponseTest.PassingEmptyResponseStringDoesNotThrow" methodname="PassingEmptyResponseStringDoesNotThrow" classname="Dynatrace.OpenKit.Protocol.StatusResponseTest" runstate="Runnable" seed="1912664922" result="Passed" start-time="2018-05-11 10:27:04Z" end-time="2018-05-11 10:27:04Z" duration="0.001498" asserts="1" />
            <test-case id="4-1049" name="PassingNullResponseStringDoesNotThrow" fullname="Dynatrace.OpenKit.Protocol.StatusResponseTest.PassingNullResponseStringDoesNotThrow" methodname="PassingNullResponseStringDoesNotThrow" classname="Dynatrace.OpenKit.Protocol.StatusResponseTest" runstate="Runnable" seed="1360331568" result="Passed" start-time="2018-05-11 10:27:04Z" end-time="2018-05-11 10:27:04Z" duration="0.000498" asserts="1" />
            <test-case id="4-1078" name="ResponseCodeIsSet" fullname="Dynatrace.OpenKit.Protocol.StatusResponseTest.ResponseCodeIsSet" methodname="ResponseCodeIsSet" classname="Dynatrace.OpenKit.Protocol.StatusResponseTest" runstate="Runnable" seed="1888918309" result="Passed" start-time="2018-05-11 10:27:04Z" end-time="2018-05-11 10:27:04Z" duration="0.000297" asserts="1" />
            <test-case id="4-1067" name="ServerIDIsParsed" fullname="Dynatrace.OpenKit.Protocol.StatusResponseTest.ServerIDIsParsed" methodname="ServerIDIsParsed" classname="Dynatrace.OpenKit.Protocol.StatusResponseTest" runstate="Runnable" seed="1669697759" result="Passed" start-time="2018-05-11 10:27:04Z" end-time="2018-05-11 10:27:04Z" duration="0.000829" asserts="1" />
          </test-suite>
          <test-suite type="TestFixture" id="4-1079" name="TimeSyncResponseTest" fullname="Dynatrace.OpenKit.Protocol.TimeSyncResponseTest" classname="Dynatrace.OpenKit.Protocol.TimeSyncResponseTest" runstate="Runnable" testcasecount="12" result="Passed" start-time="2018-05-11 10:27:04Z" end-time="2018-05-11 10:27:04Z" duration="0.010582" total="12" passed="12" failed="0" warnings="0" inconclusive="0" skipped="0" asserts="16">
            <test-case id="4-1085" name="AmpersandIsNotAValidKeyValueSeparator" fullname="Dynatrace.OpenKit.Protocol.TimeSyncResponseTest.AmpersandIsNotAValidKeyValueSeparator" methodname="AmpersandIsNotAValidKeyValueSeparator" classname="Dynatrace.OpenKit.Protocol.TimeSyncResponseTest" runstate="Runnable" seed="1220020373" result="Passed" start-time="2018-05-11 10:27:04Z" end-time="2018-05-11 10:27:04Z" duration="0.001434" asserts="1" />
            <test-case id="4-1084" name="OddNumberOfTokensThrowsException" fullname="Dynatrace.OpenKit.Protocol.TimeSyncResponseTest.OddNumberOfTokensThrowsException" methodname="OddNumberOfTokensThrowsException" classname="Dynatrace.OpenKit.Protocol.TimeSyncResponseTest" runstate="Runnable" seed="234045638" result="Passed" start-time="2018-05-11 10:27:04Z" end-time="2018-05-11 10:27:04Z" duration="0.000721" asserts="1" />
            <test-case id="4-1089" name="ParsingInvalidRequestReceiveTimeThrowsException" fullname="Dynatrace.OpenKit.Protocol.TimeSyncResponseTest.ParsingInvalidRequestReceiveTimeThrowsException" methodname="ParsingInvalidRequestReceiveTimeThrowsException" classname="Dynatrace.OpenKit.Protocol.TimeSyncResponseTest" runstate="Runnable" seed="118608163" result="Passed" start-time="2018-05-11 10:27:04Z" end-time="2018-05-11 10:27:04Z" duration="0.001789" asserts="3" />
            <test-case id="4-1087" name="ParsingInvalidResponseSendTimeThrowsException" fullname="Dynatrace.OpenKit.Protocol.TimeSyncResponseTest.ParsingInvalidResponseSendTimeThrowsException" methodname="ParsingInvalidResponseSendTimeThrowsException" classname="Dynatrace.OpenKit.Protocol.TimeSyncResponseTest" runstate="Runnable" seed="1154286405" result="Passed" start-time="2018-05-11 10:27:04Z" end-time="2018-05-11 10:27:04Z" duration="0.001663" asserts="3" />
            <test-case id="4-1090" name="ParsingUnknownKeyValueDoesNothing" fullname="Dynatrace.OpenKit.Protocol.TimeSyncResponseTest.ParsingUnknownKeyValueDoesNothing" methodname="ParsingUnknownKeyValueDoesNothing" classname="Dynatrace.OpenKit.Protocol.TimeSyncResponseTest" runstate="Runnable" seed="187007065" result="Passed" start-time="2018-05-11 10:27:04Z" end-time="2018-05-11 10:27:04Z" duration="0.000487" asserts="1" />
            <test-case id="4-1081" name="PassingEmptyResponseStringDoesNotThrow" fullname="Dynatrace.OpenKit.Protocol.TimeSyncResponseTest.PassingEmptyResponseStringDoesNotThrow" methodname="PassingEmptyResponseStringDoesNotThrow" classname="Dynatrace.OpenKit.Protocol.TimeSyncResponseTest" runstate="Runnable" seed="365789135" result="Passed" start-time="2018-05-11 10:27:04Z" end-time="2018-05-11 10:27:04Z" duration="0.000694" asserts="1" />
            <test-case id="4-1080" name="PassingNullResponseStringDoesNotThrow" fullname="Dynatrace.OpenKit.Protocol.TimeSyncResponseTest.PassingNullResponseStringDoesNotThrow" methodname="PassingNullResponseStringDoesNotThrow" classname="Dynatrace.OpenKit.Protocol.TimeSyncResponseTest" runstate="Runnable" seed="1426662073" result="Passed" start-time="2018-05-11 10:27:04Z" end-time="2018-05-11 10:27:04Z" duration="0.000514" asserts="1" />
            <test-case id="4-1088" name="RequestReceiveTimeIsParsed" fullname="Dynatrace.OpenKit.Protocol.TimeSyncResponseTest.RequestReceiveTimeIsParsed" methodname="RequestReceiveTimeIsParsed" classname="Dynatrace.OpenKit.Protocol.TimeSyncResponseTest" runstate="Runnable" seed="626607587" result="Passed" start-time="2018-05-11 10:27:04Z" end-time="2018-05-11 10:27:04Z" duration="0.000321" asserts="1" />
            <test-case id="4-1091" name="ResponseCodeIsSet" fullname="Dynatrace.OpenKit.Protocol.TimeSyncResponseTest.ResponseCodeIsSet" methodname="ResponseCodeIsSet" classname="Dynatrace.OpenKit.Protocol.TimeSyncResponseTest" runstate="Runnable" seed="950581606" result="Passed" start-time="2018-05-11 10:27:04Z" end-time="2018-05-11 10:27:04Z" duration="0.000377" asserts="1" />
            <test-case id="4-1086" name="ResponseSendTimeIsParsed" fullname="Dynatrace.OpenKit.Protocol.TimeSyncResponseTest.ResponseSendTimeIsParsed" methodname="ResponseSendTimeIsParsed" classname="Dynatrace.OpenKit.Protocol.TimeSyncResponseTest" runstate="Runnable" seed="433082058" result="Passed" start-time="2018-05-11 10:27:04Z" end-time="2018-05-11 10:27:04Z" duration="0.000341" asserts="1" />
            <test-case id="4-1082" name="TheDefaultRequestReceiveTimeIsMinusOne" fullname="Dynatrace.OpenKit.Protocol.TimeSyncResponseTest.TheDefaultRequestReceiveTimeIsMinusOne" methodname="TheDefaultRequestReceiveTimeIsMinusOne" classname="Dynatrace.OpenKit.Protocol.TimeSyncResponseTest" runstate="Runnable" seed="37227578" result="Passed" start-time="2018-05-11 10:27:04Z" end-time="2018-05-11 10:27:04Z" duration="0.000299" asserts="1" />
            <test-case id="4-1083" name="TheDefaultResponseSendTimeIsMinusOne" fullname="Dynatrace.OpenKit.Protocol.TimeSyncResponseTest.TheDefaultResponseSendTimeIsMinusOne" methodname="TheDefaultResponseSendTimeIsMinusOne" classname="Dynatrace.OpenKit.Protocol.TimeSyncResponseTest" runstate="Runnable" seed="546795144" result="Passed" start-time="2018-05-11 10:27:04Z" end-time="2018-05-11 10:27:04Z" duration="0.000353" asserts="1" />
          </test-suite>
        </test-suite>
        <test-suite type="TestSuite" id="4-1420" name="Providers" fullname="Dynatrace.OpenKit.Providers" runstate="Runnable" testcasecount="9" result="Passed" start-time="2018-05-11 10:27:02Z" end-time="2018-05-11 10:27:04Z" duration="2.125738" total="9" passed="9" failed="0" warnings="0" inconclusive="0" skipped="0" asserts="9">
          <test-suite type="TestFixture" id="4-1024" name="DefaultSessionIDProviderTest" fullname="Dynatrace.OpenKit.Providers.DefaultSessionIDProviderTest" classname="Dynatrace.OpenKit.Providers.DefaultSessionIDProviderTest" runstate="Runnable" testcasecount="4" result="Passed" start-time="2018-05-11 10:27:04Z" end-time="2018-05-11 10:27:04Z" duration="0.003587" total="4" passed="4" failed="0" warnings="0" inconclusive="0" skipped="0" asserts="4">
            <test-case id="4-1027" name="aProviderInitializedWithMaxIntValueProvidesMinSessionIdValueAtNextCall" fullname="Dynatrace.OpenKit.Providers.DefaultSessionIDProviderTest.aProviderInitializedWithMaxIntValueProvidesMinSessionIdValueAtNextCall" methodname="aProviderInitializedWithMaxIntValueProvidesMinSessionIdValueAtNextCall" classname="Dynatrace.OpenKit.Providers.DefaultSessionIDProviderTest" runstate="Runnable" seed="612037087" result="Passed" start-time="2018-05-11 10:27:04Z" end-time="2018-05-11 10:27:04Z" duration="0.001084" asserts="1" />
            <test-case id="4-1028" name="aProviderInitializedWithZeroProvidesMinSessionIdValueAtNextCall" fullname="Dynatrace.OpenKit.Providers.DefaultSessionIDProviderTest.aProviderInitializedWithZeroProvidesMinSessionIdValueAtNextCall" methodname="aProviderInitializedWithZeroProvidesMinSessionIdValueAtNextCall" classname="Dynatrace.OpenKit.Providers.DefaultSessionIDProviderTest" runstate="Runnable" seed="2053404215" result="Passed" start-time="2018-05-11 10:27:04Z" end-time="2018-05-11 10:27:04Z" duration="0.000383" asserts="1" />
            <test-case id="4-1026" name="DefaultSessionIDProviderReturnsConsecutiveIDs" fullname="Dynatrace.OpenKit.Providers.DefaultSessionIDProviderTest.DefaultSessionIDProviderReturnsConsecutiveIDs" methodname="DefaultSessionIDProviderReturnsConsecutiveIDs" classname="Dynatrace.OpenKit.Providers.DefaultSessionIDProviderTest" runstate="Runnable" seed="1158073465" result="Passed" start-time="2018-05-11 10:27:04Z" end-time="2018-05-11 10:27:04Z" duration="0.000351" asserts="1" />
            <test-case id="4-1025" name="DefaultSessionIDProviderReturnsNonNegativeID" fullname="Dynatrace.OpenKit.Providers.DefaultSessionIDProviderTest.DefaultSessionIDProviderReturnsNonNegativeID" methodname="DefaultSessionIDProviderReturnsNonNegativeID" classname="Dynatrace.OpenKit.Providers.DefaultSessionIDProviderTest" runstate="Runnable" seed="950620225" result="Passed" start-time="2018-05-11 10:27:04Z" end-time="2018-05-11 10:27:04Z" duration="0.001465" asserts="1" />
          </test-suite>
          <test-suite type="TestFixture" id="4-1034" name="DefaultThreadIDProviderTest" fullname="Dynatrace.OpenKit.Providers.DefaultThreadIDProviderTest" classname="Dynatrace.OpenKit.Providers.DefaultThreadIDProviderTest" runstate="Runnable" testcasecount="1" result="Passed" start-time="2018-05-11 10:27:04Z" end-time="2018-05-11 10:27:04Z" duration="0.001479" total="1" passed="1" failed="0" warnings="0" inconclusive="0" skipped="0" asserts="1">
            <test-case id="4-1035" name="CurrentThreadIDIsReturned" fullname="Dynatrace.OpenKit.Providers.DefaultThreadIDProviderTest.CurrentThreadIDIsReturned" methodname="CurrentThreadIDIsReturned" classname="Dynatrace.OpenKit.Providers.DefaultThreadIDProviderTest" runstate="Runnable" seed="1712920246" result="Passed" start-time="2018-05-11 10:27:04Z" end-time="2018-05-11 10:27:04Z" duration="0.001283" asserts="1" />
          </test-suite>
          <test-suite type="TestFixture" id="4-1029" name="DefaultTimingProviderTest" fullname="Dynatrace.OpenKit.Providers.DefaultTimingProviderTest" classname="Dynatrace.OpenKit.Providers.DefaultTimingProviderTest" runstate="Runnable" testcasecount="4" result="Passed" start-time="2018-05-11 10:27:04Z" end-time="2018-05-11 10:27:04Z" duration="0.060466" total="4" passed="4" failed="0" warnings="0" inconclusive="0" skipped="0" asserts="4">
            <test-case id="4-1033" name="CanConvertToClusterTime" fullname="Dynatrace.OpenKit.Providers.DefaultTimingProviderTest.CanConvertToClusterTime" methodname="CanConvertToClusterTime" classname="Dynatrace.OpenKit.Providers.DefaultTimingProviderTest" runstate="Runnable" seed="1224333113" result="Passed" start-time="2018-05-11 10:27:04Z" end-time="2018-05-11 10:27:04Z" duration="0.057376" asserts="1" />
            <test-case id="4-1032" name="TimeSyncIsNotSupportedIfInitCalledWithFalse" fullname="Dynatrace.OpenKit.Providers.DefaultTimingProviderTest.TimeSyncIsNotSupportedIfInitCalledWithFalse" methodname="TimeSyncIsNotSupportedIfInitCalledWithFalse" classname="Dynatrace.OpenKit.Providers.DefaultTimingProviderTest" runstate="Runnable" seed="1707217718" result="Passed" start-time="2018-05-11 10:27:04Z" end-time="2018-05-11 10:27:04Z" duration="0.000917" asserts="1" />
            <test-case id="4-1030" name="TimeSyncIsSupportedByDefault" fullname="Dynatrace.OpenKit.Providers.DefaultTimingProviderTest.TimeSyncIsSupportedByDefault" methodname="TimeSyncIsSupportedByDefault" classname="Dynatrace.OpenKit.Providers.DefaultTimingProviderTest" runstate="Runnable" seed="1685848973" result="Passed" start-time="2018-05-11 10:27:04Z" end-time="2018-05-11 10:27:04Z" duration="0.000312" asserts="1" />
            <test-case id="4-1031" name="TimeSyncIsSupportedIfInitCalledWithTrue" fullname="Dynatrace.OpenKit.Providers.DefaultTimingProviderTest.TimeSyncIsSupportedIfInitCalledWithTrue" methodname="TimeSyncIsSupportedIfInitCalledWithTrue" classname="Dynatrace.OpenKit.Providers.DefaultTimingProviderTest" runstate="Runnable" seed="421319882" result="Passed" start-time="2018-05-11 10:27:04Z" end-time="2018-05-11 10:27:04Z" duration="0.000258" asserts="1" />
          </test-suite>
        </test-suite>
      </test-suite>
    </test-suite>
  </test-suite>
  <test-suite type="Assembly" id="5-1417" name="openkit-dotnetfull-4.6.Tests.dll" fullname="C:\workspaces\githubRepos\openkit-dotnet\tests\openkit-dotnetfull-4.6.Tests\bin\Coverage\openkit-dotnetfull-4.6.Tests.dll" runstate="Runnable" testcasecount="386" result="Passed" start-time="2018-05-11 10:27:02Z" end-time="2018-05-11 10:27:04Z" duration="2.098831" total="386" passed="386" failed="0" warnings="0" inconclusive="0" skipped="0" asserts="629">
    <environment framework-version="3.9.0.0" clr-version="4.0.30319.42000" os-version="Microsoft Windows NT 10.0.16299.0" platform="Win32NT" cwd="C:\workspaces\githubRepos\openkit-dotnet" machine-name="TAG009441733979" user="stefan.eberl" user-domain="DYNATRACE" culture="de-AT" uiculture="en-US" os-architecture="x64" />
    <settings>
      <setting name="DisposeRunners" value="True" />
      <setting name="WorkDirectory" value="C:\workspaces\githubRepos\openkit-dotnet" />
      <setting name="ImageRuntimeVersion" value="4.0.30319" />
      <setting name="ImageTargetFrameworkName" value=".NETFramework,Version=v4.6" />
      <setting name="ImageRequiresX86" value="False" />
      <setting name="ImageRequiresDefaultAppDomainAssemblyResolver" value="False" />
      <setting name="NumberOfTestWorkers" value="8" />
    </settings>
    <properties>
      <property name="_PID" value="23376" />
      <property name="_APPDOMAIN" value="domain-a081b232-openkit-dotnetfull-4.6.Tests.dll" />
    </properties>
    <test-suite type="TestSuite" id="5-1418" name="Dynatrace" fullname="Dynatrace" runstate="Runnable" testcasecount="386" result="Passed" start-time="2018-05-11 10:27:02Z" end-time="2018-05-11 10:27:04Z" duration="2.076876" total="386" passed="386" failed="0" warnings="0" inconclusive="0" skipped="0" asserts="629">
      <test-suite type="TestSuite" id="5-1419" name="OpenKit" fullname="Dynatrace.OpenKit" runstate="Runnable" testcasecount="386" result="Passed" start-time="2018-05-11 10:27:02Z" end-time="2018-05-11 10:27:04Z" duration="2.074734" total="386" passed="386" failed="0" warnings="0" inconclusive="0" skipped="0" asserts="629">
        <test-suite type="TestSuite" id="5-1422" name="Core" fullname="Dynatrace.OpenKit.Core" runstate="Runnable" testcasecount="301" result="Passed" start-time="2018-05-11 10:27:02Z" end-time="2018-05-11 10:27:04Z" duration="1.795431" total="301" passed="301" failed="0" warnings="0" inconclusive="0" skipped="0" asserts="474">
          <test-suite type="TestFixture" id="5-1092" name="ActionTest" fullname="Dynatrace.OpenKit.Core.ActionTest" classname="Dynatrace.OpenKit.Core.ActionTest" runstate="Runnable" testcasecount="45" result="Passed" start-time="2018-05-11 10:27:02Z" end-time="2018-05-11 10:27:03Z" duration="0.819814" total="45" passed="45" failed="0" warnings="0" inconclusive="0" skipped="0" asserts="81">
            <test-case id="5-1103" name="AfterLeavingAnActionItIsLeft" fullname="Dynatrace.OpenKit.Core.ActionTest.AfterLeavingAnActionItIsLeft" methodname="AfterLeavingAnActionItIsLeft" classname="Dynatrace.OpenKit.Core.ActionTest" runstate="Runnable" seed="1861748323" result="Passed" start-time="2018-05-11 10:27:02Z" end-time="2018-05-11 10:27:02Z" duration="0.562044" asserts="1" />
            <test-case id="5-1102" name="AnActionAddsItselfIntoListInContstructor" fullname="Dynatrace.OpenKit.Core.ActionTest.AnActionAddsItselfIntoListInContstructor" methodname="AnActionAddsItselfIntoListInContstructor" classname="Dynatrace.OpenKit.Core.ActionTest" runstate="Runnable" seed="1344231151" result="Passed" start-time="2018-05-11 10:27:02Z" end-time="2018-05-11 10:27:02Z" duration="0.035954" asserts="2" />
            <test-case id="5-1136" name="AnActionCanOnlyBeLeftOnce" fullname="Dynatrace.OpenKit.Core.ActionTest.AnActionCanOnlyBeLeftOnce" methodname="AnActionCanOnlyBeLeftOnce" classname="Dynatrace.OpenKit.Core.ActionTest" runstate="Runnable" seed="187281386" result="Passed" start-time="2018-05-11 10:27:02Z" end-time="2018-05-11 10:27:02Z" duration="0.046459" asserts="6" />
            <test-case id="5-1093" name="ANewlyCreatedActionHasAnID" fullname="Dynatrace.OpenKit.Core.ActionTest.ANewlyCreatedActionHasAnID" methodname="ANewlyCreatedActionHasAnID" classname="Dynatrace.OpenKit.Core.ActionTest" runstate="Runnable" seed="1751642861" result="Passed" start-time="2018-05-11 10:27:02Z" end-time="2018-05-11 10:27:02Z" duration="0.000847" asserts="1" />
            <test-case id="5-1101" name="ANewlyCreatedActionIsNotLeft" fullname="Dynatrace.OpenKit.Core.ActionTest.ANewlyCreatedActionIsNotLeft" methodname="ANewlyCreatedActionIsNotLeft" classname="Dynatrace.OpenKit.Core.ActionTest" runstate="Runnable" seed="597742067" result="Passed" start-time="2018-05-11 10:27:02Z" end-time="2018-05-11 10:27:02Z" duration="0.000909" asserts="1" />
            <test-case id="5-1137" name="DisposingAnActionLeavesTheAction" fullname="Dynatrace.OpenKit.Core.ActionTest.DisposingAnActionLeavesTheAction" methodname="DisposingAnActionLeavesTheAction" classname="Dynatrace.OpenKit.Core.ActionTest" runstate="Runnable" seed="707709091" result="Passed" start-time="2018-05-11 10:27:02Z" end-time="2018-05-11 10:27:02Z" duration="0.001898" asserts="3" />
            <test-case id="5-1100" name="EndSequenceNumberIsSetToMinusOne" fullname="Dynatrace.OpenKit.Core.ActionTest.EndSequenceNumberIsSetToMinusOne" methodname="EndSequenceNumberIsSetToMinusOne" classname="Dynatrace.OpenKit.Core.ActionTest" runstate="Runnable" seed="991007762" result="Passed" start-time="2018-05-11 10:27:02Z" end-time="2018-05-11 10:27:02Z" duration="0.000939" asserts="1" />
            <test-case id="5-1098" name="EndTimeIsSetToMinusOneInConstructor" fullname="Dynatrace.OpenKit.Core.ActionTest.EndTimeIsSetToMinusOneInConstructor" methodname="EndTimeIsSetToMinusOneInConstructor" classname="Dynatrace.OpenKit.Core.ActionTest" runstate="Runnable" seed="155362590" result="Passed" start-time="2018-05-11 10:27:02Z" end-time="2018-05-11 10:27:02Z" duration="0.000810" asserts="1" />
            <test-case id="5-1134" name="LeavingAnActionAddsItselfInTheBeacon" fullname="Dynatrace.OpenKit.Core.ActionTest.LeavingAnActionAddsItselfInTheBeacon" methodname="LeavingAnActionAddsItselfInTheBeacon" classname="Dynatrace.OpenKit.Core.ActionTest" runstate="Runnable" seed="1375204578" result="Passed" start-time="2018-05-11 10:27:02Z" end-time="2018-05-11 10:27:02Z" duration="0.008740" asserts="1" />
            <test-case id="5-1135" name="LeavingAnActionRemovesItselfFromListPassedInCtor" fullname="Dynatrace.OpenKit.Core.ActionTest.LeavingAnActionRemovesItselfFromListPassedInCtor" methodname="LeavingAnActionRemovesItselfFromListPassedInCtor" classname="Dynatrace.OpenKit.Core.ActionTest" runstate="Runnable" seed="617237637" result="Passed" start-time="2018-05-11 10:27:02Z" end-time="2018-05-11 10:27:02Z" duration="0.001990" asserts="1" />
            <test-case id="5-1131" name="LeavingAnActionReturnsTheParentAction" fullname="Dynatrace.OpenKit.Core.ActionTest.LeavingAnActionReturnsTheParentAction" methodname="LeavingAnActionReturnsTheParentAction" classname="Dynatrace.OpenKit.Core.ActionTest" runstate="Runnable" seed="379695018" result="Passed" start-time="2018-05-11 10:27:02Z" end-time="2018-05-11 10:27:02Z" duration="0.008650" asserts="3" />
            <test-case id="5-1133" name="LeavingAnActionSetsTheEndSequenceNumber" fullname="Dynatrace.OpenKit.Core.ActionTest.LeavingAnActionSetsTheEndSequenceNumber" methodname="LeavingAnActionSetsTheEndSequenceNumber" classname="Dynatrace.OpenKit.Core.ActionTest" runstate="Runnable" seed="58346985" result="Passed" start-time="2018-05-11 10:27:02Z" end-time="2018-05-11 10:27:02Z" duration="0.001353" asserts="1" />
            <test-case id="5-1132" name="LeavingAnActionSetsTheEndTimestamp" fullname="Dynatrace.OpenKit.Core.ActionTest.LeavingAnActionSetsTheEndTimestamp" methodname="LeavingAnActionSetsTheEndTimestamp" classname="Dynatrace.OpenKit.Core.ActionTest" runstate="Runnable" seed="1190528982" result="Passed" start-time="2018-05-11 10:27:02Z" end-time="2018-05-11 10:27:02Z" duration="0.002268" asserts="1" />
            <test-case id="5-1094" name="NameIsSet" fullname="Dynatrace.OpenKit.Core.ActionTest.NameIsSet" methodname="NameIsSet" classname="Dynatrace.OpenKit.Core.ActionTest" runstate="Runnable" seed="974091444" result="Passed" start-time="2018-05-11 10:27:02Z" end-time="2018-05-11 10:27:02Z" duration="0.001384" asserts="1" />
            <test-case id="5-1096" name="ParentIDIsEqualToParentActionsID" fullname="Dynatrace.OpenKit.Core.ActionTest.ParentIDIsEqualToParentActionsID" methodname="ParentIDIsEqualToParentActionsID" classname="Dynatrace.OpenKit.Core.ActionTest" runstate="Runnable" seed="532330781" result="Passed" start-time="2018-05-11 10:27:02Z" end-time="2018-05-11 10:27:02Z" duration="0.001374" asserts="1" />
            <test-case id="5-1095" name="ParentIDIsZeroIfActionHasNoParent" fullname="Dynatrace.OpenKit.Core.ActionTest.ParentIDIsZeroIfActionHasNoParent" methodname="ParentIDIsZeroIfActionHasNoParent" classname="Dynatrace.OpenKit.Core.ActionTest" runstate="Runnable" seed="1583667939" result="Passed" start-time="2018-05-11 10:27:02Z" end-time="2018-05-11 10:27:02Z" duration="0.000791" asserts="1" />
            <test-case id="5-1112" name="ReportDoubleValue" fullname="Dynatrace.OpenKit.Core.ActionTest.ReportDoubleValue" methodname="ReportDoubleValue" classname="Dynatrace.OpenKit.Core.ActionTest" runstate="Runnable" seed="997142904" result="Passed" start-time="2018-05-11 10:27:02Z" end-time="2018-05-11 10:27:02Z" duration="0.005669" asserts="2" />
            <test-case id="5-1113" name="ReportDoubleValueDoesNothingIfActionIsLeft" fullname="Dynatrace.OpenKit.Core.ActionTest.ReportDoubleValueDoesNothingIfActionIsLeft" methodname="ReportDoubleValueDoesNothingIfActionIsLeft" classname="Dynatrace.OpenKit.Core.ActionTest" runstate="Runnable" seed="2081877230" result="Passed" start-time="2018-05-11 10:27:02Z" end-time="2018-05-11 10:27:02Z" duration="0.002276" asserts="2" />
            <test-case id="5-1115" name="ReportDoubleValueDoesNothingIfValueNameIsAnEmptyString" fullname="Dynatrace.OpenKit.Core.ActionTest.ReportDoubleValueDoesNothingIfValueNameIsAnEmptyString" methodname="ReportDoubleValueDoesNothingIfValueNameIsAnEmptyString" classname="Dynatrace.OpenKit.Core.ActionTest" runstate="Runnable" seed="760517392" result="Passed" start-time="2018-05-11 10:27:02Z" end-time="2018-05-11 10:27:02Z" duration="0.013019" asserts="2" />
            <test-case id="5-1114" name="ReportDoubleValueDoesNothingIfValueNameIsNull" fullname="Dynatrace.OpenKit.Core.ActionTest.ReportDoubleValueDoesNothingIfValueNameIsNull" methodname="ReportDoubleValueDoesNothingIfValueNameIsNull" classname="Dynatrace.OpenKit.Core.ActionTest" runstate="Runnable" seed="1736023482" result="Passed" start-time="2018-05-11 10:27:02Z" end-time="2018-05-11 10:27:02Z" duration="0.001159" asserts="2" />
            <test-case id="5-1121" name="ReportError" fullname="Dynatrace.OpenKit.Core.ActionTest.ReportError" methodname="ReportError" classname="Dynatrace.OpenKit.Core.ActionTest" runstate="Runnable" seed="73689649" result="Passed" start-time="2018-05-11 10:27:02Z" end-time="2018-05-11 10:27:02Z" duration="0.012412" asserts="2" />
            <test-case id="5-1125" name="ReportErrorAcceptsNullReason" fullname="Dynatrace.OpenKit.Core.ActionTest.ReportErrorAcceptsNullReason" methodname="ReportErrorAcceptsNullReason" classname="Dynatrace.OpenKit.Core.ActionTest" runstate="Runnable" seed="1230170230" result="Passed" start-time="2018-05-11 10:27:02Z" end-time="2018-05-11 10:27:02Z" duration="0.001331" asserts="2" />
            <test-case id="5-1122" name="ReportErrorDoesNothingIfActionIsLeft" fullname="Dynatrace.OpenKit.Core.ActionTest.ReportErrorDoesNothingIfActionIsLeft" methodname="ReportErrorDoesNothingIfActionIsLeft" classname="Dynatrace.OpenKit.Core.ActionTest" runstate="Runnable" seed="325027751" result="Passed" start-time="2018-05-11 10:27:02Z" end-time="2018-05-11 10:27:02Z" duration="0.001411" asserts="2" />
            <test-case id="5-1124" name="ReportErrorDoesNothingIfErrorNameIsAnEmptyString" fullname="Dynatrace.OpenKit.Core.ActionTest.ReportErrorDoesNothingIfErrorNameIsAnEmptyString" methodname="ReportErrorDoesNothingIfErrorNameIsAnEmptyString" classname="Dynatrace.OpenKit.Core.ActionTest" runstate="Runnable" seed="816751606" result="Passed" start-time="2018-05-11 10:27:02Z" end-time="2018-05-11 10:27:02Z" duration="0.001096" asserts="2" />
            <test-case id="5-1123" name="ReportErrorDoesNothingIfErrorNameIsNull" fullname="Dynatrace.OpenKit.Core.ActionTest.ReportErrorDoesNothingIfErrorNameIsNull" methodname="ReportErrorDoesNothingIfErrorNameIsNull" classname="Dynatrace.OpenKit.Core.ActionTest" runstate="Runnable" seed="861533838" result="Passed" start-time="2018-05-11 10:27:02Z" end-time="2018-05-11 10:27:02Z" duration="0.001182" asserts="2" />
            <test-case id="5-1104" name="ReportEvent" fullname="Dynatrace.OpenKit.Core.ActionTest.ReportEvent" methodname="ReportEvent" classname="Dynatrace.OpenKit.Core.ActionTest" runstate="Runnable" seed="1673444896" result="Passed" start-time="2018-05-11 10:27:02Z" end-time="2018-05-11 10:27:02Z" duration="0.002203" asserts="2" />
            <test-case id="5-1105" name="ReportEventDoesNothingIfActionIsLeft" fullname="Dynatrace.OpenKit.Core.ActionTest.ReportEventDoesNothingIfActionIsLeft" methodname="ReportEventDoesNothingIfActionIsLeft" classname="Dynatrace.OpenKit.Core.ActionTest" runstate="Runnable" seed="2116169028" result="Passed" start-time="2018-05-11 10:27:02Z" end-time="2018-05-11 10:27:02Z" duration="0.001153" asserts="2" />
            <test-case id="5-1107" name="ReportEventDoesNothingIfEventNameIsAnEmptyString" fullname="Dynatrace.OpenKit.Core.ActionTest.ReportEventDoesNothingIfEventNameIsAnEmptyString" methodname="ReportEventDoesNothingIfEventNameIsAnEmptyString" classname="Dynatrace.OpenKit.Core.ActionTest" runstate="Runnable" seed="1236487876" result="Passed" start-time="2018-05-11 10:27:02Z" end-time="2018-05-11 10:27:02Z" duration="0.001033" asserts="2" />
            <test-case id="5-1106" name="ReportEventDoesNothingIfEventNameIsNull" fullname="Dynatrace.OpenKit.Core.ActionTest.ReportEventDoesNothingIfEventNameIsNull" methodname="ReportEventDoesNothingIfEventNameIsNull" classname="Dynatrace.OpenKit.Core.ActionTest" runstate="Runnable" seed="1977729369" result="Passed" start-time="2018-05-11 10:27:02Z" end-time="2018-05-11 10:27:02Z" duration="0.001004" asserts="2" />
            <test-case id="5-1108" name="ReportIntValue" fullname="Dynatrace.OpenKit.Core.ActionTest.ReportIntValue" methodname="ReportIntValue" classname="Dynatrace.OpenKit.Core.ActionTest" runstate="Runnable" seed="1041283603" result="Passed" start-time="2018-05-11 10:27:02Z" end-time="2018-05-11 10:27:02Z" duration="0.002247" asserts="2" />
            <test-case id="5-1109" name="ReportIntValueDoesNothingIfActionIsLeft" fullname="Dynatrace.OpenKit.Core.ActionTest.ReportIntValueDoesNothingIfActionIsLeft" methodname="ReportIntValueDoesNothingIfActionIsLeft" classname="Dynatrace.OpenKit.Core.ActionTest" runstate="Runnable" seed="1601196348" result="Passed" start-time="2018-05-11 10:27:02Z" end-time="2018-05-11 10:27:02Z" duration="0.001158" asserts="2" />
            <test-case id="5-1111" name="ReportIntValueDoesNothingIfValueNameIsAnEmptyString" fullname="Dynatrace.OpenKit.Core.ActionTest.ReportIntValueDoesNothingIfValueNameIsAnEmptyString" methodname="ReportIntValueDoesNothingIfValueNameIsAnEmptyString" classname="Dynatrace.OpenKit.Core.ActionTest" runstate="Runnable" seed="638645322" result="Passed" start-time="2018-05-11 10:27:02Z" end-time="2018-05-11 10:27:02Z" duration="0.000973" asserts="2" />
            <test-case id="5-1110" name="ReportIntValueDoesNothingIfValueNameIsNull" fullname="Dynatrace.OpenKit.Core.ActionTest.ReportIntValueDoesNothingIfValueNameIsNull" methodname="ReportIntValueDoesNothingIfValueNameIsNull" classname="Dynatrace.OpenKit.Core.ActionTest" runstate="Runnable" seed="558403" result="Passed" start-time="2018-05-11 10:27:02Z" end-time="2018-05-11 10:27:02Z" duration="0.000977" asserts="2" />
            <test-case id="5-1116" name="ReportStringValue" fullname="Dynatrace.OpenKit.Core.ActionTest.ReportStringValue" methodname="ReportStringValue" classname="Dynatrace.OpenKit.Core.ActionTest" runstate="Runnable" seed="1807889820" result="Passed" start-time="2018-05-11 10:27:02Z" end-time="2018-05-11 10:27:02Z" duration="0.002218" asserts="2" />
            <test-case id="5-1117" name="ReportStringValueDoesNothingIfActionIsLeft" fullname="Dynatrace.OpenKit.Core.ActionTest.ReportStringValueDoesNothingIfActionIsLeft" methodname="ReportStringValueDoesNothingIfActionIsLeft" classname="Dynatrace.OpenKit.Core.ActionTest" runstate="Runnable" seed="1659734884" result="Passed" start-time="2018-05-11 10:27:02Z" end-time="2018-05-11 10:27:02Z" duration="0.001178" asserts="2" />
            <test-case id="5-1119" name="ReportStringValueDoesNothingIfValueNameIsAnEmptyString" fullname="Dynatrace.OpenKit.Core.ActionTest.ReportStringValueDoesNothingIfValueNameIsAnEmptyString" methodname="ReportStringValueDoesNothingIfValueNameIsAnEmptyString" classname="Dynatrace.OpenKit.Core.ActionTest" runstate="Runnable" seed="615584111" result="Passed" start-time="2018-05-11 10:27:02Z" end-time="2018-05-11 10:27:02Z" duration="0.001011" asserts="2" />
            <test-case id="5-1118" name="ReportStringValueDoesNothingIfValueNameIsNull" fullname="Dynatrace.OpenKit.Core.ActionTest.ReportStringValueDoesNothingIfValueNameIsNull" methodname="ReportStringValueDoesNothingIfValueNameIsNull" classname="Dynatrace.OpenKit.Core.ActionTest" runstate="Runnable" seed="1059642871" result="Passed" start-time="2018-05-11 10:27:02Z" end-time="2018-05-11 10:27:02Z" duration="0.005644" asserts="2" />
            <test-case id="5-1120" name="ReportStringValueWithValueBeingNullWorks" fullname="Dynatrace.OpenKit.Core.ActionTest.ReportStringValueWithValueBeingNullWorks" methodname="ReportStringValueWithValueBeingNullWorks" classname="Dynatrace.OpenKit.Core.ActionTest" runstate="Runnable" seed="1552837880" result="Passed" start-time="2018-05-11 10:27:02Z" end-time="2018-05-11 10:27:02Z" duration="0.001366" asserts="2" />
            <test-case id="5-1099" name="StartSequenceNumberIsSetInConstructor" fullname="Dynatrace.OpenKit.Core.ActionTest.StartSequenceNumberIsSetInConstructor" methodname="StartSequenceNumberIsSetInConstructor" classname="Dynatrace.OpenKit.Core.ActionTest" runstate="Runnable" seed="1144706283" result="Passed" start-time="2018-05-11 10:27:02Z" end-time="2018-05-11 10:27:02Z" duration="0.000883" asserts="1" />
            <test-case id="5-1097" name="StartTimeIsSetInConstructor" fullname="Dynatrace.OpenKit.Core.ActionTest.StartTimeIsSetInConstructor" methodname="StartTimeIsSetInConstructor" classname="Dynatrace.OpenKit.Core.ActionTest" runstate="Runnable" seed="198077823" result="Passed" start-time="2018-05-11 10:27:02Z" end-time="2018-05-11 10:27:02Z" duration="0.001594" asserts="1" />
            <test-case id="5-1127" name="TraceWebRequestGivesNullWebRequestTracerIfActionIsAlreadyLeft" fullname="Dynatrace.OpenKit.Core.ActionTest.TraceWebRequestGivesNullWebRequestTracerIfActionIsAlreadyLeft" methodname="TraceWebRequestGivesNullWebRequestTracerIfActionIsAlreadyLeft" classname="Dynatrace.OpenKit.Core.ActionTest" runstate="Runnable" seed="846677661" result="Passed" start-time="2018-05-11 10:27:02Z" end-time="2018-05-11 10:27:03Z" duration="0.021650" asserts="1" />
            <test-case id="5-1130" name="TraceWebRequestGivesNullWebRequestTracerIfUrlHasAnInvalidScheme" fullname="Dynatrace.OpenKit.Core.ActionTest.TraceWebRequestGivesNullWebRequestTracerIfUrlHasAnInvalidScheme" methodname="TraceWebRequestGivesNullWebRequestTracerIfUrlHasAnInvalidScheme" classname="Dynatrace.OpenKit.Core.ActionTest" runstate="Runnable" seed="480355129" result="Passed" start-time="2018-05-11 10:27:03Z" end-time="2018-05-11 10:27:03Z" duration="0.001135" asserts="2" />
            <test-case id="5-1129" name="TraceWebRequestGivesNullWebRequestTracerIfUrlIsAnEmptyString" fullname="Dynatrace.OpenKit.Core.ActionTest.TraceWebRequestGivesNullWebRequestTracerIfUrlIsAnEmptyString" methodname="TraceWebRequestGivesNullWebRequestTracerIfUrlIsAnEmptyString" classname="Dynatrace.OpenKit.Core.ActionTest" runstate="Runnable" seed="681190490" result="Passed" start-time="2018-05-11 10:27:03Z" end-time="2018-05-11 10:27:03Z" duration="0.001859" asserts="2" />
            <test-case id="5-1128" name="TraceWebRequestGivesNullWebRequestTracerIfUrlIsNull" fullname="Dynatrace.OpenKit.Core.ActionTest.TraceWebRequestGivesNullWebRequestTracerIfUrlIsNull" methodname="TraceWebRequestGivesNullWebRequestTracerIfUrlIsNull" classname="Dynatrace.OpenKit.Core.ActionTest" runstate="Runnable" seed="2140735332" result="Passed" start-time="2018-05-11 10:27:03Z" end-time="2018-05-11 10:27:03Z" duration="0.001221" asserts="2" />
            <test-case id="5-1126" name="TraceWebRequestGivesValidWebRequestTracer" fullname="Dynatrace.OpenKit.Core.ActionTest.TraceWebRequestGivesValidWebRequestTracer" methodname="TraceWebRequestGivesValidWebRequestTracer" classname="Dynatrace.OpenKit.Core.ActionTest" runstate="Runnable" seed="833919335" result="Passed" start-time="2018-05-11 10:27:03Z" end-time="2018-05-11 10:27:03Z" duration="0.010354" asserts="2" />
          </test-suite>
          <test-suite type="TestFixture" id="5-1138" name="BeaconSenderTest" fullname="Dynatrace.OpenKit.Core.BeaconSenderTest" classname="Dynatrace.OpenKit.Core.BeaconSenderTest" runstate="Runnable" testcasecount="1" result="Passed" start-time="2018-05-11 10:27:03Z" end-time="2018-05-11 10:27:03Z" duration="0.039784" total="1" passed="1" failed="0" warnings="0" inconclusive="0" skipped="0" asserts="2">
            <test-case id="5-1139" name="IsInitializedGetsValueFromContext" fullname="Dynatrace.OpenKit.Core.BeaconSenderTest.IsInitializedGetsValueFromContext" methodname="IsInitializedGetsValueFromContext" classname="Dynatrace.OpenKit.Core.BeaconSenderTest" runstate="Runnable" seed="1659268289" result="Passed" start-time="2018-05-11 10:27:03Z" end-time="2018-05-11 10:27:03Z" duration="0.039544" asserts="2" />
          </test-suite>
          <test-suite type="TestSuite" id="5-1426" name="Caching" fullname="Dynatrace.OpenKit.Core.Caching" runstate="Runnable" testcasecount="106" result="Passed" start-time="2018-05-11 10:27:02Z" end-time="2018-05-11 10:27:03Z" duration="1.138738" total="106" passed="106" failed="0" warnings="0" inconclusive="0" skipped="0" asserts="225">
            <test-suite type="TestFixture" id="5-1305" name="BeaconCacheEntryTest" fullname="Dynatrace.OpenKit.Core.Caching.BeaconCacheEntryTest" classname="Dynatrace.OpenKit.Core.Caching.BeaconCacheEntryTest" runstate="Runnable" testcasecount="27" result="Passed" start-time="2018-05-11 10:27:03Z" end-time="2018-05-11 10:27:03Z" duration="0.044332" total="27" passed="27" failed="0" warnings="0" inconclusive="0" skipped="0" asserts="103">
              <test-case id="5-1307" name="AddingActionData" fullname="Dynatrace.OpenKit.Core.Caching.BeaconCacheEntryTest.AddingActionData" methodname="AddingActionData" classname="Dynatrace.OpenKit.Core.Caching.BeaconCacheEntryTest" runstate="Runnable" seed="1885807479" result="Passed" start-time="2018-05-11 10:27:03Z" end-time="2018-05-11 10:27:03Z" duration="0.006319" asserts="8" />
              <test-case id="5-1308" name="AddingEventData" fullname="Dynatrace.OpenKit.Core.Caching.BeaconCacheEntryTest.AddingEventData" methodname="AddingEventData" classname="Dynatrace.OpenKit.Core.Caching.BeaconCacheEntryTest" runstate="Runnable" seed="1240913902" result="Passed" start-time="2018-05-11 10:27:03Z" end-time="2018-05-11 10:27:03Z" duration="0.000651" asserts="8" />
              <test-case id="5-1306" name="ADefaultConstructedInstanceHasNoData" fullname="Dynatrace.OpenKit.Core.Caching.BeaconCacheEntryTest.ADefaultConstructedInstanceHasNoData" methodname="ADefaultConstructedInstanceHasNoData" classname="Dynatrace.OpenKit.Core.Caching.BeaconCacheEntryTest" runstate="Runnable" seed="1297079205" result="Passed" start-time="2018-05-11 10:27:03Z" end-time="2018-05-11 10:27:03Z" duration="0.000400" asserts="4" />
              <test-case id="5-1309" name="CopyDataForChunkingMovesData" fullname="Dynatrace.OpenKit.Core.Caching.BeaconCacheEntryTest.CopyDataForChunkingMovesData" methodname="CopyDataForChunkingMovesData" classname="Dynatrace.OpenKit.Core.Caching.BeaconCacheEntryTest" runstate="Runnable" seed="1472541235" result="Passed" start-time="2018-05-11 10:27:03Z" end-time="2018-05-11 10:27:03Z" duration="0.001120" asserts="4" />
              <test-case id="5-1315" name="GetChunkGetsAlreadyMarkedData" fullname="Dynatrace.OpenKit.Core.Caching.BeaconCacheEntryTest.GetChunkGetsAlreadyMarkedData" methodname="GetChunkGetsAlreadyMarkedData" classname="Dynatrace.OpenKit.Core.Caching.BeaconCacheEntryTest" runstate="Runnable" seed="1781037787" result="Passed" start-time="2018-05-11 10:27:03Z" end-time="2018-05-11 10:27:03Z" duration="0.006145" asserts="10" />
              <test-case id="5-1314" name="GetChunkGetsChunksFromEventDataBeforeActionData" fullname="Dynatrace.OpenKit.Core.Caching.BeaconCacheEntryTest.GetChunkGetsChunksFromEventDataBeforeActionData" methodname="GetChunkGetsChunksFromEventDataBeforeActionData" classname="Dynatrace.OpenKit.Core.Caching.BeaconCacheEntryTest" runstate="Runnable" seed="1110132418" result="Passed" start-time="2018-05-11 10:27:03Z" end-time="2018-05-11 10:27:03Z" duration="0.003095" asserts="5" />
              <test-case id="5-1313" name="GetChunkMarksRetrievedData" fullname="Dynatrace.OpenKit.Core.Caching.BeaconCacheEntryTest.GetChunkMarksRetrievedData" methodname="GetChunkMarksRetrievedData" classname="Dynatrace.OpenKit.Core.Caching.BeaconCacheEntryTest" runstate="Runnable" seed="1276112610" result="Passed" start-time="2018-05-11 10:27:03Z" end-time="2018-05-11 10:27:03Z" duration="0.000979" asserts="5" />
              <test-case id="5-1316" name="GetChunksTakesSizeIntoAccount" fullname="Dynatrace.OpenKit.Core.Caching.BeaconCacheEntryTest.GetChunksTakesSizeIntoAccount" methodname="GetChunksTakesSizeIntoAccount" classname="Dynatrace.OpenKit.Core.Caching.BeaconCacheEntryTest" runstate="Runnable" seed="603652900" result="Passed" start-time="2018-05-11 10:27:03Z" end-time="2018-05-11 10:27:03Z" duration="0.000852" asserts="3" />
              <test-case id="5-1321" name="GetTotalNumberOfBytesCountsAddedRecordBytes" fullname="Dynatrace.OpenKit.Core.Caching.BeaconCacheEntryTest.GetTotalNumberOfBytesCountsAddedRecordBytes" methodname="GetTotalNumberOfBytesCountsAddedRecordBytes" classname="Dynatrace.OpenKit.Core.Caching.BeaconCacheEntryTest" runstate="Runnable" seed="421085858" result="Passed" start-time="2018-05-11 10:27:03Z" end-time="2018-05-11 10:27:03Z" duration="0.001024" asserts="5" />
              <test-case id="5-1311" name="NeedsDataCopyBeforeChunkingGivesFalseAfterDataHasBeenCopied" fullname="Dynatrace.OpenKit.Core.Caching.BeaconCacheEntryTest.NeedsDataCopyBeforeChunkingGivesFalseAfterDataHasBeenCopied" methodname="NeedsDataCopyBeforeChunkingGivesFalseAfterDataHasBeenCopied" classname="Dynatrace.OpenKit.Core.Caching.BeaconCacheEntryTest" runstate="Runnable" seed="522069789" result="Passed" start-time="2018-05-11 10:27:03Z" end-time="2018-05-11 10:27:03Z" duration="0.001092" asserts="1" />
              <test-case id="5-1312" name="NeedsDataCopyBeforeChunkingGivesFalseEvenIfListsAreEmpty" fullname="Dynatrace.OpenKit.Core.Caching.BeaconCacheEntryTest.NeedsDataCopyBeforeChunkingGivesFalseEvenIfListsAreEmpty" methodname="NeedsDataCopyBeforeChunkingGivesFalseEvenIfListsAreEmpty" classname="Dynatrace.OpenKit.Core.Caching.BeaconCacheEntryTest" runstate="Runnable" seed="1067680751" result="Passed" start-time="2018-05-11 10:27:03Z" end-time="2018-05-11 10:27:03Z" duration="0.000345" asserts="1" />
              <test-case id="5-1310" name="NeedsDataCopyBeforeChunkingGivesTrueBeforeDataIsCopied" fullname="Dynatrace.OpenKit.Core.Caching.BeaconCacheEntryTest.NeedsDataCopyBeforeChunkingGivesTrueBeforeDataIsCopied" methodname="NeedsDataCopyBeforeChunkingGivesTrueBeforeDataIsCopied" classname="Dynatrace.OpenKit.Core.Caching.BeaconCacheEntryTest" runstate="Runnable" seed="1542586092" result="Passed" start-time="2018-05-11 10:27:03Z" end-time="2018-05-11 10:27:03Z" duration="0.000847" asserts="1" />
              <test-case id="5-1317" name="RemoveDataMarkedForSendingReturnsIfDataHasNotBeenCopied" fullname="Dynatrace.OpenKit.Core.Caching.BeaconCacheEntryTest.RemoveDataMarkedForSendingReturnsIfDataHasNotBeenCopied" methodname="RemoveDataMarkedForSendingReturnsIfDataHasNotBeenCopied" classname="Dynatrace.OpenKit.Core.Caching.BeaconCacheEntryTest" runstate="Runnable" seed="1973767052" result="Passed" start-time="2018-05-11 10:27:03Z" end-time="2018-05-11 10:27:03Z" duration="0.000818" asserts="4" />
              <test-case id="5-1328" name="RemoveOldestRecordsComparesTopActionAndEventDataAndRemovesOldest" fullname="Dynatrace.OpenKit.Core.Caching.BeaconCacheEntryTest.RemoveOldestRecordsComparesTopActionAndEventDataAndRemovesOldest" methodname="RemoveOldestRecordsComparesTopActionAndEventDataAndRemovesOldest" classname="Dynatrace.OpenKit.Core.Caching.BeaconCacheEntryTest" runstate="Runnable" seed="1147175386" result="Passed" start-time="2018-05-11 10:27:03Z" end-time="2018-05-11 10:27:03Z" duration="0.003359" asserts="6" />
              <test-case id="5-1332" name="RemoveOldestRecordsDoesNotRemoveAnythingFromEventAndActionsBeingSent" fullname="Dynatrace.OpenKit.Core.Caching.BeaconCacheEntryTest.RemoveOldestRecordsDoesNotRemoveAnythingFromEventAndActionsBeingSent" methodname="RemoveOldestRecordsDoesNotRemoveAnythingFromEventAndActionsBeingSent" classname="Dynatrace.OpenKit.Core.Caching.BeaconCacheEntryTest" runstate="Runnable" seed="145102627" result="Passed" start-time="2018-05-11 10:27:03Z" end-time="2018-05-11 10:27:03Z" duration="0.000704" asserts="3" />
              <test-case id="5-1326" name="RemoveOldestRecordsRemovesActionDataIfEventDataIsEmpty" fullname="Dynatrace.OpenKit.Core.Caching.BeaconCacheEntryTest.RemoveOldestRecordsRemovesActionDataIfEventDataIsEmpty" methodname="RemoveOldestRecordsRemovesActionDataIfEventDataIsEmpty" classname="Dynatrace.OpenKit.Core.Caching.BeaconCacheEntryTest" runstate="Runnable" seed="494356453" result="Passed" start-time="2018-05-11 10:27:03Z" end-time="2018-05-11 10:27:03Z" duration="0.000625" asserts="2" />
              <test-case id="5-1327" name="RemoveOldestRecordsRemovesEventDataIfActionDataIsEmpty" fullname="Dynatrace.OpenKit.Core.Caching.BeaconCacheEntryTest.RemoveOldestRecordsRemovesEventDataIfActionDataIsEmpty" methodname="RemoveOldestRecordsRemovesEventDataIfActionDataIsEmpty" classname="Dynatrace.OpenKit.Core.Caching.BeaconCacheEntryTest" runstate="Runnable" seed="1192536253" result="Passed" start-time="2018-05-11 10:27:03Z" end-time="2018-05-11 10:27:03Z" duration="0.000640" asserts="2" />
              <test-case id="5-1329" name="RemoveOldestRecordsRemovesEventDataIfTopEventDataAndActionDataHaveSameTimestamp" fullname="Dynatrace.OpenKit.Core.Caching.BeaconCacheEntryTest.RemoveOldestRecordsRemovesEventDataIfTopEventDataAndActionDataHaveSameTimestamp" methodname="RemoveOldestRecordsRemovesEventDataIfTopEventDataAndActionDataHaveSameTimestamp" classname="Dynatrace.OpenKit.Core.Caching.BeaconCacheEntryTest" runstate="Runnable" seed="1254387191" result="Passed" start-time="2018-05-11 10:27:03Z" end-time="2018-05-11 10:27:03Z" duration="0.000747" asserts="3" />
              <test-case id="5-1325" name="RemoveOldestRecordsRemovesNothingIfEntryIsEmpty" fullname="Dynatrace.OpenKit.Core.Caching.BeaconCacheEntryTest.RemoveOldestRecordsRemovesNothingIfEntryIsEmpty" methodname="RemoveOldestRecordsRemovesNothingIfEntryIsEmpty" classname="Dynatrace.OpenKit.Core.Caching.BeaconCacheEntryTest" runstate="Runnable" seed="627249201" result="Passed" start-time="2018-05-11 10:27:03Z" end-time="2018-05-11 10:27:03Z" duration="0.000294" asserts="1" />
              <test-case id="5-1330" name="RemoveOldestRecordsStopsIfListsAreEmpty" fullname="Dynatrace.OpenKit.Core.Caching.BeaconCacheEntryTest.RemoveOldestRecordsStopsIfListsAreEmpty" methodname="RemoveOldestRecordsStopsIfListsAreEmpty" classname="Dynatrace.OpenKit.Core.Caching.BeaconCacheEntryTest" runstate="Runnable" seed="2118995790" result="Passed" start-time="2018-05-11 10:27:03Z" end-time="2018-05-11 10:27:03Z" duration="0.000757" asserts="3" />
              <test-case id="5-1331" name="RemoveRecordsOlderThanDoesNotRemoveAnythingFromEventAndActionsBeingSent" fullname="Dynatrace.OpenKit.Core.Caching.BeaconCacheEntryTest.RemoveRecordsOlderThanDoesNotRemoveAnythingFromEventAndActionsBeingSent" methodname="RemoveRecordsOlderThanDoesNotRemoveAnythingFromEventAndActionsBeingSent" classname="Dynatrace.OpenKit.Core.Caching.BeaconCacheEntryTest" runstate="Runnable" seed="1687553874" result="Passed" start-time="2018-05-11 10:27:03Z" end-time="2018-05-11 10:27:03Z" duration="0.002770" asserts="3" />
              <test-case id="5-1322" name="RemoveRecordsOlderThanRemovesNothingIfNoActionOrEventDataExists" fullname="Dynatrace.OpenKit.Core.Caching.BeaconCacheEntryTest.RemoveRecordsOlderThanRemovesNothingIfNoActionOrEventDataExists" methodname="RemoveRecordsOlderThanRemovesNothingIfNoActionOrEventDataExists" classname="Dynatrace.OpenKit.Core.Caching.BeaconCacheEntryTest" runstate="Runnable" seed="1847620862" result="Passed" start-time="2018-05-11 10:27:03Z" end-time="2018-05-11 10:27:03Z" duration="0.000327" asserts="1" />
              <test-case id="5-1323" name="RemoveRecordsOlderThanRemovesRecordsFromActionData" fullname="Dynatrace.OpenKit.Core.Caching.BeaconCacheEntryTest.RemoveRecordsOlderThanRemovesRecordsFromActionData" methodname="RemoveRecordsOlderThanRemovesRecordsFromActionData" classname="Dynatrace.OpenKit.Core.Caching.BeaconCacheEntryTest" runstate="Runnable" seed="192210704" result="Passed" start-time="2018-05-11 10:27:03Z" end-time="2018-05-11 10:27:03Z" duration="0.001532" asserts="2" />
              <test-case id="5-1324" name="RemoveRecordsOlderThanRemovesRecordsFromEventData" fullname="Dynatrace.OpenKit.Core.Caching.BeaconCacheEntryTest.RemoveRecordsOlderThanRemovesRecordsFromEventData" methodname="RemoveRecordsOlderThanRemovesRecordsFromEventData" classname="Dynatrace.OpenKit.Core.Caching.BeaconCacheEntryTest" runstate="Runnable" seed="388021317" result="Passed" start-time="2018-05-11 10:27:03Z" end-time="2018-05-11 10:27:03Z" duration="0.000987" asserts="2" />
              <test-case id="5-1319" name="ResetDataMarkedForSendingMovesPreviouslyCopiedDataBack" fullname="Dynatrace.OpenKit.Core.Caching.BeaconCacheEntryTest.ResetDataMarkedForSendingMovesPreviouslyCopiedDataBack" methodname="ResetDataMarkedForSendingMovesPreviouslyCopiedDataBack" classname="Dynatrace.OpenKit.Core.Caching.BeaconCacheEntryTest" runstate="Runnable" seed="1766961267" result="Passed" start-time="2018-05-11 10:27:03Z" end-time="2018-05-11 10:27:03Z" duration="0.004305" asserts="4" />
              <test-case id="5-1320" name="ResetDataMarkedForSendingResetsMarkedForSendingFlag" fullname="Dynatrace.OpenKit.Core.Caching.BeaconCacheEntryTest.ResetDataMarkedForSendingResetsMarkedForSendingFlag" methodname="ResetDataMarkedForSendingResetsMarkedForSendingFlag" classname="Dynatrace.OpenKit.Core.Caching.BeaconCacheEntryTest" runstate="Runnable" seed="1718395304" result="Passed" start-time="2018-05-11 10:27:03Z" end-time="2018-05-11 10:27:03Z" duration="0.000937" asserts="8" />
              <test-case id="5-1318" name="resetDataMarkedForSendingReturnsIfDataHasNotBeenCopied" fullname="Dynatrace.OpenKit.Core.Caching.BeaconCacheEntryTest.resetDataMarkedForSendingReturnsIfDataHasNotBeenCopied" methodname="resetDataMarkedForSendingReturnsIfDataHasNotBeenCopied" classname="Dynatrace.OpenKit.Core.Caching.BeaconCacheEntryTest" runstate="Runnable" seed="190704803" result="Passed" start-time="2018-05-11 10:27:03Z" end-time="2018-05-11 10:27:03Z" duration="0.000766" asserts="4" />
            </test-suite>
            <test-suite type="TestFixture" id="5-1333" name="BeaconCacheEvictorTest" fullname="Dynatrace.OpenKit.Core.Caching.BeaconCacheEvictorTest" classname="Dynatrace.OpenKit.Core.Caching.BeaconCacheEvictorTest" runstate="Runnable" testcasecount="6" result="Passed" start-time="2018-05-11 10:27:03Z" end-time="2018-05-11 10:27:03Z" duration="0.079055" total="6" passed="6" failed="0" warnings="0" inconclusive="0" skipped="0" asserts="11">
              <test-case id="5-1334" name="ADefaultConstructedBeaconCacheEvictorIsNotAlive" fullname="Dynatrace.OpenKit.Core.Caching.BeaconCacheEvictorTest.ADefaultConstructedBeaconCacheEvictorIsNotAlive" methodname="ADefaultConstructedBeaconCacheEvictorIsNotAlive" classname="Dynatrace.OpenKit.Core.Caching.BeaconCacheEvictorTest" runstate="Runnable" seed="76875951" result="Passed" start-time="2018-05-11 10:27:03Z" end-time="2018-05-11 10:27:03Z" duration="0.051160" asserts="1" />
              <test-case id="5-1335" name="AfterStartingABeaconCacheEvictorItIsAlive" fullname="Dynatrace.OpenKit.Core.Caching.BeaconCacheEvictorTest.AfterStartingABeaconCacheEvictorItIsAlive" methodname="AfterStartingABeaconCacheEvictorItIsAlive" classname="Dynatrace.OpenKit.Core.Caching.BeaconCacheEvictorTest" runstate="Runnable" seed="653844775" result="Passed" start-time="2018-05-11 10:27:03Z" end-time="2018-05-11 10:27:03Z" duration="0.007820" asserts="2" />
              <test-case id="5-1336" name="StartingAnAlreadyAliveBeaconCacheEvictorDoesNothing" fullname="Dynatrace.OpenKit.Core.Caching.BeaconCacheEvictorTest.StartingAnAlreadyAliveBeaconCacheEvictorDoesNothing" methodname="StartingAnAlreadyAliveBeaconCacheEvictorDoesNothing" classname="Dynatrace.OpenKit.Core.Caching.BeaconCacheEvictorTest" runstate="Runnable" seed="861794140" result="Passed" start-time="2018-05-11 10:27:03Z" end-time="2018-05-11 10:27:03Z" duration="0.002415" asserts="2" />
              <test-case id="5-1337" name="StoppingABeaconCacheEvictorWhichIsNotAliveDoesNothing" fullname="Dynatrace.OpenKit.Core.Caching.BeaconCacheEvictorTest.StoppingABeaconCacheEvictorWhichIsNotAliveDoesNothing" methodname="StoppingABeaconCacheEvictorWhichIsNotAliveDoesNothing" classname="Dynatrace.OpenKit.Core.Caching.BeaconCacheEvictorTest" runstate="Runnable" seed="524296163" result="Passed" start-time="2018-05-11 10:27:03Z" end-time="2018-05-11 10:27:03Z" duration="0.002108" asserts="2" />
              <test-case id="5-1338" name="StoppingAnAliveBeaconCacheEvictor" fullname="Dynatrace.OpenKit.Core.Caching.BeaconCacheEvictorTest.StoppingAnAliveBeaconCacheEvictor" methodname="StoppingAnAliveBeaconCacheEvictor" classname="Dynatrace.OpenKit.Core.Caching.BeaconCacheEvictorTest" runstate="Runnable" seed="1728671239" result="Passed" start-time="2018-05-11 10:27:03Z" end-time="2018-05-11 10:27:03Z" duration="0.001030" asserts="2" />
              <test-case id="5-1339" name="TriggeringEvictionStrategiesInThread" fullname="Dynatrace.OpenKit.Core.Caching.BeaconCacheEvictorTest.TriggeringEvictionStrategiesInThread" methodname="TriggeringEvictionStrategiesInThread" classname="Dynatrace.OpenKit.Core.Caching.BeaconCacheEvictorTest" runstate="Runnable" seed="1152317086" result="Passed" start-time="2018-05-11 10:27:03Z" end-time="2018-05-11 10:27:03Z" duration="0.013943" asserts="2" />
            </test-suite>
            <test-suite type="TestFixture" id="5-1340" name="BeaconCacheRecordTest" fullname="Dynatrace.OpenKit.Core.Caching.BeaconCacheRecordTest" classname="Dynatrace.OpenKit.Core.Caching.BeaconCacheRecordTest" runstate="Runnable" testcasecount="14" result="Passed" start-time="2018-05-11 10:27:03Z" end-time="2018-05-11 10:27:03Z" duration="0.010971" total="14" passed="14" failed="0" warnings="0" inconclusive="0" skipped="0" asserts="28">
              <test-case id="5-1347" name="ADifferentTypeIsNotConsideredEqual" fullname="Dynatrace.OpenKit.Core.Caching.BeaconCacheRecordTest.ADifferentTypeIsNotConsideredEqual" methodname="ADifferentTypeIsNotConsideredEqual" classname="Dynatrace.OpenKit.Core.Caching.BeaconCacheRecordTest" runstate="Runnable" seed="528341283" result="Passed" start-time="2018-05-11 10:27:03Z" end-time="2018-05-11 10:27:03Z" duration="0.000999" asserts="1" />
              <test-case id="5-1341" name="Data" fullname="Dynatrace.OpenKit.Core.Caching.BeaconCacheRecordTest.Data" methodname="Data" classname="Dynatrace.OpenKit.Core.Caching.BeaconCacheRecordTest" runstate="Runnable" seed="1777959309" result="Passed" start-time="2018-05-11 10:27:03Z" end-time="2018-05-11 10:27:03Z" duration="0.000632" asserts="3" />
              <test-case id="5-1343" name="DataSizeInBytes" fullname="Dynatrace.OpenKit.Core.Caching.BeaconCacheRecordTest.DataSizeInBytes" methodname="DataSizeInBytes" classname="Dynatrace.OpenKit.Core.Caching.BeaconCacheRecordTest" runstate="Runnable" seed="1839131112" result="Passed" start-time="2018-05-11 10:27:03Z" end-time="2018-05-11 10:27:03Z" duration="0.000675" asserts="5" />
              <test-case id="5-1344" name="MarkForSending" fullname="Dynatrace.OpenKit.Core.Caching.BeaconCacheRecordTest.MarkForSending" methodname="MarkForSending" classname="Dynatrace.OpenKit.Core.Caching.BeaconCacheRecordTest" runstate="Runnable" seed="1559101917" result="Passed" start-time="2018-05-11 10:27:03Z" end-time="2018-05-11 10:27:03Z" duration="0.000520" asserts="3" />
              <test-case id="5-1354" name="NotEqualInstancesHaveDifferentHashCode" fullname="Dynatrace.OpenKit.Core.Caching.BeaconCacheRecordTest.NotEqualInstancesHaveDifferentHashCode" methodname="NotEqualInstancesHaveDifferentHashCode" classname="Dynatrace.OpenKit.Core.Caching.BeaconCacheRecordTest" runstate="Runnable" seed="717808844" result="Passed" start-time="2018-05-11 10:27:03Z" end-time="2018-05-11 10:27:03Z" duration="0.002285" asserts="3" />
              <test-case id="5-1346" name="NullIsNotEqual" fullname="Dynatrace.OpenKit.Core.Caching.BeaconCacheRecordTest.NullIsNotEqual" methodname="NullIsNotEqual" classname="Dynatrace.OpenKit.Core.Caching.BeaconCacheRecordTest" runstate="Runnable" seed="1193297166" result="Passed" start-time="2018-05-11 10:27:03Z" end-time="2018-05-11 10:27:03Z" duration="0.000297" asserts="1" />
              <test-case id="5-1345" name="SameInstancesAreEqual" fullname="Dynatrace.OpenKit.Core.Caching.BeaconCacheRecordTest.SameInstancesAreEqual" methodname="SameInstancesAreEqual" classname="Dynatrace.OpenKit.Core.Caching.BeaconCacheRecordTest" runstate="Runnable" seed="66092977" result="Passed" start-time="2018-05-11 10:27:03Z" end-time="2018-05-11 10:27:03Z" duration="0.000284" asserts="1" />
              <test-case id="5-1352" name="SameInstancesHaveSameHashCode" fullname="Dynatrace.OpenKit.Core.Caching.BeaconCacheRecordTest.SameInstancesHaveSameHashCode" methodname="SameInstancesHaveSameHashCode" classname="Dynatrace.OpenKit.Core.Caching.BeaconCacheRecordTest" runstate="Runnable" seed="1321172116" result="Passed" start-time="2018-05-11 10:27:03Z" end-time="2018-05-11 10:27:03Z" duration="0.000303" asserts="1" />
              <test-case id="5-1342" name="Timestamp" fullname="Dynatrace.OpenKit.Core.Caching.BeaconCacheRecordTest.Timestamp" methodname="Timestamp" classname="Dynatrace.OpenKit.Core.Caching.BeaconCacheRecordTest" runstate="Runnable" seed="1660020087" result="Passed" start-time="2018-05-11 10:27:03Z" end-time="2018-05-11 10:27:03Z" duration="0.000449" asserts="3" />
              <test-case id="5-1353" name="TwoEqualInstancesHaveSameHashCode" fullname="Dynatrace.OpenKit.Core.Caching.BeaconCacheRecordTest.TwoEqualInstancesHaveSameHashCode" methodname="TwoEqualInstancesHaveSameHashCode" classname="Dynatrace.OpenKit.Core.Caching.BeaconCacheRecordTest" runstate="Runnable" seed="664434761" result="Passed" start-time="2018-05-11 10:27:03Z" end-time="2018-05-11 10:27:03Z" duration="0.000442" asserts="2" />
              <test-case id="5-1348" name="TwoInstancesAreEqualIfFieldsAreEqual" fullname="Dynatrace.OpenKit.Core.Caching.BeaconCacheRecordTest.TwoInstancesAreEqualIfFieldsAreEqual" methodname="TwoInstancesAreEqualIfFieldsAreEqual" classname="Dynatrace.OpenKit.Core.Caching.BeaconCacheRecordTest" runstate="Runnable" seed="1988086709" result="Passed" start-time="2018-05-11 10:27:03Z" end-time="2018-05-11 10:27:03Z" duration="0.000939" asserts="2" />
              <test-case id="5-1350" name="TwoInstancesAreNotEqualIfDataDiffers" fullname="Dynatrace.OpenKit.Core.Caching.BeaconCacheRecordTest.TwoInstancesAreNotEqualIfDataDiffers" methodname="TwoInstancesAreNotEqualIfDataDiffers" classname="Dynatrace.OpenKit.Core.Caching.BeaconCacheRecordTest" runstate="Runnable" seed="975240285" result="Passed" start-time="2018-05-11 10:27:03Z" end-time="2018-05-11 10:27:03Z" duration="0.000383" asserts="1" />
              <test-case id="5-1351" name="TwoInstancesAreNotEqualIfMarkedForSendingDiffers" fullname="Dynatrace.OpenKit.Core.Caching.BeaconCacheRecordTest.TwoInstancesAreNotEqualIfMarkedForSendingDiffers" methodname="TwoInstancesAreNotEqualIfMarkedForSendingDiffers" classname="Dynatrace.OpenKit.Core.Caching.BeaconCacheRecordTest" runstate="Runnable" seed="2115057006" result="Passed" start-time="2018-05-11 10:27:03Z" end-time="2018-05-11 10:27:03Z" duration="0.000313" asserts="1" />
              <test-case id="5-1349" name="TwoInstancesAreNotEqualIfTimestampDiffers" fullname="Dynatrace.OpenKit.Core.Caching.BeaconCacheRecordTest.TwoInstancesAreNotEqualIfTimestampDiffers" methodname="TwoInstancesAreNotEqualIfTimestampDiffers" classname="Dynatrace.OpenKit.Core.Caching.BeaconCacheRecordTest" runstate="Runnable" seed="477419951" result="Passed" start-time="2018-05-11 10:27:03Z" end-time="2018-05-11 10:27:03Z" duration="0.000308" asserts="1" />
            </test-suite>
            <test-suite type="TestFixture" id="5-1355" name="BeaconCacheTest" fullname="Dynatrace.OpenKit.Core.Caching.BeaconCacheTest" classname="Dynatrace.OpenKit.Core.Caching.BeaconCacheTest" runstate="Runnable" testcasecount="29" result="Passed" start-time="2018-05-11 10:27:03Z" end-time="2018-05-11 10:27:03Z" duration="0.055311" total="29" passed="29" failed="0" warnings="0" inconclusive="0" skipped="0" asserts="64">
              <test-case id="5-1360" name="AddActionDataAddsBeaconIdToCache" fullname="Dynatrace.OpenKit.Core.Caching.BeaconCacheTest.AddActionDataAddsBeaconIdToCache" methodname="AddActionDataAddsBeaconIdToCache" classname="Dynatrace.OpenKit.Core.Caching.BeaconCacheTest" runstate="Runnable" seed="504724222" result="Passed" start-time="2018-05-11 10:27:03Z" end-time="2018-05-11 10:27:03Z" duration="0.009582" asserts="5" />
              <test-case id="5-1361" name="AddActionDataAddsDataToAlreadyExistingBeaconId" fullname="Dynatrace.OpenKit.Core.Caching.BeaconCacheTest.AddActionDataAddsDataToAlreadyExistingBeaconId" methodname="AddActionDataAddsDataToAlreadyExistingBeaconId" classname="Dynatrace.OpenKit.Core.Caching.BeaconCacheTest" runstate="Runnable" seed="1907083250" result="Passed" start-time="2018-05-11 10:27:03Z" end-time="2018-05-11 10:27:03Z" duration="0.001050" asserts="4" />
              <test-case id="5-1362" name="AddActionDataIncreasesCacheSize" fullname="Dynatrace.OpenKit.Core.Caching.BeaconCacheTest.AddActionDataIncreasesCacheSize" methodname="AddActionDataIncreasesCacheSize" classname="Dynatrace.OpenKit.Core.Caching.BeaconCacheTest" runstate="Runnable" seed="2054883663" result="Passed" start-time="2018-05-11 10:27:03Z" end-time="2018-05-11 10:27:03Z" duration="0.001021" asserts="1" />
              <test-case id="5-1363" name="AddActionDataRaisesEvent" fullname="Dynatrace.OpenKit.Core.Caching.BeaconCacheTest.AddActionDataRaisesEvent" methodname="AddActionDataRaisesEvent" classname="Dynatrace.OpenKit.Core.Caching.BeaconCacheTest" runstate="Runnable" seed="551986456" result="Passed" start-time="2018-05-11 10:27:03Z" end-time="2018-05-11 10:27:03Z" duration="0.001899" asserts="2" />
              <test-case id="5-1357" name="AddEventDataAddsBeaconIdToCache" fullname="Dynatrace.OpenKit.Core.Caching.BeaconCacheTest.AddEventDataAddsBeaconIdToCache" methodname="AddEventDataAddsBeaconIdToCache" classname="Dynatrace.OpenKit.Core.Caching.BeaconCacheTest" runstate="Runnable" seed="1247060698" result="Passed" start-time="2018-05-11 10:27:03Z" end-time="2018-05-11 10:27:03Z" duration="0.001878" asserts="5" />
              <test-case id="5-1358" name="AddEventDataAddsDataToAlreadyExistingBeaconId" fullname="Dynatrace.OpenKit.Core.Caching.BeaconCacheTest.AddEventDataAddsDataToAlreadyExistingBeaconId" methodname="AddEventDataAddsDataToAlreadyExistingBeaconId" classname="Dynatrace.OpenKit.Core.Caching.BeaconCacheTest" runstate="Runnable" seed="1443824514" result="Passed" start-time="2018-05-11 10:27:03Z" end-time="2018-05-11 10:27:03Z" duration="0.000998" asserts="4" />
              <test-case id="5-1359" name="AddEventDataIncreasesCacheSize" fullname="Dynatrace.OpenKit.Core.Caching.BeaconCacheTest.AddEventDataIncreasesCacheSize" methodname="AddEventDataIncreasesCacheSize" classname="Dynatrace.OpenKit.Core.Caching.BeaconCacheTest" runstate="Runnable" seed="1324635238" result="Passed" start-time="2018-05-11 10:27:03Z" end-time="2018-05-11 10:27:03Z" duration="0.001523" asserts="1" />
              <test-case id="5-1356" name="ADefaultConstructedCacheDoesNotContainBeacons" fullname="Dynatrace.OpenKit.Core.Caching.BeaconCacheTest.ADefaultConstructedCacheDoesNotContainBeacons" methodname="ADefaultConstructedCacheDoesNotContainBeacons" classname="Dynatrace.OpenKit.Core.Caching.BeaconCacheTest" runstate="Runnable" seed="1784226034" result="Passed" start-time="2018-05-11 10:27:03Z" end-time="2018-05-11 10:27:03Z" duration="0.000556" asserts="2" />
              <test-case id="5-1367" name="DeleteCacheEntriesDoesNothingIfGivenBeaconIDIsNotInCache" fullname="Dynatrace.OpenKit.Core.Caching.BeaconCacheTest.DeleteCacheEntriesDoesNothingIfGivenBeaconIDIsNotInCache" methodname="DeleteCacheEntriesDoesNothingIfGivenBeaconIDIsNotInCache" classname="Dynatrace.OpenKit.Core.Caching.BeaconCacheTest" runstate="Runnable" seed="398470441" result="Passed" start-time="2018-05-11 10:27:03Z" end-time="2018-05-11 10:27:03Z" duration="0.001041" asserts="3" />
              <test-case id="5-1365" name="DeleteCacheEntryDecrementsCacheSize" fullname="Dynatrace.OpenKit.Core.Caching.BeaconCacheTest.DeleteCacheEntryDecrementsCacheSize" methodname="DeleteCacheEntryDecrementsCacheSize" classname="Dynatrace.OpenKit.Core.Caching.BeaconCacheTest" runstate="Runnable" seed="201708191" result="Passed" start-time="2018-05-11 10:27:03Z" end-time="2018-05-11 10:27:03Z" duration="0.000695" asserts="1" />
              <test-case id="5-1366" name="DeleteCacheEntryDoesNotRaiseEvent" fullname="Dynatrace.OpenKit.Core.Caching.BeaconCacheTest.DeleteCacheEntryDoesNotRaiseEvent" methodname="DeleteCacheEntryDoesNotRaiseEvent" classname="Dynatrace.OpenKit.Core.Caching.BeaconCacheTest" runstate="Runnable" seed="1723858108" result="Passed" start-time="2018-05-11 10:27:03Z" end-time="2018-05-11 10:27:03Z" duration="0.000701" asserts="1" />
              <test-case id="5-1364" name="DeleteCacheEntryRemovesTheGivenBeacon" fullname="Dynatrace.OpenKit.Core.Caching.BeaconCacheTest.DeleteCacheEntryRemovesTheGivenBeacon" methodname="DeleteCacheEntryRemovesTheGivenBeacon" classname="Dynatrace.OpenKit.Core.Caching.BeaconCacheTest" runstate="Runnable" seed="365959824" result="Passed" start-time="2018-05-11 10:27:03Z" end-time="2018-05-11 10:27:03Z" duration="0.000652" asserts="2" />
              <test-case id="5-1379" name="EvictRecordsByAge" fullname="Dynatrace.OpenKit.Core.Caching.BeaconCacheTest.EvictRecordsByAge" methodname="EvictRecordsByAge" classname="Dynatrace.OpenKit.Core.Caching.BeaconCacheTest" runstate="Runnable" seed="1010457557" result="Passed" start-time="2018-05-11 10:27:03Z" end-time="2018-05-11 10:27:03Z" duration="0.001251" asserts="1" />
              <test-case id="5-1378" name="EvictRecordsByAgeDoesNothingAndReturnsZeroIfBeaconIDDoesNotExist" fullname="Dynatrace.OpenKit.Core.Caching.BeaconCacheTest.EvictRecordsByAgeDoesNothingAndReturnsZeroIfBeaconIDDoesNotExist" methodname="EvictRecordsByAgeDoesNothingAndReturnsZeroIfBeaconIDDoesNotExist" classname="Dynatrace.OpenKit.Core.Caching.BeaconCacheTest" runstate="Runnable" seed="1260380094" result="Passed" start-time="2018-05-11 10:27:03Z" end-time="2018-05-11 10:27:03Z" duration="0.000790" asserts="1" />
              <test-case id="5-1381" name="EvictRecordsByNumber" fullname="Dynatrace.OpenKit.Core.Caching.BeaconCacheTest.EvictRecordsByNumber" methodname="EvictRecordsByNumber" classname="Dynatrace.OpenKit.Core.Caching.BeaconCacheTest" runstate="Runnable" seed="320695803" result="Passed" start-time="2018-05-11 10:27:03Z" end-time="2018-05-11 10:27:03Z" duration="0.001323" asserts="1" />
              <test-case id="5-1380" name="EvictRecordsByNumberDoesNothingAndReturnsZeroIfBeaconIDDoesNotExist" fullname="Dynatrace.OpenKit.Core.Caching.BeaconCacheTest.EvictRecordsByNumberDoesNothingAndReturnsZeroIfBeaconIDDoesNotExist" methodname="EvictRecordsByNumberDoesNothingAndReturnsZeroIfBeaconIDDoesNotExist" classname="Dynatrace.OpenKit.Core.Caching.BeaconCacheTest" runstate="Runnable" seed="207762987" result="Passed" start-time="2018-05-11 10:27:03Z" end-time="2018-05-11 10:27:03Z" duration="0.000578" asserts="1" />
              <test-case id="5-1369" name="GetNextBeaconChunkCopiesDataForSending" fullname="Dynatrace.OpenKit.Core.Caching.BeaconCacheTest.GetNextBeaconChunkCopiesDataForSending" methodname="GetNextBeaconChunkCopiesDataForSending" classname="Dynatrace.OpenKit.Core.Caching.BeaconCacheTest" runstate="Runnable" seed="809884652" result="Passed" start-time="2018-05-11 10:27:03Z" end-time="2018-05-11 10:27:03Z" duration="0.003489" asserts="5" />
              <test-case id="5-1370" name="GetNextBeaconChunkDecreasesBeaconCacheSize" fullname="Dynatrace.OpenKit.Core.Caching.BeaconCacheTest.GetNextBeaconChunkDecreasesBeaconCacheSize" methodname="GetNextBeaconChunkDecreasesBeaconCacheSize" classname="Dynatrace.OpenKit.Core.Caching.BeaconCacheTest" runstate="Runnable" seed="1561720174" result="Passed" start-time="2018-05-11 10:27:03Z" end-time="2018-05-11 10:27:03Z" duration="0.000733" asserts="1" />
              <test-case id="5-1371" name="getNextBeaconChunkRetrievesNextChunk" fullname="Dynatrace.OpenKit.Core.Caching.BeaconCacheTest.getNextBeaconChunkRetrievesNextChunk" methodname="getNextBeaconChunkRetrievesNextChunk" classname="Dynatrace.OpenKit.Core.Caching.BeaconCacheTest" runstate="Runnable" seed="1754546193" result="Passed" start-time="2018-05-11 10:27:03Z" end-time="2018-05-11 10:27:03Z" duration="0.004436" asserts="3" />
              <test-case id="5-1368" name="GetNextBeaconChunkReturnsNullIfGivenBeaconIDDoesNotExist" fullname="Dynatrace.OpenKit.Core.Caching.BeaconCacheTest.GetNextBeaconChunkReturnsNullIfGivenBeaconIDDoesNotExist" methodname="GetNextBeaconChunkReturnsNullIfGivenBeaconIDDoesNotExist" classname="Dynatrace.OpenKit.Core.Caching.BeaconCacheTest" runstate="Runnable" seed="1466750662" result="Passed" start-time="2018-05-11 10:27:03Z" end-time="2018-05-11 10:27:03Z" duration="0.000599" asserts="1" />
              <test-case id="5-1383" name="IsEmptyGivesFalseIfBeaconDataSizeIsNotEqualToZero" fullname="Dynatrace.OpenKit.Core.Caching.BeaconCacheTest.IsEmptyGivesFalseIfBeaconDataSizeIsNotEqualToZero" methodname="IsEmptyGivesFalseIfBeaconDataSizeIsNotEqualToZero" classname="Dynatrace.OpenKit.Core.Caching.BeaconCacheTest" runstate="Runnable" seed="1992476682" result="Passed" start-time="2018-05-11 10:27:03Z" end-time="2018-05-11 10:27:03Z" duration="0.000661" asserts="1" />
              <test-case id="5-1384" name="IsEmptyGivesTrueIfBeaconDoesNotContainActiveData" fullname="Dynatrace.OpenKit.Core.Caching.BeaconCacheTest.IsEmptyGivesTrueIfBeaconDoesNotContainActiveData" methodname="IsEmptyGivesTrueIfBeaconDoesNotContainActiveData" classname="Dynatrace.OpenKit.Core.Caching.BeaconCacheTest" runstate="Runnable" seed="1231815243" result="Passed" start-time="2018-05-11 10:27:03Z" end-time="2018-05-11 10:27:03Z" duration="0.000781" asserts="1" />
              <test-case id="5-1382" name="IsEmptyGivesTrueIfBeaconDoesNotExistInCache" fullname="Dynatrace.OpenKit.Core.Caching.BeaconCacheTest.IsEmptyGivesTrueIfBeaconDoesNotExistInCache" methodname="IsEmptyGivesTrueIfBeaconDoesNotExistInCache" classname="Dynatrace.OpenKit.Core.Caching.BeaconCacheTest" runstate="Runnable" seed="382543852" result="Passed" start-time="2018-05-11 10:27:03Z" end-time="2018-05-11 10:27:03Z" duration="0.000583" asserts="1" />
              <test-case id="5-1372" name="RemoveChunkedDataClearsAlreadyRetrievedChunks" fullname="Dynatrace.OpenKit.Core.Caching.BeaconCacheTest.RemoveChunkedDataClearsAlreadyRetrievedChunks" methodname="RemoveChunkedDataClearsAlreadyRetrievedChunks" classname="Dynatrace.OpenKit.Core.Caching.BeaconCacheTest" runstate="Runnable" seed="1760271506" result="Passed" start-time="2018-05-11 10:27:03Z" end-time="2018-05-11 10:27:03Z" duration="0.002088" asserts="6" />
              <test-case id="5-1373" name="RemoveChunkedDataDoesNothingIfCalledWithNonExistingBeaconID" fullname="Dynatrace.OpenKit.Core.Caching.BeaconCacheTest.RemoveChunkedDataDoesNothingIfCalledWithNonExistingBeaconID" methodname="RemoveChunkedDataDoesNothingIfCalledWithNonExistingBeaconID" classname="Dynatrace.OpenKit.Core.Caching.BeaconCacheTest" runstate="Runnable" seed="446150289" result="Passed" start-time="2018-05-11 10:27:03Z" end-time="2018-05-11 10:27:03Z" duration="0.001169" asserts="2" />
              <test-case id="5-1377" name="ResetChunkedDoesNothingIfEntryDoesNotExist" fullname="Dynatrace.OpenKit.Core.Caching.BeaconCacheTest.ResetChunkedDoesNothingIfEntryDoesNotExist" methodname="ResetChunkedDoesNothingIfEntryDoesNotExist" classname="Dynatrace.OpenKit.Core.Caching.BeaconCacheTest" runstate="Runnable" seed="1185907918" result="Passed" start-time="2018-05-11 10:27:03Z" end-time="2018-05-11 10:27:03Z" duration="0.001982" asserts="2" />
              <test-case id="5-1376" name="ResetChunkedRaisesEvent" fullname="Dynatrace.OpenKit.Core.Caching.BeaconCacheTest.ResetChunkedRaisesEvent" methodname="ResetChunkedRaisesEvent" classname="Dynatrace.OpenKit.Core.Caching.BeaconCacheTest" runstate="Runnable" seed="973601299" result="Passed" start-time="2018-05-11 10:27:03Z" end-time="2018-05-11 10:27:03Z" duration="0.001303" asserts="1" />
              <test-case id="5-1375" name="ResetChunkedRestoresCacheSize" fullname="Dynatrace.OpenKit.Core.Caching.BeaconCacheTest.ResetChunkedRestoresCacheSize" methodname="ResetChunkedRestoresCacheSize" classname="Dynatrace.OpenKit.Core.Caching.BeaconCacheTest" runstate="Runnable" seed="1995733686" result="Passed" start-time="2018-05-11 10:27:03Z" end-time="2018-05-11 10:27:03Z" duration="0.000822" asserts="1" />
              <test-case id="5-1374" name="ResetChunkedRestoresData" fullname="Dynatrace.OpenKit.Core.Caching.BeaconCacheTest.ResetChunkedRestoresData" methodname="ResetChunkedRestoresData" classname="Dynatrace.OpenKit.Core.Caching.BeaconCacheTest" runstate="Runnable" seed="453229488" result="Passed" start-time="2018-05-11 10:27:03Z" end-time="2018-05-11 10:27:03Z" duration="0.001403" asserts="4" />
            </test-suite>
            <test-suite type="TestFixture" id="5-1385" name="SpaceEvictionStrategyTest" fullname="Dynatrace.OpenKit.Core.Caching.SpaceEvictionStrategyTest" classname="Dynatrace.OpenKit.Core.Caching.SpaceEvictionStrategyTest" runstate="Runnable" testcasecount="16" result="Passed" start-time="2018-05-11 10:27:03Z" end-time="2018-05-11 10:27:03Z" duration="0.045151" total="16" passed="16" failed="0" warnings="0" inconclusive="0" skipped="0" asserts="8">
              <test-case id="5-1396" name="ExecuteEvictionCallsCacheMethodForEachBeacon" fullname="Dynatrace.OpenKit.Core.Caching.SpaceEvictionStrategyTest.ExecuteEvictionCallsCacheMethodForEachBeacon" methodname="ExecuteEvictionCallsCacheMethodForEachBeacon" classname="Dynatrace.OpenKit.Core.Caching.SpaceEvictionStrategyTest" runstate="Runnable" seed="1722593863" result="Passed" start-time="2018-05-11 10:27:03Z" end-time="2018-05-11 10:27:03Z" duration="0.015322" asserts="0" />
              <test-case id="5-1398" name="ExecuteEvictionDoesNotLogEvictionResultIfDebugIsDisabled" fullname="Dynatrace.OpenKit.Core.Caching.SpaceEvictionStrategyTest.ExecuteEvictionDoesNotLogEvictionResultIfDebugIsDisabled" methodname="ExecuteEvictionDoesNotLogEvictionResultIfDebugIsDisabled" classname="Dynatrace.OpenKit.Core.Caching.SpaceEvictionStrategyTest" runstate="Runnable" seed="839436112" result="Passed" start-time="2018-05-11 10:27:03Z" end-time="2018-05-11 10:27:03Z" duration="0.007169" asserts="0" />
              <test-case id="5-1395" name="ExecuteEvictionDoesNotLogIfStrategyIsDisabledAndInfoIsDisabledInLogger" fullname="Dynatrace.OpenKit.Core.Caching.SpaceEvictionStrategyTest.ExecuteEvictionDoesNotLogIfStrategyIsDisabledAndInfoIsDisabledInLogger" methodname="ExecuteEvictionDoesNotLogIfStrategyIsDisabledAndInfoIsDisabledInLogger" classname="Dynatrace.OpenKit.Core.Caching.SpaceEvictionStrategyTest" runstate="Runnable" seed="1294876359" result="Passed" start-time="2018-05-11 10:27:03Z" end-time="2018-05-11 10:27:03Z" duration="0.001375" asserts="0" />
              <test-case id="5-1394" name="ExecuteEvictionLogsAMessageOnceAndReturnsIfStrategyIsDisabled" fullname="Dynatrace.OpenKit.Core.Caching.SpaceEvictionStrategyTest.ExecuteEvictionLogsAMessageOnceAndReturnsIfStrategyIsDisabled" methodname="ExecuteEvictionLogsAMessageOnceAndReturnsIfStrategyIsDisabled" classname="Dynatrace.OpenKit.Core.Caching.SpaceEvictionStrategyTest" runstate="Runnable" seed="1174905346" result="Passed" start-time="2018-05-11 10:27:03Z" end-time="2018-05-11 10:27:03Z" duration="0.002072" asserts="0" />
              <test-case id="5-1397" name="ExecuteEvictionLogsEvictionResultIfDebugIsEnabled" fullname="Dynatrace.OpenKit.Core.Caching.SpaceEvictionStrategyTest.ExecuteEvictionLogsEvictionResultIfDebugIsEnabled" methodname="ExecuteEvictionLogsEvictionResultIfDebugIsEnabled" classname="Dynatrace.OpenKit.Core.Caching.SpaceEvictionStrategyTest" runstate="Runnable" seed="1630754640" result="Passed" start-time="2018-05-11 10:27:03Z" end-time="2018-05-11 10:27:03Z" duration="0.004953" asserts="0" />
              <test-case id="5-1399" name="ExecuteEvictionRunsUntilTheCacheSizeIsLessThanOrEqualToLowerBound" fullname="Dynatrace.OpenKit.Core.Caching.SpaceEvictionStrategyTest.ExecuteEvictionRunsUntilTheCacheSizeIsLessThanOrEqualToLowerBound" methodname="ExecuteEvictionRunsUntilTheCacheSizeIsLessThanOrEqualToLowerBound" classname="Dynatrace.OpenKit.Core.Caching.SpaceEvictionStrategyTest" runstate="Runnable" seed="542187502" result="Passed" start-time="2018-05-11 10:27:03Z" end-time="2018-05-11 10:27:03Z" duration="0.001859" asserts="0" />
              <test-case id="5-1401" name="ExecuteEvictionStopsIfNumBytesInCacheFallsBelowLowerBoundBetweenTwoBeacons" fullname="Dynatrace.OpenKit.Core.Caching.SpaceEvictionStrategyTest.ExecuteEvictionStopsIfNumBytesInCacheFallsBelowLowerBoundBetweenTwoBeacons" methodname="ExecuteEvictionStopsIfNumBytesInCacheFallsBelowLowerBoundBetweenTwoBeacons" classname="Dynatrace.OpenKit.Core.Caching.SpaceEvictionStrategyTest" runstate="Runnable" seed="592693574" result="Passed" start-time="2018-05-11 10:27:03Z" end-time="2018-05-11 10:27:03Z" duration="0.001591" asserts="0" />
              <test-case id="5-1400" name="ÉxecuteEvictionStopsIfThreadGetsInterruptedBetweenTwoBeacons" fullname="Dynatrace.OpenKit.Core.Caching.SpaceEvictionStrategyTest.ÉxecuteEvictionStopsIfThreadGetsInterruptedBetweenTwoBeacons" methodname="ÉxecuteEvictionStopsIfThreadGetsInterruptedBetweenTwoBeacons" classname="Dynatrace.OpenKit.Core.Caching.SpaceEvictionStrategyTest" runstate="Runnable" seed="578384145" result="Passed" start-time="2018-05-11 10:27:03Z" end-time="2018-05-11 10:27:03Z" duration="0.003424" asserts="0" />
              <test-case id="5-1392" name="ShouldRunGivesFalseIfNumBytesInCacheIsEqualToUpperBoundLimit" fullname="Dynatrace.OpenKit.Core.Caching.SpaceEvictionStrategyTest.ShouldRunGivesFalseIfNumBytesInCacheIsEqualToUpperBoundLimit" methodname="ShouldRunGivesFalseIfNumBytesInCacheIsEqualToUpperBoundLimit" classname="Dynatrace.OpenKit.Core.Caching.SpaceEvictionStrategyTest" runstate="Runnable" seed="1543825491" result="Passed" start-time="2018-05-11 10:27:03Z" end-time="2018-05-11 10:27:03Z" duration="0.000690" asserts="1" />
              <test-case id="5-1393" name="ShouldRunGivesFalseIfNumBytesInCacheIsLessThanUpperBoundLimit" fullname="Dynatrace.OpenKit.Core.Caching.SpaceEvictionStrategyTest.ShouldRunGivesFalseIfNumBytesInCacheIsLessThanUpperBoundLimit" methodname="ShouldRunGivesFalseIfNumBytesInCacheIsLessThanUpperBoundLimit" classname="Dynatrace.OpenKit.Core.Caching.SpaceEvictionStrategyTest" runstate="Runnable" seed="743370135" result="Passed" start-time="2018-05-11 10:27:03Z" end-time="2018-05-11 10:27:03Z" duration="0.000637" asserts="1" />
              <test-case id="5-1391" name="ShouldRunGivesTrueIfNumBytesInCacheIsGreaterThanUpperBoundLimit" fullname="Dynatrace.OpenKit.Core.Caching.SpaceEvictionStrategyTest.ShouldRunGivesTrueIfNumBytesInCacheIsGreaterThanUpperBoundLimit" methodname="ShouldRunGivesTrueIfNumBytesInCacheIsGreaterThanUpperBoundLimit" classname="Dynatrace.OpenKit.Core.Caching.SpaceEvictionStrategyTest" runstate="Runnable" seed="1274224765" result="Passed" start-time="2018-05-11 10:27:03Z" end-time="2018-05-11 10:27:03Z" duration="0.001560" asserts="1" />
              <test-case id="5-1387" name="TheStrategyIsDisabledIfCacheSizeLowerBoundIsEqualToZero" fullname="Dynatrace.OpenKit.Core.Caching.SpaceEvictionStrategyTest.TheStrategyIsDisabledIfCacheSizeLowerBoundIsEqualToZero" methodname="TheStrategyIsDisabledIfCacheSizeLowerBoundIsEqualToZero" classname="Dynatrace.OpenKit.Core.Caching.SpaceEvictionStrategyTest" runstate="Runnable" seed="1273510871" result="Passed" start-time="2018-05-11 10:27:03Z" end-time="2018-05-11 10:27:03Z" duration="0.000524" asserts="1" />
              <test-case id="5-1386" name="TheStrategyIsDisabledIfCacheSizeLowerBoundIsLessThanZero" fullname="Dynatrace.OpenKit.Core.Caching.SpaceEvictionStrategyTest.TheStrategyIsDisabledIfCacheSizeLowerBoundIsLessThanZero" methodname="TheStrategyIsDisabledIfCacheSizeLowerBoundIsLessThanZero" classname="Dynatrace.OpenKit.Core.Caching.SpaceEvictionStrategyTest" runstate="Runnable" seed="2024720741" result="Passed" start-time="2018-05-11 10:27:03Z" end-time="2018-05-11 10:27:03Z" duration="0.000481" asserts="1" />
              <test-case id="5-1389" name="TheStrategyIsDisabledIfCacheSizeUpperBoundIsEqualToZero" fullname="Dynatrace.OpenKit.Core.Caching.SpaceEvictionStrategyTest.TheStrategyIsDisabledIfCacheSizeUpperBoundIsEqualToZero" methodname="TheStrategyIsDisabledIfCacheSizeUpperBoundIsEqualToZero" classname="Dynatrace.OpenKit.Core.Caching.SpaceEvictionStrategyTest" runstate="Runnable" seed="1182212029" result="Passed" start-time="2018-05-11 10:27:03Z" end-time="2018-05-11 10:27:03Z" duration="0.000446" asserts="1" />
              <test-case id="5-1390" name="TheStrategyIsDisabledIfCacheSizeUpperBoundIsLessThanLowerBound" fullname="Dynatrace.OpenKit.Core.Caching.SpaceEvictionStrategyTest.TheStrategyIsDisabledIfCacheSizeUpperBoundIsLessThanLowerBound" methodname="TheStrategyIsDisabledIfCacheSizeUpperBoundIsLessThanLowerBound" classname="Dynatrace.OpenKit.Core.Caching.SpaceEvictionStrategyTest" runstate="Runnable" seed="1736902569" result="Passed" start-time="2018-05-11 10:27:03Z" end-time="2018-05-11 10:27:03Z" duration="0.000477" asserts="1" />
              <test-case id="5-1388" name="TheStrategyIsDisabledIfCacheSizeUpperBoundIsLessThanZero" fullname="Dynatrace.OpenKit.Core.Caching.SpaceEvictionStrategyTest.TheStrategyIsDisabledIfCacheSizeUpperBoundIsLessThanZero" methodname="TheStrategyIsDisabledIfCacheSizeUpperBoundIsLessThanZero" classname="Dynatrace.OpenKit.Core.Caching.SpaceEvictionStrategyTest" runstate="Runnable" seed="1686997274" result="Passed" start-time="2018-05-11 10:27:03Z" end-time="2018-05-11 10:27:03Z" duration="0.000420" asserts="1" />
            </test-suite>
            <test-suite type="TestFixture" id="5-1402" name="TimeEvicitionStrategyTest" fullname="Dynatrace.OpenKit.Core.Caching.TimeEvicitionStrategyTest" classname="Dynatrace.OpenKit.Core.Caching.TimeEvicitionStrategyTest" runstate="Runnable" testcasecount="14" result="Passed" start-time="2018-05-11 10:27:03Z" end-time="2018-05-11 10:27:03Z" duration="0.037378" total="14" passed="14" failed="0" warnings="0" inconclusive="0" skipped="0" asserts="11">
              <test-case id="5-1414" name="ExecuteEvictionCallsEvictionForEachBeaconSeparately" fullname="Dynatrace.OpenKit.Core.Caching.TimeEvicitionStrategyTest.ExecuteEvictionCallsEvictionForEachBeaconSeparately" methodname="ExecuteEvictionCallsEvictionForEachBeaconSeparately" classname="Dynatrace.OpenKit.Core.Caching.TimeEvicitionStrategyTest" runstate="Runnable" seed="2068766125" result="Passed" start-time="2018-05-11 10:27:03Z" end-time="2018-05-11 10:27:03Z" duration="0.011909" asserts="1" />
              <test-case id="5-1411" name="ExecuteEvictionDoesNotLogIfStrategyIsDisabledAndInfoIsDisabledInLogger" fullname="Dynatrace.OpenKit.Core.Caching.TimeEvicitionStrategyTest.ExecuteEvictionDoesNotLogIfStrategyIsDisabledAndInfoIsDisabledInLogger" methodname="ExecuteEvictionDoesNotLogIfStrategyIsDisabledAndInfoIsDisabledInLogger" classname="Dynatrace.OpenKit.Core.Caching.TimeEvicitionStrategyTest" runstate="Runnable" seed="902143180" result="Passed" start-time="2018-05-11 10:27:03Z" end-time="2018-05-11 10:27:03Z" duration="0.002587" asserts="0" />
              <test-case id="5-1416" name="ExecuteEvictionIsStoppedIfThreadGetsInterrupted" fullname="Dynatrace.OpenKit.Core.Caching.TimeEvicitionStrategyTest.ExecuteEvictionIsStoppedIfThreadGetsInterrupted" methodname="ExecuteEvictionIsStoppedIfThreadGetsInterrupted" classname="Dynatrace.OpenKit.Core.Caching.TimeEvicitionStrategyTest" runstate="Runnable" seed="285527090" result="Passed" start-time="2018-05-11 10:27:03Z" end-time="2018-05-11 10:27:03Z" duration="0.002951" asserts="0" />
              <test-case id="5-1410" name="ExecuteEvictionLogsAMessageOnceAndReturnsIfStrategyIsDisabled" fullname="Dynatrace.OpenKit.Core.Caching.TimeEvicitionStrategyTest.ExecuteEvictionLogsAMessageOnceAndReturnsIfStrategyIsDisabled" methodname="ExecuteEvictionLogsAMessageOnceAndReturnsIfStrategyIsDisabled" classname="Dynatrace.OpenKit.Core.Caching.TimeEvicitionStrategyTest" runstate="Runnable" seed="1593294224" result="Passed" start-time="2018-05-11 10:27:03Z" end-time="2018-05-11 10:27:03Z" duration="0.002744" asserts="0" />
              <test-case id="5-1415" name="ExecuteEvictionLogsTheNumberOfRecordsRemoved" fullname="Dynatrace.OpenKit.Core.Caching.TimeEvicitionStrategyTest.ExecuteEvictionLogsTheNumberOfRecordsRemoved" methodname="ExecuteEvictionLogsTheNumberOfRecordsRemoved" classname="Dynatrace.OpenKit.Core.Caching.TimeEvicitionStrategyTest" runstate="Runnable" seed="1482547556" result="Passed" start-time="2018-05-11 10:27:03Z" end-time="2018-05-11 10:27:03Z" duration="0.002747" asserts="0" />
              <test-case id="5-1413" name="ExecuteEvictionStopsIfNoBeaconIdsAreAvailableInCache" fullname="Dynatrace.OpenKit.Core.Caching.TimeEvicitionStrategyTest.ExecuteEvictionStopsIfNoBeaconIdsAreAvailableInCache" methodname="ExecuteEvictionStopsIfNoBeaconIdsAreAvailableInCache" classname="Dynatrace.OpenKit.Core.Caching.TimeEvicitionStrategyTest" runstate="Runnable" seed="2031406375" result="Passed" start-time="2018-05-11 10:27:03Z" end-time="2018-05-11 10:27:03Z" duration="0.004241" asserts="1" />
              <test-case id="5-1412" name="LastRuntimeStampIsAdjustedDuringFirstExecution" fullname="Dynatrace.OpenKit.Core.Caching.TimeEvicitionStrategyTest.LastRuntimeStampIsAdjustedDuringFirstExecution" methodname="LastRuntimeStampIsAdjustedDuringFirstExecution" classname="Dynatrace.OpenKit.Core.Caching.TimeEvicitionStrategyTest" runstate="Runnable" seed="664919629" result="Passed" start-time="2018-05-11 10:27:03Z" end-time="2018-05-11 10:27:03Z" duration="0.002620" asserts="2" />
              <test-case id="5-1407" name="ShouldRunGivesFalseIfLastRunIsLessThanMaxAgeMillisecondsAgo" fullname="Dynatrace.OpenKit.Core.Caching.TimeEvicitionStrategyTest.ShouldRunGivesFalseIfLastRunIsLessThanMaxAgeMillisecondsAgo" methodname="ShouldRunGivesFalseIfLastRunIsLessThanMaxAgeMillisecondsAgo" classname="Dynatrace.OpenKit.Core.Caching.TimeEvicitionStrategyTest" runstate="Runnable" seed="379062199" result="Passed" start-time="2018-05-11 10:27:03Z" end-time="2018-05-11 10:27:03Z" duration="0.000734" asserts="1" />
              <test-case id="5-1408" name="ShouldRunGivesTrueIfLastRunIsExactlyMaxAgeMillisecondsAgo" fullname="Dynatrace.OpenKit.Core.Caching.TimeEvicitionStrategyTest.ShouldRunGivesTrueIfLastRunIsExactlyMaxAgeMillisecondsAgo" methodname="ShouldRunGivesTrueIfLastRunIsExactlyMaxAgeMillisecondsAgo" classname="Dynatrace.OpenKit.Core.Caching.TimeEvicitionStrategyTest" runstate="Runnable" seed="1120679859" result="Passed" start-time="2018-05-11 10:27:03Z" end-time="2018-05-11 10:27:03Z" duration="0.000634" asserts="1" />
              <test-case id="5-1409" name="ShouldRunGivesTrueIfLastRunIsMoreThanMaxAgeMillisecondsAgo" fullname="Dynatrace.OpenKit.Core.Caching.TimeEvicitionStrategyTest.ShouldRunGivesTrueIfLastRunIsMoreThanMaxAgeMillisecondsAgo" methodname="ShouldRunGivesTrueIfLastRunIsMoreThanMaxAgeMillisecondsAgo" classname="Dynatrace.OpenKit.Core.Caching.TimeEvicitionStrategyTest" runstate="Runnable" seed="1877958113" result="Passed" start-time="2018-05-11 10:27:03Z" end-time="2018-05-11 10:27:03Z" duration="0.000645" asserts="1" />
              <test-case id="5-1403" name="TheInitialLastRunTimestampIsMinusOne" fullname="Dynatrace.OpenKit.Core.Caching.TimeEvicitionStrategyTest.TheInitialLastRunTimestampIsMinusOne" methodname="TheInitialLastRunTimestampIsMinusOne" classname="Dynatrace.OpenKit.Core.Caching.TimeEvicitionStrategyTest" runstate="Runnable" seed="1708239602" result="Passed" start-time="2018-05-11 10:27:03Z" end-time="2018-05-11 10:27:03Z" duration="0.000472" asserts="1" />
              <test-case id="5-1404" name="TheStrategyIsDisabledIfBeaconMaxAgeIsSetToLessThanZero" fullname="Dynatrace.OpenKit.Core.Caching.TimeEvicitionStrategyTest.TheStrategyIsDisabledIfBeaconMaxAgeIsSetToLessThanZero" methodname="TheStrategyIsDisabledIfBeaconMaxAgeIsSetToLessThanZero" classname="Dynatrace.OpenKit.Core.Caching.TimeEvicitionStrategyTest" runstate="Runnable" seed="1559342192" result="Passed" start-time="2018-05-11 10:27:03Z" end-time="2018-05-11 10:27:03Z" duration="0.000465" asserts="1" />
              <test-case id="5-1405" name="TheStrategyIsDisabledIfBeaconMaxAgeIsSetToZero" fullname="Dynatrace.OpenKit.Core.Caching.TimeEvicitionStrategyTest.TheStrategyIsDisabledIfBeaconMaxAgeIsSetToZero" methodname="TheStrategyIsDisabledIfBeaconMaxAgeIsSetToZero" classname="Dynatrace.OpenKit.Core.Caching.TimeEvicitionStrategyTest" runstate="Runnable" seed="1055415953" result="Passed" start-time="2018-05-11 10:27:03Z" end-time="2018-05-11 10:27:03Z" duration="0.001071" asserts="1" />
              <test-case id="5-1406" name="TheStrategyIsNotDisabledIFMaxRecordAgeIsGreaterThanZero" fullname="Dynatrace.OpenKit.Core.Caching.TimeEvicitionStrategyTest.TheStrategyIsNotDisabledIFMaxRecordAgeIsGreaterThanZero" methodname="TheStrategyIsNotDisabledIFMaxRecordAgeIsGreaterThanZero" classname="Dynatrace.OpenKit.Core.Caching.TimeEvicitionStrategyTest" runstate="Runnable" seed="464661426" result="Passed" start-time="2018-05-11 10:27:03Z" end-time="2018-05-11 10:27:03Z" duration="0.000769" asserts="1" />
            </test-suite>
          </test-suite>
          <test-suite type="TestSuite" id="5-1424" name="Communication" fullname="Dynatrace.OpenKit.Core.Communication" runstate="Runnable" testcasecount="71" result="Passed" start-time="2018-05-11 10:27:02Z" end-time="2018-05-11 10:27:03Z" duration="1.613492" total="71" passed="71" failed="0" warnings="0" inconclusive="0" skipped="0" asserts="48">
            <test-suite type="TestFixture" id="5-1214" name="BeaconSendingCaptureOffStateTest" fullname="Dynatrace.OpenKit.Core.Communication.BeaconSendingCaptureOffStateTest" classname="Dynatrace.OpenKit.Core.Communication.BeaconSendingCaptureOffStateTest" runstate="Runnable" testcasecount="8" result="Passed" start-time="2018-05-11 10:27:03Z" end-time="2018-05-11 10:27:03Z" duration="0.173384" total="8" passed="8" failed="0" warnings="0" inconclusive="0" skipped="0" asserts="2">
              <test-case id="5-1216" name="ShutdownStateIsFlushState" fullname="Dynatrace.OpenKit.Core.Communication.BeaconSendingCaptureOffStateTest.ShutdownStateIsFlushState" methodname="ShutdownStateIsFlushState" classname="Dynatrace.OpenKit.Core.Communication.BeaconSendingCaptureOffStateTest" runstate="Runnable" seed="371862638" result="Passed" start-time="2018-05-11 10:27:03Z" end-time="2018-05-11 10:27:03Z" duration="0.021548" asserts="1" />
              <test-case id="5-1221" name="SleepIsCalledOnEntry" fullname="Dynatrace.OpenKit.Core.Communication.BeaconSendingCaptureOffStateTest.SleepIsCalledOnEntry" methodname="SleepIsCalledOnEntry" classname="Dynatrace.OpenKit.Core.Communication.BeaconSendingCaptureOffStateTest" runstate="Runnable" seed="1503349648" result="Passed" start-time="2018-05-11 10:27:03Z" end-time="2018-05-11 10:27:03Z" duration="0.017996" asserts="0" />
              <test-case id="5-1222" name="SleepIsNotCalledIfShutdownIsRequested" fullname="Dynatrace.OpenKit.Core.Communication.BeaconSendingCaptureOffStateTest.SleepIsNotCalledIfShutdownIsRequested" methodname="SleepIsNotCalledIfShutdownIsRequested" classname="Dynatrace.OpenKit.Core.Communication.BeaconSendingCaptureOffStateTest" runstate="Runnable" seed="1209583220" result="Passed" start-time="2018-05-11 10:27:03Z" end-time="2018-05-11 10:27:03Z" duration="0.005676" asserts="0" />
              <test-case id="5-1215" name="StateIsNotTerminal" fullname="Dynatrace.OpenKit.Core.Communication.BeaconSendingCaptureOffStateTest.StateIsNotTerminal" methodname="StateIsNotTerminal" classname="Dynatrace.OpenKit.Core.Communication.BeaconSendingCaptureOffStateTest" runstate="Runnable" seed="819429717" result="Passed" start-time="2018-05-11 10:27:03Z" end-time="2018-05-11 10:27:03Z" duration="0.001019" asserts="1" />
              <test-case id="5-1220" name="StatusRequestIsRetried" fullname="Dynatrace.OpenKit.Core.Communication.BeaconSendingCaptureOffStateTest.StatusRequestIsRetried" methodname="StatusRequestIsRetried" classname="Dynatrace.OpenKit.Core.Communication.BeaconSendingCaptureOffStateTest" runstate="Runnable" seed="744910217" result="Passed" start-time="2018-05-11 10:27:03Z" end-time="2018-05-11 10:27:03Z" duration="0.001802" asserts="0" />
              <test-case id="5-1217" name="TransitionToCaptureOnStateIsPerformed" fullname="Dynatrace.OpenKit.Core.Communication.BeaconSendingCaptureOffStateTest.TransitionToCaptureOnStateIsPerformed" methodname="TransitionToCaptureOnStateIsPerformed" classname="Dynatrace.OpenKit.Core.Communication.BeaconSendingCaptureOffStateTest" runstate="Runnable" seed="1516937525" result="Passed" start-time="2018-05-11 10:27:03Z" end-time="2018-05-11 10:27:03Z" duration="0.002463" asserts="0" />
              <test-case id="5-1219" name="TransitionToFlushStateIsPerformedOnShutdown" fullname="Dynatrace.OpenKit.Core.Communication.BeaconSendingCaptureOffStateTest.TransitionToFlushStateIsPerformedOnShutdown" methodname="TransitionToFlushStateIsPerformedOnShutdown" classname="Dynatrace.OpenKit.Core.Communication.BeaconSendingCaptureOffStateTest" runstate="Runnable" seed="1413351681" result="Passed" start-time="2018-05-11 10:27:03Z" end-time="2018-05-11 10:27:03Z" duration="0.002249" asserts="0" />
              <test-case id="5-1218" name="TransitionToTimeSyncIsPerformedIfNotDoneYet" fullname="Dynatrace.OpenKit.Core.Communication.BeaconSendingCaptureOffStateTest.TransitionToTimeSyncIsPerformedIfNotDoneYet" methodname="TransitionToTimeSyncIsPerformedIfNotDoneYet" classname="Dynatrace.OpenKit.Core.Communication.BeaconSendingCaptureOffStateTest" runstate="Runnable" seed="610117628" result="Passed" start-time="2018-05-11 10:27:03Z" end-time="2018-05-11 10:27:03Z" duration="0.118809" asserts="0" />
            </test-suite>
            <test-suite type="TestFixture" id="5-1223" name="BeaconSendingCaptureOnStateTest" fullname="Dynatrace.OpenKit.Core.Communication.BeaconSendingCaptureOnStateTest" classname="Dynatrace.OpenKit.Core.Communication.BeaconSendingCaptureOnStateTest" runstate="Runnable" testcasecount="11" result="Passed" start-time="2018-05-11 10:27:03Z" end-time="2018-05-11 10:27:03Z" duration="0.072670" total="11" passed="11" failed="0" warnings="0" inconclusive="0" skipped="0" asserts="5">
              <test-case id="5-1232" name="ABeaconSendingCaptureOnStateContinuesWithNextFinishedSessionIfSendingWasUnsuccessfulButBeaconIsEmtpy" fullname="Dynatrace.OpenKit.Core.Communication.BeaconSendingCaptureOnStateTest.ABeaconSendingCaptureOnStateContinuesWithNextFinishedSessionIfSendingWasUnsuccessfulButBeaconIsEmtpy" methodname="ABeaconSendingCaptureOnStateContinuesWithNextFinishedSessionIfSendingWasUnsuccessfulButBeaconIsEmtpy" classname="Dynatrace.OpenKit.Core.Communication.BeaconSendingCaptureOnStateTest" runstate="Runnable" seed="1821799522" result="Passed" start-time="2018-05-11 10:27:03Z" end-time="2018-05-11 10:27:03Z" duration="0.040819" asserts="0" />
              <test-case id="5-1230" name="EmptyFinishedSessionsAreNotSent" fullname="Dynatrace.OpenKit.Core.Communication.BeaconSendingCaptureOnStateTest.EmptyFinishedSessionsAreNotSent" methodname="EmptyFinishedSessionsAreNotSent" classname="Dynatrace.OpenKit.Core.Communication.BeaconSendingCaptureOnStateTest" runstate="Runnable" seed="1535208842" result="Passed" start-time="2018-05-11 10:27:03Z" end-time="2018-05-11 10:27:03Z" duration="0.003318" asserts="1" />
              <test-case id="5-1229" name="FinishedSessionsAreSent" fullname="Dynatrace.OpenKit.Core.Communication.BeaconSendingCaptureOnStateTest.FinishedSessionsAreSent" methodname="FinishedSessionsAreSent" classname="Dynatrace.OpenKit.Core.Communication.BeaconSendingCaptureOnStateTest" runstate="Runnable" seed="8245845" result="Passed" start-time="2018-05-11 10:27:03Z" end-time="2018-05-11 10:27:03Z" duration="0.006160" asserts="1" />
              <test-case id="5-1234" name="OpenSessionsAreNotSentIfSendIntervalIsNotExceeded" fullname="Dynatrace.OpenKit.Core.Communication.BeaconSendingCaptureOnStateTest.OpenSessionsAreNotSentIfSendIntervalIsNotExceeded" methodname="OpenSessionsAreNotSentIfSendIntervalIsNotExceeded" classname="Dynatrace.OpenKit.Core.Communication.BeaconSendingCaptureOnStateTest" runstate="Runnable" seed="1190280312" result="Passed" start-time="2018-05-11 10:27:03Z" end-time="2018-05-11 10:27:03Z" duration="0.002702" asserts="0" />
              <test-case id="5-1233" name="OpenSessionsAreSentIfSendIntervalIsExceeded" fullname="Dynatrace.OpenKit.Core.Communication.BeaconSendingCaptureOnStateTest.OpenSessionsAreSentIfSendIntervalIsExceeded" methodname="OpenSessionsAreSentIfSendIntervalIsExceeded" classname="Dynatrace.OpenKit.Core.Communication.BeaconSendingCaptureOnStateTest" runstate="Runnable" seed="47422045" result="Passed" start-time="2018-05-11 10:27:03Z" end-time="2018-05-11 10:27:03Z" duration="0.003901" asserts="1" />
              <test-case id="5-1225" name="ShutdownStateIsFlushState" fullname="Dynatrace.OpenKit.Core.Communication.BeaconSendingCaptureOnStateTest.ShutdownStateIsFlushState" methodname="ShutdownStateIsFlushState" classname="Dynatrace.OpenKit.Core.Communication.BeaconSendingCaptureOnStateTest" runstate="Runnable" seed="1935036716" result="Passed" start-time="2018-05-11 10:27:03Z" end-time="2018-05-11 10:27:03Z" duration="0.001407" asserts="1" />
              <test-case id="5-1224" name="StateIsNotTerminal" fullname="Dynatrace.OpenKit.Core.Communication.BeaconSendingCaptureOnStateTest.StateIsNotTerminal" methodname="StateIsNotTerminal" classname="Dynatrace.OpenKit.Core.Communication.BeaconSendingCaptureOnStateTest" runstate="Runnable" seed="1612168273" result="Passed" start-time="2018-05-11 10:27:03Z" end-time="2018-05-11 10:27:03Z" duration="0.000879" asserts="1" />
              <test-case id="5-1227" name="TransitionToCaptureOffStateIsPerformed" fullname="Dynatrace.OpenKit.Core.Communication.BeaconSendingCaptureOnStateTest.TransitionToCaptureOffStateIsPerformed" methodname="TransitionToCaptureOffStateIsPerformed" classname="Dynatrace.OpenKit.Core.Communication.BeaconSendingCaptureOnStateTest" runstate="Runnable" seed="307134930" result="Passed" start-time="2018-05-11 10:27:03Z" end-time="2018-05-11 10:27:03Z" duration="0.003072" asserts="0" />
              <test-case id="5-1228" name="TransitionToFlushStateIsPerformedOnShutdown" fullname="Dynatrace.OpenKit.Core.Communication.BeaconSendingCaptureOnStateTest.TransitionToFlushStateIsPerformedOnShutdown" methodname="TransitionToFlushStateIsPerformedOnShutdown" classname="Dynatrace.OpenKit.Core.Communication.BeaconSendingCaptureOnStateTest" runstate="Runnable" seed="693186316" result="Passed" start-time="2018-05-11 10:27:03Z" end-time="2018-05-11 10:27:03Z" duration="0.001497" asserts="0" />
              <test-case id="5-1226" name="TransitionToTimeSycnIsPerformed" fullname="Dynatrace.OpenKit.Core.Communication.BeaconSendingCaptureOnStateTest.TransitionToTimeSycnIsPerformed" methodname="TransitionToTimeSycnIsPerformed" classname="Dynatrace.OpenKit.Core.Communication.BeaconSendingCaptureOnStateTest" runstate="Runnable" seed="1777739073" result="Passed" start-time="2018-05-11 10:27:03Z" end-time="2018-05-11 10:27:03Z" duration="0.004880" asserts="0" />
              <test-case id="5-1231" name="UnsuccessfulFinishedSessionsAreMovedBackToCache" fullname="Dynatrace.OpenKit.Core.Communication.BeaconSendingCaptureOnStateTest.UnsuccessfulFinishedSessionsAreMovedBackToCache" methodname="UnsuccessfulFinishedSessionsAreMovedBackToCache" classname="Dynatrace.OpenKit.Core.Communication.BeaconSendingCaptureOnStateTest" runstate="Runnable" seed="863614184" result="Passed" start-time="2018-05-11 10:27:03Z" end-time="2018-05-11 10:27:03Z" duration="0.002875" asserts="0" />
            </test-suite>
            <test-suite type="TestFixture" id="5-1235" name="BeaconSendingContextTest" fullname="Dynatrace.OpenKit.Core.Communication.BeaconSendingContextTest" classname="Dynatrace.OpenKit.Core.Communication.BeaconSendingContextTest" runstate="Runnable" testcasecount="23" result="Passed" start-time="2018-05-11 10:27:03Z" end-time="2018-05-11 10:27:03Z" duration="0.077260" total="23" passed="23" failed="0" warnings="0" inconclusive="0" skipped="0" asserts="28">
              <test-case id="5-1254" name="CanGetCurrentTimestamp" fullname="Dynatrace.OpenKit.Core.Communication.BeaconSendingContextTest.CanGetCurrentTimestamp" methodname="CanGetCurrentTimestamp" classname="Dynatrace.OpenKit.Core.Communication.BeaconSendingContextTest" runstate="Runnable" seed="939099557" result="Passed" start-time="2018-05-11 10:27:03Z" end-time="2018-05-11 10:27:03Z" duration="0.023037" asserts="1" />
              <test-case id="5-1252" name="CanGetHttpClient" fullname="Dynatrace.OpenKit.Core.Communication.BeaconSendingContextTest.CanGetHttpClient" methodname="CanGetHttpClient" classname="Dynatrace.OpenKit.Core.Communication.BeaconSendingContextTest" runstate="Runnable" seed="2032542078" result="Passed" start-time="2018-05-11 10:27:03Z" end-time="2018-05-11 10:27:03Z" duration="0.011400" asserts="2" />
              <test-case id="5-1256" name="CanSleepCustomPeriod" fullname="Dynatrace.OpenKit.Core.Communication.BeaconSendingContextTest.CanSleepCustomPeriod" methodname="CanSleepCustomPeriod" classname="Dynatrace.OpenKit.Core.Communication.BeaconSendingContextTest" runstate="Runnable" seed="1092840555" result="Passed" start-time="2018-05-11 10:27:03Z" end-time="2018-05-11 10:27:03Z" duration="0.001814" asserts="0" />
              <test-case id="5-1236" name="ContextIsInitializedWithInitState" fullname="Dynatrace.OpenKit.Core.Communication.BeaconSendingContextTest.ContextIsInitializedWithInitState" methodname="ContextIsInitializedWithInitState" classname="Dynatrace.OpenKit.Core.Communication.BeaconSendingContextTest" runstate="Runnable" seed="1113001549" result="Passed" start-time="2018-05-11 10:27:03Z" end-time="2018-05-11 10:27:03Z" duration="0.001211" asserts="2" />
              <test-case id="5-1237" name="CurrentStateIsSet" fullname="Dynatrace.OpenKit.Core.Communication.BeaconSendingContextTest.CurrentStateIsSet" methodname="CurrentStateIsSet" classname="Dynatrace.OpenKit.Core.Communication.BeaconSendingContextTest" runstate="Runnable" seed="594023155" result="Passed" start-time="2018-05-11 10:27:03Z" end-time="2018-05-11 10:27:03Z" duration="0.000491" asserts="1" />
              <test-case id="5-1255" name="DefaultSleepTimeIsUsed" fullname="Dynatrace.OpenKit.Core.Communication.BeaconSendingContextTest.DefaultSleepTimeIsUsed" methodname="DefaultSleepTimeIsUsed" classname="Dynatrace.OpenKit.Core.Communication.BeaconSendingContextTest" runstate="Runnable" seed="1709587178" result="Passed" start-time="2018-05-11 10:27:03Z" end-time="2018-05-11 10:27:03Z" duration="0.000973" asserts="0" />
              <test-case id="5-1258" name="DisableCaptureDisablesItInTheConfiguration" fullname="Dynatrace.OpenKit.Core.Communication.BeaconSendingContextTest.DisableCaptureDisablesItInTheConfiguration" methodname="DisableCaptureDisablesItInTheConfiguration" classname="Dynatrace.OpenKit.Core.Communication.BeaconSendingContextTest" runstate="Runnable" seed="1045970938" result="Passed" start-time="2018-05-11 10:27:03Z" end-time="2018-05-11 10:27:03Z" duration="0.003868" asserts="1" />
              <test-case id="5-1238" name="ExecuteIsCalledOnCurrentState" fullname="Dynatrace.OpenKit.Core.Communication.BeaconSendingContextTest.ExecuteIsCalledOnCurrentState" methodname="ExecuteIsCalledOnCurrentState" classname="Dynatrace.OpenKit.Core.Communication.BeaconSendingContextTest" runstate="Runnable" seed="1134276561" result="Passed" start-time="2018-05-11 10:27:03Z" end-time="2018-05-11 10:27:03Z" duration="0.013761" asserts="0" />
              <test-case id="5-1253" name="GetHttpClientUsesCurrentHttpConfig" fullname="Dynatrace.OpenKit.Core.Communication.BeaconSendingContextTest.GetHttpClientUsesCurrentHttpConfig" methodname="GetHttpClientUsesCurrentHttpConfig" classname="Dynatrace.OpenKit.Core.Communication.BeaconSendingContextTest" runstate="Runnable" seed="1778923821" result="Passed" start-time="2018-05-11 10:27:03Z" end-time="2018-05-11 10:27:03Z" duration="0.001500" asserts="0" />
              <test-case id="5-1242" name="IsInitializedOnInitFailed" fullname="Dynatrace.OpenKit.Core.Communication.BeaconSendingContextTest.IsInitializedOnInitFailed" methodname="IsInitializedOnInitFailed" classname="Dynatrace.OpenKit.Core.Communication.BeaconSendingContextTest" runstate="Runnable" seed="1170939549" result="Passed" start-time="2018-05-11 10:27:03Z" end-time="2018-05-11 10:27:03Z" duration="0.001314" asserts="1" />
              <test-case id="5-1241" name="IsInitializedOnInitSuccess" fullname="Dynatrace.OpenKit.Core.Communication.BeaconSendingContextTest.IsInitializedOnInitSuccess" methodname="IsInitializedOnInitSuccess" classname="Dynatrace.OpenKit.Core.Communication.BeaconSendingContextTest" runstate="Runnable" seed="701606083" result="Passed" start-time="2018-05-11 10:27:03Z" end-time="2018-05-11 10:27:03Z" duration="0.000503" asserts="1" />
              <test-case id="5-1246" name="IsShutdownRequestedIsSetCorrectly" fullname="Dynatrace.OpenKit.Core.Communication.BeaconSendingContextTest.IsShutdownRequestedIsSetCorrectly" methodname="IsShutdownRequestedIsSetCorrectly" classname="Dynatrace.OpenKit.Core.Communication.BeaconSendingContextTest" runstate="Runnable" seed="100175057" result="Passed" start-time="2018-05-11 10:27:03Z" end-time="2018-05-11 10:27:03Z" duration="0.001428" asserts="2" />
              <test-case id="5-1247" name="LastOpenSessionSendTimeIsSet" fullname="Dynatrace.OpenKit.Core.Communication.BeaconSendingContextTest.LastOpenSessionSendTimeIsSet" methodname="LastOpenSessionSendTimeIsSet" classname="Dynatrace.OpenKit.Core.Communication.BeaconSendingContextTest" runstate="Runnable" seed="208213510" result="Passed" start-time="2018-05-11 10:27:03Z" end-time="2018-05-11 10:27:03Z" duration="0.001309" asserts="2" />
              <test-case id="5-1248" name="LastStatusCheckTimeIsSet" fullname="Dynatrace.OpenKit.Core.Communication.BeaconSendingContextTest.LastStatusCheckTimeIsSet" methodname="LastStatusCheckTimeIsSet" classname="Dynatrace.OpenKit.Core.Communication.BeaconSendingContextTest" runstate="Runnable" seed="1885204584" result="Passed" start-time="2018-05-11 10:27:03Z" end-time="2018-05-11 10:27:03Z" duration="0.001346" asserts="2" />
              <test-case id="5-1250" name="LastTimeSyncTimeIsInitializedWithMinus1" fullname="Dynatrace.OpenKit.Core.Communication.BeaconSendingContextTest.LastTimeSyncTimeIsInitializedWithMinus1" methodname="LastTimeSyncTimeIsInitializedWithMinus1" classname="Dynatrace.OpenKit.Core.Communication.BeaconSendingContextTest" runstate="Runnable" seed="1936721053" result="Passed" start-time="2018-05-11 10:27:03Z" end-time="2018-05-11 10:27:03Z" duration="0.001148" asserts="1" />
              <test-case id="5-1251" name="LastTimeSyncTimeIsSet" fullname="Dynatrace.OpenKit.Core.Communication.BeaconSendingContextTest.LastTimeSyncTimeIsSet" methodname="LastTimeSyncTimeIsSet" classname="Dynatrace.OpenKit.Core.Communication.BeaconSendingContextTest" runstate="Runnable" seed="846058837" result="Passed" start-time="2018-05-11 10:27:03Z" end-time="2018-05-11 10:27:03Z" duration="0.000621" asserts="2" />
              <test-case id="5-1240" name="ResetEventIsSetOnInitFailed" fullname="Dynatrace.OpenKit.Core.Communication.BeaconSendingContextTest.ResetEventIsSetOnInitFailed" methodname="ResetEventIsSetOnInitFailed" classname="Dynatrace.OpenKit.Core.Communication.BeaconSendingContextTest" runstate="Runnable" seed="90380646" result="Passed" start-time="2018-05-11 10:27:03Z" end-time="2018-05-11 10:27:03Z" duration="0.000958" asserts="1" />
              <test-case id="5-1239" name="ResetEventIsSetOnInitSuccess" fullname="Dynatrace.OpenKit.Core.Communication.BeaconSendingContextTest.ResetEventIsSetOnInitSuccess" methodname="ResetEventIsSetOnInitSuccess" classname="Dynatrace.OpenKit.Core.Communication.BeaconSendingContextTest" runstate="Runnable" seed="1940563384" result="Passed" start-time="2018-05-11 10:27:03Z" end-time="2018-05-11 10:27:03Z" duration="0.000525" asserts="1" />
              <test-case id="5-1257" name="SessionIsMovedToFinished" fullname="Dynatrace.OpenKit.Core.Communication.BeaconSendingContextTest.SessionIsMovedToFinished" methodname="SessionIsMovedToFinished" classname="Dynatrace.OpenKit.Core.Communication.BeaconSendingContextTest" runstate="Runnable" seed="2116428497" result="Passed" start-time="2018-05-11 10:27:03Z" end-time="2018-05-11 10:27:03Z" duration="0.002941" asserts="4" />
              <test-case id="5-1249" name="TimeSyncSupportIsTrueByDefault" fullname="Dynatrace.OpenKit.Core.Communication.BeaconSendingContextTest.TimeSyncSupportIsTrueByDefault" methodname="TimeSyncSupportIsTrueByDefault" classname="Dynatrace.OpenKit.Core.Communication.BeaconSendingContextTest" runstate="Runnable" seed="915157487" result="Passed" start-time="2018-05-11 10:27:03Z" end-time="2018-05-11 10:27:03Z" duration="0.000873" asserts="1" />
              <test-case id="5-1243" name="WaitForInitWhenTimeoutExpires" fullname="Dynatrace.OpenKit.Core.Communication.BeaconSendingContextTest.WaitForInitWhenTimeoutExpires" methodname="WaitForInitWhenTimeoutExpires" classname="Dynatrace.OpenKit.Core.Communication.BeaconSendingContextTest" runstate="Runnable" seed="249853487" result="Passed" start-time="2018-05-11 10:27:03Z" end-time="2018-05-11 10:27:03Z" duration="0.001959" asserts="1" />
              <test-case id="5-1245" name="WaitForInitWhenWithTimeoutFailed" fullname="Dynatrace.OpenKit.Core.Communication.BeaconSendingContextTest.WaitForInitWhenWithTimeoutFailed" methodname="WaitForInitWhenWithTimeoutFailed" classname="Dynatrace.OpenKit.Core.Communication.BeaconSendingContextTest" runstate="Runnable" seed="1198473343" result="Passed" start-time="2018-05-11 10:27:03Z" end-time="2018-05-11 10:27:03Z" duration="0.000649" asserts="1" />
              <test-case id="5-1244" name="WaitForInitWhenWithTimeoutSuccess" fullname="Dynatrace.OpenKit.Core.Communication.BeaconSendingContextTest.WaitForInitWhenWithTimeoutSuccess" methodname="WaitForInitWhenWithTimeoutSuccess" classname="Dynatrace.OpenKit.Core.Communication.BeaconSendingContextTest" runstate="Runnable" seed="173882381" result="Passed" start-time="2018-05-11 10:27:03Z" end-time="2018-05-11 10:27:03Z" duration="0.000525" asserts="1" />
            </test-suite>
            <test-suite type="TestFixture" id="5-1259" name="BeaconSendingFlushSessionsStateTest" fullname="Dynatrace.OpenKit.Core.Communication.BeaconSendingFlushSessionsStateTest" classname="Dynatrace.OpenKit.Core.Communication.BeaconSendingFlushSessionsStateTest" runstate="Runnable" testcasecount="3" result="Passed" start-time="2018-05-11 10:27:03Z" end-time="2018-05-11 10:27:03Z" duration="0.012464" total="3" passed="3" failed="0" warnings="0" inconclusive="0" skipped="0" asserts="2">
              <test-case id="5-1262" name="FinishedSessionsAreSent" fullname="Dynatrace.OpenKit.Core.Communication.BeaconSendingFlushSessionsStateTest.FinishedSessionsAreSent" methodname="FinishedSessionsAreSent" classname="Dynatrace.OpenKit.Core.Communication.BeaconSendingFlushSessionsStateTest" runstate="Runnable" seed="49431126" result="Passed" start-time="2018-05-11 10:27:03Z" end-time="2018-05-11 10:27:03Z" duration="0.009594" asserts="0" />
              <test-case id="5-1261" name="ShutdownStateIsTerminalState" fullname="Dynatrace.OpenKit.Core.Communication.BeaconSendingFlushSessionsStateTest.ShutdownStateIsTerminalState" methodname="ShutdownStateIsTerminalState" classname="Dynatrace.OpenKit.Core.Communication.BeaconSendingFlushSessionsStateTest" runstate="Runnable" seed="851057222" result="Passed" start-time="2018-05-11 10:27:03Z" end-time="2018-05-11 10:27:03Z" duration="0.001384" asserts="1" />
              <test-case id="5-1260" name="StateIsNotTerminal" fullname="Dynatrace.OpenKit.Core.Communication.BeaconSendingFlushSessionsStateTest.StateIsNotTerminal" methodname="StateIsNotTerminal" classname="Dynatrace.OpenKit.Core.Communication.BeaconSendingFlushSessionsStateTest" runstate="Runnable" seed="962353555" result="Passed" start-time="2018-05-11 10:27:03Z" end-time="2018-05-11 10:27:03Z" duration="0.000678" asserts="1" />
            </test-suite>
            <test-suite type="TestFixture" id="5-1267" name="BeaconSendingInitStateTest" fullname="Dynatrace.OpenKit.Core.Communication.BeaconSendingInitStateTest" classname="Dynatrace.OpenKit.Core.Communication.BeaconSendingInitStateTest" runstate="Runnable" testcasecount="9" result="Passed" start-time="2018-05-11 10:27:03Z" end-time="2018-05-11 10:27:03Z" duration="0.060290" total="9" passed="9" failed="0" warnings="0" inconclusive="0" skipped="0" asserts="2">
              <test-case id="5-1273" name="InitCompleteIsCalledIfShutdownIsRequested" fullname="Dynatrace.OpenKit.Core.Communication.BeaconSendingInitStateTest.InitCompleteIsCalledIfShutdownIsRequested" methodname="InitCompleteIsCalledIfShutdownIsRequested" classname="Dynatrace.OpenKit.Core.Communication.BeaconSendingInitStateTest" runstate="Runnable" seed="1088251044" result="Passed" start-time="2018-05-11 10:27:03Z" end-time="2018-05-11 10:27:03Z" duration="0.003822" asserts="0" />
              <test-case id="5-1270" name="InitCompleteIsCalledOnInterrupt" fullname="Dynatrace.OpenKit.Core.Communication.BeaconSendingInitStateTest.InitCompleteIsCalledOnInterrupt" methodname="InitCompleteIsCalledOnInterrupt" classname="Dynatrace.OpenKit.Core.Communication.BeaconSendingInitStateTest" runstate="Runnable" seed="1905172187" result="Passed" start-time="2018-05-11 10:27:03Z" end-time="2018-05-11 10:27:03Z" duration="0.000500" asserts="0" />
              <test-case id="5-1271" name="LastOpenSessionBeaconSendTimeIsSetInExecute" fullname="Dynatrace.OpenKit.Core.Communication.BeaconSendingInitStateTest.LastOpenSessionBeaconSendTimeIsSetInExecute" methodname="LastOpenSessionBeaconSendTimeIsSetInExecute" classname="Dynatrace.OpenKit.Core.Communication.BeaconSendingInitStateTest" runstate="Runnable" seed="2135484615" result="Passed" start-time="2018-05-11 10:27:03Z" end-time="2018-05-11 10:27:03Z" duration="0.000903" asserts="0" />
              <test-case id="5-1272" name="LastStatusCheckTimeIsSetInExecute" fullname="Dynatrace.OpenKit.Core.Communication.BeaconSendingInitStateTest.LastStatusCheckTimeIsSetInExecute" methodname="LastStatusCheckTimeIsSetInExecute" classname="Dynatrace.OpenKit.Core.Communication.BeaconSendingInitStateTest" runstate="Runnable" seed="1989205817" result="Passed" start-time="2018-05-11 10:27:03Z" end-time="2018-05-11 10:27:03Z" duration="0.001084" asserts="0" />
              <test-case id="5-1274" name="ReinitializeSleepsBeforeSendingStatusRequests" fullname="Dynatrace.OpenKit.Core.Communication.BeaconSendingInitStateTest.ReinitializeSleepsBeforeSendingStatusRequests" methodname="ReinitializeSleepsBeforeSendingStatusRequests" classname="Dynatrace.OpenKit.Core.Communication.BeaconSendingInitStateTest" runstate="Runnable" seed="1819979314" result="Passed" start-time="2018-05-11 10:27:03Z" end-time="2018-05-11 10:27:03Z" duration="0.033348" asserts="0" />
              <test-case id="5-1269" name="ShutdownStateIsTerminalState" fullname="Dynatrace.OpenKit.Core.Communication.BeaconSendingInitStateTest.ShutdownStateIsTerminalState" methodname="ShutdownStateIsTerminalState" classname="Dynatrace.OpenKit.Core.Communication.BeaconSendingInitStateTest" runstate="Runnable" seed="2066762365" result="Passed" start-time="2018-05-11 10:27:03Z" end-time="2018-05-11 10:27:03Z" duration="0.000636" asserts="1" />
              <test-case id="5-1268" name="StateIsNotTerminal" fullname="Dynatrace.OpenKit.Core.Communication.BeaconSendingInitStateTest.StateIsNotTerminal" methodname="StateIsNotTerminal" classname="Dynatrace.OpenKit.Core.Communication.BeaconSendingInitStateTest" runstate="Runnable" seed="630772977" result="Passed" start-time="2018-05-11 10:27:03Z" end-time="2018-05-11 10:27:03Z" duration="0.000399" asserts="1" />
              <test-case id="5-1275" name="StatusRequestIsRetried" fullname="Dynatrace.OpenKit.Core.Communication.BeaconSendingInitStateTest.StatusRequestIsRetried" methodname="StatusRequestIsRetried" classname="Dynatrace.OpenKit.Core.Communication.BeaconSendingInitStateTest" runstate="Runnable" seed="1456150818" result="Passed" start-time="2018-05-11 10:27:03Z" end-time="2018-05-11 10:27:03Z" duration="0.009983" asserts="0" />
              <test-case id="5-1276" name="TransitionToTimeSyncIsPerformedOnSuccess" fullname="Dynatrace.OpenKit.Core.Communication.BeaconSendingInitStateTest.TransitionToTimeSyncIsPerformedOnSuccess" methodname="TransitionToTimeSyncIsPerformedOnSuccess" classname="Dynatrace.OpenKit.Core.Communication.BeaconSendingInitStateTest" runstate="Runnable" seed="933827998" result="Passed" start-time="2018-05-11 10:27:03Z" end-time="2018-05-11 10:27:03Z" duration="0.001810" asserts="0" />
            </test-suite>
            <test-suite type="TestFixture" id="5-1277" name="BeaconSendingRequestUtilTest" fullname="Dynatrace.OpenKit.Core.Communication.BeaconSendingRequestUtilTest" classname="Dynatrace.OpenKit.Core.Communication.BeaconSendingRequestUtilTest" runstate="Runnable" testcasecount="4" result="Passed" start-time="2018-05-11 10:27:03Z" end-time="2018-05-11 10:27:03Z" duration="0.010861" total="4" passed="4" failed="0" warnings="0" inconclusive="0" skipped="0" asserts="4">
              <test-case id="5-1279" name="SendStatusRequestIsAbortedIfNumberOfRetriesIsExceeded" fullname="Dynatrace.OpenKit.Core.Communication.BeaconSendingRequestUtilTest.SendStatusRequestIsAbortedIfNumberOfRetriesIsExceeded" methodname="SendStatusRequestIsAbortedIfNumberOfRetriesIsExceeded" classname="Dynatrace.OpenKit.Core.Communication.BeaconSendingRequestUtilTest" runstate="Runnable" seed="1027404829" result="Passed" start-time="2018-05-11 10:27:03Z" end-time="2018-05-11 10:27:03Z" duration="0.003652" asserts="1" />
              <test-case id="5-1278" name="SendStatusRequestIsAbortedWhenShutDownIsRequested" fullname="Dynatrace.OpenKit.Core.Communication.BeaconSendingRequestUtilTest.SendStatusRequestIsAbortedWhenShutDownIsRequested" methodname="SendStatusRequestIsAbortedWhenShutDownIsRequested" classname="Dynatrace.OpenKit.Core.Communication.BeaconSendingRequestUtilTest" runstate="Runnable" seed="38677739" result="Passed" start-time="2018-05-11 10:27:03Z" end-time="2018-05-11 10:27:03Z" duration="0.001346" asserts="1" />
              <test-case id="5-1280" name="SendStatusRequestWhenHttpClientReturnsANonNullResponse" fullname="Dynatrace.OpenKit.Core.Communication.BeaconSendingRequestUtilTest.SendStatusRequestWhenHttpClientReturnsANonNullResponse" methodname="SendStatusRequestWhenHttpClientReturnsANonNullResponse" classname="Dynatrace.OpenKit.Core.Communication.BeaconSendingRequestUtilTest" runstate="Runnable" seed="800510438" result="Passed" start-time="2018-05-11 10:27:03Z" end-time="2018-05-11 10:27:03Z" duration="0.001435" asserts="1" />
              <test-case id="5-1281" name="SleepTimeIsDoubledBetweenConsecutiveRetries" fullname="Dynatrace.OpenKit.Core.Communication.BeaconSendingRequestUtilTest.SleepTimeIsDoubledBetweenConsecutiveRetries" methodname="SleepTimeIsDoubledBetweenConsecutiveRetries" classname="Dynatrace.OpenKit.Core.Communication.BeaconSendingRequestUtilTest" runstate="Runnable" seed="1984668548" result="Passed" start-time="2018-05-11 10:27:03Z" end-time="2018-05-11 10:27:03Z" duration="0.001866" asserts="1" />
            </test-suite>
            <test-suite type="TestFixture" id="5-1263" name="BeaconSendingTerminalStateTest" fullname="Dynatrace.OpenKit.Core.Communication.BeaconSendingTerminalStateTest" classname="Dynatrace.OpenKit.Core.Communication.BeaconSendingTerminalStateTest" runstate="Runnable" testcasecount="3" result="Passed" start-time="2018-05-11 10:27:03Z" end-time="2018-05-11 10:27:03Z" duration="0.007686" total="3" passed="3" failed="0" warnings="0" inconclusive="0" skipped="0" asserts="2">
              <test-case id="5-1264" name="StateIsTerminal" fullname="Dynatrace.OpenKit.Core.Communication.BeaconSendingTerminalStateTest.StateIsTerminal" methodname="StateIsTerminal" classname="Dynatrace.OpenKit.Core.Communication.BeaconSendingTerminalStateTest" runstate="Runnable" seed="1110846999" result="Passed" start-time="2018-05-11 10:27:03Z" end-time="2018-05-11 10:27:03Z" duration="0.000714" asserts="1" />
              <test-case id="5-1266" name="TerminalStateCallsShutdownOnExecution" fullname="Dynatrace.OpenKit.Core.Communication.BeaconSendingTerminalStateTest.TerminalStateCallsShutdownOnExecution" methodname="TerminalStateCallsShutdownOnExecution" classname="Dynatrace.OpenKit.Core.Communication.BeaconSendingTerminalStateTest" runstate="Runnable" seed="652729128" result="Passed" start-time="2018-05-11 10:27:03Z" end-time="2018-05-11 10:27:03Z" duration="0.003418" asserts="0" />
              <test-case id="5-1265" name="TerminalStateIsNextStateIfTransitionFromTerminalStateOccurs" fullname="Dynatrace.OpenKit.Core.Communication.BeaconSendingTerminalStateTest.TerminalStateIsNextStateIfTransitionFromTerminalStateOccurs" methodname="TerminalStateIsNextStateIfTransitionFromTerminalStateOccurs" classname="Dynatrace.OpenKit.Core.Communication.BeaconSendingTerminalStateTest" runstate="Runnable" seed="2086452723" result="Passed" start-time="2018-05-11 10:27:03Z" end-time="2018-05-11 10:27:03Z" duration="0.001142" asserts="1" />
            </test-suite>
            <test-suite type="TestFixture" id="5-1282" name="BeaconSendingTimeSyncStateTest" fullname="Dynatrace.OpenKit.Core.Communication.BeaconSendingTimeSyncStateTest" classname="Dynatrace.OpenKit.Core.Communication.BeaconSendingTimeSyncStateTest" runstate="Runnable" testcasecount="10" result="Passed" start-time="2018-05-11 10:27:03Z" end-time="2018-05-11 10:27:03Z" duration="0.058073" total="10" passed="10" failed="0" warnings="0" inconclusive="0" skipped="0" asserts="3">
              <test-case id="5-1289" name="InitCompleteIsCalledForInitialRequest_OnFailure" fullname="Dynatrace.OpenKit.Core.Communication.BeaconSendingTimeSyncStateTest.InitCompleteIsCalledForInitialRequest_OnFailure" methodname="InitCompleteIsCalledForInitialRequest_OnFailure" classname="Dynatrace.OpenKit.Core.Communication.BeaconSendingTimeSyncStateTest" runstate="Runnable" seed="1367484440" result="Passed" start-time="2018-05-11 10:27:03Z" end-time="2018-05-11 10:27:03Z" duration="0.007753" asserts="0" />
              <test-case id="5-1288" name="InitCompleteIsCalledForInitialRequest_OnSuccess" fullname="Dynatrace.OpenKit.Core.Communication.BeaconSendingTimeSyncStateTest.InitCompleteIsCalledForInitialRequest_OnSuccess" methodname="InitCompleteIsCalledForInitialRequest_OnSuccess" classname="Dynatrace.OpenKit.Core.Communication.BeaconSendingTimeSyncStateTest" runstate="Runnable" seed="2038550808" result="Passed" start-time="2018-05-11 10:27:03Z" end-time="2018-05-11 10:27:03Z" duration="0.012482" asserts="0" />
              <test-case id="5-1290" name="InitCompleteIsNotCalledForNonInitialRequest" fullname="Dynatrace.OpenKit.Core.Communication.BeaconSendingTimeSyncStateTest.InitCompleteIsNotCalledForNonInitialRequest" methodname="InitCompleteIsNotCalledForNonInitialRequest" classname="Dynatrace.OpenKit.Core.Communication.BeaconSendingTimeSyncStateTest" runstate="Runnable" seed="449684968" result="Passed" start-time="2018-05-11 10:27:03Z" end-time="2018-05-11 10:27:03Z" duration="0.007308" asserts="0" />
              <test-case id="5-1285" name="ShutdownStateIsFlushSessionStateForTimeReSync" fullname="Dynatrace.OpenKit.Core.Communication.BeaconSendingTimeSyncStateTest.ShutdownStateIsFlushSessionStateForTimeReSync" methodname="ShutdownStateIsFlushSessionStateForTimeReSync" classname="Dynatrace.OpenKit.Core.Communication.BeaconSendingTimeSyncStateTest" runstate="Runnable" seed="1266880937" result="Passed" start-time="2018-05-11 10:27:03Z" end-time="2018-05-11 10:27:03Z" duration="0.001408" asserts="1" />
              <test-case id="5-1284" name="ShutdownStateIsTerminalStateForInitialTimeSync" fullname="Dynatrace.OpenKit.Core.Communication.BeaconSendingTimeSyncStateTest.ShutdownStateIsTerminalStateForInitialTimeSync" methodname="ShutdownStateIsTerminalStateForInitialTimeSync" classname="Dynatrace.OpenKit.Core.Communication.BeaconSendingTimeSyncStateTest" runstate="Runnable" seed="2055047599" result="Passed" start-time="2018-05-11 10:27:03Z" end-time="2018-05-11 10:27:03Z" duration="0.000598" asserts="1" />
              <test-case id="5-1292" name="SleepTimeIsDoubledAndResetAfterSuccess" fullname="Dynatrace.OpenKit.Core.Communication.BeaconSendingTimeSyncStateTest.SleepTimeIsDoubledAndResetAfterSuccess" methodname="SleepTimeIsDoubledAndResetAfterSuccess" classname="Dynatrace.OpenKit.Core.Communication.BeaconSendingTimeSyncStateTest" runstate="Runnable" seed="1532816148" result="Passed" start-time="2018-05-11 10:27:03Z" end-time="2018-05-11 10:27:03Z" duration="0.012708" asserts="0" />
              <test-case id="5-1283" name="StateIsNotTerminal" fullname="Dynatrace.OpenKit.Core.Communication.BeaconSendingTimeSyncStateTest.StateIsNotTerminal" methodname="StateIsNotTerminal" classname="Dynatrace.OpenKit.Core.Communication.BeaconSendingTimeSyncStateTest" runstate="Runnable" seed="157349894" result="Passed" start-time="2018-05-11 10:27:03Z" end-time="2018-05-11 10:27:03Z" duration="0.000638" asserts="1" />
              <test-case id="5-1291" name="TimeSyncRequetsAreRetried" fullname="Dynatrace.OpenKit.Core.Communication.BeaconSendingTimeSyncStateTest.TimeSyncRequetsAreRetried" methodname="TimeSyncRequetsAreRetried" classname="Dynatrace.OpenKit.Core.Communication.BeaconSendingTimeSyncStateTest" runstate="Runnable" seed="1884069694" result="Passed" start-time="2018-05-11 10:27:03Z" end-time="2018-05-11 10:27:03Z" duration="0.006445" asserts="0" />
              <test-case id="5-1287" name="TransitionToCaptureOffIsPerformedOnSuccess" fullname="Dynatrace.OpenKit.Core.Communication.BeaconSendingTimeSyncStateTest.TransitionToCaptureOffIsPerformedOnSuccess" methodname="TransitionToCaptureOffIsPerformedOnSuccess" classname="Dynatrace.OpenKit.Core.Communication.BeaconSendingTimeSyncStateTest" runstate="Runnable" seed="2114922249" result="Passed" start-time="2018-05-11 10:27:03Z" end-time="2018-05-11 10:27:03Z" duration="0.003371" asserts="0" />
              <test-case id="5-1286" name="TransitionToCaptureOnIsPerformedOnSuccess" fullname="Dynatrace.OpenKit.Core.Communication.BeaconSendingTimeSyncStateTest.TransitionToCaptureOnIsPerformedOnSuccess" methodname="TransitionToCaptureOnIsPerformedOnSuccess" classname="Dynatrace.OpenKit.Core.Communication.BeaconSendingTimeSyncStateTest" runstate="Runnable" seed="635679722" result="Passed" start-time="2018-05-11 10:27:03Z" end-time="2018-05-11 10:27:03Z" duration="0.004238" asserts="0" />
            </test-suite>
          </test-suite>
          <test-suite type="TestSuite" id="5-1425" name="Configuration" fullname="Dynatrace.OpenKit.Core.Configuration" runstate="Runnable" testcasecount="10" result="Passed" start-time="2018-05-11 10:27:02Z" end-time="2018-05-11 10:27:03Z" duration="1.633343" total="10" passed="10" failed="0" warnings="0" inconclusive="0" skipped="0" asserts="17">
            <test-suite type="TestFixture" id="5-1293" name="BeaconCacheConfigurationTest" fullname="Dynatrace.OpenKit.Core.Configuration.BeaconCacheConfigurationTest" classname="Dynatrace.OpenKit.Core.Configuration.BeaconCacheConfigurationTest" runstate="Runnable" testcasecount="3" result="Passed" start-time="2018-05-11 10:27:03Z" end-time="2018-05-11 10:27:03Z" duration="0.002628" total="3" passed="3" failed="0" warnings="0" inconclusive="0" skipped="0" asserts="9">
              <test-case id="5-1295" name="CacheSizeLowerBound" fullname="Dynatrace.OpenKit.Core.Configuration.BeaconCacheConfigurationTest.CacheSizeLowerBound" methodname="CacheSizeLowerBound" classname="Dynatrace.OpenKit.Core.Configuration.BeaconCacheConfigurationTest" runstate="Runnable" seed="1215717623" result="Passed" start-time="2018-05-11 10:27:03Z" end-time="2018-05-11 10:27:03Z" duration="0.000621" asserts="3" />
              <test-case id="5-1296" name="CacheSizeUpperBound" fullname="Dynatrace.OpenKit.Core.Configuration.BeaconCacheConfigurationTest.CacheSizeUpperBound" methodname="CacheSizeUpperBound" classname="Dynatrace.OpenKit.Core.Configuration.BeaconCacheConfigurationTest" runstate="Runnable" seed="1423909251" result="Passed" start-time="2018-05-11 10:27:03Z" end-time="2018-05-11 10:27:03Z" duration="0.001030" asserts="3" />
              <test-case id="5-1294" name="MaxRecordAge" fullname="Dynatrace.OpenKit.Core.Configuration.BeaconCacheConfigurationTest.MaxRecordAge" methodname="MaxRecordAge" classname="Dynatrace.OpenKit.Core.Configuration.BeaconCacheConfigurationTest" runstate="Runnable" seed="1628393126" result="Passed" start-time="2018-05-11 10:27:03Z" end-time="2018-05-11 10:27:03Z" duration="0.000580" asserts="3" />
            </test-suite>
            <test-suite type="TestFixture" id="5-1297" name="OpenKitConfigurationTest" fullname="Dynatrace.OpenKit.Core.Configuration.OpenKitConfigurationTest" classname="Dynatrace.OpenKit.Core.Configuration.OpenKitConfigurationTest" runstate="Runnable" testcasecount="7" result="Passed" start-time="2018-05-11 10:27:03Z" end-time="2018-05-11 10:27:03Z" duration="0.017118" total="7" passed="7" failed="0" warnings="0" inconclusive="0" skipped="0" asserts="8">
              <test-case id="5-1298" name="ADefaultConstructedConfigurationEnablesCapturing" fullname="Dynatrace.OpenKit.Core.Configuration.OpenKitConfigurationTest.ADefaultConstructedConfigurationEnablesCapturing" methodname="ADefaultConstructedConfigurationEnablesCapturing" classname="Dynatrace.OpenKit.Core.Configuration.OpenKitConfigurationTest" runstate="Runnable" seed="2034597039" result="Passed" start-time="2018-05-11 10:27:03Z" end-time="2018-05-11 10:27:03Z" duration="0.000546" asserts="1" />
              <test-case id="5-1303" name="CapturingIsDisabledFromStatusResponse" fullname="Dynatrace.OpenKit.Core.Configuration.OpenKitConfigurationTest.CapturingIsDisabledFromStatusResponse" methodname="CapturingIsDisabledFromStatusResponse" classname="Dynatrace.OpenKit.Core.Configuration.OpenKitConfigurationTest" runstate="Runnable" seed="2096436149" result="Passed" start-time="2018-05-11 10:27:03Z" end-time="2018-05-11 10:27:03Z" duration="0.003835" asserts="1" />
              <test-case id="5-1301" name="CapturingIsDisabledIfResponseCodeIndicatesFailures" fullname="Dynatrace.OpenKit.Core.Configuration.OpenKitConfigurationTest.CapturingIsDisabledIfResponseCodeIndicatesFailures" methodname="CapturingIsDisabledIfResponseCodeIndicatesFailures" classname="Dynatrace.OpenKit.Core.Configuration.OpenKitConfigurationTest" runstate="Runnable" seed="824902487" result="Passed" start-time="2018-05-11 10:27:03Z" end-time="2018-05-11 10:27:03Z" duration="0.000362" asserts="1" />
              <test-case id="5-1300" name="CapturingIsDisabledIfStatusResponseIsNull" fullname="Dynatrace.OpenKit.Core.Configuration.OpenKitConfigurationTest.CapturingIsDisabledIfStatusResponseIsNull" methodname="CapturingIsDisabledIfStatusResponseIsNull" classname="Dynatrace.OpenKit.Core.Configuration.OpenKitConfigurationTest" runstate="Runnable" seed="1811132060" result="Passed" start-time="2018-05-11 10:27:03Z" end-time="2018-05-11 10:27:03Z" duration="0.000282" asserts="1" />
              <test-case id="5-1302" name="CapturingIsEnabledFromStatusResponse" fullname="Dynatrace.OpenKit.Core.Configuration.OpenKitConfigurationTest.CapturingIsEnabledFromStatusResponse" methodname="CapturingIsEnabledFromStatusResponse" classname="Dynatrace.OpenKit.Core.Configuration.OpenKitConfigurationTest" runstate="Runnable" seed="1328539153" result="Passed" start-time="2018-05-11 10:27:03Z" end-time="2018-05-11 10:27:03Z" duration="0.009703" asserts="1" />
              <test-case id="5-1304" name="ConsecutiveCallsToNextSessionNumberIncrementTheSessionID" fullname="Dynatrace.OpenKit.Core.Configuration.OpenKitConfigurationTest.ConsecutiveCallsToNextSessionNumberIncrementTheSessionID" methodname="ConsecutiveCallsToNextSessionNumberIncrementTheSessionID" classname="Dynatrace.OpenKit.Core.Configuration.OpenKitConfigurationTest" runstate="Runnable" seed="2082422879" result="Passed" start-time="2018-05-11 10:27:03Z" end-time="2018-05-11 10:27:03Z" duration="0.000403" asserts="1" />
              <test-case id="5-1299" name="EnableAndDisableCapturing" fullname="Dynatrace.OpenKit.Core.Configuration.OpenKitConfigurationTest.EnableAndDisableCapturing" methodname="EnableAndDisableCapturing" classname="Dynatrace.OpenKit.Core.Configuration.OpenKitConfigurationTest" runstate="Runnable" seed="1949334630" result="Passed" start-time="2018-05-11 10:27:03Z" end-time="2018-05-11 10:27:03Z" duration="0.000597" asserts="2" />
            </test-suite>
          </test-suite>
          <test-suite type="TestFixture" id="5-1140" name="DefaultLoggerTest" fullname="Dynatrace.OpenKit.Core.DefaultLoggerTest" classname="Dynatrace.OpenKit.Core.DefaultLoggerTest" runstate="Runnable" testcasecount="8" result="Passed" start-time="2018-05-11 10:27:03Z" end-time="2018-05-11 10:27:03Z" duration="0.004813" total="8" passed="8" failed="0" warnings="0" inconclusive="0" skipped="0" asserts="8">
            <test-case id="5-1148" name="DefaultLoggerWithoutVerboseOutputWritesDebugLevelMessages" fullname="Dynatrace.OpenKit.Core.DefaultLoggerTest.DefaultLoggerWithoutVerboseOutputWritesDebugLevelMessages" methodname="DefaultLoggerWithoutVerboseOutputWritesDebugLevelMessages" classname="Dynatrace.OpenKit.Core.DefaultLoggerTest" runstate="Runnable" seed="291486772" result="Passed" start-time="2018-05-11 10:27:03Z" end-time="2018-05-11 10:27:03Z" duration="0.000663" asserts="1" />
            <test-case id="5-1145" name="DefaultLoggerWithoutVerboseOutputWritesErrorLevelMessages" fullname="Dynatrace.OpenKit.Core.DefaultLoggerTest.DefaultLoggerWithoutVerboseOutputWritesErrorLevelMessages" methodname="DefaultLoggerWithoutVerboseOutputWritesErrorLevelMessages" classname="Dynatrace.OpenKit.Core.DefaultLoggerTest" runstate="Runnable" seed="398507887" result="Passed" start-time="2018-05-11 10:27:03Z" end-time="2018-05-11 10:27:03Z" duration="0.000563" asserts="1" />
            <test-case id="5-1147" name="DefaultLoggerWithoutVerboseOutputWritesInfoLevelMessages" fullname="Dynatrace.OpenKit.Core.DefaultLoggerTest.DefaultLoggerWithoutVerboseOutputWritesInfoLevelMessages" methodname="DefaultLoggerWithoutVerboseOutputWritesInfoLevelMessages" classname="Dynatrace.OpenKit.Core.DefaultLoggerTest" runstate="Runnable" seed="1521242443" result="Passed" start-time="2018-05-11 10:27:03Z" end-time="2018-05-11 10:27:03Z" duration="0.000582" asserts="1" />
            <test-case id="5-1146" name="DefaultLoggerWithoutVerboseOutputWritesWarnLevelMessages" fullname="Dynatrace.OpenKit.Core.DefaultLoggerTest.DefaultLoggerWithoutVerboseOutputWritesWarnLevelMessages" methodname="DefaultLoggerWithoutVerboseOutputWritesWarnLevelMessages" classname="Dynatrace.OpenKit.Core.DefaultLoggerTest" runstate="Runnable" seed="968377249" result="Passed" start-time="2018-05-11 10:27:03Z" end-time="2018-05-11 10:27:03Z" duration="0.000541" asserts="1" />
            <test-case id="5-1144" name="DefaultLoggerWithVerboseOutputWritesDebugLevelMessages" fullname="Dynatrace.OpenKit.Core.DefaultLoggerTest.DefaultLoggerWithVerboseOutputWritesDebugLevelMessages" methodname="DefaultLoggerWithVerboseOutputWritesDebugLevelMessages" classname="Dynatrace.OpenKit.Core.DefaultLoggerTest" runstate="Runnable" seed="218427072" result="Passed" start-time="2018-05-11 10:27:03Z" end-time="2018-05-11 10:27:03Z" duration="0.000248" asserts="1" />
            <test-case id="5-1141" name="DefaultLoggerWithVerboseOutputWritesErrorLevelMessages" fullname="Dynatrace.OpenKit.Core.DefaultLoggerTest.DefaultLoggerWithVerboseOutputWritesErrorLevelMessages" methodname="DefaultLoggerWithVerboseOutputWritesErrorLevelMessages" classname="Dynatrace.OpenKit.Core.DefaultLoggerTest" runstate="Runnable" seed="845889569" result="Passed" start-time="2018-05-11 10:27:03Z" end-time="2018-05-11 10:27:03Z" duration="0.000293" asserts="1" />
            <test-case id="5-1143" name="DefaultLoggerWithVerboseOutputWritesInfoLevelMessages" fullname="Dynatrace.OpenKit.Core.DefaultLoggerTest.DefaultLoggerWithVerboseOutputWritesInfoLevelMessages" methodname="DefaultLoggerWithVerboseOutputWritesInfoLevelMessages" classname="Dynatrace.OpenKit.Core.DefaultLoggerTest" runstate="Runnable" seed="168505972" result="Passed" start-time="2018-05-11 10:27:03Z" end-time="2018-05-11 10:27:03Z" duration="0.000211" asserts="1" />
            <test-case id="5-1142" name="DefaultLoggerWithVerboseOutputWritesWarnLevelMessages" fullname="Dynatrace.OpenKit.Core.DefaultLoggerTest.DefaultLoggerWithVerboseOutputWritesWarnLevelMessages" methodname="DefaultLoggerWithVerboseOutputWritesWarnLevelMessages" classname="Dynatrace.OpenKit.Core.DefaultLoggerTest" runstate="Runnable" seed="1412539955" result="Passed" start-time="2018-05-11 10:27:03Z" end-time="2018-05-11 10:27:03Z" duration="0.000202" asserts="1" />
          </test-suite>
          <test-suite type="TestFixture" id="5-1149" name="RootActionTest" fullname="Dynatrace.OpenKit.Core.RootActionTest" classname="Dynatrace.OpenKit.Core.RootActionTest" runstate="Runnable" testcasecount="6" result="Passed" start-time="2018-05-11 10:27:03Z" end-time="2018-05-11 10:27:03Z" duration="0.037159" total="6" passed="6" failed="0" warnings="0" inconclusive="0" skipped="0" asserts="16">
            <test-case id="5-1150" name="EnterActionReturnsNewChildAction" fullname="Dynatrace.OpenKit.Core.RootActionTest.EnterActionReturnsNewChildAction" methodname="EnterActionReturnsNewChildAction" classname="Dynatrace.OpenKit.Core.RootActionTest" runstate="Runnable" seed="136021246" result="Passed" start-time="2018-05-11 10:27:03Z" end-time="2018-05-11 10:27:03Z" duration="0.014923" asserts="5" />
            <test-case id="5-1153" name="EnterActionReturnsNullActionIfActionNameIsAnEmptyString" fullname="Dynatrace.OpenKit.Core.RootActionTest.EnterActionReturnsNullActionIfActionNameIsAnEmptyString" methodname="EnterActionReturnsNullActionIfActionNameIsAnEmptyString" classname="Dynatrace.OpenKit.Core.RootActionTest" runstate="Runnable" seed="1922132093" result="Passed" start-time="2018-05-11 10:27:03Z" end-time="2018-05-11 10:27:03Z" duration="0.004869" asserts="1" />
            <test-case id="5-1152" name="EnterActionReturnsNullActionIfActionNameIsNull" fullname="Dynatrace.OpenKit.Core.RootActionTest.EnterActionReturnsNullActionIfActionNameIsNull" methodname="EnterActionReturnsNullActionIfActionNameIsNull" classname="Dynatrace.OpenKit.Core.RootActionTest" runstate="Runnable" seed="1093393381" result="Passed" start-time="2018-05-11 10:27:03Z" end-time="2018-05-11 10:27:03Z" duration="0.001441" asserts="1" />
            <test-case id="5-1151" name="EnterActionReturnsNullActionIfAlreadyLeft" fullname="Dynatrace.OpenKit.Core.RootActionTest.EnterActionReturnsNullActionIfAlreadyLeft" methodname="EnterActionReturnsNullActionIfAlreadyLeft" classname="Dynatrace.OpenKit.Core.RootActionTest" runstate="Runnable" seed="1465224437" result="Passed" start-time="2018-05-11 10:27:03Z" end-time="2018-05-11 10:27:03Z" duration="0.001853" asserts="3" />
            <test-case id="5-1154" name="LeavingAParentActionWillLeaveAllOpenChildActionsFirst" fullname="Dynatrace.OpenKit.Core.RootActionTest.LeavingAParentActionWillLeaveAllOpenChildActionsFirst" methodname="LeavingAParentActionWillLeaveAllOpenChildActionsFirst" classname="Dynatrace.OpenKit.Core.RootActionTest" runstate="Runnable" seed="1112238476" result="Passed" start-time="2018-05-11 10:27:03Z" end-time="2018-05-11 10:27:03Z" duration="0.004348" asserts="5" />
            <test-case id="5-1155" name="LeavingRootActionReturnsNullValueAsParent" fullname="Dynatrace.OpenKit.Core.RootActionTest.LeavingRootActionReturnsNullValueAsParent" methodname="LeavingRootActionReturnsNullValueAsParent" classname="Dynatrace.OpenKit.Core.RootActionTest" runstate="Runnable" seed="2115104878" result="Passed" start-time="2018-05-11 10:27:03Z" end-time="2018-05-11 10:27:03Z" duration="0.004819" asserts="1" />
          </test-suite>
          <test-suite type="TestFixture" id="5-1156" name="SessionTest" fullname="Dynatrace.OpenKit.Core.SessionTest" classname="Dynatrace.OpenKit.Core.SessionTest" runstate="Runnable" testcasecount="19" result="Passed" start-time="2018-05-11 10:27:03Z" end-time="2018-05-11 10:27:03Z" duration="0.064126" total="19" passed="19" failed="0" warnings="0" inconclusive="0" skipped="0" asserts="21">
            <test-case id="5-1159" name="AfterCallingEndASessionIsEnded" fullname="Dynatrace.OpenKit.Core.SessionTest.AfterCallingEndASessionIsEnded" methodname="AfterCallingEndASessionIsEnded" classname="Dynatrace.OpenKit.Core.SessionTest" runstate="Runnable" seed="9853944" result="Passed" start-time="2018-05-11 10:27:03Z" end-time="2018-05-11 10:27:03Z" duration="0.004231" asserts="1" />
            <test-case id="5-1157" name="ANewlyCreatedSessionIsEmpty" fullname="Dynatrace.OpenKit.Core.SessionTest.ANewlyCreatedSessionIsEmpty" methodname="ANewlyCreatedSessionIsEmpty" classname="Dynatrace.OpenKit.Core.SessionTest" runstate="Runnable" seed="101672000" result="Passed" start-time="2018-05-11 10:27:03Z" end-time="2018-05-11 10:27:03Z" duration="0.000997" asserts="1" />
            <test-case id="5-1158" name="ANewlyCreatedSessionIsNotEnded" fullname="Dynatrace.OpenKit.Core.SessionTest.ANewlyCreatedSessionIsNotEnded" methodname="ANewlyCreatedSessionIsNotEnded" classname="Dynatrace.OpenKit.Core.SessionTest" runstate="Runnable" seed="1447501739" result="Passed" start-time="2018-05-11 10:27:03Z" end-time="2018-05-11 10:27:03Z" duration="0.001037" asserts="2" />
            <test-case id="5-1174" name="DisposingASessionEndsTheSession" fullname="Dynatrace.OpenKit.Core.SessionTest.DisposingASessionEndsTheSession" methodname="DisposingASessionEndsTheSession" classname="Dynatrace.OpenKit.Core.SessionTest" runstate="Runnable" seed="2102031979" result="Passed" start-time="2018-05-11 10:27:03Z" end-time="2018-05-11 10:27:03Z" duration="0.002383" asserts="0" />
            <test-case id="5-1172" name="EndingASessionEndsOpenRootActionsFirst" fullname="Dynatrace.OpenKit.Core.SessionTest.EndingASessionEndsOpenRootActionsFirst" methodname="EndingASessionEndsOpenRootActionsFirst" classname="Dynatrace.OpenKit.Core.SessionTest" runstate="Runnable" seed="700336667" result="Passed" start-time="2018-05-11 10:27:03Z" end-time="2018-05-11 10:27:03Z" duration="0.008331" asserts="4" />
            <test-case id="5-1173" name="EndingASessionFinishesSessionContext" fullname="Dynatrace.OpenKit.Core.SessionTest.EndingASessionFinishesSessionContext" methodname="EndingASessionFinishesSessionContext" classname="Dynatrace.OpenKit.Core.SessionTest" runstate="Runnable" seed="1204459711" result="Passed" start-time="2018-05-11 10:27:03Z" end-time="2018-05-11 10:27:03Z" duration="0.001532" asserts="0" />
            <test-case id="5-1175" name="EndingASessionReturnsImmediatelyIfEndedBefore" fullname="Dynatrace.OpenKit.Core.SessionTest.EndingASessionReturnsImmediatelyIfEndedBefore" methodname="EndingASessionReturnsImmediatelyIfEndedBefore" classname="Dynatrace.OpenKit.Core.SessionTest" runstate="Runnable" seed="1910053003" result="Passed" start-time="2018-05-11 10:27:03Z" end-time="2018-05-11 10:27:03Z" duration="0.006447" asserts="1" />
            <test-case id="5-1160" name="EnterActionGivesNewRootAction" fullname="Dynatrace.OpenKit.Core.SessionTest.EnterActionGivesNewRootAction" methodname="EnterActionGivesNewRootAction" classname="Dynatrace.OpenKit.Core.SessionTest" runstate="Runnable" seed="431928572" result="Passed" start-time="2018-05-11 10:27:03Z" end-time="2018-05-11 10:27:03Z" duration="0.001352" asserts="1" />
            <test-case id="5-1163" name="EnterActionGivesNullActionIfActionNameIsEmptyString" fullname="Dynatrace.OpenKit.Core.SessionTest.EnterActionGivesNullActionIfActionNameIsEmptyString" methodname="EnterActionGivesNullActionIfActionNameIsEmptyString" classname="Dynatrace.OpenKit.Core.SessionTest" runstate="Runnable" seed="2112780096" result="Passed" start-time="2018-05-11 10:27:03Z" end-time="2018-05-11 10:27:03Z" duration="0.001451" asserts="1" />
            <test-case id="5-1162" name="EnterActionGivesNullActionIfActionNameIsNull" fullname="Dynatrace.OpenKit.Core.SessionTest.EnterActionGivesNullActionIfActionNameIsNull" methodname="EnterActionGivesNullActionIfActionNameIsNull" classname="Dynatrace.OpenKit.Core.SessionTest" runstate="Runnable" seed="465717001" result="Passed" start-time="2018-05-11 10:27:03Z" end-time="2018-05-11 10:27:03Z" duration="0.001985" asserts="1" />
            <test-case id="5-1161" name="EnterActionGivesNullActionIfSessionIsAlreadyEnded" fullname="Dynatrace.OpenKit.Core.SessionTest.EnterActionGivesNullActionIfSessionIsAlreadyEnded" methodname="EnterActionGivesNullActionIfSessionIsAlreadyEnded" classname="Dynatrace.OpenKit.Core.SessionTest" runstate="Runnable" seed="1249354324" result="Passed" start-time="2018-05-11 10:27:03Z" end-time="2018-05-11 10:27:03Z" duration="0.001595" asserts="1" />
            <test-case id="5-1164" name="IdentifyUser" fullname="Dynatrace.OpenKit.Core.SessionTest.IdentifyUser" methodname="IdentifyUser" classname="Dynatrace.OpenKit.Core.SessionTest" runstate="Runnable" seed="1343562034" result="Passed" start-time="2018-05-11 10:27:03Z" end-time="2018-05-11 10:27:03Z" duration="0.004963" asserts="1" />
            <test-case id="5-1165" name="IdentifyUserDoesNothingIfSessionIsEnded" fullname="Dynatrace.OpenKit.Core.SessionTest.IdentifyUserDoesNothingIfSessionIsEnded" methodname="IdentifyUserDoesNothingIfSessionIsEnded" classname="Dynatrace.OpenKit.Core.SessionTest" runstate="Runnable" seed="678428277" result="Passed" start-time="2018-05-11 10:27:03Z" end-time="2018-05-11 10:27:03Z" duration="0.002493" asserts="1" />
            <test-case id="5-1167" name="IdentifyUserDoesNothingIfUserTagIsAnEmptyString" fullname="Dynatrace.OpenKit.Core.SessionTest.IdentifyUserDoesNothingIfUserTagIsAnEmptyString" methodname="IdentifyUserDoesNothingIfUserTagIsAnEmptyString" classname="Dynatrace.OpenKit.Core.SessionTest" runstate="Runnable" seed="87659004" result="Passed" start-time="2018-05-11 10:27:03Z" end-time="2018-05-11 10:27:03Z" duration="0.001583" asserts="1" />
            <test-case id="5-1166" name="IdentifyUserDoesNothingIfUserTagIsNull" fullname="Dynatrace.OpenKit.Core.SessionTest.IdentifyUserDoesNothingIfUserTagIsNull" methodname="IdentifyUserDoesNothingIfUserTagIsNull" classname="Dynatrace.OpenKit.Core.SessionTest" runstate="Runnable" seed="1333863081" result="Passed" start-time="2018-05-11 10:27:03Z" end-time="2018-05-11 10:27:03Z" duration="0.001145" asserts="1" />
            <test-case id="5-1168" name="ReportCrash" fullname="Dynatrace.OpenKit.Core.SessionTest.ReportCrash" methodname="ReportCrash" classname="Dynatrace.OpenKit.Core.SessionTest" runstate="Runnable" seed="1803696315" result="Passed" start-time="2018-05-11 10:27:03Z" end-time="2018-05-11 10:27:03Z" duration="0.003724" asserts="1" />
            <test-case id="5-1171" name="ReportCrashDoesNothingIfErrorNameIsAnEmptyString" fullname="Dynatrace.OpenKit.Core.SessionTest.ReportCrashDoesNothingIfErrorNameIsAnEmptyString" methodname="ReportCrashDoesNothingIfErrorNameIsAnEmptyString" classname="Dynatrace.OpenKit.Core.SessionTest" runstate="Runnable" seed="1500615730" result="Passed" start-time="2018-05-11 10:27:03Z" end-time="2018-05-11 10:27:03Z" duration="0.002816" asserts="1" />
            <test-case id="5-1170" name="ReportCrashDoesNothingIfErrorNameIsNull" fullname="Dynatrace.OpenKit.Core.SessionTest.ReportCrashDoesNothingIfErrorNameIsNull" methodname="ReportCrashDoesNothingIfErrorNameIsNull" classname="Dynatrace.OpenKit.Core.SessionTest" runstate="Runnable" seed="97301930" result="Passed" start-time="2018-05-11 10:27:03Z" end-time="2018-05-11 10:27:03Z" duration="0.001043" asserts="1" />
            <test-case id="5-1169" name="ReportCrashDoesNothingIfSessionIsEnded" fullname="Dynatrace.OpenKit.Core.SessionTest.ReportCrashDoesNothingIfSessionIsEnded" methodname="ReportCrashDoesNothingIfSessionIsEnded" classname="Dynatrace.OpenKit.Core.SessionTest" runstate="Runnable" seed="210369643" result="Passed" start-time="2018-05-11 10:27:03Z" end-time="2018-05-11 10:27:03Z" duration="0.001114" asserts="1" />
          </test-suite>
          <test-suite type="TestSuite" id="5-1423" name="Util" fullname="Dynatrace.OpenKit.Core.Util" runstate="Runnable" testcasecount="13" result="Passed" start-time="2018-05-11 10:27:02Z" end-time="2018-05-11 10:27:03Z" duration="1.751348" total="13" passed="13" failed="0" warnings="0" inconclusive="0" skipped="0" asserts="13">
            <test-suite type="TestFixture" id="5-1200" name="InetAddressValidatorTest" fullname="Dynatrace.OpenKit.Core.Util.InetAddressValidatorTest" classname="Dynatrace.OpenKit.Core.Util.InetAddressValidatorTest" runstate="Runnable" testcasecount="13" result="Passed" start-time="2018-05-11 10:27:03Z" end-time="2018-05-11 10:27:03Z" duration="0.009036" total="13" passed="13" failed="0" warnings="0" inconclusive="0" skipped="0" asserts="13">
              <test-case id="5-1212" name="IPAddressEmptyIsInvalid" fullname="Dynatrace.OpenKit.Core.Util.InetAddressValidatorTest.IPAddressEmptyIsInvalid" methodname="IPAddressEmptyIsInvalid" classname="Dynatrace.OpenKit.Core.Util.InetAddressValidatorTest" runstate="Runnable" seed="1337579518" result="Passed" start-time="2018-05-11 10:27:03Z" end-time="2018-05-11 10:27:03Z" duration="0.000241" asserts="1" />
              <test-case id="5-1213" name="IPAddressNullIsInvalid" fullname="Dynatrace.OpenKit.Core.Util.InetAddressValidatorTest.IPAddressNullIsInvalid" methodname="IPAddressNullIsInvalid" classname="Dynatrace.OpenKit.Core.Util.InetAddressValidatorTest" runstate="Runnable" seed="1997753422" result="Passed" start-time="2018-05-11 10:27:03Z" end-time="2018-05-11 10:27:03Z" duration="0.000215" asserts="1" />
              <test-case id="5-1202" name="IPV4AddressIsInvalidDueToExtraBlock" fullname="Dynatrace.OpenKit.Core.Util.InetAddressValidatorTest.IPV4AddressIsInvalidDueToExtraBlock" methodname="IPV4AddressIsInvalidDueToExtraBlock" classname="Dynatrace.OpenKit.Core.Util.InetAddressValidatorTest" runstate="Runnable" seed="298449559" result="Passed" start-time="2018-05-11 10:27:03Z" end-time="2018-05-11 10:27:03Z" duration="0.004163" asserts="1" />
              <test-case id="5-1203" name="IPV4AddressIsInvalidDueToHighNumber" fullname="Dynatrace.OpenKit.Core.Util.InetAddressValidatorTest.IPV4AddressIsInvalidDueToHighNumber" methodname="IPV4AddressIsInvalidDueToHighNumber" classname="Dynatrace.OpenKit.Core.Util.InetAddressValidatorTest" runstate="Runnable" seed="1101808244" result="Passed" start-time="2018-05-11 10:27:03Z" end-time="2018-05-11 10:27:03Z" duration="0.000522" asserts="1" />
              <test-case id="5-1205" name="IPV4AddressIsInvalidDueToLetter" fullname="Dynatrace.OpenKit.Core.Util.InetAddressValidatorTest.IPV4AddressIsInvalidDueToLetter" methodname="IPV4AddressIsInvalidDueToLetter" classname="Dynatrace.OpenKit.Core.Util.InetAddressValidatorTest" runstate="Runnable" seed="716491285" result="Passed" start-time="2018-05-11 10:27:03Z" end-time="2018-05-11 10:27:03Z" duration="0.000310" asserts="1" />
              <test-case id="5-1206" name="IPV4AddressIsInvalidDueToMissingBlock" fullname="Dynatrace.OpenKit.Core.Util.InetAddressValidatorTest.IPV4AddressIsInvalidDueToMissingBlock" methodname="IPV4AddressIsInvalidDueToMissingBlock" classname="Dynatrace.OpenKit.Core.Util.InetAddressValidatorTest" runstate="Runnable" seed="1089268329" result="Passed" start-time="2018-05-11 10:27:03Z" end-time="2018-05-11 10:27:03Z" duration="0.000312" asserts="1" />
              <test-case id="5-1204" name="IPV4AddressIsInvalidDueToNegativeNumber" fullname="Dynatrace.OpenKit.Core.Util.InetAddressValidatorTest.IPV4AddressIsInvalidDueToNegativeNumber" methodname="IPV4AddressIsInvalidDueToNegativeNumber" classname="Dynatrace.OpenKit.Core.Util.InetAddressValidatorTest" runstate="Runnable" seed="2082395469" result="Passed" start-time="2018-05-11 10:27:03Z" end-time="2018-05-11 10:27:03Z" duration="0.000305" asserts="1" />
              <test-case id="5-1201" name="IPV4AddressIsValid" fullname="Dynatrace.OpenKit.Core.Util.InetAddressValidatorTest.IPV4AddressIsValid" methodname="IPV4AddressIsValid" classname="Dynatrace.OpenKit.Core.Util.InetAddressValidatorTest" runstate="Runnable" seed="1567254684" result="Passed" start-time="2018-05-11 10:27:03Z" end-time="2018-05-11 10:27:03Z" duration="0.000262" asserts="1" />
              <test-case id="5-1209" name="IPV6AddressIsInvalidDueTo5HexDigitNumber" fullname="Dynatrace.OpenKit.Core.Util.InetAddressValidatorTest.IPV6AddressIsInvalidDueTo5HexDigitNumber" methodname="IPV6AddressIsInvalidDueTo5HexDigitNumber" classname="Dynatrace.OpenKit.Core.Util.InetAddressValidatorTest" runstate="Runnable" seed="1025860337" result="Passed" start-time="2018-05-11 10:27:03Z" end-time="2018-05-11 10:27:03Z" duration="0.000347" asserts="1" />
              <test-case id="5-1208" name="IPV6AddressIsInvalidDueToExtraBlock" fullname="Dynatrace.OpenKit.Core.Util.InetAddressValidatorTest.IPV6AddressIsInvalidDueToExtraBlock" methodname="IPV6AddressIsInvalidDueToExtraBlock" classname="Dynatrace.OpenKit.Core.Util.InetAddressValidatorTest" runstate="Runnable" seed="281611514" result="Passed" start-time="2018-05-11 10:27:03Z" end-time="2018-05-11 10:27:03Z" duration="0.000652" asserts="1" />
              <test-case id="5-1210" name="IPV6AddressIsInvalidDueToNonHexLetter" fullname="Dynatrace.OpenKit.Core.Util.InetAddressValidatorTest.IPV6AddressIsInvalidDueToNonHexLetter" methodname="IPV6AddressIsInvalidDueToNonHexLetter" classname="Dynatrace.OpenKit.Core.Util.InetAddressValidatorTest" runstate="Runnable" seed="897335968" result="Passed" start-time="2018-05-11 10:27:03Z" end-time="2018-05-11 10:27:03Z" duration="0.000477" asserts="1" />
              <test-case id="5-1207" name="IPV6AddressIsValid" fullname="Dynatrace.OpenKit.Core.Util.InetAddressValidatorTest.IPV6AddressIsValid" methodname="IPV6AddressIsValid" classname="Dynatrace.OpenKit.Core.Util.InetAddressValidatorTest" runstate="Runnable" seed="562851529" result="Passed" start-time="2018-05-11 10:27:03Z" end-time="2018-05-11 10:27:03Z" duration="0.000366" asserts="1" />
              <test-case id="5-1211" name="IPV6AddressWithLessThanEightBlocksIsValid" fullname="Dynatrace.OpenKit.Core.Util.InetAddressValidatorTest.IPV6AddressWithLessThanEightBlocksIsValid" methodname="IPV6AddressWithLessThanEightBlocksIsValid" classname="Dynatrace.OpenKit.Core.Util.InetAddressValidatorTest" runstate="Runnable" seed="546199015" result="Passed" start-time="2018-05-11 10:27:03Z" end-time="2018-05-11 10:27:03Z" duration="0.000258" asserts="1" />
            </test-suite>
          </test-suite>
          <test-suite type="TestFixture" id="5-1176" name="WebRequestTracerBaseTest" fullname="Dynatrace.OpenKit.Core.WebRequestTracerBaseTest" classname="Dynatrace.OpenKit.Core.WebRequestTracerBaseTest" runstate="Runnable" testcasecount="14" result="Passed" start-time="2018-05-11 10:27:03Z" end-time="2018-05-11 10:27:03Z" duration="0.029979" total="14" passed="14" failed="0" warnings="0" inconclusive="0" skipped="0" asserts="34">
            <test-case id="5-1179" name="ANewlyCreatedWebRequestTracerIsNotStopped" fullname="Dynatrace.OpenKit.Core.WebRequestTracerBaseTest.ANewlyCreatedWebRequestTracerIsNotStopped" methodname="ANewlyCreatedWebRequestTracerIsNotStopped" classname="Dynatrace.OpenKit.Core.WebRequestTracerBaseTest" runstate="Runnable" seed="1890949933" result="Passed" start-time="2018-05-11 10:27:03Z" end-time="2018-05-11 10:27:03Z" duration="0.002160" asserts="1" />
            <test-case id="5-1180" name="AWebRequestTracerIsStoppedAfterStopHasBeenCalled" fullname="Dynatrace.OpenKit.Core.WebRequestTracerBaseTest.AWebRequestTracerIsStoppedAfterStopHasBeenCalled" methodname="AWebRequestTracerIsStoppedAfterStopHasBeenCalled" classname="Dynatrace.OpenKit.Core.WebRequestTracerBaseTest" runstate="Runnable" seed="1463510625" result="Passed" start-time="2018-05-11 10:27:03Z" end-time="2018-05-11 10:27:03Z" duration="0.006413" asserts="1" />
            <test-case id="5-1177" name="DefaultValues" fullname="Dynatrace.OpenKit.Core.WebRequestTracerBaseTest.DefaultValues" methodname="DefaultValues" classname="Dynatrace.OpenKit.Core.WebRequestTracerBaseTest" runstate="Runnable" seed="1802351930" result="Passed" start-time="2018-05-11 10:27:03Z" end-time="2018-05-11 10:27:03Z" duration="0.001298" asserts="8" />
            <test-case id="5-1181" name="DisposingAWebRequestTracerStopsIt" fullname="Dynatrace.OpenKit.Core.WebRequestTracerBaseTest.DisposingAWebRequestTracerStopsIt" methodname="DisposingAWebRequestTracerStopsIt" classname="Dynatrace.OpenKit.Core.WebRequestTracerBaseTest" runstate="Runnable" seed="961965940" result="Passed" start-time="2018-05-11 10:27:03Z" end-time="2018-05-11 10:27:03Z" duration="0.001482" asserts="1" />
            <test-case id="5-1178" name="GetTag" fullname="Dynatrace.OpenKit.Core.WebRequestTracerBaseTest.GetTag" methodname="GetTag" classname="Dynatrace.OpenKit.Core.WebRequestTracerBaseTest" runstate="Runnable" seed="778077073" result="Passed" start-time="2018-05-11 10:27:03Z" end-time="2018-05-11 10:27:03Z" duration="0.003154" asserts="1" />
            <test-case id="5-1187" name="SetBytesReceivedDoesNotSetAnythingIfStopped" fullname="Dynatrace.OpenKit.Core.WebRequestTracerBaseTest.SetBytesReceivedDoesNotSetAnythingIfStopped" methodname="SetBytesReceivedDoesNotSetAnythingIfStopped" classname="Dynatrace.OpenKit.Core.WebRequestTracerBaseTest" runstate="Runnable" seed="1167548413" result="Passed" start-time="2018-05-11 10:27:03Z" end-time="2018-05-11 10:27:03Z" duration="0.001697" asserts="2" />
            <test-case id="5-1186" name="SetBytesReceivedSetsTheNumberOfReceivedBytes" fullname="Dynatrace.OpenKit.Core.WebRequestTracerBaseTest.SetBytesReceivedSetsTheNumberOfReceivedBytes" methodname="SetBytesReceivedSetsTheNumberOfReceivedBytes" classname="Dynatrace.OpenKit.Core.WebRequestTracerBaseTest" runstate="Runnable" seed="751623938" result="Passed" start-time="2018-05-11 10:27:03Z" end-time="2018-05-11 10:27:03Z" duration="0.001906" asserts="2" />
            <test-case id="5-1185" name="SetBytesSentDoesNotSetAnythingIfStopped" fullname="Dynatrace.OpenKit.Core.WebRequestTracerBaseTest.SetBytesSentDoesNotSetAnythingIfStopped" methodname="SetBytesSentDoesNotSetAnythingIfStopped" classname="Dynatrace.OpenKit.Core.WebRequestTracerBaseTest" runstate="Runnable" seed="1919279108" result="Passed" start-time="2018-05-11 10:27:03Z" end-time="2018-05-11 10:27:03Z" duration="0.001587" asserts="2" />
            <test-case id="5-1184" name="SetBytesSentSetsTheNumberOfSentBytes" fullname="Dynatrace.OpenKit.Core.WebRequestTracerBaseTest.SetBytesSentSetsTheNumberOfSentBytes" methodname="SetBytesSentSetsTheNumberOfSentBytes" classname="Dynatrace.OpenKit.Core.WebRequestTracerBaseTest" runstate="Runnable" seed="753023121" result="Passed" start-time="2018-05-11 10:27:03Z" end-time="2018-05-11 10:27:03Z" duration="0.000957" asserts="2" />
            <test-case id="5-1183" name="SetResponseCodeDoesNotSetTheResponseCodeIfStopped" fullname="Dynatrace.OpenKit.Core.WebRequestTracerBaseTest.SetResponseCodeDoesNotSetTheResponseCodeIfStopped" methodname="SetResponseCodeDoesNotSetTheResponseCodeIfStopped" classname="Dynatrace.OpenKit.Core.WebRequestTracerBaseTest" runstate="Runnable" seed="760124199" result="Passed" start-time="2018-05-11 10:27:03Z" end-time="2018-05-11 10:27:03Z" duration="0.001534" asserts="2" />
            <test-case id="5-1182" name="SetResponseCodeSetsTheResponseCode" fullname="Dynatrace.OpenKit.Core.WebRequestTracerBaseTest.SetResponseCodeSetsTheResponseCode" methodname="SetResponseCodeSetsTheResponseCode" classname="Dynatrace.OpenKit.Core.WebRequestTracerBaseTest" runstate="Runnable" seed="175955741" result="Passed" start-time="2018-05-11 10:27:03Z" end-time="2018-05-11 10:27:03Z" duration="0.000907" asserts="2" />
            <test-case id="5-1189" name="StartDoesNothingIfAlreadyStopped" fullname="Dynatrace.OpenKit.Core.WebRequestTracerBaseTest.StartDoesNothingIfAlreadyStopped" methodname="StartDoesNothingIfAlreadyStopped" classname="Dynatrace.OpenKit.Core.WebRequestTracerBaseTest" runstate="Runnable" seed="578178747" result="Passed" start-time="2018-05-11 10:27:03Z" end-time="2018-05-11 10:27:03Z" duration="0.001724" asserts="2" />
            <test-case id="5-1188" name="StartSetsTheStartTime" fullname="Dynatrace.OpenKit.Core.WebRequestTracerBaseTest.StartSetsTheStartTime" methodname="StartSetsTheStartTime" classname="Dynatrace.OpenKit.Core.WebRequestTracerBaseTest" runstate="Runnable" seed="1081680171" result="Passed" start-time="2018-05-11 10:27:03Z" end-time="2018-05-11 10:27:03Z" duration="0.001084" asserts="2" />
            <test-case id="5-1190" name="StopCanOnlyBeExecutedOnce" fullname="Dynatrace.OpenKit.Core.WebRequestTracerBaseTest.StopCanOnlyBeExecutedOnce" methodname="StopCanOnlyBeExecutedOnce" classname="Dynatrace.OpenKit.Core.WebRequestTracerBaseTest" runstate="Runnable" seed="1074003101" result="Passed" start-time="2018-05-11 10:27:03Z" end-time="2018-05-11 10:27:03Z" duration="0.001602" asserts="6" />
          </test-suite>
          <test-suite type="TestFixture" id="5-1191" name="WebRequestTracerStringURLTest" fullname="Dynatrace.OpenKit.Core.WebRequestTracerStringURLTest" classname="Dynatrace.OpenKit.Core.WebRequestTracerStringURLTest" runstate="Runnable" testcasecount="8" result="Passed" start-time="2018-05-11 10:27:03Z" end-time="2018-05-11 10:27:04Z" duration="0.013505" total="8" passed="8" failed="0" warnings="0" inconclusive="0" skipped="0" asserts="9">
            <test-case id="5-1198" name="AnURLIsOnlySetInConstructorIfItIsValid" fullname="Dynatrace.OpenKit.Core.WebRequestTracerStringURLTest.AnURLIsOnlySetInConstructorIfItIsValid" methodname="AnURLIsOnlySetInConstructorIfItIsValid" classname="Dynatrace.OpenKit.Core.WebRequestTracerStringURLTest" runstate="Runnable" seed="1825118396" result="Passed" start-time="2018-05-11 10:27:03Z" end-time="2018-05-11 10:27:03Z" duration="0.001384" asserts="1" />
            <test-case id="5-1197" name="ASchemeIsInvalidIfInvalidCharactersAreEncountered" fullname="Dynatrace.OpenKit.Core.WebRequestTracerStringURLTest.ASchemeIsInvalidIfInvalidCharactersAreEncountered" methodname="ASchemeIsInvalidIfInvalidCharactersAreEncountered" classname="Dynatrace.OpenKit.Core.WebRequestTracerStringURLTest" runstate="Runnable" seed="916746849" result="Passed" start-time="2018-05-11 10:27:03Z" end-time="2018-05-11 10:27:03Z" duration="0.001419" asserts="1" />
            <test-case id="5-1195" name="AValidSchemeAllowsUpperCaseLettersToo" fullname="Dynatrace.OpenKit.Core.WebRequestTracerStringURLTest.AValidSchemeAllowsUpperCaseLettersToo" methodname="AValidSchemeAllowsUpperCaseLettersToo" classname="Dynatrace.OpenKit.Core.WebRequestTracerStringURLTest" runstate="Runnable" seed="652218544" result="Passed" start-time="2018-05-11 10:27:03Z" end-time="2018-05-11 10:27:03Z" duration="0.000986" asserts="1" />
            <test-case id="5-1196" name="AValidSchemeDoesNotStartWithADigit" fullname="Dynatrace.OpenKit.Core.WebRequestTracerStringURLTest.AValidSchemeDoesNotStartWithADigit" methodname="AValidSchemeDoesNotStartWithADigit" classname="Dynatrace.OpenKit.Core.WebRequestTracerStringURLTest" runstate="Runnable" seed="630242893" result="Passed" start-time="2018-05-11 10:27:03Z" end-time="2018-05-11 10:27:04Z" duration="0.001678" asserts="2" />
            <test-case id="5-1194" name="AValidSchemeOnlyContainsLettersDigitsPlusPeriodOrHyphen" fullname="Dynatrace.OpenKit.Core.WebRequestTracerStringURLTest.AValidSchemeOnlyContainsLettersDigitsPlusPeriodOrHyphen" methodname="AValidSchemeOnlyContainsLettersDigitsPlusPeriodOrHyphen" classname="Dynatrace.OpenKit.Core.WebRequestTracerStringURLTest" runstate="Runnable" seed="796802025" result="Passed" start-time="2018-05-11 10:27:04Z" end-time="2018-05-11 10:27:04Z" duration="0.000877" asserts="1" />
            <test-case id="5-1193" name="AValidSchemeStartsWithALetter" fullname="Dynatrace.OpenKit.Core.WebRequestTracerStringURLTest.AValidSchemeStartsWithALetter" methodname="AValidSchemeStartsWithALetter" classname="Dynatrace.OpenKit.Core.WebRequestTracerStringURLTest" runstate="Runnable" seed="1227786380" result="Passed" start-time="2018-05-11 10:27:04Z" end-time="2018-05-11 10:27:04Z" duration="0.000828" asserts="1" />
            <test-case id="5-1199" name="IfURLIsInvalidTheDefaultValueIsUsed" fullname="Dynatrace.OpenKit.Core.WebRequestTracerStringURLTest.IfURLIsInvalidTheDefaultValueIsUsed" methodname="IfURLIsInvalidTheDefaultValueIsUsed" classname="Dynatrace.OpenKit.Core.WebRequestTracerStringURLTest" runstate="Runnable" seed="1151789415" result="Passed" start-time="2018-05-11 10:27:04Z" end-time="2018-05-11 10:27:04Z" duration="0.001244" asserts="1" />
            <test-case id="5-1192" name="NullIsNotAValidURLScheme" fullname="Dynatrace.OpenKit.Core.WebRequestTracerStringURLTest.NullIsNotAValidURLScheme" methodname="NullIsNotAValidURLScheme" classname="Dynatrace.OpenKit.Core.WebRequestTracerStringURLTest" runstate="Runnable" seed="1958735122" result="Passed" start-time="2018-05-11 10:27:04Z" end-time="2018-05-11 10:27:04Z" duration="0.000955" asserts="1" />
          </test-suite>
        </test-suite>
        <test-suite type="TestFixture" id="5-1000" name="OpenKitBuilderTest" fullname="Dynatrace.OpenKit.OpenKitBuilderTest" classname="Dynatrace.OpenKit.OpenKitBuilderTest" runstate="Runnable" testcasecount="23" result="Passed" start-time="2018-05-11 10:27:04Z" end-time="2018-05-11 10:27:04Z" duration="0.035714" total="23" passed="23" failed="0" warnings="0" inconclusive="0" skipped="0" asserts="56">
          <test-case id="5-1003" name="ApplicationNameIsSetCorrectlyForAppMon" fullname="Dynatrace.OpenKit.OpenKitBuilderTest.ApplicationNameIsSetCorrectlyForAppMon" methodname="ApplicationNameIsSetCorrectlyForAppMon" classname="Dynatrace.OpenKit.OpenKitBuilderTest" runstate="Runnable" seed="1503510960" result="Passed" start-time="2018-05-11 10:27:04Z" end-time="2018-05-11 10:27:04Z" duration="0.008296" asserts="2" />
          <test-case id="5-1004" name="CanOverrideTrustManagerForAppMon" fullname="Dynatrace.OpenKit.OpenKitBuilderTest.CanOverrideTrustManagerForAppMon" methodname="CanOverrideTrustManagerForAppMon" classname="Dynatrace.OpenKit.OpenKitBuilderTest" runstate="Runnable" seed="308986439" result="Passed" start-time="2018-05-11 10:27:04Z" end-time="2018-05-11 10:27:04Z" duration="0.007221" asserts="1" />
          <test-case id="5-1005" name="CanOverrideTrustManagerForDynatrace" fullname="Dynatrace.OpenKit.OpenKitBuilderTest.CanOverrideTrustManagerForDynatrace" methodname="CanOverrideTrustManagerForDynatrace" classname="Dynatrace.OpenKit.OpenKitBuilderTest" runstate="Runnable" seed="371650066" result="Passed" start-time="2018-05-11 10:27:04Z" end-time="2018-05-11 10:27:04Z" duration="0.001658" asserts="1" />
          <test-case id="5-1006" name="CanSetApplicationVersionForAppMon" fullname="Dynatrace.OpenKit.OpenKitBuilderTest.CanSetApplicationVersionForAppMon" methodname="CanSetApplicationVersionForAppMon" classname="Dynatrace.OpenKit.OpenKitBuilderTest" runstate="Runnable" seed="1637625949" result="Passed" start-time="2018-05-11 10:27:04Z" end-time="2018-05-11 10:27:04Z" duration="0.000815" asserts="1" />
          <test-case id="5-1007" name="CanSetApplicationVersionForDynatrace" fullname="Dynatrace.OpenKit.OpenKitBuilderTest.CanSetApplicationVersionForDynatrace" methodname="CanSetApplicationVersionForDynatrace" classname="Dynatrace.OpenKit.OpenKitBuilderTest" runstate="Runnable" seed="2097647267" result="Passed" start-time="2018-05-11 10:27:04Z" end-time="2018-05-11 10:27:04Z" duration="0.000384" asserts="1" />
          <test-case id="5-1014" name="CanSetAppNameForDynatrace" fullname="Dynatrace.OpenKit.OpenKitBuilderTest.CanSetAppNameForDynatrace" methodname="CanSetAppNameForDynatrace" classname="Dynatrace.OpenKit.OpenKitBuilderTest" runstate="Runnable" seed="795744465" result="Passed" start-time="2018-05-11 10:27:04Z" end-time="2018-05-11 10:27:04Z" duration="0.001129" asserts="1" />
          <test-case id="5-1021" name="CanSetBeaconCacheLowerMemoryBoundaryForAppMon" fullname="Dynatrace.OpenKit.OpenKitBuilderTest.CanSetBeaconCacheLowerMemoryBoundaryForAppMon" methodname="CanSetBeaconCacheLowerMemoryBoundaryForAppMon" classname="Dynatrace.OpenKit.OpenKitBuilderTest" runstate="Runnable" seed="952526554" result="Passed" start-time="2018-05-11 10:27:04Z" end-time="2018-05-11 10:27:04Z" duration="0.001742" asserts="3" />
          <test-case id="5-1020" name="CanSetBeaconCacheLowerMemoryBoundaryForDynatrace" fullname="Dynatrace.OpenKit.OpenKitBuilderTest.CanSetBeaconCacheLowerMemoryBoundaryForDynatrace" methodname="CanSetBeaconCacheLowerMemoryBoundaryForDynatrace" classname="Dynatrace.OpenKit.OpenKitBuilderTest" runstate="Runnable" seed="1301598123" result="Passed" start-time="2018-05-11 10:27:04Z" end-time="2018-05-11 10:27:04Z" duration="0.000774" asserts="3" />
          <test-case id="5-1023" name="CanSetBeaconCacheUpperMemoryBoundaryForAppMon" fullname="Dynatrace.OpenKit.OpenKitBuilderTest.CanSetBeaconCacheUpperMemoryBoundaryForAppMon" methodname="CanSetBeaconCacheUpperMemoryBoundaryForAppMon" classname="Dynatrace.OpenKit.OpenKitBuilderTest" runstate="Runnable" seed="1996282802" result="Passed" start-time="2018-05-11 10:27:04Z" end-time="2018-05-11 10:27:04Z" duration="0.001065" asserts="3" />
          <test-case id="5-1022" name="CanSetBeaconCacheUpperMemoryBoundaryForDynatrace" fullname="Dynatrace.OpenKit.OpenKitBuilderTest.CanSetBeaconCacheUpperMemoryBoundaryForDynatrace" methodname="CanSetBeaconCacheUpperMemoryBoundaryForDynatrace" classname="Dynatrace.OpenKit.OpenKitBuilderTest" runstate="Runnable" seed="135506140" result="Passed" start-time="2018-05-11 10:27:04Z" end-time="2018-05-11 10:27:04Z" duration="0.000581" asserts="3" />
          <test-case id="5-1019" name="CanSetCustomMaxBeaconRecordAgeForAppMon" fullname="Dynatrace.OpenKit.OpenKitBuilderTest.CanSetCustomMaxBeaconRecordAgeForAppMon" methodname="CanSetCustomMaxBeaconRecordAgeForAppMon" classname="Dynatrace.OpenKit.OpenKitBuilderTest" runstate="Runnable" seed="2083743176" result="Passed" start-time="2018-05-11 10:27:04Z" end-time="2018-05-11 10:27:04Z" duration="0.000973" asserts="3" />
          <test-case id="5-1018" name="CanSetCustomMaxBeaconRecordAgeForDynatrace" fullname="Dynatrace.OpenKit.OpenKitBuilderTest.CanSetCustomMaxBeaconRecordAgeForDynatrace" methodname="CanSetCustomMaxBeaconRecordAgeForDynatrace" classname="Dynatrace.OpenKit.OpenKitBuilderTest" runstate="Runnable" seed="198507494" result="Passed" start-time="2018-05-11 10:27:04Z" end-time="2018-05-11 10:27:04Z" duration="0.000639" asserts="3" />
          <test-case id="5-1015" name="CanSetLogger" fullname="Dynatrace.OpenKit.OpenKitBuilderTest.CanSetLogger" methodname="CanSetLogger" classname="Dynatrace.OpenKit.OpenKitBuilderTest" runstate="Runnable" seed="659880505" result="Passed" start-time="2018-05-11 10:27:04Z" end-time="2018-05-11 10:27:04Z" duration="0.001658" asserts="1" />
          <test-case id="5-1011" name="CanSetManufactureForDynatrace" fullname="Dynatrace.OpenKit.OpenKitBuilderTest.CanSetManufactureForDynatrace" methodname="CanSetManufactureForDynatrace" classname="Dynatrace.OpenKit.OpenKitBuilderTest" runstate="Runnable" seed="520169413" result="Passed" start-time="2018-05-11 10:27:04Z" end-time="2018-05-11 10:27:04Z" duration="0.000847" asserts="1" />
          <test-case id="5-1010" name="CanSetManufacturerForAppMon" fullname="Dynatrace.OpenKit.OpenKitBuilderTest.CanSetManufacturerForAppMon" methodname="CanSetManufacturerForAppMon" classname="Dynatrace.OpenKit.OpenKitBuilderTest" runstate="Runnable" seed="1520925896" result="Passed" start-time="2018-05-11 10:27:04Z" end-time="2018-05-11 10:27:04Z" duration="0.000413" asserts="1" />
          <test-case id="5-1012" name="CanSetModelIDForAppMon" fullname="Dynatrace.OpenKit.OpenKitBuilderTest.CanSetModelIDForAppMon" methodname="CanSetModelIDForAppMon" classname="Dynatrace.OpenKit.OpenKitBuilderTest" runstate="Runnable" seed="2091913642" result="Passed" start-time="2018-05-11 10:27:04Z" end-time="2018-05-11 10:27:04Z" duration="0.000825" asserts="1" />
          <test-case id="5-1013" name="CanSetModelIDForDynatrace" fullname="Dynatrace.OpenKit.OpenKitBuilderTest.CanSetModelIDForDynatrace" methodname="CanSetModelIDForDynatrace" classname="Dynatrace.OpenKit.OpenKitBuilderTest" runstate="Runnable" seed="289680385" result="Passed" start-time="2018-05-11 10:27:04Z" end-time="2018-05-11 10:27:04Z" duration="0.000410" asserts="1" />
          <test-case id="5-1008" name="CanSetOperatingSystemForAppMon" fullname="Dynatrace.OpenKit.OpenKitBuilderTest.CanSetOperatingSystemForAppMon" methodname="CanSetOperatingSystemForAppMon" classname="Dynatrace.OpenKit.OpenKitBuilderTest" runstate="Runnable" seed="39419462" result="Passed" start-time="2018-05-11 10:27:04Z" end-time="2018-05-11 10:27:04Z" duration="0.001075" asserts="1" />
          <test-case id="5-1009" name="CanSetOperatingSystemForDynatrace" fullname="Dynatrace.OpenKit.OpenKitBuilderTest.CanSetOperatingSystemForDynatrace" methodname="CanSetOperatingSystemForDynatrace" classname="Dynatrace.OpenKit.OpenKitBuilderTest" runstate="Runnable" seed="894382882" result="Passed" start-time="2018-05-11 10:27:04Z" end-time="2018-05-11 10:27:04Z" duration="0.000461" asserts="1" />
          <test-case id="5-1016" name="DefaultLoggerIsUsedByDefault" fullname="Dynatrace.OpenKit.OpenKitBuilderTest.DefaultLoggerIsUsedByDefault" methodname="DefaultLoggerIsUsedByDefault" classname="Dynatrace.OpenKit.OpenKitBuilderTest" runstate="Runnable" seed="1857256810" result="Passed" start-time="2018-05-11 10:27:04Z" end-time="2018-05-11 10:27:04Z" duration="0.000448" asserts="3" />
          <test-case id="5-1001" name="DefaultsAreSetForAppMon" fullname="Dynatrace.OpenKit.OpenKitBuilderTest.DefaultsAreSetForAppMon" methodname="DefaultsAreSetForAppMon" classname="Dynatrace.OpenKit.OpenKitBuilderTest" runstate="Runnable" seed="396880111" result="Passed" start-time="2018-05-11 10:27:04Z" end-time="2018-05-11 10:27:04Z" duration="0.001996" asserts="9" />
          <test-case id="5-1002" name="DefaultsAreSetForDynatrace" fullname="Dynatrace.OpenKit.OpenKitBuilderTest.DefaultsAreSetForDynatrace" methodname="DefaultsAreSetForDynatrace" classname="Dynatrace.OpenKit.OpenKitBuilderTest" runstate="Runnable" seed="652864519" result="Passed" start-time="2018-05-11 10:27:04Z" end-time="2018-05-11 10:27:04Z" duration="0.000540" asserts="9" />
          <test-case id="5-1017" name="VerboseIsUsedInDefaultLogger" fullname="Dynatrace.OpenKit.OpenKitBuilderTest.VerboseIsUsedInDefaultLogger" methodname="VerboseIsUsedInDefaultLogger" classname="Dynatrace.OpenKit.OpenKitBuilderTest" runstate="Runnable" seed="1535499091" result="Passed" start-time="2018-05-11 10:27:04Z" end-time="2018-05-11 10:27:04Z" duration="0.000875" asserts="3" />
        </test-suite>
        <test-suite type="TestSuite" id="5-1421" name="Protocol" fullname="Dynatrace.OpenKit.Protocol" runstate="Runnable" testcasecount="53" result="Passed" start-time="2018-05-11 10:27:02Z" end-time="2018-05-11 10:27:04Z" duration="1.997660" total="53" passed="53" failed="0" warnings="0" inconclusive="0" skipped="0" asserts="90">
          <test-suite type="TestFixture" id="5-1036" name="BeaconTest" fullname="Dynatrace.OpenKit.Protocol.BeaconTest" classname="Dynatrace.OpenKit.Protocol.BeaconTest" runstate="Runnable" testcasecount="11" result="Passed" start-time="2018-05-11 10:27:04Z" end-time="2018-05-11 10:27:04Z" duration="0.040160" total="11" passed="11" failed="0" warnings="0" inconclusive="0" skipped="0" asserts="14">
            <test-case id="5-1044" name="CanAddBothSentBytesAndReceivedBytesToWebRequestTracer" fullname="Dynatrace.OpenKit.Protocol.BeaconTest.CanAddBothSentBytesAndReceivedBytesToWebRequestTracer" methodname="CanAddBothSentBytesAndReceivedBytesToWebRequestTracer" classname="Dynatrace.OpenKit.Protocol.BeaconTest" runstate="Runnable" seed="27126578" result="Passed" start-time="2018-05-11 10:27:04Z" end-time="2018-05-11 10:27:04Z" duration="0.012486" asserts="1" />
            <test-case id="5-1041" name="CanAddReceivedBytesToWebRequestTracer" fullname="Dynatrace.OpenKit.Protocol.BeaconTest.CanAddReceivedBytesToWebRequestTracer" methodname="CanAddReceivedBytesToWebRequestTracer" classname="Dynatrace.OpenKit.Protocol.BeaconTest" runstate="Runnable" seed="790310479" result="Passed" start-time="2018-05-11 10:27:04Z" end-time="2018-05-11 10:27:04Z" duration="0.003883" asserts="1" />
            <test-case id="5-1042" name="CanAddReceivedBytesValueZeroToWebRequestTracer" fullname="Dynatrace.OpenKit.Protocol.BeaconTest.CanAddReceivedBytesValueZeroToWebRequestTracer" methodname="CanAddReceivedBytesValueZeroToWebRequestTracer" classname="Dynatrace.OpenKit.Protocol.BeaconTest" runstate="Runnable" seed="2114082187" result="Passed" start-time="2018-05-11 10:27:04Z" end-time="2018-05-11 10:27:04Z" duration="0.001752" asserts="1" />
            <test-case id="5-1045" name="CanAddRootActionIfCaptureIsOn" fullname="Dynatrace.OpenKit.Protocol.BeaconTest.CanAddRootActionIfCaptureIsOn" methodname="CanAddRootActionIfCaptureIsOn" classname="Dynatrace.OpenKit.Protocol.BeaconTest" runstate="Runnable" seed="2113609384" result="Passed" start-time="2018-05-11 10:27:04Z" end-time="2018-05-11 10:27:04Z" duration="0.002763" asserts="1" />
            <test-case id="5-1038" name="CanAddSentBytesToWebRequestTracer" fullname="Dynatrace.OpenKit.Protocol.BeaconTest.CanAddSentBytesToWebRequestTracer" methodname="CanAddSentBytesToWebRequestTracer" classname="Dynatrace.OpenKit.Protocol.BeaconTest" runstate="Runnable" seed="993133045" result="Passed" start-time="2018-05-11 10:27:04Z" end-time="2018-05-11 10:27:04Z" duration="0.003487" asserts="1" />
            <test-case id="5-1039" name="CanAddSentBytesValueZeroToWebRequestTracer" fullname="Dynatrace.OpenKit.Protocol.BeaconTest.CanAddSentBytesValueZeroToWebRequestTracer" methodname="CanAddSentBytesValueZeroToWebRequestTracer" classname="Dynatrace.OpenKit.Protocol.BeaconTest" runstate="Runnable" seed="768621916" result="Passed" start-time="2018-05-11 10:27:04Z" end-time="2018-05-11 10:27:04Z" duration="0.001478" asserts="1" />
            <test-case id="5-1037" name="CanAddUserIdentifyEvent" fullname="Dynatrace.OpenKit.Protocol.BeaconTest.CanAddUserIdentifyEvent" methodname="CanAddUserIdentifyEvent" classname="Dynatrace.OpenKit.Protocol.BeaconTest" runstate="Runnable" seed="1748463468" result="Passed" start-time="2018-05-11 10:27:04Z" end-time="2018-05-11 10:27:04Z" duration="0.001101" asserts="1" />
            <test-case id="5-1043" name="CannotAddReceivedBytesWithInvalidValueSmallerZeroToWebRequestTracer" fullname="Dynatrace.OpenKit.Protocol.BeaconTest.CannotAddReceivedBytesWithInvalidValueSmallerZeroToWebRequestTracer" methodname="CannotAddReceivedBytesWithInvalidValueSmallerZeroToWebRequestTracer" classname="Dynatrace.OpenKit.Protocol.BeaconTest" runstate="Runnable" seed="2134026198" result="Passed" start-time="2018-05-11 10:27:04Z" end-time="2018-05-11 10:27:04Z" duration="0.001407" asserts="1" />
            <test-case id="5-1046" name="CannotAddRootActionIfCaptureIsOff" fullname="Dynatrace.OpenKit.Protocol.BeaconTest.CannotAddRootActionIfCaptureIsOff" methodname="CannotAddRootActionIfCaptureIsOff" classname="Dynatrace.OpenKit.Protocol.BeaconTest" runstate="Runnable" seed="2076051147" result="Passed" start-time="2018-05-11 10:27:04Z" end-time="2018-05-11 10:27:04Z" duration="0.001104" asserts="1" />
            <test-case id="5-1040" name="CannotAddSentBytesWithInvalidValueSmallerZeroToWebRequestTracer" fullname="Dynatrace.OpenKit.Protocol.BeaconTest.CannotAddSentBytesWithInvalidValueSmallerZeroToWebRequestTracer" methodname="CannotAddSentBytesWithInvalidValueSmallerZeroToWebRequestTracer" classname="Dynatrace.OpenKit.Protocol.BeaconTest" runstate="Runnable" seed="1963820873" result="Passed" start-time="2018-05-11 10:27:04Z" end-time="2018-05-11 10:27:04Z" duration="0.001937" asserts="1" />
            <test-case id="5-1047" name="ClearDataClearsActionAndEventData" fullname="Dynatrace.OpenKit.Protocol.BeaconTest.ClearDataClearsActionAndEventData" methodname="ClearDataClearsActionAndEventData" classname="Dynatrace.OpenKit.Protocol.BeaconTest" runstate="Runnable" seed="1617069702" result="Passed" start-time="2018-05-11 10:27:04Z" end-time="2018-05-11 10:27:04Z" duration="0.004316" asserts="4" />
          </test-suite>
          <test-suite type="TestFixture" id="5-1048" name="StatusResponseTest" fullname="Dynatrace.OpenKit.Protocol.StatusResponseTest" classname="Dynatrace.OpenKit.Protocol.StatusResponseTest" runstate="Runnable" testcasecount="30" result="Passed" start-time="2018-05-11 10:27:04Z" end-time="2018-05-11 10:27:04Z" duration="0.109840" total="30" passed="30" failed="0" warnings="0" inconclusive="0" skipped="0" asserts="60">
            <test-case id="5-1059" name="AmpersandIsNotAValidKeyValueSeparator" fullname="Dynatrace.OpenKit.Protocol.StatusResponseTest.AmpersandIsNotAValidKeyValueSeparator" methodname="AmpersandIsNotAValidKeyValueSeparator" classname="Dynatrace.OpenKit.Protocol.StatusResponseTest" runstate="Runnable" seed="883485606" result="Passed" start-time="2018-05-11 10:27:04Z" end-time="2018-05-11 10:27:04Z" duration="0.012151" asserts="1" />
            <test-case id="5-1076" name="CaptureCrashesIsFalseWhenItIsEqualToZero" fullname="Dynatrace.OpenKit.Protocol.StatusResponseTest.CaptureCrashesIsFalseWhenItIsEqualToZero" methodname="CaptureCrashesIsFalseWhenItIsEqualToZero" classname="Dynatrace.OpenKit.Protocol.StatusResponseTest" runstate="Runnable" seed="143249223" result="Passed" start-time="2018-05-11 10:27:04Z" end-time="2018-05-11 10:27:04Z" duration="0.000678" asserts="1" />
            <test-case id="5-1075" name="CaptureCrashesIsTrueWhenItIsNotEqualToZero" fullname="Dynatrace.OpenKit.Protocol.StatusResponseTest.CaptureCrashesIsTrueWhenItIsNotEqualToZero" methodname="CaptureCrashesIsTrueWhenItIsNotEqualToZero" classname="Dynatrace.OpenKit.Protocol.StatusResponseTest" runstate="Runnable" seed="1570360568" result="Passed" start-time="2018-05-11 10:27:04Z" end-time="2018-05-11 10:27:04Z" duration="0.000749" asserts="3" />
            <test-case id="5-1073" name="CaptureErrorsIsFalseWhenItIsEqualToZero" fullname="Dynatrace.OpenKit.Protocol.StatusResponseTest.CaptureErrorsIsFalseWhenItIsEqualToZero" methodname="CaptureErrorsIsFalseWhenItIsEqualToZero" classname="Dynatrace.OpenKit.Protocol.StatusResponseTest" runstate="Runnable" seed="361477882" result="Passed" start-time="2018-05-11 10:27:04Z" end-time="2018-05-11 10:27:04Z" duration="0.008370" asserts="1" />
            <test-case id="5-1072" name="CaptureErrorsIsTrueWhenItIsNotEqualToZero" fullname="Dynatrace.OpenKit.Protocol.StatusResponseTest.CaptureErrorsIsTrueWhenItIsNotEqualToZero" methodname="CaptureErrorsIsTrueWhenItIsNotEqualToZero" classname="Dynatrace.OpenKit.Protocol.StatusResponseTest" runstate="Runnable" seed="450873780" result="Passed" start-time="2018-05-11 10:27:04Z" end-time="2018-05-11 10:27:04Z" duration="0.000656" asserts="3" />
            <test-case id="5-1061" name="CaptureIsFalseWhenItIsNotEqualToOne" fullname="Dynatrace.OpenKit.Protocol.StatusResponseTest.CaptureIsFalseWhenItIsNotEqualToOne" methodname="CaptureIsFalseWhenItIsNotEqualToOne" classname="Dynatrace.OpenKit.Protocol.StatusResponseTest" runstate="Runnable" seed="1854336866" result="Passed" start-time="2018-05-11 10:27:04Z" end-time="2018-05-11 10:27:04Z" duration="0.000606" asserts="3" />
            <test-case id="5-1060" name="CaptureIsTrueWhenItIsEqualToOne" fullname="Dynatrace.OpenKit.Protocol.StatusResponseTest.CaptureIsTrueWhenItIsEqualToOne" methodname="CaptureIsTrueWhenItIsEqualToOne" classname="Dynatrace.OpenKit.Protocol.StatusResponseTest" runstate="Runnable" seed="1519726769" result="Passed" start-time="2018-05-11 10:27:04Z" end-time="2018-05-11 10:27:04Z" duration="0.000327" asserts="1" />
            <test-case id="5-1056" name="DefaultCaptureCrashesIsOn" fullname="Dynatrace.OpenKit.Protocol.StatusResponseTest.DefaultCaptureCrashesIsOn" methodname="DefaultCaptureCrashesIsOn" classname="Dynatrace.OpenKit.Protocol.StatusResponseTest" runstate="Runnable" seed="1904244890" result="Passed" start-time="2018-05-11 10:27:04Z" end-time="2018-05-11 10:27:04Z" duration="0.000255" asserts="1" />
            <test-case id="5-1057" name="DefaultCaptureErrorsIsOn" fullname="Dynatrace.OpenKit.Protocol.StatusResponseTest.DefaultCaptureErrorsIsOn" methodname="DefaultCaptureErrorsIsOn" classname="Dynatrace.OpenKit.Protocol.StatusResponseTest" runstate="Runnable" seed="524777840" result="Passed" start-time="2018-05-11 10:27:04Z" end-time="2018-05-11 10:27:04Z" duration="0.000256" asserts="1" />
            <test-case id="5-1051" name="DefaultCaptureIsOn" fullname="Dynatrace.OpenKit.Protocol.StatusResponseTest.DefaultCaptureIsOn" methodname="DefaultCaptureIsOn" classname="Dynatrace.OpenKit.Protocol.StatusResponseTest" runstate="Runnable" seed="1439673376" result="Passed" start-time="2018-05-11 10:27:04Z" end-time="2018-05-11 10:27:04Z" duration="0.000281" asserts="1" />
            <test-case id="5-1055" name="DefaultMaxBeaconSizeIsMinusOne" fullname="Dynatrace.OpenKit.Protocol.StatusResponseTest.DefaultMaxBeaconSizeIsMinusOne" methodname="DefaultMaxBeaconSizeIsMinusOne" classname="Dynatrace.OpenKit.Protocol.StatusResponseTest" runstate="Runnable" seed="1225615473" result="Passed" start-time="2018-05-11 10:27:04Z" end-time="2018-05-11 10:27:04Z" duration="0.000441" asserts="1" />
            <test-case id="5-1053" name="DefaultMonitorNameIsNull" fullname="Dynatrace.OpenKit.Protocol.StatusResponseTest.DefaultMonitorNameIsNull" methodname="DefaultMonitorNameIsNull" classname="Dynatrace.OpenKit.Protocol.StatusResponseTest" runstate="Runnable" seed="973526746" result="Passed" start-time="2018-05-11 10:27:04Z" end-time="2018-05-11 10:27:04Z" duration="0.000366" asserts="1" />
            <test-case id="5-1052" name="DefaultSendIntervalIsMinusOne" fullname="Dynatrace.OpenKit.Protocol.StatusResponseTest.DefaultSendIntervalIsMinusOne" methodname="DefaultSendIntervalIsMinusOne" classname="Dynatrace.OpenKit.Protocol.StatusResponseTest" runstate="Runnable" seed="1697933131" result="Passed" start-time="2018-05-11 10:27:04Z" end-time="2018-05-11 10:27:04Z" duration="0.000418" asserts="1" />
            <test-case id="5-1054" name="DefaultServerIDIsMinusOne" fullname="Dynatrace.OpenKit.Protocol.StatusResponseTest.DefaultServerIDIsMinusOne" methodname="DefaultServerIDIsMinusOne" classname="Dynatrace.OpenKit.Protocol.StatusResponseTest" runstate="Runnable" seed="1322915186" result="Passed" start-time="2018-05-11 10:27:04Z" end-time="2018-05-11 10:27:04Z" duration="0.000766" asserts="1" />
            <test-case id="5-1058" name="OddNumberOfTokensThrowsException" fullname="Dynatrace.OpenKit.Protocol.StatusResponseTest.OddNumberOfTokensThrowsException" methodname="OddNumberOfTokensThrowsException" classname="Dynatrace.OpenKit.Protocol.StatusResponseTest" runstate="Runnable" seed="1084023239" result="Passed" start-time="2018-05-11 10:27:04Z" end-time="2018-05-11 10:27:04Z" duration="0.001654" asserts="1" />
            <test-case id="5-1071" name="ParsingInvalidMaxBeaconSizeThrowsException" fullname="Dynatrace.OpenKit.Protocol.StatusResponseTest.ParsingInvalidMaxBeaconSizeThrowsException" methodname="ParsingInvalidMaxBeaconSizeThrowsException" classname="Dynatrace.OpenKit.Protocol.StatusResponseTest" runstate="Runnable" seed="133131907" result="Passed" start-time="2018-05-11 10:27:04Z" end-time="2018-05-11 10:27:04Z" duration="0.053542" asserts="3" />
            <test-case id="5-1077" name="ParsingInvalidNumericValueForCaptureCrashesThrowsException" fullname="Dynatrace.OpenKit.Protocol.StatusResponseTest.ParsingInvalidNumericValueForCaptureCrashesThrowsException" methodname="ParsingInvalidNumericValueForCaptureCrashesThrowsException" classname="Dynatrace.OpenKit.Protocol.StatusResponseTest" runstate="Runnable" seed="1431857235" result="Passed" start-time="2018-05-11 10:27:04Z" end-time="2018-05-11 10:27:04Z" duration="0.003017" asserts="3" />
            <test-case id="5-1074" name="ParsingInvalidNumericValueForCaptureErrorsThrowsException" fullname="Dynatrace.OpenKit.Protocol.StatusResponseTest.ParsingInvalidNumericValueForCaptureErrorsThrowsException" methodname="ParsingInvalidNumericValueForCaptureErrorsThrowsException" classname="Dynatrace.OpenKit.Protocol.StatusResponseTest" runstate="Runnable" seed="909094642" result="Passed" start-time="2018-05-11 10:27:04Z" end-time="2018-05-11 10:27:04Z" duration="0.001842" asserts="3" />
            <test-case id="5-1062" name="ParsingInvalidNumericValueForCaptureThrowsException" fullname="Dynatrace.OpenKit.Protocol.StatusResponseTest.ParsingInvalidNumericValueForCaptureThrowsException" methodname="ParsingInvalidNumericValueForCaptureThrowsException" classname="Dynatrace.OpenKit.Protocol.StatusResponseTest" runstate="Runnable" seed="1726998942" result="Passed" start-time="2018-05-11 10:27:04Z" end-time="2018-05-11 10:27:04Z" duration="0.002450" asserts="3" />
            <test-case id="5-1065" name="ParsingInvalidSendIntervalThrowsException" fullname="Dynatrace.OpenKit.Protocol.StatusResponseTest.ParsingInvalidSendIntervalThrowsException" methodname="ParsingInvalidSendIntervalThrowsException" classname="Dynatrace.OpenKit.Protocol.StatusResponseTest" runstate="Runnable" seed="1947486634" result="Passed" start-time="2018-05-11 10:27:04Z" end-time="2018-05-11 10:27:04Z" duration="0.001829" asserts="3" />
            <test-case id="5-1068" name="ParsingInvalidServerIDThrowsException" fullname="Dynatrace.OpenKit.Protocol.StatusResponseTest.ParsingInvalidServerIDThrowsException" methodname="ParsingInvalidServerIDThrowsException" classname="Dynatrace.OpenKit.Protocol.StatusResponseTest" runstate="Runnable" seed="1946093648" result="Passed" start-time="2018-05-11 10:27:04Z" end-time="2018-05-11 10:27:04Z" duration="0.001708" asserts="3" />
            <test-case id="5-1069" name="ParsingMaxBeaconSize" fullname="Dynatrace.OpenKit.Protocol.StatusResponseTest.ParsingMaxBeaconSize" methodname="ParsingMaxBeaconSize" classname="Dynatrace.OpenKit.Protocol.StatusResponseTest" runstate="Runnable" seed="1240804524" result="Passed" start-time="2018-05-11 10:27:04Z" end-time="2018-05-11 10:27:04Z" duration="0.001249" asserts="5" />
            <test-case id="5-1066" name="ParsingMonitorNames" fullname="Dynatrace.OpenKit.Protocol.StatusResponseTest.ParsingMonitorNames" methodname="ParsingMonitorNames" classname="Dynatrace.OpenKit.Protocol.StatusResponseTest" runstate="Runnable" seed="1262704425" result="Passed" start-time="2018-05-11 10:27:04Z" end-time="2018-05-11 10:27:04Z" duration="0.001159" asserts="3" />
            <test-case id="5-1063" name="ParsingSendInterval" fullname="Dynatrace.OpenKit.Protocol.StatusResponseTest.ParsingSendInterval" methodname="ParsingSendInterval" classname="Dynatrace.OpenKit.Protocol.StatusResponseTest" runstate="Runnable" seed="1996388173" result="Passed" start-time="2018-05-11 10:27:04Z" end-time="2018-05-11 10:27:04Z" duration="0.002374" asserts="5" />
            <test-case id="5-1070" name="ParsingTooBigMaxBeaconSizeOverflows" fullname="Dynatrace.OpenKit.Protocol.StatusResponseTest.ParsingTooBigMaxBeaconSizeOverflows" methodname="ParsingTooBigMaxBeaconSizeOverflows" classname="Dynatrace.OpenKit.Protocol.StatusResponseTest" runstate="Runnable" seed="392036228" result="Passed" start-time="2018-05-11 10:27:04Z" end-time="2018-05-11 10:27:04Z" duration="0.000511" asserts="2" />
            <test-case id="5-1064" name="ParsingTooBigSendIntervalOverflows" fullname="Dynatrace.OpenKit.Protocol.StatusResponseTest.ParsingTooBigSendIntervalOverflows" methodname="ParsingTooBigSendIntervalOverflows" classname="Dynatrace.OpenKit.Protocol.StatusResponseTest" runstate="Runnable" seed="218358060" result="Passed" start-time="2018-05-11 10:27:04Z" end-time="2018-05-11 10:27:04Z" duration="0.000489" asserts="2" />
            <test-case id="5-1050" name="PassingEmptyResponseStringDoesNotThrow" fullname="Dynatrace.OpenKit.Protocol.StatusResponseTest.PassingEmptyResponseStringDoesNotThrow" methodname="PassingEmptyResponseStringDoesNotThrow" classname="Dynatrace.OpenKit.Protocol.StatusResponseTest" runstate="Runnable" seed="297735884" result="Passed" start-time="2018-05-11 10:27:04Z" end-time="2018-05-11 10:27:04Z" duration="0.002366" asserts="1" />
            <test-case id="5-1049" name="PassingNullResponseStringDoesNotThrow" fullname="Dynatrace.OpenKit.Protocol.StatusResponseTest.PassingNullResponseStringDoesNotThrow" methodname="PassingNullResponseStringDoesNotThrow" classname="Dynatrace.OpenKit.Protocol.StatusResponseTest" runstate="Runnable" seed="1509046402" result="Passed" start-time="2018-05-11 10:27:04Z" end-time="2018-05-11 10:27:04Z" duration="0.000720" asserts="1" />
            <test-case id="5-1078" name="ResponseCodeIsSet" fullname="Dynatrace.OpenKit.Protocol.StatusResponseTest.ResponseCodeIsSet" methodname="ResponseCodeIsSet" classname="Dynatrace.OpenKit.Protocol.StatusResponseTest" runstate="Runnable" seed="1143216103" result="Passed" start-time="2018-05-11 10:27:04Z" end-time="2018-05-11 10:27:04Z" duration="0.000350" asserts="1" />
            <test-case id="5-1067" name="ServerIDIsParsed" fullname="Dynatrace.OpenKit.Protocol.StatusResponseTest.ServerIDIsParsed" methodname="ServerIDIsParsed" classname="Dynatrace.OpenKit.Protocol.StatusResponseTest" runstate="Runnable" seed="2107977736" result="Passed" start-time="2018-05-11 10:27:04Z" end-time="2018-05-11 10:27:04Z" duration="0.000699" asserts="1" />
          </test-suite>
          <test-suite type="TestFixture" id="5-1079" name="TimeSyncResponseTest" fullname="Dynatrace.OpenKit.Protocol.TimeSyncResponseTest" classname="Dynatrace.OpenKit.Protocol.TimeSyncResponseTest" runstate="Runnable" testcasecount="12" result="Passed" start-time="2018-05-11 10:27:04Z" end-time="2018-05-11 10:27:04Z" duration="0.016867" total="12" passed="12" failed="0" warnings="0" inconclusive="0" skipped="0" asserts="16">
            <test-case id="5-1085" name="AmpersandIsNotAValidKeyValueSeparator" fullname="Dynatrace.OpenKit.Protocol.TimeSyncResponseTest.AmpersandIsNotAValidKeyValueSeparator" methodname="AmpersandIsNotAValidKeyValueSeparator" classname="Dynatrace.OpenKit.Protocol.TimeSyncResponseTest" runstate="Runnable" seed="1409896463" result="Passed" start-time="2018-05-11 10:27:04Z" end-time="2018-05-11 10:27:04Z" duration="0.001775" asserts="1" />
            <test-case id="5-1084" name="OddNumberOfTokensThrowsException" fullname="Dynatrace.OpenKit.Protocol.TimeSyncResponseTest.OddNumberOfTokensThrowsException" methodname="OddNumberOfTokensThrowsException" classname="Dynatrace.OpenKit.Protocol.TimeSyncResponseTest" runstate="Runnable" seed="1534710947" result="Passed" start-time="2018-05-11 10:27:04Z" end-time="2018-05-11 10:27:04Z" duration="0.001581" asserts="1" />
            <test-case id="5-1089" name="ParsingInvalidRequestReceiveTimeThrowsException" fullname="Dynatrace.OpenKit.Protocol.TimeSyncResponseTest.ParsingInvalidRequestReceiveTimeThrowsException" methodname="ParsingInvalidRequestReceiveTimeThrowsException" classname="Dynatrace.OpenKit.Protocol.TimeSyncResponseTest" runstate="Runnable" seed="1751899502" result="Passed" start-time="2018-05-11 10:27:04Z" end-time="2018-05-11 10:27:04Z" duration="0.002643" asserts="3" />
            <test-case id="5-1087" name="ParsingInvalidResponseSendTimeThrowsException" fullname="Dynatrace.OpenKit.Protocol.TimeSyncResponseTest.ParsingInvalidResponseSendTimeThrowsException" methodname="ParsingInvalidResponseSendTimeThrowsException" classname="Dynatrace.OpenKit.Protocol.TimeSyncResponseTest" runstate="Runnable" seed="599030431" result="Passed" start-time="2018-05-11 10:27:04Z" end-time="2018-05-11 10:27:04Z" duration="0.003323" asserts="3" />
            <test-case id="5-1090" name="ParsingUnknownKeyValueDoesNothing" fullname="Dynatrace.OpenKit.Protocol.TimeSyncResponseTest.ParsingUnknownKeyValueDoesNothing" methodname="ParsingUnknownKeyValueDoesNothing" classname="Dynatrace.OpenKit.Protocol.TimeSyncResponseTest" runstate="Runnable" seed="1692146611" result="Passed" start-time="2018-05-11 10:27:04Z" end-time="2018-05-11 10:27:04Z" duration="0.000992" asserts="1" />
            <test-case id="5-1081" name="PassingEmptyResponseStringDoesNotThrow" fullname="Dynatrace.OpenKit.Protocol.TimeSyncResponseTest.PassingEmptyResponseStringDoesNotThrow" methodname="PassingEmptyResponseStringDoesNotThrow" classname="Dynatrace.OpenKit.Protocol.TimeSyncResponseTest" runstate="Runnable" seed="1470930578" result="Passed" start-time="2018-05-11 10:27:04Z" end-time="2018-05-11 10:27:04Z" duration="0.000498" asserts="1" />
            <test-case id="5-1080" name="PassingNullResponseStringDoesNotThrow" fullname="Dynatrace.OpenKit.Protocol.TimeSyncResponseTest.PassingNullResponseStringDoesNotThrow" methodname="PassingNullResponseStringDoesNotThrow" classname="Dynatrace.OpenKit.Protocol.TimeSyncResponseTest" runstate="Runnable" seed="1733072372" result="Passed" start-time="2018-05-11 10:27:04Z" end-time="2018-05-11 10:27:04Z" duration="0.000448" asserts="1" />
            <test-case id="5-1088" name="RequestReceiveTimeIsParsed" fullname="Dynatrace.OpenKit.Protocol.TimeSyncResponseTest.RequestReceiveTimeIsParsed" methodname="RequestReceiveTimeIsParsed" classname="Dynatrace.OpenKit.Protocol.TimeSyncResponseTest" runstate="Runnable" seed="909411751" result="Passed" start-time="2018-05-11 10:27:04Z" end-time="2018-05-11 10:27:04Z" duration="0.000306" asserts="1" />
            <test-case id="5-1091" name="ResponseCodeIsSet" fullname="Dynatrace.OpenKit.Protocol.TimeSyncResponseTest.ResponseCodeIsSet" methodname="ResponseCodeIsSet" classname="Dynatrace.OpenKit.Protocol.TimeSyncResponseTest" runstate="Runnable" seed="1280466515" result="Passed" start-time="2018-05-11 10:27:04Z" end-time="2018-05-11 10:27:04Z" duration="0.000387" asserts="1" />
            <test-case id="5-1086" name="ResponseSendTimeIsParsed" fullname="Dynatrace.OpenKit.Protocol.TimeSyncResponseTest.ResponseSendTimeIsParsed" methodname="ResponseSendTimeIsParsed" classname="Dynatrace.OpenKit.Protocol.TimeSyncResponseTest" runstate="Runnable" seed="2031501053" result="Passed" start-time="2018-05-11 10:27:04Z" end-time="2018-05-11 10:27:04Z" duration="0.000314" asserts="1" />
            <test-case id="5-1082" name="TheDefaultRequestReceiveTimeIsMinusOne" fullname="Dynatrace.OpenKit.Protocol.TimeSyncResponseTest.TheDefaultRequestReceiveTimeIsMinusOne" methodname="TheDefaultRequestReceiveTimeIsMinusOne" classname="Dynatrace.OpenKit.Protocol.TimeSyncResponseTest" runstate="Runnable" seed="1735988206" result="Passed" start-time="2018-05-11 10:27:04Z" end-time="2018-05-11 10:27:04Z" duration="0.001103" asserts="1" />
            <test-case id="5-1083" name="TheDefaultResponseSendTimeIsMinusOne" fullname="Dynatrace.OpenKit.Protocol.TimeSyncResponseTest.TheDefaultResponseSendTimeIsMinusOne" methodname="TheDefaultResponseSendTimeIsMinusOne" classname="Dynatrace.OpenKit.Protocol.TimeSyncResponseTest" runstate="Runnable" seed="785242455" result="Passed" start-time="2018-05-11 10:27:04Z" end-time="2018-05-11 10:27:04Z" duration="0.000415" asserts="1" />
          </test-suite>
        </test-suite>
        <test-suite type="TestSuite" id="5-1420" name="Providers" fullname="Dynatrace.OpenKit.Providers" runstate="Runnable" testcasecount="9" result="Passed" start-time="2018-05-11 10:27:02Z" end-time="2018-05-11 10:27:04Z" duration="2.074122" total="9" passed="9" failed="0" warnings="0" inconclusive="0" skipped="0" asserts="9">
          <test-suite type="TestFixture" id="5-1024" name="DefaultSessionIDProviderTest" fullname="Dynatrace.OpenKit.Providers.DefaultSessionIDProviderTest" classname="Dynatrace.OpenKit.Providers.DefaultSessionIDProviderTest" runstate="Runnable" testcasecount="4" result="Passed" start-time="2018-05-11 10:27:04Z" end-time="2018-05-11 10:27:04Z" duration="0.005587" total="4" passed="4" failed="0" warnings="0" inconclusive="0" skipped="0" asserts="4">
            <test-case id="5-1027" name="aProviderInitializedWithMaxIntValueProvidesMinSessionIdValueAtNextCall" fullname="Dynatrace.OpenKit.Providers.DefaultSessionIDProviderTest.aProviderInitializedWithMaxIntValueProvidesMinSessionIdValueAtNextCall" methodname="aProviderInitializedWithMaxIntValueProvidesMinSessionIdValueAtNextCall" classname="Dynatrace.OpenKit.Providers.DefaultSessionIDProviderTest" runstate="Runnable" seed="622478706" result="Passed" start-time="2018-05-11 10:27:04Z" end-time="2018-05-11 10:27:04Z" duration="0.001169" asserts="1" />
            <test-case id="5-1028" name="aProviderInitializedWithZeroProvidesMinSessionIdValueAtNextCall" fullname="Dynatrace.OpenKit.Providers.DefaultSessionIDProviderTest.aProviderInitializedWithZeroProvidesMinSessionIdValueAtNextCall" methodname="aProviderInitializedWithZeroProvidesMinSessionIdValueAtNextCall" classname="Dynatrace.OpenKit.Providers.DefaultSessionIDProviderTest" runstate="Runnable" seed="31289260" result="Passed" start-time="2018-05-11 10:27:04Z" end-time="2018-05-11 10:27:04Z" duration="0.000311" asserts="1" />
            <test-case id="5-1026" name="DefaultSessionIDProviderReturnsConsecutiveIDs" fullname="Dynatrace.OpenKit.Providers.DefaultSessionIDProviderTest.DefaultSessionIDProviderReturnsConsecutiveIDs" methodname="DefaultSessionIDProviderReturnsConsecutiveIDs" classname="Dynatrace.OpenKit.Providers.DefaultSessionIDProviderTest" runstate="Runnable" seed="936386103" result="Passed" start-time="2018-05-11 10:27:04Z" end-time="2018-05-11 10:27:04Z" duration="0.000353" asserts="1" />
            <test-case id="5-1025" name="DefaultSessionIDProviderReturnsNonNegativeID" fullname="Dynatrace.OpenKit.Providers.DefaultSessionIDProviderTest.DefaultSessionIDProviderReturnsNonNegativeID" methodname="DefaultSessionIDProviderReturnsNonNegativeID" classname="Dynatrace.OpenKit.Providers.DefaultSessionIDProviderTest" runstate="Runnable" seed="1428652692" result="Passed" start-time="2018-05-11 10:27:04Z" end-time="2018-05-11 10:27:04Z" duration="0.001371" asserts="1" />
          </test-suite>
          <test-suite type="TestFixture" id="5-1034" name="DefaultThreadIDProviderTest" fullname="Dynatrace.OpenKit.Providers.DefaultThreadIDProviderTest" classname="Dynatrace.OpenKit.Providers.DefaultThreadIDProviderTest" runstate="Runnable" testcasecount="1" result="Passed" start-time="2018-05-11 10:27:04Z" end-time="2018-05-11 10:27:04Z" duration="0.004686" total="1" passed="1" failed="0" warnings="0" inconclusive="0" skipped="0" asserts="1">
            <test-case id="5-1035" name="CurrentThreadIDIsReturned" fullname="Dynatrace.OpenKit.Providers.DefaultThreadIDProviderTest.CurrentThreadIDIsReturned" methodname="CurrentThreadIDIsReturned" classname="Dynatrace.OpenKit.Providers.DefaultThreadIDProviderTest" runstate="Runnable" seed="1855586469" result="Passed" start-time="2018-05-11 10:27:04Z" end-time="2018-05-11 10:27:04Z" duration="0.001629" asserts="1" />
          </test-suite>
          <test-suite type="TestFixture" id="5-1029" name="DefaultTimingProviderTest" fullname="Dynatrace.OpenKit.Providers.DefaultTimingProviderTest" classname="Dynatrace.OpenKit.Providers.DefaultTimingProviderTest" runstate="Runnable" testcasecount="4" result="Passed" start-time="2018-05-11 10:27:04Z" end-time="2018-05-11 10:27:04Z" duration="0.066109" total="4" passed="4" failed="0" warnings="0" inconclusive="0" skipped="0" asserts="4">
            <test-case id="5-1033" name="CanConvertToClusterTime" fullname="Dynatrace.OpenKit.Providers.DefaultTimingProviderTest.CanConvertToClusterTime" methodname="CanConvertToClusterTime" classname="Dynatrace.OpenKit.Providers.DefaultTimingProviderTest" runstate="Runnable" seed="681906671" result="Passed" start-time="2018-05-11 10:27:04Z" end-time="2018-05-11 10:27:04Z" duration="0.063623" asserts="1" />
            <test-case id="5-1032" name="TimeSyncIsNotSupportedIfInitCalledWithFalse" fullname="Dynatrace.OpenKit.Providers.DefaultTimingProviderTest.TimeSyncIsNotSupportedIfInitCalledWithFalse" methodname="TimeSyncIsNotSupportedIfInitCalledWithFalse" classname="Dynatrace.OpenKit.Providers.DefaultTimingProviderTest" runstate="Runnable" seed="927146100" result="Passed" start-time="2018-05-11 10:27:04Z" end-time="2018-05-11 10:27:04Z" duration="0.001102" asserts="1" />
            <test-case id="5-1030" name="TimeSyncIsSupportedByDefault" fullname="Dynatrace.OpenKit.Providers.DefaultTimingProviderTest.TimeSyncIsSupportedByDefault" methodname="TimeSyncIsSupportedByDefault" classname="Dynatrace.OpenKit.Providers.DefaultTimingProviderTest" runstate="Runnable" seed="626529466" result="Passed" start-time="2018-05-11 10:27:04Z" end-time="2018-05-11 10:27:04Z" duration="0.000530" asserts="1" />
            <test-case id="5-1031" name="TimeSyncIsSupportedIfInitCalledWithTrue" fullname="Dynatrace.OpenKit.Providers.DefaultTimingProviderTest.TimeSyncIsSupportedIfInitCalledWithTrue" methodname="TimeSyncIsSupportedIfInitCalledWithTrue" classname="Dynatrace.OpenKit.Providers.DefaultTimingProviderTest" runstate="Runnable" seed="1231334870" result="Passed" start-time="2018-05-11 10:27:04Z" end-time="2018-05-11 10:27:04Z" duration="0.000284" asserts="1" />
          </test-suite>
        </test-suite>
      </test-suite>
    </test-suite>
  </test-suite>
  <test-suite type="Assembly" id="6-1417" name="openkit-dotnetfull-4.7.Tests.dll" fullname="C:\workspaces\githubRepos\openkit-dotnet\tests\openkit-dotnetfull-4.7.Tests\bin\Coverage\openkit-dotnetfull-4.7.Tests.dll" runstate="Runnable" testcasecount="386" result="Passed" start-time="2018-05-11 10:27:03Z" end-time="2018-05-11 10:27:05Z" duration="1.868277" total="386" passed="386" failed="0" warnings="0" inconclusive="0" skipped="0" asserts="629">
    <environment framework-version="3.9.0.0" clr-version="4.0.30319.42000" os-version="Microsoft Windows NT 10.0.16299.0" platform="Win32NT" cwd="C:\workspaces\githubRepos\openkit-dotnet" machine-name="TAG009441733979" user="stefan.eberl" user-domain="DYNATRACE" culture="de-AT" uiculture="en-US" os-architecture="x64" />
    <settings>
      <setting name="DisposeRunners" value="True" />
      <setting name="WorkDirectory" value="C:\workspaces\githubRepos\openkit-dotnet" />
      <setting name="ImageRuntimeVersion" value="4.0.30319" />
      <setting name="ImageTargetFrameworkName" value=".NETFramework,Version=v4.7" />
      <setting name="ImageRequiresX86" value="False" />
      <setting name="ImageRequiresDefaultAppDomainAssemblyResolver" value="False" />
      <setting name="NumberOfTestWorkers" value="8" />
    </settings>
    <properties>
      <property name="_PID" value="14472" />
      <property name="_APPDOMAIN" value="domain-92270ded-openkit-dotnetfull-4.7.Tests.dll" />
    </properties>
    <test-suite type="TestSuite" id="6-1418" name="Dynatrace" fullname="Dynatrace" runstate="Runnable" testcasecount="386" result="Passed" start-time="2018-05-11 10:27:03Z" end-time="2018-05-11 10:27:05Z" duration="1.841719" total="386" passed="386" failed="0" warnings="0" inconclusive="0" skipped="0" asserts="629">
      <test-suite type="TestSuite" id="6-1419" name="OpenKit" fullname="Dynatrace.OpenKit" runstate="Runnable" testcasecount="386" result="Passed" start-time="2018-05-11 10:27:03Z" end-time="2018-05-11 10:27:05Z" duration="1.840413" total="386" passed="386" failed="0" warnings="0" inconclusive="0" skipped="0" asserts="629">
        <test-suite type="TestSuite" id="6-1422" name="Core" fullname="Dynatrace.OpenKit.Core" runstate="Runnable" testcasecount="301" result="Passed" start-time="2018-05-11 10:27:03Z" end-time="2018-05-11 10:27:05Z" duration="1.691985" total="301" passed="301" failed="0" warnings="0" inconclusive="0" skipped="0" asserts="474">
          <test-suite type="TestFixture" id="6-1092" name="ActionTest" fullname="Dynatrace.OpenKit.Core.ActionTest" classname="Dynatrace.OpenKit.Core.ActionTest" runstate="Runnable" testcasecount="45" result="Passed" start-time="2018-05-11 10:27:03Z" end-time="2018-05-11 10:27:04Z" duration="0.984726" total="45" passed="45" failed="0" warnings="0" inconclusive="0" skipped="0" asserts="81">
            <test-case id="6-1103" name="AfterLeavingAnActionItIsLeft" fullname="Dynatrace.OpenKit.Core.ActionTest.AfterLeavingAnActionItIsLeft" methodname="AfterLeavingAnActionItIsLeft" classname="Dynatrace.OpenKit.Core.ActionTest" runstate="Runnable" seed="956312862" result="Passed" start-time="2018-05-11 10:27:03Z" end-time="2018-05-11 10:27:04Z" duration="0.781254" asserts="1" />
            <test-case id="6-1102" name="AnActionAddsItselfIntoListInContstructor" fullname="Dynatrace.OpenKit.Core.ActionTest.AnActionAddsItselfIntoListInContstructor" methodname="AnActionAddsItselfIntoListInContstructor" classname="Dynatrace.OpenKit.Core.ActionTest" runstate="Runnable" seed="1627649620" result="Passed" start-time="2018-05-11 10:27:04Z" end-time="2018-05-11 10:27:04Z" duration="0.037900" asserts="2" />
            <test-case id="6-1136" name="AnActionCanOnlyBeLeftOnce" fullname="Dynatrace.OpenKit.Core.ActionTest.AnActionCanOnlyBeLeftOnce" methodname="AnActionCanOnlyBeLeftOnce" classname="Dynatrace.OpenKit.Core.ActionTest" runstate="Runnable" seed="1143436314" result="Passed" start-time="2018-05-11 10:27:04Z" end-time="2018-05-11 10:27:04Z" duration="0.044415" asserts="6" />
            <test-case id="6-1093" name="ANewlyCreatedActionHasAnID" fullname="Dynatrace.OpenKit.Core.ActionTest.ANewlyCreatedActionHasAnID" methodname="ANewlyCreatedActionHasAnID" classname="Dynatrace.OpenKit.Core.ActionTest" runstate="Runnable" seed="1088275378" result="Passed" start-time="2018-05-11 10:27:04Z" end-time="2018-05-11 10:27:04Z" duration="0.000911" asserts="1" />
            <test-case id="6-1101" name="ANewlyCreatedActionIsNotLeft" fullname="Dynatrace.OpenKit.Core.ActionTest.ANewlyCreatedActionIsNotLeft" methodname="ANewlyCreatedActionIsNotLeft" classname="Dynatrace.OpenKit.Core.ActionTest" runstate="Runnable" seed="2143880891" result="Passed" start-time="2018-05-11 10:27:04Z" end-time="2018-05-11 10:27:04Z" duration="0.001066" asserts="1" />
            <test-case id="6-1137" name="DisposingAnActionLeavesTheAction" fullname="Dynatrace.OpenKit.Core.ActionTest.DisposingAnActionLeavesTheAction" methodname="DisposingAnActionLeavesTheAction" classname="Dynatrace.OpenKit.Core.ActionTest" runstate="Runnable" seed="1104582934" result="Passed" start-time="2018-05-11 10:27:04Z" end-time="2018-05-11 10:27:04Z" duration="0.003223" asserts="3" />
            <test-case id="6-1100" name="EndSequenceNumberIsSetToMinusOne" fullname="Dynatrace.OpenKit.Core.ActionTest.EndSequenceNumberIsSetToMinusOne" methodname="EndSequenceNumberIsSetToMinusOne" classname="Dynatrace.OpenKit.Core.ActionTest" runstate="Runnable" seed="1931359149" result="Passed" start-time="2018-05-11 10:27:04Z" end-time="2018-05-11 10:27:04Z" duration="0.000863" asserts="1" />
            <test-case id="6-1098" name="EndTimeIsSetToMinusOneInConstructor" fullname="Dynatrace.OpenKit.Core.ActionTest.EndTimeIsSetToMinusOneInConstructor" methodname="EndTimeIsSetToMinusOneInConstructor" classname="Dynatrace.OpenKit.Core.ActionTest" runstate="Runnable" seed="532167852" result="Passed" start-time="2018-05-11 10:27:04Z" end-time="2018-05-11 10:27:04Z" duration="0.000738" asserts="1" />
            <test-case id="6-1134" name="LeavingAnActionAddsItselfInTheBeacon" fullname="Dynatrace.OpenKit.Core.ActionTest.LeavingAnActionAddsItselfInTheBeacon" methodname="LeavingAnActionAddsItselfInTheBeacon" classname="Dynatrace.OpenKit.Core.ActionTest" runstate="Runnable" seed="1610034374" result="Passed" start-time="2018-05-11 10:27:04Z" end-time="2018-05-11 10:27:04Z" duration="0.010043" asserts="1" />
            <test-case id="6-1135" name="LeavingAnActionRemovesItselfFromListPassedInCtor" fullname="Dynatrace.OpenKit.Core.ActionTest.LeavingAnActionRemovesItselfFromListPassedInCtor" methodname="LeavingAnActionRemovesItselfFromListPassedInCtor" classname="Dynatrace.OpenKit.Core.ActionTest" runstate="Runnable" seed="283519143" result="Passed" start-time="2018-05-11 10:27:04Z" end-time="2018-05-11 10:27:04Z" duration="0.001099" asserts="1" />
            <test-case id="6-1131" name="LeavingAnActionReturnsTheParentAction" fullname="Dynatrace.OpenKit.Core.ActionTest.LeavingAnActionReturnsTheParentAction" methodname="LeavingAnActionReturnsTheParentAction" classname="Dynatrace.OpenKit.Core.ActionTest" runstate="Runnable" seed="1642126823" result="Passed" start-time="2018-05-11 10:27:04Z" end-time="2018-05-11 10:27:04Z" duration="0.007413" asserts="3" />
            <test-case id="6-1133" name="LeavingAnActionSetsTheEndSequenceNumber" fullname="Dynatrace.OpenKit.Core.ActionTest.LeavingAnActionSetsTheEndSequenceNumber" methodname="LeavingAnActionSetsTheEndSequenceNumber" classname="Dynatrace.OpenKit.Core.ActionTest" runstate="Runnable" seed="1302626527" result="Passed" start-time="2018-05-11 10:27:04Z" end-time="2018-05-11 10:27:04Z" duration="0.000923" asserts="1" />
            <test-case id="6-1132" name="LeavingAnActionSetsTheEndTimestamp" fullname="Dynatrace.OpenKit.Core.ActionTest.LeavingAnActionSetsTheEndTimestamp" methodname="LeavingAnActionSetsTheEndTimestamp" classname="Dynatrace.OpenKit.Core.ActionTest" runstate="Runnable" seed="291963869" result="Passed" start-time="2018-05-11 10:27:04Z" end-time="2018-05-11 10:27:04Z" duration="0.000949" asserts="1" />
            <test-case id="6-1094" name="NameIsSet" fullname="Dynatrace.OpenKit.Core.ActionTest.NameIsSet" methodname="NameIsSet" classname="Dynatrace.OpenKit.Core.ActionTest" runstate="Runnable" seed="1423662846" result="Passed" start-time="2018-05-11 10:27:04Z" end-time="2018-05-11 10:27:04Z" duration="0.000590" asserts="1" />
            <test-case id="6-1096" name="ParentIDIsEqualToParentActionsID" fullname="Dynatrace.OpenKit.Core.ActionTest.ParentIDIsEqualToParentActionsID" methodname="ParentIDIsEqualToParentActionsID" classname="Dynatrace.OpenKit.Core.ActionTest" runstate="Runnable" seed="1281138362" result="Passed" start-time="2018-05-11 10:27:04Z" end-time="2018-05-11 10:27:04Z" duration="0.000689" asserts="1" />
            <test-case id="6-1095" name="ParentIDIsZeroIfActionHasNoParent" fullname="Dynatrace.OpenKit.Core.ActionTest.ParentIDIsZeroIfActionHasNoParent" methodname="ParentIDIsZeroIfActionHasNoParent" classname="Dynatrace.OpenKit.Core.ActionTest" runstate="Runnable" seed="1486537555" result="Passed" start-time="2018-05-11 10:27:04Z" end-time="2018-05-11 10:27:04Z" duration="0.000572" asserts="1" />
            <test-case id="6-1112" name="ReportDoubleValue" fullname="Dynatrace.OpenKit.Core.ActionTest.ReportDoubleValue" methodname="ReportDoubleValue" classname="Dynatrace.OpenKit.Core.ActionTest" runstate="Runnable" seed="1843435289" result="Passed" start-time="2018-05-11 10:27:04Z" end-time="2018-05-11 10:27:04Z" duration="0.005432" asserts="2" />
            <test-case id="6-1113" name="ReportDoubleValueDoesNothingIfActionIsLeft" fullname="Dynatrace.OpenKit.Core.ActionTest.ReportDoubleValueDoesNothingIfActionIsLeft" methodname="ReportDoubleValueDoesNothingIfActionIsLeft" classname="Dynatrace.OpenKit.Core.ActionTest" runstate="Runnable" seed="2110090471" result="Passed" start-time="2018-05-11 10:27:04Z" end-time="2018-05-11 10:27:04Z" duration="0.002170" asserts="2" />
            <test-case id="6-1115" name="ReportDoubleValueDoesNothingIfValueNameIsAnEmptyString" fullname="Dynatrace.OpenKit.Core.ActionTest.ReportDoubleValueDoesNothingIfValueNameIsAnEmptyString" methodname="ReportDoubleValueDoesNothingIfValueNameIsAnEmptyString" classname="Dynatrace.OpenKit.Core.ActionTest" runstate="Runnable" seed="1778446982" result="Passed" start-time="2018-05-11 10:27:04Z" end-time="2018-05-11 10:27:04Z" duration="0.009364" asserts="2" />
            <test-case id="6-1114" name="ReportDoubleValueDoesNothingIfValueNameIsNull" fullname="Dynatrace.OpenKit.Core.ActionTest.ReportDoubleValueDoesNothingIfValueNameIsNull" methodname="ReportDoubleValueDoesNothingIfValueNameIsNull" classname="Dynatrace.OpenKit.Core.ActionTest" runstate="Runnable" seed="557533425" result="Passed" start-time="2018-05-11 10:27:04Z" end-time="2018-05-11 10:27:04Z" duration="0.001105" asserts="2" />
            <test-case id="6-1121" name="ReportError" fullname="Dynatrace.OpenKit.Core.ActionTest.ReportError" methodname="ReportError" classname="Dynatrace.OpenKit.Core.ActionTest" runstate="Runnable" seed="1925861648" result="Passed" start-time="2018-05-11 10:27:04Z" end-time="2018-05-11 10:27:04Z" duration="0.003289" asserts="2" />
            <test-case id="6-1125" name="ReportErrorAcceptsNullReason" fullname="Dynatrace.OpenKit.Core.ActionTest.ReportErrorAcceptsNullReason" methodname="ReportErrorAcceptsNullReason" classname="Dynatrace.OpenKit.Core.ActionTest" runstate="Runnable" seed="1545736810" result="Passed" start-time="2018-05-11 10:27:04Z" end-time="2018-05-11 10:27:04Z" duration="0.002404" asserts="2" />
            <test-case id="6-1122" name="ReportErrorDoesNothingIfActionIsLeft" fullname="Dynatrace.OpenKit.Core.ActionTest.ReportErrorDoesNothingIfActionIsLeft" methodname="ReportErrorDoesNothingIfActionIsLeft" classname="Dynatrace.OpenKit.Core.ActionTest" runstate="Runnable" seed="121891115" result="Passed" start-time="2018-05-11 10:27:04Z" end-time="2018-05-11 10:27:04Z" duration="0.001264" asserts="2" />
            <test-case id="6-1124" name="ReportErrorDoesNothingIfErrorNameIsAnEmptyString" fullname="Dynatrace.OpenKit.Core.ActionTest.ReportErrorDoesNothingIfErrorNameIsAnEmptyString" methodname="ReportErrorDoesNothingIfErrorNameIsAnEmptyString" classname="Dynatrace.OpenKit.Core.ActionTest" runstate="Runnable" seed="1363839428" result="Passed" start-time="2018-05-11 10:27:04Z" end-time="2018-05-11 10:27:04Z" duration="0.000983" asserts="2" />
            <test-case id="6-1123" name="ReportErrorDoesNothingIfErrorNameIsNull" fullname="Dynatrace.OpenKit.Core.ActionTest.ReportErrorDoesNothingIfErrorNameIsNull" methodname="ReportErrorDoesNothingIfErrorNameIsNull" classname="Dynatrace.OpenKit.Core.ActionTest" runstate="Runnable" seed="505139234" result="Passed" start-time="2018-05-11 10:27:04Z" end-time="2018-05-11 10:27:04Z" duration="0.000972" asserts="2" />
            <test-case id="6-1104" name="ReportEvent" fullname="Dynatrace.OpenKit.Core.ActionTest.ReportEvent" methodname="ReportEvent" classname="Dynatrace.OpenKit.Core.ActionTest" runstate="Runnable" seed="631233095" result="Passed" start-time="2018-05-11 10:27:04Z" end-time="2018-05-11 10:27:04Z" duration="0.002302" asserts="2" />
            <test-case id="6-1105" name="ReportEventDoesNothingIfActionIsLeft" fullname="Dynatrace.OpenKit.Core.ActionTest.ReportEventDoesNothingIfActionIsLeft" methodname="ReportEventDoesNothingIfActionIsLeft" classname="Dynatrace.OpenKit.Core.ActionTest" runstate="Runnable" seed="994612874" result="Passed" start-time="2018-05-11 10:27:04Z" end-time="2018-05-11 10:27:04Z" duration="0.001134" asserts="2" />
            <test-case id="6-1107" name="ReportEventDoesNothingIfEventNameIsAnEmptyString" fullname="Dynatrace.OpenKit.Core.ActionTest.ReportEventDoesNothingIfEventNameIsAnEmptyString" methodname="ReportEventDoesNothingIfEventNameIsAnEmptyString" classname="Dynatrace.OpenKit.Core.ActionTest" runstate="Runnable" seed="1816960740" result="Passed" start-time="2018-05-11 10:27:04Z" end-time="2018-05-11 10:27:04Z" duration="0.000944" asserts="2" />
            <test-case id="6-1106" name="ReportEventDoesNothingIfEventNameIsNull" fullname="Dynatrace.OpenKit.Core.ActionTest.ReportEventDoesNothingIfEventNameIsNull" methodname="ReportEventDoesNothingIfEventNameIsNull" classname="Dynatrace.OpenKit.Core.ActionTest" runstate="Runnable" seed="1175407863" result="Passed" start-time="2018-05-11 10:27:04Z" end-time="2018-05-11 10:27:04Z" duration="0.000904" asserts="2" />
            <test-case id="6-1108" name="ReportIntValue" fullname="Dynatrace.OpenKit.Core.ActionTest.ReportIntValue" methodname="ReportIntValue" classname="Dynatrace.OpenKit.Core.ActionTest" runstate="Runnable" seed="1955102870" result="Passed" start-time="2018-05-11 10:27:04Z" end-time="2018-05-11 10:27:04Z" duration="0.002346" asserts="2" />
            <test-case id="6-1109" name="ReportIntValueDoesNothingIfActionIsLeft" fullname="Dynatrace.OpenKit.Core.ActionTest.ReportIntValueDoesNothingIfActionIsLeft" methodname="ReportIntValueDoesNothingIfActionIsLeft" classname="Dynatrace.OpenKit.Core.ActionTest" runstate="Runnable" seed="112652438" result="Passed" start-time="2018-05-11 10:27:04Z" end-time="2018-05-11 10:27:04Z" duration="0.001117" asserts="2" />
            <test-case id="6-1111" name="ReportIntValueDoesNothingIfValueNameIsAnEmptyString" fullname="Dynatrace.OpenKit.Core.ActionTest.ReportIntValueDoesNothingIfValueNameIsAnEmptyString" methodname="ReportIntValueDoesNothingIfValueNameIsAnEmptyString" classname="Dynatrace.OpenKit.Core.ActionTest" runstate="Runnable" seed="2083722216" result="Passed" start-time="2018-05-11 10:27:04Z" end-time="2018-05-11 10:27:04Z" duration="0.000964" asserts="2" />
            <test-case id="6-1110" name="ReportIntValueDoesNothingIfValueNameIsNull" fullname="Dynatrace.OpenKit.Core.ActionTest.ReportIntValueDoesNothingIfValueNameIsNull" methodname="ReportIntValueDoesNothingIfValueNameIsNull" classname="Dynatrace.OpenKit.Core.ActionTest" runstate="Runnable" seed="1421184832" result="Passed" start-time="2018-05-11 10:27:04Z" end-time="2018-05-11 10:27:04Z" duration="0.000924" asserts="2" />
            <test-case id="6-1116" name="ReportStringValue" fullname="Dynatrace.OpenKit.Core.ActionTest.ReportStringValue" methodname="ReportStringValue" classname="Dynatrace.OpenKit.Core.ActionTest" runstate="Runnable" seed="1746320893" result="Passed" start-time="2018-05-11 10:27:04Z" end-time="2018-05-11 10:27:04Z" duration="0.001937" asserts="2" />
            <test-case id="6-1117" name="ReportStringValueDoesNothingIfActionIsLeft" fullname="Dynatrace.OpenKit.Core.ActionTest.ReportStringValueDoesNothingIfActionIsLeft" methodname="ReportStringValueDoesNothingIfActionIsLeft" classname="Dynatrace.OpenKit.Core.ActionTest" runstate="Runnable" seed="769421157" result="Passed" start-time="2018-05-11 10:27:04Z" end-time="2018-05-11 10:27:04Z" duration="0.000890" asserts="2" />
            <test-case id="6-1119" name="ReportStringValueDoesNothingIfValueNameIsAnEmptyString" fullname="Dynatrace.OpenKit.Core.ActionTest.ReportStringValueDoesNothingIfValueNameIsAnEmptyString" methodname="ReportStringValueDoesNothingIfValueNameIsAnEmptyString" classname="Dynatrace.OpenKit.Core.ActionTest" runstate="Runnable" seed="742841088" result="Passed" start-time="2018-05-11 10:27:04Z" end-time="2018-05-11 10:27:04Z" duration="0.000991" asserts="2" />
            <test-case id="6-1118" name="ReportStringValueDoesNothingIfValueNameIsNull" fullname="Dynatrace.OpenKit.Core.ActionTest.ReportStringValueDoesNothingIfValueNameIsNull" methodname="ReportStringValueDoesNothingIfValueNameIsNull" classname="Dynatrace.OpenKit.Core.ActionTest" runstate="Runnable" seed="721315442" result="Passed" start-time="2018-05-11 10:27:04Z" end-time="2018-05-11 10:27:04Z" duration="0.000919" asserts="2" />
            <test-case id="6-1120" name="ReportStringValueWithValueBeingNullWorks" fullname="Dynatrace.OpenKit.Core.ActionTest.ReportStringValueWithValueBeingNullWorks" methodname="ReportStringValueWithValueBeingNullWorks" classname="Dynatrace.OpenKit.Core.ActionTest" runstate="Runnable" seed="239681210" result="Passed" start-time="2018-05-11 10:27:04Z" end-time="2018-05-11 10:27:04Z" duration="0.001010" asserts="2" />
            <test-case id="6-1099" name="StartSequenceNumberIsSetInConstructor" fullname="Dynatrace.OpenKit.Core.ActionTest.StartSequenceNumberIsSetInConstructor" methodname="StartSequenceNumberIsSetInConstructor" classname="Dynatrace.OpenKit.Core.ActionTest" runstate="Runnable" seed="1673539189" result="Passed" start-time="2018-05-11 10:27:04Z" end-time="2018-05-11 10:27:04Z" duration="0.000757" asserts="1" />
            <test-case id="6-1097" name="StartTimeIsSetInConstructor" fullname="Dynatrace.OpenKit.Core.ActionTest.StartTimeIsSetInConstructor" methodname="StartTimeIsSetInConstructor" classname="Dynatrace.OpenKit.Core.ActionTest" runstate="Runnable" seed="1610480964" result="Passed" start-time="2018-05-11 10:27:04Z" end-time="2018-05-11 10:27:04Z" duration="0.005237" asserts="1" />
            <test-case id="6-1127" name="TraceWebRequestGivesNullWebRequestTracerIfActionIsAlreadyLeft" fullname="Dynatrace.OpenKit.Core.ActionTest.TraceWebRequestGivesNullWebRequestTracerIfActionIsAlreadyLeft" methodname="TraceWebRequestGivesNullWebRequestTracerIfActionIsAlreadyLeft" classname="Dynatrace.OpenKit.Core.ActionTest" runstate="Runnable" seed="1516995569" result="Passed" start-time="2018-05-11 10:27:04Z" end-time="2018-05-11 10:27:04Z" duration="0.016929" asserts="1" />
            <test-case id="6-1130" name="TraceWebRequestGivesNullWebRequestTracerIfUrlHasAnInvalidScheme" fullname="Dynatrace.OpenKit.Core.ActionTest.TraceWebRequestGivesNullWebRequestTracerIfUrlHasAnInvalidScheme" methodname="TraceWebRequestGivesNullWebRequestTracerIfUrlHasAnInvalidScheme" classname="Dynatrace.OpenKit.Core.ActionTest" runstate="Runnable" seed="1610447062" result="Passed" start-time="2018-05-11 10:27:04Z" end-time="2018-05-11 10:27:04Z" duration="0.001050" asserts="2" />
            <test-case id="6-1129" name="TraceWebRequestGivesNullWebRequestTracerIfUrlIsAnEmptyString" fullname="Dynatrace.OpenKit.Core.ActionTest.TraceWebRequestGivesNullWebRequestTracerIfUrlIsAnEmptyString" methodname="TraceWebRequestGivesNullWebRequestTracerIfUrlIsAnEmptyString" classname="Dynatrace.OpenKit.Core.ActionTest" runstate="Runnable" seed="2093365674" result="Passed" start-time="2018-05-11 10:27:04Z" end-time="2018-05-11 10:27:04Z" duration="0.000970" asserts="2" />
            <test-case id="6-1128" name="TraceWebRequestGivesNullWebRequestTracerIfUrlIsNull" fullname="Dynatrace.OpenKit.Core.ActionTest.TraceWebRequestGivesNullWebRequestTracerIfUrlIsNull" methodname="TraceWebRequestGivesNullWebRequestTracerIfUrlIsNull" classname="Dynatrace.OpenKit.Core.ActionTest" runstate="Runnable" seed="1042222675" result="Passed" start-time="2018-05-11 10:27:04Z" end-time="2018-05-11 10:27:04Z" duration="0.000964" asserts="2" />
            <test-case id="6-1126" name="TraceWebRequestGivesValidWebRequestTracer" fullname="Dynatrace.OpenKit.Core.ActionTest.TraceWebRequestGivesValidWebRequestTracer" methodname="TraceWebRequestGivesValidWebRequestTracer" classname="Dynatrace.OpenKit.Core.ActionTest" runstate="Runnable" seed="698934928" result="Passed" start-time="2018-05-11 10:27:04Z" end-time="2018-05-11 10:27:04Z" duration="0.004704" asserts="2" />
          </test-suite>
          <test-suite type="TestFixture" id="6-1138" name="BeaconSenderTest" fullname="Dynatrace.OpenKit.Core.BeaconSenderTest" classname="Dynatrace.OpenKit.Core.BeaconSenderTest" runstate="Runnable" testcasecount="1" result="Passed" start-time="2018-05-11 10:27:04Z" end-time="2018-05-11 10:27:04Z" duration="0.040941" total="1" passed="1" failed="0" warnings="0" inconclusive="0" skipped="0" asserts="2">
            <test-case id="6-1139" name="IsInitializedGetsValueFromContext" fullname="Dynatrace.OpenKit.Core.BeaconSenderTest.IsInitializedGetsValueFromContext" methodname="IsInitializedGetsValueFromContext" classname="Dynatrace.OpenKit.Core.BeaconSenderTest" runstate="Runnable" seed="1303141569" result="Passed" start-time="2018-05-11 10:27:04Z" end-time="2018-05-11 10:27:04Z" duration="0.040761" asserts="2" />
          </test-suite>
          <test-suite type="TestSuite" id="6-1426" name="Caching" fullname="Dynatrace.OpenKit.Core.Caching" runstate="Runnable" testcasecount="106" result="Passed" start-time="2018-05-11 10:27:03Z" end-time="2018-05-11 10:27:04Z" duration="1.320982" total="106" passed="106" failed="0" warnings="0" inconclusive="0" skipped="0" asserts="225">
            <test-suite type="TestFixture" id="6-1305" name="BeaconCacheEntryTest" fullname="Dynatrace.OpenKit.Core.Caching.BeaconCacheEntryTest" classname="Dynatrace.OpenKit.Core.Caching.BeaconCacheEntryTest" runstate="Runnable" testcasecount="27" result="Passed" start-time="2018-05-11 10:27:04Z" end-time="2018-05-11 10:27:04Z" duration="0.049849" total="27" passed="27" failed="0" warnings="0" inconclusive="0" skipped="0" asserts="103">
              <test-case id="6-1307" name="AddingActionData" fullname="Dynatrace.OpenKit.Core.Caching.BeaconCacheEntryTest.AddingActionData" methodname="AddingActionData" classname="Dynatrace.OpenKit.Core.Caching.BeaconCacheEntryTest" runstate="Runnable" seed="770261443" result="Passed" start-time="2018-05-11 10:27:04Z" end-time="2018-05-11 10:27:04Z" duration="0.007602" asserts="8" />
              <test-case id="6-1308" name="AddingEventData" fullname="Dynatrace.OpenKit.Core.Caching.BeaconCacheEntryTest.AddingEventData" methodname="AddingEventData" classname="Dynatrace.OpenKit.Core.Caching.BeaconCacheEntryTest" runstate="Runnable" seed="240804907" result="Passed" start-time="2018-05-11 10:27:04Z" end-time="2018-05-11 10:27:04Z" duration="0.000899" asserts="8" />
              <test-case id="6-1306" name="ADefaultConstructedInstanceHasNoData" fullname="Dynatrace.OpenKit.Core.Caching.BeaconCacheEntryTest.ADefaultConstructedInstanceHasNoData" methodname="ADefaultConstructedInstanceHasNoData" classname="Dynatrace.OpenKit.Core.Caching.BeaconCacheEntryTest" runstate="Runnable" seed="1900764899" result="Passed" start-time="2018-05-11 10:27:04Z" end-time="2018-05-11 10:27:04Z" duration="0.000416" asserts="4" />
              <test-case id="6-1309" name="CopyDataForChunkingMovesData" fullname="Dynatrace.OpenKit.Core.Caching.BeaconCacheEntryTest.CopyDataForChunkingMovesData" methodname="CopyDataForChunkingMovesData" classname="Dynatrace.OpenKit.Core.Caching.BeaconCacheEntryTest" runstate="Runnable" seed="1459970557" result="Passed" start-time="2018-05-11 10:27:04Z" end-time="2018-05-11 10:27:04Z" duration="0.001395" asserts="4" />
              <test-case id="6-1315" name="GetChunkGetsAlreadyMarkedData" fullname="Dynatrace.OpenKit.Core.Caching.BeaconCacheEntryTest.GetChunkGetsAlreadyMarkedData" methodname="GetChunkGetsAlreadyMarkedData" classname="Dynatrace.OpenKit.Core.Caching.BeaconCacheEntryTest" runstate="Runnable" seed="1583875666" result="Passed" start-time="2018-05-11 10:27:04Z" end-time="2018-05-11 10:27:04Z" duration="0.008496" asserts="10" />
              <test-case id="6-1314" name="GetChunkGetsChunksFromEventDataBeforeActionData" fullname="Dynatrace.OpenKit.Core.Caching.BeaconCacheEntryTest.GetChunkGetsChunksFromEventDataBeforeActionData" methodname="GetChunkGetsChunksFromEventDataBeforeActionData" classname="Dynatrace.OpenKit.Core.Caching.BeaconCacheEntryTest" runstate="Runnable" seed="1416348949" result="Passed" start-time="2018-05-11 10:27:04Z" end-time="2018-05-11 10:27:04Z" duration="0.003116" asserts="5" />
              <test-case id="6-1313" name="GetChunkMarksRetrievedData" fullname="Dynatrace.OpenKit.Core.Caching.BeaconCacheEntryTest.GetChunkMarksRetrievedData" methodname="GetChunkMarksRetrievedData" classname="Dynatrace.OpenKit.Core.Caching.BeaconCacheEntryTest" runstate="Runnable" seed="1258616208" result="Passed" start-time="2018-05-11 10:27:04Z" end-time="2018-05-11 10:27:04Z" duration="0.000958" asserts="5" />
              <test-case id="6-1316" name="GetChunksTakesSizeIntoAccount" fullname="Dynatrace.OpenKit.Core.Caching.BeaconCacheEntryTest.GetChunksTakesSizeIntoAccount" methodname="GetChunksTakesSizeIntoAccount" classname="Dynatrace.OpenKit.Core.Caching.BeaconCacheEntryTest" runstate="Runnable" seed="928401588" result="Passed" start-time="2018-05-11 10:27:04Z" end-time="2018-05-11 10:27:04Z" duration="0.002008" asserts="3" />
              <test-case id="6-1321" name="GetTotalNumberOfBytesCountsAddedRecordBytes" fullname="Dynatrace.OpenKit.Core.Caching.BeaconCacheEntryTest.GetTotalNumberOfBytesCountsAddedRecordBytes" methodname="GetTotalNumberOfBytesCountsAddedRecordBytes" classname="Dynatrace.OpenKit.Core.Caching.BeaconCacheEntryTest" runstate="Runnable" seed="1099630409" result="Passed" start-time="2018-05-11 10:27:04Z" end-time="2018-05-11 10:27:04Z" duration="0.000904" asserts="5" />
              <test-case id="6-1311" name="NeedsDataCopyBeforeChunkingGivesFalseAfterDataHasBeenCopied" fullname="Dynatrace.OpenKit.Core.Caching.BeaconCacheEntryTest.NeedsDataCopyBeforeChunkingGivesFalseAfterDataHasBeenCopied" methodname="NeedsDataCopyBeforeChunkingGivesFalseAfterDataHasBeenCopied" classname="Dynatrace.OpenKit.Core.Caching.BeaconCacheEntryTest" runstate="Runnable" seed="1158687473" result="Passed" start-time="2018-05-11 10:27:04Z" end-time="2018-05-11 10:27:04Z" duration="0.001011" asserts="1" />
              <test-case id="6-1312" name="NeedsDataCopyBeforeChunkingGivesFalseEvenIfListsAreEmpty" fullname="Dynatrace.OpenKit.Core.Caching.BeaconCacheEntryTest.NeedsDataCopyBeforeChunkingGivesFalseEvenIfListsAreEmpty" methodname="NeedsDataCopyBeforeChunkingGivesFalseEvenIfListsAreEmpty" classname="Dynatrace.OpenKit.Core.Caching.BeaconCacheEntryTest" runstate="Runnable" seed="1482916626" result="Passed" start-time="2018-05-11 10:27:04Z" end-time="2018-05-11 10:27:04Z" duration="0.000248" asserts="1" />
              <test-case id="6-1310" name="NeedsDataCopyBeforeChunkingGivesTrueBeforeDataIsCopied" fullname="Dynatrace.OpenKit.Core.Caching.BeaconCacheEntryTest.NeedsDataCopyBeforeChunkingGivesTrueBeforeDataIsCopied" methodname="NeedsDataCopyBeforeChunkingGivesTrueBeforeDataIsCopied" classname="Dynatrace.OpenKit.Core.Caching.BeaconCacheEntryTest" runstate="Runnable" seed="70879690" result="Passed" start-time="2018-05-11 10:27:04Z" end-time="2018-05-11 10:27:04Z" duration="0.000425" asserts="1" />
              <test-case id="6-1317" name="RemoveDataMarkedForSendingReturnsIfDataHasNotBeenCopied" fullname="Dynatrace.OpenKit.Core.Caching.BeaconCacheEntryTest.RemoveDataMarkedForSendingReturnsIfDataHasNotBeenCopied" methodname="RemoveDataMarkedForSendingReturnsIfDataHasNotBeenCopied" classname="Dynatrace.OpenKit.Core.Caching.BeaconCacheEntryTest" runstate="Runnable" seed="1217472691" result="Passed" start-time="2018-05-11 10:27:04Z" end-time="2018-05-11 10:27:04Z" duration="0.000810" asserts="4" />
              <test-case id="6-1328" name="RemoveOldestRecordsComparesTopActionAndEventDataAndRemovesOldest" fullname="Dynatrace.OpenKit.Core.Caching.BeaconCacheEntryTest.RemoveOldestRecordsComparesTopActionAndEventDataAndRemovesOldest" methodname="RemoveOldestRecordsComparesTopActionAndEventDataAndRemovesOldest" classname="Dynatrace.OpenKit.Core.Caching.BeaconCacheEntryTest" runstate="Runnable" seed="658610273" result="Passed" start-time="2018-05-11 10:27:04Z" end-time="2018-05-11 10:27:04Z" duration="0.004169" asserts="6" />
              <test-case id="6-1332" name="RemoveOldestRecordsDoesNotRemoveAnythingFromEventAndActionsBeingSent" fullname="Dynatrace.OpenKit.Core.Caching.BeaconCacheEntryTest.RemoveOldestRecordsDoesNotRemoveAnythingFromEventAndActionsBeingSent" methodname="RemoveOldestRecordsDoesNotRemoveAnythingFromEventAndActionsBeingSent" classname="Dynatrace.OpenKit.Core.Caching.BeaconCacheEntryTest" runstate="Runnable" seed="446599713" result="Passed" start-time="2018-05-11 10:27:04Z" end-time="2018-05-11 10:27:04Z" duration="0.000903" asserts="3" />
              <test-case id="6-1326" name="RemoveOldestRecordsRemovesActionDataIfEventDataIsEmpty" fullname="Dynatrace.OpenKit.Core.Caching.BeaconCacheEntryTest.RemoveOldestRecordsRemovesActionDataIfEventDataIsEmpty" methodname="RemoveOldestRecordsRemovesActionDataIfEventDataIsEmpty" classname="Dynatrace.OpenKit.Core.Caching.BeaconCacheEntryTest" runstate="Runnable" seed="2015934533" result="Passed" start-time="2018-05-11 10:27:04Z" end-time="2018-05-11 10:27:04Z" duration="0.000714" asserts="2" />
              <test-case id="6-1327" name="RemoveOldestRecordsRemovesEventDataIfActionDataIsEmpty" fullname="Dynatrace.OpenKit.Core.Caching.BeaconCacheEntryTest.RemoveOldestRecordsRemovesEventDataIfActionDataIsEmpty" methodname="RemoveOldestRecordsRemovesEventDataIfActionDataIsEmpty" classname="Dynatrace.OpenKit.Core.Caching.BeaconCacheEntryTest" runstate="Runnable" seed="885453486" result="Passed" start-time="2018-05-11 10:27:04Z" end-time="2018-05-11 10:27:04Z" duration="0.003055" asserts="2" />
              <test-case id="6-1329" name="RemoveOldestRecordsRemovesEventDataIfTopEventDataAndActionDataHaveSameTimestamp" fullname="Dynatrace.OpenKit.Core.Caching.BeaconCacheEntryTest.RemoveOldestRecordsRemovesEventDataIfTopEventDataAndActionDataHaveSameTimestamp" methodname="RemoveOldestRecordsRemovesEventDataIfTopEventDataAndActionDataHaveSameTimestamp" classname="Dynatrace.OpenKit.Core.Caching.BeaconCacheEntryTest" runstate="Runnable" seed="1996655306" result="Passed" start-time="2018-05-11 10:27:04Z" end-time="2018-05-11 10:27:04Z" duration="0.000892" asserts="3" />
              <test-case id="6-1325" name="RemoveOldestRecordsRemovesNothingIfEntryIsEmpty" fullname="Dynatrace.OpenKit.Core.Caching.BeaconCacheEntryTest.RemoveOldestRecordsRemovesNothingIfEntryIsEmpty" methodname="RemoveOldestRecordsRemovesNothingIfEntryIsEmpty" classname="Dynatrace.OpenKit.Core.Caching.BeaconCacheEntryTest" runstate="Runnable" seed="917708756" result="Passed" start-time="2018-05-11 10:27:04Z" end-time="2018-05-11 10:27:04Z" duration="0.000318" asserts="1" />
              <test-case id="6-1330" name="RemoveOldestRecordsStopsIfListsAreEmpty" fullname="Dynatrace.OpenKit.Core.Caching.BeaconCacheEntryTest.RemoveOldestRecordsStopsIfListsAreEmpty" methodname="RemoveOldestRecordsStopsIfListsAreEmpty" classname="Dynatrace.OpenKit.Core.Caching.BeaconCacheEntryTest" runstate="Runnable" seed="685970134" result="Passed" start-time="2018-05-11 10:27:04Z" end-time="2018-05-11 10:27:04Z" duration="0.000651" asserts="3" />
              <test-case id="6-1331" name="RemoveRecordsOlderThanDoesNotRemoveAnythingFromEventAndActionsBeingSent" fullname="Dynatrace.OpenKit.Core.Caching.BeaconCacheEntryTest.RemoveRecordsOlderThanDoesNotRemoveAnythingFromEventAndActionsBeingSent" methodname="RemoveRecordsOlderThanDoesNotRemoveAnythingFromEventAndActionsBeingSent" classname="Dynatrace.OpenKit.Core.Caching.BeaconCacheEntryTest" runstate="Runnable" seed="1138445234" result="Passed" start-time="2018-05-11 10:27:04Z" end-time="2018-05-11 10:27:04Z" duration="0.001692" asserts="3" />
              <test-case id="6-1322" name="RemoveRecordsOlderThanRemovesNothingIfNoActionOrEventDataExists" fullname="Dynatrace.OpenKit.Core.Caching.BeaconCacheEntryTest.RemoveRecordsOlderThanRemovesNothingIfNoActionOrEventDataExists" methodname="RemoveRecordsOlderThanRemovesNothingIfNoActionOrEventDataExists" classname="Dynatrace.OpenKit.Core.Caching.BeaconCacheEntryTest" runstate="Runnable" seed="929376152" result="Passed" start-time="2018-05-11 10:27:04Z" end-time="2018-05-11 10:27:04Z" duration="0.000226" asserts="1" />
              <test-case id="6-1323" name="RemoveRecordsOlderThanRemovesRecordsFromActionData" fullname="Dynatrace.OpenKit.Core.Caching.BeaconCacheEntryTest.RemoveRecordsOlderThanRemovesRecordsFromActionData" methodname="RemoveRecordsOlderThanRemovesRecordsFromActionData" classname="Dynatrace.OpenKit.Core.Caching.BeaconCacheEntryTest" runstate="Runnable" seed="135934606" result="Passed" start-time="2018-05-11 10:27:04Z" end-time="2018-05-11 10:27:04Z" duration="0.001072" asserts="2" />
              <test-case id="6-1324" name="RemoveRecordsOlderThanRemovesRecordsFromEventData" fullname="Dynatrace.OpenKit.Core.Caching.BeaconCacheEntryTest.RemoveRecordsOlderThanRemovesRecordsFromEventData" methodname="RemoveRecordsOlderThanRemovesRecordsFromEventData" classname="Dynatrace.OpenKit.Core.Caching.BeaconCacheEntryTest" runstate="Runnable" seed="1041544811" result="Passed" start-time="2018-05-11 10:27:04Z" end-time="2018-05-11 10:27:04Z" duration="0.000482" asserts="2" />
              <test-case id="6-1319" name="ResetDataMarkedForSendingMovesPreviouslyCopiedDataBack" fullname="Dynatrace.OpenKit.Core.Caching.BeaconCacheEntryTest.ResetDataMarkedForSendingMovesPreviouslyCopiedDataBack" methodname="ResetDataMarkedForSendingMovesPreviouslyCopiedDataBack" classname="Dynatrace.OpenKit.Core.Caching.BeaconCacheEntryTest" runstate="Runnable" seed="891110541" result="Passed" start-time="2018-05-11 10:27:04Z" end-time="2018-05-11 10:27:04Z" duration="0.002399" asserts="4" />
              <test-case id="6-1320" name="ResetDataMarkedForSendingResetsMarkedForSendingFlag" fullname="Dynatrace.OpenKit.Core.Caching.BeaconCacheEntryTest.ResetDataMarkedForSendingResetsMarkedForSendingFlag" methodname="ResetDataMarkedForSendingResetsMarkedForSendingFlag" classname="Dynatrace.OpenKit.Core.Caching.BeaconCacheEntryTest" runstate="Runnable" seed="1398803006" result="Passed" start-time="2018-05-11 10:27:04Z" end-time="2018-05-11 10:27:04Z" duration="0.000678" asserts="8" />
              <test-case id="6-1318" name="resetDataMarkedForSendingReturnsIfDataHasNotBeenCopied" fullname="Dynatrace.OpenKit.Core.Caching.BeaconCacheEntryTest.resetDataMarkedForSendingReturnsIfDataHasNotBeenCopied" methodname="resetDataMarkedForSendingReturnsIfDataHasNotBeenCopied" classname="Dynatrace.OpenKit.Core.Caching.BeaconCacheEntryTest" runstate="Runnable" seed="1037646465" result="Passed" start-time="2018-05-11 10:27:04Z" end-time="2018-05-11 10:27:04Z" duration="0.000532" asserts="4" />
            </test-suite>
            <test-suite type="TestFixture" id="6-1333" name="BeaconCacheEvictorTest" fullname="Dynatrace.OpenKit.Core.Caching.BeaconCacheEvictorTest" classname="Dynatrace.OpenKit.Core.Caching.BeaconCacheEvictorTest" runstate="Runnable" testcasecount="6" result="Passed" start-time="2018-05-11 10:27:04Z" end-time="2018-05-11 10:27:04Z" duration="0.079697" total="6" passed="6" failed="0" warnings="0" inconclusive="0" skipped="0" asserts="11">
              <test-case id="6-1334" name="ADefaultConstructedBeaconCacheEvictorIsNotAlive" fullname="Dynatrace.OpenKit.Core.Caching.BeaconCacheEvictorTest.ADefaultConstructedBeaconCacheEvictorIsNotAlive" methodname="ADefaultConstructedBeaconCacheEvictorIsNotAlive" classname="Dynatrace.OpenKit.Core.Caching.BeaconCacheEvictorTest" runstate="Runnable" seed="1158001734" result="Passed" start-time="2018-05-11 10:27:04Z" end-time="2018-05-11 10:27:04Z" duration="0.045345" asserts="1" />
              <test-case id="6-1335" name="AfterStartingABeaconCacheEvictorItIsAlive" fullname="Dynatrace.OpenKit.Core.Caching.BeaconCacheEvictorTest.AfterStartingABeaconCacheEvictorItIsAlive" methodname="AfterStartingABeaconCacheEvictorItIsAlive" classname="Dynatrace.OpenKit.Core.Caching.BeaconCacheEvictorTest" runstate="Runnable" seed="1256622854" result="Passed" start-time="2018-05-11 10:27:04Z" end-time="2018-05-11 10:27:04Z" duration="0.010301" asserts="2" />
              <test-case id="6-1336" name="StartingAnAlreadyAliveBeaconCacheEvictorDoesNothing" fullname="Dynatrace.OpenKit.Core.Caching.BeaconCacheEvictorTest.StartingAnAlreadyAliveBeaconCacheEvictorDoesNothing" methodname="StartingAnAlreadyAliveBeaconCacheEvictorDoesNothing" classname="Dynatrace.OpenKit.Core.Caching.BeaconCacheEvictorTest" runstate="Runnable" seed="804041149" result="Passed" start-time="2018-05-11 10:27:04Z" end-time="2018-05-11 10:27:04Z" duration="0.001401" asserts="2" />
              <test-case id="6-1337" name="StoppingABeaconCacheEvictorWhichIsNotAliveDoesNothing" fullname="Dynatrace.OpenKit.Core.Caching.BeaconCacheEvictorTest.StoppingABeaconCacheEvictorWhichIsNotAliveDoesNothing" methodname="StoppingABeaconCacheEvictorWhichIsNotAliveDoesNothing" classname="Dynatrace.OpenKit.Core.Caching.BeaconCacheEvictorTest" runstate="Runnable" seed="132894252" result="Passed" start-time="2018-05-11 10:27:04Z" end-time="2018-05-11 10:27:04Z" duration="0.000848" asserts="2" />
              <test-case id="6-1338" name="StoppingAnAliveBeaconCacheEvictor" fullname="Dynatrace.OpenKit.Core.Caching.BeaconCacheEvictorTest.StoppingAnAliveBeaconCacheEvictor" methodname="StoppingAnAliveBeaconCacheEvictor" classname="Dynatrace.OpenKit.Core.Caching.BeaconCacheEvictorTest" runstate="Runnable" seed="110907241" result="Passed" start-time="2018-05-11 10:27:04Z" end-time="2018-05-11 10:27:04Z" duration="0.001317" asserts="2" />
              <test-case id="6-1339" name="TriggeringEvictionStrategiesInThread" fullname="Dynatrace.OpenKit.Core.Caching.BeaconCacheEvictorTest.TriggeringEvictionStrategiesInThread" methodname="TriggeringEvictionStrategiesInThread" classname="Dynatrace.OpenKit.Core.Caching.BeaconCacheEvictorTest" runstate="Runnable" seed="920080033" result="Passed" start-time="2018-05-11 10:27:04Z" end-time="2018-05-11 10:27:04Z" duration="0.015450" asserts="2" />
            </test-suite>
            <test-suite type="TestFixture" id="6-1340" name="BeaconCacheRecordTest" fullname="Dynatrace.OpenKit.Core.Caching.BeaconCacheRecordTest" classname="Dynatrace.OpenKit.Core.Caching.BeaconCacheRecordTest" runstate="Runnable" testcasecount="14" result="Passed" start-time="2018-05-11 10:27:04Z" end-time="2018-05-11 10:27:04Z" duration="0.015983" total="14" passed="14" failed="0" warnings="0" inconclusive="0" skipped="0" asserts="28">
              <test-case id="6-1347" name="ADifferentTypeIsNotConsideredEqual" fullname="Dynatrace.OpenKit.Core.Caching.BeaconCacheRecordTest.ADifferentTypeIsNotConsideredEqual" methodname="ADifferentTypeIsNotConsideredEqual" classname="Dynatrace.OpenKit.Core.Caching.BeaconCacheRecordTest" runstate="Runnable" seed="1054325141" result="Passed" start-time="2018-05-11 10:27:04Z" end-time="2018-05-11 10:27:04Z" duration="0.001076" asserts="1" />
              <test-case id="6-1341" name="Data" fullname="Dynatrace.OpenKit.Core.Caching.BeaconCacheRecordTest.Data" methodname="Data" classname="Dynatrace.OpenKit.Core.Caching.BeaconCacheRecordTest" runstate="Runnable" seed="1358872144" result="Passed" start-time="2018-05-11 10:27:04Z" end-time="2018-05-11 10:27:04Z" duration="0.000495" asserts="3" />
              <test-case id="6-1343" name="DataSizeInBytes" fullname="Dynatrace.OpenKit.Core.Caching.BeaconCacheRecordTest.DataSizeInBytes" methodname="DataSizeInBytes" classname="Dynatrace.OpenKit.Core.Caching.BeaconCacheRecordTest" runstate="Runnable" seed="729393614" result="Passed" start-time="2018-05-11 10:27:04Z" end-time="2018-05-11 10:27:04Z" duration="0.000635" asserts="5" />
              <test-case id="6-1344" name="MarkForSending" fullname="Dynatrace.OpenKit.Core.Caching.BeaconCacheRecordTest.MarkForSending" methodname="MarkForSending" classname="Dynatrace.OpenKit.Core.Caching.BeaconCacheRecordTest" runstate="Runnable" seed="1574622208" result="Passed" start-time="2018-05-11 10:27:04Z" end-time="2018-05-11 10:27:04Z" duration="0.000421" asserts="3" />
              <test-case id="6-1354" name="NotEqualInstancesHaveDifferentHashCode" fullname="Dynatrace.OpenKit.Core.Caching.BeaconCacheRecordTest.NotEqualInstancesHaveDifferentHashCode" methodname="NotEqualInstancesHaveDifferentHashCode" classname="Dynatrace.OpenKit.Core.Caching.BeaconCacheRecordTest" runstate="Runnable" seed="1370409509" result="Passed" start-time="2018-05-11 10:27:04Z" end-time="2018-05-11 10:27:04Z" duration="0.002433" asserts="3" />
              <test-case id="6-1346" name="NullIsNotEqual" fullname="Dynatrace.OpenKit.Core.Caching.BeaconCacheRecordTest.NullIsNotEqual" methodname="NullIsNotEqual" classname="Dynatrace.OpenKit.Core.Caching.BeaconCacheRecordTest" runstate="Runnable" seed="1930328748" result="Passed" start-time="2018-05-11 10:27:04Z" end-time="2018-05-11 10:27:04Z" duration="0.000341" asserts="1" />
              <test-case id="6-1345" name="SameInstancesAreEqual" fullname="Dynatrace.OpenKit.Core.Caching.BeaconCacheRecordTest.SameInstancesAreEqual" methodname="SameInstancesAreEqual" classname="Dynatrace.OpenKit.Core.Caching.BeaconCacheRecordTest" runstate="Runnable" seed="1810159045" result="Passed" start-time="2018-05-11 10:27:04Z" end-time="2018-05-11 10:27:04Z" duration="0.000282" asserts="1" />
              <test-case id="6-1352" name="SameInstancesHaveSameHashCode" fullname="Dynatrace.OpenKit.Core.Caching.BeaconCacheRecordTest.SameInstancesHaveSameHashCode" methodname="SameInstancesHaveSameHashCode" classname="Dynatrace.OpenKit.Core.Caching.BeaconCacheRecordTest" runstate="Runnable" seed="136307858" result="Passed" start-time="2018-05-11 10:27:04Z" end-time="2018-05-11 10:27:04Z" duration="0.000482" asserts="1" />
              <test-case id="6-1342" name="Timestamp" fullname="Dynatrace.OpenKit.Core.Caching.BeaconCacheRecordTest.Timestamp" methodname="Timestamp" classname="Dynatrace.OpenKit.Core.Caching.BeaconCacheRecordTest" runstate="Runnable" seed="41252372" result="Passed" start-time="2018-05-11 10:27:04Z" end-time="2018-05-11 10:27:04Z" duration="0.000527" asserts="3" />
              <test-case id="6-1353" name="TwoEqualInstancesHaveSameHashCode" fullname="Dynatrace.OpenKit.Core.Caching.BeaconCacheRecordTest.TwoEqualInstancesHaveSameHashCode" methodname="TwoEqualInstancesHaveSameHashCode" classname="Dynatrace.OpenKit.Core.Caching.BeaconCacheRecordTest" runstate="Runnable" seed="1728417659" result="Passed" start-time="2018-05-11 10:27:04Z" end-time="2018-05-11 10:27:04Z" duration="0.000889" asserts="2" />
              <test-case id="6-1348" name="TwoInstancesAreEqualIfFieldsAreEqual" fullname="Dynatrace.OpenKit.Core.Caching.BeaconCacheRecordTest.TwoInstancesAreEqualIfFieldsAreEqual" methodname="TwoInstancesAreEqualIfFieldsAreEqual" classname="Dynatrace.OpenKit.Core.Caching.BeaconCacheRecordTest" runstate="Runnable" seed="38084339" result="Passed" start-time="2018-05-11 10:27:04Z" end-time="2018-05-11 10:27:04Z" duration="0.000413" asserts="2" />
              <test-case id="6-1350" name="TwoInstancesAreNotEqualIfDataDiffers" fullname="Dynatrace.OpenKit.Core.Caching.BeaconCacheRecordTest.TwoInstancesAreNotEqualIfDataDiffers" methodname="TwoInstancesAreNotEqualIfDataDiffers" classname="Dynatrace.OpenKit.Core.Caching.BeaconCacheRecordTest" runstate="Runnable" seed="545287502" result="Passed" start-time="2018-05-11 10:27:04Z" end-time="2018-05-11 10:27:04Z" duration="0.000742" asserts="1" />
              <test-case id="6-1351" name="TwoInstancesAreNotEqualIfMarkedForSendingDiffers" fullname="Dynatrace.OpenKit.Core.Caching.BeaconCacheRecordTest.TwoInstancesAreNotEqualIfMarkedForSendingDiffers" methodname="TwoInstancesAreNotEqualIfMarkedForSendingDiffers" classname="Dynatrace.OpenKit.Core.Caching.BeaconCacheRecordTest" runstate="Runnable" seed="156059354" result="Passed" start-time="2018-05-11 10:27:04Z" end-time="2018-05-11 10:27:04Z" duration="0.001273" asserts="1" />
              <test-case id="6-1349" name="TwoInstancesAreNotEqualIfTimestampDiffers" fullname="Dynatrace.OpenKit.Core.Caching.BeaconCacheRecordTest.TwoInstancesAreNotEqualIfTimestampDiffers" methodname="TwoInstancesAreNotEqualIfTimestampDiffers" classname="Dynatrace.OpenKit.Core.Caching.BeaconCacheRecordTest" runstate="Runnable" seed="839021629" result="Passed" start-time="2018-05-11 10:27:04Z" end-time="2018-05-11 10:27:04Z" duration="0.000407" asserts="1" />
            </test-suite>
            <test-suite type="TestFixture" id="6-1355" name="BeaconCacheTest" fullname="Dynatrace.OpenKit.Core.Caching.BeaconCacheTest" classname="Dynatrace.OpenKit.Core.Caching.BeaconCacheTest" runstate="Runnable" testcasecount="29" result="Passed" start-time="2018-05-11 10:27:04Z" end-time="2018-05-11 10:27:04Z" duration="0.075814" total="29" passed="29" failed="0" warnings="0" inconclusive="0" skipped="0" asserts="64">
              <test-case id="6-1360" name="AddActionDataAddsBeaconIdToCache" fullname="Dynatrace.OpenKit.Core.Caching.BeaconCacheTest.AddActionDataAddsBeaconIdToCache" methodname="AddActionDataAddsBeaconIdToCache" classname="Dynatrace.OpenKit.Core.Caching.BeaconCacheTest" runstate="Runnable" seed="182784686" result="Passed" start-time="2018-05-11 10:27:04Z" end-time="2018-05-11 10:27:04Z" duration="0.016659" asserts="5" />
              <test-case id="6-1361" name="AddActionDataAddsDataToAlreadyExistingBeaconId" fullname="Dynatrace.OpenKit.Core.Caching.BeaconCacheTest.AddActionDataAddsDataToAlreadyExistingBeaconId" methodname="AddActionDataAddsDataToAlreadyExistingBeaconId" classname="Dynatrace.OpenKit.Core.Caching.BeaconCacheTest" runstate="Runnable" seed="903706495" result="Passed" start-time="2018-05-11 10:27:04Z" end-time="2018-05-11 10:27:04Z" duration="0.001169" asserts="4" />
              <test-case id="6-1362" name="AddActionDataIncreasesCacheSize" fullname="Dynatrace.OpenKit.Core.Caching.BeaconCacheTest.AddActionDataIncreasesCacheSize" methodname="AddActionDataIncreasesCacheSize" classname="Dynatrace.OpenKit.Core.Caching.BeaconCacheTest" runstate="Runnable" seed="1248628094" result="Passed" start-time="2018-05-11 10:27:04Z" end-time="2018-05-11 10:27:04Z" duration="0.003698" asserts="1" />
              <test-case id="6-1363" name="AddActionDataRaisesEvent" fullname="Dynatrace.OpenKit.Core.Caching.BeaconCacheTest.AddActionDataRaisesEvent" methodname="AddActionDataRaisesEvent" classname="Dynatrace.OpenKit.Core.Caching.BeaconCacheTest" runstate="Runnable" seed="304509397" result="Passed" start-time="2018-05-11 10:27:04Z" end-time="2018-05-11 10:27:04Z" duration="0.002481" asserts="2" />
              <test-case id="6-1357" name="AddEventDataAddsBeaconIdToCache" fullname="Dynatrace.OpenKit.Core.Caching.BeaconCacheTest.AddEventDataAddsBeaconIdToCache" methodname="AddEventDataAddsBeaconIdToCache" classname="Dynatrace.OpenKit.Core.Caching.BeaconCacheTest" runstate="Runnable" seed="1259334183" result="Passed" start-time="2018-05-11 10:27:04Z" end-time="2018-05-11 10:27:04Z" duration="0.002158" asserts="5" />
              <test-case id="6-1358" name="AddEventDataAddsDataToAlreadyExistingBeaconId" fullname="Dynatrace.OpenKit.Core.Caching.BeaconCacheTest.AddEventDataAddsDataToAlreadyExistingBeaconId" methodname="AddEventDataAddsDataToAlreadyExistingBeaconId" classname="Dynatrace.OpenKit.Core.Caching.BeaconCacheTest" runstate="Runnable" seed="2011110784" result="Passed" start-time="2018-05-11 10:27:04Z" end-time="2018-05-11 10:27:04Z" duration="0.001089" asserts="4" />
              <test-case id="6-1359" name="AddEventDataIncreasesCacheSize" fullname="Dynatrace.OpenKit.Core.Caching.BeaconCacheTest.AddEventDataIncreasesCacheSize" methodname="AddEventDataIncreasesCacheSize" classname="Dynatrace.OpenKit.Core.Caching.BeaconCacheTest" runstate="Runnable" seed="1293570947" result="Passed" start-time="2018-05-11 10:27:04Z" end-time="2018-05-11 10:27:04Z" duration="0.000645" asserts="1" />
              <test-case id="6-1356" name="ADefaultConstructedCacheDoesNotContainBeacons" fullname="Dynatrace.OpenKit.Core.Caching.BeaconCacheTest.ADefaultConstructedCacheDoesNotContainBeacons" methodname="ADefaultConstructedCacheDoesNotContainBeacons" classname="Dynatrace.OpenKit.Core.Caching.BeaconCacheTest" runstate="Runnable" seed="750888979" result="Passed" start-time="2018-05-11 10:27:04Z" end-time="2018-05-11 10:27:04Z" duration="0.000586" asserts="2" />
              <test-case id="6-1367" name="DeleteCacheEntriesDoesNothingIfGivenBeaconIDIsNotInCache" fullname="Dynatrace.OpenKit.Core.Caching.BeaconCacheTest.DeleteCacheEntriesDoesNothingIfGivenBeaconIDIsNotInCache" methodname="DeleteCacheEntriesDoesNothingIfGivenBeaconIDIsNotInCache" classname="Dynatrace.OpenKit.Core.Caching.BeaconCacheTest" runstate="Runnable" seed="201421933" result="Passed" start-time="2018-05-11 10:27:04Z" end-time="2018-05-11 10:27:04Z" duration="0.001366" asserts="3" />
              <test-case id="6-1365" name="DeleteCacheEntryDecrementsCacheSize" fullname="Dynatrace.OpenKit.Core.Caching.BeaconCacheTest.DeleteCacheEntryDecrementsCacheSize" methodname="DeleteCacheEntryDecrementsCacheSize" classname="Dynatrace.OpenKit.Core.Caching.BeaconCacheTest" runstate="Runnable" seed="982833605" result="Passed" start-time="2018-05-11 10:27:04Z" end-time="2018-05-11 10:27:04Z" duration="0.000909" asserts="1" />
              <test-case id="6-1366" name="DeleteCacheEntryDoesNotRaiseEvent" fullname="Dynatrace.OpenKit.Core.Caching.BeaconCacheTest.DeleteCacheEntryDoesNotRaiseEvent" methodname="DeleteCacheEntryDoesNotRaiseEvent" classname="Dynatrace.OpenKit.Core.Caching.BeaconCacheTest" runstate="Runnable" seed="1604774620" result="Passed" start-time="2018-05-11 10:27:04Z" end-time="2018-05-11 10:27:04Z" duration="0.000804" asserts="1" />
              <test-case id="6-1364" name="DeleteCacheEntryRemovesTheGivenBeacon" fullname="Dynatrace.OpenKit.Core.Caching.BeaconCacheTest.DeleteCacheEntryRemovesTheGivenBeacon" methodname="DeleteCacheEntryRemovesTheGivenBeacon" classname="Dynatrace.OpenKit.Core.Caching.BeaconCacheTest" runstate="Runnable" seed="1588953229" result="Passed" start-time="2018-05-11 10:27:04Z" end-time="2018-05-11 10:27:04Z" duration="0.000682" asserts="2" />
              <test-case id="6-1379" name="EvictRecordsByAge" fullname="Dynatrace.OpenKit.Core.Caching.BeaconCacheTest.EvictRecordsByAge" methodname="EvictRecordsByAge" classname="Dynatrace.OpenKit.Core.Caching.BeaconCacheTest" runstate="Runnable" seed="93590598" result="Passed" start-time="2018-05-11 10:27:04Z" end-time="2018-05-11 10:27:04Z" duration="0.001444" asserts="1" />
              <test-case id="6-1378" name="EvictRecordsByAgeDoesNothingAndReturnsZeroIfBeaconIDDoesNotExist" fullname="Dynatrace.OpenKit.Core.Caching.BeaconCacheTest.EvictRecordsByAgeDoesNothingAndReturnsZeroIfBeaconIDDoesNotExist" methodname="EvictRecordsByAgeDoesNothingAndReturnsZeroIfBeaconIDDoesNotExist" classname="Dynatrace.OpenKit.Core.Caching.BeaconCacheTest" runstate="Runnable" seed="1720120444" result="Passed" start-time="2018-05-11 10:27:04Z" end-time="2018-05-11 10:27:04Z" duration="0.000665" asserts="1" />
              <test-case id="6-1381" name="EvictRecordsByNumber" fullname="Dynatrace.OpenKit.Core.Caching.BeaconCacheTest.EvictRecordsByNumber" methodname="EvictRecordsByNumber" classname="Dynatrace.OpenKit.Core.Caching.BeaconCacheTest" runstate="Runnable" seed="1911293769" result="Passed" start-time="2018-05-11 10:27:04Z" end-time="2018-05-11 10:27:04Z" duration="0.001665" asserts="1" />
              <test-case id="6-1380" name="EvictRecordsByNumberDoesNothingAndReturnsZeroIfBeaconIDDoesNotExist" fullname="Dynatrace.OpenKit.Core.Caching.BeaconCacheTest.EvictRecordsByNumberDoesNothingAndReturnsZeroIfBeaconIDDoesNotExist" methodname="EvictRecordsByNumberDoesNothingAndReturnsZeroIfBeaconIDDoesNotExist" classname="Dynatrace.OpenKit.Core.Caching.BeaconCacheTest" runstate="Runnable" seed="1489448083" result="Passed" start-time="2018-05-11 10:27:04Z" end-time="2018-05-11 10:27:04Z" duration="0.000914" asserts="1" />
              <test-case id="6-1369" name="GetNextBeaconChunkCopiesDataForSending" fullname="Dynatrace.OpenKit.Core.Caching.BeaconCacheTest.GetNextBeaconChunkCopiesDataForSending" methodname="GetNextBeaconChunkCopiesDataForSending" classname="Dynatrace.OpenKit.Core.Caching.BeaconCacheTest" runstate="Runnable" seed="811628923" result="Passed" start-time="2018-05-11 10:27:04Z" end-time="2018-05-11 10:27:04Z" duration="0.008090" asserts="5" />
              <test-case id="6-1370" name="GetNextBeaconChunkDecreasesBeaconCacheSize" fullname="Dynatrace.OpenKit.Core.Caching.BeaconCacheTest.GetNextBeaconChunkDecreasesBeaconCacheSize" methodname="GetNextBeaconChunkDecreasesBeaconCacheSize" classname="Dynatrace.OpenKit.Core.Caching.BeaconCacheTest" runstate="Runnable" seed="722536310" result="Passed" start-time="2018-05-11 10:27:04Z" end-time="2018-05-11 10:27:04Z" duration="0.001665" asserts="1" />
              <test-case id="6-1371" name="getNextBeaconChunkRetrievesNextChunk" fullname="Dynatrace.OpenKit.Core.Caching.BeaconCacheTest.getNextBeaconChunkRetrievesNextChunk" methodname="getNextBeaconChunkRetrievesNextChunk" classname="Dynatrace.OpenKit.Core.Caching.BeaconCacheTest" runstate="Runnable" seed="2056249164" result="Passed" start-time="2018-05-11 10:27:04Z" end-time="2018-05-11 10:27:04Z" duration="0.001270" asserts="3" />
              <test-case id="6-1368" name="GetNextBeaconChunkReturnsNullIfGivenBeaconIDDoesNotExist" fullname="Dynatrace.OpenKit.Core.Caching.BeaconCacheTest.GetNextBeaconChunkReturnsNullIfGivenBeaconIDDoesNotExist" methodname="GetNextBeaconChunkReturnsNullIfGivenBeaconIDDoesNotExist" classname="Dynatrace.OpenKit.Core.Caching.BeaconCacheTest" runstate="Runnable" seed="1010142168" result="Passed" start-time="2018-05-11 10:27:04Z" end-time="2018-05-11 10:27:04Z" duration="0.001968" asserts="1" />
              <test-case id="6-1383" name="IsEmptyGivesFalseIfBeaconDataSizeIsNotEqualToZero" fullname="Dynatrace.OpenKit.Core.Caching.BeaconCacheTest.IsEmptyGivesFalseIfBeaconDataSizeIsNotEqualToZero" methodname="IsEmptyGivesFalseIfBeaconDataSizeIsNotEqualToZero" classname="Dynatrace.OpenKit.Core.Caching.BeaconCacheTest" runstate="Runnable" seed="1046645303" result="Passed" start-time="2018-05-11 10:27:04Z" end-time="2018-05-11 10:27:04Z" duration="0.000536" asserts="1" />
              <test-case id="6-1384" name="IsEmptyGivesTrueIfBeaconDoesNotContainActiveData" fullname="Dynatrace.OpenKit.Core.Caching.BeaconCacheTest.IsEmptyGivesTrueIfBeaconDoesNotContainActiveData" methodname="IsEmptyGivesTrueIfBeaconDoesNotContainActiveData" classname="Dynatrace.OpenKit.Core.Caching.BeaconCacheTest" runstate="Runnable" seed="2041242844" result="Passed" start-time="2018-05-11 10:27:04Z" end-time="2018-05-11 10:27:04Z" duration="0.000545" asserts="1" />
              <test-case id="6-1382" name="IsEmptyGivesTrueIfBeaconDoesNotExistInCache" fullname="Dynatrace.OpenKit.Core.Caching.BeaconCacheTest.IsEmptyGivesTrueIfBeaconDoesNotExistInCache" methodname="IsEmptyGivesTrueIfBeaconDoesNotExistInCache" classname="Dynatrace.OpenKit.Core.Caching.BeaconCacheTest" runstate="Runnable" seed="1538520985" result="Passed" start-time="2018-05-11 10:27:04Z" end-time="2018-05-11 10:27:04Z" duration="0.000561" asserts="1" />
              <test-case id="6-1372" name="RemoveChunkedDataClearsAlreadyRetrievedChunks" fullname="Dynatrace.OpenKit.Core.Caching.BeaconCacheTest.RemoveChunkedDataClearsAlreadyRetrievedChunks" methodname="RemoveChunkedDataClearsAlreadyRetrievedChunks" classname="Dynatrace.OpenKit.Core.Caching.BeaconCacheTest" runstate="Runnable" seed="1252422873" result="Passed" start-time="2018-05-11 10:27:04Z" end-time="2018-05-11 10:27:04Z" duration="0.002047" asserts="6" />
              <test-case id="6-1373" name="RemoveChunkedDataDoesNothingIfCalledWithNonExistingBeaconID" fullname="Dynatrace.OpenKit.Core.Caching.BeaconCacheTest.RemoveChunkedDataDoesNothingIfCalledWithNonExistingBeaconID" methodname="RemoveChunkedDataDoesNothingIfCalledWithNonExistingBeaconID" classname="Dynatrace.OpenKit.Core.Caching.BeaconCacheTest" runstate="Runnable" seed="457570947" result="Passed" start-time="2018-05-11 10:27:04Z" end-time="2018-05-11 10:27:04Z" duration="0.001218" asserts="2" />
              <test-case id="6-1377" name="ResetChunkedDoesNothingIfEntryDoesNotExist" fullname="Dynatrace.OpenKit.Core.Caching.BeaconCacheTest.ResetChunkedDoesNothingIfEntryDoesNotExist" methodname="ResetChunkedDoesNothingIfEntryDoesNotExist" classname="Dynatrace.OpenKit.Core.Caching.BeaconCacheTest" runstate="Runnable" seed="66410400" result="Passed" start-time="2018-05-11 10:27:04Z" end-time="2018-05-11 10:27:04Z" duration="0.001997" asserts="2" />
              <test-case id="6-1376" name="ResetChunkedRaisesEvent" fullname="Dynatrace.OpenKit.Core.Caching.BeaconCacheTest.ResetChunkedRaisesEvent" methodname="ResetChunkedRaisesEvent" classname="Dynatrace.OpenKit.Core.Caching.BeaconCacheTest" runstate="Runnable" seed="58622948" result="Passed" start-time="2018-05-11 10:27:04Z" end-time="2018-05-11 10:27:04Z" duration="0.001217" asserts="1" />
              <test-case id="6-1375" name="ResetChunkedRestoresCacheSize" fullname="Dynatrace.OpenKit.Core.Caching.BeaconCacheTest.ResetChunkedRestoresCacheSize" methodname="ResetChunkedRestoresCacheSize" classname="Dynatrace.OpenKit.Core.Caching.BeaconCacheTest" runstate="Runnable" seed="2024372915" result="Passed" start-time="2018-05-11 10:27:04Z" end-time="2018-05-11 10:27:04Z" duration="0.000931" asserts="1" />
              <test-case id="6-1374" name="ResetChunkedRestoresData" fullname="Dynatrace.OpenKit.Core.Caching.BeaconCacheTest.ResetChunkedRestoresData" methodname="ResetChunkedRestoresData" classname="Dynatrace.OpenKit.Core.Caching.BeaconCacheTest" runstate="Runnable" seed="503817461" result="Passed" start-time="2018-05-11 10:27:04Z" end-time="2018-05-11 10:27:04Z" duration="0.001551" asserts="4" />
            </test-suite>
            <test-suite type="TestFixture" id="6-1385" name="SpaceEvictionStrategyTest" fullname="Dynatrace.OpenKit.Core.Caching.SpaceEvictionStrategyTest" classname="Dynatrace.OpenKit.Core.Caching.SpaceEvictionStrategyTest" runstate="Runnable" testcasecount="16" result="Passed" start-time="2018-05-11 10:27:04Z" end-time="2018-05-11 10:27:04Z" duration="0.042279" total="16" passed="16" failed="0" warnings="0" inconclusive="0" skipped="0" asserts="8">
              <test-case id="6-1396" name="ExecuteEvictionCallsCacheMethodForEachBeacon" fullname="Dynatrace.OpenKit.Core.Caching.SpaceEvictionStrategyTest.ExecuteEvictionCallsCacheMethodForEachBeacon" methodname="ExecuteEvictionCallsCacheMethodForEachBeacon" classname="Dynatrace.OpenKit.Core.Caching.SpaceEvictionStrategyTest" runstate="Runnable" seed="4460837" result="Passed" start-time="2018-05-11 10:27:04Z" end-time="2018-05-11 10:27:04Z" duration="0.016130" asserts="0" />
              <test-case id="6-1398" name="ExecuteEvictionDoesNotLogEvictionResultIfDebugIsDisabled" fullname="Dynatrace.OpenKit.Core.Caching.SpaceEvictionStrategyTest.ExecuteEvictionDoesNotLogEvictionResultIfDebugIsDisabled" methodname="ExecuteEvictionDoesNotLogEvictionResultIfDebugIsDisabled" classname="Dynatrace.OpenKit.Core.Caching.SpaceEvictionStrategyTest" runstate="Runnable" seed="802252277" result="Passed" start-time="2018-05-11 10:27:04Z" end-time="2018-05-11 10:27:04Z" duration="0.006348" asserts="0" />
              <test-case id="6-1395" name="ExecuteEvictionDoesNotLogIfStrategyIsDisabledAndInfoIsDisabledInLogger" fullname="Dynatrace.OpenKit.Core.Caching.SpaceEvictionStrategyTest.ExecuteEvictionDoesNotLogIfStrategyIsDisabledAndInfoIsDisabledInLogger" methodname="ExecuteEvictionDoesNotLogIfStrategyIsDisabledAndInfoIsDisabledInLogger" classname="Dynatrace.OpenKit.Core.Caching.SpaceEvictionStrategyTest" runstate="Runnable" seed="1012241162" result="Passed" start-time="2018-05-11 10:27:04Z" end-time="2018-05-11 10:27:04Z" duration="0.001299" asserts="0" />
              <test-case id="6-1394" name="ExecuteEvictionLogsAMessageOnceAndReturnsIfStrategyIsDisabled" fullname="Dynatrace.OpenKit.Core.Caching.SpaceEvictionStrategyTest.ExecuteEvictionLogsAMessageOnceAndReturnsIfStrategyIsDisabled" methodname="ExecuteEvictionLogsAMessageOnceAndReturnsIfStrategyIsDisabled" classname="Dynatrace.OpenKit.Core.Caching.SpaceEvictionStrategyTest" runstate="Runnable" seed="1416649651" result="Passed" start-time="2018-05-11 10:27:04Z" end-time="2018-05-11 10:27:04Z" duration="0.001833" asserts="0" />
              <test-case id="6-1397" name="ExecuteEvictionLogsEvictionResultIfDebugIsEnabled" fullname="Dynatrace.OpenKit.Core.Caching.SpaceEvictionStrategyTest.ExecuteEvictionLogsEvictionResultIfDebugIsEnabled" methodname="ExecuteEvictionLogsEvictionResultIfDebugIsEnabled" classname="Dynatrace.OpenKit.Core.Caching.SpaceEvictionStrategyTest" runstate="Runnable" seed="1658797382" result="Passed" start-time="2018-05-11 10:27:04Z" end-time="2018-05-11 10:27:04Z" duration="0.005071" asserts="0" />
              <test-case id="6-1399" name="ExecuteEvictionRunsUntilTheCacheSizeIsLessThanOrEqualToLowerBound" fullname="Dynatrace.OpenKit.Core.Caching.SpaceEvictionStrategyTest.ExecuteEvictionRunsUntilTheCacheSizeIsLessThanOrEqualToLowerBound" methodname="ExecuteEvictionRunsUntilTheCacheSizeIsLessThanOrEqualToLowerBound" classname="Dynatrace.OpenKit.Core.Caching.SpaceEvictionStrategyTest" runstate="Runnable" seed="1959160943" result="Passed" start-time="2018-05-11 10:27:04Z" end-time="2018-05-11 10:27:04Z" duration="0.001555" asserts="0" />
              <test-case id="6-1401" name="ExecuteEvictionStopsIfNumBytesInCacheFallsBelowLowerBoundBetweenTwoBeacons" fullname="Dynatrace.OpenKit.Core.Caching.SpaceEvictionStrategyTest.ExecuteEvictionStopsIfNumBytesInCacheFallsBelowLowerBoundBetweenTwoBeacons" methodname="ExecuteEvictionStopsIfNumBytesInCacheFallsBelowLowerBoundBetweenTwoBeacons" classname="Dynatrace.OpenKit.Core.Caching.SpaceEvictionStrategyTest" runstate="Runnable" seed="386111916" result="Passed" start-time="2018-05-11 10:27:04Z" end-time="2018-05-11 10:27:04Z" duration="0.002077" asserts="0" />
              <test-case id="6-1400" name="ÉxecuteEvictionStopsIfThreadGetsInterruptedBetweenTwoBeacons" fullname="Dynatrace.OpenKit.Core.Caching.SpaceEvictionStrategyTest.ÉxecuteEvictionStopsIfThreadGetsInterruptedBetweenTwoBeacons" methodname="ÉxecuteEvictionStopsIfThreadGetsInterruptedBetweenTwoBeacons" classname="Dynatrace.OpenKit.Core.Caching.SpaceEvictionStrategyTest" runstate="Runnable" seed="1989383735" result="Passed" start-time="2018-05-11 10:27:04Z" end-time="2018-05-11 10:27:04Z" duration="0.003685" asserts="0" />
              <test-case id="6-1392" name="ShouldRunGivesFalseIfNumBytesInCacheIsEqualToUpperBoundLimit" fullname="Dynatrace.OpenKit.Core.Caching.SpaceEvictionStrategyTest.ShouldRunGivesFalseIfNumBytesInCacheIsEqualToUpperBoundLimit" methodname="ShouldRunGivesFalseIfNumBytesInCacheIsEqualToUpperBoundLimit" classname="Dynatrace.OpenKit.Core.Caching.SpaceEvictionStrategyTest" runstate="Runnable" seed="103451075" result="Passed" start-time="2018-05-11 10:27:04Z" end-time="2018-05-11 10:27:04Z" duration="0.000626" asserts="1" />
              <test-case id="6-1393" name="ShouldRunGivesFalseIfNumBytesInCacheIsLessThanUpperBoundLimit" fullname="Dynatrace.OpenKit.Core.Caching.SpaceEvictionStrategyTest.ShouldRunGivesFalseIfNumBytesInCacheIsLessThanUpperBoundLimit" methodname="ShouldRunGivesFalseIfNumBytesInCacheIsLessThanUpperBoundLimit" classname="Dynatrace.OpenKit.Core.Caching.SpaceEvictionStrategyTest" runstate="Runnable" seed="674521328" result="Passed" start-time="2018-05-11 10:27:04Z" end-time="2018-05-11 10:27:04Z" duration="0.000571" asserts="1" />
              <test-case id="6-1391" name="ShouldRunGivesTrueIfNumBytesInCacheIsGreaterThanUpperBoundLimit" fullname="Dynatrace.OpenKit.Core.Caching.SpaceEvictionStrategyTest.ShouldRunGivesTrueIfNumBytesInCacheIsGreaterThanUpperBoundLimit" methodname="ShouldRunGivesTrueIfNumBytesInCacheIsGreaterThanUpperBoundLimit" classname="Dynatrace.OpenKit.Core.Caching.SpaceEvictionStrategyTest" runstate="Runnable" seed="523452277" result="Passed" start-time="2018-05-11 10:27:04Z" end-time="2018-05-11 10:27:04Z" duration="0.000561" asserts="1" />
              <test-case id="6-1387" name="TheStrategyIsDisabledIfCacheSizeLowerBoundIsEqualToZero" fullname="Dynatrace.OpenKit.Core.Caching.SpaceEvictionStrategyTest.TheStrategyIsDisabledIfCacheSizeLowerBoundIsEqualToZero" methodname="TheStrategyIsDisabledIfCacheSizeLowerBoundIsEqualToZero" classname="Dynatrace.OpenKit.Core.Caching.SpaceEvictionStrategyTest" runstate="Runnable" seed="1301025240" result="Passed" start-time="2018-05-11 10:27:04Z" end-time="2018-05-11 10:27:04Z" duration="0.000434" asserts="1" />
              <test-case id="6-1386" name="TheStrategyIsDisabledIfCacheSizeLowerBoundIsLessThanZero" fullname="Dynatrace.OpenKit.Core.Caching.SpaceEvictionStrategyTest.TheStrategyIsDisabledIfCacheSizeLowerBoundIsLessThanZero" methodname="TheStrategyIsDisabledIfCacheSizeLowerBoundIsLessThanZero" classname="Dynatrace.OpenKit.Core.Caching.SpaceEvictionStrategyTest" runstate="Runnable" seed="444448661" result="Passed" start-time="2018-05-11 10:27:04Z" end-time="2018-05-11 10:27:04Z" duration="0.000429" asserts="1" />
              <test-case id="6-1389" name="TheStrategyIsDisabledIfCacheSizeUpperBoundIsEqualToZero" fullname="Dynatrace.OpenKit.Core.Caching.SpaceEvictionStrategyTest.TheStrategyIsDisabledIfCacheSizeUpperBoundIsEqualToZero" methodname="TheStrategyIsDisabledIfCacheSizeUpperBoundIsEqualToZero" classname="Dynatrace.OpenKit.Core.Caching.SpaceEvictionStrategyTest" runstate="Runnable" seed="682149084" result="Passed" start-time="2018-05-11 10:27:04Z" end-time="2018-05-11 10:27:04Z" duration="0.000390" asserts="1" />
              <test-case id="6-1390" name="TheStrategyIsDisabledIfCacheSizeUpperBoundIsLessThanLowerBound" fullname="Dynatrace.OpenKit.Core.Caching.SpaceEvictionStrategyTest.TheStrategyIsDisabledIfCacheSizeUpperBoundIsLessThanLowerBound" methodname="TheStrategyIsDisabledIfCacheSizeUpperBoundIsLessThanLowerBound" classname="Dynatrace.OpenKit.Core.Caching.SpaceEvictionStrategyTest" runstate="Runnable" seed="2111469383" result="Passed" start-time="2018-05-11 10:27:04Z" end-time="2018-05-11 10:27:04Z" duration="0.000396" asserts="1" />
              <test-case id="6-1388" name="TheStrategyIsDisabledIfCacheSizeUpperBoundIsLessThanZero" fullname="Dynatrace.OpenKit.Core.Caching.SpaceEvictionStrategyTest.TheStrategyIsDisabledIfCacheSizeUpperBoundIsLessThanZero" methodname="TheStrategyIsDisabledIfCacheSizeUpperBoundIsLessThanZero" classname="Dynatrace.OpenKit.Core.Caching.SpaceEvictionStrategyTest" runstate="Runnable" seed="1508089404" result="Passed" start-time="2018-05-11 10:27:04Z" end-time="2018-05-11 10:27:04Z" duration="0.000363" asserts="1" />
            </test-suite>
            <test-suite type="TestFixture" id="6-1402" name="TimeEvicitionStrategyTest" fullname="Dynatrace.OpenKit.Core.Caching.TimeEvicitionStrategyTest" classname="Dynatrace.OpenKit.Core.Caching.TimeEvicitionStrategyTest" runstate="Runnable" testcasecount="14" result="Passed" start-time="2018-05-11 10:27:04Z" end-time="2018-05-11 10:27:04Z" duration="0.022827" total="14" passed="14" failed="0" warnings="0" inconclusive="0" skipped="0" asserts="11">
              <test-case id="6-1414" name="ExecuteEvictionCallsEvictionForEachBeaconSeparately" fullname="Dynatrace.OpenKit.Core.Caching.TimeEvicitionStrategyTest.ExecuteEvictionCallsEvictionForEachBeaconSeparately" methodname="ExecuteEvictionCallsEvictionForEachBeaconSeparately" classname="Dynatrace.OpenKit.Core.Caching.TimeEvicitionStrategyTest" runstate="Runnable" seed="1844946612" result="Passed" start-time="2018-05-11 10:27:04Z" end-time="2018-05-11 10:27:04Z" duration="0.008310" asserts="1" />
              <test-case id="6-1411" name="ExecuteEvictionDoesNotLogIfStrategyIsDisabledAndInfoIsDisabledInLogger" fullname="Dynatrace.OpenKit.Core.Caching.TimeEvicitionStrategyTest.ExecuteEvictionDoesNotLogIfStrategyIsDisabledAndInfoIsDisabledInLogger" methodname="ExecuteEvictionDoesNotLogIfStrategyIsDisabledAndInfoIsDisabledInLogger" classname="Dynatrace.OpenKit.Core.Caching.TimeEvicitionStrategyTest" runstate="Runnable" seed="1754106603" result="Passed" start-time="2018-05-11 10:27:04Z" end-time="2018-05-11 10:27:04Z" duration="0.002172" asserts="0" />
              <test-case id="6-1416" name="ExecuteEvictionIsStoppedIfThreadGetsInterrupted" fullname="Dynatrace.OpenKit.Core.Caching.TimeEvicitionStrategyTest.ExecuteEvictionIsStoppedIfThreadGetsInterrupted" methodname="ExecuteEvictionIsStoppedIfThreadGetsInterrupted" classname="Dynatrace.OpenKit.Core.Caching.TimeEvicitionStrategyTest" runstate="Runnable" seed="1354415927" result="Passed" start-time="2018-05-11 10:27:04Z" end-time="2018-05-11 10:27:04Z" duration="0.002390" asserts="0" />
              <test-case id="6-1410" name="ExecuteEvictionLogsAMessageOnceAndReturnsIfStrategyIsDisabled" fullname="Dynatrace.OpenKit.Core.Caching.TimeEvicitionStrategyTest.ExecuteEvictionLogsAMessageOnceAndReturnsIfStrategyIsDisabled" methodname="ExecuteEvictionLogsAMessageOnceAndReturnsIfStrategyIsDisabled" classname="Dynatrace.OpenKit.Core.Caching.TimeEvicitionStrategyTest" runstate="Runnable" seed="1655971340" result="Passed" start-time="2018-05-11 10:27:04Z" end-time="2018-05-11 10:27:04Z" duration="0.003004" asserts="0" />
              <test-case id="6-1415" name="ExecuteEvictionLogsTheNumberOfRecordsRemoved" fullname="Dynatrace.OpenKit.Core.Caching.TimeEvicitionStrategyTest.ExecuteEvictionLogsTheNumberOfRecordsRemoved" methodname="ExecuteEvictionLogsTheNumberOfRecordsRemoved" classname="Dynatrace.OpenKit.Core.Caching.TimeEvicitionStrategyTest" runstate="Runnable" seed="1058325400" result="Passed" start-time="2018-05-11 10:27:04Z" end-time="2018-05-11 10:27:04Z" duration="0.001313" asserts="0" />
              <test-case id="6-1413" name="ExecuteEvictionStopsIfNoBeaconIdsAreAvailableInCache" fullname="Dynatrace.OpenKit.Core.Caching.TimeEvicitionStrategyTest.ExecuteEvictionStopsIfNoBeaconIdsAreAvailableInCache" methodname="ExecuteEvictionStopsIfNoBeaconIdsAreAvailableInCache" classname="Dynatrace.OpenKit.Core.Caching.TimeEvicitionStrategyTest" runstate="Runnable" seed="1437739528" result="Passed" start-time="2018-05-11 10:27:04Z" end-time="2018-05-11 10:27:04Z" duration="0.001005" asserts="1" />
              <test-case id="6-1412" name="LastRuntimeStampIsAdjustedDuringFirstExecution" fullname="Dynatrace.OpenKit.Core.Caching.TimeEvicitionStrategyTest.LastRuntimeStampIsAdjustedDuringFirstExecution" methodname="LastRuntimeStampIsAdjustedDuringFirstExecution" classname="Dynatrace.OpenKit.Core.Caching.TimeEvicitionStrategyTest" runstate="Runnable" seed="366151716" result="Passed" start-time="2018-05-11 10:27:04Z" end-time="2018-05-11 10:27:04Z" duration="0.000945" asserts="2" />
              <test-case id="6-1407" name="ShouldRunGivesFalseIfLastRunIsLessThanMaxAgeMillisecondsAgo" fullname="Dynatrace.OpenKit.Core.Caching.TimeEvicitionStrategyTest.ShouldRunGivesFalseIfLastRunIsLessThanMaxAgeMillisecondsAgo" methodname="ShouldRunGivesFalseIfLastRunIsLessThanMaxAgeMillisecondsAgo" classname="Dynatrace.OpenKit.Core.Caching.TimeEvicitionStrategyTest" runstate="Runnable" seed="1579341579" result="Passed" start-time="2018-05-11 10:27:04Z" end-time="2018-05-11 10:27:04Z" duration="0.000596" asserts="1" />
              <test-case id="6-1408" name="ShouldRunGivesTrueIfLastRunIsExactlyMaxAgeMillisecondsAgo" fullname="Dynatrace.OpenKit.Core.Caching.TimeEvicitionStrategyTest.ShouldRunGivesTrueIfLastRunIsExactlyMaxAgeMillisecondsAgo" methodname="ShouldRunGivesTrueIfLastRunIsExactlyMaxAgeMillisecondsAgo" classname="Dynatrace.OpenKit.Core.Caching.TimeEvicitionStrategyTest" runstate="Runnable" seed="1009477499" result="Passed" start-time="2018-05-11 10:27:04Z" end-time="2018-05-11 10:27:04Z" duration="0.000505" asserts="1" />
              <test-case id="6-1409" name="ShouldRunGivesTrueIfLastRunIsMoreThanMaxAgeMillisecondsAgo" fullname="Dynatrace.OpenKit.Core.Caching.TimeEvicitionStrategyTest.ShouldRunGivesTrueIfLastRunIsMoreThanMaxAgeMillisecondsAgo" methodname="ShouldRunGivesTrueIfLastRunIsMoreThanMaxAgeMillisecondsAgo" classname="Dynatrace.OpenKit.Core.Caching.TimeEvicitionStrategyTest" runstate="Runnable" seed="1494150237" result="Passed" start-time="2018-05-11 10:27:04Z" end-time="2018-05-11 10:27:04Z" duration="0.000486" asserts="1" />
              <test-case id="6-1403" name="TheInitialLastRunTimestampIsMinusOne" fullname="Dynatrace.OpenKit.Core.Caching.TimeEvicitionStrategyTest.TheInitialLastRunTimestampIsMinusOne" methodname="TheInitialLastRunTimestampIsMinusOne" classname="Dynatrace.OpenKit.Core.Caching.TimeEvicitionStrategyTest" runstate="Runnable" seed="2143707724" result="Passed" start-time="2018-05-11 10:27:04Z" end-time="2018-05-11 10:27:04Z" duration="0.000476" asserts="1" />
              <test-case id="6-1404" name="TheStrategyIsDisabledIfBeaconMaxAgeIsSetToLessThanZero" fullname="Dynatrace.OpenKit.Core.Caching.TimeEvicitionStrategyTest.TheStrategyIsDisabledIfBeaconMaxAgeIsSetToLessThanZero" methodname="TheStrategyIsDisabledIfBeaconMaxAgeIsSetToLessThanZero" classname="Dynatrace.OpenKit.Core.Caching.TimeEvicitionStrategyTest" runstate="Runnable" seed="68772060" result="Passed" start-time="2018-05-11 10:27:04Z" end-time="2018-05-11 10:27:04Z" duration="0.000391" asserts="1" />
              <test-case id="6-1405" name="TheStrategyIsDisabledIfBeaconMaxAgeIsSetToZero" fullname="Dynatrace.OpenKit.Core.Caching.TimeEvicitionStrategyTest.TheStrategyIsDisabledIfBeaconMaxAgeIsSetToZero" methodname="TheStrategyIsDisabledIfBeaconMaxAgeIsSetToZero" classname="Dynatrace.OpenKit.Core.Caching.TimeEvicitionStrategyTest" runstate="Runnable" seed="275394663" result="Passed" start-time="2018-05-11 10:27:04Z" end-time="2018-05-11 10:27:04Z" duration="0.000401" asserts="1" />
              <test-case id="6-1406" name="TheStrategyIsNotDisabledIFMaxRecordAgeIsGreaterThanZero" fullname="Dynatrace.OpenKit.Core.Caching.TimeEvicitionStrategyTest.TheStrategyIsNotDisabledIFMaxRecordAgeIsGreaterThanZero" methodname="TheStrategyIsNotDisabledIFMaxRecordAgeIsGreaterThanZero" classname="Dynatrace.OpenKit.Core.Caching.TimeEvicitionStrategyTest" runstate="Runnable" seed="822461156" result="Passed" start-time="2018-05-11 10:27:04Z" end-time="2018-05-11 10:27:04Z" duration="0.000393" asserts="1" />
            </test-suite>
          </test-suite>
          <test-suite type="TestSuite" id="6-1424" name="Communication" fullname="Dynatrace.OpenKit.Core.Communication" runstate="Runnable" testcasecount="71" result="Passed" start-time="2018-05-11 10:27:03Z" end-time="2018-05-11 10:27:05Z" duration="1.613712" total="71" passed="71" failed="0" warnings="0" inconclusive="0" skipped="0" asserts="48">
            <test-suite type="TestFixture" id="6-1214" name="BeaconSendingCaptureOffStateTest" fullname="Dynatrace.OpenKit.Core.Communication.BeaconSendingCaptureOffStateTest" classname="Dynatrace.OpenKit.Core.Communication.BeaconSendingCaptureOffStateTest" runstate="Runnable" testcasecount="8" result="Passed" start-time="2018-05-11 10:27:04Z" end-time="2018-05-11 10:27:05Z" duration="0.106723" total="8" passed="8" failed="0" warnings="0" inconclusive="0" skipped="0" asserts="2">
              <test-case id="6-1216" name="ShutdownStateIsFlushState" fullname="Dynatrace.OpenKit.Core.Communication.BeaconSendingCaptureOffStateTest.ShutdownStateIsFlushState" methodname="ShutdownStateIsFlushState" classname="Dynatrace.OpenKit.Core.Communication.BeaconSendingCaptureOffStateTest" runstate="Runnable" seed="2106611945" result="Passed" start-time="2018-05-11 10:27:04Z" end-time="2018-05-11 10:27:04Z" duration="0.013575" asserts="1" />
              <test-case id="6-1221" name="SleepIsCalledOnEntry" fullname="Dynatrace.OpenKit.Core.Communication.BeaconSendingCaptureOffStateTest.SleepIsCalledOnEntry" methodname="SleepIsCalledOnEntry" classname="Dynatrace.OpenKit.Core.Communication.BeaconSendingCaptureOffStateTest" runstate="Runnable" seed="1695637357" result="Passed" start-time="2018-05-11 10:27:04Z" end-time="2018-05-11 10:27:04Z" duration="0.011150" asserts="0" />
              <test-case id="6-1222" name="SleepIsNotCalledIfShutdownIsRequested" fullname="Dynatrace.OpenKit.Core.Communication.BeaconSendingCaptureOffStateTest.SleepIsNotCalledIfShutdownIsRequested" methodname="SleepIsNotCalledIfShutdownIsRequested" classname="Dynatrace.OpenKit.Core.Communication.BeaconSendingCaptureOffStateTest" runstate="Runnable" seed="558858957" result="Passed" start-time="2018-05-11 10:27:04Z" end-time="2018-05-11 10:27:04Z" duration="0.001868" asserts="0" />
              <test-case id="6-1215" name="StateIsNotTerminal" fullname="Dynatrace.OpenKit.Core.Communication.BeaconSendingCaptureOffStateTest.StateIsNotTerminal" methodname="StateIsNotTerminal" classname="Dynatrace.OpenKit.Core.Communication.BeaconSendingCaptureOffStateTest" runstate="Runnable" seed="978318768" result="Passed" start-time="2018-05-11 10:27:04Z" end-time="2018-05-11 10:27:04Z" duration="0.000859" asserts="1" />
              <test-case id="6-1220" name="StatusRequestIsRetried" fullname="Dynatrace.OpenKit.Core.Communication.BeaconSendingCaptureOffStateTest.StatusRequestIsRetried" methodname="StatusRequestIsRetried" classname="Dynatrace.OpenKit.Core.Communication.BeaconSendingCaptureOffStateTest" runstate="Runnable" seed="236870444" result="Passed" start-time="2018-05-11 10:27:04Z" end-time="2018-05-11 10:27:04Z" duration="0.001154" asserts="0" />
              <test-case id="6-1217" name="TransitionToCaptureOnStateIsPerformed" fullname="Dynatrace.OpenKit.Core.Communication.BeaconSendingCaptureOffStateTest.TransitionToCaptureOnStateIsPerformed" methodname="TransitionToCaptureOnStateIsPerformed" classname="Dynatrace.OpenKit.Core.Communication.BeaconSendingCaptureOffStateTest" runstate="Runnable" seed="1984964577" result="Passed" start-time="2018-05-11 10:27:04Z" end-time="2018-05-11 10:27:04Z" duration="0.001564" asserts="0" />
              <test-case id="6-1219" name="TransitionToFlushStateIsPerformedOnShutdown" fullname="Dynatrace.OpenKit.Core.Communication.BeaconSendingCaptureOffStateTest.TransitionToFlushStateIsPerformedOnShutdown" methodname="TransitionToFlushStateIsPerformedOnShutdown" classname="Dynatrace.OpenKit.Core.Communication.BeaconSendingCaptureOffStateTest" runstate="Runnable" seed="1810591615" result="Passed" start-time="2018-05-11 10:27:04Z" end-time="2018-05-11 10:27:04Z" duration="0.000701" asserts="0" />
              <test-case id="6-1218" name="TransitionToTimeSyncIsPerformedIfNotDoneYet" fullname="Dynatrace.OpenKit.Core.Communication.BeaconSendingCaptureOffStateTest.TransitionToTimeSyncIsPerformedIfNotDoneYet" methodname="TransitionToTimeSyncIsPerformedIfNotDoneYet" classname="Dynatrace.OpenKit.Core.Communication.BeaconSendingCaptureOffStateTest" runstate="Runnable" seed="759755118" result="Passed" start-time="2018-05-11 10:27:04Z" end-time="2018-05-11 10:27:05Z" duration="0.075538" asserts="0" />
            </test-suite>
            <test-suite type="TestFixture" id="6-1223" name="BeaconSendingCaptureOnStateTest" fullname="Dynatrace.OpenKit.Core.Communication.BeaconSendingCaptureOnStateTest" classname="Dynatrace.OpenKit.Core.Communication.BeaconSendingCaptureOnStateTest" runstate="Runnable" testcasecount="11" result="Passed" start-time="2018-05-11 10:27:05Z" end-time="2018-05-11 10:27:05Z" duration="0.051538" total="11" passed="11" failed="0" warnings="0" inconclusive="0" skipped="0" asserts="5">
              <test-case id="6-1232" name="ABeaconSendingCaptureOnStateContinuesWithNextFinishedSessionIfSendingWasUnsuccessfulButBeaconIsEmtpy" fullname="Dynatrace.OpenKit.Core.Communication.BeaconSendingCaptureOnStateTest.ABeaconSendingCaptureOnStateContinuesWithNextFinishedSessionIfSendingWasUnsuccessfulButBeaconIsEmtpy" methodname="ABeaconSendingCaptureOnStateContinuesWithNextFinishedSessionIfSendingWasUnsuccessfulButBeaconIsEmtpy" classname="Dynatrace.OpenKit.Core.Communication.BeaconSendingCaptureOnStateTest" runstate="Runnable" seed="221395582" result="Passed" start-time="2018-05-11 10:27:05Z" end-time="2018-05-11 10:27:05Z" duration="0.031446" asserts="0" />
              <test-case id="6-1230" name="EmptyFinishedSessionsAreNotSent" fullname="Dynatrace.OpenKit.Core.Communication.BeaconSendingCaptureOnStateTest.EmptyFinishedSessionsAreNotSent" methodname="EmptyFinishedSessionsAreNotSent" classname="Dynatrace.OpenKit.Core.Communication.BeaconSendingCaptureOnStateTest" runstate="Runnable" seed="791424483" result="Passed" start-time="2018-05-11 10:27:05Z" end-time="2018-05-11 10:27:05Z" duration="0.002545" asserts="1" />
              <test-case id="6-1229" name="FinishedSessionsAreSent" fullname="Dynatrace.OpenKit.Core.Communication.BeaconSendingCaptureOnStateTest.FinishedSessionsAreSent" methodname="FinishedSessionsAreSent" classname="Dynatrace.OpenKit.Core.Communication.BeaconSendingCaptureOnStateTest" runstate="Runnable" seed="667438235" result="Passed" start-time="2018-05-11 10:27:05Z" end-time="2018-05-11 10:27:05Z" duration="0.004096" asserts="1" />
              <test-case id="6-1234" name="OpenSessionsAreNotSentIfSendIntervalIsNotExceeded" fullname="Dynatrace.OpenKit.Core.Communication.BeaconSendingCaptureOnStateTest.OpenSessionsAreNotSentIfSendIntervalIsNotExceeded" methodname="OpenSessionsAreNotSentIfSendIntervalIsNotExceeded" classname="Dynatrace.OpenKit.Core.Communication.BeaconSendingCaptureOnStateTest" runstate="Runnable" seed="1509681947" result="Passed" start-time="2018-05-11 10:27:05Z" end-time="2018-05-11 10:27:05Z" duration="0.001692" asserts="0" />
              <test-case id="6-1233" name="OpenSessionsAreSentIfSendIntervalIsExceeded" fullname="Dynatrace.OpenKit.Core.Communication.BeaconSendingCaptureOnStateTest.OpenSessionsAreSentIfSendIntervalIsExceeded" methodname="OpenSessionsAreSentIfSendIntervalIsExceeded" classname="Dynatrace.OpenKit.Core.Communication.BeaconSendingCaptureOnStateTest" runstate="Runnable" seed="587335195" result="Passed" start-time="2018-05-11 10:27:05Z" end-time="2018-05-11 10:27:05Z" duration="0.002358" asserts="1" />
              <test-case id="6-1225" name="ShutdownStateIsFlushState" fullname="Dynatrace.OpenKit.Core.Communication.BeaconSendingCaptureOnStateTest.ShutdownStateIsFlushState" methodname="ShutdownStateIsFlushState" classname="Dynatrace.OpenKit.Core.Communication.BeaconSendingCaptureOnStateTest" runstate="Runnable" seed="1031050212" result="Passed" start-time="2018-05-11 10:27:05Z" end-time="2018-05-11 10:27:05Z" duration="0.000933" asserts="1" />
              <test-case id="6-1224" name="StateIsNotTerminal" fullname="Dynatrace.OpenKit.Core.Communication.BeaconSendingCaptureOnStateTest.StateIsNotTerminal" methodname="StateIsNotTerminal" classname="Dynatrace.OpenKit.Core.Communication.BeaconSendingCaptureOnStateTest" runstate="Runnable" seed="1843461415" result="Passed" start-time="2018-05-11 10:27:05Z" end-time="2018-05-11 10:27:05Z" duration="0.000568" asserts="1" />
              <test-case id="6-1227" name="TransitionToCaptureOffStateIsPerformed" fullname="Dynatrace.OpenKit.Core.Communication.BeaconSendingCaptureOnStateTest.TransitionToCaptureOffStateIsPerformed" methodname="TransitionToCaptureOffStateIsPerformed" classname="Dynatrace.OpenKit.Core.Communication.BeaconSendingCaptureOnStateTest" runstate="Runnable" seed="1153829521" result="Passed" start-time="2018-05-11 10:27:05Z" end-time="2018-05-11 10:27:05Z" duration="0.003544" asserts="0" />
              <test-case id="6-1228" name="TransitionToFlushStateIsPerformedOnShutdown" fullname="Dynatrace.OpenKit.Core.Communication.BeaconSendingCaptureOnStateTest.TransitionToFlushStateIsPerformedOnShutdown" methodname="TransitionToFlushStateIsPerformedOnShutdown" classname="Dynatrace.OpenKit.Core.Communication.BeaconSendingCaptureOnStateTest" runstate="Runnable" seed="1737208618" result="Passed" start-time="2018-05-11 10:27:05Z" end-time="2018-05-11 10:27:05Z" duration="0.000932" asserts="0" />
              <test-case id="6-1226" name="TransitionToTimeSycnIsPerformed" fullname="Dynatrace.OpenKit.Core.Communication.BeaconSendingCaptureOnStateTest.TransitionToTimeSycnIsPerformed" methodname="TransitionToTimeSycnIsPerformed" classname="Dynatrace.OpenKit.Core.Communication.BeaconSendingCaptureOnStateTest" runstate="Runnable" seed="1693552135" result="Passed" start-time="2018-05-11 10:27:05Z" end-time="2018-05-11 10:27:05Z" duration="0.001198" asserts="0" />
              <test-case id="6-1231" name="UnsuccessfulFinishedSessionsAreMovedBackToCache" fullname="Dynatrace.OpenKit.Core.Communication.BeaconSendingCaptureOnStateTest.UnsuccessfulFinishedSessionsAreMovedBackToCache" methodname="UnsuccessfulFinishedSessionsAreMovedBackToCache" classname="Dynatrace.OpenKit.Core.Communication.BeaconSendingCaptureOnStateTest" runstate="Runnable" seed="812598269" result="Passed" start-time="2018-05-11 10:27:05Z" end-time="2018-05-11 10:27:05Z" duration="0.001796" asserts="0" />
            </test-suite>
            <test-suite type="TestFixture" id="6-1235" name="BeaconSendingContextTest" fullname="Dynatrace.OpenKit.Core.Communication.BeaconSendingContextTest" classname="Dynatrace.OpenKit.Core.Communication.BeaconSendingContextTest" runstate="Runnable" testcasecount="23" result="Passed" start-time="2018-05-11 10:27:05Z" end-time="2018-05-11 10:27:05Z" duration="0.055561" total="23" passed="23" failed="0" warnings="0" inconclusive="0" skipped="0" asserts="28">
              <test-case id="6-1254" name="CanGetCurrentTimestamp" fullname="Dynatrace.OpenKit.Core.Communication.BeaconSendingContextTest.CanGetCurrentTimestamp" methodname="CanGetCurrentTimestamp" classname="Dynatrace.OpenKit.Core.Communication.BeaconSendingContextTest" runstate="Runnable" seed="298098153" result="Passed" start-time="2018-05-11 10:27:05Z" end-time="2018-05-11 10:27:05Z" duration="0.016308" asserts="1" />
              <test-case id="6-1252" name="CanGetHttpClient" fullname="Dynatrace.OpenKit.Core.Communication.BeaconSendingContextTest.CanGetHttpClient" methodname="CanGetHttpClient" classname="Dynatrace.OpenKit.Core.Communication.BeaconSendingContextTest" runstate="Runnable" seed="2147364118" result="Passed" start-time="2018-05-11 10:27:05Z" end-time="2018-05-11 10:27:05Z" duration="0.007794" asserts="2" />
              <test-case id="6-1256" name="CanSleepCustomPeriod" fullname="Dynatrace.OpenKit.Core.Communication.BeaconSendingContextTest.CanSleepCustomPeriod" methodname="CanSleepCustomPeriod" classname="Dynatrace.OpenKit.Core.Communication.BeaconSendingContextTest" runstate="Runnable" seed="38632623" result="Passed" start-time="2018-05-11 10:27:05Z" end-time="2018-05-11 10:27:05Z" duration="0.001080" asserts="0" />
              <test-case id="6-1236" name="ContextIsInitializedWithInitState" fullname="Dynatrace.OpenKit.Core.Communication.BeaconSendingContextTest.ContextIsInitializedWithInitState" methodname="ContextIsInitializedWithInitState" classname="Dynatrace.OpenKit.Core.Communication.BeaconSendingContextTest" runstate="Runnable" seed="1060500122" result="Passed" start-time="2018-05-11 10:27:05Z" end-time="2018-05-11 10:27:05Z" duration="0.001927" asserts="2" />
              <test-case id="6-1237" name="CurrentStateIsSet" fullname="Dynatrace.OpenKit.Core.Communication.BeaconSendingContextTest.CurrentStateIsSet" methodname="CurrentStateIsSet" classname="Dynatrace.OpenKit.Core.Communication.BeaconSendingContextTest" runstate="Runnable" seed="2010733489" result="Passed" start-time="2018-05-11 10:27:05Z" end-time="2018-05-11 10:27:05Z" duration="0.000390" asserts="1" />
              <test-case id="6-1255" name="DefaultSleepTimeIsUsed" fullname="Dynatrace.OpenKit.Core.Communication.BeaconSendingContextTest.DefaultSleepTimeIsUsed" methodname="DefaultSleepTimeIsUsed" classname="Dynatrace.OpenKit.Core.Communication.BeaconSendingContextTest" runstate="Runnable" seed="117431268" result="Passed" start-time="2018-05-11 10:27:05Z" end-time="2018-05-11 10:27:05Z" duration="0.000641" asserts="0" />
              <test-case id="6-1258" name="DisableCaptureDisablesItInTheConfiguration" fullname="Dynatrace.OpenKit.Core.Communication.BeaconSendingContextTest.DisableCaptureDisablesItInTheConfiguration" methodname="DisableCaptureDisablesItInTheConfiguration" classname="Dynatrace.OpenKit.Core.Communication.BeaconSendingContextTest" runstate="Runnable" seed="2134269609" result="Passed" start-time="2018-05-11 10:27:05Z" end-time="2018-05-11 10:27:05Z" duration="0.002091" asserts="1" />
              <test-case id="6-1238" name="ExecuteIsCalledOnCurrentState" fullname="Dynatrace.OpenKit.Core.Communication.BeaconSendingContextTest.ExecuteIsCalledOnCurrentState" methodname="ExecuteIsCalledOnCurrentState" classname="Dynatrace.OpenKit.Core.Communication.BeaconSendingContextTest" runstate="Runnable" seed="1171125395" result="Passed" start-time="2018-05-11 10:27:05Z" end-time="2018-05-11 10:27:05Z" duration="0.009350" asserts="0" />
              <test-case id="6-1253" name="GetHttpClientUsesCurrentHttpConfig" fullname="Dynatrace.OpenKit.Core.Communication.BeaconSendingContextTest.GetHttpClientUsesCurrentHttpConfig" methodname="GetHttpClientUsesCurrentHttpConfig" classname="Dynatrace.OpenKit.Core.Communication.BeaconSendingContextTest" runstate="Runnable" seed="1338604777" result="Passed" start-time="2018-05-11 10:27:05Z" end-time="2018-05-11 10:27:05Z" duration="0.000767" asserts="0" />
              <test-case id="6-1242" name="IsInitializedOnInitFailed" fullname="Dynatrace.OpenKit.Core.Communication.BeaconSendingContextTest.IsInitializedOnInitFailed" methodname="IsInitializedOnInitFailed" classname="Dynatrace.OpenKit.Core.Communication.BeaconSendingContextTest" runstate="Runnable" seed="923354154" result="Passed" start-time="2018-05-11 10:27:05Z" end-time="2018-05-11 10:27:05Z" duration="0.000962" asserts="1" />
              <test-case id="6-1241" name="IsInitializedOnInitSuccess" fullname="Dynatrace.OpenKit.Core.Communication.BeaconSendingContextTest.IsInitializedOnInitSuccess" methodname="IsInitializedOnInitSuccess" classname="Dynatrace.OpenKit.Core.Communication.BeaconSendingContextTest" runstate="Runnable" seed="179023681" result="Passed" start-time="2018-05-11 10:27:05Z" end-time="2018-05-11 10:27:05Z" duration="0.000344" asserts="1" />
              <test-case id="6-1246" name="IsShutdownRequestedIsSetCorrectly" fullname="Dynatrace.OpenKit.Core.Communication.BeaconSendingContextTest.IsShutdownRequestedIsSetCorrectly" methodname="IsShutdownRequestedIsSetCorrectly" classname="Dynatrace.OpenKit.Core.Communication.BeaconSendingContextTest" runstate="Runnable" seed="2083525337" result="Passed" start-time="2018-05-11 10:27:05Z" end-time="2018-05-11 10:27:05Z" duration="0.001094" asserts="2" />
              <test-case id="6-1247" name="LastOpenSessionSendTimeIsSet" fullname="Dynatrace.OpenKit.Core.Communication.BeaconSendingContextTest.LastOpenSessionSendTimeIsSet" methodname="LastOpenSessionSendTimeIsSet" classname="Dynatrace.OpenKit.Core.Communication.BeaconSendingContextTest" runstate="Runnable" seed="1939663491" result="Passed" start-time="2018-05-11 10:27:05Z" end-time="2018-05-11 10:27:05Z" duration="0.000986" asserts="2" />
              <test-case id="6-1248" name="LastStatusCheckTimeIsSet" fullname="Dynatrace.OpenKit.Core.Communication.BeaconSendingContextTest.LastStatusCheckTimeIsSet" methodname="LastStatusCheckTimeIsSet" classname="Dynatrace.OpenKit.Core.Communication.BeaconSendingContextTest" runstate="Runnable" seed="537093860" result="Passed" start-time="2018-05-11 10:27:05Z" end-time="2018-05-11 10:27:05Z" duration="0.000982" asserts="2" />
              <test-case id="6-1250" name="LastTimeSyncTimeIsInitializedWithMinus1" fullname="Dynatrace.OpenKit.Core.Communication.BeaconSendingContextTest.LastTimeSyncTimeIsInitializedWithMinus1" methodname="LastTimeSyncTimeIsInitializedWithMinus1" classname="Dynatrace.OpenKit.Core.Communication.BeaconSendingContextTest" runstate="Runnable" seed="1012455952" result="Passed" start-time="2018-05-11 10:27:05Z" end-time="2018-05-11 10:27:05Z" duration="0.000636" asserts="1" />
              <test-case id="6-1251" name="LastTimeSyncTimeIsSet" fullname="Dynatrace.OpenKit.Core.Communication.BeaconSendingContextTest.LastTimeSyncTimeIsSet" methodname="LastTimeSyncTimeIsSet" classname="Dynatrace.OpenKit.Core.Communication.BeaconSendingContextTest" runstate="Runnable" seed="282975211" result="Passed" start-time="2018-05-11 10:27:05Z" end-time="2018-05-11 10:27:05Z" duration="0.000426" asserts="2" />
              <test-case id="6-1240" name="ResetEventIsSetOnInitFailed" fullname="Dynatrace.OpenKit.Core.Communication.BeaconSendingContextTest.ResetEventIsSetOnInitFailed" methodname="ResetEventIsSetOnInitFailed" classname="Dynatrace.OpenKit.Core.Communication.BeaconSendingContextTest" runstate="Runnable" seed="1348338332" result="Passed" start-time="2018-05-11 10:27:05Z" end-time="2018-05-11 10:27:05Z" duration="0.000691" asserts="1" />
              <test-case id="6-1239" name="ResetEventIsSetOnInitSuccess" fullname="Dynatrace.OpenKit.Core.Communication.BeaconSendingContextTest.ResetEventIsSetOnInitSuccess" methodname="ResetEventIsSetOnInitSuccess" classname="Dynatrace.OpenKit.Core.Communication.BeaconSendingContextTest" runstate="Runnable" seed="485811409" result="Passed" start-time="2018-05-11 10:27:05Z" end-time="2018-05-11 10:27:05Z" duration="0.000345" asserts="1" />
              <test-case id="6-1257" name="SessionIsMovedToFinished" fullname="Dynatrace.OpenKit.Core.Communication.BeaconSendingContextTest.SessionIsMovedToFinished" methodname="SessionIsMovedToFinished" classname="Dynatrace.OpenKit.Core.Communication.BeaconSendingContextTest" runstate="Runnable" seed="941776071" result="Passed" start-time="2018-05-11 10:27:05Z" end-time="2018-05-11 10:27:05Z" duration="0.004405" asserts="4" />
              <test-case id="6-1249" name="TimeSyncSupportIsTrueByDefault" fullname="Dynatrace.OpenKit.Core.Communication.BeaconSendingContextTest.TimeSyncSupportIsTrueByDefault" methodname="TimeSyncSupportIsTrueByDefault" classname="Dynatrace.OpenKit.Core.Communication.BeaconSendingContextTest" runstate="Runnable" seed="339766650" result="Passed" start-time="2018-05-11 10:27:05Z" end-time="2018-05-11 10:27:05Z" duration="0.000725" asserts="1" />
              <test-case id="6-1243" name="WaitForInitWhenTimeoutExpires" fullname="Dynatrace.OpenKit.Core.Communication.BeaconSendingContextTest.WaitForInitWhenTimeoutExpires" methodname="WaitForInitWhenTimeoutExpires" classname="Dynatrace.OpenKit.Core.Communication.BeaconSendingContextTest" runstate="Runnable" seed="220323124" result="Passed" start-time="2018-05-11 10:27:05Z" end-time="2018-05-11 10:27:05Z" duration="0.002030" asserts="1" />
              <test-case id="6-1245" name="WaitForInitWhenWithTimeoutFailed" fullname="Dynatrace.OpenKit.Core.Communication.BeaconSendingContextTest.WaitForInitWhenWithTimeoutFailed" methodname="WaitForInitWhenWithTimeoutFailed" classname="Dynatrace.OpenKit.Core.Communication.BeaconSendingContextTest" runstate="Runnable" seed="1023375464" result="Passed" start-time="2018-05-11 10:27:05Z" end-time="2018-05-11 10:27:05Z" duration="0.000363" asserts="1" />
              <test-case id="6-1244" name="WaitForInitWhenWithTimeoutSuccess" fullname="Dynatrace.OpenKit.Core.Communication.BeaconSendingContextTest.WaitForInitWhenWithTimeoutSuccess" methodname="WaitForInitWhenWithTimeoutSuccess" classname="Dynatrace.OpenKit.Core.Communication.BeaconSendingContextTest" runstate="Runnable" seed="10628733" result="Passed" start-time="2018-05-11 10:27:05Z" end-time="2018-05-11 10:27:05Z" duration="0.000322" asserts="1" />
            </test-suite>
            <test-suite type="TestFixture" id="6-1259" name="BeaconSendingFlushSessionsStateTest" fullname="Dynatrace.OpenKit.Core.Communication.BeaconSendingFlushSessionsStateTest" classname="Dynatrace.OpenKit.Core.Communication.BeaconSendingFlushSessionsStateTest" runstate="Runnable" testcasecount="3" result="Passed" start-time="2018-05-11 10:27:05Z" end-time="2018-05-11 10:27:05Z" duration="0.007006" total="3" passed="3" failed="0" warnings="0" inconclusive="0" skipped="0" asserts="2">
              <test-case id="6-1262" name="FinishedSessionsAreSent" fullname="Dynatrace.OpenKit.Core.Communication.BeaconSendingFlushSessionsStateTest.FinishedSessionsAreSent" methodname="FinishedSessionsAreSent" classname="Dynatrace.OpenKit.Core.Communication.BeaconSendingFlushSessionsStateTest" runstate="Runnable" seed="1779708765" result="Passed" start-time="2018-05-11 10:27:05Z" end-time="2018-05-11 10:27:05Z" duration="0.005476" asserts="0" />
              <test-case id="6-1261" name="ShutdownStateIsTerminalState" fullname="Dynatrace.OpenKit.Core.Communication.BeaconSendingFlushSessionsStateTest.ShutdownStateIsTerminalState" methodname="ShutdownStateIsTerminalState" classname="Dynatrace.OpenKit.Core.Communication.BeaconSendingFlushSessionsStateTest" runstate="Runnable" seed="961281200" result="Passed" start-time="2018-05-11 10:27:05Z" end-time="2018-05-11 10:27:05Z" duration="0.000859" asserts="1" />
              <test-case id="6-1260" name="StateIsNotTerminal" fullname="Dynatrace.OpenKit.Core.Communication.BeaconSendingFlushSessionsStateTest.StateIsNotTerminal" methodname="StateIsNotTerminal" classname="Dynatrace.OpenKit.Core.Communication.BeaconSendingFlushSessionsStateTest" runstate="Runnable" seed="1013392438" result="Passed" start-time="2018-05-11 10:27:05Z" end-time="2018-05-11 10:27:05Z" duration="0.000500" asserts="1" />
            </test-suite>
            <test-suite type="TestFixture" id="6-1267" name="BeaconSendingInitStateTest" fullname="Dynatrace.OpenKit.Core.Communication.BeaconSendingInitStateTest" classname="Dynatrace.OpenKit.Core.Communication.BeaconSendingInitStateTest" runstate="Runnable" testcasecount="9" result="Passed" start-time="2018-05-11 10:27:05Z" end-time="2018-05-11 10:27:05Z" duration="0.035669" total="9" passed="9" failed="0" warnings="0" inconclusive="0" skipped="0" asserts="2">
              <test-case id="6-1273" name="InitCompleteIsCalledIfShutdownIsRequested" fullname="Dynatrace.OpenKit.Core.Communication.BeaconSendingInitStateTest.InitCompleteIsCalledIfShutdownIsRequested" methodname="InitCompleteIsCalledIfShutdownIsRequested" classname="Dynatrace.OpenKit.Core.Communication.BeaconSendingInitStateTest" runstate="Runnable" seed="164674703" result="Passed" start-time="2018-05-11 10:27:05Z" end-time="2018-05-11 10:27:05Z" duration="0.003057" asserts="0" />
              <test-case id="6-1270" name="InitCompleteIsCalledOnInterrupt" fullname="Dynatrace.OpenKit.Core.Communication.BeaconSendingInitStateTest.InitCompleteIsCalledOnInterrupt" methodname="InitCompleteIsCalledOnInterrupt" classname="Dynatrace.OpenKit.Core.Communication.BeaconSendingInitStateTest" runstate="Runnable" seed="388966900" result="Passed" start-time="2018-05-11 10:27:05Z" end-time="2018-05-11 10:27:05Z" duration="0.000374" asserts="0" />
              <test-case id="6-1271" name="LastOpenSessionBeaconSendTimeIsSetInExecute" fullname="Dynatrace.OpenKit.Core.Communication.BeaconSendingInitStateTest.LastOpenSessionBeaconSendTimeIsSetInExecute" methodname="LastOpenSessionBeaconSendTimeIsSetInExecute" classname="Dynatrace.OpenKit.Core.Communication.BeaconSendingInitStateTest" runstate="Runnable" seed="992949220" result="Passed" start-time="2018-05-11 10:27:05Z" end-time="2018-05-11 10:27:05Z" duration="0.000719" asserts="0" />
              <test-case id="6-1272" name="LastStatusCheckTimeIsSetInExecute" fullname="Dynatrace.OpenKit.Core.Communication.BeaconSendingInitStateTest.LastStatusCheckTimeIsSetInExecute" methodname="LastStatusCheckTimeIsSetInExecute" classname="Dynatrace.OpenKit.Core.Communication.BeaconSendingInitStateTest" runstate="Runnable" seed="377335910" result="Passed" start-time="2018-05-11 10:27:05Z" end-time="2018-05-11 10:27:05Z" duration="0.001288" asserts="0" />
              <test-case id="6-1274" name="ReinitializeSleepsBeforeSendingStatusRequests" fullname="Dynatrace.OpenKit.Core.Communication.BeaconSendingInitStateTest.ReinitializeSleepsBeforeSendingStatusRequests" methodname="ReinitializeSleepsBeforeSendingStatusRequests" classname="Dynatrace.OpenKit.Core.Communication.BeaconSendingInitStateTest" runstate="Runnable" seed="568388055" result="Passed" start-time="2018-05-11 10:27:05Z" end-time="2018-05-11 10:27:05Z" duration="0.021205" asserts="0" />
              <test-case id="6-1269" name="ShutdownStateIsTerminalState" fullname="Dynatrace.OpenKit.Core.Communication.BeaconSendingInitStateTest.ShutdownStateIsTerminalState" methodname="ShutdownStateIsTerminalState" classname="Dynatrace.OpenKit.Core.Communication.BeaconSendingInitStateTest" runstate="Runnable" seed="2132821242" result="Passed" start-time="2018-05-11 10:27:05Z" end-time="2018-05-11 10:27:05Z" duration="0.000561" asserts="1" />
              <test-case id="6-1268" name="StateIsNotTerminal" fullname="Dynatrace.OpenKit.Core.Communication.BeaconSendingInitStateTest.StateIsNotTerminal" methodname="StateIsNotTerminal" classname="Dynatrace.OpenKit.Core.Communication.BeaconSendingInitStateTest" runstate="Runnable" seed="1886473063" result="Passed" start-time="2018-05-11 10:27:05Z" end-time="2018-05-11 10:27:05Z" duration="0.000331" asserts="1" />
              <test-case id="6-1275" name="StatusRequestIsRetried" fullname="Dynatrace.OpenKit.Core.Communication.BeaconSendingInitStateTest.StatusRequestIsRetried" methodname="StatusRequestIsRetried" classname="Dynatrace.OpenKit.Core.Communication.BeaconSendingInitStateTest" runstate="Runnable" seed="2104077494" result="Passed" start-time="2018-05-11 10:27:05Z" end-time="2018-05-11 10:27:05Z" duration="0.007207" asserts="0" />
              <test-case id="6-1276" name="TransitionToTimeSyncIsPerformedOnSuccess" fullname="Dynatrace.OpenKit.Core.Communication.BeaconSendingInitStateTest.TransitionToTimeSyncIsPerformedOnSuccess" methodname="TransitionToTimeSyncIsPerformedOnSuccess" classname="Dynatrace.OpenKit.Core.Communication.BeaconSendingInitStateTest" runstate="Runnable" seed="695233631" result="Passed" start-time="2018-05-11 10:27:05Z" end-time="2018-05-11 10:27:05Z" duration="0.000647" asserts="0" />
            </test-suite>
            <test-suite type="TestFixture" id="6-1277" name="BeaconSendingRequestUtilTest" fullname="Dynatrace.OpenKit.Core.Communication.BeaconSendingRequestUtilTest" classname="Dynatrace.OpenKit.Core.Communication.BeaconSendingRequestUtilTest" runstate="Runnable" testcasecount="4" result="Passed" start-time="2018-05-11 10:27:05Z" end-time="2018-05-11 10:27:05Z" duration="0.004229" total="4" passed="4" failed="0" warnings="0" inconclusive="0" skipped="0" asserts="4">
              <test-case id="6-1279" name="SendStatusRequestIsAbortedIfNumberOfRetriesIsExceeded" fullname="Dynatrace.OpenKit.Core.Communication.BeaconSendingRequestUtilTest.SendStatusRequestIsAbortedIfNumberOfRetriesIsExceeded" methodname="SendStatusRequestIsAbortedIfNumberOfRetriesIsExceeded" classname="Dynatrace.OpenKit.Core.Communication.BeaconSendingRequestUtilTest" runstate="Runnable" seed="1632776863" result="Passed" start-time="2018-05-11 10:27:05Z" end-time="2018-05-11 10:27:05Z" duration="0.001680" asserts="1" />
              <test-case id="6-1278" name="SendStatusRequestIsAbortedWhenShutDownIsRequested" fullname="Dynatrace.OpenKit.Core.Communication.BeaconSendingRequestUtilTest.SendStatusRequestIsAbortedWhenShutDownIsRequested" methodname="SendStatusRequestIsAbortedWhenShutDownIsRequested" classname="Dynatrace.OpenKit.Core.Communication.BeaconSendingRequestUtilTest" runstate="Runnable" seed="288660368" result="Passed" start-time="2018-05-11 10:27:05Z" end-time="2018-05-11 10:27:05Z" duration="0.000612" asserts="1" />
              <test-case id="6-1280" name="SendStatusRequestWhenHttpClientReturnsANonNullResponse" fullname="Dynatrace.OpenKit.Core.Communication.BeaconSendingRequestUtilTest.SendStatusRequestWhenHttpClientReturnsANonNullResponse" methodname="SendStatusRequestWhenHttpClientReturnsANonNullResponse" classname="Dynatrace.OpenKit.Core.Communication.BeaconSendingRequestUtilTest" runstate="Runnable" seed="1846998075" result="Passed" start-time="2018-05-11 10:27:05Z" end-time="2018-05-11 10:27:05Z" duration="0.000722" asserts="1" />
              <test-case id="6-1281" name="SleepTimeIsDoubledBetweenConsecutiveRetries" fullname="Dynatrace.OpenKit.Core.Communication.BeaconSendingRequestUtilTest.SleepTimeIsDoubledBetweenConsecutiveRetries" methodname="SleepTimeIsDoubledBetweenConsecutiveRetries" classname="Dynatrace.OpenKit.Core.Communication.BeaconSendingRequestUtilTest" runstate="Runnable" seed="141858418" result="Passed" start-time="2018-05-11 10:27:05Z" end-time="2018-05-11 10:27:05Z" duration="0.001039" asserts="1" />
            </test-suite>
            <test-suite type="TestFixture" id="6-1263" name="BeaconSendingTerminalStateTest" fullname="Dynatrace.OpenKit.Core.Communication.BeaconSendingTerminalStateTest" classname="Dynatrace.OpenKit.Core.Communication.BeaconSendingTerminalStateTest" runstate="Runnable" testcasecount="3" result="Passed" start-time="2018-05-11 10:27:05Z" end-time="2018-05-11 10:27:05Z" duration="0.001785" total="3" passed="3" failed="0" warnings="0" inconclusive="0" skipped="0" asserts="2">
              <test-case id="6-1264" name="StateIsTerminal" fullname="Dynatrace.OpenKit.Core.Communication.BeaconSendingTerminalStateTest.StateIsTerminal" methodname="StateIsTerminal" classname="Dynatrace.OpenKit.Core.Communication.BeaconSendingTerminalStateTest" runstate="Runnable" seed="1371788115" result="Passed" start-time="2018-05-11 10:27:05Z" end-time="2018-05-11 10:27:05Z" duration="0.000389" asserts="1" />
              <test-case id="6-1266" name="TerminalStateCallsShutdownOnExecution" fullname="Dynatrace.OpenKit.Core.Communication.BeaconSendingTerminalStateTest.TerminalStateCallsShutdownOnExecution" methodname="TerminalStateCallsShutdownOnExecution" classname="Dynatrace.OpenKit.Core.Communication.BeaconSendingTerminalStateTest" runstate="Runnable" seed="1198098904" result="Passed" start-time="2018-05-11 10:27:05Z" end-time="2018-05-11 10:27:05Z" duration="0.000683" asserts="0" />
              <test-case id="6-1265" name="TerminalStateIsNextStateIfTransitionFromTerminalStateOccurs" fullname="Dynatrace.OpenKit.Core.Communication.BeaconSendingTerminalStateTest.TerminalStateIsNextStateIfTransitionFromTerminalStateOccurs" methodname="TerminalStateIsNextStateIfTransitionFromTerminalStateOccurs" classname="Dynatrace.OpenKit.Core.Communication.BeaconSendingTerminalStateTest" runstate="Runnable" seed="1931327772" result="Passed" start-time="2018-05-11 10:27:05Z" end-time="2018-05-11 10:27:05Z" duration="0.000560" asserts="1" />
            </test-suite>
            <test-suite type="TestFixture" id="6-1282" name="BeaconSendingTimeSyncStateTest" fullname="Dynatrace.OpenKit.Core.Communication.BeaconSendingTimeSyncStateTest" classname="Dynatrace.OpenKit.Core.Communication.BeaconSendingTimeSyncStateTest" runstate="Runnable" testcasecount="10" result="Passed" start-time="2018-05-11 10:27:05Z" end-time="2018-05-11 10:27:05Z" duration="0.030087" total="10" passed="10" failed="0" warnings="0" inconclusive="0" skipped="0" asserts="3">
              <test-case id="6-1289" name="InitCompleteIsCalledForInitialRequest_OnFailure" fullname="Dynatrace.OpenKit.Core.Communication.BeaconSendingTimeSyncStateTest.InitCompleteIsCalledForInitialRequest_OnFailure" methodname="InitCompleteIsCalledForInitialRequest_OnFailure" classname="Dynatrace.OpenKit.Core.Communication.BeaconSendingTimeSyncStateTest" runstate="Runnable" seed="681660823" result="Passed" start-time="2018-05-11 10:27:05Z" end-time="2018-05-11 10:27:05Z" duration="0.005794" asserts="0" />
              <test-case id="6-1288" name="InitCompleteIsCalledForInitialRequest_OnSuccess" fullname="Dynatrace.OpenKit.Core.Communication.BeaconSendingTimeSyncStateTest.InitCompleteIsCalledForInitialRequest_OnSuccess" methodname="InitCompleteIsCalledForInitialRequest_OnSuccess" classname="Dynatrace.OpenKit.Core.Communication.BeaconSendingTimeSyncStateTest" runstate="Runnable" seed="1722357063" result="Passed" start-time="2018-05-11 10:27:05Z" end-time="2018-05-11 10:27:05Z" duration="0.009281" asserts="0" />
              <test-case id="6-1290" name="InitCompleteIsNotCalledForNonInitialRequest" fullname="Dynatrace.OpenKit.Core.Communication.BeaconSendingTimeSyncStateTest.InitCompleteIsNotCalledForNonInitialRequest" methodname="InitCompleteIsNotCalledForNonInitialRequest" classname="Dynatrace.OpenKit.Core.Communication.BeaconSendingTimeSyncStateTest" runstate="Runnable" seed="937625849" result="Passed" start-time="2018-05-11 10:27:05Z" end-time="2018-05-11 10:27:05Z" duration="0.001400" asserts="0" />
              <test-case id="6-1285" name="ShutdownStateIsFlushSessionStateForTimeReSync" fullname="Dynatrace.OpenKit.Core.Communication.BeaconSendingTimeSyncStateTest.ShutdownStateIsFlushSessionStateForTimeReSync" methodname="ShutdownStateIsFlushSessionStateForTimeReSync" classname="Dynatrace.OpenKit.Core.Communication.BeaconSendingTimeSyncStateTest" runstate="Runnable" seed="1935486964" result="Passed" start-time="2018-05-11 10:27:05Z" end-time="2018-05-11 10:27:05Z" duration="0.000806" asserts="1" />
              <test-case id="6-1284" name="ShutdownStateIsTerminalStateForInitialTimeSync" fullname="Dynatrace.OpenKit.Core.Communication.BeaconSendingTimeSyncStateTest.ShutdownStateIsTerminalStateForInitialTimeSync" methodname="ShutdownStateIsTerminalStateForInitialTimeSync" classname="Dynatrace.OpenKit.Core.Communication.BeaconSendingTimeSyncStateTest" runstate="Runnable" seed="756798914" result="Passed" start-time="2018-05-11 10:27:05Z" end-time="2018-05-11 10:27:05Z" duration="0.000396" asserts="1" />
              <test-case id="6-1292" name="SleepTimeIsDoubledAndResetAfterSuccess" fullname="Dynatrace.OpenKit.Core.Communication.BeaconSendingTimeSyncStateTest.SleepTimeIsDoubledAndResetAfterSuccess" methodname="SleepTimeIsDoubledAndResetAfterSuccess" classname="Dynatrace.OpenKit.Core.Communication.BeaconSendingTimeSyncStateTest" runstate="Runnable" seed="1882798783" result="Passed" start-time="2018-05-11 10:27:05Z" end-time="2018-05-11 10:27:05Z" duration="0.004757" asserts="0" />
              <test-case id="6-1283" name="StateIsNotTerminal" fullname="Dynatrace.OpenKit.Core.Communication.BeaconSendingTimeSyncStateTest.StateIsNotTerminal" methodname="StateIsNotTerminal" classname="Dynatrace.OpenKit.Core.Communication.BeaconSendingTimeSyncStateTest" runstate="Runnable" seed="372754463" result="Passed" start-time="2018-05-11 10:27:05Z" end-time="2018-05-11 10:27:05Z" duration="0.000416" asserts="1" />
              <test-case id="6-1291" name="TimeSyncRequetsAreRetried" fullname="Dynatrace.OpenKit.Core.Communication.BeaconSendingTimeSyncStateTest.TimeSyncRequetsAreRetried" methodname="TimeSyncRequetsAreRetried" classname="Dynatrace.OpenKit.Core.Communication.BeaconSendingTimeSyncStateTest" runstate="Runnable" seed="1202413788" result="Passed" start-time="2018-05-11 10:27:05Z" end-time="2018-05-11 10:27:05Z" duration="0.004219" asserts="0" />
              <test-case id="6-1287" name="TransitionToCaptureOffIsPerformedOnSuccess" fullname="Dynatrace.OpenKit.Core.Communication.BeaconSendingTimeSyncStateTest.TransitionToCaptureOffIsPerformedOnSuccess" methodname="TransitionToCaptureOffIsPerformedOnSuccess" classname="Dynatrace.OpenKit.Core.Communication.BeaconSendingTimeSyncStateTest" runstate="Runnable" seed="2056887658" result="Passed" start-time="2018-05-11 10:27:05Z" end-time="2018-05-11 10:27:05Z" duration="0.001398" asserts="0" />
              <test-case id="6-1286" name="TransitionToCaptureOnIsPerformedOnSuccess" fullname="Dynatrace.OpenKit.Core.Communication.BeaconSendingTimeSyncStateTest.TransitionToCaptureOnIsPerformedOnSuccess" methodname="TransitionToCaptureOnIsPerformedOnSuccess" classname="Dynatrace.OpenKit.Core.Communication.BeaconSendingTimeSyncStateTest" runstate="Runnable" seed="809701750" result="Passed" start-time="2018-05-11 10:27:05Z" end-time="2018-05-11 10:27:05Z" duration="0.001321" asserts="0" />
            </test-suite>
          </test-suite>
          <test-suite type="TestSuite" id="6-1425" name="Configuration" fullname="Dynatrace.OpenKit.Core.Configuration" runstate="Runnable" testcasecount="10" result="Passed" start-time="2018-05-11 10:27:03Z" end-time="2018-05-11 10:27:05Z" duration="1.621547" total="10" passed="10" failed="0" warnings="0" inconclusive="0" skipped="0" asserts="17">
            <test-suite type="TestFixture" id="6-1293" name="BeaconCacheConfigurationTest" fullname="Dynatrace.OpenKit.Core.Configuration.BeaconCacheConfigurationTest" classname="Dynatrace.OpenKit.Core.Configuration.BeaconCacheConfigurationTest" runstate="Runnable" testcasecount="3" result="Passed" start-time="2018-05-11 10:27:05Z" end-time="2018-05-11 10:27:05Z" duration="0.001084" total="3" passed="3" failed="0" warnings="0" inconclusive="0" skipped="0" asserts="9">
              <test-case id="6-1295" name="CacheSizeLowerBound" fullname="Dynatrace.OpenKit.Core.Configuration.BeaconCacheConfigurationTest.CacheSizeLowerBound" methodname="CacheSizeLowerBound" classname="Dynatrace.OpenKit.Core.Configuration.BeaconCacheConfigurationTest" runstate="Runnable" seed="1982277037" result="Passed" start-time="2018-05-11 10:27:05Z" end-time="2018-05-11 10:27:05Z" duration="0.000323" asserts="3" />
              <test-case id="6-1296" name="CacheSizeUpperBound" fullname="Dynatrace.OpenKit.Core.Configuration.BeaconCacheConfigurationTest.CacheSizeUpperBound" methodname="CacheSizeUpperBound" classname="Dynatrace.OpenKit.Core.Configuration.BeaconCacheConfigurationTest" runstate="Runnable" seed="1567315142" result="Passed" start-time="2018-05-11 10:27:05Z" end-time="2018-05-11 10:27:05Z" duration="0.000307" asserts="3" />
              <test-case id="6-1294" name="MaxRecordAge" fullname="Dynatrace.OpenKit.Core.Configuration.BeaconCacheConfigurationTest.MaxRecordAge" methodname="MaxRecordAge" classname="Dynatrace.OpenKit.Core.Configuration.BeaconCacheConfigurationTest" runstate="Runnable" seed="2089360668" result="Passed" start-time="2018-05-11 10:27:05Z" end-time="2018-05-11 10:27:05Z" duration="0.000304" asserts="3" />
            </test-suite>
            <test-suite type="TestFixture" id="6-1297" name="OpenKitConfigurationTest" fullname="Dynatrace.OpenKit.Core.Configuration.OpenKitConfigurationTest" classname="Dynatrace.OpenKit.Core.Configuration.OpenKitConfigurationTest" runstate="Runnable" testcasecount="7" result="Passed" start-time="2018-05-11 10:27:05Z" end-time="2018-05-11 10:27:05Z" duration="0.006730" total="7" passed="7" failed="0" warnings="0" inconclusive="0" skipped="0" asserts="8">
              <test-case id="6-1298" name="ADefaultConstructedConfigurationEnablesCapturing" fullname="Dynatrace.OpenKit.Core.Configuration.OpenKitConfigurationTest.ADefaultConstructedConfigurationEnablesCapturing" methodname="ADefaultConstructedConfigurationEnablesCapturing" classname="Dynatrace.OpenKit.Core.Configuration.OpenKitConfigurationTest" runstate="Runnable" seed="1908121929" result="Passed" start-time="2018-05-11 10:27:05Z" end-time="2018-05-11 10:27:05Z" duration="0.000351" asserts="1" />
              <test-case id="6-1303" name="CapturingIsDisabledFromStatusResponse" fullname="Dynatrace.OpenKit.Core.Configuration.OpenKitConfigurationTest.CapturingIsDisabledFromStatusResponse" methodname="CapturingIsDisabledFromStatusResponse" classname="Dynatrace.OpenKit.Core.Configuration.OpenKitConfigurationTest" runstate="Runnable" seed="1324495161" result="Passed" start-time="2018-05-11 10:27:05Z" end-time="2018-05-11 10:27:05Z" duration="0.002456" asserts="1" />
              <test-case id="6-1301" name="CapturingIsDisabledIfResponseCodeIndicatesFailures" fullname="Dynatrace.OpenKit.Core.Configuration.OpenKitConfigurationTest.CapturingIsDisabledIfResponseCodeIndicatesFailures" methodname="CapturingIsDisabledIfResponseCodeIndicatesFailures" classname="Dynatrace.OpenKit.Core.Configuration.OpenKitConfigurationTest" runstate="Runnable" seed="2103433193" result="Passed" start-time="2018-05-11 10:27:05Z" end-time="2018-05-11 10:27:05Z" duration="0.000256" asserts="1" />
              <test-case id="6-1300" name="CapturingIsDisabledIfStatusResponseIsNull" fullname="Dynatrace.OpenKit.Core.Configuration.OpenKitConfigurationTest.CapturingIsDisabledIfStatusResponseIsNull" methodname="CapturingIsDisabledIfStatusResponseIsNull" classname="Dynatrace.OpenKit.Core.Configuration.OpenKitConfigurationTest" runstate="Runnable" seed="421628197" result="Passed" start-time="2018-05-11 10:27:05Z" end-time="2018-05-11 10:27:05Z" duration="0.000199" asserts="1" />
              <test-case id="6-1302" name="CapturingIsEnabledFromStatusResponse" fullname="Dynatrace.OpenKit.Core.Configuration.OpenKitConfigurationTest.CapturingIsEnabledFromStatusResponse" methodname="CapturingIsEnabledFromStatusResponse" classname="Dynatrace.OpenKit.Core.Configuration.OpenKitConfigurationTest" runstate="Runnable" seed="1672665695" result="Passed" start-time="2018-05-11 10:27:05Z" end-time="2018-05-11 10:27:05Z" duration="0.002794" asserts="1" />
              <test-case id="6-1304" name="ConsecutiveCallsToNextSessionNumberIncrementTheSessionID" fullname="Dynatrace.OpenKit.Core.Configuration.OpenKitConfigurationTest.ConsecutiveCallsToNextSessionNumberIncrementTheSessionID" methodname="ConsecutiveCallsToNextSessionNumberIncrementTheSessionID" classname="Dynatrace.OpenKit.Core.Configuration.OpenKitConfigurationTest" runstate="Runnable" seed="335002093" result="Passed" start-time="2018-05-11 10:27:05Z" end-time="2018-05-11 10:27:05Z" duration="0.000247" asserts="1" />
              <test-case id="6-1299" name="EnableAndDisableCapturing" fullname="Dynatrace.OpenKit.Core.Configuration.OpenKitConfigurationTest.EnableAndDisableCapturing" methodname="EnableAndDisableCapturing" classname="Dynatrace.OpenKit.Core.Configuration.OpenKitConfigurationTest" runstate="Runnable" seed="156236653" result="Passed" start-time="2018-05-11 10:27:05Z" end-time="2018-05-11 10:27:05Z" duration="0.000223" asserts="2" />
            </test-suite>
          </test-suite>
          <test-suite type="TestFixture" id="6-1140" name="DefaultLoggerTest" fullname="Dynatrace.OpenKit.Core.DefaultLoggerTest" classname="Dynatrace.OpenKit.Core.DefaultLoggerTest" runstate="Runnable" testcasecount="8" result="Passed" start-time="2018-05-11 10:27:05Z" end-time="2018-05-11 10:27:05Z" duration="0.002790" total="8" passed="8" failed="0" warnings="0" inconclusive="0" skipped="0" asserts="8">
            <test-case id="6-1148" name="DefaultLoggerWithoutVerboseOutputWritesDebugLevelMessages" fullname="Dynatrace.OpenKit.Core.DefaultLoggerTest.DefaultLoggerWithoutVerboseOutputWritesDebugLevelMessages" methodname="DefaultLoggerWithoutVerboseOutputWritesDebugLevelMessages" classname="Dynatrace.OpenKit.Core.DefaultLoggerTest" runstate="Runnable" seed="1624963145" result="Passed" start-time="2018-05-11 10:27:05Z" end-time="2018-05-11 10:27:05Z" duration="0.000470" asserts="1" />
            <test-case id="6-1145" name="DefaultLoggerWithoutVerboseOutputWritesErrorLevelMessages" fullname="Dynatrace.OpenKit.Core.DefaultLoggerTest.DefaultLoggerWithoutVerboseOutputWritesErrorLevelMessages" methodname="DefaultLoggerWithoutVerboseOutputWritesErrorLevelMessages" classname="Dynatrace.OpenKit.Core.DefaultLoggerTest" runstate="Runnable" seed="143345606" result="Passed" start-time="2018-05-11 10:27:05Z" end-time="2018-05-11 10:27:05Z" duration="0.000427" asserts="1" />
            <test-case id="6-1147" name="DefaultLoggerWithoutVerboseOutputWritesInfoLevelMessages" fullname="Dynatrace.OpenKit.Core.DefaultLoggerTest.DefaultLoggerWithoutVerboseOutputWritesInfoLevelMessages" methodname="DefaultLoggerWithoutVerboseOutputWritesInfoLevelMessages" classname="Dynatrace.OpenKit.Core.DefaultLoggerTest" runstate="Runnable" seed="1153653347" result="Passed" start-time="2018-05-11 10:27:05Z" end-time="2018-05-11 10:27:05Z" duration="0.000467" asserts="1" />
            <test-case id="6-1146" name="DefaultLoggerWithoutVerboseOutputWritesWarnLevelMessages" fullname="Dynatrace.OpenKit.Core.DefaultLoggerTest.DefaultLoggerWithoutVerboseOutputWritesWarnLevelMessages" methodname="DefaultLoggerWithoutVerboseOutputWritesWarnLevelMessages" classname="Dynatrace.OpenKit.Core.DefaultLoggerTest" runstate="Runnable" seed="1413848298" result="Passed" start-time="2018-05-11 10:27:05Z" end-time="2018-05-11 10:27:05Z" duration="0.000499" asserts="1" />
            <test-case id="6-1144" name="DefaultLoggerWithVerboseOutputWritesDebugLevelMessages" fullname="Dynatrace.OpenKit.Core.DefaultLoggerTest.DefaultLoggerWithVerboseOutputWritesDebugLevelMessages" methodname="DefaultLoggerWithVerboseOutputWritesDebugLevelMessages" classname="Dynatrace.OpenKit.Core.DefaultLoggerTest" runstate="Runnable" seed="1917174507" result="Passed" start-time="2018-05-11 10:27:05Z" end-time="2018-05-11 10:27:05Z" duration="0.000205" asserts="1" />
            <test-case id="6-1141" name="DefaultLoggerWithVerboseOutputWritesErrorLevelMessages" fullname="Dynatrace.OpenKit.Core.DefaultLoggerTest.DefaultLoggerWithVerboseOutputWritesErrorLevelMessages" methodname="DefaultLoggerWithVerboseOutputWritesErrorLevelMessages" classname="Dynatrace.OpenKit.Core.DefaultLoggerTest" runstate="Runnable" seed="539822647" result="Passed" start-time="2018-05-11 10:27:05Z" end-time="2018-05-11 10:27:05Z" duration="0.000171" asserts="1" />
            <test-case id="6-1143" name="DefaultLoggerWithVerboseOutputWritesInfoLevelMessages" fullname="Dynatrace.OpenKit.Core.DefaultLoggerTest.DefaultLoggerWithVerboseOutputWritesInfoLevelMessages" methodname="DefaultLoggerWithVerboseOutputWritesInfoLevelMessages" classname="Dynatrace.OpenKit.Core.DefaultLoggerTest" runstate="Runnable" seed="1389535765" result="Passed" start-time="2018-05-11 10:27:05Z" end-time="2018-05-11 10:27:05Z" duration="0.000160" asserts="1" />
            <test-case id="6-1142" name="DefaultLoggerWithVerboseOutputWritesWarnLevelMessages" fullname="Dynatrace.OpenKit.Core.DefaultLoggerTest.DefaultLoggerWithVerboseOutputWritesWarnLevelMessages" methodname="DefaultLoggerWithVerboseOutputWritesWarnLevelMessages" classname="Dynatrace.OpenKit.Core.DefaultLoggerTest" runstate="Runnable" seed="325760322" result="Passed" start-time="2018-05-11 10:27:05Z" end-time="2018-05-11 10:27:05Z" duration="0.000177" asserts="1" />
          </test-suite>
          <test-suite type="TestFixture" id="6-1149" name="RootActionTest" fullname="Dynatrace.OpenKit.Core.RootActionTest" classname="Dynatrace.OpenKit.Core.RootActionTest" runstate="Runnable" testcasecount="6" result="Passed" start-time="2018-05-11 10:27:05Z" end-time="2018-05-11 10:27:05Z" duration="0.009101" total="6" passed="6" failed="0" warnings="0" inconclusive="0" skipped="0" asserts="16">
            <test-case id="6-1150" name="EnterActionReturnsNewChildAction" fullname="Dynatrace.OpenKit.Core.RootActionTest.EnterActionReturnsNewChildAction" methodname="EnterActionReturnsNewChildAction" classname="Dynatrace.OpenKit.Core.RootActionTest" runstate="Runnable" seed="911739711" result="Passed" start-time="2018-05-11 10:27:05Z" end-time="2018-05-11 10:27:05Z" duration="0.002937" asserts="5" />
            <test-case id="6-1153" name="EnterActionReturnsNullActionIfActionNameIsAnEmptyString" fullname="Dynatrace.OpenKit.Core.RootActionTest.EnterActionReturnsNullActionIfActionNameIsAnEmptyString" methodname="EnterActionReturnsNullActionIfActionNameIsAnEmptyString" classname="Dynatrace.OpenKit.Core.RootActionTest" runstate="Runnable" seed="499155360" result="Passed" start-time="2018-05-11 10:27:05Z" end-time="2018-05-11 10:27:05Z" duration="0.002004" asserts="1" />
            <test-case id="6-1152" name="EnterActionReturnsNullActionIfActionNameIsNull" fullname="Dynatrace.OpenKit.Core.RootActionTest.EnterActionReturnsNullActionIfActionNameIsNull" methodname="EnterActionReturnsNullActionIfActionNameIsNull" classname="Dynatrace.OpenKit.Core.RootActionTest" runstate="Runnable" seed="762535650" result="Passed" start-time="2018-05-11 10:27:05Z" end-time="2018-05-11 10:27:05Z" duration="0.000631" asserts="1" />
            <test-case id="6-1151" name="EnterActionReturnsNullActionIfAlreadyLeft" fullname="Dynatrace.OpenKit.Core.RootActionTest.EnterActionReturnsNullActionIfAlreadyLeft" methodname="EnterActionReturnsNullActionIfAlreadyLeft" classname="Dynatrace.OpenKit.Core.RootActionTest" runstate="Runnable" seed="1120041081" result="Passed" start-time="2018-05-11 10:27:05Z" end-time="2018-05-11 10:27:05Z" duration="0.000877" asserts="3" />
            <test-case id="6-1154" name="LeavingAParentActionWillLeaveAllOpenChildActionsFirst" fullname="Dynatrace.OpenKit.Core.RootActionTest.LeavingAParentActionWillLeaveAllOpenChildActionsFirst" methodname="LeavingAParentActionWillLeaveAllOpenChildActionsFirst" classname="Dynatrace.OpenKit.Core.RootActionTest" runstate="Runnable" seed="1296784663" result="Passed" start-time="2018-05-11 10:27:05Z" end-time="2018-05-11 10:27:05Z" duration="0.001797" asserts="5" />
            <test-case id="6-1155" name="LeavingRootActionReturnsNullValueAsParent" fullname="Dynatrace.OpenKit.Core.RootActionTest.LeavingRootActionReturnsNullValueAsParent" methodname="LeavingRootActionReturnsNullValueAsParent" classname="Dynatrace.OpenKit.Core.RootActionTest" runstate="Runnable" seed="1297190521" result="Passed" start-time="2018-05-11 10:27:05Z" end-time="2018-05-11 10:27:05Z" duration="0.000670" asserts="1" />
          </test-suite>
          <test-suite type="TestFixture" id="6-1156" name="SessionTest" fullname="Dynatrace.OpenKit.Core.SessionTest" classname="Dynatrace.OpenKit.Core.SessionTest" runstate="Runnable" testcasecount="19" result="Passed" start-time="2018-05-11 10:27:05Z" end-time="2018-05-11 10:27:05Z" duration="0.025957" total="19" passed="19" failed="0" warnings="0" inconclusive="0" skipped="0" asserts="21">
            <test-case id="6-1159" name="AfterCallingEndASessionIsEnded" fullname="Dynatrace.OpenKit.Core.SessionTest.AfterCallingEndASessionIsEnded" methodname="AfterCallingEndASessionIsEnded" classname="Dynatrace.OpenKit.Core.SessionTest" runstate="Runnable" seed="24235631" result="Passed" start-time="2018-05-11 10:27:05Z" end-time="2018-05-11 10:27:05Z" duration="0.003670" asserts="1" />
            <test-case id="6-1157" name="ANewlyCreatedSessionIsEmpty" fullname="Dynatrace.OpenKit.Core.SessionTest.ANewlyCreatedSessionIsEmpty" methodname="ANewlyCreatedSessionIsEmpty" classname="Dynatrace.OpenKit.Core.SessionTest" runstate="Runnable" seed="1529817755" result="Passed" start-time="2018-05-11 10:27:05Z" end-time="2018-05-11 10:27:05Z" duration="0.000611" asserts="1" />
            <test-case id="6-1158" name="ANewlyCreatedSessionIsNotEnded" fullname="Dynatrace.OpenKit.Core.SessionTest.ANewlyCreatedSessionIsNotEnded" methodname="ANewlyCreatedSessionIsNotEnded" classname="Dynatrace.OpenKit.Core.SessionTest" runstate="Runnable" seed="1141581423" result="Passed" start-time="2018-05-11 10:27:05Z" end-time="2018-05-11 10:27:05Z" duration="0.000616" asserts="2" />
            <test-case id="6-1174" name="DisposingASessionEndsTheSession" fullname="Dynatrace.OpenKit.Core.SessionTest.DisposingASessionEndsTheSession" methodname="DisposingASessionEndsTheSession" classname="Dynatrace.OpenKit.Core.SessionTest" runstate="Runnable" seed="1933295320" result="Passed" start-time="2018-05-11 10:27:05Z" end-time="2018-05-11 10:27:05Z" duration="0.001426" asserts="0" />
            <test-case id="6-1172" name="EndingASessionEndsOpenRootActionsFirst" fullname="Dynatrace.OpenKit.Core.SessionTest.EndingASessionEndsOpenRootActionsFirst" methodname="EndingASessionEndsOpenRootActionsFirst" classname="Dynatrace.OpenKit.Core.SessionTest" runstate="Runnable" seed="162105644" result="Passed" start-time="2018-05-11 10:27:05Z" end-time="2018-05-11 10:27:05Z" duration="0.004954" asserts="4" />
            <test-case id="6-1173" name="EndingASessionFinishesSessionContext" fullname="Dynatrace.OpenKit.Core.SessionTest.EndingASessionFinishesSessionContext" methodname="EndingASessionFinishesSessionContext" classname="Dynatrace.OpenKit.Core.SessionTest" runstate="Runnable" seed="189192207" result="Passed" start-time="2018-05-11 10:27:05Z" end-time="2018-05-11 10:27:05Z" duration="0.001881" asserts="0" />
            <test-case id="6-1175" name="EndingASessionReturnsImmediatelyIfEndedBefore" fullname="Dynatrace.OpenKit.Core.SessionTest.EndingASessionReturnsImmediatelyIfEndedBefore" methodname="EndingASessionReturnsImmediatelyIfEndedBefore" classname="Dynatrace.OpenKit.Core.SessionTest" runstate="Runnable" seed="27159930" result="Passed" start-time="2018-05-11 10:27:05Z" end-time="2018-05-11 10:27:05Z" duration="0.001230" asserts="1" />
            <test-case id="6-1160" name="EnterActionGivesNewRootAction" fullname="Dynatrace.OpenKit.Core.SessionTest.EnterActionGivesNewRootAction" methodname="EnterActionGivesNewRootAction" classname="Dynatrace.OpenKit.Core.SessionTest" runstate="Runnable" seed="379245927" result="Passed" start-time="2018-05-11 10:27:05Z" end-time="2018-05-11 10:27:05Z" duration="0.000646" asserts="1" />
            <test-case id="6-1163" name="EnterActionGivesNullActionIfActionNameIsEmptyString" fullname="Dynatrace.OpenKit.Core.SessionTest.EnterActionGivesNullActionIfActionNameIsEmptyString" methodname="EnterActionGivesNullActionIfActionNameIsEmptyString" classname="Dynatrace.OpenKit.Core.SessionTest" runstate="Runnable" seed="1283107707" result="Passed" start-time="2018-05-11 10:27:05Z" end-time="2018-05-11 10:27:05Z" duration="0.000679" asserts="1" />
            <test-case id="6-1162" name="EnterActionGivesNullActionIfActionNameIsNull" fullname="Dynatrace.OpenKit.Core.SessionTest.EnterActionGivesNullActionIfActionNameIsNull" methodname="EnterActionGivesNullActionIfActionNameIsNull" classname="Dynatrace.OpenKit.Core.SessionTest" runstate="Runnable" seed="120316201" result="Passed" start-time="2018-05-11 10:27:05Z" end-time="2018-05-11 10:27:05Z" duration="0.000644" asserts="1" />
            <test-case id="6-1161" name="EnterActionGivesNullActionIfSessionIsAlreadyEnded" fullname="Dynatrace.OpenKit.Core.SessionTest.EnterActionGivesNullActionIfSessionIsAlreadyEnded" methodname="EnterActionGivesNullActionIfSessionIsAlreadyEnded" classname="Dynatrace.OpenKit.Core.SessionTest" runstate="Runnable" seed="896854723" result="Passed" start-time="2018-05-11 10:27:05Z" end-time="2018-05-11 10:27:05Z" duration="0.000736" asserts="1" />
            <test-case id="6-1164" name="IdentifyUser" fullname="Dynatrace.OpenKit.Core.SessionTest.IdentifyUser" methodname="IdentifyUser" classname="Dynatrace.OpenKit.Core.SessionTest" runstate="Runnable" seed="1953281731" result="Passed" start-time="2018-05-11 10:27:05Z" end-time="2018-05-11 10:27:05Z" duration="0.001846" asserts="1" />
            <test-case id="6-1165" name="IdentifyUserDoesNothingIfSessionIsEnded" fullname="Dynatrace.OpenKit.Core.SessionTest.IdentifyUserDoesNothingIfSessionIsEnded" methodname="IdentifyUserDoesNothingIfSessionIsEnded" classname="Dynatrace.OpenKit.Core.SessionTest" runstate="Runnable" seed="981948288" result="Passed" start-time="2018-05-11 10:27:05Z" end-time="2018-05-11 10:27:05Z" duration="0.000805" asserts="1" />
            <test-case id="6-1167" name="IdentifyUserDoesNothingIfUserTagIsAnEmptyString" fullname="Dynatrace.OpenKit.Core.SessionTest.IdentifyUserDoesNothingIfUserTagIsAnEmptyString" methodname="IdentifyUserDoesNothingIfUserTagIsAnEmptyString" classname="Dynatrace.OpenKit.Core.SessionTest" runstate="Runnable" seed="1722467848" result="Passed" start-time="2018-05-11 10:27:05Z" end-time="2018-05-11 10:27:05Z" duration="0.000717" asserts="1" />
            <test-case id="6-1166" name="IdentifyUserDoesNothingIfUserTagIsNull" fullname="Dynatrace.OpenKit.Core.SessionTest.IdentifyUserDoesNothingIfUserTagIsNull" methodname="IdentifyUserDoesNothingIfUserTagIsNull" classname="Dynatrace.OpenKit.Core.SessionTest" runstate="Runnable" seed="670124391" result="Passed" start-time="2018-05-11 10:27:05Z" end-time="2018-05-11 10:27:05Z" duration="0.000660" asserts="1" />
            <test-case id="6-1168" name="ReportCrash" fullname="Dynatrace.OpenKit.Core.SessionTest.ReportCrash" methodname="ReportCrash" classname="Dynatrace.OpenKit.Core.SessionTest" runstate="Runnable" seed="835580736" result="Passed" start-time="2018-05-11 10:27:05Z" end-time="2018-05-11 10:27:05Z" duration="0.002400" asserts="1" />
            <test-case id="6-1171" name="ReportCrashDoesNothingIfErrorNameIsAnEmptyString" fullname="Dynatrace.OpenKit.Core.SessionTest.ReportCrashDoesNothingIfErrorNameIsAnEmptyString" methodname="ReportCrashDoesNothingIfErrorNameIsAnEmptyString" classname="Dynatrace.OpenKit.Core.SessionTest" runstate="Runnable" seed="1796882475" result="Passed" start-time="2018-05-11 10:27:05Z" end-time="2018-05-11 10:27:05Z" duration="0.000686" asserts="1" />
            <test-case id="6-1170" name="ReportCrashDoesNothingIfErrorNameIsNull" fullname="Dynatrace.OpenKit.Core.SessionTest.ReportCrashDoesNothingIfErrorNameIsNull" methodname="ReportCrashDoesNothingIfErrorNameIsNull" classname="Dynatrace.OpenKit.Core.SessionTest" runstate="Runnable" seed="1553828037" result="Passed" start-time="2018-05-11 10:27:05Z" end-time="2018-05-11 10:27:05Z" duration="0.000657" asserts="1" />
            <test-case id="6-1169" name="ReportCrashDoesNothingIfSessionIsEnded" fullname="Dynatrace.OpenKit.Core.SessionTest.ReportCrashDoesNothingIfSessionIsEnded" methodname="ReportCrashDoesNothingIfSessionIsEnded" classname="Dynatrace.OpenKit.Core.SessionTest" runstate="Runnable" seed="471947760" result="Passed" start-time="2018-05-11 10:27:05Z" end-time="2018-05-11 10:27:05Z" duration="0.000742" asserts="1" />
          </test-suite>
          <test-suite type="TestSuite" id="6-1423" name="Util" fullname="Dynatrace.OpenKit.Core.Util" runstate="Runnable" testcasecount="13" result="Passed" start-time="2018-05-11 10:27:03Z" end-time="2018-05-11 10:27:05Z" duration="1.666123" total="13" passed="13" failed="0" warnings="0" inconclusive="0" skipped="0" asserts="13">
            <test-suite type="TestFixture" id="6-1200" name="InetAddressValidatorTest" fullname="Dynatrace.OpenKit.Core.Util.InetAddressValidatorTest" classname="Dynatrace.OpenKit.Core.Util.InetAddressValidatorTest" runstate="Runnable" testcasecount="13" result="Passed" start-time="2018-05-11 10:27:05Z" end-time="2018-05-11 10:27:05Z" duration="0.006663" total="13" passed="13" failed="0" warnings="0" inconclusive="0" skipped="0" asserts="13">
              <test-case id="6-1212" name="IPAddressEmptyIsInvalid" fullname="Dynatrace.OpenKit.Core.Util.InetAddressValidatorTest.IPAddressEmptyIsInvalid" methodname="IPAddressEmptyIsInvalid" classname="Dynatrace.OpenKit.Core.Util.InetAddressValidatorTest" runstate="Runnable" seed="1301469920" result="Passed" start-time="2018-05-11 10:27:05Z" end-time="2018-05-11 10:27:05Z" duration="0.000199" asserts="1" />
              <test-case id="6-1213" name="IPAddressNullIsInvalid" fullname="Dynatrace.OpenKit.Core.Util.InetAddressValidatorTest.IPAddressNullIsInvalid" methodname="IPAddressNullIsInvalid" classname="Dynatrace.OpenKit.Core.Util.InetAddressValidatorTest" runstate="Runnable" seed="184015889" result="Passed" start-time="2018-05-11 10:27:05Z" end-time="2018-05-11 10:27:05Z" duration="0.000128" asserts="1" />
              <test-case id="6-1202" name="IPV4AddressIsInvalidDueToExtraBlock" fullname="Dynatrace.OpenKit.Core.Util.InetAddressValidatorTest.IPV4AddressIsInvalidDueToExtraBlock" methodname="IPV4AddressIsInvalidDueToExtraBlock" classname="Dynatrace.OpenKit.Core.Util.InetAddressValidatorTest" runstate="Runnable" seed="1255818001" result="Passed" start-time="2018-05-11 10:27:05Z" end-time="2018-05-11 10:27:05Z" duration="0.003902" asserts="1" />
              <test-case id="6-1203" name="IPV4AddressIsInvalidDueToHighNumber" fullname="Dynatrace.OpenKit.Core.Util.InetAddressValidatorTest.IPV4AddressIsInvalidDueToHighNumber" methodname="IPV4AddressIsInvalidDueToHighNumber" classname="Dynatrace.OpenKit.Core.Util.InetAddressValidatorTest" runstate="Runnable" seed="1852095162" result="Passed" start-time="2018-05-11 10:27:05Z" end-time="2018-05-11 10:27:05Z" duration="0.000219" asserts="1" />
              <test-case id="6-1205" name="IPV4AddressIsInvalidDueToLetter" fullname="Dynatrace.OpenKit.Core.Util.InetAddressValidatorTest.IPV4AddressIsInvalidDueToLetter" methodname="IPV4AddressIsInvalidDueToLetter" classname="Dynatrace.OpenKit.Core.Util.InetAddressValidatorTest" runstate="Runnable" seed="1596907618" result="Passed" start-time="2018-05-11 10:27:05Z" end-time="2018-05-11 10:27:05Z" duration="0.000188" asserts="1" />
              <test-case id="6-1206" name="IPV4AddressIsInvalidDueToMissingBlock" fullname="Dynatrace.OpenKit.Core.Util.InetAddressValidatorTest.IPV4AddressIsInvalidDueToMissingBlock" methodname="IPV4AddressIsInvalidDueToMissingBlock" classname="Dynatrace.OpenKit.Core.Util.InetAddressValidatorTest" runstate="Runnable" seed="70225250" result="Passed" start-time="2018-05-11 10:27:05Z" end-time="2018-05-11 10:27:05Z" duration="0.000178" asserts="1" />
              <test-case id="6-1204" name="IPV4AddressIsInvalidDueToNegativeNumber" fullname="Dynatrace.OpenKit.Core.Util.InetAddressValidatorTest.IPV4AddressIsInvalidDueToNegativeNumber" methodname="IPV4AddressIsInvalidDueToNegativeNumber" classname="Dynatrace.OpenKit.Core.Util.InetAddressValidatorTest" runstate="Runnable" seed="2071764565" result="Passed" start-time="2018-05-11 10:27:05Z" end-time="2018-05-11 10:27:05Z" duration="0.000182" asserts="1" />
              <test-case id="6-1201" name="IPV4AddressIsValid" fullname="Dynatrace.OpenKit.Core.Util.InetAddressValidatorTest.IPV4AddressIsValid" methodname="IPV4AddressIsValid" classname="Dynatrace.OpenKit.Core.Util.InetAddressValidatorTest" runstate="Runnable" seed="966424688" result="Passed" start-time="2018-05-11 10:27:05Z" end-time="2018-05-11 10:27:05Z" duration="0.000175" asserts="1" />
              <test-case id="6-1209" name="IPV6AddressIsInvalidDueTo5HexDigitNumber" fullname="Dynatrace.OpenKit.Core.Util.InetAddressValidatorTest.IPV6AddressIsInvalidDueTo5HexDigitNumber" methodname="IPV6AddressIsInvalidDueTo5HexDigitNumber" classname="Dynatrace.OpenKit.Core.Util.InetAddressValidatorTest" runstate="Runnable" seed="1224492429" result="Passed" start-time="2018-05-11 10:27:05Z" end-time="2018-05-11 10:27:05Z" duration="0.000238" asserts="1" />
              <test-case id="6-1208" name="IPV6AddressIsInvalidDueToExtraBlock" fullname="Dynatrace.OpenKit.Core.Util.InetAddressValidatorTest.IPV6AddressIsInvalidDueToExtraBlock" methodname="IPV6AddressIsInvalidDueToExtraBlock" classname="Dynatrace.OpenKit.Core.Util.InetAddressValidatorTest" runstate="Runnable" seed="449608135" result="Passed" start-time="2018-05-11 10:27:05Z" end-time="2018-05-11 10:27:05Z" duration="0.000383" asserts="1" />
              <test-case id="6-1210" name="IPV6AddressIsInvalidDueToNonHexLetter" fullname="Dynatrace.OpenKit.Core.Util.InetAddressValidatorTest.IPV6AddressIsInvalidDueToNonHexLetter" methodname="IPV6AddressIsInvalidDueToNonHexLetter" classname="Dynatrace.OpenKit.Core.Util.InetAddressValidatorTest" runstate="Runnable" seed="640209083" result="Passed" start-time="2018-05-11 10:27:05Z" end-time="2018-05-11 10:27:05Z" duration="0.000238" asserts="1" />
              <test-case id="6-1207" name="IPV6AddressIsValid" fullname="Dynatrace.OpenKit.Core.Util.InetAddressValidatorTest.IPV6AddressIsValid" methodname="IPV6AddressIsValid" classname="Dynatrace.OpenKit.Core.Util.InetAddressValidatorTest" runstate="Runnable" seed="1666721206" result="Passed" start-time="2018-05-11 10:27:05Z" end-time="2018-05-11 10:27:05Z" duration="0.000185" asserts="1" />
              <test-case id="6-1211" name="IPV6AddressWithLessThanEightBlocksIsValid" fullname="Dynatrace.OpenKit.Core.Util.InetAddressValidatorTest.IPV6AddressWithLessThanEightBlocksIsValid" methodname="IPV6AddressWithLessThanEightBlocksIsValid" classname="Dynatrace.OpenKit.Core.Util.InetAddressValidatorTest" runstate="Runnable" seed="787929770" result="Passed" start-time="2018-05-11 10:27:05Z" end-time="2018-05-11 10:27:05Z" duration="0.000160" asserts="1" />
            </test-suite>
          </test-suite>
          <test-suite type="TestFixture" id="6-1176" name="WebRequestTracerBaseTest" fullname="Dynatrace.OpenKit.Core.WebRequestTracerBaseTest" classname="Dynatrace.OpenKit.Core.WebRequestTracerBaseTest" runstate="Runnable" testcasecount="14" result="Passed" start-time="2018-05-11 10:27:05Z" end-time="2018-05-11 10:27:05Z" duration="0.020384" total="14" passed="14" failed="0" warnings="0" inconclusive="0" skipped="0" asserts="34">
            <test-case id="6-1179" name="ANewlyCreatedWebRequestTracerIsNotStopped" fullname="Dynatrace.OpenKit.Core.WebRequestTracerBaseTest.ANewlyCreatedWebRequestTracerIsNotStopped" methodname="ANewlyCreatedWebRequestTracerIsNotStopped" classname="Dynatrace.OpenKit.Core.WebRequestTracerBaseTest" runstate="Runnable" seed="1677010574" result="Passed" start-time="2018-05-11 10:27:05Z" end-time="2018-05-11 10:27:05Z" duration="0.001702" asserts="1" />
            <test-case id="6-1180" name="AWebRequestTracerIsStoppedAfterStopHasBeenCalled" fullname="Dynatrace.OpenKit.Core.WebRequestTracerBaseTest.AWebRequestTracerIsStoppedAfterStopHasBeenCalled" methodname="AWebRequestTracerIsStoppedAfterStopHasBeenCalled" classname="Dynatrace.OpenKit.Core.WebRequestTracerBaseTest" runstate="Runnable" seed="1610273897" result="Passed" start-time="2018-05-11 10:27:05Z" end-time="2018-05-11 10:27:05Z" duration="0.004570" asserts="1" />
            <test-case id="6-1177" name="DefaultValues" fullname="Dynatrace.OpenKit.Core.WebRequestTracerBaseTest.DefaultValues" methodname="DefaultValues" classname="Dynatrace.OpenKit.Core.WebRequestTracerBaseTest" runstate="Runnable" seed="1767275879" result="Passed" start-time="2018-05-11 10:27:05Z" end-time="2018-05-11 10:27:05Z" duration="0.000912" asserts="8" />
            <test-case id="6-1181" name="DisposingAWebRequestTracerStopsIt" fullname="Dynatrace.OpenKit.Core.WebRequestTracerBaseTest.DisposingAWebRequestTracerStopsIt" methodname="DisposingAWebRequestTracerStopsIt" classname="Dynatrace.OpenKit.Core.WebRequestTracerBaseTest" runstate="Runnable" seed="1655680611" result="Passed" start-time="2018-05-11 10:27:05Z" end-time="2018-05-11 10:27:05Z" duration="0.001336" asserts="1" />
            <test-case id="6-1178" name="GetTag" fullname="Dynatrace.OpenKit.Core.WebRequestTracerBaseTest.GetTag" methodname="GetTag" classname="Dynatrace.OpenKit.Core.WebRequestTracerBaseTest" runstate="Runnable" seed="1200439551" result="Passed" start-time="2018-05-11 10:27:05Z" end-time="2018-05-11 10:27:05Z" duration="0.001020" asserts="1" />
            <test-case id="6-1187" name="SetBytesReceivedDoesNotSetAnythingIfStopped" fullname="Dynatrace.OpenKit.Core.WebRequestTracerBaseTest.SetBytesReceivedDoesNotSetAnythingIfStopped" methodname="SetBytesReceivedDoesNotSetAnythingIfStopped" classname="Dynatrace.OpenKit.Core.WebRequestTracerBaseTest" runstate="Runnable" seed="1667267713" result="Passed" start-time="2018-05-11 10:27:05Z" end-time="2018-05-11 10:27:05Z" duration="0.001355" asserts="2" />
            <test-case id="6-1186" name="SetBytesReceivedSetsTheNumberOfReceivedBytes" fullname="Dynatrace.OpenKit.Core.WebRequestTracerBaseTest.SetBytesReceivedSetsTheNumberOfReceivedBytes" methodname="SetBytesReceivedSetsTheNumberOfReceivedBytes" classname="Dynatrace.OpenKit.Core.WebRequestTracerBaseTest" runstate="Runnable" seed="1522529939" result="Passed" start-time="2018-05-11 10:27:05Z" end-time="2018-05-11 10:27:05Z" duration="0.000638" asserts="2" />
            <test-case id="6-1185" name="SetBytesSentDoesNotSetAnythingIfStopped" fullname="Dynatrace.OpenKit.Core.WebRequestTracerBaseTest.SetBytesSentDoesNotSetAnythingIfStopped" methodname="SetBytesSentDoesNotSetAnythingIfStopped" classname="Dynatrace.OpenKit.Core.WebRequestTracerBaseTest" runstate="Runnable" seed="241619160" result="Passed" start-time="2018-05-11 10:27:05Z" end-time="2018-05-11 10:27:05Z" duration="0.001219" asserts="2" />
            <test-case id="6-1184" name="SetBytesSentSetsTheNumberOfSentBytes" fullname="Dynatrace.OpenKit.Core.WebRequestTracerBaseTest.SetBytesSentSetsTheNumberOfSentBytes" methodname="SetBytesSentSetsTheNumberOfSentBytes" classname="Dynatrace.OpenKit.Core.WebRequestTracerBaseTest" runstate="Runnable" seed="1360871783" result="Passed" start-time="2018-05-11 10:27:05Z" end-time="2018-05-11 10:27:05Z" duration="0.000634" asserts="2" />
            <test-case id="6-1183" name="SetResponseCodeDoesNotSetTheResponseCodeIfStopped" fullname="Dynatrace.OpenKit.Core.WebRequestTracerBaseTest.SetResponseCodeDoesNotSetTheResponseCodeIfStopped" methodname="SetResponseCodeDoesNotSetTheResponseCodeIfStopped" classname="Dynatrace.OpenKit.Core.WebRequestTracerBaseTest" runstate="Runnable" seed="212759769" result="Passed" start-time="2018-05-11 10:27:05Z" end-time="2018-05-11 10:27:05Z" duration="0.001257" asserts="2" />
            <test-case id="6-1182" name="SetResponseCodeSetsTheResponseCode" fullname="Dynatrace.OpenKit.Core.WebRequestTracerBaseTest.SetResponseCodeSetsTheResponseCode" methodname="SetResponseCodeSetsTheResponseCode" classname="Dynatrace.OpenKit.Core.WebRequestTracerBaseTest" runstate="Runnable" seed="858268902" result="Passed" start-time="2018-05-11 10:27:05Z" end-time="2018-05-11 10:27:05Z" duration="0.000657" asserts="2" />
            <test-case id="6-1189" name="StartDoesNothingIfAlreadyStopped" fullname="Dynatrace.OpenKit.Core.WebRequestTracerBaseTest.StartDoesNothingIfAlreadyStopped" methodname="StartDoesNothingIfAlreadyStopped" classname="Dynatrace.OpenKit.Core.WebRequestTracerBaseTest" runstate="Runnable" seed="1091630284" result="Passed" start-time="2018-05-11 10:27:05Z" end-time="2018-05-11 10:27:05Z" duration="0.002271" asserts="2" />
            <test-case id="6-1188" name="StartSetsTheStartTime" fullname="Dynatrace.OpenKit.Core.WebRequestTracerBaseTest.StartSetsTheStartTime" methodname="StartSetsTheStartTime" classname="Dynatrace.OpenKit.Core.WebRequestTracerBaseTest" runstate="Runnable" seed="124203599" result="Passed" start-time="2018-05-11 10:27:05Z" end-time="2018-05-11 10:27:05Z" duration="0.001238" asserts="2" />
            <test-case id="6-1190" name="StopCanOnlyBeExecutedOnce" fullname="Dynatrace.OpenKit.Core.WebRequestTracerBaseTest.StopCanOnlyBeExecutedOnce" methodname="StopCanOnlyBeExecutedOnce" classname="Dynatrace.OpenKit.Core.WebRequestTracerBaseTest" runstate="Runnable" seed="119034078" result="Passed" start-time="2018-05-11 10:27:05Z" end-time="2018-05-11 10:27:05Z" duration="0.001277" asserts="6" />
          </test-suite>
          <test-suite type="TestFixture" id="6-1191" name="WebRequestTracerStringURLTest" fullname="Dynatrace.OpenKit.Core.WebRequestTracerStringURLTest" classname="Dynatrace.OpenKit.Core.WebRequestTracerStringURLTest" runstate="Runnable" testcasecount="8" result="Passed" start-time="2018-05-11 10:27:05Z" end-time="2018-05-11 10:27:05Z" duration="0.005031" total="8" passed="8" failed="0" warnings="0" inconclusive="0" skipped="0" asserts="9">
            <test-case id="6-1198" name="AnURLIsOnlySetInConstructorIfItIsValid" fullname="Dynatrace.OpenKit.Core.WebRequestTracerStringURLTest.AnURLIsOnlySetInConstructorIfItIsValid" methodname="AnURLIsOnlySetInConstructorIfItIsValid" classname="Dynatrace.OpenKit.Core.WebRequestTracerStringURLTest" runstate="Runnable" seed="924166516" result="Passed" start-time="2018-05-11 10:27:05Z" end-time="2018-05-11 10:27:05Z" duration="0.001185" asserts="1" />
            <test-case id="6-1197" name="ASchemeIsInvalidIfInvalidCharactersAreEncountered" fullname="Dynatrace.OpenKit.Core.WebRequestTracerStringURLTest.ASchemeIsInvalidIfInvalidCharactersAreEncountered" methodname="ASchemeIsInvalidIfInvalidCharactersAreEncountered" classname="Dynatrace.OpenKit.Core.WebRequestTracerStringURLTest" runstate="Runnable" seed="1739995912" result="Passed" start-time="2018-05-11 10:27:05Z" end-time="2018-05-11 10:27:05Z" duration="0.000563" asserts="1" />
            <test-case id="6-1195" name="AValidSchemeAllowsUpperCaseLettersToo" fullname="Dynatrace.OpenKit.Core.WebRequestTracerStringURLTest.AValidSchemeAllowsUpperCaseLettersToo" methodname="AValidSchemeAllowsUpperCaseLettersToo" classname="Dynatrace.OpenKit.Core.WebRequestTracerStringURLTest" runstate="Runnable" seed="1532382472" result="Passed" start-time="2018-05-11 10:27:05Z" end-time="2018-05-11 10:27:05Z" duration="0.000531" asserts="1" />
            <test-case id="6-1196" name="AValidSchemeDoesNotStartWithADigit" fullname="Dynatrace.OpenKit.Core.WebRequestTracerStringURLTest.AValidSchemeDoesNotStartWithADigit" methodname="AValidSchemeDoesNotStartWithADigit" classname="Dynatrace.OpenKit.Core.WebRequestTracerStringURLTest" runstate="Runnable" seed="270129617" result="Passed" start-time="2018-05-11 10:27:05Z" end-time="2018-05-11 10:27:05Z" duration="0.000470" asserts="2" />
            <test-case id="6-1194" name="AValidSchemeOnlyContainsLettersDigitsPlusPeriodOrHyphen" fullname="Dynatrace.OpenKit.Core.WebRequestTracerStringURLTest.AValidSchemeOnlyContainsLettersDigitsPlusPeriodOrHyphen" methodname="AValidSchemeOnlyContainsLettersDigitsPlusPeriodOrHyphen" classname="Dynatrace.OpenKit.Core.WebRequestTracerStringURLTest" runstate="Runnable" seed="1852873165" result="Passed" start-time="2018-05-11 10:27:05Z" end-time="2018-05-11 10:27:05Z" duration="0.000530" asserts="1" />
            <test-case id="6-1193" name="AValidSchemeStartsWithALetter" fullname="Dynatrace.OpenKit.Core.WebRequestTracerStringURLTest.AValidSchemeStartsWithALetter" methodname="AValidSchemeStartsWithALetter" classname="Dynatrace.OpenKit.Core.WebRequestTracerStringURLTest" runstate="Runnable" seed="2120384740" result="Passed" start-time="2018-05-11 10:27:05Z" end-time="2018-05-11 10:27:05Z" duration="0.000457" asserts="1" />
            <test-case id="6-1199" name="IfURLIsInvalidTheDefaultValueIsUsed" fullname="Dynatrace.OpenKit.Core.WebRequestTracerStringURLTest.IfURLIsInvalidTheDefaultValueIsUsed" methodname="IfURLIsInvalidTheDefaultValueIsUsed" classname="Dynatrace.OpenKit.Core.WebRequestTracerStringURLTest" runstate="Runnable" seed="127795536" result="Passed" start-time="2018-05-11 10:27:05Z" end-time="2018-05-11 10:27:05Z" duration="0.000636" asserts="1" />
            <test-case id="6-1192" name="NullIsNotAValidURLScheme" fullname="Dynatrace.OpenKit.Core.WebRequestTracerStringURLTest.NullIsNotAValidURLScheme" methodname="NullIsNotAValidURLScheme" classname="Dynatrace.OpenKit.Core.WebRequestTracerStringURLTest" runstate="Runnable" seed="1258002267" result="Passed" start-time="2018-05-11 10:27:05Z" end-time="2018-05-11 10:27:05Z" duration="0.000434" asserts="1" />
          </test-suite>
        </test-suite>
        <test-suite type="TestFixture" id="6-1000" name="OpenKitBuilderTest" fullname="Dynatrace.OpenKit.OpenKitBuilderTest" classname="Dynatrace.OpenKit.OpenKitBuilderTest" runstate="Runnable" testcasecount="23" result="Passed" start-time="2018-05-11 10:27:05Z" end-time="2018-05-11 10:27:05Z" duration="0.024891" total="23" passed="23" failed="0" warnings="0" inconclusive="0" skipped="0" asserts="56">
          <test-case id="6-1003" name="ApplicationNameIsSetCorrectlyForAppMon" fullname="Dynatrace.OpenKit.OpenKitBuilderTest.ApplicationNameIsSetCorrectlyForAppMon" methodname="ApplicationNameIsSetCorrectlyForAppMon" classname="Dynatrace.OpenKit.OpenKitBuilderTest" runstate="Runnable" seed="71056024" result="Passed" start-time="2018-05-11 10:27:05Z" end-time="2018-05-11 10:27:05Z" duration="0.006807" asserts="2" />
          <test-case id="6-1004" name="CanOverrideTrustManagerForAppMon" fullname="Dynatrace.OpenKit.OpenKitBuilderTest.CanOverrideTrustManagerForAppMon" methodname="CanOverrideTrustManagerForAppMon" classname="Dynatrace.OpenKit.OpenKitBuilderTest" runstate="Runnable" seed="1154257812" result="Passed" start-time="2018-05-11 10:27:05Z" end-time="2018-05-11 10:27:05Z" duration="0.004997" asserts="1" />
          <test-case id="6-1005" name="CanOverrideTrustManagerForDynatrace" fullname="Dynatrace.OpenKit.OpenKitBuilderTest.CanOverrideTrustManagerForDynatrace" methodname="CanOverrideTrustManagerForDynatrace" classname="Dynatrace.OpenKit.OpenKitBuilderTest" runstate="Runnable" seed="1846547180" result="Passed" start-time="2018-05-11 10:27:05Z" end-time="2018-05-11 10:27:05Z" duration="0.001318" asserts="1" />
          <test-case id="6-1006" name="CanSetApplicationVersionForAppMon" fullname="Dynatrace.OpenKit.OpenKitBuilderTest.CanSetApplicationVersionForAppMon" methodname="CanSetApplicationVersionForAppMon" classname="Dynatrace.OpenKit.OpenKitBuilderTest" runstate="Runnable" seed="1523173132" result="Passed" start-time="2018-05-11 10:27:05Z" end-time="2018-05-11 10:27:05Z" duration="0.000661" asserts="1" />
          <test-case id="6-1007" name="CanSetApplicationVersionForDynatrace" fullname="Dynatrace.OpenKit.OpenKitBuilderTest.CanSetApplicationVersionForDynatrace" methodname="CanSetApplicationVersionForDynatrace" classname="Dynatrace.OpenKit.OpenKitBuilderTest" runstate="Runnable" seed="1016448109" result="Passed" start-time="2018-05-11 10:27:05Z" end-time="2018-05-11 10:27:05Z" duration="0.000259" asserts="1" />
          <test-case id="6-1014" name="CanSetAppNameForDynatrace" fullname="Dynatrace.OpenKit.OpenKitBuilderTest.CanSetAppNameForDynatrace" methodname="CanSetAppNameForDynatrace" classname="Dynatrace.OpenKit.OpenKitBuilderTest" runstate="Runnable" seed="181547621" result="Passed" start-time="2018-05-11 10:27:05Z" end-time="2018-05-11 10:27:05Z" duration="0.000581" asserts="1" />
          <test-case id="6-1021" name="CanSetBeaconCacheLowerMemoryBoundaryForAppMon" fullname="Dynatrace.OpenKit.OpenKitBuilderTest.CanSetBeaconCacheLowerMemoryBoundaryForAppMon" methodname="CanSetBeaconCacheLowerMemoryBoundaryForAppMon" classname="Dynatrace.OpenKit.OpenKitBuilderTest" runstate="Runnable" seed="695886765" result="Passed" start-time="2018-05-11 10:27:05Z" end-time="2018-05-11 10:27:05Z" duration="0.001092" asserts="3" />
          <test-case id="6-1020" name="CanSetBeaconCacheLowerMemoryBoundaryForDynatrace" fullname="Dynatrace.OpenKit.OpenKitBuilderTest.CanSetBeaconCacheLowerMemoryBoundaryForDynatrace" methodname="CanSetBeaconCacheLowerMemoryBoundaryForDynatrace" classname="Dynatrace.OpenKit.OpenKitBuilderTest" runstate="Runnable" seed="1660131925" result="Passed" start-time="2018-05-11 10:27:05Z" end-time="2018-05-11 10:27:05Z" duration="0.000466" asserts="3" />
          <test-case id="6-1023" name="CanSetBeaconCacheUpperMemoryBoundaryForAppMon" fullname="Dynatrace.OpenKit.OpenKitBuilderTest.CanSetBeaconCacheUpperMemoryBoundaryForAppMon" methodname="CanSetBeaconCacheUpperMemoryBoundaryForAppMon" classname="Dynatrace.OpenKit.OpenKitBuilderTest" runstate="Runnable" seed="1454086159" result="Passed" start-time="2018-05-11 10:27:05Z" end-time="2018-05-11 10:27:05Z" duration="0.000698" asserts="3" />
          <test-case id="6-1022" name="CanSetBeaconCacheUpperMemoryBoundaryForDynatrace" fullname="Dynatrace.OpenKit.OpenKitBuilderTest.CanSetBeaconCacheUpperMemoryBoundaryForDynatrace" methodname="CanSetBeaconCacheUpperMemoryBoundaryForDynatrace" classname="Dynatrace.OpenKit.OpenKitBuilderTest" runstate="Runnable" seed="2106121910" result="Passed" start-time="2018-05-11 10:27:05Z" end-time="2018-05-11 10:27:05Z" duration="0.000391" asserts="3" />
          <test-case id="6-1019" name="CanSetCustomMaxBeaconRecordAgeForAppMon" fullname="Dynatrace.OpenKit.OpenKitBuilderTest.CanSetCustomMaxBeaconRecordAgeForAppMon" methodname="CanSetCustomMaxBeaconRecordAgeForAppMon" classname="Dynatrace.OpenKit.OpenKitBuilderTest" runstate="Runnable" seed="640976430" result="Passed" start-time="2018-05-11 10:27:05Z" end-time="2018-05-11 10:27:05Z" duration="0.000732" asserts="3" />
          <test-case id="6-1018" name="CanSetCustomMaxBeaconRecordAgeForDynatrace" fullname="Dynatrace.OpenKit.OpenKitBuilderTest.CanSetCustomMaxBeaconRecordAgeForDynatrace" methodname="CanSetCustomMaxBeaconRecordAgeForDynatrace" classname="Dynatrace.OpenKit.OpenKitBuilderTest" runstate="Runnable" seed="1757057268" result="Passed" start-time="2018-05-11 10:27:05Z" end-time="2018-05-11 10:27:05Z" duration="0.000407" asserts="3" />
          <test-case id="6-1015" name="CanSetLogger" fullname="Dynatrace.OpenKit.OpenKitBuilderTest.CanSetLogger" methodname="CanSetLogger" classname="Dynatrace.OpenKit.OpenKitBuilderTest" runstate="Runnable" seed="1324102217" result="Passed" start-time="2018-05-11 10:27:05Z" end-time="2018-05-11 10:27:05Z" duration="0.001202" asserts="1" />
          <test-case id="6-1011" name="CanSetManufactureForDynatrace" fullname="Dynatrace.OpenKit.OpenKitBuilderTest.CanSetManufactureForDynatrace" methodname="CanSetManufactureForDynatrace" classname="Dynatrace.OpenKit.OpenKitBuilderTest" runstate="Runnable" seed="356528771" result="Passed" start-time="2018-05-11 10:27:05Z" end-time="2018-05-11 10:27:05Z" duration="0.000690" asserts="1" />
          <test-case id="6-1010" name="CanSetManufacturerForAppMon" fullname="Dynatrace.OpenKit.OpenKitBuilderTest.CanSetManufacturerForAppMon" methodname="CanSetManufacturerForAppMon" classname="Dynatrace.OpenKit.OpenKitBuilderTest" runstate="Runnable" seed="406320684" result="Passed" start-time="2018-05-11 10:27:05Z" end-time="2018-05-11 10:27:05Z" duration="0.000284" asserts="1" />
          <test-case id="6-1012" name="CanSetModelIDForAppMon" fullname="Dynatrace.OpenKit.OpenKitBuilderTest.CanSetModelIDForAppMon" methodname="CanSetModelIDForAppMon" classname="Dynatrace.OpenKit.OpenKitBuilderTest" runstate="Runnable" seed="573166855" result="Passed" start-time="2018-05-11 10:27:05Z" end-time="2018-05-11 10:27:05Z" duration="0.000609" asserts="1" />
          <test-case id="6-1013" name="CanSetModelIDForDynatrace" fullname="Dynatrace.OpenKit.OpenKitBuilderTest.CanSetModelIDForDynatrace" methodname="CanSetModelIDForDynatrace" classname="Dynatrace.OpenKit.OpenKitBuilderTest" runstate="Runnable" seed="46106807" result="Passed" start-time="2018-05-11 10:27:05Z" end-time="2018-05-11 10:27:05Z" duration="0.000313" asserts="1" />
          <test-case id="6-1008" name="CanSetOperatingSystemForAppMon" fullname="Dynatrace.OpenKit.OpenKitBuilderTest.CanSetOperatingSystemForAppMon" methodname="CanSetOperatingSystemForAppMon" classname="Dynatrace.OpenKit.OpenKitBuilderTest" runstate="Runnable" seed="3820402" result="Passed" start-time="2018-05-11 10:27:05Z" end-time="2018-05-11 10:27:05Z" duration="0.000678" asserts="1" />
          <test-case id="6-1009" name="CanSetOperatingSystemForDynatrace" fullname="Dynatrace.OpenKit.OpenKitBuilderTest.CanSetOperatingSystemForDynatrace" methodname="CanSetOperatingSystemForDynatrace" classname="Dynatrace.OpenKit.OpenKitBuilderTest" runstate="Runnable" seed="549708384" result="Passed" start-time="2018-05-11 10:27:05Z" end-time="2018-05-11 10:27:05Z" duration="0.000281" asserts="1" />
          <test-case id="6-1016" name="DefaultLoggerIsUsedByDefault" fullname="Dynatrace.OpenKit.OpenKitBuilderTest.DefaultLoggerIsUsedByDefault" methodname="DefaultLoggerIsUsedByDefault" classname="Dynatrace.OpenKit.OpenKitBuilderTest" runstate="Runnable" seed="683272132" result="Passed" start-time="2018-05-11 10:27:05Z" end-time="2018-05-11 10:27:05Z" duration="0.000270" asserts="3" />
          <test-case id="6-1001" name="DefaultsAreSetForAppMon" fullname="Dynatrace.OpenKit.OpenKitBuilderTest.DefaultsAreSetForAppMon" methodname="DefaultsAreSetForAppMon" classname="Dynatrace.OpenKit.OpenKitBuilderTest" runstate="Runnable" seed="397408950" result="Passed" start-time="2018-05-11 10:27:05Z" end-time="2018-05-11 10:27:05Z" duration="0.000800" asserts="9" />
          <test-case id="6-1002" name="DefaultsAreSetForDynatrace" fullname="Dynatrace.OpenKit.OpenKitBuilderTest.DefaultsAreSetForDynatrace" methodname="DefaultsAreSetForDynatrace" classname="Dynatrace.OpenKit.OpenKitBuilderTest" runstate="Runnable" seed="736639466" result="Passed" start-time="2018-05-11 10:27:05Z" end-time="2018-05-11 10:27:05Z" duration="0.000242" asserts="9" />
          <test-case id="6-1017" name="VerboseIsUsedInDefaultLogger" fullname="Dynatrace.OpenKit.OpenKitBuilderTest.VerboseIsUsedInDefaultLogger" methodname="VerboseIsUsedInDefaultLogger" classname="Dynatrace.OpenKit.OpenKitBuilderTest" runstate="Runnable" seed="845676224" result="Passed" start-time="2018-05-11 10:27:05Z" end-time="2018-05-11 10:27:05Z" duration="0.000709" asserts="3" />
        </test-suite>
        <test-suite type="TestSuite" id="6-1421" name="Protocol" fullname="Dynatrace.OpenKit.Protocol" runstate="Runnable" testcasecount="53" result="Passed" start-time="2018-05-11 10:27:03Z" end-time="2018-05-11 10:27:05Z" duration="1.797606" total="53" passed="53" failed="0" warnings="0" inconclusive="0" skipped="0" asserts="90">
          <test-suite type="TestFixture" id="6-1036" name="BeaconTest" fullname="Dynatrace.OpenKit.Protocol.BeaconTest" classname="Dynatrace.OpenKit.Protocol.BeaconTest" runstate="Runnable" testcasecount="11" result="Passed" start-time="2018-05-11 10:27:05Z" end-time="2018-05-11 10:27:05Z" duration="0.018664" total="11" passed="11" failed="0" warnings="0" inconclusive="0" skipped="0" asserts="14">
            <test-case id="6-1044" name="CanAddBothSentBytesAndReceivedBytesToWebRequestTracer" fullname="Dynatrace.OpenKit.Protocol.BeaconTest.CanAddBothSentBytesAndReceivedBytesToWebRequestTracer" methodname="CanAddBothSentBytesAndReceivedBytesToWebRequestTracer" classname="Dynatrace.OpenKit.Protocol.BeaconTest" runstate="Runnable" seed="1255376253" result="Passed" start-time="2018-05-11 10:27:05Z" end-time="2018-05-11 10:27:05Z" duration="0.007239" asserts="1" />
            <test-case id="6-1041" name="CanAddReceivedBytesToWebRequestTracer" fullname="Dynatrace.OpenKit.Protocol.BeaconTest.CanAddReceivedBytesToWebRequestTracer" methodname="CanAddReceivedBytesToWebRequestTracer" classname="Dynatrace.OpenKit.Protocol.BeaconTest" runstate="Runnable" seed="1126079031" result="Passed" start-time="2018-05-11 10:27:05Z" end-time="2018-05-11 10:27:05Z" duration="0.001207" asserts="1" />
            <test-case id="6-1042" name="CanAddReceivedBytesValueZeroToWebRequestTracer" fullname="Dynatrace.OpenKit.Protocol.BeaconTest.CanAddReceivedBytesValueZeroToWebRequestTracer" methodname="CanAddReceivedBytesValueZeroToWebRequestTracer" classname="Dynatrace.OpenKit.Protocol.BeaconTest" runstate="Runnable" seed="166743235" result="Passed" start-time="2018-05-11 10:27:05Z" end-time="2018-05-11 10:27:05Z" duration="0.001077" asserts="1" />
            <test-case id="6-1045" name="CanAddRootActionIfCaptureIsOn" fullname="Dynatrace.OpenKit.Protocol.BeaconTest.CanAddRootActionIfCaptureIsOn" methodname="CanAddRootActionIfCaptureIsOn" classname="Dynatrace.OpenKit.Protocol.BeaconTest" runstate="Runnable" seed="757411660" result="Passed" start-time="2018-05-11 10:27:05Z" end-time="2018-05-11 10:27:05Z" duration="0.001766" asserts="1" />
            <test-case id="6-1038" name="CanAddSentBytesToWebRequestTracer" fullname="Dynatrace.OpenKit.Protocol.BeaconTest.CanAddSentBytesToWebRequestTracer" methodname="CanAddSentBytesToWebRequestTracer" classname="Dynatrace.OpenKit.Protocol.BeaconTest" runstate="Runnable" seed="2024046796" result="Passed" start-time="2018-05-11 10:27:05Z" end-time="2018-05-11 10:27:05Z" duration="0.001325" asserts="1" />
            <test-case id="6-1039" name="CanAddSentBytesValueZeroToWebRequestTracer" fullname="Dynatrace.OpenKit.Protocol.BeaconTest.CanAddSentBytesValueZeroToWebRequestTracer" methodname="CanAddSentBytesValueZeroToWebRequestTracer" classname="Dynatrace.OpenKit.Protocol.BeaconTest" runstate="Runnable" seed="441391244" result="Passed" start-time="2018-05-11 10:27:05Z" end-time="2018-05-11 10:27:05Z" duration="0.001052" asserts="1" />
            <test-case id="6-1037" name="CanAddUserIdentifyEvent" fullname="Dynatrace.OpenKit.Protocol.BeaconTest.CanAddUserIdentifyEvent" methodname="CanAddUserIdentifyEvent" classname="Dynatrace.OpenKit.Protocol.BeaconTest" runstate="Runnable" seed="1649535807" result="Passed" start-time="2018-05-11 10:27:05Z" end-time="2018-05-11 10:27:05Z" duration="0.000721" asserts="1" />
            <test-case id="6-1043" name="CannotAddReceivedBytesWithInvalidValueSmallerZeroToWebRequestTracer" fullname="Dynatrace.OpenKit.Protocol.BeaconTest.CannotAddReceivedBytesWithInvalidValueSmallerZeroToWebRequestTracer" methodname="CannotAddReceivedBytesWithInvalidValueSmallerZeroToWebRequestTracer" classname="Dynatrace.OpenKit.Protocol.BeaconTest" runstate="Runnable" seed="1371517412" result="Passed" start-time="2018-05-11 10:27:05Z" end-time="2018-05-11 10:27:05Z" duration="0.000953" asserts="1" />
            <test-case id="6-1046" name="CannotAddRootActionIfCaptureIsOff" fullname="Dynatrace.OpenKit.Protocol.BeaconTest.CannotAddRootActionIfCaptureIsOff" methodname="CannotAddRootActionIfCaptureIsOff" classname="Dynatrace.OpenKit.Protocol.BeaconTest" runstate="Runnable" seed="38856458" result="Passed" start-time="2018-05-11 10:27:05Z" end-time="2018-05-11 10:27:05Z" duration="0.000717" asserts="1" />
            <test-case id="6-1040" name="CannotAddSentBytesWithInvalidValueSmallerZeroToWebRequestTracer" fullname="Dynatrace.OpenKit.Protocol.BeaconTest.CannotAddSentBytesWithInvalidValueSmallerZeroToWebRequestTracer" methodname="CannotAddSentBytesWithInvalidValueSmallerZeroToWebRequestTracer" classname="Dynatrace.OpenKit.Protocol.BeaconTest" runstate="Runnable" seed="842908942" result="Passed" start-time="2018-05-11 10:27:05Z" end-time="2018-05-11 10:27:05Z" duration="0.000945" asserts="1" />
            <test-case id="6-1047" name="ClearDataClearsActionAndEventData" fullname="Dynatrace.OpenKit.Protocol.BeaconTest.ClearDataClearsActionAndEventData" methodname="ClearDataClearsActionAndEventData" classname="Dynatrace.OpenKit.Protocol.BeaconTest" runstate="Runnable" seed="2085548576" result="Passed" start-time="2018-05-11 10:27:05Z" end-time="2018-05-11 10:27:05Z" duration="0.001408" asserts="4" />
          </test-suite>
          <test-suite type="TestFixture" id="6-1048" name="StatusResponseTest" fullname="Dynatrace.OpenKit.Protocol.StatusResponseTest" classname="Dynatrace.OpenKit.Protocol.StatusResponseTest" runstate="Runnable" testcasecount="30" result="Passed" start-time="2018-05-11 10:27:05Z" end-time="2018-05-11 10:27:05Z" duration="0.056329" total="30" passed="30" failed="0" warnings="0" inconclusive="0" skipped="0" asserts="60">
            <test-case id="6-1059" name="AmpersandIsNotAValidKeyValueSeparator" fullname="Dynatrace.OpenKit.Protocol.StatusResponseTest.AmpersandIsNotAValidKeyValueSeparator" methodname="AmpersandIsNotAValidKeyValueSeparator" classname="Dynatrace.OpenKit.Protocol.StatusResponseTest" runstate="Runnable" seed="461865016" result="Passed" start-time="2018-05-11 10:27:05Z" end-time="2018-05-11 10:27:05Z" duration="0.008378" asserts="1" />
            <test-case id="6-1076" name="CaptureCrashesIsFalseWhenItIsEqualToZero" fullname="Dynatrace.OpenKit.Protocol.StatusResponseTest.CaptureCrashesIsFalseWhenItIsEqualToZero" methodname="CaptureCrashesIsFalseWhenItIsEqualToZero" classname="Dynatrace.OpenKit.Protocol.StatusResponseTest" runstate="Runnable" seed="1246661148" result="Passed" start-time="2018-05-11 10:27:05Z" end-time="2018-05-11 10:27:05Z" duration="0.000642" asserts="1" />
            <test-case id="6-1075" name="CaptureCrashesIsTrueWhenItIsNotEqualToZero" fullname="Dynatrace.OpenKit.Protocol.StatusResponseTest.CaptureCrashesIsTrueWhenItIsNotEqualToZero" methodname="CaptureCrashesIsTrueWhenItIsNotEqualToZero" classname="Dynatrace.OpenKit.Protocol.StatusResponseTest" runstate="Runnable" seed="2007971861" result="Passed" start-time="2018-05-11 10:27:05Z" end-time="2018-05-11 10:27:05Z" duration="0.000355" asserts="3" />
            <test-case id="6-1073" name="CaptureErrorsIsFalseWhenItIsEqualToZero" fullname="Dynatrace.OpenKit.Protocol.StatusResponseTest.CaptureErrorsIsFalseWhenItIsEqualToZero" methodname="CaptureErrorsIsFalseWhenItIsEqualToZero" classname="Dynatrace.OpenKit.Protocol.StatusResponseTest" runstate="Runnable" seed="1834752875" result="Passed" start-time="2018-05-11 10:27:05Z" end-time="2018-05-11 10:27:05Z" duration="0.000518" asserts="1" />
            <test-case id="6-1072" name="CaptureErrorsIsTrueWhenItIsNotEqualToZero" fullname="Dynatrace.OpenKit.Protocol.StatusResponseTest.CaptureErrorsIsTrueWhenItIsNotEqualToZero" methodname="CaptureErrorsIsTrueWhenItIsNotEqualToZero" classname="Dynatrace.OpenKit.Protocol.StatusResponseTest" runstate="Runnable" seed="1714831172" result="Passed" start-time="2018-05-11 10:27:05Z" end-time="2018-05-11 10:27:05Z" duration="0.000416" asserts="3" />
            <test-case id="6-1061" name="CaptureIsFalseWhenItIsNotEqualToOne" fullname="Dynatrace.OpenKit.Protocol.StatusResponseTest.CaptureIsFalseWhenItIsNotEqualToOne" methodname="CaptureIsFalseWhenItIsNotEqualToOne" classname="Dynatrace.OpenKit.Protocol.StatusResponseTest" runstate="Runnable" seed="1220064449" result="Passed" start-time="2018-05-11 10:27:05Z" end-time="2018-05-11 10:27:05Z" duration="0.000373" asserts="3" />
            <test-case id="6-1060" name="CaptureIsTrueWhenItIsEqualToOne" fullname="Dynatrace.OpenKit.Protocol.StatusResponseTest.CaptureIsTrueWhenItIsEqualToOne" methodname="CaptureIsTrueWhenItIsEqualToOne" classname="Dynatrace.OpenKit.Protocol.StatusResponseTest" runstate="Runnable" seed="880659707" result="Passed" start-time="2018-05-11 10:27:05Z" end-time="2018-05-11 10:27:05Z" duration="0.000176" asserts="1" />
            <test-case id="6-1056" name="DefaultCaptureCrashesIsOn" fullname="Dynatrace.OpenKit.Protocol.StatusResponseTest.DefaultCaptureCrashesIsOn" methodname="DefaultCaptureCrashesIsOn" classname="Dynatrace.OpenKit.Protocol.StatusResponseTest" runstate="Runnable" seed="205866885" result="Passed" start-time="2018-05-11 10:27:05Z" end-time="2018-05-11 10:27:05Z" duration="0.000168" asserts="1" />
            <test-case id="6-1057" name="DefaultCaptureErrorsIsOn" fullname="Dynatrace.OpenKit.Protocol.StatusResponseTest.DefaultCaptureErrorsIsOn" methodname="DefaultCaptureErrorsIsOn" classname="Dynatrace.OpenKit.Protocol.StatusResponseTest" runstate="Runnable" seed="644568719" result="Passed" start-time="2018-05-11 10:27:05Z" end-time="2018-05-11 10:27:05Z" duration="0.000156" asserts="1" />
            <test-case id="6-1051" name="DefaultCaptureIsOn" fullname="Dynatrace.OpenKit.Protocol.StatusResponseTest.DefaultCaptureIsOn" methodname="DefaultCaptureIsOn" classname="Dynatrace.OpenKit.Protocol.StatusResponseTest" runstate="Runnable" seed="534152024" result="Passed" start-time="2018-05-11 10:27:05Z" end-time="2018-05-11 10:27:05Z" duration="0.000156" asserts="1" />
            <test-case id="6-1055" name="DefaultMaxBeaconSizeIsMinusOne" fullname="Dynatrace.OpenKit.Protocol.StatusResponseTest.DefaultMaxBeaconSizeIsMinusOne" methodname="DefaultMaxBeaconSizeIsMinusOne" classname="Dynatrace.OpenKit.Protocol.StatusResponseTest" runstate="Runnable" seed="467918177" result="Passed" start-time="2018-05-11 10:27:05Z" end-time="2018-05-11 10:27:05Z" duration="0.000182" asserts="1" />
            <test-case id="6-1053" name="DefaultMonitorNameIsNull" fullname="Dynatrace.OpenKit.Protocol.StatusResponseTest.DefaultMonitorNameIsNull" methodname="DefaultMonitorNameIsNull" classname="Dynatrace.OpenKit.Protocol.StatusResponseTest" runstate="Runnable" seed="535109351" result="Passed" start-time="2018-05-11 10:27:05Z" end-time="2018-05-11 10:27:05Z" duration="0.000162" asserts="1" />
            <test-case id="6-1052" name="DefaultSendIntervalIsMinusOne" fullname="Dynatrace.OpenKit.Protocol.StatusResponseTest.DefaultSendIntervalIsMinusOne" methodname="DefaultSendIntervalIsMinusOne" classname="Dynatrace.OpenKit.Protocol.StatusResponseTest" runstate="Runnable" seed="818419632" result="Passed" start-time="2018-05-11 10:27:05Z" end-time="2018-05-11 10:27:05Z" duration="0.000173" asserts="1" />
            <test-case id="6-1054" name="DefaultServerIDIsMinusOne" fullname="Dynatrace.OpenKit.Protocol.StatusResponseTest.DefaultServerIDIsMinusOne" methodname="DefaultServerIDIsMinusOne" classname="Dynatrace.OpenKit.Protocol.StatusResponseTest" runstate="Runnable" seed="1757109600" result="Passed" start-time="2018-05-11 10:27:05Z" end-time="2018-05-11 10:27:05Z" duration="0.000179" asserts="1" />
            <test-case id="6-1058" name="OddNumberOfTokensThrowsException" fullname="Dynatrace.OpenKit.Protocol.StatusResponseTest.OddNumberOfTokensThrowsException" methodname="OddNumberOfTokensThrowsException" classname="Dynatrace.OpenKit.Protocol.StatusResponseTest" runstate="Runnable" seed="324605919" result="Passed" start-time="2018-05-11 10:27:05Z" end-time="2018-05-11 10:27:05Z" duration="0.000555" asserts="1" />
            <test-case id="6-1071" name="ParsingInvalidMaxBeaconSizeThrowsException" fullname="Dynatrace.OpenKit.Protocol.StatusResponseTest.ParsingInvalidMaxBeaconSizeThrowsException" methodname="ParsingInvalidMaxBeaconSizeThrowsException" classname="Dynatrace.OpenKit.Protocol.StatusResponseTest" runstate="Runnable" seed="1005356646" result="Passed" start-time="2018-05-11 10:27:05Z" end-time="2018-05-11 10:27:05Z" duration="0.030944" asserts="3" />
            <test-case id="6-1077" name="ParsingInvalidNumericValueForCaptureCrashesThrowsException" fullname="Dynatrace.OpenKit.Protocol.StatusResponseTest.ParsingInvalidNumericValueForCaptureCrashesThrowsException" methodname="ParsingInvalidNumericValueForCaptureCrashesThrowsException" classname="Dynatrace.OpenKit.Protocol.StatusResponseTest" runstate="Runnable" seed="1599919626" result="Passed" start-time="2018-05-11 10:27:05Z" end-time="2018-05-11 10:27:05Z" duration="0.001042" asserts="3" />
            <test-case id="6-1074" name="ParsingInvalidNumericValueForCaptureErrorsThrowsException" fullname="Dynatrace.OpenKit.Protocol.StatusResponseTest.ParsingInvalidNumericValueForCaptureErrorsThrowsException" methodname="ParsingInvalidNumericValueForCaptureErrorsThrowsException" classname="Dynatrace.OpenKit.Protocol.StatusResponseTest" runstate="Runnable" seed="1257420872" result="Passed" start-time="2018-05-11 10:27:05Z" end-time="2018-05-11 10:27:05Z" duration="0.001042" asserts="3" />
            <test-case id="6-1062" name="ParsingInvalidNumericValueForCaptureThrowsException" fullname="Dynatrace.OpenKit.Protocol.StatusResponseTest.ParsingInvalidNumericValueForCaptureThrowsException" methodname="ParsingInvalidNumericValueForCaptureThrowsException" classname="Dynatrace.OpenKit.Protocol.StatusResponseTest" runstate="Runnable" seed="1541061744" result="Passed" start-time="2018-05-11 10:27:05Z" end-time="2018-05-11 10:27:05Z" duration="0.001970" asserts="3" />
            <test-case id="6-1065" name="ParsingInvalidSendIntervalThrowsException" fullname="Dynatrace.OpenKit.Protocol.StatusResponseTest.ParsingInvalidSendIntervalThrowsException" methodname="ParsingInvalidSendIntervalThrowsException" classname="Dynatrace.OpenKit.Protocol.StatusResponseTest" runstate="Runnable" seed="457444208" result="Passed" start-time="2018-05-11 10:27:05Z" end-time="2018-05-11 10:27:05Z" duration="0.001371" asserts="3" />
            <test-case id="6-1068" name="ParsingInvalidServerIDThrowsException" fullname="Dynatrace.OpenKit.Protocol.StatusResponseTest.ParsingInvalidServerIDThrowsException" methodname="ParsingInvalidServerIDThrowsException" classname="Dynatrace.OpenKit.Protocol.StatusResponseTest" runstate="Runnable" seed="720064250" result="Passed" start-time="2018-05-11 10:27:05Z" end-time="2018-05-11 10:27:05Z" duration="0.001052" asserts="3" />
            <test-case id="6-1069" name="ParsingMaxBeaconSize" fullname="Dynatrace.OpenKit.Protocol.StatusResponseTest.ParsingMaxBeaconSize" methodname="ParsingMaxBeaconSize" classname="Dynatrace.OpenKit.Protocol.StatusResponseTest" runstate="Runnable" seed="1983280535" result="Passed" start-time="2018-05-11 10:27:05Z" end-time="2018-05-11 10:27:05Z" duration="0.001120" asserts="5" />
            <test-case id="6-1066" name="ParsingMonitorNames" fullname="Dynatrace.OpenKit.Protocol.StatusResponseTest.ParsingMonitorNames" methodname="ParsingMonitorNames" classname="Dynatrace.OpenKit.Protocol.StatusResponseTest" runstate="Runnable" seed="1780281635" result="Passed" start-time="2018-05-11 10:27:05Z" end-time="2018-05-11 10:27:05Z" duration="0.000731" asserts="3" />
            <test-case id="6-1063" name="ParsingSendInterval" fullname="Dynatrace.OpenKit.Protocol.StatusResponseTest.ParsingSendInterval" methodname="ParsingSendInterval" classname="Dynatrace.OpenKit.Protocol.StatusResponseTest" runstate="Runnable" seed="1617674700" result="Passed" start-time="2018-05-11 10:27:05Z" end-time="2018-05-11 10:27:05Z" duration="0.000898" asserts="5" />
            <test-case id="6-1070" name="ParsingTooBigMaxBeaconSizeOverflows" fullname="Dynatrace.OpenKit.Protocol.StatusResponseTest.ParsingTooBigMaxBeaconSizeOverflows" methodname="ParsingTooBigMaxBeaconSizeOverflows" classname="Dynatrace.OpenKit.Protocol.StatusResponseTest" runstate="Runnable" seed="529561043" result="Passed" start-time="2018-05-11 10:27:05Z" end-time="2018-05-11 10:27:05Z" duration="0.000330" asserts="2" />
            <test-case id="6-1064" name="ParsingTooBigSendIntervalOverflows" fullname="Dynatrace.OpenKit.Protocol.StatusResponseTest.ParsingTooBigSendIntervalOverflows" methodname="ParsingTooBigSendIntervalOverflows" classname="Dynatrace.OpenKit.Protocol.StatusResponseTest" runstate="Runnable" seed="873817462" result="Passed" start-time="2018-05-11 10:27:05Z" end-time="2018-05-11 10:27:05Z" duration="0.000270" asserts="2" />
            <test-case id="6-1050" name="PassingEmptyResponseStringDoesNotThrow" fullname="Dynatrace.OpenKit.Protocol.StatusResponseTest.PassingEmptyResponseStringDoesNotThrow" methodname="PassingEmptyResponseStringDoesNotThrow" classname="Dynatrace.OpenKit.Protocol.StatusResponseTest" runstate="Runnable" seed="1489727999" result="Passed" start-time="2018-05-11 10:27:05Z" end-time="2018-05-11 10:27:05Z" duration="0.001073" asserts="1" />
            <test-case id="6-1049" name="PassingNullResponseStringDoesNotThrow" fullname="Dynatrace.OpenKit.Protocol.StatusResponseTest.PassingNullResponseStringDoesNotThrow" methodname="PassingNullResponseStringDoesNotThrow" classname="Dynatrace.OpenKit.Protocol.StatusResponseTest" runstate="Runnable" seed="463556541" result="Passed" start-time="2018-05-11 10:27:05Z" end-time="2018-05-11 10:27:05Z" duration="0.000294" asserts="1" />
            <test-case id="6-1078" name="ResponseCodeIsSet" fullname="Dynatrace.OpenKit.Protocol.StatusResponseTest.ResponseCodeIsSet" methodname="ResponseCodeIsSet" classname="Dynatrace.OpenKit.Protocol.StatusResponseTest" runstate="Runnable" seed="852655621" result="Passed" start-time="2018-05-11 10:27:05Z" end-time="2018-05-11 10:27:05Z" duration="0.000196" asserts="1" />
            <test-case id="6-1067" name="ServerIDIsParsed" fullname="Dynatrace.OpenKit.Protocol.StatusResponseTest.ServerIDIsParsed" methodname="ServerIDIsParsed" classname="Dynatrace.OpenKit.Protocol.StatusResponseTest" runstate="Runnable" seed="59589971" result="Passed" start-time="2018-05-11 10:27:05Z" end-time="2018-05-11 10:27:05Z" duration="0.000906" asserts="1" />
          </test-suite>
          <test-suite type="TestFixture" id="6-1079" name="TimeSyncResponseTest" fullname="Dynatrace.OpenKit.Protocol.TimeSyncResponseTest" classname="Dynatrace.OpenKit.Protocol.TimeSyncResponseTest" runstate="Runnable" testcasecount="12" result="Passed" start-time="2018-05-11 10:27:05Z" end-time="2018-05-11 10:27:05Z" duration="0.006067" total="12" passed="12" failed="0" warnings="0" inconclusive="0" skipped="0" asserts="16">
            <test-case id="6-1085" name="AmpersandIsNotAValidKeyValueSeparator" fullname="Dynatrace.OpenKit.Protocol.TimeSyncResponseTest.AmpersandIsNotAValidKeyValueSeparator" methodname="AmpersandIsNotAValidKeyValueSeparator" classname="Dynatrace.OpenKit.Protocol.TimeSyncResponseTest" runstate="Runnable" seed="1925966154" result="Passed" start-time="2018-05-11 10:27:05Z" end-time="2018-05-11 10:27:05Z" duration="0.000966" asserts="1" />
            <test-case id="6-1084" name="OddNumberOfTokensThrowsException" fullname="Dynatrace.OpenKit.Protocol.TimeSyncResponseTest.OddNumberOfTokensThrowsException" methodname="OddNumberOfTokensThrowsException" classname="Dynatrace.OpenKit.Protocol.TimeSyncResponseTest" runstate="Runnable" seed="484519106" result="Passed" start-time="2018-05-11 10:27:05Z" end-time="2018-05-11 10:27:05Z" duration="0.000492" asserts="1" />
            <test-case id="6-1089" name="ParsingInvalidRequestReceiveTimeThrowsException" fullname="Dynatrace.OpenKit.Protocol.TimeSyncResponseTest.ParsingInvalidRequestReceiveTimeThrowsException" methodname="ParsingInvalidRequestReceiveTimeThrowsException" classname="Dynatrace.OpenKit.Protocol.TimeSyncResponseTest" runstate="Runnable" seed="1219720621" result="Passed" start-time="2018-05-11 10:27:05Z" end-time="2018-05-11 10:27:05Z" duration="0.001114" asserts="3" />
            <test-case id="6-1087" name="ParsingInvalidResponseSendTimeThrowsException" fullname="Dynatrace.OpenKit.Protocol.TimeSyncResponseTest.ParsingInvalidResponseSendTimeThrowsException" methodname="ParsingInvalidResponseSendTimeThrowsException" classname="Dynatrace.OpenKit.Protocol.TimeSyncResponseTest" runstate="Runnable" seed="1447184510" result="Passed" start-time="2018-05-11 10:27:05Z" end-time="2018-05-11 10:27:05Z" duration="0.001113" asserts="3" />
            <test-case id="6-1090" name="ParsingUnknownKeyValueDoesNothing" fullname="Dynatrace.OpenKit.Protocol.TimeSyncResponseTest.ParsingUnknownKeyValueDoesNothing" methodname="ParsingUnknownKeyValueDoesNothing" classname="Dynatrace.OpenKit.Protocol.TimeSyncResponseTest" runstate="Runnable" seed="287619776" result="Passed" start-time="2018-05-11 10:27:05Z" end-time="2018-05-11 10:27:05Z" duration="0.000391" asserts="1" />
            <test-case id="6-1081" name="PassingEmptyResponseStringDoesNotThrow" fullname="Dynatrace.OpenKit.Protocol.TimeSyncResponseTest.PassingEmptyResponseStringDoesNotThrow" methodname="PassingEmptyResponseStringDoesNotThrow" classname="Dynatrace.OpenKit.Protocol.TimeSyncResponseTest" runstate="Runnable" seed="1183303008" result="Passed" start-time="2018-05-11 10:27:05Z" end-time="2018-05-11 10:27:05Z" duration="0.000289" asserts="1" />
            <test-case id="6-1080" name="PassingNullResponseStringDoesNotThrow" fullname="Dynatrace.OpenKit.Protocol.TimeSyncResponseTest.PassingNullResponseStringDoesNotThrow" methodname="PassingNullResponseStringDoesNotThrow" classname="Dynatrace.OpenKit.Protocol.TimeSyncResponseTest" runstate="Runnable" seed="37086422" result="Passed" start-time="2018-05-11 10:27:05Z" end-time="2018-05-11 10:27:05Z" duration="0.000312" asserts="1" />
            <test-case id="6-1088" name="RequestReceiveTimeIsParsed" fullname="Dynatrace.OpenKit.Protocol.TimeSyncResponseTest.RequestReceiveTimeIsParsed" methodname="RequestReceiveTimeIsParsed" classname="Dynatrace.OpenKit.Protocol.TimeSyncResponseTest" runstate="Runnable" seed="795183187" result="Passed" start-time="2018-05-11 10:27:05Z" end-time="2018-05-11 10:27:05Z" duration="0.000282" asserts="1" />
            <test-case id="6-1091" name="ResponseCodeIsSet" fullname="Dynatrace.OpenKit.Protocol.TimeSyncResponseTest.ResponseCodeIsSet" methodname="ResponseCodeIsSet" classname="Dynatrace.OpenKit.Protocol.TimeSyncResponseTest" runstate="Runnable" seed="1309554637" result="Passed" start-time="2018-05-11 10:27:05Z" end-time="2018-05-11 10:27:05Z" duration="0.000193" asserts="1" />
            <test-case id="6-1086" name="ResponseSendTimeIsParsed" fullname="Dynatrace.OpenKit.Protocol.TimeSyncResponseTest.ResponseSendTimeIsParsed" methodname="ResponseSendTimeIsParsed" classname="Dynatrace.OpenKit.Protocol.TimeSyncResponseTest" runstate="Runnable" seed="803648571" result="Passed" start-time="2018-05-11 10:27:05Z" end-time="2018-05-11 10:27:05Z" duration="0.000226" asserts="1" />
            <test-case id="6-1082" name="TheDefaultRequestReceiveTimeIsMinusOne" fullname="Dynatrace.OpenKit.Protocol.TimeSyncResponseTest.TheDefaultRequestReceiveTimeIsMinusOne" methodname="TheDefaultRequestReceiveTimeIsMinusOne" classname="Dynatrace.OpenKit.Protocol.TimeSyncResponseTest" runstate="Runnable" seed="2061946857" result="Passed" start-time="2018-05-11 10:27:05Z" end-time="2018-05-11 10:27:05Z" duration="0.000175" asserts="1" />
            <test-case id="6-1083" name="TheDefaultResponseSendTimeIsMinusOne" fullname="Dynatrace.OpenKit.Protocol.TimeSyncResponseTest.TheDefaultResponseSendTimeIsMinusOne" methodname="TheDefaultResponseSendTimeIsMinusOne" classname="Dynatrace.OpenKit.Protocol.TimeSyncResponseTest" runstate="Runnable" seed="437118101" result="Passed" start-time="2018-05-11 10:27:05Z" end-time="2018-05-11 10:27:05Z" duration="0.000191" asserts="1" />
          </test-suite>
        </test-suite>
        <test-suite type="TestSuite" id="6-1420" name="Providers" fullname="Dynatrace.OpenKit.Providers" runstate="Runnable" testcasecount="9" result="Passed" start-time="2018-05-11 10:27:03Z" end-time="2018-05-11 10:27:05Z" duration="1.839955" total="9" passed="9" failed="0" warnings="0" inconclusive="0" skipped="0" asserts="9">
          <test-suite type="TestFixture" id="6-1024" name="DefaultSessionIDProviderTest" fullname="Dynatrace.OpenKit.Providers.DefaultSessionIDProviderTest" classname="Dynatrace.OpenKit.Providers.DefaultSessionIDProviderTest" runstate="Runnable" testcasecount="4" result="Passed" start-time="2018-05-11 10:27:05Z" end-time="2018-05-11 10:27:05Z" duration="0.002616" total="4" passed="4" failed="0" warnings="0" inconclusive="0" skipped="0" asserts="4">
            <test-case id="6-1027" name="aProviderInitializedWithMaxIntValueProvidesMinSessionIdValueAtNextCall" fullname="Dynatrace.OpenKit.Providers.DefaultSessionIDProviderTest.aProviderInitializedWithMaxIntValueProvidesMinSessionIdValueAtNextCall" methodname="aProviderInitializedWithMaxIntValueProvidesMinSessionIdValueAtNextCall" classname="Dynatrace.OpenKit.Providers.DefaultSessionIDProviderTest" runstate="Runnable" seed="1726652077" result="Passed" start-time="2018-05-11 10:27:05Z" end-time="2018-05-11 10:27:05Z" duration="0.000839" asserts="1" />
            <test-case id="6-1028" name="aProviderInitializedWithZeroProvidesMinSessionIdValueAtNextCall" fullname="Dynatrace.OpenKit.Providers.DefaultSessionIDProviderTest.aProviderInitializedWithZeroProvidesMinSessionIdValueAtNextCall" methodname="aProviderInitializedWithZeroProvidesMinSessionIdValueAtNextCall" classname="Dynatrace.OpenKit.Providers.DefaultSessionIDProviderTest" runstate="Runnable" seed="2023959204" result="Passed" start-time="2018-05-11 10:27:05Z" end-time="2018-05-11 10:27:05Z" duration="0.000251" asserts="1" />
            <test-case id="6-1026" name="DefaultSessionIDProviderReturnsConsecutiveIDs" fullname="Dynatrace.OpenKit.Providers.DefaultSessionIDProviderTest.DefaultSessionIDProviderReturnsConsecutiveIDs" methodname="DefaultSessionIDProviderReturnsConsecutiveIDs" classname="Dynatrace.OpenKit.Providers.DefaultSessionIDProviderTest" runstate="Runnable" seed="1368078915" result="Passed" start-time="2018-05-11 10:27:05Z" end-time="2018-05-11 10:27:05Z" duration="0.000250" asserts="1" />
            <test-case id="6-1025" name="DefaultSessionIDProviderReturnsNonNegativeID" fullname="Dynatrace.OpenKit.Providers.DefaultSessionIDProviderTest.DefaultSessionIDProviderReturnsNonNegativeID" methodname="DefaultSessionIDProviderReturnsNonNegativeID" classname="Dynatrace.OpenKit.Providers.DefaultSessionIDProviderTest" runstate="Runnable" seed="517470936" result="Passed" start-time="2018-05-11 10:27:05Z" end-time="2018-05-11 10:27:05Z" duration="0.001061" asserts="1" />
          </test-suite>
          <test-suite type="TestFixture" id="6-1034" name="DefaultThreadIDProviderTest" fullname="Dynatrace.OpenKit.Providers.DefaultThreadIDProviderTest" classname="Dynatrace.OpenKit.Providers.DefaultThreadIDProviderTest" runstate="Runnable" testcasecount="1" result="Passed" start-time="2018-05-11 10:27:05Z" end-time="2018-05-11 10:27:05Z" duration="0.001113" total="1" passed="1" failed="0" warnings="0" inconclusive="0" skipped="0" asserts="1">
            <test-case id="6-1035" name="CurrentThreadIDIsReturned" fullname="Dynatrace.OpenKit.Providers.DefaultThreadIDProviderTest.CurrentThreadIDIsReturned" methodname="CurrentThreadIDIsReturned" classname="Dynatrace.OpenKit.Providers.DefaultThreadIDProviderTest" runstate="Runnable" seed="319456886" result="Passed" start-time="2018-05-11 10:27:05Z" end-time="2018-05-11 10:27:05Z" duration="0.000987" asserts="1" />
          </test-suite>
          <test-suite type="TestFixture" id="6-1029" name="DefaultTimingProviderTest" fullname="Dynatrace.OpenKit.Providers.DefaultTimingProviderTest" classname="Dynatrace.OpenKit.Providers.DefaultTimingProviderTest" runstate="Runnable" testcasecount="4" result="Passed" start-time="2018-05-11 10:27:05Z" end-time="2018-05-11 10:27:05Z" duration="0.038569" total="4" passed="4" failed="0" warnings="0" inconclusive="0" skipped="0" asserts="4">
            <test-case id="6-1033" name="CanConvertToClusterTime" fullname="Dynatrace.OpenKit.Providers.DefaultTimingProviderTest.CanConvertToClusterTime" methodname="CanConvertToClusterTime" classname="Dynatrace.OpenKit.Providers.DefaultTimingProviderTest" runstate="Runnable" seed="705855717" result="Passed" start-time="2018-05-11 10:27:05Z" end-time="2018-05-11 10:27:05Z" duration="0.037314" asserts="1" />
            <test-case id="6-1032" name="TimeSyncIsNotSupportedIfInitCalledWithFalse" fullname="Dynatrace.OpenKit.Providers.DefaultTimingProviderTest.TimeSyncIsNotSupportedIfInitCalledWithFalse" methodname="TimeSyncIsNotSupportedIfInitCalledWithFalse" classname="Dynatrace.OpenKit.Providers.DefaultTimingProviderTest" runstate="Runnable" seed="195567534" result="Passed" start-time="2018-05-11 10:27:05Z" end-time="2018-05-11 10:27:05Z" duration="0.000676" asserts="1" />
            <test-case id="6-1030" name="TimeSyncIsSupportedByDefault" fullname="Dynatrace.OpenKit.Providers.DefaultTimingProviderTest.TimeSyncIsSupportedByDefault" methodname="TimeSyncIsSupportedByDefault" classname="Dynatrace.OpenKit.Providers.DefaultTimingProviderTest" runstate="Runnable" seed="1708492466" result="Passed" start-time="2018-05-11 10:27:05Z" end-time="2018-05-11 10:27:05Z" duration="0.000188" asserts="1" />
            <test-case id="6-1031" name="TimeSyncIsSupportedIfInitCalledWithTrue" fullname="Dynatrace.OpenKit.Providers.DefaultTimingProviderTest.TimeSyncIsSupportedIfInitCalledWithTrue" methodname="TimeSyncIsSupportedIfInitCalledWithTrue" classname="Dynatrace.OpenKit.Providers.DefaultTimingProviderTest" runstate="Runnable" seed="1229977316" result="Passed" start-time="2018-05-11 10:27:05Z" end-time="2018-05-11 10:27:05Z" duration="0.000205" asserts="1" />
          </test-suite>
        </test-suite>
      </test-suite>
    </test-suite>
  </test-suite>
</test-run>