<?xml version="1.0" encoding="utf-8"?><TestRun id="66cd901b-eb41-498d-ac70-dacfda340e05" name="andreas.doppelhofer@TAG009442327432 2018-09-20 12:48:07" runUser="DYNATRACE\andreas.doppelhofer" xmlns="http://microsoft.com/schemas/VisualStudio/TeamTest/2010"><Times creation="2018-09-20T12:48:07.5778555+02:00" queuing="2018-09-20T12:48:07.5778555+02:00" start="2018-09-20T12:48:06.3277277+02:00" finish="2018-09-20T12:48:10.0084837+02:00" /><TestSettings name="default" id="9d82d109-ff08-442c-b534-8af234d6adb8"><Deployment runDeploymentRoot="andreas.doppelhofer_TAG009442327432_2018-09-20_12_48_07" /></TestSettings><Results><UnitTestResult executionId="40b10036-162a-4900-baf6-aaddd8990542" testId="2907039c-83e3-40a9-9431-767de85ad681" testName="SessionReportedForDataCollectionLevel2" computerName="TAG009442327432" duration="00:00:00.0000001" startTime="2018-09-20T12:48:08.0000000+02:00" endTime="2018-09-20T12:48:08.0000000+02:00" testType="13cdc9d9-ddb5-4fa4-a97d-d965ccfc6d4b" outcome="Passed" testListId="8c84fa94-04c1-424b-9868-57a2d4851a1d" relativeResultsDirectory="40b10036-162a-4900-baf6-aaddd8990542" /><UnitTestResult executionId="e5ae7639-47e4-4016-b75c-70e830278b34" testId="9527db21-cb97-43c0-b4a0-df4b86fc3e77" testName="RemoveChunkedDataDoesNothingIfCalledWithNonExistingBeaconID" computerName="TAG009442327432" duration="00:00:00.0020000" startTime="2018-09-20T12:48:07.0000000+02:00" endTime="2018-09-20T12:48:07.0000000+02:00" testType="13cdc9d9-ddb5-4fa4-a97d-d965ccfc6d4b" outcome="Passed" testListId="8c84fa94-04c1-424b-9868-57a2d4851a1d" relativeResultsDirectory="e5ae7639-47e4-4016-b75c-70e830278b34" /><UnitTestResult executionId="ffadf10d-c48d-48f0-8544-d6d761f96528" testId="aaef8d5f-6185-43cb-b97c-afcdf56d72dc" testName="getNextBeaconChunkRetrievesNextChunk" computerName="TAG009442327432" duration="00:00:00.0010000" startTime="2018-09-20T12:48:07.0000000+02:00" endTime="2018-09-20T12:48:07.0000000+02:00" testType="13cdc9d9-ddb5-4fa4-a97d-d965ccfc6d4b" outcome="Passed" testListId="8c84fa94-04c1-424b-9868-57a2d4851a1d" relativeResultsDirectory="ffadf10d-c48d-48f0-8544-d6d761f96528" /><UnitTestResult executionId="9ae95cd4-5f15-4240-9479-3687f51ac98c" testId="c6836096-fccd-441a-bfc2-29be902e976d" testName="SleepTimeIsDoubledAndResetAfterSuccess" computerName="TAG009442327432" duration="00:00:00.0030000" startTime="2018-09-20T12:48:07.0000000+02:00" endTime="2018-09-20T12:48:07.0000000+02:00" testType="13cdc9d9-ddb5-4fa4-a97d-d965ccfc6d4b" outcome="Passed" testListId="8c84fa94-04c1-424b-9868-57a2d4851a1d" relativeResultsDirectory="9ae95cd4-5f15-4240-9479-3687f51ac98c" /><UnitTestResult executionId="12d64bf9-97ff-4fb7-8f46-ca5ae743ce5a" testId="eb297862-3ddf-4699-9d9a-e2efe52ffceb" testName="ParsingTooBigMaxBeaconSizeOverflows" computerName="TAG009442327432" duration="00:00:00.0010000" startTime="2018-09-20T12:48:09.0000000+02:00" endTime="2018-09-20T12:48:09.0000000+02:00" testType="13cdc9d9-ddb5-4fa4-a97d-d965ccfc6d4b" outcome="Passed" testListId="8c84fa94-04c1-424b-9868-57a2d4851a1d" relativeResultsDirectory="12d64bf9-97ff-4fb7-8f46-ca5ae743ce5a" /><UnitTestResult executionId="09ba9013-9cd7-42b0-a3d3-9bbc07e932bc" testId="5455daf4-1a72-40de-a34a-5b7a69dd8965" testName="ReportCrashDoesNotReportOnDataCollectionLevel1" computerName="TAG009442327432" duration="00:00:00.0000001" startTime="2018-09-20T12:48:08.0000000+02:00" endTime="2018-09-20T12:48:08.0000000+02:00" testType="13cdc9d9-ddb5-4fa4-a97d-d965ccfc6d4b" outcome="Passed" testListId="8c84fa94-04c1-424b-9868-57a2d4851a1d" relativeResultsDirectory="09ba9013-9cd7-42b0-a3d3-9bbc07e932bc" /><UnitTestResult executionId="cbf30c5f-ae19-481b-9252-17492c03ced1" testId="d7be2a85-6c8b-4a5c-8737-ba90f8ef0fd6" testName="CapturingIsDisabledIfStatusResponseIsNull" computerName="TAG009442327432" duration="00:00:00.0000001" startTime="2018-09-20T12:48:07.0000000+02:00" endTime="2018-09-20T12:48:07.0000000+02:00" testType="13cdc9d9-ddb5-4fa4-a97d-d965ccfc6d4b" outcome="Passed" testListId="8c84fa94-04c1-424b-9868-57a2d4851a1d" relativeResultsDirectory="cbf30c5f-ae19-481b-9252-17492c03ced1" /><UnitTestResult executionId="279fdfcc-61c9-425e-827c-250c5825493c" testId="d63bf3d8-a4e3-48fe-942e-6c1b5f3ae722" testName="NewSessionRequestsAreMadeForAllNewSessions" computerName="TAG009442327432" duration="00:00:00.0010000" startTime="2018-09-20T12:48:07.0000000+02:00" endTime="2018-09-20T12:48:07.0000000+02:00" testType="13cdc9d9-ddb5-4fa4-a97d-d965ccfc6d4b" outcome="Passed" testListId="8c84fa94-04c1-424b-9868-57a2d4851a1d" relativeResultsDirectory="279fdfcc-61c9-425e-827c-250c5825493c" /><UnitTestResult executionId="8e0e896b-11e9-49c9-8314-47818dc2dcff" testId="a3c76983-7ceb-4d80-92f0-77f5be437e19" testName="DebugLogsAppropriateMessage" computerName="TAG009442327432" duration="00:00:00.0010000" startTime="2018-09-20T12:48:07.0000000+02:00" endTime="2018-09-20T12:48:07.0000000+02:00" testType="13cdc9d9-ddb5-4fa4-a97d-d965ccfc6d4b" outcome="Passed" testListId="8c84fa94-04c1-424b-9868-57a2d4851a1d" relativeResultsDirectory="8e0e896b-11e9-49c9-8314-47818dc2dcff" /><UnitTestResult executionId="eb432c26-661c-4a10-a841-2925e6f265a9" testId="ea5d69a5-b947-4742-b6cf-7627cd558d0b" testName="StringValueNotReportedForDataCollectionLevel1" computerName="TAG009442327432" duration="00:00:00.0000001" startTime="2018-09-20T12:48:08.0000000+02:00" endTime="2018-09-20T12:48:08.0000000+02:00" testType="13cdc9d9-ddb5-4fa4-a97d-d965ccfc6d4b" outcome="Passed" testListId="8c84fa94-04c1-424b-9868-57a2d4851a1d" relativeResultsDirectory="eb432c26-661c-4a10-a841-2925e6f265a9" /><UnitTestResult executionId="104140e4-5ff4-4072-b5a1-093ea2f32518" testId="e8a67e0b-7f3f-4447-b320-b55b8764da9a" testName="ReportErrorDoesReportOnDataCollectionLevel2" computerName="TAG009442327432" duration="00:00:00.0000001" startTime="2018-09-20T12:48:08.0000000+02:00" endTime="2018-09-20T12:48:08.0000000+02:00" testType="13cdc9d9-ddb5-4fa4-a97d-d965ccfc6d4b" outcome="Passed" testListId="8c84fa94-04c1-424b-9868-57a2d4851a1d" relativeResultsDirectory="104140e4-5ff4-4072-b5a1-093ea2f32518" /><UnitTestResult executionId="3a5d26ba-f02e-4e1f-a9a3-6dfebbf389ae" testId="a0285add-213d-4c8e-b269-d189b97d4603" testName="IsInfoEnabledIsFalseIfVerboseIsFalse" computerName="TAG009442327432" duration="00:00:00.0000001" startTime="2018-09-20T12:48:07.0000000+02:00" endTime="2018-09-20T12:48:07.0000000+02:00" testType="13cdc9d9-ddb5-4fa4-a97d-d965ccfc6d4b" outcome="Passed" testListId="8c84fa94-04c1-424b-9868-57a2d4851a1d" relativeResultsDirectory="3a5d26ba-f02e-4e1f-a9a3-6dfebbf389ae" /><UnitTestResult executionId="4c912451-6b7c-4bf0-9cdf-d7464e44af84" testId="24d00cea-057b-47c4-bcb4-6cf7f347009e" testName="SendStatusRequestSendRequestToMonitorURL" computerName="TAG009442327432" duration="00:00:00.0030000" startTime="2018-09-20T12:48:09.0000000+02:00" endTime="2018-09-20T12:48:09.0000000+02:00" testType="13cdc9d9-ddb5-4fa4-a97d-d965ccfc6d4b" outcome="Passed" testListId="8c84fa94-04c1-424b-9868-57a2d4851a1d" relativeResultsDirectory="4c912451-6b7c-4bf0-9cdf-d7464e44af84" /><UnitTestResult executionId="9907fa66-8d59-452a-9374-74dc46b2c01d" testId="0fe41068-ab35-4989-9f9e-1c3cbd2a1faf" testName="StartDoesNothingIfAlreadyStopped" computerName="TAG009442327432" duration="00:00:00.0010000" startTime="2018-09-20T12:48:08.0000000+02:00" endTime="2018-09-20T12:48:08.0000000+02:00" testType="13cdc9d9-ddb5-4fa4-a97d-d965ccfc6d4b" outcome="Passed" testListId="8c84fa94-04c1-424b-9868-57a2d4851a1d" relativeResultsDirectory="9907fa66-8d59-452a-9374-74dc46b2c01d" /><UnitTestResult executionId="7cf94e90-8fe1-45e0-afc1-7f8b2ab3348c" testId="c7c237a3-042f-43b5-a698-9bb589885cce" testName="ToStringReturnStateName" computerName="TAG009442327432" duration="00:00:00.0000001" startTime="2018-09-20T12:48:07.0000000+02:00" endTime="2018-09-20T12:48:07.0000000+02:00" testType="13cdc9d9-ddb5-4fa4-a97d-d965ccfc6d4b" outcome="Passed" testListId="8c84fa94-04c1-424b-9868-57a2d4851a1d" relativeResultsDirectory="7cf94e90-8fe1-45e0-afc1-7f8b2ab3348c" /><UnitTestResult executionId="f171316a-ff78-4653-adce-681a5499b030" testId="6ff4585f-a2bb-4377-8c40-6feec3f432dd" testName="TriggeringEvictionStrategiesInThread" computerName="TAG009442327432" duration="00:00:00.0090000" startTime="2018-09-20T12:48:07.0000000+02:00" endTime="2018-09-20T12:48:07.0000000+02:00" testType="13cdc9d9-ddb5-4fa4-a97d-d965ccfc6d4b" outcome="Passed" testListId="8c84fa94-04c1-424b-9868-57a2d4851a1d" relativeResultsDirectory="f171316a-ff78-4653-adce-681a5499b030" /><UnitTestResult executionId="9129c1aa-3a88-44b3-81f5-0d3282ab6460" testId="6a488d2b-5b0d-45a4-b9aa-28960b460e52" testName="TheDefaultResponseSendTimeIsMinusOne" computerName="TAG009442327432" duration="00:00:00.0000001" startTime="2018-09-20T12:48:09.0000000+02:00" endTime="2018-09-20T12:48:09.0000000+02:00" testType="13cdc9d9-ddb5-4fa4-a97d-d965ccfc6d4b" outcome="Passed" testListId="8c84fa94-04c1-424b-9868-57a2d4851a1d" relativeResultsDirectory="9129c1aa-3a88-44b3-81f5-0d3282ab6460" /><UnitTestResult executionId="4054c0b0-17a4-4572-812b-f64d1a87c8f9" testId="000711c8-f06f-4e6a-9bb0-4df97a76b201" testName="SendTimeSyncRequestReturnsAnUnknownErrorResponseForWrongHttpResponse" computerName="TAG009442327432" duration="00:00:00.0010000" startTime="2018-09-20T12:48:09.0000000+02:00" endTime="2018-09-20T12:48:09.0000000+02:00" testType="13cdc9d9-ddb5-4fa4-a97d-d965ccfc6d4b" outcome="Passed" testListId="8c84fa94-04c1-424b-9868-57a2d4851a1d" relativeResultsDirectory="4054c0b0-17a4-4572-812b-f64d1a87c8f9" /><UnitTestResult executionId="abb1b523-6d36-496a-a084-e8b7f5b61357" testId="c9a267b9-6c45-4b26-8052-7147dbc21eb9" testName="ExecuteEvictionDoesNotLogEvictionResultIfDebugIsDisabled" computerName="TAG009442327432" duration="00:00:00.0050000" startTime="2018-09-20T12:48:07.0000000+02:00" endTime="2018-09-20T12:48:07.0000000+02:00" testType="13cdc9d9-ddb5-4fa4-a97d-d965ccfc6d4b" outcome="Passed" testListId="8c84fa94-04c1-424b-9868-57a2d4851a1d" relativeResultsDirectory="abb1b523-6d36-496a-a084-e8b7f5b61357" /><UnitTestResult executionId="ad821aef-c60a-4130-a29f-86f002e3be74" testId="09a15560-ee84-40b9-9ccc-eec5e53bf167" testName="AddActionDataAddsDataToAlreadyExistingBeaconId" computerName="TAG009442327432" duration="00:00:00.0010000" startTime="2018-09-20T12:48:07.0000000+02:00" endTime="2018-09-20T12:48:07.0000000+02:00" testType="13cdc9d9-ddb5-4fa4-a97d-d965ccfc6d4b" outcome="Passed" testListId="8c84fa94-04c1-424b-9868-57a2d4851a1d" relativeResultsDirectory="ad821aef-c60a-4130-a29f-86f002e3be74" /><UnitTestResult executionId="bb1d4928-7d6f-4ca3-881e-fefa51545744" testId="2f9c525b-e397-49bb-938f-b537df921bcb" testName="IpV6AddressIsInvalidOverflow" computerName="TAG009442327432" duration="00:00:00.0000001" startTime="2018-09-20T12:48:08.0000000+02:00" endTime="2018-09-20T12:48:08.0000000+02:00" testType="13cdc9d9-ddb5-4fa4-a97d-d965ccfc6d4b" outcome="Passed" testListId="8c84fa94-04c1-424b-9868-57a2d4851a1d" relativeResultsDirectory="bb1d4928-7d6f-4ca3-881e-fefa51545744" /><UnitTestResult executionId="ce87a4ac-33c1-448c-b57b-5788d1206945" testId="2aef6513-bf27-45b4-94de-4af1de672e05" testName="StateIsNotTerminal" computerName="TAG009442327432" duration="00:00:00.0000001" startTime="2018-09-20T12:48:07.0000000+02:00" endTime="2018-09-20T12:48:07.0000000+02:00" testType="13cdc9d9-ddb5-4fa4-a97d-d965ccfc6d4b" outcome="Passed" testListId="8c84fa94-04c1-424b-9868-57a2d4851a1d" relativeResultsDirectory="ce87a4ac-33c1-448c-b57b-5788d1206945" /><UnitTestResult executionId="e027f787-cf0e-4746-b60c-9aed95cb0994" testId="63c2137e-9008-41db-889a-2110cabbf7b3" testName="GetMultiplicityReturnsMultiplicitySetInConstructor" computerName="TAG009442327432" duration="00:00:00.0000001" startTime="2018-09-20T12:48:07.0000000+02:00" endTime="2018-09-20T12:48:07.0000000+02:00" testType="13cdc9d9-ddb5-4fa4-a97d-d965ccfc6d4b" outcome="Passed" testListId="8c84fa94-04c1-424b-9868-57a2d4851a1d" relativeResultsDirectory="e027f787-cf0e-4746-b60c-9aed95cb0994" /><UnitTestResult executionId="12b7a2ed-b5ca-4ab5-b3b8-a60535faf72c" testId="d2b017f6-434c-496e-8ba0-cf63252e67b1" testName="IsTooManyRequestsResponseReturnsFalseIfResponseIsNull" computerName="TAG009442327432" duration="00:00:00.0000001" startTime="2018-09-20T12:48:07.0000000+02:00" endTime="2018-09-20T12:48:07.0000000+02:00" testType="13cdc9d9-ddb5-4fa4-a97d-d965ccfc6d4b" outcome="Passed" testListId="8c84fa94-04c1-424b-9868-57a2d4851a1d" relativeResultsDirectory="12b7a2ed-b5ca-4ab5-b3b8-a60535faf72c" /><UnitTestResult executionId="4df46525-e165-45af-a645-208548e8a75b" testId="80d611c4-92f6-4373-a3db-9e8b745aace6" testName="IsInitializedOnInitSuccess" computerName="TAG009442327432" duration="00:00:00.0000001" startTime="2018-09-20T12:48:07.0000000+02:00" endTime="2018-09-20T12:48:07.0000000+02:00" testType="13cdc9d9-ddb5-4fa4-a97d-d965ccfc6d4b" outcome="Passed" testListId="8c84fa94-04c1-424b-9868-57a2d4851a1d" relativeResultsDirectory="4df46525-e165-45af-a645-208548e8a75b" /><UnitTestResult executionId="54bc27c4-f88c-4a3b-bf85-411e86246e68" testId="831f3754-2981-4cac-b1c0-e028a6776a5f" testName="SetBytesReceivedDoesNotSetAnythingIfStopped" computerName="TAG009442327432" duration="00:00:00.0000001" startTime="2018-09-20T12:48:08.0000000+02:00" endTime="2018-09-20T12:48:08.0000000+02:00" testType="13cdc9d9-ddb5-4fa4-a97d-d965ccfc6d4b" outcome="Passed" testListId="8c84fa94-04c1-424b-9868-57a2d4851a1d" relativeResultsDirectory="54bc27c4-f88c-4a3b-bf85-411e86246e68" /><UnitTestResult executionId="43a7d7e5-9761-42a4-aa06-75dc8aadb2e2" testId="c8345113-d3a1-4381-ba0b-fdd6b3a328a3" testName="DisposingAnActionLeavesTheAction" computerName="TAG009442327432" duration="00:00:00.0010000" startTime="2018-09-20T12:48:07.0000000+02:00" endTime="2018-09-20T12:48:07.0000000+02:00" testType="13cdc9d9-ddb5-4fa4-a97d-d965ccfc6d4b" outcome="Passed" testListId="8c84fa94-04c1-424b-9868-57a2d4851a1d" relativeResultsDirectory="43a7d7e5-9761-42a4-aa06-75dc8aadb2e2" /><UnitTestResult executionId="6e446606-ccab-44c9-a667-0ec3b4a13626" testId="ead75d79-e07b-4fc0-ad31-a16b558491b2" testName="RemoveRecordsOlderThanRemovesNothingIfNoActionOrEventDataExists" computerName="TAG009442327432" duration="00:00:00.0000001" startTime="2018-09-20T12:48:07.0000000+02:00" endTime="2018-09-20T12:48:07.0000000+02:00" testType="13cdc9d9-ddb5-4fa4-a97d-d965ccfc6d4b" outcome="Passed" testListId="8c84fa94-04c1-424b-9868-57a2d4851a1d" relativeResultsDirectory="6e446606-ccab-44c9-a667-0ec3b4a13626" /><UnitTestResult executionId="17bdca43-004f-413e-a469-755525fb0415" testId="0e7ca7c0-daa4-4351-8bd4-485f158d1142" testName="IpV6AddressHexCompressedIsValidBlock1" computerName="TAG009442327432" duration="00:00:00.0000001" startTime="2018-09-20T12:48:07.0000000+02:00" endTime="2018-09-20T12:48:07.0000000+02:00" testType="13cdc9d9-ddb5-4fa4-a97d-d965ccfc6d4b" outcome="Passed" testListId="8c84fa94-04c1-424b-9868-57a2d4851a1d" relativeResultsDirectory="17bdca43-004f-413e-a469-755525fb0415" /><UnitTestResult executionId="5468ef29-5e15-4f8b-8145-7e39b010b3b7" testId="cfbac3dc-06fb-4d78-aba8-42b39b901643" testName="HeadersAreSet" computerName="TAG009442327432" duration="00:00:00.0000001" startTime="2018-09-20T12:48:09.0000000+02:00" endTime="2018-09-20T12:48:09.0000000+02:00" testType="13cdc9d9-ddb5-4fa4-a97d-d965ccfc6d4b" outcome="Passed" testListId="8c84fa94-04c1-424b-9868-57a2d4851a1d" relativeResultsDirectory="5468ef29-5e15-4f8b-8145-7e39b010b3b7" /><UnitTestResult executionId="8778fb1c-fe0d-481a-ac34-03ae6e23d2a9" testId="1a931315-1455-46cf-a765-0801754052f0" testName="NeedsDataCopyBeforeChunkingGivesFalseEvenIfListsAreEmpty" computerName="TAG009442327432" duration="00:00:00.0000001" startTime="2018-09-20T12:48:07.0000000+02:00" endTime="2018-09-20T12:48:07.0000000+02:00" testType="13cdc9d9-ddb5-4fa4-a97d-d965ccfc6d4b" outcome="Passed" testListId="8c84fa94-04c1-424b-9868-57a2d4851a1d" relativeResultsDirectory="8778fb1c-fe0d-481a-ac34-03ae6e23d2a9" /><UnitTestResult executionId="c233af26-8642-46b2-9882-df171f8fc63a" testId="742eb823-99d7-4bdc-b0aa-0537df1cac20" testName="AfterDecreasingNumNewSessionRequestsFourTimesSendingRequestsIsNoLongerAllowed" computerName="TAG009442327432" duration="00:00:00.0010000" startTime="2018-09-20T12:48:07.0000000+02:00" endTime="2018-09-20T12:48:07.0000000+02:00" testType="13cdc9d9-ddb5-4fa4-a97d-d965ccfc6d4b" outcome="Passed" testListId="8c84fa94-04c1-424b-9868-57a2d4851a1d" relativeResultsDirectory="c233af26-8642-46b2-9882-df171f8fc63a" /><UnitTestResult executionId="3ec919e2-9382-4be4-ab18-bdd17ebdbd91" testId="c80c73a6-5e83-4192-84f2-c40524380f12" testName="IsWarnEnabledIsTrueIfVerboseIsFalse" computerName="TAG009442327432" duration="00:00:00.0000001" startTime="2018-09-20T12:48:07.0000000+02:00" endTime="2018-09-20T12:48:07.0000000+02:00" testType="13cdc9d9-ddb5-4fa4-a97d-d965ccfc6d4b" outcome="Passed" testListId="8c84fa94-04c1-424b-9868-57a2d4851a1d" relativeResultsDirectory="3ec919e2-9382-4be4-ab18-bdd17ebdbd91" /><UnitTestResult executionId="77b23de9-50aa-4e6f-b80c-47073fdbca36" testId="aa8ea5c0-ed5e-4281-aafa-8c0d974ba67f" testName="ReportErrorDoesNothingIfActionIsLeft" computerName="TAG009442327432" duration="00:00:00.0000001" startTime="2018-09-20T12:48:07.0000000+02:00" endTime="2018-09-20T12:48:07.0000000+02:00" testType="13cdc9d9-ddb5-4fa4-a97d-d965ccfc6d4b" outcome="Passed" testListId="8c84fa94-04c1-424b-9868-57a2d4851a1d" relativeResultsDirectory="77b23de9-50aa-4e6f-b80c-47073fdbca36" /><UnitTestResult executionId="b5156d48-28e7-4424-93cb-74ef1a271390" testId="447750bb-8eba-46f7-b4d5-54dbd564d82e" testName="CurrentThreadIDIsReturned" computerName="TAG009442327432" duration="00:00:00.0010000" startTime="2018-09-20T12:48:09.0000000+02:00" endTime="2018-09-20T12:48:09.0000000+02:00" testType="13cdc9d9-ddb5-4fa4-a97d-d965ccfc6d4b" outcome="Passed" testListId="8c84fa94-04c1-424b-9868-57a2d4851a1d" relativeResultsDirectory="b5156d48-28e7-4424-93cb-74ef1a271390" /><UnitTestResult executionId="cb43f978-1251-4253-9101-25d416cfa2a3" testId="77a43f9a-4f22-4d45-9707-c8bf28ffb891" testName="ReportStringValue" computerName="TAG009442327432" duration="00:00:00.0010000" startTime="2018-09-20T12:48:07.0000000+02:00" endTime="2018-09-20T12:48:07.0000000+02:00" testType="13cdc9d9-ddb5-4fa4-a97d-d965ccfc6d4b" outcome="Passed" testListId="8c84fa94-04c1-424b-9868-57a2d4851a1d" relativeResultsDirectory="cb43f978-1251-4253-9101-25d416cfa2a3" /><UnitTestResult executionId="407a3d82-2f34-4688-aa4a-02ef51c76f7b" testId="dbba4ab3-c6da-4335-bde2-24f9dccd82a9" testName="TwoInstancesAreNotEqualIfMarkedForSendingDiffers" computerName="TAG009442327432" duration="00:00:00.0000001" startTime="2018-09-20T12:48:07.0000000+02:00" endTime="2018-09-20T12:48:07.0000000+02:00" testType="13cdc9d9-ddb5-4fa4-a97d-d965ccfc6d4b" outcome="Passed" testListId="8c84fa94-04c1-424b-9868-57a2d4851a1d" relativeResultsDirectory="407a3d82-2f34-4688-aa4a-02ef51c76f7b" /><UnitTestResult executionId="a7404449-9ab5-4709-b5a7-b772715c3da5" testId="0235186b-4d0c-49a3-bc38-640d3accdcfe" testName="AfterASessionHasBeenConfiguredItsOpenAndConfigured" computerName="TAG009442327432" duration="00:00:00.0020000" startTime="2018-09-20T12:48:07.0000000+02:00" endTime="2018-09-20T12:48:07.0000000+02:00" testType="13cdc9d9-ddb5-4fa4-a97d-d965ccfc6d4b" outcome="Passed" testListId="8c84fa94-04c1-424b-9868-57a2d4851a1d" relativeResultsDirectory="a7404449-9ab5-4709-b5a7-b772715c3da5"><Output><StdOut>2018-09-20T10:48:07.8283268Z DEBUG [3] BeaconSender StartSession&#xD;
2018-09-20T10:48:07.8283377Z DEBUG [3] BeaconCache AddEventData(sn=1, timestamp=0, data='et=18&amp;it=0&amp;pa=0&amp;s0=1&amp;t0=0')&#xD;
2018-09-20T10:48:07.8283652Z DEBUG [3] BeaconSender StartSession&#xD;
2018-09-20T10:48:07.8283748Z DEBUG [3] BeaconCache AddEventData(sn=2, timestamp=0, data='et=18&amp;it=0&amp;pa=0&amp;s0=1&amp;t0=0')</StdOut></Output></UnitTestResult><UnitTestResult executionId="01bce801-b2ab-4cd6-9597-b697a8639d82" testId="ee00c4e6-eb0e-4c5a-9b9b-a4acd31fc61a" testName="CanSetApplicationVersionForDynatrace" computerName="TAG009442327432" duration="00:00:00.0000001" startTime="2018-09-20T12:48:08.0000000+02:00" endTime="2018-09-20T12:48:08.0000000+02:00" testType="13cdc9d9-ddb5-4fa4-a97d-d965ccfc6d4b" outcome="Passed" testListId="8c84fa94-04c1-424b-9868-57a2d4851a1d" relativeResultsDirectory="01bce801-b2ab-4cd6-9597-b697a8639d82" /><UnitTestResult executionId="beed761f-1ae1-4e1f-87b6-63719148861d" testId="d3610e06-3f77-42de-bb21-c8be8376f7bc" testName="AddActionDataRaisesEvent" computerName="TAG009442327432" duration="00:00:00.0010000" startTime="2018-09-20T12:48:07.0000000+02:00" endTime="2018-09-20T12:48:07.0000000+02:00" testType="13cdc9d9-ddb5-4fa4-a97d-d965ccfc6d4b" outcome="Passed" testListId="8c84fa94-04c1-424b-9868-57a2d4851a1d" relativeResultsDirectory="beed761f-1ae1-4e1f-87b6-63719148861d" /><UnitTestResult executionId="14104166-6dc8-4e64-b536-8182b1da0109" testId="689c05ea-96e1-4c6e-b319-3c80d46f8f0e" testName="ParsingInvalidNumericValueForCaptureThrowsException" computerName="TAG009442327432" duration="00:00:00.0010000" startTime="2018-09-20T12:48:09.0000000+02:00" endTime="2018-09-20T12:48:09.0000000+02:00" testType="13cdc9d9-ddb5-4fa4-a97d-d965ccfc6d4b" outcome="Passed" testListId="8c84fa94-04c1-424b-9868-57a2d4851a1d" relativeResultsDirectory="14104166-6dc8-4e64-b536-8182b1da0109" /><UnitTestResult executionId="3af37413-41e3-4316-9476-da8ce8ef7c3e" testId="082732e6-45de-4006-b7c2-417c30ece6fa" testName="GetCrashReportingLevel" computerName="TAG009442327432" duration="00:00:00.0020000" startTime="2018-09-20T12:48:07.0000000+02:00" endTime="2018-09-20T12:48:07.0000000+02:00" testType="13cdc9d9-ddb5-4fa4-a97d-d965ccfc6d4b" outcome="Passed" testListId="8c84fa94-04c1-424b-9868-57a2d4851a1d" relativeResultsDirectory="3af37413-41e3-4316-9476-da8ce8ef7c3e" /><UnitTestResult executionId="68516b32-9d29-4d66-aa8a-f336f9ffc012" testId="1ede4df2-dcf6-4657-96f1-73e14c43e636" testName="SendStatusRequestReturnsAnUnknownErrorResponseForUnparseableStatusResponse" computerName="TAG009442327432" duration="00:00:00.0050000" startTime="2018-09-20T12:48:09.0000000+02:00" endTime="2018-09-20T12:48:09.0000000+02:00" testType="13cdc9d9-ddb5-4fa4-a97d-d965ccfc6d4b" outcome="Passed" testListId="8c84fa94-04c1-424b-9868-57a2d4851a1d" relativeResultsDirectory="68516b32-9d29-4d66-aa8a-f336f9ffc012" /><UnitTestResult executionId="44e4257c-2855-40fe-aea3-d83a2b9ba555" testId="23c7b7ff-be6e-464c-ac77-5a4a9061ef8c" testName="DeviceIDIsRandomizedOnDataCollectionLevel1" computerName="TAG009442327432" duration="00:00:00.0000001" startTime="2018-09-20T12:48:08.0000000+02:00" endTime="2018-09-20T12:48:08.0000000+02:00" testType="13cdc9d9-ddb5-4fa4-a97d-d965ccfc6d4b" outcome="Passed" testListId="8c84fa94-04c1-424b-9868-57a2d4851a1d" relativeResultsDirectory="44e4257c-2855-40fe-aea3-d83a2b9ba555" /><UnitTestResult executionId="66727236-89a5-4740-9051-e168e609faac" testId="957cb809-4ac6-408c-81cc-93d87366b654" testName="SendingOpenSessionsIsAbortedImmediatelyWhenTooManyRequestsResponseIsReceived" computerName="TAG009442327432" duration="00:00:00.0030000" startTime="2018-09-20T12:48:07.0000000+02:00" endTime="2018-09-20T12:48:07.0000000+02:00" testType="13cdc9d9-ddb5-4fa4-a97d-d965ccfc6d4b" outcome="Passed" testListId="8c84fa94-04c1-424b-9868-57a2d4851a1d" relativeResultsDirectory="66727236-89a5-4740-9051-e168e609faac" /><UnitTestResult executionId="ac09e720-1072-4185-97a4-e6c8b74a089b" testId="5360ca7d-3725-40b4-87fc-3fc747b8a03b" testName="SetResponseCodeDoesNotSetTheResponseCodeIfStopped" computerName="TAG009442327432" duration="00:00:00.0000001" startTime="2018-09-20T12:48:08.0000000+02:00" endTime="2018-09-20T12:48:08.0000000+02:00" testType="13cdc9d9-ddb5-4fa4-a97d-d965ccfc6d4b" outcome="Passed" testListId="8c84fa94-04c1-424b-9868-57a2d4851a1d" relativeResultsDirectory="ac09e720-1072-4185-97a4-e6c8b74a089b" /><UnitTestResult executionId="e43e1248-e25e-4ce0-83fb-360e5f5960c2" testId="ee78b8e2-f398-4c5d-9455-7905a0776d32" testName="InitCompleteIsCalledOnInterrupt" computerName="TAG009442327432" duration="00:00:00.0000001" startTime="2018-09-20T12:48:07.0000000+02:00" endTime="2018-09-20T12:48:07.0000000+02:00" testType="13cdc9d9-ddb5-4fa4-a97d-d965ccfc6d4b" outcome="Passed" testListId="8c84fa94-04c1-424b-9868-57a2d4851a1d" relativeResultsDirectory="e43e1248-e25e-4ce0-83fb-360e5f5960c2" /><UnitTestResult executionId="096882b2-aa1b-4118-8227-dda3346c486a" testId="766e3ff0-5cd2-44c0-9c59-4c2eb2a0522f" testName="ParsingInvalidSendIntervalThrowsException" computerName="TAG009442327432" duration="00:00:00.0010000" startTime="2018-09-20T12:48:09.0000000+02:00" endTime="2018-09-20T12:48:09.0000000+02:00" testType="13cdc9d9-ddb5-4fa4-a97d-d965ccfc6d4b" outcome="Passed" testListId="8c84fa94-04c1-424b-9868-57a2d4851a1d" relativeResultsDirectory="096882b2-aa1b-4118-8227-dda3346c486a" /><UnitTestResult executionId="b5ee0eda-eb7a-4435-a665-40faa94ed01d" testId="8472d99e-000b-4511-9571-799198d43ce8" testName="IpV6AddressHexCompressedIsValidBlock4" computerName="TAG009442327432" duration="00:00:00.0000001" startTime="2018-09-20T12:48:07.0000000+02:00" endTime="2018-09-20T12:48:07.0000000+02:00" testType="13cdc9d9-ddb5-4fa4-a97d-d965ccfc6d4b" outcome="Passed" testListId="8c84fa94-04c1-424b-9868-57a2d4851a1d" relativeResultsDirectory="b5ee0eda-eb7a-4435-a665-40faa94ed01d" /><UnitTestResult executionId="7ca2d285-1a13-495c-ae09-42cf2c5e104a" testId="9471e772-5416-4278-ba9e-d005d4cf90b8" testName="ExecuteEvictionLogsAMessageOnceAndReturnsIfStrategyIsDisabled" computerName="TAG009442327432" duration="00:00:00.0010000" startTime="2018-09-20T12:48:07.0000000+02:00" endTime="2018-09-20T12:48:07.0000000+02:00" testType="13cdc9d9-ddb5-4fa4-a97d-d965ccfc6d4b" outcome="Passed" testListId="8c84fa94-04c1-424b-9868-57a2d4851a1d" relativeResultsDirectory="7ca2d285-1a13-495c-ae09-42cf2c5e104a" /><UnitTestResult executionId="20718140-3209-477a-aab8-cca790d927c3" testId="c77a9488-8c75-43a4-9616-c3716f57e77d" testName="IsEmptyGivesTrueIfBeaconDoesNotContainActiveData" computerName="TAG009442327432" duration="00:00:00.0000001" startTime="2018-09-20T12:48:07.0000000+02:00" endTime="2018-09-20T12:48:07.0000000+02:00" testType="13cdc9d9-ddb5-4fa4-a97d-d965ccfc6d4b" outcome="Passed" testListId="8c84fa94-04c1-424b-9868-57a2d4851a1d" relativeResultsDirectory="20718140-3209-477a-aab8-cca790d927c3" /><UnitTestResult executionId="3e1db01d-d19e-4f52-9346-6499d5c91467" testId="c741b4e2-5609-4002-a2b6-195c48fed144" testName="CanAddUserIdentifyEvent" computerName="TAG009442327432" duration="00:00:00.0000001" startTime="2018-09-20T12:48:08.0000000+02:00" endTime="2018-09-20T12:48:08.0000000+02:00" testType="13cdc9d9-ddb5-4fa4-a97d-d965ccfc6d4b" outcome="Passed" testListId="8c84fa94-04c1-424b-9868-57a2d4851a1d" relativeResultsDirectory="3e1db01d-d19e-4f52-9346-6499d5c91467" /><UnitTestResult executionId="3f1bb4ba-e132-4b5b-9bb1-f89be6f4dec7" testId="d87bd74d-6e17-4f3d-80f4-e99f5eb6dd6d" testName="MarkForSending" computerName="TAG009442327432" duration="00:00:00.0010000" startTime="2018-09-20T12:48:07.0000000+02:00" endTime="2018-09-20T12:48:07.0000000+02:00" testType="13cdc9d9-ddb5-4fa4-a97d-d965ccfc6d4b" outcome="Passed" testListId="8c84fa94-04c1-424b-9868-57a2d4851a1d" relativeResultsDirectory="3f1bb4ba-e132-4b5b-9bb1-f89be6f4dec7" /><UnitTestResult executionId="748934ed-c84a-493b-ade4-691aef64cc60" testId="7a519294-c76b-4cf8-bce3-04efaa11b8e7" testName="IpV6AddressLinkLocalIsInvalidIllegalNonHexCharacter" computerName="TAG009442327432" duration="00:00:00.0000001" startTime="2018-09-20T12:48:08.0000000+02:00" endTime="2018-09-20T12:48:08.0000000+02:00" testType="13cdc9d9-ddb5-4fa4-a97d-d965ccfc6d4b" outcome="Passed" testListId="8c84fa94-04c1-424b-9868-57a2d4851a1d" relativeResultsDirectory="748934ed-c84a-493b-ade4-691aef64cc60" /><UnitTestResult executionId="22ddcc74-3fe4-4953-b2e2-ef177196b60b" testId="6e8a2425-bb72-4f47-ab7d-d3c5b00efcef" testName="IsInitializedGetsValueFromContext" computerName="TAG009442327432" duration="00:00:00.0140000" startTime="2018-09-20T12:48:07.0000000+02:00" endTime="2018-09-20T12:48:07.0000000+02:00" testType="13cdc9d9-ddb5-4fa4-a97d-d965ccfc6d4b" outcome="Passed" testListId="8c84fa94-04c1-424b-9868-57a2d4851a1d" relativeResultsDirectory="22ddcc74-3fe4-4953-b2e2-ef177196b60b" /><UnitTestResult executionId="f5f43461-e6fe-490d-b891-4126e4c41489" testId="22bfec7e-146c-4fee-b3bc-aa9a709a9c7d" testName="ABeaconSendingFlushSessionsStateTransitionsToTerminalStateWhenDataIsSent" computerName="TAG009442327432" duration="00:00:00.0000001" startTime="2018-09-20T12:48:07.0000000+02:00" endTime="2018-09-20T12:48:07.0000000+02:00" testType="13cdc9d9-ddb5-4fa4-a97d-d965ccfc6d4b" outcome="Passed" testListId="8c84fa94-04c1-424b-9868-57a2d4851a1d" relativeResultsDirectory="f5f43461-e6fe-490d-b891-4126e4c41489" /><UnitTestResult executionId="35fe3ffd-4f90-4617-bbf8-ce5b5ea69a50" testId="7cfdf2cd-9491-49c4-b805-43a077819abe" testName="DefaultSessionIDProviderReturnsNonNegativeID" computerName="TAG009442327432" duration="00:00:00.0010000" startTime="2018-09-20T12:48:09.0000000+02:00" endTime="2018-09-20T12:48:09.0000000+02:00" testType="13cdc9d9-ddb5-4fa4-a97d-d965ccfc6d4b" outcome="Passed" testListId="8c84fa94-04c1-424b-9868-57a2d4851a1d" relativeResultsDirectory="35fe3ffd-4f90-4617-bbf8-ce5b5ea69a50" /><UnitTestResult executionId="c48924ac-1da0-4208-ab75-1bd776e73b5b" testId="0c00e417-112a-4d88-9e9d-bb62898cb49c" testName="SetBytesSentSetsTheNumberOfSentBytes" computerName="TAG009442327432" duration="00:00:00.0000001" startTime="2018-09-20T12:48:08.0000000+02:00" endTime="2018-09-20T12:48:08.0000000+02:00" testType="13cdc9d9-ddb5-4fa4-a97d-d965ccfc6d4b" outcome="Passed" testListId="8c84fa94-04c1-424b-9868-57a2d4851a1d" relativeResultsDirectory="c48924ac-1da0-4208-ab75-1bd776e73b5b" /><UnitTestResult executionId="6840fa00-962d-49ff-9eb8-48c785b9b3f2" testId="33f2b28a-56dd-4770-bcbc-ab64c6e1aca9" testName="CanSetManufacturerForAppMon" computerName="TAG009442327432" duration="00:00:00.0000001" startTime="2018-09-20T12:48:08.0000000+02:00" endTime="2018-09-20T12:48:08.0000000+02:00" testType="13cdc9d9-ddb5-4fa4-a97d-d965ccfc6d4b" outcome="Passed" testListId="8c84fa94-04c1-424b-9868-57a2d4851a1d" relativeResultsDirectory="6840fa00-962d-49ff-9eb8-48c785b9b3f2" /><UnitTestResult executionId="2e970c02-c5e2-423d-8824-4c6bd6c698be" testId="443fdc24-8d45-44d6-bf3b-b40645bb5209" testName="CapturingIsEnabledFromStatusResponse" computerName="TAG009442327432" duration="00:00:00.0000001" startTime="2018-09-20T12:48:07.0000000+02:00" endTime="2018-09-20T12:48:07.0000000+02:00" testType="13cdc9d9-ddb5-4fa4-a97d-d965ccfc6d4b" outcome="Passed" testListId="8c84fa94-04c1-424b-9868-57a2d4851a1d" relativeResultsDirectory="2e970c02-c5e2-423d-8824-4c6bd6c698be" /><UnitTestResult executionId="e37faeb0-c4bb-4736-ba17-4273f85f7acd" testId="0f1eba29-4aba-4fbb-ba8c-71e796f34221" testName="IdentifyUserDoesNothingIfSessionIsEnded" computerName="TAG009442327432" duration="00:00:00.0000001" startTime="2018-09-20T12:48:07.0000000+02:00" endTime="2018-09-20T12:48:07.0000000+02:00" testType="13cdc9d9-ddb5-4fa4-a97d-d965ccfc6d4b" outcome="Passed" testListId="8c84fa94-04c1-424b-9868-57a2d4851a1d" relativeResultsDirectory="e37faeb0-c4bb-4736-ba17-4273f85f7acd" /><UnitTestResult executionId="9a330c32-bc09-4769-861c-c899e4db82d6" testId="479f4e44-89ae-4262-ac2b-e56e20af87bf" testName="SendingFinishedSessionsIsAbortedImmediatelyWhenTooManyRequestsResponseIsReceived" computerName="TAG009442327432" duration="00:00:00.0020000" startTime="2018-09-20T12:48:07.0000000+02:00" endTime="2018-09-20T12:48:07.0000000+02:00" testType="13cdc9d9-ddb5-4fa4-a97d-d965ccfc6d4b" outcome="Passed" testListId="8c84fa94-04c1-424b-9868-57a2d4851a1d" relativeResultsDirectory="9a330c32-bc09-4769-861c-c899e4db82d6" /><UnitTestResult executionId="dc447e6f-6b41-42d4-8e88-b2d3b0803bf1" testId="2c61b256-8f9f-4ad9-9a31-a5ec90377cb7" testName="ResponseSendTimeIsParsed" computerName="TAG009442327432" duration="00:00:00.0000001" startTime="2018-09-20T12:48:09.0000000+02:00" endTime="2018-09-20T12:48:09.0000000+02:00" testType="13cdc9d9-ddb5-4fa4-a97d-d965ccfc6d4b" outcome="Passed" testListId="8c84fa94-04c1-424b-9868-57a2d4851a1d" relativeResultsDirectory="dc447e6f-6b41-42d4-8e88-b2d3b0803bf1" /><UnitTestResult executionId="c2bf54ad-a6e8-4441-bbf6-dc009a2d1898" testId="b0ebd201-f08e-4c5e-b66b-33e6230f35f8" testName="ReportStringValueWithValueBeingNullWorks" computerName="TAG009442327432" duration="00:00:00.0000001" startTime="2018-09-20T12:48:07.0000000+02:00" endTime="2018-09-20T12:48:07.0000000+02:00" testType="13cdc9d9-ddb5-4fa4-a97d-d965ccfc6d4b" outcome="Passed" testListId="8c84fa94-04c1-424b-9868-57a2d4851a1d" relativeResultsDirectory="c2bf54ad-a6e8-4441-bbf6-dc009a2d1898" /><UnitTestResult executionId="c3c4d5c9-7275-48c6-8cb4-72d95b408796" testId="fdf46a52-9467-4f2f-a8b5-2605f0882fbc" testName="IpV4AddressIsInvalidDueToAdditionalCharacterInFirstBlock" computerName="TAG009442327432" duration="00:00:00.0000001" startTime="2018-09-20T12:48:07.0000000+02:00" endTime="2018-09-20T12:48:07.0000000+02:00" testType="13cdc9d9-ddb5-4fa4-a97d-d965ccfc6d4b" outcome="Passed" testListId="8c84fa94-04c1-424b-9868-57a2d4851a1d" relativeResultsDirectory="c3c4d5c9-7275-48c6-8cb4-72d95b408796" /><UnitTestResult executionId="4843b98b-bfb1-460f-b17b-76869bcef8f5" testId="aaf398c0-6c55-48b6-aa1c-5f8c53452153" testName="NoDoubleValueIsReportedIfBeaconConfigurationDisablesCapturing" computerName="TAG009442327432" duration="00:00:00.0000001" startTime="2018-09-20T12:48:08.0000000+02:00" endTime="2018-09-20T12:48:08.0000000+02:00" testType="13cdc9d9-ddb5-4fa4-a97d-d965ccfc6d4b" outcome="Passed" testListId="8c84fa94-04c1-424b-9868-57a2d4851a1d" relativeResultsDirectory="4843b98b-bfb1-460f-b17b-76869bcef8f5" /><UnitTestResult executionId="c9802683-caad-430c-b579-d2bcf8f0661e" testId="f8846e0a-aa24-4ea2-98c4-9f344241c96c" testName="DefaultCaptureErrorsIsOn" computerName="TAG009442327432" duration="00:00:00.0000001" startTime="2018-09-20T12:48:09.0000000+02:00" endTime="2018-09-20T12:48:09.0000000+02:00" testType="13cdc9d9-ddb5-4fa4-a97d-d965ccfc6d4b" outcome="Passed" testListId="8c84fa94-04c1-424b-9868-57a2d4851a1d" relativeResultsDirectory="c9802683-caad-430c-b579-d2bcf8f0661e" /><UnitTestResult executionId="3b2764a9-6b06-4ad6-817b-af09d36d450d" testId="bc69ef66-8604-40a5-b756-e9a0b1fb7f0a" testName="IpV6AddressLinkLocalIsInvalidZoneIndexUsedWithInvalidPrefix" computerName="TAG009442327432" duration="00:00:00.0000001" startTime="2018-09-20T12:48:08.0000000+02:00" endTime="2018-09-20T12:48:08.0000000+02:00" testType="13cdc9d9-ddb5-4fa4-a97d-d965ccfc6d4b" outcome="Passed" testListId="8c84fa94-04c1-424b-9868-57a2d4851a1d" relativeResultsDirectory="3b2764a9-6b06-4ad6-817b-af09d36d450d" /><UnitTestResult executionId="ce7287b0-7d4d-4754-9fbf-454eeaafdef2" testId="6629693a-68ac-476c-8ce2-f1e438375ecc" testName="ParsingInvalidNumericValueForCaptureErrorsThrowsException" computerName="TAG009442327432" duration="00:00:00.0010000" startTime="2018-09-20T12:48:09.0000000+02:00" endTime="2018-09-20T12:48:09.0000000+02:00" testType="13cdc9d9-ddb5-4fa4-a97d-d965ccfc6d4b" outcome="Passed" testListId="8c84fa94-04c1-424b-9868-57a2d4851a1d" relativeResultsDirectory="ce7287b0-7d4d-4754-9fbf-454eeaafdef2" /><UnitTestResult executionId="3f45cb83-a736-4624-96dc-c03ac4b6ff08" testId="ee145ad1-d58d-4c91-9e8e-6598ede6a114" testName="TransitionToCaptureOnIsPerformedOnSuccess" computerName="TAG009442327432" duration="00:00:00.0010000" startTime="2018-09-20T12:48:07.0000000+02:00" endTime="2018-09-20T12:48:07.0000000+02:00" testType="13cdc9d9-ddb5-4fa4-a97d-d965ccfc6d4b" outcome="Passed" testListId="8c84fa94-04c1-424b-9868-57a2d4851a1d" relativeResultsDirectory="3f45cb83-a736-4624-96dc-c03ac4b6ff08" /><UnitTestResult executionId="9e2c885f-6ec8-435d-b11d-b82f79707acc" testId="dac46caf-e002-4d61-a2dc-ccb119c79326" testName="AfterCallingEndASessionIsEnded" computerName="TAG009442327432" duration="00:00:00.0010000" startTime="2018-09-20T12:48:07.0000000+02:00" endTime="2018-09-20T12:48:07.0000000+02:00" testType="13cdc9d9-ddb5-4fa4-a97d-d965ccfc6d4b" outcome="Passed" testListId="8c84fa94-04c1-424b-9868-57a2d4851a1d" relativeResultsDirectory="9e2c885f-6ec8-435d-b11d-b82f79707acc" /><UnitTestResult executionId="4051e144-35af-4ef7-b971-9f4396660130" testId="ff030ab6-a037-4d8b-865c-be71edd33c52" testName="NoErrorIsReportedIfBeaconConfigurationDisablesCapturing" computerName="TAG009442327432" duration="00:00:00.0010000" startTime="2018-09-20T12:48:08.0000000+02:00" endTime="2018-09-20T12:48:08.0000000+02:00" testType="13cdc9d9-ddb5-4fa4-a97d-d965ccfc6d4b" outcome="Passed" testListId="8c84fa94-04c1-424b-9868-57a2d4851a1d" relativeResultsDirectory="4051e144-35af-4ef7-b971-9f4396660130" /><UnitTestResult executionId="3d4de910-8491-4423-801b-88a4a7f46a84" testId="0db05ea3-8be6-4937-807e-6f47ff10bec9" testName="GetChunkGetsAlreadyMarkedData" computerName="TAG009442327432" duration="00:00:00.0020000" startTime="2018-09-20T12:48:07.0000000+02:00" endTime="2018-09-20T12:48:07.0000000+02:00" testType="13cdc9d9-ddb5-4fa4-a97d-d965ccfc6d4b" outcome="Passed" testListId="8c84fa94-04c1-424b-9868-57a2d4851a1d" relativeResultsDirectory="3d4de910-8491-4423-801b-88a4a7f46a84" /><UnitTestResult executionId="a9d455cb-270f-42b5-a9f6-025bd5b50cd2" testId="45403b39-7731-4085-ad2f-825c5b1b51e1" testName="EnterActionReturnsNewChildAction" computerName="TAG009442327432" duration="00:00:00.0030000" startTime="2018-09-20T12:48:07.0000000+02:00" endTime="2018-09-20T12:48:07.0000000+02:00" testType="13cdc9d9-ddb5-4fa4-a97d-d965ccfc6d4b" outcome="Passed" testListId="8c84fa94-04c1-424b-9868-57a2d4851a1d" relativeResultsDirectory="a9d455cb-270f-42b5-a9f6-025bd5b50cd2" /><UnitTestResult executionId="5753b2c7-464d-4ec8-aa33-9fa458a5aefe" testId="f48576fd-0a4e-4d91-9302-75c273f2f0e7" testName="ADifferentTypeIsNotConsideredEqual" computerName="TAG009442327432" duration="00:00:00.0000001" startTime="2018-09-20T12:48:07.0000000+02:00" endTime="2018-09-20T12:48:07.0000000+02:00" testType="13cdc9d9-ddb5-4fa4-a97d-d965ccfc6d4b" outcome="Passed" testListId="8c84fa94-04c1-424b-9868-57a2d4851a1d" relativeResultsDirectory="5753b2c7-464d-4ec8-aa33-9fa458a5aefe" /><UnitTestResult executionId="7a7fca50-c40b-47b6-ac69-ba8eaeaf82db" testId="877ec004-3820-428e-80d1-9390129603a6" testName="WaitForInitWhenWithTimeoutFailed" computerName="TAG009442327432" duration="00:00:00.0000001" startTime="2018-09-20T12:48:07.0000000+02:00" endTime="2018-09-20T12:48:07.0000000+02:00" testType="13cdc9d9-ddb5-4fa4-a97d-d965ccfc6d4b" outcome="Passed" testListId="8c84fa94-04c1-424b-9868-57a2d4851a1d" relativeResultsDirectory="7a7fca50-c40b-47b6-ac69-ba8eaeaf82db" /><UnitTestResult executionId="05985eb1-b72e-4028-bb39-e478bfc316b0" testId="7a08a5dd-2e5d-452c-9abf-e8aba06b07c1" testName="SetResponseCodeSetsTheResponseCode" computerName="TAG009442327432" duration="00:00:00.0000001" startTime="2018-09-20T12:48:08.0000000+02:00" endTime="2018-09-20T12:48:08.0000000+02:00" testType="13cdc9d9-ddb5-4fa4-a97d-d965ccfc6d4b" outcome="Passed" testListId="8c84fa94-04c1-424b-9868-57a2d4851a1d" relativeResultsDirectory="05985eb1-b72e-4028-bb39-e478bfc316b0" /><UnitTestResult executionId="7a37f0c4-b18b-4211-a1b3-665b6c12b416" testId="e61f562e-b858-45d5-a2f5-39a6a38b130e" testName="IpV6AddressMixedNotationIsValidStartingWithDoubleColon" computerName="TAG009442327432" duration="00:00:00.0000001" startTime="2018-09-20T12:48:08.0000000+02:00" endTime="2018-09-20T12:48:08.0000000+02:00" testType="13cdc9d9-ddb5-4fa4-a97d-d965ccfc6d4b" outcome="Passed" testListId="8c84fa94-04c1-424b-9868-57a2d4851a1d" relativeResultsDirectory="7a37f0c4-b18b-4211-a1b3-665b6c12b416" /><UnitTestResult executionId="d4803b8e-d617-4872-9b72-15530a2ca833" testId="e2d66108-6928-4354-8fc5-1e242d4956f1" testName="TimeSyncIsNotSupportedIfInitCalledWithFalse" computerName="TAG009442327432" duration="00:00:00.0010000" startTime="2018-09-20T12:48:09.0000000+02:00" endTime="2018-09-20T12:48:09.0000000+02:00" testType="13cdc9d9-ddb5-4fa4-a97d-d965ccfc6d4b" outcome="Passed" testListId="8c84fa94-04c1-424b-9868-57a2d4851a1d" relativeResultsDirectory="d4803b8e-d617-4872-9b72-15530a2ca833" /><UnitTestResult executionId="faed58b2-cff1-4f03-b9b3-f2eac2a41f54" testId="49e68984-159a-4b94-8785-aeaffd62aa67" testName="StateTransitionToCaptureOffIsMadeIfTooManyRequestsResponseIsReceived" computerName="TAG009442327432" duration="00:00:00.0010000" startTime="2018-09-20T12:48:07.0000000+02:00" endTime="2018-09-20T12:48:07.0000000+02:00" testType="13cdc9d9-ddb5-4fa4-a97d-d965ccfc6d4b" outcome="Passed" testListId="8c84fa94-04c1-424b-9868-57a2d4851a1d" relativeResultsDirectory="faed58b2-cff1-4f03-b9b3-f2eac2a41f54" /><UnitTestResult executionId="db39f465-10d6-4eb8-beb2-c9046e86e3e8" testId="762bd403-d2ea-49fd-9ce1-6e2487dd3636" testName="EndTimeIsSetToMinusOneInConstructor" computerName="TAG009442327432" duration="00:00:00.0000001" startTime="2018-09-20T12:48:07.0000000+02:00" endTime="2018-09-20T12:48:07.0000000+02:00" testType="13cdc9d9-ddb5-4fa4-a97d-d965ccfc6d4b" outcome="Passed" testListId="8c84fa94-04c1-424b-9868-57a2d4851a1d" relativeResultsDirectory="db39f465-10d6-4eb8-beb2-c9046e86e3e8" /><UnitTestResult executionId="27ad9500-345b-4e4a-ba3e-cfa1c90735e6" testId="e745bd0f-5756-4049-9ad6-b7fa2e772cec" testName="IpV4AddressIsValidHighestPossible" computerName="TAG009442327432" duration="00:00:00.0000001" startTime="2018-09-20T12:48:07.0000000+02:00" endTime="2018-09-20T12:48:07.0000000+02:00" testType="13cdc9d9-ddb5-4fa4-a97d-d965ccfc6d4b" outcome="Passed" testListId="8c84fa94-04c1-424b-9868-57a2d4851a1d" relativeResultsDirectory="27ad9500-345b-4e4a-ba3e-cfa1c90735e6" /><UnitTestResult executionId="d99bb3ba-0e97-4b4a-9388-ef19bb9be8d3" testId="bd3778b8-ed14-4604-b05c-02ec8665bf42" testName="EvictRecordsByAgeDoesNothingAndReturnsZeroIfBeaconIDDoesNotExist" computerName="TAG009442327432" duration="00:00:00.0000001" startTime="2018-09-20T12:48:07.0000000+02:00" endTime="2018-09-20T12:48:07.0000000+02:00" testType="13cdc9d9-ddb5-4fa4-a97d-d965ccfc6d4b" outcome="Passed" testListId="8c84fa94-04c1-424b-9868-57a2d4851a1d" relativeResultsDirectory="d99bb3ba-0e97-4b4a-9388-ef19bb9be8d3" /><UnitTestResult executionId="111ed482-dc38-45a8-9bef-3886f88af63c" testId="db535aab-bc26-4fa9-ade8-24479f41252d" testName="CaptureCrashesIsTrueWhenItIsNotEqualToZero" computerName="TAG009442327432" duration="00:00:00.0010000" startTime="2018-09-20T12:48:09.0000000+02:00" endTime="2018-09-20T12:48:09.0000000+02:00" testType="13cdc9d9-ddb5-4fa4-a97d-d965ccfc6d4b" outcome="Passed" testListId="8c84fa94-04c1-424b-9868-57a2d4851a1d" relativeResultsDirectory="111ed482-dc38-45a8-9bef-3886f88af63c" /><UnitTestResult executionId="34290e4e-60f2-4645-b61b-f8c40e6a17de" testId="d288fd53-ad4b-486a-aec6-038d627e2300" testName="ReportEvent" computerName="TAG009442327432" duration="00:00:00.0010000" startTime="2018-09-20T12:48:07.0000000+02:00" endTime="2018-09-20T12:48:07.0000000+02:00" testType="13cdc9d9-ddb5-4fa4-a97d-d965ccfc6d4b" outcome="Passed" testListId="8c84fa94-04c1-424b-9868-57a2d4851a1d" relativeResultsDirectory="34290e4e-60f2-4645-b61b-f8c40e6a17de" /><UnitTestResult executionId="8d49df69-0962-4958-8824-43df80276fca" testId="944da05b-01fa-4948-9f44-6c11919f0b18" testName="CanSetManufactureForDynatrace" computerName="TAG009442327432" duration="00:00:00.0000001" startTime="2018-09-20T12:48:08.0000000+02:00" endTime="2018-09-20T12:48:08.0000000+02:00" testType="13cdc9d9-ddb5-4fa4-a97d-d965ccfc6d4b" outcome="Passed" testListId="8c84fa94-04c1-424b-9868-57a2d4851a1d" relativeResultsDirectory="8d49df69-0962-4958-8824-43df80276fca" /><UnitTestResult executionId="546743af-b933-4835-85a0-3ecf7fc653d8" testId="8d2d5f31-6d26-4efb-a2a1-450c5aada6fc" testName="aProviderInitializedWithMaxIntValueProvidesMinSessionIdValueAtNextCall" computerName="TAG009442327432" duration="00:00:00.0000001" startTime="2018-09-20T12:48:09.0000000+02:00" endTime="2018-09-20T12:48:09.0000000+02:00" testType="13cdc9d9-ddb5-4fa4-a97d-d965ccfc6d4b" outcome="Passed" testListId="8c84fa94-04c1-424b-9868-57a2d4851a1d" relativeResultsDirectory="546743af-b933-4835-85a0-3ecf7fc653d8" /><UnitTestResult executionId="546cf38f-091a-4722-9951-24ffa17ddc46" testId="9c23dd58-5035-4f66-a5d8-ce8979f34bee" testName="IsErroneousResponseGivesTrueForErrorCodeEqualTo400" computerName="TAG009442327432" duration="00:00:00.0000001" startTime="2018-09-20T12:48:09.0000000+02:00" endTime="2018-09-20T12:48:09.0000000+02:00" testType="13cdc9d9-ddb5-4fa4-a97d-d965ccfc6d4b" outcome="Passed" testListId="8c84fa94-04c1-424b-9868-57a2d4851a1d" relativeResultsDirectory="546cf38f-091a-4722-9951-24ffa17ddc46" /><UnitTestResult executionId="98d46c01-ab3b-47d4-82b2-2378d59ee9e3" testId="4ed01bb1-bb3f-4312-92ae-8d0bf3e48b33" testName="StringValueReportedForDataCollectionLevel2" computerName="TAG009442327432" duration="00:00:00.0010000" startTime="2018-09-20T12:48:08.0000000+02:00" endTime="2018-09-20T12:48:08.0000000+02:00" testType="13cdc9d9-ddb5-4fa4-a97d-d965ccfc6d4b" outcome="Passed" testListId="8c84fa94-04c1-424b-9868-57a2d4851a1d" relativeResultsDirectory="98d46c01-ab3b-47d4-82b2-2378d59ee9e3" /><UnitTestResult executionId="e339d28e-503e-4a95-9c40-60930f5683da" testId="619c6aa3-a39d-4c2a-84ea-bef7de9669ee" testName="CanSetAppNameForDynatrace" computerName="TAG009442327432" duration="00:00:00.0000001" startTime="2018-09-20T12:48:08.0000000+02:00" endTime="2018-09-20T12:48:08.0000000+02:00" testType="13cdc9d9-ddb5-4fa4-a97d-d965ccfc6d4b" outcome="Passed" testListId="8c84fa94-04c1-424b-9868-57a2d4851a1d" relativeResultsDirectory="e339d28e-503e-4a95-9c40-60930f5683da" /><UnitTestResult executionId="024e13c8-08c5-4a7b-9ede-d08efa7f9cce" testId="c9d4a64f-bd04-4ae0-af62-c6ed0191fa2f" testName="LeavingRootActionReturnsNullValueAsParent" computerName="TAG009442327432" duration="00:00:00.0000001" startTime="2018-09-20T12:48:07.0000000+02:00" endTime="2018-09-20T12:48:07.0000000+02:00" testType="13cdc9d9-ddb5-4fa4-a97d-d965ccfc6d4b" outcome="Passed" testListId="8c84fa94-04c1-424b-9868-57a2d4851a1d" relativeResultsDirectory="024e13c8-08c5-4a7b-9ede-d08efa7f9cce" /><UnitTestResult executionId="20035020-5747-4eee-9451-a17f8af65771" testId="7273e4f7-5805-499a-a529-986b38b59514" testName="GetHttpClientUsesCurrentHttpConfig" computerName="TAG009442327432" duration="00:00:00.0000001" startTime="2018-09-20T12:48:07.0000000+02:00" endTime="2018-09-20T12:48:07.0000000+02:00" testType="13cdc9d9-ddb5-4fa4-a97d-d965ccfc6d4b" outcome="Passed" testListId="8c84fa94-04c1-424b-9868-57a2d4851a1d" relativeResultsDirectory="20035020-5747-4eee-9451-a17f8af65771" /><UnitTestResult executionId="29a71425-3163-4328-bf73-ae06c75acf29" testId="49f410b7-151c-4c48-beb9-d4991ada9c89" testName="InitCompleteIsCalledIfShutdownIsRequested" computerName="TAG009442327432" duration="00:00:00.0020000" startTime="2018-09-20T12:48:07.0000000+02:00" endTime="2018-09-20T12:48:07.0000000+02:00" testType="13cdc9d9-ddb5-4fa4-a97d-d965ccfc6d4b" outcome="Passed" testListId="8c84fa94-04c1-424b-9868-57a2d4851a1d" relativeResultsDirectory="29a71425-3163-4328-bf73-ae06c75acf29" /><UnitTestResult executionId="fc7a1b89-5188-4869-a458-d9f28d8ed0cd" testId="e9018f21-3198-4f92-a3fa-bd60b3dd65a5" testName="LeavingAParentActionWillLeaveAllOpenChildActionsFirst" computerName="TAG009442327432" duration="00:00:00.0020000" startTime="2018-09-20T12:48:07.0000000+02:00" endTime="2018-09-20T12:48:07.0000000+02:00" testType="13cdc9d9-ddb5-4fa4-a97d-d965ccfc6d4b" outcome="Passed" testListId="8c84fa94-04c1-424b-9868-57a2d4851a1d" relativeResultsDirectory="fc7a1b89-5188-4869-a458-d9f28d8ed0cd" /><UnitTestResult executionId="72d5a9fb-3352-44da-923b-fd0365055575" testId="4a8f59da-34cc-46b9-b0e3-68e3b24dc8a6" testName="ConsecutiveCallsToNextSessionNumberIncrementTheSessionID" computerName="TAG009442327432" duration="00:00:00.0000001" startTime="2018-09-20T12:48:07.0000000+02:00" endTime="2018-09-20T12:48:07.0000000+02:00" testType="13cdc9d9-ddb5-4fa4-a97d-d965ccfc6d4b" outcome="Passed" testListId="8c84fa94-04c1-424b-9868-57a2d4851a1d" relativeResultsDirectory="72d5a9fb-3352-44da-923b-fd0365055575" /><UnitTestResult executionId="12a84693-bded-461c-888d-9ce147faeec6" testId="edadd5d8-61fc-4b0b-ba4c-9d792fe1fb8d" testName="SendBeaconRequestSendsRequestToMonitorURL" computerName="TAG009442327432" duration="00:00:00.0020000" startTime="2018-09-20T12:48:08.0000000+02:00" endTime="2018-09-20T12:48:08.0000000+02:00" testType="13cdc9d9-ddb5-4fa4-a97d-d965ccfc6d4b" outcome="Passed" testListId="8c84fa94-04c1-424b-9868-57a2d4851a1d" relativeResultsDirectory="12a84693-bded-461c-888d-9ce147faeec6" /><UnitTestResult executionId="db3be422-fd3d-4624-91cb-c8a89c781c96" testId="a0cd24f9-3f12-4052-90dc-e9a7f94363ce" testName="SendStatusRequestIsRetriedThreeTimesBeforeGivingUp" computerName="TAG009442327432" duration="00:00:00.4050000" startTime="2018-09-20T12:48:08.0000000+02:00" endTime="2018-09-20T12:48:09.0000000+02:00" testType="13cdc9d9-ddb5-4fa4-a97d-d965ccfc6d4b" outcome="Passed" testListId="8c84fa94-04c1-424b-9868-57a2d4851a1d" relativeResultsDirectory="db3be422-fd3d-4624-91cb-c8a89c781c96" /><UnitTestResult executionId="67bd24fb-dcae-4c64-a122-8d926d5c5874" testId="0fa33fac-1b29-4d71-b4b2-ba1905671c40" testName="AddingEventData" computerName="TAG009442327432" duration="00:00:00.0010000" startTime="2018-09-20T12:48:07.0000000+02:00" endTime="2018-09-20T12:48:07.0000000+02:00" testType="13cdc9d9-ddb5-4fa4-a97d-d965ccfc6d4b" outcome="Passed" testListId="8c84fa94-04c1-424b-9868-57a2d4851a1d" relativeResultsDirectory="67bd24fb-dcae-4c64-a122-8d926d5c5874" /><UnitTestResult executionId="c1b6d425-3ae1-4ab1-9925-ea3c53fa0937" testId="5ac92422-4544-4180-a734-cf5c94f08f57" testName="CanSetCustomMaxBeaconRecordAgeForAppMon" computerName="TAG009442327432" duration="00:00:00.0000001" startTime="2018-09-20T12:48:08.0000000+02:00" endTime="2018-09-20T12:48:08.0000000+02:00" testType="13cdc9d9-ddb5-4fa4-a97d-d965ccfc6d4b" outcome="Passed" testListId="8c84fa94-04c1-424b-9868-57a2d4851a1d" relativeResultsDirectory="c1b6d425-3ae1-4ab1-9925-ea3c53fa0937" /><UnitTestResult executionId="8c6ca5b3-4473-4d69-ba17-a98635734422" testId="9ab67ceb-e873-4b03-84f1-3a94c025c001" testName="CopyDataForChunkingMovesData" computerName="TAG009442327432" duration="00:00:00.0010000" startTime="2018-09-20T12:48:07.0000000+02:00" endTime="2018-09-20T12:48:07.0000000+02:00" testType="13cdc9d9-ddb5-4fa4-a97d-d965ccfc6d4b" outcome="Passed" testListId="8c84fa94-04c1-424b-9868-57a2d4851a1d" relativeResultsDirectory="8c6ca5b3-4473-4d69-ba17-a98635734422" /><UnitTestResult executionId="5ca3ca95-251e-4d8d-8d89-01fc239ad98e" testId="fd4d899d-1c0a-4bac-a491-c08b816f8f48" testName="ParsingInvalidMaxBeaconSizeThrowsException" computerName="TAG009442327432" duration="00:00:00.0020000" startTime="2018-09-20T12:48:09.0000000+02:00" endTime="2018-09-20T12:48:09.0000000+02:00" testType="13cdc9d9-ddb5-4fa4-a97d-d965ccfc6d4b" outcome="Passed" testListId="8c84fa94-04c1-424b-9868-57a2d4851a1d" relativeResultsDirectory="5ca3ca95-251e-4d8d-8d89-01fc239ad98e" /><UnitTestResult executionId="ac1c5a55-b1d8-4ae1-abb7-764d4557de72" testId="8a82a131-9886-474e-a54b-29c303784ed4" testName="DefaultLoggerIsUsedByDefault" computerName="TAG009442327432" duration="00:00:00.0000001" startTime="2018-09-20T12:48:08.0000000+02:00" endTime="2018-09-20T12:48:08.0000000+02:00" testType="13cdc9d9-ddb5-4fa4-a97d-d965ccfc6d4b" outcome="Passed" testListId="8c84fa94-04c1-424b-9868-57a2d4851a1d" relativeResultsDirectory="ac1c5a55-b1d8-4ae1-abb7-764d4557de72" /><UnitTestResult executionId="972cf0d4-1856-4c1b-bf1f-aeb352dd6f0b" testId="04bece06-59fe-4e39-842e-a17cf22372fd" testName="IpV4AddressIsInvalidDoubleColonsInsteadOfPoints" computerName="TAG009442327432" duration="00:00:00.0000001" startTime="2018-09-20T12:48:07.0000000+02:00" endTime="2018-09-20T12:48:07.0000000+02:00" testType="13cdc9d9-ddb5-4fa4-a97d-d965ccfc6d4b" outcome="Passed" testListId="8c84fa94-04c1-424b-9868-57a2d4851a1d" relativeResultsDirectory="972cf0d4-1856-4c1b-bf1f-aeb352dd6f0b" /><UnitTestResult executionId="e6f420ca-c110-4f6d-ac1c-d44f2216211a" testId="b7e96928-26cb-48e8-8493-bc344440cb23" testName="SendNewSessionRequestSendRequestToMonitorURL" computerName="TAG009442327432" duration="00:00:00.0010000" startTime="2018-09-20T12:48:08.0000000+02:00" endTime="2018-09-20T12:48:08.0000000+02:00" testType="13cdc9d9-ddb5-4fa4-a97d-d965ccfc6d4b" outcome="Passed" testListId="8c84fa94-04c1-424b-9868-57a2d4851a1d" relativeResultsDirectory="e6f420ca-c110-4f6d-ac1c-d44f2216211a" /><UnitTestResult executionId="ce21d117-c3ac-43ee-acdc-5d45146a544a" testId="04bd0c18-08aa-48e1-b02e-22769e6e82ec" testName="StartSequenceNumberIsSetInConstructor" computerName="TAG009442327432" duration="00:00:00.0000001" startTime="2018-09-20T12:48:07.0000000+02:00" endTime="2018-09-20T12:48:07.0000000+02:00" testType="13cdc9d9-ddb5-4fa4-a97d-d965ccfc6d4b" outcome="Passed" testListId="8c84fa94-04c1-424b-9868-57a2d4851a1d" relativeResultsDirectory="ce21d117-c3ac-43ee-acdc-5d45146a544a" /><UnitTestResult executionId="0cc287dc-11ec-4a5f-b19d-00d06e167d6d" testId="1a0de50c-f5e9-4c92-8bdc-f06f28399075" testName="IpV6AddressHexCompressedIsValidShortestPossible" computerName="TAG009442327432" duration="00:00:00.0000001" startTime="2018-09-20T12:48:08.0000000+02:00" endTime="2018-09-20T12:48:08.0000000+02:00" testType="13cdc9d9-ddb5-4fa4-a97d-d965ccfc6d4b" outcome="Passed" testListId="8c84fa94-04c1-424b-9868-57a2d4851a1d" relativeResultsDirectory="0cc287dc-11ec-4a5f-b19d-00d06e167d6d" /><UnitTestResult executionId="8d86ce77-5417-4f47-a91a-88e3418895d7" testId="5ea925fe-7611-4bf0-93da-53a087a3334f" testName="ReportDoubleValueDoesNothingIfActionIsLeft" computerName="TAG009442327432" duration="00:00:00.0010000" startTime="2018-09-20T12:48:07.0000000+02:00" endTime="2018-09-20T12:48:07.0000000+02:00" testType="13cdc9d9-ddb5-4fa4-a97d-d965ccfc6d4b" outcome="Passed" testListId="8c84fa94-04c1-424b-9868-57a2d4851a1d" relativeResultsDirectory="8d86ce77-5417-4f47-a91a-88e3418895d7" /><UnitTestResult executionId="c26a60c7-2261-4d73-bfd2-b2c2a3bc39ec" testId="3655bf2b-7e21-4474-a230-51c5a7d4087f" testName="ParsingTooBigSendIntervalOverflows" computerName="TAG009442327432" duration="00:00:00.0010000" startTime="2018-09-20T12:48:09.0000000+02:00" endTime="2018-09-20T12:48:09.0000000+02:00" testType="13cdc9d9-ddb5-4fa4-a97d-d965ccfc6d4b" outcome="Passed" testListId="8c84fa94-04c1-424b-9868-57a2d4851a1d" relativeResultsDirectory="c26a60c7-2261-4d73-bfd2-b2c2a3bc39ec" /><UnitTestResult executionId="05d38b77-b8a2-42b4-8466-924857e82661" testId="20837ced-96ef-488b-bf4d-b9bd9696fec1" testName="DefaultMultiplicityIsOne" computerName="TAG009442327432" duration="00:00:00.0000001" startTime="2018-09-20T12:48:09.0000000+02:00" endTime="2018-09-20T12:48:09.0000000+02:00" testType="13cdc9d9-ddb5-4fa4-a97d-d965ccfc6d4b" outcome="Passed" testListId="8c84fa94-04c1-424b-9868-57a2d4851a1d" relativeResultsDirectory="05d38b77-b8a2-42b4-8466-924857e82661" /><UnitTestResult executionId="ee24a011-5ffd-459f-b517-97c2523dba6c" testId="f3c1ea27-6b2e-45dc-82a4-2de7f278ce6d" testName="IpV4AddressIsValidAllZero" computerName="TAG009442327432" duration="00:00:00.0000001" startTime="2018-09-20T12:48:07.0000000+02:00" endTime="2018-09-20T12:48:07.0000000+02:00" testType="13cdc9d9-ddb5-4fa4-a97d-d965ccfc6d4b" outcome="Passed" testListId="8c84fa94-04c1-424b-9868-57a2d4851a1d" relativeResultsDirectory="ee24a011-5ffd-459f-b517-97c2523dba6c" /><UnitTestResult executionId="8f8e62ce-fa76-4cb4-80fc-8bd4bca552e7" testId="24c2fade-3237-4f01-833b-7d6b37eb462c" testName="WarningLogsAppropriateMessage" computerName="TAG009442327432" duration="00:00:00.0010000" startTime="2018-09-20T12:48:07.0000000+02:00" endTime="2018-09-20T12:48:07.0000000+02:00" testType="13cdc9d9-ddb5-4fa4-a97d-d965ccfc6d4b" outcome="Passed" testListId="8c84fa94-04c1-424b-9868-57a2d4851a1d" relativeResultsDirectory="8f8e62ce-fa76-4cb4-80fc-8bd4bca552e7" /><UnitTestResult executionId="35bdb87a-0c64-441a-8f7f-4335c00da776" testId="ac40a971-a632-4f81-9204-040cf1e23bf1" testName="TransitionToFlushStateIsPerformedOnShutdown" computerName="TAG009442327432" duration="00:00:00.0010000" startTime="2018-09-20T12:48:07.0000000+02:00" endTime="2018-09-20T12:48:07.0000000+02:00" testType="13cdc9d9-ddb5-4fa4-a97d-d965ccfc6d4b" outcome="Passed" testListId="8c84fa94-04c1-424b-9868-57a2d4851a1d" relativeResultsDirectory="35bdb87a-0c64-441a-8f7f-4335c00da776" /><UnitTestResult executionId="c4671d6c-783f-4ccd-8a1a-9a1ab3e2f03f" testId="1b5bd42b-0e2f-4390-98d4-d95cba8bd504" testName="ParsingInvalidRequestReceiveTimeThrowsException" computerName="TAG009442327432" duration="00:00:00.0010000" startTime="2018-09-20T12:48:09.0000000+02:00" endTime="2018-09-20T12:48:09.0000000+02:00" testType="13cdc9d9-ddb5-4fa4-a97d-d965ccfc6d4b" outcome="Passed" testListId="8c84fa94-04c1-424b-9868-57a2d4851a1d" relativeResultsDirectory="c4671d6c-783f-4ccd-8a1a-9a1ab3e2f03f" /><UnitTestResult executionId="270ab264-d689-4830-ae2c-4bb95b6e3ad5" testId="acee9cc4-4491-440e-a2a0-ef74ab03156d" testName="SendNewSessionRequestWorksIfResponseIsNull" computerName="TAG009442327432" duration="00:00:00.0010000" startTime="2018-09-20T12:48:08.0000000+02:00" endTime="2018-09-20T12:48:08.0000000+02:00" testType="13cdc9d9-ddb5-4fa4-a97d-d965ccfc6d4b" outcome="Passed" testListId="8c84fa94-04c1-424b-9868-57a2d4851a1d" relativeResultsDirectory="270ab264-d689-4830-ae2c-4bb95b6e3ad5" /><UnitTestResult executionId="657e8d11-3076-4d39-884b-769e3fae898d" testId="2d9f29ab-4f30-465a-b57d-92a514697643" testName="ClearCapturedDataClearsDataFromSession" computerName="TAG009442327432" duration="00:00:00.0020000" startTime="2018-09-20T12:48:07.0000000+02:00" endTime="2018-09-20T12:48:07.0000000+02:00" testType="13cdc9d9-ddb5-4fa4-a97d-d965ccfc6d4b" outcome="Passed" testListId="8c84fa94-04c1-424b-9868-57a2d4851a1d" relativeResultsDirectory="657e8d11-3076-4d39-884b-769e3fae898d" /><UnitTestResult executionId="87764993-2f44-48df-bfbc-431ffa0604b3" testId="fe2730ac-ac57-4738-bda8-5a7b00b78b4e" testName="StringValueNotReportedForDataCollectionLevel0" computerName="TAG009442327432" duration="00:00:00.0000001" startTime="2018-09-20T12:48:08.0000000+02:00" endTime="2018-09-20T12:48:08.0000000+02:00" testType="13cdc9d9-ddb5-4fa4-a97d-d965ccfc6d4b" outcome="Passed" testListId="8c84fa94-04c1-424b-9868-57a2d4851a1d" relativeResultsDirectory="87764993-2f44-48df-bfbc-431ffa0604b3" /><UnitTestResult executionId="625657b5-b4a3-4ac3-8c47-517fbee969d0" testId="c52ee9fa-c33d-4c70-88e0-b175063981eb" testName="IpV6AddressValid_RFCLeadingZeros" computerName="TAG009442327432" duration="00:00:00.0000001" startTime="2018-09-20T12:48:08.0000000+02:00" endTime="2018-09-20T12:48:08.0000000+02:00" testType="13cdc9d9-ddb5-4fa4-a97d-d965ccfc6d4b" outcome="Passed" testListId="8c84fa94-04c1-424b-9868-57a2d4851a1d" relativeResultsDirectory="625657b5-b4a3-4ac3-8c47-517fbee969d0" /><UnitTestResult executionId="fdfc9432-771b-4321-9bc4-94776e067a04" testId="96dd2989-0d5e-4748-a825-125b784c8116" testName="IpV6AddressMixedNotationIsValid_ZerosIPv6NonCompressed" computerName="TAG009442327432" duration="00:00:00.0000001" startTime="2018-09-20T12:48:08.0000000+02:00" endTime="2018-09-20T12:48:08.0000000+02:00" testType="13cdc9d9-ddb5-4fa4-a97d-d965ccfc6d4b" outcome="Passed" testListId="8c84fa94-04c1-424b-9868-57a2d4851a1d" relativeResultsDirectory="fdfc9432-771b-4321-9bc4-94776e067a04" /><UnitTestResult executionId="2bd786fc-77d8-4acf-97e4-4c36453aaf83" testId="04e310d1-21be-4751-a275-0e70372ec0b4" testName="ExecuteEvictionDoesNotLogIfStrategyIsDisabledAndInfoIsDisabledInLogger" computerName="TAG009442327432" duration="00:00:00.0010000" startTime="2018-09-20T12:48:07.0000000+02:00" endTime="2018-09-20T12:48:07.0000000+02:00" testType="13cdc9d9-ddb5-4fa4-a97d-d965ccfc6d4b" outcome="Passed" testListId="8c84fa94-04c1-424b-9868-57a2d4851a1d" relativeResultsDirectory="2bd786fc-77d8-4acf-97e4-4c36453aaf83" /><UnitTestResult executionId="32518501-a902-4ed3-a219-6ce3a094c538" testId="bbe7264b-6a9f-4e5f-b187-8076de8122fe" testName="DefaultBeaconConfigurationSetsMultiplicityToOne" computerName="TAG009442327432" duration="00:00:00.0000001" startTime="2018-09-20T12:48:08.0000000+02:00" endTime="2018-09-20T12:48:08.0000000+02:00" testType="13cdc9d9-ddb5-4fa4-a97d-d965ccfc6d4b" outcome="Passed" testListId="8c84fa94-04c1-424b-9868-57a2d4851a1d" relativeResultsDirectory="32518501-a902-4ed3-a219-6ce3a094c538" /><UnitTestResult executionId="121682b0-caba-45b6-9aee-c44eda02ffd2" testId="84569069-a643-42f2-966e-95048d931824" testName="TheStrategyIsDisabledIfBeaconMaxAgeIsSetToLessThanZero" computerName="TAG009442327432" duration="00:00:00.0000001" startTime="2018-09-20T12:48:07.0000000+02:00" endTime="2018-09-20T12:48:07.0000000+02:00" testType="13cdc9d9-ddb5-4fa4-a97d-d965ccfc6d4b" outcome="Passed" testListId="8c84fa94-04c1-424b-9868-57a2d4851a1d" relativeResultsDirectory="121682b0-caba-45b6-9aee-c44eda02ffd2" /><UnitTestResult executionId="279d65a8-f924-4a53-a1c1-e117ff9de8dc" testId="6fb8885f-a5d7-4ef9-aae7-d1121424781a" testName="ReportCrashDoesReportOnCrashReportingLevel2" computerName="TAG009442327432" duration="00:00:00.0000001" startTime="2018-09-20T12:48:08.0000000+02:00" endTime="2018-09-20T12:48:08.0000000+02:00" testType="13cdc9d9-ddb5-4fa4-a97d-d965ccfc6d4b" outcome="Passed" testListId="8c84fa94-04c1-424b-9868-57a2d4851a1d" relativeResultsDirectory="279d65a8-f924-4a53-a1c1-e117ff9de8dc" /><UnitTestResult executionId="48c98cb1-dce3-47be-8a35-faee16baad5f" testId="01c5e4c1-c877-4bdb-8a3c-1d9082b678a1" testName="ShouldRunGivesFalseIfNumBytesInCacheIsEqualToUpperBoundLimit" computerName="TAG009442327432" duration="00:00:00.0000001" startTime="2018-09-20T12:48:07.0000000+02:00" endTime="2018-09-20T12:48:07.0000000+02:00" testType="13cdc9d9-ddb5-4fa4-a97d-d965ccfc6d4b" outcome="Passed" testListId="8c84fa94-04c1-424b-9868-57a2d4851a1d" relativeResultsDirectory="48c98cb1-dce3-47be-8a35-faee16baad5f" /><UnitTestResult executionId="9b8e8155-13b7-453a-987f-087c43588ecb" testId="66a0bcec-3e36-4ac5-9cd5-46e13b402c7a" testName="ReportErrorDoesNothingIfErrorNameIsNull" computerName="TAG009442327432" duration="00:00:00.0000001" startTime="2018-09-20T12:48:07.0000000+02:00" endTime="2018-09-20T12:48:07.0000000+02:00" testType="13cdc9d9-ddb5-4fa4-a97d-d965ccfc6d4b" outcome="Passed" testListId="8c84fa94-04c1-424b-9868-57a2d4851a1d" relativeResultsDirectory="9b8e8155-13b7-453a-987f-087c43588ecb" /><UnitTestResult executionId="56973dc3-f421-4cca-95b2-93445ba3c3a7" testId="cba6ac66-6433-4e96-9a88-c49fdd06de97" testName="GetSessionReturnsWrappedSession" computerName="TAG009442327432" duration="00:00:00.0000001" startTime="2018-09-20T12:48:07.0000000+02:00" endTime="2018-09-20T12:48:07.0000000+02:00" testType="13cdc9d9-ddb5-4fa4-a97d-d965ccfc6d4b" outcome="Passed" testListId="8c84fa94-04c1-424b-9868-57a2d4851a1d" relativeResultsDirectory="56973dc3-f421-4cca-95b2-93445ba3c3a7" /><UnitTestResult executionId="492c7b59-7848-4974-a7d7-c6fe0feba4bf" testId="fd629dda-b40b-4a00-92e4-3d522fdba358" testName="GetDataCollectionLevel" computerName="TAG009442327432" duration="00:00:00.0010000" startTime="2018-09-20T12:48:07.0000000+02:00" endTime="2018-09-20T12:48:07.0000000+02:00" testType="13cdc9d9-ddb5-4fa4-a97d-d965ccfc6d4b" outcome="Passed" testListId="8c84fa94-04c1-424b-9868-57a2d4851a1d" relativeResultsDirectory="492c7b59-7848-4974-a7d7-c6fe0feba4bf" /><UnitTestResult executionId="9066163d-ffb2-4e5c-a964-eef160a62a2f" testId="d2187705-cddc-4e28-a405-3512569e1b49" testName="SendBeaconRequestSendsOneHTTPPostRequest" computerName="TAG009442327432" duration="00:00:00.0110000" startTime="2018-09-20T12:48:08.0000000+02:00" endTime="2018-09-20T12:48:08.0000000+02:00" testType="13cdc9d9-ddb5-4fa4-a97d-d965ccfc6d4b" outcome="Passed" testListId="8c84fa94-04c1-424b-9868-57a2d4851a1d" relativeResultsDirectory="9066163d-ffb2-4e5c-a964-eef160a62a2f" /><UnitTestResult executionId="96ee09ab-0e6c-4cef-b5a3-638141b02eef" testId="4aab1648-190f-436d-ad8e-bcc11c447f7f" testName="DefaultPRNGeneratorProvidesPositiveLong" computerName="TAG009442327432" duration="00:00:00.0000001" startTime="2018-09-20T12:48:09.0000000+02:00" endTime="2018-09-20T12:48:09.0000000+02:00" testType="13cdc9d9-ddb5-4fa4-a97d-d965ccfc6d4b" outcome="Passed" testListId="8c84fa94-04c1-424b-9868-57a2d4851a1d" relativeResultsDirectory="96ee09ab-0e6c-4cef-b5a3-638141b02eef" /><UnitTestResult executionId="697e0bd7-1499-4040-8183-8c009b33973f" testId="dc4e69f0-5bbd-4c46-b155-d73119d72265" testName="ExecuteEvictionCallsCacheMethodForEachBeacon" computerName="TAG009442327432" duration="00:00:00.0050000" startTime="2018-09-20T12:48:07.0000000+02:00" endTime="2018-09-20T12:48:07.0000000+02:00" testType="13cdc9d9-ddb5-4fa4-a97d-d965ccfc6d4b" outcome="Passed" testListId="8c84fa94-04c1-424b-9868-57a2d4851a1d" relativeResultsDirectory="697e0bd7-1499-4040-8183-8c009b33973f" /><UnitTestResult executionId="b687dc47-7b07-431c-a3fa-218b7ae0929f" testId="769584e7-6fa1-4167-993c-25f8be407d45" testName="CanSetDataCollectionLevelForAppMon" computerName="TAG009442327432" duration="00:00:00.0000001" startTime="2018-09-20T12:48:08.0000000+02:00" endTime="2018-09-20T12:48:08.0000000+02:00" testType="13cdc9d9-ddb5-4fa4-a97d-d965ccfc6d4b" outcome="Passed" testListId="8c84fa94-04c1-424b-9868-57a2d4851a1d" relativeResultsDirectory="b687dc47-7b07-431c-a3fa-218b7ae0929f" /><UnitTestResult executionId="dad92ccb-7636-418d-a1de-7964c41abdd3" testId="9b2198fa-2e9a-4cbf-ae76-bfc396086cce" testName="IpV6AddressHexCompressedIsInvalidFirstBlockMissing" computerName="TAG009442327432" duration="00:00:00.0000001" startTime="2018-09-20T12:48:07.0000000+02:00" endTime="2018-09-20T12:48:07.0000000+02:00" testType="13cdc9d9-ddb5-4fa4-a97d-d965ccfc6d4b" outcome="Passed" testListId="8c84fa94-04c1-424b-9868-57a2d4851a1d" relativeResultsDirectory="dad92ccb-7636-418d-a1de-7964c41abdd3" /><UnitTestResult executionId="66351aad-d64a-4ab7-b27d-b512558dea41" testId="1e12697b-63eb-41a4-8e16-a35eac3c70ec" testName="TheStrategyIsDisabledIfBeaconMaxAgeIsSetToZero" computerName="TAG009442327432" duration="00:00:00.0000001" startTime="2018-09-20T12:48:07.0000000+02:00" endTime="2018-09-20T12:48:07.0000000+02:00" testType="13cdc9d9-ddb5-4fa4-a97d-d965ccfc6d4b" outcome="Passed" testListId="8c84fa94-04c1-424b-9868-57a2d4851a1d" relativeResultsDirectory="66351aad-d64a-4ab7-b27d-b512558dea41" /><UnitTestResult executionId="d3622b73-563c-40f4-9f30-d04f29296733" testId="f7566b0e-2451-48a4-9208-76d5a798fbdd" testName="ShouldRunGivesTrueIfNumBytesInCacheIsGreaterThanUpperBoundLimit" computerName="TAG009442327432" duration="00:00:00.0000001" startTime="2018-09-20T12:48:07.0000000+02:00" endTime="2018-09-20T12:48:07.0000000+02:00" testType="13cdc9d9-ddb5-4fa4-a97d-d965ccfc6d4b" outcome="Passed" testListId="8c84fa94-04c1-424b-9868-57a2d4851a1d" relativeResultsDirectory="d3622b73-563c-40f4-9f30-d04f29296733" /><UnitTestResult executionId="52c5b70c-c6a7-4fde-946c-4ea79149e891" testId="20c5cd92-5708-4d0a-ae66-23f7a1036680" testName="AmpersandIsNotAValidKeyValueSeparator" computerName="TAG009442327432" duration="00:00:00.0060000" startTime="2018-09-20T12:48:09.0000000+02:00" endTime="2018-09-20T12:48:09.0000000+02:00" testType="13cdc9d9-ddb5-4fa4-a97d-d965ccfc6d4b" outcome="Passed" testListId="8c84fa94-04c1-424b-9868-57a2d4851a1d" relativeResultsDirectory="52c5b70c-c6a7-4fde-946c-4ea79149e891" /><UnitTestResult executionId="733268cd-cf56-4ed1-bec1-6a261ab88ccf" testId="6fc870a8-0385-41a1-ae65-caf754431123" testName="ShouldRunGivesTrueIfLastRunIsExactlyMaxAgeMillisecondsAgo" computerName="TAG009442327432" duration="00:00:00.0010000" startTime="2018-09-20T12:48:07.0000000+02:00" endTime="2018-09-20T12:48:07.0000000+02:00" testType="13cdc9d9-ddb5-4fa4-a97d-d965ccfc6d4b" outcome="Passed" testListId="8c84fa94-04c1-424b-9868-57a2d4851a1d" relativeResultsDirectory="733268cd-cf56-4ed1-bec1-6a261ab88ccf" /><UnitTestResult executionId="7d8a90eb-66b5-4b91-bbf8-b801dff2b2ba" testId="349a1695-9e17-46e0-acd2-a5ffdfa29348" testName="GetNextBeaconChunkReturnsNullIfGivenBeaconIDDoesNotExist" computerName="TAG009442327432" duration="00:00:00.0000001" startTime="2018-09-20T12:48:07.0000000+02:00" endTime="2018-09-20T12:48:07.0000000+02:00" testType="13cdc9d9-ddb5-4fa4-a97d-d965ccfc6d4b" outcome="Passed" testListId="8c84fa94-04c1-424b-9868-57a2d4851a1d" relativeResultsDirectory="7d8a90eb-66b5-4b91-bbf8-b801dff2b2ba" /><UnitTestResult executionId="0a2ec777-fdc9-4d87-b9c1-c16db6847d41" testId="fc0624ea-5738-40a8-b36a-077641eb6dfa" testName="ReinitializeSleepsBeforeSendingStatusRequests" computerName="TAG009442327432" duration="00:00:00.0120000" startTime="2018-09-20T12:48:07.0000000+02:00" endTime="2018-09-20T12:48:07.0000000+02:00" testType="13cdc9d9-ddb5-4fa4-a97d-d965ccfc6d4b" outcome="Passed" testListId="8c84fa94-04c1-424b-9868-57a2d4851a1d" relativeResultsDirectory="0a2ec777-fdc9-4d87-b9c1-c16db6847d41" /><UnitTestResult executionId="1f653cd6-04ac-471f-a8b7-3f94c518fe67" testId="6669b88e-1c9c-4bd0-968b-37722975b90f" testName="ParsingSendInterval" computerName="TAG009442327432" duration="00:00:00.0010000" startTime="2018-09-20T12:48:09.0000000+02:00" endTime="2018-09-20T12:48:09.0000000+02:00" testType="13cdc9d9-ddb5-4fa4-a97d-d965ccfc6d4b" outcome="Passed" testListId="8c84fa94-04c1-424b-9868-57a2d4851a1d" relativeResultsDirectory="1f653cd6-04ac-471f-a8b7-3f94c518fe67" /><UnitTestResult executionId="a0900873-846f-4d9b-899a-b7b3e1a45066" testId="89a49082-4382-4fa8-9f0f-8868163981fa" testName="IsDebugEnabledIsFalseIfVerboseIsFalse" computerName="TAG009442327432" duration="00:00:00.0000001" startTime="2018-09-20T12:48:07.0000000+02:00" endTime="2018-09-20T12:48:07.0000000+02:00" testType="13cdc9d9-ddb5-4fa4-a97d-d965ccfc6d4b" outcome="Passed" testListId="8c84fa94-04c1-424b-9868-57a2d4851a1d" relativeResultsDirectory="a0900873-846f-4d9b-899a-b7b3e1a45066" /><UnitTestResult executionId="9df66cb8-5dfb-439f-bb4e-16fb10bca909" testId="f8613417-44ef-4b19-9605-a3d42d0bf293" testName="IsErrorEnabledIsTrueIfVerboseIsTrue" computerName="TAG009442327432" duration="00:00:00.0000001" startTime="2018-09-20T12:48:07.0000000+02:00" endTime="2018-09-20T12:48:07.0000000+02:00" testType="13cdc9d9-ddb5-4fa4-a97d-d965ccfc6d4b" outcome="Passed" testListId="8c84fa94-04c1-424b-9868-57a2d4851a1d" relativeResultsDirectory="9df66cb8-5dfb-439f-bb4e-16fb10bca909" /><UnitTestResult executionId="1bffc5c5-82e9-4f91-8481-49fe9899e431" testId="ec8f2e29-92e5-4a49-9a79-e8885008a675" testName="ResponseCodeIsSet" computerName="TAG009442327432" duration="00:00:00.0000001" startTime="2018-09-20T12:48:09.0000000+02:00" endTime="2018-09-20T12:48:09.0000000+02:00" testType="13cdc9d9-ddb5-4fa4-a97d-d965ccfc6d4b" outcome="Passed" testListId="8c84fa94-04c1-424b-9868-57a2d4851a1d" relativeResultsDirectory="1bffc5c5-82e9-4f91-8481-49fe9899e431" /><UnitTestResult executionId="bceb7c45-5bbc-4a73-97e6-38e7317d9930" testId="6765732f-5096-43ee-bc40-20ac1f33786c" testName="WebRequestIsReportedForDataCollectionLevel1" computerName="TAG009442327432" duration="00:00:00.0010000" startTime="2018-09-20T12:48:08.0000000+02:00" endTime="2018-09-20T12:48:08.0000000+02:00" testType="13cdc9d9-ddb5-4fa4-a97d-d965ccfc6d4b" outcome="Passed" testListId="8c84fa94-04c1-424b-9868-57a2d4851a1d" relativeResultsDirectory="bceb7c45-5bbc-4a73-97e6-38e7317d9930" /><UnitTestResult executionId="e1fc1074-fa01-451a-8edc-e839d6315e17" testId="3f5f8054-aefa-4ddf-acb0-687fd7e2536a" testName="SleepTimeIsDoubledBetweenConsecutiveRetries" computerName="TAG009442327432" duration="00:00:00.0020000" startTime="2018-09-20T12:48:07.0000000+02:00" endTime="2018-09-20T12:48:07.0000000+02:00" testType="13cdc9d9-ddb5-4fa4-a97d-d965ccfc6d4b" outcome="Passed" testListId="8c84fa94-04c1-424b-9868-57a2d4851a1d" relativeResultsDirectory="e1fc1074-fa01-451a-8edc-e839d6315e17" /><UnitTestResult executionId="1c0a9cd2-e0b5-41e5-9678-f3dfce093d92" testId="de2203d2-49eb-4b4f-b273-62420390d33d" testName="ShutdownStateIsFlushState" computerName="TAG009442327432" duration="00:00:00.0000001" startTime="2018-09-20T12:48:07.0000000+02:00" endTime="2018-09-20T12:48:07.0000000+02:00" testType="13cdc9d9-ddb5-4fa4-a97d-d965ccfc6d4b" outcome="Passed" testListId="8c84fa94-04c1-424b-9868-57a2d4851a1d" relativeResultsDirectory="1c0a9cd2-e0b5-41e5-9678-f3dfce093d92" /><UnitTestResult executionId="629d546a-1786-4e85-ad4e-4a403276aad6" testId="62c23afe-79b6-4f13-854d-9a294ead6ff8" testName="CapturingIsDisallowedWhenMultiplicityIsLessThanOrEqualToZero" computerName="TAG009442327432" duration="00:00:00.0000001" startTime="2018-09-20T12:48:07.0000000+02:00" endTime="2018-09-20T12:48:07.0000000+02:00" testType="13cdc9d9-ddb5-4fa4-a97d-d965ccfc6d4b" outcome="Passed" testListId="8c84fa94-04c1-424b-9868-57a2d4851a1d" relativeResultsDirectory="629d546a-1786-4e85-ad4e-4a403276aad6" /><UnitTestResult executionId="2c4108e4-62de-4adb-92da-693dc0276ddc" testId="1b1d1bee-dd84-4c4b-a348-8fa0d345731d" testName="ADefaultConstructedSessionWrapperCanSendRequests" computerName="TAG009442327432" duration="00:00:00.0010000" startTime="2018-09-20T12:48:07.0000000+02:00" endTime="2018-09-20T12:48:07.0000000+02:00" testType="13cdc9d9-ddb5-4fa4-a97d-d965ccfc6d4b" outcome="Passed" testListId="8c84fa94-04c1-424b-9868-57a2d4851a1d" relativeResultsDirectory="2c4108e4-62de-4adb-92da-693dc0276ddc" /><UnitTestResult executionId="46dee587-92ea-4d4b-a8ed-cde53a24ad06" testId="5c5b84b6-7ad5-4abd-9235-5f3039a73fca" testName="VerboseIsUsedInDefaultLogger" computerName="TAG009442327432" duration="00:00:00.0000001" startTime="2018-09-20T12:48:08.0000000+02:00" endTime="2018-09-20T12:48:08.0000000+02:00" testType="13cdc9d9-ddb5-4fa4-a97d-d965ccfc6d4b" outcome="Passed" testListId="8c84fa94-04c1-424b-9868-57a2d4851a1d" relativeResultsDirectory="46dee587-92ea-4d4b-a8ed-cde53a24ad06" /><UnitTestResult executionId="7356632b-97d4-40d0-8403-65fca9dd31f1" testId="34c6bdd7-85f7-4432-b436-3b41bf1f5897" testName="AnActionCanOnlyBeLeftOnce" computerName="TAG009442327432" duration="00:00:00.0220000" startTime="2018-09-20T12:48:07.0000000+02:00" endTime="2018-09-20T12:48:07.0000000+02:00" testType="13cdc9d9-ddb5-4fa4-a97d-d965ccfc6d4b" outcome="Passed" testListId="8c84fa94-04c1-424b-9868-57a2d4851a1d" relativeResultsDirectory="7356632b-97d4-40d0-8403-65fca9dd31f1" /><UnitTestResult executionId="4e73aae8-9484-4583-8868-104b34b21017" testId="d789d9e1-88be-44af-a109-36f3013aea84" testName="WhenBeaconConfigurationIsSetSendingIsDisallowedIfMultiplicityIsZero" computerName="TAG009442327432" duration="00:00:00.0000001" startTime="2018-09-20T12:48:07.0000000+02:00" endTime="2018-09-20T12:48:07.0000000+02:00" testType="13cdc9d9-ddb5-4fa4-a97d-d965ccfc6d4b" outcome="Passed" testListId="8c84fa94-04c1-424b-9868-57a2d4851a1d" relativeResultsDirectory="4e73aae8-9484-4583-8868-104b34b21017" /><UnitTestResult executionId="68510713-9aa2-465e-999b-253aa94fb2b5" testId="f95e457f-695c-403a-94df-fc5253d96c5d" testName="CanSetBeaconCacheLowerMemoryBoundaryForDynatrace" computerName="TAG009442327432" duration="00:00:00.0010000" startTime="2018-09-20T12:48:08.0000000+02:00" endTime="2018-09-20T12:48:08.0000000+02:00" testType="13cdc9d9-ddb5-4fa4-a97d-d965ccfc6d4b" outcome="Passed" testListId="8c84fa94-04c1-424b-9868-57a2d4851a1d" relativeResultsDirectory="68510713-9aa2-465e-999b-253aa94fb2b5" /><UnitTestResult executionId="3f06ae9c-ffb6-4804-90b7-35566ec3b50d" testId="ca02e348-5361-4e27-944c-5096d82a0c08" testName="TheSessionIsFinishedAfterCallingFinishSession" computerName="TAG009442327432" duration="00:00:00.0000001" startTime="2018-09-20T12:48:07.0000000+02:00" endTime="2018-09-20T12:48:07.0000000+02:00" testType="13cdc9d9-ddb5-4fa4-a97d-d965ccfc6d4b" outcome="Passed" testListId="8c84fa94-04c1-424b-9868-57a2d4851a1d" relativeResultsDirectory="3f06ae9c-ffb6-4804-90b7-35566ec3b50d" /><UnitTestResult executionId="7733eb25-1aab-4015-a56a-7708f2682119" testId="2e3fd696-4623-4389-a19c-763d445c8b76" testName="IpV6AddressIsInvalidIllegalCharacter" computerName="TAG009442327432" duration="00:00:00.0000001" startTime="2018-09-20T12:48:08.0000000+02:00" endTime="2018-09-20T12:48:08.0000000+02:00" testType="13cdc9d9-ddb5-4fa4-a97d-d965ccfc6d4b" outcome="Passed" testListId="8c84fa94-04c1-424b-9868-57a2d4851a1d" relativeResultsDirectory="7733eb25-1aab-4015-a56a-7708f2682119" /><UnitTestResult executionId="49cddfcf-8d75-40bc-9fdc-1c1ed402cc74" testId="d17441ad-6ea2-4a1c-9785-ae2e79c52f08" testName="OpenSessionsAreNotSentIfSendIntervalIsNotExceeded" computerName="TAG009442327432" duration="00:00:00.0010000" startTime="2018-09-20T12:48:07.0000000+02:00" endTime="2018-09-20T12:48:07.0000000+02:00" testType="13cdc9d9-ddb5-4fa4-a97d-d965ccfc6d4b" outcome="Passed" testListId="8c84fa94-04c1-424b-9868-57a2d4851a1d" relativeResultsDirectory="49cddfcf-8d75-40bc-9fdc-1c1ed402cc74" /><UnitTestResult executionId="13e84896-141f-4e40-a5fc-97851292762f" testId="274a3699-6f7e-4682-a38e-2ee99330bd70" testName="TheStrategyIsNotDisabledIFMaxRecordAgeIsGreaterThanZero" computerName="TAG009442327432" duration="00:00:00.0000001" startTime="2018-09-20T12:48:07.0000000+02:00" endTime="2018-09-20T12:48:07.0000000+02:00" testType="13cdc9d9-ddb5-4fa4-a97d-d965ccfc6d4b" outcome="Passed" testListId="8c84fa94-04c1-424b-9868-57a2d4851a1d" relativeResultsDirectory="13e84896-141f-4e40-a5fc-97851292762f" /><UnitTestResult executionId="e572a24e-ed91-48f2-9ad1-89eacffa699b" testId="f2b2b380-a4bf-403c-9ad6-fc52394a0319" testName="CannotAddRootActionIfCaptureIsOff" computerName="TAG009442327432" duration="00:00:00.0010000" startTime="2018-09-20T12:48:08.0000000+02:00" endTime="2018-09-20T12:48:08.0000000+02:00" testType="13cdc9d9-ddb5-4fa4-a97d-d965ccfc6d4b" outcome="Passed" testListId="8c84fa94-04c1-424b-9868-57a2d4851a1d" relativeResultsDirectory="e572a24e-ed91-48f2-9ad1-89eacffa699b" /><UnitTestResult executionId="7dc73922-a5ad-4359-afc1-bed264c47ab2" testId="872e9145-a603-4989-b043-4d055bae9e5e" testName="CurrentStateIsSet" computerName="TAG009442327432" duration="00:00:00.0000001" startTime="2018-09-20T12:48:07.0000000+02:00" endTime="2018-09-20T12:48:07.0000000+02:00" testType="13cdc9d9-ddb5-4fa4-a97d-d965ccfc6d4b" outcome="Passed" testListId="8c84fa94-04c1-424b-9868-57a2d4851a1d" relativeResultsDirectory="7dc73922-a5ad-4359-afc1-bed264c47ab2" /><UnitTestResult executionId="25e71161-db5a-4647-86fe-a12e1acfcb0f" testId="a7ea0969-0a7a-4f48-a59f-2f9e8958c6fc" testName="SetBytesSentDoesNotSetAnythingIfStopped" computerName="TAG009442327432" duration="00:00:00.0000001" startTime="2018-09-20T12:48:08.0000000+02:00" endTime="2018-09-20T12:48:08.0000000+02:00" testType="13cdc9d9-ddb5-4fa4-a97d-d965ccfc6d4b" outcome="Passed" testListId="8c84fa94-04c1-424b-9868-57a2d4851a1d" relativeResultsDirectory="25e71161-db5a-4647-86fe-a12e1acfcb0f" /><UnitTestResult executionId="090e65ab-a665-4ce3-bbce-1fdfb998b469" testId="c0fbeb91-d078-459c-842a-067257f26c7b" testName="SendBeaconRequestWorksIfResponseIsNull" computerName="TAG009442327432" duration="00:00:00.0010000" startTime="2018-09-20T12:48:08.0000000+02:00" endTime="2018-09-20T12:48:08.0000000+02:00" testType="13cdc9d9-ddb5-4fa4-a97d-d965ccfc6d4b" outcome="Passed" testListId="8c84fa94-04c1-424b-9868-57a2d4851a1d" relativeResultsDirectory="090e65ab-a665-4ce3-bbce-1fdfb998b469" /><UnitTestResult executionId="c5178cc5-0ef3-454e-9d5c-a4d7a5cbdb54" testId="7f9e3622-f20a-4bd1-8d74-5b08c7fea5e5" testName="RemoveOldestRecordsDoesNotRemoveAnythingFromEventAndActionsBeingSent" computerName="TAG009442327432" duration="00:00:00.0010000" startTime="2018-09-20T12:48:07.0000000+02:00" endTime="2018-09-20T12:48:07.0000000+02:00" testType="13cdc9d9-ddb5-4fa4-a97d-d965ccfc6d4b" outcome="Passed" testListId="8c84fa94-04c1-424b-9868-57a2d4851a1d" relativeResultsDirectory="c5178cc5-0ef3-454e-9d5c-a4d7a5cbdb54" /><UnitTestResult executionId="eac95f5d-9920-49d3-942a-86d08183da1b" testId="26a41392-63cb-4196-8138-326b153f4f0e" testName="IpV6AddressHexCompressedIsInvalidTwoCompressedBlocks" computerName="TAG009442327432" duration="00:00:00.0000001" startTime="2018-09-20T12:48:07.0000000+02:00" endTime="2018-09-20T12:48:07.0000000+02:00" testType="13cdc9d9-ddb5-4fa4-a97d-d965ccfc6d4b" outcome="Passed" testListId="8c84fa94-04c1-424b-9868-57a2d4851a1d" relativeResultsDirectory="eac95f5d-9920-49d3-942a-86d08183da1b" /><UnitTestResult executionId="2f60fd27-a0f2-4367-9388-eaaaafb8a1d8" testId="a0a88de8-7e92-4a8c-b1e9-3ef7da5ef7c4" testName="IpV6AddressValid_RFCExample" computerName="TAG009442327432" duration="00:00:00.0000001" startTime="2018-09-20T12:48:08.0000000+02:00" endTime="2018-09-20T12:48:08.0000000+02:00" testType="13cdc9d9-ddb5-4fa4-a97d-d965ccfc6d4b" outcome="Passed" testListId="8c84fa94-04c1-424b-9868-57a2d4851a1d" relativeResultsDirectory="2f60fd27-a0f2-4367-9388-eaaaafb8a1d8" /><UnitTestResult executionId="99884f22-baa8-432a-a075-8697874d1a71" testId="6be92985-6b02-4f82-bc8b-3e8750370033" testName="LastRuntimeStampIsAdjustedDuringFirstExecution" computerName="TAG009442327432" duration="00:00:00.0010000" startTime="2018-09-20T12:48:07.0000000+02:00" endTime="2018-09-20T12:48:07.0000000+02:00" testType="13cdc9d9-ddb5-4fa4-a97d-d965ccfc6d4b" outcome="Passed" testListId="8c84fa94-04c1-424b-9868-57a2d4851a1d" relativeResultsDirectory="99884f22-baa8-432a-a075-8697874d1a71" /><UnitTestResult executionId="d07cb9ce-3227-4d10-a642-ca90b04ca727" testId="bb1616c5-35c3-4702-8a87-cdff3908761f" testName="EndingASessionReturnsImmediatelyIfEndedBefore" computerName="TAG009442327432" duration="00:00:00.0010000" startTime="2018-09-20T12:48:07.0000000+02:00" endTime="2018-09-20T12:48:07.0000000+02:00" testType="13cdc9d9-ddb5-4fa4-a97d-d965ccfc6d4b" outcome="Passed" testListId="8c84fa94-04c1-424b-9868-57a2d4851a1d" relativeResultsDirectory="d07cb9ce-3227-4d10-a642-ca90b04ca727" /><UnitTestResult executionId="512eb39a-f607-4a42-8be9-d041674035e0" testId="1d6ced1e-2960-41ce-b83f-1c9de5aef1bd" testName="ExecuteIsCalledOnCurrentState" computerName="TAG009442327432" duration="00:00:00.0030000" startTime="2018-09-20T12:48:07.0000000+02:00" endTime="2018-09-20T12:48:07.0000000+02:00" testType="13cdc9d9-ddb5-4fa4-a97d-d965ccfc6d4b" outcome="Passed" testListId="8c84fa94-04c1-424b-9868-57a2d4851a1d" relativeResultsDirectory="512eb39a-f607-4a42-8be9-d041674035e0" /><UnitTestResult executionId="3b1f6430-200a-4979-a6b0-27fa908965d4" testId="11adb1be-f1cd-4b80-86fd-08a766e0ebb5" testName="IdentifyUserDoesNotReportOnDataCollectionLevel0" computerName="TAG009442327432" duration="00:00:00.0000001" startTime="2018-09-20T12:48:08.0000000+02:00" endTime="2018-09-20T12:48:08.0000000+02:00" testType="13cdc9d9-ddb5-4fa4-a97d-d965ccfc6d4b" outcome="Passed" testListId="8c84fa94-04c1-424b-9868-57a2d4851a1d" relativeResultsDirectory="3b1f6430-200a-4979-a6b0-27fa908965d4" /><UnitTestResult executionId="7ae21e4d-b119-4bfe-bfcd-8384dc8f2124" testId="7fc63727-ef92-4705-9be7-40c6efe1be21" testName="SendStatusRequestSendsOneHTTPGetRequest" computerName="TAG009442327432" duration="00:00:00.0020000" startTime="2018-09-20T12:48:09.0000000+02:00" endTime="2018-09-20T12:48:09.0000000+02:00" testType="13cdc9d9-ddb5-4fa4-a97d-d965ccfc6d4b" outcome="Passed" testListId="8c84fa94-04c1-424b-9868-57a2d4851a1d" relativeResultsDirectory="7ae21e4d-b119-4bfe-bfcd-8384dc8f2124" /><UnitTestResult executionId="7caaa796-afbe-492b-80af-0c68b4369dc5" testId="9e7086e0-3ebd-4c6e-b143-71abc7681d71" testName="SendStatusRequestReturnsAnUnknownErrorResponseForWrongHttpResponse" computerName="TAG009442327432" duration="00:00:00.0040000" startTime="2018-09-20T12:48:09.0000000+02:00" endTime="2018-09-20T12:48:09.0000000+02:00" testType="13cdc9d9-ddb5-4fa4-a97d-d965ccfc6d4b" outcome="Passed" testListId="8c84fa94-04c1-424b-9868-57a2d4851a1d" relativeResultsDirectory="7caaa796-afbe-492b-80af-0c68b4369dc5" /><UnitTestResult executionId="9aa078bc-b270-40b1-8365-77b3b75b2797" testId="5b708976-c866-4a4c-bbfd-07fb67bf2612" testName="ANewlyCreatedWebRequestTracerIsNotStopped" computerName="TAG009442327432" duration="00:00:00.0010000" startTime="2018-09-20T12:48:08.0000000+02:00" endTime="2018-09-20T12:48:08.0000000+02:00" testType="13cdc9d9-ddb5-4fa4-a97d-d965ccfc6d4b" outcome="Passed" testListId="8c84fa94-04c1-424b-9868-57a2d4851a1d" relativeResultsDirectory="9aa078bc-b270-40b1-8365-77b3b75b2797" /><UnitTestResult executionId="2390a6af-675a-461e-a531-89050b9dda0c" testId="aa0adec3-c90e-4b10-9832-197a79da3023" testName="IpV6AddressValid_RFCEmptyBlockNotShortened" computerName="TAG009442327432" duration="00:00:00.0000001" startTime="2018-09-20T12:48:08.0000000+02:00" endTime="2018-09-20T12:48:08.0000000+02:00" testType="13cdc9d9-ddb5-4fa4-a97d-d965ccfc6d4b" outcome="Passed" testListId="8c84fa94-04c1-424b-9868-57a2d4851a1d" relativeResultsDirectory="2390a6af-675a-461e-a531-89050b9dda0c" /><UnitTestResult executionId="21c1c147-f5e6-40c7-b86d-4c08ea171980" testId="89b1d195-a2b7-4348-bb7e-1c7f7aaef009" testName="ADefaultConstructedConfigurationDisablesCrashReporting" computerName="TAG009442327432" duration="00:00:00.0010000" startTime="2018-09-20T12:48:07.0000000+02:00" endTime="2018-09-20T12:48:07.0000000+02:00" testType="13cdc9d9-ddb5-4fa4-a97d-d965ccfc6d4b" outcome="Passed" testListId="8c84fa94-04c1-424b-9868-57a2d4851a1d" relativeResultsDirectory="21c1c147-f5e6-40c7-b86d-4c08ea171980" /><UnitTestResult executionId="e1393d2d-30cb-4dc9-8121-67f365e712ae" testId="de5f7c13-940f-49cf-b34a-76c3993e2614" testName="AppMonOpenKitBuilderTakesStringDeviceID" computerName="TAG009442327432" duration="00:00:00.0000001" startTime="2018-09-20T12:48:08.0000000+02:00" endTime="2018-09-20T12:48:08.0000000+02:00" testType="13cdc9d9-ddb5-4fa4-a97d-d965ccfc6d4b" outcome="Passed" testListId="8c84fa94-04c1-424b-9868-57a2d4851a1d" relativeResultsDirectory="e1393d2d-30cb-4dc9-8121-67f365e712ae" /><UnitTestResult executionId="ab06c14f-6956-4ff2-a1c2-f3fc09bf28b0" testId="f7ad3e10-6ce2-48b1-813e-afbc4c7bf486" testName="IpV4AddressIsInvalidDueToAdditionalCharacterInSecondBlock" computerName="TAG009442327432" duration="00:00:00.0000001" startTime="2018-09-20T12:48:07.0000000+02:00" endTime="2018-09-20T12:48:07.0000000+02:00" testType="13cdc9d9-ddb5-4fa4-a97d-d965ccfc6d4b" outcome="Passed" testListId="8c84fa94-04c1-424b-9868-57a2d4851a1d" relativeResultsDirectory="ab06c14f-6956-4ff2-a1c2-f3fc09bf28b0" /><UnitTestResult executionId="35054f96-8b80-4bca-9d0e-d159f8f6891d" testId="3dcb0ff6-23fe-4ef1-bfb9-92d9a6428f38" testName="SessionIDIsAlwaysValue1OnDataCollectionLevel0" computerName="TAG009442327432" duration="00:00:00.0000001" startTime="2018-09-20T12:48:08.0000000+02:00" endTime="2018-09-20T12:48:08.0000000+02:00" testType="13cdc9d9-ddb5-4fa4-a97d-d965ccfc6d4b" outcome="Passed" testListId="8c84fa94-04c1-424b-9868-57a2d4851a1d" relativeResultsDirectory="35054f96-8b80-4bca-9d0e-d159f8f6891d" /><UnitTestResult executionId="aa3bbaae-2b5b-40d1-92e5-0710f5b88ed9" testId="d11282f6-3f98-4d6f-8fd0-f185dc595187" testName="TimeSyncRequestsAreInterruptedAfterUnsuccessfulRetriesWithNullResponse" computerName="TAG009442327432" duration="00:00:00.0010000" startTime="2018-09-20T12:48:07.0000000+02:00" endTime="2018-09-20T12:48:07.0000000+02:00" testType="13cdc9d9-ddb5-4fa4-a97d-d965ccfc6d4b" outcome="Passed" testListId="8c84fa94-04c1-424b-9868-57a2d4851a1d" relativeResultsDirectory="aa3bbaae-2b5b-40d1-92e5-0710f5b88ed9" /><UnitTestResult executionId="529c71f6-3863-42d8-9f29-ebfcc149fbd6" testId="73c0a737-396a-4368-a740-542d2992f641" testName="ExecuteEvictionStopsIfNoBeaconIdsAreAvailableInCache" computerName="TAG009442327432" duration="00:00:00.0010000" startTime="2018-09-20T12:48:07.0000000+02:00" endTime="2018-09-20T12:48:07.0000000+02:00" testType="13cdc9d9-ddb5-4fa4-a97d-d965ccfc6d4b" outcome="Passed" testListId="8c84fa94-04c1-424b-9868-57a2d4851a1d" relativeResultsDirectory="529c71f6-3863-42d8-9f29-ebfcc149fbd6" /><UnitTestResult executionId="91e2cae6-6719-4e7f-bee2-6c1d3674f78b" testId="674df213-9a67-47b9-a923-f5a74d56c6dd" testName="EndCallsWrappedSession" computerName="TAG009442327432" duration="00:00:00.0000001" startTime="2018-09-20T12:48:07.0000000+02:00" endTime="2018-09-20T12:48:07.0000000+02:00" testType="13cdc9d9-ddb5-4fa4-a97d-d965ccfc6d4b" outcome="Passed" testListId="8c84fa94-04c1-424b-9868-57a2d4851a1d" relativeResultsDirectory="91e2cae6-6719-4e7f-bee2-6c1d3674f78b" /><UnitTestResult executionId="ed58c088-f344-43b1-a8b7-271bda01706c" testId="cadd6b77-0b5b-41c9-982d-5349c8002fd2" testName="DefaultMonitorNameIsNull" computerName="TAG009442327432" duration="00:00:00.0000001" startTime="2018-09-20T12:48:09.0000000+02:00" endTime="2018-09-20T12:48:09.0000000+02:00" testType="13cdc9d9-ddb5-4fa4-a97d-d965ccfc6d4b" outcome="Passed" testListId="8c84fa94-04c1-424b-9868-57a2d4851a1d" relativeResultsDirectory="ed58c088-f344-43b1-a8b7-271bda01706c" /><UnitTestResult executionId="9cbd9858-2b26-456a-8f3e-25f51a3991d8" testId="d19b7645-3435-413d-8a35-1d530f50bb0c" testName="WhenStartingASessionTheSessionIsConsideredAsNew" computerName="TAG009442327432" duration="00:00:00.0030000" startTime="2018-09-20T12:48:07.0000000+02:00" endTime="2018-09-20T12:48:07.0000000+02:00" testType="13cdc9d9-ddb5-4fa4-a97d-d965ccfc6d4b" outcome="Passed" testListId="8c84fa94-04c1-424b-9868-57a2d4851a1d" relativeResultsDirectory="9cbd9858-2b26-456a-8f3e-25f51a3991d8"><Output><StdOut>2018-09-20T10:48:07.8555422Z DEBUG [3] BeaconSender StartSession&#xD;
2018-09-20T10:48:07.8555580Z DEBUG [3] BeaconCache AddEventData(sn=1, timestamp=0, data='et=18&amp;it=0&amp;pa=0&amp;s0=1&amp;t0=0')&#xD;
2018-09-20T10:48:07.8556698Z DEBUG [3] BeaconSender StartSession&#xD;
2018-09-20T10:48:07.8556793Z DEBUG [3] BeaconCache AddEventData(sn=2, timestamp=0, data='et=18&amp;it=0&amp;pa=0&amp;s0=1&amp;t0=0')</StdOut></Output></UnitTestResult><UnitTestResult executionId="acd79dc7-c5f1-4df4-8c2c-a237adf1dc65" testId="d18fb38a-768a-4acc-9b3f-388fc2c75829" testName="AddActionDataAddsBeaconIdToCache" computerName="TAG009442327432" duration="00:00:00.0040000" startTime="2018-09-20T12:48:07.0000000+02:00" endTime="2018-09-20T12:48:07.0000000+02:00" testType="13cdc9d9-ddb5-4fa4-a97d-d965ccfc6d4b" outcome="Passed" testListId="8c84fa94-04c1-424b-9868-57a2d4851a1d" relativeResultsDirectory="acd79dc7-c5f1-4df4-8c2c-a237adf1dc65" /><UnitTestResult executionId="d01b9209-0ba7-45e2-8fd0-0cbd6068162e" testId="118dc1fe-dda8-4520-b84e-e78387de043e" testName="StoppingABeaconCacheEvictorWhichIsNotAliveDoesNothing" computerName="TAG009442327432" duration="00:00:00.0000001" startTime="2018-09-20T12:48:07.0000000+02:00" endTime="2018-09-20T12:48:07.0000000+02:00" testType="13cdc9d9-ddb5-4fa4-a97d-d965ccfc6d4b" outcome="Passed" testListId="8c84fa94-04c1-424b-9868-57a2d4851a1d" relativeResultsDirectory="d01b9209-0ba7-45e2-8fd0-0cbd6068162e" /><UnitTestResult executionId="5a98caca-6d63-4484-a64f-ac6c3ba5715f" testId="c38f811d-f14d-42dd-9b5d-241bc469d626" testName="SessionStartIsReportedForDataCollectionLevel0" computerName="TAG009442327432" duration="00:00:00.0000001" startTime="2018-09-20T12:48:08.0000000+02:00" endTime="2018-09-20T12:48:08.0000000+02:00" testType="13cdc9d9-ddb5-4fa4-a97d-d965ccfc6d4b" outcome="Passed" testListId="8c84fa94-04c1-424b-9868-57a2d4851a1d" relativeResultsDirectory="5a98caca-6d63-4484-a64f-ac6c3ba5715f" /><UnitTestResult executionId="dd58419a-018a-48d1-84fa-e4d15d7ccc8c" testId="3a662a7b-dad9-4866-a17f-496a1b27bc8e" testName="CaptureCrashesIsFalseWhenItIsEqualToZero" computerName="TAG009442327432" duration="00:00:00.0000001" startTime="2018-09-20T12:48:09.0000000+02:00" endTime="2018-09-20T12:48:09.0000000+02:00" testType="13cdc9d9-ddb5-4fa4-a97d-d965ccfc6d4b" outcome="Passed" testListId="8c84fa94-04c1-424b-9868-57a2d4851a1d" relativeResultsDirectory="dd58419a-018a-48d1-84fa-e4d15d7ccc8c" /><UnitTestResult executionId="7cc9ad51-9c64-4c85-ae33-97a6c5ac7151" testId="39e4ff8e-a93a-4718-8310-74b792119150" testName="ExecuteEvictionRunsUntilTheCacheSizeIsLessThanOrEqualToLowerBound" computerName="TAG009442327432" duration="00:00:00.0010000" startTime="2018-09-20T12:48:07.0000000+02:00" endTime="2018-09-20T12:48:07.0000000+02:00" testType="13cdc9d9-ddb5-4fa4-a97d-d965ccfc6d4b" outcome="Passed" testListId="8c84fa94-04c1-424b-9868-57a2d4851a1d" relativeResultsDirectory="7cc9ad51-9c64-4c85-ae33-97a6c5ac7151" /><UnitTestResult executionId="970eb7c5-3168-4b7b-b72b-938df511595e" testId="bf9e62ca-6747-4100-9cab-f81fb4b85f66" testName="IsTooManyRequestsResponseReturnsFalseIfResponseCodeIsNotEqualToTooManyRequestsCode" computerName="TAG009442327432" duration="00:00:00.0000001" startTime="2018-09-20T12:48:07.0000000+02:00" endTime="2018-09-20T12:48:07.0000000+02:00" testType="13cdc9d9-ddb5-4fa4-a97d-d965ccfc6d4b" outcome="Passed" testListId="8c84fa94-04c1-424b-9868-57a2d4851a1d" relativeResultsDirectory="970eb7c5-3168-4b7b-b72b-938df511595e" /><UnitTestResult executionId="adc68711-980e-4237-bdb2-5af0dcb54597" testId="e742b275-1e88-40cf-8b7c-b18297473004" testName="ResetChunkedRestoresData" computerName="TAG009442327432" duration="00:00:00.0010000" startTime="2018-09-20T12:48:07.0000000+02:00" endTime="2018-09-20T12:48:07.0000000+02:00" testType="13cdc9d9-ddb5-4fa4-a97d-d965ccfc6d4b" outcome="Passed" testListId="8c84fa94-04c1-424b-9868-57a2d4851a1d" relativeResultsDirectory="adc68711-980e-4237-bdb2-5af0dcb54597" /><UnitTestResult executionId="8d7c8468-1987-42ac-9387-9729c012961d" testId="007a7c4e-57db-4403-916b-2d63f42a665e" testName="SleepIsNotCalledIfShutdownIsRequested" computerName="TAG009442327432" duration="00:00:00.0020000" startTime="2018-09-20T12:48:07.0000000+02:00" endTime="2018-09-20T12:48:07.0000000+02:00" testType="13cdc9d9-ddb5-4fa4-a97d-d965ccfc6d4b" outcome="Passed" testListId="8c84fa94-04c1-424b-9868-57a2d4851a1d" relativeResultsDirectory="8d7c8468-1987-42ac-9387-9729c012961d" /><UnitTestResult executionId="899406c0-87db-4f76-a580-30213525a441" testId="1a34426d-a3cb-438d-8441-e97fa1034430" testName="IpV4AddressIsValid" computerName="TAG009442327432" duration="00:00:00.0000001" startTime="2018-09-20T12:48:07.0000000+02:00" endTime="2018-09-20T12:48:07.0000000+02:00" testType="13cdc9d9-ddb5-4fa4-a97d-d965ccfc6d4b" outcome="Passed" testListId="8c84fa94-04c1-424b-9868-57a2d4851a1d" relativeResultsDirectory="899406c0-87db-4f76-a580-30213525a441" /><UnitTestResult executionId="6f4667fd-d8d3-4bca-aae8-dbaf405d49de" testId="5996926a-3a38-4cca-b6e1-a91110135b50" testName="SendStatusRequestWorksIfResponseIsNull" computerName="TAG009442327432" duration="00:00:00.0030000" startTime="2018-09-20T12:48:09.0000000+02:00" endTime="2018-09-20T12:48:09.0000000+02:00" testType="13cdc9d9-ddb5-4fa4-a97d-d965ccfc6d4b" outcome="Passed" testListId="8c84fa94-04c1-424b-9868-57a2d4851a1d" relativeResultsDirectory="6f4667fd-d8d3-4bca-aae8-dbaf405d49de" /><UnitTestResult executionId="b2e853e9-f7ce-4b62-b56d-42f16db8cb3c" testId="71dec3be-d689-4033-9720-38a08b0f0e1d" testName="NamedEventNotReportedForDataCollectionLevel0" computerName="TAG009442327432" duration="00:00:00.0000001" startTime="2018-09-20T12:48:08.0000000+02:00" endTime="2018-09-20T12:48:08.0000000+02:00" testType="13cdc9d9-ddb5-4fa4-a97d-d965ccfc6d4b" outcome="Passed" testListId="8c84fa94-04c1-424b-9868-57a2d4851a1d" relativeResultsDirectory="b2e853e9-f7ce-4b62-b56d-42f16db8cb3c" /><UnitTestResult executionId="470a0632-27e6-4dba-be70-eb711b07cb42" testId="6a5d1833-fcf8-420d-8797-9282e033a12e" testName="GetBeaconConfigurationCallsWrappedSession" computerName="TAG009442327432" duration="00:00:00.0000001" startTime="2018-09-20T12:48:07.0000000+02:00" endTime="2018-09-20T12:48:07.0000000+02:00" testType="13cdc9d9-ddb5-4fa4-a97d-d965ccfc6d4b" outcome="Passed" testListId="8c84fa94-04c1-424b-9868-57a2d4851a1d" relativeResultsDirectory="470a0632-27e6-4dba-be70-eb711b07cb42" /><UnitTestResult executionId="f6f9695a-6521-427b-91fa-3b0c3378ca88" testId="807d9478-a041-4195-a9ea-09efc5d9faf9" testName="ShutdownStateIsTerminalState" computerName="TAG009442327432" duration="00:00:00.0000001" startTime="2018-09-20T12:48:07.0000000+02:00" endTime="2018-09-20T12:48:07.0000000+02:00" testType="13cdc9d9-ddb5-4fa4-a97d-d965ccfc6d4b" outcome="Passed" testListId="8c84fa94-04c1-424b-9868-57a2d4851a1d" relativeResultsDirectory="f6f9695a-6521-427b-91fa-3b0c3378ca88" /><UnitTestResult executionId="89b6ed07-d752-473c-9a5e-e664a8b7ea0e" testId="3371da66-089d-4c50-aa52-761c800ff24b" testName="WhenBeaconConfigurationIsNotSetSendingIsNotAllowed" computerName="TAG009442327432" duration="00:00:00.0000001" startTime="2018-09-20T12:48:07.0000000+02:00" endTime="2018-09-20T12:48:07.0000000+02:00" testType="13cdc9d9-ddb5-4fa4-a97d-d965ccfc6d4b" outcome="Passed" testListId="8c84fa94-04c1-424b-9868-57a2d4851a1d" relativeResultsDirectory="89b6ed07-d752-473c-9a5e-e664a8b7ea0e" /><UnitTestResult executionId="4ff2c604-ccb4-4ae8-94bb-01ff206861f7" testId="43a88ceb-4c05-41d1-87d1-130ca61c8f0b" testName="RandomDeviceIDCannotBeNegativeOnDataCollectionLevel1" computerName="TAG009442327432" duration="00:00:00.0010000" startTime="2018-09-20T12:48:08.0000000+02:00" endTime="2018-09-20T12:48:08.0000000+02:00" testType="13cdc9d9-ddb5-4fa4-a97d-d965ccfc6d4b" outcome="Passed" testListId="8c84fa94-04c1-424b-9868-57a2d4851a1d" relativeResultsDirectory="4ff2c604-ccb4-4ae8-94bb-01ff206861f7" /><UnitTestResult executionId="b225ef0b-0531-4b8a-9540-fec4de029150" testId="021ec014-4edc-47e9-b152-43bdce696470" testName="IsTooManyRequestsResponseReturnsTrueIfResponseCodeIndicatesTooManyRequests" computerName="TAG009442327432" duration="00:00:00.0000001" startTime="2018-09-20T12:48:07.0000000+02:00" endTime="2018-09-20T12:48:07.0000000+02:00" testType="13cdc9d9-ddb5-4fa4-a97d-d965ccfc6d4b" outcome="Passed" testListId="8c84fa94-04c1-424b-9868-57a2d4851a1d" relativeResultsDirectory="b225ef0b-0531-4b8a-9540-fec4de029150" /><UnitTestResult executionId="6ba12806-10d4-4df2-b79c-a3e7f03f9ee1" testId="9c2f80be-fbea-43f0-8d3b-50f80548dd29" testName="ShouldRunGivesTrueIfLastRunIsMoreThanMaxAgeMillisecondsAgo" computerName="TAG009442327432" duration="00:00:00.0000001" startTime="2018-09-20T12:48:07.0000000+02:00" endTime="2018-09-20T12:48:07.0000000+02:00" testType="13cdc9d9-ddb5-4fa4-a97d-d965ccfc6d4b" outcome="Passed" testListId="8c84fa94-04c1-424b-9868-57a2d4851a1d" relativeResultsDirectory="6ba12806-10d4-4df2-b79c-a3e7f03f9ee1" /><UnitTestResult executionId="f6304b14-5965-4c09-a49b-5a975de058dd" testId="a8963bb1-386c-4b08-ade2-a62d632a6465" testName="TwoInstancesAreNotEqualIfDataDiffers" computerName="TAG009442327432" duration="00:00:00.0000001" startTime="2018-09-20T12:48:07.0000000+02:00" endTime="2018-09-20T12:48:07.0000000+02:00" testType="13cdc9d9-ddb5-4fa4-a97d-d965ccfc6d4b" outcome="Passed" testListId="8c84fa94-04c1-424b-9868-57a2d4851a1d" relativeResultsDirectory="f6304b14-5965-4c09-a49b-5a975de058dd" /><UnitTestResult executionId="aa715aba-2ddb-4c1a-95d0-64bcd31c70f7" testId="9d07d0e9-9bc2-454e-a601-b15de4817f84" testName="IntValueNotReportedForDataCollectionLevel1" computerName="TAG009442327432" duration="00:00:00.0010000" startTime="2018-09-20T12:48:08.0000000+02:00" endTime="2018-09-20T12:48:08.0000000+02:00" testType="13cdc9d9-ddb5-4fa4-a97d-d965ccfc6d4b" outcome="Passed" testListId="8c84fa94-04c1-424b-9868-57a2d4851a1d" relativeResultsDirectory="aa715aba-2ddb-4c1a-95d0-64bcd31c70f7" /><UnitTestResult executionId="b3b61eaf-4362-42a2-b2f5-963a939e37a0" testId="4c076d7c-75d0-40a1-a1cf-e827bcd894c4" testName="ToStringReturnStateName" computerName="TAG009442327432" duration="00:00:00.0000001" startTime="2018-09-20T12:48:07.0000000+02:00" endTime="2018-09-20T12:48:07.0000000+02:00" testType="13cdc9d9-ddb5-4fa4-a97d-d965ccfc6d4b" outcome="Passed" testListId="8c84fa94-04c1-424b-9868-57a2d4851a1d" relativeResultsDirectory="b3b61eaf-4362-42a2-b2f5-963a939e37a0" /><UnitTestResult executionId="c66d9764-6de5-4a99-ad8e-9fd24de5ac97" testId="6524b04e-46e5-426a-b3fe-d5e5ba0461ac" testName="SessionStartIsReported" computerName="TAG009442327432" duration="00:00:00.0000001" startTime="2018-09-20T12:48:08.0000000+02:00" endTime="2018-09-20T12:48:08.0000000+02:00" testType="13cdc9d9-ddb5-4fa4-a97d-d965ccfc6d4b" outcome="Passed" testListId="8c84fa94-04c1-424b-9868-57a2d4851a1d" relativeResultsDirectory="c66d9764-6de5-4a99-ad8e-9fd24de5ac97" /><UnitTestResult executionId="ac723480-eb10-4252-a77e-2bf9d13f777c" testId="87cd3276-e951-4a21-a2ef-b93ad2bce41f" testName="NoStringValueIsReportedIfBeaconConfigurationDisablesCapturing" computerName="TAG009442327432" duration="00:00:00.0010000" startTime="2018-09-20T12:48:08.0000000+02:00" endTime="2018-09-20T12:48:08.0000000+02:00" testType="13cdc9d9-ddb5-4fa4-a97d-d965ccfc6d4b" outcome="Passed" testListId="8c84fa94-04c1-424b-9868-57a2d4851a1d" relativeResultsDirectory="ac723480-eb10-4252-a77e-2bf9d13f777c" /><UnitTestResult executionId="8180b8fc-1d16-4e73-9f7e-4b1861a11005" testId="02832740-de34-4414-b213-33fcd07f2620" testName="IpV6AddressMixedNotationIsValid_NonZeroIPv6Compressed" computerName="TAG009442327432" duration="00:00:00.0000001" startTime="2018-09-20T12:48:08.0000000+02:00" endTime="2018-09-20T12:48:08.0000000+02:00" testType="13cdc9d9-ddb5-4fa4-a97d-d965ccfc6d4b" outcome="Passed" testListId="8c84fa94-04c1-424b-9868-57a2d4851a1d" relativeResultsDirectory="8180b8fc-1d16-4e73-9f7e-4b1861a11005" /><UnitTestResult executionId="a47f4490-c640-4567-b296-544f79eab6cb" testId="a1f47748-0640-4231-86a1-8db78466519e" testName="ReportIntValueDoesNothingIfActionIsLeft" computerName="TAG009442327432" duration="00:00:00.0010000" startTime="2018-09-20T12:48:07.0000000+02:00" endTime="2018-09-20T12:48:07.0000000+02:00" testType="13cdc9d9-ddb5-4fa4-a97d-d965ccfc6d4b" outcome="Passed" testListId="8c84fa94-04c1-424b-9868-57a2d4851a1d" relativeResultsDirectory="a47f4490-c640-4567-b296-544f79eab6cb" /><UnitTestResult executionId="47e31b7f-e833-43e6-8f2a-f9999b6424b7" testId="d51d58ed-2496-4ae6-8f98-a596baff50f8" testName="NewSessionRequestsAreAbortedWhenTooManyRequestsResponseIsReceived" computerName="TAG009442327432" duration="00:00:00.0030000" startTime="2018-09-20T12:48:07.0000000+02:00" endTime="2018-09-20T12:48:07.0000000+02:00" testType="13cdc9d9-ddb5-4fa4-a97d-d965ccfc6d4b" outcome="Passed" testListId="8c84fa94-04c1-424b-9868-57a2d4851a1d" relativeResultsDirectory="47e31b7f-e833-43e6-8f2a-f9999b6424b7" /><UnitTestResult executionId="ed840113-cca0-422c-81d2-5d99f907bbc5" testId="f36c2117-551c-4282-9078-3ea1eb0f1ae8" testName="ServerIDIsParsed" computerName="TAG009442327432" duration="00:00:00.0000001" startTime="2018-09-20T12:48:09.0000000+02:00" endTime="2018-09-20T12:48:09.0000000+02:00" testType="13cdc9d9-ddb5-4fa4-a97d-d965ccfc6d4b" outcome="Passed" testListId="8c84fa94-04c1-424b-9868-57a2d4851a1d" relativeResultsDirectory="ed840113-cca0-422c-81d2-5d99f907bbc5" /><UnitTestResult executionId="e406d37f-ad8f-4d6a-92a2-624ed8721ded" testId="b90f97d7-4dbc-49ff-b318-db5bace275a2" testName="LastStatusCheckTimeIsSetInExecute" computerName="TAG009442327432" duration="00:00:00.0000001" startTime="2018-09-20T12:48:07.0000000+02:00" endTime="2018-09-20T12:48:07.0000000+02:00" testType="13cdc9d9-ddb5-4fa4-a97d-d965ccfc6d4b" outcome="Passed" testListId="8c84fa94-04c1-424b-9868-57a2d4851a1d" relativeResultsDirectory="e406d37f-ad8f-4d6a-92a2-624ed8721ded" /><UnitTestResult executionId="fa936133-a4fe-4616-a44c-0e526a16d58a" testId="bddacb2b-69de-4e22-987b-25e6081ce5e3" testName="ADefaultConstructedConfigurationEnablesCapturing" computerName="TAG009442327432" duration="00:00:00.0000001" startTime="2018-09-20T12:48:07.0000000+02:00" endTime="2018-09-20T12:48:07.0000000+02:00" testType="13cdc9d9-ddb5-4fa4-a97d-d965ccfc6d4b" outcome="Passed" testListId="8c84fa94-04c1-424b-9868-57a2d4851a1d" relativeResultsDirectory="fa936133-a4fe-4616-a44c-0e526a16d58a" /><UnitTestResult executionId="67b8e2bf-5bd8-407f-a6df-fadba7a293e1" testId="5cb1a5fa-8fdb-4099-938d-54411ea96376" testName="CanSetDataCollectionLevelForDynatrace" computerName="TAG009442327432" duration="00:00:00.0000001" startTime="2018-09-20T12:48:08.0000000+02:00" endTime="2018-09-20T12:48:08.0000000+02:00" testType="13cdc9d9-ddb5-4fa4-a97d-d965ccfc6d4b" outcome="Passed" testListId="8c84fa94-04c1-424b-9868-57a2d4851a1d" relativeResultsDirectory="67b8e2bf-5bd8-407f-a6df-fadba7a293e1" /><UnitTestResult executionId="6d9ade87-6b7f-49ed-b769-13845a612910" testId="a53db3f4-917a-4423-8f4e-cd194efde68f" testName="ExecuteEvictionDoesNotLogIfStrategyIsDisabledAndInfoIsDisabledInLogger" computerName="TAG009442327432" duration="00:00:00.0010000" startTime="2018-09-20T12:48:07.0000000+02:00" endTime="2018-09-20T12:48:07.0000000+02:00" testType="13cdc9d9-ddb5-4fa4-a97d-d965ccfc6d4b" outcome="Passed" testListId="8c84fa94-04c1-424b-9868-57a2d4851a1d" relativeResultsDirectory="6d9ade87-6b7f-49ed-b769-13845a612910" /><UnitTestResult executionId="5ff83ec5-a0e3-4838-9b12-ee25f5145e73" testId="8782cc01-425f-4c86-b4b7-59ec51547f78" testName="AfterLeavingAnActionItIsLeft" computerName="TAG009442327432" duration="00:00:00.1360000" startTime="2018-09-20T12:48:07.0000000+02:00" endTime="2018-09-20T12:48:07.0000000+02:00" testType="13cdc9d9-ddb5-4fa4-a97d-d965ccfc6d4b" outcome="Passed" testListId="8c84fa94-04c1-424b-9868-57a2d4851a1d" relativeResultsDirectory="5ff83ec5-a0e3-4838-9b12-ee25f5145e73" /><UnitTestResult executionId="f024a23c-caf0-450c-bd65-7828f025bdde" testId="cb5f21a8-2130-4425-97cf-e3d533ab01fd" testName="CanGetCurrentTimestamp" computerName="TAG009442327432" duration="00:00:00.0000001" startTime="2018-09-20T12:48:07.0000000+02:00" endTime="2018-09-20T12:48:07.0000000+02:00" testType="13cdc9d9-ddb5-4fa4-a97d-d965ccfc6d4b" outcome="Passed" testListId="8c84fa94-04c1-424b-9868-57a2d4851a1d" relativeResultsDirectory="f024a23c-caf0-450c-bd65-7828f025bdde" /><UnitTestResult executionId="e61ec841-a2af-4066-938b-b9fe59b12270" testId="0a42bf22-718c-44b1-9d17-192c7386f5b3" testName="ReportEventDoesNothingIfEventNameIsAnEmptyString" computerName="TAG009442327432" duration="00:00:00.0000001" startTime="2018-09-20T12:48:07.0000000+02:00" endTime="2018-09-20T12:48:07.0000000+02:00" testType="13cdc9d9-ddb5-4fa4-a97d-d965ccfc6d4b" outcome="Passed" testListId="8c84fa94-04c1-424b-9868-57a2d4851a1d" relativeResultsDirectory="e61ec841-a2af-4066-938b-b9fe59b12270" /><UnitTestResult executionId="aeadadfb-b073-4c96-b722-502a654d89ac" testId="0dfb8524-e75f-4b09-b8b3-d00cc2838342" testName="IdentifyUserDoesNotReportOnDataCollectionLevel1" computerName="TAG009442327432" duration="00:00:00.0000001" startTime="2018-09-20T12:48:08.0000000+02:00" endTime="2018-09-20T12:48:08.0000000+02:00" testType="13cdc9d9-ddb5-4fa4-a97d-d965ccfc6d4b" outcome="Passed" testListId="8c84fa94-04c1-424b-9868-57a2d4851a1d" relativeResultsDirectory="aeadadfb-b073-4c96-b722-502a654d89ac" /><UnitTestResult executionId="799fa45b-5e6e-43f2-99e7-56092b4661fe" testId="5a0a131f-f1bf-470d-abdc-02b99dd7a938" testName="NotEqualInstancesHaveDifferentHashCode" computerName="TAG009442327432" duration="00:00:00.0010000" startTime="2018-09-20T12:48:07.0000000+02:00" endTime="2018-09-20T12:48:07.0000000+02:00" testType="13cdc9d9-ddb5-4fa4-a97d-d965ccfc6d4b" outcome="Passed" testListId="8c84fa94-04c1-424b-9868-57a2d4851a1d" relativeResultsDirectory="799fa45b-5e6e-43f2-99e7-56092b4661fe" /><UnitTestResult executionId="75562d68-8844-42a9-8c02-628b9e8e274e" testId="0c3f1e30-db8c-4da0-8a3a-32731bb60883" testName="SendBeaconRequestSendsGzipCompressedDataIfNonNullDataWasGiven" computerName="TAG009442327432" duration="00:00:00.0060000" startTime="2018-09-20T12:48:08.0000000+02:00" endTime="2018-09-20T12:48:08.0000000+02:00" testType="13cdc9d9-ddb5-4fa4-a97d-d965ccfc6d4b" outcome="Passed" testListId="8c84fa94-04c1-424b-9868-57a2d4851a1d" relativeResultsDirectory="75562d68-8844-42a9-8c02-628b9e8e274e" /><UnitTestResult executionId="6fe098bc-e179-4561-92c6-027b225ef97d" testId="8aaff4ed-90b0-4004-b845-4bcc6c99d5d0" testName="IpV6AddressHexCompressedIsValidBlock2" computerName="TAG009442327432" duration="00:00:00.0000001" startTime="2018-09-20T12:48:07.0000000+02:00" endTime="2018-09-20T12:48:07.0000000+02:00" testType="13cdc9d9-ddb5-4fa4-a97d-d965ccfc6d4b" outcome="Passed" testListId="8c84fa94-04c1-424b-9868-57a2d4851a1d" relativeResultsDirectory="6fe098bc-e179-4561-92c6-027b225ef97d" /><UnitTestResult executionId="21033070-28cc-47ad-8e3f-7c1f60e26622" testId="3ca5da04-2771-4862-a8d0-25460333171e" testName="FinishedSessionsAreSent" computerName="TAG009442327432" duration="00:00:00.0040000" startTime="2018-09-20T12:48:07.0000000+02:00" endTime="2018-09-20T12:48:07.0000000+02:00" testType="13cdc9d9-ddb5-4fa4-a97d-d965ccfc6d4b" outcome="Passed" testListId="8c84fa94-04c1-424b-9868-57a2d4851a1d" relativeResultsDirectory="21033070-28cc-47ad-8e3f-7c1f60e26622" /><UnitTestResult executionId="5e67e497-4ffd-49b7-9ff3-a1164a3d63b5" testId="3f551866-7a80-4f00-91f5-af761e269b5a" testName="RemoveRecordsOlderThanRemovesRecordsFromEventData" computerName="TAG009442327432" duration="00:00:00.0010000" startTime="2018-09-20T12:48:07.0000000+02:00" endTime="2018-09-20T12:48:07.0000000+02:00" testType="13cdc9d9-ddb5-4fa4-a97d-d965ccfc6d4b" outcome="Passed" testListId="8c84fa94-04c1-424b-9868-57a2d4851a1d" relativeResultsDirectory="5e67e497-4ffd-49b7-9ff3-a1164a3d63b5" /><UnitTestResult executionId="d01fbce6-b922-4022-8cef-172050c6dd0e" testId="4e8ea7fd-6323-4970-9320-7a886ac2e991" testName="ExecuteEvictionIsStoppedIfThreadGetsInterrupted" computerName="TAG009442327432" duration="00:00:00.0010000" startTime="2018-09-20T12:48:07.0000000+02:00" endTime="2018-09-20T12:48:07.0000000+02:00" testType="13cdc9d9-ddb5-4fa4-a97d-d965ccfc6d4b" outcome="Passed" testListId="8c84fa94-04c1-424b-9868-57a2d4851a1d" relativeResultsDirectory="d01fbce6-b922-4022-8cef-172050c6dd0e" /><UnitTestResult executionId="0730c3f2-0e84-4bd2-81f8-c70e9ff2f4c1" testId="f41f242e-2bc4-4ab1-9ba7-61c1b69e0f45" testName="GetRetryAfterReturnsDefaultValueIfResponseKeyDoesNotExist" computerName="TAG009442327432" duration="00:00:00.0000001" startTime="2018-09-20T12:48:09.0000000+02:00" endTime="2018-09-20T12:48:09.0000000+02:00" testType="13cdc9d9-ddb5-4fa4-a97d-d965ccfc6d4b" outcome="Passed" testListId="8c84fa94-04c1-424b-9868-57a2d4851a1d" relativeResultsDirectory="0730c3f2-0e84-4bd2-81f8-c70e9ff2f4c1" /><UnitTestResult executionId="6fd68ab8-9d77-41c1-ab4f-6665dbb76024" testId="016cb4e4-22be-42b8-9d39-91dd506cdec5" testName="TraceWebRequestGivesNullWebRequestTracerIfUrlIsAnEmptyString" computerName="TAG009442327432" duration="00:00:00.0010000" startTime="2018-09-20T12:48:07.0000000+02:00" endTime="2018-09-20T12:48:07.0000000+02:00" testType="13cdc9d9-ddb5-4fa4-a97d-d965ccfc6d4b" outcome="Passed" testListId="8c84fa94-04c1-424b-9868-57a2d4851a1d" relativeResultsDirectory="6fd68ab8-9d77-41c1-ab4f-6665dbb76024" /><UnitTestResult executionId="aba121c5-8a1e-4311-a7f0-815dca487dbe" testId="e9281acf-d9b7-4129-bde8-d3ebb6c5a484" testName="RemoveRecordsOlderThanDoesNotRemoveAnythingFromEventAndActionsBeingSent" computerName="TAG009442327432" duration="00:00:00.0010000" startTime="2018-09-20T12:48:07.0000000+02:00" endTime="2018-09-20T12:48:07.0000000+02:00" testType="13cdc9d9-ddb5-4fa4-a97d-d965ccfc6d4b" outcome="Passed" testListId="8c84fa94-04c1-424b-9868-57a2d4851a1d" relativeResultsDirectory="aba121c5-8a1e-4311-a7f0-815dca487dbe" /><UnitTestResult executionId="997e383c-2e24-4e5d-95a2-cf083ed9eed9" testId="1adea99f-9513-4709-90a1-d8c8db59d6a2" testName="NoEventIsReportedIfBeaconConfigurationDisablesCapturing" computerName="TAG009442327432" duration="00:00:00.0010000" startTime="2018-09-20T12:48:08.0000000+02:00" endTime="2018-09-20T12:48:08.0000000+02:00" testType="13cdc9d9-ddb5-4fa4-a97d-d965ccfc6d4b" outcome="Passed" testListId="8c84fa94-04c1-424b-9868-57a2d4851a1d" relativeResultsDirectory="997e383c-2e24-4e5d-95a2-cf083ed9eed9" /><UnitTestResult executionId="738689ff-f71b-4b64-8998-8650b667a762" testId="411b09f3-b774-4c54-ad6b-74f8c6f7ab9a" testName="StatusRequestIsRetried" computerName="TAG009442327432" duration="00:00:00.0010000" startTime="2018-09-20T12:48:07.0000000+02:00" endTime="2018-09-20T12:48:07.0000000+02:00" testType="13cdc9d9-ddb5-4fa4-a97d-d965ccfc6d4b" outcome="Passed" testListId="8c84fa94-04c1-424b-9868-57a2d4851a1d" relativeResultsDirectory="738689ff-f71b-4b64-8998-8650b667a762" /><UnitTestResult executionId="57a77d66-098c-41a2-9eae-b7929477ff2e" testId="5b352400-3366-4981-91e2-420203ed04f6" testName="IsErrorEnabledIsTrueIfVerboseIsFalse" computerName="TAG009442327432" duration="00:00:00.0000001" startTime="2018-09-20T12:48:07.0000000+02:00" endTime="2018-09-20T12:48:07.0000000+02:00" testType="13cdc9d9-ddb5-4fa4-a97d-d965ccfc6d4b" outcome="Passed" testListId="8c84fa94-04c1-424b-9868-57a2d4851a1d" relativeResultsDirectory="57a77d66-098c-41a2-9eae-b7929477ff2e" /><UnitTestResult executionId="a40f23ab-ab51-4181-9602-080a76d45a84" testId="8b81917d-119b-40c6-a095-ca3ae9aa27e8" testName="EnterActionReturnsNullActionIfActionNameIsAnEmptyString" computerName="TAG009442327432" duration="00:00:00.0010000" startTime="2018-09-20T12:48:07.0000000+02:00" endTime="2018-09-20T12:48:07.0000000+02:00" testType="13cdc9d9-ddb5-4fa4-a97d-d965ccfc6d4b" outcome="Passed" testListId="8c84fa94-04c1-424b-9868-57a2d4851a1d" relativeResultsDirectory="a40f23ab-ab51-4181-9602-080a76d45a84" /><UnitTestResult executionId="e7b5a909-8dda-4a76-b048-5c3c7971a1b3" testId="766763a3-eeb8-4b27-b05c-31ac5b78752d" testName="CannotSetNullTrustManagerForAppMon" computerName="TAG009442327432" duration="00:00:00.0000001" startTime="2018-09-20T12:48:08.0000000+02:00" endTime="2018-09-20T12:48:08.0000000+02:00" testType="13cdc9d9-ddb5-4fa4-a97d-d965ccfc6d4b" outcome="Passed" testListId="8c84fa94-04c1-424b-9868-57a2d4851a1d" relativeResultsDirectory="e7b5a909-8dda-4a76-b048-5c3c7971a1b3" /><UnitTestResult executionId="22c44db1-ea25-4c53-b12a-6cb3480e0c6b" testId="3a92aa11-e1e6-47b9-b832-a81c3af3c754" testName="StateIsNotTerminal" computerName="TAG009442327432" duration="00:00:00.0000001" startTime="2018-09-20T12:48:07.0000000+02:00" endTime="2018-09-20T12:48:07.0000000+02:00" testType="13cdc9d9-ddb5-4fa4-a97d-d965ccfc6d4b" outcome="Passed" testListId="8c84fa94-04c1-424b-9868-57a2d4851a1d" relativeResultsDirectory="22c44db1-ea25-4c53-b12a-6cb3480e0c6b" /><UnitTestResult executionId="1380937d-4a9d-4945-9290-4c2b39388db4" testId="025d6b55-de0b-4e83-84a4-870d6f6993c6" testName="ADefaultConstructedConfigurationUsesStrictTrustManager" computerName="TAG009442327432" duration="00:00:00.0000001" startTime="2018-09-20T12:48:07.0000000+02:00" endTime="2018-09-20T12:48:07.0000000+02:00" testType="13cdc9d9-ddb5-4fa4-a97d-d965ccfc6d4b" outcome="Passed" testListId="8c84fa94-04c1-424b-9868-57a2d4851a1d" relativeResultsDirectory="1380937d-4a9d-4945-9290-4c2b39388db4" /><UnitTestResult executionId="73fac4c0-5ee1-4955-8cf9-ca063b19732d" testId="4240394a-9ed1-438b-9dd9-38d0901abb71" testName="ParentIDIsZeroIfActionHasNoParent" computerName="TAG009442327432" duration="00:00:00.0000001" startTime="2018-09-20T12:48:07.0000000+02:00" endTime="2018-09-20T12:48:07.0000000+02:00" testType="13cdc9d9-ddb5-4fa4-a97d-d965ccfc6d4b" outcome="Passed" testListId="8c84fa94-04c1-424b-9868-57a2d4851a1d" relativeResultsDirectory="73fac4c0-5ee1-4955-8cf9-ca063b19732d" /><UnitTestResult executionId="b3cbd70e-8498-4844-ac41-0483bdd0aaf5" testId="a0c174f6-dff2-4b31-88ba-9d8116ed4012" testName="ADefaultConstructedBeaconCacheEvictorIsNotAlive" computerName="TAG009442327432" duration="00:00:00.0110000" startTime="2018-09-20T12:48:07.0000000+02:00" endTime="2018-09-20T12:48:07.0000000+02:00" testType="13cdc9d9-ddb5-4fa4-a97d-d965ccfc6d4b" outcome="Passed" testListId="8c84fa94-04c1-424b-9868-57a2d4851a1d" relativeResultsDirectory="b3cbd70e-8498-4844-ac41-0483bdd0aaf5" /><UnitTestResult executionId="3fb51ac7-551f-483b-845a-893ff800b566" testId="794d0504-2325-4a11-8e99-3e61ce218c08" testName="EvictRecordsByAge" computerName="TAG009442327432" duration="00:00:00.0010000" startTime="2018-09-20T12:48:07.0000000+02:00" endTime="2018-09-20T12:48:07.0000000+02:00" testType="13cdc9d9-ddb5-4fa4-a97d-d965ccfc6d4b" outcome="Passed" testListId="8c84fa94-04c1-424b-9868-57a2d4851a1d" relativeResultsDirectory="3fb51ac7-551f-483b-845a-893ff800b566" /><UnitTestResult executionId="1f432c6e-e9fb-4bf1-9576-245cd0f895d0" testId="8d09f114-b6af-42b2-bf72-ff69516ae591" testName="ReportStringValueDoesNothingIfValueNameIsAnEmptyString" computerName="TAG009442327432" duration="00:00:00.0010000" startTime="2018-09-20T12:48:07.0000000+02:00" endTime="2018-09-20T12:48:07.0000000+02:00" testType="13cdc9d9-ddb5-4fa4-a97d-d965ccfc6d4b" outcome="Passed" testListId="8c84fa94-04c1-424b-9868-57a2d4851a1d" relativeResultsDirectory="1f432c6e-e9fb-4bf1-9576-245cd0f895d0" /><UnitTestResult executionId="26cb4eca-2fda-4180-839f-a25cd38335f3" testId="de678d2b-3d98-4533-81cf-15845aaab9b2" testName="ErrorWithStacktraceLogsAppropriateMessage" computerName="TAG009442327432" duration="00:00:00.0010000" startTime="2018-09-20T12:48:07.0000000+02:00" endTime="2018-09-20T12:48:07.0000000+02:00" testType="13cdc9d9-ddb5-4fa4-a97d-d965ccfc6d4b" outcome="Passed" testListId="8c84fa94-04c1-424b-9868-57a2d4851a1d" relativeResultsDirectory="26cb4eca-2fda-4180-839f-a25cd38335f3" /><UnitTestResult executionId="28d22d94-a84e-40f8-8e20-4a6338adcda5" testId="de4715db-ff8d-48cf-ab25-fe4f8febff1a" testName="GetChunkMarksRetrievedData" computerName="TAG009442327432" duration="00:00:00.0060000" startTime="2018-09-20T12:48:07.0000000+02:00" endTime="2018-09-20T12:48:07.0000000+02:00" testType="13cdc9d9-ddb5-4fa4-a97d-d965ccfc6d4b" outcome="Passed" testListId="8c84fa94-04c1-424b-9868-57a2d4851a1d" relativeResultsDirectory="28d22d94-a84e-40f8-8e20-4a6338adcda5" /><UnitTestResult executionId="f68c6d78-041f-460e-ad7c-64a4240eca79" testId="8abc6fd4-730a-4c84-8702-8b714e1e5572" testName="StateIsTerminal" computerName="TAG009442327432" duration="00:00:00.0000001" startTime="2018-09-20T12:48:07.0000000+02:00" endTime="2018-09-20T12:48:07.0000000+02:00" testType="13cdc9d9-ddb5-4fa4-a97d-d965ccfc6d4b" outcome="Passed" testListId="8c84fa94-04c1-424b-9868-57a2d4851a1d" relativeResultsDirectory="f68c6d78-041f-460e-ad7c-64a4240eca79" /><UnitTestResult executionId="c4226184-beba-4a36-9df9-6c3f11d57ef8" testId="07b3cde4-efb7-4d48-a7d9-6ddb92c8dfe5" testName="LeavingAnActionAddsItselfInTheBeacon" computerName="TAG009442327432" duration="00:00:00.0010000" startTime="2018-09-20T12:48:07.0000000+02:00" endTime="2018-09-20T12:48:07.0000000+02:00" testType="13cdc9d9-ddb5-4fa4-a97d-d965ccfc6d4b" outcome="Passed" testListId="8c84fa94-04c1-424b-9868-57a2d4851a1d" relativeResultsDirectory="c4226184-beba-4a36-9df9-6c3f11d57ef8" /><UnitTestResult executionId="9e1b4c14-835e-4a39-a042-c5e827b16d56" testId="3627974f-f163-430f-9679-c9a068a84685" testName="EnterActionGivesNullActionIfActionNameIsEmptyString" computerName="TAG009442327432" duration="00:00:00.0010000" startTime="2018-09-20T12:48:07.0000000+02:00" endTime="2018-09-20T12:48:07.0000000+02:00" testType="13cdc9d9-ddb5-4fa4-a97d-d965ccfc6d4b" outcome="Passed" testListId="8c84fa94-04c1-424b-9868-57a2d4851a1d" relativeResultsDirectory="9e1b4c14-835e-4a39-a042-c5e827b16d56" /><UnitTestResult executionId="4052f95f-6631-4b58-8daf-fe63b8ea8e94" testId="b9610564-afaf-4fab-bb4b-96b061ac5bf0" testName="TransitionToTimeSycnIsPerformed" computerName="TAG009442327432" duration="00:00:00.0010000" startTime="2018-09-20T12:48:07.0000000+02:00" endTime="2018-09-20T12:48:07.0000000+02:00" testType="13cdc9d9-ddb5-4fa4-a97d-d965ccfc6d4b" outcome="Passed" testListId="8c84fa94-04c1-424b-9868-57a2d4851a1d" relativeResultsDirectory="4052f95f-6631-4b58-8daf-fe63b8ea8e94" /><UnitTestResult executionId="1112c668-e4fc-4d3f-83ea-a23b70c29ec1" testId="0a789ada-f413-473a-b156-ad8a4266fee5" testName="IpV6AddressValid_CharactersMixedCase" computerName="TAG009442327432" duration="00:00:00.0000001" startTime="2018-09-20T12:48:08.0000000+02:00" endTime="2018-09-20T12:48:08.0000000+02:00" testType="13cdc9d9-ddb5-4fa4-a97d-d965ccfc6d4b" outcome="Passed" testListId="8c84fa94-04c1-424b-9868-57a2d4851a1d" relativeResultsDirectory="1112c668-e4fc-4d3f-83ea-a23b70c29ec1" /><UnitTestResult executionId="76e5fabd-5f92-401d-9bda-0f92f28739fb" testId="9ed4b2d0-d032-40b3-8245-9787746d0d17" testName="TraceWebRequestGivesNullWebRequestTracerIfUrlIsAnEmptyString" computerName="TAG009442327432" duration="00:00:00.0010000" startTime="2018-09-20T12:48:07.0000000+02:00" endTime="2018-09-20T12:48:07.0000000+02:00" testType="13cdc9d9-ddb5-4fa4-a97d-d965ccfc6d4b" outcome="Passed" testListId="8c84fa94-04c1-424b-9868-57a2d4851a1d" relativeResultsDirectory="76e5fabd-5f92-401d-9bda-0f92f28739fb" /><UnitTestResult executionId="478eab1a-4f85-4f77-a4a6-793a96006eb4" testId="b9c1b82e-5b49-450e-83d5-f72f92c5a56d" testName="ABeaconSendingCaptureOffStateWaitsForGivenTime" computerName="TAG009442327432" duration="00:00:00.0020000" startTime="2018-09-20T12:48:07.0000000+02:00" endTime="2018-09-20T12:48:07.0000000+02:00" testType="13cdc9d9-ddb5-4fa4-a97d-d965ccfc6d4b" outcome="Passed" testListId="8c84fa94-04c1-424b-9868-57a2d4851a1d" relativeResultsDirectory="478eab1a-4f85-4f77-a4a6-793a96006eb4" /><UnitTestResult executionId="085c7773-de9a-4294-bf9f-0c34f052567d" testId="6235fcb2-e952-4eeb-bdf7-73e0c1980432" testName="ADefaultConstructedInstanceHasNoData" computerName="TAG009442327432" duration="00:00:00.0000001" startTime="2018-09-20T12:48:07.0000000+02:00" endTime="2018-09-20T12:48:07.0000000+02:00" testType="13cdc9d9-ddb5-4fa4-a97d-d965ccfc6d4b" outcome="Passed" testListId="8c84fa94-04c1-424b-9868-57a2d4851a1d" relativeResultsDirectory="085c7773-de9a-4294-bf9f-0c34f052567d" /><UnitTestResult executionId="cc6ee89b-88f3-4208-bed8-837713be583b" testId="7e406739-dd43-4a94-b93e-578ba71509aa" testName="ByDefaultBeaconConfigurationIsNotSet" computerName="TAG009442327432" duration="00:00:00.0000001" startTime="2018-09-20T12:48:07.0000000+02:00" endTime="2018-09-20T12:48:07.0000000+02:00" testType="13cdc9d9-ddb5-4fa4-a97d-d965ccfc6d4b" outcome="Passed" testListId="8c84fa94-04c1-424b-9868-57a2d4851a1d" relativeResultsDirectory="cc6ee89b-88f3-4208-bed8-837713be583b" /><UnitTestResult executionId="2ba5d822-e266-4368-a76c-f1fe502b31b0" testId="212f3cec-ff2d-4652-ac18-606d14d1b109" testName="SessionStartIsReportedForDataCollectionLevel2" computerName="TAG009442327432" duration="00:00:00.0000001" startTime="2018-09-20T12:48:08.0000000+02:00" endTime="2018-09-20T12:48:08.0000000+02:00" testType="13cdc9d9-ddb5-4fa4-a97d-d965ccfc6d4b" outcome="Passed" testListId="8c84fa94-04c1-424b-9868-57a2d4851a1d" relativeResultsDirectory="2ba5d822-e266-4368-a76c-f1fe502b31b0" /><UnitTestResult executionId="0492e6cd-2776-4f48-8de2-3de21ac23a5c" testId="b28e739d-a962-4996-9b78-2d84caa6df3f" testName="StateIsNotTerminal" computerName="TAG009442327432" duration="00:00:00.0000001" startTime="2018-09-20T12:48:07.0000000+02:00" endTime="2018-09-20T12:48:07.0000000+02:00" testType="13cdc9d9-ddb5-4fa4-a97d-d965ccfc6d4b" outcome="Passed" testListId="8c84fa94-04c1-424b-9868-57a2d4851a1d" relativeResultsDirectory="0492e6cd-2776-4f48-8de2-3de21ac23a5c" /><UnitTestResult executionId="33e254e8-d1b5-4010-9a1f-6cdeddf03f8e" testId="e39c3feb-38ed-4b80-ac63-12f778a32a3a" testName="TransitionToFlushStateIsPerformedOnShutdown" computerName="TAG009442327432" duration="00:00:00.0000001" startTime="2018-09-20T12:48:07.0000000+02:00" endTime="2018-09-20T12:48:07.0000000+02:00" testType="13cdc9d9-ddb5-4fa4-a97d-d965ccfc6d4b" outcome="Passed" testListId="8c84fa94-04c1-424b-9868-57a2d4851a1d" relativeResultsDirectory="33e254e8-d1b5-4010-9a1f-6cdeddf03f8e" /><UnitTestResult executionId="28de01a2-4438-4811-8202-6b3e452eb967" testId="f8cb9382-bb6d-4eb1-b696-3588585ad8e0" testName="NamedEventReportedForDataCollectionLevel2" computerName="TAG009442327432" duration="00:00:00.0000001" startTime="2018-09-20T12:48:08.0000000+02:00" endTime="2018-09-20T12:48:08.0000000+02:00" testType="13cdc9d9-ddb5-4fa4-a97d-d965ccfc6d4b" outcome="Passed" testListId="8c84fa94-04c1-424b-9868-57a2d4851a1d" relativeResultsDirectory="28de01a2-4438-4811-8202-6b3e452eb967" /><UnitTestResult executionId="4cf8d5a7-ca4d-449a-ba12-1b9ef89f75c0" testId="f88b998c-cdd3-47cc-aae9-99cff1a0caee" testName="ToStringReturnsTheStateName" computerName="TAG009442327432" duration="00:00:00.0000001" startTime="2018-09-20T12:48:07.0000000+02:00" endTime="2018-09-20T12:48:07.0000000+02:00" testType="13cdc9d9-ddb5-4fa4-a97d-d965ccfc6d4b" outcome="Passed" testListId="8c84fa94-04c1-424b-9868-57a2d4851a1d" relativeResultsDirectory="4cf8d5a7-ca4d-449a-ba12-1b9ef89f75c0" /><UnitTestResult executionId="73f5d384-b054-4987-8417-2f655ef36028" testId="b91b24b9-b770-4a45-a430-8a483fd39dda" testName="IsErroneousResponseGivesTrueForErrorCodeGreaterThan400" computerName="TAG009442327432" duration="00:00:00.0000001" startTime="2018-09-20T12:48:09.0000000+02:00" endTime="2018-09-20T12:48:09.0000000+02:00" testType="13cdc9d9-ddb5-4fa4-a97d-d965ccfc6d4b" outcome="Passed" testListId="8c84fa94-04c1-424b-9868-57a2d4851a1d" relativeResultsDirectory="73f5d384-b054-4987-8417-2f655ef36028" /><UnitTestResult executionId="0d1fe8dc-d760-463a-9077-c85d6b30fdbe" testId="f4d75870-9a36-4ce2-b0f8-ffbbb5316249" testName="SendNewSessionRequestIsRetriedThreeTimesBeforeGivingUp" computerName="TAG009442327432" duration="00:00:00.4060000" startTime="2018-09-20T12:48:08.0000000+02:00" endTime="2018-09-20T12:48:08.0000000+02:00" testType="13cdc9d9-ddb5-4fa4-a97d-d965ccfc6d4b" outcome="Passed" testListId="8c84fa94-04c1-424b-9868-57a2d4851a1d" relativeResultsDirectory="0d1fe8dc-d760-463a-9077-c85d6b30fdbe" /><UnitTestResult executionId="e693fe9e-75af-4824-af08-fc2cb1af4ef5" testId="38d484e4-a0a5-4921-9720-6e3f71ddaf33" testName="NoCrashIsReportedIfBeaconConfigurationDisablesCapturing" computerName="TAG009442327432" duration="00:00:00.0000001" startTime="2018-09-20T12:48:08.0000000+02:00" endTime="2018-09-20T12:48:08.0000000+02:00" testType="13cdc9d9-ddb5-4fa4-a97d-d965ccfc6d4b" outcome="Passed" testListId="8c84fa94-04c1-424b-9868-57a2d4851a1d" relativeResultsDirectory="e693fe9e-75af-4824-af08-fc2cb1af4ef5" /><UnitTestResult executionId="f7f16da2-65b9-4e9a-bddf-7a30e1c199d3" testId="de423dd5-c0d6-40f6-981e-946866a3891d" testName="SendTimeSyncRequestReturnsErrorCode" computerName="TAG009442327432" duration="00:00:00.0010000" startTime="2018-09-20T12:48:09.0000000+02:00" endTime="2018-09-20T12:48:09.0000000+02:00" testType="13cdc9d9-ddb5-4fa4-a97d-d965ccfc6d4b" outcome="Passed" testListId="8c84fa94-04c1-424b-9868-57a2d4851a1d" relativeResultsDirectory="f7f16da2-65b9-4e9a-bddf-7a30e1c199d3" /><UnitTestResult executionId="72606af0-e059-4ccf-80de-af19873d64bd" testId="e58abed1-26ef-4ea2-9010-4744234e7030" testName="SendNewSessionRequestReturnsErrorCode" computerName="TAG009442327432" duration="00:00:00.0010000" startTime="2018-09-20T12:48:08.0000000+02:00" endTime="2018-09-20T12:48:08.0000000+02:00" testType="13cdc9d9-ddb5-4fa4-a97d-d965ccfc6d4b" outcome="Passed" testListId="8c84fa94-04c1-424b-9868-57a2d4851a1d" relativeResultsDirectory="72606af0-e059-4ccf-80de-af19873d64bd" /><UnitTestResult executionId="83b6de31-62fe-43bf-a308-bbb64fa76088" testId="71e044bb-fec0-4a8f-8bb3-5d48a70004cf" testName="AWebRequestTracerIsStoppedAfterStopHasBeenCalled" computerName="TAG009442327432" duration="00:00:00.0010000" startTime="2018-09-20T12:48:08.0000000+02:00" endTime="2018-09-20T12:48:08.0000000+02:00" testType="13cdc9d9-ddb5-4fa4-a97d-d965ccfc6d4b" outcome="Passed" testListId="8c84fa94-04c1-424b-9868-57a2d4851a1d" relativeResultsDirectory="83b6de31-62fe-43bf-a308-bbb64fa76088" /><UnitTestResult executionId="9209788a-3a24-4f74-ab05-ce6ac1253f4e" testId="ea19aa3a-aeae-4b24-b54d-186c657959fa" testName="TimeSyncIsSupportedIfInitCalledWithTrue" computerName="TAG009442327432" duration="00:00:00.0000001" startTime="2018-09-20T12:48:09.0000000+02:00" endTime="2018-09-20T12:48:09.0000000+02:00" testType="13cdc9d9-ddb5-4fa4-a97d-d965ccfc6d4b" outcome="Passed" testListId="8c84fa94-04c1-424b-9868-57a2d4851a1d" relativeResultsDirectory="9209788a-3a24-4f74-ab05-ce6ac1253f4e" /><UnitTestResult executionId="d68c4e6d-5c8c-449e-b2a7-8394bde72ed2" testId="c15b2f87-9331-4c1f-a04b-7d274f630cfd" testName="AValidSchemeOnlyContainsLettersDigitsPlusPeriodOrHyphen" computerName="TAG009442327432" duration="00:00:00.0000001" startTime="2018-09-20T12:48:08.0000000+02:00" endTime="2018-09-20T12:48:08.0000000+02:00" testType="13cdc9d9-ddb5-4fa4-a97d-d965ccfc6d4b" outcome="Passed" testListId="8c84fa94-04c1-424b-9868-57a2d4851a1d" relativeResultsDirectory="d68c4e6d-5c8c-449e-b2a7-8394bde72ed2" /><UnitTestResult executionId="44364803-6d78-4225-9388-816b8e6cd278" testId="5780b925-40ee-443a-9285-f7d509cb48d0" testName="IpV6AddressMixedNotationIsValid_NonZeroIPv6NonCompressed" computerName="TAG009442327432" duration="00:00:00.0000001" startTime="2018-09-20T12:48:08.0000000+02:00" endTime="2018-09-20T12:48:08.0000000+02:00" testType="13cdc9d9-ddb5-4fa4-a97d-d965ccfc6d4b" outcome="Passed" testListId="8c84fa94-04c1-424b-9868-57a2d4851a1d" relativeResultsDirectory="44364803-6d78-4225-9388-816b8e6cd278" /><UnitTestResult executionId="06a4d094-4a30-4ee3-922f-c8a57e0023ff" testId="3d1c7f32-e36a-4fcf-b5ab-12a562cff75d" testName="ApplicationNameIsSetCorrectlyForAppMon" computerName="TAG009442327432" duration="00:00:00.0010000" startTime="2018-09-20T12:48:08.0000000+02:00" endTime="2018-09-20T12:48:08.0000000+02:00" testType="13cdc9d9-ddb5-4fa4-a97d-d965ccfc6d4b" outcome="Passed" testListId="8c84fa94-04c1-424b-9868-57a2d4851a1d" relativeResultsDirectory="06a4d094-4a30-4ee3-922f-c8a57e0023ff" /><UnitTestResult executionId="528ea657-379f-49a7-b716-b3ebb7caa2af" testId="42ed0d74-da00-43ec-8c2e-5b29e3668299" testName="TheInitialLastRunTimestampIsMinusOne" computerName="TAG009442327432" duration="00:00:00.0000001" startTime="2018-09-20T12:48:07.0000000+02:00" endTime="2018-09-20T12:48:07.0000000+02:00" testType="13cdc9d9-ddb5-4fa4-a97d-d965ccfc6d4b" outcome="Passed" testListId="8c84fa94-04c1-424b-9868-57a2d4851a1d" relativeResultsDirectory="528ea657-379f-49a7-b716-b3ebb7caa2af" /><UnitTestResult executionId="14a57a53-1fcc-4f52-9d3f-670e814254bf" testId="47190549-1673-4214-a093-d482cbc67c59" testName="ExecuteEvictionLogsTheNumberOfRecordsRemoved" computerName="TAG009442327432" duration="00:00:00.0010000" startTime="2018-09-20T12:48:07.0000000+02:00" endTime="2018-09-20T12:48:07.0000000+02:00" testType="13cdc9d9-ddb5-4fa4-a97d-d965ccfc6d4b" outcome="Passed" testListId="8c84fa94-04c1-424b-9868-57a2d4851a1d" relativeResultsDirectory="14a57a53-1fcc-4f52-9d3f-670e814254bf" /><UnitTestResult executionId="66d76c8d-b9f6-4c08-b3c1-e2dde79b8fd2" testId="6c0af282-b9e4-4136-8c51-cdd203c8367a" testName="DeviceIDIsRandomizedOnDataCollectionLevel0" computerName="TAG009442327432" duration="00:00:00.0010000" startTime="2018-09-20T12:48:08.0000000+02:00" endTime="2018-09-20T12:48:08.0000000+02:00" testType="13cdc9d9-ddb5-4fa4-a97d-d965ccfc6d4b" outcome="Passed" testListId="8c84fa94-04c1-424b-9868-57a2d4851a1d" relativeResultsDirectory="66d76c8d-b9f6-4c08-b3c1-e2dde79b8fd2" /><UnitTestResult executionId="25347c47-824b-40d9-826a-c5b20419972e" testId="ae254cda-5566-48c2-b601-23420f39d6b7" testName="TheDefaultRequestReceiveTimeIsMinusOne" computerName="TAG009442327432" duration="00:00:00.0000001" startTime="2018-09-20T12:48:09.0000000+02:00" endTime="2018-09-20T12:48:09.0000000+02:00" testType="13cdc9d9-ddb5-4fa4-a97d-d965ccfc6d4b" outcome="Passed" testListId="8c84fa94-04c1-424b-9868-57a2d4851a1d" relativeResultsDirectory="25347c47-824b-40d9-826a-c5b20419972e" /><UnitTestResult executionId="d6801003-4dba-4a7b-871b-877070539cef" testId="eeb2801b-d137-4475-a40b-f617054d6b18" testName="SendBeaconRequestForwardsClientIP" computerName="TAG009442327432" duration="00:00:00.0110000" startTime="2018-09-20T12:48:08.0000000+02:00" endTime="2018-09-20T12:48:08.0000000+02:00" testType="13cdc9d9-ddb5-4fa4-a97d-d965ccfc6d4b" outcome="Passed" testListId="8c84fa94-04c1-424b-9868-57a2d4851a1d" relativeResultsDirectory="d6801003-4dba-4a7b-871b-877070539cef" /><UnitTestResult executionId="696bbc4f-b376-4349-83ad-f2bf4f315a57" testId="177d76d2-79d6-4ba3-9fd8-f8f74c2c0042" testName="ReportCrashDoesNothingIfErrorNameIsNull" computerName="TAG009442327432" duration="00:00:00.0000001" startTime="2018-09-20T12:48:07.0000000+02:00" endTime="2018-09-20T12:48:07.0000000+02:00" testType="13cdc9d9-ddb5-4fa4-a97d-d965ccfc6d4b" outcome="Passed" testListId="8c84fa94-04c1-424b-9868-57a2d4851a1d" relativeResultsDirectory="696bbc4f-b376-4349-83ad-f2bf4f315a57" /><UnitTestResult executionId="40fce7e2-6f8e-4eb9-9593-8c86dfe050cc" testId="17745f05-9986-4e01-b058-f379114e42c6" testName="IpV4AddressIsValidAllEigtht" computerName="TAG009442327432" duration="00:00:00.0000001" startTime="2018-09-20T12:48:07.0000000+02:00" endTime="2018-09-20T12:48:07.0000000+02:00" testType="13cdc9d9-ddb5-4fa4-a97d-d965ccfc6d4b" outcome="Passed" testListId="8c84fa94-04c1-424b-9868-57a2d4851a1d" relativeResultsDirectory="40fce7e2-6f8e-4eb9-9593-8c86dfe050cc" /><UnitTestResult executionId="e1f2f512-80b5-4113-91b0-508f34209389" testId="32e0f19b-2566-42e8-b674-153e0d18318e" testName="CaptureIsFalseWhenItIsNotEqualToOne" computerName="TAG009442327432" duration="00:00:00.0010000" startTime="2018-09-20T12:48:09.0000000+02:00" endTime="2018-09-20T12:48:09.0000000+02:00" testType="13cdc9d9-ddb5-4fa4-a97d-d965ccfc6d4b" outcome="Passed" testListId="8c84fa94-04c1-424b-9868-57a2d4851a1d" relativeResultsDirectory="e1f2f512-80b5-4113-91b0-508f34209389" /><UnitTestResult executionId="71e23eb1-036f-4b0a-9eba-d997d5c99283" testId="b0c34c68-6b22-4dcd-a452-1e5b836fa89e" testName="ReportCrashDoesNothingIfSessionIsEnded" computerName="TAG009442327432" duration="00:00:00.0000001" startTime="2018-09-20T12:48:07.0000000+02:00" endTime="2018-09-20T12:48:07.0000000+02:00" testType="13cdc9d9-ddb5-4fa4-a97d-d965ccfc6d4b" outcome="Passed" testListId="8c84fa94-04c1-424b-9868-57a2d4851a1d" relativeResultsDirectory="71e23eb1-036f-4b0a-9eba-d997d5c99283" /><UnitTestResult executionId="600d2e65-c71a-42b6-be99-a1f600b50e64" testId="2139e15b-1dfb-43e8-97d7-853ec2e3689d" testName="LastOpenSessionSendTimeIsSet" computerName="TAG009442327432" duration="00:00:00.0000001" startTime="2018-09-20T12:48:07.0000000+02:00" endTime="2018-09-20T12:48:07.0000000+02:00" testType="13cdc9d9-ddb5-4fa4-a97d-d965ccfc6d4b" outcome="Passed" testListId="8c84fa94-04c1-424b-9868-57a2d4851a1d" relativeResultsDirectory="600d2e65-c71a-42b6-be99-a1f600b50e64" /><UnitTestResult executionId="2f1dcdfc-0082-44e1-b5db-ffd27b9786ec" testId="2eb5b2f0-076a-4015-9377-750cd66d1245" testName="DefaultValues" computerName="TAG009442327432" duration="00:00:00.0010000" startTime="2018-09-20T12:48:08.0000000+02:00" endTime="2018-09-20T12:48:08.0000000+02:00" testType="13cdc9d9-ddb5-4fa4-a97d-d965ccfc6d4b" outcome="Passed" testListId="8c84fa94-04c1-424b-9868-57a2d4851a1d" relativeResultsDirectory="2f1dcdfc-0082-44e1-b5db-ffd27b9786ec" /><UnitTestResult executionId="dfbe6b83-a4f7-4c30-9a0d-a40b53330f89" testId="bdc4b810-5ab9-40fd-9052-f654d43b3750" testName="InitCompleteIsCalledForInitialRequestOnFailure" computerName="TAG009442327432" duration="00:00:00.0040000" startTime="2018-09-20T12:48:07.0000000+02:00" endTime="2018-09-20T12:48:07.0000000+02:00" testType="13cdc9d9-ddb5-4fa4-a97d-d965ccfc6d4b" outcome="Passed" testListId="8c84fa94-04c1-424b-9868-57a2d4851a1d" relativeResultsDirectory="dfbe6b83-a4f7-4c30-9a0d-a40b53330f89" /><UnitTestResult executionId="799d7b72-3345-4db0-aa5e-4645ad1df535" testId="c44b28ee-6137-497e-b884-49dfd768de57" testName="NoSessionIsAddedIfBeaconConfigurationDisablesCapturing" computerName="TAG009442327432" duration="00:00:00.0000001" startTime="2018-09-20T12:48:08.0000000+02:00" endTime="2018-09-20T12:48:08.0000000+02:00" testType="13cdc9d9-ddb5-4fa4-a97d-d965ccfc6d4b" outcome="Passed" testListId="8c84fa94-04c1-424b-9868-57a2d4851a1d" relativeResultsDirectory="799d7b72-3345-4db0-aa5e-4645ad1df535" /><UnitTestResult executionId="764e552f-f4eb-475c-84af-22a1d77a06ae" testId="e7175019-95b6-4aef-892d-a283554876f4" testName="ReportIntValueDoesNothingIfValueNameIsAnEmptyString" computerName="TAG009442327432" duration="00:00:00.0020000" startTime="2018-09-20T12:48:07.0000000+02:00" endTime="2018-09-20T12:48:07.0000000+02:00" testType="13cdc9d9-ddb5-4fa4-a97d-d965ccfc6d4b" outcome="Passed" testListId="8c84fa94-04c1-424b-9868-57a2d4851a1d" relativeResultsDirectory="764e552f-f4eb-475c-84af-22a1d77a06ae" /><UnitTestResult executionId="d3a46165-5b32-4f1a-9998-ae1dfa35c378" testId="6c7410f0-6c59-4e4d-a803-1c834b56ab69" testName="ParsingInvalidNumericValueForCaptureCrashesThrowsException" computerName="TAG009442327432" duration="00:00:00.0010000" startTime="2018-09-20T12:48:09.0000000+02:00" endTime="2018-09-20T12:48:09.0000000+02:00" testType="13cdc9d9-ddb5-4fa4-a97d-d965ccfc6d4b" outcome="Passed" testListId="8c84fa94-04c1-424b-9868-57a2d4851a1d" relativeResultsDirectory="d3a46165-5b32-4f1a-9998-ae1dfa35c378" /><UnitTestResult executionId="ab80ca44-77ac-421f-875d-afd460b98462" testId="764cdfa3-1427-4e8b-b1b6-c78b4b4f953c" testName="StatusRequestIsRetried" computerName="TAG009442327432" duration="00:00:00.0010000" startTime="2018-09-20T12:48:07.0000000+02:00" endTime="2018-09-20T12:48:07.0000000+02:00" testType="13cdc9d9-ddb5-4fa4-a97d-d965ccfc6d4b" outcome="Passed" testListId="8c84fa94-04c1-424b-9868-57a2d4851a1d" relativeResultsDirectory="ab80ca44-77ac-421f-875d-afd460b98462" /><UnitTestResult executionId="bf57df20-a615-4ddd-b947-03974bb84c0c" testId="6dbcf047-2a58-4546-9bd1-82f306619150" testName="PassingEmptyResponseStringDoesNotThrow" computerName="TAG009442327432" duration="00:00:00.0020000" startTime="2018-09-20T12:48:09.0000000+02:00" endTime="2018-09-20T12:48:09.0000000+02:00" testType="13cdc9d9-ddb5-4fa4-a97d-d965ccfc6d4b" outcome="Passed" testListId="8c84fa94-04c1-424b-9868-57a2d4851a1d" relativeResultsDirectory="bf57df20-a615-4ddd-b947-03974bb84c0c" /><UnitTestResult executionId="d4cfdd28-3fbd-43ca-b6df-228cbec4c80c" testId="f90c492b-24fa-403c-8305-78652dfd5cf5" testName="IpV4AddressIsInvalidDueToAdditionalCharacterInThirdBlock" computerName="TAG009442327432" duration="00:00:00.0000001" startTime="2018-09-20T12:48:07.0000000+02:00" endTime="2018-09-20T12:48:07.0000000+02:00" testType="13cdc9d9-ddb5-4fa4-a97d-d965ccfc6d4b" outcome="Passed" testListId="8c84fa94-04c1-424b-9868-57a2d4851a1d" relativeResultsDirectory="d4cfdd28-3fbd-43ca-b6df-228cbec4c80c" /><UnitTestResult executionId="1614191b-d298-4ba4-8af1-271fadb98f67" testId="2f43ea9d-fb08-427f-9cc0-61886c01cd9c" testName="DeleteCacheEntryRemovesTheGivenBeacon" computerName="TAG009442327432" duration="00:00:00.0000001" startTime="2018-09-20T12:48:07.0000000+02:00" endTime="2018-09-20T12:48:07.0000000+02:00" testType="13cdc9d9-ddb5-4fa4-a97d-d965ccfc6d4b" outcome="Passed" testListId="8c84fa94-04c1-424b-9868-57a2d4851a1d" relativeResultsDirectory="1614191b-d298-4ba4-8af1-271fadb98f67" /><UnitTestResult executionId="134fdb79-aad1-40e8-9a2e-adba2f12ee3f" testId="9e640982-7608-42a3-8c89-0125a07f4ba9" testName="LeavingAnActionRemovesItselfFromListPassedInCtor" computerName="TAG009442327432" duration="00:00:00.0000001" startTime="2018-09-20T12:48:07.0000000+02:00" endTime="2018-09-20T12:48:07.0000000+02:00" testType="13cdc9d9-ddb5-4fa4-a97d-d965ccfc6d4b" outcome="Passed" testListId="8c84fa94-04c1-424b-9868-57a2d4851a1d" relativeResultsDirectory="134fdb79-aad1-40e8-9a2e-adba2f12ee3f" /><UnitTestResult executionId="a9851309-51fe-4dcc-9098-77a8e8548ce0" testId="51a9c793-402d-46a9-9ba7-c7f09f51be57" testName="SendTimeSyncRequestSendRequestToTimeSyncURL" computerName="TAG009442327432" duration="00:00:00.0010000" startTime="2018-09-20T12:48:09.0000000+02:00" endTime="2018-09-20T12:48:09.0000000+02:00" testType="13cdc9d9-ddb5-4fa4-a97d-d965ccfc6d4b" outcome="Passed" testListId="8c84fa94-04c1-424b-9868-57a2d4851a1d" relativeResultsDirectory="a9851309-51fe-4dcc-9098-77a8e8548ce0" /><UnitTestResult executionId="40a65d82-37e1-4480-989e-3998f9b84ba4" testId="b2e7e517-b845-4ab2-90e0-9e86f0e22f22" testName="IpV4AddressIsInvalidDueToIllegalValueOverrun" computerName="TAG009442327432" duration="00:00:00.0000001" startTime="2018-09-20T12:48:07.0000000+02:00" endTime="2018-09-20T12:48:07.0000000+02:00" testType="13cdc9d9-ddb5-4fa4-a97d-d965ccfc6d4b" outcome="Passed" testListId="8c84fa94-04c1-424b-9868-57a2d4851a1d" relativeResultsDirectory="40a65d82-37e1-4480-989e-3998f9b84ba4" /><UnitTestResult executionId="e430bbe8-4882-47f4-85ca-55412ecb3b3e" testId="95916b25-0fe9-4999-9bec-815c99acfaba" testName="PassingNullResponseStringDoesNotThrow" computerName="TAG009442327432" duration="00:00:00.0000001" startTime="2018-09-20T12:48:09.0000000+02:00" endTime="2018-09-20T12:48:09.0000000+02:00" testType="13cdc9d9-ddb5-4fa4-a97d-d965ccfc6d4b" outcome="Passed" testListId="8c84fa94-04c1-424b-9868-57a2d4851a1d" relativeResultsDirectory="e430bbe8-4882-47f4-85ca-55412ecb3b3e" /><UnitTestResult executionId="ad04dff5-38ce-4e87-9bdf-305dd57cb57e" testId="01520cbf-2716-4d32-a7fe-a4dbeaa06098" testName="InitCompleteIsNotCalledForNonInitialRequest" computerName="TAG009442327432" duration="00:00:00.0010000" startTime="2018-09-20T12:48:07.0000000+02:00" endTime="2018-09-20T12:48:07.0000000+02:00" testType="13cdc9d9-ddb5-4fa4-a97d-d965ccfc6d4b" outcome="Passed" testListId="8c84fa94-04c1-424b-9868-57a2d4851a1d" relativeResultsDirectory="ad04dff5-38ce-4e87-9bdf-305dd57cb57e" /><UnitTestResult executionId="5832847c-e43b-48fe-9a58-8a7324c9a764" testId="0a0a338c-50c9-4a6d-9ad8-d41507659423" testName="ReportDoubleValueDoesNothingIfValueNameIsAnEmptyString" computerName="TAG009442327432" duration="00:00:00.0040000" startTime="2018-09-20T12:48:07.0000000+02:00" endTime="2018-09-20T12:48:07.0000000+02:00" testType="13cdc9d9-ddb5-4fa4-a97d-d965ccfc6d4b" outcome="Passed" testListId="8c84fa94-04c1-424b-9868-57a2d4851a1d" relativeResultsDirectory="5832847c-e43b-48fe-9a58-8a7324c9a764" /><UnitTestResult executionId="ad74df1a-654e-4501-bed3-5313a0652941" testId="1181496c-240e-439c-8ad5-98f698aa0462" testName="RemoveOldestRecordsRemovesEventDataIfTopEventDataAndActionDataHaveSameTimestamp" computerName="TAG009442327432" duration="00:00:00.0010000" startTime="2018-09-20T12:48:07.0000000+02:00" endTime="2018-09-20T12:48:07.0000000+02:00" testType="13cdc9d9-ddb5-4fa4-a97d-d965ccfc6d4b" outcome="Passed" testListId="8c84fa94-04c1-424b-9868-57a2d4851a1d" relativeResultsDirectory="ad74df1a-654e-4501-bed3-5313a0652941" /><UnitTestResult executionId="eca78b53-52b1-4b9f-9451-5192f3a9945c" testId="336f0a33-49a6-4c35-8f74-45bc76ca429c" testName="EvictRecordsByNumber" computerName="TAG009442327432" duration="00:00:00.0010000" startTime="2018-09-20T12:48:07.0000000+02:00" endTime="2018-09-20T12:48:07.0000000+02:00" testType="13cdc9d9-ddb5-4fa4-a97d-d965ccfc6d4b" outcome="Passed" testListId="8c84fa94-04c1-424b-9868-57a2d4851a1d" relativeResultsDirectory="eca78b53-52b1-4b9f-9451-5192f3a9945c" /><UnitTestResult executionId="cc2a27be-baa3-48ff-b511-c50514684ca6" testId="60c2072d-ec3d-4b24-aa31-b1df44bfddea" testName="StartTimeIsSetInConstructor" computerName="TAG009442327432" duration="00:00:00.0010000" startTime="2018-09-20T12:48:07.0000000+02:00" endTime="2018-09-20T12:48:07.0000000+02:00" testType="13cdc9d9-ddb5-4fa4-a97d-d965ccfc6d4b" outcome="Passed" testListId="8c84fa94-04c1-424b-9868-57a2d4851a1d" relativeResultsDirectory="cc2a27be-baa3-48ff-b511-c50514684ca6" /><UnitTestResult executionId="667cc6f3-6dae-476b-97e6-4deb53d0db07" testId="b8d1f8b9-9960-44c1-a4b8-75160357448d" testName="IsEmptyGivesFalseIfBeaconDataSizeIsNotEqualToZero" computerName="TAG009442327432" duration="00:00:00.0000001" startTime="2018-09-20T12:48:07.0000000+02:00" endTime="2018-09-20T12:48:07.0000000+02:00" testType="13cdc9d9-ddb5-4fa4-a97d-d965ccfc6d4b" outcome="Passed" testListId="8c84fa94-04c1-424b-9868-57a2d4851a1d" relativeResultsDirectory="667cc6f3-6dae-476b-97e6-4deb53d0db07" /><UnitTestResult executionId="0d7624ce-56bb-4739-a791-591565ce9416" testId="95b9ea14-fdc0-4896-9e75-58d672fc7e5a" testName="LeavingAnActionReturnsTheParentAction" computerName="TAG009442327432" duration="00:00:00.0040000" startTime="2018-09-20T12:48:07.0000000+02:00" endTime="2018-09-20T12:48:07.0000000+02:00" testType="13cdc9d9-ddb5-4fa4-a97d-d965ccfc6d4b" outcome="Passed" testListId="8c84fa94-04c1-424b-9868-57a2d4851a1d" relativeResultsDirectory="0d7624ce-56bb-4739-a791-591565ce9416" /><UnitTestResult executionId="3ef86a5b-25c7-420d-a2df-b709d9be27a8" testId="d011c8f3-6172-48b0-84b3-cb8150be11bb" testName="ParsingInvalidResponseSendTimeThrowsException" computerName="TAG009442327432" duration="00:00:00.0010000" startTime="2018-09-20T12:48:09.0000000+02:00" endTime="2018-09-20T12:48:09.0000000+02:00" testType="13cdc9d9-ddb5-4fa4-a97d-d965ccfc6d4b" outcome="Passed" testListId="8c84fa94-04c1-424b-9868-57a2d4851a1d" relativeResultsDirectory="3ef86a5b-25c7-420d-a2df-b709d9be27a8" /><UnitTestResult executionId="ea99c62a-9052-4a1d-ada7-23f26923bbc5" testId="5270a6f4-7b90-4c43-9bc3-239f6ee62698" testName="RemoveOldestRecordsRemovesNothingIfEntryIsEmpty" computerName="TAG009442327432" duration="00:00:00.0000001" startTime="2018-09-20T12:48:07.0000000+02:00" endTime="2018-09-20T12:48:07.0000000+02:00" testType="13cdc9d9-ddb5-4fa4-a97d-d965ccfc6d4b" outcome="Passed" testListId="8c84fa94-04c1-424b-9868-57a2d4851a1d" relativeResultsDirectory="ea99c62a-9052-4a1d-ada7-23f26923bbc5" /><UnitTestResult executionId="58789454-d594-4576-8260-3f2a63776a9d" testId="5b44843a-c922-4c07-8f7a-41ff988a5cbd" testName="SendStatusRequestIsDoneWhenHttpClientReturnsASuccessfulResponse" computerName="TAG009442327432" duration="00:00:00.0000001" startTime="2018-09-20T12:48:07.0000000+02:00" endTime="2018-09-20T12:48:07.0000000+02:00" testType="13cdc9d9-ddb5-4fa4-a97d-d965ccfc6d4b" outcome="Passed" testListId="8c84fa94-04c1-424b-9868-57a2d4851a1d" relativeResultsDirectory="58789454-d594-4576-8260-3f2a63776a9d" /><UnitTestResult executionId="c4184a13-b5a1-432e-8be5-97bf35eac750" testId="e3f9d31b-e568-4c4c-b39f-949db95f0b87" testName="RemoveOldestRecordsRemovesActionDataIfEventDataIsEmpty" computerName="TAG009442327432" duration="00:00:00.0000001" startTime="2018-09-20T12:48:07.0000000+02:00" endTime="2018-09-20T12:48:07.0000000+02:00" testType="13cdc9d9-ddb5-4fa4-a97d-d965ccfc6d4b" outcome="Passed" testListId="8c84fa94-04c1-424b-9868-57a2d4851a1d" relativeResultsDirectory="c4184a13-b5a1-432e-8be5-97bf35eac750" /><UnitTestResult executionId="2bb92d43-eb8b-43c6-ae68-f7a4a659d6e1" testId="22994869-452b-421a-87dc-42bec2524c27" testName="Data" computerName="TAG009442327432" duration="00:00:00.0000001" startTime="2018-09-20T12:48:07.0000000+02:00" endTime="2018-09-20T12:48:07.0000000+02:00" testType="13cdc9d9-ddb5-4fa4-a97d-d965ccfc6d4b" outcome="Passed" testListId="8c84fa94-04c1-424b-9868-57a2d4851a1d" relativeResultsDirectory="2bb92d43-eb8b-43c6-ae68-f7a4a659d6e1" /><UnitTestResult executionId="887148e5-5922-4a52-90ff-7bee913fc030" testId="c323fcd6-8657-4fe4-bd1b-c8897d4c0c83" testName="NamedEventNotReportedForDataCollectionLevel1" computerName="TAG009442327432" duration="00:00:00.0000001" startTime="2018-09-20T12:48:08.0000000+02:00" endTime="2018-09-20T12:48:08.0000000+02:00" testType="13cdc9d9-ddb5-4fa4-a97d-d965ccfc6d4b" outcome="Passed" testListId="8c84fa94-04c1-424b-9868-57a2d4851a1d" relativeResultsDirectory="887148e5-5922-4a52-90ff-7bee913fc030" /><UnitTestResult executionId="be980a99-1393-4f2d-8c07-d898587fbb16" testId="efc4ac12-e016-464a-926a-f4b8847426d5" testName="LastTimeSyncTimeIsSet" computerName="TAG009442327432" duration="00:00:00.0000001" startTime="2018-09-20T12:48:07.0000000+02:00" endTime="2018-09-20T12:48:07.0000000+02:00" testType="13cdc9d9-ddb5-4fa4-a97d-d965ccfc6d4b" outcome="Passed" testListId="8c84fa94-04c1-424b-9868-57a2d4851a1d" relativeResultsDirectory="be980a99-1393-4f2d-8c07-d898587fbb16" /><UnitTestResult executionId="ad0e712f-0ec3-4a75-a133-b21a3ccb0aa8" testId="b8077028-8351-4d3e-94f6-80e39bca643c" testName="EnterActionReturnsNullActionIfAlreadyLeft" computerName="TAG009442327432" duration="00:00:00.0010000" startTime="2018-09-20T12:48:07.0000000+02:00" endTime="2018-09-20T12:48:07.0000000+02:00" testType="13cdc9d9-ddb5-4fa4-a97d-d965ccfc6d4b" outcome="Passed" testListId="8c84fa94-04c1-424b-9868-57a2d4851a1d" relativeResultsDirectory="ad0e712f-0ec3-4a75-a133-b21a3ccb0aa8" /><UnitTestResult executionId="34857019-1d4a-4cc9-a55d-b19308c0308e" testId="4a3f561e-b978-41e5-af6d-85a3a6aad431" testName="CapturingIsAllowedWhenMultiplicityIsGreaterThanZero" computerName="TAG009442327432" duration="00:00:00.0000001" startTime="2018-09-20T12:48:07.0000000+02:00" endTime="2018-09-20T12:48:07.0000000+02:00" testType="13cdc9d9-ddb5-4fa4-a97d-d965ccfc6d4b" outcome="Passed" testListId="8c84fa94-04c1-424b-9868-57a2d4851a1d" relativeResultsDirectory="34857019-1d4a-4cc9-a55d-b19308c0308e" /><UnitTestResult executionId="d9d8bcb9-2378-4a78-82c1-9b49bc0b4475" testId="143a16ee-1a02-400b-bffd-59524d62853b" testName="ParsingInvalidNumericValueForMultiplicityThrowsException" computerName="TAG009442327432" duration="00:00:00.0010000" startTime="2018-09-20T12:48:09.0000000+02:00" endTime="2018-09-20T12:48:09.0000000+02:00" testType="13cdc9d9-ddb5-4fa4-a97d-d965ccfc6d4b" outcome="Passed" testListId="8c84fa94-04c1-424b-9868-57a2d4851a1d" relativeResultsDirectory="d9d8bcb9-2378-4a78-82c1-9b49bc0b4475" /><UnitTestResult executionId="2306904a-d8e1-42dc-8731-92e9f98dcd5e" testId="501c2771-396f-4563-ab48-94068b725413" testName="EnableAndDisableCapturing" computerName="TAG009442327432" duration="00:00:00.0000001" startTime="2018-09-20T12:48:07.0000000+02:00" endTime="2018-09-20T12:48:07.0000000+02:00" testType="13cdc9d9-ddb5-4fa4-a97d-d965ccfc6d4b" outcome="Passed" testListId="8c84fa94-04c1-424b-9868-57a2d4851a1d" relativeResultsDirectory="2306904a-d8e1-42dc-8731-92e9f98dcd5e" /><UnitTestResult executionId="52f33bde-5bb7-46d3-b224-74d978e1d6a3" testId="d77299f8-920a-46e5-b324-1eab239d02e7" testName="RequestReceiveTimeIsParsed" computerName="TAG009442327432" duration="00:00:00.0000001" startTime="2018-09-20T12:48:09.0000000+02:00" endTime="2018-09-20T12:48:09.0000000+02:00" testType="13cdc9d9-ddb5-4fa4-a97d-d965ccfc6d4b" outcome="Passed" testListId="8c84fa94-04c1-424b-9868-57a2d4851a1d" relativeResultsDirectory="52f33bde-5bb7-46d3-b224-74d978e1d6a3" /><UnitTestResult executionId="e6d6e809-476c-40b4-919b-fe41e293d027" testId="f35052f1-999f-4799-bdfe-56a69b94044d" testName="CanOverrideTrustManagerForDynatrace" computerName="TAG009442327432" duration="00:00:00.0000001" startTime="2018-09-20T12:48:08.0000000+02:00" endTime="2018-09-20T12:48:08.0000000+02:00" testType="13cdc9d9-ddb5-4fa4-a97d-d965ccfc6d4b" outcome="Passed" testListId="8c84fa94-04c1-424b-9868-57a2d4851a1d" relativeResultsDirectory="e6d6e809-476c-40b4-919b-fe41e293d027" /><UnitTestResult executionId="fa9e7d18-c8a0-404a-8186-3e36b8c620ee" testId="ea4df315-d476-4714-9974-9a0ac41b9861" testName="CapturingIsDisabledFromStatusResponse" computerName="TAG009442327432" duration="00:00:00.0010000" startTime="2018-09-20T12:48:07.0000000+02:00" endTime="2018-09-20T12:48:07.0000000+02:00" testType="13cdc9d9-ddb5-4fa4-a97d-d965ccfc6d4b" outcome="Passed" testListId="8c84fa94-04c1-424b-9868-57a2d4851a1d" relativeResultsDirectory="fa9e7d18-c8a0-404a-8186-3e36b8c620ee" /><UnitTestResult executionId="85741fc7-372b-4b84-869b-f2c781c59e68" testId="76abe38c-512b-4d56-bf58-59437ff0d128" testName="ShouldRunGivesFalseIfNumBytesInCacheIsLessThanUpperBoundLimit" computerName="TAG009442327432" duration="00:00:00.0000001" startTime="2018-09-20T12:48:07.0000000+02:00" endTime="2018-09-20T12:48:07.0000000+02:00" testType="13cdc9d9-ddb5-4fa4-a97d-d965ccfc6d4b" outcome="Passed" testListId="8c84fa94-04c1-424b-9868-57a2d4851a1d" relativeResultsDirectory="85741fc7-372b-4b84-869b-f2c781c59e68" /><UnitTestResult executionId="e77ed83a-5387-4f63-bd7b-c07ff31fa3dd" testId="5509c6f4-2616-4da1-973d-07c71b781085" testName="TimeSyncRequestsAreInterruptedAfterUnsuccessfulRetries" computerName="TAG009442327432" duration="00:00:00.0000001" startTime="2018-09-20T12:48:07.0000000+02:00" endTime="2018-09-20T12:48:07.0000000+02:00" testType="13cdc9d9-ddb5-4fa4-a97d-d965ccfc6d4b" outcome="Passed" testListId="8c84fa94-04c1-424b-9868-57a2d4851a1d" relativeResultsDirectory="e77ed83a-5387-4f63-bd7b-c07ff31fa3dd" /><UnitTestResult executionId="2a6992f4-9999-48c8-b89b-2e764bb640ec" testId="127a067f-7801-4d63-b1ae-05c262e84141" testName="RemoveOldestRecordsStopsIfListsAreEmpty" computerName="TAG009442327432" duration="00:00:00.0010000" startTime="2018-09-20T12:48:07.0000000+02:00" endTime="2018-09-20T12:48:07.0000000+02:00" testType="13cdc9d9-ddb5-4fa4-a97d-d965ccfc6d4b" outcome="Passed" testListId="8c84fa94-04c1-424b-9868-57a2d4851a1d" relativeResultsDirectory="2a6992f4-9999-48c8-b89b-2e764bb640ec" /><UnitTestResult executionId="af37bc23-9105-4ceb-8964-820782563b8a" testId="ff2d58ee-a6e3-415a-ae29-cc07e35ade28" testName="IntValueReportedForDataCollectionLevel2" computerName="TAG009442327432" duration="00:00:00.0000001" startTime="2018-09-20T12:48:08.0000000+02:00" endTime="2018-09-20T12:48:08.0000000+02:00" testType="13cdc9d9-ddb5-4fa4-a97d-d965ccfc6d4b" outcome="Passed" testListId="8c84fa94-04c1-424b-9868-57a2d4851a1d" relativeResultsDirectory="af37bc23-9105-4ceb-8964-820782563b8a" /><UnitTestResult executionId="15eca64a-4c0c-4ec4-bd19-5d7dec5ae59d" testId="035676dd-12b9-43e5-a3e2-f8aaf6ca4518" testName="IpV6AddressMixedNotationIsValidIPV6" computerName="TAG009442327432" duration="00:00:00.0000001" startTime="2018-09-20T12:48:08.0000000+02:00" endTime="2018-09-20T12:48:08.0000000+02:00" testType="13cdc9d9-ddb5-4fa4-a97d-d965ccfc6d4b" outcome="Passed" testListId="8c84fa94-04c1-424b-9868-57a2d4851a1d" relativeResultsDirectory="15eca64a-4c0c-4ec4-bd19-5d7dec5ae59d" /><UnitTestResult executionId="c9389d3a-5f5f-4463-92ad-6a927a37a534" testId="33b229aa-4c4d-437e-a272-4f3e51bff0d2" testName="ANewlyCreatedActionIsNotLeft" computerName="TAG009442327432" duration="00:00:00.0010000" startTime="2018-09-20T12:48:07.0000000+02:00" endTime="2018-09-20T12:48:07.0000000+02:00" testType="13cdc9d9-ddb5-4fa4-a97d-d965ccfc6d4b" outcome="Passed" testListId="8c84fa94-04c1-424b-9868-57a2d4851a1d" relativeResultsDirectory="c9389d3a-5f5f-4463-92ad-6a927a37a534" /><UnitTestResult executionId="432b5281-5cd9-43e3-8708-de5d92ede933" testId="da226d4e-55c4-4e4a-844d-b50897cf4096" testName="IpV6AddressLinkLocalIsValidVeryShortLinkLocal" computerName="TAG009442327432" duration="00:00:00.0000001" startTime="2018-09-20T12:48:08.0000000+02:00" endTime="2018-09-20T12:48:08.0000000+02:00" testType="13cdc9d9-ddb5-4fa4-a97d-d965ccfc6d4b" outcome="Passed" testListId="8c84fa94-04c1-424b-9868-57a2d4851a1d" relativeResultsDirectory="432b5281-5cd9-43e3-8708-de5d92ede933" /><UnitTestResult executionId="4032c9ba-59a2-406f-adca-7af4c62fcafd" testId="9ef15a3f-e83b-45b0-9815-a18876ad66ba" testName="CanAddReceivedBytesToWebRequestTracer" computerName="TAG009442327432" duration="00:00:00.0020000" startTime="2018-09-20T12:48:08.0000000+02:00" endTime="2018-09-20T12:48:08.0000000+02:00" testType="13cdc9d9-ddb5-4fa4-a97d-d965ccfc6d4b" outcome="Passed" testListId="8c84fa94-04c1-424b-9868-57a2d4851a1d" relativeResultsDirectory="4032c9ba-59a2-406f-adca-7af4c62fcafd" /><UnitTestResult executionId="f491c0bb-90e7-4614-a92e-7d2b8a042bde" testId="9c7f81cc-7f9f-4e6f-9755-598c019ad2de" testName="CaptureErrorsIsFalseWhenItIsEqualToZero" computerName="TAG009442327432" duration="00:00:00.0000001" startTime="2018-09-20T12:48:09.0000000+02:00" endTime="2018-09-20T12:48:09.0000000+02:00" testType="13cdc9d9-ddb5-4fa4-a97d-d965ccfc6d4b" outcome="Passed" testListId="8c84fa94-04c1-424b-9868-57a2d4851a1d" relativeResultsDirectory="f491c0bb-90e7-4614-a92e-7d2b8a042bde" /><UnitTestResult executionId="bd9342f7-7b16-4ecd-9098-22eb53c1b588" testId="4b447642-bfb1-4940-b25a-b867a1866f7a" testName="MaxRecordAge" computerName="TAG009442327432" duration="00:00:00.0000001" startTime="2018-09-20T12:48:07.0000000+02:00" endTime="2018-09-20T12:48:07.0000000+02:00" testType="13cdc9d9-ddb5-4fa4-a97d-d965ccfc6d4b" outcome="Passed" testListId="8c84fa94-04c1-424b-9868-57a2d4851a1d" relativeResultsDirectory="bd9342f7-7b16-4ecd-9098-22eb53c1b588" /><UnitTestResult executionId="d5424b02-0488-4410-ba0b-92592899cc29" testId="b74e2be5-3848-4185-a4a2-e08851a42a72" testName="ReportIntValue" computerName="TAG009442327432" duration="00:00:00.0010000" startTime="2018-09-20T12:48:07.0000000+02:00" endTime="2018-09-20T12:48:07.0000000+02:00" testType="13cdc9d9-ddb5-4fa4-a97d-d965ccfc6d4b" outcome="Passed" testListId="8c84fa94-04c1-424b-9868-57a2d4851a1d" relativeResultsDirectory="d5424b02-0488-4410-ba0b-92592899cc29" /><UnitTestResult executionId="ac4ffd49-dd10-4632-a67d-740ab707f65a" testId="924efa32-0063-4483-bc5f-ff4c7331ede6" testName="ASchemeIsInvalidIfInvalidCharactersAreEncountered" computerName="TAG009442327432" duration="00:00:00.0010000" startTime="2018-09-20T12:48:08.0000000+02:00" endTime="2018-09-20T12:48:08.0000000+02:00" testType="13cdc9d9-ddb5-4fa4-a97d-d965ccfc6d4b" outcome="Passed" testListId="8c84fa94-04c1-424b-9868-57a2d4851a1d" relativeResultsDirectory="ac4ffd49-dd10-4632-a67d-740ab707f65a" /><UnitTestResult executionId="33da82f8-6e29-4c1a-989c-55f4ad817aa4" testId="54d42eb3-2f7a-4051-9441-1784a8992350" testName="SleepIsCalledOnEntry" computerName="TAG009442327432" duration="00:00:00.0010000" startTime="2018-09-20T12:48:07.0000000+02:00" endTime="2018-09-20T12:48:07.0000000+02:00" testType="13cdc9d9-ddb5-4fa4-a97d-d965ccfc6d4b" outcome="Passed" testListId="8c84fa94-04c1-424b-9868-57a2d4851a1d" relativeResultsDirectory="33da82f8-6e29-4c1a-989c-55f4ad817aa4" /><UnitTestResult executionId="741f3577-4fda-4661-bd3f-3071a8d50199" testId="e1443930-be5d-44f5-b9b8-2c71986d8193" testName="ExecuteEvictionLogsAMessageOnceAndReturnsIfStrategyIsDisabled" computerName="TAG009442327432" duration="00:00:00.0010000" startTime="2018-09-20T12:48:07.0000000+02:00" endTime="2018-09-20T12:48:07.0000000+02:00" testType="13cdc9d9-ddb5-4fa4-a97d-d965ccfc6d4b" outcome="Passed" testListId="8c84fa94-04c1-424b-9868-57a2d4851a1d" relativeResultsDirectory="741f3577-4fda-4661-bd3f-3071a8d50199" /><UnitTestResult executionId="35f329c8-572f-4059-b0c9-afef257bf0b1" testId="c0e9e395-6a1c-4f86-9ab8-0d2a350ebe14" testName="ResetDataMarkedForSendingResetsMarkedForSendingFlag" computerName="TAG009442327432" duration="00:00:00.0010000" startTime="2018-09-20T12:48:07.0000000+02:00" endTime="2018-09-20T12:48:07.0000000+02:00" testType="13cdc9d9-ddb5-4fa4-a97d-d965ccfc6d4b" outcome="Passed" testListId="8c84fa94-04c1-424b-9868-57a2d4851a1d" relativeResultsDirectory="35f329c8-572f-4059-b0c9-afef257bf0b1" /><UnitTestResult executionId="ba8ca22b-bf9a-4665-81e0-2f0e0c9df81f" testId="f6647b4a-61be-47d4-87c3-e92a40d307a1" testName="EndSequenceNumberIsSetToMinusOne" computerName="TAG009442327432" duration="00:00:00.0000001" startTime="2018-09-20T12:48:07.0000000+02:00" endTime="2018-09-20T12:48:07.0000000+02:00" testType="13cdc9d9-ddb5-4fa4-a97d-d965ccfc6d4b" outcome="Passed" testListId="8c84fa94-04c1-424b-9868-57a2d4851a1d" relativeResultsDirectory="ba8ca22b-bf9a-4665-81e0-2f0e0c9df81f" /><UnitTestResult executionId="1f83cdf5-9fba-45fe-8ebc-1a1d7b457091" testId="60e3f681-549b-4a28-b443-1b938325bd9e" testName="ABeaconSendingFlushSessionsStateClosesOpenSessions" computerName="TAG009442327432" duration="00:00:00.0050000" startTime="2018-09-20T12:48:07.0000000+02:00" endTime="2018-09-20T12:48:07.0000000+02:00" testType="13cdc9d9-ddb5-4fa4-a97d-d965ccfc6d4b" outcome="Passed" testListId="8c84fa94-04c1-424b-9868-57a2d4851a1d" relativeResultsDirectory="1f83cdf5-9fba-45fe-8ebc-1a1d7b457091" /><UnitTestResult executionId="d34498cb-d4e1-4ad2-ba17-53de96a86ab8" testId="99b4a459-e105-4377-b5f5-735dd0fceae5" testName="RandomDeviceIDCannotBeNegativeOnDataCollectionLevel0" computerName="TAG009442327432" duration="00:00:00.0010000" startTime="2018-09-20T12:48:08.0000000+02:00" endTime="2018-09-20T12:48:08.0000000+02:00" testType="13cdc9d9-ddb5-4fa4-a97d-d965ccfc6d4b" outcome="Passed" testListId="8c84fa94-04c1-424b-9868-57a2d4851a1d" relativeResultsDirectory="d34498cb-d4e1-4ad2-ba17-53de96a86ab8" /><UnitTestResult executionId="f4562ec3-02d3-49f0-be07-916e35ce9b76" testId="c17fb5ce-b4b9-4494-b0b2-4258314e97a4" testName="IsWarnEnabledIsTrueIfVerboseIsTrue" computerName="TAG009442327432" duration="00:00:00.0000001" startTime="2018-09-20T12:48:07.0000000+02:00" endTime="2018-09-20T12:48:07.0000000+02:00" testType="13cdc9d9-ddb5-4fa4-a97d-d965ccfc6d4b" outcome="Passed" testListId="8c84fa94-04c1-424b-9868-57a2d4851a1d" relativeResultsDirectory="f4562ec3-02d3-49f0-be07-916e35ce9b76" /><UnitTestResult executionId="b9b44dce-ef78-4492-9d43-5660ef56f6fd" testId="20c28096-e870-4a58-84ae-1fda1fe834c2" testName="TransitionToCaptureOffIsPerformedOnSuccess" computerName="TAG009442327432" duration="00:00:00.0010000" startTime="2018-09-20T12:48:07.0000000+02:00" endTime="2018-09-20T12:48:07.0000000+02:00" testType="13cdc9d9-ddb5-4fa4-a97d-d965ccfc6d4b" outcome="Passed" testListId="8c84fa94-04c1-424b-9868-57a2d4851a1d" relativeResultsDirectory="b9b44dce-ef78-4492-9d43-5660ef56f6fd" /><UnitTestResult executionId="6e0c312c-549c-4221-9508-2b1377f39037" testId="881f4858-4e26-4943-863b-7c61954be4e5" testName="DoubleValueNotReportedForDataCollectionLevel0" computerName="TAG009442327432" duration="00:00:00.0000001" startTime="2018-09-20T12:48:08.0000000+02:00" endTime="2018-09-20T12:48:08.0000000+02:00" testType="13cdc9d9-ddb5-4fa4-a97d-d965ccfc6d4b" outcome="Passed" testListId="8c84fa94-04c1-424b-9868-57a2d4851a1d" relativeResultsDirectory="6e0c312c-549c-4221-9508-2b1377f39037" /><UnitTestResult executionId="556c3748-5f4c-48cc-8568-2c5a16e70b60" testId="216f1967-14b8-44a1-9db6-7fd45923e1d5" testName="StopCanOnlyBeExecutedOnce" computerName="TAG009442327432" duration="00:00:00.0010000" startTime="2018-09-20T12:48:08.0000000+02:00" endTime="2018-09-20T12:48:08.0000000+02:00" testType="13cdc9d9-ddb5-4fa4-a97d-d965ccfc6d4b" outcome="Passed" testListId="8c84fa94-04c1-424b-9868-57a2d4851a1d" relativeResultsDirectory="556c3748-5f4c-48cc-8568-2c5a16e70b60" /><UnitTestResult executionId="1874b7fe-8546-4066-a4a8-76cc4694fc95" testId="edfb5ef2-f707-4809-b707-dd02f70fde8e" testName="ANewlyCreatedActionHasAnID" computerName="TAG009442327432" duration="00:00:00.0000001" startTime="2018-09-20T12:48:07.0000000+02:00" endTime="2018-09-20T12:48:07.0000000+02:00" testType="13cdc9d9-ddb5-4fa4-a97d-d965ccfc6d4b" outcome="Passed" testListId="8c84fa94-04c1-424b-9868-57a2d4851a1d" relativeResultsDirectory="1874b7fe-8546-4066-a4a8-76cc4694fc95" /><UnitTestResult executionId="b24d1287-e418-4708-bc9a-1576580e57ce" testId="37a21dbc-46e4-48f9-95ca-10cf429aab0f" testName="NoUserIdentificationIsReportedIfBeaconConfigurationDisablesCapturing" computerName="TAG009442327432" duration="00:00:00.0000001" startTime="2018-09-20T12:48:08.0000000+02:00" endTime="2018-09-20T12:48:08.0000000+02:00" testType="13cdc9d9-ddb5-4fa4-a97d-d965ccfc6d4b" outcome="Passed" testListId="8c84fa94-04c1-424b-9868-57a2d4851a1d" relativeResultsDirectory="b24d1287-e418-4708-bc9a-1576580e57ce" /><UnitTestResult executionId="2354ed2f-613c-4492-9cf4-0badce9a8748" testId="5f933e16-9009-4e99-97cc-f363d8869134" testName="CanSetBeaconCacheUpperMemoryBoundaryForDynatrace" computerName="TAG009442327432" duration="00:00:00.0010000" startTime="2018-09-20T12:48:08.0000000+02:00" endTime="2018-09-20T12:48:08.0000000+02:00" testType="13cdc9d9-ddb5-4fa4-a97d-d965ccfc6d4b" outcome="Passed" testListId="8c84fa94-04c1-424b-9868-57a2d4851a1d" relativeResultsDirectory="2354ed2f-613c-4492-9cf4-0badce9a8748" /><UnitTestResult executionId="d67810f8-6f8f-41e5-9f4e-2e2c6aab1d67" testId="e84e4d5d-cca8-4b37-a936-9597d97dd7de" testName="CanSetCrashReportingLevelForDynatrace" computerName="TAG009442327432" duration="00:00:00.0000001" startTime="2018-09-20T12:48:08.0000000+02:00" endTime="2018-09-20T12:48:08.0000000+02:00" testType="13cdc9d9-ddb5-4fa4-a97d-d965ccfc6d4b" outcome="Passed" testListId="8c84fa94-04c1-424b-9868-57a2d4851a1d" relativeResultsDirectory="d67810f8-6f8f-41e5-9f4e-2e2c6aab1d67" /><UnitTestResult executionId="224a35fe-7c16-4e88-85bb-6e7f3bb309ce" testId="88dfa9f7-c944-4632-8cc7-8ddbe08b05c3" testName="SendNewSessionRequestReturnsAnUnknownErrorResponseForUnparseableStatusResponse" computerName="TAG009442327432" duration="00:00:00.0040000" startTime="2018-09-20T12:48:08.0000000+02:00" endTime="2018-09-20T12:48:08.0000000+02:00" testType="13cdc9d9-ddb5-4fa4-a97d-d965ccfc6d4b" outcome="Passed" testListId="8c84fa94-04c1-424b-9868-57a2d4851a1d" relativeResultsDirectory="224a35fe-7c16-4e88-85bb-6e7f3bb309ce" /><UnitTestResult executionId="0da0f39d-5e48-4eb9-90cc-8ff87caefed5" testId="61a74344-309c-487c-a9ad-612562f6cd7c" testName="ReportCrashDoesNothingIfErrorNameIsAnEmptyString" computerName="TAG009442327432" duration="00:00:00.0000001" startTime="2018-09-20T12:48:07.0000000+02:00" endTime="2018-09-20T12:48:07.0000000+02:00" testType="13cdc9d9-ddb5-4fa4-a97d-d965ccfc6d4b" outcome="Passed" testListId="8c84fa94-04c1-424b-9868-57a2d4851a1d" relativeResultsDirectory="0da0f39d-5e48-4eb9-90cc-8ff87caefed5" /><UnitTestResult executionId="8a468ebe-f129-4888-a622-d1c0fced5db3" testId="35119159-dc3a-4200-90a4-ef0a844417d6" testName="CacheSizeUpperBound" computerName="TAG009442327432" duration="00:00:00.0000001" startTime="2018-09-20T12:48:07.0000000+02:00" endTime="2018-09-20T12:48:07.0000000+02:00" testType="13cdc9d9-ddb5-4fa4-a97d-d965ccfc6d4b" outcome="Passed" testListId="8c84fa94-04c1-424b-9868-57a2d4851a1d" relativeResultsDirectory="8a468ebe-f129-4888-a622-d1c0fced5db3" /><UnitTestResult executionId="0d78ad72-bbf6-43aa-a602-bd1ca3802aec" testId="7c49cb11-0f68-4eeb-a24e-29a2ea70bdd0" testName="SameInstancesHaveSameHashCode" computerName="TAG009442327432" duration="00:00:00.0000001" startTime="2018-09-20T12:48:07.0000000+02:00" endTime="2018-09-20T12:48:07.0000000+02:00" testType="13cdc9d9-ddb5-4fa4-a97d-d965ccfc6d4b" outcome="Passed" testListId="8c84fa94-04c1-424b-9868-57a2d4851a1d" relativeResultsDirectory="0d78ad72-bbf6-43aa-a602-bd1ca3802aec" /><UnitTestResult executionId="aea5f7b2-35c5-45fa-b4d9-289b1f9b2fb1" testId="75989ee8-0927-4b28-b91b-c42b44e82b35" testName="NullIsNotEqual" computerName="TAG009442327432" duration="00:00:00.0000001" startTime="2018-09-20T12:48:07.0000000+02:00" endTime="2018-09-20T12:48:07.0000000+02:00" testType="13cdc9d9-ddb5-4fa4-a97d-d965ccfc6d4b" outcome="Passed" testListId="8c84fa94-04c1-424b-9868-57a2d4851a1d" relativeResultsDirectory="aea5f7b2-35c5-45fa-b4d9-289b1f9b2fb1" /><UnitTestResult executionId="fe72112f-0008-4e5c-8f3b-e59d0a977d8d" testId="00881965-7eb5-4521-9361-d23e93db2bc5" testName="TheStrategyIsDisabledIfCacheSizeUpperBoundIsLessThanLowerBound" computerName="TAG009442327432" duration="00:00:00.0010000" startTime="2018-09-20T12:48:07.0000000+02:00" endTime="2018-09-20T12:48:07.0000000+02:00" testType="13cdc9d9-ddb5-4fa4-a97d-d965ccfc6d4b" outcome="Passed" testListId="8c84fa94-04c1-424b-9868-57a2d4851a1d" relativeResultsDirectory="fe72112f-0008-4e5c-8f3b-e59d0a977d8d" /><UnitTestResult executionId="9c8b91bb-67c3-414d-a3b2-0356a9f3aecb" testId="1cf07974-6fd6-4fed-89a9-411c15240fd0" testName="ParsingMaxBeaconSize" computerName="TAG009442327432" duration="00:00:00.0010000" startTime="2018-09-20T12:48:09.0000000+02:00" endTime="2018-09-20T12:48:09.0000000+02:00" testType="13cdc9d9-ddb5-4fa4-a97d-d965ccfc6d4b" outcome="Passed" testListId="8c84fa94-04c1-424b-9868-57a2d4851a1d" relativeResultsDirectory="9c8b91bb-67c3-414d-a3b2-0356a9f3aecb" /><UnitTestResult executionId="22a8cba5-6796-469e-803a-644fc938f1cf" testId="0863e63b-9d1f-4ea8-9a1a-a6792faf4ba3" testName="IntValueNotReportedForDataCollectionLevel0" computerName="TAG009442327432" duration="00:00:00.0010000" startTime="2018-09-20T12:48:08.0000000+02:00" endTime="2018-09-20T12:48:08.0000000+02:00" testType="13cdc9d9-ddb5-4fa4-a97d-d965ccfc6d4b" outcome="Passed" testListId="8c84fa94-04c1-424b-9868-57a2d4851a1d" relativeResultsDirectory="22a8cba5-6796-469e-803a-644fc938f1cf" /><UnitTestResult executionId="fc654818-49e6-4afc-ac90-281d74f73d58" testId="48e49df3-5673-4874-8053-a90667bba7b8" testName="RemoveChunkedDataClearsAlreadyRetrievedChunks" computerName="TAG009442327432" duration="00:00:00.0020000" startTime="2018-09-20T12:48:07.0000000+02:00" endTime="2018-09-20T12:48:07.0000000+02:00" testType="13cdc9d9-ddb5-4fa4-a97d-d965ccfc6d4b" outcome="Passed" testListId="8c84fa94-04c1-424b-9868-57a2d4851a1d" relativeResultsDirectory="fc654818-49e6-4afc-ac90-281d74f73d58" /><UnitTestResult executionId="45e4fc74-f044-4cf9-9373-5644a9cd71bb" testId="e8dbb79b-fdfd-4ba6-9820-1cd0150abf5d" testName="CreateTagReturnsTagStringForDataCollectionLevel1" computerName="TAG009442327432" duration="00:00:00.0000001" startTime="2018-09-20T12:48:08.0000000+02:00" endTime="2018-09-20T12:48:08.0000000+02:00" testType="13cdc9d9-ddb5-4fa4-a97d-d965ccfc6d4b" outcome="Passed" testListId="8c84fa94-04c1-424b-9868-57a2d4851a1d" relativeResultsDirectory="45e4fc74-f044-4cf9-9373-5644a9cd71bb" /><UnitTestResult executionId="e109b001-7138-4a97-b98d-25572e9a99a3" testId="5fc3d8ae-7b31-478c-b3f5-9ee84bfc36c1" testName="ExecuteEvictionCallsEvictionForEachBeaconSeparately" computerName="TAG009442327432" duration="00:00:00.0050000" startTime="2018-09-20T12:48:07.0000000+02:00" endTime="2018-09-20T12:48:07.0000000+02:00" testType="13cdc9d9-ddb5-4fa4-a97d-d965ccfc6d4b" outcome="Passed" testListId="8c84fa94-04c1-424b-9868-57a2d4851a1d" relativeResultsDirectory="e109b001-7138-4a97-b98d-25572e9a99a3" /><UnitTestResult executionId="a3d2b8dc-d82d-400b-8da6-05310d3915e3" testId="1d50e6c2-5d02-41b9-a87f-ab774a840802" testName="ABeaconSendingCaptureOnStateContinuesWithNextFinishedSessionIfSendingWasUnsuccessfulButBeaconIsEmtpy" computerName="TAG009442327432" duration="00:00:00.0130000" startTime="2018-09-20T12:48:07.0000000+02:00" endTime="2018-09-20T12:48:07.0000000+02:00" testType="13cdc9d9-ddb5-4fa4-a97d-d965ccfc6d4b" outcome="Passed" testListId="8c84fa94-04c1-424b-9868-57a2d4851a1d" relativeResultsDirectory="a3d2b8dc-d82d-400b-8da6-05310d3915e3" /><UnitTestResult executionId="54975c23-e61a-44c2-a53e-118f286efab3" testId="e1614521-1d6a-4ff9-89bd-363b34a0075a" testName="ContextIsInitializedWithInitState" computerName="TAG009442327432" duration="00:00:00.0000001" startTime="2018-09-20T12:48:07.0000000+02:00" endTime="2018-09-20T12:48:07.0000000+02:00" testType="13cdc9d9-ddb5-4fa4-a97d-d965ccfc6d4b" outcome="Passed" testListId="8c84fa94-04c1-424b-9868-57a2d4851a1d" relativeResultsDirectory="54975c23-e61a-44c2-a53e-118f286efab3" /><UnitTestResult executionId="ac8ebbc1-38b7-4d2a-9206-2e6c3035fe42" testId="3a81c101-664e-4398-bb83-f7e0cf2d6002" testName="TraceWebRequestGivesNullWebRequestTracerIfActionIsAlreadyLeft" computerName="TAG009442327432" duration="00:00:00.0100000" startTime="2018-09-20T12:48:07.0000000+02:00" endTime="2018-09-20T12:48:07.0000000+02:00" testType="13cdc9d9-ddb5-4fa4-a97d-d965ccfc6d4b" outcome="Passed" testListId="8c84fa94-04c1-424b-9868-57a2d4851a1d" relativeResultsDirectory="ac8ebbc1-38b7-4d2a-9206-2e6c3035fe42" /><UnitTestResult executionId="9a7c9e99-a38f-49d3-981f-9371f5f46cf6" testId="6d486302-6f88-4b8c-acf2-5d0d0e900975" testName="AddActionDataIncreasesCacheSize" computerName="TAG009442327432" duration="00:00:00.0000001" startTime="2018-09-20T12:48:07.0000000+02:00" endTime="2018-09-20T12:48:07.0000000+02:00" testType="13cdc9d9-ddb5-4fa4-a97d-d965ccfc6d4b" outcome="Passed" testListId="8c84fa94-04c1-424b-9868-57a2d4851a1d" relativeResultsDirectory="9a7c9e99-a38f-49d3-981f-9371f5f46cf6" /><UnitTestResult executionId="8d05dd11-cdba-4fac-afd6-6b5900e807c4" testId="f543d984-9689-4818-8e1c-749a0a5fef1b" testName="ActionReportedForDataCollectionLevel2" computerName="TAG009442327432" duration="00:00:00.0010000" startTime="2018-09-20T12:48:08.0000000+02:00" endTime="2018-09-20T12:48:08.0000000+02:00" testType="13cdc9d9-ddb5-4fa4-a97d-d965ccfc6d4b" outcome="Passed" testListId="8c84fa94-04c1-424b-9868-57a2d4851a1d" relativeResultsDirectory="8d05dd11-cdba-4fac-afd6-6b5900e807c4" /><UnitTestResult executionId="5db5e193-ff87-4118-8df2-fc30b31ac0f7" testId="2948a3d3-b624-49f2-a096-2550af2146ee" testName="DefaultCaptureCrashesIsOn" computerName="TAG009442327432" duration="00:00:00.0000001" startTime="2018-09-20T12:48:09.0000000+02:00" endTime="2018-09-20T12:48:09.0000000+02:00" testType="13cdc9d9-ddb5-4fa4-a97d-d965ccfc6d4b" outcome="Passed" testListId="8c84fa94-04c1-424b-9868-57a2d4851a1d" relativeResultsDirectory="5db5e193-ff87-4118-8df2-fc30b31ac0f7" /><UnitTestResult executionId="8ff4dfbf-8b53-467b-85d4-52ceb407379d" testId="2b171089-717e-4c25-b911-268505ae118f" testName="EnterActionGivesNewRootAction" computerName="TAG009442327432" duration="00:00:00.0010000" startTime="2018-09-20T12:48:07.0000000+02:00" endTime="2018-09-20T12:48:07.0000000+02:00" testType="13cdc9d9-ddb5-4fa4-a97d-d965ccfc6d4b" outcome="Passed" testListId="8c84fa94-04c1-424b-9868-57a2d4851a1d" relativeResultsDirectory="8ff4dfbf-8b53-467b-85d4-52ceb407379d" /><UnitTestResult executionId="544f2dba-5537-41c6-9c62-e0d77fbbfbcb" testId="c8c72088-6670-4042-ae79-dcc304d85886" testName="SendBeaconRequestReturnsAnUnknownErrorResponseForWrongHttpResponse" computerName="TAG009442327432" duration="00:00:00.0010000" startTime="2018-09-20T12:48:08.0000000+02:00" endTime="2018-09-20T12:48:08.0000000+02:00" testType="13cdc9d9-ddb5-4fa4-a97d-d965ccfc6d4b" outcome="Passed" testListId="8c84fa94-04c1-424b-9868-57a2d4851a1d" relativeResultsDirectory="544f2dba-5537-41c6-9c62-e0d77fbbfbcb" /><UnitTestResult executionId="4bce5561-5ed9-414d-b296-71f17e518662" testId="46717940-593a-439d-9edb-bdec66c57ef1" testName="OpenSessionsAreSentIfSendIntervalIsExceeded" computerName="TAG009442327432" duration="00:00:00.0020000" startTime="2018-09-20T12:48:07.0000000+02:00" endTime="2018-09-20T12:48:07.0000000+02:00" testType="13cdc9d9-ddb5-4fa4-a97d-d965ccfc6d4b" outcome="Passed" testListId="8c84fa94-04c1-424b-9868-57a2d4851a1d" relativeResultsDirectory="4bce5561-5ed9-414d-b296-71f17e518662" /><UnitTestResult executionId="5af1c9ab-7127-46db-b23a-c96563d0f6ae" testId="b9a6d470-479e-4287-a0ba-6849c3be199e" testName="NameIsSet" computerName="TAG009442327432" duration="00:00:00.0000001" startTime="2018-09-20T12:48:07.0000000+02:00" endTime="2018-09-20T12:48:07.0000000+02:00" testType="13cdc9d9-ddb5-4fa4-a97d-d965ccfc6d4b" outcome="Passed" testListId="8c84fa94-04c1-424b-9868-57a2d4851a1d" relativeResultsDirectory="5af1c9ab-7127-46db-b23a-c96563d0f6ae" /><UnitTestResult executionId="f124de74-f5bf-4540-abe3-c375de0ecec3" testId="ba86468c-9031-49d9-b5db-d557c43ee25c" testName="WebRequestIsReportedForDataCollectionLevel2" computerName="TAG009442327432" duration="00:00:00.0010000" startTime="2018-09-20T12:48:08.0000000+02:00" endTime="2018-09-20T12:48:08.0000000+02:00" testType="13cdc9d9-ddb5-4fa4-a97d-d965ccfc6d4b" outcome="Passed" testListId="8c84fa94-04c1-424b-9868-57a2d4851a1d" relativeResultsDirectory="f124de74-f5bf-4540-abe3-c375de0ecec3" /><UnitTestResult executionId="3d54077c-3e97-4d41-9bba-529234d7e2bc" testId="c5030a84-68c0-43db-ada6-efa8b1d7e866" testName="RemoveOldestRecordsRemovesEventDataIfActionDataIsEmpty" computerName="TAG009442327432" duration="00:00:00.0000001" startTime="2018-09-20T12:48:07.0000000+02:00" endTime="2018-09-20T12:48:07.0000000+02:00" testType="13cdc9d9-ddb5-4fa4-a97d-d965ccfc6d4b" outcome="Passed" testListId="8c84fa94-04c1-424b-9868-57a2d4851a1d" relativeResultsDirectory="3d54077c-3e97-4d41-9bba-529234d7e2bc" /><UnitTestResult executionId="257d39a8-d7b6-44f0-ab47-7892f2faab7d" testId="3898878a-ac4d-47bc-9c0b-2fb70203c00e" testName="CanAddReceivedBytesValueZeroToWebRequestTracer" computerName="TAG009442327432" duration="00:00:00.0010000" startTime="2018-09-20T12:48:08.0000000+02:00" endTime="2018-09-20T12:48:08.0000000+02:00" testType="13cdc9d9-ddb5-4fa4-a97d-d965ccfc6d4b" outcome="Passed" testListId="8c84fa94-04c1-424b-9868-57a2d4851a1d" relativeResultsDirectory="257d39a8-d7b6-44f0-ab47-7892f2faab7d" /><UnitTestResult executionId="bb5de431-7584-476b-9a8a-e9654d6de861" testId="6d650ab3-7b42-42dd-a8fe-139128dd6749" testName="GetChunkGetsChunksFromEventDataBeforeActionData" computerName="TAG009442327432" duration="00:00:00.0020000" startTime="2018-09-20T12:48:07.0000000+02:00" endTime="2018-09-20T12:48:07.0000000+02:00" testType="13cdc9d9-ddb5-4fa4-a97d-d965ccfc6d4b" outcome="Passed" testListId="8c84fa94-04c1-424b-9868-57a2d4851a1d" relativeResultsDirectory="bb5de431-7584-476b-9a8a-e9654d6de861" /><UnitTestResult executionId="320d9ed0-18e0-4f6a-a3fc-a35543ecbdeb" testId="4dd39b81-4c16-4db6-935c-7309d7504274" testName="GetRetryAfterReturnsDefaultValueIfMultipleValuesWereRetrieved" computerName="TAG009442327432" duration="00:00:00.0010000" startTime="2018-09-20T12:48:09.0000000+02:00" endTime="2018-09-20T12:48:09.0000000+02:00" testType="13cdc9d9-ddb5-4fa4-a97d-d965ccfc6d4b" outcome="Passed" testListId="8c84fa94-04c1-424b-9868-57a2d4851a1d" relativeResultsDirectory="320d9ed0-18e0-4f6a-a3fc-a35543ecbdeb" /><UnitTestResult executionId="c128baab-0f82-4b0e-b2db-967aeab1b7bf" testId="f12eeaa0-2145-46d7-a362-9da076bf3983" testName="DefaultsAreSetForDynatrace" computerName="TAG009442327432" duration="00:00:00.0000001" startTime="2018-09-20T12:48:08.0000000+02:00" endTime="2018-09-20T12:48:08.0000000+02:00" testType="13cdc9d9-ddb5-4fa4-a97d-d965ccfc6d4b" outcome="Passed" testListId="8c84fa94-04c1-424b-9868-57a2d4851a1d" relativeResultsDirectory="c128baab-0f82-4b0e-b2db-967aeab1b7bf" /><UnitTestResult executionId="96e87a48-fdc9-4746-9e39-85cdc9369b35" testId="d9581807-6650-4be6-8ca3-3758baddbbd0" testName="CanAddSentBytesToWebRequestTracer" computerName="TAG009442327432" duration="00:00:00.0010000" startTime="2018-09-20T12:48:08.0000000+02:00" endTime="2018-09-20T12:48:08.0000000+02:00" testType="13cdc9d9-ddb5-4fa4-a97d-d965ccfc6d4b" outcome="Passed" testListId="8c84fa94-04c1-424b-9868-57a2d4851a1d" relativeResultsDirectory="96e87a48-fdc9-4746-9e39-85cdc9369b35" /><UnitTestResult executionId="c3dd1980-5a79-4bfa-8eba-0e2a9eaa8b5c" testId="5ea3a94b-8693-4d88-a858-4b37fcd02838" testName="WhenBeaconConfigurationIsSetSendingIsAllowedIfMultiplicityIsGreaterThanZero" computerName="TAG009442327432" duration="00:00:00.0000001" startTime="2018-09-20T12:48:07.0000000+02:00" endTime="2018-09-20T12:48:07.0000000+02:00" testType="13cdc9d9-ddb5-4fa4-a97d-d965ccfc6d4b" outcome="Passed" testListId="8c84fa94-04c1-424b-9868-57a2d4851a1d" relativeResultsDirectory="c3dd1980-5a79-4bfa-8eba-0e2a9eaa8b5c" /><UnitTestResult executionId="48e1fb17-40a9-497b-b362-8ea65b63055b" testId="2d136ce9-3d03-40bb-9480-609155d46824" testName="AmpersandIsNotAValidKeyValueSeparator" computerName="TAG009442327432" duration="00:00:00.0010000" startTime="2018-09-20T12:48:09.0000000+02:00" endTime="2018-09-20T12:48:09.0000000+02:00" testType="13cdc9d9-ddb5-4fa4-a97d-d965ccfc6d4b" outcome="Passed" testListId="8c84fa94-04c1-424b-9868-57a2d4851a1d" relativeResultsDirectory="48e1fb17-40a9-497b-b362-8ea65b63055b" /><UnitTestResult executionId="e9513022-dc50-44fa-bc7a-5305dc883a8a" testId="00b8c217-68da-494a-a59a-cb0727e8bdc7" testName="TraceWebRequestGivesNullWebRequestTracerIfUrlIsNull" computerName="TAG009442327432" duration="00:00:00.0010000" startTime="2018-09-20T12:48:07.0000000+02:00" endTime="2018-09-20T12:48:07.0000000+02:00" testType="13cdc9d9-ddb5-4fa4-a97d-d965ccfc6d4b" outcome="Passed" testListId="8c84fa94-04c1-424b-9868-57a2d4851a1d" relativeResultsDirectory="e9513022-dc50-44fa-bc7a-5305dc883a8a" /><UnitTestResult executionId="d0e189ca-a820-4a65-b708-7b2c648d9813" testId="ffdd8920-97bb-4c56-9fbb-e63ab611d089" testName="ByDefaultTheSessionIsNotFinished" computerName="TAG009442327432" duration="00:00:00.0000001" startTime="2018-09-20T12:48:07.0000000+02:00" endTime="2018-09-20T12:48:07.0000000+02:00" testType="13cdc9d9-ddb5-4fa4-a97d-d965ccfc6d4b" outcome="Passed" testListId="8c84fa94-04c1-424b-9868-57a2d4851a1d" relativeResultsDirectory="d0e189ca-a820-4a65-b708-7b2c648d9813" /><UnitTestResult executionId="4984e28d-6a7e-43d1-9ace-c7a2d1a471db" testId="0303db6d-506c-4646-b339-2811c9480b66" testName="IsSuccessfulResponseReturnsFalseIfResponseIsNull" computerName="TAG009442327432" duration="00:00:00.0000001" startTime="2018-09-20T12:48:07.0000000+02:00" endTime="2018-09-20T12:48:07.0000000+02:00" testType="13cdc9d9-ddb5-4fa4-a97d-d965ccfc6d4b" outcome="Passed" testListId="8c84fa94-04c1-424b-9868-57a2d4851a1d" relativeResultsDirectory="4984e28d-6a7e-43d1-9ace-c7a2d1a471db" /><UnitTestResult executionId="5f5fe354-08fb-4c27-b4c6-48af544f7e81" testId="a6770509-aefa-40fb-acac-80e2a4a4a916" testName="ABeaconSendingCaptureOffStateStaysInOffStateWhenServerRespondsWithTooManyRequests" computerName="TAG009442327432" duration="00:00:00.0140000" startTime="2018-09-20T12:48:07.0000000+02:00" endTime="2018-09-20T12:48:07.0000000+02:00" testType="13cdc9d9-ddb5-4fa4-a97d-d965ccfc6d4b" outcome="Passed" testListId="8c84fa94-04c1-424b-9868-57a2d4851a1d" relativeResultsDirectory="5f5fe354-08fb-4c27-b4c6-48af544f7e81" /><UnitTestResult executionId="aeda3c10-5a0d-41d8-8008-8dd4567e1dd8" testId="7b784880-64cd-4df6-ad53-7c0725585713" testName="SendTimeSyncRequestIsRetriedThreeTimesBeforeGivingUp" computerName="TAG009442327432" duration="00:00:00.4060000" startTime="2018-09-20T12:48:09.0000000+02:00" endTime="2018-09-20T12:48:09.0000000+02:00" testType="13cdc9d9-ddb5-4fa4-a97d-d965ccfc6d4b" outcome="Passed" testListId="8c84fa94-04c1-424b-9868-57a2d4851a1d" relativeResultsDirectory="aeda3c10-5a0d-41d8-8008-8dd4567e1dd8" /><UnitTestResult executionId="4fcc964c-0437-4094-acc6-9c929547e2b3" testId="7714d63a-36b3-4e89-9cb8-af8f98ddd4fa" testName="LastTimeSyncTimeIsInitializedWithMinus1" computerName="TAG009442327432" duration="00:00:00.0000001" startTime="2018-09-20T12:48:07.0000000+02:00" endTime="2018-09-20T12:48:07.0000000+02:00" testType="13cdc9d9-ddb5-4fa4-a97d-d965ccfc6d4b" outcome="Passed" testListId="8c84fa94-04c1-424b-9868-57a2d4851a1d" relativeResultsDirectory="4fcc964c-0437-4094-acc6-9c929547e2b3" /><UnitTestResult executionId="fd923eac-83d3-414a-866c-07dad65fb280" testId="e40f733d-2953-4b18-a12b-95f9fc085f52" testName="CaptureErrorsIsTrueWhenItIsNotEqualToZero" computerName="TAG009442327432" duration="00:00:00.0010000" startTime="2018-09-20T12:48:09.0000000+02:00" endTime="2018-09-20T12:48:09.0000000+02:00" testType="13cdc9d9-ddb5-4fa4-a97d-d965ccfc6d4b" outcome="Passed" testListId="8c84fa94-04c1-424b-9868-57a2d4851a1d" relativeResultsDirectory="fd923eac-83d3-414a-866c-07dad65fb280" /><UnitTestResult executionId="751dcf1f-661f-4ca1-8c9c-7d0d75f797ad" testId="92db25be-1da8-46c8-b508-4edaf4993daf" testName="ExecuteEvictionLogsEvictionResultIfDebugIsEnabled" computerName="TAG009442327432" duration="00:00:00.0010000" startTime="2018-09-20T12:48:07.0000000+02:00" endTime="2018-09-20T12:48:07.0000000+02:00" testType="13cdc9d9-ddb5-4fa4-a97d-d965ccfc6d4b" outcome="Passed" testListId="8c84fa94-04c1-424b-9868-57a2d4851a1d" relativeResultsDirectory="751dcf1f-661f-4ca1-8c9c-7d0d75f797ad" /><UnitTestResult executionId="981eb0c1-64b0-4336-b38b-a93bae023151" testId="93b2a38d-aa3e-43c5-9cee-07793d18d601" testName="DataSizeInBytes" computerName="TAG009442327432" duration="00:00:00.0010000" startTime="2018-09-20T12:48:07.0000000+02:00" endTime="2018-09-20T12:48:07.0000000+02:00" testType="13cdc9d9-ddb5-4fa4-a97d-d965ccfc6d4b" outcome="Passed" testListId="8c84fa94-04c1-424b-9868-57a2d4851a1d" relativeResultsDirectory="981eb0c1-64b0-4336-b38b-a93bae023151" /><UnitTestResult executionId="8c191c4b-ba33-44a4-98f1-0a6e8827d402" testId="c26192cb-4873-434b-bc4d-9fb9764705a9" testName="DefaultSendIntervalIsMinusOne" computerName="TAG009442327432" duration="00:00:00.0000001" startTime="2018-09-20T12:48:09.0000000+02:00" endTime="2018-09-20T12:48:09.0000000+02:00" testType="13cdc9d9-ddb5-4fa4-a97d-d965ccfc6d4b" outcome="Passed" testListId="8c84fa94-04c1-424b-9868-57a2d4851a1d" relativeResultsDirectory="8c191c4b-ba33-44a4-98f1-0a6e8827d402" /><UnitTestResult executionId="1df51ee4-33ef-4f44-be11-3deed608b0b5" testId="30e9f483-594e-45cc-8e8c-ffba9ef1d0b0" testName="DeleteCacheEntryDoesNotRaiseEvent" computerName="TAG009442327432" duration="00:00:00.0000001" startTime="2018-09-20T12:48:07.0000000+02:00" endTime="2018-09-20T12:48:07.0000000+02:00" testType="13cdc9d9-ddb5-4fa4-a97d-d965ccfc6d4b" outcome="Passed" testListId="8c84fa94-04c1-424b-9868-57a2d4851a1d" relativeResultsDirectory="1df51ee4-33ef-4f44-be11-3deed608b0b5" /><UnitTestResult executionId="a3f0d4ca-a7d4-448e-9256-24e987566149" testId="7dd10540-772e-4e63-88f9-3ad489511e1c" testName="DefaultSessionIDProviderReturnsConsecutiveIDs" computerName="TAG009442327432" duration="00:00:00.0000001" startTime="2018-09-20T12:48:09.0000000+02:00" endTime="2018-09-20T12:48:09.0000000+02:00" testType="13cdc9d9-ddb5-4fa4-a97d-d965ccfc6d4b" outcome="Passed" testListId="8c84fa94-04c1-424b-9868-57a2d4851a1d" relativeResultsDirectory="a3f0d4ca-a7d4-448e-9256-24e987566149" /><UnitTestResult executionId="c9cf11c9-81f0-4a56-aa2b-88ded24cc02e" testId="3812de99-4d53-4ab8-9528-e134e4ae1930" testName="ToStringReturnsTheStateName" computerName="TAG009442327432" duration="00:00:00.0000001" startTime="2018-09-20T12:48:07.0000000+02:00" endTime="2018-09-20T12:48:07.0000000+02:00" testType="13cdc9d9-ddb5-4fa4-a97d-d965ccfc6d4b" outcome="Passed" testListId="8c84fa94-04c1-424b-9868-57a2d4851a1d" relativeResultsDirectory="c9cf11c9-81f0-4a56-aa2b-88ded24cc02e" /><UnitTestResult executionId="1325944c-a625-4419-b7d7-d4ffbbbdb2e0" testId="a4f6a586-5a8b-450b-ba8a-20b092b57e4f" testName="EnterActionReturnsNullActionIfActionNameIsNull" computerName="TAG009442327432" duration="00:00:00.0010000" startTime="2018-09-20T12:48:07.0000000+02:00" endTime="2018-09-20T12:48:07.0000000+02:00" testType="13cdc9d9-ddb5-4fa4-a97d-d965ccfc6d4b" outcome="Passed" testListId="8c84fa94-04c1-424b-9868-57a2d4851a1d" relativeResultsDirectory="1325944c-a625-4419-b7d7-d4ffbbbdb2e0" /><UnitTestResult executionId="ae2bd8bc-d1ce-45b3-9a62-c5ea9a8d5677" testId="21947fb8-48de-4479-88d4-28e4d1ea7612" testName="SessionIDIsValueFromSessionIDProviderOnDataCollectionLevel2" computerName="TAG009442327432" duration="00:00:00.0020000" startTime="2018-09-20T12:48:08.0000000+02:00" endTime="2018-09-20T12:48:08.0000000+02:00" testType="13cdc9d9-ddb5-4fa4-a97d-d965ccfc6d4b" outcome="Passed" testListId="8c84fa94-04c1-424b-9868-57a2d4851a1d" relativeResultsDirectory="ae2bd8bc-d1ce-45b3-9a62-c5ea9a8d5677" /><UnitTestResult executionId="2a6481ba-bfbb-4c40-b133-ad66592deb50" testId="4afc7190-b82b-4eef-9352-5e01e366bec4" testName="CanConvertToClusterTime" computerName="TAG009442327432" duration="00:00:00.0010000" startTime="2018-09-20T12:48:09.0000000+02:00" endTime="2018-09-20T12:48:09.0000000+02:00" testType="13cdc9d9-ddb5-4fa4-a97d-d965ccfc6d4b" outcome="Passed" testListId="8c84fa94-04c1-424b-9868-57a2d4851a1d" relativeResultsDirectory="2a6481ba-bfbb-4c40-b133-ad66592deb50" /><UnitTestResult executionId="3c53f8d2-6ca1-4fd5-b608-f54869f66d18" testId="0016c467-38ba-487a-b14d-14b21a8a58d7" testName="GetRetryAfterReturnsParsedValue" computerName="TAG009442327432" duration="00:00:00.0000001" startTime="2018-09-20T12:48:09.0000000+02:00" endTime="2018-09-20T12:48:09.0000000+02:00" testType="13cdc9d9-ddb5-4fa4-a97d-d965ccfc6d4b" outcome="Passed" testListId="8c84fa94-04c1-424b-9868-57a2d4851a1d" relativeResultsDirectory="3c53f8d2-6ca1-4fd5-b608-f54869f66d18" /><UnitTestResult executionId="35be1994-0916-41bc-8a2a-db8caed0b5d1" testId="fb256d76-408b-4be9-b556-7a05b6d36587" testName="ClearDataClearsActionAndEventData" computerName="TAG009442327432" duration="00:00:00.0010000" startTime="2018-09-20T12:48:08.0000000+02:00" endTime="2018-09-20T12:48:08.0000000+02:00" testType="13cdc9d9-ddb5-4fa4-a97d-d965ccfc6d4b" outcome="Passed" testListId="8c84fa94-04c1-424b-9868-57a2d4851a1d" relativeResultsDirectory="35be1994-0916-41bc-8a2a-db8caed0b5d1" /><UnitTestResult executionId="759b6831-7d4d-4c14-8fc3-785bfa3a0f17" testId="0e7aba64-3224-449e-859b-23c4a0bc0551" testName="ReportEventDoesNothingIfEventNameIsNull" computerName="TAG009442327432" duration="00:00:00.0010000" startTime="2018-09-20T12:48:07.0000000+02:00" endTime="2018-09-20T12:48:07.0000000+02:00" testType="13cdc9d9-ddb5-4fa4-a97d-d965ccfc6d4b" outcome="Passed" testListId="8c84fa94-04c1-424b-9868-57a2d4851a1d" relativeResultsDirectory="759b6831-7d4d-4c14-8fc3-785bfa3a0f17" /><UnitTestResult executionId="0d9820c9-c59c-4013-9b1a-97ac7c59c322" testId="9c259c1d-c9cc-4bad-8bc7-a3b7eafadbc4" testName="GivenDeviceIDIsUsedOnDataCollectionLevel2" computerName="TAG009442327432" duration="00:00:00.0000001" startTime="2018-09-20T12:48:08.0000000+02:00" endTime="2018-09-20T12:48:08.0000000+02:00" testType="13cdc9d9-ddb5-4fa4-a97d-d965ccfc6d4b" outcome="Passed" testListId="8c84fa94-04c1-424b-9868-57a2d4851a1d" relativeResultsDirectory="0d9820c9-c59c-4013-9b1a-97ac7c59c322" /><UnitTestResult executionId="98523be5-57db-4d08-9878-3226ab9821cc" testId="2baa8d60-7ba8-4d58-88a5-60e3f95f3cfa" testName="CanAddRootActionIfCaptureIsOn" computerName="TAG009442327432" duration="00:00:00.0010000" startTime="2018-09-20T12:48:08.0000000+02:00" endTime="2018-09-20T12:48:08.0000000+02:00" testType="13cdc9d9-ddb5-4fa4-a97d-d965ccfc6d4b" outcome="Passed" testListId="8c84fa94-04c1-424b-9868-57a2d4851a1d" relativeResultsDirectory="98523be5-57db-4d08-9878-3226ab9821cc" /><UnitTestResult executionId="6fd49c5e-b34a-4334-a307-bf38a606685a" testId="cdd4bf94-4d5e-4248-8eb6-fb1189d2c85a" testName="CanGetHttpClient" computerName="TAG009442327432" duration="00:00:00.0030000" startTime="2018-09-20T12:48:07.0000000+02:00" endTime="2018-09-20T12:48:07.0000000+02:00" testType="13cdc9d9-ddb5-4fa4-a97d-d965ccfc6d4b" outcome="Passed" testListId="8c84fa94-04c1-424b-9868-57a2d4851a1d" relativeResultsDirectory="6fd49c5e-b34a-4334-a307-bf38a606685a" /><UnitTestResult executionId="dcc2e953-dfee-4822-8c48-6eb735fdc32a" testId="2fe59bfc-f508-46f4-a9fb-51b7e81cd7dc" testName="ReportIntValueDoesNothingIfValueNameIsNull" computerName="TAG009442327432" duration="00:00:00.0010000" startTime="2018-09-20T12:48:07.0000000+02:00" endTime="2018-09-20T12:48:07.0000000+02:00" testType="13cdc9d9-ddb5-4fa4-a97d-d965ccfc6d4b" outcome="Passed" testListId="8c84fa94-04c1-424b-9868-57a2d4851a1d" relativeResultsDirectory="dcc2e953-dfee-4822-8c48-6eb735fdc32a" /><UnitTestResult executionId="67583590-7703-4b91-a9b9-782ab01375c9" testId="530f4c60-00c6-4129-96e1-4434ee35c86e" testName="IsSuccessfulResponseReturnsTrueIfResponseIsNotErroneous" computerName="TAG009442327432" duration="00:00:00.0000001" startTime="2018-09-20T12:48:07.0000000+02:00" endTime="2018-09-20T12:48:07.0000000+02:00" testType="13cdc9d9-ddb5-4fa4-a97d-d965ccfc6d4b" outcome="Passed" testListId="8c84fa94-04c1-424b-9868-57a2d4851a1d" relativeResultsDirectory="67583590-7703-4b91-a9b9-782ab01375c9" /><UnitTestResult executionId="79264471-7ddb-499b-b70f-c1095bbdb0cd" testId="1a2c0af6-1d0d-4d50-821e-a571939bacb3" testName="ÉxecuteEvictionStopsIfThreadGetsInterruptedBetweenTwoBeacons" computerName="TAG009442327432" duration="00:00:00.0020000" startTime="2018-09-20T12:48:07.0000000+02:00" endTime="2018-09-20T12:48:07.0000000+02:00" testType="13cdc9d9-ddb5-4fa4-a97d-d965ccfc6d4b" outcome="Passed" testListId="8c84fa94-04c1-424b-9868-57a2d4851a1d" relativeResultsDirectory="79264471-7ddb-499b-b70f-c1095bbdb0cd" /><UnitTestResult executionId="0a45fdec-291b-4958-a591-03c17edca3bc" testId="be2a8130-4a2f-44bc-a013-2fd117ad8bd7" testName="SendBeaconRequestReturnsErrorCode" computerName="TAG009442327432" duration="00:00:00.0010000" startTime="2018-09-20T12:48:08.0000000+02:00" endTime="2018-09-20T12:48:08.0000000+02:00" testType="13cdc9d9-ddb5-4fa4-a97d-d965ccfc6d4b" outcome="Passed" testListId="8c84fa94-04c1-424b-9868-57a2d4851a1d" relativeResultsDirectory="0a45fdec-291b-4958-a591-03c17edca3bc" /><UnitTestResult executionId="ccfa38ad-b636-4ddc-9989-e67e96ada571" testId="a7b968c8-21cc-4346-a65e-1ad2d731a153" testName="CanSetBeaconCacheUpperMemoryBoundaryForAppMon" computerName="TAG009442327432" duration="00:00:00.0010000" startTime="2018-09-20T12:48:08.0000000+02:00" endTime="2018-09-20T12:48:08.0000000+02:00" testType="13cdc9d9-ddb5-4fa4-a97d-d965ccfc6d4b" outcome="Passed" testListId="8c84fa94-04c1-424b-9868-57a2d4851a1d" relativeResultsDirectory="ccfa38ad-b636-4ddc-9989-e67e96ada571" /><UnitTestResult executionId="ec0126de-d104-42e6-94d4-fd24d4ca26e7" testId="7f4e6dea-a37b-4255-9cba-6c9048aefb8d" testName="ReportStringValueDoesNothingIfActionIsLeft" computerName="TAG009442327432" duration="00:00:00.0010000" startTime="2018-09-20T12:48:07.0000000+02:00" endTime="2018-09-20T12:48:07.0000000+02:00" testType="13cdc9d9-ddb5-4fa4-a97d-d965ccfc6d4b" outcome="Passed" testListId="8c84fa94-04c1-424b-9868-57a2d4851a1d" relativeResultsDirectory="ec0126de-d104-42e6-94d4-fd24d4ca26e7" /><UnitTestResult executionId="7d326bad-f4ae-4ae8-8a34-32bcb3cdafab" testId="57001bcf-53d9-4d03-87fb-f51cf1b55fdc" testName="CanSleepLonger" computerName="TAG009442327432" duration="00:00:00.0000001" startTime="2018-09-20T12:48:07.0000000+02:00" endTime="2018-09-20T12:48:07.0000000+02:00" testType="13cdc9d9-ddb5-4fa4-a97d-d965ccfc6d4b" outcome="Passed" testListId="8c84fa94-04c1-424b-9868-57a2d4851a1d" relativeResultsDirectory="7d326bad-f4ae-4ae8-8a34-32bcb3cdafab" /><UnitTestResult executionId="409050c8-4297-43bd-8c6a-155315f763ed" testId="27e38cf0-dab4-49a2-825e-7f41d756ff04" testName="CanSetCrashReportingLevelForAppMon" computerName="TAG009442327432" duration="00:00:00.0000001" startTime="2018-09-20T12:48:08.0000000+02:00" endTime="2018-09-20T12:48:08.0000000+02:00" testType="13cdc9d9-ddb5-4fa4-a97d-d965ccfc6d4b" outcome="Passed" testListId="8c84fa94-04c1-424b-9868-57a2d4851a1d" relativeResultsDirectory="409050c8-4297-43bd-8c6a-155315f763ed" /><UnitTestResult executionId="d0dea284-2b33-4c4e-ad31-6ce32a6ba9a3" testId="b36903ba-344c-4c22-8843-4fdb811b9943" testName="ResetChunkedDoesNothingIfEntryDoesNotExist" computerName="TAG009442327432" duration="00:00:00.0010000" startTime="2018-09-20T12:48:07.0000000+02:00" endTime="2018-09-20T12:48:07.0000000+02:00" testType="13cdc9d9-ddb5-4fa4-a97d-d965ccfc6d4b" outcome="Passed" testListId="8c84fa94-04c1-424b-9868-57a2d4851a1d" relativeResultsDirectory="d0dea284-2b33-4c4e-ad31-6ce32a6ba9a3" /><UnitTestResult executionId="750c5acf-4952-4df0-927a-0b92a1f1fe81" testId="ced70173-bb1a-4bc1-a168-1d611b81e0de" testName="CreateTagReturnsTagStringForDataCollectionLevel2" computerName="TAG009442327432" duration="00:00:00.0000001" startTime="2018-09-20T12:48:08.0000000+02:00" endTime="2018-09-20T12:48:08.0000000+02:00" testType="13cdc9d9-ddb5-4fa4-a97d-d965ccfc6d4b" outcome="Passed" testListId="8c84fa94-04c1-424b-9868-57a2d4851a1d" relativeResultsDirectory="750c5acf-4952-4df0-927a-0b92a1f1fe81" /><UnitTestResult executionId="7b9baea9-56f2-4cff-9fbf-092bc5f99ca7" testId="8487053c-5a6e-4ef3-96c9-af31ac45e305" testName="CreateTagReturnsEmptyStringForDataCollectionLevel0" computerName="TAG009442327432" duration="00:00:00.0000001" startTime="2018-09-20T12:48:08.0000000+02:00" endTime="2018-09-20T12:48:08.0000000+02:00" testType="13cdc9d9-ddb5-4fa4-a97d-d965ccfc6d4b" outcome="Passed" testListId="8c84fa94-04c1-424b-9868-57a2d4851a1d" relativeResultsDirectory="7b9baea9-56f2-4cff-9fbf-092bc5f99ca7" /><UnitTestResult executionId="6181533a-c130-42cc-a775-0b796fc89199" testId="49ace68b-fc68-4eed-b67d-0d619addd864" testName="AfterStartingABeaconCacheEvictorItIsAlive" computerName="TAG009442327432" duration="00:00:00.0030000" startTime="2018-09-20T12:48:07.0000000+02:00" endTime="2018-09-20T12:48:07.0000000+02:00" testType="13cdc9d9-ddb5-4fa4-a97d-d965ccfc6d4b" outcome="Passed" testListId="8c84fa94-04c1-424b-9868-57a2d4851a1d" relativeResultsDirectory="6181533a-c130-42cc-a775-0b796fc89199" /><UnitTestResult executionId="3d22eb18-011a-4067-a331-189026a9ad71" testId="17b675bd-403f-4761-91d9-af4173ab91f8" testName="IsDebugEnabledIsTrueIfVerboseIsTrue" computerName="TAG009442327432" duration="00:00:00.0000001" startTime="2018-09-20T12:48:07.0000000+02:00" endTime="2018-09-20T12:48:07.0000000+02:00" testType="13cdc9d9-ddb5-4fa4-a97d-d965ccfc6d4b" outcome="Passed" testListId="8c84fa94-04c1-424b-9868-57a2d4851a1d" relativeResultsDirectory="3d22eb18-011a-4067-a331-189026a9ad71" /><UnitTestResult executionId="bab99ae2-9aff-4d96-bf53-f6d9eae9ed36" testId="224ec78c-435f-411a-9fab-ee619674870a" testName="AddEventDataAddsBeaconIdToCache" computerName="TAG009442327432" duration="00:00:00.0010000" startTime="2018-09-20T12:48:07.0000000+02:00" endTime="2018-09-20T12:48:07.0000000+02:00" testType="13cdc9d9-ddb5-4fa4-a97d-d965ccfc6d4b" outcome="Passed" testListId="8c84fa94-04c1-424b-9868-57a2d4851a1d" relativeResultsDirectory="bab99ae2-9aff-4d96-bf53-f6d9eae9ed36" /><UnitTestResult executionId="c819954b-ff25-46a1-b8da-1ee1d1f9b783" testId="7d83b7a5-bdd3-47df-bca6-402945fe60ca" testName="TraceWebRequestGivesNullWebRequestTracerIfUrlHasAnInvalidScheme" computerName="TAG009442327432" duration="00:00:00.0010000" startTime="2018-09-20T12:48:07.0000000+02:00" endTime="2018-09-20T12:48:07.0000000+02:00" testType="13cdc9d9-ddb5-4fa4-a97d-d965ccfc6d4b" outcome="Passed" testListId="8c84fa94-04c1-424b-9868-57a2d4851a1d" relativeResultsDirectory="c819954b-ff25-46a1-b8da-1ee1d1f9b783" /><UnitTestResult executionId="1ad6d8bc-eb87-4901-a08b-02045a16a553" testId="b9540bfa-aab3-488f-af69-2a8a4b8304ea" testName="DefaultSleepTimeIsUsed" computerName="TAG009442327432" duration="00:00:00.0000001" startTime="2018-09-20T12:48:07.0000000+02:00" endTime="2018-09-20T12:48:07.0000000+02:00" testType="13cdc9d9-ddb5-4fa4-a97d-d965ccfc6d4b" outcome="Passed" testListId="8c84fa94-04c1-424b-9868-57a2d4851a1d" relativeResultsDirectory="1ad6d8bc-eb87-4901-a08b-02045a16a553" /><UnitTestResult executionId="28efc29d-4f3d-4b74-b234-95882d6d6631" testId="ac8da6a6-e7aa-462f-9197-38326c53a74b" testName="LeavingAnActionSetsTheEndTimestamp" computerName="TAG009442327432" duration="00:00:00.0010000" startTime="2018-09-20T12:48:07.0000000+02:00" endTime="2018-09-20T12:48:07.0000000+02:00" testType="13cdc9d9-ddb5-4fa4-a97d-d965ccfc6d4b" outcome="Passed" testListId="8c84fa94-04c1-424b-9868-57a2d4851a1d" relativeResultsDirectory="28efc29d-4f3d-4b74-b234-95882d6d6631" /><UnitTestResult executionId="9277606c-3e88-44a3-b437-15eb2c39b07a" testId="8d29bfc8-6779-4922-90eb-cfec2626573c" testName="CannotAddSentBytesWithInvalidValueSmallerZeroToWebRequestTracer" computerName="TAG009442327432" duration="00:00:00.0010000" startTime="2018-09-20T12:48:08.0000000+02:00" endTime="2018-09-20T12:48:08.0000000+02:00" testType="13cdc9d9-ddb5-4fa4-a97d-d965ccfc6d4b" outcome="Passed" testListId="8c84fa94-04c1-424b-9868-57a2d4851a1d" relativeResultsDirectory="9277606c-3e88-44a3-b437-15eb2c39b07a" /><UnitTestResult executionId="7aa5e47f-f312-4b6f-b984-cc5f2b11079d" testId="0f79e565-c487-499d-ad68-48edf7dbc56d" testName="GetTag" computerName="TAG009442327432" duration="00:00:00.0010000" startTime="2018-09-20T12:48:08.0000000+02:00" endTime="2018-09-20T12:48:08.0000000+02:00" testType="13cdc9d9-ddb5-4fa4-a97d-d965ccfc6d4b" outcome="Passed" testListId="8c84fa94-04c1-424b-9868-57a2d4851a1d" relativeResultsDirectory="7aa5e47f-f312-4b6f-b984-cc5f2b11079d" /><UnitTestResult executionId="6fcf2e07-834f-4cb2-b508-65a0b69777ed" testId="6d7eb547-e235-4bbb-96c1-a4f9ad807e14" testName="AddingActionData" computerName="TAG009442327432" duration="00:00:00.0020000" startTime="2018-09-20T12:48:07.0000000+02:00" endTime="2018-09-20T12:48:07.0000000+02:00" testType="13cdc9d9-ddb5-4fa4-a97d-d965ccfc6d4b" outcome="Passed" testListId="8c84fa94-04c1-424b-9868-57a2d4851a1d" relativeResultsDirectory="6fcf2e07-834f-4cb2-b508-65a0b69777ed" /><UnitTestResult executionId="ed0dbb4f-f0af-42a9-b979-d0620704b1da" testId="4fec6323-4af7-4cc3-a728-e110d2b7543b" testName="EvictRecordsByNumberDoesNothingAndReturnsZeroIfBeaconIDDoesNotExist" computerName="TAG009442327432" duration="00:00:00.0000001" startTime="2018-09-20T12:48:07.0000000+02:00" endTime="2018-09-20T12:48:07.0000000+02:00" testType="13cdc9d9-ddb5-4fa4-a97d-d965ccfc6d4b" outcome="Passed" testListId="8c84fa94-04c1-424b-9868-57a2d4851a1d" relativeResultsDirectory="ed0dbb4f-f0af-42a9-b979-d0620704b1da" /><UnitTestResult executionId="837d92b7-c18d-488f-87bc-acf6ee029bc8" testId="a149450a-ebfa-450d-a91b-61a3d10a4994" testName="ReportError" computerName="TAG009442327432" duration="00:00:00.0010000" startTime="2018-09-20T12:48:07.0000000+02:00" endTime="2018-09-20T12:48:07.0000000+02:00" testType="13cdc9d9-ddb5-4fa4-a97d-d965ccfc6d4b" outcome="Passed" testListId="8c84fa94-04c1-424b-9868-57a2d4851a1d" relativeResultsDirectory="837d92b7-c18d-488f-87bc-acf6ee029bc8" /><UnitTestResult executionId="45b1fc8e-55c2-40fa-b3d7-4c79ab4def63" testId="dccfefbb-99c6-4f6c-ab7f-83cebb102139" testName="TwoInstancesAreEqualIfFieldsAreEqual" computerName="TAG009442327432" duration="00:00:00.0000001" startTime="2018-09-20T12:48:07.0000000+02:00" endTime="2018-09-20T12:48:07.0000000+02:00" testType="13cdc9d9-ddb5-4fa4-a97d-d965ccfc6d4b" outcome="Passed" testListId="8c84fa94-04c1-424b-9868-57a2d4851a1d" relativeResultsDirectory="45b1fc8e-55c2-40fa-b3d7-4c79ab4def63" /><UnitTestResult executionId="2c14e724-07e9-4bd9-aedb-1d8b434c0533" testId="bb7fb059-3e1f-422b-a67a-a334c63f4d63" testName="CanSetBeaconCacheLowerMemoryBoundaryForAppMon" computerName="TAG009442327432" duration="00:00:00.0010000" startTime="2018-09-20T12:48:08.0000000+02:00" endTime="2018-09-20T12:48:08.0000000+02:00" testType="13cdc9d9-ddb5-4fa4-a97d-d965ccfc6d4b" outcome="Passed" testListId="8c84fa94-04c1-424b-9868-57a2d4851a1d" relativeResultsDirectory="2c14e724-07e9-4bd9-aedb-1d8b434c0533" /><UnitTestResult executionId="1f26e505-c43a-40bb-9c5a-0b44e5f9a19f" testId="42baa28a-ba0e-45ff-9d08-3457e0e3e401" testName="TerminalStateIsNextStateIfTransitionFromTerminalStateOccurs" computerName="TAG009442327432" duration="00:00:00.0000001" startTime="2018-09-20T12:48:07.0000000+02:00" endTime="2018-09-20T12:48:07.0000000+02:00" testType="13cdc9d9-ddb5-4fa4-a97d-d965ccfc6d4b" outcome="Passed" testListId="8c84fa94-04c1-424b-9868-57a2d4851a1d" relativeResultsDirectory="1f26e505-c43a-40bb-9c5a-0b44e5f9a19f" /><UnitTestResult executionId="850bdb10-7462-4ca6-8501-33b1fa4afb91" testId="4327b825-ba2b-42b9-9951-1598c7adc1d6" testName="AddEventDataIncreasesCacheSize" computerName="TAG009442327432" duration="00:00:00.0010000" startTime="2018-09-20T12:48:07.0000000+02:00" endTime="2018-09-20T12:48:07.0000000+02:00" testType="13cdc9d9-ddb5-4fa4-a97d-d965ccfc6d4b" outcome="Passed" testListId="8c84fa94-04c1-424b-9868-57a2d4851a1d" relativeResultsDirectory="850bdb10-7462-4ca6-8501-33b1fa4afb91" /><UnitTestResult executionId="bd1cb414-cda3-438a-a400-1be265e504c1" testId="ee42109b-362d-490e-bd9c-95420f6a51ba" testName="DebugDoesNotLogIfVerboseIsDisabled" computerName="TAG009442327432" duration="00:00:00.0000001" startTime="2018-09-20T12:48:07.0000000+02:00" endTime="2018-09-20T12:48:07.0000000+02:00" testType="13cdc9d9-ddb5-4fa4-a97d-d965ccfc6d4b" outcome="Passed" testListId="8c84fa94-04c1-424b-9868-57a2d4851a1d" relativeResultsDirectory="bd1cb414-cda3-438a-a400-1be265e504c1" /><UnitTestResult executionId="1440f2b3-d1ee-4caa-b745-e25e43da7861" testId="b5c05ee3-4e99-4230-aade-a9774a0ecef5" testName="IpV6AddressIsInvalidTooManyBlocks" computerName="TAG009442327432" duration="00:00:00.0000001" startTime="2018-09-20T12:48:08.0000000+02:00" endTime="2018-09-20T12:48:08.0000000+02:00" testType="13cdc9d9-ddb5-4fa4-a97d-d965ccfc6d4b" outcome="Passed" testListId="8c84fa94-04c1-424b-9868-57a2d4851a1d" relativeResultsDirectory="1440f2b3-d1ee-4caa-b745-e25e43da7861" /><UnitTestResult executionId="ed31340f-22a3-42a1-ace0-e28bd031a7b6" testId="9279f998-3a6b-4db1-baac-fdfd92fac226" testName="TraceWebRequestGivesValidWebRequestTracer" computerName="TAG009442327432" duration="00:00:00.0010000" startTime="2018-09-20T12:48:07.0000000+02:00" endTime="2018-09-20T12:48:07.0000000+02:00" testType="13cdc9d9-ddb5-4fa4-a97d-d965ccfc6d4b" outcome="Passed" testListId="8c84fa94-04c1-424b-9868-57a2d4851a1d" relativeResultsDirectory="ed31340f-22a3-42a1-ace0-e28bd031a7b6" /><UnitTestResult executionId="8e85670b-a90f-4826-8f79-5ac2c90711f4" testId="f64d1166-ccc1-42a1-be1f-8526961a7ec8" testName="ReportEventDoesNothingIfActionIsLeft" computerName="TAG009442327432" duration="00:00:00.0010000" startTime="2018-09-20T12:48:07.0000000+02:00" endTime="2018-09-20T12:48:07.0000000+02:00" testType="13cdc9d9-ddb5-4fa4-a97d-d965ccfc6d4b" outcome="Passed" testListId="8c84fa94-04c1-424b-9868-57a2d4851a1d" relativeResultsDirectory="8e85670b-a90f-4826-8f79-5ac2c90711f4" /><UnitTestResult executionId="494bf618-6fbd-4afa-824f-549e4de10272" testId="030e7db0-d4f8-43a6-8619-d6de0031d113" testName="ResetEventIsSetOnInitFailed" computerName="TAG009442327432" duration="00:00:00.0000001" startTime="2018-09-20T12:48:07.0000000+02:00" endTime="2018-09-20T12:48:07.0000000+02:00" testType="13cdc9d9-ddb5-4fa4-a97d-d965ccfc6d4b" outcome="Passed" testListId="8c84fa94-04c1-424b-9868-57a2d4851a1d" relativeResultsDirectory="494bf618-6fbd-4afa-824f-549e4de10272" /><UnitTestResult executionId="5525c8d0-f8a6-4f04-8f70-93b3a4fea827" testId="68ac555a-d605-4f54-b7b7-d82e865b6c73" testName="CacheSizeLowerBound" computerName="TAG009442327432" duration="00:00:00.0000001" startTime="2018-09-20T12:48:07.0000000+02:00" endTime="2018-09-20T12:48:07.0000000+02:00" testType="13cdc9d9-ddb5-4fa4-a97d-d965ccfc6d4b" outcome="Passed" testListId="8c84fa94-04c1-424b-9868-57a2d4851a1d" relativeResultsDirectory="5525c8d0-f8a6-4f04-8f70-93b3a4fea827" /><UnitTestResult executionId="ef8003db-bead-430d-8482-54dfd3aa6af8" testId="6c07214c-2996-4310-9728-f7826319924d" testName="AValidSchemeDoesNotStartWithADigit" computerName="TAG009442327432" duration="00:00:00.0010000" startTime="2018-09-20T12:48:08.0000000+02:00" endTime="2018-09-20T12:48:08.0000000+02:00" testType="13cdc9d9-ddb5-4fa4-a97d-d965ccfc6d4b" outcome="Passed" testListId="8c84fa94-04c1-424b-9868-57a2d4851a1d" relativeResultsDirectory="ef8003db-bead-430d-8482-54dfd3aa6af8" /><UnitTestResult executionId="3a007d57-f0b6-4bf9-a669-8e3eed8d9e15" testId="562a30fd-b699-40a6-a458-acc3f4bb8f95" testName="IpV6AddressLinkLocalIsValid" computerName="TAG009442327432" duration="00:00:00.0000001" startTime="2018-09-20T12:48:08.0000000+02:00" endTime="2018-09-20T12:48:08.0000000+02:00" testType="13cdc9d9-ddb5-4fa4-a97d-d965ccfc6d4b" outcome="Passed" testListId="8c84fa94-04c1-424b-9868-57a2d4851a1d" relativeResultsDirectory="3a007d57-f0b6-4bf9-a669-8e3eed8d9e15" /><UnitTestResult executionId="213394c4-f39f-402e-ab11-54df9e23722a" testId="9945b164-dc41-4b73-9fe3-dbd2e4e727c9" testName="TimeSyncIsSupportedByDefault" computerName="TAG009442327432" duration="00:00:00.0000001" startTime="2018-09-20T12:48:09.0000000+02:00" endTime="2018-09-20T12:48:09.0000000+02:00" testType="13cdc9d9-ddb5-4fa4-a97d-d965ccfc6d4b" outcome="Passed" testListId="8c84fa94-04c1-424b-9868-57a2d4851a1d" relativeResultsDirectory="213394c4-f39f-402e-ab11-54df9e23722a" /><UnitTestResult executionId="7df9d1f8-4134-46c5-8c0b-16c7c357acb6" testId="61652ea1-802c-471c-89e8-c8fcfb93e297" testName="IsInitializedOnInitFailed" computerName="TAG009442327432" duration="00:00:00.0000001" startTime="2018-09-20T12:48:07.0000000+02:00" endTime="2018-09-20T12:48:07.0000000+02:00" testType="13cdc9d9-ddb5-4fa4-a97d-d965ccfc6d4b" outcome="Passed" testListId="8c84fa94-04c1-424b-9868-57a2d4851a1d" relativeResultsDirectory="7df9d1f8-4134-46c5-8c0b-16c7c357acb6" /><UnitTestResult executionId="30275131-79f3-4da9-9062-8d4c81e0d8c5" testId="21c94321-df85-43a8-a083-b64b21519bef" testName="TransitionToCaptureOnStateIsPerformed" computerName="TAG009442327432" duration="00:00:00.0010000" startTime="2018-09-20T12:48:07.0000000+02:00" endTime="2018-09-20T12:48:07.0000000+02:00" testType="13cdc9d9-ddb5-4fa4-a97d-d965ccfc6d4b" outcome="Passed" testListId="8c84fa94-04c1-424b-9868-57a2d4851a1d" relativeResultsDirectory="30275131-79f3-4da9-9062-8d4c81e0d8c5" /><UnitTestResult executionId="ea6fc033-63ae-4d05-9ae8-a6f4808091ac" testId="7dd344e0-c4bf-45d5-88a3-a88a92c1a026" testName="WaitForInitWhenWithTimeoutSuccess" computerName="TAG009442327432" duration="00:00:00.0000001" startTime="2018-09-20T12:48:07.0000000+02:00" endTime="2018-09-20T12:48:07.0000000+02:00" testType="13cdc9d9-ddb5-4fa4-a97d-d965ccfc6d4b" outcome="Passed" testListId="8c84fa94-04c1-424b-9868-57a2d4851a1d" relativeResultsDirectory="ea6fc033-63ae-4d05-9ae8-a6f4808091ac" /><UnitTestResult executionId="91fa7317-dfe0-49f5-b648-94ba21fa26a7" testId="39e597a4-9a99-4c71-ad81-e233280dff90" testName="ActionReportedForDataCollectionLevel1" computerName="TAG009442327432" duration="00:00:00.0010000" startTime="2018-09-20T12:48:08.0000000+02:00" endTime="2018-09-20T12:48:08.0000000+02:00" testType="13cdc9d9-ddb5-4fa4-a97d-d965ccfc6d4b" outcome="Passed" testListId="8c84fa94-04c1-424b-9868-57a2d4851a1d" relativeResultsDirectory="91fa7317-dfe0-49f5-b648-94ba21fa26a7" /><UnitTestResult executionId="11616d80-9c4c-484a-aa51-e9a9eb431f6e" testId="c65b2c8d-3f9a-4d8e-bcba-02093baf82d8" testName="AnURLIsOnlySetInConstructorIfItIsValid" computerName="TAG009442327432" duration="00:00:00.0010000" startTime="2018-09-20T12:48:08.0000000+02:00" endTime="2018-09-20T12:48:08.0000000+02:00" testType="13cdc9d9-ddb5-4fa4-a97d-d965ccfc6d4b" outcome="Passed" testListId="8c84fa94-04c1-424b-9868-57a2d4851a1d" relativeResultsDirectory="11616d80-9c4c-484a-aa51-e9a9eb431f6e" /><UnitTestResult executionId="d3087cbc-145d-443b-86fe-563bea379661" testId="eac052c0-43d3-4e7b-b054-688738121825" testName="DisableCaptureDisablesItInTheConfiguration" computerName="TAG009442327432" duration="00:00:00.0000001" startTime="2018-09-20T12:48:07.0000000+02:00" endTime="2018-09-20T12:48:07.0000000+02:00" testType="13cdc9d9-ddb5-4fa4-a97d-d965ccfc6d4b" outcome="Passed" testListId="8c84fa94-04c1-424b-9868-57a2d4851a1d" relativeResultsDirectory="d3087cbc-145d-443b-86fe-563bea379661" /><UnitTestResult executionId="bafc3beb-2c39-4cad-b4ef-e8dc35f75544" testId="4f4d7944-2a97-4de4-804b-ff522e874771" testName="TwoEqualInstancesHaveSameHashCode" computerName="TAG009442327432" duration="00:00:00.0000001" startTime="2018-09-20T12:48:07.0000000+02:00" endTime="2018-09-20T12:48:07.0000000+02:00" testType="13cdc9d9-ddb5-4fa4-a97d-d965ccfc6d4b" outcome="Passed" testListId="8c84fa94-04c1-424b-9868-57a2d4851a1d" relativeResultsDirectory="bafc3beb-2c39-4cad-b4ef-e8dc35f75544" /><UnitTestResult executionId="8b8bcedf-d4f9-495a-825b-0059a849a118" testId="00e2973c-bbc9-4dc2-897b-b8d85d26fd3b" testName="IdentifyUserDoesNothingIfUserTagIsNull" computerName="TAG009442327432" duration="00:00:00.0000001" startTime="2018-09-20T12:48:07.0000000+02:00" endTime="2018-09-20T12:48:07.0000000+02:00" testType="13cdc9d9-ddb5-4fa4-a97d-d965ccfc6d4b" outcome="Passed" testListId="8c84fa94-04c1-424b-9868-57a2d4851a1d" relativeResultsDirectory="8b8bcedf-d4f9-495a-825b-0059a849a118" /><UnitTestResult executionId="cd2f8b24-7236-4d8f-a389-e21f7e93759a" testId="799641a3-ba7a-4dad-bc14-8280ed8384bb" testName="TimeSyncRequetsAreRetried" computerName="TAG009442327432" duration="00:00:00.0020000" startTime="2018-09-20T12:48:07.0000000+02:00" endTime="2018-09-20T12:48:07.0000000+02:00" testType="13cdc9d9-ddb5-4fa4-a97d-d965ccfc6d4b" outcome="Passed" testListId="8c84fa94-04c1-424b-9868-57a2d4851a1d" relativeResultsDirectory="cd2f8b24-7236-4d8f-a389-e21f7e93759a" /><UnitTestResult executionId="9d70be94-23e1-4f0a-9a94-7f6e7deb8634" testId="2cb2765f-599b-4c63-a749-a5216679705a" testName="GetNextBeaconChunkDecreasesBeaconCacheSize" computerName="TAG009442327432" duration="00:00:00.0000001" startTime="2018-09-20T12:48:07.0000000+02:00" endTime="2018-09-20T12:48:07.0000000+02:00" testType="13cdc9d9-ddb5-4fa4-a97d-d965ccfc6d4b" outcome="Passed" testListId="8c84fa94-04c1-424b-9868-57a2d4851a1d" relativeResultsDirectory="9d70be94-23e1-4f0a-9a94-7f6e7deb8634" /><UnitTestResult executionId="944bbccb-2837-486d-9058-475567eb5646" testId="7cf01495-ae80-4127-b121-cdf287ca1c1e" testName="SendBeaconRequestSendsNullDataIfNullWasGiven" computerName="TAG009442327432" duration="00:00:00.0010000" startTime="2018-09-20T12:48:08.0000000+02:00" endTime="2018-09-20T12:48:08.0000000+02:00" testType="13cdc9d9-ddb5-4fa4-a97d-d965ccfc6d4b" outcome="Passed" testListId="8c84fa94-04c1-424b-9868-57a2d4851a1d" relativeResultsDirectory="944bbccb-2837-486d-9058-475567eb5646" /><UnitTestResult executionId="dc424386-461e-4a63-94a7-267c1f81b5a5" testId="a4b736ab-30d7-4979-9838-e3a063b2a1e4" testName="CanSetModelIDForAppMon" computerName="TAG009442327432" duration="00:00:00.0000001" startTime="2018-09-20T12:48:08.0000000+02:00" endTime="2018-09-20T12:48:08.0000000+02:00" testType="13cdc9d9-ddb5-4fa4-a97d-d965ccfc6d4b" outcome="Passed" testListId="8c84fa94-04c1-424b-9868-57a2d4851a1d" relativeResultsDirectory="dc424386-461e-4a63-94a7-267c1f81b5a5" /><UnitTestResult executionId="0da05663-680d-4440-a7cb-fec469a85482" testId="525c705d-0969-479f-ad28-eb12618b18fd" testName="TwoInstancesAreNotEqualIfTimestampDiffers" computerName="TAG009442327432" duration="00:00:00.0000001" startTime="2018-09-20T12:48:07.0000000+02:00" endTime="2018-09-20T12:48:07.0000000+02:00" testType="13cdc9d9-ddb5-4fa4-a97d-d965ccfc6d4b" outcome="Passed" testListId="8c84fa94-04c1-424b-9868-57a2d4851a1d" relativeResultsDirectory="0da05663-680d-4440-a7cb-fec469a85482" /><UnitTestResult executionId="1e2eb13e-a4e7-459a-ad7f-505503142b69" testId="bd62926c-1745-434a-a0a8-7dc423d764d9" testName="IsErroneousResponseGivesFalseForErrorCodeLessThan400" computerName="TAG009442327432" duration="00:00:00.0000001" startTime="2018-09-20T12:48:09.0000000+02:00" endTime="2018-09-20T12:48:09.0000000+02:00" testType="13cdc9d9-ddb5-4fa4-a97d-d965ccfc6d4b" outcome="Passed" testListId="8c84fa94-04c1-424b-9868-57a2d4851a1d" relativeResultsDirectory="1e2eb13e-a4e7-459a-ad7f-505503142b69" /><UnitTestResult executionId="125f1274-0948-4eaa-bdf0-351ddc7ec25e" testId="bc3c9f0c-774e-4cff-bcb8-148c67abf09a" testName="AddEventDataAddsDataToAlreadyExistingBeaconId" computerName="TAG009442327432" duration="00:00:00.0010000" startTime="2018-09-20T12:48:07.0000000+02:00" endTime="2018-09-20T12:48:07.0000000+02:00" testType="13cdc9d9-ddb5-4fa4-a97d-d965ccfc6d4b" outcome="Passed" testListId="8c84fa94-04c1-424b-9868-57a2d4851a1d" relativeResultsDirectory="125f1274-0948-4eaa-bdf0-351ddc7ec25e" /><UnitTestResult executionId="07d2c1c5-b89d-4f03-8111-8cfb4c4e121b" testId="87dbad44-2443-4446-8cc9-9ca9a95a4475" testName="GetTotalNumberOfBytesCountsAddedRecordBytes" computerName="TAG009442327432" duration="00:00:00.0010000" startTime="2018-09-20T12:48:07.0000000+02:00" endTime="2018-09-20T12:48:07.0000000+02:00" testType="13cdc9d9-ddb5-4fa4-a97d-d965ccfc6d4b" outcome="Passed" testListId="8c84fa94-04c1-424b-9868-57a2d4851a1d" relativeResultsDirectory="07d2c1c5-b89d-4f03-8111-8cfb4c4e121b" /><UnitTestResult executionId="32001c26-dda5-4d55-9335-18e3fa956e3a" testId="429e25a2-8bb0-4bcb-b0d3-931a87cf609d" testName="ActionNotReportedForDataCollectionLevel0" computerName="TAG009442327432" duration="00:00:00.0020000" startTime="2018-09-20T12:48:08.0000000+02:00" endTime="2018-09-20T12:48:08.0000000+02:00" testType="13cdc9d9-ddb5-4fa4-a97d-d965ccfc6d4b" outcome="Passed" testListId="8c84fa94-04c1-424b-9868-57a2d4851a1d" relativeResultsDirectory="32001c26-dda5-4d55-9335-18e3fa956e3a" /><UnitTestResult executionId="ef22555b-ea13-4e2a-97a4-5b5de260cf97" testId="88f18a51-b793-4fb5-8739-07b0dc4d02cf" testName="IsShutdownRequestedIsSetCorrectly" computerName="TAG009442327432" duration="00:00:00.0000001" startTime="2018-09-20T12:48:07.0000000+02:00" endTime="2018-09-20T12:48:07.0000000+02:00" testType="13cdc9d9-ddb5-4fa4-a97d-d965ccfc6d4b" outcome="Passed" testListId="8c84fa94-04c1-424b-9868-57a2d4851a1d" relativeResultsDirectory="ef22555b-ea13-4e2a-97a4-5b5de260cf97" /><UnitTestResult executionId="40da4ea3-f783-4a29-9382-b381d81c05a2" testId="720cf257-1719-4d32-bdcc-588d3bd92242" testName="TerminalStateCallsShutdownOnExecution" computerName="TAG009442327432" duration="00:00:00.0000001" startTime="2018-09-20T12:48:07.0000000+02:00" endTime="2018-09-20T12:48:07.0000000+02:00" testType="13cdc9d9-ddb5-4fa4-a97d-d965ccfc6d4b" outcome="Passed" testListId="8c84fa94-04c1-424b-9868-57a2d4851a1d" relativeResultsDirectory="40da4ea3-f783-4a29-9382-b381d81c05a2" /><UnitTestResult executionId="09816142-f596-4a7e-9e15-1b4649504bca" testId="ebb12122-ab35-4ba0-917c-b24d91b5cfa6" testName="Timestamp" computerName="TAG009442327432" duration="00:00:00.0000001" startTime="2018-09-20T12:48:07.0000000+02:00" endTime="2018-09-20T12:48:07.0000000+02:00" testType="13cdc9d9-ddb5-4fa4-a97d-d965ccfc6d4b" outcome="Passed" testListId="8c84fa94-04c1-424b-9868-57a2d4851a1d" relativeResultsDirectory="09816142-f596-4a7e-9e15-1b4649504bca" /><UnitTestResult executionId="4b2a3fe7-378f-450f-b377-d79b3b99189d" testId="1216dc79-3632-46cd-9615-99372ebb4fc7" testName="StartSetsTheStartTime" computerName="TAG009442327432" duration="00:00:00.0010000" startTime="2018-09-20T12:48:08.0000000+02:00" endTime="2018-09-20T12:48:08.0000000+02:00" testType="13cdc9d9-ddb5-4fa4-a97d-d965ccfc6d4b" outcome="Passed" testListId="8c84fa94-04c1-424b-9868-57a2d4851a1d" relativeResultsDirectory="4b2a3fe7-378f-450f-b377-d79b3b99189d" /><UnitTestResult executionId="f9bd41fd-f529-4270-902d-890f15a75315" testId="d0e2216f-61ed-47aa-8690-a2421b9fe7cd" testName="ReportErrorDoesReportOnDataCollectionLevel1" computerName="TAG009442327432" duration="00:00:00.0000001" startTime="2018-09-20T12:48:08.0000000+02:00" endTime="2018-09-20T12:48:08.0000000+02:00" testType="13cdc9d9-ddb5-4fa4-a97d-d965ccfc6d4b" outcome="Passed" testListId="8c84fa94-04c1-424b-9868-57a2d4851a1d" relativeResultsDirectory="f9bd41fd-f529-4270-902d-890f15a75315" /><UnitTestResult executionId="c10b7dd1-20de-4033-9354-939cb5efa9c5" testId="84e7a87d-a8d0-4eec-80df-ff687cdc0847" testName="IsEmptyGivesTrueIfBeaconDoesNotExistInCache" computerName="TAG009442327432" duration="00:00:00.0000001" startTime="2018-09-20T12:48:07.0000000+02:00" endTime="2018-09-20T12:48:07.0000000+02:00" testType="13cdc9d9-ddb5-4fa4-a97d-d965ccfc6d4b" outcome="Passed" testListId="8c84fa94-04c1-424b-9868-57a2d4851a1d" relativeResultsDirectory="c10b7dd1-20de-4033-9354-939cb5efa9c5" /><UnitTestResult executionId="fc7f307e-add0-4a4c-8e2d-83d57a745129" testId="31522b20-6143-4ce1-b8bb-f24652dbd6f0" testName="ReportStringValueDoesNothingIfValueNameIsNull" computerName="TAG009442327432" duration="00:00:00.0000001" startTime="2018-09-20T12:48:07.0000000+02:00" endTime="2018-09-20T12:48:07.0000000+02:00" testType="13cdc9d9-ddb5-4fa4-a97d-d965ccfc6d4b" outcome="Passed" testListId="8c84fa94-04c1-424b-9868-57a2d4851a1d" relativeResultsDirectory="fc7f307e-add0-4a4c-8e2d-83d57a745129" /><UnitTestResult executionId="c48202e2-63ee-45d3-a461-9e46efdbc6c7" testId="c9ae0ce0-e64f-4d55-90c8-f0d2565d4f19" testName="EndingASessionFinishesSessionContext" computerName="TAG009442327432" duration="00:00:00.0010000" startTime="2018-09-20T12:48:07.0000000+02:00" endTime="2018-09-20T12:48:07.0000000+02:00" testType="13cdc9d9-ddb5-4fa4-a97d-d965ccfc6d4b" outcome="Passed" testListId="8c84fa94-04c1-424b-9868-57a2d4851a1d" relativeResultsDirectory="c48202e2-63ee-45d3-a461-9e46efdbc6c7" /><UnitTestResult executionId="491f83e6-efba-44ad-8cbc-4553ab11a2bd" testId="4e1d4ff7-7c23-402f-893c-ea483e692ae2" testName="IpV6AddressLinkLocalIsInvalidDueToTwoDoubleColonsInAddress" computerName="TAG009442327432" duration="00:00:00.0000001" startTime="2018-09-20T12:48:08.0000000+02:00" endTime="2018-09-20T12:48:08.0000000+02:00" testType="13cdc9d9-ddb5-4fa4-a97d-d965ccfc6d4b" outcome="Passed" testListId="8c84fa94-04c1-424b-9868-57a2d4851a1d" relativeResultsDirectory="491f83e6-efba-44ad-8cbc-4553ab11a2bd" /><UnitTestResult executionId="2a893009-1904-44c4-b381-3a62b8c2552f" testId="7fc0eaae-89fe-4117-aa9e-9b268117b48e" testName="SessionNotReportedForDataCollectionLevel0" computerName="TAG009442327432" duration="00:00:00.0000001" startTime="2018-09-20T12:48:08.0000000+02:00" endTime="2018-09-20T12:48:08.0000000+02:00" testType="13cdc9d9-ddb5-4fa4-a97d-d965ccfc6d4b" outcome="Passed" testListId="8c84fa94-04c1-424b-9868-57a2d4851a1d" relativeResultsDirectory="2a893009-1904-44c4-b381-3a62b8c2552f" /><UnitTestResult executionId="367ce7d4-6d74-4225-b588-3d52b5c00ad1" testId="b2fb45e4-c0e7-423d-992d-ab0cde78e9c4" testName="GetNextBeaconChunkCopiesDataForSending" computerName="TAG009442327432" duration="00:00:00.0020000" startTime="2018-09-20T12:48:07.0000000+02:00" endTime="2018-09-20T12:48:07.0000000+02:00" testType="13cdc9d9-ddb5-4fa4-a97d-d965ccfc6d4b" outcome="Passed" testListId="8c84fa94-04c1-424b-9868-57a2d4851a1d" relativeResultsDirectory="367ce7d4-6d74-4225-b588-3d52b5c00ad1" /><UnitTestResult executionId="d1bb0e84-4a40-4a91-9d0a-6aa87d48a8d7" testId="af3d5d3f-cc6a-4e54-bc6d-6e3144258dd9" testName="OddNumberOfTokensThrowsException" computerName="TAG009442327432" duration="00:00:00.0010000" startTime="2018-09-20T12:48:09.0000000+02:00" endTime="2018-09-20T12:48:09.0000000+02:00" testType="13cdc9d9-ddb5-4fa4-a97d-d965ccfc6d4b" outcome="Passed" testListId="8c84fa94-04c1-424b-9868-57a2d4851a1d" relativeResultsDirectory="d1bb0e84-4a40-4a91-9d0a-6aa87d48a8d7" /><UnitTestResult executionId="f7d43b58-79ee-4a18-bf11-16e924b93f9a" testId="3626db79-02d4-41c7-8dc1-80c4e6dc5b4a" testName="ShutdownStateIsTerminalState" computerName="TAG009442327432" duration="00:00:00.0000001" startTime="2018-09-20T12:48:07.0000000+02:00" endTime="2018-09-20T12:48:07.0000000+02:00" testType="13cdc9d9-ddb5-4fa4-a97d-d965ccfc6d4b" outcome="Passed" testListId="8c84fa94-04c1-424b-9868-57a2d4851a1d" relativeResultsDirectory="f7d43b58-79ee-4a18-bf11-16e924b93f9a" /><UnitTestResult executionId="f871cab8-02f9-4610-929f-025924394e2e" testId="9f0a14e2-c0c5-4241-b9a4-3890ac17f67f" testName="NeedsDataCopyBeforeChunkingGivesTrueBeforeDataIsCopied" computerName="TAG009442327432" duration="00:00:00.0000001" startTime="2018-09-20T12:48:07.0000000+02:00" endTime="2018-09-20T12:48:07.0000000+02:00" testType="13cdc9d9-ddb5-4fa4-a97d-d965ccfc6d4b" outcome="Passed" testListId="8c84fa94-04c1-424b-9868-57a2d4851a1d" relativeResultsDirectory="f871cab8-02f9-4610-929f-025924394e2e" /><UnitTestResult executionId="10bd0d77-8e84-42ea-93c8-4825c5aaccdb" testId="97be82f9-6b25-4cef-ab22-77d28438fb54" testName="RemoveRecordsOlderThanRemovesRecordsFromActionData" computerName="TAG009442327432" duration="00:00:00.0010000" startTime="2018-09-20T12:48:07.0000000+02:00" endTime="2018-09-20T12:48:07.0000000+02:00" testType="13cdc9d9-ddb5-4fa4-a97d-d965ccfc6d4b" outcome="Passed" testListId="8c84fa94-04c1-424b-9868-57a2d4851a1d" relativeResultsDirectory="10bd0d77-8e84-42ea-93c8-4825c5aaccdb" /><UnitTestResult executionId="be41b28b-4b23-4c5d-a71e-2061f504bc52" testId="b23ab631-06e2-4091-b5eb-ce2d1b1dba54" testName="IpV6AddressHexCompressedIsValidBlock3" computerName="TAG009442327432" duration="00:00:00.0000001" startTime="2018-09-20T12:48:07.0000000+02:00" endTime="2018-09-20T12:48:07.0000000+02:00" testType="13cdc9d9-ddb5-4fa4-a97d-d965ccfc6d4b" outcome="Passed" testListId="8c84fa94-04c1-424b-9868-57a2d4851a1d" relativeResultsDirectory="be41b28b-4b23-4c5d-a71e-2061f504bc52" /><UnitTestResult executionId="4d5d072a-8bee-4c58-a687-41c0172f5b2a" testId="8cabbf14-1024-4d7c-960a-c384583595ef" testName="StateIsNotTerminal" computerName="TAG009442327432" duration="00:00:00.0000001" startTime="2018-09-20T12:48:07.0000000+02:00" endTime="2018-09-20T12:48:07.0000000+02:00" testType="13cdc9d9-ddb5-4fa4-a97d-d965ccfc6d4b" outcome="Passed" testListId="8c84fa94-04c1-424b-9868-57a2d4851a1d" relativeResultsDirectory="4d5d072a-8bee-4c58-a687-41c0172f5b2a" /><UnitTestResult executionId="b275a4bf-32ff-4a5f-ba68-8f99818a4458" testId="eab791f3-5aab-4104-a98f-6288d9bbf2cb" testName="IdentifyUserDoesReportOnDataCollectionLevel2" computerName="TAG009442327432" duration="00:00:00.0000001" startTime="2018-09-20T12:48:08.0000000+02:00" endTime="2018-09-20T12:48:08.0000000+02:00" testType="13cdc9d9-ddb5-4fa4-a97d-d965ccfc6d4b" outcome="Passed" testListId="8c84fa94-04c1-424b-9868-57a2d4851a1d" relativeResultsDirectory="b275a4bf-32ff-4a5f-ba68-8f99818a4458" /><UnitTestResult executionId="7a1deab4-899f-493f-82f0-68348178b414" testId="144498d5-c707-45c4-831b-0d36a9703dc5" testName="SendTimeSyncRequestSendsOneHTTPGetRequest" computerName="TAG009442327432" duration="00:00:00.0010000" startTime="2018-09-20T12:48:09.0000000+02:00" endTime="2018-09-20T12:48:09.0000000+02:00" testType="13cdc9d9-ddb5-4fa4-a97d-d965ccfc6d4b" outcome="Passed" testListId="8c84fa94-04c1-424b-9868-57a2d4851a1d" relativeResultsDirectory="7a1deab4-899f-493f-82f0-68348178b414" /><UnitTestResult executionId="4082c166-2e5c-4684-b6fb-9a1956ca8892" testId="ebb18389-c66a-4607-9937-6ca7227a9fad" testName="DefaultsAreSetForAppMon" computerName="TAG009442327432" duration="00:00:00.0010000" startTime="2018-09-20T12:48:08.0000000+02:00" endTime="2018-09-20T12:48:08.0000000+02:00" testType="13cdc9d9-ddb5-4fa4-a97d-d965ccfc6d4b" outcome="Passed" testListId="8c84fa94-04c1-424b-9868-57a2d4851a1d" relativeResultsDirectory="4082c166-2e5c-4684-b6fb-9a1956ca8892" /><UnitTestResult executionId="3d077574-f047-4d0c-bb6f-71fb95697685" testId="023dc6cb-ab05-499b-989d-9684d4760395" testName="IdentifyUser" computerName="TAG009442327432" duration="00:00:00.0010000" startTime="2018-09-20T12:48:07.0000000+02:00" endTime="2018-09-20T12:48:07.0000000+02:00" testType="13cdc9d9-ddb5-4fa4-a97d-d965ccfc6d4b" outcome="Passed" testListId="8c84fa94-04c1-424b-9868-57a2d4851a1d" relativeResultsDirectory="3d077574-f047-4d0c-bb6f-71fb95697685" /><UnitTestResult executionId="b9ab32e7-6290-4401-80e1-72dafaa87321" testId="02e6eed9-7355-4889-96e5-304b561821f7" testName="SendBeaconRequestReturnsAnUnknownErrorResponseForUnparseableStatusResponse" computerName="TAG009442327432" duration="00:00:00.0020000" startTime="2018-09-20T12:48:08.0000000+02:00" endTime="2018-09-20T12:48:08.0000000+02:00" testType="13cdc9d9-ddb5-4fa4-a97d-d965ccfc6d4b" outcome="Passed" testListId="8c84fa94-04c1-424b-9868-57a2d4851a1d" relativeResultsDirectory="b9ab32e7-6290-4401-80e1-72dafaa87321" /><UnitTestResult executionId="39d1f02d-2d1a-4aea-b7f3-3cffa3384760" testId="31b58c4b-2e81-4f60-848c-22fb49785745" testName="NoWebRequestIsReportedIfBeaconConfigurationDisablesCapturing" computerName="TAG009442327432" duration="00:00:00.0010000" startTime="2018-09-20T12:48:08.0000000+02:00" endTime="2018-09-20T12:48:08.0000000+02:00" testType="13cdc9d9-ddb5-4fa4-a97d-d965ccfc6d4b" outcome="Passed" testListId="8c84fa94-04c1-424b-9868-57a2d4851a1d" relativeResultsDirectory="39d1f02d-2d1a-4aea-b7f3-3cffa3384760" /><UnitTestResult executionId="71cf3973-6547-4065-9f09-3eef0732dfc4" testId="dd6c27fe-3771-40a6-a9c0-a1e0d9181c54" testName="DefaultServerIDIsMinusOne" computerName="TAG009442327432" duration="00:00:00.0000001" startTime="2018-09-20T12:48:09.0000000+02:00" endTime="2018-09-20T12:48:09.0000000+02:00" testType="13cdc9d9-ddb5-4fa4-a97d-d965ccfc6d4b" outcome="Passed" testListId="8c84fa94-04c1-424b-9868-57a2d4851a1d" relativeResultsDirectory="71cf3973-6547-4065-9f09-3eef0732dfc4" /><UnitTestResult executionId="97edb496-c713-4a0d-b8cd-0ffc63ae1b2a" testId="7b8b9b13-f9ac-42f1-8320-d6a87737a163" testName="CanSleepCustomPeriod" computerName="TAG009442327432" duration="00:00:00.0000001" startTime="2018-09-20T12:48:07.0000000+02:00" endTime="2018-09-20T12:48:07.0000000+02:00" testType="13cdc9d9-ddb5-4fa4-a97d-d965ccfc6d4b" outcome="Passed" testListId="8c84fa94-04c1-424b-9868-57a2d4851a1d" relativeResultsDirectory="97edb496-c713-4a0d-b8cd-0ffc63ae1b2a" /><UnitTestResult executionId="5849bc4d-5508-4aeb-9252-3ac02d1688e4" testId="3a6f3a53-72b3-4f61-90d5-643bf393537d" testName="DeleteCacheEntriesDoesNothingIfGivenBeaconIDIsNotInCache" computerName="TAG009442327432" duration="00:00:00.0010000" startTime="2018-09-20T12:48:07.0000000+02:00" endTime="2018-09-20T12:48:07.0000000+02:00" testType="13cdc9d9-ddb5-4fa4-a97d-d965ccfc6d4b" outcome="Passed" testListId="8c84fa94-04c1-424b-9868-57a2d4851a1d" relativeResultsDirectory="5849bc4d-5508-4aeb-9252-3ac02d1688e4" /><UnitTestResult executionId="29f2f4b2-be5c-4753-87b7-a744a02dfcca" testId="6c95c187-65b5-4fa8-a23d-7ead14bf3246" testName="OddNumberOfTokensThrowsException" computerName="TAG009442327432" duration="00:00:00.0010000" startTime="2018-09-20T12:48:09.0000000+02:00" endTime="2018-09-20T12:48:09.0000000+02:00" testType="13cdc9d9-ddb5-4fa4-a97d-d965ccfc6d4b" outcome="Passed" testListId="8c84fa94-04c1-424b-9868-57a2d4851a1d" relativeResultsDirectory="29f2f4b2-be5c-4753-87b7-a744a02dfcca" /><UnitTestResult executionId="2a796a5f-2afd-4de3-9c75-a63608bf54ff" testId="ea52bf2a-18d5-4b1d-9144-b7a038a950f6" testName="EnterActionGivesNullActionIfSessionIsAlreadyEnded" computerName="TAG009442327432" duration="00:00:00.0000001" startTime="2018-09-20T12:48:07.0000000+02:00" endTime="2018-09-20T12:48:07.0000000+02:00" testType="13cdc9d9-ddb5-4fa4-a97d-d965ccfc6d4b" outcome="Passed" testListId="8c84fa94-04c1-424b-9868-57a2d4851a1d" relativeResultsDirectory="2a796a5f-2afd-4de3-9c75-a63608bf54ff" /><UnitTestResult executionId="ab19ec00-25e0-4422-ae65-8495a5fd1d56" testId="73ec5922-de09-4572-9966-443bb1d84c7f" testName="ShutdownStateIsFlushState" computerName="TAG009442327432" duration="00:00:00.0000001" startTime="2018-09-20T12:48:07.0000000+02:00" endTime="2018-09-20T12:48:07.0000000+02:00" testType="13cdc9d9-ddb5-4fa4-a97d-d965ccfc6d4b" outcome="Passed" testListId="8c84fa94-04c1-424b-9868-57a2d4851a1d" relativeResultsDirectory="ab19ec00-25e0-4422-ae65-8495a5fd1d56" /><UnitTestResult executionId="75ec0bd0-2232-4be1-b8fe-41f3ae691364" testId="00a48112-cc0e-4fbc-9fb5-22e3ee7564ed" testName="RemoveOldestRecordsComparesTopActionAndEventDataAndRemovesOldest" computerName="TAG009442327432" duration="00:00:00.0010000" startTime="2018-09-20T12:48:07.0000000+02:00" endTime="2018-09-20T12:48:07.0000000+02:00" testType="13cdc9d9-ddb5-4fa4-a97d-d965ccfc6d4b" outcome="Passed" testListId="8c84fa94-04c1-424b-9868-57a2d4851a1d" relativeResultsDirectory="75ec0bd0-2232-4be1-b8fe-41f3ae691364" /><UnitTestResult executionId="0a2ad675-1b61-4068-bda7-950735ad1217" testId="5182cdad-6ce0-43e5-a7e1-f48722a4030d" testName="NeedsDataCopyBeforeChunkingGivesFalseAfterDataHasBeenCopied" computerName="TAG009442327432" duration="00:00:00.0000001" startTime="2018-09-20T12:48:07.0000000+02:00" endTime="2018-09-20T12:48:07.0000000+02:00" testType="13cdc9d9-ddb5-4fa4-a97d-d965ccfc6d4b" outcome="Passed" testListId="8c84fa94-04c1-424b-9868-57a2d4851a1d" relativeResultsDirectory="0a2ad675-1b61-4068-bda7-950735ad1217" /><UnitTestResult executionId="0a535523-8d84-4e90-b494-1458a30314eb" testId="63f94b53-db1d-4d17-bbf5-83f99d7ddcec" testName="WaitForInitWhenTimeoutExpires" computerName="TAG009442327432" duration="00:00:00.0020000" startTime="2018-09-20T12:48:07.0000000+02:00" endTime="2018-09-20T12:48:07.0000000+02:00" testType="13cdc9d9-ddb5-4fa4-a97d-d965ccfc6d4b" outcome="Passed" testListId="8c84fa94-04c1-424b-9868-57a2d4851a1d" relativeResultsDirectory="0a535523-8d84-4e90-b494-1458a30314eb" /><UnitTestResult executionId="4d43bebc-b190-468c-9573-68688bf4b7a8" testId="c8d8c7df-1e03-4d91-b41d-e0a6906a6817" testName="DefaultPRNGeneratorProvidesPositiveInt" computerName="TAG009442327432" duration="00:00:00.0000001" startTime="2018-09-20T12:48:09.0000000+02:00" endTime="2018-09-20T12:48:09.0000000+02:00" testType="13cdc9d9-ddb5-4fa4-a97d-d965ccfc6d4b" outcome="Passed" testListId="8c84fa94-04c1-424b-9868-57a2d4851a1d" relativeResultsDirectory="4d43bebc-b190-468c-9573-68688bf4b7a8" /><UnitTestResult executionId="e8e97aea-f529-4c58-ad9b-c8f2f4209aed" testId="555622bf-07cc-4014-abd5-51e89b01d139" testName="ReportErrorAcceptsNullReason" computerName="TAG009442327432" duration="00:00:00.0000001" startTime="2018-09-20T12:48:07.0000000+02:00" endTime="2018-09-20T12:48:07.0000000+02:00" testType="13cdc9d9-ddb5-4fa4-a97d-d965ccfc6d4b" outcome="Passed" testListId="8c84fa94-04c1-424b-9868-57a2d4851a1d" relativeResultsDirectory="e8e97aea-f529-4c58-ad9b-c8f2f4209aed" /><UnitTestResult executionId="21d0b00c-2e7e-427e-8c41-98d3757ed70a" testId="1432ec38-d134-4562-890f-b2fe61f68e07" testName="TimeSyncSupportIsTrueByDefault" computerName="TAG009442327432" duration="00:00:00.0000001" startTime="2018-09-20T12:48:07.0000000+02:00" endTime="2018-09-20T12:48:07.0000000+02:00" testType="13cdc9d9-ddb5-4fa4-a97d-d965ccfc6d4b" outcome="Passed" testListId="8c84fa94-04c1-424b-9868-57a2d4851a1d" relativeResultsDirectory="21d0b00c-2e7e-427e-8c41-98d3757ed70a" /><UnitTestResult executionId="5f00f718-c978-42b9-9e96-4829282bbf7e" testId="594a60be-9c26-4b4a-ad3f-e3eac0feba95" testName="ipV4AddressIsInvalidDueToIllegalValueNegative" computerName="TAG009442327432" duration="00:00:00.0000001" startTime="2018-09-20T12:48:07.0000000+02:00" endTime="2018-09-20T12:48:07.0000000+02:00" testType="13cdc9d9-ddb5-4fa4-a97d-d965ccfc6d4b" outcome="Passed" testListId="8c84fa94-04c1-424b-9868-57a2d4851a1d" relativeResultsDirectory="5f00f718-c978-42b9-9e96-4829282bbf7e" /><UnitTestResult executionId="2d42d464-09cb-4c05-abf0-ec58d037826b" testId="731e755f-dfab-43e5-ba87-526e3d145d62" testName="LeavingAnActionSetsTheEndSequenceNumber" computerName="TAG009442327432" duration="00:00:00.0000001" startTime="2018-09-20T12:48:07.0000000+02:00" endTime="2018-09-20T12:48:07.0000000+02:00" testType="13cdc9d9-ddb5-4fa4-a97d-d965ccfc6d4b" outcome="Passed" testListId="8c84fa94-04c1-424b-9868-57a2d4851a1d" relativeResultsDirectory="2d42d464-09cb-4c05-abf0-ec58d037826b" /><UnitTestResult executionId="55567de2-f7db-4577-8e35-0475329a10c4" testId="41d4c485-d8e7-405a-95cd-274c40b904fb" testName="FinishingANewSessionStillLeavesItNew" computerName="TAG009442327432" duration="00:00:00.0030000" startTime="2018-09-20T12:48:07.0000000+02:00" endTime="2018-09-20T12:48:07.0000000+02:00" testType="13cdc9d9-ddb5-4fa4-a97d-d965ccfc6d4b" outcome="Passed" testListId="8c84fa94-04c1-424b-9868-57a2d4851a1d" relativeResultsDirectory="55567de2-f7db-4577-8e35-0475329a10c4"><Output><StdOut>2018-09-20T10:48:07.8403616Z DEBUG [3] BeaconSender StartSession&#xD;
2018-09-20T10:48:07.8404060Z DEBUG [3] BeaconCache AddEventData(sn=1, timestamp=0, data='et=18&amp;it=0&amp;pa=0&amp;s0=1&amp;t0=0')</StdOut></Output></UnitTestResult><UnitTestResult executionId="87f4a1e8-9f77-462f-ae64-3ae566a5b037" testId="86f7783c-ff0b-41e6-9adc-f988cee67f7e" testName="UnsuccessfulFinishedSessionsAreNotRemovedFromCache" computerName="TAG009442327432" duration="00:00:00.0010000" startTime="2018-09-20T12:48:07.0000000+02:00" endTime="2018-09-20T12:48:07.0000000+02:00" testType="13cdc9d9-ddb5-4fa4-a97d-d965ccfc6d4b" outcome="Passed" testListId="8c84fa94-04c1-424b-9868-57a2d4851a1d" relativeResultsDirectory="87f4a1e8-9f77-462f-ae64-3ae566a5b037" /><UnitTestResult executionId="ddd5bab3-b8aa-4169-8cfd-b74d9e905740" testId="b59b341a-eec9-4d00-96a1-a8aea91edb3d" testName="SessionIDIsAlwaysValue1OnDataCollectionLevel1" computerName="TAG009442327432" duration="00:00:00.0000001" startTime="2018-09-20T12:48:08.0000000+02:00" endTime="2018-09-20T12:48:08.0000000+02:00" testType="13cdc9d9-ddb5-4fa4-a97d-d965ccfc6d4b" outcome="Passed" testListId="8c84fa94-04c1-424b-9868-57a2d4851a1d" relativeResultsDirectory="ddd5bab3-b8aa-4169-8cfd-b74d9e905740" /><UnitTestResult executionId="6a536c63-7dba-4f81-8ac7-1c180ff03fbd" testId="a10e28d1-b0da-4eec-a122-79e43af4126b" testName="DisposingAWebRequestTracerStopsIt" computerName="TAG009442327432" duration="00:00:00.0000001" startTime="2018-09-20T12:48:08.0000000+02:00" endTime="2018-09-20T12:48:08.0000000+02:00" testType="13cdc9d9-ddb5-4fa4-a97d-d965ccfc6d4b" outcome="Passed" testListId="8c84fa94-04c1-424b-9868-57a2d4851a1d" relativeResultsDirectory="6a536c63-7dba-4f81-8ac7-1c180ff03fbd" /><UnitTestResult executionId="f308fd1a-81d3-4d11-87be-bc90a316a7e6" testId="6a9ee550-330d-4b2e-b578-f7d249f1a4a8" testName="MultiplicityIsSetToZeroIfNoFurtherNewSessionRequestsAreAllowed" computerName="TAG009442327432" duration="00:00:00.0020000" startTime="2018-09-20T12:48:07.0000000+02:00" endTime="2018-09-20T12:48:07.0000000+02:00" testType="13cdc9d9-ddb5-4fa4-a97d-d965ccfc6d4b" outcome="Passed" testListId="8c84fa94-04c1-424b-9868-57a2d4851a1d" relativeResultsDirectory="f308fd1a-81d3-4d11-87be-bc90a316a7e6" /><UnitTestResult executionId="691fb493-a672-48f3-8266-e3d14311267f" testId="3c0c5a46-8332-48d5-a821-c428c7c68082" testName="resetDataMarkedForSendingReturnsIfDataHasNotBeenCopied" computerName="TAG009442327432" duration="00:00:00.0010000" startTime="2018-09-20T12:48:07.0000000+02:00" endTime="2018-09-20T12:48:07.0000000+02:00" testType="13cdc9d9-ddb5-4fa4-a97d-d965ccfc6d4b" outcome="Passed" testListId="8c84fa94-04c1-424b-9868-57a2d4851a1d" relativeResultsDirectory="691fb493-a672-48f3-8266-e3d14311267f" /><UnitTestResult executionId="ef3b9378-e050-4bfc-8f94-1650d8194da7" testId="1905ce7c-3d70-4e7a-a4d6-64ae69806aa6" testName="ParsingMultiplictyWorks" computerName="TAG009442327432" duration="00:00:00.0010000" startTime="2018-09-20T12:48:09.0000000+02:00" endTime="2018-09-20T12:48:09.0000000+02:00" testType="13cdc9d9-ddb5-4fa4-a97d-d965ccfc6d4b" outcome="Passed" testListId="8c84fa94-04c1-424b-9868-57a2d4851a1d" relativeResultsDirectory="ef3b9378-e050-4bfc-8f94-1650d8194da7" /><UnitTestResult executionId="ef83a83f-4d52-4a71-9b8c-50338c604102" testId="5fde9c50-881d-4318-bd19-475d99074143" testName="ResetDataMarkedForSendingMovesPreviouslyCopiedDataBack" computerName="TAG009442327432" duration="00:00:00.0010000" startTime="2018-09-20T12:48:07.0000000+02:00" endTime="2018-09-20T12:48:07.0000000+02:00" testType="13cdc9d9-ddb5-4fa4-a97d-d965ccfc6d4b" outcome="Passed" testListId="8c84fa94-04c1-424b-9868-57a2d4851a1d" relativeResultsDirectory="ef83a83f-4d52-4a71-9b8c-50338c604102" /><UnitTestResult executionId="b9fcdc0a-6e42-41e1-9394-1d093827e7c7" testId="1621200d-df42-4bc5-beb8-9f19a4079c0b" testName="CapturingIsDisabledIfResponseCodeIndicatesFailures" computerName="TAG009442327432" duration="00:00:00.0000001" startTime="2018-09-20T12:48:07.0000000+02:00" endTime="2018-09-20T12:48:07.0000000+02:00" testType="13cdc9d9-ddb5-4fa4-a97d-d965ccfc6d4b" outcome="Passed" testListId="8c84fa94-04c1-424b-9868-57a2d4851a1d" relativeResultsDirectory="b9fcdc0a-6e42-41e1-9394-1d093827e7c7" /><UnitTestResult executionId="ad4cc6c2-13ab-4e8d-a166-8a67e0d015c6" testId="ffbd6838-3b06-43f9-aa26-43c3f6a4713d" testName="ParsingInvalidServerIDThrowsException" computerName="TAG009442327432" duration="00:00:00.0010000" startTime="2018-09-20T12:48:09.0000000+02:00" endTime="2018-09-20T12:48:09.0000000+02:00" testType="13cdc9d9-ddb5-4fa4-a97d-d965ccfc6d4b" outcome="Passed" testListId="8c84fa94-04c1-424b-9868-57a2d4851a1d" relativeResultsDirectory="ad4cc6c2-13ab-4e8d-a166-8a67e0d015c6" /><UnitTestResult executionId="4c5510a2-274d-4624-b887-48392d5b107a" testId="8e1825ef-967c-40e5-922d-37d0694bdc1d" testName="SessionReportedForDataCollectionLevel1" computerName="TAG009442327432" duration="00:00:00.0000001" startTime="2018-09-20T12:48:08.0000000+02:00" endTime="2018-09-20T12:48:08.0000000+02:00" testType="13cdc9d9-ddb5-4fa4-a97d-d965ccfc6d4b" outcome="Passed" testListId="8c84fa94-04c1-424b-9868-57a2d4851a1d" relativeResultsDirectory="4c5510a2-274d-4624-b887-48392d5b107a" /><UnitTestResult executionId="35f18bcd-13d6-418a-a628-689dfa5eac3e" testId="16fcf18b-35c2-4f27-968f-5ff2ab3e6b37" testName="CanSetLogger" computerName="TAG009442327432" duration="00:00:00.0000001" startTime="2018-09-20T12:48:08.0000000+02:00" endTime="2018-09-20T12:48:08.0000000+02:00" testType="13cdc9d9-ddb5-4fa4-a97d-d965ccfc6d4b" outcome="Passed" testListId="8c84fa94-04c1-424b-9868-57a2d4851a1d" relativeResultsDirectory="35f18bcd-13d6-418a-a628-689dfa5eac3e" /><UnitTestResult executionId="9a40b3bf-44e8-4f03-8686-ad8a83b07908" testId="a9cd3f9e-4fd8-403c-9fc6-d97d61c89ebd" testName="InfoDoesNotLogIfVerboseIsDisabled" computerName="TAG009442327432" duration="00:00:00.0010000" startTime="2018-09-20T12:48:07.0000000+02:00" endTime="2018-09-20T12:48:07.0000000+02:00" testType="13cdc9d9-ddb5-4fa4-a97d-d965ccfc6d4b" outcome="Passed" testListId="8c84fa94-04c1-424b-9868-57a2d4851a1d" relativeResultsDirectory="9a40b3bf-44e8-4f03-8686-ad8a83b07908" /><UnitTestResult executionId="dcce2ac3-fb76-43f9-8731-3ef080fd02c9" testId="1d998cdd-c60b-4f84-9adb-a6d351c9f9cf" testName="IpV4AddressIsInvalidBecauseOfOverflow" computerName="TAG009442327432" duration="00:00:00.0020000" startTime="2018-09-20T12:48:07.0000000+02:00" endTime="2018-09-20T12:48:07.0000000+02:00" testType="13cdc9d9-ddb5-4fa4-a97d-d965ccfc6d4b" outcome="Passed" testListId="8c84fa94-04c1-424b-9868-57a2d4851a1d" relativeResultsDirectory="dcce2ac3-fb76-43f9-8731-3ef080fd02c9" /><UnitTestResult executionId="4b04c0ad-7ab9-428a-9477-1daefe05931f" testId="414bac99-02a5-4a38-9f50-7596da71cc4d" testName="TransitionToCaptureOffStateIsPerformed" computerName="TAG009442327432" duration="00:00:00.0010000" startTime="2018-09-20T12:48:07.0000000+02:00" endTime="2018-09-20T12:48:07.0000000+02:00" testType="13cdc9d9-ddb5-4fa4-a97d-d965ccfc6d4b" outcome="Passed" testListId="8c84fa94-04c1-424b-9868-57a2d4851a1d" relativeResultsDirectory="4b04c0ad-7ab9-428a-9477-1daefe05931f" /><UnitTestResult executionId="cd1e7766-d88c-470e-b5ab-ce8448e2c806" testId="b17e9cad-4d31-4181-878c-9361861a067b" testName="NoActionIsAddedIfBeaconConfigurationDisablesCapturing" computerName="TAG009442327432" duration="00:00:00.0000001" startTime="2018-09-20T12:48:08.0000000+02:00" endTime="2018-09-20T12:48:08.0000000+02:00" testType="13cdc9d9-ddb5-4fa4-a97d-d965ccfc6d4b" outcome="Passed" testListId="8c84fa94-04c1-424b-9868-57a2d4851a1d" relativeResultsDirectory="cd1e7766-d88c-470e-b5ab-ce8448e2c806" /><UnitTestResult executionId="35619cf2-ee1a-45cf-b63b-d4e15913e7ef" testId="0d279871-207b-48a5-ada2-af120a2eb1aa" testName="CanSetOperatingSystemForDynatrace" computerName="TAG009442327432" duration="00:00:00.0000001" startTime="2018-09-20T12:48:08.0000000+02:00" endTime="2018-09-20T12:48:08.0000000+02:00" testType="13cdc9d9-ddb5-4fa4-a97d-d965ccfc6d4b" outcome="Passed" testListId="8c84fa94-04c1-424b-9868-57a2d4851a1d" relativeResultsDirectory="35619cf2-ee1a-45cf-b63b-d4e15913e7ef" /><UnitTestResult executionId="12bb39a8-c1cc-413a-bce7-55775235d7f2" testId="aabfc1c0-1fc9-4a86-8f0a-489231ba0906" testName="AfterAFinishedSessionHasBeenConfiguredItsFinishedAndConfigured" computerName="TAG009442327432" duration="00:00:00.0040000" startTime="2018-09-20T12:48:07.0000000+02:00" endTime="2018-09-20T12:48:07.0000000+02:00" testType="13cdc9d9-ddb5-4fa4-a97d-d965ccfc6d4b" outcome="Passed" testListId="8c84fa94-04c1-424b-9868-57a2d4851a1d" relativeResultsDirectory="12bb39a8-c1cc-413a-bce7-55775235d7f2"><Output><StdOut>2018-09-20T10:48:07.8232286Z DEBUG [3] BeaconSender StartSession&#xD;
2018-09-20T10:48:07.8237967Z DEBUG [3] BeaconCache AddEventData(sn=1, timestamp=0, data='et=18&amp;it=0&amp;pa=0&amp;s0=1&amp;t0=0')&#xD;
2018-09-20T10:48:07.8238366Z DEBUG [3] BeaconSender StartSession&#xD;
2018-09-20T10:48:07.8238457Z DEBUG [3] BeaconCache AddEventData(sn=2, timestamp=0, data='et=18&amp;it=0&amp;pa=0&amp;s0=1&amp;t0=0')</StdOut></Output></UnitTestResult><UnitTestResult executionId="5a48179d-5600-4c70-9602-df8cdc928957" testId="e45b9a8c-044e-48a4-a7c4-90676584f021" testName="SetBytesReceivedSetsTheNumberOfReceivedBytes" computerName="TAG009442327432" duration="00:00:00.0000001" startTime="2018-09-20T12:48:08.0000000+02:00" endTime="2018-09-20T12:48:08.0000000+02:00" testType="13cdc9d9-ddb5-4fa4-a97d-d965ccfc6d4b" outcome="Passed" testListId="8c84fa94-04c1-424b-9868-57a2d4851a1d" relativeResultsDirectory="5a48179d-5600-4c70-9602-df8cdc928957" /><UnitTestResult executionId="85bacb74-061f-4bca-8462-cdccbfcca2ee" testId="fd1a41f2-b1f1-423f-b4fc-59e76ce2e93a" testName="SendStatusRequestHandlesNullResponsesSameAsErroneousResponses" computerName="TAG009442327432" duration="00:00:00.0010000" startTime="2018-09-20T12:48:07.0000000+02:00" endTime="2018-09-20T12:48:07.0000000+02:00" testType="13cdc9d9-ddb5-4fa4-a97d-d965ccfc6d4b" outcome="Passed" testListId="8c84fa94-04c1-424b-9868-57a2d4851a1d" relativeResultsDirectory="85bacb74-061f-4bca-8462-cdccbfcca2ee" /><UnitTestResult executionId="9cf4dd6b-5d3c-4693-84e5-c1f88b712e34" testId="b5457a4e-6f3f-42f9-a447-4918ac0256dd" testName="ReportErrorDoesNotReportOnDataCollectionLevel0" computerName="TAG009442327432" duration="00:00:00.0000001" startTime="2018-09-20T12:48:08.0000000+02:00" endTime="2018-09-20T12:48:08.0000000+02:00" testType="13cdc9d9-ddb5-4fa4-a97d-d965ccfc6d4b" outcome="Passed" testListId="8c84fa94-04c1-424b-9868-57a2d4851a1d" relativeResultsDirectory="9cf4dd6b-5d3c-4693-84e5-c1f88b712e34" /><UnitTestResult executionId="4e4985c1-e0a3-4387-b54f-a7abf6dc459c" testId="10dd0f02-7a35-48cf-95bb-0959ebaac354" testName="CanOverrideTrustManagerForAppMon" computerName="TAG009442327432" duration="00:00:00.0020000" startTime="2018-09-20T12:48:08.0000000+02:00" endTime="2018-09-20T12:48:08.0000000+02:00" testType="13cdc9d9-ddb5-4fa4-a97d-d965ccfc6d4b" outcome="Passed" testListId="8c84fa94-04c1-424b-9868-57a2d4851a1d" relativeResultsDirectory="4e4985c1-e0a3-4387-b54f-a7abf6dc459c" /><UnitTestResult executionId="7c991ffe-1cc3-40f0-98ed-fd387a7a31eb" testId="799812ed-8fdd-4dca-909e-e6bf759ae3cf" testName="DeviceIDIsTruncatedTo250Characters" computerName="TAG009442327432" duration="00:00:00.0010000" startTime="2018-09-20T12:48:08.0000000+02:00" endTime="2018-09-20T12:48:08.0000000+02:00" testType="13cdc9d9-ddb5-4fa4-a97d-d965ccfc6d4b" outcome="Passed" testListId="8c84fa94-04c1-424b-9868-57a2d4851a1d" relativeResultsDirectory="7c991ffe-1cc3-40f0-98ed-fd387a7a31eb" /><UnitTestResult executionId="7eee3328-7d96-4eb9-9e90-cdb44a3a763d" testId="f3df258e-a60f-479c-b667-18a4c979d70e" testName="IpV6AddressLinkLocalIsInvalidTooManyBlocks" computerName="TAG009442327432" duration="00:00:00.0000001" startTime="2018-09-20T12:48:08.0000000+02:00" endTime="2018-09-20T12:48:08.0000000+02:00" testType="13cdc9d9-ddb5-4fa4-a97d-d965ccfc6d4b" outcome="Passed" testListId="8c84fa94-04c1-424b-9868-57a2d4851a1d" relativeResultsDirectory="7eee3328-7d96-4eb9-9e90-cdb44a3a763d" /><UnitTestResult executionId="a9fe7795-a78c-482f-8353-29d135d1c722" testId="6888fd3f-8ec4-4362-a33a-4b218243a46f" testName="CannotSetNullTrustManagerForDynatrace" computerName="TAG009442327432" duration="00:00:00.0010000" startTime="2018-09-20T12:48:08.0000000+02:00" endTime="2018-09-20T12:48:08.0000000+02:00" testType="13cdc9d9-ddb5-4fa4-a97d-d965ccfc6d4b" outcome="Passed" testListId="8c84fa94-04c1-424b-9868-57a2d4851a1d" relativeResultsDirectory="a9fe7795-a78c-482f-8353-29d135d1c722" /><UnitTestResult executionId="485f3911-da62-4c7c-8e0b-ef0ef1a580b1" testId="82d16c8c-df28-4d5a-a3ab-fde4ff59198f" testName="ShutdownStateIsTerminalStateForInitialTimeSync" computerName="TAG009442327432" duration="00:00:00.0000001" startTime="2018-09-20T12:48:07.0000000+02:00" endTime="2018-09-20T12:48:07.0000000+02:00" testType="13cdc9d9-ddb5-4fa4-a97d-d965ccfc6d4b" outcome="Passed" testListId="8c84fa94-04c1-424b-9868-57a2d4851a1d" relativeResultsDirectory="485f3911-da62-4c7c-8e0b-ef0ef1a580b1" /><UnitTestResult executionId="70db2c90-5626-46ff-9fb7-cb9422edcffb" testId="abc75676-d982-41eb-b072-4ef0d770155c" testName="IpV4AddressIsInvalidDueToAdditionalCharacterInFourthBlock" computerName="TAG009442327432" duration="00:00:00.0000001" startTime="2018-09-20T12:48:07.0000000+02:00" endTime="2018-09-20T12:48:07.0000000+02:00" testType="13cdc9d9-ddb5-4fa4-a97d-d965ccfc6d4b" outcome="Passed" testListId="8c84fa94-04c1-424b-9868-57a2d4851a1d" relativeResultsDirectory="70db2c90-5626-46ff-9fb7-cb9422edcffb" /><UnitTestResult executionId="6719f126-96cb-4cc4-9adb-062ff7712c79" testId="37024ab1-a376-4c5d-9f62-0edc52f0f82c" testName="ANewlyCreatedSessionIsNotEnded" computerName="TAG009442327432" duration="00:00:00.0000001" startTime="2018-09-20T12:48:07.0000000+02:00" endTime="2018-09-20T12:48:07.0000000+02:00" testType="13cdc9d9-ddb5-4fa4-a97d-d965ccfc6d4b" outcome="Passed" testListId="8c84fa94-04c1-424b-9868-57a2d4851a1d" relativeResultsDirectory="6719f126-96cb-4cc4-9adb-062ff7712c79" /><UnitTestResult executionId="285ee7dd-d136-4b4e-8fb8-147fd85e18f5" testId="58182cde-0523-497b-b953-3fdeabde435e" testName="ShutdownStateIsFlushSessionStateForTimeReSync" computerName="TAG009442327432" duration="00:00:00.0000001" startTime="2018-09-20T12:48:07.0000000+02:00" endTime="2018-09-20T12:48:07.0000000+02:00" testType="13cdc9d9-ddb5-4fa4-a97d-d965ccfc6d4b" outcome="Passed" testListId="8c84fa94-04c1-424b-9868-57a2d4851a1d" relativeResultsDirectory="285ee7dd-d136-4b4e-8fb8-147fd85e18f5" /><UnitTestResult executionId="621d9edd-4217-4a91-be88-677166d1e01d" testId="de52cd21-3282-4e29-ac8d-922f91d7b292" testName="ExecuteEvictionStopsIfNumBytesInCacheFallsBelowLowerBoundBetweenTwoBeacons" computerName="TAG009442327432" duration="00:00:00.0010000" startTime="2018-09-20T12:48:07.0000000+02:00" endTime="2018-09-20T12:48:07.0000000+02:00" testType="13cdc9d9-ddb5-4fa4-a97d-d965ccfc6d4b" outcome="Passed" testListId="8c84fa94-04c1-424b-9868-57a2d4851a1d" relativeResultsDirectory="621d9edd-4217-4a91-be88-677166d1e01d" /><UnitTestResult executionId="2d056479-999f-406e-b518-215301ce176a" testId="388ee22a-eb61-4228-930a-a4961ac4481c" testName="DefaultBeaconConfigurationDoesNotDisableCapturing" computerName="TAG009442327432" duration="00:00:00.0000001" startTime="2018-09-20T12:48:08.0000000+02:00" endTime="2018-09-20T12:48:08.0000000+02:00" testType="13cdc9d9-ddb5-4fa4-a97d-d965ccfc6d4b" outcome="Passed" testListId="8c84fa94-04c1-424b-9868-57a2d4851a1d" relativeResultsDirectory="2d056479-999f-406e-b518-215301ce176a" /><UnitTestResult executionId="b0d93492-be86-43ba-8e2c-0ec72dbedfc0" testId="f2f91c80-7dbd-4396-b121-f6fb0c6ffd5a" testName="SendStatusRequestReturnsTooManyRequestsResponseImmediately" computerName="TAG009442327432" duration="00:00:00.0010000" startTime="2018-09-20T12:48:07.0000000+02:00" endTime="2018-09-20T12:48:07.0000000+02:00" testType="13cdc9d9-ddb5-4fa4-a97d-d965ccfc6d4b" outcome="Passed" testListId="8c84fa94-04c1-424b-9868-57a2d4851a1d" relativeResultsDirectory="b0d93492-be86-43ba-8e2c-0ec72dbedfc0" /><UnitTestResult executionId="b44dfa0b-29aa-4906-9b2a-be60d50df9a8" testId="b58cfe4b-da2e-4b4d-9324-3401965ec38c" testName="NullIsNotAValidURLScheme" computerName="TAG009442327432" duration="00:00:00.0000001" startTime="2018-09-20T12:48:08.0000000+02:00" endTime="2018-09-20T12:48:08.0000000+02:00" testType="13cdc9d9-ddb5-4fa4-a97d-d965ccfc6d4b" outcome="Passed" testListId="8c84fa94-04c1-424b-9868-57a2d4851a1d" relativeResultsDirectory="b44dfa0b-29aa-4906-9b2a-be60d50df9a8" /><UnitTestResult executionId="0bb7da7f-867a-4900-bdaa-547076633dd5" testId="40aef9aa-1587-47a0-b7e6-3f80b9cf68cb" testName="SendTimeSyncRequestReturnsAnUnknownErrorResponseForUnparseableStatusResponse" computerName="TAG009442327432" duration="00:00:00.0040000" startTime="2018-09-20T12:48:09.0000000+02:00" endTime="2018-09-20T12:48:09.0000000+02:00" testType="13cdc9d9-ddb5-4fa4-a97d-d965ccfc6d4b" outcome="Passed" testListId="8c84fa94-04c1-424b-9868-57a2d4851a1d" relativeResultsDirectory="0bb7da7f-867a-4900-bdaa-547076633dd5" /><UnitTestResult executionId="1108a4f5-4c86-4abf-9587-cfba2d555169" testId="3f211b3d-3e3a-4e48-99d3-f22d0c76b5c0" testName="ABeaconSendingFlushSessionsStateConfiguresAllUnconfiguredSessions" computerName="TAG009442327432" duration="00:00:00.0020000" startTime="2018-09-20T12:48:07.0000000+02:00" endTime="2018-09-20T12:48:07.0000000+02:00" testType="13cdc9d9-ddb5-4fa4-a97d-d965ccfc6d4b" outcome="Passed" testListId="8c84fa94-04c1-424b-9868-57a2d4851a1d" relativeResultsDirectory="1108a4f5-4c86-4abf-9587-cfba2d555169" /><UnitTestResult executionId="e8841b23-6917-4866-b8b0-385df2a71ed3" testId="8e9e443f-8344-4617-949e-dcff62bd66af" testName="SendBeaconRequestIsRetriedThreeTimesBeforeGivingUp" computerName="TAG009442327432" duration="00:00:00.4060000" startTime="2018-09-20T12:48:08.0000000+02:00" endTime="2018-09-20T12:48:08.0000000+02:00" testType="13cdc9d9-ddb5-4fa4-a97d-d965ccfc6d4b" outcome="Passed" testListId="8c84fa94-04c1-424b-9868-57a2d4851a1d" relativeResultsDirectory="e8841b23-6917-4866-b8b0-385df2a71ed3" /><UnitTestResult executionId="0560bc43-8c1c-4568-87c1-4d82a86e725f" testId="fc46728e-e1d4-4731-bf50-f1c5059a386c" testName="NoSessionStartIsReportedIfBeaconConfigurationDisablesCapturing" computerName="TAG009442327432" duration="00:00:00.0000001" startTime="2018-09-20T12:48:08.0000000+02:00" endTime="2018-09-20T12:48:08.0000000+02:00" testType="13cdc9d9-ddb5-4fa4-a97d-d965ccfc6d4b" outcome="Passed" testListId="8c84fa94-04c1-424b-9868-57a2d4851a1d" relativeResultsDirectory="0560bc43-8c1c-4568-87c1-4d82a86e725f" /><UnitTestResult executionId="5ad0326f-9f4a-4394-93da-2593aa5604bc" testId="45449564-9bd9-435f-86a2-8a55e6fa2682" testName="IpV6AddressMixedNotationIsInvalidOnly3IPv4Blocks" computerName="TAG009442327432" duration="00:00:00.0000001" startTime="2018-09-20T12:48:08.0000000+02:00" endTime="2018-09-20T12:48:08.0000000+02:00" testType="13cdc9d9-ddb5-4fa4-a97d-d965ccfc6d4b" outcome="Passed" testListId="8c84fa94-04c1-424b-9868-57a2d4851a1d" relativeResultsDirectory="5ad0326f-9f4a-4394-93da-2593aa5604bc" /><UnitTestResult executionId="64d2f065-d342-47ea-b414-c2fd5b99da25" testId="cb0199dd-bb70-4f31-8b87-3e429fa802b3" testName="IpV6AddressValid_CharactersUpperCase" computerName="TAG009442327432" duration="00:00:00.0000001" startTime="2018-09-20T12:48:08.0000000+02:00" endTime="2018-09-20T12:48:08.0000000+02:00" testType="13cdc9d9-ddb5-4fa4-a97d-d965ccfc6d4b" outcome="Passed" testListId="8c84fa94-04c1-424b-9868-57a2d4851a1d" relativeResultsDirectory="64d2f065-d342-47ea-b414-c2fd5b99da25" /><UnitTestResult executionId="cbcf79c0-cff3-4dd7-99c1-50e63cdff72f" testId="ae5a4b20-763d-4bf2-9a70-47c876898d75" testName="SendStatusRequestIsAbortedIfNumberOfRetriesIsExceeded" computerName="TAG009442327432" duration="00:00:00.0010000" startTime="2018-09-20T12:48:07.0000000+02:00" endTime="2018-09-20T12:48:07.0000000+02:00" testType="13cdc9d9-ddb5-4fa4-a97d-d965ccfc6d4b" outcome="Passed" testListId="8c84fa94-04c1-424b-9868-57a2d4851a1d" relativeResultsDirectory="cbcf79c0-cff3-4dd7-99c1-50e63cdff72f" /><UnitTestResult executionId="817e46c6-5ede-4f09-9e24-424f32ffc1af" testId="d4a9a855-5d86-46be-bd8a-0303a6bc2015" testName="IpV6AddressMixedNotationInvalid_Compressed3Colon" computerName="TAG009442327432" duration="00:00:00.0000001" startTime="2018-09-20T12:48:08.0000000+02:00" endTime="2018-09-20T12:48:08.0000000+02:00" testType="13cdc9d9-ddb5-4fa4-a97d-d965ccfc6d4b" outcome="Passed" testListId="8c84fa94-04c1-424b-9868-57a2d4851a1d" relativeResultsDirectory="817e46c6-5ede-4f09-9e24-424f32ffc1af" /><UnitTestResult executionId="10da0f58-bbe6-49bb-968b-a7fbf3fb99bc" testId="192b97fb-a402-4115-be2b-8e7526523d1f" testName="TheStrategyIsDisabledIfCacheSizeUpperBoundIsLessThanZero" computerName="TAG009442327432" duration="00:00:00.0000001" startTime="2018-09-20T12:48:07.0000000+02:00" endTime="2018-09-20T12:48:07.0000000+02:00" testType="13cdc9d9-ddb5-4fa4-a97d-d965ccfc6d4b" outcome="Passed" testListId="8c84fa94-04c1-424b-9868-57a2d4851a1d" relativeResultsDirectory="10da0f58-bbe6-49bb-968b-a7fbf3fb99bc" /><UnitTestResult executionId="47614bdd-c6e2-4607-9afd-ab3bbafc26a4" testId="32177afb-b578-4361-9566-9dd2f6714d50" testName="PassingNullResponseStringDoesNotThrow" computerName="TAG009442327432" duration="00:00:00.0000001" startTime="2018-09-20T12:48:09.0000000+02:00" endTime="2018-09-20T12:48:09.0000000+02:00" testType="13cdc9d9-ddb5-4fa4-a97d-d965ccfc6d4b" outcome="Passed" testListId="8c84fa94-04c1-424b-9868-57a2d4851a1d" relativeResultsDirectory="47614bdd-c6e2-4607-9afd-ab3bbafc26a4" /><UnitTestResult executionId="2609c6b8-d1b0-4b82-8949-4b7e1eac7753" testId="b06d2e42-421e-4c82-96d0-1b8effae7329" testName="TheStrategyIsDisabledIfCacheSizeUpperBoundIsEqualToZero" computerName="TAG009442327432" duration="00:00:00.0000001" startTime="2018-09-20T12:48:07.0000000+02:00" endTime="2018-09-20T12:48:07.0000000+02:00" testType="13cdc9d9-ddb5-4fa4-a97d-d965ccfc6d4b" outcome="Passed" testListId="8c84fa94-04c1-424b-9868-57a2d4851a1d" relativeResultsDirectory="2609c6b8-d1b0-4b82-8949-4b7e1eac7753" /><UnitTestResult executionId="4bba3443-9124-4f1c-932e-90f8e116a569" testId="60a0030e-55ee-4bd5-9c75-2fd53868945e" testName="RemoveDataMarkedForSendingReturnsIfDataHasNotBeenCopied" computerName="TAG009442327432" duration="00:00:00.0010000" startTime="2018-09-20T12:48:07.0000000+02:00" endTime="2018-09-20T12:48:07.0000000+02:00" testType="13cdc9d9-ddb5-4fa4-a97d-d965ccfc6d4b" outcome="Passed" testListId="8c84fa94-04c1-424b-9868-57a2d4851a1d" relativeResultsDirectory="4bba3443-9124-4f1c-932e-90f8e116a569" /><UnitTestResult executionId="67d15ffd-7c0e-4505-a3fb-52692f434fb1" testId="ffa6f61f-3cb5-4195-ab03-3261c940d8ce" testName="CannotAddReceivedBytesWithInvalidValueSmallerZeroToWebRequestTracer" computerName="TAG009442327432" duration="00:00:00.0010000" startTime="2018-09-20T12:48:08.0000000+02:00" endTime="2018-09-20T12:48:08.0000000+02:00" testType="13cdc9d9-ddb5-4fa4-a97d-d965ccfc6d4b" outcome="Passed" testListId="8c84fa94-04c1-424b-9868-57a2d4851a1d" relativeResultsDirectory="67d15ffd-7c0e-4505-a3fb-52692f434fb1" /><UnitTestResult executionId="67cb4a56-188c-474f-9ee2-6ed7c08836a2" testId="ec166072-ceb8-410a-b001-f0553be7980b" testName="SendNewSessionRequestSendsOneHTTPGetRequest" computerName="TAG009442327432" duration="00:00:00.0010000" startTime="2018-09-20T12:48:08.0000000+02:00" endTime="2018-09-20T12:48:08.0000000+02:00" testType="13cdc9d9-ddb5-4fa4-a97d-d965ccfc6d4b" outcome="Passed" testListId="8c84fa94-04c1-424b-9868-57a2d4851a1d" relativeResultsDirectory="67cb4a56-188c-474f-9ee2-6ed7c08836a2" /><UnitTestResult executionId="ea662c39-7358-4adf-94ef-a288efc07192" testId="d622bd61-87d9-473f-be37-231db292236c" testName="IsInfoEnabledIsTrueIfVerboseIsTrue" computerName="TAG009442327432" duration="00:00:00.0000001" startTime="2018-09-20T12:48:07.0000000+02:00" endTime="2018-09-20T12:48:07.0000000+02:00" testType="13cdc9d9-ddb5-4fa4-a97d-d965ccfc6d4b" outcome="Passed" testListId="8c84fa94-04c1-424b-9868-57a2d4851a1d" relativeResultsDirectory="ea662c39-7358-4adf-94ef-a288efc07192" /><UnitTestResult executionId="fe04d84e-f552-44e4-a607-57558a888172" testId="2058a1dc-61b2-45af-a566-2729d6b33357" testName="AfterUpdatingTheBeaconConfigurationTheBeaconConfigurationIsSet" computerName="TAG009442327432" duration="00:00:00.0000001" startTime="2018-09-20T12:48:07.0000000+02:00" endTime="2018-09-20T12:48:07.0000000+02:00" testType="13cdc9d9-ddb5-4fa4-a97d-d965ccfc6d4b" outcome="Passed" testListId="8c84fa94-04c1-424b-9868-57a2d4851a1d" relativeResultsDirectory="fe04d84e-f552-44e4-a607-57558a888172" /><UnitTestResult executionId="a9e98e61-33d6-41bb-aeb4-3a489d03344b" testId="3dffcb11-dd7b-4c91-896b-649c2cacf438" testName="IsSuccessfulResponseReturnsFalseIfResponseIsErroneous" computerName="TAG009442327432" duration="00:00:00.0000001" startTime="2018-09-20T12:48:07.0000000+02:00" endTime="2018-09-20T12:48:07.0000000+02:00" testType="13cdc9d9-ddb5-4fa4-a97d-d965ccfc6d4b" outcome="Passed" testListId="8c84fa94-04c1-424b-9868-57a2d4851a1d" relativeResultsDirectory="a9e98e61-33d6-41bb-aeb4-3a489d03344b" /><UnitTestResult executionId="5eb4b677-acfb-44f2-892c-181da431536a" testId="8aacb1a7-c912-48f8-acd0-2f416b93eacd" testName="ReceivingTooManyRequestsResponseUsesSleepTimeFromResponse" computerName="TAG009442327432" duration="00:00:00.0010000" startTime="2018-09-20T12:48:07.0000000+02:00" endTime="2018-09-20T12:48:07.0000000+02:00" testType="13cdc9d9-ddb5-4fa4-a97d-d965ccfc6d4b" outcome="Passed" testListId="8c84fa94-04c1-424b-9868-57a2d4851a1d" relativeResultsDirectory="5eb4b677-acfb-44f2-892c-181da431536a" /><UnitTestResult executionId="a8cca47d-5735-4e69-a166-ccf7dbc8aa35" testId="c05ff77c-4484-4d3c-8c95-420f2d489b54" testName="DefaultCaptureIsOn" computerName="TAG009442327432" duration="00:00:00.0000001" startTime="2018-09-20T12:48:09.0000000+02:00" endTime="2018-09-20T12:48:09.0000000+02:00" testType="13cdc9d9-ddb5-4fa4-a97d-d965ccfc6d4b" outcome="Passed" testListId="8c84fa94-04c1-424b-9868-57a2d4851a1d" relativeResultsDirectory="a8cca47d-5735-4e69-a166-ccf7dbc8aa35" /><UnitTestResult executionId="05ddc0ee-30f0-4ec0-ab88-222d3f7499db" testId="9f059cc8-3406-42b3-8248-da7cf7e112e9" testName="DeleteCacheEntryDecrementsCacheSize" computerName="TAG009442327432" duration="00:00:00.0000001" startTime="2018-09-20T12:48:07.0000000+02:00" endTime="2018-09-20T12:48:07.0000000+02:00" testType="13cdc9d9-ddb5-4fa4-a97d-d965ccfc6d4b" outcome="Passed" testListId="8c84fa94-04c1-424b-9868-57a2d4851a1d" relativeResultsDirectory="05ddc0ee-30f0-4ec0-ab88-222d3f7499db" /><UnitTestResult executionId="4ed1fec0-0068-4525-b30c-f2ce687ab588" testId="2387d00f-0b14-4373-9bd0-a1332248c1f3" testName="ReportCrash" computerName="TAG009442327432" duration="00:00:00.0010000" startTime="2018-09-20T12:48:07.0000000+02:00" endTime="2018-09-20T12:48:07.0000000+02:00" testType="13cdc9d9-ddb5-4fa4-a97d-d965ccfc6d4b" outcome="Passed" testListId="8c84fa94-04c1-424b-9868-57a2d4851a1d" relativeResultsDirectory="4ed1fec0-0068-4525-b30c-f2ce687ab588" /><UnitTestResult executionId="32cff983-b522-446c-b305-e521bd5b3e8a" testId="baf68a45-5577-49b9-a23e-4063b82ed2f7" testName="IfURLIsInvalidTheDefaultValueIsUsed" computerName="TAG009442327432" duration="00:00:00.0000001" startTime="2018-09-20T12:48:08.0000000+02:00" endTime="2018-09-20T12:48:08.0000000+02:00" testType="13cdc9d9-ddb5-4fa4-a97d-d965ccfc6d4b" outcome="Passed" testListId="8c84fa94-04c1-424b-9868-57a2d4851a1d" relativeResultsDirectory="32cff983-b522-446c-b305-e521bd5b3e8a" /><UnitTestResult executionId="e4887c0e-bf1c-4692-a2d5-bb4bdecb6250" testId="671931a4-02e5-4394-9284-4018a620c8b2" testName="TraceWebRequestGivesNullWebRequestTracerIfUrlHasAnInvalidScheme" computerName="TAG009442327432" duration="00:00:00.0010000" startTime="2018-09-20T12:48:07.0000000+02:00" endTime="2018-09-20T12:48:07.0000000+02:00" testType="13cdc9d9-ddb5-4fa4-a97d-d965ccfc6d4b" outcome="Passed" testListId="8c84fa94-04c1-424b-9868-57a2d4851a1d" relativeResultsDirectory="e4887c0e-bf1c-4692-a2d5-bb4bdecb6250" /><UnitTestResult executionId="ce676fca-aecd-455a-9cd0-323593634a0a" testId="82436dcd-c103-4cb0-b064-51c1531dbbb6" testName="ResetChunkedRaisesEvent" computerName="TAG009442327432" duration="00:00:00.0010000" startTime="2018-09-20T12:48:07.0000000+02:00" endTime="2018-09-20T12:48:07.0000000+02:00" testType="13cdc9d9-ddb5-4fa4-a97d-d965ccfc6d4b" outcome="Passed" testListId="8c84fa94-04c1-424b-9868-57a2d4851a1d" relativeResultsDirectory="ce676fca-aecd-455a-9cd0-323593634a0a" /><UnitTestResult executionId="592c9918-49c7-4cca-8483-1e03521f9b9f" testId="6b912987-38fd-47db-b4bb-b17fc7a51b21" testName="CanSetCustomMaxBeaconRecordAgeForDynatrace" computerName="TAG009442327432" duration="00:00:00.0010000" startTime="2018-09-20T12:48:08.0000000+02:00" endTime="2018-09-20T12:48:08.0000000+02:00" testType="13cdc9d9-ddb5-4fa4-a97d-d965ccfc6d4b" outcome="Passed" testListId="8c84fa94-04c1-424b-9868-57a2d4851a1d" relativeResultsDirectory="592c9918-49c7-4cca-8483-1e03521f9b9f" /><UnitTestResult executionId="815e9da9-e095-4ed6-8755-433fcd114386" testId="0128e555-61a4-4583-829d-cb3ae9d0a79c" testName="InitializeTimeSyncDelegatesToTimingProvider" computerName="TAG009442327432" duration="00:00:00.0010000" startTime="2018-09-20T12:48:07.0000000+02:00" endTime="2018-09-20T12:48:07.0000000+02:00" testType="13cdc9d9-ddb5-4fa4-a97d-d965ccfc6d4b" outcome="Passed" testListId="8c84fa94-04c1-424b-9868-57a2d4851a1d" relativeResultsDirectory="815e9da9-e095-4ed6-8755-433fcd114386" /><UnitTestResult executionId="ffdeadfc-730f-46a1-afbd-940b948b4be2" testId="6c214062-70fc-4784-92f2-69bf5df9d64f" testName="IpV6AddressIsValid" computerName="TAG009442327432" duration="00:00:00.0000001" startTime="2018-09-20T12:48:08.0000000+02:00" endTime="2018-09-20T12:48:08.0000000+02:00" testType="13cdc9d9-ddb5-4fa4-a97d-d965ccfc6d4b" outcome="Passed" testListId="8c84fa94-04c1-424b-9868-57a2d4851a1d" relativeResultsDirectory="ffdeadfc-730f-46a1-afbd-940b948b4be2" /><UnitTestResult executionId="4a1ddcd3-02e4-487d-b5f7-49316701a99e" testId="ff8d935a-18f3-4ad4-9f2b-78c90bfa8396" testName="ADefaultConstructedCacheDoesNotContainBeacons" computerName="TAG009442327432" duration="00:00:00.0000001" startTime="2018-09-20T12:48:07.0000000+02:00" endTime="2018-09-20T12:48:07.0000000+02:00" testType="13cdc9d9-ddb5-4fa4-a97d-d965ccfc6d4b" outcome="Passed" testListId="8c84fa94-04c1-424b-9868-57a2d4851a1d" relativeResultsDirectory="4a1ddcd3-02e4-487d-b5f7-49316701a99e" /><UnitTestResult executionId="51d6fa88-099c-46e0-a025-e4449ba196d4" testId="fb23695e-03d7-4a48-94ea-8e5bd0ed9ef2" testName="ParsingUnknownKeyValueDoesNothing" computerName="TAG009442327432" duration="00:00:00.0000001" startTime="2018-09-20T12:48:09.0000000+02:00" endTime="2018-09-20T12:48:09.0000000+02:00" testType="13cdc9d9-ddb5-4fa4-a97d-d965ccfc6d4b" outcome="Passed" testListId="8c84fa94-04c1-424b-9868-57a2d4851a1d" relativeResultsDirectory="51d6fa88-099c-46e0-a025-e4449ba196d4" /><UnitTestResult executionId="211a7877-58fd-4eca-85c4-b855fe2afe42" testId="853ca7bb-a405-4b39-8f60-9c352eb4fb6a" testName="SendTimeSyncRequestWorksIfResponseIsNull" computerName="TAG009442327432" duration="00:00:00.0010000" startTime="2018-09-20T12:48:09.0000000+02:00" endTime="2018-09-20T12:48:09.0000000+02:00" testType="13cdc9d9-ddb5-4fa4-a97d-d965ccfc6d4b" outcome="Passed" testListId="8c84fa94-04c1-424b-9868-57a2d4851a1d" relativeResultsDirectory="211a7877-58fd-4eca-85c4-b855fe2afe42" /><UnitTestResult executionId="ca7daf35-1a46-4509-b2fe-202b6409ebcd" testId="da05c392-b6ad-4de0-8fdd-f108920dd5fc" testName="ParentIDIsEqualToParentActionsID" computerName="TAG009442327432" duration="00:00:00.0010000" startTime="2018-09-20T12:48:07.0000000+02:00" endTime="2018-09-20T12:48:07.0000000+02:00" testType="13cdc9d9-ddb5-4fa4-a97d-d965ccfc6d4b" outcome="Passed" testListId="8c84fa94-04c1-424b-9868-57a2d4851a1d" relativeResultsDirectory="ca7daf35-1a46-4509-b2fe-202b6409ebcd" /><UnitTestResult executionId="d4105473-ca65-4762-a8e7-804e37fb9c58" testId="486875aa-0ae2-4989-9731-d364afcb18d4" testName="ReportDoubleValueDoesNothingIfValueNameIsNull" computerName="TAG009442327432" duration="00:00:00.0010000" startTime="2018-09-20T12:48:07.0000000+02:00" endTime="2018-09-20T12:48:07.0000000+02:00" testType="13cdc9d9-ddb5-4fa4-a97d-d965ccfc6d4b" outcome="Passed" testListId="8c84fa94-04c1-424b-9868-57a2d4851a1d" relativeResultsDirectory="d4105473-ca65-4762-a8e7-804e37fb9c58" /><UnitTestResult executionId="6c0066b5-bf12-4e15-9c07-2b772afd0de4" testId="35f522be-cbb4-4d52-bcc5-1367c87d2586" testName="WhenBeaconConfigurationIsSetSendingIsDisallowedIfMultiplicityIsLessThanZero" computerName="TAG009442327432" duration="00:00:00.0000001" startTime="2018-09-20T12:48:07.0000000+02:00" endTime="2018-09-20T12:48:07.0000000+02:00" testType="13cdc9d9-ddb5-4fa4-a97d-d965ccfc6d4b" outcome="Passed" testListId="8c84fa94-04c1-424b-9868-57a2d4851a1d" relativeResultsDirectory="6c0066b5-bf12-4e15-9c07-2b772afd0de4" /><UnitTestResult executionId="fda0dcf6-1246-4270-a929-b84dd8986e08" testId="2afac242-a231-4fb8-a566-6dc8e7bde25a" testName="PassingEmptyResponseStringDoesNotThrow" computerName="TAG009442327432" duration="00:00:00.0000001" startTime="2018-09-20T12:48:09.0000000+02:00" endTime="2018-09-20T12:48:09.0000000+02:00" testType="13cdc9d9-ddb5-4fa4-a97d-d965ccfc6d4b" outcome="Passed" testListId="8c84fa94-04c1-424b-9868-57a2d4851a1d" relativeResultsDirectory="fda0dcf6-1246-4270-a929-b84dd8986e08" /><UnitTestResult executionId="97445378-c5bc-452d-9542-6496c8f795ed" testId="4e89e047-f1f8-4f85-82bc-0b088725106f" testName="TraceWebRequestGivesValidWebRequestTracer" computerName="TAG009442327432" duration="00:00:00.0020000" startTime="2018-09-20T12:48:07.0000000+02:00" endTime="2018-09-20T12:48:07.0000000+02:00" testType="13cdc9d9-ddb5-4fa4-a97d-d965ccfc6d4b" outcome="Passed" testListId="8c84fa94-04c1-424b-9868-57a2d4851a1d" relativeResultsDirectory="97445378-c5bc-452d-9542-6496c8f795ed" /><UnitTestResult executionId="1fbe7ccf-393f-47b5-808f-f8eed61db0cd" testId="1c58377a-08af-4ca5-bea2-13342b6490f5" testName="NoWebRequestIsReportedForDataCollectionLevel0" computerName="TAG009442327432" duration="00:00:00.0020000" startTime="2018-09-20T12:48:08.0000000+02:00" endTime="2018-09-20T12:48:08.0000000+02:00" testType="13cdc9d9-ddb5-4fa4-a97d-d965ccfc6d4b" outcome="Passed" testListId="8c84fa94-04c1-424b-9868-57a2d4851a1d" relativeResultsDirectory="1fbe7ccf-393f-47b5-808f-f8eed61db0cd" /><UnitTestResult executionId="52e23bc0-ec11-46aa-a751-32f2f44cc76c" testId="e35b916f-3b68-4268-8664-bd96eed99d66" testName="ParsingMonitorNames" computerName="TAG009442327432" duration="00:00:00.0010000" startTime="2018-09-20T12:48:09.0000000+02:00" endTime="2018-09-20T12:48:09.0000000+02:00" testType="13cdc9d9-ddb5-4fa4-a97d-d965ccfc6d4b" outcome="Passed" testListId="8c84fa94-04c1-424b-9868-57a2d4851a1d" relativeResultsDirectory="52e23bc0-ec11-46aa-a751-32f2f44cc76c" /><UnitTestResult executionId="d241a96b-30b9-4b49-9960-32877facc4a6" testId="47b4d83a-30db-4d1f-8fd2-2f64ca6da77c" testName="ReportCrashDoesNotReportOnDataCollectionLevel0" computerName="TAG009442327432" duration="00:00:00.0000001" startTime="2018-09-20T12:48:08.0000000+02:00" endTime="2018-09-20T12:48:08.0000000+02:00" testType="13cdc9d9-ddb5-4fa4-a97d-d965ccfc6d4b" outcome="Passed" testListId="8c84fa94-04c1-424b-9868-57a2d4851a1d" relativeResultsDirectory="d241a96b-30b9-4b49-9960-32877facc4a6" /><UnitTestResult executionId="f6bd0bb7-bfcf-4999-bc51-0454ff3406f9" testId="436c90b4-fa65-499c-814a-f4e1be0fa5dc" testName="IpV6AddressValid_CharactersOnlyLowerCase" computerName="TAG009442327432" duration="00:00:00.0000001" startTime="2018-09-20T12:48:08.0000000+02:00" endTime="2018-09-20T12:48:08.0000000+02:00" testType="13cdc9d9-ddb5-4fa4-a97d-d965ccfc6d4b" outcome="Passed" testListId="8c84fa94-04c1-424b-9868-57a2d4851a1d" relativeResultsDirectory="f6bd0bb7-bfcf-4999-bc51-0454ff3406f9" /><UnitTestResult executionId="7fe781fc-7b9c-42db-9ca8-be80831b3846" testId="94c0cb9a-8cfb-4f1d-b216-46af44f447fd" testName="GetChunksTakesSizeIntoAccount" computerName="TAG009442327432" duration="00:00:00.0010000" startTime="2018-09-20T12:48:07.0000000+02:00" endTime="2018-09-20T12:48:07.0000000+02:00" testType="13cdc9d9-ddb5-4fa4-a97d-d965ccfc6d4b" outcome="Passed" testListId="8c84fa94-04c1-424b-9868-57a2d4851a1d" relativeResultsDirectory="7fe781fc-7b9c-42db-9ca8-be80831b3846" /><UnitTestResult executionId="62b03d13-1c8e-435e-8fa8-593c394c51c0" testId="6e4ce8b0-be2b-40fb-a413-2bde9e4f8db2" testName="ResetChunkedRestoresCacheSize" computerName="TAG009442327432" duration="00:00:00.0000001" startTime="2018-09-20T12:48:07.0000000+02:00" endTime="2018-09-20T12:48:07.0000000+02:00" testType="13cdc9d9-ddb5-4fa4-a97d-d965ccfc6d4b" outcome="Passed" testListId="8c84fa94-04c1-424b-9868-57a2d4851a1d" relativeResultsDirectory="62b03d13-1c8e-435e-8fa8-593c394c51c0" /><UnitTestResult executionId="001b0d3c-1918-4e0e-9995-bc115c03db32" testId="5be152a3-29a3-4bdf-aa4f-847e33c89f9b" testName="CanSetOperatingSystemForAppMon" computerName="TAG009442327432" duration="00:00:00.0000001" startTime="2018-09-20T12:48:08.0000000+02:00" endTime="2018-09-20T12:48:08.0000000+02:00" testType="13cdc9d9-ddb5-4fa4-a97d-d965ccfc6d4b" outcome="Passed" testListId="8c84fa94-04c1-424b-9868-57a2d4851a1d" relativeResultsDirectory="001b0d3c-1918-4e0e-9995-bc115c03db32" /><UnitTestResult executionId="73c5faee-fb50-41bf-9216-33cd0c46535f" testId="e8f7d049-f94a-4791-87f7-2dcb476cecf6" testName="ADefaultConstructedConfigurationDisablesDataCollection" computerName="TAG009442327432" duration="00:00:00.0000001" startTime="2018-09-20T12:48:07.0000000+02:00" endTime="2018-09-20T12:48:07.0000000+02:00" testType="13cdc9d9-ddb5-4fa4-a97d-d965ccfc6d4b" outcome="Passed" testListId="8c84fa94-04c1-424b-9868-57a2d4851a1d" relativeResultsDirectory="73c5faee-fb50-41bf-9216-33cd0c46535f" /><UnitTestResult executionId="b9369f28-083f-4d34-82f9-85153bf8cb0c" testId="6c7840e8-bc36-4f49-8842-b00e76c5af12" testName="DefaultMaxBeaconSizeIsMinusOne" computerName="TAG009442327432" duration="00:00:00.0000001" startTime="2018-09-20T12:48:09.0000000+02:00" endTime="2018-09-20T12:48:09.0000000+02:00" testType="13cdc9d9-ddb5-4fa4-a97d-d965ccfc6d4b" outcome="Passed" testListId="8c84fa94-04c1-424b-9868-57a2d4851a1d" relativeResultsDirectory="b9369f28-083f-4d34-82f9-85153bf8cb0c" /><UnitTestResult executionId="d59e976c-2bdf-489c-9d73-8a87e8eb521d" testId="c277a423-c48e-4f6e-88df-5e52e4ec6864" testName="StartingAnAlreadyAliveBeaconCacheEvictorDoesNothing" computerName="TAG009442327432" duration="00:00:00.0010000" startTime="2018-09-20T12:48:07.0000000+02:00" endTime="2018-09-20T12:48:07.0000000+02:00" testType="13cdc9d9-ddb5-4fa4-a97d-d965ccfc6d4b" outcome="Passed" testListId="8c84fa94-04c1-424b-9868-57a2d4851a1d" relativeResultsDirectory="d59e976c-2bdf-489c-9d73-8a87e8eb521d" /><UnitTestResult executionId="7cf3b270-f89c-41de-868c-7a9b1d653335" testId="816b7906-a4df-4e5b-b67b-588bc0a49daa" testName="IdentifyUserDoesNothingIfUserTagIsAnEmptyString" computerName="TAG009442327432" duration="00:00:00.0000001" startTime="2018-09-20T12:48:07.0000000+02:00" endTime="2018-09-20T12:48:07.0000000+02:00" testType="13cdc9d9-ddb5-4fa4-a97d-d965ccfc6d4b" outcome="Passed" testListId="8c84fa94-04c1-424b-9868-57a2d4851a1d" relativeResultsDirectory="7cf3b270-f89c-41de-868c-7a9b1d653335" /><UnitTestResult executionId="732c1e7a-6587-4e74-98aa-755951b4e67a" testId="49fb40a1-f36f-4abf-9ab2-0d9267356c7a" testName="CanAddSentBytesValueZeroToWebRequestTracer" computerName="TAG009442327432" duration="00:00:00.0010000" startTime="2018-09-20T12:48:08.0000000+02:00" endTime="2018-09-20T12:48:08.0000000+02:00" testType="13cdc9d9-ddb5-4fa4-a97d-d965ccfc6d4b" outcome="Passed" testListId="8c84fa94-04c1-424b-9868-57a2d4851a1d" relativeResultsDirectory="732c1e7a-6587-4e74-98aa-755951b4e67a" /><UnitTestResult executionId="0a6bbeff-f0f0-4f02-9168-c4484ce6dcb1" testId="be108189-01ee-4574-bf6c-cb49070426c5" testName="DisposingASessionEndsTheSession" computerName="TAG009442327432" duration="00:00:00.0010000" startTime="2018-09-20T12:48:07.0000000+02:00" endTime="2018-09-20T12:48:07.0000000+02:00" testType="13cdc9d9-ddb5-4fa4-a97d-d965ccfc6d4b" outcome="Passed" testListId="8c84fa94-04c1-424b-9868-57a2d4851a1d" relativeResultsDirectory="0a6bbeff-f0f0-4f02-9168-c4484ce6dcb1" /><UnitTestResult executionId="0875acfe-2a94-4d4f-8d97-be984af49f2c" testId="9f47e06d-af20-40d6-8da5-25a094548c5d" testName="ResetEventIsSetOnInitSuccess" computerName="TAG009442327432" duration="00:00:00.0000001" startTime="2018-09-20T12:48:07.0000000+02:00" endTime="2018-09-20T12:48:07.0000000+02:00" testType="13cdc9d9-ddb5-4fa4-a97d-d965ccfc6d4b" outcome="Passed" testListId="8c84fa94-04c1-424b-9868-57a2d4851a1d" relativeResultsDirectory="0875acfe-2a94-4d4f-8d97-be984af49f2c" /><UnitTestResult executionId="8008e988-c172-4931-8cb6-fbe6ce82e627" testId="449828d3-5875-4463-809d-c0c1679e3ec1" testName="DoubleValueNotReportedForDataCollectionLevel1" computerName="TAG009442327432" duration="00:00:00.0010000" startTime="2018-09-20T12:48:08.0000000+02:00" endTime="2018-09-20T12:48:08.0000000+02:00" testType="13cdc9d9-ddb5-4fa4-a97d-d965ccfc6d4b" outcome="Passed" testListId="8c84fa94-04c1-424b-9868-57a2d4851a1d" relativeResultsDirectory="8008e988-c172-4931-8cb6-fbe6ce82e627" /><UnitTestResult executionId="6e0b2222-2272-4d14-b299-b83c6fb883fc" testId="9837b30f-5750-4911-9398-eb851e2eba78" testName="AValidSchemeStartsWithALetter" computerName="TAG009442327432" duration="00:00:00.0000001" startTime="2018-09-20T12:48:08.0000000+02:00" endTime="2018-09-20T12:48:08.0000000+02:00" testType="13cdc9d9-ddb5-4fa4-a97d-d965ccfc6d4b" outcome="Passed" testListId="8c84fa94-04c1-424b-9868-57a2d4851a1d" relativeResultsDirectory="6e0b2222-2272-4d14-b299-b83c6fb883fc" /><UnitTestResult executionId="7449a777-d209-4f6e-8fda-dca5d44b2c99" testId="ebd4e97c-89b4-4c91-a3fe-79a3d2a34d8b" testName="InitCompleteIsCalledForInitialRequestOnSuccess" computerName="TAG009442327432" duration="00:00:00.0020000" startTime="2018-09-20T12:48:07.0000000+02:00" endTime="2018-09-20T12:48:07.0000000+02:00" testType="13cdc9d9-ddb5-4fa4-a97d-d965ccfc6d4b" outcome="Passed" testListId="8c84fa94-04c1-424b-9868-57a2d4851a1d" relativeResultsDirectory="7449a777-d209-4f6e-8fda-dca5d44b2c99" /><UnitTestResult executionId="4e10872e-de1d-4cfe-8ad6-c44cf2d214f6" testId="96886ddb-22da-4498-b7c0-ca63f802f5b2" testName="SendStatusRequestIsAbortedWhenShutDownIsRequested" computerName="TAG009442327432" duration="00:00:00.0010000" startTime="2018-09-20T12:48:07.0000000+02:00" endTime="2018-09-20T12:48:07.0000000+02:00" testType="13cdc9d9-ddb5-4fa4-a97d-d965ccfc6d4b" outcome="Passed" testListId="8c84fa94-04c1-424b-9868-57a2d4851a1d" relativeResultsDirectory="4e10872e-de1d-4cfe-8ad6-c44cf2d214f6" /><UnitTestResult executionId="d945f43b-8192-4678-abba-9a61e916b9b8" testId="4c541534-dbb9-4f1d-b8d1-21281af3658d" testName="NoIntValueIsReportedIfBeaconConfigurationDisablesCapturing" computerName="TAG009442327432" duration="00:00:00.0000001" startTime="2018-09-20T12:48:08.0000000+02:00" endTime="2018-09-20T12:48:08.0000000+02:00" testType="13cdc9d9-ddb5-4fa4-a97d-d965ccfc6d4b" outcome="Passed" testListId="8c84fa94-04c1-424b-9868-57a2d4851a1d" relativeResultsDirectory="d945f43b-8192-4678-abba-9a61e916b9b8" /><UnitTestResult executionId="66c2e2d6-ed5e-4185-aaa8-13fb2e0f079a" testId="1ba6830c-a891-4493-91bd-67579991556b" testName="EnterActionGivesNullActionIfActionNameIsNull" computerName="TAG009442327432" duration="00:00:00.0000001" startTime="2018-09-20T12:48:07.0000000+02:00" endTime="2018-09-20T12:48:07.0000000+02:00" testType="13cdc9d9-ddb5-4fa4-a97d-d965ccfc6d4b" outcome="Passed" testListId="8c84fa94-04c1-424b-9868-57a2d4851a1d" relativeResultsDirectory="66c2e2d6-ed5e-4185-aaa8-13fb2e0f079a" /><UnitTestResult executionId="c519358c-03c2-4f38-a510-57d709bcf108" testId="0ad230b3-1c07-468e-8651-edff9bccd12a" testName="CanAddBothSentBytesAndReceivedBytesToWebRequestTracer" computerName="TAG009442327432" duration="00:00:00.0020000" startTime="2018-09-20T12:48:08.0000000+02:00" endTime="2018-09-20T12:48:08.0000000+02:00" testType="13cdc9d9-ddb5-4fa4-a97d-d965ccfc6d4b" outcome="Passed" testListId="8c84fa94-04c1-424b-9868-57a2d4851a1d" relativeResultsDirectory="c519358c-03c2-4f38-a510-57d709bcf108" /><UnitTestResult executionId="d4e2c1b6-05b5-43dc-9c9e-8636d3622cd8" testId="b9f502bd-035b-435a-acdf-ad4497902168" testName="CanSetModelIDForDynatrace" computerName="TAG009442327432" duration="00:00:00.0000001" startTime="2018-09-20T12:48:08.0000000+02:00" endTime="2018-09-20T12:48:08.0000000+02:00" testType="13cdc9d9-ddb5-4fa4-a97d-d965ccfc6d4b" outcome="Passed" testListId="8c84fa94-04c1-424b-9868-57a2d4851a1d" relativeResultsDirectory="d4e2c1b6-05b5-43dc-9c9e-8636d3622cd8" /><UnitTestResult executionId="a48e508d-d012-4763-a641-d37bf51cf5eb" testId="0f9b641e-526d-4cb7-9285-1a684f327d39" testName="ToStringReturnsTheStateName" computerName="TAG009442327432" duration="00:00:00.0000001" startTime="2018-09-20T12:48:07.0000000+02:00" endTime="2018-09-20T12:48:07.0000000+02:00" testType="13cdc9d9-ddb5-4fa4-a97d-d965ccfc6d4b" outcome="Passed" testListId="8c84fa94-04c1-424b-9868-57a2d4851a1d" relativeResultsDirectory="a48e508d-d012-4763-a641-d37bf51cf5eb" /><UnitTestResult executionId="f1a3600b-904d-40db-be1d-05b8e24d977d" testId="4cb6a5d1-f568-4d7e-a518-875b2a8cbb1f" testName="ShouldRunGivesFalseIfLastRunIsLessThanMaxAgeMillisecondsAgo" computerName="TAG009442327432" duration="00:00:00.0010000" startTime="2018-09-20T12:48:07.0000000+02:00" endTime="2018-09-20T12:48:07.0000000+02:00" testType="13cdc9d9-ddb5-4fa4-a97d-d965ccfc6d4b" outcome="Passed" testListId="8c84fa94-04c1-424b-9868-57a2d4851a1d" relativeResultsDirectory="f1a3600b-904d-40db-be1d-05b8e24d977d" /><UnitTestResult executionId="7e27f3e5-8671-4626-98be-1304c4967bf2" testId="96158ba9-b983-4986-9e44-1ee3b866e51f" testName="DoubleValueReportedForDataCollectionLevel2" computerName="TAG009442327432" duration="00:00:00.0010000" startTime="2018-09-20T12:48:08.0000000+02:00" endTime="2018-09-20T12:48:08.0000000+02:00" testType="13cdc9d9-ddb5-4fa4-a97d-d965ccfc6d4b" outcome="Passed" testListId="8c84fa94-04c1-424b-9868-57a2d4851a1d" relativeResultsDirectory="7e27f3e5-8671-4626-98be-1304c4967bf2" /><UnitTestResult executionId="028f7a57-bad9-4a24-ab94-9a8ff63a9a15" testId="5a0f8663-5210-4b52-9c37-7f7e8e3d3985" testName="TraceWebRequestGivesNullWebRequestTracerIfUrlIsNull" computerName="TAG009442327432" duration="00:00:00.0010000" startTime="2018-09-20T12:48:07.0000000+02:00" endTime="2018-09-20T12:48:07.0000000+02:00" testType="13cdc9d9-ddb5-4fa4-a97d-d965ccfc6d4b" outcome="Passed" testListId="8c84fa94-04c1-424b-9868-57a2d4851a1d" relativeResultsDirectory="028f7a57-bad9-4a24-ab94-9a8ff63a9a15" /><UnitTestResult executionId="23644533-cf03-4411-ab8f-53edc4a04dd6" testId="2960c4f1-6210-43b3-8fe9-f9700e6160a7" testName="SendStatusRequestReturnsErrorCode" computerName="TAG009442327432" duration="00:00:00.0060000" startTime="2018-09-20T12:48:09.0000000+02:00" endTime="2018-09-20T12:48:09.0000000+02:00" testType="13cdc9d9-ddb5-4fa4-a97d-d965ccfc6d4b" outcome="Passed" testListId="8c84fa94-04c1-424b-9868-57a2d4851a1d" relativeResultsDirectory="23644533-cf03-4411-ab8f-53edc4a04dd6" /><UnitTestResult executionId="60763563-cb99-46fa-b0c7-67b2b78b6d2d" testId="bcf4b81b-f3b1-42f9-ac84-8d51005d0c51" testName="InfoLogsAppropriateMessage" computerName="TAG009442327432" duration="00:00:00.0000001" startTime="2018-09-20T12:48:07.0000000+02:00" endTime="2018-09-20T12:48:07.0000000+02:00" testType="13cdc9d9-ddb5-4fa4-a97d-d965ccfc6d4b" outcome="Passed" testListId="8c84fa94-04c1-424b-9868-57a2d4851a1d" relativeResultsDirectory="60763563-cb99-46fa-b0c7-67b2b78b6d2d" /><UnitTestResult executionId="4371e755-b320-40a4-854f-fd01587aff1d" testId="304d61c9-088a-4a40-ae69-add5ad54f780" testName="ReportDoubleValue" computerName="TAG009442327432" duration="00:00:00.0020000" startTime="2018-09-20T12:48:07.0000000+02:00" endTime="2018-09-20T12:48:07.0000000+02:00" testType="13cdc9d9-ddb5-4fa4-a97d-d965ccfc6d4b" outcome="Passed" testListId="8c84fa94-04c1-424b-9868-57a2d4851a1d" relativeResultsDirectory="4371e755-b320-40a4-854f-fd01587aff1d" /><UnitTestResult executionId="17c78f3e-2476-40b0-b465-6da2c2b51c62" testId="3e0e3c2b-9879-444d-bdb1-c48671d263a3" testName="SessionStartIsReportedForDataCollectionLevel1" computerName="TAG009442327432" duration="00:00:00.0000001" startTime="2018-09-20T12:48:08.0000000+02:00" endTime="2018-09-20T12:48:08.0000000+02:00" testType="13cdc9d9-ddb5-4fa4-a97d-d965ccfc6d4b" outcome="Passed" testListId="8c84fa94-04c1-424b-9868-57a2d4851a1d" relativeResultsDirectory="17c78f3e-2476-40b0-b465-6da2c2b51c62" /><UnitTestResult executionId="ebda9cbb-b229-4634-83eb-f5a174bc7294" testId="82eab20a-a3c6-4303-8913-251156490ada" testName="AnActionAddsItselfIntoListInContstructor" computerName="TAG009442327432" duration="00:00:00.0170000" startTime="2018-09-20T12:48:07.0000000+02:00" endTime="2018-09-20T12:48:07.0000000+02:00" testType="13cdc9d9-ddb5-4fa4-a97d-d965ccfc6d4b" outcome="Passed" testListId="8c84fa94-04c1-424b-9868-57a2d4851a1d" relativeResultsDirectory="ebda9cbb-b229-4634-83eb-f5a174bc7294" /><UnitTestResult executionId="36118eea-10f9-483b-b88b-8b95f5e4be45" testId="bebda653-86e6-487e-8693-bd066dddb843" testName="GetRetryAfterReturnsDefaultValueIfValueIsNotParsableAsInteger" computerName="TAG009442327432" duration="00:00:00.0010000" startTime="2018-09-20T12:48:09.0000000+02:00" endTime="2018-09-20T12:48:09.0000000+02:00" testType="13cdc9d9-ddb5-4fa4-a97d-d965ccfc6d4b" outcome="Passed" testListId="8c84fa94-04c1-424b-9868-57a2d4851a1d" relativeResultsDirectory="36118eea-10f9-483b-b88b-8b95f5e4be45" /><UnitTestResult executionId="96183562-c763-459a-94ea-895fa6a12ead" testId="3613c263-c696-4c7f-922b-5a1994a37e8b" testName="StateIsNotTerminal" computerName="TAG009442327432" duration="00:00:00.0000001" startTime="2018-09-20T12:48:07.0000000+02:00" endTime="2018-09-20T12:48:07.0000000+02:00" testType="13cdc9d9-ddb5-4fa4-a97d-d965ccfc6d4b" outcome="Passed" testListId="8c84fa94-04c1-424b-9868-57a2d4851a1d" relativeResultsDirectory="96183562-c763-459a-94ea-895fa6a12ead" /><UnitTestResult executionId="696d25a7-2508-4de6-9e58-0557beb4b5df" testId="b0b52bc8-4e98-4c22-88ba-150f04addac6" testName="TraceWebRequestGivesNullWebRequestTracerIfSessionIsAlreadyEnded" computerName="TAG009442327432" duration="00:00:00.0010000" startTime="2018-09-20T12:48:07.0000000+02:00" endTime="2018-09-20T12:48:07.0000000+02:00" testType="13cdc9d9-ddb5-4fa4-a97d-d965ccfc6d4b" outcome="Passed" testListId="8c84fa94-04c1-424b-9868-57a2d4851a1d" relativeResultsDirectory="696d25a7-2508-4de6-9e58-0557beb4b5df" /><UnitTestResult executionId="564d0580-5e28-42e9-9fee-a3edf74eead1" testId="107d3ce8-051a-463d-8baf-84b4fc0808e9" testName="SameInstancesAreEqual" computerName="TAG009442327432" duration="00:00:00.0000001" startTime="2018-09-20T12:48:07.0000000+02:00" endTime="2018-09-20T12:48:07.0000000+02:00" testType="13cdc9d9-ddb5-4fa4-a97d-d965ccfc6d4b" outcome="Passed" testListId="8c84fa94-04c1-424b-9868-57a2d4851a1d" relativeResultsDirectory="564d0580-5e28-42e9-9fee-a3edf74eead1" /><UnitTestResult executionId="37d35f08-9390-4422-b41d-b75fb00b75bd" testId="9c7503cd-e764-426d-8d87-f749602ec110" testName="aProviderInitializedWithZeroProvidesMinSessionIdValueAtNextCall" computerName="TAG009442327432" duration="00:00:00.0000001" startTime="2018-09-20T12:48:09.0000000+02:00" endTime="2018-09-20T12:48:09.0000000+02:00" testType="13cdc9d9-ddb5-4fa4-a97d-d965ccfc6d4b" outcome="Passed" testListId="8c84fa94-04c1-424b-9868-57a2d4851a1d" relativeResultsDirectory="37d35f08-9390-4422-b41d-b75fb00b75bd" /><UnitTestResult executionId="e252eec6-37f1-465a-ae29-1237b338014d" testId="e68f9181-c247-4bf5-967d-dbae7f139d6a" testName="DynatraceOpenKitBuilderTakesStringDeviceID" computerName="TAG009442327432" duration="00:00:00.0000001" startTime="2018-09-20T12:48:08.0000000+02:00" endTime="2018-09-20T12:48:08.0000000+02:00" testType="13cdc9d9-ddb5-4fa4-a97d-d965ccfc6d4b" outcome="Passed" testListId="8c84fa94-04c1-424b-9868-57a2d4851a1d" relativeResultsDirectory="e252eec6-37f1-465a-ae29-1237b338014d" /><UnitTestResult executionId="8a3935bc-ebd3-477a-ac73-ec1b0b8d69fd" testId="ee778ab4-942b-455e-a1e3-4e7362004e5b" testName="ErrorLogsAppropriateMessage" computerName="TAG009442327432" duration="00:00:00.0010000" startTime="2018-09-20T12:48:07.0000000+02:00" endTime="2018-09-20T12:48:07.0000000+02:00" testType="13cdc9d9-ddb5-4fa4-a97d-d965ccfc6d4b" outcome="Passed" testListId="8c84fa94-04c1-424b-9868-57a2d4851a1d" relativeResultsDirectory="8a3935bc-ebd3-477a-ac73-ec1b0b8d69fd" /><UnitTestResult executionId="ce3ecf76-24f6-48b2-ab4a-5c09c63492f3" testId="6c477c96-7dbf-4620-ac10-280bae0f8d7e" testName="TransitionToTimeSyncIsPerformedOnSuccess" computerName="TAG009442327432" duration="00:00:00.0000001" startTime="2018-09-20T12:48:07.0000000+02:00" endTime="2018-09-20T12:48:07.0000000+02:00" testType="13cdc9d9-ddb5-4fa4-a97d-d965ccfc6d4b" outcome="Passed" testListId="8c84fa94-04c1-424b-9868-57a2d4851a1d" relativeResultsDirectory="ce3ecf76-24f6-48b2-ab4a-5c09c63492f3" /><UnitTestResult executionId="429dabf3-552f-420f-9139-9f48cd9607a9" testId="d31da0d9-5cd2-426b-a54e-9a43378b1d47" testName="ADefaultConstructedContextDoesNotStoreAnySessions" computerName="TAG009442327432" duration="00:00:00.0150000" startTime="2018-09-20T12:48:07.0000000+02:00" endTime="2018-09-20T12:48:07.0000000+02:00" testType="13cdc9d9-ddb5-4fa4-a97d-d965ccfc6d4b" outcome="Passed" testListId="8c84fa94-04c1-424b-9868-57a2d4851a1d" relativeResultsDirectory="429dabf3-552f-420f-9139-9f48cd9607a9" /><UnitTestResult executionId="13a11d5e-4413-4d10-a460-315acefad13e" testId="e1e1e26d-f867-4358-a8d8-424598866fa9" testName="TheStrategyIsDisabledIfCacheSizeLowerBoundIsEqualToZero" computerName="TAG009442327432" duration="00:00:00.0000001" startTime="2018-09-20T12:48:07.0000000+02:00" endTime="2018-09-20T12:48:07.0000000+02:00" testType="13cdc9d9-ddb5-4fa4-a97d-d965ccfc6d4b" outcome="Passed" testListId="8c84fa94-04c1-424b-9868-57a2d4851a1d" relativeResultsDirectory="13a11d5e-4413-4d10-a460-315acefad13e" /><UnitTestResult executionId="53ae1a5e-7992-4110-ac9a-c207f282899b" testId="6eb6b269-af1a-4597-8aaf-0650b364d247" testName="TheStrategyIsDisabledIfCacheSizeLowerBoundIsLessThanZero" computerName="TAG009442327432" duration="00:00:00.0000001" startTime="2018-09-20T12:48:07.0000000+02:00" endTime="2018-09-20T12:48:07.0000000+02:00" testType="13cdc9d9-ddb5-4fa4-a97d-d965ccfc6d4b" outcome="Passed" testListId="8c84fa94-04c1-424b-9868-57a2d4851a1d" relativeResultsDirectory="53ae1a5e-7992-4110-ac9a-c207f282899b" /><UnitTestResult executionId="861aacce-8375-4752-bce5-eb01825d2319" testId="c4cb0596-7106-4bce-8d7e-cbf5fac8078c" testName="CanInterruptLongSleep" computerName="TAG009442327432" duration="00:00:00.0000001" startTime="2018-09-20T12:48:07.0000000+02:00" endTime="2018-09-20T12:48:07.0000000+02:00" testType="13cdc9d9-ddb5-4fa4-a97d-d965ccfc6d4b" outcome="Passed" testListId="8c84fa94-04c1-424b-9868-57a2d4851a1d" relativeResultsDirectory="861aacce-8375-4752-bce5-eb01825d2319" /><UnitTestResult executionId="e4284afa-6309-4f7d-9b87-8d5d77f68cf6" testId="3697674f-dc25-40dc-b6a3-0c253e8e7ebf" testName="AValidSchemeAllowsUpperCaseLettersToo" computerName="TAG009442327432" duration="00:00:00.0010000" startTime="2018-09-20T12:48:08.0000000+02:00" endTime="2018-09-20T12:48:08.0000000+02:00" testType="13cdc9d9-ddb5-4fa4-a97d-d965ccfc6d4b" outcome="Passed" testListId="8c84fa94-04c1-424b-9868-57a2d4851a1d" relativeResultsDirectory="e4284afa-6309-4f7d-9b87-8d5d77f68cf6" /><UnitTestResult executionId="c361bef6-9fa1-4d31-a04c-84c183705151" testId="952f3509-04b7-4a87-acfb-e1d854972050" testName="StoppingAnAliveBeaconCacheEvictor" computerName="TAG009442327432" duration="00:00:00.0010000" startTime="2018-09-20T12:48:07.0000000+02:00" endTime="2018-09-20T12:48:07.0000000+02:00" testType="13cdc9d9-ddb5-4fa4-a97d-d965ccfc6d4b" outcome="Passed" testListId="8c84fa94-04c1-424b-9868-57a2d4851a1d" relativeResultsDirectory="c361bef6-9fa1-4d31-a04c-84c183705151" /><UnitTestResult executionId="f6c842f0-ced6-4cb9-b9be-acb76d995225" testId="3f2cd23b-b5a3-465c-8a3b-8a02323b9677" testName="CanSetApplicationVersionForAppMon" computerName="TAG009442327432" duration="00:00:00.0000001" startTime="2018-09-20T12:48:08.0000000+02:00" endTime="2018-09-20T12:48:08.0000000+02:00" testType="13cdc9d9-ddb5-4fa4-a97d-d965ccfc6d4b" outcome="Passed" testListId="8c84fa94-04c1-424b-9868-57a2d4851a1d" relativeResultsDirectory="f6c842f0-ced6-4cb9-b9be-acb76d995225" /><UnitTestResult executionId="643957d3-c9d9-4c72-a4d5-a875e6c96d1a" testId="ec1174d6-28d7-4025-8f58-224b42634654" testName="LastOpenSessionBeaconSendTimeIsSetInExecute" computerName="TAG009442327432" duration="00:00:00.0000001" startTime="2018-09-20T12:48:07.0000000+02:00" endTime="2018-09-20T12:48:07.0000000+02:00" testType="13cdc9d9-ddb5-4fa4-a97d-d965ccfc6d4b" outcome="Passed" testListId="8c84fa94-04c1-424b-9868-57a2d4851a1d" relativeResultsDirectory="643957d3-c9d9-4c72-a4d5-a875e6c96d1a" /><UnitTestResult executionId="0698ba83-1047-4059-8e4a-4192eb5865dc" testId="9ce0ad14-7c94-4a84-8a25-2d14d5db2b8e" testName="EndingASessionEndsOpenRootActionsFirst" computerName="TAG009442327432" duration="00:00:00.0050000" startTime="2018-09-20T12:48:07.0000000+02:00" endTime="2018-09-20T12:48:07.0000000+02:00" testType="13cdc9d9-ddb5-4fa4-a97d-d965ccfc6d4b" outcome="Passed" testListId="8c84fa94-04c1-424b-9868-57a2d4851a1d" relativeResultsDirectory="0698ba83-1047-4059-8e4a-4192eb5865dc" /><UnitTestResult executionId="5bc6030c-91f8-4ab0-9283-d3c1ca1560cf" testId="b39d0324-d54e-4094-b78d-1b4ac9198558" testName="SendNewSessionRequestReturnsAnUnknownErrorResponseForWrongHttpResponse" computerName="TAG009442327432" duration="00:00:00.0010000" startTime="2018-09-20T12:48:08.0000000+02:00" endTime="2018-09-20T12:48:08.0000000+02:00" testType="13cdc9d9-ddb5-4fa4-a97d-d965ccfc6d4b" outcome="Passed" testListId="8c84fa94-04c1-424b-9868-57a2d4851a1d" relativeResultsDirectory="5bc6030c-91f8-4ab0-9283-d3c1ca1560cf" /><UnitTestResult executionId="094fe676-1af3-480b-99f0-3c8da472c1bd" testId="c10e92f2-d243-4cea-8a67-8dbc5ecd96fa" testName="IpV6AddressMixedNotationIsValidIPV6PartInvalid" computerName="TAG009442327432" duration="00:00:00.0000001" startTime="2018-09-20T12:48:08.0000000+02:00" endTime="2018-09-20T12:48:08.0000000+02:00" testType="13cdc9d9-ddb5-4fa4-a97d-d965ccfc6d4b" outcome="Passed" testListId="8c84fa94-04c1-424b-9868-57a2d4851a1d" relativeResultsDirectory="094fe676-1af3-480b-99f0-3c8da472c1bd" /><UnitTestResult executionId="fcef6287-88af-472e-b334-0179b363736f" testId="faf66f22-f578-45fa-b7cd-eba447027f06" testName="TransitionToTimeSyncIsPerformedIfNotDoneYet" computerName="TAG009442327432" duration="00:00:00.0020000" startTime="2018-09-20T12:48:07.0000000+02:00" endTime="2018-09-20T12:48:07.0000000+02:00" testType="13cdc9d9-ddb5-4fa4-a97d-d965ccfc6d4b" outcome="Passed" testListId="8c84fa94-04c1-424b-9868-57a2d4851a1d" relativeResultsDirectory="fcef6287-88af-472e-b334-0179b363736f" /><UnitTestResult executionId="fb33277f-8088-4a11-ac90-465fa4e55e5c" testId="1b0186e7-22d9-4fd7-8813-af3dffb33d49" testName="ReceivingTooManyRequestsResponseDisablesCapturing" computerName="TAG009442327432" duration="00:00:00.0060000" startTime="2018-09-20T12:48:07.0000000+02:00" endTime="2018-09-20T12:48:07.0000000+02:00" testType="13cdc9d9-ddb5-4fa4-a97d-d965ccfc6d4b" outcome="Passed" testListId="8c84fa94-04c1-424b-9868-57a2d4851a1d" relativeResultsDirectory="fb33277f-8088-4a11-ac90-465fa4e55e5c" /><UnitTestResult executionId="469d53e3-a336-4b75-a4a9-7787c93d0439" testId="517298c8-37b3-45f6-9b5f-c09d938a3996" testName="IsEmptyCallsWrappedSession" computerName="TAG009442327432" duration="00:00:00.0000001" startTime="2018-09-20T12:48:07.0000000+02:00" endTime="2018-09-20T12:48:07.0000000+02:00" testType="13cdc9d9-ddb5-4fa4-a97d-d965ccfc6d4b" outcome="Passed" testListId="8c84fa94-04c1-424b-9868-57a2d4851a1d" relativeResultsDirectory="469d53e3-a336-4b75-a4a9-7787c93d0439" /><UnitTestResult executionId="e3c6bb5c-9f77-4569-be8f-0e82050113f5" testId="0403e6e2-e295-43e8-b6fc-3a62496019ac" testName="CaptureIsTrueWhenItIsEqualToOne" computerName="TAG009442327432" duration="00:00:00.0000001" startTime="2018-09-20T12:48:09.0000000+02:00" endTime="2018-09-20T12:48:09.0000000+02:00" testType="13cdc9d9-ddb5-4fa4-a97d-d965ccfc6d4b" outcome="Passed" testListId="8c84fa94-04c1-424b-9868-57a2d4851a1d" relativeResultsDirectory="e3c6bb5c-9f77-4569-be8f-0e82050113f5" /><UnitTestResult executionId="86b9a9ea-e6a4-4fa5-8abf-c62b6e7ca902" testId="b5a7f213-63aa-4821-972d-58ea6ee9bb00" testName="IpV6AddressMixedNotationIsValid_ZerosIPv6Compressed" computerName="TAG009442327432" duration="00:00:00.0000001" startTime="2018-09-20T12:48:08.0000000+02:00" endTime="2018-09-20T12:48:08.0000000+02:00" testType="13cdc9d9-ddb5-4fa4-a97d-d965ccfc6d4b" outcome="Passed" testListId="8c84fa94-04c1-424b-9868-57a2d4851a1d" relativeResultsDirectory="86b9a9ea-e6a4-4fa5-8abf-c62b6e7ca902" /><UnitTestResult executionId="91bdef70-4a76-4997-88b0-cbd3f45bcabe" testId="633118a3-1713-4d2b-a439-de0200c2b2a1" testName="ReportErrorDoesNothingIfErrorNameIsAnEmptyString" computerName="TAG009442327432" duration="00:00:00.0000001" startTime="2018-09-20T12:48:07.0000000+02:00" endTime="2018-09-20T12:48:07.0000000+02:00" testType="13cdc9d9-ddb5-4fa4-a97d-d965ccfc6d4b" outcome="Passed" testListId="8c84fa94-04c1-424b-9868-57a2d4851a1d" relativeResultsDirectory="91bdef70-4a76-4997-88b0-cbd3f45bcabe" /><UnitTestResult executionId="c8dcc76c-7822-42bf-a37d-9ca81aa70d68" testId="45d3abae-fc40-4889-a0ae-5525d1483ffd" testName="LastStatusCheckTimeIsSet" computerName="TAG009442327432" duration="00:00:00.0000001" startTime="2018-09-20T12:48:07.0000000+02:00" endTime="2018-09-20T12:48:07.0000000+02:00" testType="13cdc9d9-ddb5-4fa4-a97d-d965ccfc6d4b" outcome="Passed" testListId="8c84fa94-04c1-424b-9868-57a2d4851a1d" relativeResultsDirectory="c8dcc76c-7822-42bf-a37d-9ca81aa70d68" /></Results><TestDefinitions><UnitTest name="ADefaultConstructedConfigurationDisablesCrashReporting" storage="c:\workspaces\openkit-dotnet\tests\openkit-dotnetcore-2.0.tests\bin\release\netcoreapp2.0\openkit-dotnetcore-2.0.tests.dll" id="89b1d195-a2b7-4348-bb7e-1c7f7aaef009"><Execution id="21c1c147-f5e6-40c7-b86d-4c08ea171980" /><TestMethod codeBase="C:\workspaces\openkit-dotnet\tests\openkit-dotnetcore-2.0.Tests\bin\Release\netcoreapp2.0\openkit-dotnetcore-2.0.Tests.dll" adapterTypeName="executor://nunit3testexecutor/" className="Dynatrace.OpenKit.Core.Configuration.OpenKitConfigurationTest" name="ADefaultConstructedConfigurationDisablesCrashReporting" /></UnitTest><UnitTest name="DeviceIDIsRandomizedOnDataCollectionLevel1" storage="c:\workspaces\openkit-dotnet\tests\openkit-dotnetcore-2.0.tests\bin\release\netcoreapp2.0\openkit-dotnetcore-2.0.tests.dll" id="23c7b7ff-be6e-464c-ac77-5a4a9061ef8c"><Execution id="44e4257c-2855-40fe-aea3-d83a2b9ba555" /><TestMethod codeBase="C:\workspaces\openkit-dotnet\tests\openkit-dotnetcore-2.0.Tests\bin\Release\netcoreapp2.0\openkit-dotnetcore-2.0.Tests.dll" adapterTypeName="executor://nunit3testexecutor/" className="Dynatrace.OpenKit.Protocol.BeaconTest" name="DeviceIDIsRandomizedOnDataCollectionLevel1" /></UnitTest><UnitTest name="ReportErrorAcceptsNullReason" storage="c:\workspaces\openkit-dotnet\tests\openkit-dotnetcore-2.0.tests\bin\release\netcoreapp2.0\openkit-dotnetcore-2.0.tests.dll" id="555622bf-07cc-4014-abd5-51e89b01d139"><Execution id="e8e97aea-f529-4c58-ad9b-c8f2f4209aed" /><TestMethod codeBase="C:\workspaces\openkit-dotnet\tests\openkit-dotnetcore-2.0.Tests\bin\Release\netcoreapp2.0\openkit-dotnetcore-2.0.Tests.dll" adapterTypeName="executor://nunit3testexecutor/" className="Dynatrace.OpenKit.Core.ActionTest" name="ReportErrorAcceptsNullReason" /></UnitTest><UnitTest name="DeleteCacheEntryDecrementsCacheSize" storage="c:\workspaces\openkit-dotnet\tests\openkit-dotnetcore-2.0.tests\bin\release\netcoreapp2.0\openkit-dotnetcore-2.0.tests.dll" id="9f059cc8-3406-42b3-8248-da7cf7e112e9"><Execution id="05ddc0ee-30f0-4ec0-ab88-222d3f7499db" /><TestMethod codeBase="C:\workspaces\openkit-dotnet\tests\openkit-dotnetcore-2.0.Tests\bin\Release\netcoreapp2.0\openkit-dotnetcore-2.0.Tests.dll" adapterTypeName="executor://nunit3testexecutor/" className="Dynatrace.OpenKit.Core.Caching.BeaconCacheTest" name="DeleteCacheEntryDecrementsCacheSize" /></UnitTest><UnitTest name="IdentifyUserDoesNotReportOnDataCollectionLevel1" storage="c:\workspaces\openkit-dotnet\tests\openkit-dotnetcore-2.0.tests\bin\release\netcoreapp2.0\openkit-dotnetcore-2.0.tests.dll" id="0dfb8524-e75f-4b09-b8b3-d00cc2838342"><Execution id="aeadadfb-b073-4c96-b722-502a654d89ac" /><TestMethod codeBase="C:\workspaces\openkit-dotnet\tests\openkit-dotnetcore-2.0.Tests\bin\Release\netcoreapp2.0\openkit-dotnetcore-2.0.Tests.dll" adapterTypeName="executor://nunit3testexecutor/" className="Dynatrace.OpenKit.Protocol.BeaconTest" name="IdentifyUserDoesNotReportOnDataCollectionLevel1" /></UnitTest><UnitTest name="SendStatusRequestIsDoneWhenHttpClientReturnsASuccessfulResponse" storage="c:\workspaces\openkit-dotnet\tests\openkit-dotnetcore-2.0.tests\bin\release\netcoreapp2.0\openkit-dotnetcore-2.0.tests.dll" id="5b44843a-c922-4c07-8f7a-41ff988a5cbd"><Execution id="58789454-d594-4576-8260-3f2a63776a9d" /><TestMethod codeBase="C:\workspaces\openkit-dotnet\tests\openkit-dotnetcore-2.0.Tests\bin\Release\netcoreapp2.0\openkit-dotnetcore-2.0.Tests.dll" adapterTypeName="executor://nunit3testexecutor/" className="Dynatrace.OpenKit.Core.Communication.BeaconSendingRequestUtilTest" name="SendStatusRequestIsDoneWhenHttpClientReturnsASuccessfulResponse" /></UnitTest><UnitTest name="RemoveDataMarkedForSendingReturnsIfDataHasNotBeenCopied" storage="c:\workspaces\openkit-dotnet\tests\openkit-dotnetcore-2.0.tests\bin\release\netcoreapp2.0\openkit-dotnetcore-2.0.tests.dll" id="60a0030e-55ee-4bd5-9c75-2fd53868945e"><Execution id="4bba3443-9124-4f1c-932e-90f8e116a569" /><TestMethod codeBase="C:\workspaces\openkit-dotnet\tests\openkit-dotnetcore-2.0.Tests\bin\Release\netcoreapp2.0\openkit-dotnetcore-2.0.Tests.dll" adapterTypeName="executor://nunit3testexecutor/" className="Dynatrace.OpenKit.Core.Caching.BeaconCacheEntryTest" name="RemoveDataMarkedForSendingReturnsIfDataHasNotBeenCopied" /></UnitTest><UnitTest name="EndSequenceNumberIsSetToMinusOne" storage="c:\workspaces\openkit-dotnet\tests\openkit-dotnetcore-2.0.tests\bin\release\netcoreapp2.0\openkit-dotnetcore-2.0.tests.dll" id="f6647b4a-61be-47d4-87c3-e92a40d307a1"><Execution id="ba8ca22b-bf9a-4665-81e0-2f0e0c9df81f" /><TestMethod codeBase="C:\workspaces\openkit-dotnet\tests\openkit-dotnetcore-2.0.Tests\bin\Release\netcoreapp2.0\openkit-dotnetcore-2.0.Tests.dll" adapterTypeName="executor://nunit3testexecutor/" className="Dynatrace.OpenKit.Core.ActionTest" name="EndSequenceNumberIsSetToMinusOne" /></UnitTest><UnitTest name="DeleteCacheEntryRemovesTheGivenBeacon" storage="c:\workspaces\openkit-dotnet\tests\openkit-dotnetcore-2.0.tests\bin\release\netcoreapp2.0\openkit-dotnetcore-2.0.tests.dll" id="2f43ea9d-fb08-427f-9cc0-61886c01cd9c"><Execution id="1614191b-d298-4ba4-8af1-271fadb98f67" /><TestMethod codeBase="C:\workspaces\openkit-dotnet\tests\openkit-dotnetcore-2.0.Tests\bin\Release\netcoreapp2.0\openkit-dotnetcore-2.0.Tests.dll" adapterTypeName="executor://nunit3testexecutor/" className="Dynatrace.OpenKit.Core.Caching.BeaconCacheTest" name="DeleteCacheEntryRemovesTheGivenBeacon" /></UnitTest><UnitTest name="RandomDeviceIDCannotBeNegativeOnDataCollectionLevel0" storage="c:\workspaces\openkit-dotnet\tests\openkit-dotnetcore-2.0.tests\bin\release\netcoreapp2.0\openkit-dotnetcore-2.0.tests.dll" id="99b4a459-e105-4377-b5f5-735dd0fceae5"><Execution id="d34498cb-d4e1-4ad2-ba17-53de96a86ab8" /><TestMethod codeBase="C:\workspaces\openkit-dotnet\tests\openkit-dotnetcore-2.0.Tests\bin\Release\netcoreapp2.0\openkit-dotnetcore-2.0.Tests.dll" adapterTypeName="executor://nunit3testexecutor/" className="Dynatrace.OpenKit.Protocol.BeaconTest" name="RandomDeviceIDCannotBeNegativeOnDataCollectionLevel0" /></UnitTest><UnitTest name="ANewlyCreatedWebRequestTracerIsNotStopped" storage="c:\workspaces\openkit-dotnet\tests\openkit-dotnetcore-2.0.tests\bin\release\netcoreapp2.0\openkit-dotnetcore-2.0.tests.dll" id="5b708976-c866-4a4c-bbfd-07fb67bf2612"><Execution id="9aa078bc-b270-40b1-8365-77b3b75b2797" /><TestMethod codeBase="C:\workspaces\openkit-dotnet\tests\openkit-dotnetcore-2.0.Tests\bin\Release\netcoreapp2.0\openkit-dotnetcore-2.0.Tests.dll" adapterTypeName="executor://nunit3testexecutor/" className="Dynatrace.OpenKit.Core.WebRequestTracerBaseTest" name="ANewlyCreatedWebRequestTracerIsNotStopped" /></UnitTest><UnitTest name="CacheSizeLowerBound" storage="c:\workspaces\openkit-dotnet\tests\openkit-dotnetcore-2.0.tests\bin\release\netcoreapp2.0\openkit-dotnetcore-2.0.tests.dll" id="68ac555a-d605-4f54-b7b7-d82e865b6c73"><Execution id="5525c8d0-f8a6-4f04-8f70-93b3a4fea827" /><TestMethod codeBase="C:\workspaces\openkit-dotnet\tests\openkit-dotnetcore-2.0.Tests\bin\Release\netcoreapp2.0\openkit-dotnetcore-2.0.Tests.dll" adapterTypeName="executor://nunit3testexecutor/" className="Dynatrace.OpenKit.Core.Configuration.BeaconCacheConfigurationTest" name="CacheSizeLowerBound" /></UnitTest><UnitTest name="ASchemeIsInvalidIfInvalidCharactersAreEncountered" storage="c:\workspaces\openkit-dotnet\tests\openkit-dotnetcore-2.0.tests\bin\release\netcoreapp2.0\openkit-dotnetcore-2.0.tests.dll" id="924efa32-0063-4483-bc5f-ff4c7331ede6"><Execution id="ac4ffd49-dd10-4632-a67d-740ab707f65a" /><TestMethod codeBase="C:\workspaces\openkit-dotnet\tests\openkit-dotnetcore-2.0.Tests\bin\Release\netcoreapp2.0\openkit-dotnetcore-2.0.Tests.dll" adapterTypeName="executor://nunit3testexecutor/" className="Dynatrace.OpenKit.Core.WebRequestTracerStringURLTest" name="ASchemeIsInvalidIfInvalidCharactersAreEncountered" /></UnitTest><UnitTest name="CanSetModelIDForDynatrace" storage="c:\workspaces\openkit-dotnet\tests\openkit-dotnetcore-2.0.tests\bin\release\netcoreapp2.0\openkit-dotnetcore-2.0.tests.dll" id="b9f502bd-035b-435a-acdf-ad4497902168"><Execution id="d4e2c1b6-05b5-43dc-9c9e-8636d3622cd8" /><TestMethod codeBase="C:\workspaces\openkit-dotnet\tests\openkit-dotnetcore-2.0.Tests\bin\Release\netcoreapp2.0\openkit-dotnetcore-2.0.Tests.dll" adapterTypeName="executor://nunit3testexecutor/" className="Dynatrace.OpenKit.OpenKitBuilderTest" name="CanSetModelIDForDynatrace" /></UnitTest><UnitTest name="TimeSyncRequestsAreInterruptedAfterUnsuccessfulRetriesWithNullResponse" storage="c:\workspaces\openkit-dotnet\tests\openkit-dotnetcore-2.0.tests\bin\release\netcoreapp2.0\openkit-dotnetcore-2.0.tests.dll" id="d11282f6-3f98-4d6f-8fd0-f185dc595187"><Execution id="aa3bbaae-2b5b-40d1-92e5-0710f5b88ed9" /><TestMethod codeBase="C:\workspaces\openkit-dotnet\tests\openkit-dotnetcore-2.0.Tests\bin\Release\netcoreapp2.0\openkit-dotnetcore-2.0.Tests.dll" adapterTypeName="executor://nunit3testexecutor/" className="Dynatrace.OpenKit.Core.Communication.BeaconSendingTimeSyncStateTest" name="TimeSyncRequestsAreInterruptedAfterUnsuccessfulRetriesWithNullResponse" /></UnitTest><UnitTest name="GetRetryAfterReturnsDefaultValueIfResponseKeyDoesNotExist" storage="c:\workspaces\openkit-dotnet\tests\openkit-dotnetcore-2.0.tests\bin\release\netcoreapp2.0\openkit-dotnetcore-2.0.tests.dll" id="f41f242e-2bc4-4ab1-9ba7-61c1b69e0f45"><Execution id="0730c3f2-0e84-4bd2-81f8-c70e9ff2f4c1" /><TestMethod codeBase="C:\workspaces\openkit-dotnet\tests\openkit-dotnetcore-2.0.Tests\bin\Release\netcoreapp2.0\openkit-dotnetcore-2.0.Tests.dll" adapterTypeName="executor://nunit3testexecutor/" className="Dynatrace.OpenKit.Protocol.ResponseTest" name="GetRetryAfterReturnsDefaultValueIfResponseKeyDoesNotExist" /></UnitTest><UnitTest name="LastTimeSyncTimeIsSet" storage="c:\workspaces\openkit-dotnet\tests\openkit-dotnetcore-2.0.tests\bin\release\netcoreapp2.0\openkit-dotnetcore-2.0.tests.dll" id="efc4ac12-e016-464a-926a-f4b8847426d5"><Execution id="be980a99-1393-4f2d-8c07-d898587fbb16" /><TestMethod codeBase="C:\workspaces\openkit-dotnet\tests\openkit-dotnetcore-2.0.Tests\bin\Release\netcoreapp2.0\openkit-dotnetcore-2.0.Tests.dll" adapterTypeName="executor://nunit3testexecutor/" className="Dynatrace.OpenKit.Core.Communication.BeaconSendingContextTest" name="LastTimeSyncTimeIsSet" /></UnitTest><UnitTest name="DefaultBeaconConfigurationDoesNotDisableCapturing" storage="c:\workspaces\openkit-dotnet\tests\openkit-dotnetcore-2.0.tests\bin\release\netcoreapp2.0\openkit-dotnetcore-2.0.tests.dll" id="388ee22a-eb61-4228-930a-a4961ac4481c"><Execution id="2d056479-999f-406e-b518-215301ce176a" /><TestMethod codeBase="C:\workspaces\openkit-dotnet\tests\openkit-dotnetcore-2.0.Tests\bin\Release\netcoreapp2.0\openkit-dotnetcore-2.0.Tests.dll" adapterTypeName="executor://nunit3testexecutor/" className="Dynatrace.OpenKit.Protocol.BeaconTest" name="DefaultBeaconConfigurationDoesNotDisableCapturing" /></UnitTest><UnitTest name="SendTimeSyncRequestReturnsAnUnknownErrorResponseForWrongHttpResponse" storage="c:\workspaces\openkit-dotnet\tests\openkit-dotnetcore-2.0.tests\bin\release\netcoreapp2.0\openkit-dotnetcore-2.0.tests.dll" id="000711c8-f06f-4e6a-9bb0-4df97a76b201"><Execution id="4054c0b0-17a4-4572-812b-f64d1a87c8f9" /><TestMethod codeBase="C:\workspaces\openkit-dotnet\tests\openkit-dotnetcore-2.0.Tests\bin\Release\netcoreapp2.0\openkit-dotnetcore-2.0.Tests.dll" adapterTypeName="executor://nunit3testexecutor/" className="Dynatrace.OpenKit.Protocol.HTTPClientTest" name="SendTimeSyncRequestReturnsAnUnknownErrorResponseForWrongHttpResponse" /></UnitTest><UnitTest name="WaitForInitWhenWithTimeoutSuccess" storage="c:\workspaces\openkit-dotnet\tests\openkit-dotnetcore-2.0.tests\bin\release\netcoreapp2.0\openkit-dotnetcore-2.0.tests.dll" id="7dd344e0-c4bf-45d5-88a3-a88a92c1a026"><Execution id="ea6fc033-63ae-4d05-9ae8-a6f4808091ac" /><TestMethod codeBase="C:\workspaces\openkit-dotnet\tests\openkit-dotnetcore-2.0.Tests\bin\Release\netcoreapp2.0\openkit-dotnetcore-2.0.Tests.dll" adapterTypeName="executor://nunit3testexecutor/" className="Dynatrace.OpenKit.Core.Communication.BeaconSendingContextTest" name="WaitForInitWhenWithTimeoutSuccess" /></UnitTest><UnitTest name="AnActionAddsItselfIntoListInContstructor" storage="c:\workspaces\openkit-dotnet\tests\openkit-dotnetcore-2.0.tests\bin\release\netcoreapp2.0\openkit-dotnetcore-2.0.tests.dll" id="82eab20a-a3c6-4303-8913-251156490ada"><Execution id="ebda9cbb-b229-4634-83eb-f5a174bc7294" /><TestMethod codeBase="C:\workspaces\openkit-dotnet\tests\openkit-dotnetcore-2.0.Tests\bin\Release\netcoreapp2.0\openkit-dotnetcore-2.0.Tests.dll" adapterTypeName="executor://nunit3testexecutor/" className="Dynatrace.OpenKit.Core.ActionTest" name="AnActionAddsItselfIntoListInContstructor" /></UnitTest><UnitTest name="NoWebRequestIsReportedIfBeaconConfigurationDisablesCapturing" storage="c:\workspaces\openkit-dotnet\tests\openkit-dotnetcore-2.0.tests\bin\release\netcoreapp2.0\openkit-dotnetcore-2.0.tests.dll" id="31b58c4b-2e81-4f60-848c-22fb49785745"><Execution id="39d1f02d-2d1a-4aea-b7f3-3cffa3384760" /><TestMethod codeBase="C:\workspaces\openkit-dotnet\tests\openkit-dotnetcore-2.0.Tests\bin\Release\netcoreapp2.0\openkit-dotnetcore-2.0.Tests.dll" adapterTypeName="executor://nunit3testexecutor/" className="Dynatrace.OpenKit.Protocol.BeaconTest" name="NoWebRequestIsReportedIfBeaconConfigurationDisablesCapturing" /></UnitTest><UnitTest name="NamedEventNotReportedForDataCollectionLevel0" storage="c:\workspaces\openkit-dotnet\tests\openkit-dotnetcore-2.0.tests\bin\release\netcoreapp2.0\openkit-dotnetcore-2.0.tests.dll" id="71dec3be-d689-4033-9720-38a08b0f0e1d"><Execution id="b2e853e9-f7ce-4b62-b56d-42f16db8cb3c" /><TestMethod codeBase="C:\workspaces\openkit-dotnet\tests\openkit-dotnetcore-2.0.Tests\bin\Release\netcoreapp2.0\openkit-dotnetcore-2.0.Tests.dll" adapterTypeName="executor://nunit3testexecutor/" className="Dynatrace.OpenKit.Protocol.BeaconTest" name="NamedEventNotReportedForDataCollectionLevel0" /></UnitTest><UnitTest name="GetMultiplicityReturnsMultiplicitySetInConstructor" storage="c:\workspaces\openkit-dotnet\tests\openkit-dotnetcore-2.0.tests\bin\release\netcoreapp2.0\openkit-dotnetcore-2.0.tests.dll" id="63c2137e-9008-41db-889a-2110cabbf7b3"><Execution id="e027f787-cf0e-4746-b60c-9aed95cb0994" /><TestMethod codeBase="C:\workspaces\openkit-dotnet\tests\openkit-dotnetcore-2.0.Tests\bin\Release\netcoreapp2.0\openkit-dotnetcore-2.0.Tests.dll" adapterTypeName="executor://nunit3testexecutor/" className="Dynatrace.OpenKit.Core.Configuration.BeaconConfigurationTest" name="GetMultiplicityReturnsMultiplicitySetInConstructor" /></UnitTest><UnitTest name="ResponseSendTimeIsParsed" storage="c:\workspaces\openkit-dotnet\tests\openkit-dotnetcore-2.0.tests\bin\release\netcoreapp2.0\openkit-dotnetcore-2.0.tests.dll" id="2c61b256-8f9f-4ad9-9a31-a5ec90377cb7"><Execution id="dc447e6f-6b41-42d4-8e88-b2d3b0803bf1" /><TestMethod codeBase="C:\workspaces\openkit-dotnet\tests\openkit-dotnetcore-2.0.Tests\bin\Release\netcoreapp2.0\openkit-dotnetcore-2.0.Tests.dll" adapterTypeName="executor://nunit3testexecutor/" className="Dynatrace.OpenKit.Protocol.TimeSyncResponseTest" name="ResponseSendTimeIsParsed" /></UnitTest><UnitTest name="TheInitialLastRunTimestampIsMinusOne" storage="c:\workspaces\openkit-dotnet\tests\openkit-dotnetcore-2.0.tests\bin\release\netcoreapp2.0\openkit-dotnetcore-2.0.tests.dll" id="42ed0d74-da00-43ec-8c2e-5b29e3668299"><Execution id="528ea657-379f-49a7-b716-b3ebb7caa2af" /><TestMethod codeBase="C:\workspaces\openkit-dotnet\tests\openkit-dotnetcore-2.0.Tests\bin\Release\netcoreapp2.0\openkit-dotnetcore-2.0.Tests.dll" adapterTypeName="executor://nunit3testexecutor/" className="Dynatrace.OpenKit.Core.Caching.TimeEvicitionStrategyTest" name="TheInitialLastRunTimestampIsMinusOne" /></UnitTest><UnitTest name="ReportErrorDoesReportOnDataCollectionLevel2" storage="c:\workspaces\openkit-dotnet\tests\openkit-dotnetcore-2.0.tests\bin\release\netcoreapp2.0\openkit-dotnetcore-2.0.tests.dll" id="e8a67e0b-7f3f-4447-b320-b55b8764da9a"><Execution id="104140e4-5ff4-4072-b5a1-093ea2f32518" /><TestMethod codeBase="C:\workspaces\openkit-dotnet\tests\openkit-dotnetcore-2.0.Tests\bin\Release\netcoreapp2.0\openkit-dotnetcore-2.0.Tests.dll" adapterTypeName="executor://nunit3testexecutor/" className="Dynatrace.OpenKit.Protocol.BeaconTest" name="ReportErrorDoesReportOnDataCollectionLevel2" /></UnitTest><UnitTest name="NoUserIdentificationIsReportedIfBeaconConfigurationDisablesCapturing" storage="c:\workspaces\openkit-dotnet\tests\openkit-dotnetcore-2.0.tests\bin\release\netcoreapp2.0\openkit-dotnetcore-2.0.tests.dll" id="37a21dbc-46e4-48f9-95ca-10cf429aab0f"><Execution id="b24d1287-e418-4708-bc9a-1576580e57ce" /><TestMethod codeBase="C:\workspaces\openkit-dotnet\tests\openkit-dotnetcore-2.0.Tests\bin\Release\netcoreapp2.0\openkit-dotnetcore-2.0.Tests.dll" adapterTypeName="executor://nunit3testexecutor/" className="Dynatrace.OpenKit.Protocol.BeaconTest" name="NoUserIdentificationIsReportedIfBeaconConfigurationDisablesCapturing" /></UnitTest><UnitTest name="DefaultSendIntervalIsMinusOne" storage="c:\workspaces\openkit-dotnet\tests\openkit-dotnetcore-2.0.tests\bin\release\netcoreapp2.0\openkit-dotnetcore-2.0.tests.dll" id="c26192cb-4873-434b-bc4d-9fb9764705a9"><Execution id="8c191c4b-ba33-44a4-98f1-0a6e8827d402" /><TestMethod codeBase="C:\workspaces\openkit-dotnet\tests\openkit-dotnetcore-2.0.Tests\bin\Release\netcoreapp2.0\openkit-dotnetcore-2.0.Tests.dll" adapterTypeName="executor://nunit3testexecutor/" className="Dynatrace.OpenKit.Protocol.StatusResponseTest" name="DefaultSendIntervalIsMinusOne" /></UnitTest><UnitTest name="IpV6AddressValid_RFCLeadingZeros" storage="c:\workspaces\openkit-dotnet\tests\openkit-dotnetcore-2.0.tests\bin\release\netcoreapp2.0\openkit-dotnetcore-2.0.tests.dll" id="c52ee9fa-c33d-4c70-88e0-b175063981eb"><Execution id="625657b5-b4a3-4ac3-8c47-517fbee969d0" /><TestMethod codeBase="C:\workspaces\openkit-dotnet\tests\openkit-dotnetcore-2.0.Tests\bin\Release\netcoreapp2.0\openkit-dotnetcore-2.0.Tests.dll" adapterTypeName="executor://nunit3testexecutor/" className="Dynatrace.OpenKit.Core.Util.InetAddressValidatorTest" name="IpV6AddressValid_RFCLeadingZeros" /></UnitTest><UnitTest name="ExecuteEvictionStopsIfNumBytesInCacheFallsBelowLowerBoundBetweenTwoBeacons" storage="c:\workspaces\openkit-dotnet\tests\openkit-dotnetcore-2.0.tests\bin\release\netcoreapp2.0\openkit-dotnetcore-2.0.tests.dll" id="de52cd21-3282-4e29-ac8d-922f91d7b292"><Execution id="621d9edd-4217-4a91-be88-677166d1e01d" /><TestMethod codeBase="C:\workspaces\openkit-dotnet\tests\openkit-dotnetcore-2.0.Tests\bin\Release\netcoreapp2.0\openkit-dotnetcore-2.0.Tests.dll" adapterTypeName="executor://nunit3testexecutor/" className="Dynatrace.OpenKit.Core.Caching.SpaceEvictionStrategyTest" name="ExecuteEvictionStopsIfNumBytesInCacheFallsBelowLowerBoundBetweenTwoBeacons" /></UnitTest><UnitTest name="CreateTagReturnsEmptyStringForDataCollectionLevel0" storage="c:\workspaces\openkit-dotnet\tests\openkit-dotnetcore-2.0.tests\bin\release\netcoreapp2.0\openkit-dotnetcore-2.0.tests.dll" id="8487053c-5a6e-4ef3-96c9-af31ac45e305"><Execution id="7b9baea9-56f2-4cff-9fbf-092bc5f99ca7" /><TestMethod codeBase="C:\workspaces\openkit-dotnet\tests\openkit-dotnetcore-2.0.Tests\bin\Release\netcoreapp2.0\openkit-dotnetcore-2.0.Tests.dll" adapterTypeName="executor://nunit3testexecutor/" className="Dynatrace.OpenKit.Protocol.BeaconTest" name="CreateTagReturnsEmptyStringForDataCollectionLevel0" /></UnitTest><UnitTest name="HeadersAreSet" storage="c:\workspaces\openkit-dotnet\tests\openkit-dotnetcore-2.0.tests\bin\release\netcoreapp2.0\openkit-dotnetcore-2.0.tests.dll" id="cfbac3dc-06fb-4d78-aba8-42b39b901643"><Execution id="5468ef29-5e15-4f8b-8145-7e39b010b3b7" /><TestMethod codeBase="C:\workspaces\openkit-dotnet\tests\openkit-dotnetcore-2.0.Tests\bin\Release\netcoreapp2.0\openkit-dotnetcore-2.0.Tests.dll" adapterTypeName="executor://nunit3testexecutor/" className="Dynatrace.OpenKit.Protocol.ResponseTest" name="HeadersAreSet" /></UnitTest><UnitTest name="ReportEvent" storage="c:\workspaces\openkit-dotnet\tests\openkit-dotnetcore-2.0.tests\bin\release\netcoreapp2.0\openkit-dotnetcore-2.0.tests.dll" id="d288fd53-ad4b-486a-aec6-038d627e2300"><Execution id="34290e4e-60f2-4645-b61b-f8c40e6a17de" /><TestMethod codeBase="C:\workspaces\openkit-dotnet\tests\openkit-dotnetcore-2.0.Tests\bin\Release\netcoreapp2.0\openkit-dotnetcore-2.0.Tests.dll" adapterTypeName="executor://nunit3testexecutor/" className="Dynatrace.OpenKit.Core.ActionTest" name="ReportEvent" /></UnitTest><UnitTest name="AfterAFinishedSessionHasBeenConfiguredItsFinishedAndConfigured" storage="c:\workspaces\openkit-dotnet\tests\openkit-dotnetcore-2.0.tests\bin\release\netcoreapp2.0\openkit-dotnetcore-2.0.tests.dll" id="aabfc1c0-1fc9-4a86-8f0a-489231ba0906"><Execution id="12bb39a8-c1cc-413a-bce7-55775235d7f2" /><TestMethod codeBase="C:\workspaces\openkit-dotnet\tests\openkit-dotnetcore-2.0.Tests\bin\Release\netcoreapp2.0\openkit-dotnetcore-2.0.Tests.dll" adapterTypeName="executor://nunit3testexecutor/" className="Dynatrace.OpenKit.Core.Communication.BeaconSendingContextTest" name="AfterAFinishedSessionHasBeenConfiguredItsFinishedAndConfigured" /></UnitTest><UnitTest name="StringValueNotReportedForDataCollectionLevel0" storage="c:\workspaces\openkit-dotnet\tests\openkit-dotnetcore-2.0.tests\bin\release\netcoreapp2.0\openkit-dotnetcore-2.0.tests.dll" id="fe2730ac-ac57-4738-bda8-5a7b00b78b4e"><Execution id="87764993-2f44-48df-bfbc-431ffa0604b3" /><TestMethod codeBase="C:\workspaces\openkit-dotnet\tests\openkit-dotnetcore-2.0.Tests\bin\Release\netcoreapp2.0\openkit-dotnetcore-2.0.Tests.dll" adapterTypeName="executor://nunit3testexecutor/" className="Dynatrace.OpenKit.Protocol.BeaconTest" name="StringValueNotReportedForDataCollectionLevel0" /></UnitTest><UnitTest name="RemoveOldestRecordsRemovesEventDataIfTopEventDataAndActionDataHaveSameTimestamp" storage="c:\workspaces\openkit-dotnet\tests\openkit-dotnetcore-2.0.tests\bin\release\netcoreapp2.0\openkit-dotnetcore-2.0.tests.dll" id="1181496c-240e-439c-8ad5-98f698aa0462"><Execution id="ad74df1a-654e-4501-bed3-5313a0652941" /><TestMethod codeBase="C:\workspaces\openkit-dotnet\tests\openkit-dotnetcore-2.0.Tests\bin\Release\netcoreapp2.0\openkit-dotnetcore-2.0.Tests.dll" adapterTypeName="executor://nunit3testexecutor/" className="Dynatrace.OpenKit.Core.Caching.BeaconCacheEntryTest" name="RemoveOldestRecordsRemovesEventDataIfTopEventDataAndActionDataHaveSameTimestamp" /></UnitTest><UnitTest name="IpV6AddressLinkLocalIsValidVeryShortLinkLocal" storage="c:\workspaces\openkit-dotnet\tests\openkit-dotnetcore-2.0.tests\bin\release\netcoreapp2.0\openkit-dotnetcore-2.0.tests.dll" id="da226d4e-55c4-4e4a-844d-b50897cf4096"><Execution id="432b5281-5cd9-43e3-8708-de5d92ede933" /><TestMethod codeBase="C:\workspaces\openkit-dotnet\tests\openkit-dotnetcore-2.0.Tests\bin\Release\netcoreapp2.0\openkit-dotnetcore-2.0.Tests.dll" adapterTypeName="executor://nunit3testexecutor/" className="Dynatrace.OpenKit.Core.Util.InetAddressValidatorTest" name="IpV6AddressLinkLocalIsValidVeryShortLinkLocal" /></UnitTest><UnitTest name="ParsingTooBigSendIntervalOverflows" storage="c:\workspaces\openkit-dotnet\tests\openkit-dotnetcore-2.0.tests\bin\release\netcoreapp2.0\openkit-dotnetcore-2.0.tests.dll" id="3655bf2b-7e21-4474-a230-51c5a7d4087f"><Execution id="c26a60c7-2261-4d73-bfd2-b2c2a3bc39ec" /><TestMethod codeBase="C:\workspaces\openkit-dotnet\tests\openkit-dotnetcore-2.0.Tests\bin\Release\netcoreapp2.0\openkit-dotnetcore-2.0.Tests.dll" adapterTypeName="executor://nunit3testexecutor/" className="Dynatrace.OpenKit.Protocol.StatusResponseTest" name="ParsingTooBigSendIntervalOverflows" /></UnitTest><UnitTest name="StringValueNotReportedForDataCollectionLevel1" storage="c:\workspaces\openkit-dotnet\tests\openkit-dotnetcore-2.0.tests\bin\release\netcoreapp2.0\openkit-dotnetcore-2.0.tests.dll" id="ea5d69a5-b947-4742-b6cf-7627cd558d0b"><Execution id="eb432c26-661c-4a10-a841-2925e6f265a9" /><TestMethod codeBase="C:\workspaces\openkit-dotnet\tests\openkit-dotnetcore-2.0.Tests\bin\Release\netcoreapp2.0\openkit-dotnetcore-2.0.Tests.dll" adapterTypeName="executor://nunit3testexecutor/" className="Dynatrace.OpenKit.Protocol.BeaconTest" name="StringValueNotReportedForDataCollectionLevel1" /></UnitTest><UnitTest name="ParsingInvalidNumericValueForMultiplicityThrowsException" storage="c:\workspaces\openkit-dotnet\tests\openkit-dotnetcore-2.0.tests\bin\release\netcoreapp2.0\openkit-dotnetcore-2.0.tests.dll" id="143a16ee-1a02-400b-bffd-59524d62853b"><Execution id="d9d8bcb9-2378-4a78-82c1-9b49bc0b4475" /><TestMethod codeBase="C:\workspaces\openkit-dotnet\tests\openkit-dotnetcore-2.0.Tests\bin\Release\netcoreapp2.0\openkit-dotnetcore-2.0.Tests.dll" adapterTypeName="executor://nunit3testexecutor/" className="Dynatrace.OpenKit.Protocol.StatusResponseTest" name="ParsingInvalidNumericValueForMultiplicityThrowsException" /></UnitTest><UnitTest name="CapturingIsDisabledIfResponseCodeIndicatesFailures" storage="c:\workspaces\openkit-dotnet\tests\openkit-dotnetcore-2.0.tests\bin\release\netcoreapp2.0\openkit-dotnetcore-2.0.tests.dll" id="1621200d-df42-4bc5-beb8-9f19a4079c0b"><Execution id="b9fcdc0a-6e42-41e1-9394-1d093827e7c7" /><TestMethod codeBase="C:\workspaces\openkit-dotnet\tests\openkit-dotnetcore-2.0.Tests\bin\Release\netcoreapp2.0\openkit-dotnetcore-2.0.Tests.dll" adapterTypeName="executor://nunit3testexecutor/" className="Dynatrace.OpenKit.Core.Configuration.OpenKitConfigurationTest" name="CapturingIsDisabledIfResponseCodeIndicatesFailures" /></UnitTest><UnitTest name="IdentifyUser" storage="c:\workspaces\openkit-dotnet\tests\openkit-dotnetcore-2.0.tests\bin\release\netcoreapp2.0\openkit-dotnetcore-2.0.tests.dll" id="023dc6cb-ab05-499b-989d-9684d4760395"><Execution id="3d077574-f047-4d0c-bb6f-71fb95697685" /><TestMethod codeBase="C:\workspaces\openkit-dotnet\tests\openkit-dotnetcore-2.0.Tests\bin\Release\netcoreapp2.0\openkit-dotnetcore-2.0.Tests.dll" adapterTypeName="executor://nunit3testexecutor/" className="Dynatrace.OpenKit.Core.SessionTest" name="IdentifyUser" /></UnitTest><UnitTest name="ToStringReturnsTheStateName" storage="c:\workspaces\openkit-dotnet\tests\openkit-dotnetcore-2.0.tests\bin\release\netcoreapp2.0\openkit-dotnetcore-2.0.tests.dll" id="0f9b641e-526d-4cb7-9285-1a684f327d39"><Execution id="a48e508d-d012-4763-a641-d37bf51cf5eb" /><TestMethod codeBase="C:\workspaces\openkit-dotnet\tests\openkit-dotnetcore-2.0.Tests\bin\Release\netcoreapp2.0\openkit-dotnetcore-2.0.Tests.dll" adapterTypeName="executor://nunit3testexecutor/" className="Dynatrace.OpenKit.Core.Communication.BeaconSendingCaptureOffStateTest" name="ToStringReturnsTheStateName" /></UnitTest><UnitTest name="ResetDataMarkedForSendingMovesPreviouslyCopiedDataBack" storage="c:\workspaces\openkit-dotnet\tests\openkit-dotnetcore-2.0.tests\bin\release\netcoreapp2.0\openkit-dotnetcore-2.0.tests.dll" id="5fde9c50-881d-4318-bd19-475d99074143"><Execution id="ef83a83f-4d52-4a71-9b8c-50338c604102" /><TestMethod codeBase="C:\workspaces\openkit-dotnet\tests\openkit-dotnetcore-2.0.Tests\bin\Release\netcoreapp2.0\openkit-dotnetcore-2.0.Tests.dll" adapterTypeName="executor://nunit3testexecutor/" className="Dynatrace.OpenKit.Core.Caching.BeaconCacheEntryTest" name="ResetDataMarkedForSendingMovesPreviouslyCopiedDataBack" /></UnitTest><UnitTest name="SameInstancesAreEqual" storage="c:\workspaces\openkit-dotnet\tests\openkit-dotnetcore-2.0.tests\bin\release\netcoreapp2.0\openkit-dotnetcore-2.0.tests.dll" id="107d3ce8-051a-463d-8baf-84b4fc0808e9"><Execution id="564d0580-5e28-42e9-9fee-a3edf74eead1" /><TestMethod codeBase="C:\workspaces\openkit-dotnet\tests\openkit-dotnetcore-2.0.Tests\bin\Release\netcoreapp2.0\openkit-dotnetcore-2.0.Tests.dll" adapterTypeName="executor://nunit3testexecutor/" className="Dynatrace.OpenKit.Core.Caching.BeaconCacheRecordTest" name="SameInstancesAreEqual" /></UnitTest><UnitTest name="DoubleValueNotReportedForDataCollectionLevel0" storage="c:\workspaces\openkit-dotnet\tests\openkit-dotnetcore-2.0.tests\bin\release\netcoreapp2.0\openkit-dotnetcore-2.0.tests.dll" id="881f4858-4e26-4943-863b-7c61954be4e5"><Execution id="6e0c312c-549c-4221-9508-2b1377f39037" /><TestMethod codeBase="C:\workspaces\openkit-dotnet\tests\openkit-dotnetcore-2.0.Tests\bin\Release\netcoreapp2.0\openkit-dotnetcore-2.0.Tests.dll" adapterTypeName="executor://nunit3testexecutor/" className="Dynatrace.OpenKit.Protocol.BeaconTest" name="DoubleValueNotReportedForDataCollectionLevel0" /></UnitTest><UnitTest name="ReportEventDoesNothingIfActionIsLeft" storage="c:\workspaces\openkit-dotnet\tests\openkit-dotnetcore-2.0.tests\bin\release\netcoreapp2.0\openkit-dotnetcore-2.0.tests.dll" id="f64d1166-ccc1-42a1-be1f-8526961a7ec8"><Execution id="8e85670b-a90f-4826-8f79-5ac2c90711f4" /><TestMethod codeBase="C:\workspaces\openkit-dotnet\tests\openkit-dotnetcore-2.0.Tests\bin\Release\netcoreapp2.0\openkit-dotnetcore-2.0.Tests.dll" adapterTypeName="executor://nunit3testexecutor/" className="Dynatrace.OpenKit.Core.ActionTest" name="ReportEventDoesNothingIfActionIsLeft" /></UnitTest><UnitTest name="StateIsNotTerminal" storage="c:\workspaces\openkit-dotnet\tests\openkit-dotnetcore-2.0.tests\bin\release\netcoreapp2.0\openkit-dotnetcore-2.0.tests.dll" id="b28e739d-a962-4996-9b78-2d84caa6df3f"><Execution id="0492e6cd-2776-4f48-8de2-3de21ac23a5c" /><TestMethod codeBase="C:\workspaces\openkit-dotnet\tests\openkit-dotnetcore-2.0.Tests\bin\Release\netcoreapp2.0\openkit-dotnetcore-2.0.Tests.dll" adapterTypeName="executor://nunit3testexecutor/" className="Dynatrace.OpenKit.Core.Communication.BeaconSendingFlushSessionsStateTest" name="StateIsNotTerminal" /></UnitTest><UnitTest name="ParsingUnknownKeyValueDoesNothing" storage="c:\workspaces\openkit-dotnet\tests\openkit-dotnetcore-2.0.tests\bin\release\netcoreapp2.0\openkit-dotnetcore-2.0.tests.dll" id="fb23695e-03d7-4a48-94ea-8e5bd0ed9ef2"><Execution id="51d6fa88-099c-46e0-a025-e4449ba196d4" /><TestMethod codeBase="C:\workspaces\openkit-dotnet\tests\openkit-dotnetcore-2.0.Tests\bin\Release\netcoreapp2.0\openkit-dotnetcore-2.0.Tests.dll" adapterTypeName="executor://nunit3testexecutor/" className="Dynatrace.OpenKit.Protocol.TimeSyncResponseTest" name="ParsingUnknownKeyValueDoesNothing" /></UnitTest><UnitTest name="ReceivingTooManyRequestsResponseDisablesCapturing" storage="c:\workspaces\openkit-dotnet\tests\openkit-dotnetcore-2.0.tests\bin\release\netcoreapp2.0\openkit-dotnetcore-2.0.tests.dll" id="1b0186e7-22d9-4fd7-8813-af3dffb33d49"><Execution id="fb33277f-8088-4a11-ac90-465fa4e55e5c" /><TestMethod codeBase="C:\workspaces\openkit-dotnet\tests\openkit-dotnetcore-2.0.Tests\bin\Release\netcoreapp2.0\openkit-dotnetcore-2.0.Tests.dll" adapterTypeName="executor://nunit3testexecutor/" className="Dynatrace.OpenKit.Core.Communication.BeaconSendingInitStateTest" name="ReceivingTooManyRequestsResponseDisablesCapturing" /></UnitTest><UnitTest name="EndingASessionFinishesSessionContext" storage="c:\workspaces\openkit-dotnet\tests\openkit-dotnetcore-2.0.tests\bin\release\netcoreapp2.0\openkit-dotnetcore-2.0.tests.dll" id="c9ae0ce0-e64f-4d55-90c8-f0d2565d4f19"><Execution id="c48202e2-63ee-45d3-a461-9e46efdbc6c7" /><TestMethod codeBase="C:\workspaces\openkit-dotnet\tests\openkit-dotnetcore-2.0.Tests\bin\Release\netcoreapp2.0\openkit-dotnetcore-2.0.Tests.dll" adapterTypeName="executor://nunit3testexecutor/" className="Dynatrace.OpenKit.Core.SessionTest" name="EndingASessionFinishesSessionContext" /></UnitTest><UnitTest name="DefaultMultiplicityIsOne" storage="c:\workspaces\openkit-dotnet\tests\openkit-dotnetcore-2.0.tests\bin\release\netcoreapp2.0\openkit-dotnetcore-2.0.tests.dll" id="20837ced-96ef-488b-bf4d-b9bd9696fec1"><Execution id="05d38b77-b8a2-42b4-8466-924857e82661" /><TestMethod codeBase="C:\workspaces\openkit-dotnet\tests\openkit-dotnetcore-2.0.Tests\bin\Release\netcoreapp2.0\openkit-dotnetcore-2.0.Tests.dll" adapterTypeName="executor://nunit3testexecutor/" className="Dynatrace.OpenKit.Protocol.StatusResponseTest" name="DefaultMultiplicityIsOne" /></UnitTest><UnitTest name="ServerIDIsParsed" storage="c:\workspaces\openkit-dotnet\tests\openkit-dotnetcore-2.0.tests\bin\release\netcoreapp2.0\openkit-dotnetcore-2.0.tests.dll" id="f36c2117-551c-4282-9078-3ea1eb0f1ae8"><Execution id="ed840113-cca0-422c-81d2-5d99f907bbc5" /><TestMethod codeBase="C:\workspaces\openkit-dotnet\tests\openkit-dotnetcore-2.0.Tests\bin\Release\netcoreapp2.0\openkit-dotnetcore-2.0.Tests.dll" adapterTypeName="executor://nunit3testexecutor/" className="Dynatrace.OpenKit.Protocol.StatusResponseTest" name="ServerIDIsParsed" /></UnitTest><UnitTest name="ExecuteEvictionRunsUntilTheCacheSizeIsLessThanOrEqualToLowerBound" storage="c:\workspaces\openkit-dotnet\tests\openkit-dotnetcore-2.0.tests\bin\release\netcoreapp2.0\openkit-dotnetcore-2.0.tests.dll" id="39e4ff8e-a93a-4718-8310-74b792119150"><Execution id="7cc9ad51-9c64-4c85-ae33-97a6c5ac7151" /><TestMethod codeBase="C:\workspaces\openkit-dotnet\tests\openkit-dotnetcore-2.0.Tests\bin\Release\netcoreapp2.0\openkit-dotnetcore-2.0.Tests.dll" adapterTypeName="executor://nunit3testexecutor/" className="Dynatrace.OpenKit.Core.Caching.SpaceEvictionStrategyTest" name="ExecuteEvictionRunsUntilTheCacheSizeIsLessThanOrEqualToLowerBound" /></UnitTest><UnitTest name="ADefaultConstructedConfigurationDisablesDataCollection" storage="c:\workspaces\openkit-dotnet\tests\openkit-dotnetcore-2.0.tests\bin\release\netcoreapp2.0\openkit-dotnetcore-2.0.tests.dll" id="e8f7d049-f94a-4791-87f7-2dcb476cecf6"><Execution id="73c5faee-fb50-41bf-9216-33cd0c46535f" /><TestMethod codeBase="C:\workspaces\openkit-dotnet\tests\openkit-dotnetcore-2.0.Tests\bin\Release\netcoreapp2.0\openkit-dotnetcore-2.0.Tests.dll" adapterTypeName="executor://nunit3testexecutor/" className="Dynatrace.OpenKit.Core.Configuration.OpenKitConfigurationTest" name="ADefaultConstructedConfigurationDisablesDataCollection" /></UnitTest><UnitTest name="StateIsNotTerminal" storage="c:\workspaces\openkit-dotnet\tests\openkit-dotnetcore-2.0.tests\bin\release\netcoreapp2.0\openkit-dotnetcore-2.0.tests.dll" id="3613c263-c696-4c7f-922b-5a1994a37e8b"><Execution id="96183562-c763-459a-94ea-895fa6a12ead" /><TestMethod codeBase="C:\workspaces\openkit-dotnet\tests\openkit-dotnetcore-2.0.Tests\bin\Release\netcoreapp2.0\openkit-dotnetcore-2.0.Tests.dll" adapterTypeName="executor://nunit3testexecutor/" className="Dynatrace.OpenKit.Core.Communication.BeaconSendingInitStateTest" name="StateIsNotTerminal" /></UnitTest><UnitTest name="AnActionCanOnlyBeLeftOnce" storage="c:\workspaces\openkit-dotnet\tests\openkit-dotnetcore-2.0.tests\bin\release\netcoreapp2.0\openkit-dotnetcore-2.0.tests.dll" id="34c6bdd7-85f7-4432-b436-3b41bf1f5897"><Execution id="7356632b-97d4-40d0-8403-65fca9dd31f1" /><TestMethod codeBase="C:\workspaces\openkit-dotnet\tests\openkit-dotnetcore-2.0.Tests\bin\Release\netcoreapp2.0\openkit-dotnetcore-2.0.Tests.dll" adapterTypeName="executor://nunit3testexecutor/" className="Dynatrace.OpenKit.Core.ActionTest" name="AnActionCanOnlyBeLeftOnce" /></UnitTest><UnitTest name="DefaultCaptureErrorsIsOn" storage="c:\workspaces\openkit-dotnet\tests\openkit-dotnetcore-2.0.tests\bin\release\netcoreapp2.0\openkit-dotnetcore-2.0.tests.dll" id="f8846e0a-aa24-4ea2-98c4-9f344241c96c"><Execution id="c9802683-caad-430c-b579-d2bcf8f0661e" /><TestMethod codeBase="C:\workspaces\openkit-dotnet\tests\openkit-dotnetcore-2.0.Tests\bin\Release\netcoreapp2.0\openkit-dotnetcore-2.0.Tests.dll" adapterTypeName="executor://nunit3testexecutor/" className="Dynatrace.OpenKit.Protocol.StatusResponseTest" name="DefaultCaptureErrorsIsOn" /></UnitTest><UnitTest name="StateIsNotTerminal" storage="c:\workspaces\openkit-dotnet\tests\openkit-dotnetcore-2.0.tests\bin\release\netcoreapp2.0\openkit-dotnetcore-2.0.tests.dll" id="2aef6513-bf27-45b4-94de-4af1de672e05"><Execution id="ce87a4ac-33c1-448c-b57b-5788d1206945" /><TestMethod codeBase="C:\workspaces\openkit-dotnet\tests\openkit-dotnetcore-2.0.Tests\bin\Release\netcoreapp2.0\openkit-dotnetcore-2.0.Tests.dll" adapterTypeName="executor://nunit3testexecutor/" className="Dynatrace.OpenKit.Core.Communication.BeaconSendingTimeSyncStateTest" name="StateIsNotTerminal" /></UnitTest><UnitTest name="IsTooManyRequestsResponseReturnsFalseIfResponseIsNull" storage="c:\workspaces\openkit-dotnet\tests\openkit-dotnetcore-2.0.tests\bin\release\netcoreapp2.0\openkit-dotnetcore-2.0.tests.dll" id="d2b017f6-434c-496e-8ba0-cf63252e67b1"><Execution id="12b7a2ed-b5ca-4ab5-b3b8-a60535faf72c" /><TestMethod codeBase="C:\workspaces\openkit-dotnet\tests\openkit-dotnetcore-2.0.Tests\bin\Release\netcoreapp2.0\openkit-dotnetcore-2.0.Tests.dll" adapterTypeName="executor://nunit3testexecutor/" className="Dynatrace.OpenKit.Core.Communication.BeaconSendingResponseUtilTest" name="IsTooManyRequestsResponseReturnsFalseIfResponseIsNull" /></UnitTest><UnitTest name="ExecuteEvictionStopsIfNoBeaconIdsAreAvailableInCache" storage="c:\workspaces\openkit-dotnet\tests\openkit-dotnetcore-2.0.tests\bin\release\netcoreapp2.0\openkit-dotnetcore-2.0.tests.dll" id="73c0a737-396a-4368-a740-542d2992f641"><Execution id="529c71f6-3863-42d8-9f29-ebfcc149fbd6" /><TestMethod codeBase="C:\workspaces\openkit-dotnet\tests\openkit-dotnetcore-2.0.Tests\bin\Release\netcoreapp2.0\openkit-dotnetcore-2.0.Tests.dll" adapterTypeName="executor://nunit3testexecutor/" className="Dynatrace.OpenKit.Core.Caching.TimeEvicitionStrategyTest" name="ExecuteEvictionStopsIfNoBeaconIdsAreAvailableInCache" /></UnitTest><UnitTest name="CanConvertToClusterTime" storage="c:\workspaces\openkit-dotnet\tests\openkit-dotnetcore-2.0.tests\bin\release\netcoreapp2.0\openkit-dotnetcore-2.0.tests.dll" id="4afc7190-b82b-4eef-9352-5e01e366bec4"><Execution id="2a6481ba-bfbb-4c40-b133-ad66592deb50" /><TestMethod codeBase="C:\workspaces\openkit-dotnet\tests\openkit-dotnetcore-2.0.Tests\bin\Release\netcoreapp2.0\openkit-dotnetcore-2.0.Tests.dll" adapterTypeName="executor://nunit3testexecutor/" className="Dynatrace.OpenKit.Providers.DefaultTimingProviderTest" name="CanConvertToClusterTime" /></UnitTest><UnitTest name="EvictRecordsByAge" storage="c:\workspaces\openkit-dotnet\tests\openkit-dotnetcore-2.0.tests\bin\release\netcoreapp2.0\openkit-dotnetcore-2.0.tests.dll" id="794d0504-2325-4a11-8e99-3e61ce218c08"><Execution id="3fb51ac7-551f-483b-845a-893ff800b566" /><TestMethod codeBase="C:\workspaces\openkit-dotnet\tests\openkit-dotnetcore-2.0.Tests\bin\Release\netcoreapp2.0\openkit-dotnetcore-2.0.Tests.dll" adapterTypeName="executor://nunit3testexecutor/" className="Dynatrace.OpenKit.Core.Caching.BeaconCacheTest" name="EvictRecordsByAge" /></UnitTest><UnitTest name="DefaultMaxBeaconSizeIsMinusOne" storage="c:\workspaces\openkit-dotnet\tests\openkit-dotnetcore-2.0.tests\bin\release\netcoreapp2.0\openkit-dotnetcore-2.0.tests.dll" id="6c7840e8-bc36-4f49-8842-b00e76c5af12"><Execution id="b9369f28-083f-4d34-82f9-85153bf8cb0c" /><TestMethod codeBase="C:\workspaces\openkit-dotnet\tests\openkit-dotnetcore-2.0.Tests\bin\Release\netcoreapp2.0\openkit-dotnetcore-2.0.Tests.dll" adapterTypeName="executor://nunit3testexecutor/" className="Dynatrace.OpenKit.Protocol.StatusResponseTest" name="DefaultMaxBeaconSizeIsMinusOne" /></UnitTest><UnitTest name="ApplicationNameIsSetCorrectlyForAppMon" storage="c:\workspaces\openkit-dotnet\tests\openkit-dotnetcore-2.0.tests\bin\release\netcoreapp2.0\openkit-dotnetcore-2.0.tests.dll" id="3d1c7f32-e36a-4fcf-b5ab-12a562cff75d"><Execution id="06a4d094-4a30-4ee3-922f-c8a57e0023ff" /><TestMethod codeBase="C:\workspaces\openkit-dotnet\tests\openkit-dotnetcore-2.0.Tests\bin\Release\netcoreapp2.0\openkit-dotnetcore-2.0.Tests.dll" adapterTypeName="executor://nunit3testexecutor/" className="Dynatrace.OpenKit.OpenKitBuilderTest" name="ApplicationNameIsSetCorrectlyForAppMon" /></UnitTest><UnitTest name="NewSessionRequestsAreAbortedWhenTooManyRequestsResponseIsReceived" storage="c:\workspaces\openkit-dotnet\tests\openkit-dotnetcore-2.0.tests\bin\release\netcoreapp2.0\openkit-dotnetcore-2.0.tests.dll" id="d51d58ed-2496-4ae6-8f98-a596baff50f8"><Execution id="47e31b7f-e833-43e6-8f2a-f9999b6424b7" /><TestMethod codeBase="C:\workspaces\openkit-dotnet\tests\openkit-dotnetcore-2.0.Tests\bin\Release\netcoreapp2.0\openkit-dotnetcore-2.0.Tests.dll" adapterTypeName="executor://nunit3testexecutor/" className="Dynatrace.OpenKit.Core.Communication.BeaconSendingCaptureOnStateTest" name="NewSessionRequestsAreAbortedWhenTooManyRequestsResponseIsReceived" /></UnitTest><UnitTest name="ABeaconSendingFlushSessionsStateTransitionsToTerminalStateWhenDataIsSent" storage="c:\workspaces\openkit-dotnet\tests\openkit-dotnetcore-2.0.tests\bin\release\netcoreapp2.0\openkit-dotnetcore-2.0.tests.dll" id="22bfec7e-146c-4fee-b3bc-aa9a709a9c7d"><Execution id="f5f43461-e6fe-490d-b891-4126e4c41489" /><TestMethod codeBase="C:\workspaces\openkit-dotnet\tests\openkit-dotnetcore-2.0.Tests\bin\Release\netcoreapp2.0\openkit-dotnetcore-2.0.Tests.dll" adapterTypeName="executor://nunit3testexecutor/" className="Dynatrace.OpenKit.Core.Communication.BeaconSendingFlushSessionsStateTest" name="ABeaconSendingFlushSessionsStateTransitionsToTerminalStateWhenDataIsSent" /></UnitTest><UnitTest name="GetRetryAfterReturnsParsedValue" storage="c:\workspaces\openkit-dotnet\tests\openkit-dotnetcore-2.0.tests\bin\release\netcoreapp2.0\openkit-dotnetcore-2.0.tests.dll" id="0016c467-38ba-487a-b14d-14b21a8a58d7"><Execution id="3c53f8d2-6ca1-4fd5-b608-f54869f66d18" /><TestMethod codeBase="C:\workspaces\openkit-dotnet\tests\openkit-dotnetcore-2.0.Tests\bin\Release\netcoreapp2.0\openkit-dotnetcore-2.0.Tests.dll" adapterTypeName="executor://nunit3testexecutor/" className="Dynatrace.OpenKit.Protocol.ResponseTest" name="GetRetryAfterReturnsParsedValue" /></UnitTest><UnitTest name="SendBeaconRequestSendsGzipCompressedDataIfNonNullDataWasGiven" storage="c:\workspaces\openkit-dotnet\tests\openkit-dotnetcore-2.0.tests\bin\release\netcoreapp2.0\openkit-dotnetcore-2.0.tests.dll" id="0c3f1e30-db8c-4da0-8a3a-32731bb60883"><Execution id="75562d68-8844-42a9-8c02-628b9e8e274e" /><TestMethod codeBase="C:\workspaces\openkit-dotnet\tests\openkit-dotnetcore-2.0.Tests\bin\Release\netcoreapp2.0\openkit-dotnetcore-2.0.Tests.dll" adapterTypeName="executor://nunit3testexecutor/" className="Dynatrace.OpenKit.Protocol.HTTPClientTest" name="SendBeaconRequestSendsGzipCompressedDataIfNonNullDataWasGiven" /></UnitTest><UnitTest name="NullIsNotAValidURLScheme" storage="c:\workspaces\openkit-dotnet\tests\openkit-dotnetcore-2.0.tests\bin\release\netcoreapp2.0\openkit-dotnetcore-2.0.tests.dll" id="b58cfe4b-da2e-4b4d-9324-3401965ec38c"><Execution id="b44dfa0b-29aa-4906-9b2a-be60d50df9a8" /><TestMethod codeBase="C:\workspaces\openkit-dotnet\tests\openkit-dotnetcore-2.0.Tests\bin\Release\netcoreapp2.0\openkit-dotnetcore-2.0.Tests.dll" adapterTypeName="executor://nunit3testexecutor/" className="Dynatrace.OpenKit.Core.WebRequestTracerStringURLTest" name="NullIsNotAValidURLScheme" /></UnitTest><UnitTest name="AddEventDataAddsBeaconIdToCache" storage="c:\workspaces\openkit-dotnet\tests\openkit-dotnetcore-2.0.tests\bin\release\netcoreapp2.0\openkit-dotnetcore-2.0.tests.dll" id="224ec78c-435f-411a-9fab-ee619674870a"><Execution id="bab99ae2-9aff-4d96-bf53-f6d9eae9ed36" /><TestMethod codeBase="C:\workspaces\openkit-dotnet\tests\openkit-dotnetcore-2.0.Tests\bin\Release\netcoreapp2.0\openkit-dotnetcore-2.0.Tests.dll" adapterTypeName="executor://nunit3testexecutor/" className="Dynatrace.OpenKit.Core.Caching.BeaconCacheTest" name="AddEventDataAddsBeaconIdToCache" /></UnitTest><UnitTest name="TimeSyncIsNotSupportedIfInitCalledWithFalse" storage="c:\workspaces\openkit-dotnet\tests\openkit-dotnetcore-2.0.tests\bin\release\netcoreapp2.0\openkit-dotnetcore-2.0.tests.dll" id="e2d66108-6928-4354-8fc5-1e242d4956f1"><Execution id="d4803b8e-d617-4872-9b72-15530a2ca833" /><TestMethod codeBase="C:\workspaces\openkit-dotnet\tests\openkit-dotnetcore-2.0.Tests\bin\Release\netcoreapp2.0\openkit-dotnetcore-2.0.Tests.dll" adapterTypeName="executor://nunit3testexecutor/" className="Dynatrace.OpenKit.Providers.DefaultTimingProviderTest" name="TimeSyncIsNotSupportedIfInitCalledWithFalse" /></UnitTest><UnitTest name="DeviceIDIsTruncatedTo250Characters" storage="c:\workspaces\openkit-dotnet\tests\openkit-dotnetcore-2.0.tests\bin\release\netcoreapp2.0\openkit-dotnetcore-2.0.tests.dll" id="799812ed-8fdd-4dca-909e-e6bf759ae3cf"><Execution id="7c991ffe-1cc3-40f0-98ed-fd387a7a31eb" /><TestMethod codeBase="C:\workspaces\openkit-dotnet\tests\openkit-dotnetcore-2.0.Tests\bin\Release\netcoreapp2.0\openkit-dotnetcore-2.0.Tests.dll" adapterTypeName="executor://nunit3testexecutor/" className="Dynatrace.OpenKit.Protocol.BeaconTest" name="DeviceIDIsTruncatedTo250Characters" /></UnitTest><UnitTest name="DefaultSessionIDProviderReturnsConsecutiveIDs" storage="c:\workspaces\openkit-dotnet\tests\openkit-dotnetcore-2.0.tests\bin\release\netcoreapp2.0\openkit-dotnetcore-2.0.tests.dll" id="7dd10540-772e-4e63-88f9-3ad489511e1c"><Execution id="a3f0d4ca-a7d4-448e-9256-24e987566149" /><TestMethod codeBase="C:\workspaces\openkit-dotnet\tests\openkit-dotnetcore-2.0.Tests\bin\Release\netcoreapp2.0\openkit-dotnetcore-2.0.Tests.dll" adapterTypeName="executor://nunit3testexecutor/" className="Dynatrace.OpenKit.Providers.DefaultSessionIDProviderTest" name="DefaultSessionIDProviderReturnsConsecutiveIDs" /></UnitTest><UnitTest name="LastOpenSessionSendTimeIsSet" storage="c:\workspaces\openkit-dotnet\tests\openkit-dotnetcore-2.0.tests\bin\release\netcoreapp2.0\openkit-dotnetcore-2.0.tests.dll" id="2139e15b-1dfb-43e8-97d7-853ec2e3689d"><Execution id="600d2e65-c71a-42b6-be99-a1f600b50e64" /><TestMethod codeBase="C:\workspaces\openkit-dotnet\tests\openkit-dotnetcore-2.0.Tests\bin\Release\netcoreapp2.0\openkit-dotnetcore-2.0.Tests.dll" adapterTypeName="executor://nunit3testexecutor/" className="Dynatrace.OpenKit.Core.Communication.BeaconSendingContextTest" name="LastOpenSessionSendTimeIsSet" /></UnitTest><UnitTest name="ShutdownStateIsFlushState" storage="c:\workspaces\openkit-dotnet\tests\openkit-dotnetcore-2.0.tests\bin\release\netcoreapp2.0\openkit-dotnetcore-2.0.tests.dll" id="73ec5922-de09-4572-9966-443bb1d84c7f"><Execution id="ab19ec00-25e0-4422-ae65-8495a5fd1d56" /><TestMethod codeBase="C:\workspaces\openkit-dotnet\tests\openkit-dotnetcore-2.0.Tests\bin\Release\netcoreapp2.0\openkit-dotnetcore-2.0.Tests.dll" adapterTypeName="executor://nunit3testexecutor/" className="Dynatrace.OpenKit.Core.Communication.BeaconSendingCaptureOnStateTest" name="ShutdownStateIsFlushState" /></UnitTest><UnitTest name="SendTimeSyncRequestIsRetriedThreeTimesBeforeGivingUp" storage="c:\workspaces\openkit-dotnet\tests\openkit-dotnetcore-2.0.tests\bin\release\netcoreapp2.0\openkit-dotnetcore-2.0.tests.dll" id="7b784880-64cd-4df6-ad53-7c0725585713"><Execution id="aeda3c10-5a0d-41d8-8008-8dd4567e1dd8" /><TestMethod codeBase="C:\workspaces\openkit-dotnet\tests\openkit-dotnetcore-2.0.Tests\bin\Release\netcoreapp2.0\openkit-dotnetcore-2.0.Tests.dll" adapterTypeName="executor://nunit3testexecutor/" className="Dynatrace.OpenKit.Protocol.HTTPClientTest" name="SendTimeSyncRequestIsRetriedThreeTimesBeforeGivingUp" /></UnitTest><UnitTest name="ActionReportedForDataCollectionLevel2" storage="c:\workspaces\openkit-dotnet\tests\openkit-dotnetcore-2.0.tests\bin\release\netcoreapp2.0\openkit-dotnetcore-2.0.tests.dll" id="f543d984-9689-4818-8e1c-749a0a5fef1b"><Execution id="8d05dd11-cdba-4fac-afd6-6b5900e807c4" /><TestMethod codeBase="C:\workspaces\openkit-dotnet\tests\openkit-dotnetcore-2.0.Tests\bin\Release\netcoreapp2.0\openkit-dotnetcore-2.0.Tests.dll" adapterTypeName="executor://nunit3testexecutor/" className="Dynatrace.OpenKit.Protocol.BeaconTest" name="ActionReportedForDataCollectionLevel2" /></UnitTest><UnitTest name="ParsingInvalidRequestReceiveTimeThrowsException" storage="c:\workspaces\openkit-dotnet\tests\openkit-dotnetcore-2.0.tests\bin\release\netcoreapp2.0\openkit-dotnetcore-2.0.tests.dll" id="1b5bd42b-0e2f-4390-98d4-d95cba8bd504"><Execution id="c4671d6c-783f-4ccd-8a1a-9a1ab3e2f03f" /><TestMethod codeBase="C:\workspaces\openkit-dotnet\tests\openkit-dotnetcore-2.0.Tests\bin\Release\netcoreapp2.0\openkit-dotnetcore-2.0.Tests.dll" adapterTypeName="executor://nunit3testexecutor/" className="Dynatrace.OpenKit.Protocol.TimeSyncResponseTest" name="ParsingInvalidRequestReceiveTimeThrowsException" /></UnitTest><UnitTest name="DefaultLoggerIsUsedByDefault" storage="c:\workspaces\openkit-dotnet\tests\openkit-dotnetcore-2.0.tests\bin\release\netcoreapp2.0\openkit-dotnetcore-2.0.tests.dll" id="8a82a131-9886-474e-a54b-29c303784ed4"><Execution id="ac1c5a55-b1d8-4ae1-abb7-764d4557de72" /><TestMethod codeBase="C:\workspaces\openkit-dotnet\tests\openkit-dotnetcore-2.0.Tests\bin\Release\netcoreapp2.0\openkit-dotnetcore-2.0.Tests.dll" adapterTypeName="executor://nunit3testexecutor/" className="Dynatrace.OpenKit.OpenKitBuilderTest" name="DefaultLoggerIsUsedByDefault" /></UnitTest><UnitTest name="ParsingMonitorNames" storage="c:\workspaces\openkit-dotnet\tests\openkit-dotnetcore-2.0.tests\bin\release\netcoreapp2.0\openkit-dotnetcore-2.0.tests.dll" id="e35b916f-3b68-4268-8664-bd96eed99d66"><Execution id="52e23bc0-ec11-46aa-a751-32f2f44cc76c" /><TestMethod codeBase="C:\workspaces\openkit-dotnet\tests\openkit-dotnetcore-2.0.Tests\bin\Release\netcoreapp2.0\openkit-dotnetcore-2.0.Tests.dll" adapterTypeName="executor://nunit3testexecutor/" className="Dynatrace.OpenKit.Protocol.StatusResponseTest" name="ParsingMonitorNames" /></UnitTest><UnitTest name="SendBeaconRequestReturnsAnUnknownErrorResponseForWrongHttpResponse" storage="c:\workspaces\openkit-dotnet\tests\openkit-dotnetcore-2.0.tests\bin\release\netcoreapp2.0\openkit-dotnetcore-2.0.tests.dll" id="c8c72088-6670-4042-ae79-dcc304d85886"><Execution id="544f2dba-5537-41c6-9c62-e0d77fbbfbcb" /><TestMethod codeBase="C:\workspaces\openkit-dotnet\tests\openkit-dotnetcore-2.0.Tests\bin\Release\netcoreapp2.0\openkit-dotnetcore-2.0.Tests.dll" adapterTypeName="executor://nunit3testexecutor/" className="Dynatrace.OpenKit.Protocol.HTTPClientTest" name="SendBeaconRequestReturnsAnUnknownErrorResponseForWrongHttpResponse" /></UnitTest><UnitTest name="IpV4AddressIsInvalidDueToAdditionalCharacterInThirdBlock" storage="c:\workspaces\openkit-dotnet\tests\openkit-dotnetcore-2.0.tests\bin\release\netcoreapp2.0\openkit-dotnetcore-2.0.tests.dll" id="f90c492b-24fa-403c-8305-78652dfd5cf5"><Execution id="d4cfdd28-3fbd-43ca-b6df-228cbec4c80c" /><TestMethod codeBase="C:\workspaces\openkit-dotnet\tests\openkit-dotnetcore-2.0.Tests\bin\Release\netcoreapp2.0\openkit-dotnetcore-2.0.Tests.dll" adapterTypeName="executor://nunit3testexecutor/" className="Dynatrace.OpenKit.Core.Util.InetAddressValidatorTest" name="IpV4AddressIsInvalidDueToAdditionalCharacterInThirdBlock" /></UnitTest><UnitTest name="ShouldRunGivesFalseIfLastRunIsLessThanMaxAgeMillisecondsAgo" storage="c:\workspaces\openkit-dotnet\tests\openkit-dotnetcore-2.0.tests\bin\release\netcoreapp2.0\openkit-dotnetcore-2.0.tests.dll" id="4cb6a5d1-f568-4d7e-a518-875b2a8cbb1f"><Execution id="f1a3600b-904d-40db-be1d-05b8e24d977d" /><TestMethod codeBase="C:\workspaces\openkit-dotnet\tests\openkit-dotnetcore-2.0.Tests\bin\Release\netcoreapp2.0\openkit-dotnetcore-2.0.Tests.dll" adapterTypeName="executor://nunit3testexecutor/" className="Dynatrace.OpenKit.Core.Caching.TimeEvicitionStrategyTest" name="ShouldRunGivesFalseIfLastRunIsLessThanMaxAgeMillisecondsAgo" /></UnitTest><UnitTest name="GivenDeviceIDIsUsedOnDataCollectionLevel2" storage="c:\workspaces\openkit-dotnet\tests\openkit-dotnetcore-2.0.tests\bin\release\netcoreapp2.0\openkit-dotnetcore-2.0.tests.dll" id="9c259c1d-c9cc-4bad-8bc7-a3b7eafadbc4"><Execution id="0d9820c9-c59c-4013-9b1a-97ac7c59c322" /><TestMethod codeBase="C:\workspaces\openkit-dotnet\tests\openkit-dotnetcore-2.0.Tests\bin\Release\netcoreapp2.0\openkit-dotnetcore-2.0.Tests.dll" adapterTypeName="executor://nunit3testexecutor/" className="Dynatrace.OpenKit.Protocol.BeaconTest" name="GivenDeviceIDIsUsedOnDataCollectionLevel2" /></UnitTest><UnitTest name="GetNextBeaconChunkCopiesDataForSending" storage="c:\workspaces\openkit-dotnet\tests\openkit-dotnetcore-2.0.tests\bin\release\netcoreapp2.0\openkit-dotnetcore-2.0.tests.dll" id="b2fb45e4-c0e7-423d-992d-ab0cde78e9c4"><Execution id="367ce7d4-6d74-4225-b588-3d52b5c00ad1" /><TestMethod codeBase="C:\workspaces\openkit-dotnet\tests\openkit-dotnetcore-2.0.Tests\bin\Release\netcoreapp2.0\openkit-dotnetcore-2.0.Tests.dll" adapterTypeName="executor://nunit3testexecutor/" className="Dynatrace.OpenKit.Core.Caching.BeaconCacheTest" name="GetNextBeaconChunkCopiesDataForSending" /></UnitTest><UnitTest name="DisposingASessionEndsTheSession" storage="c:\workspaces\openkit-dotnet\tests\openkit-dotnetcore-2.0.tests\bin\release\netcoreapp2.0\openkit-dotnetcore-2.0.tests.dll" id="be108189-01ee-4574-bf6c-cb49070426c5"><Execution id="0a6bbeff-f0f0-4f02-9168-c4484ce6dcb1" /><TestMethod codeBase="C:\workspaces\openkit-dotnet\tests\openkit-dotnetcore-2.0.Tests\bin\Release\netcoreapp2.0\openkit-dotnetcore-2.0.Tests.dll" adapterTypeName="executor://nunit3testexecutor/" className="Dynatrace.OpenKit.Core.SessionTest" name="DisposingASessionEndsTheSession" /></UnitTest><UnitTest name="IsDebugEnabledIsTrueIfVerboseIsTrue" storage="c:\workspaces\openkit-dotnet\tests\openkit-dotnetcore-2.0.tests\bin\release\netcoreapp2.0\openkit-dotnetcore-2.0.tests.dll" id="17b675bd-403f-4761-91d9-af4173ab91f8"><Execution id="3d22eb18-011a-4067-a331-189026a9ad71" /><TestMethod codeBase="C:\workspaces\openkit-dotnet\tests\openkit-dotnetcore-2.0.Tests\bin\Release\netcoreapp2.0\openkit-dotnetcore-2.0.Tests.dll" adapterTypeName="executor://nunit3testexecutor/" className="Dynatrace.OpenKit.Core.DefaultLoggerTest" name="IsDebugEnabledIsTrueIfVerboseIsTrue" /></UnitTest><UnitTest name="ShouldRunGivesFalseIfNumBytesInCacheIsEqualToUpperBoundLimit" storage="c:\workspaces\openkit-dotnet\tests\openkit-dotnetcore-2.0.tests\bin\release\netcoreapp2.0\openkit-dotnetcore-2.0.tests.dll" id="01c5e4c1-c877-4bdb-8a3c-1d9082b678a1"><Execution id="48c98cb1-dce3-47be-8a35-faee16baad5f" /><TestMethod codeBase="C:\workspaces\openkit-dotnet\tests\openkit-dotnetcore-2.0.Tests\bin\Release\netcoreapp2.0\openkit-dotnetcore-2.0.Tests.dll" adapterTypeName="executor://nunit3testexecutor/" className="Dynatrace.OpenKit.Core.Caching.SpaceEvictionStrategyTest" name="ShouldRunGivesFalseIfNumBytesInCacheIsEqualToUpperBoundLimit" /></UnitTest><UnitTest name="EnterActionReturnsNullActionIfActionNameIsNull" storage="c:\workspaces\openkit-dotnet\tests\openkit-dotnetcore-2.0.tests\bin\release\netcoreapp2.0\openkit-dotnetcore-2.0.tests.dll" id="a4f6a586-5a8b-450b-ba8a-20b092b57e4f"><Execution id="1325944c-a625-4419-b7d7-d4ffbbbdb2e0" /><TestMethod codeBase="C:\workspaces\openkit-dotnet\tests\openkit-dotnetcore-2.0.Tests\bin\Release\netcoreapp2.0\openkit-dotnetcore-2.0.Tests.dll" adapterTypeName="executor://nunit3testexecutor/" className="Dynatrace.OpenKit.Core.RootActionTest" name="EnterActionReturnsNullActionIfActionNameIsNull" /></UnitTest><UnitTest name="ShutdownStateIsTerminalState" storage="c:\workspaces\openkit-dotnet\tests\openkit-dotnetcore-2.0.tests\bin\release\netcoreapp2.0\openkit-dotnetcore-2.0.tests.dll" id="807d9478-a041-4195-a9ea-09efc5d9faf9"><Execution id="f6f9695a-6521-427b-91fa-3b0c3378ca88" /><TestMethod codeBase="C:\workspaces\openkit-dotnet\tests\openkit-dotnetcore-2.0.Tests\bin\Release\netcoreapp2.0\openkit-dotnetcore-2.0.Tests.dll" adapterTypeName="executor://nunit3testexecutor/" className="Dynatrace.OpenKit.Core.Communication.BeaconSendingFlushSessionsStateTest" name="ShutdownStateIsTerminalState" /></UnitTest><UnitTest name="IntValueNotReportedForDataCollectionLevel1" storage="c:\workspaces\openkit-dotnet\tests\openkit-dotnetcore-2.0.tests\bin\release\netcoreapp2.0\openkit-dotnetcore-2.0.tests.dll" id="9d07d0e9-9bc2-454e-a601-b15de4817f84"><Execution id="aa715aba-2ddb-4c1a-95d0-64bcd31c70f7" /><TestMethod codeBase="C:\workspaces\openkit-dotnet\tests\openkit-dotnetcore-2.0.Tests\bin\Release\netcoreapp2.0\openkit-dotnetcore-2.0.Tests.dll" adapterTypeName="executor://nunit3testexecutor/" className="Dynatrace.OpenKit.Protocol.BeaconTest" name="IntValueNotReportedForDataCollectionLevel1" /></UnitTest><UnitTest name="InitCompleteIsCalledForInitialRequestOnFailure" storage="c:\workspaces\openkit-dotnet\tests\openkit-dotnetcore-2.0.tests\bin\release\netcoreapp2.0\openkit-dotnetcore-2.0.tests.dll" id="bdc4b810-5ab9-40fd-9052-f654d43b3750"><Execution id="dfbe6b83-a4f7-4c30-9a0d-a40b53330f89" /><TestMethod codeBase="C:\workspaces\openkit-dotnet\tests\openkit-dotnetcore-2.0.Tests\bin\Release\netcoreapp2.0\openkit-dotnetcore-2.0.Tests.dll" adapterTypeName="executor://nunit3testexecutor/" className="Dynatrace.OpenKit.Core.Communication.BeaconSendingTimeSyncStateTest" name="InitCompleteIsCalledForInitialRequestOnFailure" /></UnitTest><UnitTest name="CanSetCustomMaxBeaconRecordAgeForAppMon" storage="c:\workspaces\openkit-dotnet\tests\openkit-dotnetcore-2.0.tests\bin\release\netcoreapp2.0\openkit-dotnetcore-2.0.tests.dll" id="5ac92422-4544-4180-a734-cf5c94f08f57"><Execution id="c1b6d425-3ae1-4ab1-9925-ea3c53fa0937" /><TestMethod codeBase="C:\workspaces\openkit-dotnet\tests\openkit-dotnetcore-2.0.Tests\bin\Release\netcoreapp2.0\openkit-dotnetcore-2.0.Tests.dll" adapterTypeName="executor://nunit3testexecutor/" className="Dynatrace.OpenKit.OpenKitBuilderTest" name="CanSetCustomMaxBeaconRecordAgeForAppMon" /></UnitTest><UnitTest name="ReportDoubleValueDoesNothingIfValueNameIsAnEmptyString" storage="c:\workspaces\openkit-dotnet\tests\openkit-dotnetcore-2.0.tests\bin\release\netcoreapp2.0\openkit-dotnetcore-2.0.tests.dll" id="0a0a338c-50c9-4a6d-9ad8-d41507659423"><Execution id="5832847c-e43b-48fe-9a58-8a7324c9a764" /><TestMethod codeBase="C:\workspaces\openkit-dotnet\tests\openkit-dotnetcore-2.0.Tests\bin\Release\netcoreapp2.0\openkit-dotnetcore-2.0.Tests.dll" adapterTypeName="executor://nunit3testexecutor/" className="Dynatrace.OpenKit.Core.ActionTest" name="ReportDoubleValueDoesNothingIfValueNameIsAnEmptyString" /></UnitTest><UnitTest name="FinishingANewSessionStillLeavesItNew" storage="c:\workspaces\openkit-dotnet\tests\openkit-dotnetcore-2.0.tests\bin\release\netcoreapp2.0\openkit-dotnetcore-2.0.tests.dll" id="41d4c485-d8e7-405a-95cd-274c40b904fb"><Execution id="55567de2-f7db-4577-8e35-0475329a10c4" /><TestMethod codeBase="C:\workspaces\openkit-dotnet\tests\openkit-dotnetcore-2.0.Tests\bin\Release\netcoreapp2.0\openkit-dotnetcore-2.0.Tests.dll" adapterTypeName="executor://nunit3testexecutor/" className="Dynatrace.OpenKit.Core.Communication.BeaconSendingContextTest" name="FinishingANewSessionStillLeavesItNew" /></UnitTest><UnitTest name="CreateTagReturnsTagStringForDataCollectionLevel1" storage="c:\workspaces\openkit-dotnet\tests\openkit-dotnetcore-2.0.tests\bin\release\netcoreapp2.0\openkit-dotnetcore-2.0.tests.dll" id="e8dbb79b-fdfd-4ba6-9820-1cd0150abf5d"><Execution id="45e4fc74-f044-4cf9-9373-5644a9cd71bb" /><TestMethod codeBase="C:\workspaces\openkit-dotnet\tests\openkit-dotnetcore-2.0.Tests\bin\Release\netcoreapp2.0\openkit-dotnetcore-2.0.Tests.dll" adapterTypeName="executor://nunit3testexecutor/" className="Dynatrace.OpenKit.Protocol.BeaconTest" name="CreateTagReturnsTagStringForDataCollectionLevel1" /></UnitTest><UnitTest name="TimeSyncRequetsAreRetried" storage="c:\workspaces\openkit-dotnet\tests\openkit-dotnetcore-2.0.tests\bin\release\netcoreapp2.0\openkit-dotnetcore-2.0.tests.dll" id="799641a3-ba7a-4dad-bc14-8280ed8384bb"><Execution id="cd2f8b24-7236-4d8f-a389-e21f7e93759a" /><TestMethod codeBase="C:\workspaces\openkit-dotnet\tests\openkit-dotnetcore-2.0.Tests\bin\Release\netcoreapp2.0\openkit-dotnetcore-2.0.Tests.dll" adapterTypeName="executor://nunit3testexecutor/" className="Dynatrace.OpenKit.Core.Communication.BeaconSendingTimeSyncStateTest" name="TimeSyncRequetsAreRetried" /></UnitTest><UnitTest name="SendNewSessionRequestIsRetriedThreeTimesBeforeGivingUp" storage="c:\workspaces\openkit-dotnet\tests\openkit-dotnetcore-2.0.tests\bin\release\netcoreapp2.0\openkit-dotnetcore-2.0.tests.dll" id="f4d75870-9a36-4ce2-b0f8-ffbbb5316249"><Execution id="0d1fe8dc-d760-463a-9077-c85d6b30fdbe" /><TestMethod codeBase="C:\workspaces\openkit-dotnet\tests\openkit-dotnetcore-2.0.Tests\bin\Release\netcoreapp2.0\openkit-dotnetcore-2.0.Tests.dll" adapterTypeName="executor://nunit3testexecutor/" className="Dynatrace.OpenKit.Protocol.HTTPClientTest" name="SendNewSessionRequestIsRetriedThreeTimesBeforeGivingUp" /></UnitTest><UnitTest name="TimeSyncRequestsAreInterruptedAfterUnsuccessfulRetries" storage="c:\workspaces\openkit-dotnet\tests\openkit-dotnetcore-2.0.tests\bin\release\netcoreapp2.0\openkit-dotnetcore-2.0.tests.dll" id="5509c6f4-2616-4da1-973d-07c71b781085"><Execution id="e77ed83a-5387-4f63-bd7b-c07ff31fa3dd" /><TestMethod codeBase="C:\workspaces\openkit-dotnet\tests\openkit-dotnetcore-2.0.Tests\bin\Release\netcoreapp2.0\openkit-dotnetcore-2.0.Tests.dll" adapterTypeName="executor://nunit3testexecutor/" className="Dynatrace.OpenKit.Core.Communication.BeaconSendingTimeSyncStateTest" name="TimeSyncRequestsAreInterruptedAfterUnsuccessfulRetries" /></UnitTest><UnitTest name="SendStatusRequestIsAbortedIfNumberOfRetriesIsExceeded" storage="c:\workspaces\openkit-dotnet\tests\openkit-dotnetcore-2.0.tests\bin\release\netcoreapp2.0\openkit-dotnetcore-2.0.tests.dll" id="ae5a4b20-763d-4bf2-9a70-47c876898d75"><Execution id="cbcf79c0-cff3-4dd7-99c1-50e63cdff72f" /><TestMethod codeBase="C:\workspaces\openkit-dotnet\tests\openkit-dotnetcore-2.0.Tests\bin\Release\netcoreapp2.0\openkit-dotnetcore-2.0.Tests.dll" adapterTypeName="executor://nunit3testexecutor/" className="Dynatrace.OpenKit.Core.Communication.BeaconSendingRequestUtilTest" name="SendStatusRequestIsAbortedIfNumberOfRetriesIsExceeded" /></UnitTest><UnitTest name="TransitionToCaptureOnStateIsPerformed" storage="c:\workspaces\openkit-dotnet\tests\openkit-dotnetcore-2.0.tests\bin\release\netcoreapp2.0\openkit-dotnetcore-2.0.tests.dll" id="21c94321-df85-43a8-a083-b64b21519bef"><Execution id="30275131-79f3-4da9-9062-8d4c81e0d8c5" /><TestMethod codeBase="C:\workspaces\openkit-dotnet\tests\openkit-dotnetcore-2.0.Tests\bin\Release\netcoreapp2.0\openkit-dotnetcore-2.0.Tests.dll" adapterTypeName="executor://nunit3testexecutor/" className="Dynatrace.OpenKit.Core.Communication.BeaconSendingCaptureOffStateTest" name="TransitionToCaptureOnStateIsPerformed" /></UnitTest><UnitTest name="TheStrategyIsDisabledIfCacheSizeUpperBoundIsLessThanZero" storage="c:\workspaces\openkit-dotnet\tests\openkit-dotnetcore-2.0.tests\bin\release\netcoreapp2.0\openkit-dotnetcore-2.0.tests.dll" id="192b97fb-a402-4115-be2b-8e7526523d1f"><Execution id="10da0f58-bbe6-49bb-968b-a7fbf3fb99bc" /><TestMethod codeBase="C:\workspaces\openkit-dotnet\tests\openkit-dotnetcore-2.0.Tests\bin\Release\netcoreapp2.0\openkit-dotnetcore-2.0.Tests.dll" adapterTypeName="executor://nunit3testexecutor/" className="Dynatrace.OpenKit.Core.Caching.SpaceEvictionStrategyTest" name="TheStrategyIsDisabledIfCacheSizeUpperBoundIsLessThanZero" /></UnitTest><UnitTest name="ActionReportedForDataCollectionLevel1" storage="c:\workspaces\openkit-dotnet\tests\openkit-dotnetcore-2.0.tests\bin\release\netcoreapp2.0\openkit-dotnetcore-2.0.tests.dll" id="39e597a4-9a99-4c71-ad81-e233280dff90"><Execution id="91fa7317-dfe0-49f5-b648-94ba21fa26a7" /><TestMethod codeBase="C:\workspaces\openkit-dotnet\tests\openkit-dotnetcore-2.0.Tests\bin\Release\netcoreapp2.0\openkit-dotnetcore-2.0.Tests.dll" adapterTypeName="executor://nunit3testexecutor/" className="Dynatrace.OpenKit.Protocol.BeaconTest" name="ActionReportedForDataCollectionLevel1" /></UnitTest><UnitTest name="ReportErrorDoesNothingIfActionIsLeft" storage="c:\workspaces\openkit-dotnet\tests\openkit-dotnetcore-2.0.tests\bin\release\netcoreapp2.0\openkit-dotnetcore-2.0.tests.dll" id="aa8ea5c0-ed5e-4281-aafa-8c0d974ba67f"><Execution id="77b23de9-50aa-4e6f-b80c-47073fdbca36" /><TestMethod codeBase="C:\workspaces\openkit-dotnet\tests\openkit-dotnetcore-2.0.Tests\bin\Release\netcoreapp2.0\openkit-dotnetcore-2.0.Tests.dll" adapterTypeName="executor://nunit3testexecutor/" className="Dynatrace.OpenKit.Core.ActionTest" name="ReportErrorDoesNothingIfActionIsLeft" /></UnitTest><UnitTest name="AddingEventData" storage="c:\workspaces\openkit-dotnet\tests\openkit-dotnetcore-2.0.tests\bin\release\netcoreapp2.0\openkit-dotnetcore-2.0.tests.dll" id="0fa33fac-1b29-4d71-b4b2-ba1905671c40"><Execution id="67bd24fb-dcae-4c64-a122-8d926d5c5874" /><TestMethod codeBase="C:\workspaces\openkit-dotnet\tests\openkit-dotnetcore-2.0.Tests\bin\Release\netcoreapp2.0\openkit-dotnetcore-2.0.Tests.dll" adapterTypeName="executor://nunit3testexecutor/" className="Dynatrace.OpenKit.Core.Caching.BeaconCacheEntryTest" name="AddingEventData" /></UnitTest><UnitTest name="RemoveOldestRecordsRemovesEventDataIfActionDataIsEmpty" storage="c:\workspaces\openkit-dotnet\tests\openkit-dotnetcore-2.0.tests\bin\release\netcoreapp2.0\openkit-dotnetcore-2.0.tests.dll" id="c5030a84-68c0-43db-ada6-efa8b1d7e866"><Execution id="3d54077c-3e97-4d41-9bba-529234d7e2bc" /><TestMethod codeBase="C:\workspaces\openkit-dotnet\tests\openkit-dotnetcore-2.0.Tests\bin\Release\netcoreapp2.0\openkit-dotnetcore-2.0.Tests.dll" adapterTypeName="executor://nunit3testexecutor/" className="Dynatrace.OpenKit.Core.Caching.BeaconCacheEntryTest" name="RemoveOldestRecordsRemovesEventDataIfActionDataIsEmpty" /></UnitTest><UnitTest name="NoSessionStartIsReportedIfBeaconConfigurationDisablesCapturing" storage="c:\workspaces\openkit-dotnet\tests\openkit-dotnetcore-2.0.tests\bin\release\netcoreapp2.0\openkit-dotnetcore-2.0.tests.dll" id="fc46728e-e1d4-4731-bf50-f1c5059a386c"><Execution id="0560bc43-8c1c-4568-87c1-4d82a86e725f" /><TestMethod codeBase="C:\workspaces\openkit-dotnet\tests\openkit-dotnetcore-2.0.Tests\bin\Release\netcoreapp2.0\openkit-dotnetcore-2.0.Tests.dll" adapterTypeName="executor://nunit3testexecutor/" className="Dynatrace.OpenKit.Protocol.BeaconTest" name="NoSessionStartIsReportedIfBeaconConfigurationDisablesCapturing" /></UnitTest><UnitTest name="TheDefaultResponseSendTimeIsMinusOne" storage="c:\workspaces\openkit-dotnet\tests\openkit-dotnetcore-2.0.tests\bin\release\netcoreapp2.0\openkit-dotnetcore-2.0.tests.dll" id="6a488d2b-5b0d-45a4-b9aa-28960b460e52"><Execution id="9129c1aa-3a88-44b3-81f5-0d3282ab6460" /><TestMethod codeBase="C:\workspaces\openkit-dotnet\tests\openkit-dotnetcore-2.0.Tests\bin\Release\netcoreapp2.0\openkit-dotnetcore-2.0.Tests.dll" adapterTypeName="executor://nunit3testexecutor/" className="Dynatrace.OpenKit.Protocol.TimeSyncResponseTest" name="TheDefaultResponseSendTimeIsMinusOne" /></UnitTest><UnitTest name="StateIsNotTerminal" storage="c:\workspaces\openkit-dotnet\tests\openkit-dotnetcore-2.0.tests\bin\release\netcoreapp2.0\openkit-dotnetcore-2.0.tests.dll" id="8cabbf14-1024-4d7c-960a-c384583595ef"><Execution id="4d5d072a-8bee-4c58-a687-41c0172f5b2a" /><TestMethod codeBase="C:\workspaces\openkit-dotnet\tests\openkit-dotnetcore-2.0.Tests\bin\Release\netcoreapp2.0\openkit-dotnetcore-2.0.Tests.dll" adapterTypeName="executor://nunit3testexecutor/" className="Dynatrace.OpenKit.Core.Communication.BeaconSendingCaptureOnStateTest" name="StateIsNotTerminal" /></UnitTest><UnitTest name="SendNewSessionRequestWorksIfResponseIsNull" storage="c:\workspaces\openkit-dotnet\tests\openkit-dotnetcore-2.0.tests\bin\release\netcoreapp2.0\openkit-dotnetcore-2.0.tests.dll" id="acee9cc4-4491-440e-a2a0-ef74ab03156d"><Execution id="270ab264-d689-4830-ae2c-4bb95b6e3ad5" /><TestMethod codeBase="C:\workspaces\openkit-dotnet\tests\openkit-dotnetcore-2.0.Tests\bin\Release\netcoreapp2.0\openkit-dotnetcore-2.0.Tests.dll" adapterTypeName="executor://nunit3testexecutor/" className="Dynatrace.OpenKit.Protocol.HTTPClientTest" name="SendNewSessionRequestWorksIfResponseIsNull" /></UnitTest><UnitTest name="IsSuccessfulResponseReturnsTrueIfResponseIsNotErroneous" storage="c:\workspaces\openkit-dotnet\tests\openkit-dotnetcore-2.0.tests\bin\release\netcoreapp2.0\openkit-dotnetcore-2.0.tests.dll" id="530f4c60-00c6-4129-96e1-4434ee35c86e"><Execution id="67583590-7703-4b91-a9b9-782ab01375c9" /><TestMethod codeBase="C:\workspaces\openkit-dotnet\tests\openkit-dotnetcore-2.0.Tests\bin\Release\netcoreapp2.0\openkit-dotnetcore-2.0.Tests.dll" adapterTypeName="executor://nunit3testexecutor/" className="Dynatrace.OpenKit.Core.Communication.BeaconSendingResponseUtilTest" name="IsSuccessfulResponseReturnsTrueIfResponseIsNotErroneous" /></UnitTest><UnitTest name="CanSetCustomMaxBeaconRecordAgeForDynatrace" storage="c:\workspaces\openkit-dotnet\tests\openkit-dotnetcore-2.0.tests\bin\release\netcoreapp2.0\openkit-dotnetcore-2.0.tests.dll" id="6b912987-38fd-47db-b4bb-b17fc7a51b21"><Execution id="592c9918-49c7-4cca-8483-1e03521f9b9f" /><TestMethod codeBase="C:\workspaces\openkit-dotnet\tests\openkit-dotnetcore-2.0.Tests\bin\Release\netcoreapp2.0\openkit-dotnetcore-2.0.Tests.dll" adapterTypeName="executor://nunit3testexecutor/" className="Dynatrace.OpenKit.OpenKitBuilderTest" name="CanSetCustomMaxBeaconRecordAgeForDynatrace" /></UnitTest><UnitTest name="TraceWebRequestGivesNullWebRequestTracerIfUrlIsAnEmptyString" storage="c:\workspaces\openkit-dotnet\tests\openkit-dotnetcore-2.0.tests\bin\release\netcoreapp2.0\openkit-dotnetcore-2.0.tests.dll" id="9ed4b2d0-d032-40b3-8245-9787746d0d17"><Execution id="76e5fabd-5f92-401d-9bda-0f92f28739fb" /><TestMethod codeBase="C:\workspaces\openkit-dotnet\tests\openkit-dotnetcore-2.0.Tests\bin\Release\netcoreapp2.0\openkit-dotnetcore-2.0.Tests.dll" adapterTypeName="executor://nunit3testexecutor/" className="Dynatrace.OpenKit.Core.SessionTest" name="TraceWebRequestGivesNullWebRequestTracerIfUrlIsAnEmptyString" /></UnitTest><UnitTest name="IsSuccessfulResponseReturnsFalseIfResponseIsErroneous" storage="c:\workspaces\openkit-dotnet\tests\openkit-dotnetcore-2.0.tests\bin\release\netcoreapp2.0\openkit-dotnetcore-2.0.tests.dll" id="3dffcb11-dd7b-4c91-896b-649c2cacf438"><Execution id="a9e98e61-33d6-41bb-aeb4-3a489d03344b" /><TestMethod codeBase="C:\workspaces\openkit-dotnet\tests\openkit-dotnetcore-2.0.Tests\bin\Release\netcoreapp2.0\openkit-dotnetcore-2.0.Tests.dll" adapterTypeName="executor://nunit3testexecutor/" className="Dynatrace.OpenKit.Core.Communication.BeaconSendingResponseUtilTest" name="IsSuccessfulResponseReturnsFalseIfResponseIsErroneous" /></UnitTest><UnitTest name="NoSessionIsAddedIfBeaconConfigurationDisablesCapturing" storage="c:\workspaces\openkit-dotnet\tests\openkit-dotnetcore-2.0.tests\bin\release\netcoreapp2.0\openkit-dotnetcore-2.0.tests.dll" id="c44b28ee-6137-497e-b884-49dfd768de57"><Execution id="799d7b72-3345-4db0-aa5e-4645ad1df535" /><TestMethod codeBase="C:\workspaces\openkit-dotnet\tests\openkit-dotnetcore-2.0.Tests\bin\Release\netcoreapp2.0\openkit-dotnetcore-2.0.Tests.dll" adapterTypeName="executor://nunit3testexecutor/" className="Dynatrace.OpenKit.Protocol.BeaconTest" name="NoSessionIsAddedIfBeaconConfigurationDisablesCapturing" /></UnitTest><UnitTest name="SessionIDIsValueFromSessionIDProviderOnDataCollectionLevel2" storage="c:\workspaces\openkit-dotnet\tests\openkit-dotnetcore-2.0.tests\bin\release\netcoreapp2.0\openkit-dotnetcore-2.0.tests.dll" id="21947fb8-48de-4479-88d4-28e4d1ea7612"><Execution id="ae2bd8bc-d1ce-45b3-9a62-c5ea9a8d5677" /><TestMethod codeBase="C:\workspaces\openkit-dotnet\tests\openkit-dotnetcore-2.0.Tests\bin\Release\netcoreapp2.0\openkit-dotnetcore-2.0.Tests.dll" adapterTypeName="executor://nunit3testexecutor/" className="Dynatrace.OpenKit.Protocol.BeaconTest" name="SessionIDIsValueFromSessionIDProviderOnDataCollectionLevel2" /></UnitTest><UnitTest name="ReportErrorDoesReportOnDataCollectionLevel1" storage="c:\workspaces\openkit-dotnet\tests\openkit-dotnetcore-2.0.tests\bin\release\netcoreapp2.0\openkit-dotnetcore-2.0.tests.dll" id="d0e2216f-61ed-47aa-8690-a2421b9fe7cd"><Execution id="f9bd41fd-f529-4270-902d-890f15a75315" /><TestMethod codeBase="C:\workspaces\openkit-dotnet\tests\openkit-dotnetcore-2.0.Tests\bin\Release\netcoreapp2.0\openkit-dotnetcore-2.0.Tests.dll" adapterTypeName="executor://nunit3testexecutor/" className="Dynatrace.OpenKit.Protocol.BeaconTest" name="ReportErrorDoesReportOnDataCollectionLevel1" /></UnitTest><UnitTest name="NullIsNotEqual" storage="c:\workspaces\openkit-dotnet\tests\openkit-dotnetcore-2.0.tests\bin\release\netcoreapp2.0\openkit-dotnetcore-2.0.tests.dll" id="75989ee8-0927-4b28-b91b-c42b44e82b35"><Execution id="aea5f7b2-35c5-45fa-b4d9-289b1f9b2fb1" /><TestMethod codeBase="C:\workspaces\openkit-dotnet\tests\openkit-dotnetcore-2.0.Tests\bin\Release\netcoreapp2.0\openkit-dotnetcore-2.0.Tests.dll" adapterTypeName="executor://nunit3testexecutor/" className="Dynatrace.OpenKit.Core.Caching.BeaconCacheRecordTest" name="NullIsNotEqual" /></UnitTest><UnitTest name="ReportError" storage="c:\workspaces\openkit-dotnet\tests\openkit-dotnetcore-2.0.tests\bin\release\netcoreapp2.0\openkit-dotnetcore-2.0.tests.dll" id="a149450a-ebfa-450d-a91b-61a3d10a4994"><Execution id="837d92b7-c18d-488f-87bc-acf6ee029bc8" /><TestMethod codeBase="C:\workspaces\openkit-dotnet\tests\openkit-dotnetcore-2.0.Tests\bin\Release\netcoreapp2.0\openkit-dotnetcore-2.0.Tests.dll" adapterTypeName="executor://nunit3testexecutor/" className="Dynatrace.OpenKit.Core.ActionTest" name="ReportError" /></UnitTest><UnitTest name="TimeSyncSupportIsTrueByDefault" storage="c:\workspaces\openkit-dotnet\tests\openkit-dotnetcore-2.0.tests\bin\release\netcoreapp2.0\openkit-dotnetcore-2.0.tests.dll" id="1432ec38-d134-4562-890f-b2fe61f68e07"><Execution id="21d0b00c-2e7e-427e-8c41-98d3757ed70a" /><TestMethod codeBase="C:\workspaces\openkit-dotnet\tests\openkit-dotnetcore-2.0.Tests\bin\Release\netcoreapp2.0\openkit-dotnetcore-2.0.Tests.dll" adapterTypeName="executor://nunit3testexecutor/" className="Dynatrace.OpenKit.Core.Communication.BeaconSendingContextTest" name="TimeSyncSupportIsTrueByDefault" /></UnitTest><UnitTest name="AddEventDataIncreasesCacheSize" storage="c:\workspaces\openkit-dotnet\tests\openkit-dotnetcore-2.0.tests\bin\release\netcoreapp2.0\openkit-dotnetcore-2.0.tests.dll" id="4327b825-ba2b-42b9-9951-1598c7adc1d6"><Execution id="850bdb10-7462-4ca6-8501-33b1fa4afb91" /><TestMethod codeBase="C:\workspaces\openkit-dotnet\tests\openkit-dotnetcore-2.0.Tests\bin\Release\netcoreapp2.0\openkit-dotnetcore-2.0.Tests.dll" adapterTypeName="executor://nunit3testexecutor/" className="Dynatrace.OpenKit.Core.Caching.BeaconCacheTest" name="AddEventDataIncreasesCacheSize" /></UnitTest><UnitTest name="ResponseCodeIsSet" storage="c:\workspaces\openkit-dotnet\tests\openkit-dotnetcore-2.0.tests\bin\release\netcoreapp2.0\openkit-dotnetcore-2.0.tests.dll" id="ec8f2e29-92e5-4a49-9a79-e8885008a675"><Execution id="1bffc5c5-82e9-4f91-8481-49fe9899e431" /><TestMethod codeBase="C:\workspaces\openkit-dotnet\tests\openkit-dotnetcore-2.0.Tests\bin\Release\netcoreapp2.0\openkit-dotnetcore-2.0.Tests.dll" adapterTypeName="executor://nunit3testexecutor/" className="Dynatrace.OpenKit.Protocol.ResponseTest" name="ResponseCodeIsSet" /></UnitTest><UnitTest name="ResetChunkedRestoresData" storage="c:\workspaces\openkit-dotnet\tests\openkit-dotnetcore-2.0.tests\bin\release\netcoreapp2.0\openkit-dotnetcore-2.0.tests.dll" id="e742b275-1e88-40cf-8b7c-b18297473004"><Execution id="adc68711-980e-4237-bdb2-5af0dcb54597" /><TestMethod codeBase="C:\workspaces\openkit-dotnet\tests\openkit-dotnetcore-2.0.Tests\bin\Release\netcoreapp2.0\openkit-dotnetcore-2.0.Tests.dll" adapterTypeName="executor://nunit3testexecutor/" className="Dynatrace.OpenKit.Core.Caching.BeaconCacheTest" name="ResetChunkedRestoresData" /></UnitTest><UnitTest name="EnterActionGivesNewRootAction" storage="c:\workspaces\openkit-dotnet\tests\openkit-dotnetcore-2.0.tests\bin\release\netcoreapp2.0\openkit-dotnetcore-2.0.tests.dll" id="2b171089-717e-4c25-b911-268505ae118f"><Execution id="8ff4dfbf-8b53-467b-85d4-52ceb407379d" /><TestMethod codeBase="C:\workspaces\openkit-dotnet\tests\openkit-dotnetcore-2.0.Tests\bin\Release\netcoreapp2.0\openkit-dotnetcore-2.0.Tests.dll" adapterTypeName="executor://nunit3testexecutor/" className="Dynatrace.OpenKit.Core.SessionTest" name="EnterActionGivesNewRootAction" /></UnitTest><UnitTest name="StartingAnAlreadyAliveBeaconCacheEvictorDoesNothing" storage="c:\workspaces\openkit-dotnet\tests\openkit-dotnetcore-2.0.tests\bin\release\netcoreapp2.0\openkit-dotnetcore-2.0.tests.dll" id="c277a423-c48e-4f6e-88df-5e52e4ec6864"><Execution id="d59e976c-2bdf-489c-9d73-8a87e8eb521d" /><TestMethod codeBase="C:\workspaces\openkit-dotnet\tests\openkit-dotnetcore-2.0.Tests\bin\Release\netcoreapp2.0\openkit-dotnetcore-2.0.Tests.dll" adapterTypeName="executor://nunit3testexecutor/" className="Dynatrace.OpenKit.Core.Caching.BeaconCacheEvictorTest" name="StartingAnAlreadyAliveBeaconCacheEvictorDoesNothing" /></UnitTest><UnitTest name="TraceWebRequestGivesNullWebRequestTracerIfUrlIsNull" storage="c:\workspaces\openkit-dotnet\tests\openkit-dotnetcore-2.0.tests\bin\release\netcoreapp2.0\openkit-dotnetcore-2.0.tests.dll" id="00b8c217-68da-494a-a59a-cb0727e8bdc7"><Execution id="e9513022-dc50-44fa-bc7a-5305dc883a8a" /><TestMethod codeBase="C:\workspaces\openkit-dotnet\tests\openkit-dotnetcore-2.0.Tests\bin\Release\netcoreapp2.0\openkit-dotnetcore-2.0.Tests.dll" adapterTypeName="executor://nunit3testexecutor/" className="Dynatrace.OpenKit.Core.ActionTest" name="TraceWebRequestGivesNullWebRequestTracerIfUrlIsNull" /></UnitTest><UnitTest name="IpV6AddressMixedNotationIsValidIPV6" storage="c:\workspaces\openkit-dotnet\tests\openkit-dotnetcore-2.0.tests\bin\release\netcoreapp2.0\openkit-dotnetcore-2.0.tests.dll" id="035676dd-12b9-43e5-a3e2-f8aaf6ca4518"><Execution id="15eca64a-4c0c-4ec4-bd19-5d7dec5ae59d" /><TestMethod codeBase="C:\workspaces\openkit-dotnet\tests\openkit-dotnetcore-2.0.Tests\bin\Release\netcoreapp2.0\openkit-dotnetcore-2.0.Tests.dll" adapterTypeName="executor://nunit3testexecutor/" className="Dynatrace.OpenKit.Core.Util.InetAddressValidatorTest" name="IpV6AddressMixedNotationIsValidIPV6" /></UnitTest><UnitTest name="NamedEventReportedForDataCollectionLevel2" storage="c:\workspaces\openkit-dotnet\tests\openkit-dotnetcore-2.0.tests\bin\release\netcoreapp2.0\openkit-dotnetcore-2.0.tests.dll" id="f8cb9382-bb6d-4eb1-b696-3588585ad8e0"><Execution id="28de01a2-4438-4811-8202-6b3e452eb967" /><TestMethod codeBase="C:\workspaces\openkit-dotnet\tests\openkit-dotnetcore-2.0.Tests\bin\Release\netcoreapp2.0\openkit-dotnetcore-2.0.Tests.dll" adapterTypeName="executor://nunit3testexecutor/" className="Dynatrace.OpenKit.Protocol.BeaconTest" name="NamedEventReportedForDataCollectionLevel2" /></UnitTest><UnitTest name="TheStrategyIsDisabledIfBeaconMaxAgeIsSetToZero" storage="c:\workspaces\openkit-dotnet\tests\openkit-dotnetcore-2.0.tests\bin\release\netcoreapp2.0\openkit-dotnetcore-2.0.tests.dll" id="1e12697b-63eb-41a4-8e16-a35eac3c70ec"><Execution id="66351aad-d64a-4ab7-b27d-b512558dea41" /><TestMethod codeBase="C:\workspaces\openkit-dotnet\tests\openkit-dotnetcore-2.0.Tests\bin\Release\netcoreapp2.0\openkit-dotnetcore-2.0.Tests.dll" adapterTypeName="executor://nunit3testexecutor/" className="Dynatrace.OpenKit.Core.Caching.TimeEvicitionStrategyTest" name="TheStrategyIsDisabledIfBeaconMaxAgeIsSetToZero" /></UnitTest><UnitTest name="PassingNullResponseStringDoesNotThrow" storage="c:\workspaces\openkit-dotnet\tests\openkit-dotnetcore-2.0.tests\bin\release\netcoreapp2.0\openkit-dotnetcore-2.0.tests.dll" id="95916b25-0fe9-4999-9bec-815c99acfaba"><Execution id="e430bbe8-4882-47f4-85ca-55412ecb3b3e" /><TestMethod codeBase="C:\workspaces\openkit-dotnet\tests\openkit-dotnetcore-2.0.Tests\bin\Release\netcoreapp2.0\openkit-dotnetcore-2.0.Tests.dll" adapterTypeName="executor://nunit3testexecutor/" className="Dynatrace.OpenKit.Protocol.TimeSyncResponseTest" name="PassingNullResponseStringDoesNotThrow" /></UnitTest><UnitTest name="IpV6AddressValid_CharactersUpperCase" storage="c:\workspaces\openkit-dotnet\tests\openkit-dotnetcore-2.0.tests\bin\release\netcoreapp2.0\openkit-dotnetcore-2.0.tests.dll" id="cb0199dd-bb70-4f31-8b87-3e429fa802b3"><Execution id="64d2f065-d342-47ea-b414-c2fd5b99da25" /><TestMethod codeBase="C:\workspaces\openkit-dotnet\tests\openkit-dotnetcore-2.0.Tests\bin\Release\netcoreapp2.0\openkit-dotnetcore-2.0.Tests.dll" adapterTypeName="executor://nunit3testexecutor/" className="Dynatrace.OpenKit.Core.Util.InetAddressValidatorTest" name="IpV6AddressValid_CharactersUpperCase" /></UnitTest><UnitTest name="TimeSyncIsSupportedIfInitCalledWithTrue" storage="c:\workspaces\openkit-dotnet\tests\openkit-dotnetcore-2.0.tests\bin\release\netcoreapp2.0\openkit-dotnetcore-2.0.tests.dll" id="ea19aa3a-aeae-4b24-b54d-186c657959fa"><Execution id="9209788a-3a24-4f74-ab05-ce6ac1253f4e" /><TestMethod codeBase="C:\workspaces\openkit-dotnet\tests\openkit-dotnetcore-2.0.Tests\bin\Release\netcoreapp2.0\openkit-dotnetcore-2.0.Tests.dll" adapterTypeName="executor://nunit3testexecutor/" className="Dynatrace.OpenKit.Providers.DefaultTimingProviderTest" name="TimeSyncIsSupportedIfInitCalledWithTrue" /></UnitTest><UnitTest name="resetDataMarkedForSendingReturnsIfDataHasNotBeenCopied" storage="c:\workspaces\openkit-dotnet\tests\openkit-dotnetcore-2.0.tests\bin\release\netcoreapp2.0\openkit-dotnetcore-2.0.tests.dll" id="3c0c5a46-8332-48d5-a821-c428c7c68082"><Execution id="691fb493-a672-48f3-8266-e3d14311267f" /><TestMethod codeBase="C:\workspaces\openkit-dotnet\tests\openkit-dotnetcore-2.0.Tests\bin\Release\netcoreapp2.0\openkit-dotnetcore-2.0.Tests.dll" adapterTypeName="executor://nunit3testexecutor/" className="Dynatrace.OpenKit.Core.Caching.BeaconCacheEntryTest" name="resetDataMarkedForSendingReturnsIfDataHasNotBeenCopied" /></UnitTest><UnitTest name="SendTimeSyncRequestWorksIfResponseIsNull" storage="c:\workspaces\openkit-dotnet\tests\openkit-dotnetcore-2.0.tests\bin\release\netcoreapp2.0\openkit-dotnetcore-2.0.tests.dll" id="853ca7bb-a405-4b39-8f60-9c352eb4fb6a"><Execution id="211a7877-58fd-4eca-85c4-b855fe2afe42" /><TestMethod codeBase="C:\workspaces\openkit-dotnet\tests\openkit-dotnetcore-2.0.Tests\bin\Release\netcoreapp2.0\openkit-dotnetcore-2.0.Tests.dll" adapterTypeName="executor://nunit3testexecutor/" className="Dynatrace.OpenKit.Protocol.HTTPClientTest" name="SendTimeSyncRequestWorksIfResponseIsNull" /></UnitTest><UnitTest name="WarningLogsAppropriateMessage" storage="c:\workspaces\openkit-dotnet\tests\openkit-dotnetcore-2.0.tests\bin\release\netcoreapp2.0\openkit-dotnetcore-2.0.tests.dll" id="24c2fade-3237-4f01-833b-7d6b37eb462c"><Execution id="8f8e62ce-fa76-4cb4-80fc-8bd4bca552e7" /><TestMethod codeBase="C:\workspaces\openkit-dotnet\tests\openkit-dotnetcore-2.0.Tests\bin\Release\netcoreapp2.0\openkit-dotnetcore-2.0.Tests.dll" adapterTypeName="executor://nunit3testexecutor/" className="Dynatrace.OpenKit.Core.DefaultLoggerTest" name="WarningLogsAppropriateMessage" /></UnitTest><UnitTest name="OpenSessionsAreSentIfSendIntervalIsExceeded" storage="c:\workspaces\openkit-dotnet\tests\openkit-dotnetcore-2.0.tests\bin\release\netcoreapp2.0\openkit-dotnetcore-2.0.tests.dll" id="46717940-593a-439d-9edb-bdec66c57ef1"><Execution id="4bce5561-5ed9-414d-b296-71f17e518662" /><TestMethod codeBase="C:\workspaces\openkit-dotnet\tests\openkit-dotnetcore-2.0.Tests\bin\Release\netcoreapp2.0\openkit-dotnetcore-2.0.Tests.dll" adapterTypeName="executor://nunit3testexecutor/" className="Dynatrace.OpenKit.Core.Communication.BeaconSendingCaptureOnStateTest" name="OpenSessionsAreSentIfSendIntervalIsExceeded" /></UnitTest><UnitTest name="StoppingAnAliveBeaconCacheEvictor" storage="c:\workspaces\openkit-dotnet\tests\openkit-dotnetcore-2.0.tests\bin\release\netcoreapp2.0\openkit-dotnetcore-2.0.tests.dll" id="952f3509-04b7-4a87-acfb-e1d854972050"><Execution id="c361bef6-9fa1-4d31-a04c-84c183705151" /><TestMethod codeBase="C:\workspaces\openkit-dotnet\tests\openkit-dotnetcore-2.0.Tests\bin\Release\netcoreapp2.0\openkit-dotnetcore-2.0.Tests.dll" adapterTypeName="executor://nunit3testexecutor/" className="Dynatrace.OpenKit.Core.Caching.BeaconCacheEvictorTest" name="StoppingAnAliveBeaconCacheEvictor" /></UnitTest><UnitTest name="RemoveOldestRecordsStopsIfListsAreEmpty" storage="c:\workspaces\openkit-dotnet\tests\openkit-dotnetcore-2.0.tests\bin\release\netcoreapp2.0\openkit-dotnetcore-2.0.tests.dll" id="127a067f-7801-4d63-b1ae-05c262e84141"><Execution id="2a6992f4-9999-48c8-b89b-2e764bb640ec" /><TestMethod codeBase="C:\workspaces\openkit-dotnet\tests\openkit-dotnetcore-2.0.Tests\bin\Release\netcoreapp2.0\openkit-dotnetcore-2.0.Tests.dll" adapterTypeName="executor://nunit3testexecutor/" className="Dynatrace.OpenKit.Core.Caching.BeaconCacheEntryTest" name="RemoveOldestRecordsStopsIfListsAreEmpty" /></UnitTest><UnitTest name="SetBytesSentDoesNotSetAnythingIfStopped" storage="c:\workspaces\openkit-dotnet\tests\openkit-dotnetcore-2.0.tests\bin\release\netcoreapp2.0\openkit-dotnetcore-2.0.tests.dll" id="a7ea0969-0a7a-4f48-a59f-2f9e8958c6fc"><Execution id="25e71161-db5a-4647-86fe-a12e1acfcb0f" /><TestMethod codeBase="C:\workspaces\openkit-dotnet\tests\openkit-dotnetcore-2.0.Tests\bin\Release\netcoreapp2.0\openkit-dotnetcore-2.0.Tests.dll" adapterTypeName="executor://nunit3testexecutor/" className="Dynatrace.OpenKit.Core.WebRequestTracerBaseTest" name="SetBytesSentDoesNotSetAnythingIfStopped" /></UnitTest><UnitTest name="IsInitializedOnInitFailed" storage="c:\workspaces\openkit-dotnet\tests\openkit-dotnetcore-2.0.tests\bin\release\netcoreapp2.0\openkit-dotnetcore-2.0.tests.dll" id="61652ea1-802c-471c-89e8-c8fcfb93e297"><Execution id="7df9d1f8-4134-46c5-8c0b-16c7c357acb6" /><TestMethod codeBase="C:\workspaces\openkit-dotnet\tests\openkit-dotnetcore-2.0.Tests\bin\Release\netcoreapp2.0\openkit-dotnetcore-2.0.Tests.dll" adapterTypeName="executor://nunit3testexecutor/" className="Dynatrace.OpenKit.Core.Communication.BeaconSendingContextTest" name="IsInitializedOnInitFailed" /></UnitTest><UnitTest name="IsInfoEnabledIsFalseIfVerboseIsFalse" storage="c:\workspaces\openkit-dotnet\tests\openkit-dotnetcore-2.0.tests\bin\release\netcoreapp2.0\openkit-dotnetcore-2.0.tests.dll" id="a0285add-213d-4c8e-b269-d189b97d4603"><Execution id="3a5d26ba-f02e-4e1f-a9a3-6dfebbf389ae" /><TestMethod codeBase="C:\workspaces\openkit-dotnet\tests\openkit-dotnetcore-2.0.Tests\bin\Release\netcoreapp2.0\openkit-dotnetcore-2.0.Tests.dll" adapterTypeName="executor://nunit3testexecutor/" className="Dynatrace.OpenKit.Core.DefaultLoggerTest" name="IsInfoEnabledIsFalseIfVerboseIsFalse" /></UnitTest><UnitTest name="ReportIntValue" storage="c:\workspaces\openkit-dotnet\tests\openkit-dotnetcore-2.0.tests\bin\release\netcoreapp2.0\openkit-dotnetcore-2.0.tests.dll" id="b74e2be5-3848-4185-a4a2-e08851a42a72"><Execution id="d5424b02-0488-4410-ba0b-92592899cc29" /><TestMethod codeBase="C:\workspaces\openkit-dotnet\tests\openkit-dotnetcore-2.0.Tests\bin\Release\netcoreapp2.0\openkit-dotnetcore-2.0.Tests.dll" adapterTypeName="executor://nunit3testexecutor/" className="Dynatrace.OpenKit.Core.ActionTest" name="ReportIntValue" /></UnitTest><UnitTest name="MultiplicityIsSetToZeroIfNoFurtherNewSessionRequestsAreAllowed" storage="c:\workspaces\openkit-dotnet\tests\openkit-dotnetcore-2.0.tests\bin\release\netcoreapp2.0\openkit-dotnetcore-2.0.tests.dll" id="6a9ee550-330d-4b2e-b578-f7d249f1a4a8"><Execution id="f308fd1a-81d3-4d11-87be-bc90a316a7e6" /><TestMethod codeBase="C:\workspaces\openkit-dotnet\tests\openkit-dotnetcore-2.0.Tests\bin\Release\netcoreapp2.0\openkit-dotnetcore-2.0.Tests.dll" adapterTypeName="executor://nunit3testexecutor/" className="Dynatrace.OpenKit.Core.Communication.BeaconSendingCaptureOnStateTest" name="MultiplicityIsSetToZeroIfNoFurtherNewSessionRequestsAreAllowed" /></UnitTest><UnitTest name="IpV6AddressValid_CharactersMixedCase" storage="c:\workspaces\openkit-dotnet\tests\openkit-dotnetcore-2.0.tests\bin\release\netcoreapp2.0\openkit-dotnetcore-2.0.tests.dll" id="0a789ada-f413-473a-b156-ad8a4266fee5"><Execution id="1112c668-e4fc-4d3f-83ea-a23b70c29ec1" /><TestMethod codeBase="C:\workspaces\openkit-dotnet\tests\openkit-dotnetcore-2.0.Tests\bin\Release\netcoreapp2.0\openkit-dotnetcore-2.0.Tests.dll" adapterTypeName="executor://nunit3testexecutor/" className="Dynatrace.OpenKit.Core.Util.InetAddressValidatorTest" name="IpV6AddressValid_CharactersMixedCase" /></UnitTest><UnitTest name="ToStringReturnStateName" storage="c:\workspaces\openkit-dotnet\tests\openkit-dotnetcore-2.0.tests\bin\release\netcoreapp2.0\openkit-dotnetcore-2.0.tests.dll" id="c7c237a3-042f-43b5-a698-9bb589885cce"><Execution id="7cf94e90-8fe1-45e0-afc1-7f8b2ab3348c" /><TestMethod codeBase="C:\workspaces\openkit-dotnet\tests\openkit-dotnetcore-2.0.Tests\bin\Release\netcoreapp2.0\openkit-dotnetcore-2.0.Tests.dll" adapterTypeName="executor://nunit3testexecutor/" className="Dynatrace.OpenKit.Core.Communication.BeaconSendingCaptureOnStateTest" name="ToStringReturnStateName" /></UnitTest><UnitTest name="ABeaconSendingFlushSessionsStateConfiguresAllUnconfiguredSessions" storage="c:\workspaces\openkit-dotnet\tests\openkit-dotnetcore-2.0.tests\bin\release\netcoreapp2.0\openkit-dotnetcore-2.0.tests.dll" id="3f211b3d-3e3a-4e48-99d3-f22d0c76b5c0"><Execution id="1108a4f5-4c86-4abf-9587-cfba2d555169" /><TestMethod codeBase="C:\workspaces\openkit-dotnet\tests\openkit-dotnetcore-2.0.Tests\bin\Release\netcoreapp2.0\openkit-dotnetcore-2.0.Tests.dll" adapterTypeName="executor://nunit3testexecutor/" className="Dynatrace.OpenKit.Core.Communication.BeaconSendingFlushSessionsStateTest" name="ABeaconSendingFlushSessionsStateConfiguresAllUnconfiguredSessions" /></UnitTest><UnitTest name="MaxRecordAge" storage="c:\workspaces\openkit-dotnet\tests\openkit-dotnetcore-2.0.tests\bin\release\netcoreapp2.0\openkit-dotnetcore-2.0.tests.dll" id="4b447642-bfb1-4940-b25a-b867a1866f7a"><Execution id="bd9342f7-7b16-4ecd-9098-22eb53c1b588" /><TestMethod codeBase="C:\workspaces\openkit-dotnet\tests\openkit-dotnetcore-2.0.Tests\bin\Release\netcoreapp2.0\openkit-dotnetcore-2.0.Tests.dll" adapterTypeName="executor://nunit3testexecutor/" className="Dynatrace.OpenKit.Core.Configuration.BeaconCacheConfigurationTest" name="MaxRecordAge" /></UnitTest><UnitTest name="CaptureIsTrueWhenItIsEqualToOne" storage="c:\workspaces\openkit-dotnet\tests\openkit-dotnetcore-2.0.tests\bin\release\netcoreapp2.0\openkit-dotnetcore-2.0.tests.dll" id="0403e6e2-e295-43e8-b6fc-3a62496019ac"><Execution id="e3c6bb5c-9f77-4569-be8f-0e82050113f5" /><TestMethod codeBase="C:\workspaces\openkit-dotnet\tests\openkit-dotnetcore-2.0.Tests\bin\Release\netcoreapp2.0\openkit-dotnetcore-2.0.Tests.dll" adapterTypeName="executor://nunit3testexecutor/" className="Dynatrace.OpenKit.Protocol.StatusResponseTest" name="CaptureIsTrueWhenItIsEqualToOne" /></UnitTest><UnitTest name="SendStatusRequestReturnsTooManyRequestsResponseImmediately" storage="c:\workspaces\openkit-dotnet\tests\openkit-dotnetcore-2.0.tests\bin\release\netcoreapp2.0\openkit-dotnetcore-2.0.tests.dll" id="f2f91c80-7dbd-4396-b121-f6fb0c6ffd5a"><Execution id="b0d93492-be86-43ba-8e2c-0ec72dbedfc0" /><TestMethod codeBase="C:\workspaces\openkit-dotnet\tests\openkit-dotnetcore-2.0.Tests\bin\Release\netcoreapp2.0\openkit-dotnetcore-2.0.Tests.dll" adapterTypeName="executor://nunit3testexecutor/" className="Dynatrace.OpenKit.Core.Communication.BeaconSendingRequestUtilTest" name="SendStatusRequestReturnsTooManyRequestsResponseImmediately" /></UnitTest><UnitTest name="SessionIDIsAlwaysValue1OnDataCollectionLevel1" storage="c:\workspaces\openkit-dotnet\tests\openkit-dotnetcore-2.0.tests\bin\release\netcoreapp2.0\openkit-dotnetcore-2.0.tests.dll" id="b59b341a-eec9-4d00-96a1-a8aea91edb3d"><Execution id="ddd5bab3-b8aa-4169-8cfd-b74d9e905740" /><TestMethod codeBase="C:\workspaces\openkit-dotnet\tests\openkit-dotnetcore-2.0.Tests\bin\Release\netcoreapp2.0\openkit-dotnetcore-2.0.Tests.dll" adapterTypeName="executor://nunit3testexecutor/" className="Dynatrace.OpenKit.Protocol.BeaconTest" name="SessionIDIsAlwaysValue1OnDataCollectionLevel1" /></UnitTest><UnitTest name="DebugLogsAppropriateMessage" storage="c:\workspaces\openkit-dotnet\tests\openkit-dotnetcore-2.0.tests\bin\release\netcoreapp2.0\openkit-dotnetcore-2.0.tests.dll" id="a3c76983-7ceb-4d80-92f0-77f5be437e19"><Execution id="8e0e896b-11e9-49c9-8314-47818dc2dcff" /><TestMethod codeBase="C:\workspaces\openkit-dotnet\tests\openkit-dotnetcore-2.0.Tests\bin\Release\netcoreapp2.0\openkit-dotnetcore-2.0.Tests.dll" adapterTypeName="executor://nunit3testexecutor/" className="Dynatrace.OpenKit.Core.DefaultLoggerTest" name="DebugLogsAppropriateMessage" /></UnitTest><UnitTest name="AfterUpdatingTheBeaconConfigurationTheBeaconConfigurationIsSet" storage="c:\workspaces\openkit-dotnet\tests\openkit-dotnetcore-2.0.tests\bin\release\netcoreapp2.0\openkit-dotnetcore-2.0.tests.dll" id="2058a1dc-61b2-45af-a566-2729d6b33357"><Execution id="fe04d84e-f552-44e4-a607-57558a888172" /><TestMethod codeBase="C:\workspaces\openkit-dotnet\tests\openkit-dotnetcore-2.0.Tests\bin\Release\netcoreapp2.0\openkit-dotnetcore-2.0.Tests.dll" adapterTypeName="executor://nunit3testexecutor/" className="Dynatrace.OpenKit.Core.Communication.SessionWrapperTest" name="AfterUpdatingTheBeaconConfigurationTheBeaconConfigurationIsSet" /></UnitTest><UnitTest name="CanSetBeaconCacheUpperMemoryBoundaryForAppMon" storage="c:\workspaces\openkit-dotnet\tests\openkit-dotnetcore-2.0.tests\bin\release\netcoreapp2.0\openkit-dotnetcore-2.0.tests.dll" id="a7b968c8-21cc-4346-a65e-1ad2d731a153"><Execution id="ccfa38ad-b636-4ddc-9989-e67e96ada571" /><TestMethod codeBase="C:\workspaces\openkit-dotnet\tests\openkit-dotnetcore-2.0.Tests\bin\Release\netcoreapp2.0\openkit-dotnetcore-2.0.Tests.dll" adapterTypeName="executor://nunit3testexecutor/" className="Dynatrace.OpenKit.OpenKitBuilderTest" name="CanSetBeaconCacheUpperMemoryBoundaryForAppMon" /></UnitTest><UnitTest name="WhenBeaconConfigurationIsSetSendingIsDisallowedIfMultiplicityIsLessThanZero" storage="c:\workspaces\openkit-dotnet\tests\openkit-dotnetcore-2.0.tests\bin\release\netcoreapp2.0\openkit-dotnetcore-2.0.tests.dll" id="35f522be-cbb4-4d52-bcc5-1367c87d2586"><Execution id="6c0066b5-bf12-4e15-9c07-2b772afd0de4" /><TestMethod codeBase="C:\workspaces\openkit-dotnet\tests\openkit-dotnetcore-2.0.Tests\bin\Release\netcoreapp2.0\openkit-dotnetcore-2.0.Tests.dll" adapterTypeName="executor://nunit3testexecutor/" className="Dynatrace.OpenKit.Core.Communication.SessionWrapperTest" name="WhenBeaconConfigurationIsSetSendingIsDisallowedIfMultiplicityIsLessThanZero" /></UnitTest><UnitTest name="CanSetCrashReportingLevelForDynatrace" storage="c:\workspaces\openkit-dotnet\tests\openkit-dotnetcore-2.0.tests\bin\release\netcoreapp2.0\openkit-dotnetcore-2.0.tests.dll" id="e84e4d5d-cca8-4b37-a936-9597d97dd7de"><Execution id="d67810f8-6f8f-41e5-9f4e-2e2c6aab1d67" /><TestMethod codeBase="C:\workspaces\openkit-dotnet\tests\openkit-dotnetcore-2.0.Tests\bin\Release\netcoreapp2.0\openkit-dotnetcore-2.0.Tests.dll" adapterTypeName="executor://nunit3testexecutor/" className="Dynatrace.OpenKit.OpenKitBuilderTest" name="CanSetCrashReportingLevelForDynatrace" /></UnitTest><UnitTest name="ErrorLogsAppropriateMessage" storage="c:\workspaces\openkit-dotnet\tests\openkit-dotnetcore-2.0.tests\bin\release\netcoreapp2.0\openkit-dotnetcore-2.0.tests.dll" id="ee778ab4-942b-455e-a1e3-4e7362004e5b"><Execution id="8a3935bc-ebd3-477a-ac73-ec1b0b8d69fd" /><TestMethod codeBase="C:\workspaces\openkit-dotnet\tests\openkit-dotnetcore-2.0.Tests\bin\Release\netcoreapp2.0\openkit-dotnetcore-2.0.Tests.dll" adapterTypeName="executor://nunit3testexecutor/" className="Dynatrace.OpenKit.Core.DefaultLoggerTest" name="ErrorLogsAppropriateMessage" /></UnitTest><UnitTest name="DisposingAnActionLeavesTheAction" storage="c:\workspaces\openkit-dotnet\tests\openkit-dotnetcore-2.0.tests\bin\release\netcoreapp2.0\openkit-dotnetcore-2.0.tests.dll" id="c8345113-d3a1-4381-ba0b-fdd6b3a328a3"><Execution id="43a7d7e5-9761-42a4-aa06-75dc8aadb2e2" /><TestMethod codeBase="C:\workspaces\openkit-dotnet\tests\openkit-dotnetcore-2.0.Tests\bin\Release\netcoreapp2.0\openkit-dotnetcore-2.0.Tests.dll" adapterTypeName="executor://nunit3testexecutor/" className="Dynatrace.OpenKit.Core.ActionTest" name="DisposingAnActionLeavesTheAction" /></UnitTest><UnitTest name="Data" storage="c:\workspaces\openkit-dotnet\tests\openkit-dotnetcore-2.0.tests\bin\release\netcoreapp2.0\openkit-dotnetcore-2.0.tests.dll" id="22994869-452b-421a-87dc-42bec2524c27"><Execution id="2bb92d43-eb8b-43c6-ae68-f7a4a659d6e1" /><TestMethod codeBase="C:\workspaces\openkit-dotnet\tests\openkit-dotnetcore-2.0.Tests\bin\Release\netcoreapp2.0\openkit-dotnetcore-2.0.Tests.dll" adapterTypeName="executor://nunit3testexecutor/" className="Dynatrace.OpenKit.Core.Caching.BeaconCacheRecordTest" name="Data" /></UnitTest><UnitTest name="EnterActionReturnsNullActionIfAlreadyLeft" storage="c:\workspaces\openkit-dotnet\tests\openkit-dotnetcore-2.0.tests\bin\release\netcoreapp2.0\openkit-dotnetcore-2.0.tests.dll" id="b8077028-8351-4d3e-94f6-80e39bca643c"><Execution id="ad0e712f-0ec3-4a75-a133-b21a3ccb0aa8" /><TestMethod codeBase="C:\workspaces\openkit-dotnet\tests\openkit-dotnetcore-2.0.Tests\bin\Release\netcoreapp2.0\openkit-dotnetcore-2.0.Tests.dll" adapterTypeName="executor://nunit3testexecutor/" className="Dynatrace.OpenKit.Core.RootActionTest" name="EnterActionReturnsNullActionIfAlreadyLeft" /></UnitTest><UnitTest name="AddActionDataRaisesEvent" storage="c:\workspaces\openkit-dotnet\tests\openkit-dotnetcore-2.0.tests\bin\release\netcoreapp2.0\openkit-dotnetcore-2.0.tests.dll" id="d3610e06-3f77-42de-bb21-c8be8376f7bc"><Execution id="beed761f-1ae1-4e1f-87b6-63719148861d" /><TestMethod codeBase="C:\workspaces\openkit-dotnet\tests\openkit-dotnetcore-2.0.Tests\bin\Release\netcoreapp2.0\openkit-dotnetcore-2.0.Tests.dll" adapterTypeName="executor://nunit3testexecutor/" className="Dynatrace.OpenKit.Core.Caching.BeaconCacheTest" name="AddActionDataRaisesEvent" /></UnitTest><UnitTest name="IpV6AddressHexCompressedIsInvalidTwoCompressedBlocks" storage="c:\workspaces\openkit-dotnet\tests\openkit-dotnetcore-2.0.tests\bin\release\netcoreapp2.0\openkit-dotnetcore-2.0.tests.dll" id="26a41392-63cb-4196-8138-326b153f4f0e"><Execution id="eac95f5d-9920-49d3-942a-86d08183da1b" /><TestMethod codeBase="C:\workspaces\openkit-dotnet\tests\openkit-dotnetcore-2.0.Tests\bin\Release\netcoreapp2.0\openkit-dotnetcore-2.0.Tests.dll" adapterTypeName="executor://nunit3testexecutor/" className="Dynatrace.OpenKit.Core.Util.InetAddressValidatorTest" name="IpV6AddressHexCompressedIsInvalidTwoCompressedBlocks" /></UnitTest><UnitTest name="CanSetLogger" storage="c:\workspaces\openkit-dotnet\tests\openkit-dotnetcore-2.0.tests\bin\release\netcoreapp2.0\openkit-dotnetcore-2.0.tests.dll" id="16fcf18b-35c2-4f27-968f-5ff2ab3e6b37"><Execution id="35f18bcd-13d6-418a-a628-689dfa5eac3e" /><TestMethod codeBase="C:\workspaces\openkit-dotnet\tests\openkit-dotnetcore-2.0.Tests\bin\Release\netcoreapp2.0\openkit-dotnetcore-2.0.Tests.dll" adapterTypeName="executor://nunit3testexecutor/" className="Dynatrace.OpenKit.OpenKitBuilderTest" name="CanSetLogger" /></UnitTest><UnitTest name="EnterActionReturnsNewChildAction" storage="c:\workspaces\openkit-dotnet\tests\openkit-dotnetcore-2.0.tests\bin\release\netcoreapp2.0\openkit-dotnetcore-2.0.tests.dll" id="45403b39-7731-4085-ad2f-825c5b1b51e1"><Execution id="a9d455cb-270f-42b5-a9f6-025bd5b50cd2" /><TestMethod codeBase="C:\workspaces\openkit-dotnet\tests\openkit-dotnetcore-2.0.Tests\bin\Release\netcoreapp2.0\openkit-dotnetcore-2.0.Tests.dll" adapterTypeName="executor://nunit3testexecutor/" className="Dynatrace.OpenKit.Core.RootActionTest" name="EnterActionReturnsNewChildAction" /></UnitTest><UnitTest name="IpV6AddressMixedNotationIsValidStartingWithDoubleColon" storage="c:\workspaces\openkit-dotnet\tests\openkit-dotnetcore-2.0.tests\bin\release\netcoreapp2.0\openkit-dotnetcore-2.0.tests.dll" id="e61f562e-b858-45d5-a2f5-39a6a38b130e"><Execution id="7a37f0c4-b18b-4211-a1b3-665b6c12b416" /><TestMethod codeBase="C:\workspaces\openkit-dotnet\tests\openkit-dotnetcore-2.0.Tests\bin\Release\netcoreapp2.0\openkit-dotnetcore-2.0.Tests.dll" adapterTypeName="executor://nunit3testexecutor/" className="Dynatrace.OpenKit.Core.Util.InetAddressValidatorTest" name="IpV6AddressMixedNotationIsValidStartingWithDoubleColon" /></UnitTest><UnitTest name="SessionStartIsReportedForDataCollectionLevel1" storage="c:\workspaces\openkit-dotnet\tests\openkit-dotnetcore-2.0.tests\bin\release\netcoreapp2.0\openkit-dotnetcore-2.0.tests.dll" id="3e0e3c2b-9879-444d-bdb1-c48671d263a3"><Execution id="17c78f3e-2476-40b0-b465-6da2c2b51c62" /><TestMethod codeBase="C:\workspaces\openkit-dotnet\tests\openkit-dotnetcore-2.0.Tests\bin\Release\netcoreapp2.0\openkit-dotnetcore-2.0.Tests.dll" adapterTypeName="executor://nunit3testexecutor/" className="Dynatrace.OpenKit.Protocol.BeaconTest" name="SessionStartIsReportedForDataCollectionLevel1" /></UnitTest><UnitTest name="ReportIntValueDoesNothingIfActionIsLeft" storage="c:\workspaces\openkit-dotnet\tests\openkit-dotnetcore-2.0.tests\bin\release\netcoreapp2.0\openkit-dotnetcore-2.0.tests.dll" id="a1f47748-0640-4231-86a1-8db78466519e"><Execution id="a47f4490-c640-4567-b296-544f79eab6cb" /><TestMethod codeBase="C:\workspaces\openkit-dotnet\tests\openkit-dotnetcore-2.0.Tests\bin\Release\netcoreapp2.0\openkit-dotnetcore-2.0.Tests.dll" adapterTypeName="executor://nunit3testexecutor/" className="Dynatrace.OpenKit.Core.ActionTest" name="ReportIntValueDoesNothingIfActionIsLeft" /></UnitTest><UnitTest name="StateTransitionToCaptureOffIsMadeIfTooManyRequestsResponseIsReceived" storage="c:\workspaces\openkit-dotnet\tests\openkit-dotnetcore-2.0.tests\bin\release\netcoreapp2.0\openkit-dotnetcore-2.0.tests.dll" id="49e68984-159a-4b94-8785-aeaffd62aa67"><Execution id="faed58b2-cff1-4f03-b9b3-f2eac2a41f54" /><TestMethod codeBase="C:\workspaces\openkit-dotnet\tests\openkit-dotnetcore-2.0.Tests\bin\Release\netcoreapp2.0\openkit-dotnetcore-2.0.Tests.dll" adapterTypeName="executor://nunit3testexecutor/" className="Dynatrace.OpenKit.Core.Communication.BeaconSendingTimeSyncStateTest" name="StateTransitionToCaptureOffIsMadeIfTooManyRequestsResponseIsReceived" /></UnitTest><UnitTest name="IsShutdownRequestedIsSetCorrectly" storage="c:\workspaces\openkit-dotnet\tests\openkit-dotnetcore-2.0.tests\bin\release\netcoreapp2.0\openkit-dotnetcore-2.0.tests.dll" id="88f18a51-b793-4fb5-8739-07b0dc4d02cf"><Execution id="ef22555b-ea13-4e2a-97a4-5b5de260cf97" /><TestMethod codeBase="C:\workspaces\openkit-dotnet\tests\openkit-dotnetcore-2.0.Tests\bin\Release\netcoreapp2.0\openkit-dotnetcore-2.0.Tests.dll" adapterTypeName="executor://nunit3testexecutor/" className="Dynatrace.OpenKit.Core.Communication.BeaconSendingContextTest" name="IsShutdownRequestedIsSetCorrectly" /></UnitTest><UnitTest name="TraceWebRequestGivesNullWebRequestTracerIfUrlHasAnInvalidScheme" storage="c:\workspaces\openkit-dotnet\tests\openkit-dotnetcore-2.0.tests\bin\release\netcoreapp2.0\openkit-dotnetcore-2.0.tests.dll" id="7d83b7a5-bdd3-47df-bca6-402945fe60ca"><Execution id="c819954b-ff25-46a1-b8da-1ee1d1f9b783" /><TestMethod codeBase="C:\workspaces\openkit-dotnet\tests\openkit-dotnetcore-2.0.Tests\bin\Release\netcoreapp2.0\openkit-dotnetcore-2.0.Tests.dll" adapterTypeName="executor://nunit3testexecutor/" className="Dynatrace.OpenKit.Core.SessionTest" name="TraceWebRequestGivesNullWebRequestTracerIfUrlHasAnInvalidScheme" /></UnitTest><UnitTest name="IntValueReportedForDataCollectionLevel2" storage="c:\workspaces\openkit-dotnet\tests\openkit-dotnetcore-2.0.tests\bin\release\netcoreapp2.0\openkit-dotnetcore-2.0.tests.dll" id="ff2d58ee-a6e3-415a-ae29-cc07e35ade28"><Execution id="af37bc23-9105-4ceb-8964-820782563b8a" /><TestMethod codeBase="C:\workspaces\openkit-dotnet\tests\openkit-dotnetcore-2.0.Tests\bin\Release\netcoreapp2.0\openkit-dotnetcore-2.0.Tests.dll" adapterTypeName="executor://nunit3testexecutor/" className="Dynatrace.OpenKit.Protocol.BeaconTest" name="IntValueReportedForDataCollectionLevel2" /></UnitTest><UnitTest name="CannotAddSentBytesWithInvalidValueSmallerZeroToWebRequestTracer" storage="c:\workspaces\openkit-dotnet\tests\openkit-dotnetcore-2.0.tests\bin\release\netcoreapp2.0\openkit-dotnetcore-2.0.tests.dll" id="8d29bfc8-6779-4922-90eb-cfec2626573c"><Execution id="9277606c-3e88-44a3-b437-15eb2c39b07a" /><TestMethod codeBase="C:\workspaces\openkit-dotnet\tests\openkit-dotnetcore-2.0.Tests\bin\Release\netcoreapp2.0\openkit-dotnetcore-2.0.Tests.dll" adapterTypeName="executor://nunit3testexecutor/" className="Dynatrace.OpenKit.Protocol.BeaconTest" name="CannotAddSentBytesWithInvalidValueSmallerZeroToWebRequestTracer" /></UnitTest><UnitTest name="EnterActionReturnsNullActionIfActionNameIsAnEmptyString" storage="c:\workspaces\openkit-dotnet\tests\openkit-dotnetcore-2.0.tests\bin\release\netcoreapp2.0\openkit-dotnetcore-2.0.tests.dll" id="8b81917d-119b-40c6-a095-ca3ae9aa27e8"><Execution id="a40f23ab-ab51-4181-9602-080a76d45a84" /><TestMethod codeBase="C:\workspaces\openkit-dotnet\tests\openkit-dotnetcore-2.0.Tests\bin\Release\netcoreapp2.0\openkit-dotnetcore-2.0.Tests.dll" adapterTypeName="executor://nunit3testexecutor/" className="Dynatrace.OpenKit.Core.RootActionTest" name="EnterActionReturnsNullActionIfActionNameIsAnEmptyString" /></UnitTest><UnitTest name="TwoEqualInstancesHaveSameHashCode" storage="c:\workspaces\openkit-dotnet\tests\openkit-dotnetcore-2.0.tests\bin\release\netcoreapp2.0\openkit-dotnetcore-2.0.tests.dll" id="4f4d7944-2a97-4de4-804b-ff522e874771"><Execution id="bafc3beb-2c39-4cad-b4ef-e8dc35f75544" /><TestMethod codeBase="C:\workspaces\openkit-dotnet\tests\openkit-dotnetcore-2.0.Tests\bin\Release\netcoreapp2.0\openkit-dotnetcore-2.0.Tests.dll" adapterTypeName="executor://nunit3testexecutor/" className="Dynatrace.OpenKit.Core.Caching.BeaconCacheRecordTest" name="TwoEqualInstancesHaveSameHashCode" /></UnitTest><UnitTest name="IpV4AddressIsValidAllZero" storage="c:\workspaces\openkit-dotnet\tests\openkit-dotnetcore-2.0.tests\bin\release\netcoreapp2.0\openkit-dotnetcore-2.0.tests.dll" id="f3c1ea27-6b2e-45dc-82a4-2de7f278ce6d"><Execution id="ee24a011-5ffd-459f-b517-97c2523dba6c" /><TestMethod codeBase="C:\workspaces\openkit-dotnet\tests\openkit-dotnetcore-2.0.Tests\bin\Release\netcoreapp2.0\openkit-dotnetcore-2.0.Tests.dll" adapterTypeName="executor://nunit3testexecutor/" className="Dynatrace.OpenKit.Core.Util.InetAddressValidatorTest" name="IpV4AddressIsValidAllZero" /></UnitTest><UnitTest name="WhenBeaconConfigurationIsNotSetSendingIsNotAllowed" storage="c:\workspaces\openkit-dotnet\tests\openkit-dotnetcore-2.0.tests\bin\release\netcoreapp2.0\openkit-dotnetcore-2.0.tests.dll" id="3371da66-089d-4c50-aa52-761c800ff24b"><Execution id="89b6ed07-d752-473c-9a5e-e664a8b7ea0e" /><TestMethod codeBase="C:\workspaces\openkit-dotnet\tests\openkit-dotnetcore-2.0.Tests\bin\Release\netcoreapp2.0\openkit-dotnetcore-2.0.Tests.dll" adapterTypeName="executor://nunit3testexecutor/" className="Dynatrace.OpenKit.Core.Communication.SessionWrapperTest" name="WhenBeaconConfigurationIsNotSetSendingIsNotAllowed" /></UnitTest><UnitTest name="DefaultsAreSetForDynatrace" storage="c:\workspaces\openkit-dotnet\tests\openkit-dotnetcore-2.0.tests\bin\release\netcoreapp2.0\openkit-dotnetcore-2.0.tests.dll" id="f12eeaa0-2145-46d7-a362-9da076bf3983"><Execution id="c128baab-0f82-4b0e-b2db-967aeab1b7bf" /><TestMethod codeBase="C:\workspaces\openkit-dotnet\tests\openkit-dotnetcore-2.0.Tests\bin\Release\netcoreapp2.0\openkit-dotnetcore-2.0.Tests.dll" adapterTypeName="executor://nunit3testexecutor/" className="Dynatrace.OpenKit.OpenKitBuilderTest" name="DefaultsAreSetForDynatrace" /></UnitTest><UnitTest name="RemoveOldestRecordsComparesTopActionAndEventDataAndRemovesOldest" storage="c:\workspaces\openkit-dotnet\tests\openkit-dotnetcore-2.0.tests\bin\release\netcoreapp2.0\openkit-dotnetcore-2.0.tests.dll" id="00a48112-cc0e-4fbc-9fb5-22e3ee7564ed"><Execution id="75ec0bd0-2232-4be1-b8fe-41f3ae691364" /><TestMethod codeBase="C:\workspaces\openkit-dotnet\tests\openkit-dotnetcore-2.0.Tests\bin\Release\netcoreapp2.0\openkit-dotnetcore-2.0.Tests.dll" adapterTypeName="executor://nunit3testexecutor/" className="Dynatrace.OpenKit.Core.Caching.BeaconCacheEntryTest" name="RemoveOldestRecordsComparesTopActionAndEventDataAndRemovesOldest" /></UnitTest><UnitTest name="LeavingAnActionReturnsTheParentAction" storage="c:\workspaces\openkit-dotnet\tests\openkit-dotnetcore-2.0.tests\bin\release\netcoreapp2.0\openkit-dotnetcore-2.0.tests.dll" id="95b9ea14-fdc0-4896-9e75-58d672fc7e5a"><Execution id="0d7624ce-56bb-4739-a791-591565ce9416" /><TestMethod codeBase="C:\workspaces\openkit-dotnet\tests\openkit-dotnetcore-2.0.Tests\bin\Release\netcoreapp2.0\openkit-dotnetcore-2.0.Tests.dll" adapterTypeName="executor://nunit3testexecutor/" className="Dynatrace.OpenKit.Core.ActionTest" name="LeavingAnActionReturnsTheParentAction" /></UnitTest><UnitTest name="ReportStringValue" storage="c:\workspaces\openkit-dotnet\tests\openkit-dotnetcore-2.0.tests\bin\release\netcoreapp2.0\openkit-dotnetcore-2.0.tests.dll" id="77a43f9a-4f22-4d45-9707-c8bf28ffb891"><Execution id="cb43f978-1251-4253-9101-25d416cfa2a3" /><TestMethod codeBase="C:\workspaces\openkit-dotnet\tests\openkit-dotnetcore-2.0.Tests\bin\Release\netcoreapp2.0\openkit-dotnetcore-2.0.Tests.dll" adapterTypeName="executor://nunit3testexecutor/" className="Dynatrace.OpenKit.Core.ActionTest" name="ReportStringValue" /></UnitTest><UnitTest name="ParsingMultiplictyWorks" storage="c:\workspaces\openkit-dotnet\tests\openkit-dotnetcore-2.0.tests\bin\release\netcoreapp2.0\openkit-dotnetcore-2.0.tests.dll" id="1905ce7c-3d70-4e7a-a4d6-64ae69806aa6"><Execution id="ef3b9378-e050-4bfc-8f94-1650d8194da7" /><TestMethod codeBase="C:\workspaces\openkit-dotnet\tests\openkit-dotnetcore-2.0.Tests\bin\Release\netcoreapp2.0\openkit-dotnetcore-2.0.Tests.dll" adapterTypeName="executor://nunit3testexecutor/" className="Dynatrace.OpenKit.Protocol.StatusResponseTest" name="ParsingMultiplictyWorks" /></UnitTest><UnitTest name="ByDefaultTheSessionIsNotFinished" storage="c:\workspaces\openkit-dotnet\tests\openkit-dotnetcore-2.0.tests\bin\release\netcoreapp2.0\openkit-dotnetcore-2.0.tests.dll" id="ffdd8920-97bb-4c56-9fbb-e63ab611d089"><Execution id="d0e189ca-a820-4a65-b708-7b2c648d9813" /><TestMethod codeBase="C:\workspaces\openkit-dotnet\tests\openkit-dotnetcore-2.0.Tests\bin\Release\netcoreapp2.0\openkit-dotnetcore-2.0.Tests.dll" adapterTypeName="executor://nunit3testexecutor/" className="Dynatrace.OpenKit.Core.Communication.SessionWrapperTest" name="ByDefaultTheSessionIsNotFinished" /></UnitTest><UnitTest name="OpenSessionsAreNotSentIfSendIntervalIsNotExceeded" storage="c:\workspaces\openkit-dotnet\tests\openkit-dotnetcore-2.0.tests\bin\release\netcoreapp2.0\openkit-dotnetcore-2.0.tests.dll" id="d17441ad-6ea2-4a1c-9785-ae2e79c52f08"><Execution id="49cddfcf-8d75-40bc-9fdc-1c1ed402cc74" /><TestMethod codeBase="C:\workspaces\openkit-dotnet\tests\openkit-dotnetcore-2.0.Tests\bin\Release\netcoreapp2.0\openkit-dotnetcore-2.0.Tests.dll" adapterTypeName="executor://nunit3testexecutor/" className="Dynatrace.OpenKit.Core.Communication.BeaconSendingCaptureOnStateTest" name="OpenSessionsAreNotSentIfSendIntervalIsNotExceeded" /></UnitTest><UnitTest name="ResetChunkedRaisesEvent" storage="c:\workspaces\openkit-dotnet\tests\openkit-dotnetcore-2.0.tests\bin\release\netcoreapp2.0\openkit-dotnetcore-2.0.tests.dll" id="82436dcd-c103-4cb0-b064-51c1531dbbb6"><Execution id="ce676fca-aecd-455a-9cd0-323593634a0a" /><TestMethod codeBase="C:\workspaces\openkit-dotnet\tests\openkit-dotnetcore-2.0.Tests\bin\Release\netcoreapp2.0\openkit-dotnetcore-2.0.Tests.dll" adapterTypeName="executor://nunit3testexecutor/" className="Dynatrace.OpenKit.Core.Caching.BeaconCacheTest" name="ResetChunkedRaisesEvent" /></UnitTest><UnitTest name="RemoveChunkedDataClearsAlreadyRetrievedChunks" storage="c:\workspaces\openkit-dotnet\tests\openkit-dotnetcore-2.0.tests\bin\release\netcoreapp2.0\openkit-dotnetcore-2.0.tests.dll" id="48e49df3-5673-4874-8053-a90667bba7b8"><Execution id="fc654818-49e6-4afc-ac90-281d74f73d58" /><TestMethod codeBase="C:\workspaces\openkit-dotnet\tests\openkit-dotnetcore-2.0.Tests\bin\Release\netcoreapp2.0\openkit-dotnetcore-2.0.Tests.dll" adapterTypeName="executor://nunit3testexecutor/" className="Dynatrace.OpenKit.Core.Caching.BeaconCacheTest" name="RemoveChunkedDataClearsAlreadyRetrievedChunks" /></UnitTest><UnitTest name="ReportCrash" storage="c:\workspaces\openkit-dotnet\tests\openkit-dotnetcore-2.0.tests\bin\release\netcoreapp2.0\openkit-dotnetcore-2.0.tests.dll" id="2387d00f-0b14-4373-9bd0-a1332248c1f3"><Execution id="4ed1fec0-0068-4525-b30c-f2ce687ab588" /><TestMethod codeBase="C:\workspaces\openkit-dotnet\tests\openkit-dotnetcore-2.0.Tests\bin\Release\netcoreapp2.0\openkit-dotnetcore-2.0.Tests.dll" adapterTypeName="executor://nunit3testexecutor/" className="Dynatrace.OpenKit.Core.SessionTest" name="ReportCrash" /></UnitTest><UnitTest name="ConsecutiveCallsToNextSessionNumberIncrementTheSessionID" storage="c:\workspaces\openkit-dotnet\tests\openkit-dotnetcore-2.0.tests\bin\release\netcoreapp2.0\openkit-dotnetcore-2.0.tests.dll" id="4a8f59da-34cc-46b9-b0e3-68e3b24dc8a6"><Execution id="72d5a9fb-3352-44da-923b-fd0365055575" /><TestMethod codeBase="C:\workspaces\openkit-dotnet\tests\openkit-dotnetcore-2.0.Tests\bin\Release\netcoreapp2.0\openkit-dotnetcore-2.0.Tests.dll" adapterTypeName="executor://nunit3testexecutor/" className="Dynatrace.OpenKit.Core.Configuration.OpenKitConfigurationTest" name="ConsecutiveCallsToNextSessionNumberIncrementTheSessionID" /></UnitTest><UnitTest name="ReceivingTooManyRequestsResponseUsesSleepTimeFromResponse" storage="c:\workspaces\openkit-dotnet\tests\openkit-dotnetcore-2.0.tests\bin\release\netcoreapp2.0\openkit-dotnetcore-2.0.tests.dll" id="8aacb1a7-c912-48f8-acd0-2f416b93eacd"><Execution id="5eb4b677-acfb-44f2-892c-181da431536a" /><TestMethod codeBase="C:\workspaces\openkit-dotnet\tests\openkit-dotnetcore-2.0.Tests\bin\Release\netcoreapp2.0\openkit-dotnetcore-2.0.Tests.dll" adapterTypeName="executor://nunit3testexecutor/" className="Dynatrace.OpenKit.Core.Communication.BeaconSendingInitStateTest" name="ReceivingTooManyRequestsResponseUsesSleepTimeFromResponse" /></UnitTest><UnitTest name="ReportIntValueDoesNothingIfValueNameIsAnEmptyString" storage="c:\workspaces\openkit-dotnet\tests\openkit-dotnetcore-2.0.tests\bin\release\netcoreapp2.0\openkit-dotnetcore-2.0.tests.dll" id="e7175019-95b6-4aef-892d-a283554876f4"><Execution id="764e552f-f4eb-475c-84af-22a1d77a06ae" /><TestMethod codeBase="C:\workspaces\openkit-dotnet\tests\openkit-dotnetcore-2.0.Tests\bin\Release\netcoreapp2.0\openkit-dotnetcore-2.0.Tests.dll" adapterTypeName="executor://nunit3testexecutor/" className="Dynatrace.OpenKit.Core.ActionTest" name="ReportIntValueDoesNothingIfValueNameIsAnEmptyString" /></UnitTest><UnitTest name="ANewlyCreatedActionHasAnID" storage="c:\workspaces\openkit-dotnet\tests\openkit-dotnetcore-2.0.tests\bin\release\netcoreapp2.0\openkit-dotnetcore-2.0.tests.dll" id="edfb5ef2-f707-4809-b707-dd02f70fde8e"><Execution id="1874b7fe-8546-4066-a4a8-76cc4694fc95" /><TestMethod codeBase="C:\workspaces\openkit-dotnet\tests\openkit-dotnetcore-2.0.Tests\bin\Release\netcoreapp2.0\openkit-dotnetcore-2.0.Tests.dll" adapterTypeName="executor://nunit3testexecutor/" className="Dynatrace.OpenKit.Core.ActionTest" name="ANewlyCreatedActionHasAnID" /></UnitTest><UnitTest name="TraceWebRequestGivesNullWebRequestTracerIfUrlIsNull" storage="c:\workspaces\openkit-dotnet\tests\openkit-dotnetcore-2.0.tests\bin\release\netcoreapp2.0\openkit-dotnetcore-2.0.tests.dll" id="5a0f8663-5210-4b52-9c37-7f7e8e3d3985"><Execution id="028f7a57-bad9-4a24-ab94-9a8ff63a9a15" /><TestMethod codeBase="C:\workspaces\openkit-dotnet\tests\openkit-dotnetcore-2.0.Tests\bin\Release\netcoreapp2.0\openkit-dotnetcore-2.0.Tests.dll" adapterTypeName="executor://nunit3testexecutor/" className="Dynatrace.OpenKit.Core.SessionTest" name="TraceWebRequestGivesNullWebRequestTracerIfUrlIsNull" /></UnitTest><UnitTest name="ABeaconSendingCaptureOffStateWaitsForGivenTime" storage="c:\workspaces\openkit-dotnet\tests\openkit-dotnetcore-2.0.tests\bin\release\netcoreapp2.0\openkit-dotnetcore-2.0.tests.dll" id="b9c1b82e-5b49-450e-83d5-f72f92c5a56d"><Execution id="478eab1a-4f85-4f77-a4a6-793a96006eb4" /><TestMethod codeBase="C:\workspaces\openkit-dotnet\tests\openkit-dotnetcore-2.0.Tests\bin\Release\netcoreapp2.0\openkit-dotnetcore-2.0.Tests.dll" adapterTypeName="executor://nunit3testexecutor/" className="Dynatrace.OpenKit.Core.Communication.BeaconSendingCaptureOffStateTest" name="ABeaconSendingCaptureOffStateWaitsForGivenTime" /></UnitTest><UnitTest name="IpV6AddressHexCompressedIsValidBlock2" storage="c:\workspaces\openkit-dotnet\tests\openkit-dotnetcore-2.0.tests\bin\release\netcoreapp2.0\openkit-dotnetcore-2.0.tests.dll" id="8aaff4ed-90b0-4004-b845-4bcc6c99d5d0"><Execution id="6fe098bc-e179-4561-92c6-027b225ef97d" /><TestMethod codeBase="C:\workspaces\openkit-dotnet\tests\openkit-dotnetcore-2.0.Tests\bin\Release\netcoreapp2.0\openkit-dotnetcore-2.0.Tests.dll" adapterTypeName="executor://nunit3testexecutor/" className="Dynatrace.OpenKit.Core.Util.InetAddressValidatorTest" name="IpV6AddressHexCompressedIsValidBlock2" /></UnitTest><UnitTest name="DisposingAWebRequestTracerStopsIt" storage="c:\workspaces\openkit-dotnet\tests\openkit-dotnetcore-2.0.tests\bin\release\netcoreapp2.0\openkit-dotnetcore-2.0.tests.dll" id="a10e28d1-b0da-4eec-a122-79e43af4126b"><Execution id="6a536c63-7dba-4f81-8ac7-1c180ff03fbd" /><TestMethod codeBase="C:\workspaces\openkit-dotnet\tests\openkit-dotnetcore-2.0.Tests\bin\Release\netcoreapp2.0\openkit-dotnetcore-2.0.Tests.dll" adapterTypeName="executor://nunit3testexecutor/" className="Dynatrace.OpenKit.Core.WebRequestTracerBaseTest" name="DisposingAWebRequestTracerStopsIt" /></UnitTest><UnitTest name="EndingASessionEndsOpenRootActionsFirst" storage="c:\workspaces\openkit-dotnet\tests\openkit-dotnetcore-2.0.tests\bin\release\netcoreapp2.0\openkit-dotnetcore-2.0.tests.dll" id="9ce0ad14-7c94-4a84-8a25-2d14d5db2b8e"><Execution id="0698ba83-1047-4059-8e4a-4192eb5865dc" /><TestMethod codeBase="C:\workspaces\openkit-dotnet\tests\openkit-dotnetcore-2.0.Tests\bin\Release\netcoreapp2.0\openkit-dotnetcore-2.0.Tests.dll" adapterTypeName="executor://nunit3testexecutor/" className="Dynatrace.OpenKit.Core.SessionTest" name="EndingASessionEndsOpenRootActionsFirst" /></UnitTest><UnitTest name="PassingEmptyResponseStringDoesNotThrow" storage="c:\workspaces\openkit-dotnet\tests\openkit-dotnetcore-2.0.tests\bin\release\netcoreapp2.0\openkit-dotnetcore-2.0.tests.dll" id="2afac242-a231-4fb8-a566-6dc8e7bde25a"><Execution id="fda0dcf6-1246-4270-a929-b84dd8986e08" /><TestMethod codeBase="C:\workspaces\openkit-dotnet\tests\openkit-dotnetcore-2.0.Tests\bin\Release\netcoreapp2.0\openkit-dotnetcore-2.0.Tests.dll" adapterTypeName="executor://nunit3testexecutor/" className="Dynatrace.OpenKit.Protocol.TimeSyncResponseTest" name="PassingEmptyResponseStringDoesNotThrow" /></UnitTest><UnitTest name="ReportErrorDoesNotReportOnDataCollectionLevel0" storage="c:\workspaces\openkit-dotnet\tests\openkit-dotnetcore-2.0.tests\bin\release\netcoreapp2.0\openkit-dotnetcore-2.0.tests.dll" id="b5457a4e-6f3f-42f9-a447-4918ac0256dd"><Execution id="9cf4dd6b-5d3c-4693-84e5-c1f88b712e34" /><TestMethod codeBase="C:\workspaces\openkit-dotnet\tests\openkit-dotnetcore-2.0.Tests\bin\Release\netcoreapp2.0\openkit-dotnetcore-2.0.Tests.dll" adapterTypeName="executor://nunit3testexecutor/" className="Dynatrace.OpenKit.Protocol.BeaconTest" name="ReportErrorDoesNotReportOnDataCollectionLevel0" /></UnitTest><UnitTest name="LeavingAnActionSetsTheEndSequenceNumber" storage="c:\workspaces\openkit-dotnet\tests\openkit-dotnetcore-2.0.tests\bin\release\netcoreapp2.0\openkit-dotnetcore-2.0.tests.dll" id="731e755f-dfab-43e5-ba87-526e3d145d62"><Execution id="2d42d464-09cb-4c05-abf0-ec58d037826b" /><TestMethod codeBase="C:\workspaces\openkit-dotnet\tests\openkit-dotnetcore-2.0.Tests\bin\Release\netcoreapp2.0\openkit-dotnetcore-2.0.Tests.dll" adapterTypeName="executor://nunit3testexecutor/" className="Dynatrace.OpenKit.Core.ActionTest" name="LeavingAnActionSetsTheEndSequenceNumber" /></UnitTest><UnitTest name="LeavingAnActionRemovesItselfFromListPassedInCtor" storage="c:\workspaces\openkit-dotnet\tests\openkit-dotnetcore-2.0.tests\bin\release\netcoreapp2.0\openkit-dotnetcore-2.0.tests.dll" id="9e640982-7608-42a3-8c89-0125a07f4ba9"><Execution id="134fdb79-aad1-40e8-9a2e-adba2f12ee3f" /><TestMethod codeBase="C:\workspaces\openkit-dotnet\tests\openkit-dotnetcore-2.0.Tests\bin\Release\netcoreapp2.0\openkit-dotnetcore-2.0.Tests.dll" adapterTypeName="executor://nunit3testexecutor/" className="Dynatrace.OpenKit.Core.ActionTest" name="LeavingAnActionRemovesItselfFromListPassedInCtor" /></UnitTest><UnitTest name="CanSetBeaconCacheLowerMemoryBoundaryForAppMon" storage="c:\workspaces\openkit-dotnet\tests\openkit-dotnetcore-2.0.tests\bin\release\netcoreapp2.0\openkit-dotnetcore-2.0.tests.dll" id="bb7fb059-3e1f-422b-a67a-a334c63f4d63"><Execution id="2c14e724-07e9-4bd9-aedb-1d8b434c0533" /><TestMethod codeBase="C:\workspaces\openkit-dotnet\tests\openkit-dotnetcore-2.0.Tests\bin\Release\netcoreapp2.0\openkit-dotnetcore-2.0.Tests.dll" adapterTypeName="executor://nunit3testexecutor/" className="Dynatrace.OpenKit.OpenKitBuilderTest" name="CanSetBeaconCacheLowerMemoryBoundaryForAppMon" /></UnitTest><UnitTest name="IpV6AddressMixedNotationInvalid_Compressed3Colon" storage="c:\workspaces\openkit-dotnet\tests\openkit-dotnetcore-2.0.tests\bin\release\netcoreapp2.0\openkit-dotnetcore-2.0.tests.dll" id="d4a9a855-5d86-46be-bd8a-0303a6bc2015"><Execution id="817e46c6-5ede-4f09-9e24-424f32ffc1af" /><TestMethod codeBase="C:\workspaces\openkit-dotnet\tests\openkit-dotnetcore-2.0.Tests\bin\Release\netcoreapp2.0\openkit-dotnetcore-2.0.Tests.dll" adapterTypeName="executor://nunit3testexecutor/" className="Dynatrace.OpenKit.Core.Util.InetAddressValidatorTest" name="IpV6AddressMixedNotationInvalid_Compressed3Colon" /></UnitTest><UnitTest name="IsSuccessfulResponseReturnsFalseIfResponseIsNull" storage="c:\workspaces\openkit-dotnet\tests\openkit-dotnetcore-2.0.tests\bin\release\netcoreapp2.0\openkit-dotnetcore-2.0.tests.dll" id="0303db6d-506c-4646-b339-2811c9480b66"><Execution id="4984e28d-6a7e-43d1-9ace-c7a2d1a471db" /><TestMethod codeBase="C:\workspaces\openkit-dotnet\tests\openkit-dotnetcore-2.0.Tests\bin\Release\netcoreapp2.0\openkit-dotnetcore-2.0.Tests.dll" adapterTypeName="executor://nunit3testexecutor/" className="Dynatrace.OpenKit.Core.Communication.BeaconSendingResponseUtilTest" name="IsSuccessfulResponseReturnsFalseIfResponseIsNull" /></UnitTest><UnitTest name="ReportDoubleValueDoesNothingIfValueNameIsNull" storage="c:\workspaces\openkit-dotnet\tests\openkit-dotnetcore-2.0.tests\bin\release\netcoreapp2.0\openkit-dotnetcore-2.0.tests.dll" id="486875aa-0ae2-4989-9731-d364afcb18d4"><Execution id="d4105473-ca65-4762-a8e7-804e37fb9c58" /><TestMethod codeBase="C:\workspaces\openkit-dotnet\tests\openkit-dotnetcore-2.0.Tests\bin\Release\netcoreapp2.0\openkit-dotnetcore-2.0.Tests.dll" adapterTypeName="executor://nunit3testexecutor/" className="Dynatrace.OpenKit.Core.ActionTest" name="ReportDoubleValueDoesNothingIfValueNameIsNull" /></UnitTest><UnitTest name="IsErroneousResponseGivesTrueForErrorCodeEqualTo400" storage="c:\workspaces\openkit-dotnet\tests\openkit-dotnetcore-2.0.tests\bin\release\netcoreapp2.0\openkit-dotnetcore-2.0.tests.dll" id="9c23dd58-5035-4f66-a5d8-ce8979f34bee"><Execution id="546cf38f-091a-4722-9951-24ffa17ddc46" /><TestMethod codeBase="C:\workspaces\openkit-dotnet\tests\openkit-dotnetcore-2.0.Tests\bin\Release\netcoreapp2.0\openkit-dotnetcore-2.0.Tests.dll" adapterTypeName="executor://nunit3testexecutor/" className="Dynatrace.OpenKit.Protocol.ResponseTest" name="IsErroneousResponseGivesTrueForErrorCodeEqualTo400" /></UnitTest><UnitTest name="aProviderInitializedWithMaxIntValueProvidesMinSessionIdValueAtNextCall" storage="c:\workspaces\openkit-dotnet\tests\openkit-dotnetcore-2.0.tests\bin\release\netcoreapp2.0\openkit-dotnetcore-2.0.tests.dll" id="8d2d5f31-6d26-4efb-a2a1-450c5aada6fc"><Execution id="546743af-b933-4835-85a0-3ecf7fc653d8" /><TestMethod codeBase="C:\workspaces\openkit-dotnet\tests\openkit-dotnetcore-2.0.Tests\bin\Release\netcoreapp2.0\openkit-dotnetcore-2.0.Tests.dll" adapterTypeName="executor://nunit3testexecutor/" className="Dynatrace.OpenKit.Providers.DefaultSessionIDProviderTest" name="aProviderInitializedWithMaxIntValueProvidesMinSessionIdValueAtNextCall" /></UnitTest><UnitTest name="AmpersandIsNotAValidKeyValueSeparator" storage="c:\workspaces\openkit-dotnet\tests\openkit-dotnetcore-2.0.tests\bin\release\netcoreapp2.0\openkit-dotnetcore-2.0.tests.dll" id="20c5cd92-5708-4d0a-ae66-23f7a1036680"><Execution id="52c5b70c-c6a7-4fde-946c-4ea79149e891" /><TestMethod codeBase="C:\workspaces\openkit-dotnet\tests\openkit-dotnetcore-2.0.Tests\bin\Release\netcoreapp2.0\openkit-dotnetcore-2.0.Tests.dll" adapterTypeName="executor://nunit3testexecutor/" className="Dynatrace.OpenKit.Protocol.StatusResponseTest" name="AmpersandIsNotAValidKeyValueSeparator" /></UnitTest><UnitTest name="SessionReportedForDataCollectionLevel1" storage="c:\workspaces\openkit-dotnet\tests\openkit-dotnetcore-2.0.tests\bin\release\netcoreapp2.0\openkit-dotnetcore-2.0.tests.dll" id="8e1825ef-967c-40e5-922d-37d0694bdc1d"><Execution id="4c5510a2-274d-4624-b887-48392d5b107a" /><TestMethod codeBase="C:\workspaces\openkit-dotnet\tests\openkit-dotnetcore-2.0.Tests\bin\Release\netcoreapp2.0\openkit-dotnetcore-2.0.Tests.dll" adapterTypeName="executor://nunit3testexecutor/" className="Dynatrace.OpenKit.Protocol.BeaconTest" name="SessionReportedForDataCollectionLevel1" /></UnitTest><UnitTest name="IpV4AddressIsValidHighestPossible" storage="c:\workspaces\openkit-dotnet\tests\openkit-dotnetcore-2.0.tests\bin\release\netcoreapp2.0\openkit-dotnetcore-2.0.tests.dll" id="e745bd0f-5756-4049-9ad6-b7fa2e772cec"><Execution id="27ad9500-345b-4e4a-ba3e-cfa1c90735e6" /><TestMethod codeBase="C:\workspaces\openkit-dotnet\tests\openkit-dotnetcore-2.0.Tests\bin\Release\netcoreapp2.0\openkit-dotnetcore-2.0.Tests.dll" adapterTypeName="executor://nunit3testexecutor/" className="Dynatrace.OpenKit.Core.Util.InetAddressValidatorTest" name="IpV4AddressIsValidHighestPossible" /></UnitTest><UnitTest name="ReportErrorDoesNothingIfErrorNameIsNull" storage="c:\workspaces\openkit-dotnet\tests\openkit-dotnetcore-2.0.tests\bin\release\netcoreapp2.0\openkit-dotnetcore-2.0.tests.dll" id="66a0bcec-3e36-4ac5-9cd5-46e13b402c7a"><Execution id="9b8e8155-13b7-453a-987f-087c43588ecb" /><TestMethod codeBase="C:\workspaces\openkit-dotnet\tests\openkit-dotnetcore-2.0.Tests\bin\Release\netcoreapp2.0\openkit-dotnetcore-2.0.Tests.dll" adapterTypeName="executor://nunit3testexecutor/" className="Dynatrace.OpenKit.Core.ActionTest" name="ReportErrorDoesNothingIfErrorNameIsNull" /></UnitTest><UnitTest name="SendStatusRequestWorksIfResponseIsNull" storage="c:\workspaces\openkit-dotnet\tests\openkit-dotnetcore-2.0.tests\bin\release\netcoreapp2.0\openkit-dotnetcore-2.0.tests.dll" id="5996926a-3a38-4cca-b6e1-a91110135b50"><Execution id="6f4667fd-d8d3-4bca-aae8-dbaf405d49de" /><TestMethod codeBase="C:\workspaces\openkit-dotnet\tests\openkit-dotnetcore-2.0.Tests\bin\Release\netcoreapp2.0\openkit-dotnetcore-2.0.Tests.dll" adapterTypeName="executor://nunit3testexecutor/" className="Dynatrace.OpenKit.Protocol.HTTPClientTest" name="SendStatusRequestWorksIfResponseIsNull" /></UnitTest><UnitTest name="TheStrategyIsDisabledIfCacheSizeLowerBoundIsEqualToZero" storage="c:\workspaces\openkit-dotnet\tests\openkit-dotnetcore-2.0.tests\bin\release\netcoreapp2.0\openkit-dotnetcore-2.0.tests.dll" id="e1e1e26d-f867-4358-a8d8-424598866fa9"><Execution id="13a11d5e-4413-4d10-a460-315acefad13e" /><TestMethod codeBase="C:\workspaces\openkit-dotnet\tests\openkit-dotnetcore-2.0.Tests\bin\Release\netcoreapp2.0\openkit-dotnetcore-2.0.Tests.dll" adapterTypeName="executor://nunit3testexecutor/" className="Dynatrace.OpenKit.Core.Caching.SpaceEvictionStrategyTest" name="TheStrategyIsDisabledIfCacheSizeLowerBoundIsEqualToZero" /></UnitTest><UnitTest name="UnsuccessfulFinishedSessionsAreNotRemovedFromCache" storage="c:\workspaces\openkit-dotnet\tests\openkit-dotnetcore-2.0.tests\bin\release\netcoreapp2.0\openkit-dotnetcore-2.0.tests.dll" id="86f7783c-ff0b-41e6-9adc-f988cee67f7e"><Execution id="87f4a1e8-9f77-462f-ae64-3ae566a5b037" /><TestMethod codeBase="C:\workspaces\openkit-dotnet\tests\openkit-dotnetcore-2.0.Tests\bin\Release\netcoreapp2.0\openkit-dotnetcore-2.0.Tests.dll" adapterTypeName="executor://nunit3testexecutor/" className="Dynatrace.OpenKit.Core.Communication.BeaconSendingCaptureOnStateTest" name="UnsuccessfulFinishedSessionsAreNotRemovedFromCache" /></UnitTest><UnitTest name="InitCompleteIsCalledForInitialRequestOnSuccess" storage="c:\workspaces\openkit-dotnet\tests\openkit-dotnetcore-2.0.tests\bin\release\netcoreapp2.0\openkit-dotnetcore-2.0.tests.dll" id="ebd4e97c-89b4-4c91-a3fe-79a3d2a34d8b"><Execution id="7449a777-d209-4f6e-8fda-dca5d44b2c99" /><TestMethod codeBase="C:\workspaces\openkit-dotnet\tests\openkit-dotnetcore-2.0.Tests\bin\Release\netcoreapp2.0\openkit-dotnetcore-2.0.Tests.dll" adapterTypeName="executor://nunit3testexecutor/" className="Dynatrace.OpenKit.Core.Communication.BeaconSendingTimeSyncStateTest" name="InitCompleteIsCalledForInitialRequestOnSuccess" /></UnitTest><UnitTest name="SendStatusRequestReturnsAnUnknownErrorResponseForUnparseableStatusResponse" storage="c:\workspaces\openkit-dotnet\tests\openkit-dotnetcore-2.0.tests\bin\release\netcoreapp2.0\openkit-dotnetcore-2.0.tests.dll" id="1ede4df2-dcf6-4657-96f1-73e14c43e636"><Execution id="68516b32-9d29-4d66-aa8a-f336f9ffc012" /><TestMethod codeBase="C:\workspaces\openkit-dotnet\tests\openkit-dotnetcore-2.0.Tests\bin\Release\netcoreapp2.0\openkit-dotnetcore-2.0.Tests.dll" adapterTypeName="executor://nunit3testexecutor/" className="Dynatrace.OpenKit.Protocol.HTTPClientTest" name="SendStatusRequestReturnsAnUnknownErrorResponseForUnparseableStatusResponse" /></UnitTest><UnitTest name="GetTag" storage="c:\workspaces\openkit-dotnet\tests\openkit-dotnetcore-2.0.tests\bin\release\netcoreapp2.0\openkit-dotnetcore-2.0.tests.dll" id="0f79e565-c487-499d-ad68-48edf7dbc56d"><Execution id="7aa5e47f-f312-4b6f-b984-cc5f2b11079d" /><TestMethod codeBase="C:\workspaces\openkit-dotnet\tests\openkit-dotnetcore-2.0.Tests\bin\Release\netcoreapp2.0\openkit-dotnetcore-2.0.Tests.dll" adapterTypeName="executor://nunit3testexecutor/" className="Dynatrace.OpenKit.Core.WebRequestTracerBaseTest" name="GetTag" /></UnitTest><UnitTest name="IsErroneousResponseGivesFalseForErrorCodeLessThan400" storage="c:\workspaces\openkit-dotnet\tests\openkit-dotnetcore-2.0.tests\bin\release\netcoreapp2.0\openkit-dotnetcore-2.0.tests.dll" id="bd62926c-1745-434a-a0a8-7dc423d764d9"><Execution id="1e2eb13e-a4e7-459a-ad7f-505503142b69" /><TestMethod codeBase="C:\workspaces\openkit-dotnet\tests\openkit-dotnetcore-2.0.Tests\bin\Release\netcoreapp2.0\openkit-dotnetcore-2.0.Tests.dll" adapterTypeName="executor://nunit3testexecutor/" className="Dynatrace.OpenKit.Protocol.ResponseTest" name="IsErroneousResponseGivesFalseForErrorCodeLessThan400" /></UnitTest><UnitTest name="SendingOpenSessionsIsAbortedImmediatelyWhenTooManyRequestsResponseIsReceived" storage="c:\workspaces\openkit-dotnet\tests\openkit-dotnetcore-2.0.tests\bin\release\netcoreapp2.0\openkit-dotnetcore-2.0.tests.dll" id="957cb809-4ac6-408c-81cc-93d87366b654"><Execution id="66727236-89a5-4740-9051-e168e609faac" /><TestMethod codeBase="C:\workspaces\openkit-dotnet\tests\openkit-dotnetcore-2.0.Tests\bin\Release\netcoreapp2.0\openkit-dotnetcore-2.0.Tests.dll" adapterTypeName="executor://nunit3testexecutor/" className="Dynatrace.OpenKit.Core.Communication.BeaconSendingCaptureOnStateTest" name="SendingOpenSessionsIsAbortedImmediatelyWhenTooManyRequestsResponseIsReceived" /></UnitTest><UnitTest name="CopyDataForChunkingMovesData" storage="c:\workspaces\openkit-dotnet\tests\openkit-dotnetcore-2.0.tests\bin\release\netcoreapp2.0\openkit-dotnetcore-2.0.tests.dll" id="9ab67ceb-e873-4b03-84f1-3a94c025c001"><Execution id="8c6ca5b3-4473-4d69-ba17-a98635734422" /><TestMethod codeBase="C:\workspaces\openkit-dotnet\tests\openkit-dotnetcore-2.0.Tests\bin\Release\netcoreapp2.0\openkit-dotnetcore-2.0.Tests.dll" adapterTypeName="executor://nunit3testexecutor/" className="Dynatrace.OpenKit.Core.Caching.BeaconCacheEntryTest" name="CopyDataForChunkingMovesData" /></UnitTest><UnitTest name="SessionStartIsReportedForDataCollectionLevel0" storage="c:\workspaces\openkit-dotnet\tests\openkit-dotnetcore-2.0.tests\bin\release\netcoreapp2.0\openkit-dotnetcore-2.0.tests.dll" id="c38f811d-f14d-42dd-9b5d-241bc469d626"><Execution id="5a98caca-6d63-4484-a64f-ac6c3ba5715f" /><TestMethod codeBase="C:\workspaces\openkit-dotnet\tests\openkit-dotnetcore-2.0.Tests\bin\Release\netcoreapp2.0\openkit-dotnetcore-2.0.Tests.dll" adapterTypeName="executor://nunit3testexecutor/" className="Dynatrace.OpenKit.Protocol.BeaconTest" name="SessionStartIsReportedForDataCollectionLevel0" /></UnitTest><UnitTest name="TransitionToTimeSycnIsPerformed" storage="c:\workspaces\openkit-dotnet\tests\openkit-dotnetcore-2.0.tests\bin\release\netcoreapp2.0\openkit-dotnetcore-2.0.tests.dll" id="b9610564-afaf-4fab-bb4b-96b061ac5bf0"><Execution id="4052f95f-6631-4b58-8daf-fe63b8ea8e94" /><TestMethod codeBase="C:\workspaces\openkit-dotnet\tests\openkit-dotnetcore-2.0.Tests\bin\Release\netcoreapp2.0\openkit-dotnetcore-2.0.Tests.dll" adapterTypeName="executor://nunit3testexecutor/" className="Dynatrace.OpenKit.Core.Communication.BeaconSendingCaptureOnStateTest" name="TransitionToTimeSycnIsPerformed" /></UnitTest><UnitTest name="StatusRequestIsRetried" storage="c:\workspaces\openkit-dotnet\tests\openkit-dotnetcore-2.0.tests\bin\release\netcoreapp2.0\openkit-dotnetcore-2.0.tests.dll" id="411b09f3-b774-4c54-ad6b-74f8c6f7ab9a"><Execution id="738689ff-f71b-4b64-8998-8650b667a762" /><TestMethod codeBase="C:\workspaces\openkit-dotnet\tests\openkit-dotnetcore-2.0.Tests\bin\Release\netcoreapp2.0\openkit-dotnetcore-2.0.Tests.dll" adapterTypeName="executor://nunit3testexecutor/" className="Dynatrace.OpenKit.Core.Communication.BeaconSendingCaptureOffStateTest" name="StatusRequestIsRetried" /></UnitTest><UnitTest name="RandomDeviceIDCannotBeNegativeOnDataCollectionLevel1" storage="c:\workspaces\openkit-dotnet\tests\openkit-dotnetcore-2.0.tests\bin\release\netcoreapp2.0\openkit-dotnetcore-2.0.tests.dll" id="43a88ceb-4c05-41d1-87d1-130ca61c8f0b"><Execution id="4ff2c604-ccb4-4ae8-94bb-01ff206861f7" /><TestMethod codeBase="C:\workspaces\openkit-dotnet\tests\openkit-dotnetcore-2.0.Tests\bin\Release\netcoreapp2.0\openkit-dotnetcore-2.0.Tests.dll" adapterTypeName="executor://nunit3testexecutor/" className="Dynatrace.OpenKit.Protocol.BeaconTest" name="RandomDeviceIDCannotBeNegativeOnDataCollectionLevel1" /></UnitTest><UnitTest name="ShouldRunGivesTrueIfNumBytesInCacheIsGreaterThanUpperBoundLimit" storage="c:\workspaces\openkit-dotnet\tests\openkit-dotnetcore-2.0.tests\bin\release\netcoreapp2.0\openkit-dotnetcore-2.0.tests.dll" id="f7566b0e-2451-48a4-9208-76d5a798fbdd"><Execution id="d3622b73-563c-40f4-9f30-d04f29296733" /><TestMethod codeBase="C:\workspaces\openkit-dotnet\tests\openkit-dotnetcore-2.0.Tests\bin\Release\netcoreapp2.0\openkit-dotnetcore-2.0.Tests.dll" adapterTypeName="executor://nunit3testexecutor/" className="Dynatrace.OpenKit.Core.Caching.SpaceEvictionStrategyTest" name="ShouldRunGivesTrueIfNumBytesInCacheIsGreaterThanUpperBoundLimit" /></UnitTest><UnitTest name="ABeaconSendingCaptureOffStateStaysInOffStateWhenServerRespondsWithTooManyRequests" storage="c:\workspaces\openkit-dotnet\tests\openkit-dotnetcore-2.0.tests\bin\release\netcoreapp2.0\openkit-dotnetcore-2.0.tests.dll" id="a6770509-aefa-40fb-acac-80e2a4a4a916"><Execution id="5f5fe354-08fb-4c27-b4c6-48af544f7e81" /><TestMethod codeBase="C:\workspaces\openkit-dotnet\tests\openkit-dotnetcore-2.0.Tests\bin\Release\netcoreapp2.0\openkit-dotnetcore-2.0.Tests.dll" adapterTypeName="executor://nunit3testexecutor/" className="Dynatrace.OpenKit.Core.Communication.BeaconSendingCaptureOffStateTest" name="ABeaconSendingCaptureOffStateStaysInOffStateWhenServerRespondsWithTooManyRequests" /></UnitTest><UnitTest name="CurrentThreadIDIsReturned" storage="c:\workspaces\openkit-dotnet\tests\openkit-dotnetcore-2.0.tests\bin\release\netcoreapp2.0\openkit-dotnetcore-2.0.tests.dll" id="447750bb-8eba-46f7-b4d5-54dbd564d82e"><Execution id="b5156d48-28e7-4424-93cb-74ef1a271390" /><TestMethod codeBase="C:\workspaces\openkit-dotnet\tests\openkit-dotnetcore-2.0.Tests\bin\Release\netcoreapp2.0\openkit-dotnetcore-2.0.Tests.dll" adapterTypeName="executor://nunit3testexecutor/" className="Dynatrace.OpenKit.Providers.DefaultThreadIDProviderTest" name="CurrentThreadIDIsReturned" /></UnitTest><UnitTest name="CanSetCrashReportingLevelForAppMon" storage="c:\workspaces\openkit-dotnet\tests\openkit-dotnetcore-2.0.tests\bin\release\netcoreapp2.0\openkit-dotnetcore-2.0.tests.dll" id="27e38cf0-dab4-49a2-825e-7f41d756ff04"><Execution id="409050c8-4297-43bd-8c6a-155315f763ed" /><TestMethod codeBase="C:\workspaces\openkit-dotnet\tests\openkit-dotnetcore-2.0.Tests\bin\Release\netcoreapp2.0\openkit-dotnetcore-2.0.Tests.dll" adapterTypeName="executor://nunit3testexecutor/" className="Dynatrace.OpenKit.OpenKitBuilderTest" name="CanSetCrashReportingLevelForAppMon" /></UnitTest><UnitTest name="IsEmptyGivesTrueIfBeaconDoesNotContainActiveData" storage="c:\workspaces\openkit-dotnet\tests\openkit-dotnetcore-2.0.tests\bin\release\netcoreapp2.0\openkit-dotnetcore-2.0.tests.dll" id="c77a9488-8c75-43a4-9616-c3716f57e77d"><Execution id="20718140-3209-477a-aab8-cca790d927c3" /><TestMethod codeBase="C:\workspaces\openkit-dotnet\tests\openkit-dotnetcore-2.0.Tests\bin\Release\netcoreapp2.0\openkit-dotnetcore-2.0.Tests.dll" adapterTypeName="executor://nunit3testexecutor/" className="Dynatrace.OpenKit.Core.Caching.BeaconCacheTest" name="IsEmptyGivesTrueIfBeaconDoesNotContainActiveData" /></UnitTest><UnitTest name="ReportStringValueWithValueBeingNullWorks" storage="c:\workspaces\openkit-dotnet\tests\openkit-dotnetcore-2.0.tests\bin\release\netcoreapp2.0\openkit-dotnetcore-2.0.tests.dll" id="b0ebd201-f08e-4c5e-b66b-33e6230f35f8"><Execution id="c2bf54ad-a6e8-4441-bbf6-dc009a2d1898" /><TestMethod codeBase="C:\workspaces\openkit-dotnet\tests\openkit-dotnetcore-2.0.Tests\bin\Release\netcoreapp2.0\openkit-dotnetcore-2.0.Tests.dll" adapterTypeName="executor://nunit3testexecutor/" className="Dynatrace.OpenKit.Core.ActionTest" name="ReportStringValueWithValueBeingNullWorks" /></UnitTest><UnitTest name="EnterActionGivesNullActionIfActionNameIsEmptyString" storage="c:\workspaces\openkit-dotnet\tests\openkit-dotnetcore-2.0.tests\bin\release\netcoreapp2.0\openkit-dotnetcore-2.0.tests.dll" id="3627974f-f163-430f-9679-c9a068a84685"><Execution id="9e1b4c14-835e-4a39-a042-c5e827b16d56" /><TestMethod codeBase="C:\workspaces\openkit-dotnet\tests\openkit-dotnetcore-2.0.Tests\bin\Release\netcoreapp2.0\openkit-dotnetcore-2.0.Tests.dll" adapterTypeName="executor://nunit3testexecutor/" className="Dynatrace.OpenKit.Core.SessionTest" name="EnterActionGivesNullActionIfActionNameIsEmptyString" /></UnitTest><UnitTest name="WebRequestIsReportedForDataCollectionLevel2" storage="c:\workspaces\openkit-dotnet\tests\openkit-dotnetcore-2.0.tests\bin\release\netcoreapp2.0\openkit-dotnetcore-2.0.tests.dll" id="ba86468c-9031-49d9-b5db-d557c43ee25c"><Execution id="f124de74-f5bf-4540-abe3-c375de0ecec3" /><TestMethod codeBase="C:\workspaces\openkit-dotnet\tests\openkit-dotnetcore-2.0.Tests\bin\Release\netcoreapp2.0\openkit-dotnetcore-2.0.Tests.dll" adapterTypeName="executor://nunit3testexecutor/" className="Dynatrace.OpenKit.Protocol.BeaconTest" name="WebRequestIsReportedForDataCollectionLevel2" /></UnitTest><UnitTest name="IsEmptyGivesFalseIfBeaconDataSizeIsNotEqualToZero" storage="c:\workspaces\openkit-dotnet\tests\openkit-dotnetcore-2.0.tests\bin\release\netcoreapp2.0\openkit-dotnetcore-2.0.tests.dll" id="b8d1f8b9-9960-44c1-a4b8-75160357448d"><Execution id="667cc6f3-6dae-476b-97e6-4deb53d0db07" /><TestMethod codeBase="C:\workspaces\openkit-dotnet\tests\openkit-dotnetcore-2.0.Tests\bin\Release\netcoreapp2.0\openkit-dotnetcore-2.0.Tests.dll" adapterTypeName="executor://nunit3testexecutor/" className="Dynatrace.OpenKit.Core.Caching.BeaconCacheTest" name="IsEmptyGivesFalseIfBeaconDataSizeIsNotEqualToZero" /></UnitTest><UnitTest name="StartSequenceNumberIsSetInConstructor" storage="c:\workspaces\openkit-dotnet\tests\openkit-dotnetcore-2.0.tests\bin\release\netcoreapp2.0\openkit-dotnetcore-2.0.tests.dll" id="04bd0c18-08aa-48e1-b02e-22769e6e82ec"><Execution id="ce21d117-c3ac-43ee-acdc-5d45146a544a" /><TestMethod codeBase="C:\workspaces\openkit-dotnet\tests\openkit-dotnetcore-2.0.Tests\bin\Release\netcoreapp2.0\openkit-dotnetcore-2.0.Tests.dll" adapterTypeName="executor://nunit3testexecutor/" className="Dynatrace.OpenKit.Core.ActionTest" name="StartSequenceNumberIsSetInConstructor" /></UnitTest><UnitTest name="AddActionDataAddsDataToAlreadyExistingBeaconId" storage="c:\workspaces\openkit-dotnet\tests\openkit-dotnetcore-2.0.tests\bin\release\netcoreapp2.0\openkit-dotnetcore-2.0.tests.dll" id="09a15560-ee84-40b9-9ccc-eec5e53bf167"><Execution id="ad821aef-c60a-4130-a29f-86f002e3be74" /><TestMethod codeBase="C:\workspaces\openkit-dotnet\tests\openkit-dotnetcore-2.0.Tests\bin\Release\netcoreapp2.0\openkit-dotnetcore-2.0.Tests.dll" adapterTypeName="executor://nunit3testexecutor/" className="Dynatrace.OpenKit.Core.Caching.BeaconCacheTest" name="AddActionDataAddsDataToAlreadyExistingBeaconId" /></UnitTest><UnitTest name="SendStatusRequestReturnsAnUnknownErrorResponseForWrongHttpResponse" storage="c:\workspaces\openkit-dotnet\tests\openkit-dotnetcore-2.0.tests\bin\release\netcoreapp2.0\openkit-dotnetcore-2.0.tests.dll" id="9e7086e0-3ebd-4c6e-b143-71abc7681d71"><Execution id="7caaa796-afbe-492b-80af-0c68b4369dc5" /><TestMethod codeBase="C:\workspaces\openkit-dotnet\tests\openkit-dotnetcore-2.0.Tests\bin\Release\netcoreapp2.0\openkit-dotnetcore-2.0.Tests.dll" adapterTypeName="executor://nunit3testexecutor/" className="Dynatrace.OpenKit.Protocol.HTTPClientTest" name="SendStatusRequestReturnsAnUnknownErrorResponseForWrongHttpResponse" /></UnitTest><UnitTest name="CanSetBeaconCacheUpperMemoryBoundaryForDynatrace" storage="c:\workspaces\openkit-dotnet\tests\openkit-dotnetcore-2.0.tests\bin\release\netcoreapp2.0\openkit-dotnetcore-2.0.tests.dll" id="5f933e16-9009-4e99-97cc-f363d8869134"><Execution id="2354ed2f-613c-4492-9cf4-0badce9a8748" /><TestMethod codeBase="C:\workspaces\openkit-dotnet\tests\openkit-dotnetcore-2.0.Tests\bin\Release\netcoreapp2.0\openkit-dotnetcore-2.0.Tests.dll" adapterTypeName="executor://nunit3testexecutor/" className="Dynatrace.OpenKit.OpenKitBuilderTest" name="CanSetBeaconCacheUpperMemoryBoundaryForDynatrace" /></UnitTest><UnitTest name="ReportCrashDoesNothingIfSessionIsEnded" storage="c:\workspaces\openkit-dotnet\tests\openkit-dotnetcore-2.0.tests\bin\release\netcoreapp2.0\openkit-dotnetcore-2.0.tests.dll" id="b0c34c68-6b22-4dcd-a452-1e5b836fa89e"><Execution id="71e23eb1-036f-4b0a-9eba-d997d5c99283" /><TestMethod codeBase="C:\workspaces\openkit-dotnet\tests\openkit-dotnetcore-2.0.Tests\bin\Release\netcoreapp2.0\openkit-dotnetcore-2.0.Tests.dll" adapterTypeName="executor://nunit3testexecutor/" className="Dynatrace.OpenKit.Core.SessionTest" name="ReportCrashDoesNothingIfSessionIsEnded" /></UnitTest><UnitTest name="WhenStartingASessionTheSessionIsConsideredAsNew" storage="c:\workspaces\openkit-dotnet\tests\openkit-dotnetcore-2.0.tests\bin\release\netcoreapp2.0\openkit-dotnetcore-2.0.tests.dll" id="d19b7645-3435-413d-8a35-1d530f50bb0c"><Execution id="9cbd9858-2b26-456a-8f3e-25f51a3991d8" /><TestMethod codeBase="C:\workspaces\openkit-dotnet\tests\openkit-dotnetcore-2.0.Tests\bin\Release\netcoreapp2.0\openkit-dotnetcore-2.0.Tests.dll" adapterTypeName="executor://nunit3testexecutor/" className="Dynatrace.OpenKit.Core.Communication.BeaconSendingContextTest" name="WhenStartingASessionTheSessionIsConsideredAsNew" /></UnitTest><UnitTest name="CannotAddReceivedBytesWithInvalidValueSmallerZeroToWebRequestTracer" storage="c:\workspaces\openkit-dotnet\tests\openkit-dotnetcore-2.0.tests\bin\release\netcoreapp2.0\openkit-dotnetcore-2.0.tests.dll" id="ffa6f61f-3cb5-4195-ab03-3261c940d8ce"><Execution id="67d15ffd-7c0e-4505-a3fb-52692f434fb1" /><TestMethod codeBase="C:\workspaces\openkit-dotnet\tests\openkit-dotnetcore-2.0.Tests\bin\Release\netcoreapp2.0\openkit-dotnetcore-2.0.Tests.dll" adapterTypeName="executor://nunit3testexecutor/" className="Dynatrace.OpenKit.Protocol.BeaconTest" name="CannotAddReceivedBytesWithInvalidValueSmallerZeroToWebRequestTracer" /></UnitTest><UnitTest name="PassingNullResponseStringDoesNotThrow" storage="c:\workspaces\openkit-dotnet\tests\openkit-dotnetcore-2.0.tests\bin\release\netcoreapp2.0\openkit-dotnetcore-2.0.tests.dll" id="32177afb-b578-4361-9566-9dd2f6714d50"><Execution id="47614bdd-c6e2-4607-9afd-ab3bbafc26a4" /><TestMethod codeBase="C:\workspaces\openkit-dotnet\tests\openkit-dotnetcore-2.0.Tests\bin\Release\netcoreapp2.0\openkit-dotnetcore-2.0.Tests.dll" adapterTypeName="executor://nunit3testexecutor/" className="Dynatrace.OpenKit.Protocol.StatusResponseTest" name="PassingNullResponseStringDoesNotThrow" /></UnitTest><UnitTest name="TwoInstancesAreEqualIfFieldsAreEqual" storage="c:\workspaces\openkit-dotnet\tests\openkit-dotnetcore-2.0.tests\bin\release\netcoreapp2.0\openkit-dotnetcore-2.0.tests.dll" id="dccfefbb-99c6-4f6c-ab7f-83cebb102139"><Execution id="45b1fc8e-55c2-40fa-b3d7-4c79ab4def63" /><TestMethod codeBase="C:\workspaces\openkit-dotnet\tests\openkit-dotnetcore-2.0.Tests\bin\Release\netcoreapp2.0\openkit-dotnetcore-2.0.Tests.dll" adapterTypeName="executor://nunit3testexecutor/" className="Dynatrace.OpenKit.Core.Caching.BeaconCacheRecordTest" name="TwoInstancesAreEqualIfFieldsAreEqual" /></UnitTest><UnitTest name="DeviceIDIsRandomizedOnDataCollectionLevel0" storage="c:\workspaces\openkit-dotnet\tests\openkit-dotnetcore-2.0.tests\bin\release\netcoreapp2.0\openkit-dotnetcore-2.0.tests.dll" id="6c0af282-b9e4-4136-8c51-cdd203c8367a"><Execution id="66d76c8d-b9f6-4c08-b3c1-e2dde79b8fd2" /><TestMethod codeBase="C:\workspaces\openkit-dotnet\tests\openkit-dotnetcore-2.0.Tests\bin\Release\netcoreapp2.0\openkit-dotnetcore-2.0.Tests.dll" adapterTypeName="executor://nunit3testexecutor/" className="Dynatrace.OpenKit.Protocol.BeaconTest" name="DeviceIDIsRandomizedOnDataCollectionLevel0" /></UnitTest><UnitTest name="CanAddBothSentBytesAndReceivedBytesToWebRequestTracer" storage="c:\workspaces\openkit-dotnet\tests\openkit-dotnetcore-2.0.tests\bin\release\netcoreapp2.0\openkit-dotnetcore-2.0.tests.dll" id="0ad230b3-1c07-468e-8651-edff9bccd12a"><Execution id="c519358c-03c2-4f38-a510-57d709bcf108" /><TestMethod codeBase="C:\workspaces\openkit-dotnet\tests\openkit-dotnetcore-2.0.Tests\bin\Release\netcoreapp2.0\openkit-dotnetcore-2.0.Tests.dll" adapterTypeName="executor://nunit3testexecutor/" className="Dynatrace.OpenKit.Protocol.BeaconTest" name="CanAddBothSentBytesAndReceivedBytesToWebRequestTracer" /></UnitTest><UnitTest name="IsWarnEnabledIsTrueIfVerboseIsTrue" storage="c:\workspaces\openkit-dotnet\tests\openkit-dotnetcore-2.0.tests\bin\release\netcoreapp2.0\openkit-dotnetcore-2.0.tests.dll" id="c17fb5ce-b4b9-4494-b0b2-4258314e97a4"><Execution id="f4562ec3-02d3-49f0-be07-916e35ce9b76" /><TestMethod codeBase="C:\workspaces\openkit-dotnet\tests\openkit-dotnetcore-2.0.Tests\bin\Release\netcoreapp2.0\openkit-dotnetcore-2.0.Tests.dll" adapterTypeName="executor://nunit3testexecutor/" className="Dynatrace.OpenKit.Core.DefaultLoggerTest" name="IsWarnEnabledIsTrueIfVerboseIsTrue" /></UnitTest><UnitTest name="EndCallsWrappedSession" storage="c:\workspaces\openkit-dotnet\tests\openkit-dotnetcore-2.0.tests\bin\release\netcoreapp2.0\openkit-dotnetcore-2.0.tests.dll" id="674df213-9a67-47b9-a923-f5a74d56c6dd"><Execution id="91e2cae6-6719-4e7f-bee2-6c1d3674f78b" /><TestMethod codeBase="C:\workspaces\openkit-dotnet\tests\openkit-dotnetcore-2.0.Tests\bin\Release\netcoreapp2.0\openkit-dotnetcore-2.0.Tests.dll" adapterTypeName="executor://nunit3testexecutor/" className="Dynatrace.OpenKit.Core.Communication.SessionWrapperTest" name="EndCallsWrappedSession" /></UnitTest><UnitTest name="NeedsDataCopyBeforeChunkingGivesTrueBeforeDataIsCopied" storage="c:\workspaces\openkit-dotnet\tests\openkit-dotnetcore-2.0.tests\bin\release\netcoreapp2.0\openkit-dotnetcore-2.0.tests.dll" id="9f0a14e2-c0c5-4241-b9a4-3890ac17f67f"><Execution id="f871cab8-02f9-4610-929f-025924394e2e" /><TestMethod codeBase="C:\workspaces\openkit-dotnet\tests\openkit-dotnetcore-2.0.Tests\bin\Release\netcoreapp2.0\openkit-dotnetcore-2.0.Tests.dll" adapterTypeName="executor://nunit3testexecutor/" className="Dynatrace.OpenKit.Core.Caching.BeaconCacheEntryTest" name="NeedsDataCopyBeforeChunkingGivesTrueBeforeDataIsCopied" /></UnitTest><UnitTest name="CanSetDataCollectionLevelForDynatrace" storage="c:\workspaces\openkit-dotnet\tests\openkit-dotnetcore-2.0.tests\bin\release\netcoreapp2.0\openkit-dotnetcore-2.0.tests.dll" id="5cb1a5fa-8fdb-4099-938d-54411ea96376"><Execution id="67b8e2bf-5bd8-407f-a6df-fadba7a293e1" /><TestMethod codeBase="C:\workspaces\openkit-dotnet\tests\openkit-dotnetcore-2.0.Tests\bin\Release\netcoreapp2.0\openkit-dotnetcore-2.0.Tests.dll" adapterTypeName="executor://nunit3testexecutor/" className="Dynatrace.OpenKit.OpenKitBuilderTest" name="CanSetDataCollectionLevelForDynatrace" /></UnitTest><UnitTest name="AfterDecreasingNumNewSessionRequestsFourTimesSendingRequestsIsNoLongerAllowed" storage="c:\workspaces\openkit-dotnet\tests\openkit-dotnetcore-2.0.tests\bin\release\netcoreapp2.0\openkit-dotnetcore-2.0.tests.dll" id="742eb823-99d7-4bdc-b0aa-0537df1cac20"><Execution id="c233af26-8642-46b2-9882-df171f8fc63a" /><TestMethod codeBase="C:\workspaces\openkit-dotnet\tests\openkit-dotnetcore-2.0.Tests\bin\Release\netcoreapp2.0\openkit-dotnetcore-2.0.Tests.dll" adapterTypeName="executor://nunit3testexecutor/" className="Dynatrace.OpenKit.Core.Communication.SessionWrapperTest" name="AfterDecreasingNumNewSessionRequestsFourTimesSendingRequestsIsNoLongerAllowed" /></UnitTest><UnitTest name="TerminalStateCallsShutdownOnExecution" storage="c:\workspaces\openkit-dotnet\tests\openkit-dotnetcore-2.0.tests\bin\release\netcoreapp2.0\openkit-dotnetcore-2.0.tests.dll" id="720cf257-1719-4d32-bdcc-588d3bd92242"><Execution id="40da4ea3-f783-4a29-9382-b381d81c05a2" /><TestMethod codeBase="C:\workspaces\openkit-dotnet\tests\openkit-dotnetcore-2.0.Tests\bin\Release\netcoreapp2.0\openkit-dotnetcore-2.0.Tests.dll" adapterTypeName="executor://nunit3testexecutor/" className="Dynatrace.OpenKit.Core.Communication.BeaconSendingTerminalStateTest" name="TerminalStateCallsShutdownOnExecution" /></UnitTest><UnitTest name="ADifferentTypeIsNotConsideredEqual" storage="c:\workspaces\openkit-dotnet\tests\openkit-dotnetcore-2.0.tests\bin\release\netcoreapp2.0\openkit-dotnetcore-2.0.tests.dll" id="f48576fd-0a4e-4d91-9302-75c273f2f0e7"><Execution id="5753b2c7-464d-4ec8-aa33-9fa458a5aefe" /><TestMethod codeBase="C:\workspaces\openkit-dotnet\tests\openkit-dotnetcore-2.0.Tests\bin\Release\netcoreapp2.0\openkit-dotnetcore-2.0.Tests.dll" adapterTypeName="executor://nunit3testexecutor/" className="Dynatrace.OpenKit.Core.Caching.BeaconCacheRecordTest" name="ADifferentTypeIsNotConsideredEqual" /></UnitTest><UnitTest name="CanSetManufacturerForAppMon" storage="c:\workspaces\openkit-dotnet\tests\openkit-dotnetcore-2.0.tests\bin\release\netcoreapp2.0\openkit-dotnetcore-2.0.tests.dll" id="33f2b28a-56dd-4770-bcbc-ab64c6e1aca9"><Execution id="6840fa00-962d-49ff-9eb8-48c785b9b3f2" /><TestMethod codeBase="C:\workspaces\openkit-dotnet\tests\openkit-dotnetcore-2.0.Tests\bin\Release\netcoreapp2.0\openkit-dotnetcore-2.0.Tests.dll" adapterTypeName="executor://nunit3testexecutor/" className="Dynatrace.OpenKit.OpenKitBuilderTest" name="CanSetManufacturerForAppMon" /></UnitTest><UnitTest name="DefaultServerIDIsMinusOne" storage="c:\workspaces\openkit-dotnet\tests\openkit-dotnetcore-2.0.tests\bin\release\netcoreapp2.0\openkit-dotnetcore-2.0.tests.dll" id="dd6c27fe-3771-40a6-a9c0-a1e0d9181c54"><Execution id="71cf3973-6547-4065-9f09-3eef0732dfc4" /><TestMethod codeBase="C:\workspaces\openkit-dotnet\tests\openkit-dotnetcore-2.0.Tests\bin\Release\netcoreapp2.0\openkit-dotnetcore-2.0.Tests.dll" adapterTypeName="executor://nunit3testexecutor/" className="Dynatrace.OpenKit.Protocol.StatusResponseTest" name="DefaultServerIDIsMinusOne" /></UnitTest><UnitTest name="IsInfoEnabledIsTrueIfVerboseIsTrue" storage="c:\workspaces\openkit-dotnet\tests\openkit-dotnetcore-2.0.tests\bin\release\netcoreapp2.0\openkit-dotnetcore-2.0.tests.dll" id="d622bd61-87d9-473f-be37-231db292236c"><Execution id="ea662c39-7358-4adf-94ef-a288efc07192" /><TestMethod codeBase="C:\workspaces\openkit-dotnet\tests\openkit-dotnetcore-2.0.Tests\bin\Release\netcoreapp2.0\openkit-dotnetcore-2.0.Tests.dll" adapterTypeName="executor://nunit3testexecutor/" className="Dynatrace.OpenKit.Core.DefaultLoggerTest" name="IsInfoEnabledIsTrueIfVerboseIsTrue" /></UnitTest><UnitTest name="IsTooManyRequestsResponseReturnsTrueIfResponseCodeIndicatesTooManyRequests" storage="c:\workspaces\openkit-dotnet\tests\openkit-dotnetcore-2.0.tests\bin\release\netcoreapp2.0\openkit-dotnetcore-2.0.tests.dll" id="021ec014-4edc-47e9-b152-43bdce696470"><Execution id="b225ef0b-0531-4b8a-9540-fec4de029150" /><TestMethod codeBase="C:\workspaces\openkit-dotnet\tests\openkit-dotnetcore-2.0.Tests\bin\Release\netcoreapp2.0\openkit-dotnetcore-2.0.Tests.dll" adapterTypeName="executor://nunit3testexecutor/" className="Dynatrace.OpenKit.Core.Communication.BeaconSendingResponseUtilTest" name="IsTooManyRequestsResponseReturnsTrueIfResponseCodeIndicatesTooManyRequests" /></UnitTest><UnitTest name="GetNextBeaconChunkReturnsNullIfGivenBeaconIDDoesNotExist" storage="c:\workspaces\openkit-dotnet\tests\openkit-dotnetcore-2.0.tests\bin\release\netcoreapp2.0\openkit-dotnetcore-2.0.tests.dll" id="349a1695-9e17-46e0-acd2-a5ffdfa29348"><Execution id="7d8a90eb-66b5-4b91-bbf8-b801dff2b2ba" /><TestMethod codeBase="C:\workspaces\openkit-dotnet\tests\openkit-dotnetcore-2.0.Tests\bin\Release\netcoreapp2.0\openkit-dotnetcore-2.0.Tests.dll" adapterTypeName="executor://nunit3testexecutor/" className="Dynatrace.OpenKit.Core.Caching.BeaconCacheTest" name="GetNextBeaconChunkReturnsNullIfGivenBeaconIDDoesNotExist" /></UnitTest><UnitTest name="CacheSizeUpperBound" storage="c:\workspaces\openkit-dotnet\tests\openkit-dotnetcore-2.0.tests\bin\release\netcoreapp2.0\openkit-dotnetcore-2.0.tests.dll" id="35119159-dc3a-4200-90a4-ef0a844417d6"><Execution id="8a468ebe-f129-4888-a622-d1c0fced5db3" /><TestMethod codeBase="C:\workspaces\openkit-dotnet\tests\openkit-dotnetcore-2.0.Tests\bin\Release\netcoreapp2.0\openkit-dotnetcore-2.0.Tests.dll" adapterTypeName="executor://nunit3testexecutor/" className="Dynatrace.OpenKit.Core.Configuration.BeaconCacheConfigurationTest" name="CacheSizeUpperBound" /></UnitTest><UnitTest name="IfURLIsInvalidTheDefaultValueIsUsed" storage="c:\workspaces\openkit-dotnet\tests\openkit-dotnetcore-2.0.tests\bin\release\netcoreapp2.0\openkit-dotnetcore-2.0.tests.dll" id="baf68a45-5577-49b9-a23e-4063b82ed2f7"><Execution id="32cff983-b522-446c-b305-e521bd5b3e8a" /><TestMethod codeBase="C:\workspaces\openkit-dotnet\tests\openkit-dotnetcore-2.0.Tests\bin\Release\netcoreapp2.0\openkit-dotnetcore-2.0.Tests.dll" adapterTypeName="executor://nunit3testexecutor/" className="Dynatrace.OpenKit.Core.WebRequestTracerStringURLTest" name="IfURLIsInvalidTheDefaultValueIsUsed" /></UnitTest><UnitTest name="ErrorWithStacktraceLogsAppropriateMessage" storage="c:\workspaces\openkit-dotnet\tests\openkit-dotnetcore-2.0.tests\bin\release\netcoreapp2.0\openkit-dotnetcore-2.0.tests.dll" id="de678d2b-3d98-4533-81cf-15845aaab9b2"><Execution id="26cb4eca-2fda-4180-839f-a25cd38335f3" /><TestMethod codeBase="C:\workspaces\openkit-dotnet\tests\openkit-dotnetcore-2.0.Tests\bin\Release\netcoreapp2.0\openkit-dotnetcore-2.0.Tests.dll" adapterTypeName="executor://nunit3testexecutor/" className="Dynatrace.OpenKit.Core.DefaultLoggerTest" name="ErrorWithStacktraceLogsAppropriateMessage" /></UnitTest><UnitTest name="AfterLeavingAnActionItIsLeft" storage="c:\workspaces\openkit-dotnet\tests\openkit-dotnetcore-2.0.tests\bin\release\netcoreapp2.0\openkit-dotnetcore-2.0.tests.dll" id="8782cc01-425f-4c86-b4b7-59ec51547f78"><Execution id="5ff83ec5-a0e3-4838-9b12-ee25f5145e73" /><TestMethod codeBase="C:\workspaces\openkit-dotnet\tests\openkit-dotnetcore-2.0.Tests\bin\Release\netcoreapp2.0\openkit-dotnetcore-2.0.Tests.dll" adapterTypeName="executor://nunit3testexecutor/" className="Dynatrace.OpenKit.Core.ActionTest" name="AfterLeavingAnActionItIsLeft" /></UnitTest><UnitTest name="IdentifyUserDoesReportOnDataCollectionLevel2" storage="c:\workspaces\openkit-dotnet\tests\openkit-dotnetcore-2.0.tests\bin\release\netcoreapp2.0\openkit-dotnetcore-2.0.tests.dll" id="eab791f3-5aab-4104-a98f-6288d9bbf2cb"><Execution id="b275a4bf-32ff-4a5f-ba68-8f99818a4458" /><TestMethod codeBase="C:\workspaces\openkit-dotnet\tests\openkit-dotnetcore-2.0.Tests\bin\Release\netcoreapp2.0\openkit-dotnetcore-2.0.Tests.dll" adapterTypeName="executor://nunit3testexecutor/" className="Dynatrace.OpenKit.Protocol.BeaconTest" name="IdentifyUserDoesReportOnDataCollectionLevel2" /></UnitTest><UnitTest name="CannotAddRootActionIfCaptureIsOff" storage="c:\workspaces\openkit-dotnet\tests\openkit-dotnetcore-2.0.tests\bin\release\netcoreapp2.0\openkit-dotnetcore-2.0.tests.dll" id="f2b2b380-a4bf-403c-9ad6-fc52394a0319"><Execution id="e572a24e-ed91-48f2-9ad1-89eacffa699b" /><TestMethod codeBase="C:\workspaces\openkit-dotnet\tests\openkit-dotnetcore-2.0.Tests\bin\Release\netcoreapp2.0\openkit-dotnetcore-2.0.Tests.dll" adapterTypeName="executor://nunit3testexecutor/" className="Dynatrace.OpenKit.Protocol.BeaconTest" name="CannotAddRootActionIfCaptureIsOff" /></UnitTest><UnitTest name="GetChunkGetsAlreadyMarkedData" storage="c:\workspaces\openkit-dotnet\tests\openkit-dotnetcore-2.0.tests\bin\release\netcoreapp2.0\openkit-dotnetcore-2.0.tests.dll" id="0db05ea3-8be6-4937-807e-6f47ff10bec9"><Execution id="3d4de910-8491-4423-801b-88a4a7f46a84" /><TestMethod codeBase="C:\workspaces\openkit-dotnet\tests\openkit-dotnetcore-2.0.Tests\bin\Release\netcoreapp2.0\openkit-dotnetcore-2.0.Tests.dll" adapterTypeName="executor://nunit3testexecutor/" className="Dynatrace.OpenKit.Core.Caching.BeaconCacheEntryTest" name="GetChunkGetsAlreadyMarkedData" /></UnitTest><UnitTest name="DebugDoesNotLogIfVerboseIsDisabled" storage="c:\workspaces\openkit-dotnet\tests\openkit-dotnetcore-2.0.tests\bin\release\netcoreapp2.0\openkit-dotnetcore-2.0.tests.dll" id="ee42109b-362d-490e-bd9c-95420f6a51ba"><Execution id="bd1cb414-cda3-438a-a400-1be265e504c1" /><TestMethod codeBase="C:\workspaces\openkit-dotnet\tests\openkit-dotnetcore-2.0.Tests\bin\Release\netcoreapp2.0\openkit-dotnetcore-2.0.Tests.dll" adapterTypeName="executor://nunit3testexecutor/" className="Dynatrace.OpenKit.Core.DefaultLoggerTest" name="DebugDoesNotLogIfVerboseIsDisabled" /></UnitTest><UnitTest name="ParentIDIsEqualToParentActionsID" storage="c:\workspaces\openkit-dotnet\tests\openkit-dotnetcore-2.0.tests\bin\release\netcoreapp2.0\openkit-dotnetcore-2.0.tests.dll" id="da05c392-b6ad-4de0-8fdd-f108920dd5fc"><Execution id="ca7daf35-1a46-4509-b2fe-202b6409ebcd" /><TestMethod codeBase="C:\workspaces\openkit-dotnet\tests\openkit-dotnetcore-2.0.Tests\bin\Release\netcoreapp2.0\openkit-dotnetcore-2.0.Tests.dll" adapterTypeName="executor://nunit3testexecutor/" className="Dynatrace.OpenKit.Core.ActionTest" name="ParentIDIsEqualToParentActionsID" /></UnitTest><UnitTest name="IpV4AddressIsInvalidDueToAdditionalCharacterInSecondBlock" storage="c:\workspaces\openkit-dotnet\tests\openkit-dotnetcore-2.0.tests\bin\release\netcoreapp2.0\openkit-dotnetcore-2.0.tests.dll" id="f7ad3e10-6ce2-48b1-813e-afbc4c7bf486"><Execution id="ab06c14f-6956-4ff2-a1c2-f3fc09bf28b0" /><TestMethod codeBase="C:\workspaces\openkit-dotnet\tests\openkit-dotnetcore-2.0.Tests\bin\Release\netcoreapp2.0\openkit-dotnetcore-2.0.Tests.dll" adapterTypeName="executor://nunit3testexecutor/" className="Dynatrace.OpenKit.Core.Util.InetAddressValidatorTest" name="IpV4AddressIsInvalidDueToAdditionalCharacterInSecondBlock" /></UnitTest><UnitTest name="CapturingIsEnabledFromStatusResponse" storage="c:\workspaces\openkit-dotnet\tests\openkit-dotnetcore-2.0.tests\bin\release\netcoreapp2.0\openkit-dotnetcore-2.0.tests.dll" id="443fdc24-8d45-44d6-bf3b-b40645bb5209"><Execution id="2e970c02-c5e2-423d-8824-4c6bd6c698be" /><TestMethod codeBase="C:\workspaces\openkit-dotnet\tests\openkit-dotnetcore-2.0.Tests\bin\Release\netcoreapp2.0\openkit-dotnetcore-2.0.Tests.dll" adapterTypeName="executor://nunit3testexecutor/" className="Dynatrace.OpenKit.Core.Configuration.OpenKitConfigurationTest" name="CapturingIsEnabledFromStatusResponse" /></UnitTest><UnitTest name="ResetEventIsSetOnInitSuccess" storage="c:\workspaces\openkit-dotnet\tests\openkit-dotnetcore-2.0.tests\bin\release\netcoreapp2.0\openkit-dotnetcore-2.0.tests.dll" id="9f47e06d-af20-40d6-8da5-25a094548c5d"><Execution id="0875acfe-2a94-4d4f-8d97-be984af49f2c" /><TestMethod codeBase="C:\workspaces\openkit-dotnet\tests\openkit-dotnetcore-2.0.Tests\bin\Release\netcoreapp2.0\openkit-dotnetcore-2.0.Tests.dll" adapterTypeName="executor://nunit3testexecutor/" className="Dynatrace.OpenKit.Core.Communication.BeaconSendingContextTest" name="ResetEventIsSetOnInitSuccess" /></UnitTest><UnitTest name="EnterActionGivesNullActionIfActionNameIsNull" storage="c:\workspaces\openkit-dotnet\tests\openkit-dotnetcore-2.0.tests\bin\release\netcoreapp2.0\openkit-dotnetcore-2.0.tests.dll" id="1ba6830c-a891-4493-91bd-67579991556b"><Execution id="66c2e2d6-ed5e-4185-aaa8-13fb2e0f079a" /><TestMethod codeBase="C:\workspaces\openkit-dotnet\tests\openkit-dotnetcore-2.0.Tests\bin\Release\netcoreapp2.0\openkit-dotnetcore-2.0.Tests.dll" adapterTypeName="executor://nunit3testexecutor/" className="Dynatrace.OpenKit.Core.SessionTest" name="EnterActionGivesNullActionIfActionNameIsNull" /></UnitTest><UnitTest name="WhenBeaconConfigurationIsSetSendingIsDisallowedIfMultiplicityIsZero" storage="c:\workspaces\openkit-dotnet\tests\openkit-dotnetcore-2.0.tests\bin\release\netcoreapp2.0\openkit-dotnetcore-2.0.tests.dll" id="d789d9e1-88be-44af-a109-36f3013aea84"><Execution id="4e73aae8-9484-4583-8868-104b34b21017" /><TestMethod codeBase="C:\workspaces\openkit-dotnet\tests\openkit-dotnetcore-2.0.Tests\bin\Release\netcoreapp2.0\openkit-dotnetcore-2.0.Tests.dll" adapterTypeName="executor://nunit3testexecutor/" className="Dynatrace.OpenKit.Core.Communication.SessionWrapperTest" name="WhenBeaconConfigurationIsSetSendingIsDisallowedIfMultiplicityIsZero" /></UnitTest><UnitTest name="RemoveOldestRecordsRemovesNothingIfEntryIsEmpty" storage="c:\workspaces\openkit-dotnet\tests\openkit-dotnetcore-2.0.tests\bin\release\netcoreapp2.0\openkit-dotnetcore-2.0.tests.dll" id="5270a6f4-7b90-4c43-9bc3-239f6ee62698"><Execution id="ea99c62a-9052-4a1d-ada7-23f26923bbc5" /><TestMethod codeBase="C:\workspaces\openkit-dotnet\tests\openkit-dotnetcore-2.0.Tests\bin\Release\netcoreapp2.0\openkit-dotnetcore-2.0.Tests.dll" adapterTypeName="executor://nunit3testexecutor/" className="Dynatrace.OpenKit.Core.Caching.BeaconCacheEntryTest" name="RemoveOldestRecordsRemovesNothingIfEntryIsEmpty" /></UnitTest><UnitTest name="ANewlyCreatedSessionIsNotEnded" storage="c:\workspaces\openkit-dotnet\tests\openkit-dotnetcore-2.0.tests\bin\release\netcoreapp2.0\openkit-dotnetcore-2.0.tests.dll" id="37024ab1-a376-4c5d-9f62-0edc52f0f82c"><Execution id="6719f126-96cb-4cc4-9adb-062ff7712c79" /><TestMethod codeBase="C:\workspaces\openkit-dotnet\tests\openkit-dotnetcore-2.0.Tests\bin\Release\netcoreapp2.0\openkit-dotnetcore-2.0.Tests.dll" adapterTypeName="executor://nunit3testexecutor/" className="Dynatrace.OpenKit.Core.SessionTest" name="ANewlyCreatedSessionIsNotEnded" /></UnitTest><UnitTest name="TraceWebRequestGivesValidWebRequestTracer" storage="c:\workspaces\openkit-dotnet\tests\openkit-dotnetcore-2.0.tests\bin\release\netcoreapp2.0\openkit-dotnetcore-2.0.tests.dll" id="4e89e047-f1f8-4f85-82bc-0b088725106f"><Execution id="97445378-c5bc-452d-9542-6496c8f795ed" /><TestMethod codeBase="C:\workspaces\openkit-dotnet\tests\openkit-dotnetcore-2.0.Tests\bin\Release\netcoreapp2.0\openkit-dotnetcore-2.0.Tests.dll" adapterTypeName="executor://nunit3testexecutor/" className="Dynatrace.OpenKit.Core.ActionTest" name="TraceWebRequestGivesValidWebRequestTracer" /></UnitTest><UnitTest name="NeedsDataCopyBeforeChunkingGivesFalseAfterDataHasBeenCopied" storage="c:\workspaces\openkit-dotnet\tests\openkit-dotnetcore-2.0.tests\bin\release\netcoreapp2.0\openkit-dotnetcore-2.0.tests.dll" id="5182cdad-6ce0-43e5-a7e1-f48722a4030d"><Execution id="0a2ad675-1b61-4068-bda7-950735ad1217" /><TestMethod codeBase="C:\workspaces\openkit-dotnet\tests\openkit-dotnetcore-2.0.Tests\bin\Release\netcoreapp2.0\openkit-dotnetcore-2.0.Tests.dll" adapterTypeName="executor://nunit3testexecutor/" className="Dynatrace.OpenKit.Core.Caching.BeaconCacheEntryTest" name="NeedsDataCopyBeforeChunkingGivesFalseAfterDataHasBeenCopied" /></UnitTest><UnitTest name="ParsingTooBigMaxBeaconSizeOverflows" storage="c:\workspaces\openkit-dotnet\tests\openkit-dotnetcore-2.0.tests\bin\release\netcoreapp2.0\openkit-dotnetcore-2.0.tests.dll" id="eb297862-3ddf-4699-9d9a-e2efe52ffceb"><Execution id="12d64bf9-97ff-4fb7-8f46-ca5ae743ce5a" /><TestMethod codeBase="C:\workspaces\openkit-dotnet\tests\openkit-dotnetcore-2.0.Tests\bin\Release\netcoreapp2.0\openkit-dotnetcore-2.0.Tests.dll" adapterTypeName="executor://nunit3testexecutor/" className="Dynatrace.OpenKit.Protocol.StatusResponseTest" name="ParsingTooBigMaxBeaconSizeOverflows" /></UnitTest><UnitTest name="IpV4AddressIsValid" storage="c:\workspaces\openkit-dotnet\tests\openkit-dotnetcore-2.0.tests\bin\release\netcoreapp2.0\openkit-dotnetcore-2.0.tests.dll" id="1a34426d-a3cb-438d-8441-e97fa1034430"><Execution id="899406c0-87db-4f76-a580-30213525a441" /><TestMethod codeBase="C:\workspaces\openkit-dotnet\tests\openkit-dotnetcore-2.0.Tests\bin\Release\netcoreapp2.0\openkit-dotnetcore-2.0.Tests.dll" adapterTypeName="executor://nunit3testexecutor/" className="Dynatrace.OpenKit.Core.Util.InetAddressValidatorTest" name="IpV4AddressIsValid" /></UnitTest><UnitTest name="TraceWebRequestGivesNullWebRequestTracerIfActionIsAlreadyLeft" storage="c:\workspaces\openkit-dotnet\tests\openkit-dotnetcore-2.0.tests\bin\release\netcoreapp2.0\openkit-dotnetcore-2.0.tests.dll" id="3a81c101-664e-4398-bb83-f7e0cf2d6002"><Execution id="ac8ebbc1-38b7-4d2a-9206-2e6c3035fe42" /><TestMethod codeBase="C:\workspaces\openkit-dotnet\tests\openkit-dotnetcore-2.0.Tests\bin\Release\netcoreapp2.0\openkit-dotnetcore-2.0.Tests.dll" adapterTypeName="executor://nunit3testexecutor/" className="Dynatrace.OpenKit.Core.ActionTest" name="TraceWebRequestGivesNullWebRequestTracerIfActionIsAlreadyLeft" /></UnitTest><UnitTest name="SendStatusRequestSendsOneHTTPGetRequest" storage="c:\workspaces\openkit-dotnet\tests\openkit-dotnetcore-2.0.tests\bin\release\netcoreapp2.0\openkit-dotnetcore-2.0.tests.dll" id="7fc63727-ef92-4705-9be7-40c6efe1be21"><Execution id="7ae21e4d-b119-4bfe-bfcd-8384dc8f2124" /><TestMethod codeBase="C:\workspaces\openkit-dotnet\tests\openkit-dotnetcore-2.0.Tests\bin\Release\netcoreapp2.0\openkit-dotnetcore-2.0.Tests.dll" adapterTypeName="executor://nunit3testexecutor/" className="Dynatrace.OpenKit.Protocol.HTTPClientTest" name="SendStatusRequestSendsOneHTTPGetRequest" /></UnitTest><UnitTest name="EvictRecordsByAgeDoesNothingAndReturnsZeroIfBeaconIDDoesNotExist" storage="c:\workspaces\openkit-dotnet\tests\openkit-dotnetcore-2.0.tests\bin\release\netcoreapp2.0\openkit-dotnetcore-2.0.tests.dll" id="bd3778b8-ed14-4604-b05c-02ec8665bf42"><Execution id="d99bb3ba-0e97-4b4a-9388-ef19bb9be8d3" /><TestMethod codeBase="C:\workspaces\openkit-dotnet\tests\openkit-dotnetcore-2.0.Tests\bin\Release\netcoreapp2.0\openkit-dotnetcore-2.0.Tests.dll" adapterTypeName="executor://nunit3testexecutor/" className="Dynatrace.OpenKit.Core.Caching.BeaconCacheTest" name="EvictRecordsByAgeDoesNothingAndReturnsZeroIfBeaconIDDoesNotExist" /></UnitTest><UnitTest name="ExecuteEvictionLogsTheNumberOfRecordsRemoved" storage="c:\workspaces\openkit-dotnet\tests\openkit-dotnetcore-2.0.tests\bin\release\netcoreapp2.0\openkit-dotnetcore-2.0.tests.dll" id="47190549-1673-4214-a093-d482cbc67c59"><Execution id="14a57a53-1fcc-4f52-9d3f-670e814254bf" /><TestMethod codeBase="C:\workspaces\openkit-dotnet\tests\openkit-dotnetcore-2.0.Tests\bin\Release\netcoreapp2.0\openkit-dotnetcore-2.0.Tests.dll" adapterTypeName="executor://nunit3testexecutor/" className="Dynatrace.OpenKit.Core.Caching.TimeEvicitionStrategyTest" name="ExecuteEvictionLogsTheNumberOfRecordsRemoved" /></UnitTest><UnitTest name="SendNewSessionRequestSendRequestToMonitorURL" storage="c:\workspaces\openkit-dotnet\tests\openkit-dotnetcore-2.0.tests\bin\release\netcoreapp2.0\openkit-dotnetcore-2.0.tests.dll" id="b7e96928-26cb-48e8-8493-bc344440cb23"><Execution id="e6f420ca-c110-4f6d-ac1c-d44f2216211a" /><TestMethod codeBase="C:\workspaces\openkit-dotnet\tests\openkit-dotnetcore-2.0.Tests\bin\Release\netcoreapp2.0\openkit-dotnetcore-2.0.Tests.dll" adapterTypeName="executor://nunit3testexecutor/" className="Dynatrace.OpenKit.Protocol.HTTPClientTest" name="SendNewSessionRequestSendRequestToMonitorURL" /></UnitTest><UnitTest name="SendStatusRequestIsRetriedThreeTimesBeforeGivingUp" storage="c:\workspaces\openkit-dotnet\tests\openkit-dotnetcore-2.0.tests\bin\release\netcoreapp2.0\openkit-dotnetcore-2.0.tests.dll" id="a0cd24f9-3f12-4052-90dc-e9a7f94363ce"><Execution id="db3be422-fd3d-4624-91cb-c8a89c781c96" /><TestMethod codeBase="C:\workspaces\openkit-dotnet\tests\openkit-dotnetcore-2.0.Tests\bin\Release\netcoreapp2.0\openkit-dotnetcore-2.0.Tests.dll" adapterTypeName="executor://nunit3testexecutor/" className="Dynatrace.OpenKit.Protocol.HTTPClientTest" name="SendStatusRequestIsRetriedThreeTimesBeforeGivingUp" /></UnitTest><UnitTest name="InitCompleteIsNotCalledForNonInitialRequest" storage="c:\workspaces\openkit-dotnet\tests\openkit-dotnetcore-2.0.tests\bin\release\netcoreapp2.0\openkit-dotnetcore-2.0.tests.dll" id="01520cbf-2716-4d32-a7fe-a4dbeaa06098"><Execution id="ad04dff5-38ce-4e87-9bdf-305dd57cb57e" /><TestMethod codeBase="C:\workspaces\openkit-dotnet\tests\openkit-dotnetcore-2.0.Tests\bin\Release\netcoreapp2.0\openkit-dotnetcore-2.0.Tests.dll" adapterTypeName="executor://nunit3testexecutor/" className="Dynatrace.OpenKit.Core.Communication.BeaconSendingTimeSyncStateTest" name="InitCompleteIsNotCalledForNonInitialRequest" /></UnitTest><UnitTest name="TransitionToTimeSyncIsPerformedIfNotDoneYet" storage="c:\workspaces\openkit-dotnet\tests\openkit-dotnetcore-2.0.tests\bin\release\netcoreapp2.0\openkit-dotnetcore-2.0.tests.dll" id="faf66f22-f578-45fa-b7cd-eba447027f06"><Execution id="fcef6287-88af-472e-b334-0179b363736f" /><TestMethod codeBase="C:\workspaces\openkit-dotnet\tests\openkit-dotnetcore-2.0.Tests\bin\Release\netcoreapp2.0\openkit-dotnetcore-2.0.Tests.dll" adapterTypeName="executor://nunit3testexecutor/" className="Dynatrace.OpenKit.Core.Communication.BeaconSendingCaptureOffStateTest" name="TransitionToTimeSyncIsPerformedIfNotDoneYet" /></UnitTest><UnitTest name="SendBeaconRequestWorksIfResponseIsNull" storage="c:\workspaces\openkit-dotnet\tests\openkit-dotnetcore-2.0.tests\bin\release\netcoreapp2.0\openkit-dotnetcore-2.0.tests.dll" id="c0fbeb91-d078-459c-842a-067257f26c7b"><Execution id="090e65ab-a665-4ce3-bbce-1fdfb998b469" /><TestMethod codeBase="C:\workspaces\openkit-dotnet\tests\openkit-dotnetcore-2.0.Tests\bin\Release\netcoreapp2.0\openkit-dotnetcore-2.0.Tests.dll" adapterTypeName="executor://nunit3testexecutor/" className="Dynatrace.OpenKit.Protocol.HTTPClientTest" name="SendBeaconRequestWorksIfResponseIsNull" /></UnitTest><UnitTest name="ReportStringValueDoesNothingIfActionIsLeft" storage="c:\workspaces\openkit-dotnet\tests\openkit-dotnetcore-2.0.tests\bin\release\netcoreapp2.0\openkit-dotnetcore-2.0.tests.dll" id="7f4e6dea-a37b-4255-9cba-6c9048aefb8d"><Execution id="ec0126de-d104-42e6-94d4-fd24d4ca26e7" /><TestMethod codeBase="C:\workspaces\openkit-dotnet\tests\openkit-dotnetcore-2.0.Tests\bin\Release\netcoreapp2.0\openkit-dotnetcore-2.0.Tests.dll" adapterTypeName="executor://nunit3testexecutor/" className="Dynatrace.OpenKit.Core.ActionTest" name="ReportStringValueDoesNothingIfActionIsLeft" /></UnitTest><UnitTest name="StopCanOnlyBeExecutedOnce" storage="c:\workspaces\openkit-dotnet\tests\openkit-dotnetcore-2.0.tests\bin\release\netcoreapp2.0\openkit-dotnetcore-2.0.tests.dll" id="216f1967-14b8-44a1-9db6-7fd45923e1d5"><Execution id="556c3748-5f4c-48cc-8568-2c5a16e70b60" /><TestMethod codeBase="C:\workspaces\openkit-dotnet\tests\openkit-dotnetcore-2.0.Tests\bin\Release\netcoreapp2.0\openkit-dotnetcore-2.0.Tests.dll" adapterTypeName="executor://nunit3testexecutor/" className="Dynatrace.OpenKit.Core.WebRequestTracerBaseTest" name="StopCanOnlyBeExecutedOnce" /></UnitTest><UnitTest name="ParsingInvalidResponseSendTimeThrowsException" storage="c:\workspaces\openkit-dotnet\tests\openkit-dotnetcore-2.0.tests\bin\release\netcoreapp2.0\openkit-dotnetcore-2.0.tests.dll" id="d011c8f3-6172-48b0-84b3-cb8150be11bb"><Execution id="3ef86a5b-25c7-420d-a2df-b709d9be27a8" /><TestMethod codeBase="C:\workspaces\openkit-dotnet\tests\openkit-dotnetcore-2.0.Tests\bin\Release\netcoreapp2.0\openkit-dotnetcore-2.0.Tests.dll" adapterTypeName="executor://nunit3testexecutor/" className="Dynatrace.OpenKit.Protocol.TimeSyncResponseTest" name="ParsingInvalidResponseSendTimeThrowsException" /></UnitTest><UnitTest name="DataSizeInBytes" storage="c:\workspaces\openkit-dotnet\tests\openkit-dotnetcore-2.0.tests\bin\release\netcoreapp2.0\openkit-dotnetcore-2.0.tests.dll" id="93b2a38d-aa3e-43c5-9cee-07793d18d601"><Execution id="981eb0c1-64b0-4336-b38b-a93bae023151" /><TestMethod codeBase="C:\workspaces\openkit-dotnet\tests\openkit-dotnetcore-2.0.Tests\bin\Release\netcoreapp2.0\openkit-dotnetcore-2.0.Tests.dll" adapterTypeName="executor://nunit3testexecutor/" className="Dynatrace.OpenKit.Core.Caching.BeaconCacheRecordTest" name="DataSizeInBytes" /></UnitTest><UnitTest name="SessionIDIsAlwaysValue1OnDataCollectionLevel0" storage="c:\workspaces\openkit-dotnet\tests\openkit-dotnetcore-2.0.tests\bin\release\netcoreapp2.0\openkit-dotnetcore-2.0.tests.dll" id="3dcb0ff6-23fe-4ef1-bfb9-92d9a6428f38"><Execution id="35054f96-8b80-4bca-9d0e-d159f8f6891d" /><TestMethod codeBase="C:\workspaces\openkit-dotnet\tests\openkit-dotnetcore-2.0.Tests\bin\Release\netcoreapp2.0\openkit-dotnetcore-2.0.Tests.dll" adapterTypeName="executor://nunit3testexecutor/" className="Dynatrace.OpenKit.Protocol.BeaconTest" name="SessionIDIsAlwaysValue1OnDataCollectionLevel0" /></UnitTest><UnitTest name="RemoveRecordsOlderThanRemovesNothingIfNoActionOrEventDataExists" storage="c:\workspaces\openkit-dotnet\tests\openkit-dotnetcore-2.0.tests\bin\release\netcoreapp2.0\openkit-dotnetcore-2.0.tests.dll" id="ead75d79-e07b-4fc0-ad31-a16b558491b2"><Execution id="6e446606-ccab-44c9-a667-0ec3b4a13626" /><TestMethod codeBase="C:\workspaces\openkit-dotnet\tests\openkit-dotnetcore-2.0.Tests\bin\Release\netcoreapp2.0\openkit-dotnetcore-2.0.Tests.dll" adapterTypeName="executor://nunit3testexecutor/" className="Dynatrace.OpenKit.Core.Caching.BeaconCacheEntryTest" name="RemoveRecordsOlderThanRemovesNothingIfNoActionOrEventDataExists" /></UnitTest><UnitTest name="CaptureErrorsIsFalseWhenItIsEqualToZero" storage="c:\workspaces\openkit-dotnet\tests\openkit-dotnetcore-2.0.tests\bin\release\netcoreapp2.0\openkit-dotnetcore-2.0.tests.dll" id="9c7f81cc-7f9f-4e6f-9755-598c019ad2de"><Execution id="f491c0bb-90e7-4614-a92e-7d2b8a042bde" /><TestMethod codeBase="C:\workspaces\openkit-dotnet\tests\openkit-dotnetcore-2.0.Tests\bin\Release\netcoreapp2.0\openkit-dotnetcore-2.0.Tests.dll" adapterTypeName="executor://nunit3testexecutor/" className="Dynatrace.OpenKit.Protocol.StatusResponseTest" name="CaptureErrorsIsFalseWhenItIsEqualToZero" /></UnitTest><UnitTest name="IpV6AddressHexCompressedIsValidBlock1" storage="c:\workspaces\openkit-dotnet\tests\openkit-dotnetcore-2.0.tests\bin\release\netcoreapp2.0\openkit-dotnetcore-2.0.tests.dll" id="0e7ca7c0-daa4-4351-8bd4-485f158d1142"><Execution id="17bdca43-004f-413e-a469-755525fb0415" /><TestMethod codeBase="C:\workspaces\openkit-dotnet\tests\openkit-dotnetcore-2.0.Tests\bin\Release\netcoreapp2.0\openkit-dotnetcore-2.0.Tests.dll" adapterTypeName="executor://nunit3testexecutor/" className="Dynatrace.OpenKit.Core.Util.InetAddressValidatorTest" name="IpV6AddressHexCompressedIsValidBlock1" /></UnitTest><UnitTest name="InfoLogsAppropriateMessage" storage="c:\workspaces\openkit-dotnet\tests\openkit-dotnetcore-2.0.tests\bin\release\netcoreapp2.0\openkit-dotnetcore-2.0.tests.dll" id="bcf4b81b-f3b1-42f9-ac84-8d51005d0c51"><Execution id="60763563-cb99-46fa-b0c7-67b2b78b6d2d" /><TestMethod codeBase="C:\workspaces\openkit-dotnet\tests\openkit-dotnetcore-2.0.Tests\bin\Release\netcoreapp2.0\openkit-dotnetcore-2.0.Tests.dll" adapterTypeName="executor://nunit3testexecutor/" className="Dynatrace.OpenKit.Core.DefaultLoggerTest" name="InfoLogsAppropriateMessage" /></UnitTest><UnitTest name="DeleteCacheEntryDoesNotRaiseEvent" storage="c:\workspaces\openkit-dotnet\tests\openkit-dotnetcore-2.0.tests\bin\release\netcoreapp2.0\openkit-dotnetcore-2.0.tests.dll" id="30e9f483-594e-45cc-8e8c-ffba9ef1d0b0"><Execution id="1df51ee4-33ef-4f44-be11-3deed608b0b5" /><TestMethod codeBase="C:\workspaces\openkit-dotnet\tests\openkit-dotnetcore-2.0.Tests\bin\Release\netcoreapp2.0\openkit-dotnetcore-2.0.Tests.dll" adapterTypeName="executor://nunit3testexecutor/" className="Dynatrace.OpenKit.Core.Caching.BeaconCacheTest" name="DeleteCacheEntryDoesNotRaiseEvent" /></UnitTest><UnitTest name="AfterCallingEndASessionIsEnded" storage="c:\workspaces\openkit-dotnet\tests\openkit-dotnetcore-2.0.tests\bin\release\netcoreapp2.0\openkit-dotnetcore-2.0.tests.dll" id="dac46caf-e002-4d61-a2dc-ccb119c79326"><Execution id="9e2c885f-6ec8-435d-b11d-b82f79707acc" /><TestMethod codeBase="C:\workspaces\openkit-dotnet\tests\openkit-dotnetcore-2.0.Tests\bin\Release\netcoreapp2.0\openkit-dotnetcore-2.0.Tests.dll" adapterTypeName="executor://nunit3testexecutor/" className="Dynatrace.OpenKit.Core.SessionTest" name="AfterCallingEndASessionIsEnded" /></UnitTest><UnitTest name="SendTimeSyncRequestReturnsErrorCode" storage="c:\workspaces\openkit-dotnet\tests\openkit-dotnetcore-2.0.tests\bin\release\netcoreapp2.0\openkit-dotnetcore-2.0.tests.dll" id="de423dd5-c0d6-40f6-981e-946866a3891d"><Execution id="f7f16da2-65b9-4e9a-bddf-7a30e1c199d3" /><TestMethod codeBase="C:\workspaces\openkit-dotnet\tests\openkit-dotnetcore-2.0.Tests\bin\Release\netcoreapp2.0\openkit-dotnetcore-2.0.Tests.dll" adapterTypeName="executor://nunit3testexecutor/" className="Dynatrace.OpenKit.Protocol.HTTPClientTest" name="SendTimeSyncRequestReturnsErrorCode" /></UnitTest><UnitTest name="CanOverrideTrustManagerForDynatrace" storage="c:\workspaces\openkit-dotnet\tests\openkit-dotnetcore-2.0.tests\bin\release\netcoreapp2.0\openkit-dotnetcore-2.0.tests.dll" id="f35052f1-999f-4799-bdfe-56a69b94044d"><Execution id="e6d6e809-476c-40b4-919b-fe41e293d027" /><TestMethod codeBase="C:\workspaces\openkit-dotnet\tests\openkit-dotnetcore-2.0.Tests\bin\Release\netcoreapp2.0\openkit-dotnetcore-2.0.Tests.dll" adapterTypeName="executor://nunit3testexecutor/" className="Dynatrace.OpenKit.OpenKitBuilderTest" name="CanOverrideTrustManagerForDynatrace" /></UnitTest><UnitTest name="SameInstancesHaveSameHashCode" storage="c:\workspaces\openkit-dotnet\tests\openkit-dotnetcore-2.0.tests\bin\release\netcoreapp2.0\openkit-dotnetcore-2.0.tests.dll" id="7c49cb11-0f68-4eeb-a24e-29a2ea70bdd0"><Execution id="0d78ad72-bbf6-43aa-a602-bd1ca3802aec" /><TestMethod codeBase="C:\workspaces\openkit-dotnet\tests\openkit-dotnetcore-2.0.Tests\bin\Release\netcoreapp2.0\openkit-dotnetcore-2.0.Tests.dll" adapterTypeName="executor://nunit3testexecutor/" className="Dynatrace.OpenKit.Core.Caching.BeaconCacheRecordTest" name="SameInstancesHaveSameHashCode" /></UnitTest><UnitTest name="TheSessionIsFinishedAfterCallingFinishSession" storage="c:\workspaces\openkit-dotnet\tests\openkit-dotnetcore-2.0.tests\bin\release\netcoreapp2.0\openkit-dotnetcore-2.0.tests.dll" id="ca02e348-5361-4e27-944c-5096d82a0c08"><Execution id="3f06ae9c-ffb6-4804-90b7-35566ec3b50d" /><TestMethod codeBase="C:\workspaces\openkit-dotnet\tests\openkit-dotnetcore-2.0.Tests\bin\Release\netcoreapp2.0\openkit-dotnetcore-2.0.Tests.dll" adapterTypeName="executor://nunit3testexecutor/" className="Dynatrace.OpenKit.Core.Communication.SessionWrapperTest" name="TheSessionIsFinishedAfterCallingFinishSession" /></UnitTest><UnitTest name="IpV4AddressIsInvalidDoubleColonsInsteadOfPoints" storage="c:\workspaces\openkit-dotnet\tests\openkit-dotnetcore-2.0.tests\bin\release\netcoreapp2.0\openkit-dotnetcore-2.0.tests.dll" id="04bece06-59fe-4e39-842e-a17cf22372fd"><Execution id="972cf0d4-1856-4c1b-bf1f-aeb352dd6f0b" /><TestMethod codeBase="C:\workspaces\openkit-dotnet\tests\openkit-dotnetcore-2.0.Tests\bin\Release\netcoreapp2.0\openkit-dotnetcore-2.0.Tests.dll" adapterTypeName="executor://nunit3testexecutor/" className="Dynatrace.OpenKit.Core.Util.InetAddressValidatorTest" name="IpV4AddressIsInvalidDoubleColonsInsteadOfPoints" /></UnitTest><UnitTest name="AddActionDataIncreasesCacheSize" storage="c:\workspaces\openkit-dotnet\tests\openkit-dotnetcore-2.0.tests\bin\release\netcoreapp2.0\openkit-dotnetcore-2.0.tests.dll" id="6d486302-6f88-4b8c-acf2-5d0d0e900975"><Execution id="9a7c9e99-a38f-49d3-981f-9371f5f46cf6" /><TestMethod codeBase="C:\workspaces\openkit-dotnet\tests\openkit-dotnetcore-2.0.Tests\bin\Release\netcoreapp2.0\openkit-dotnetcore-2.0.Tests.dll" adapterTypeName="executor://nunit3testexecutor/" className="Dynatrace.OpenKit.Core.Caching.BeaconCacheTest" name="AddActionDataIncreasesCacheSize" /></UnitTest><UnitTest name="LastStatusCheckTimeIsSet" storage="c:\workspaces\openkit-dotnet\tests\openkit-dotnetcore-2.0.tests\bin\release\netcoreapp2.0\openkit-dotnetcore-2.0.tests.dll" id="45d3abae-fc40-4889-a0ae-5525d1483ffd"><Execution id="c8dcc76c-7822-42bf-a37d-9ca81aa70d68" /><TestMethod codeBase="C:\workspaces\openkit-dotnet\tests\openkit-dotnetcore-2.0.Tests\bin\Release\netcoreapp2.0\openkit-dotnetcore-2.0.Tests.dll" adapterTypeName="executor://nunit3testexecutor/" className="Dynatrace.OpenKit.Core.Communication.BeaconSendingContextTest" name="LastStatusCheckTimeIsSet" /></UnitTest><UnitTest name="SendTimeSyncRequestReturnsAnUnknownErrorResponseForUnparseableStatusResponse" storage="c:\workspaces\openkit-dotnet\tests\openkit-dotnetcore-2.0.tests\bin\release\netcoreapp2.0\openkit-dotnetcore-2.0.tests.dll" id="40aef9aa-1587-47a0-b7e6-3f80b9cf68cb"><Execution id="0bb7da7f-867a-4900-bdaa-547076633dd5" /><TestMethod codeBase="C:\workspaces\openkit-dotnet\tests\openkit-dotnetcore-2.0.Tests\bin\Release\netcoreapp2.0\openkit-dotnetcore-2.0.Tests.dll" adapterTypeName="executor://nunit3testexecutor/" className="Dynatrace.OpenKit.Protocol.HTTPClientTest" name="SendTimeSyncRequestReturnsAnUnknownErrorResponseForUnparseableStatusResponse" /></UnitTest><UnitTest name="StateIsNotTerminal" storage="c:\workspaces\openkit-dotnet\tests\openkit-dotnetcore-2.0.tests\bin\release\netcoreapp2.0\openkit-dotnetcore-2.0.tests.dll" id="3a92aa11-e1e6-47b9-b832-a81c3af3c754"><Execution id="22c44db1-ea25-4c53-b12a-6cb3480e0c6b" /><TestMethod codeBase="C:\workspaces\openkit-dotnet\tests\openkit-dotnetcore-2.0.Tests\bin\Release\netcoreapp2.0\openkit-dotnetcore-2.0.Tests.dll" adapterTypeName="executor://nunit3testexecutor/" className="Dynatrace.OpenKit.Core.Communication.BeaconSendingCaptureOffStateTest" name="StateIsNotTerminal" /></UnitTest><UnitTest name="ReportDoubleValue" storage="c:\workspaces\openkit-dotnet\tests\openkit-dotnetcore-2.0.tests\bin\release\netcoreapp2.0\openkit-dotnetcore-2.0.tests.dll" id="304d61c9-088a-4a40-ae69-add5ad54f780"><Execution id="4371e755-b320-40a4-854f-fd01587aff1d" /><TestMethod codeBase="C:\workspaces\openkit-dotnet\tests\openkit-dotnetcore-2.0.Tests\bin\Release\netcoreapp2.0\openkit-dotnetcore-2.0.Tests.dll" adapterTypeName="executor://nunit3testexecutor/" className="Dynatrace.OpenKit.Core.ActionTest" name="ReportDoubleValue" /></UnitTest><UnitTest name="IpV6AddressValid_RFCEmptyBlockNotShortened" storage="c:\workspaces\openkit-dotnet\tests\openkit-dotnetcore-2.0.tests\bin\release\netcoreapp2.0\openkit-dotnetcore-2.0.tests.dll" id="aa0adec3-c90e-4b10-9832-197a79da3023"><Execution id="2390a6af-675a-461e-a531-89050b9dda0c" /><TestMethod codeBase="C:\workspaces\openkit-dotnet\tests\openkit-dotnetcore-2.0.Tests\bin\Release\netcoreapp2.0\openkit-dotnetcore-2.0.Tests.dll" adapterTypeName="executor://nunit3testexecutor/" className="Dynatrace.OpenKit.Core.Util.InetAddressValidatorTest" name="IpV6AddressValid_RFCEmptyBlockNotShortened" /></UnitTest><UnitTest name="CanGetHttpClient" storage="c:\workspaces\openkit-dotnet\tests\openkit-dotnetcore-2.0.tests\bin\release\netcoreapp2.0\openkit-dotnetcore-2.0.tests.dll" id="cdd4bf94-4d5e-4248-8eb6-fb1189d2c85a"><Execution id="6fd49c5e-b34a-4334-a307-bf38a606685a" /><TestMethod codeBase="C:\workspaces\openkit-dotnet\tests\openkit-dotnetcore-2.0.Tests\bin\Release\netcoreapp2.0\openkit-dotnetcore-2.0.Tests.dll" adapterTypeName="executor://nunit3testexecutor/" className="Dynatrace.OpenKit.Core.Communication.BeaconSendingContextTest" name="CanGetHttpClient" /></UnitTest><UnitTest name="TraceWebRequestGivesNullWebRequestTracerIfUrlHasAnInvalidScheme" storage="c:\workspaces\openkit-dotnet\tests\openkit-dotnetcore-2.0.tests\bin\release\netcoreapp2.0\openkit-dotnetcore-2.0.tests.dll" id="671931a4-02e5-4394-9284-4018a620c8b2"><Execution id="e4887c0e-bf1c-4692-a2d5-bb4bdecb6250" /><TestMethod codeBase="C:\workspaces\openkit-dotnet\tests\openkit-dotnetcore-2.0.Tests\bin\Release\netcoreapp2.0\openkit-dotnetcore-2.0.Tests.dll" adapterTypeName="executor://nunit3testexecutor/" className="Dynatrace.OpenKit.Core.ActionTest" name="TraceWebRequestGivesNullWebRequestTracerIfUrlHasAnInvalidScheme" /></UnitTest><UnitTest name="NoErrorIsReportedIfBeaconConfigurationDisablesCapturing" storage="c:\workspaces\openkit-dotnet\tests\openkit-dotnetcore-2.0.tests\bin\release\netcoreapp2.0\openkit-dotnetcore-2.0.tests.dll" id="ff030ab6-a037-4d8b-865c-be71edd33c52"><Execution id="4051e144-35af-4ef7-b971-9f4396660130" /><TestMethod codeBase="C:\workspaces\openkit-dotnet\tests\openkit-dotnetcore-2.0.Tests\bin\Release\netcoreapp2.0\openkit-dotnetcore-2.0.Tests.dll" adapterTypeName="executor://nunit3testexecutor/" className="Dynatrace.OpenKit.Protocol.BeaconTest" name="NoErrorIsReportedIfBeaconConfigurationDisablesCapturing" /></UnitTest><UnitTest name="ADefaultConstructedConfigurationUsesStrictTrustManager" storage="c:\workspaces\openkit-dotnet\tests\openkit-dotnetcore-2.0.tests\bin\release\netcoreapp2.0\openkit-dotnetcore-2.0.tests.dll" id="025d6b55-de0b-4e83-84a4-870d6f6993c6"><Execution id="1380937d-4a9d-4945-9290-4c2b39388db4" /><TestMethod codeBase="C:\workspaces\openkit-dotnet\tests\openkit-dotnetcore-2.0.Tests\bin\Release\netcoreapp2.0\openkit-dotnetcore-2.0.Tests.dll" adapterTypeName="executor://nunit3testexecutor/" className="Dynatrace.OpenKit.Core.Configuration.OpenKitConfigurationTest" name="ADefaultConstructedConfigurationUsesStrictTrustManager" /></UnitTest><UnitTest name="TransitionToCaptureOnIsPerformedOnSuccess" storage="c:\workspaces\openkit-dotnet\tests\openkit-dotnetcore-2.0.tests\bin\release\netcoreapp2.0\openkit-dotnetcore-2.0.tests.dll" id="ee145ad1-d58d-4c91-9e8e-6598ede6a114"><Execution id="3f45cb83-a736-4624-96dc-c03ac4b6ff08" /><TestMethod codeBase="C:\workspaces\openkit-dotnet\tests\openkit-dotnetcore-2.0.Tests\bin\Release\netcoreapp2.0\openkit-dotnetcore-2.0.Tests.dll" adapterTypeName="executor://nunit3testexecutor/" className="Dynatrace.OpenKit.Core.Communication.BeaconSendingTimeSyncStateTest" name="TransitionToCaptureOnIsPerformedOnSuccess" /></UnitTest><UnitTest name="ResetChunkedRestoresCacheSize" storage="c:\workspaces\openkit-dotnet\tests\openkit-dotnetcore-2.0.tests\bin\release\netcoreapp2.0\openkit-dotnetcore-2.0.tests.dll" id="6e4ce8b0-be2b-40fb-a413-2bde9e4f8db2"><Execution id="62b03d13-1c8e-435e-8fa8-593c394c51c0" /><TestMethod codeBase="C:\workspaces\openkit-dotnet\tests\openkit-dotnetcore-2.0.Tests\bin\Release\netcoreapp2.0\openkit-dotnetcore-2.0.Tests.dll" adapterTypeName="executor://nunit3testexecutor/" className="Dynatrace.OpenKit.Core.Caching.BeaconCacheTest" name="ResetChunkedRestoresCacheSize" /></UnitTest><UnitTest name="ParsingInvalidMaxBeaconSizeThrowsException" storage="c:\workspaces\openkit-dotnet\tests\openkit-dotnetcore-2.0.tests\bin\release\netcoreapp2.0\openkit-dotnetcore-2.0.tests.dll" id="fd4d899d-1c0a-4bac-a491-c08b816f8f48"><Execution id="5ca3ca95-251e-4d8d-8d89-01fc239ad98e" /><TestMethod codeBase="C:\workspaces\openkit-dotnet\tests\openkit-dotnetcore-2.0.Tests\bin\Release\netcoreapp2.0\openkit-dotnetcore-2.0.Tests.dll" adapterTypeName="executor://nunit3testexecutor/" className="Dynatrace.OpenKit.Protocol.StatusResponseTest" name="ParsingInvalidMaxBeaconSizeThrowsException" /></UnitTest><UnitTest name="AddEventDataAddsDataToAlreadyExistingBeaconId" storage="c:\workspaces\openkit-dotnet\tests\openkit-dotnetcore-2.0.tests\bin\release\netcoreapp2.0\openkit-dotnetcore-2.0.tests.dll" id="bc3c9f0c-774e-4cff-bcb8-148c67abf09a"><Execution id="125f1274-0948-4eaa-bdf0-351ddc7ec25e" /><TestMethod codeBase="C:\workspaces\openkit-dotnet\tests\openkit-dotnetcore-2.0.Tests\bin\Release\netcoreapp2.0\openkit-dotnetcore-2.0.Tests.dll" adapterTypeName="executor://nunit3testexecutor/" className="Dynatrace.OpenKit.Core.Caching.BeaconCacheTest" name="AddEventDataAddsDataToAlreadyExistingBeaconId" /></UnitTest><UnitTest name="TraceWebRequestGivesNullWebRequestTracerIfSessionIsAlreadyEnded" storage="c:\workspaces\openkit-dotnet\tests\openkit-dotnetcore-2.0.tests\bin\release\netcoreapp2.0\openkit-dotnetcore-2.0.tests.dll" id="b0b52bc8-4e98-4c22-88ba-150f04addac6"><Execution id="696d25a7-2508-4de6-9e58-0557beb4b5df" /><TestMethod codeBase="C:\workspaces\openkit-dotnet\tests\openkit-dotnetcore-2.0.Tests\bin\Release\netcoreapp2.0\openkit-dotnetcore-2.0.Tests.dll" adapterTypeName="executor://nunit3testexecutor/" className="Dynatrace.OpenKit.Core.SessionTest" name="TraceWebRequestGivesNullWebRequestTracerIfSessionIsAlreadyEnded" /></UnitTest><UnitTest name="CanInterruptLongSleep" storage="c:\workspaces\openkit-dotnet\tests\openkit-dotnetcore-2.0.tests\bin\release\netcoreapp2.0\openkit-dotnetcore-2.0.tests.dll" id="c4cb0596-7106-4bce-8d7e-cbf5fac8078c"><Execution id="861aacce-8375-4752-bce5-eb01825d2319" /><TestMethod codeBase="C:\workspaces\openkit-dotnet\tests\openkit-dotnetcore-2.0.Tests\bin\Release\netcoreapp2.0\openkit-dotnetcore-2.0.Tests.dll" adapterTypeName="executor://nunit3testexecutor/" className="Dynatrace.OpenKit.Core.Communication.BeaconSendingContextTest" name="CanInterruptLongSleep" /></UnitTest><UnitTest name="LeavingRootActionReturnsNullValueAsParent" storage="c:\workspaces\openkit-dotnet\tests\openkit-dotnetcore-2.0.tests\bin\release\netcoreapp2.0\openkit-dotnetcore-2.0.tests.dll" id="c9d4a64f-bd04-4ae0-af62-c6ed0191fa2f"><Execution id="024e13c8-08c5-4a7b-9ede-d08efa7f9cce" /><TestMethod codeBase="C:\workspaces\openkit-dotnet\tests\openkit-dotnetcore-2.0.Tests\bin\Release\netcoreapp2.0\openkit-dotnetcore-2.0.Tests.dll" adapterTypeName="executor://nunit3testexecutor/" className="Dynatrace.OpenKit.Core.RootActionTest" name="LeavingRootActionReturnsNullValueAsParent" /></UnitTest><UnitTest name="StartSetsTheStartTime" storage="c:\workspaces\openkit-dotnet\tests\openkit-dotnetcore-2.0.tests\bin\release\netcoreapp2.0\openkit-dotnetcore-2.0.tests.dll" id="1216dc79-3632-46cd-9615-99372ebb4fc7"><Execution id="4b2a3fe7-378f-450f-b377-d79b3b99189d" /><TestMethod codeBase="C:\workspaces\openkit-dotnet\tests\openkit-dotnetcore-2.0.Tests\bin\Release\netcoreapp2.0\openkit-dotnetcore-2.0.Tests.dll" adapterTypeName="executor://nunit3testexecutor/" className="Dynatrace.OpenKit.Core.WebRequestTracerBaseTest" name="StartSetsTheStartTime" /></UnitTest><UnitTest name="ShouldRunGivesTrueIfLastRunIsMoreThanMaxAgeMillisecondsAgo" storage="c:\workspaces\openkit-dotnet\tests\openkit-dotnetcore-2.0.tests\bin\release\netcoreapp2.0\openkit-dotnetcore-2.0.tests.dll" id="9c2f80be-fbea-43f0-8d3b-50f80548dd29"><Execution id="6ba12806-10d4-4df2-b79c-a3e7f03f9ee1" /><TestMethod codeBase="C:\workspaces\openkit-dotnet\tests\openkit-dotnetcore-2.0.Tests\bin\Release\netcoreapp2.0\openkit-dotnetcore-2.0.Tests.dll" adapterTypeName="executor://nunit3testexecutor/" className="Dynatrace.OpenKit.Core.Caching.TimeEvicitionStrategyTest" name="ShouldRunGivesTrueIfLastRunIsMoreThanMaxAgeMillisecondsAgo" /></UnitTest><UnitTest name="SendTimeSyncRequestSendsOneHTTPGetRequest" storage="c:\workspaces\openkit-dotnet\tests\openkit-dotnetcore-2.0.tests\bin\release\netcoreapp2.0\openkit-dotnetcore-2.0.tests.dll" id="144498d5-c707-45c4-831b-0d36a9703dc5"><Execution id="7a1deab4-899f-493f-82f0-68348178b414" /><TestMethod codeBase="C:\workspaces\openkit-dotnet\tests\openkit-dotnetcore-2.0.Tests\bin\Release\netcoreapp2.0\openkit-dotnetcore-2.0.Tests.dll" adapterTypeName="executor://nunit3testexecutor/" className="Dynatrace.OpenKit.Protocol.HTTPClientTest" name="SendTimeSyncRequestSendsOneHTTPGetRequest" /></UnitTest><UnitTest name="IpV6AddressIsInvalidTooManyBlocks" storage="c:\workspaces\openkit-dotnet\tests\openkit-dotnetcore-2.0.tests\bin\release\netcoreapp2.0\openkit-dotnetcore-2.0.tests.dll" id="b5c05ee3-4e99-4230-aade-a9774a0ecef5"><Execution id="1440f2b3-d1ee-4caa-b745-e25e43da7861" /><TestMethod codeBase="C:\workspaces\openkit-dotnet\tests\openkit-dotnetcore-2.0.Tests\bin\Release\netcoreapp2.0\openkit-dotnetcore-2.0.Tests.dll" adapterTypeName="executor://nunit3testexecutor/" className="Dynatrace.OpenKit.Core.Util.InetAddressValidatorTest" name="IpV6AddressIsInvalidTooManyBlocks" /></UnitTest><UnitTest name="TwoInstancesAreNotEqualIfDataDiffers" storage="c:\workspaces\openkit-dotnet\tests\openkit-dotnetcore-2.0.tests\bin\release\netcoreapp2.0\openkit-dotnetcore-2.0.tests.dll" id="a8963bb1-386c-4b08-ade2-a62d632a6465"><Execution id="f6304b14-5965-4c09-a49b-5a975de058dd" /><TestMethod codeBase="C:\workspaces\openkit-dotnet\tests\openkit-dotnetcore-2.0.Tests\bin\Release\netcoreapp2.0\openkit-dotnetcore-2.0.Tests.dll" adapterTypeName="executor://nunit3testexecutor/" className="Dynatrace.OpenKit.Core.Caching.BeaconCacheRecordTest" name="TwoInstancesAreNotEqualIfDataDiffers" /></UnitTest><UnitTest name="SendStatusRequestReturnsErrorCode" storage="c:\workspaces\openkit-dotnet\tests\openkit-dotnetcore-2.0.tests\bin\release\netcoreapp2.0\openkit-dotnetcore-2.0.tests.dll" id="2960c4f1-6210-43b3-8fe9-f9700e6160a7"><Execution id="23644533-cf03-4411-ab8f-53edc4a04dd6" /><TestMethod codeBase="C:\workspaces\openkit-dotnet\tests\openkit-dotnetcore-2.0.Tests\bin\Release\netcoreapp2.0\openkit-dotnetcore-2.0.Tests.dll" adapterTypeName="executor://nunit3testexecutor/" className="Dynatrace.OpenKit.Protocol.HTTPClientTest" name="SendStatusRequestReturnsErrorCode" /></UnitTest><UnitTest name="TheDefaultRequestReceiveTimeIsMinusOne" storage="c:\workspaces\openkit-dotnet\tests\openkit-dotnetcore-2.0.tests\bin\release\netcoreapp2.0\openkit-dotnetcore-2.0.tests.dll" id="ae254cda-5566-48c2-b601-23420f39d6b7"><Execution id="25347c47-824b-40d9-826a-c5b20419972e" /><TestMethod codeBase="C:\workspaces\openkit-dotnet\tests\openkit-dotnetcore-2.0.Tests\bin\Release\netcoreapp2.0\openkit-dotnetcore-2.0.Tests.dll" adapterTypeName="executor://nunit3testexecutor/" className="Dynatrace.OpenKit.Protocol.TimeSyncResponseTest" name="TheDefaultRequestReceiveTimeIsMinusOne" /></UnitTest><UnitTest name="SessionStartIsReported" storage="c:\workspaces\openkit-dotnet\tests\openkit-dotnetcore-2.0.tests\bin\release\netcoreapp2.0\openkit-dotnetcore-2.0.tests.dll" id="6524b04e-46e5-426a-b3fe-d5e5ba0461ac"><Execution id="c66d9764-6de5-4a99-ad8e-9fd24de5ac97" /><TestMethod codeBase="C:\workspaces\openkit-dotnet\tests\openkit-dotnetcore-2.0.Tests\bin\Release\netcoreapp2.0\openkit-dotnetcore-2.0.Tests.dll" adapterTypeName="executor://nunit3testexecutor/" className="Dynatrace.OpenKit.Protocol.BeaconTest" name="SessionStartIsReported" /></UnitTest><UnitTest name="ReportCrashDoesNotReportOnDataCollectionLevel1" storage="c:\workspaces\openkit-dotnet\tests\openkit-dotnetcore-2.0.tests\bin\release\netcoreapp2.0\openkit-dotnetcore-2.0.tests.dll" id="5455daf4-1a72-40de-a34a-5b7a69dd8965"><Execution id="09ba9013-9cd7-42b0-a3d3-9bbc07e932bc" /><TestMethod codeBase="C:\workspaces\openkit-dotnet\tests\openkit-dotnetcore-2.0.Tests\bin\Release\netcoreapp2.0\openkit-dotnetcore-2.0.Tests.dll" adapterTypeName="executor://nunit3testexecutor/" className="Dynatrace.OpenKit.Protocol.BeaconTest" name="ReportCrashDoesNotReportOnDataCollectionLevel1" /></UnitTest><UnitTest name="IpV6AddressIsInvalidIllegalCharacter" storage="c:\workspaces\openkit-dotnet\tests\openkit-dotnetcore-2.0.tests\bin\release\netcoreapp2.0\openkit-dotnetcore-2.0.tests.dll" id="2e3fd696-4623-4389-a19c-763d445c8b76"><Execution id="7733eb25-1aab-4015-a56a-7708f2682119" /><TestMethod codeBase="C:\workspaces\openkit-dotnet\tests\openkit-dotnetcore-2.0.Tests\bin\Release\netcoreapp2.0\openkit-dotnetcore-2.0.Tests.dll" adapterTypeName="executor://nunit3testexecutor/" className="Dynatrace.OpenKit.Core.Util.InetAddressValidatorTest" name="IpV6AddressIsInvalidIllegalCharacter" /></UnitTest><UnitTest name="LeavingAnActionSetsTheEndTimestamp" storage="c:\workspaces\openkit-dotnet\tests\openkit-dotnetcore-2.0.tests\bin\release\netcoreapp2.0\openkit-dotnetcore-2.0.tests.dll" id="ac8da6a6-e7aa-462f-9197-38326c53a74b"><Execution id="28efc29d-4f3d-4b74-b234-95882d6d6631" /><TestMethod codeBase="C:\workspaces\openkit-dotnet\tests\openkit-dotnetcore-2.0.Tests\bin\Release\netcoreapp2.0\openkit-dotnetcore-2.0.Tests.dll" adapterTypeName="executor://nunit3testexecutor/" className="Dynatrace.OpenKit.Core.ActionTest" name="LeavingAnActionSetsTheEndTimestamp" /></UnitTest><UnitTest name="NoStringValueIsReportedIfBeaconConfigurationDisablesCapturing" storage="c:\workspaces\openkit-dotnet\tests\openkit-dotnetcore-2.0.tests\bin\release\netcoreapp2.0\openkit-dotnetcore-2.0.tests.dll" id="87cd3276-e951-4a21-a2ef-b93ad2bce41f"><Execution id="ac723480-eb10-4252-a77e-2bf9d13f777c" /><TestMethod codeBase="C:\workspaces\openkit-dotnet\tests\openkit-dotnetcore-2.0.Tests\bin\Release\netcoreapp2.0\openkit-dotnetcore-2.0.Tests.dll" adapterTypeName="executor://nunit3testexecutor/" className="Dynatrace.OpenKit.Protocol.BeaconTest" name="NoStringValueIsReportedIfBeaconConfigurationDisablesCapturing" /></UnitTest><UnitTest name="OddNumberOfTokensThrowsException" storage="c:\workspaces\openkit-dotnet\tests\openkit-dotnetcore-2.0.tests\bin\release\netcoreapp2.0\openkit-dotnetcore-2.0.tests.dll" id="af3d5d3f-cc6a-4e54-bc6d-6e3144258dd9"><Execution id="d1bb0e84-4a40-4a91-9d0a-6aa87d48a8d7" /><TestMethod codeBase="C:\workspaces\openkit-dotnet\tests\openkit-dotnetcore-2.0.Tests\bin\Release\netcoreapp2.0\openkit-dotnetcore-2.0.Tests.dll" adapterTypeName="executor://nunit3testexecutor/" className="Dynatrace.OpenKit.Protocol.StatusResponseTest" name="OddNumberOfTokensThrowsException" /></UnitTest><UnitTest name="EnableAndDisableCapturing" storage="c:\workspaces\openkit-dotnet\tests\openkit-dotnetcore-2.0.tests\bin\release\netcoreapp2.0\openkit-dotnetcore-2.0.tests.dll" id="501c2771-396f-4563-ab48-94068b725413"><Execution id="2306904a-d8e1-42dc-8731-92e9f98dcd5e" /><TestMethod codeBase="C:\workspaces\openkit-dotnet\tests\openkit-dotnetcore-2.0.Tests\bin\Release\netcoreapp2.0\openkit-dotnetcore-2.0.Tests.dll" adapterTypeName="executor://nunit3testexecutor/" className="Dynatrace.OpenKit.Core.Configuration.OpenKitConfigurationTest" name="EnableAndDisableCapturing" /></UnitTest><UnitTest name="SendNewSessionRequestReturnsAnUnknownErrorResponseForUnparseableStatusResponse" storage="c:\workspaces\openkit-dotnet\tests\openkit-dotnetcore-2.0.tests\bin\release\netcoreapp2.0\openkit-dotnetcore-2.0.tests.dll" id="88dfa9f7-c944-4632-8cc7-8ddbe08b05c3"><Execution id="224a35fe-7c16-4e88-85bb-6e7f3bb309ce" /><TestMethod codeBase="C:\workspaces\openkit-dotnet\tests\openkit-dotnetcore-2.0.Tests\bin\Release\netcoreapp2.0\openkit-dotnetcore-2.0.Tests.dll" adapterTypeName="executor://nunit3testexecutor/" className="Dynatrace.OpenKit.Protocol.HTTPClientTest" name="SendNewSessionRequestReturnsAnUnknownErrorResponseForUnparseableStatusResponse" /></UnitTest><UnitTest name="IsEmptyCallsWrappedSession" storage="c:\workspaces\openkit-dotnet\tests\openkit-dotnetcore-2.0.tests\bin\release\netcoreapp2.0\openkit-dotnetcore-2.0.tests.dll" id="517298c8-37b3-45f6-9b5f-c09d938a3996"><Execution id="469d53e3-a336-4b75-a4a9-7787c93d0439" /><TestMethod codeBase="C:\workspaces\openkit-dotnet\tests\openkit-dotnetcore-2.0.Tests\bin\Release\netcoreapp2.0\openkit-dotnetcore-2.0.Tests.dll" adapterTypeName="executor://nunit3testexecutor/" className="Dynatrace.OpenKit.Core.Communication.SessionWrapperTest" name="IsEmptyCallsWrappedSession" /></UnitTest><UnitTest name="LastStatusCheckTimeIsSetInExecute" storage="c:\workspaces\openkit-dotnet\tests\openkit-dotnetcore-2.0.tests\bin\release\netcoreapp2.0\openkit-dotnetcore-2.0.tests.dll" id="b90f97d7-4dbc-49ff-b318-db5bace275a2"><Execution id="e406d37f-ad8f-4d6a-92a2-624ed8721ded" /><TestMethod codeBase="C:\workspaces\openkit-dotnet\tests\openkit-dotnetcore-2.0.Tests\bin\Release\netcoreapp2.0\openkit-dotnetcore-2.0.Tests.dll" adapterTypeName="executor://nunit3testexecutor/" className="Dynatrace.OpenKit.Core.Communication.BeaconSendingInitStateTest" name="LastStatusCheckTimeIsSetInExecute" /></UnitTest><UnitTest name="SessionStartIsReportedForDataCollectionLevel2" storage="c:\workspaces\openkit-dotnet\tests\openkit-dotnetcore-2.0.tests\bin\release\netcoreapp2.0\openkit-dotnetcore-2.0.tests.dll" id="212f3cec-ff2d-4652-ac18-606d14d1b109"><Execution id="2ba5d822-e266-4368-a76c-f1fe502b31b0" /><TestMethod codeBase="C:\workspaces\openkit-dotnet\tests\openkit-dotnetcore-2.0.Tests\bin\Release\netcoreapp2.0\openkit-dotnetcore-2.0.Tests.dll" adapterTypeName="executor://nunit3testexecutor/" className="Dynatrace.OpenKit.Protocol.BeaconTest" name="SessionStartIsReportedForDataCollectionLevel2" /></UnitTest><UnitTest name="DefaultSessionIDProviderReturnsNonNegativeID" storage="c:\workspaces\openkit-dotnet\tests\openkit-dotnetcore-2.0.tests\bin\release\netcoreapp2.0\openkit-dotnetcore-2.0.tests.dll" id="7cfdf2cd-9491-49c4-b805-43a077819abe"><Execution id="35fe3ffd-4f90-4617-bbf8-ce5b5ea69a50" /><TestMethod codeBase="C:\workspaces\openkit-dotnet\tests\openkit-dotnetcore-2.0.Tests\bin\Release\netcoreapp2.0\openkit-dotnetcore-2.0.Tests.dll" adapterTypeName="executor://nunit3testexecutor/" className="Dynatrace.OpenKit.Providers.DefaultSessionIDProviderTest" name="DefaultSessionIDProviderReturnsNonNegativeID" /></UnitTest><UnitTest name="ParsingInvalidNumericValueForCaptureThrowsException" storage="c:\workspaces\openkit-dotnet\tests\openkit-dotnetcore-2.0.tests\bin\release\netcoreapp2.0\openkit-dotnetcore-2.0.tests.dll" id="689c05ea-96e1-4c6e-b319-3c80d46f8f0e"><Execution id="14104166-6dc8-4e64-b536-8182b1da0109" /><TestMethod codeBase="C:\workspaces\openkit-dotnet\tests\openkit-dotnetcore-2.0.Tests\bin\Release\netcoreapp2.0\openkit-dotnetcore-2.0.Tests.dll" adapterTypeName="executor://nunit3testexecutor/" className="Dynatrace.OpenKit.Protocol.StatusResponseTest" name="ParsingInvalidNumericValueForCaptureThrowsException" /></UnitTest><UnitTest name="CreateTagReturnsTagStringForDataCollectionLevel2" storage="c:\workspaces\openkit-dotnet\tests\openkit-dotnetcore-2.0.tests\bin\release\netcoreapp2.0\openkit-dotnetcore-2.0.tests.dll" id="ced70173-bb1a-4bc1-a168-1d611b81e0de"><Execution id="750c5acf-4952-4df0-927a-0b92a1f1fe81" /><TestMethod codeBase="C:\workspaces\openkit-dotnet\tests\openkit-dotnetcore-2.0.Tests\bin\Release\netcoreapp2.0\openkit-dotnetcore-2.0.Tests.dll" adapterTypeName="executor://nunit3testexecutor/" className="Dynatrace.OpenKit.Protocol.BeaconTest" name="CreateTagReturnsTagStringForDataCollectionLevel2" /></UnitTest><UnitTest name="StringValueReportedForDataCollectionLevel2" storage="c:\workspaces\openkit-dotnet\tests\openkit-dotnetcore-2.0.tests\bin\release\netcoreapp2.0\openkit-dotnetcore-2.0.tests.dll" id="4ed01bb1-bb3f-4312-92ae-8d0bf3e48b33"><Execution id="98d46c01-ab3b-47d4-82b2-2378d59ee9e3" /><TestMethod codeBase="C:\workspaces\openkit-dotnet\tests\openkit-dotnetcore-2.0.Tests\bin\Release\netcoreapp2.0\openkit-dotnetcore-2.0.Tests.dll" adapterTypeName="executor://nunit3testexecutor/" className="Dynatrace.OpenKit.Protocol.BeaconTest" name="StringValueReportedForDataCollectionLevel2" /></UnitTest><UnitTest name="NameIsSet" storage="c:\workspaces\openkit-dotnet\tests\openkit-dotnetcore-2.0.tests\bin\release\netcoreapp2.0\openkit-dotnetcore-2.0.tests.dll" id="b9a6d470-479e-4287-a0ba-6849c3be199e"><Execution id="5af1c9ab-7127-46db-b23a-c96563d0f6ae" /><TestMethod codeBase="C:\workspaces\openkit-dotnet\tests\openkit-dotnetcore-2.0.Tests\bin\Release\netcoreapp2.0\openkit-dotnetcore-2.0.Tests.dll" adapterTypeName="executor://nunit3testexecutor/" className="Dynatrace.OpenKit.Core.ActionTest" name="NameIsSet" /></UnitTest><UnitTest name="Timestamp" storage="c:\workspaces\openkit-dotnet\tests\openkit-dotnetcore-2.0.tests\bin\release\netcoreapp2.0\openkit-dotnetcore-2.0.tests.dll" id="ebb12122-ab35-4ba0-917c-b24d91b5cfa6"><Execution id="09816142-f596-4a7e-9e15-1b4649504bca" /><TestMethod codeBase="C:\workspaces\openkit-dotnet\tests\openkit-dotnetcore-2.0.Tests\bin\Release\netcoreapp2.0\openkit-dotnetcore-2.0.Tests.dll" adapterTypeName="executor://nunit3testexecutor/" className="Dynatrace.OpenKit.Core.Caching.BeaconCacheRecordTest" name="Timestamp" /></UnitTest><UnitTest name="IpV6AddressMixedNotationIsValid_NonZeroIPv6Compressed" storage="c:\workspaces\openkit-dotnet\tests\openkit-dotnetcore-2.0.tests\bin\release\netcoreapp2.0\openkit-dotnetcore-2.0.tests.dll" id="02832740-de34-4414-b213-33fcd07f2620"><Execution id="8180b8fc-1d16-4e73-9f7e-4b1861a11005" /><TestMethod codeBase="C:\workspaces\openkit-dotnet\tests\openkit-dotnetcore-2.0.Tests\bin\Release\netcoreapp2.0\openkit-dotnetcore-2.0.Tests.dll" adapterTypeName="executor://nunit3testexecutor/" className="Dynatrace.OpenKit.Core.Util.InetAddressValidatorTest" name="IpV6AddressMixedNotationIsValid_NonZeroIPv6Compressed" /></UnitTest><UnitTest name="IpV4AddressIsInvalidDueToAdditionalCharacterInFirstBlock" storage="c:\workspaces\openkit-dotnet\tests\openkit-dotnetcore-2.0.tests\bin\release\netcoreapp2.0\openkit-dotnetcore-2.0.tests.dll" id="fdf46a52-9467-4f2f-a8b5-2605f0882fbc"><Execution id="c3c4d5c9-7275-48c6-8cb4-72d95b408796" /><TestMethod codeBase="C:\workspaces\openkit-dotnet\tests\openkit-dotnetcore-2.0.Tests\bin\Release\netcoreapp2.0\openkit-dotnetcore-2.0.Tests.dll" adapterTypeName="executor://nunit3testexecutor/" className="Dynatrace.OpenKit.Core.Util.InetAddressValidatorTest" name="IpV4AddressIsInvalidDueToAdditionalCharacterInFirstBlock" /></UnitTest><UnitTest name="GetDataCollectionLevel" storage="c:\workspaces\openkit-dotnet\tests\openkit-dotnetcore-2.0.tests\bin\release\netcoreapp2.0\openkit-dotnetcore-2.0.tests.dll" id="fd629dda-b40b-4a00-92e4-3d522fdba358"><Execution id="492c7b59-7848-4974-a7d7-c6fe0feba4bf" /><TestMethod codeBase="C:\workspaces\openkit-dotnet\tests\openkit-dotnetcore-2.0.Tests\bin\Release\netcoreapp2.0\openkit-dotnetcore-2.0.Tests.dll" adapterTypeName="executor://nunit3testexecutor/" className="Dynatrace.OpenKit.Core.Configuration.BeaconConfigurationTest" name="GetDataCollectionLevel" /></UnitTest><UnitTest name="SetResponseCodeDoesNotSetTheResponseCodeIfStopped" storage="c:\workspaces\openkit-dotnet\tests\openkit-dotnetcore-2.0.tests\bin\release\netcoreapp2.0\openkit-dotnetcore-2.0.tests.dll" id="5360ca7d-3725-40b4-87fc-3fc747b8a03b"><Execution id="ac09e720-1072-4185-97a4-e6c8b74a089b" /><TestMethod codeBase="C:\workspaces\openkit-dotnet\tests\openkit-dotnetcore-2.0.Tests\bin\Release\netcoreapp2.0\openkit-dotnetcore-2.0.Tests.dll" adapterTypeName="executor://nunit3testexecutor/" className="Dynatrace.OpenKit.Core.WebRequestTracerBaseTest" name="SetResponseCodeDoesNotSetTheResponseCodeIfStopped" /></UnitTest><UnitTest name="SendBeaconRequestReturnsAnUnknownErrorResponseForUnparseableStatusResponse" storage="c:\workspaces\openkit-dotnet\tests\openkit-dotnetcore-2.0.tests\bin\release\netcoreapp2.0\openkit-dotnetcore-2.0.tests.dll" id="02e6eed9-7355-4889-96e5-304b561821f7"><Execution id="b9ab32e7-6290-4401-80e1-72dafaa87321" /><TestMethod codeBase="C:\workspaces\openkit-dotnet\tests\openkit-dotnetcore-2.0.Tests\bin\Release\netcoreapp2.0\openkit-dotnetcore-2.0.Tests.dll" adapterTypeName="executor://nunit3testexecutor/" className="Dynatrace.OpenKit.Protocol.HTTPClientTest" name="SendBeaconRequestReturnsAnUnknownErrorResponseForUnparseableStatusResponse" /></UnitTest><UnitTest name="IpV6AddressMixedNotationIsValid_ZerosIPv6NonCompressed" storage="c:\workspaces\openkit-dotnet\tests\openkit-dotnetcore-2.0.tests\bin\release\netcoreapp2.0\openkit-dotnetcore-2.0.tests.dll" id="96dd2989-0d5e-4748-a825-125b784c8116"><Execution id="fdfc9432-771b-4321-9bc4-94776e067a04" /><TestMethod codeBase="C:\workspaces\openkit-dotnet\tests\openkit-dotnetcore-2.0.Tests\bin\Release\netcoreapp2.0\openkit-dotnetcore-2.0.Tests.dll" adapterTypeName="executor://nunit3testexecutor/" className="Dynatrace.OpenKit.Core.Util.InetAddressValidatorTest" name="IpV6AddressMixedNotationIsValid_ZerosIPv6NonCompressed" /></UnitTest><UnitTest name="ReportCrashDoesNothingIfErrorNameIsNull" storage="c:\workspaces\openkit-dotnet\tests\openkit-dotnetcore-2.0.tests\bin\release\netcoreapp2.0\openkit-dotnetcore-2.0.tests.dll" id="177d76d2-79d6-4ba3-9fd8-f8f74c2c0042"><Execution id="696bbc4f-b376-4349-83ad-f2bf4f315a57" /><TestMethod codeBase="C:\workspaces\openkit-dotnet\tests\openkit-dotnetcore-2.0.Tests\bin\Release\netcoreapp2.0\openkit-dotnetcore-2.0.Tests.dll" adapterTypeName="executor://nunit3testexecutor/" className="Dynatrace.OpenKit.Core.SessionTest" name="ReportCrashDoesNothingIfErrorNameIsNull" /></UnitTest><UnitTest name="RemoveRecordsOlderThanRemovesRecordsFromEventData" storage="c:\workspaces\openkit-dotnet\tests\openkit-dotnetcore-2.0.tests\bin\release\netcoreapp2.0\openkit-dotnetcore-2.0.tests.dll" id="3f551866-7a80-4f00-91f5-af761e269b5a"><Execution id="5e67e497-4ffd-49b7-9ff3-a1164a3d63b5" /><TestMethod codeBase="C:\workspaces\openkit-dotnet\tests\openkit-dotnetcore-2.0.Tests\bin\Release\netcoreapp2.0\openkit-dotnetcore-2.0.Tests.dll" adapterTypeName="executor://nunit3testexecutor/" className="Dynatrace.OpenKit.Core.Caching.BeaconCacheEntryTest" name="RemoveRecordsOlderThanRemovesRecordsFromEventData" /></UnitTest><UnitTest name="IpV4AddressIsInvalidDueToAdditionalCharacterInFourthBlock" storage="c:\workspaces\openkit-dotnet\tests\openkit-dotnetcore-2.0.tests\bin\release\netcoreapp2.0\openkit-dotnetcore-2.0.tests.dll" id="abc75676-d982-41eb-b072-4ef0d770155c"><Execution id="70db2c90-5626-46ff-9fb7-cb9422edcffb" /><TestMethod codeBase="C:\workspaces\openkit-dotnet\tests\openkit-dotnetcore-2.0.Tests\bin\Release\netcoreapp2.0\openkit-dotnetcore-2.0.Tests.dll" adapterTypeName="executor://nunit3testexecutor/" className="Dynatrace.OpenKit.Core.Util.InetAddressValidatorTest" name="IpV4AddressIsInvalidDueToAdditionalCharacterInFourthBlock" /></UnitTest><UnitTest name="GetRetryAfterReturnsDefaultValueIfValueIsNotParsableAsInteger" storage="c:\workspaces\openkit-dotnet\tests\openkit-dotnetcore-2.0.tests\bin\release\netcoreapp2.0\openkit-dotnetcore-2.0.tests.dll" id="bebda653-86e6-487e-8693-bd066dddb843"><Execution id="36118eea-10f9-483b-b88b-8b95f5e4be45" /><TestMethod codeBase="C:\workspaces\openkit-dotnet\tests\openkit-dotnetcore-2.0.Tests\bin\Release\netcoreapp2.0\openkit-dotnetcore-2.0.Tests.dll" adapterTypeName="executor://nunit3testexecutor/" className="Dynatrace.OpenKit.Protocol.ResponseTest" name="GetRetryAfterReturnsDefaultValueIfValueIsNotParsableAsInteger" /></UnitTest><UnitTest name="CanOverrideTrustManagerForAppMon" storage="c:\workspaces\openkit-dotnet\tests\openkit-dotnetcore-2.0.tests\bin\release\netcoreapp2.0\openkit-dotnetcore-2.0.tests.dll" id="10dd0f02-7a35-48cf-95bb-0959ebaac354"><Execution id="4e4985c1-e0a3-4387-b54f-a7abf6dc459c" /><TestMethod codeBase="C:\workspaces\openkit-dotnet\tests\openkit-dotnetcore-2.0.Tests\bin\Release\netcoreapp2.0\openkit-dotnetcore-2.0.Tests.dll" adapterTypeName="executor://nunit3testexecutor/" className="Dynatrace.OpenKit.OpenKitBuilderTest" name="CanOverrideTrustManagerForAppMon" /></UnitTest><UnitTest name="ReportDoubleValueDoesNothingIfActionIsLeft" storage="c:\workspaces\openkit-dotnet\tests\openkit-dotnetcore-2.0.tests\bin\release\netcoreapp2.0\openkit-dotnetcore-2.0.tests.dll" id="5ea925fe-7611-4bf0-93da-53a087a3334f"><Execution id="8d86ce77-5417-4f47-a91a-88e3418895d7" /><TestMethod codeBase="C:\workspaces\openkit-dotnet\tests\openkit-dotnetcore-2.0.Tests\bin\Release\netcoreapp2.0\openkit-dotnetcore-2.0.Tests.dll" adapterTypeName="executor://nunit3testexecutor/" className="Dynatrace.OpenKit.Core.ActionTest" name="ReportDoubleValueDoesNothingIfActionIsLeft" /></UnitTest><UnitTest name="LeavingAParentActionWillLeaveAllOpenChildActionsFirst" storage="c:\workspaces\openkit-dotnet\tests\openkit-dotnetcore-2.0.tests\bin\release\netcoreapp2.0\openkit-dotnetcore-2.0.tests.dll" id="e9018f21-3198-4f92-a3fa-bd60b3dd65a5"><Execution id="fc7a1b89-5188-4869-a458-d9f28d8ed0cd" /><TestMethod codeBase="C:\workspaces\openkit-dotnet\tests\openkit-dotnetcore-2.0.Tests\bin\Release\netcoreapp2.0\openkit-dotnetcore-2.0.Tests.dll" adapterTypeName="executor://nunit3testexecutor/" className="Dynatrace.OpenKit.Core.RootActionTest" name="LeavingAParentActionWillLeaveAllOpenChildActionsFirst" /></UnitTest><UnitTest name="CaptureCrashesIsFalseWhenItIsEqualToZero" storage="c:\workspaces\openkit-dotnet\tests\openkit-dotnetcore-2.0.tests\bin\release\netcoreapp2.0\openkit-dotnetcore-2.0.tests.dll" id="3a662a7b-dad9-4866-a17f-496a1b27bc8e"><Execution id="dd58419a-018a-48d1-84fa-e4d15d7ccc8c" /><TestMethod codeBase="C:\workspaces\openkit-dotnet\tests\openkit-dotnetcore-2.0.Tests\bin\Release\netcoreapp2.0\openkit-dotnetcore-2.0.Tests.dll" adapterTypeName="executor://nunit3testexecutor/" className="Dynatrace.OpenKit.Protocol.StatusResponseTest" name="CaptureCrashesIsFalseWhenItIsEqualToZero" /></UnitTest><UnitTest name="AnURLIsOnlySetInConstructorIfItIsValid" storage="c:\workspaces\openkit-dotnet\tests\openkit-dotnetcore-2.0.tests\bin\release\netcoreapp2.0\openkit-dotnetcore-2.0.tests.dll" id="c65b2c8d-3f9a-4d8e-bcba-02093baf82d8"><Execution id="11616d80-9c4c-484a-aa51-e9a9eb431f6e" /><TestMethod codeBase="C:\workspaces\openkit-dotnet\tests\openkit-dotnetcore-2.0.Tests\bin\Release\netcoreapp2.0\openkit-dotnetcore-2.0.Tests.dll" adapterTypeName="executor://nunit3testexecutor/" className="Dynatrace.OpenKit.Core.WebRequestTracerStringURLTest" name="AnURLIsOnlySetInConstructorIfItIsValid" /></UnitTest><UnitTest name="ADefaultConstructedInstanceHasNoData" storage="c:\workspaces\openkit-dotnet\tests\openkit-dotnetcore-2.0.tests\bin\release\netcoreapp2.0\openkit-dotnetcore-2.0.tests.dll" id="6235fcb2-e952-4eeb-bdf7-73e0c1980432"><Execution id="085c7773-de9a-4294-bf9f-0c34f052567d" /><TestMethod codeBase="C:\workspaces\openkit-dotnet\tests\openkit-dotnetcore-2.0.Tests\bin\Release\netcoreapp2.0\openkit-dotnetcore-2.0.Tests.dll" adapterTypeName="executor://nunit3testexecutor/" className="Dynatrace.OpenKit.Core.Caching.BeaconCacheEntryTest" name="ADefaultConstructedInstanceHasNoData" /></UnitTest><UnitTest name="ReportCrashDoesNotReportOnDataCollectionLevel0" storage="c:\workspaces\openkit-dotnet\tests\openkit-dotnetcore-2.0.tests\bin\release\netcoreapp2.0\openkit-dotnetcore-2.0.tests.dll" id="47b4d83a-30db-4d1f-8fd2-2f64ca6da77c"><Execution id="d241a96b-30b9-4b49-9960-32877facc4a6" /><TestMethod codeBase="C:\workspaces\openkit-dotnet\tests\openkit-dotnetcore-2.0.Tests\bin\Release\netcoreapp2.0\openkit-dotnetcore-2.0.Tests.dll" adapterTypeName="executor://nunit3testexecutor/" className="Dynatrace.OpenKit.Protocol.BeaconTest" name="ReportCrashDoesNotReportOnDataCollectionLevel0" /></UnitTest><UnitTest name="NoDoubleValueIsReportedIfBeaconConfigurationDisablesCapturing" storage="c:\workspaces\openkit-dotnet\tests\openkit-dotnetcore-2.0.tests\bin\release\netcoreapp2.0\openkit-dotnetcore-2.0.tests.dll" id="aaf398c0-6c55-48b6-aa1c-5f8c53452153"><Execution id="4843b98b-bfb1-460f-b17b-76869bcef8f5" /><TestMethod codeBase="C:\workspaces\openkit-dotnet\tests\openkit-dotnetcore-2.0.Tests\bin\Release\netcoreapp2.0\openkit-dotnetcore-2.0.Tests.dll" adapterTypeName="executor://nunit3testexecutor/" className="Dynatrace.OpenKit.Protocol.BeaconTest" name="NoDoubleValueIsReportedIfBeaconConfigurationDisablesCapturing" /></UnitTest><UnitTest name="IsErrorEnabledIsTrueIfVerboseIsTrue" storage="c:\workspaces\openkit-dotnet\tests\openkit-dotnetcore-2.0.tests\bin\release\netcoreapp2.0\openkit-dotnetcore-2.0.tests.dll" id="f8613417-44ef-4b19-9605-a3d42d0bf293"><Execution id="9df66cb8-5dfb-439f-bb4e-16fb10bca909" /><TestMethod codeBase="C:\workspaces\openkit-dotnet\tests\openkit-dotnetcore-2.0.Tests\bin\Release\netcoreapp2.0\openkit-dotnetcore-2.0.Tests.dll" adapterTypeName="executor://nunit3testexecutor/" className="Dynatrace.OpenKit.Core.DefaultLoggerTest" name="IsErrorEnabledIsTrueIfVerboseIsTrue" /></UnitTest><UnitTest name="IpV6AddressLinkLocalIsValid" storage="c:\workspaces\openkit-dotnet\tests\openkit-dotnetcore-2.0.tests\bin\release\netcoreapp2.0\openkit-dotnetcore-2.0.tests.dll" id="562a30fd-b699-40a6-a458-acc3f4bb8f95"><Execution id="3a007d57-f0b6-4bf9-a669-8e3eed8d9e15" /><TestMethod codeBase="C:\workspaces\openkit-dotnet\tests\openkit-dotnetcore-2.0.Tests\bin\Release\netcoreapp2.0\openkit-dotnetcore-2.0.Tests.dll" adapterTypeName="executor://nunit3testexecutor/" className="Dynatrace.OpenKit.Core.Util.InetAddressValidatorTest" name="IpV6AddressLinkLocalIsValid" /></UnitTest><UnitTest name="CanSetManufactureForDynatrace" storage="c:\workspaces\openkit-dotnet\tests\openkit-dotnetcore-2.0.tests\bin\release\netcoreapp2.0\openkit-dotnetcore-2.0.tests.dll" id="944da05b-01fa-4948-9f44-6c11919f0b18"><Execution id="8d49df69-0962-4958-8824-43df80276fca" /><TestMethod codeBase="C:\workspaces\openkit-dotnet\tests\openkit-dotnetcore-2.0.Tests\bin\Release\netcoreapp2.0\openkit-dotnetcore-2.0.Tests.dll" adapterTypeName="executor://nunit3testexecutor/" className="Dynatrace.OpenKit.OpenKitBuilderTest" name="CanSetManufactureForDynatrace" /></UnitTest><UnitTest name="DefaultValues" storage="c:\workspaces\openkit-dotnet\tests\openkit-dotnetcore-2.0.tests\bin\release\netcoreapp2.0\openkit-dotnetcore-2.0.tests.dll" id="2eb5b2f0-076a-4015-9377-750cd66d1245"><Execution id="2f1dcdfc-0082-44e1-b5db-ffd27b9786ec" /><TestMethod codeBase="C:\workspaces\openkit-dotnet\tests\openkit-dotnetcore-2.0.Tests\bin\Release\netcoreapp2.0\openkit-dotnetcore-2.0.Tests.dll" adapterTypeName="executor://nunit3testexecutor/" className="Dynatrace.OpenKit.Core.WebRequestTracerBaseTest" name="DefaultValues" /></UnitTest><UnitTest name="AddingActionData" storage="c:\workspaces\openkit-dotnet\tests\openkit-dotnetcore-2.0.tests\bin\release\netcoreapp2.0\openkit-dotnetcore-2.0.tests.dll" id="6d7eb547-e235-4bbb-96c1-a4f9ad807e14"><Execution id="6fcf2e07-834f-4cb2-b508-65a0b69777ed" /><TestMethod codeBase="C:\workspaces\openkit-dotnet\tests\openkit-dotnetcore-2.0.Tests\bin\Release\netcoreapp2.0\openkit-dotnetcore-2.0.Tests.dll" adapterTypeName="executor://nunit3testexecutor/" className="Dynatrace.OpenKit.Core.Caching.BeaconCacheEntryTest" name="AddingActionData" /></UnitTest><UnitTest name="ExecuteEvictionIsStoppedIfThreadGetsInterrupted" storage="c:\workspaces\openkit-dotnet\tests\openkit-dotnetcore-2.0.tests\bin\release\netcoreapp2.0\openkit-dotnetcore-2.0.tests.dll" id="4e8ea7fd-6323-4970-9320-7a886ac2e991"><Execution id="d01fbce6-b922-4022-8cef-172050c6dd0e" /><TestMethod codeBase="C:\workspaces\openkit-dotnet\tests\openkit-dotnetcore-2.0.Tests\bin\Release\netcoreapp2.0\openkit-dotnetcore-2.0.Tests.dll" adapterTypeName="executor://nunit3testexecutor/" className="Dynatrace.OpenKit.Core.Caching.TimeEvicitionStrategyTest" name="ExecuteEvictionIsStoppedIfThreadGetsInterrupted" /></UnitTest><UnitTest name="LastTimeSyncTimeIsInitializedWithMinus1" storage="c:\workspaces\openkit-dotnet\tests\openkit-dotnetcore-2.0.tests\bin\release\netcoreapp2.0\openkit-dotnetcore-2.0.tests.dll" id="7714d63a-36b3-4e89-9cb8-af8f98ddd4fa"><Execution id="4fcc964c-0437-4094-acc6-9c929547e2b3" /><TestMethod codeBase="C:\workspaces\openkit-dotnet\tests\openkit-dotnetcore-2.0.Tests\bin\Release\netcoreapp2.0\openkit-dotnetcore-2.0.Tests.dll" adapterTypeName="executor://nunit3testexecutor/" className="Dynatrace.OpenKit.Core.Communication.BeaconSendingContextTest" name="LastTimeSyncTimeIsInitializedWithMinus1" /></UnitTest><UnitTest name="LastRuntimeStampIsAdjustedDuringFirstExecution" storage="c:\workspaces\openkit-dotnet\tests\openkit-dotnetcore-2.0.tests\bin\release\netcoreapp2.0\openkit-dotnetcore-2.0.tests.dll" id="6be92985-6b02-4f82-bc8b-3e8750370033"><Execution id="99884f22-baa8-432a-a075-8697874d1a71" /><TestMethod codeBase="C:\workspaces\openkit-dotnet\tests\openkit-dotnetcore-2.0.Tests\bin\Release\netcoreapp2.0\openkit-dotnetcore-2.0.Tests.dll" adapterTypeName="executor://nunit3testexecutor/" className="Dynatrace.OpenKit.Core.Caching.TimeEvicitionStrategyTest" name="LastRuntimeStampIsAdjustedDuringFirstExecution" /></UnitTest><UnitTest name="ExecuteEvictionLogsEvictionResultIfDebugIsEnabled" storage="c:\workspaces\openkit-dotnet\tests\openkit-dotnetcore-2.0.tests\bin\release\netcoreapp2.0\openkit-dotnetcore-2.0.tests.dll" id="92db25be-1da8-46c8-b508-4edaf4993daf"><Execution id="751dcf1f-661f-4ca1-8c9c-7d0d75f797ad" /><TestMethod codeBase="C:\workspaces\openkit-dotnet\tests\openkit-dotnetcore-2.0.Tests\bin\Release\netcoreapp2.0\openkit-dotnetcore-2.0.Tests.dll" adapterTypeName="executor://nunit3testexecutor/" className="Dynatrace.OpenKit.Core.Caching.SpaceEvictionStrategyTest" name="ExecuteEvictionLogsEvictionResultIfDebugIsEnabled" /></UnitTest><UnitTest name="ShutdownStateIsTerminalState" storage="c:\workspaces\openkit-dotnet\tests\openkit-dotnetcore-2.0.tests\bin\release\netcoreapp2.0\openkit-dotnetcore-2.0.tests.dll" id="3626db79-02d4-41c7-8dc1-80c4e6dc5b4a"><Execution id="f7d43b58-79ee-4a18-bf11-16e924b93f9a" /><TestMethod codeBase="C:\workspaces\openkit-dotnet\tests\openkit-dotnetcore-2.0.Tests\bin\Release\netcoreapp2.0\openkit-dotnetcore-2.0.Tests.dll" adapterTypeName="executor://nunit3testexecutor/" className="Dynatrace.OpenKit.Core.Communication.BeaconSendingInitStateTest" name="ShutdownStateIsTerminalState" /></UnitTest><UnitTest name="SendStatusRequestIsAbortedWhenShutDownIsRequested" storage="c:\workspaces\openkit-dotnet\tests\openkit-dotnetcore-2.0.tests\bin\release\netcoreapp2.0\openkit-dotnetcore-2.0.tests.dll" id="96886ddb-22da-4498-b7c0-ca63f802f5b2"><Execution id="4e10872e-de1d-4cfe-8ad6-c44cf2d214f6" /><TestMethod codeBase="C:\workspaces\openkit-dotnet\tests\openkit-dotnetcore-2.0.Tests\bin\Release\netcoreapp2.0\openkit-dotnetcore-2.0.Tests.dll" adapterTypeName="executor://nunit3testexecutor/" className="Dynatrace.OpenKit.Core.Communication.BeaconSendingRequestUtilTest" name="SendStatusRequestIsAbortedWhenShutDownIsRequested" /></UnitTest><UnitTest name="IpV6AddressMixedNotationIsValidIPV6PartInvalid" storage="c:\workspaces\openkit-dotnet\tests\openkit-dotnetcore-2.0.tests\bin\release\netcoreapp2.0\openkit-dotnetcore-2.0.tests.dll" id="c10e92f2-d243-4cea-8a67-8dbc5ecd96fa"><Execution id="094fe676-1af3-480b-99f0-3c8da472c1bd" /><TestMethod codeBase="C:\workspaces\openkit-dotnet\tests\openkit-dotnetcore-2.0.Tests\bin\Release\netcoreapp2.0\openkit-dotnetcore-2.0.Tests.dll" adapterTypeName="executor://nunit3testexecutor/" className="Dynatrace.OpenKit.Core.Util.InetAddressValidatorTest" name="IpV6AddressMixedNotationIsValidIPV6PartInvalid" /></UnitTest><UnitTest name="AppMonOpenKitBuilderTakesStringDeviceID" storage="c:\workspaces\openkit-dotnet\tests\openkit-dotnetcore-2.0.tests\bin\release\netcoreapp2.0\openkit-dotnetcore-2.0.tests.dll" id="de5f7c13-940f-49cf-b34a-76c3993e2614"><Execution id="e1393d2d-30cb-4dc9-8121-67f365e712ae" /><TestMethod codeBase="C:\workspaces\openkit-dotnet\tests\openkit-dotnetcore-2.0.Tests\bin\Release\netcoreapp2.0\openkit-dotnetcore-2.0.Tests.dll" adapterTypeName="executor://nunit3testexecutor/" className="Dynatrace.OpenKit.OpenKitBuilderTest" name="AppMonOpenKitBuilderTakesStringDeviceID" /></UnitTest><UnitTest name="NewSessionRequestsAreMadeForAllNewSessions" storage="c:\workspaces\openkit-dotnet\tests\openkit-dotnetcore-2.0.tests\bin\release\netcoreapp2.0\openkit-dotnetcore-2.0.tests.dll" id="d63bf3d8-a4e3-48fe-942e-6c1b5f3ae722"><Execution id="279fdfcc-61c9-425e-827c-250c5825493c" /><TestMethod codeBase="C:\workspaces\openkit-dotnet\tests\openkit-dotnetcore-2.0.Tests\bin\Release\netcoreapp2.0\openkit-dotnetcore-2.0.Tests.dll" adapterTypeName="executor://nunit3testexecutor/" className="Dynatrace.OpenKit.Core.Communication.BeaconSendingCaptureOnStateTest" name="NewSessionRequestsAreMadeForAllNewSessions" /></UnitTest><UnitTest name="DefaultCaptureCrashesIsOn" storage="c:\workspaces\openkit-dotnet\tests\openkit-dotnetcore-2.0.tests\bin\release\netcoreapp2.0\openkit-dotnetcore-2.0.tests.dll" id="2948a3d3-b624-49f2-a096-2550af2146ee"><Execution id="5db5e193-ff87-4118-8df2-fc30b31ac0f7" /><TestMethod codeBase="C:\workspaces\openkit-dotnet\tests\openkit-dotnetcore-2.0.Tests\bin\Release\netcoreapp2.0\openkit-dotnetcore-2.0.Tests.dll" adapterTypeName="executor://nunit3testexecutor/" className="Dynatrace.OpenKit.Protocol.StatusResponseTest" name="DefaultCaptureCrashesIsOn" /></UnitTest><UnitTest name="DefaultPRNGeneratorProvidesPositiveLong" storage="c:\workspaces\openkit-dotnet\tests\openkit-dotnetcore-2.0.tests\bin\release\netcoreapp2.0\openkit-dotnetcore-2.0.tests.dll" id="4aab1648-190f-436d-ad8e-bcc11c447f7f"><Execution id="96ee09ab-0e6c-4cef-b5a3-638141b02eef" /><TestMethod codeBase="C:\workspaces\openkit-dotnet\tests\openkit-dotnetcore-2.0.Tests\bin\Release\netcoreapp2.0\openkit-dotnetcore-2.0.Tests.dll" adapterTypeName="executor://nunit3testexecutor/" className="Dynatrace.OpenKit.Providers.DefaultSessionPRNGeneratorTest" name="DefaultPRNGeneratorProvidesPositiveLong" /></UnitTest><UnitTest name="DoubleValueReportedForDataCollectionLevel2" storage="c:\workspaces\openkit-dotnet\tests\openkit-dotnetcore-2.0.tests\bin\release\netcoreapp2.0\openkit-dotnetcore-2.0.tests.dll" id="96158ba9-b983-4986-9e44-1ee3b866e51f"><Execution id="7e27f3e5-8671-4626-98be-1304c4967bf2" /><TestMethod codeBase="C:\workspaces\openkit-dotnet\tests\openkit-dotnetcore-2.0.Tests\bin\Release\netcoreapp2.0\openkit-dotnetcore-2.0.Tests.dll" adapterTypeName="executor://nunit3testexecutor/" className="Dynatrace.OpenKit.Protocol.BeaconTest" name="DoubleValueReportedForDataCollectionLevel2" /></UnitTest><UnitTest name="IpV6AddressHexCompressedIsInvalidFirstBlockMissing" storage="c:\workspaces\openkit-dotnet\tests\openkit-dotnetcore-2.0.tests\bin\release\netcoreapp2.0\openkit-dotnetcore-2.0.tests.dll" id="9b2198fa-2e9a-4cbf-ae76-bfc396086cce"><Execution id="dad92ccb-7636-418d-a1de-7964c41abdd3" /><TestMethod codeBase="C:\workspaces\openkit-dotnet\tests\openkit-dotnetcore-2.0.Tests\bin\Release\netcoreapp2.0\openkit-dotnetcore-2.0.Tests.dll" adapterTypeName="executor://nunit3testexecutor/" className="Dynatrace.OpenKit.Core.Util.InetAddressValidatorTest" name="IpV6AddressHexCompressedIsInvalidFirstBlockMissing" /></UnitTest><UnitTest name="CapturingIsDisabledIfStatusResponseIsNull" storage="c:\workspaces\openkit-dotnet\tests\openkit-dotnetcore-2.0.tests\bin\release\netcoreapp2.0\openkit-dotnetcore-2.0.tests.dll" id="d7be2a85-6c8b-4a5c-8737-ba90f8ef0fd6"><Execution id="cbf30c5f-ae19-481b-9252-17492c03ced1" /><TestMethod codeBase="C:\workspaces\openkit-dotnet\tests\openkit-dotnetcore-2.0.Tests\bin\Release\netcoreapp2.0\openkit-dotnetcore-2.0.Tests.dll" adapterTypeName="executor://nunit3testexecutor/" className="Dynatrace.OpenKit.Core.Configuration.OpenKitConfigurationTest" name="CapturingIsDisabledIfStatusResponseIsNull" /></UnitTest><UnitTest name="TransitionToTimeSyncIsPerformedOnSuccess" storage="c:\workspaces\openkit-dotnet\tests\openkit-dotnetcore-2.0.tests\bin\release\netcoreapp2.0\openkit-dotnetcore-2.0.tests.dll" id="6c477c96-7dbf-4620-ac10-280bae0f8d7e"><Execution id="ce3ecf76-24f6-48b2-ab4a-5c09c63492f3" /><TestMethod codeBase="C:\workspaces\openkit-dotnet\tests\openkit-dotnetcore-2.0.Tests\bin\Release\netcoreapp2.0\openkit-dotnetcore-2.0.Tests.dll" adapterTypeName="executor://nunit3testexecutor/" className="Dynatrace.OpenKit.Core.Communication.BeaconSendingInitStateTest" name="TransitionToTimeSyncIsPerformedOnSuccess" /></UnitTest><UnitTest name="EnterActionGivesNullActionIfSessionIsAlreadyEnded" storage="c:\workspaces\openkit-dotnet\tests\openkit-dotnetcore-2.0.tests\bin\release\netcoreapp2.0\openkit-dotnetcore-2.0.tests.dll" id="ea52bf2a-18d5-4b1d-9144-b7a038a950f6"><Execution id="2a796a5f-2afd-4de3-9c75-a63608bf54ff" /><TestMethod codeBase="C:\workspaces\openkit-dotnet\tests\openkit-dotnetcore-2.0.Tests\bin\Release\netcoreapp2.0\openkit-dotnetcore-2.0.Tests.dll" adapterTypeName="executor://nunit3testexecutor/" className="Dynatrace.OpenKit.Core.SessionTest" name="EnterActionGivesNullActionIfSessionIsAlreadyEnded" /></UnitTest><UnitTest name="ANewlyCreatedActionIsNotLeft" storage="c:\workspaces\openkit-dotnet\tests\openkit-dotnetcore-2.0.tests\bin\release\netcoreapp2.0\openkit-dotnetcore-2.0.tests.dll" id="33b229aa-4c4d-437e-a272-4f3e51bff0d2"><Execution id="c9389d3a-5f5f-4463-92ad-6a927a37a534" /><TestMethod codeBase="C:\workspaces\openkit-dotnet\tests\openkit-dotnetcore-2.0.Tests\bin\Release\netcoreapp2.0\openkit-dotnetcore-2.0.Tests.dll" adapterTypeName="executor://nunit3testexecutor/" className="Dynatrace.OpenKit.Core.ActionTest" name="ANewlyCreatedActionIsNotLeft" /></UnitTest><UnitTest name="WaitForInitWhenWithTimeoutFailed" storage="c:\workspaces\openkit-dotnet\tests\openkit-dotnetcore-2.0.tests\bin\release\netcoreapp2.0\openkit-dotnetcore-2.0.tests.dll" id="877ec004-3820-428e-80d1-9390129603a6"><Execution id="7a7fca50-c40b-47b6-ac69-ba8eaeaf82db" /><TestMethod codeBase="C:\workspaces\openkit-dotnet\tests\openkit-dotnetcore-2.0.Tests\bin\Release\netcoreapp2.0\openkit-dotnetcore-2.0.Tests.dll" adapterTypeName="executor://nunit3testexecutor/" className="Dynatrace.OpenKit.Core.Communication.BeaconSendingContextTest" name="WaitForInitWhenWithTimeoutFailed" /></UnitTest><UnitTest name="DefaultCaptureIsOn" storage="c:\workspaces\openkit-dotnet\tests\openkit-dotnetcore-2.0.tests\bin\release\netcoreapp2.0\openkit-dotnetcore-2.0.tests.dll" id="c05ff77c-4484-4d3c-8c95-420f2d489b54"><Execution id="a8cca47d-5735-4e69-a166-ccf7dbc8aa35" /><TestMethod codeBase="C:\workspaces\openkit-dotnet\tests\openkit-dotnetcore-2.0.Tests\bin\Release\netcoreapp2.0\openkit-dotnetcore-2.0.Tests.dll" adapterTypeName="executor://nunit3testexecutor/" className="Dynatrace.OpenKit.Protocol.StatusResponseTest" name="DefaultCaptureIsOn" /></UnitTest><UnitTest name="SendBeaconRequestSendsNullDataIfNullWasGiven" storage="c:\workspaces\openkit-dotnet\tests\openkit-dotnetcore-2.0.tests\bin\release\netcoreapp2.0\openkit-dotnetcore-2.0.tests.dll" id="7cf01495-ae80-4127-b121-cdf287ca1c1e"><Execution id="944bbccb-2837-486d-9058-475567eb5646" /><TestMethod codeBase="C:\workspaces\openkit-dotnet\tests\openkit-dotnetcore-2.0.Tests\bin\Release\netcoreapp2.0\openkit-dotnetcore-2.0.Tests.dll" adapterTypeName="executor://nunit3testexecutor/" className="Dynatrace.OpenKit.Protocol.HTTPClientTest" name="SendBeaconRequestSendsNullDataIfNullWasGiven" /></UnitTest><UnitTest name="CannotSetNullTrustManagerForDynatrace" storage="c:\workspaces\openkit-dotnet\tests\openkit-dotnetcore-2.0.tests\bin\release\netcoreapp2.0\openkit-dotnetcore-2.0.tests.dll" id="6888fd3f-8ec4-4362-a33a-4b218243a46f"><Execution id="a9fe7795-a78c-482f-8353-29d135d1c722" /><TestMethod codeBase="C:\workspaces\openkit-dotnet\tests\openkit-dotnetcore-2.0.Tests\bin\Release\netcoreapp2.0\openkit-dotnetcore-2.0.Tests.dll" adapterTypeName="executor://nunit3testexecutor/" className="Dynatrace.OpenKit.OpenKitBuilderTest" name="CannotSetNullTrustManagerForDynatrace" /></UnitTest><UnitTest name="TransitionToCaptureOffStateIsPerformed" storage="c:\workspaces\openkit-dotnet\tests\openkit-dotnetcore-2.0.tests\bin\release\netcoreapp2.0\openkit-dotnetcore-2.0.tests.dll" id="414bac99-02a5-4a38-9f50-7596da71cc4d"><Execution id="4b04c0ad-7ab9-428a-9477-1daefe05931f" /><TestMethod codeBase="C:\workspaces\openkit-dotnet\tests\openkit-dotnetcore-2.0.Tests\bin\Release\netcoreapp2.0\openkit-dotnetcore-2.0.Tests.dll" adapterTypeName="executor://nunit3testexecutor/" className="Dynatrace.OpenKit.Core.Communication.BeaconSendingCaptureOnStateTest" name="TransitionToCaptureOffStateIsPerformed" /></UnitTest><UnitTest name="CanAddReceivedBytesValueZeroToWebRequestTracer" storage="c:\workspaces\openkit-dotnet\tests\openkit-dotnetcore-2.0.tests\bin\release\netcoreapp2.0\openkit-dotnetcore-2.0.tests.dll" id="3898878a-ac4d-47bc-9c0b-2fb70203c00e"><Execution id="257d39a8-d7b6-44f0-ab47-7892f2faab7d" /><TestMethod codeBase="C:\workspaces\openkit-dotnet\tests\openkit-dotnetcore-2.0.Tests\bin\Release\netcoreapp2.0\openkit-dotnetcore-2.0.Tests.dll" adapterTypeName="executor://nunit3testexecutor/" className="Dynatrace.OpenKit.Protocol.BeaconTest" name="CanAddReceivedBytesValueZeroToWebRequestTracer" /></UnitTest><UnitTest name="PassingEmptyResponseStringDoesNotThrow" storage="c:\workspaces\openkit-dotnet\tests\openkit-dotnetcore-2.0.tests\bin\release\netcoreapp2.0\openkit-dotnetcore-2.0.tests.dll" id="6dbcf047-2a58-4546-9bd1-82f306619150"><Execution id="bf57df20-a615-4ddd-b947-03974bb84c0c" /><TestMethod codeBase="C:\workspaces\openkit-dotnet\tests\openkit-dotnetcore-2.0.Tests\bin\Release\netcoreapp2.0\openkit-dotnetcore-2.0.Tests.dll" adapterTypeName="executor://nunit3testexecutor/" className="Dynatrace.OpenKit.Protocol.StatusResponseTest" name="PassingEmptyResponseStringDoesNotThrow" /></UnitTest><UnitTest name="WhenBeaconConfigurationIsSetSendingIsAllowedIfMultiplicityIsGreaterThanZero" storage="c:\workspaces\openkit-dotnet\tests\openkit-dotnetcore-2.0.tests\bin\release\netcoreapp2.0\openkit-dotnetcore-2.0.tests.dll" id="5ea3a94b-8693-4d88-a858-4b37fcd02838"><Execution id="c3dd1980-5a79-4bfa-8eba-0e2a9eaa8b5c" /><TestMethod codeBase="C:\workspaces\openkit-dotnet\tests\openkit-dotnetcore-2.0.Tests\bin\Release\netcoreapp2.0\openkit-dotnetcore-2.0.Tests.dll" adapterTypeName="executor://nunit3testexecutor/" className="Dynatrace.OpenKit.Core.Communication.SessionWrapperTest" name="WhenBeaconConfigurationIsSetSendingIsAllowedIfMultiplicityIsGreaterThanZero" /></UnitTest><UnitTest name="IpV6AddressIsInvalidOverflow" storage="c:\workspaces\openkit-dotnet\tests\openkit-dotnetcore-2.0.tests\bin\release\netcoreapp2.0\openkit-dotnetcore-2.0.tests.dll" id="2f9c525b-e397-49bb-938f-b537df921bcb"><Execution id="bb1d4928-7d6f-4ca3-881e-fefa51545744" /><TestMethod codeBase="C:\workspaces\openkit-dotnet\tests\openkit-dotnetcore-2.0.Tests\bin\Release\netcoreapp2.0\openkit-dotnetcore-2.0.Tests.dll" adapterTypeName="executor://nunit3testexecutor/" className="Dynatrace.OpenKit.Core.Util.InetAddressValidatorTest" name="IpV6AddressIsInvalidOverflow" /></UnitTest><UnitTest name="IdentifyUserDoesNothingIfUserTagIsNull" storage="c:\workspaces\openkit-dotnet\tests\openkit-dotnetcore-2.0.tests\bin\release\netcoreapp2.0\openkit-dotnetcore-2.0.tests.dll" id="00e2973c-bbc9-4dc2-897b-b8d85d26fd3b"><Execution id="8b8bcedf-d4f9-495a-825b-0059a849a118" /><TestMethod codeBase="C:\workspaces\openkit-dotnet\tests\openkit-dotnetcore-2.0.Tests\bin\Release\netcoreapp2.0\openkit-dotnetcore-2.0.Tests.dll" adapterTypeName="executor://nunit3testexecutor/" className="Dynatrace.OpenKit.Core.SessionTest" name="IdentifyUserDoesNothingIfUserTagIsNull" /></UnitTest><UnitTest name="IsDebugEnabledIsFalseIfVerboseIsFalse" storage="c:\workspaces\openkit-dotnet\tests\openkit-dotnetcore-2.0.tests\bin\release\netcoreapp2.0\openkit-dotnetcore-2.0.tests.dll" id="89a49082-4382-4fa8-9f0f-8868163981fa"><Execution id="a0900873-846f-4d9b-899a-b7b3e1a45066" /><TestMethod codeBase="C:\workspaces\openkit-dotnet\tests\openkit-dotnetcore-2.0.Tests\bin\Release\netcoreapp2.0\openkit-dotnetcore-2.0.Tests.dll" adapterTypeName="executor://nunit3testexecutor/" className="Dynatrace.OpenKit.Core.DefaultLoggerTest" name="IsDebugEnabledIsFalseIfVerboseIsFalse" /></UnitTest><UnitTest name="NoIntValueIsReportedIfBeaconConfigurationDisablesCapturing" storage="c:\workspaces\openkit-dotnet\tests\openkit-dotnetcore-2.0.tests\bin\release\netcoreapp2.0\openkit-dotnetcore-2.0.tests.dll" id="4c541534-dbb9-4f1d-b8d1-21281af3658d"><Execution id="d945f43b-8192-4678-abba-9a61e916b9b8" /><TestMethod codeBase="C:\workspaces\openkit-dotnet\tests\openkit-dotnetcore-2.0.Tests\bin\Release\netcoreapp2.0\openkit-dotnetcore-2.0.Tests.dll" adapterTypeName="executor://nunit3testexecutor/" className="Dynatrace.OpenKit.Protocol.BeaconTest" name="NoIntValueIsReportedIfBeaconConfigurationDisablesCapturing" /></UnitTest><UnitTest name="TransitionToFlushStateIsPerformedOnShutdown" storage="c:\workspaces\openkit-dotnet\tests\openkit-dotnetcore-2.0.tests\bin\release\netcoreapp2.0\openkit-dotnetcore-2.0.tests.dll" id="ac40a971-a632-4f81-9204-040cf1e23bf1"><Execution id="35bdb87a-0c64-441a-8f7f-4335c00da776" /><TestMethod codeBase="C:\workspaces\openkit-dotnet\tests\openkit-dotnetcore-2.0.Tests\bin\Release\netcoreapp2.0\openkit-dotnetcore-2.0.Tests.dll" adapterTypeName="executor://nunit3testexecutor/" className="Dynatrace.OpenKit.Core.Communication.BeaconSendingCaptureOnStateTest" name="TransitionToFlushStateIsPerformedOnShutdown" /></UnitTest><UnitTest name="ShouldRunGivesTrueIfLastRunIsExactlyMaxAgeMillisecondsAgo" storage="c:\workspaces\openkit-dotnet\tests\openkit-dotnetcore-2.0.tests\bin\release\netcoreapp2.0\openkit-dotnetcore-2.0.tests.dll" id="6fc870a8-0385-41a1-ae65-caf754431123"><Execution id="733268cd-cf56-4ed1-bec1-6a261ab88ccf" /><TestMethod codeBase="C:\workspaces\openkit-dotnet\tests\openkit-dotnetcore-2.0.Tests\bin\Release\netcoreapp2.0\openkit-dotnetcore-2.0.Tests.dll" adapterTypeName="executor://nunit3testexecutor/" className="Dynatrace.OpenKit.Core.Caching.TimeEvicitionStrategyTest" name="ShouldRunGivesTrueIfLastRunIsExactlyMaxAgeMillisecondsAgo" /></UnitTest><UnitTest name="CanAddRootActionIfCaptureIsOn" storage="c:\workspaces\openkit-dotnet\tests\openkit-dotnetcore-2.0.tests\bin\release\netcoreapp2.0\openkit-dotnetcore-2.0.tests.dll" id="2baa8d60-7ba8-4d58-88a5-60e3f95f3cfa"><Execution id="98523be5-57db-4d08-9878-3226ab9821cc" /><TestMethod codeBase="C:\workspaces\openkit-dotnet\tests\openkit-dotnetcore-2.0.Tests\bin\Release\netcoreapp2.0\openkit-dotnetcore-2.0.Tests.dll" adapterTypeName="executor://nunit3testexecutor/" className="Dynatrace.OpenKit.Protocol.BeaconTest" name="CanAddRootActionIfCaptureIsOn" /></UnitTest><UnitTest name="ToStringReturnStateName" storage="c:\workspaces\openkit-dotnet\tests\openkit-dotnetcore-2.0.tests\bin\release\netcoreapp2.0\openkit-dotnetcore-2.0.tests.dll" id="4c076d7c-75d0-40a1-a1cf-e827bcd894c4"><Execution id="b3b61eaf-4362-42a2-b2f5-963a939e37a0" /><TestMethod codeBase="C:\workspaces\openkit-dotnet\tests\openkit-dotnetcore-2.0.Tests\bin\Release\netcoreapp2.0\openkit-dotnetcore-2.0.Tests.dll" adapterTypeName="executor://nunit3testexecutor/" className="Dynatrace.OpenKit.Core.Communication.BeaconSendingFlushSessionsStateTest" name="ToStringReturnStateName" /></UnitTest><UnitTest name="SleepIsNotCalledIfShutdownIsRequested" storage="c:\workspaces\openkit-dotnet\tests\openkit-dotnetcore-2.0.tests\bin\release\netcoreapp2.0\openkit-dotnetcore-2.0.tests.dll" id="007a7c4e-57db-4403-916b-2d63f42a665e"><Execution id="8d7c8468-1987-42ac-9387-9729c012961d" /><TestMethod codeBase="C:\workspaces\openkit-dotnet\tests\openkit-dotnetcore-2.0.Tests\bin\Release\netcoreapp2.0\openkit-dotnetcore-2.0.Tests.dll" adapterTypeName="executor://nunit3testexecutor/" className="Dynatrace.OpenKit.Core.Communication.BeaconSendingCaptureOffStateTest" name="SleepIsNotCalledIfShutdownIsRequested" /></UnitTest><UnitTest name="TriggeringEvictionStrategiesInThread" storage="c:\workspaces\openkit-dotnet\tests\openkit-dotnetcore-2.0.tests\bin\release\netcoreapp2.0\openkit-dotnetcore-2.0.tests.dll" id="6ff4585f-a2bb-4377-8c40-6feec3f432dd"><Execution id="f171316a-ff78-4653-adce-681a5499b030" /><TestMethod codeBase="C:\workspaces\openkit-dotnet\tests\openkit-dotnetcore-2.0.Tests\bin\Release\netcoreapp2.0\openkit-dotnetcore-2.0.Tests.dll" adapterTypeName="executor://nunit3testexecutor/" className="Dynatrace.OpenKit.Core.Caching.BeaconCacheEvictorTest" name="TriggeringEvictionStrategiesInThread" /></UnitTest><UnitTest name="ByDefaultBeaconConfigurationIsNotSet" storage="c:\workspaces\openkit-dotnet\tests\openkit-dotnetcore-2.0.tests\bin\release\netcoreapp2.0\openkit-dotnetcore-2.0.tests.dll" id="7e406739-dd43-4a94-b93e-578ba71509aa"><Execution id="cc6ee89b-88f3-4208-bed8-837713be583b" /><TestMethod codeBase="C:\workspaces\openkit-dotnet\tests\openkit-dotnetcore-2.0.Tests\bin\Release\netcoreapp2.0\openkit-dotnetcore-2.0.Tests.dll" adapterTypeName="executor://nunit3testexecutor/" className="Dynatrace.OpenKit.Core.Communication.SessionWrapperTest" name="ByDefaultBeaconConfigurationIsNotSet" /></UnitTest><UnitTest name="ResetChunkedDoesNothingIfEntryDoesNotExist" storage="c:\workspaces\openkit-dotnet\tests\openkit-dotnetcore-2.0.tests\bin\release\netcoreapp2.0\openkit-dotnetcore-2.0.tests.dll" id="b36903ba-344c-4c22-8843-4fdb811b9943"><Execution id="d0dea284-2b33-4c4e-ad31-6ce32a6ba9a3" /><TestMethod codeBase="C:\workspaces\openkit-dotnet\tests\openkit-dotnetcore-2.0.Tests\bin\Release\netcoreapp2.0\openkit-dotnetcore-2.0.Tests.dll" adapterTypeName="executor://nunit3testexecutor/" className="Dynatrace.OpenKit.Core.Caching.BeaconCacheTest" name="ResetChunkedDoesNothingIfEntryDoesNotExist" /></UnitTest><UnitTest name="DynatraceOpenKitBuilderTakesStringDeviceID" storage="c:\workspaces\openkit-dotnet\tests\openkit-dotnetcore-2.0.tests\bin\release\netcoreapp2.0\openkit-dotnetcore-2.0.tests.dll" id="e68f9181-c247-4bf5-967d-dbae7f139d6a"><Execution id="e252eec6-37f1-465a-ae29-1237b338014d" /><TestMethod codeBase="C:\workspaces\openkit-dotnet\tests\openkit-dotnetcore-2.0.Tests\bin\Release\netcoreapp2.0\openkit-dotnetcore-2.0.Tests.dll" adapterTypeName="executor://nunit3testexecutor/" className="Dynatrace.OpenKit.OpenKitBuilderTest" name="DynatraceOpenKitBuilderTakesStringDeviceID" /></UnitTest><UnitTest name="ReportCrashDoesNothingIfErrorNameIsAnEmptyString" storage="c:\workspaces\openkit-dotnet\tests\openkit-dotnetcore-2.0.tests\bin\release\netcoreapp2.0\openkit-dotnetcore-2.0.tests.dll" id="61a74344-309c-487c-a9ad-612562f6cd7c"><Execution id="0da0f39d-5e48-4eb9-90cc-8ff87caefed5" /><TestMethod codeBase="C:\workspaces\openkit-dotnet\tests\openkit-dotnetcore-2.0.Tests\bin\Release\netcoreapp2.0\openkit-dotnetcore-2.0.Tests.dll" adapterTypeName="executor://nunit3testexecutor/" className="Dynatrace.OpenKit.Core.SessionTest" name="ReportCrashDoesNothingIfErrorNameIsAnEmptyString" /></UnitTest><UnitTest name="ShutdownStateIsTerminalStateForInitialTimeSync" storage="c:\workspaces\openkit-dotnet\tests\openkit-dotnetcore-2.0.tests\bin\release\netcoreapp2.0\openkit-dotnetcore-2.0.tests.dll" id="82d16c8c-df28-4d5a-a3ab-fde4ff59198f"><Execution id="485f3911-da62-4c7c-8e0b-ef0ef1a580b1" /><TestMethod codeBase="C:\workspaces\openkit-dotnet\tests\openkit-dotnetcore-2.0.Tests\bin\Release\netcoreapp2.0\openkit-dotnetcore-2.0.Tests.dll" adapterTypeName="executor://nunit3testexecutor/" className="Dynatrace.OpenKit.Core.Communication.BeaconSendingTimeSyncStateTest" name="ShutdownStateIsTerminalStateForInitialTimeSync" /></UnitTest><UnitTest name="ReportEventDoesNothingIfEventNameIsAnEmptyString" storage="c:\workspaces\openkit-dotnet\tests\openkit-dotnetcore-2.0.tests\bin\release\netcoreapp2.0\openkit-dotnetcore-2.0.tests.dll" id="0a42bf22-718c-44b1-9d17-192c7386f5b3"><Execution id="e61ec841-a2af-4066-938b-b9fe59b12270" /><TestMethod codeBase="C:\workspaces\openkit-dotnet\tests\openkit-dotnetcore-2.0.Tests\bin\Release\netcoreapp2.0\openkit-dotnetcore-2.0.Tests.dll" adapterTypeName="executor://nunit3testexecutor/" className="Dynatrace.OpenKit.Core.ActionTest" name="ReportEventDoesNothingIfEventNameIsAnEmptyString" /></UnitTest><UnitTest name="CanSetModelIDForAppMon" storage="c:\workspaces\openkit-dotnet\tests\openkit-dotnetcore-2.0.tests\bin\release\netcoreapp2.0\openkit-dotnetcore-2.0.tests.dll" id="a4b736ab-30d7-4979-9838-e3a063b2a1e4"><Execution id="dc424386-461e-4a63-94a7-267c1f81b5a5" /><TestMethod codeBase="C:\workspaces\openkit-dotnet\tests\openkit-dotnetcore-2.0.Tests\bin\Release\netcoreapp2.0\openkit-dotnetcore-2.0.Tests.dll" adapterTypeName="executor://nunit3testexecutor/" className="Dynatrace.OpenKit.OpenKitBuilderTest" name="CanSetModelIDForAppMon" /></UnitTest><UnitTest name="GetChunkGetsChunksFromEventDataBeforeActionData" storage="c:\workspaces\openkit-dotnet\tests\openkit-dotnetcore-2.0.tests\bin\release\netcoreapp2.0\openkit-dotnetcore-2.0.tests.dll" id="6d650ab3-7b42-42dd-a8fe-139128dd6749"><Execution id="bb5de431-7584-476b-9a8a-e9654d6de861" /><TestMethod codeBase="C:\workspaces\openkit-dotnet\tests\openkit-dotnetcore-2.0.Tests\bin\Release\netcoreapp2.0\openkit-dotnetcore-2.0.Tests.dll" adapterTypeName="executor://nunit3testexecutor/" className="Dynatrace.OpenKit.Core.Caching.BeaconCacheEntryTest" name="GetChunkGetsChunksFromEventDataBeforeActionData" /></UnitTest><UnitTest name="IpV6AddressHexCompressedIsValidBlock3" storage="c:\workspaces\openkit-dotnet\tests\openkit-dotnetcore-2.0.tests\bin\release\netcoreapp2.0\openkit-dotnetcore-2.0.tests.dll" id="b23ab631-06e2-4091-b5eb-ce2d1b1dba54"><Execution id="be41b28b-4b23-4c5d-a71e-2061f504bc52" /><TestMethod codeBase="C:\workspaces\openkit-dotnet\tests\openkit-dotnetcore-2.0.Tests\bin\Release\netcoreapp2.0\openkit-dotnetcore-2.0.Tests.dll" adapterTypeName="executor://nunit3testexecutor/" className="Dynatrace.OpenKit.Core.Util.InetAddressValidatorTest" name="IpV6AddressHexCompressedIsValidBlock3" /></UnitTest><UnitTest name="CanSetBeaconCacheLowerMemoryBoundaryForDynatrace" storage="c:\workspaces\openkit-dotnet\tests\openkit-dotnetcore-2.0.tests\bin\release\netcoreapp2.0\openkit-dotnetcore-2.0.tests.dll" id="f95e457f-695c-403a-94df-fc5253d96c5d"><Execution id="68510713-9aa2-465e-999b-253aa94fb2b5" /><TestMethod codeBase="C:\workspaces\openkit-dotnet\tests\openkit-dotnetcore-2.0.Tests\bin\Release\netcoreapp2.0\openkit-dotnetcore-2.0.Tests.dll" adapterTypeName="executor://nunit3testexecutor/" className="Dynatrace.OpenKit.OpenKitBuilderTest" name="CanSetBeaconCacheLowerMemoryBoundaryForDynatrace" /></UnitTest><UnitTest name="TheStrategyIsDisabledIfCacheSizeUpperBoundIsLessThanLowerBound" storage="c:\workspaces\openkit-dotnet\tests\openkit-dotnetcore-2.0.tests\bin\release\netcoreapp2.0\openkit-dotnetcore-2.0.tests.dll" id="00881965-7eb5-4521-9361-d23e93db2bc5"><Execution id="fe72112f-0008-4e5c-8f3b-e59d0a977d8d" /><TestMethod codeBase="C:\workspaces\openkit-dotnet\tests\openkit-dotnetcore-2.0.Tests\bin\Release\netcoreapp2.0\openkit-dotnetcore-2.0.Tests.dll" adapterTypeName="executor://nunit3testexecutor/" className="Dynatrace.OpenKit.Core.Caching.SpaceEvictionStrategyTest" name="TheStrategyIsDisabledIfCacheSizeUpperBoundIsLessThanLowerBound" /></UnitTest><UnitTest name="GetChunksTakesSizeIntoAccount" storage="c:\workspaces\openkit-dotnet\tests\openkit-dotnetcore-2.0.tests\bin\release\netcoreapp2.0\openkit-dotnetcore-2.0.tests.dll" id="94c0cb9a-8cfb-4f1d-b216-46af44f447fd"><Execution id="7fe781fc-7b9c-42db-9ca8-be80831b3846" /><TestMethod codeBase="C:\workspaces\openkit-dotnet\tests\openkit-dotnetcore-2.0.Tests\bin\Release\netcoreapp2.0\openkit-dotnetcore-2.0.Tests.dll" adapterTypeName="executor://nunit3testexecutor/" className="Dynatrace.OpenKit.Core.Caching.BeaconCacheEntryTest" name="GetChunksTakesSizeIntoAccount" /></UnitTest><UnitTest name="CaptureIsFalseWhenItIsNotEqualToOne" storage="c:\workspaces\openkit-dotnet\tests\openkit-dotnetcore-2.0.tests\bin\release\netcoreapp2.0\openkit-dotnetcore-2.0.tests.dll" id="32e0f19b-2566-42e8-b674-153e0d18318e"><Execution id="e1f2f512-80b5-4113-91b0-508f34209389" /><TestMethod codeBase="C:\workspaces\openkit-dotnet\tests\openkit-dotnetcore-2.0.Tests\bin\Release\netcoreapp2.0\openkit-dotnetcore-2.0.Tests.dll" adapterTypeName="executor://nunit3testexecutor/" className="Dynatrace.OpenKit.Protocol.StatusResponseTest" name="CaptureIsFalseWhenItIsNotEqualToOne" /></UnitTest><UnitTest name="CurrentStateIsSet" storage="c:\workspaces\openkit-dotnet\tests\openkit-dotnetcore-2.0.tests\bin\release\netcoreapp2.0\openkit-dotnetcore-2.0.tests.dll" id="872e9145-a603-4989-b043-4d055bae9e5e"><Execution id="7dc73922-a5ad-4359-afc1-bed264c47ab2" /><TestMethod codeBase="C:\workspaces\openkit-dotnet\tests\openkit-dotnetcore-2.0.Tests\bin\Release\netcoreapp2.0\openkit-dotnetcore-2.0.Tests.dll" adapterTypeName="executor://nunit3testexecutor/" className="Dynatrace.OpenKit.Core.Communication.BeaconSendingContextTest" name="CurrentStateIsSet" /></UnitTest><UnitTest name="TimeSyncIsSupportedByDefault" storage="c:\workspaces\openkit-dotnet\tests\openkit-dotnetcore-2.0.tests\bin\release\netcoreapp2.0\openkit-dotnetcore-2.0.tests.dll" id="9945b164-dc41-4b73-9fe3-dbd2e4e727c9"><Execution id="213394c4-f39f-402e-ab11-54df9e23722a" /><TestMethod codeBase="C:\workspaces\openkit-dotnet\tests\openkit-dotnetcore-2.0.Tests\bin\Release\netcoreapp2.0\openkit-dotnetcore-2.0.Tests.dll" adapterTypeName="executor://nunit3testexecutor/" className="Dynatrace.OpenKit.Providers.DefaultTimingProviderTest" name="TimeSyncIsSupportedByDefault" /></UnitTest><UnitTest name="ExecuteEvictionDoesNotLogIfStrategyIsDisabledAndInfoIsDisabledInLogger" storage="c:\workspaces\openkit-dotnet\tests\openkit-dotnetcore-2.0.tests\bin\release\netcoreapp2.0\openkit-dotnetcore-2.0.tests.dll" id="a53db3f4-917a-4423-8f4e-cd194efde68f"><Execution id="6d9ade87-6b7f-49ed-b769-13845a612910" /><TestMethod codeBase="C:\workspaces\openkit-dotnet\tests\openkit-dotnetcore-2.0.Tests\bin\Release\netcoreapp2.0\openkit-dotnetcore-2.0.Tests.dll" adapterTypeName="executor://nunit3testexecutor/" className="Dynatrace.OpenKit.Core.Caching.SpaceEvictionStrategyTest" name="ExecuteEvictionDoesNotLogIfStrategyIsDisabledAndInfoIsDisabledInLogger" /></UnitTest><UnitTest name="SendNewSessionRequestSendsOneHTTPGetRequest" storage="c:\workspaces\openkit-dotnet\tests\openkit-dotnetcore-2.0.tests\bin\release\netcoreapp2.0\openkit-dotnetcore-2.0.tests.dll" id="ec166072-ceb8-410a-b001-f0553be7980b"><Execution id="67cb4a56-188c-474f-9ee2-6ed7c08836a2" /><TestMethod codeBase="C:\workspaces\openkit-dotnet\tests\openkit-dotnetcore-2.0.Tests\bin\Release\netcoreapp2.0\openkit-dotnetcore-2.0.Tests.dll" adapterTypeName="executor://nunit3testexecutor/" className="Dynatrace.OpenKit.Protocol.HTTPClientTest" name="SendNewSessionRequestSendsOneHTTPGetRequest" /></UnitTest><UnitTest name="IsInitializedGetsValueFromContext" storage="c:\workspaces\openkit-dotnet\tests\openkit-dotnetcore-2.0.tests\bin\release\netcoreapp2.0\openkit-dotnetcore-2.0.tests.dll" id="6e8a2425-bb72-4f47-ab7d-d3c5b00efcef"><Execution id="22ddcc74-3fe4-4953-b2e2-ef177196b60b" /><TestMethod codeBase="C:\workspaces\openkit-dotnet\tests\openkit-dotnetcore-2.0.Tests\bin\Release\netcoreapp2.0\openkit-dotnetcore-2.0.Tests.dll" adapterTypeName="executor://nunit3testexecutor/" className="Dynatrace.OpenKit.Core.BeaconSenderTest" name="IsInitializedGetsValueFromContext" /></UnitTest><UnitTest name="IsTooManyRequestsResponseReturnsFalseIfResponseCodeIsNotEqualToTooManyRequestsCode" storage="c:\workspaces\openkit-dotnet\tests\openkit-dotnetcore-2.0.tests\bin\release\netcoreapp2.0\openkit-dotnetcore-2.0.tests.dll" id="bf9e62ca-6747-4100-9cab-f81fb4b85f66"><Execution id="970eb7c5-3168-4b7b-b72b-938df511595e" /><TestMethod codeBase="C:\workspaces\openkit-dotnet\tests\openkit-dotnetcore-2.0.Tests\bin\Release\netcoreapp2.0\openkit-dotnetcore-2.0.Tests.dll" adapterTypeName="executor://nunit3testexecutor/" className="Dynatrace.OpenKit.Core.Communication.BeaconSendingResponseUtilTest" name="IsTooManyRequestsResponseReturnsFalseIfResponseCodeIsNotEqualToTooManyRequestsCode" /></UnitTest><UnitTest name="ADefaultConstructedContextDoesNotStoreAnySessions" storage="c:\workspaces\openkit-dotnet\tests\openkit-dotnetcore-2.0.tests\bin\release\netcoreapp2.0\openkit-dotnetcore-2.0.tests.dll" id="d31da0d9-5cd2-426b-a54e-9a43378b1d47"><Execution id="429dabf3-552f-420f-9139-9f48cd9607a9" /><TestMethod codeBase="C:\workspaces\openkit-dotnet\tests\openkit-dotnetcore-2.0.Tests\bin\Release\netcoreapp2.0\openkit-dotnetcore-2.0.Tests.dll" adapterTypeName="executor://nunit3testexecutor/" className="Dynatrace.OpenKit.Core.Communication.BeaconSendingContextTest" name="ADefaultConstructedContextDoesNotStoreAnySessions" /></UnitTest><UnitTest name="ADefaultConstructedCacheDoesNotContainBeacons" storage="c:\workspaces\openkit-dotnet\tests\openkit-dotnetcore-2.0.tests\bin\release\netcoreapp2.0\openkit-dotnetcore-2.0.tests.dll" id="ff8d935a-18f3-4ad4-9f2b-78c90bfa8396"><Execution id="4a1ddcd3-02e4-487d-b5f7-49316701a99e" /><TestMethod codeBase="C:\workspaces\openkit-dotnet\tests\openkit-dotnetcore-2.0.Tests\bin\Release\netcoreapp2.0\openkit-dotnetcore-2.0.Tests.dll" adapterTypeName="executor://nunit3testexecutor/" className="Dynatrace.OpenKit.Core.Caching.BeaconCacheTest" name="ADefaultConstructedCacheDoesNotContainBeacons" /></UnitTest><UnitTest name="IpV4AddressIsInvalidDueToIllegalValueOverrun" storage="c:\workspaces\openkit-dotnet\tests\openkit-dotnetcore-2.0.tests\bin\release\netcoreapp2.0\openkit-dotnetcore-2.0.tests.dll" id="b2e7e517-b845-4ab2-90e0-9e86f0e22f22"><Execution id="40a65d82-37e1-4480-989e-3998f9b84ba4" /><TestMethod codeBase="C:\workspaces\openkit-dotnet\tests\openkit-dotnetcore-2.0.Tests\bin\Release\netcoreapp2.0\openkit-dotnetcore-2.0.Tests.dll" adapterTypeName="executor://nunit3testexecutor/" className="Dynatrace.OpenKit.Core.Util.InetAddressValidatorTest" name="IpV4AddressIsInvalidDueToIllegalValueOverrun" /></UnitTest><UnitTest name="InfoDoesNotLogIfVerboseIsDisabled" storage="c:\workspaces\openkit-dotnet\tests\openkit-dotnetcore-2.0.tests\bin\release\netcoreapp2.0\openkit-dotnetcore-2.0.tests.dll" id="a9cd3f9e-4fd8-403c-9fc6-d97d61c89ebd"><Execution id="9a40b3bf-44e8-4f03-8686-ad8a83b07908" /><TestMethod codeBase="C:\workspaces\openkit-dotnet\tests\openkit-dotnetcore-2.0.Tests\bin\Release\netcoreapp2.0\openkit-dotnetcore-2.0.Tests.dll" adapterTypeName="executor://nunit3testexecutor/" className="Dynatrace.OpenKit.Core.DefaultLoggerTest" name="InfoDoesNotLogIfVerboseIsDisabled" /></UnitTest><UnitTest name="FinishedSessionsAreSent" storage="c:\workspaces\openkit-dotnet\tests\openkit-dotnetcore-2.0.tests\bin\release\netcoreapp2.0\openkit-dotnetcore-2.0.tests.dll" id="3ca5da04-2771-4862-a8d0-25460333171e"><Execution id="21033070-28cc-47ad-8e3f-7c1f60e26622" /><TestMethod codeBase="C:\workspaces\openkit-dotnet\tests\openkit-dotnetcore-2.0.Tests\bin\Release\netcoreapp2.0\openkit-dotnetcore-2.0.Tests.dll" adapterTypeName="executor://nunit3testexecutor/" className="Dynatrace.OpenKit.Core.Communication.BeaconSendingCaptureOnStateTest" name="FinishedSessionsAreSent" /></UnitTest><UnitTest name="SleepIsCalledOnEntry" storage="c:\workspaces\openkit-dotnet\tests\openkit-dotnetcore-2.0.tests\bin\release\netcoreapp2.0\openkit-dotnetcore-2.0.tests.dll" id="54d42eb3-2f7a-4051-9441-1784a8992350"><Execution id="33da82f8-6e29-4c1a-989c-55f4ad817aa4" /><TestMethod codeBase="C:\workspaces\openkit-dotnet\tests\openkit-dotnetcore-2.0.Tests\bin\Release\netcoreapp2.0\openkit-dotnetcore-2.0.Tests.dll" adapterTypeName="executor://nunit3testexecutor/" className="Dynatrace.OpenKit.Core.Communication.BeaconSendingCaptureOffStateTest" name="SleepIsCalledOnEntry" /></UnitTest><UnitTest name="NoEventIsReportedIfBeaconConfigurationDisablesCapturing" storage="c:\workspaces\openkit-dotnet\tests\openkit-dotnetcore-2.0.tests\bin\release\netcoreapp2.0\openkit-dotnetcore-2.0.tests.dll" id="1adea99f-9513-4709-90a1-d8c8db59d6a2"><Execution id="997e383c-2e24-4e5d-95a2-cf083ed9eed9" /><TestMethod codeBase="C:\workspaces\openkit-dotnet\tests\openkit-dotnetcore-2.0.Tests\bin\Release\netcoreapp2.0\openkit-dotnetcore-2.0.Tests.dll" adapterTypeName="executor://nunit3testexecutor/" className="Dynatrace.OpenKit.Protocol.BeaconTest" name="NoEventIsReportedIfBeaconConfigurationDisablesCapturing" /></UnitTest><UnitTest name="ExecuteEvictionDoesNotLogEvictionResultIfDebugIsDisabled" storage="c:\workspaces\openkit-dotnet\tests\openkit-dotnetcore-2.0.tests\bin\release\netcoreapp2.0\openkit-dotnetcore-2.0.tests.dll" id="c9a267b9-6c45-4b26-8052-7147dbc21eb9"><Execution id="abb1b523-6d36-496a-a084-e8b7f5b61357" /><TestMethod codeBase="C:\workspaces\openkit-dotnet\tests\openkit-dotnetcore-2.0.Tests\bin\Release\netcoreapp2.0\openkit-dotnetcore-2.0.Tests.dll" adapterTypeName="executor://nunit3testexecutor/" className="Dynatrace.OpenKit.Core.Caching.SpaceEvictionStrategyTest" name="ExecuteEvictionDoesNotLogEvictionResultIfDebugIsDisabled" /></UnitTest><UnitTest name="IpV6AddressLinkLocalIsInvalidIllegalNonHexCharacter" storage="c:\workspaces\openkit-dotnet\tests\openkit-dotnetcore-2.0.tests\bin\release\netcoreapp2.0\openkit-dotnetcore-2.0.tests.dll" id="7a519294-c76b-4cf8-bce3-04efaa11b8e7"><Execution id="748934ed-c84a-493b-ade4-691aef64cc60" /><TestMethod codeBase="C:\workspaces\openkit-dotnet\tests\openkit-dotnetcore-2.0.Tests\bin\Release\netcoreapp2.0\openkit-dotnetcore-2.0.Tests.dll" adapterTypeName="executor://nunit3testexecutor/" className="Dynatrace.OpenKit.Core.Util.InetAddressValidatorTest" name="IpV6AddressLinkLocalIsInvalidIllegalNonHexCharacter" /></UnitTest><UnitTest name="SendBeaconRequestSendsRequestToMonitorURL" storage="c:\workspaces\openkit-dotnet\tests\openkit-dotnetcore-2.0.tests\bin\release\netcoreapp2.0\openkit-dotnetcore-2.0.tests.dll" id="edadd5d8-61fc-4b0b-ba4c-9d792fe1fb8d"><Execution id="12a84693-bded-461c-888d-9ce147faeec6" /><TestMethod codeBase="C:\workspaces\openkit-dotnet\tests\openkit-dotnetcore-2.0.Tests\bin\Release\netcoreapp2.0\openkit-dotnetcore-2.0.Tests.dll" adapterTypeName="executor://nunit3testexecutor/" className="Dynatrace.OpenKit.Protocol.HTTPClientTest" name="SendBeaconRequestSendsRequestToMonitorURL" /></UnitTest><UnitTest name="CanGetCurrentTimestamp" storage="c:\workspaces\openkit-dotnet\tests\openkit-dotnetcore-2.0.tests\bin\release\netcoreapp2.0\openkit-dotnetcore-2.0.tests.dll" id="cb5f21a8-2130-4425-97cf-e3d533ab01fd"><Execution id="f024a23c-caf0-450c-bd65-7828f025bdde" /><TestMethod codeBase="C:\workspaces\openkit-dotnet\tests\openkit-dotnetcore-2.0.Tests\bin\Release\netcoreapp2.0\openkit-dotnetcore-2.0.Tests.dll" adapterTypeName="executor://nunit3testexecutor/" className="Dynatrace.OpenKit.Core.Communication.BeaconSendingContextTest" name="CanGetCurrentTimestamp" /></UnitTest><UnitTest name="InitCompleteIsCalledOnInterrupt" storage="c:\workspaces\openkit-dotnet\tests\openkit-dotnetcore-2.0.tests\bin\release\netcoreapp2.0\openkit-dotnetcore-2.0.tests.dll" id="ee78b8e2-f398-4c5d-9455-7905a0776d32"><Execution id="e43e1248-e25e-4ce0-83fb-360e5f5960c2" /><TestMethod codeBase="C:\workspaces\openkit-dotnet\tests\openkit-dotnetcore-2.0.Tests\bin\Release\netcoreapp2.0\openkit-dotnetcore-2.0.Tests.dll" adapterTypeName="executor://nunit3testexecutor/" className="Dynatrace.OpenKit.Core.Communication.BeaconSendingInitStateTest" name="InitCompleteIsCalledOnInterrupt" /></UnitTest><UnitTest name="StartTimeIsSetInConstructor" storage="c:\workspaces\openkit-dotnet\tests\openkit-dotnetcore-2.0.tests\bin\release\netcoreapp2.0\openkit-dotnetcore-2.0.tests.dll" id="60c2072d-ec3d-4b24-aa31-b1df44bfddea"><Execution id="cc2a27be-baa3-48ff-b511-c50514684ca6" /><TestMethod codeBase="C:\workspaces\openkit-dotnet\tests\openkit-dotnetcore-2.0.Tests\bin\Release\netcoreapp2.0\openkit-dotnetcore-2.0.Tests.dll" adapterTypeName="executor://nunit3testexecutor/" className="Dynatrace.OpenKit.Core.ActionTest" name="StartTimeIsSetInConstructor" /></UnitTest><UnitTest name="OddNumberOfTokensThrowsException" storage="c:\workspaces\openkit-dotnet\tests\openkit-dotnetcore-2.0.tests\bin\release\netcoreapp2.0\openkit-dotnetcore-2.0.tests.dll" id="6c95c187-65b5-4fa8-a23d-7ead14bf3246"><Execution id="29f2f4b2-be5c-4753-87b7-a744a02dfcca" /><TestMethod codeBase="C:\workspaces\openkit-dotnet\tests\openkit-dotnetcore-2.0.Tests\bin\Release\netcoreapp2.0\openkit-dotnetcore-2.0.Tests.dll" adapterTypeName="executor://nunit3testexecutor/" className="Dynatrace.OpenKit.Protocol.TimeSyncResponseTest" name="OddNumberOfTokensThrowsException" /></UnitTest><UnitTest name="DefaultBeaconConfigurationSetsMultiplicityToOne" storage="c:\workspaces\openkit-dotnet\tests\openkit-dotnetcore-2.0.tests\bin\release\netcoreapp2.0\openkit-dotnetcore-2.0.tests.dll" id="bbe7264b-6a9f-4e5f-b187-8076de8122fe"><Execution id="32518501-a902-4ed3-a219-6ce3a094c538" /><TestMethod codeBase="C:\workspaces\openkit-dotnet\tests\openkit-dotnetcore-2.0.Tests\bin\Release\netcoreapp2.0\openkit-dotnetcore-2.0.Tests.dll" adapterTypeName="executor://nunit3testexecutor/" className="Dynatrace.OpenKit.Protocol.BeaconTest" name="DefaultBeaconConfigurationSetsMultiplicityToOne" /></UnitTest><UnitTest name="CanSetApplicationVersionForDynatrace" storage="c:\workspaces\openkit-dotnet\tests\openkit-dotnetcore-2.0.tests\bin\release\netcoreapp2.0\openkit-dotnetcore-2.0.tests.dll" id="ee00c4e6-eb0e-4c5a-9b9b-a4acd31fc61a"><Execution id="01bce801-b2ab-4cd6-9597-b697a8639d82" /><TestMethod codeBase="C:\workspaces\openkit-dotnet\tests\openkit-dotnetcore-2.0.Tests\bin\Release\netcoreapp2.0\openkit-dotnetcore-2.0.Tests.dll" adapterTypeName="executor://nunit3testexecutor/" className="Dynatrace.OpenKit.OpenKitBuilderTest" name="CanSetApplicationVersionForDynatrace" /></UnitTest><UnitTest name="DisableCaptureDisablesItInTheConfiguration" storage="c:\workspaces\openkit-dotnet\tests\openkit-dotnetcore-2.0.tests\bin\release\netcoreapp2.0\openkit-dotnetcore-2.0.tests.dll" id="eac052c0-43d3-4e7b-b054-688738121825"><Execution id="d3087cbc-145d-443b-86fe-563bea379661" /><TestMethod codeBase="C:\workspaces\openkit-dotnet\tests\openkit-dotnetcore-2.0.Tests\bin\Release\netcoreapp2.0\openkit-dotnetcore-2.0.Tests.dll" adapterTypeName="executor://nunit3testexecutor/" className="Dynatrace.OpenKit.Core.Communication.BeaconSendingContextTest" name="DisableCaptureDisablesItInTheConfiguration" /></UnitTest><UnitTest name="TheStrategyIsDisabledIfCacheSizeUpperBoundIsEqualToZero" storage="c:\workspaces\openkit-dotnet\tests\openkit-dotnetcore-2.0.tests\bin\release\netcoreapp2.0\openkit-dotnetcore-2.0.tests.dll" id="b06d2e42-421e-4c82-96d0-1b8effae7329"><Execution id="2609c6b8-d1b0-4b82-8949-4b7e1eac7753" /><TestMethod codeBase="C:\workspaces\openkit-dotnet\tests\openkit-dotnetcore-2.0.Tests\bin\Release\netcoreapp2.0\openkit-dotnetcore-2.0.Tests.dll" adapterTypeName="executor://nunit3testexecutor/" className="Dynatrace.OpenKit.Core.Caching.SpaceEvictionStrategyTest" name="TheStrategyIsDisabledIfCacheSizeUpperBoundIsEqualToZero" /></UnitTest><UnitTest name="ExecuteEvictionCallsEvictionForEachBeaconSeparately" storage="c:\workspaces\openkit-dotnet\tests\openkit-dotnetcore-2.0.tests\bin\release\netcoreapp2.0\openkit-dotnetcore-2.0.tests.dll" id="5fc3d8ae-7b31-478c-b3f5-9ee84bfc36c1"><Execution id="e109b001-7138-4a97-b98d-25572e9a99a3" /><TestMethod codeBase="C:\workspaces\openkit-dotnet\tests\openkit-dotnetcore-2.0.Tests\bin\Release\netcoreapp2.0\openkit-dotnetcore-2.0.Tests.dll" adapterTypeName="executor://nunit3testexecutor/" className="Dynatrace.OpenKit.Core.Caching.TimeEvicitionStrategyTest" name="ExecuteEvictionCallsEvictionForEachBeaconSeparately" /></UnitTest><UnitTest name="SendBeaconRequestForwardsClientIP" storage="c:\workspaces\openkit-dotnet\tests\openkit-dotnetcore-2.0.tests\bin\release\netcoreapp2.0\openkit-dotnetcore-2.0.tests.dll" id="eeb2801b-d137-4475-a40b-f617054d6b18"><Execution id="d6801003-4dba-4a7b-871b-877070539cef" /><TestMethod codeBase="C:\workspaces\openkit-dotnet\tests\openkit-dotnetcore-2.0.Tests\bin\Release\netcoreapp2.0\openkit-dotnetcore-2.0.Tests.dll" adapterTypeName="executor://nunit3testexecutor/" className="Dynatrace.OpenKit.Protocol.HTTPClientTest" name="SendBeaconRequestForwardsClientIP" /></UnitTest><UnitTest name="NamedEventNotReportedForDataCollectionLevel1" storage="c:\workspaces\openkit-dotnet\tests\openkit-dotnetcore-2.0.tests\bin\release\netcoreapp2.0\openkit-dotnetcore-2.0.tests.dll" id="c323fcd6-8657-4fe4-bd1b-c8897d4c0c83"><Execution id="887148e5-5922-4a52-90ff-7bee913fc030" /><TestMethod codeBase="C:\workspaces\openkit-dotnet\tests\openkit-dotnetcore-2.0.Tests\bin\Release\netcoreapp2.0\openkit-dotnetcore-2.0.Tests.dll" adapterTypeName="executor://nunit3testexecutor/" className="Dynatrace.OpenKit.Protocol.BeaconTest" name="NamedEventNotReportedForDataCollectionLevel1" /></UnitTest><UnitTest name="CaptureErrorsIsTrueWhenItIsNotEqualToZero" storage="c:\workspaces\openkit-dotnet\tests\openkit-dotnetcore-2.0.tests\bin\release\netcoreapp2.0\openkit-dotnetcore-2.0.tests.dll" id="e40f733d-2953-4b18-a12b-95f9fc085f52"><Execution id="fd923eac-83d3-414a-866c-07dad65fb280" /><TestMethod codeBase="C:\workspaces\openkit-dotnet\tests\openkit-dotnetcore-2.0.Tests\bin\Release\netcoreapp2.0\openkit-dotnetcore-2.0.Tests.dll" adapterTypeName="executor://nunit3testexecutor/" className="Dynatrace.OpenKit.Protocol.StatusResponseTest" name="CaptureErrorsIsTrueWhenItIsNotEqualToZero" /></UnitTest><UnitTest name="ReportErrorDoesNothingIfErrorNameIsAnEmptyString" storage="c:\workspaces\openkit-dotnet\tests\openkit-dotnetcore-2.0.tests\bin\release\netcoreapp2.0\openkit-dotnetcore-2.0.tests.dll" id="633118a3-1713-4d2b-a439-de0200c2b2a1"><Execution id="91bdef70-4a76-4997-88b0-cbd3f45bcabe" /><TestMethod codeBase="C:\workspaces\openkit-dotnet\tests\openkit-dotnetcore-2.0.Tests\bin\Release\netcoreapp2.0\openkit-dotnetcore-2.0.Tests.dll" adapterTypeName="executor://nunit3testexecutor/" className="Dynatrace.OpenKit.Core.ActionTest" name="ReportErrorDoesNothingIfErrorNameIsAnEmptyString" /></UnitTest><UnitTest name="ReportIntValueDoesNothingIfValueNameIsNull" storage="c:\workspaces\openkit-dotnet\tests\openkit-dotnetcore-2.0.tests\bin\release\netcoreapp2.0\openkit-dotnetcore-2.0.tests.dll" id="2fe59bfc-f508-46f4-a9fb-51b7e81cd7dc"><Execution id="dcc2e953-dfee-4822-8c48-6eb735fdc32a" /><TestMethod codeBase="C:\workspaces\openkit-dotnet\tests\openkit-dotnetcore-2.0.Tests\bin\Release\netcoreapp2.0\openkit-dotnetcore-2.0.Tests.dll" adapterTypeName="executor://nunit3testexecutor/" className="Dynatrace.OpenKit.Core.ActionTest" name="ReportIntValueDoesNothingIfValueNameIsNull" /></UnitTest><UnitTest name="ShutdownStateIsFlushSessionStateForTimeReSync" storage="c:\workspaces\openkit-dotnet\tests\openkit-dotnetcore-2.0.tests\bin\release\netcoreapp2.0\openkit-dotnetcore-2.0.tests.dll" id="58182cde-0523-497b-b953-3fdeabde435e"><Execution id="285ee7dd-d136-4b4e-8fb8-147fd85e18f5" /><TestMethod codeBase="C:\workspaces\openkit-dotnet\tests\openkit-dotnetcore-2.0.Tests\bin\Release\netcoreapp2.0\openkit-dotnetcore-2.0.Tests.dll" adapterTypeName="executor://nunit3testexecutor/" className="Dynatrace.OpenKit.Core.Communication.BeaconSendingTimeSyncStateTest" name="ShutdownStateIsFlushSessionStateForTimeReSync" /></UnitTest><UnitTest name="CanSetDataCollectionLevelForAppMon" storage="c:\workspaces\openkit-dotnet\tests\openkit-dotnetcore-2.0.tests\bin\release\netcoreapp2.0\openkit-dotnetcore-2.0.tests.dll" id="769584e7-6fa1-4167-993c-25f8be407d45"><Execution id="b687dc47-7b07-431c-a3fa-218b7ae0929f" /><TestMethod codeBase="C:\workspaces\openkit-dotnet\tests\openkit-dotnetcore-2.0.Tests\bin\Release\netcoreapp2.0\openkit-dotnetcore-2.0.Tests.dll" adapterTypeName="executor://nunit3testexecutor/" className="Dynatrace.OpenKit.OpenKitBuilderTest" name="CanSetDataCollectionLevelForAppMon" /></UnitTest><UnitTest name="ShouldRunGivesFalseIfNumBytesInCacheIsLessThanUpperBoundLimit" storage="c:\workspaces\openkit-dotnet\tests\openkit-dotnetcore-2.0.tests\bin\release\netcoreapp2.0\openkit-dotnetcore-2.0.tests.dll" id="76abe38c-512b-4d56-bf58-59437ff0d128"><Execution id="85741fc7-372b-4b84-869b-f2c781c59e68" /><TestMethod codeBase="C:\workspaces\openkit-dotnet\tests\openkit-dotnetcore-2.0.Tests\bin\Release\netcoreapp2.0\openkit-dotnetcore-2.0.Tests.dll" adapterTypeName="executor://nunit3testexecutor/" className="Dynatrace.OpenKit.Core.Caching.SpaceEvictionStrategyTest" name="ShouldRunGivesFalseIfNumBytesInCacheIsLessThanUpperBoundLimit" /></UnitTest><UnitTest name="ActionNotReportedForDataCollectionLevel0" storage="c:\workspaces\openkit-dotnet\tests\openkit-dotnetcore-2.0.tests\bin\release\netcoreapp2.0\openkit-dotnetcore-2.0.tests.dll" id="429e25a2-8bb0-4bcb-b0d3-931a87cf609d"><Execution id="32001c26-dda5-4d55-9335-18e3fa956e3a" /><TestMethod codeBase="C:\workspaces\openkit-dotnet\tests\openkit-dotnetcore-2.0.Tests\bin\Release\netcoreapp2.0\openkit-dotnetcore-2.0.Tests.dll" adapterTypeName="executor://nunit3testexecutor/" className="Dynatrace.OpenKit.Protocol.BeaconTest" name="ActionNotReportedForDataCollectionLevel0" /></UnitTest><UnitTest name="SleepTimeIsDoubledBetweenConsecutiveRetries" storage="c:\workspaces\openkit-dotnet\tests\openkit-dotnetcore-2.0.tests\bin\release\netcoreapp2.0\openkit-dotnetcore-2.0.tests.dll" id="3f5f8054-aefa-4ddf-acb0-687fd7e2536a"><Execution id="e1fc1074-fa01-451a-8edc-e839d6315e17" /><TestMethod codeBase="C:\workspaces\openkit-dotnet\tests\openkit-dotnetcore-2.0.Tests\bin\Release\netcoreapp2.0\openkit-dotnetcore-2.0.Tests.dll" adapterTypeName="executor://nunit3testexecutor/" className="Dynatrace.OpenKit.Core.Communication.BeaconSendingRequestUtilTest" name="SleepTimeIsDoubledBetweenConsecutiveRetries" /></UnitTest><UnitTest name="ParsingInvalidNumericValueForCaptureErrorsThrowsException" storage="c:\workspaces\openkit-dotnet\tests\openkit-dotnetcore-2.0.tests\bin\release\netcoreapp2.0\openkit-dotnetcore-2.0.tests.dll" id="6629693a-68ac-476c-8ce2-f1e438375ecc"><Execution id="ce7287b0-7d4d-4754-9fbf-454eeaafdef2" /><TestMethod codeBase="C:\workspaces\openkit-dotnet\tests\openkit-dotnetcore-2.0.Tests\bin\Release\netcoreapp2.0\openkit-dotnetcore-2.0.Tests.dll" adapterTypeName="executor://nunit3testexecutor/" className="Dynatrace.OpenKit.Protocol.StatusResponseTest" name="ParsingInvalidNumericValueForCaptureErrorsThrowsException" /></UnitTest><UnitTest name="AWebRequestTracerIsStoppedAfterStopHasBeenCalled" storage="c:\workspaces\openkit-dotnet\tests\openkit-dotnetcore-2.0.tests\bin\release\netcoreapp2.0\openkit-dotnetcore-2.0.tests.dll" id="71e044bb-fec0-4a8f-8bb3-5d48a70004cf"><Execution id="83b6de31-62fe-43bf-a308-bbb64fa76088" /><TestMethod codeBase="C:\workspaces\openkit-dotnet\tests\openkit-dotnetcore-2.0.Tests\bin\Release\netcoreapp2.0\openkit-dotnetcore-2.0.Tests.dll" adapterTypeName="executor://nunit3testexecutor/" className="Dynatrace.OpenKit.Core.WebRequestTracerBaseTest" name="AWebRequestTracerIsStoppedAfterStopHasBeenCalled" /></UnitTest><UnitTest name="ContextIsInitializedWithInitState" storage="c:\workspaces\openkit-dotnet\tests\openkit-dotnetcore-2.0.tests\bin\release\netcoreapp2.0\openkit-dotnetcore-2.0.tests.dll" id="e1614521-1d6a-4ff9-89bd-363b34a0075a"><Execution id="54975c23-e61a-44c2-a53e-118f286efab3" /><TestMethod codeBase="C:\workspaces\openkit-dotnet\tests\openkit-dotnetcore-2.0.Tests\bin\Release\netcoreapp2.0\openkit-dotnetcore-2.0.Tests.dll" adapterTypeName="executor://nunit3testexecutor/" className="Dynatrace.OpenKit.Core.Communication.BeaconSendingContextTest" name="ContextIsInitializedWithInitState" /></UnitTest><UnitTest name="ADefaultConstructedConfigurationEnablesCapturing" storage="c:\workspaces\openkit-dotnet\tests\openkit-dotnetcore-2.0.tests\bin\release\netcoreapp2.0\openkit-dotnetcore-2.0.tests.dll" id="bddacb2b-69de-4e22-987b-25e6081ce5e3"><Execution id="fa936133-a4fe-4616-a44c-0e526a16d58a" /><TestMethod codeBase="C:\workspaces\openkit-dotnet\tests\openkit-dotnetcore-2.0.Tests\bin\Release\netcoreapp2.0\openkit-dotnetcore-2.0.Tests.dll" adapterTypeName="executor://nunit3testexecutor/" className="Dynatrace.OpenKit.Core.Configuration.OpenKitConfigurationTest" name="ADefaultConstructedConfigurationEnablesCapturing" /></UnitTest><UnitTest name="CanSetOperatingSystemForAppMon" storage="c:\workspaces\openkit-dotnet\tests\openkit-dotnetcore-2.0.tests\bin\release\netcoreapp2.0\openkit-dotnetcore-2.0.tests.dll" id="5be152a3-29a3-4bdf-aa4f-847e33c89f9b"><Execution id="001b0d3c-1918-4e0e-9995-bc115c03db32" /><TestMethod codeBase="C:\workspaces\openkit-dotnet\tests\openkit-dotnetcore-2.0.Tests\bin\Release\netcoreapp2.0\openkit-dotnetcore-2.0.Tests.dll" adapterTypeName="executor://nunit3testexecutor/" className="Dynatrace.OpenKit.OpenKitBuilderTest" name="CanSetOperatingSystemForAppMon" /></UnitTest><UnitTest name="TraceWebRequestGivesValidWebRequestTracer" storage="c:\workspaces\openkit-dotnet\tests\openkit-dotnetcore-2.0.tests\bin\release\netcoreapp2.0\openkit-dotnetcore-2.0.tests.dll" id="9279f998-3a6b-4db1-baac-fdfd92fac226"><Execution id="ed31340f-22a3-42a1-ace0-e28bd031a7b6" /><TestMethod codeBase="C:\workspaces\openkit-dotnet\tests\openkit-dotnetcore-2.0.Tests\bin\Release\netcoreapp2.0\openkit-dotnetcore-2.0.Tests.dll" adapterTypeName="executor://nunit3testexecutor/" className="Dynatrace.OpenKit.Core.SessionTest" name="TraceWebRequestGivesValidWebRequestTracer" /></UnitTest><UnitTest name="IntValueNotReportedForDataCollectionLevel0" storage="c:\workspaces\openkit-dotnet\tests\openkit-dotnetcore-2.0.tests\bin\release\netcoreapp2.0\openkit-dotnetcore-2.0.tests.dll" id="0863e63b-9d1f-4ea8-9a1a-a6792faf4ba3"><Execution id="22a8cba5-6796-469e-803a-644fc938f1cf" /><TestMethod codeBase="C:\workspaces\openkit-dotnet\tests\openkit-dotnetcore-2.0.Tests\bin\Release\netcoreapp2.0\openkit-dotnetcore-2.0.Tests.dll" adapterTypeName="executor://nunit3testexecutor/" className="Dynatrace.OpenKit.Protocol.BeaconTest" name="IntValueNotReportedForDataCollectionLevel0" /></UnitTest><UnitTest name="ToStringReturnsTheStateName" storage="c:\workspaces\openkit-dotnet\tests\openkit-dotnetcore-2.0.tests\bin\release\netcoreapp2.0\openkit-dotnetcore-2.0.tests.dll" id="f88b998c-cdd3-47cc-aae9-99cff1a0caee"><Execution id="4cf8d5a7-ca4d-449a-ba12-1b9ef89f75c0" /><TestMethod codeBase="C:\workspaces\openkit-dotnet\tests\openkit-dotnetcore-2.0.Tests\bin\Release\netcoreapp2.0\openkit-dotnetcore-2.0.Tests.dll" adapterTypeName="executor://nunit3testexecutor/" className="Dynatrace.OpenKit.Core.Communication.BeaconSendingInitStateTest" name="ToStringReturnsTheStateName" /></UnitTest><UnitTest name="ResetDataMarkedForSendingResetsMarkedForSendingFlag" storage="c:\workspaces\openkit-dotnet\tests\openkit-dotnetcore-2.0.tests\bin\release\netcoreapp2.0\openkit-dotnetcore-2.0.tests.dll" id="c0e9e395-6a1c-4f86-9ab8-0d2a350ebe14"><Execution id="35f329c8-572f-4059-b0c9-afef257bf0b1" /><TestMethod codeBase="C:\workspaces\openkit-dotnet\tests\openkit-dotnetcore-2.0.Tests\bin\Release\netcoreapp2.0\openkit-dotnetcore-2.0.Tests.dll" adapterTypeName="executor://nunit3testexecutor/" className="Dynatrace.OpenKit.Core.Caching.BeaconCacheEntryTest" name="ResetDataMarkedForSendingResetsMarkedForSendingFlag" /></UnitTest><UnitTest name="IsEmptyGivesTrueIfBeaconDoesNotExistInCache" storage="c:\workspaces\openkit-dotnet\tests\openkit-dotnetcore-2.0.tests\bin\release\netcoreapp2.0\openkit-dotnetcore-2.0.tests.dll" id="84e7a87d-a8d0-4eec-80df-ff687cdc0847"><Execution id="c10b7dd1-20de-4033-9354-939cb5efa9c5" /><TestMethod codeBase="C:\workspaces\openkit-dotnet\tests\openkit-dotnetcore-2.0.Tests\bin\Release\netcoreapp2.0\openkit-dotnetcore-2.0.Tests.dll" adapterTypeName="executor://nunit3testexecutor/" className="Dynatrace.OpenKit.Core.Caching.BeaconCacheTest" name="IsEmptyGivesTrueIfBeaconDoesNotExistInCache" /></UnitTest><UnitTest name="TransitionToFlushStateIsPerformedOnShutdown" storage="c:\workspaces\openkit-dotnet\tests\openkit-dotnetcore-2.0.tests\bin\release\netcoreapp2.0\openkit-dotnetcore-2.0.tests.dll" id="e39c3feb-38ed-4b80-ac63-12f778a32a3a"><Execution id="33e254e8-d1b5-4010-9a1f-6cdeddf03f8e" /><TestMethod codeBase="C:\workspaces\openkit-dotnet\tests\openkit-dotnetcore-2.0.Tests\bin\Release\netcoreapp2.0\openkit-dotnetcore-2.0.Tests.dll" adapterTypeName="executor://nunit3testexecutor/" className="Dynatrace.OpenKit.Core.Communication.BeaconSendingCaptureOffStateTest" name="TransitionToFlushStateIsPerformedOnShutdown" /></UnitTest><UnitTest name="SendNewSessionRequestReturnsAnUnknownErrorResponseForWrongHttpResponse" storage="c:\workspaces\openkit-dotnet\tests\openkit-dotnetcore-2.0.tests\bin\release\netcoreapp2.0\openkit-dotnetcore-2.0.tests.dll" id="b39d0324-d54e-4094-b78d-1b4ac9198558"><Execution id="5bc6030c-91f8-4ab0-9283-d3c1ca1560cf" /><TestMethod codeBase="C:\workspaces\openkit-dotnet\tests\openkit-dotnetcore-2.0.Tests\bin\Release\netcoreapp2.0\openkit-dotnetcore-2.0.Tests.dll" adapterTypeName="executor://nunit3testexecutor/" className="Dynatrace.OpenKit.Protocol.HTTPClientTest" name="SendNewSessionRequestReturnsAnUnknownErrorResponseForWrongHttpResponse" /></UnitTest><UnitTest name="ReinitializeSleepsBeforeSendingStatusRequests" storage="c:\workspaces\openkit-dotnet\tests\openkit-dotnetcore-2.0.tests\bin\release\netcoreapp2.0\openkit-dotnetcore-2.0.tests.dll" id="fc0624ea-5738-40a8-b36a-077641eb6dfa"><Execution id="0a2ec777-fdc9-4d87-b9c1-c16db6847d41" /><TestMethod codeBase="C:\workspaces\openkit-dotnet\tests\openkit-dotnetcore-2.0.Tests\bin\Release\netcoreapp2.0\openkit-dotnetcore-2.0.Tests.dll" adapterTypeName="executor://nunit3testexecutor/" className="Dynatrace.OpenKit.Core.Communication.BeaconSendingInitStateTest" name="ReinitializeSleepsBeforeSendingStatusRequests" /></UnitTest><UnitTest name="IdentifyUserDoesNotReportOnDataCollectionLevel0" storage="c:\workspaces\openkit-dotnet\tests\openkit-dotnetcore-2.0.tests\bin\release\netcoreapp2.0\openkit-dotnetcore-2.0.tests.dll" id="11adb1be-f1cd-4b80-86fd-08a766e0ebb5"><Execution id="3b1f6430-200a-4979-a6b0-27fa908965d4" /><TestMethod codeBase="C:\workspaces\openkit-dotnet\tests\openkit-dotnetcore-2.0.Tests\bin\Release\netcoreapp2.0\openkit-dotnetcore-2.0.Tests.dll" adapterTypeName="executor://nunit3testexecutor/" className="Dynatrace.OpenKit.Protocol.BeaconTest" name="IdentifyUserDoesNotReportOnDataCollectionLevel0" /></UnitTest><UnitTest name="AfterASessionHasBeenConfiguredItsOpenAndConfigured" storage="c:\workspaces\openkit-dotnet\tests\openkit-dotnetcore-2.0.tests\bin\release\netcoreapp2.0\openkit-dotnetcore-2.0.tests.dll" id="0235186b-4d0c-49a3-bc38-640d3accdcfe"><Execution id="a7404449-9ab5-4709-b5a7-b772715c3da5" /><TestMethod codeBase="C:\workspaces\openkit-dotnet\tests\openkit-dotnetcore-2.0.Tests\bin\Release\netcoreapp2.0\openkit-dotnetcore-2.0.Tests.dll" adapterTypeName="executor://nunit3testexecutor/" className="Dynatrace.OpenKit.Core.Communication.BeaconSendingContextTest" name="AfterASessionHasBeenConfiguredItsOpenAndConfigured" /></UnitTest><UnitTest name="SendBeaconRequestReturnsErrorCode" storage="c:\workspaces\openkit-dotnet\tests\openkit-dotnetcore-2.0.tests\bin\release\netcoreapp2.0\openkit-dotnetcore-2.0.tests.dll" id="be2a8130-4a2f-44bc-a013-2fd117ad8bd7"><Execution id="0a45fdec-291b-4958-a591-03c17edca3bc" /><TestMethod codeBase="C:\workspaces\openkit-dotnet\tests\openkit-dotnetcore-2.0.Tests\bin\Release\netcoreapp2.0\openkit-dotnetcore-2.0.Tests.dll" adapterTypeName="executor://nunit3testexecutor/" className="Dynatrace.OpenKit.Protocol.HTTPClientTest" name="SendBeaconRequestReturnsErrorCode" /></UnitTest><UnitTest name="DoubleValueNotReportedForDataCollectionLevel1" storage="c:\workspaces\openkit-dotnet\tests\openkit-dotnetcore-2.0.tests\bin\release\netcoreapp2.0\openkit-dotnetcore-2.0.tests.dll" id="449828d3-5875-4463-809d-c0c1679e3ec1"><Execution id="8008e988-c172-4931-8cb6-fbe6ce82e627" /><TestMethod codeBase="C:\workspaces\openkit-dotnet\tests\openkit-dotnetcore-2.0.Tests\bin\Release\netcoreapp2.0\openkit-dotnetcore-2.0.Tests.dll" adapterTypeName="executor://nunit3testexecutor/" className="Dynatrace.OpenKit.Protocol.BeaconTest" name="DoubleValueNotReportedForDataCollectionLevel1" /></UnitTest><UnitTest name="CanAddSentBytesToWebRequestTracer" storage="c:\workspaces\openkit-dotnet\tests\openkit-dotnetcore-2.0.tests\bin\release\netcoreapp2.0\openkit-dotnetcore-2.0.tests.dll" id="d9581807-6650-4be6-8ca3-3758baddbbd0"><Execution id="96e87a48-fdc9-4746-9e39-85cdc9369b35" /><TestMethod codeBase="C:\workspaces\openkit-dotnet\tests\openkit-dotnetcore-2.0.Tests\bin\Release\netcoreapp2.0\openkit-dotnetcore-2.0.Tests.dll" adapterTypeName="executor://nunit3testexecutor/" className="Dynatrace.OpenKit.Protocol.BeaconTest" name="CanAddSentBytesToWebRequestTracer" /></UnitTest><UnitTest name="SendNewSessionRequestReturnsErrorCode" storage="c:\workspaces\openkit-dotnet\tests\openkit-dotnetcore-2.0.tests\bin\release\netcoreapp2.0\openkit-dotnetcore-2.0.tests.dll" id="e58abed1-26ef-4ea2-9010-4744234e7030"><Execution id="72606af0-e059-4ccf-80de-af19873d64bd" /><TestMethod codeBase="C:\workspaces\openkit-dotnet\tests\openkit-dotnetcore-2.0.Tests\bin\Release\netcoreapp2.0\openkit-dotnetcore-2.0.Tests.dll" adapterTypeName="executor://nunit3testexecutor/" className="Dynatrace.OpenKit.Protocol.HTTPClientTest" name="SendNewSessionRequestReturnsErrorCode" /></UnitTest><UnitTest name="TheStrategyIsDisabledIfBeaconMaxAgeIsSetToLessThanZero" storage="c:\workspaces\openkit-dotnet\tests\openkit-dotnetcore-2.0.tests\bin\release\netcoreapp2.0\openkit-dotnetcore-2.0.tests.dll" id="84569069-a643-42f2-966e-95048d931824"><Execution id="121682b0-caba-45b6-9aee-c44eda02ffd2" /><TestMethod codeBase="C:\workspaces\openkit-dotnet\tests\openkit-dotnetcore-2.0.Tests\bin\Release\netcoreapp2.0\openkit-dotnetcore-2.0.Tests.dll" adapterTypeName="executor://nunit3testexecutor/" className="Dynatrace.OpenKit.Core.Caching.TimeEvicitionStrategyTest" name="TheStrategyIsDisabledIfBeaconMaxAgeIsSetToLessThanZero" /></UnitTest><UnitTest name="ExecuteEvictionLogsAMessageOnceAndReturnsIfStrategyIsDisabled" storage="c:\workspaces\openkit-dotnet\tests\openkit-dotnetcore-2.0.tests\bin\release\netcoreapp2.0\openkit-dotnetcore-2.0.tests.dll" id="e1443930-be5d-44f5-b9b8-2c71986d8193"><Execution id="741f3577-4fda-4661-bd3f-3071a8d50199" /><TestMethod codeBase="C:\workspaces\openkit-dotnet\tests\openkit-dotnetcore-2.0.Tests\bin\Release\netcoreapp2.0\openkit-dotnetcore-2.0.Tests.dll" adapterTypeName="executor://nunit3testexecutor/" className="Dynatrace.OpenKit.Core.Caching.TimeEvicitionStrategyTest" name="ExecuteEvictionLogsAMessageOnceAndReturnsIfStrategyIsDisabled" /></UnitTest><UnitTest name="ADefaultConstructedBeaconCacheEvictorIsNotAlive" storage="c:\workspaces\openkit-dotnet\tests\openkit-dotnetcore-2.0.tests\bin\release\netcoreapp2.0\openkit-dotnetcore-2.0.tests.dll" id="a0c174f6-dff2-4b31-88ba-9d8116ed4012"><Execution id="b3cbd70e-8498-4844-ac41-0483bdd0aaf5" /><TestMethod codeBase="C:\workspaces\openkit-dotnet\tests\openkit-dotnetcore-2.0.Tests\bin\Release\netcoreapp2.0\openkit-dotnetcore-2.0.Tests.dll" adapterTypeName="executor://nunit3testexecutor/" className="Dynatrace.OpenKit.Core.Caching.BeaconCacheEvictorTest" name="ADefaultConstructedBeaconCacheEvictorIsNotAlive" /></UnitTest><UnitTest name="AddActionDataAddsBeaconIdToCache" storage="c:\workspaces\openkit-dotnet\tests\openkit-dotnetcore-2.0.tests\bin\release\netcoreapp2.0\openkit-dotnetcore-2.0.tests.dll" id="d18fb38a-768a-4acc-9b3f-388fc2c75829"><Execution id="acd79dc7-c5f1-4df4-8c2c-a237adf1dc65" /><TestMethod codeBase="C:\workspaces\openkit-dotnet\tests\openkit-dotnetcore-2.0.Tests\bin\Release\netcoreapp2.0\openkit-dotnetcore-2.0.Tests.dll" adapterTypeName="executor://nunit3testexecutor/" className="Dynatrace.OpenKit.Core.Caching.BeaconCacheTest" name="AddActionDataAddsBeaconIdToCache" /></UnitTest><UnitTest name="IpV6AddressMixedNotationIsInvalidOnly3IPv4Blocks" storage="c:\workspaces\openkit-dotnet\tests\openkit-dotnetcore-2.0.tests\bin\release\netcoreapp2.0\openkit-dotnetcore-2.0.tests.dll" id="45449564-9bd9-435f-86a2-8a55e6fa2682"><Execution id="5ad0326f-9f4a-4394-93da-2593aa5604bc" /><TestMethod codeBase="C:\workspaces\openkit-dotnet\tests\openkit-dotnetcore-2.0.Tests\bin\Release\netcoreapp2.0\openkit-dotnetcore-2.0.Tests.dll" adapterTypeName="executor://nunit3testexecutor/" className="Dynatrace.OpenKit.Core.Util.InetAddressValidatorTest" name="IpV6AddressMixedNotationIsInvalidOnly3IPv4Blocks" /></UnitTest><UnitTest name="ExecuteIsCalledOnCurrentState" storage="c:\workspaces\openkit-dotnet\tests\openkit-dotnetcore-2.0.tests\bin\release\netcoreapp2.0\openkit-dotnetcore-2.0.tests.dll" id="1d6ced1e-2960-41ce-b83f-1c9de5aef1bd"><Execution id="512eb39a-f607-4a42-8be9-d041674035e0" /><TestMethod codeBase="C:\workspaces\openkit-dotnet\tests\openkit-dotnetcore-2.0.Tests\bin\Release\netcoreapp2.0\openkit-dotnetcore-2.0.Tests.dll" adapterTypeName="executor://nunit3testexecutor/" className="Dynatrace.OpenKit.Core.Communication.BeaconSendingContextTest" name="ExecuteIsCalledOnCurrentState" /></UnitTest><UnitTest name="StateIsTerminal" storage="c:\workspaces\openkit-dotnet\tests\openkit-dotnetcore-2.0.tests\bin\release\netcoreapp2.0\openkit-dotnetcore-2.0.tests.dll" id="8abc6fd4-730a-4c84-8702-8b714e1e5572"><Execution id="f68c6d78-041f-460e-ad7c-64a4240eca79" /><TestMethod codeBase="C:\workspaces\openkit-dotnet\tests\openkit-dotnetcore-2.0.Tests\bin\Release\netcoreapp2.0\openkit-dotnetcore-2.0.Tests.dll" adapterTypeName="executor://nunit3testexecutor/" className="Dynatrace.OpenKit.Core.Communication.BeaconSendingTerminalStateTest" name="StateIsTerminal" /></UnitTest><UnitTest name="RemoveChunkedDataDoesNothingIfCalledWithNonExistingBeaconID" storage="c:\workspaces\openkit-dotnet\tests\openkit-dotnetcore-2.0.tests\bin\release\netcoreapp2.0\openkit-dotnetcore-2.0.tests.dll" id="9527db21-cb97-43c0-b4a0-df4b86fc3e77"><Execution id="e5ae7639-47e4-4016-b75c-70e830278b34" /><TestMethod codeBase="C:\workspaces\openkit-dotnet\tests\openkit-dotnetcore-2.0.Tests\bin\Release\netcoreapp2.0\openkit-dotnetcore-2.0.Tests.dll" adapterTypeName="executor://nunit3testexecutor/" className="Dynatrace.OpenKit.Core.Caching.BeaconCacheTest" name="RemoveChunkedDataDoesNothingIfCalledWithNonExistingBeaconID" /></UnitTest><UnitTest name="TraceWebRequestGivesNullWebRequestTracerIfUrlIsAnEmptyString" storage="c:\workspaces\openkit-dotnet\tests\openkit-dotnetcore-2.0.tests\bin\release\netcoreapp2.0\openkit-dotnetcore-2.0.tests.dll" id="016cb4e4-22be-42b8-9d39-91dd506cdec5"><Execution id="6fd68ab8-9d77-41c1-ab4f-6665dbb76024" /><TestMethod codeBase="C:\workspaces\openkit-dotnet\tests\openkit-dotnetcore-2.0.Tests\bin\Release\netcoreapp2.0\openkit-dotnetcore-2.0.Tests.dll" adapterTypeName="executor://nunit3testexecutor/" className="Dynatrace.OpenKit.Core.ActionTest" name="TraceWebRequestGivesNullWebRequestTracerIfUrlIsAnEmptyString" /></UnitTest><UnitTest name="GetNextBeaconChunkDecreasesBeaconCacheSize" storage="c:\workspaces\openkit-dotnet\tests\openkit-dotnetcore-2.0.tests\bin\release\netcoreapp2.0\openkit-dotnetcore-2.0.tests.dll" id="2cb2765f-599b-4c63-a749-a5216679705a"><Execution id="9d70be94-23e1-4f0a-9a94-7f6e7deb8634" /><TestMethod codeBase="C:\workspaces\openkit-dotnet\tests\openkit-dotnetcore-2.0.Tests\bin\Release\netcoreapp2.0\openkit-dotnetcore-2.0.Tests.dll" adapterTypeName="executor://nunit3testexecutor/" className="Dynatrace.OpenKit.Core.Caching.BeaconCacheTest" name="GetNextBeaconChunkDecreasesBeaconCacheSize" /></UnitTest><UnitTest name="IpV6AddressMixedNotationIsValid_ZerosIPv6Compressed" storage="c:\workspaces\openkit-dotnet\tests\openkit-dotnetcore-2.0.tests\bin\release\netcoreapp2.0\openkit-dotnetcore-2.0.tests.dll" id="b5a7f213-63aa-4821-972d-58ea6ee9bb00"><Execution id="86b9a9ea-e6a4-4fa5-8abf-c62b6e7ca902" /><TestMethod codeBase="C:\workspaces\openkit-dotnet\tests\openkit-dotnetcore-2.0.Tests\bin\Release\netcoreapp2.0\openkit-dotnetcore-2.0.Tests.dll" adapterTypeName="executor://nunit3testexecutor/" className="Dynatrace.OpenKit.Core.Util.InetAddressValidatorTest" name="IpV6AddressMixedNotationIsValid_ZerosIPv6Compressed" /></UnitTest><UnitTest name="IsWarnEnabledIsTrueIfVerboseIsFalse" storage="c:\workspaces\openkit-dotnet\tests\openkit-dotnetcore-2.0.tests\bin\release\netcoreapp2.0\openkit-dotnetcore-2.0.tests.dll" id="c80c73a6-5e83-4192-84f2-c40524380f12"><Execution id="3ec919e2-9382-4be4-ab18-bdd17ebdbd91" /><TestMethod codeBase="C:\workspaces\openkit-dotnet\tests\openkit-dotnetcore-2.0.Tests\bin\Release\netcoreapp2.0\openkit-dotnetcore-2.0.Tests.dll" adapterTypeName="executor://nunit3testexecutor/" className="Dynatrace.OpenKit.Core.DefaultLoggerTest" name="IsWarnEnabledIsTrueIfVerboseIsFalse" /></UnitTest><UnitTest name="ShutdownStateIsFlushState" storage="c:\workspaces\openkit-dotnet\tests\openkit-dotnetcore-2.0.tests\bin\release\netcoreapp2.0\openkit-dotnetcore-2.0.tests.dll" id="de2203d2-49eb-4b4f-b273-62420390d33d"><Execution id="1c0a9cd2-e0b5-41e5-9678-f3dfce093d92" /><TestMethod codeBase="C:\workspaces\openkit-dotnet\tests\openkit-dotnetcore-2.0.Tests\bin\Release\netcoreapp2.0\openkit-dotnetcore-2.0.Tests.dll" adapterTypeName="executor://nunit3testexecutor/" className="Dynatrace.OpenKit.Core.Communication.BeaconSendingCaptureOffStateTest" name="ShutdownStateIsFlushState" /></UnitTest><UnitTest name="RemoveOldestRecordsRemovesActionDataIfEventDataIsEmpty" storage="c:\workspaces\openkit-dotnet\tests\openkit-dotnetcore-2.0.tests\bin\release\netcoreapp2.0\openkit-dotnetcore-2.0.tests.dll" id="e3f9d31b-e568-4c4c-b39f-949db95f0b87"><Execution id="c4184a13-b5a1-432e-8be5-97bf35eac750" /><TestMethod codeBase="C:\workspaces\openkit-dotnet\tests\openkit-dotnetcore-2.0.Tests\bin\Release\netcoreapp2.0\openkit-dotnetcore-2.0.Tests.dll" adapterTypeName="executor://nunit3testexecutor/" className="Dynatrace.OpenKit.Core.Caching.BeaconCacheEntryTest" name="RemoveOldestRecordsRemovesActionDataIfEventDataIsEmpty" /></UnitTest><UnitTest name="SetResponseCodeSetsTheResponseCode" storage="c:\workspaces\openkit-dotnet\tests\openkit-dotnetcore-2.0.tests\bin\release\netcoreapp2.0\openkit-dotnetcore-2.0.tests.dll" id="7a08a5dd-2e5d-452c-9abf-e8aba06b07c1"><Execution id="05985eb1-b72e-4028-bb39-e478bfc316b0" /><TestMethod codeBase="C:\workspaces\openkit-dotnet\tests\openkit-dotnetcore-2.0.Tests\bin\Release\netcoreapp2.0\openkit-dotnetcore-2.0.Tests.dll" adapterTypeName="executor://nunit3testexecutor/" className="Dynatrace.OpenKit.Core.WebRequestTracerBaseTest" name="SetResponseCodeSetsTheResponseCode" /></UnitTest><UnitTest name="ResetEventIsSetOnInitFailed" storage="c:\workspaces\openkit-dotnet\tests\openkit-dotnetcore-2.0.tests\bin\release\netcoreapp2.0\openkit-dotnetcore-2.0.tests.dll" id="030e7db0-d4f8-43a6-8619-d6de0031d113"><Execution id="494bf618-6fbd-4afa-824f-549e4de10272" /><TestMethod codeBase="C:\workspaces\openkit-dotnet\tests\openkit-dotnetcore-2.0.Tests\bin\Release\netcoreapp2.0\openkit-dotnetcore-2.0.Tests.dll" adapterTypeName="executor://nunit3testexecutor/" className="Dynatrace.OpenKit.Core.Communication.BeaconSendingContextTest" name="ResetEventIsSetOnInitFailed" /></UnitTest><UnitTest name="ReportStringValueDoesNothingIfValueNameIsNull" storage="c:\workspaces\openkit-dotnet\tests\openkit-dotnetcore-2.0.tests\bin\release\netcoreapp2.0\openkit-dotnetcore-2.0.tests.dll" id="31522b20-6143-4ce1-b8bb-f24652dbd6f0"><Execution id="fc7f307e-add0-4a4c-8e2d-83d57a745129" /><TestMethod codeBase="C:\workspaces\openkit-dotnet\tests\openkit-dotnetcore-2.0.Tests\bin\Release\netcoreapp2.0\openkit-dotnetcore-2.0.Tests.dll" adapterTypeName="executor://nunit3testexecutor/" className="Dynatrace.OpenKit.Core.ActionTest" name="ReportStringValueDoesNothingIfValueNameIsNull" /></UnitTest><UnitTest name="DefaultMonitorNameIsNull" storage="c:\workspaces\openkit-dotnet\tests\openkit-dotnetcore-2.0.tests\bin\release\netcoreapp2.0\openkit-dotnetcore-2.0.tests.dll" id="cadd6b77-0b5b-41c9-982d-5349c8002fd2"><Execution id="ed58c088-f344-43b1-a8b7-271bda01706c" /><TestMethod codeBase="C:\workspaces\openkit-dotnet\tests\openkit-dotnetcore-2.0.Tests\bin\Release\netcoreapp2.0\openkit-dotnetcore-2.0.Tests.dll" adapterTypeName="executor://nunit3testexecutor/" className="Dynatrace.OpenKit.Protocol.StatusResponseTest" name="DefaultMonitorNameIsNull" /></UnitTest><UnitTest name="ParsingInvalidNumericValueForCaptureCrashesThrowsException" storage="c:\workspaces\openkit-dotnet\tests\openkit-dotnetcore-2.0.tests\bin\release\netcoreapp2.0\openkit-dotnetcore-2.0.tests.dll" id="6c7410f0-6c59-4e4d-a803-1c834b56ab69"><Execution id="d3a46165-5b32-4f1a-9998-ae1dfa35c378" /><TestMethod codeBase="C:\workspaces\openkit-dotnet\tests\openkit-dotnetcore-2.0.Tests\bin\Release\netcoreapp2.0\openkit-dotnetcore-2.0.Tests.dll" adapterTypeName="executor://nunit3testexecutor/" className="Dynatrace.OpenKit.Protocol.StatusResponseTest" name="ParsingInvalidNumericValueForCaptureCrashesThrowsException" /></UnitTest><UnitTest name="SessionNotReportedForDataCollectionLevel0" storage="c:\workspaces\openkit-dotnet\tests\openkit-dotnetcore-2.0.tests\bin\release\netcoreapp2.0\openkit-dotnetcore-2.0.tests.dll" id="7fc0eaae-89fe-4117-aa9e-9b268117b48e"><Execution id="2a893009-1904-44c4-b381-3a62b8c2552f" /><TestMethod codeBase="C:\workspaces\openkit-dotnet\tests\openkit-dotnetcore-2.0.Tests\bin\Release\netcoreapp2.0\openkit-dotnetcore-2.0.Tests.dll" adapterTypeName="executor://nunit3testexecutor/" className="Dynatrace.OpenKit.Protocol.BeaconTest" name="SessionNotReportedForDataCollectionLevel0" /></UnitTest><UnitTest name="GetSessionReturnsWrappedSession" storage="c:\workspaces\openkit-dotnet\tests\openkit-dotnetcore-2.0.tests\bin\release\netcoreapp2.0\openkit-dotnetcore-2.0.tests.dll" id="cba6ac66-6433-4e96-9a88-c49fdd06de97"><Execution id="56973dc3-f421-4cca-95b2-93445ba3c3a7" /><TestMethod codeBase="C:\workspaces\openkit-dotnet\tests\openkit-dotnetcore-2.0.Tests\bin\Release\netcoreapp2.0\openkit-dotnetcore-2.0.Tests.dll" adapterTypeName="executor://nunit3testexecutor/" className="Dynatrace.OpenKit.Core.Communication.SessionWrapperTest" name="GetSessionReturnsWrappedSession" /></UnitTest><UnitTest name="aProviderInitializedWithZeroProvidesMinSessionIdValueAtNextCall" storage="c:\workspaces\openkit-dotnet\tests\openkit-dotnetcore-2.0.tests\bin\release\netcoreapp2.0\openkit-dotnetcore-2.0.tests.dll" id="9c7503cd-e764-426d-8d87-f749602ec110"><Execution id="37d35f08-9390-4422-b41d-b75fb00b75bd" /><TestMethod codeBase="C:\workspaces\openkit-dotnet\tests\openkit-dotnetcore-2.0.Tests\bin\Release\netcoreapp2.0\openkit-dotnetcore-2.0.Tests.dll" adapterTypeName="executor://nunit3testexecutor/" className="Dynatrace.OpenKit.Providers.DefaultSessionIDProviderTest" name="aProviderInitializedWithZeroProvidesMinSessionIdValueAtNextCall" /></UnitTest><UnitTest name="ParsingInvalidSendIntervalThrowsException" storage="c:\workspaces\openkit-dotnet\tests\openkit-dotnetcore-2.0.tests\bin\release\netcoreapp2.0\openkit-dotnetcore-2.0.tests.dll" id="766e3ff0-5cd2-44c0-9c59-4c2eb2a0522f"><Execution id="096882b2-aa1b-4118-8227-dda3346c486a" /><TestMethod codeBase="C:\workspaces\openkit-dotnet\tests\openkit-dotnetcore-2.0.Tests\bin\Release\netcoreapp2.0\openkit-dotnetcore-2.0.Tests.dll" adapterTypeName="executor://nunit3testexecutor/" className="Dynatrace.OpenKit.Protocol.StatusResponseTest" name="ParsingInvalidSendIntervalThrowsException" /></UnitTest><UnitTest name="ReportCrashDoesReportOnCrashReportingLevel2" storage="c:\workspaces\openkit-dotnet\tests\openkit-dotnetcore-2.0.tests\bin\release\netcoreapp2.0\openkit-dotnetcore-2.0.tests.dll" id="6fb8885f-a5d7-4ef9-aae7-d1121424781a"><Execution id="279d65a8-f924-4a53-a1c1-e117ff9de8dc" /><TestMethod codeBase="C:\workspaces\openkit-dotnet\tests\openkit-dotnetcore-2.0.Tests\bin\Release\netcoreapp2.0\openkit-dotnetcore-2.0.Tests.dll" adapterTypeName="executor://nunit3testexecutor/" className="Dynatrace.OpenKit.Protocol.BeaconTest" name="ReportCrashDoesReportOnCrashReportingLevel2" /></UnitTest><UnitTest name="EvictRecordsByNumberDoesNothingAndReturnsZeroIfBeaconIDDoesNotExist" storage="c:\workspaces\openkit-dotnet\tests\openkit-dotnetcore-2.0.tests\bin\release\netcoreapp2.0\openkit-dotnetcore-2.0.tests.dll" id="4fec6323-4af7-4cc3-a728-e110d2b7543b"><Execution id="ed0dbb4f-f0af-42a9-b979-d0620704b1da" /><TestMethod codeBase="C:\workspaces\openkit-dotnet\tests\openkit-dotnetcore-2.0.Tests\bin\Release\netcoreapp2.0\openkit-dotnetcore-2.0.Tests.dll" adapterTypeName="executor://nunit3testexecutor/" className="Dynatrace.OpenKit.Core.Caching.BeaconCacheTest" name="EvictRecordsByNumberDoesNothingAndReturnsZeroIfBeaconIDDoesNotExist" /></UnitTest><UnitTest name="NoActionIsAddedIfBeaconConfigurationDisablesCapturing" storage="c:\workspaces\openkit-dotnet\tests\openkit-dotnetcore-2.0.tests\bin\release\netcoreapp2.0\openkit-dotnetcore-2.0.tests.dll" id="b17e9cad-4d31-4181-878c-9361861a067b"><Execution id="cd1e7766-d88c-470e-b5ab-ce8448e2c806" /><TestMethod codeBase="C:\workspaces\openkit-dotnet\tests\openkit-dotnetcore-2.0.Tests\bin\Release\netcoreapp2.0\openkit-dotnetcore-2.0.Tests.dll" adapterTypeName="executor://nunit3testexecutor/" className="Dynatrace.OpenKit.Protocol.BeaconTest" name="NoActionIsAddedIfBeaconConfigurationDisablesCapturing" /></UnitTest><UnitTest name="CanAddReceivedBytesToWebRequestTracer" storage="c:\workspaces\openkit-dotnet\tests\openkit-dotnetcore-2.0.tests\bin\release\netcoreapp2.0\openkit-dotnetcore-2.0.tests.dll" id="9ef15a3f-e83b-45b0-9815-a18876ad66ba"><Execution id="4032c9ba-59a2-406f-adca-7af4c62fcafd" /><TestMethod codeBase="C:\workspaces\openkit-dotnet\tests\openkit-dotnetcore-2.0.Tests\bin\Release\netcoreapp2.0\openkit-dotnetcore-2.0.Tests.dll" adapterTypeName="executor://nunit3testexecutor/" className="Dynatrace.OpenKit.Protocol.BeaconTest" name="CanAddReceivedBytesToWebRequestTracer" /></UnitTest><UnitTest name="CanSetApplicationVersionForAppMon" storage="c:\workspaces\openkit-dotnet\tests\openkit-dotnetcore-2.0.tests\bin\release\netcoreapp2.0\openkit-dotnetcore-2.0.tests.dll" id="3f2cd23b-b5a3-465c-8a3b-8a02323b9677"><Execution id="f6c842f0-ced6-4cb9-b9be-acb76d995225" /><TestMethod codeBase="C:\workspaces\openkit-dotnet\tests\openkit-dotnetcore-2.0.Tests\bin\Release\netcoreapp2.0\openkit-dotnetcore-2.0.Tests.dll" adapterTypeName="executor://nunit3testexecutor/" className="Dynatrace.OpenKit.OpenKitBuilderTest" name="CanSetApplicationVersionForAppMon" /></UnitTest><UnitTest name="ABeaconSendingFlushSessionsStateClosesOpenSessions" storage="c:\workspaces\openkit-dotnet\tests\openkit-dotnetcore-2.0.tests\bin\release\netcoreapp2.0\openkit-dotnetcore-2.0.tests.dll" id="60e3f681-549b-4a28-b443-1b938325bd9e"><Execution id="1f83cdf5-9fba-45fe-8ebc-1a1d7b457091" /><TestMethod codeBase="C:\workspaces\openkit-dotnet\tests\openkit-dotnetcore-2.0.Tests\bin\Release\netcoreapp2.0\openkit-dotnetcore-2.0.Tests.dll" adapterTypeName="executor://nunit3testexecutor/" className="Dynatrace.OpenKit.Core.Communication.BeaconSendingFlushSessionsStateTest" name="ABeaconSendingFlushSessionsStateClosesOpenSessions" /></UnitTest><UnitTest name="CaptureCrashesIsTrueWhenItIsNotEqualToZero" storage="c:\workspaces\openkit-dotnet\tests\openkit-dotnetcore-2.0.tests\bin\release\netcoreapp2.0\openkit-dotnetcore-2.0.tests.dll" id="db535aab-bc26-4fa9-ade8-24479f41252d"><Execution id="111ed482-dc38-45a8-9bef-3886f88af63c" /><TestMethod codeBase="C:\workspaces\openkit-dotnet\tests\openkit-dotnetcore-2.0.Tests\bin\Release\netcoreapp2.0\openkit-dotnetcore-2.0.Tests.dll" adapterTypeName="executor://nunit3testexecutor/" className="Dynatrace.OpenKit.Protocol.StatusResponseTest" name="CaptureCrashesIsTrueWhenItIsNotEqualToZero" /></UnitTest><UnitTest name="CapturingIsAllowedWhenMultiplicityIsGreaterThanZero" storage="c:\workspaces\openkit-dotnet\tests\openkit-dotnetcore-2.0.tests\bin\release\netcoreapp2.0\openkit-dotnetcore-2.0.tests.dll" id="4a3f561e-b978-41e5-af6d-85a3a6aad431"><Execution id="34857019-1d4a-4cc9-a55d-b19308c0308e" /><TestMethod codeBase="C:\workspaces\openkit-dotnet\tests\openkit-dotnetcore-2.0.Tests\bin\Release\netcoreapp2.0\openkit-dotnetcore-2.0.Tests.dll" adapterTypeName="executor://nunit3testexecutor/" className="Dynatrace.OpenKit.Core.Configuration.BeaconConfigurationTest" name="CapturingIsAllowedWhenMultiplicityIsGreaterThanZero" /></UnitTest><UnitTest name="ParsingSendInterval" storage="c:\workspaces\openkit-dotnet\tests\openkit-dotnetcore-2.0.tests\bin\release\netcoreapp2.0\openkit-dotnetcore-2.0.tests.dll" id="6669b88e-1c9c-4bd0-968b-37722975b90f"><Execution id="1f653cd6-04ac-471f-a8b7-3f94c518fe67" /><TestMethod codeBase="C:\workspaces\openkit-dotnet\tests\openkit-dotnetcore-2.0.Tests\bin\Release\netcoreapp2.0\openkit-dotnetcore-2.0.Tests.dll" adapterTypeName="executor://nunit3testexecutor/" className="Dynatrace.OpenKit.Protocol.StatusResponseTest" name="ParsingSendInterval" /></UnitTest><UnitTest name="ABeaconSendingCaptureOnStateContinuesWithNextFinishedSessionIfSendingWasUnsuccessfulButBeaconIsEmtpy" storage="c:\workspaces\openkit-dotnet\tests\openkit-dotnetcore-2.0.tests\bin\release\netcoreapp2.0\openkit-dotnetcore-2.0.tests.dll" id="1d50e6c2-5d02-41b9-a87f-ab774a840802"><Execution id="a3d2b8dc-d82d-400b-8da6-05310d3915e3" /><TestMethod codeBase="C:\workspaces\openkit-dotnet\tests\openkit-dotnetcore-2.0.Tests\bin\Release\netcoreapp2.0\openkit-dotnetcore-2.0.Tests.dll" adapterTypeName="executor://nunit3testexecutor/" className="Dynatrace.OpenKit.Core.Communication.BeaconSendingCaptureOnStateTest" name="ABeaconSendingCaptureOnStateContinuesWithNextFinishedSessionIfSendingWasUnsuccessfulButBeaconIsEmtpy" /></UnitTest><UnitTest name="NoWebRequestIsReportedForDataCollectionLevel0" storage="c:\workspaces\openkit-dotnet\tests\openkit-dotnetcore-2.0.tests\bin\release\netcoreapp2.0\openkit-dotnetcore-2.0.tests.dll" id="1c58377a-08af-4ca5-bea2-13342b6490f5"><Execution id="1fbe7ccf-393f-47b5-808f-f8eed61db0cd" /><TestMethod codeBase="C:\workspaces\openkit-dotnet\tests\openkit-dotnetcore-2.0.Tests\bin\Release\netcoreapp2.0\openkit-dotnetcore-2.0.Tests.dll" adapterTypeName="executor://nunit3testexecutor/" className="Dynatrace.OpenKit.Protocol.BeaconTest" name="NoWebRequestIsReportedForDataCollectionLevel0" /></UnitTest><UnitTest name="LastOpenSessionBeaconSendTimeIsSetInExecute" storage="c:\workspaces\openkit-dotnet\tests\openkit-dotnetcore-2.0.tests\bin\release\netcoreapp2.0\openkit-dotnetcore-2.0.tests.dll" id="ec1174d6-28d7-4025-8f58-224b42634654"><Execution id="643957d3-c9d9-4c72-a4d5-a875e6c96d1a" /><TestMethod codeBase="C:\workspaces\openkit-dotnet\tests\openkit-dotnetcore-2.0.Tests\bin\Release\netcoreapp2.0\openkit-dotnetcore-2.0.Tests.dll" adapterTypeName="executor://nunit3testexecutor/" className="Dynatrace.OpenKit.Core.Communication.BeaconSendingInitStateTest" name="LastOpenSessionBeaconSendTimeIsSetInExecute" /></UnitTest><UnitTest name="TransitionToCaptureOffIsPerformedOnSuccess" storage="c:\workspaces\openkit-dotnet\tests\openkit-dotnetcore-2.0.tests\bin\release\netcoreapp2.0\openkit-dotnetcore-2.0.tests.dll" id="20c28096-e870-4a58-84ae-1fda1fe834c2"><Execution id="b9b44dce-ef78-4492-9d43-5660ef56f6fd" /><TestMethod codeBase="C:\workspaces\openkit-dotnet\tests\openkit-dotnetcore-2.0.Tests\bin\Release\netcoreapp2.0\openkit-dotnetcore-2.0.Tests.dll" adapterTypeName="executor://nunit3testexecutor/" className="Dynatrace.OpenKit.Core.Communication.BeaconSendingTimeSyncStateTest" name="TransitionToCaptureOffIsPerformedOnSuccess" /></UnitTest><UnitTest name="ParentIDIsZeroIfActionHasNoParent" storage="c:\workspaces\openkit-dotnet\tests\openkit-dotnetcore-2.0.tests\bin\release\netcoreapp2.0\openkit-dotnetcore-2.0.tests.dll" id="4240394a-9ed1-438b-9dd9-38d0901abb71"><Execution id="73fac4c0-5ee1-4955-8cf9-ca063b19732d" /><TestMethod codeBase="C:\workspaces\openkit-dotnet\tests\openkit-dotnetcore-2.0.Tests\bin\Release\netcoreapp2.0\openkit-dotnetcore-2.0.Tests.dll" adapterTypeName="executor://nunit3testexecutor/" className="Dynatrace.OpenKit.Core.ActionTest" name="ParentIDIsZeroIfActionHasNoParent" /></UnitTest><UnitTest name="ReportStringValueDoesNothingIfValueNameIsAnEmptyString" storage="c:\workspaces\openkit-dotnet\tests\openkit-dotnetcore-2.0.tests\bin\release\netcoreapp2.0\openkit-dotnetcore-2.0.tests.dll" id="8d09f114-b6af-42b2-bf72-ff69516ae591"><Execution id="1f432c6e-e9fb-4bf1-9576-245cd0f895d0" /><TestMethod codeBase="C:\workspaces\openkit-dotnet\tests\openkit-dotnetcore-2.0.Tests\bin\Release\netcoreapp2.0\openkit-dotnetcore-2.0.Tests.dll" adapterTypeName="executor://nunit3testexecutor/" className="Dynatrace.OpenKit.Core.ActionTest" name="ReportStringValueDoesNothingIfValueNameIsAnEmptyString" /></UnitTest><UnitTest name="AmpersandIsNotAValidKeyValueSeparator" storage="c:\workspaces\openkit-dotnet\tests\openkit-dotnetcore-2.0.tests\bin\release\netcoreapp2.0\openkit-dotnetcore-2.0.tests.dll" id="2d136ce9-3d03-40bb-9480-609155d46824"><Execution id="48e1fb17-40a9-497b-b362-8ea65b63055b" /><TestMethod codeBase="C:\workspaces\openkit-dotnet\tests\openkit-dotnetcore-2.0.Tests\bin\Release\netcoreapp2.0\openkit-dotnetcore-2.0.Tests.dll" adapterTypeName="executor://nunit3testexecutor/" className="Dynatrace.OpenKit.Protocol.TimeSyncResponseTest" name="AmpersandIsNotAValidKeyValueSeparator" /></UnitTest><UnitTest name="IpV4AddressIsInvalidBecauseOfOverflow" storage="c:\workspaces\openkit-dotnet\tests\openkit-dotnetcore-2.0.tests\bin\release\netcoreapp2.0\openkit-dotnetcore-2.0.tests.dll" id="1d998cdd-c60b-4f84-9adb-a6d351c9f9cf"><Execution id="dcce2ac3-fb76-43f9-8731-3ef080fd02c9" /><TestMethod codeBase="C:\workspaces\openkit-dotnet\tests\openkit-dotnetcore-2.0.Tests\bin\Release\netcoreapp2.0\openkit-dotnetcore-2.0.Tests.dll" adapterTypeName="executor://nunit3testexecutor/" className="Dynatrace.OpenKit.Core.Util.InetAddressValidatorTest" name="IpV4AddressIsInvalidBecauseOfOverflow" /></UnitTest><UnitTest name="GetBeaconConfigurationCallsWrappedSession" storage="c:\workspaces\openkit-dotnet\tests\openkit-dotnetcore-2.0.tests\bin\release\netcoreapp2.0\openkit-dotnetcore-2.0.tests.dll" id="6a5d1833-fcf8-420d-8797-9282e033a12e"><Execution id="470a0632-27e6-4dba-be70-eb711b07cb42" /><TestMethod codeBase="C:\workspaces\openkit-dotnet\tests\openkit-dotnetcore-2.0.Tests\bin\Release\netcoreapp2.0\openkit-dotnetcore-2.0.Tests.dll" adapterTypeName="executor://nunit3testexecutor/" className="Dynatrace.OpenKit.Core.Communication.SessionWrapperTest" name="GetBeaconConfigurationCallsWrappedSession" /></UnitTest><UnitTest name="CanAddUserIdentifyEvent" storage="c:\workspaces\openkit-dotnet\tests\openkit-dotnetcore-2.0.tests\bin\release\netcoreapp2.0\openkit-dotnetcore-2.0.tests.dll" id="c741b4e2-5609-4002-a2b6-195c48fed144"><Execution id="3e1db01d-d19e-4f52-9346-6499d5c91467" /><TestMethod codeBase="C:\workspaces\openkit-dotnet\tests\openkit-dotnetcore-2.0.Tests\bin\Release\netcoreapp2.0\openkit-dotnetcore-2.0.Tests.dll" adapterTypeName="executor://nunit3testexecutor/" className="Dynatrace.OpenKit.Protocol.BeaconTest" name="CanAddUserIdentifyEvent" /></UnitTest><UnitTest name="IpV6AddressValid_RFCExample" storage="c:\workspaces\openkit-dotnet\tests\openkit-dotnetcore-2.0.tests\bin\release\netcoreapp2.0\openkit-dotnetcore-2.0.tests.dll" id="a0a88de8-7e92-4a8c-b1e9-3ef7da5ef7c4"><Execution id="2f60fd27-a0f2-4367-9388-eaaaafb8a1d8" /><TestMethod codeBase="C:\workspaces\openkit-dotnet\tests\openkit-dotnetcore-2.0.Tests\bin\Release\netcoreapp2.0\openkit-dotnetcore-2.0.Tests.dll" adapterTypeName="executor://nunit3testexecutor/" className="Dynatrace.OpenKit.Core.Util.InetAddressValidatorTest" name="IpV6AddressValid_RFCExample" /></UnitTest><UnitTest name="IpV6AddressHexCompressedIsValidBlock4" storage="c:\workspaces\openkit-dotnet\tests\openkit-dotnetcore-2.0.tests\bin\release\netcoreapp2.0\openkit-dotnetcore-2.0.tests.dll" id="8472d99e-000b-4511-9571-799198d43ce8"><Execution id="b5ee0eda-eb7a-4435-a665-40faa94ed01d" /><TestMethod codeBase="C:\workspaces\openkit-dotnet\tests\openkit-dotnetcore-2.0.Tests\bin\Release\netcoreapp2.0\openkit-dotnetcore-2.0.Tests.dll" adapterTypeName="executor://nunit3testexecutor/" className="Dynatrace.OpenKit.Core.Util.InetAddressValidatorTest" name="IpV6AddressHexCompressedIsValidBlock4" /></UnitTest><UnitTest name="ClearDataClearsActionAndEventData" storage="c:\workspaces\openkit-dotnet\tests\openkit-dotnetcore-2.0.tests\bin\release\netcoreapp2.0\openkit-dotnetcore-2.0.tests.dll" id="fb256d76-408b-4be9-b556-7a05b6d36587"><Execution id="35be1994-0916-41bc-8a2a-db8caed0b5d1" /><TestMethod codeBase="C:\workspaces\openkit-dotnet\tests\openkit-dotnetcore-2.0.Tests\bin\Release\netcoreapp2.0\openkit-dotnetcore-2.0.Tests.dll" adapterTypeName="executor://nunit3testexecutor/" className="Dynatrace.OpenKit.Protocol.BeaconTest" name="ClearDataClearsActionAndEventData" /></UnitTest><UnitTest name="ipV4AddressIsInvalidDueToIllegalValueNegative" storage="c:\workspaces\openkit-dotnet\tests\openkit-dotnetcore-2.0.tests\bin\release\netcoreapp2.0\openkit-dotnetcore-2.0.tests.dll" id="594a60be-9c26-4b4a-ad3f-e3eac0feba95"><Execution id="5f00f718-c978-42b9-9e96-4829282bbf7e" /><TestMethod codeBase="C:\workspaces\openkit-dotnet\tests\openkit-dotnetcore-2.0.Tests\bin\Release\netcoreapp2.0\openkit-dotnetcore-2.0.Tests.dll" adapterTypeName="executor://nunit3testexecutor/" className="Dynatrace.OpenKit.Core.Util.InetAddressValidatorTest" name="ipV4AddressIsInvalidDueToIllegalValueNegative" /></UnitTest><UnitTest name="EndTimeIsSetToMinusOneInConstructor" storage="c:\workspaces\openkit-dotnet\tests\openkit-dotnetcore-2.0.tests\bin\release\netcoreapp2.0\openkit-dotnetcore-2.0.tests.dll" id="762bd403-d2ea-49fd-9ce1-6e2487dd3636"><Execution id="db39f465-10d6-4eb8-beb2-c9046e86e3e8" /><TestMethod codeBase="C:\workspaces\openkit-dotnet\tests\openkit-dotnetcore-2.0.Tests\bin\Release\netcoreapp2.0\openkit-dotnetcore-2.0.Tests.dll" adapterTypeName="executor://nunit3testexecutor/" className="Dynatrace.OpenKit.Core.ActionTest" name="EndTimeIsSetToMinusOneInConstructor" /></UnitTest><UnitTest name="SendBeaconRequestSendsOneHTTPPostRequest" storage="c:\workspaces\openkit-dotnet\tests\openkit-dotnetcore-2.0.tests\bin\release\netcoreapp2.0\openkit-dotnetcore-2.0.tests.dll" id="d2187705-cddc-4e28-a405-3512569e1b49"><Execution id="9066163d-ffb2-4e5c-a964-eef160a62a2f" /><TestMethod codeBase="C:\workspaces\openkit-dotnet\tests\openkit-dotnetcore-2.0.Tests\bin\Release\netcoreapp2.0\openkit-dotnetcore-2.0.Tests.dll" adapterTypeName="executor://nunit3testexecutor/" className="Dynatrace.OpenKit.Protocol.HTTPClientTest" name="SendBeaconRequestSendsOneHTTPPostRequest" /></UnitTest><UnitTest name="AValidSchemeAllowsUpperCaseLettersToo" storage="c:\workspaces\openkit-dotnet\tests\openkit-dotnetcore-2.0.tests\bin\release\netcoreapp2.0\openkit-dotnetcore-2.0.tests.dll" id="3697674f-dc25-40dc-b6a3-0c253e8e7ebf"><Execution id="e4284afa-6309-4f7d-9b87-8d5d77f68cf6" /><TestMethod codeBase="C:\workspaces\openkit-dotnet\tests\openkit-dotnetcore-2.0.Tests\bin\Release\netcoreapp2.0\openkit-dotnetcore-2.0.Tests.dll" adapterTypeName="executor://nunit3testexecutor/" className="Dynatrace.OpenKit.Core.WebRequestTracerStringURLTest" name="AValidSchemeAllowsUpperCaseLettersToo" /></UnitTest><UnitTest name="ParsingMaxBeaconSize" storage="c:\workspaces\openkit-dotnet\tests\openkit-dotnetcore-2.0.tests\bin\release\netcoreapp2.0\openkit-dotnetcore-2.0.tests.dll" id="1cf07974-6fd6-4fed-89a9-411c15240fd0"><Execution id="9c8b91bb-67c3-414d-a3b2-0356a9f3aecb" /><TestMethod codeBase="C:\workspaces\openkit-dotnet\tests\openkit-dotnetcore-2.0.Tests\bin\Release\netcoreapp2.0\openkit-dotnetcore-2.0.Tests.dll" adapterTypeName="executor://nunit3testexecutor/" className="Dynatrace.OpenKit.Protocol.StatusResponseTest" name="ParsingMaxBeaconSize" /></UnitTest><UnitTest name="ExecuteEvictionCallsCacheMethodForEachBeacon" storage="c:\workspaces\openkit-dotnet\tests\openkit-dotnetcore-2.0.tests\bin\release\netcoreapp2.0\openkit-dotnetcore-2.0.tests.dll" id="dc4e69f0-5bbd-4c46-b155-d73119d72265"><Execution id="697e0bd7-1499-4040-8183-8c009b33973f" /><TestMethod codeBase="C:\workspaces\openkit-dotnet\tests\openkit-dotnetcore-2.0.Tests\bin\Release\netcoreapp2.0\openkit-dotnetcore-2.0.Tests.dll" adapterTypeName="executor://nunit3testexecutor/" className="Dynatrace.OpenKit.Core.Caching.SpaceEvictionStrategyTest" name="ExecuteEvictionCallsCacheMethodForEachBeacon" /></UnitTest><UnitTest name="TwoInstancesAreNotEqualIfTimestampDiffers" storage="c:\workspaces\openkit-dotnet\tests\openkit-dotnetcore-2.0.tests\bin\release\netcoreapp2.0\openkit-dotnetcore-2.0.tests.dll" id="525c705d-0969-479f-ad28-eb12618b18fd"><Execution id="0da05663-680d-4440-a7cb-fec469a85482" /><TestMethod codeBase="C:\workspaces\openkit-dotnet\tests\openkit-dotnetcore-2.0.Tests\bin\Release\netcoreapp2.0\openkit-dotnetcore-2.0.Tests.dll" adapterTypeName="executor://nunit3testexecutor/" className="Dynatrace.OpenKit.Core.Caching.BeaconCacheRecordTest" name="TwoInstancesAreNotEqualIfTimestampDiffers" /></UnitTest><UnitTest name="SetBytesReceivedSetsTheNumberOfReceivedBytes" storage="c:\workspaces\openkit-dotnet\tests\openkit-dotnetcore-2.0.tests\bin\release\netcoreapp2.0\openkit-dotnetcore-2.0.tests.dll" id="e45b9a8c-044e-48a4-a7c4-90676584f021"><Execution id="5a48179d-5600-4c70-9602-df8cdc928957" /><TestMethod codeBase="C:\workspaces\openkit-dotnet\tests\openkit-dotnetcore-2.0.Tests\bin\Release\netcoreapp2.0\openkit-dotnetcore-2.0.Tests.dll" adapterTypeName="executor://nunit3testexecutor/" className="Dynatrace.OpenKit.Core.WebRequestTracerBaseTest" name="SetBytesReceivedSetsTheNumberOfReceivedBytes" /></UnitTest><UnitTest name="GetTotalNumberOfBytesCountsAddedRecordBytes" storage="c:\workspaces\openkit-dotnet\tests\openkit-dotnetcore-2.0.tests\bin\release\netcoreapp2.0\openkit-dotnetcore-2.0.tests.dll" id="87dbad44-2443-4446-8cc9-9ca9a95a4475"><Execution id="07d2c1c5-b89d-4f03-8111-8cfb4c4e121b" /><TestMethod codeBase="C:\workspaces\openkit-dotnet\tests\openkit-dotnetcore-2.0.Tests\bin\Release\netcoreapp2.0\openkit-dotnetcore-2.0.Tests.dll" adapterTypeName="executor://nunit3testexecutor/" className="Dynatrace.OpenKit.Core.Caching.BeaconCacheEntryTest" name="GetTotalNumberOfBytesCountsAddedRecordBytes" /></UnitTest><UnitTest name="IpV6AddressLinkLocalIsInvalidTooManyBlocks" storage="c:\workspaces\openkit-dotnet\tests\openkit-dotnetcore-2.0.tests\bin\release\netcoreapp2.0\openkit-dotnetcore-2.0.tests.dll" id="f3df258e-a60f-479c-b667-18a4c979d70e"><Execution id="7eee3328-7d96-4eb9-9e90-cdb44a3a763d" /><TestMethod codeBase="C:\workspaces\openkit-dotnet\tests\openkit-dotnetcore-2.0.Tests\bin\Release\netcoreapp2.0\openkit-dotnetcore-2.0.Tests.dll" adapterTypeName="executor://nunit3testexecutor/" className="Dynatrace.OpenKit.Core.Util.InetAddressValidatorTest" name="IpV6AddressLinkLocalIsInvalidTooManyBlocks" /></UnitTest><UnitTest name="CapturingIsDisallowedWhenMultiplicityIsLessThanOrEqualToZero" storage="c:\workspaces\openkit-dotnet\tests\openkit-dotnetcore-2.0.tests\bin\release\netcoreapp2.0\openkit-dotnetcore-2.0.tests.dll" id="62c23afe-79b6-4f13-854d-9a294ead6ff8"><Execution id="629d546a-1786-4e85-ad4e-4a403276aad6" /><TestMethod codeBase="C:\workspaces\openkit-dotnet\tests\openkit-dotnetcore-2.0.Tests\bin\Release\netcoreapp2.0\openkit-dotnetcore-2.0.Tests.dll" adapterTypeName="executor://nunit3testexecutor/" className="Dynatrace.OpenKit.Core.Configuration.BeaconConfigurationTest" name="CapturingIsDisallowedWhenMultiplicityIsLessThanOrEqualToZero" /></UnitTest><UnitTest name="SendingFinishedSessionsIsAbortedImmediatelyWhenTooManyRequestsResponseIsReceived" storage="c:\workspaces\openkit-dotnet\tests\openkit-dotnetcore-2.0.tests\bin\release\netcoreapp2.0\openkit-dotnetcore-2.0.tests.dll" id="479f4e44-89ae-4262-ac2b-e56e20af87bf"><Execution id="9a330c32-bc09-4769-861c-c899e4db82d6" /><TestMethod codeBase="C:\workspaces\openkit-dotnet\tests\openkit-dotnetcore-2.0.Tests\bin\Release\netcoreapp2.0\openkit-dotnetcore-2.0.Tests.dll" adapterTypeName="executor://nunit3testexecutor/" className="Dynatrace.OpenKit.Core.Communication.BeaconSendingCaptureOnStateTest" name="SendingFinishedSessionsIsAbortedImmediatelyWhenTooManyRequestsResponseIsReceived" /></UnitTest><UnitTest name="GetCrashReportingLevel" storage="c:\workspaces\openkit-dotnet\tests\openkit-dotnetcore-2.0.tests\bin\release\netcoreapp2.0\openkit-dotnetcore-2.0.tests.dll" id="082732e6-45de-4006-b7c2-417c30ece6fa"><Execution id="3af37413-41e3-4316-9476-da8ce8ef7c3e" /><TestMethod codeBase="C:\workspaces\openkit-dotnet\tests\openkit-dotnetcore-2.0.Tests\bin\Release\netcoreapp2.0\openkit-dotnetcore-2.0.Tests.dll" adapterTypeName="executor://nunit3testexecutor/" className="Dynatrace.OpenKit.Core.Configuration.BeaconConfigurationTest" name="GetCrashReportingLevel" /></UnitTest><UnitTest name="IsErrorEnabledIsTrueIfVerboseIsFalse" storage="c:\workspaces\openkit-dotnet\tests\openkit-dotnetcore-2.0.tests\bin\release\netcoreapp2.0\openkit-dotnetcore-2.0.tests.dll" id="5b352400-3366-4981-91e2-420203ed04f6"><Execution id="57a77d66-098c-41a2-9eae-b7929477ff2e" /><TestMethod codeBase="C:\workspaces\openkit-dotnet\tests\openkit-dotnetcore-2.0.Tests\bin\Release\netcoreapp2.0\openkit-dotnetcore-2.0.Tests.dll" adapterTypeName="executor://nunit3testexecutor/" className="Dynatrace.OpenKit.Core.DefaultLoggerTest" name="IsErrorEnabledIsTrueIfVerboseIsFalse" /></UnitTest><UnitTest name="CapturingIsDisabledFromStatusResponse" storage="c:\workspaces\openkit-dotnet\tests\openkit-dotnetcore-2.0.tests\bin\release\netcoreapp2.0\openkit-dotnetcore-2.0.tests.dll" id="ea4df315-d476-4714-9974-9a0ac41b9861"><Execution id="fa9e7d18-c8a0-404a-8186-3e36b8c620ee" /><TestMethod codeBase="C:\workspaces\openkit-dotnet\tests\openkit-dotnetcore-2.0.Tests\bin\Release\netcoreapp2.0\openkit-dotnetcore-2.0.Tests.dll" adapterTypeName="executor://nunit3testexecutor/" className="Dynatrace.OpenKit.Core.Configuration.OpenKitConfigurationTest" name="CapturingIsDisabledFromStatusResponse" /></UnitTest><UnitTest name="RequestReceiveTimeIsParsed" storage="c:\workspaces\openkit-dotnet\tests\openkit-dotnetcore-2.0.tests\bin\release\netcoreapp2.0\openkit-dotnetcore-2.0.tests.dll" id="d77299f8-920a-46e5-b324-1eab239d02e7"><Execution id="52f33bde-5bb7-46d3-b224-74d978e1d6a3" /><TestMethod codeBase="C:\workspaces\openkit-dotnet\tests\openkit-dotnetcore-2.0.Tests\bin\Release\netcoreapp2.0\openkit-dotnetcore-2.0.Tests.dll" adapterTypeName="executor://nunit3testexecutor/" className="Dynatrace.OpenKit.Protocol.TimeSyncResponseTest" name="RequestReceiveTimeIsParsed" /></UnitTest><UnitTest name="WaitForInitWhenTimeoutExpires" storage="c:\workspaces\openkit-dotnet\tests\openkit-dotnetcore-2.0.tests\bin\release\netcoreapp2.0\openkit-dotnetcore-2.0.tests.dll" id="63f94b53-db1d-4d17-bbf5-83f99d7ddcec"><Execution id="0a535523-8d84-4e90-b494-1458a30314eb" /><TestMethod codeBase="C:\workspaces\openkit-dotnet\tests\openkit-dotnetcore-2.0.Tests\bin\Release\netcoreapp2.0\openkit-dotnetcore-2.0.Tests.dll" adapterTypeName="executor://nunit3testexecutor/" className="Dynatrace.OpenKit.Core.Communication.BeaconSendingContextTest" name="WaitForInitWhenTimeoutExpires" /></UnitTest><UnitTest name="ParsingInvalidServerIDThrowsException" storage="c:\workspaces\openkit-dotnet\tests\openkit-dotnetcore-2.0.tests\bin\release\netcoreapp2.0\openkit-dotnetcore-2.0.tests.dll" id="ffbd6838-3b06-43f9-aa26-43c3f6a4713d"><Execution id="ad4cc6c2-13ab-4e8d-a166-8a67e0d015c6" /><TestMethod codeBase="C:\workspaces\openkit-dotnet\tests\openkit-dotnetcore-2.0.Tests\bin\Release\netcoreapp2.0\openkit-dotnetcore-2.0.Tests.dll" adapterTypeName="executor://nunit3testexecutor/" className="Dynatrace.OpenKit.Protocol.StatusResponseTest" name="ParsingInvalidServerIDThrowsException" /></UnitTest><UnitTest name="InitCompleteIsCalledIfShutdownIsRequested" storage="c:\workspaces\openkit-dotnet\tests\openkit-dotnetcore-2.0.tests\bin\release\netcoreapp2.0\openkit-dotnetcore-2.0.tests.dll" id="49f410b7-151c-4c48-beb9-d4991ada9c89"><Execution id="29a71425-3163-4328-bf73-ae06c75acf29" /><TestMethod codeBase="C:\workspaces\openkit-dotnet\tests\openkit-dotnetcore-2.0.Tests\bin\Release\netcoreapp2.0\openkit-dotnetcore-2.0.Tests.dll" adapterTypeName="executor://nunit3testexecutor/" className="Dynatrace.OpenKit.Core.Communication.BeaconSendingInitStateTest" name="InitCompleteIsCalledIfShutdownIsRequested" /></UnitTest><UnitTest name="IpV6AddressLinkLocalIsInvalidZoneIndexUsedWithInvalidPrefix" storage="c:\workspaces\openkit-dotnet\tests\openkit-dotnetcore-2.0.tests\bin\release\netcoreapp2.0\openkit-dotnetcore-2.0.tests.dll" id="bc69ef66-8604-40a5-b756-e9a0b1fb7f0a"><Execution id="3b2764a9-6b06-4ad6-817b-af09d36d450d" /><TestMethod codeBase="C:\workspaces\openkit-dotnet\tests\openkit-dotnetcore-2.0.Tests\bin\Release\netcoreapp2.0\openkit-dotnetcore-2.0.Tests.dll" adapterTypeName="executor://nunit3testexecutor/" className="Dynatrace.OpenKit.Core.Util.InetAddressValidatorTest" name="IpV6AddressLinkLocalIsInvalidZoneIndexUsedWithInvalidPrefix" /></UnitTest><UnitTest name="ClearCapturedDataClearsDataFromSession" storage="c:\workspaces\openkit-dotnet\tests\openkit-dotnetcore-2.0.tests\bin\release\netcoreapp2.0\openkit-dotnetcore-2.0.tests.dll" id="2d9f29ab-4f30-465a-b57d-92a514697643"><Execution id="657e8d11-3076-4d39-884b-769e3fae898d" /><TestMethod codeBase="C:\workspaces\openkit-dotnet\tests\openkit-dotnetcore-2.0.Tests\bin\Release\netcoreapp2.0\openkit-dotnetcore-2.0.Tests.dll" adapterTypeName="executor://nunit3testexecutor/" className="Dynatrace.OpenKit.Core.Communication.SessionWrapperTest" name="ClearCapturedDataClearsDataFromSession" /></UnitTest><UnitTest name="StoppingABeaconCacheEvictorWhichIsNotAliveDoesNothing" storage="c:\workspaces\openkit-dotnet\tests\openkit-dotnetcore-2.0.tests\bin\release\netcoreapp2.0\openkit-dotnetcore-2.0.tests.dll" id="118dc1fe-dda8-4520-b84e-e78387de043e"><Execution id="d01b9209-0ba7-45e2-8fd0-0cbd6068162e" /><TestMethod codeBase="C:\workspaces\openkit-dotnet\tests\openkit-dotnetcore-2.0.Tests\bin\Release\netcoreapp2.0\openkit-dotnetcore-2.0.Tests.dll" adapterTypeName="executor://nunit3testexecutor/" className="Dynatrace.OpenKit.Core.Caching.BeaconCacheEvictorTest" name="StoppingABeaconCacheEvictorWhichIsNotAliveDoesNothing" /></UnitTest><UnitTest name="ÉxecuteEvictionStopsIfThreadGetsInterruptedBetweenTwoBeacons" storage="c:\workspaces\openkit-dotnet\tests\openkit-dotnetcore-2.0.tests\bin\release\netcoreapp2.0\openkit-dotnetcore-2.0.tests.dll" id="1a2c0af6-1d0d-4d50-821e-a571939bacb3"><Execution id="79264471-7ddb-499b-b70f-c1095bbdb0cd" /><TestMethod codeBase="C:\workspaces\openkit-dotnet\tests\openkit-dotnetcore-2.0.Tests\bin\Release\netcoreapp2.0\openkit-dotnetcore-2.0.Tests.dll" adapterTypeName="executor://nunit3testexecutor/" className="Dynatrace.OpenKit.Core.Caching.SpaceEvictionStrategyTest" name="ÉxecuteEvictionStopsIfThreadGetsInterruptedBetweenTwoBeacons" /></UnitTest><UnitTest name="TwoInstancesAreNotEqualIfMarkedForSendingDiffers" storage="c:\workspaces\openkit-dotnet\tests\openkit-dotnetcore-2.0.tests\bin\release\netcoreapp2.0\openkit-dotnetcore-2.0.tests.dll" id="dbba4ab3-c6da-4335-bde2-24f9dccd82a9"><Execution id="407a3d82-2f34-4688-aa4a-02ef51c76f7b" /><TestMethod codeBase="C:\workspaces\openkit-dotnet\tests\openkit-dotnetcore-2.0.Tests\bin\Release\netcoreapp2.0\openkit-dotnetcore-2.0.Tests.dll" adapterTypeName="executor://nunit3testexecutor/" className="Dynatrace.OpenKit.Core.Caching.BeaconCacheRecordTest" name="TwoInstancesAreNotEqualIfMarkedForSendingDiffers" /></UnitTest><UnitTest name="GetChunkMarksRetrievedData" storage="c:\workspaces\openkit-dotnet\tests\openkit-dotnetcore-2.0.tests\bin\release\netcoreapp2.0\openkit-dotnetcore-2.0.tests.dll" id="de4715db-ff8d-48cf-ab25-fe4f8febff1a"><Execution id="28d22d94-a84e-40f8-8e20-4a6338adcda5" /><TestMethod codeBase="C:\workspaces\openkit-dotnet\tests\openkit-dotnetcore-2.0.Tests\bin\Release\netcoreapp2.0\openkit-dotnetcore-2.0.Tests.dll" adapterTypeName="executor://nunit3testexecutor/" className="Dynatrace.OpenKit.Core.Caching.BeaconCacheEntryTest" name="GetChunkMarksRetrievedData" /></UnitTest><UnitTest name="GetRetryAfterReturnsDefaultValueIfMultipleValuesWereRetrieved" storage="c:\workspaces\openkit-dotnet\tests\openkit-dotnetcore-2.0.tests\bin\release\netcoreapp2.0\openkit-dotnetcore-2.0.tests.dll" id="4dd39b81-4c16-4db6-935c-7309d7504274"><Execution id="320d9ed0-18e0-4f6a-a3fc-a35543ecbdeb" /><TestMethod codeBase="C:\workspaces\openkit-dotnet\tests\openkit-dotnetcore-2.0.Tests\bin\Release\netcoreapp2.0\openkit-dotnetcore-2.0.Tests.dll" adapterTypeName="executor://nunit3testexecutor/" className="Dynatrace.OpenKit.Protocol.ResponseTest" name="GetRetryAfterReturnsDefaultValueIfMultipleValuesWereRetrieved" /></UnitTest><UnitTest name="IdentifyUserDoesNothingIfUserTagIsAnEmptyString" storage="c:\workspaces\openkit-dotnet\tests\openkit-dotnetcore-2.0.tests\bin\release\netcoreapp2.0\openkit-dotnetcore-2.0.tests.dll" id="816b7906-a4df-4e5b-b67b-588bc0a49daa"><Execution id="7cf3b270-f89c-41de-868c-7a9b1d653335" /><TestMethod codeBase="C:\workspaces\openkit-dotnet\tests\openkit-dotnetcore-2.0.Tests\bin\Release\netcoreapp2.0\openkit-dotnetcore-2.0.Tests.dll" adapterTypeName="executor://nunit3testexecutor/" className="Dynatrace.OpenKit.Core.SessionTest" name="IdentifyUserDoesNothingIfUserTagIsAnEmptyString" /></UnitTest><UnitTest name="SendStatusRequestHandlesNullResponsesSameAsErroneousResponses" storage="c:\workspaces\openkit-dotnet\tests\openkit-dotnetcore-2.0.tests\bin\release\netcoreapp2.0\openkit-dotnetcore-2.0.tests.dll" id="fd1a41f2-b1f1-423f-b4fc-59e76ce2e93a"><Execution id="85bacb74-061f-4bca-8462-cdccbfcca2ee" /><TestMethod codeBase="C:\workspaces\openkit-dotnet\tests\openkit-dotnetcore-2.0.Tests\bin\Release\netcoreapp2.0\openkit-dotnetcore-2.0.Tests.dll" adapterTypeName="executor://nunit3testexecutor/" className="Dynatrace.OpenKit.Core.Communication.BeaconSendingRequestUtilTest" name="SendStatusRequestHandlesNullResponsesSameAsErroneousResponses" /></UnitTest><UnitTest name="ReportEventDoesNothingIfEventNameIsNull" storage="c:\workspaces\openkit-dotnet\tests\openkit-dotnetcore-2.0.tests\bin\release\netcoreapp2.0\openkit-dotnetcore-2.0.tests.dll" id="0e7aba64-3224-449e-859b-23c4a0bc0551"><Execution id="759b6831-7d4d-4c14-8fc3-785bfa3a0f17" /><TestMethod codeBase="C:\workspaces\openkit-dotnet\tests\openkit-dotnetcore-2.0.Tests\bin\Release\netcoreapp2.0\openkit-dotnetcore-2.0.Tests.dll" adapterTypeName="executor://nunit3testexecutor/" className="Dynatrace.OpenKit.Core.ActionTest" name="ReportEventDoesNothingIfEventNameIsNull" /></UnitTest><UnitTest name="DefaultsAreSetForAppMon" storage="c:\workspaces\openkit-dotnet\tests\openkit-dotnetcore-2.0.tests\bin\release\netcoreapp2.0\openkit-dotnetcore-2.0.tests.dll" id="ebb18389-c66a-4607-9937-6ca7227a9fad"><Execution id="4082c166-2e5c-4684-b6fb-9a1956ca8892" /><TestMethod codeBase="C:\workspaces\openkit-dotnet\tests\openkit-dotnetcore-2.0.Tests\bin\Release\netcoreapp2.0\openkit-dotnetcore-2.0.Tests.dll" adapterTypeName="executor://nunit3testexecutor/" className="Dynatrace.OpenKit.OpenKitBuilderTest" name="DefaultsAreSetForAppMon" /></UnitTest><UnitTest name="NotEqualInstancesHaveDifferentHashCode" storage="c:\workspaces\openkit-dotnet\tests\openkit-dotnetcore-2.0.tests\bin\release\netcoreapp2.0\openkit-dotnetcore-2.0.tests.dll" id="5a0a131f-f1bf-470d-abdc-02b99dd7a938"><Execution id="799fa45b-5e6e-43f2-99e7-56092b4661fe" /><TestMethod codeBase="C:\workspaces\openkit-dotnet\tests\openkit-dotnetcore-2.0.Tests\bin\Release\netcoreapp2.0\openkit-dotnetcore-2.0.Tests.dll" adapterTypeName="executor://nunit3testexecutor/" className="Dynatrace.OpenKit.Core.Caching.BeaconCacheRecordTest" name="NotEqualInstancesHaveDifferentHashCode" /></UnitTest><UnitTest name="TheStrategyIsNotDisabledIFMaxRecordAgeIsGreaterThanZero" storage="c:\workspaces\openkit-dotnet\tests\openkit-dotnetcore-2.0.tests\bin\release\netcoreapp2.0\openkit-dotnetcore-2.0.tests.dll" id="274a3699-6f7e-4682-a38e-2ee99330bd70"><Execution id="13e84896-141f-4e40-a5fc-97851292762f" /><TestMethod codeBase="C:\workspaces\openkit-dotnet\tests\openkit-dotnetcore-2.0.Tests\bin\Release\netcoreapp2.0\openkit-dotnetcore-2.0.Tests.dll" adapterTypeName="executor://nunit3testexecutor/" className="Dynatrace.OpenKit.Core.Caching.TimeEvicitionStrategyTest" name="TheStrategyIsNotDisabledIFMaxRecordAgeIsGreaterThanZero" /></UnitTest><UnitTest name="VerboseIsUsedInDefaultLogger" storage="c:\workspaces\openkit-dotnet\tests\openkit-dotnetcore-2.0.tests\bin\release\netcoreapp2.0\openkit-dotnetcore-2.0.tests.dll" id="5c5b84b6-7ad5-4abd-9235-5f3039a73fca"><Execution id="46dee587-92ea-4d4b-a8ed-cde53a24ad06" /><TestMethod codeBase="C:\workspaces\openkit-dotnet\tests\openkit-dotnetcore-2.0.Tests\bin\Release\netcoreapp2.0\openkit-dotnetcore-2.0.Tests.dll" adapterTypeName="executor://nunit3testexecutor/" className="Dynatrace.OpenKit.OpenKitBuilderTest" name="VerboseIsUsedInDefaultLogger" /></UnitTest><UnitTest name="DefaultPRNGeneratorProvidesPositiveInt" storage="c:\workspaces\openkit-dotnet\tests\openkit-dotnetcore-2.0.tests\bin\release\netcoreapp2.0\openkit-dotnetcore-2.0.tests.dll" id="c8d8c7df-1e03-4d91-b41d-e0a6906a6817"><Execution id="4d43bebc-b190-468c-9573-68688bf4b7a8" /><TestMethod codeBase="C:\workspaces\openkit-dotnet\tests\openkit-dotnetcore-2.0.Tests\bin\Release\netcoreapp2.0\openkit-dotnetcore-2.0.Tests.dll" adapterTypeName="executor://nunit3testexecutor/" className="Dynatrace.OpenKit.Providers.DefaultSessionPRNGeneratorTest" name="DefaultPRNGeneratorProvidesPositiveInt" /></UnitTest><UnitTest name="LeavingAnActionAddsItselfInTheBeacon" storage="c:\workspaces\openkit-dotnet\tests\openkit-dotnetcore-2.0.tests\bin\release\netcoreapp2.0\openkit-dotnetcore-2.0.tests.dll" id="07b3cde4-efb7-4d48-a7d9-6ddb92c8dfe5"><Execution id="c4226184-beba-4a36-9df9-6c3f11d57ef8" /><TestMethod codeBase="C:\workspaces\openkit-dotnet\tests\openkit-dotnetcore-2.0.Tests\bin\Release\netcoreapp2.0\openkit-dotnetcore-2.0.Tests.dll" adapterTypeName="executor://nunit3testexecutor/" className="Dynatrace.OpenKit.Core.ActionTest" name="LeavingAnActionAddsItselfInTheBeacon" /></UnitTest><UnitTest name="NoCrashIsReportedIfBeaconConfigurationDisablesCapturing" storage="c:\workspaces\openkit-dotnet\tests\openkit-dotnetcore-2.0.tests\bin\release\netcoreapp2.0\openkit-dotnetcore-2.0.tests.dll" id="38d484e4-a0a5-4921-9720-6e3f71ddaf33"><Execution id="e693fe9e-75af-4824-af08-fc2cb1af4ef5" /><TestMethod codeBase="C:\workspaces\openkit-dotnet\tests\openkit-dotnetcore-2.0.Tests\bin\Release\netcoreapp2.0\openkit-dotnetcore-2.0.Tests.dll" adapterTypeName="executor://nunit3testexecutor/" className="Dynatrace.OpenKit.Protocol.BeaconTest" name="NoCrashIsReportedIfBeaconConfigurationDisablesCapturing" /></UnitTest><UnitTest name="ADefaultConstructedSessionWrapperCanSendRequests" storage="c:\workspaces\openkit-dotnet\tests\openkit-dotnetcore-2.0.tests\bin\release\netcoreapp2.0\openkit-dotnetcore-2.0.tests.dll" id="1b1d1bee-dd84-4c4b-a348-8fa0d345731d"><Execution id="2c4108e4-62de-4adb-92da-693dc0276ddc" /><TestMethod codeBase="C:\workspaces\openkit-dotnet\tests\openkit-dotnetcore-2.0.Tests\bin\Release\netcoreapp2.0\openkit-dotnetcore-2.0.Tests.dll" adapterTypeName="executor://nunit3testexecutor/" className="Dynatrace.OpenKit.Core.Communication.SessionWrapperTest" name="ADefaultConstructedSessionWrapperCanSendRequests" /></UnitTest><UnitTest name="AValidSchemeOnlyContainsLettersDigitsPlusPeriodOrHyphen" storage="c:\workspaces\openkit-dotnet\tests\openkit-dotnetcore-2.0.tests\bin\release\netcoreapp2.0\openkit-dotnetcore-2.0.tests.dll" id="c15b2f87-9331-4c1f-a04b-7d274f630cfd"><Execution id="d68c4e6d-5c8c-449e-b2a7-8394bde72ed2" /><TestMethod codeBase="C:\workspaces\openkit-dotnet\tests\openkit-dotnetcore-2.0.Tests\bin\Release\netcoreapp2.0\openkit-dotnetcore-2.0.Tests.dll" adapterTypeName="executor://nunit3testexecutor/" className="Dynatrace.OpenKit.Core.WebRequestTracerStringURLTest" name="AValidSchemeOnlyContainsLettersDigitsPlusPeriodOrHyphen" /></UnitTest><UnitTest name="IpV6AddressMixedNotationIsValid_NonZeroIPv6NonCompressed" storage="c:\workspaces\openkit-dotnet\tests\openkit-dotnetcore-2.0.tests\bin\release\netcoreapp2.0\openkit-dotnetcore-2.0.tests.dll" id="5780b925-40ee-443a-9285-f7d509cb48d0"><Execution id="44364803-6d78-4225-9388-816b8e6cd278" /><TestMethod codeBase="C:\workspaces\openkit-dotnet\tests\openkit-dotnetcore-2.0.Tests\bin\Release\netcoreapp2.0\openkit-dotnetcore-2.0.Tests.dll" adapterTypeName="executor://nunit3testexecutor/" className="Dynatrace.OpenKit.Core.Util.InetAddressValidatorTest" name="IpV6AddressMixedNotationIsValid_NonZeroIPv6NonCompressed" /></UnitTest><UnitTest name="CanAddSentBytesValueZeroToWebRequestTracer" storage="c:\workspaces\openkit-dotnet\tests\openkit-dotnetcore-2.0.tests\bin\release\netcoreapp2.0\openkit-dotnetcore-2.0.tests.dll" id="49fb40a1-f36f-4abf-9ab2-0d9267356c7a"><Execution id="732c1e7a-6587-4e74-98aa-755951b4e67a" /><TestMethod codeBase="C:\workspaces\openkit-dotnet\tests\openkit-dotnetcore-2.0.Tests\bin\Release\netcoreapp2.0\openkit-dotnetcore-2.0.Tests.dll" adapterTypeName="executor://nunit3testexecutor/" className="Dynatrace.OpenKit.Protocol.BeaconTest" name="CanAddSentBytesValueZeroToWebRequestTracer" /></UnitTest><UnitTest name="CanSetAppNameForDynatrace" storage="c:\workspaces\openkit-dotnet\tests\openkit-dotnetcore-2.0.tests\bin\release\netcoreapp2.0\openkit-dotnetcore-2.0.tests.dll" id="619c6aa3-a39d-4c2a-84ea-bef7de9669ee"><Execution id="e339d28e-503e-4a95-9c40-60930f5683da" /><TestMethod codeBase="C:\workspaces\openkit-dotnet\tests\openkit-dotnetcore-2.0.Tests\bin\Release\netcoreapp2.0\openkit-dotnetcore-2.0.Tests.dll" adapterTypeName="executor://nunit3testexecutor/" className="Dynatrace.OpenKit.OpenKitBuilderTest" name="CanSetAppNameForDynatrace" /></UnitTest><UnitTest name="RemoveOldestRecordsDoesNotRemoveAnythingFromEventAndActionsBeingSent" storage="c:\workspaces\openkit-dotnet\tests\openkit-dotnetcore-2.0.tests\bin\release\netcoreapp2.0\openkit-dotnetcore-2.0.tests.dll" id="7f9e3622-f20a-4bd1-8d74-5b08c7fea5e5"><Execution id="c5178cc5-0ef3-454e-9d5c-a4d7a5cbdb54" /><TestMethod codeBase="C:\workspaces\openkit-dotnet\tests\openkit-dotnetcore-2.0.Tests\bin\Release\netcoreapp2.0\openkit-dotnetcore-2.0.Tests.dll" adapterTypeName="executor://nunit3testexecutor/" className="Dynatrace.OpenKit.Core.Caching.BeaconCacheEntryTest" name="RemoveOldestRecordsDoesNotRemoveAnythingFromEventAndActionsBeingSent" /></UnitTest><UnitTest name="SessionReportedForDataCollectionLevel2" storage="c:\workspaces\openkit-dotnet\tests\openkit-dotnetcore-2.0.tests\bin\release\netcoreapp2.0\openkit-dotnetcore-2.0.tests.dll" id="2907039c-83e3-40a9-9431-767de85ad681"><Execution id="40b10036-162a-4900-baf6-aaddd8990542" /><TestMethod codeBase="C:\workspaces\openkit-dotnet\tests\openkit-dotnetcore-2.0.Tests\bin\Release\netcoreapp2.0\openkit-dotnetcore-2.0.Tests.dll" adapterTypeName="executor://nunit3testexecutor/" className="Dynatrace.OpenKit.Protocol.BeaconTest" name="SessionReportedForDataCollectionLevel2" /></UnitTest><UnitTest name="WebRequestIsReportedForDataCollectionLevel1" storage="c:\workspaces\openkit-dotnet\tests\openkit-dotnetcore-2.0.tests\bin\release\netcoreapp2.0\openkit-dotnetcore-2.0.tests.dll" id="6765732f-5096-43ee-bc40-20ac1f33786c"><Execution id="bceb7c45-5bbc-4a73-97e6-38e7317d9930" /><TestMethod codeBase="C:\workspaces\openkit-dotnet\tests\openkit-dotnetcore-2.0.Tests\bin\Release\netcoreapp2.0\openkit-dotnetcore-2.0.Tests.dll" adapterTypeName="executor://nunit3testexecutor/" className="Dynatrace.OpenKit.Protocol.BeaconTest" name="WebRequestIsReportedForDataCollectionLevel1" /></UnitTest><UnitTest name="DeleteCacheEntriesDoesNothingIfGivenBeaconIDIsNotInCache" storage="c:\workspaces\openkit-dotnet\tests\openkit-dotnetcore-2.0.tests\bin\release\netcoreapp2.0\openkit-dotnetcore-2.0.tests.dll" id="3a6f3a53-72b3-4f61-90d5-643bf393537d"><Execution id="5849bc4d-5508-4aeb-9252-3ac02d1688e4" /><TestMethod codeBase="C:\workspaces\openkit-dotnet\tests\openkit-dotnetcore-2.0.Tests\bin\Release\netcoreapp2.0\openkit-dotnetcore-2.0.Tests.dll" adapterTypeName="executor://nunit3testexecutor/" className="Dynatrace.OpenKit.Core.Caching.BeaconCacheTest" name="DeleteCacheEntriesDoesNothingIfGivenBeaconIDIsNotInCache" /></UnitTest><UnitTest name="ToStringReturnsTheStateName" storage="c:\workspaces\openkit-dotnet\tests\openkit-dotnetcore-2.0.tests\bin\release\netcoreapp2.0\openkit-dotnetcore-2.0.tests.dll" id="3812de99-4d53-4ab8-9528-e134e4ae1930"><Execution id="c9cf11c9-81f0-4a56-aa2b-88ded24cc02e" /><TestMethod codeBase="C:\workspaces\openkit-dotnet\tests\openkit-dotnetcore-2.0.Tests\bin\Release\netcoreapp2.0\openkit-dotnetcore-2.0.Tests.dll" adapterTypeName="executor://nunit3testexecutor/" className="Dynatrace.OpenKit.Core.Communication.BeaconSendingTimeSyncStateTest" name="ToStringReturnsTheStateName" /></UnitTest><UnitTest name="CanSetOperatingSystemForDynatrace" storage="c:\workspaces\openkit-dotnet\tests\openkit-dotnetcore-2.0.tests\bin\release\netcoreapp2.0\openkit-dotnetcore-2.0.tests.dll" id="0d279871-207b-48a5-ada2-af120a2eb1aa"><Execution id="35619cf2-ee1a-45cf-b63b-d4e15913e7ef" /><TestMethod codeBase="C:\workspaces\openkit-dotnet\tests\openkit-dotnetcore-2.0.Tests\bin\Release\netcoreapp2.0\openkit-dotnetcore-2.0.Tests.dll" adapterTypeName="executor://nunit3testexecutor/" className="Dynatrace.OpenKit.OpenKitBuilderTest" name="CanSetOperatingSystemForDynatrace" /></UnitTest><UnitTest name="InitializeTimeSyncDelegatesToTimingProvider" storage="c:\workspaces\openkit-dotnet\tests\openkit-dotnetcore-2.0.tests\bin\release\netcoreapp2.0\openkit-dotnetcore-2.0.tests.dll" id="0128e555-61a4-4583-829d-cb3ae9d0a79c"><Execution id="815e9da9-e095-4ed6-8755-433fcd114386" /><TestMethod codeBase="C:\workspaces\openkit-dotnet\tests\openkit-dotnetcore-2.0.Tests\bin\Release\netcoreapp2.0\openkit-dotnetcore-2.0.Tests.dll" adapterTypeName="executor://nunit3testexecutor/" className="Dynatrace.OpenKit.Core.Communication.BeaconSendingContextTest" name="InitializeTimeSyncDelegatesToTimingProvider" /></UnitTest><UnitTest name="ExecuteEvictionLogsAMessageOnceAndReturnsIfStrategyIsDisabled" storage="c:\workspaces\openkit-dotnet\tests\openkit-dotnetcore-2.0.tests\bin\release\netcoreapp2.0\openkit-dotnetcore-2.0.tests.dll" id="9471e772-5416-4278-ba9e-d005d4cf90b8"><Execution id="7ca2d285-1a13-495c-ae09-42cf2c5e104a" /><TestMethod codeBase="C:\workspaces\openkit-dotnet\tests\openkit-dotnetcore-2.0.Tests\bin\Release\netcoreapp2.0\openkit-dotnetcore-2.0.Tests.dll" adapterTypeName="executor://nunit3testexecutor/" className="Dynatrace.OpenKit.Core.Caching.SpaceEvictionStrategyTest" name="ExecuteEvictionLogsAMessageOnceAndReturnsIfStrategyIsDisabled" /></UnitTest><UnitTest name="SetBytesSentSetsTheNumberOfSentBytes" storage="c:\workspaces\openkit-dotnet\tests\openkit-dotnetcore-2.0.tests\bin\release\netcoreapp2.0\openkit-dotnetcore-2.0.tests.dll" id="0c00e417-112a-4d88-9e9d-bb62898cb49c"><Execution id="c48924ac-1da0-4208-ab75-1bd776e73b5b" /><TestMethod codeBase="C:\workspaces\openkit-dotnet\tests\openkit-dotnetcore-2.0.Tests\bin\Release\netcoreapp2.0\openkit-dotnetcore-2.0.Tests.dll" adapterTypeName="executor://nunit3testexecutor/" className="Dynatrace.OpenKit.Core.WebRequestTracerBaseTest" name="SetBytesSentSetsTheNumberOfSentBytes" /></UnitTest><UnitTest name="CanSleepLonger" storage="c:\workspaces\openkit-dotnet\tests\openkit-dotnetcore-2.0.tests\bin\release\netcoreapp2.0\openkit-dotnetcore-2.0.tests.dll" id="57001bcf-53d9-4d03-87fb-f51cf1b55fdc"><Execution id="7d326bad-f4ae-4ae8-8a34-32bcb3cdafab" /><TestMethod codeBase="C:\workspaces\openkit-dotnet\tests\openkit-dotnetcore-2.0.Tests\bin\Release\netcoreapp2.0\openkit-dotnetcore-2.0.Tests.dll" adapterTypeName="executor://nunit3testexecutor/" className="Dynatrace.OpenKit.Core.Communication.BeaconSendingContextTest" name="CanSleepLonger" /></UnitTest><UnitTest name="IsInitializedOnInitSuccess" storage="c:\workspaces\openkit-dotnet\tests\openkit-dotnetcore-2.0.tests\bin\release\netcoreapp2.0\openkit-dotnetcore-2.0.tests.dll" id="80d611c4-92f6-4373-a3db-9e8b745aace6"><Execution id="4df46525-e165-45af-a645-208548e8a75b" /><TestMethod codeBase="C:\workspaces\openkit-dotnet\tests\openkit-dotnetcore-2.0.Tests\bin\Release\netcoreapp2.0\openkit-dotnetcore-2.0.Tests.dll" adapterTypeName="executor://nunit3testexecutor/" className="Dynatrace.OpenKit.Core.Communication.BeaconSendingContextTest" name="IsInitializedOnInitSuccess" /></UnitTest><UnitTest name="IpV6AddressIsValid" storage="c:\workspaces\openkit-dotnet\tests\openkit-dotnetcore-2.0.tests\bin\release\netcoreapp2.0\openkit-dotnetcore-2.0.tests.dll" id="6c214062-70fc-4784-92f2-69bf5df9d64f"><Execution id="ffdeadfc-730f-46a1-afbd-940b948b4be2" /><TestMethod codeBase="C:\workspaces\openkit-dotnet\tests\openkit-dotnetcore-2.0.Tests\bin\Release\netcoreapp2.0\openkit-dotnetcore-2.0.Tests.dll" adapterTypeName="executor://nunit3testexecutor/" className="Dynatrace.OpenKit.Core.Util.InetAddressValidatorTest" name="IpV6AddressIsValid" /></UnitTest><UnitTest name="StatusRequestIsRetried" storage="c:\workspaces\openkit-dotnet\tests\openkit-dotnetcore-2.0.tests\bin\release\netcoreapp2.0\openkit-dotnetcore-2.0.tests.dll" id="764cdfa3-1427-4e8b-b1b6-c78b4b4f953c"><Execution id="ab80ca44-77ac-421f-875d-afd460b98462" /><TestMethod codeBase="C:\workspaces\openkit-dotnet\tests\openkit-dotnetcore-2.0.Tests\bin\Release\netcoreapp2.0\openkit-dotnetcore-2.0.Tests.dll" adapterTypeName="executor://nunit3testexecutor/" className="Dynatrace.OpenKit.Core.Communication.BeaconSendingInitStateTest" name="StatusRequestIsRetried" /></UnitTest><UnitTest name="TheStrategyIsDisabledIfCacheSizeLowerBoundIsLessThanZero" storage="c:\workspaces\openkit-dotnet\tests\openkit-dotnetcore-2.0.tests\bin\release\netcoreapp2.0\openkit-dotnetcore-2.0.tests.dll" id="6eb6b269-af1a-4597-8aaf-0650b364d247"><Execution id="53ae1a5e-7992-4110-ac9a-c207f282899b" /><TestMethod codeBase="C:\workspaces\openkit-dotnet\tests\openkit-dotnetcore-2.0.Tests\bin\Release\netcoreapp2.0\openkit-dotnetcore-2.0.Tests.dll" adapterTypeName="executor://nunit3testexecutor/" className="Dynatrace.OpenKit.Core.Caching.SpaceEvictionStrategyTest" name="TheStrategyIsDisabledIfCacheSizeLowerBoundIsLessThanZero" /></UnitTest><UnitTest name="CanSleepCustomPeriod" storage="c:\workspaces\openkit-dotnet\tests\openkit-dotnetcore-2.0.tests\bin\release\netcoreapp2.0\openkit-dotnetcore-2.0.tests.dll" id="7b8b9b13-f9ac-42f1-8320-d6a87737a163"><Execution id="97edb496-c713-4a0d-b8cd-0ffc63ae1b2a" /><TestMethod codeBase="C:\workspaces\openkit-dotnet\tests\openkit-dotnetcore-2.0.Tests\bin\Release\netcoreapp2.0\openkit-dotnetcore-2.0.Tests.dll" adapterTypeName="executor://nunit3testexecutor/" className="Dynatrace.OpenKit.Core.Communication.BeaconSendingContextTest" name="CanSleepCustomPeriod" /></UnitTest><UnitTest name="NeedsDataCopyBeforeChunkingGivesFalseEvenIfListsAreEmpty" storage="c:\workspaces\openkit-dotnet\tests\openkit-dotnetcore-2.0.tests\bin\release\netcoreapp2.0\openkit-dotnetcore-2.0.tests.dll" id="1a931315-1455-46cf-a765-0801754052f0"><Execution id="8778fb1c-fe0d-481a-ac34-03ae6e23d2a9" /><TestMethod codeBase="C:\workspaces\openkit-dotnet\tests\openkit-dotnetcore-2.0.Tests\bin\Release\netcoreapp2.0\openkit-dotnetcore-2.0.Tests.dll" adapterTypeName="executor://nunit3testexecutor/" className="Dynatrace.OpenKit.Core.Caching.BeaconCacheEntryTest" name="NeedsDataCopyBeforeChunkingGivesFalseEvenIfListsAreEmpty" /></UnitTest><UnitTest name="SendStatusRequestSendRequestToMonitorURL" storage="c:\workspaces\openkit-dotnet\tests\openkit-dotnetcore-2.0.tests\bin\release\netcoreapp2.0\openkit-dotnetcore-2.0.tests.dll" id="24d00cea-057b-47c4-bcb4-6cf7f347009e"><Execution id="4c912451-6b7c-4bf0-9cdf-d7464e44af84" /><TestMethod codeBase="C:\workspaces\openkit-dotnet\tests\openkit-dotnetcore-2.0.Tests\bin\Release\netcoreapp2.0\openkit-dotnetcore-2.0.Tests.dll" adapterTypeName="executor://nunit3testexecutor/" className="Dynatrace.OpenKit.Protocol.HTTPClientTest" name="SendStatusRequestSendRequestToMonitorURL" /></UnitTest><UnitTest name="IpV6AddressLinkLocalIsInvalidDueToTwoDoubleColonsInAddress" storage="c:\workspaces\openkit-dotnet\tests\openkit-dotnetcore-2.0.tests\bin\release\netcoreapp2.0\openkit-dotnetcore-2.0.tests.dll" id="4e1d4ff7-7c23-402f-893c-ea483e692ae2"><Execution id="491f83e6-efba-44ad-8cbc-4553ab11a2bd" /><TestMethod codeBase="C:\workspaces\openkit-dotnet\tests\openkit-dotnetcore-2.0.Tests\bin\Release\netcoreapp2.0\openkit-dotnetcore-2.0.Tests.dll" adapterTypeName="executor://nunit3testexecutor/" className="Dynatrace.OpenKit.Core.Util.InetAddressValidatorTest" name="IpV6AddressLinkLocalIsInvalidDueToTwoDoubleColonsInAddress" /></UnitTest><UnitTest name="SendBeaconRequestIsRetriedThreeTimesBeforeGivingUp" storage="c:\workspaces\openkit-dotnet\tests\openkit-dotnetcore-2.0.tests\bin\release\netcoreapp2.0\openkit-dotnetcore-2.0.tests.dll" id="8e9e443f-8344-4617-949e-dcff62bd66af"><Execution id="e8841b23-6917-4866-b8b0-385df2a71ed3" /><TestMethod codeBase="C:\workspaces\openkit-dotnet\tests\openkit-dotnetcore-2.0.Tests\bin\Release\netcoreapp2.0\openkit-dotnetcore-2.0.Tests.dll" adapterTypeName="executor://nunit3testexecutor/" className="Dynatrace.OpenKit.Protocol.HTTPClientTest" name="SendBeaconRequestIsRetriedThreeTimesBeforeGivingUp" /></UnitTest><UnitTest name="DefaultSleepTimeIsUsed" storage="c:\workspaces\openkit-dotnet\tests\openkit-dotnetcore-2.0.tests\bin\release\netcoreapp2.0\openkit-dotnetcore-2.0.tests.dll" id="b9540bfa-aab3-488f-af69-2a8a4b8304ea"><Execution id="1ad6d8bc-eb87-4901-a08b-02045a16a553" /><TestMethod codeBase="C:\workspaces\openkit-dotnet\tests\openkit-dotnetcore-2.0.Tests\bin\Release\netcoreapp2.0\openkit-dotnetcore-2.0.Tests.dll" adapterTypeName="executor://nunit3testexecutor/" className="Dynatrace.OpenKit.Core.Communication.BeaconSendingContextTest" name="DefaultSleepTimeIsUsed" /></UnitTest><UnitTest name="SetBytesReceivedDoesNotSetAnythingIfStopped" storage="c:\workspaces\openkit-dotnet\tests\openkit-dotnetcore-2.0.tests\bin\release\netcoreapp2.0\openkit-dotnetcore-2.0.tests.dll" id="831f3754-2981-4cac-b1c0-e028a6776a5f"><Execution id="54bc27c4-f88c-4a3b-bf85-411e86246e68" /><TestMethod codeBase="C:\workspaces\openkit-dotnet\tests\openkit-dotnetcore-2.0.Tests\bin\Release\netcoreapp2.0\openkit-dotnetcore-2.0.Tests.dll" adapterTypeName="executor://nunit3testexecutor/" className="Dynatrace.OpenKit.Core.WebRequestTracerBaseTest" name="SetBytesReceivedDoesNotSetAnythingIfStopped" /></UnitTest><UnitTest name="AfterStartingABeaconCacheEvictorItIsAlive" storage="c:\workspaces\openkit-dotnet\tests\openkit-dotnetcore-2.0.tests\bin\release\netcoreapp2.0\openkit-dotnetcore-2.0.tests.dll" id="49ace68b-fc68-4eed-b67d-0d619addd864"><Execution id="6181533a-c130-42cc-a775-0b796fc89199" /><TestMethod codeBase="C:\workspaces\openkit-dotnet\tests\openkit-dotnetcore-2.0.Tests\bin\Release\netcoreapp2.0\openkit-dotnetcore-2.0.Tests.dll" adapterTypeName="executor://nunit3testexecutor/" className="Dynatrace.OpenKit.Core.Caching.BeaconCacheEvictorTest" name="AfterStartingABeaconCacheEvictorItIsAlive" /></UnitTest><UnitTest name="SleepTimeIsDoubledAndResetAfterSuccess" storage="c:\workspaces\openkit-dotnet\tests\openkit-dotnetcore-2.0.tests\bin\release\netcoreapp2.0\openkit-dotnetcore-2.0.tests.dll" id="c6836096-fccd-441a-bfc2-29be902e976d"><Execution id="9ae95cd4-5f15-4240-9479-3687f51ac98c" /><TestMethod codeBase="C:\workspaces\openkit-dotnet\tests\openkit-dotnetcore-2.0.Tests\bin\Release\netcoreapp2.0\openkit-dotnetcore-2.0.Tests.dll" adapterTypeName="executor://nunit3testexecutor/" className="Dynatrace.OpenKit.Core.Communication.BeaconSendingTimeSyncStateTest" name="SleepTimeIsDoubledAndResetAfterSuccess" /></UnitTest><UnitTest name="TerminalStateIsNextStateIfTransitionFromTerminalStateOccurs" storage="c:\workspaces\openkit-dotnet\tests\openkit-dotnetcore-2.0.tests\bin\release\netcoreapp2.0\openkit-dotnetcore-2.0.tests.dll" id="42baa28a-ba0e-45ff-9d08-3457e0e3e401"><Execution id="1f26e505-c43a-40bb-9c5a-0b44e5f9a19f" /><TestMethod codeBase="C:\workspaces\openkit-dotnet\tests\openkit-dotnetcore-2.0.Tests\bin\Release\netcoreapp2.0\openkit-dotnetcore-2.0.Tests.dll" adapterTypeName="executor://nunit3testexecutor/" className="Dynatrace.OpenKit.Core.Communication.BeaconSendingTerminalStateTest" name="TerminalStateIsNextStateIfTransitionFromTerminalStateOccurs" /></UnitTest><UnitTest name="CannotSetNullTrustManagerForAppMon" storage="c:\workspaces\openkit-dotnet\tests\openkit-dotnetcore-2.0.tests\bin\release\netcoreapp2.0\openkit-dotnetcore-2.0.tests.dll" id="766763a3-eeb8-4b27-b05c-31ac5b78752d"><Execution id="e7b5a909-8dda-4a76-b048-5c3c7971a1b3" /><TestMethod codeBase="C:\workspaces\openkit-dotnet\tests\openkit-dotnetcore-2.0.Tests\bin\Release\netcoreapp2.0\openkit-dotnetcore-2.0.Tests.dll" adapterTypeName="executor://nunit3testexecutor/" className="Dynatrace.OpenKit.OpenKitBuilderTest" name="CannotSetNullTrustManagerForAppMon" /></UnitTest><UnitTest name="GetHttpClientUsesCurrentHttpConfig" storage="c:\workspaces\openkit-dotnet\tests\openkit-dotnetcore-2.0.tests\bin\release\netcoreapp2.0\openkit-dotnetcore-2.0.tests.dll" id="7273e4f7-5805-499a-a529-986b38b59514"><Execution id="20035020-5747-4eee-9451-a17f8af65771" /><TestMethod codeBase="C:\workspaces\openkit-dotnet\tests\openkit-dotnetcore-2.0.Tests\bin\Release\netcoreapp2.0\openkit-dotnetcore-2.0.Tests.dll" adapterTypeName="executor://nunit3testexecutor/" className="Dynatrace.OpenKit.Core.Communication.BeaconSendingContextTest" name="GetHttpClientUsesCurrentHttpConfig" /></UnitTest><UnitTest name="StartDoesNothingIfAlreadyStopped" storage="c:\workspaces\openkit-dotnet\tests\openkit-dotnetcore-2.0.tests\bin\release\netcoreapp2.0\openkit-dotnetcore-2.0.tests.dll" id="0fe41068-ab35-4989-9f9e-1c3cbd2a1faf"><Execution id="9907fa66-8d59-452a-9374-74dc46b2c01d" /><TestMethod codeBase="C:\workspaces\openkit-dotnet\tests\openkit-dotnetcore-2.0.Tests\bin\Release\netcoreapp2.0\openkit-dotnetcore-2.0.Tests.dll" adapterTypeName="executor://nunit3testexecutor/" className="Dynatrace.OpenKit.Core.WebRequestTracerBaseTest" name="StartDoesNothingIfAlreadyStopped" /></UnitTest><UnitTest name="RemoveRecordsOlderThanRemovesRecordsFromActionData" storage="c:\workspaces\openkit-dotnet\tests\openkit-dotnetcore-2.0.tests\bin\release\netcoreapp2.0\openkit-dotnetcore-2.0.tests.dll" id="97be82f9-6b25-4cef-ab22-77d28438fb54"><Execution id="10bd0d77-8e84-42ea-93c8-4825c5aaccdb" /><TestMethod codeBase="C:\workspaces\openkit-dotnet\tests\openkit-dotnetcore-2.0.Tests\bin\Release\netcoreapp2.0\openkit-dotnetcore-2.0.Tests.dll" adapterTypeName="executor://nunit3testexecutor/" className="Dynatrace.OpenKit.Core.Caching.BeaconCacheEntryTest" name="RemoveRecordsOlderThanRemovesRecordsFromActionData" /></UnitTest><UnitTest name="EndingASessionReturnsImmediatelyIfEndedBefore" storage="c:\workspaces\openkit-dotnet\tests\openkit-dotnetcore-2.0.tests\bin\release\netcoreapp2.0\openkit-dotnetcore-2.0.tests.dll" id="bb1616c5-35c3-4702-8a87-cdff3908761f"><Execution id="d07cb9ce-3227-4d10-a642-ca90b04ca727" /><TestMethod codeBase="C:\workspaces\openkit-dotnet\tests\openkit-dotnetcore-2.0.Tests\bin\Release\netcoreapp2.0\openkit-dotnetcore-2.0.Tests.dll" adapterTypeName="executor://nunit3testexecutor/" className="Dynatrace.OpenKit.Core.SessionTest" name="EndingASessionReturnsImmediatelyIfEndedBefore" /></UnitTest><UnitTest name="MarkForSending" storage="c:\workspaces\openkit-dotnet\tests\openkit-dotnetcore-2.0.tests\bin\release\netcoreapp2.0\openkit-dotnetcore-2.0.tests.dll" id="d87bd74d-6e17-4f3d-80f4-e99f5eb6dd6d"><Execution id="3f1bb4ba-e132-4b5b-9bb1-f89be6f4dec7" /><TestMethod codeBase="C:\workspaces\openkit-dotnet\tests\openkit-dotnetcore-2.0.Tests\bin\Release\netcoreapp2.0\openkit-dotnetcore-2.0.Tests.dll" adapterTypeName="executor://nunit3testexecutor/" className="Dynatrace.OpenKit.Core.Caching.BeaconCacheRecordTest" name="MarkForSending" /></UnitTest><UnitTest name="EvictRecordsByNumber" storage="c:\workspaces\openkit-dotnet\tests\openkit-dotnetcore-2.0.tests\bin\release\netcoreapp2.0\openkit-dotnetcore-2.0.tests.dll" id="336f0a33-49a6-4c35-8f74-45bc76ca429c"><Execution id="eca78b53-52b1-4b9f-9451-5192f3a9945c" /><TestMethod codeBase="C:\workspaces\openkit-dotnet\tests\openkit-dotnetcore-2.0.Tests\bin\Release\netcoreapp2.0\openkit-dotnetcore-2.0.Tests.dll" adapterTypeName="executor://nunit3testexecutor/" className="Dynatrace.OpenKit.Core.Caching.BeaconCacheTest" name="EvictRecordsByNumber" /></UnitTest><UnitTest name="SendTimeSyncRequestSendRequestToTimeSyncURL" storage="c:\workspaces\openkit-dotnet\tests\openkit-dotnetcore-2.0.tests\bin\release\netcoreapp2.0\openkit-dotnetcore-2.0.tests.dll" id="51a9c793-402d-46a9-9ba7-c7f09f51be57"><Execution id="a9851309-51fe-4dcc-9098-77a8e8548ce0" /><TestMethod codeBase="C:\workspaces\openkit-dotnet\tests\openkit-dotnetcore-2.0.Tests\bin\Release\netcoreapp2.0\openkit-dotnetcore-2.0.Tests.dll" adapterTypeName="executor://nunit3testexecutor/" className="Dynatrace.OpenKit.Protocol.HTTPClientTest" name="SendTimeSyncRequestSendRequestToTimeSyncURL" /></UnitTest><UnitTest name="IpV4AddressIsValidAllEigtht" storage="c:\workspaces\openkit-dotnet\tests\openkit-dotnetcore-2.0.tests\bin\release\netcoreapp2.0\openkit-dotnetcore-2.0.tests.dll" id="17745f05-9986-4e01-b058-f379114e42c6"><Execution id="40fce7e2-6f8e-4eb9-9593-8c86dfe050cc" /><TestMethod codeBase="C:\workspaces\openkit-dotnet\tests\openkit-dotnetcore-2.0.Tests\bin\Release\netcoreapp2.0\openkit-dotnetcore-2.0.Tests.dll" adapterTypeName="executor://nunit3testexecutor/" className="Dynatrace.OpenKit.Core.Util.InetAddressValidatorTest" name="IpV4AddressIsValidAllEigtht" /></UnitTest><UnitTest name="IpV6AddressValid_CharactersOnlyLowerCase" storage="c:\workspaces\openkit-dotnet\tests\openkit-dotnetcore-2.0.tests\bin\release\netcoreapp2.0\openkit-dotnetcore-2.0.tests.dll" id="436c90b4-fa65-499c-814a-f4e1be0fa5dc"><Execution id="f6bd0bb7-bfcf-4999-bc51-0454ff3406f9" /><TestMethod codeBase="C:\workspaces\openkit-dotnet\tests\openkit-dotnetcore-2.0.Tests\bin\Release\netcoreapp2.0\openkit-dotnetcore-2.0.Tests.dll" adapterTypeName="executor://nunit3testexecutor/" className="Dynatrace.OpenKit.Core.Util.InetAddressValidatorTest" name="IpV6AddressValid_CharactersOnlyLowerCase" /></UnitTest><UnitTest name="getNextBeaconChunkRetrievesNextChunk" storage="c:\workspaces\openkit-dotnet\tests\openkit-dotnetcore-2.0.tests\bin\release\netcoreapp2.0\openkit-dotnetcore-2.0.tests.dll" id="aaef8d5f-6185-43cb-b97c-afcdf56d72dc"><Execution id="ffadf10d-c48d-48f0-8544-d6d761f96528" /><TestMethod codeBase="C:\workspaces\openkit-dotnet\tests\openkit-dotnetcore-2.0.Tests\bin\Release\netcoreapp2.0\openkit-dotnetcore-2.0.Tests.dll" adapterTypeName="executor://nunit3testexecutor/" className="Dynatrace.OpenKit.Core.Caching.BeaconCacheTest" name="getNextBeaconChunkRetrievesNextChunk" /></UnitTest><UnitTest name="IsErroneousResponseGivesTrueForErrorCodeGreaterThan400" storage="c:\workspaces\openkit-dotnet\tests\openkit-dotnetcore-2.0.tests\bin\release\netcoreapp2.0\openkit-dotnetcore-2.0.tests.dll" id="b91b24b9-b770-4a45-a430-8a483fd39dda"><Execution id="73f5d384-b054-4987-8417-2f655ef36028" /><TestMethod codeBase="C:\workspaces\openkit-dotnet\tests\openkit-dotnetcore-2.0.Tests\bin\Release\netcoreapp2.0\openkit-dotnetcore-2.0.Tests.dll" adapterTypeName="executor://nunit3testexecutor/" className="Dynatrace.OpenKit.Protocol.ResponseTest" name="IsErroneousResponseGivesTrueForErrorCodeGreaterThan400" /></UnitTest><UnitTest name="AValidSchemeDoesNotStartWithADigit" storage="c:\workspaces\openkit-dotnet\tests\openkit-dotnetcore-2.0.tests\bin\release\netcoreapp2.0\openkit-dotnetcore-2.0.tests.dll" id="6c07214c-2996-4310-9728-f7826319924d"><Execution id="ef8003db-bead-430d-8482-54dfd3aa6af8" /><TestMethod codeBase="C:\workspaces\openkit-dotnet\tests\openkit-dotnetcore-2.0.Tests\bin\Release\netcoreapp2.0\openkit-dotnetcore-2.0.Tests.dll" adapterTypeName="executor://nunit3testexecutor/" className="Dynatrace.OpenKit.Core.WebRequestTracerStringURLTest" name="AValidSchemeDoesNotStartWithADigit" /></UnitTest><UnitTest name="IpV6AddressHexCompressedIsValidShortestPossible" storage="c:\workspaces\openkit-dotnet\tests\openkit-dotnetcore-2.0.tests\bin\release\netcoreapp2.0\openkit-dotnetcore-2.0.tests.dll" id="1a0de50c-f5e9-4c92-8bdc-f06f28399075"><Execution id="0cc287dc-11ec-4a5f-b19d-00d06e167d6d" /><TestMethod codeBase="C:\workspaces\openkit-dotnet\tests\openkit-dotnetcore-2.0.Tests\bin\Release\netcoreapp2.0\openkit-dotnetcore-2.0.Tests.dll" adapterTypeName="executor://nunit3testexecutor/" className="Dynatrace.OpenKit.Core.Util.InetAddressValidatorTest" name="IpV6AddressHexCompressedIsValidShortestPossible" /></UnitTest><UnitTest name="IdentifyUserDoesNothingIfSessionIsEnded" storage="c:\workspaces\openkit-dotnet\tests\openkit-dotnetcore-2.0.tests\bin\release\netcoreapp2.0\openkit-dotnetcore-2.0.tests.dll" id="0f1eba29-4aba-4fbb-ba8c-71e796f34221"><Execution id="e37faeb0-c4bb-4736-ba17-4273f85f7acd" /><TestMethod codeBase="C:\workspaces\openkit-dotnet\tests\openkit-dotnetcore-2.0.Tests\bin\Release\netcoreapp2.0\openkit-dotnetcore-2.0.Tests.dll" adapterTypeName="executor://nunit3testexecutor/" className="Dynatrace.OpenKit.Core.SessionTest" name="IdentifyUserDoesNothingIfSessionIsEnded" /></UnitTest><UnitTest name="RemoveRecordsOlderThanDoesNotRemoveAnythingFromEventAndActionsBeingSent" storage="c:\workspaces\openkit-dotnet\tests\openkit-dotnetcore-2.0.tests\bin\release\netcoreapp2.0\openkit-dotnetcore-2.0.tests.dll" id="e9281acf-d9b7-4129-bde8-d3ebb6c5a484"><Execution id="aba121c5-8a1e-4311-a7f0-815dca487dbe" /><TestMethod codeBase="C:\workspaces\openkit-dotnet\tests\openkit-dotnetcore-2.0.Tests\bin\Release\netcoreapp2.0\openkit-dotnetcore-2.0.Tests.dll" adapterTypeName="executor://nunit3testexecutor/" className="Dynatrace.OpenKit.Core.Caching.BeaconCacheEntryTest" name="RemoveRecordsOlderThanDoesNotRemoveAnythingFromEventAndActionsBeingSent" /></UnitTest><UnitTest name="AValidSchemeStartsWithALetter" storage="c:\workspaces\openkit-dotnet\tests\openkit-dotnetcore-2.0.tests\bin\release\netcoreapp2.0\openkit-dotnetcore-2.0.tests.dll" id="9837b30f-5750-4911-9398-eb851e2eba78"><Execution id="6e0b2222-2272-4d14-b299-b83c6fb883fc" /><TestMethod codeBase="C:\workspaces\openkit-dotnet\tests\openkit-dotnetcore-2.0.Tests\bin\Release\netcoreapp2.0\openkit-dotnetcore-2.0.Tests.dll" adapterTypeName="executor://nunit3testexecutor/" className="Dynatrace.OpenKit.Core.WebRequestTracerStringURLTest" name="AValidSchemeStartsWithALetter" /></UnitTest><UnitTest name="ExecuteEvictionDoesNotLogIfStrategyIsDisabledAndInfoIsDisabledInLogger" storage="c:\workspaces\openkit-dotnet\tests\openkit-dotnetcore-2.0.tests\bin\release\netcoreapp2.0\openkit-dotnetcore-2.0.tests.dll" id="04e310d1-21be-4751-a275-0e70372ec0b4"><Execution id="2bd786fc-77d8-4acf-97e4-4c36453aaf83" /><TestMethod codeBase="C:\workspaces\openkit-dotnet\tests\openkit-dotnetcore-2.0.Tests\bin\Release\netcoreapp2.0\openkit-dotnetcore-2.0.Tests.dll" adapterTypeName="executor://nunit3testexecutor/" className="Dynatrace.OpenKit.Core.Caching.TimeEvicitionStrategyTest" name="ExecuteEvictionDoesNotLogIfStrategyIsDisabledAndInfoIsDisabledInLogger" /></UnitTest></TestDefinitions><TestEntries><TestEntry testId="2907039c-83e3-40a9-9431-767de85ad681" executionId="40b10036-162a-4900-baf6-aaddd8990542" testListId="8c84fa94-04c1-424b-9868-57a2d4851a1d" /><TestEntry testId="9527db21-cb97-43c0-b4a0-df4b86fc3e77" executionId="e5ae7639-47e4-4016-b75c-70e830278b34" testListId="8c84fa94-04c1-424b-9868-57a2d4851a1d" /><TestEntry testId="aaef8d5f-6185-43cb-b97c-afcdf56d72dc" executionId="ffadf10d-c48d-48f0-8544-d6d761f96528" testListId="8c84fa94-04c1-424b-9868-57a2d4851a1d" /><TestEntry testId="c6836096-fccd-441a-bfc2-29be902e976d" executionId="9ae95cd4-5f15-4240-9479-3687f51ac98c" testListId="8c84fa94-04c1-424b-9868-57a2d4851a1d" /><TestEntry testId="eb297862-3ddf-4699-9d9a-e2efe52ffceb" executionId="12d64bf9-97ff-4fb7-8f46-ca5ae743ce5a" testListId="8c84fa94-04c1-424b-9868-57a2d4851a1d" /><TestEntry testId="5455daf4-1a72-40de-a34a-5b7a69dd8965" executionId="09ba9013-9cd7-42b0-a3d3-9bbc07e932bc" testListId="8c84fa94-04c1-424b-9868-57a2d4851a1d" /><TestEntry testId="d7be2a85-6c8b-4a5c-8737-ba90f8ef0fd6" executionId="cbf30c5f-ae19-481b-9252-17492c03ced1" testListId="8c84fa94-04c1-424b-9868-57a2d4851a1d" /><TestEntry testId="d63bf3d8-a4e3-48fe-942e-6c1b5f3ae722" executionId="279fdfcc-61c9-425e-827c-250c5825493c" testListId="8c84fa94-04c1-424b-9868-57a2d4851a1d" /><TestEntry testId="a3c76983-7ceb-4d80-92f0-77f5be437e19" executionId="8e0e896b-11e9-49c9-8314-47818dc2dcff" testListId="8c84fa94-04c1-424b-9868-57a2d4851a1d" /><TestEntry testId="ea5d69a5-b947-4742-b6cf-7627cd558d0b" executionId="eb432c26-661c-4a10-a841-2925e6f265a9" testListId="8c84fa94-04c1-424b-9868-57a2d4851a1d" /><TestEntry testId="e8a67e0b-7f3f-4447-b320-b55b8764da9a" executionId="104140e4-5ff4-4072-b5a1-093ea2f32518" testListId="8c84fa94-04c1-424b-9868-57a2d4851a1d" /><TestEntry testId="a0285add-213d-4c8e-b269-d189b97d4603" executionId="3a5d26ba-f02e-4e1f-a9a3-6dfebbf389ae" testListId="8c84fa94-04c1-424b-9868-57a2d4851a1d" /><TestEntry testId="24d00cea-057b-47c4-bcb4-6cf7f347009e" executionId="4c912451-6b7c-4bf0-9cdf-d7464e44af84" testListId="8c84fa94-04c1-424b-9868-57a2d4851a1d" /><TestEntry testId="0fe41068-ab35-4989-9f9e-1c3cbd2a1faf" executionId="9907fa66-8d59-452a-9374-74dc46b2c01d" testListId="8c84fa94-04c1-424b-9868-57a2d4851a1d" /><TestEntry testId="c7c237a3-042f-43b5-a698-9bb589885cce" executionId="7cf94e90-8fe1-45e0-afc1-7f8b2ab3348c" testListId="8c84fa94-04c1-424b-9868-57a2d4851a1d" /><TestEntry testId="6ff4585f-a2bb-4377-8c40-6feec3f432dd" executionId="f171316a-ff78-4653-adce-681a5499b030" testListId="8c84fa94-04c1-424b-9868-57a2d4851a1d" /><TestEntry testId="6a488d2b-5b0d-45a4-b9aa-28960b460e52" executionId="9129c1aa-3a88-44b3-81f5-0d3282ab6460" testListId="8c84fa94-04c1-424b-9868-57a2d4851a1d" /><TestEntry testId="000711c8-f06f-4e6a-9bb0-4df97a76b201" executionId="4054c0b0-17a4-4572-812b-f64d1a87c8f9" testListId="8c84fa94-04c1-424b-9868-57a2d4851a1d" /><TestEntry testId="c9a267b9-6c45-4b26-8052-7147dbc21eb9" executionId="abb1b523-6d36-496a-a084-e8b7f5b61357" testListId="8c84fa94-04c1-424b-9868-57a2d4851a1d" /><TestEntry testId="09a15560-ee84-40b9-9ccc-eec5e53bf167" executionId="ad821aef-c60a-4130-a29f-86f002e3be74" testListId="8c84fa94-04c1-424b-9868-57a2d4851a1d" /><TestEntry testId="2f9c525b-e397-49bb-938f-b537df921bcb" executionId="bb1d4928-7d6f-4ca3-881e-fefa51545744" testListId="8c84fa94-04c1-424b-9868-57a2d4851a1d" /><TestEntry testId="2aef6513-bf27-45b4-94de-4af1de672e05" executionId="ce87a4ac-33c1-448c-b57b-5788d1206945" testListId="8c84fa94-04c1-424b-9868-57a2d4851a1d" /><TestEntry testId="63c2137e-9008-41db-889a-2110cabbf7b3" executionId="e027f787-cf0e-4746-b60c-9aed95cb0994" testListId="8c84fa94-04c1-424b-9868-57a2d4851a1d" /><TestEntry testId="d2b017f6-434c-496e-8ba0-cf63252e67b1" executionId="12b7a2ed-b5ca-4ab5-b3b8-a60535faf72c" testListId="8c84fa94-04c1-424b-9868-57a2d4851a1d" /><TestEntry testId="80d611c4-92f6-4373-a3db-9e8b745aace6" executionId="4df46525-e165-45af-a645-208548e8a75b" testListId="8c84fa94-04c1-424b-9868-57a2d4851a1d" /><TestEntry testId="831f3754-2981-4cac-b1c0-e028a6776a5f" executionId="54bc27c4-f88c-4a3b-bf85-411e86246e68" testListId="8c84fa94-04c1-424b-9868-57a2d4851a1d" /><TestEntry testId="c8345113-d3a1-4381-ba0b-fdd6b3a328a3" executionId="43a7d7e5-9761-42a4-aa06-75dc8aadb2e2" testListId="8c84fa94-04c1-424b-9868-57a2d4851a1d" /><TestEntry testId="ead75d79-e07b-4fc0-ad31-a16b558491b2" executionId="6e446606-ccab-44c9-a667-0ec3b4a13626" testListId="8c84fa94-04c1-424b-9868-57a2d4851a1d" /><TestEntry testId="0e7ca7c0-daa4-4351-8bd4-485f158d1142" executionId="17bdca43-004f-413e-a469-755525fb0415" testListId="8c84fa94-04c1-424b-9868-57a2d4851a1d" /><TestEntry testId="cfbac3dc-06fb-4d78-aba8-42b39b901643" executionId="5468ef29-5e15-4f8b-8145-7e39b010b3b7" testListId="8c84fa94-04c1-424b-9868-57a2d4851a1d" /><TestEntry testId="1a931315-1455-46cf-a765-0801754052f0" executionId="8778fb1c-fe0d-481a-ac34-03ae6e23d2a9" testListId="8c84fa94-04c1-424b-9868-57a2d4851a1d" /><TestEntry testId="742eb823-99d7-4bdc-b0aa-0537df1cac20" executionId="c233af26-8642-46b2-9882-df171f8fc63a" testListId="8c84fa94-04c1-424b-9868-57a2d4851a1d" /><TestEntry testId="c80c73a6-5e83-4192-84f2-c40524380f12" executionId="3ec919e2-9382-4be4-ab18-bdd17ebdbd91" testListId="8c84fa94-04c1-424b-9868-57a2d4851a1d" /><TestEntry testId="aa8ea5c0-ed5e-4281-aafa-8c0d974ba67f" executionId="77b23de9-50aa-4e6f-b80c-47073fdbca36" testListId="8c84fa94-04c1-424b-9868-57a2d4851a1d" /><TestEntry testId="447750bb-8eba-46f7-b4d5-54dbd564d82e" executionId="b5156d48-28e7-4424-93cb-74ef1a271390" testListId="8c84fa94-04c1-424b-9868-57a2d4851a1d" /><TestEntry testId="77a43f9a-4f22-4d45-9707-c8bf28ffb891" executionId="cb43f978-1251-4253-9101-25d416cfa2a3" testListId="8c84fa94-04c1-424b-9868-57a2d4851a1d" /><TestEntry testId="dbba4ab3-c6da-4335-bde2-24f9dccd82a9" executionId="407a3d82-2f34-4688-aa4a-02ef51c76f7b" testListId="8c84fa94-04c1-424b-9868-57a2d4851a1d" /><TestEntry testId="0235186b-4d0c-49a3-bc38-640d3accdcfe" executionId="a7404449-9ab5-4709-b5a7-b772715c3da5" testListId="8c84fa94-04c1-424b-9868-57a2d4851a1d" /><TestEntry testId="ee00c4e6-eb0e-4c5a-9b9b-a4acd31fc61a" executionId="01bce801-b2ab-4cd6-9597-b697a8639d82" testListId="8c84fa94-04c1-424b-9868-57a2d4851a1d" /><TestEntry testId="d3610e06-3f77-42de-bb21-c8be8376f7bc" executionId="beed761f-1ae1-4e1f-87b6-63719148861d" testListId="8c84fa94-04c1-424b-9868-57a2d4851a1d" /><TestEntry testId="689c05ea-96e1-4c6e-b319-3c80d46f8f0e" executionId="14104166-6dc8-4e64-b536-8182b1da0109" testListId="8c84fa94-04c1-424b-9868-57a2d4851a1d" /><TestEntry testId="082732e6-45de-4006-b7c2-417c30ece6fa" executionId="3af37413-41e3-4316-9476-da8ce8ef7c3e" testListId="8c84fa94-04c1-424b-9868-57a2d4851a1d" /><TestEntry testId="1ede4df2-dcf6-4657-96f1-73e14c43e636" executionId="68516b32-9d29-4d66-aa8a-f336f9ffc012" testListId="8c84fa94-04c1-424b-9868-57a2d4851a1d" /><TestEntry testId="23c7b7ff-be6e-464c-ac77-5a4a9061ef8c" executionId="44e4257c-2855-40fe-aea3-d83a2b9ba555" testListId="8c84fa94-04c1-424b-9868-57a2d4851a1d" /><TestEntry testId="957cb809-4ac6-408c-81cc-93d87366b654" executionId="66727236-89a5-4740-9051-e168e609faac" testListId="8c84fa94-04c1-424b-9868-57a2d4851a1d" /><TestEntry testId="5360ca7d-3725-40b4-87fc-3fc747b8a03b" executionId="ac09e720-1072-4185-97a4-e6c8b74a089b" testListId="8c84fa94-04c1-424b-9868-57a2d4851a1d" /><TestEntry testId="ee78b8e2-f398-4c5d-9455-7905a0776d32" executionId="e43e1248-e25e-4ce0-83fb-360e5f5960c2" testListId="8c84fa94-04c1-424b-9868-57a2d4851a1d" /><TestEntry testId="766e3ff0-5cd2-44c0-9c59-4c2eb2a0522f" executionId="096882b2-aa1b-4118-8227-dda3346c486a" testListId="8c84fa94-04c1-424b-9868-57a2d4851a1d" /><TestEntry testId="8472d99e-000b-4511-9571-799198d43ce8" executionId="b5ee0eda-eb7a-4435-a665-40faa94ed01d" testListId="8c84fa94-04c1-424b-9868-57a2d4851a1d" /><TestEntry testId="9471e772-5416-4278-ba9e-d005d4cf90b8" executionId="7ca2d285-1a13-495c-ae09-42cf2c5e104a" testListId="8c84fa94-04c1-424b-9868-57a2d4851a1d" /><TestEntry testId="c77a9488-8c75-43a4-9616-c3716f57e77d" executionId="20718140-3209-477a-aab8-cca790d927c3" testListId="8c84fa94-04c1-424b-9868-57a2d4851a1d" /><TestEntry testId="c741b4e2-5609-4002-a2b6-195c48fed144" executionId="3e1db01d-d19e-4f52-9346-6499d5c91467" testListId="8c84fa94-04c1-424b-9868-57a2d4851a1d" /><TestEntry testId="d87bd74d-6e17-4f3d-80f4-e99f5eb6dd6d" executionId="3f1bb4ba-e132-4b5b-9bb1-f89be6f4dec7" testListId="8c84fa94-04c1-424b-9868-57a2d4851a1d" /><TestEntry testId="7a519294-c76b-4cf8-bce3-04efaa11b8e7" executionId="748934ed-c84a-493b-ade4-691aef64cc60" testListId="8c84fa94-04c1-424b-9868-57a2d4851a1d" /><TestEntry testId="6e8a2425-bb72-4f47-ab7d-d3c5b00efcef" executionId="22ddcc74-3fe4-4953-b2e2-ef177196b60b" testListId="8c84fa94-04c1-424b-9868-57a2d4851a1d" /><TestEntry testId="22bfec7e-146c-4fee-b3bc-aa9a709a9c7d" executionId="f5f43461-e6fe-490d-b891-4126e4c41489" testListId="8c84fa94-04c1-424b-9868-57a2d4851a1d" /><TestEntry testId="7cfdf2cd-9491-49c4-b805-43a077819abe" executionId="35fe3ffd-4f90-4617-bbf8-ce5b5ea69a50" testListId="8c84fa94-04c1-424b-9868-57a2d4851a1d" /><TestEntry testId="0c00e417-112a-4d88-9e9d-bb62898cb49c" executionId="c48924ac-1da0-4208-ab75-1bd776e73b5b" testListId="8c84fa94-04c1-424b-9868-57a2d4851a1d" /><TestEntry testId="33f2b28a-56dd-4770-bcbc-ab64c6e1aca9" executionId="6840fa00-962d-49ff-9eb8-48c785b9b3f2" testListId="8c84fa94-04c1-424b-9868-57a2d4851a1d" /><TestEntry testId="443fdc24-8d45-44d6-bf3b-b40645bb5209" executionId="2e970c02-c5e2-423d-8824-4c6bd6c698be" testListId="8c84fa94-04c1-424b-9868-57a2d4851a1d" /><TestEntry testId="0f1eba29-4aba-4fbb-ba8c-71e796f34221" executionId="e37faeb0-c4bb-4736-ba17-4273f85f7acd" testListId="8c84fa94-04c1-424b-9868-57a2d4851a1d" /><TestEntry testId="479f4e44-89ae-4262-ac2b-e56e20af87bf" executionId="9a330c32-bc09-4769-861c-c899e4db82d6" testListId="8c84fa94-04c1-424b-9868-57a2d4851a1d" /><TestEntry testId="2c61b256-8f9f-4ad9-9a31-a5ec90377cb7" executionId="dc447e6f-6b41-42d4-8e88-b2d3b0803bf1" testListId="8c84fa94-04c1-424b-9868-57a2d4851a1d" /><TestEntry testId="b0ebd201-f08e-4c5e-b66b-33e6230f35f8" executionId="c2bf54ad-a6e8-4441-bbf6-dc009a2d1898" testListId="8c84fa94-04c1-424b-9868-57a2d4851a1d" /><TestEntry testId="fdf46a52-9467-4f2f-a8b5-2605f0882fbc" executionId="c3c4d5c9-7275-48c6-8cb4-72d95b408796" testListId="8c84fa94-04c1-424b-9868-57a2d4851a1d" /><TestEntry testId="aaf398c0-6c55-48b6-aa1c-5f8c53452153" executionId="4843b98b-bfb1-460f-b17b-76869bcef8f5" testListId="8c84fa94-04c1-424b-9868-57a2d4851a1d" /><TestEntry testId="f8846e0a-aa24-4ea2-98c4-9f344241c96c" executionId="c9802683-caad-430c-b579-d2bcf8f0661e" testListId="8c84fa94-04c1-424b-9868-57a2d4851a1d" /><TestEntry testId="bc69ef66-8604-40a5-b756-e9a0b1fb7f0a" executionId="3b2764a9-6b06-4ad6-817b-af09d36d450d" testListId="8c84fa94-04c1-424b-9868-57a2d4851a1d" /><TestEntry testId="6629693a-68ac-476c-8ce2-f1e438375ecc" executionId="ce7287b0-7d4d-4754-9fbf-454eeaafdef2" testListId="8c84fa94-04c1-424b-9868-57a2d4851a1d" /><TestEntry testId="ee145ad1-d58d-4c91-9e8e-6598ede6a114" executionId="3f45cb83-a736-4624-96dc-c03ac4b6ff08" testListId="8c84fa94-04c1-424b-9868-57a2d4851a1d" /><TestEntry testId="dac46caf-e002-4d61-a2dc-ccb119c79326" executionId="9e2c885f-6ec8-435d-b11d-b82f79707acc" testListId="8c84fa94-04c1-424b-9868-57a2d4851a1d" /><TestEntry testId="ff030ab6-a037-4d8b-865c-be71edd33c52" executionId="4051e144-35af-4ef7-b971-9f4396660130" testListId="8c84fa94-04c1-424b-9868-57a2d4851a1d" /><TestEntry testId="0db05ea3-8be6-4937-807e-6f47ff10bec9" executionId="3d4de910-8491-4423-801b-88a4a7f46a84" testListId="8c84fa94-04c1-424b-9868-57a2d4851a1d" /><TestEntry testId="45403b39-7731-4085-ad2f-825c5b1b51e1" executionId="a9d455cb-270f-42b5-a9f6-025bd5b50cd2" testListId="8c84fa94-04c1-424b-9868-57a2d4851a1d" /><TestEntry testId="f48576fd-0a4e-4d91-9302-75c273f2f0e7" executionId="5753b2c7-464d-4ec8-aa33-9fa458a5aefe" testListId="8c84fa94-04c1-424b-9868-57a2d4851a1d" /><TestEntry testId="877ec004-3820-428e-80d1-9390129603a6" executionId="7a7fca50-c40b-47b6-ac69-ba8eaeaf82db" testListId="8c84fa94-04c1-424b-9868-57a2d4851a1d" /><TestEntry testId="7a08a5dd-2e5d-452c-9abf-e8aba06b07c1" executionId="05985eb1-b72e-4028-bb39-e478bfc316b0" testListId="8c84fa94-04c1-424b-9868-57a2d4851a1d" /><TestEntry testId="e61f562e-b858-45d5-a2f5-39a6a38b130e" executionId="7a37f0c4-b18b-4211-a1b3-665b6c12b416" testListId="8c84fa94-04c1-424b-9868-57a2d4851a1d" /><TestEntry testId="e2d66108-6928-4354-8fc5-1e242d4956f1" executionId="d4803b8e-d617-4872-9b72-15530a2ca833" testListId="8c84fa94-04c1-424b-9868-57a2d4851a1d" /><TestEntry testId="49e68984-159a-4b94-8785-aeaffd62aa67" executionId="faed58b2-cff1-4f03-b9b3-f2eac2a41f54" testListId="8c84fa94-04c1-424b-9868-57a2d4851a1d" /><TestEntry testId="762bd403-d2ea-49fd-9ce1-6e2487dd3636" executionId="db39f465-10d6-4eb8-beb2-c9046e86e3e8" testListId="8c84fa94-04c1-424b-9868-57a2d4851a1d" /><TestEntry testId="e745bd0f-5756-4049-9ad6-b7fa2e772cec" executionId="27ad9500-345b-4e4a-ba3e-cfa1c90735e6" testListId="8c84fa94-04c1-424b-9868-57a2d4851a1d" /><TestEntry testId="bd3778b8-ed14-4604-b05c-02ec8665bf42" executionId="d99bb3ba-0e97-4b4a-9388-ef19bb9be8d3" testListId="8c84fa94-04c1-424b-9868-57a2d4851a1d" /><TestEntry testId="db535aab-bc26-4fa9-ade8-24479f41252d" executionId="111ed482-dc38-45a8-9bef-3886f88af63c" testListId="8c84fa94-04c1-424b-9868-57a2d4851a1d" /><TestEntry testId="d288fd53-ad4b-486a-aec6-038d627e2300" executionId="34290e4e-60f2-4645-b61b-f8c40e6a17de" testListId="8c84fa94-04c1-424b-9868-57a2d4851a1d" /><TestEntry testId="944da05b-01fa-4948-9f44-6c11919f0b18" executionId="8d49df69-0962-4958-8824-43df80276fca" testListId="8c84fa94-04c1-424b-9868-57a2d4851a1d" /><TestEntry testId="8d2d5f31-6d26-4efb-a2a1-450c5aada6fc" executionId="546743af-b933-4835-85a0-3ecf7fc653d8" testListId="8c84fa94-04c1-424b-9868-57a2d4851a1d" /><TestEntry testId="9c23dd58-5035-4f66-a5d8-ce8979f34bee" executionId="546cf38f-091a-4722-9951-24ffa17ddc46" testListId="8c84fa94-04c1-424b-9868-57a2d4851a1d" /><TestEntry testId="4ed01bb1-bb3f-4312-92ae-8d0bf3e48b33" executionId="98d46c01-ab3b-47d4-82b2-2378d59ee9e3" testListId="8c84fa94-04c1-424b-9868-57a2d4851a1d" /><TestEntry testId="619c6aa3-a39d-4c2a-84ea-bef7de9669ee" executionId="e339d28e-503e-4a95-9c40-60930f5683da" testListId="8c84fa94-04c1-424b-9868-57a2d4851a1d" /><TestEntry testId="c9d4a64f-bd04-4ae0-af62-c6ed0191fa2f" executionId="024e13c8-08c5-4a7b-9ede-d08efa7f9cce" testListId="8c84fa94-04c1-424b-9868-57a2d4851a1d" /><TestEntry testId="7273e4f7-5805-499a-a529-986b38b59514" executionId="20035020-5747-4eee-9451-a17f8af65771" testListId="8c84fa94-04c1-424b-9868-57a2d4851a1d" /><TestEntry testId="49f410b7-151c-4c48-beb9-d4991ada9c89" executionId="29a71425-3163-4328-bf73-ae06c75acf29" testListId="8c84fa94-04c1-424b-9868-57a2d4851a1d" /><TestEntry testId="e9018f21-3198-4f92-a3fa-bd60b3dd65a5" executionId="fc7a1b89-5188-4869-a458-d9f28d8ed0cd" testListId="8c84fa94-04c1-424b-9868-57a2d4851a1d" /><TestEntry testId="4a8f59da-34cc-46b9-b0e3-68e3b24dc8a6" executionId="72d5a9fb-3352-44da-923b-fd0365055575" testListId="8c84fa94-04c1-424b-9868-57a2d4851a1d" /><TestEntry testId="edadd5d8-61fc-4b0b-ba4c-9d792fe1fb8d" executionId="12a84693-bded-461c-888d-9ce147faeec6" testListId="8c84fa94-04c1-424b-9868-57a2d4851a1d" /><TestEntry testId="a0cd24f9-3f12-4052-90dc-e9a7f94363ce" executionId="db3be422-fd3d-4624-91cb-c8a89c781c96" testListId="8c84fa94-04c1-424b-9868-57a2d4851a1d" /><TestEntry testId="0fa33fac-1b29-4d71-b4b2-ba1905671c40" executionId="67bd24fb-dcae-4c64-a122-8d926d5c5874" testListId="8c84fa94-04c1-424b-9868-57a2d4851a1d" /><TestEntry testId="5ac92422-4544-4180-a734-cf5c94f08f57" executionId="c1b6d425-3ae1-4ab1-9925-ea3c53fa0937" testListId="8c84fa94-04c1-424b-9868-57a2d4851a1d" /><TestEntry testId="9ab67ceb-e873-4b03-84f1-3a94c025c001" executionId="8c6ca5b3-4473-4d69-ba17-a98635734422" testListId="8c84fa94-04c1-424b-9868-57a2d4851a1d" /><TestEntry testId="fd4d899d-1c0a-4bac-a491-c08b816f8f48" executionId="5ca3ca95-251e-4d8d-8d89-01fc239ad98e" testListId="8c84fa94-04c1-424b-9868-57a2d4851a1d" /><TestEntry testId="8a82a131-9886-474e-a54b-29c303784ed4" executionId="ac1c5a55-b1d8-4ae1-abb7-764d4557de72" testListId="8c84fa94-04c1-424b-9868-57a2d4851a1d" /><TestEntry testId="04bece06-59fe-4e39-842e-a17cf22372fd" executionId="972cf0d4-1856-4c1b-bf1f-aeb352dd6f0b" testListId="8c84fa94-04c1-424b-9868-57a2d4851a1d" /><TestEntry testId="b7e96928-26cb-48e8-8493-bc344440cb23" executionId="e6f420ca-c110-4f6d-ac1c-d44f2216211a" testListId="8c84fa94-04c1-424b-9868-57a2d4851a1d" /><TestEntry testId="04bd0c18-08aa-48e1-b02e-22769e6e82ec" executionId="ce21d117-c3ac-43ee-acdc-5d45146a544a" testListId="8c84fa94-04c1-424b-9868-57a2d4851a1d" /><TestEntry testId="1a0de50c-f5e9-4c92-8bdc-f06f28399075" executionId="0cc287dc-11ec-4a5f-b19d-00d06e167d6d" testListId="8c84fa94-04c1-424b-9868-57a2d4851a1d" /><TestEntry testId="5ea925fe-7611-4bf0-93da-53a087a3334f" executionId="8d86ce77-5417-4f47-a91a-88e3418895d7" testListId="8c84fa94-04c1-424b-9868-57a2d4851a1d" /><TestEntry testId="3655bf2b-7e21-4474-a230-51c5a7d4087f" executionId="c26a60c7-2261-4d73-bfd2-b2c2a3bc39ec" testListId="8c84fa94-04c1-424b-9868-57a2d4851a1d" /><TestEntry testId="20837ced-96ef-488b-bf4d-b9bd9696fec1" executionId="05d38b77-b8a2-42b4-8466-924857e82661" testListId="8c84fa94-04c1-424b-9868-57a2d4851a1d" /><TestEntry testId="f3c1ea27-6b2e-45dc-82a4-2de7f278ce6d" executionId="ee24a011-5ffd-459f-b517-97c2523dba6c" testListId="8c84fa94-04c1-424b-9868-57a2d4851a1d" /><TestEntry testId="24c2fade-3237-4f01-833b-7d6b37eb462c" executionId="8f8e62ce-fa76-4cb4-80fc-8bd4bca552e7" testListId="8c84fa94-04c1-424b-9868-57a2d4851a1d" /><TestEntry testId="ac40a971-a632-4f81-9204-040cf1e23bf1" executionId="35bdb87a-0c64-441a-8f7f-4335c00da776" testListId="8c84fa94-04c1-424b-9868-57a2d4851a1d" /><TestEntry testId="1b5bd42b-0e2f-4390-98d4-d95cba8bd504" executionId="c4671d6c-783f-4ccd-8a1a-9a1ab3e2f03f" testListId="8c84fa94-04c1-424b-9868-57a2d4851a1d" /><TestEntry testId="acee9cc4-4491-440e-a2a0-ef74ab03156d" executionId="270ab264-d689-4830-ae2c-4bb95b6e3ad5" testListId="8c84fa94-04c1-424b-9868-57a2d4851a1d" /><TestEntry testId="2d9f29ab-4f30-465a-b57d-92a514697643" executionId="657e8d11-3076-4d39-884b-769e3fae898d" testListId="8c84fa94-04c1-424b-9868-57a2d4851a1d" /><TestEntry testId="fe2730ac-ac57-4738-bda8-5a7b00b78b4e" executionId="87764993-2f44-48df-bfbc-431ffa0604b3" testListId="8c84fa94-04c1-424b-9868-57a2d4851a1d" /><TestEntry testId="c52ee9fa-c33d-4c70-88e0-b175063981eb" executionId="625657b5-b4a3-4ac3-8c47-517fbee969d0" testListId="8c84fa94-04c1-424b-9868-57a2d4851a1d" /><TestEntry testId="96dd2989-0d5e-4748-a825-125b784c8116" executionId="fdfc9432-771b-4321-9bc4-94776e067a04" testListId="8c84fa94-04c1-424b-9868-57a2d4851a1d" /><TestEntry testId="04e310d1-21be-4751-a275-0e70372ec0b4" executionId="2bd786fc-77d8-4acf-97e4-4c36453aaf83" testListId="8c84fa94-04c1-424b-9868-57a2d4851a1d" /><TestEntry testId="bbe7264b-6a9f-4e5f-b187-8076de8122fe" executionId="32518501-a902-4ed3-a219-6ce3a094c538" testListId="8c84fa94-04c1-424b-9868-57a2d4851a1d" /><TestEntry testId="84569069-a643-42f2-966e-95048d931824" executionId="121682b0-caba-45b6-9aee-c44eda02ffd2" testListId="8c84fa94-04c1-424b-9868-57a2d4851a1d" /><TestEntry testId="6fb8885f-a5d7-4ef9-aae7-d1121424781a" executionId="279d65a8-f924-4a53-a1c1-e117ff9de8dc" testListId="8c84fa94-04c1-424b-9868-57a2d4851a1d" /><TestEntry testId="01c5e4c1-c877-4bdb-8a3c-1d9082b678a1" executionId="48c98cb1-dce3-47be-8a35-faee16baad5f" testListId="8c84fa94-04c1-424b-9868-57a2d4851a1d" /><TestEntry testId="66a0bcec-3e36-4ac5-9cd5-46e13b402c7a" executionId="9b8e8155-13b7-453a-987f-087c43588ecb" testListId="8c84fa94-04c1-424b-9868-57a2d4851a1d" /><TestEntry testId="cba6ac66-6433-4e96-9a88-c49fdd06de97" executionId="56973dc3-f421-4cca-95b2-93445ba3c3a7" testListId="8c84fa94-04c1-424b-9868-57a2d4851a1d" /><TestEntry testId="fd629dda-b40b-4a00-92e4-3d522fdba358" executionId="492c7b59-7848-4974-a7d7-c6fe0feba4bf" testListId="8c84fa94-04c1-424b-9868-57a2d4851a1d" /><TestEntry testId="d2187705-cddc-4e28-a405-3512569e1b49" executionId="9066163d-ffb2-4e5c-a964-eef160a62a2f" testListId="8c84fa94-04c1-424b-9868-57a2d4851a1d" /><TestEntry testId="4aab1648-190f-436d-ad8e-bcc11c447f7f" executionId="96ee09ab-0e6c-4cef-b5a3-638141b02eef" testListId="8c84fa94-04c1-424b-9868-57a2d4851a1d" /><TestEntry testId="dc4e69f0-5bbd-4c46-b155-d73119d72265" executionId="697e0bd7-1499-4040-8183-8c009b33973f" testListId="8c84fa94-04c1-424b-9868-57a2d4851a1d" /><TestEntry testId="769584e7-6fa1-4167-993c-25f8be407d45" executionId="b687dc47-7b07-431c-a3fa-218b7ae0929f" testListId="8c84fa94-04c1-424b-9868-57a2d4851a1d" /><TestEntry testId="9b2198fa-2e9a-4cbf-ae76-bfc396086cce" executionId="dad92ccb-7636-418d-a1de-7964c41abdd3" testListId="8c84fa94-04c1-424b-9868-57a2d4851a1d" /><TestEntry testId="1e12697b-63eb-41a4-8e16-a35eac3c70ec" executionId="66351aad-d64a-4ab7-b27d-b512558dea41" testListId="8c84fa94-04c1-424b-9868-57a2d4851a1d" /><TestEntry testId="f7566b0e-2451-48a4-9208-76d5a798fbdd" executionId="d3622b73-563c-40f4-9f30-d04f29296733" testListId="8c84fa94-04c1-424b-9868-57a2d4851a1d" /><TestEntry testId="20c5cd92-5708-4d0a-ae66-23f7a1036680" executionId="52c5b70c-c6a7-4fde-946c-4ea79149e891" testListId="8c84fa94-04c1-424b-9868-57a2d4851a1d" /><TestEntry testId="6fc870a8-0385-41a1-ae65-caf754431123" executionId="733268cd-cf56-4ed1-bec1-6a261ab88ccf" testListId="8c84fa94-04c1-424b-9868-57a2d4851a1d" /><TestEntry testId="349a1695-9e17-46e0-acd2-a5ffdfa29348" executionId="7d8a90eb-66b5-4b91-bbf8-b801dff2b2ba" testListId="8c84fa94-04c1-424b-9868-57a2d4851a1d" /><TestEntry testId="fc0624ea-5738-40a8-b36a-077641eb6dfa" executionId="0a2ec777-fdc9-4d87-b9c1-c16db6847d41" testListId="8c84fa94-04c1-424b-9868-57a2d4851a1d" /><TestEntry testId="6669b88e-1c9c-4bd0-968b-37722975b90f" executionId="1f653cd6-04ac-471f-a8b7-3f94c518fe67" testListId="8c84fa94-04c1-424b-9868-57a2d4851a1d" /><TestEntry testId="89a49082-4382-4fa8-9f0f-8868163981fa" executionId="a0900873-846f-4d9b-899a-b7b3e1a45066" testListId="8c84fa94-04c1-424b-9868-57a2d4851a1d" /><TestEntry testId="f8613417-44ef-4b19-9605-a3d42d0bf293" executionId="9df66cb8-5dfb-439f-bb4e-16fb10bca909" testListId="8c84fa94-04c1-424b-9868-57a2d4851a1d" /><TestEntry testId="ec8f2e29-92e5-4a49-9a79-e8885008a675" executionId="1bffc5c5-82e9-4f91-8481-49fe9899e431" testListId="8c84fa94-04c1-424b-9868-57a2d4851a1d" /><TestEntry testId="6765732f-5096-43ee-bc40-20ac1f33786c" executionId="bceb7c45-5bbc-4a73-97e6-38e7317d9930" testListId="8c84fa94-04c1-424b-9868-57a2d4851a1d" /><TestEntry testId="3f5f8054-aefa-4ddf-acb0-687fd7e2536a" executionId="e1fc1074-fa01-451a-8edc-e839d6315e17" testListId="8c84fa94-04c1-424b-9868-57a2d4851a1d" /><TestEntry testId="de2203d2-49eb-4b4f-b273-62420390d33d" executionId="1c0a9cd2-e0b5-41e5-9678-f3dfce093d92" testListId="8c84fa94-04c1-424b-9868-57a2d4851a1d" /><TestEntry testId="62c23afe-79b6-4f13-854d-9a294ead6ff8" executionId="629d546a-1786-4e85-ad4e-4a403276aad6" testListId="8c84fa94-04c1-424b-9868-57a2d4851a1d" /><TestEntry testId="1b1d1bee-dd84-4c4b-a348-8fa0d345731d" executionId="2c4108e4-62de-4adb-92da-693dc0276ddc" testListId="8c84fa94-04c1-424b-9868-57a2d4851a1d" /><TestEntry testId="5c5b84b6-7ad5-4abd-9235-5f3039a73fca" executionId="46dee587-92ea-4d4b-a8ed-cde53a24ad06" testListId="8c84fa94-04c1-424b-9868-57a2d4851a1d" /><TestEntry testId="34c6bdd7-85f7-4432-b436-3b41bf1f5897" executionId="7356632b-97d4-40d0-8403-65fca9dd31f1" testListId="8c84fa94-04c1-424b-9868-57a2d4851a1d" /><TestEntry testId="d789d9e1-88be-44af-a109-36f3013aea84" executionId="4e73aae8-9484-4583-8868-104b34b21017" testListId="8c84fa94-04c1-424b-9868-57a2d4851a1d" /><TestEntry testId="f95e457f-695c-403a-94df-fc5253d96c5d" executionId="68510713-9aa2-465e-999b-253aa94fb2b5" testListId="8c84fa94-04c1-424b-9868-57a2d4851a1d" /><TestEntry testId="ca02e348-5361-4e27-944c-5096d82a0c08" executionId="3f06ae9c-ffb6-4804-90b7-35566ec3b50d" testListId="8c84fa94-04c1-424b-9868-57a2d4851a1d" /><TestEntry testId="2e3fd696-4623-4389-a19c-763d445c8b76" executionId="7733eb25-1aab-4015-a56a-7708f2682119" testListId="8c84fa94-04c1-424b-9868-57a2d4851a1d" /><TestEntry testId="d17441ad-6ea2-4a1c-9785-ae2e79c52f08" executionId="49cddfcf-8d75-40bc-9fdc-1c1ed402cc74" testListId="8c84fa94-04c1-424b-9868-57a2d4851a1d" /><TestEntry testId="274a3699-6f7e-4682-a38e-2ee99330bd70" executionId="13e84896-141f-4e40-a5fc-97851292762f" testListId="8c84fa94-04c1-424b-9868-57a2d4851a1d" /><TestEntry testId="f2b2b380-a4bf-403c-9ad6-fc52394a0319" executionId="e572a24e-ed91-48f2-9ad1-89eacffa699b" testListId="8c84fa94-04c1-424b-9868-57a2d4851a1d" /><TestEntry testId="872e9145-a603-4989-b043-4d055bae9e5e" executionId="7dc73922-a5ad-4359-afc1-bed264c47ab2" testListId="8c84fa94-04c1-424b-9868-57a2d4851a1d" /><TestEntry testId="a7ea0969-0a7a-4f48-a59f-2f9e8958c6fc" executionId="25e71161-db5a-4647-86fe-a12e1acfcb0f" testListId="8c84fa94-04c1-424b-9868-57a2d4851a1d" /><TestEntry testId="c0fbeb91-d078-459c-842a-067257f26c7b" executionId="090e65ab-a665-4ce3-bbce-1fdfb998b469" testListId="8c84fa94-04c1-424b-9868-57a2d4851a1d" /><TestEntry testId="7f9e3622-f20a-4bd1-8d74-5b08c7fea5e5" executionId="c5178cc5-0ef3-454e-9d5c-a4d7a5cbdb54" testListId="8c84fa94-04c1-424b-9868-57a2d4851a1d" /><TestEntry testId="26a41392-63cb-4196-8138-326b153f4f0e" executionId="eac95f5d-9920-49d3-942a-86d08183da1b" testListId="8c84fa94-04c1-424b-9868-57a2d4851a1d" /><TestEntry testId="a0a88de8-7e92-4a8c-b1e9-3ef7da5ef7c4" executionId="2f60fd27-a0f2-4367-9388-eaaaafb8a1d8" testListId="8c84fa94-04c1-424b-9868-57a2d4851a1d" /><TestEntry testId="6be92985-6b02-4f82-bc8b-3e8750370033" executionId="99884f22-baa8-432a-a075-8697874d1a71" testListId="8c84fa94-04c1-424b-9868-57a2d4851a1d" /><TestEntry testId="bb1616c5-35c3-4702-8a87-cdff3908761f" executionId="d07cb9ce-3227-4d10-a642-ca90b04ca727" testListId="8c84fa94-04c1-424b-9868-57a2d4851a1d" /><TestEntry testId="1d6ced1e-2960-41ce-b83f-1c9de5aef1bd" executionId="512eb39a-f607-4a42-8be9-d041674035e0" testListId="8c84fa94-04c1-424b-9868-57a2d4851a1d" /><TestEntry testId="11adb1be-f1cd-4b80-86fd-08a766e0ebb5" executionId="3b1f6430-200a-4979-a6b0-27fa908965d4" testListId="8c84fa94-04c1-424b-9868-57a2d4851a1d" /><TestEntry testId="7fc63727-ef92-4705-9be7-40c6efe1be21" executionId="7ae21e4d-b119-4bfe-bfcd-8384dc8f2124" testListId="8c84fa94-04c1-424b-9868-57a2d4851a1d" /><TestEntry testId="9e7086e0-3ebd-4c6e-b143-71abc7681d71" executionId="7caaa796-afbe-492b-80af-0c68b4369dc5" testListId="8c84fa94-04c1-424b-9868-57a2d4851a1d" /><TestEntry testId="5b708976-c866-4a4c-bbfd-07fb67bf2612" executionId="9aa078bc-b270-40b1-8365-77b3b75b2797" testListId="8c84fa94-04c1-424b-9868-57a2d4851a1d" /><TestEntry testId="aa0adec3-c90e-4b10-9832-197a79da3023" executionId="2390a6af-675a-461e-a531-89050b9dda0c" testListId="8c84fa94-04c1-424b-9868-57a2d4851a1d" /><TestEntry testId="89b1d195-a2b7-4348-bb7e-1c7f7aaef009" executionId="21c1c147-f5e6-40c7-b86d-4c08ea171980" testListId="8c84fa94-04c1-424b-9868-57a2d4851a1d" /><TestEntry testId="de5f7c13-940f-49cf-b34a-76c3993e2614" executionId="e1393d2d-30cb-4dc9-8121-67f365e712ae" testListId="8c84fa94-04c1-424b-9868-57a2d4851a1d" /><TestEntry testId="f7ad3e10-6ce2-48b1-813e-afbc4c7bf486" executionId="ab06c14f-6956-4ff2-a1c2-f3fc09bf28b0" testListId="8c84fa94-04c1-424b-9868-57a2d4851a1d" /><TestEntry testId="3dcb0ff6-23fe-4ef1-bfb9-92d9a6428f38" executionId="35054f96-8b80-4bca-9d0e-d159f8f6891d" testListId="8c84fa94-04c1-424b-9868-57a2d4851a1d" /><TestEntry testId="d11282f6-3f98-4d6f-8fd0-f185dc595187" executionId="aa3bbaae-2b5b-40d1-92e5-0710f5b88ed9" testListId="8c84fa94-04c1-424b-9868-57a2d4851a1d" /><TestEntry testId="73c0a737-396a-4368-a740-542d2992f641" executionId="529c71f6-3863-42d8-9f29-ebfcc149fbd6" testListId="8c84fa94-04c1-424b-9868-57a2d4851a1d" /><TestEntry testId="674df213-9a67-47b9-a923-f5a74d56c6dd" executionId="91e2cae6-6719-4e7f-bee2-6c1d3674f78b" testListId="8c84fa94-04c1-424b-9868-57a2d4851a1d" /><TestEntry testId="cadd6b77-0b5b-41c9-982d-5349c8002fd2" executionId="ed58c088-f344-43b1-a8b7-271bda01706c" testListId="8c84fa94-04c1-424b-9868-57a2d4851a1d" /><TestEntry testId="d19b7645-3435-413d-8a35-1d530f50bb0c" executionId="9cbd9858-2b26-456a-8f3e-25f51a3991d8" testListId="8c84fa94-04c1-424b-9868-57a2d4851a1d" /><TestEntry testId="d18fb38a-768a-4acc-9b3f-388fc2c75829" executionId="acd79dc7-c5f1-4df4-8c2c-a237adf1dc65" testListId="8c84fa94-04c1-424b-9868-57a2d4851a1d" /><TestEntry testId="118dc1fe-dda8-4520-b84e-e78387de043e" executionId="d01b9209-0ba7-45e2-8fd0-0cbd6068162e" testListId="8c84fa94-04c1-424b-9868-57a2d4851a1d" /><TestEntry testId="c38f811d-f14d-42dd-9b5d-241bc469d626" executionId="5a98caca-6d63-4484-a64f-ac6c3ba5715f" testListId="8c84fa94-04c1-424b-9868-57a2d4851a1d" /><TestEntry testId="3a662a7b-dad9-4866-a17f-496a1b27bc8e" executionId="dd58419a-018a-48d1-84fa-e4d15d7ccc8c" testListId="8c84fa94-04c1-424b-9868-57a2d4851a1d" /><TestEntry testId="39e4ff8e-a93a-4718-8310-74b792119150" executionId="7cc9ad51-9c64-4c85-ae33-97a6c5ac7151" testListId="8c84fa94-04c1-424b-9868-57a2d4851a1d" /><TestEntry testId="bf9e62ca-6747-4100-9cab-f81fb4b85f66" executionId="970eb7c5-3168-4b7b-b72b-938df511595e" testListId="8c84fa94-04c1-424b-9868-57a2d4851a1d" /><TestEntry testId="e742b275-1e88-40cf-8b7c-b18297473004" executionId="adc68711-980e-4237-bdb2-5af0dcb54597" testListId="8c84fa94-04c1-424b-9868-57a2d4851a1d" /><TestEntry testId="007a7c4e-57db-4403-916b-2d63f42a665e" executionId="8d7c8468-1987-42ac-9387-9729c012961d" testListId="8c84fa94-04c1-424b-9868-57a2d4851a1d" /><TestEntry testId="1a34426d-a3cb-438d-8441-e97fa1034430" executionId="899406c0-87db-4f76-a580-30213525a441" testListId="8c84fa94-04c1-424b-9868-57a2d4851a1d" /><TestEntry testId="5996926a-3a38-4cca-b6e1-a91110135b50" executionId="6f4667fd-d8d3-4bca-aae8-dbaf405d49de" testListId="8c84fa94-04c1-424b-9868-57a2d4851a1d" /><TestEntry testId="71dec3be-d689-4033-9720-38a08b0f0e1d" executionId="b2e853e9-f7ce-4b62-b56d-42f16db8cb3c" testListId="8c84fa94-04c1-424b-9868-57a2d4851a1d" /><TestEntry testId="6a5d1833-fcf8-420d-8797-9282e033a12e" executionId="470a0632-27e6-4dba-be70-eb711b07cb42" testListId="8c84fa94-04c1-424b-9868-57a2d4851a1d" /><TestEntry testId="807d9478-a041-4195-a9ea-09efc5d9faf9" executionId="f6f9695a-6521-427b-91fa-3b0c3378ca88" testListId="8c84fa94-04c1-424b-9868-57a2d4851a1d" /><TestEntry testId="3371da66-089d-4c50-aa52-761c800ff24b" executionId="89b6ed07-d752-473c-9a5e-e664a8b7ea0e" testListId="8c84fa94-04c1-424b-9868-57a2d4851a1d" /><TestEntry testId="43a88ceb-4c05-41d1-87d1-130ca61c8f0b" executionId="4ff2c604-ccb4-4ae8-94bb-01ff206861f7" testListId="8c84fa94-04c1-424b-9868-57a2d4851a1d" /><TestEntry testId="021ec014-4edc-47e9-b152-43bdce696470" executionId="b225ef0b-0531-4b8a-9540-fec4de029150" testListId="8c84fa94-04c1-424b-9868-57a2d4851a1d" /><TestEntry testId="9c2f80be-fbea-43f0-8d3b-50f80548dd29" executionId="6ba12806-10d4-4df2-b79c-a3e7f03f9ee1" testListId="8c84fa94-04c1-424b-9868-57a2d4851a1d" /><TestEntry testId="a8963bb1-386c-4b08-ade2-a62d632a6465" executionId="f6304b14-5965-4c09-a49b-5a975de058dd" testListId="8c84fa94-04c1-424b-9868-57a2d4851a1d" /><TestEntry testId="9d07d0e9-9bc2-454e-a601-b15de4817f84" executionId="aa715aba-2ddb-4c1a-95d0-64bcd31c70f7" testListId="8c84fa94-04c1-424b-9868-57a2d4851a1d" /><TestEntry testId="4c076d7c-75d0-40a1-a1cf-e827bcd894c4" executionId="b3b61eaf-4362-42a2-b2f5-963a939e37a0" testListId="8c84fa94-04c1-424b-9868-57a2d4851a1d" /><TestEntry testId="6524b04e-46e5-426a-b3fe-d5e5ba0461ac" executionId="c66d9764-6de5-4a99-ad8e-9fd24de5ac97" testListId="8c84fa94-04c1-424b-9868-57a2d4851a1d" /><TestEntry testId="87cd3276-e951-4a21-a2ef-b93ad2bce41f" executionId="ac723480-eb10-4252-a77e-2bf9d13f777c" testListId="8c84fa94-04c1-424b-9868-57a2d4851a1d" /><TestEntry testId="02832740-de34-4414-b213-33fcd07f2620" executionId="8180b8fc-1d16-4e73-9f7e-4b1861a11005" testListId="8c84fa94-04c1-424b-9868-57a2d4851a1d" /><TestEntry testId="a1f47748-0640-4231-86a1-8db78466519e" executionId="a47f4490-c640-4567-b296-544f79eab6cb" testListId="8c84fa94-04c1-424b-9868-57a2d4851a1d" /><TestEntry testId="d51d58ed-2496-4ae6-8f98-a596baff50f8" executionId="47e31b7f-e833-43e6-8f2a-f9999b6424b7" testListId="8c84fa94-04c1-424b-9868-57a2d4851a1d" /><TestEntry testId="f36c2117-551c-4282-9078-3ea1eb0f1ae8" executionId="ed840113-cca0-422c-81d2-5d99f907bbc5" testListId="8c84fa94-04c1-424b-9868-57a2d4851a1d" /><TestEntry testId="b90f97d7-4dbc-49ff-b318-db5bace275a2" executionId="e406d37f-ad8f-4d6a-92a2-624ed8721ded" testListId="8c84fa94-04c1-424b-9868-57a2d4851a1d" /><TestEntry testId="bddacb2b-69de-4e22-987b-25e6081ce5e3" executionId="fa936133-a4fe-4616-a44c-0e526a16d58a" testListId="8c84fa94-04c1-424b-9868-57a2d4851a1d" /><TestEntry testId="5cb1a5fa-8fdb-4099-938d-54411ea96376" executionId="67b8e2bf-5bd8-407f-a6df-fadba7a293e1" testListId="8c84fa94-04c1-424b-9868-57a2d4851a1d" /><TestEntry testId="a53db3f4-917a-4423-8f4e-cd194efde68f" executionId="6d9ade87-6b7f-49ed-b769-13845a612910" testListId="8c84fa94-04c1-424b-9868-57a2d4851a1d" /><TestEntry testId="8782cc01-425f-4c86-b4b7-59ec51547f78" executionId="5ff83ec5-a0e3-4838-9b12-ee25f5145e73" testListId="8c84fa94-04c1-424b-9868-57a2d4851a1d" /><TestEntry testId="cb5f21a8-2130-4425-97cf-e3d533ab01fd" executionId="f024a23c-caf0-450c-bd65-7828f025bdde" testListId="8c84fa94-04c1-424b-9868-57a2d4851a1d" /><TestEntry testId="0a42bf22-718c-44b1-9d17-192c7386f5b3" executionId="e61ec841-a2af-4066-938b-b9fe59b12270" testListId="8c84fa94-04c1-424b-9868-57a2d4851a1d" /><TestEntry testId="0dfb8524-e75f-4b09-b8b3-d00cc2838342" executionId="aeadadfb-b073-4c96-b722-502a654d89ac" testListId="8c84fa94-04c1-424b-9868-57a2d4851a1d" /><TestEntry testId="5a0a131f-f1bf-470d-abdc-02b99dd7a938" executionId="799fa45b-5e6e-43f2-99e7-56092b4661fe" testListId="8c84fa94-04c1-424b-9868-57a2d4851a1d" /><TestEntry testId="0c3f1e30-db8c-4da0-8a3a-32731bb60883" executionId="75562d68-8844-42a9-8c02-628b9e8e274e" testListId="8c84fa94-04c1-424b-9868-57a2d4851a1d" /><TestEntry testId="8aaff4ed-90b0-4004-b845-4bcc6c99d5d0" executionId="6fe098bc-e179-4561-92c6-027b225ef97d" testListId="8c84fa94-04c1-424b-9868-57a2d4851a1d" /><TestEntry testId="3ca5da04-2771-4862-a8d0-25460333171e" executionId="21033070-28cc-47ad-8e3f-7c1f60e26622" testListId="8c84fa94-04c1-424b-9868-57a2d4851a1d" /><TestEntry testId="3f551866-7a80-4f00-91f5-af761e269b5a" executionId="5e67e497-4ffd-49b7-9ff3-a1164a3d63b5" testListId="8c84fa94-04c1-424b-9868-57a2d4851a1d" /><TestEntry testId="4e8ea7fd-6323-4970-9320-7a886ac2e991" executionId="d01fbce6-b922-4022-8cef-172050c6dd0e" testListId="8c84fa94-04c1-424b-9868-57a2d4851a1d" /><TestEntry testId="f41f242e-2bc4-4ab1-9ba7-61c1b69e0f45" executionId="0730c3f2-0e84-4bd2-81f8-c70e9ff2f4c1" testListId="8c84fa94-04c1-424b-9868-57a2d4851a1d" /><TestEntry testId="016cb4e4-22be-42b8-9d39-91dd506cdec5" executionId="6fd68ab8-9d77-41c1-ab4f-6665dbb76024" testListId="8c84fa94-04c1-424b-9868-57a2d4851a1d" /><TestEntry testId="e9281acf-d9b7-4129-bde8-d3ebb6c5a484" executionId="aba121c5-8a1e-4311-a7f0-815dca487dbe" testListId="8c84fa94-04c1-424b-9868-57a2d4851a1d" /><TestEntry testId="1adea99f-9513-4709-90a1-d8c8db59d6a2" executionId="997e383c-2e24-4e5d-95a2-cf083ed9eed9" testListId="8c84fa94-04c1-424b-9868-57a2d4851a1d" /><TestEntry testId="411b09f3-b774-4c54-ad6b-74f8c6f7ab9a" executionId="738689ff-f71b-4b64-8998-8650b667a762" testListId="8c84fa94-04c1-424b-9868-57a2d4851a1d" /><TestEntry testId="5b352400-3366-4981-91e2-420203ed04f6" executionId="57a77d66-098c-41a2-9eae-b7929477ff2e" testListId="8c84fa94-04c1-424b-9868-57a2d4851a1d" /><TestEntry testId="8b81917d-119b-40c6-a095-ca3ae9aa27e8" executionId="a40f23ab-ab51-4181-9602-080a76d45a84" testListId="8c84fa94-04c1-424b-9868-57a2d4851a1d" /><TestEntry testId="766763a3-eeb8-4b27-b05c-31ac5b78752d" executionId="e7b5a909-8dda-4a76-b048-5c3c7971a1b3" testListId="8c84fa94-04c1-424b-9868-57a2d4851a1d" /><TestEntry testId="3a92aa11-e1e6-47b9-b832-a81c3af3c754" executionId="22c44db1-ea25-4c53-b12a-6cb3480e0c6b" testListId="8c84fa94-04c1-424b-9868-57a2d4851a1d" /><TestEntry testId="025d6b55-de0b-4e83-84a4-870d6f6993c6" executionId="1380937d-4a9d-4945-9290-4c2b39388db4" testListId="8c84fa94-04c1-424b-9868-57a2d4851a1d" /><TestEntry testId="4240394a-9ed1-438b-9dd9-38d0901abb71" executionId="73fac4c0-5ee1-4955-8cf9-ca063b19732d" testListId="8c84fa94-04c1-424b-9868-57a2d4851a1d" /><TestEntry testId="a0c174f6-dff2-4b31-88ba-9d8116ed4012" executionId="b3cbd70e-8498-4844-ac41-0483bdd0aaf5" testListId="8c84fa94-04c1-424b-9868-57a2d4851a1d" /><TestEntry testId="794d0504-2325-4a11-8e99-3e61ce218c08" executionId="3fb51ac7-551f-483b-845a-893ff800b566" testListId="8c84fa94-04c1-424b-9868-57a2d4851a1d" /><TestEntry testId="8d09f114-b6af-42b2-bf72-ff69516ae591" executionId="1f432c6e-e9fb-4bf1-9576-245cd0f895d0" testListId="8c84fa94-04c1-424b-9868-57a2d4851a1d" /><TestEntry testId="de678d2b-3d98-4533-81cf-15845aaab9b2" executionId="26cb4eca-2fda-4180-839f-a25cd38335f3" testListId="8c84fa94-04c1-424b-9868-57a2d4851a1d" /><TestEntry testId="de4715db-ff8d-48cf-ab25-fe4f8febff1a" executionId="28d22d94-a84e-40f8-8e20-4a6338adcda5" testListId="8c84fa94-04c1-424b-9868-57a2d4851a1d" /><TestEntry testId="8abc6fd4-730a-4c84-8702-8b714e1e5572" executionId="f68c6d78-041f-460e-ad7c-64a4240eca79" testListId="8c84fa94-04c1-424b-9868-57a2d4851a1d" /><TestEntry testId="07b3cde4-efb7-4d48-a7d9-6ddb92c8dfe5" executionId="c4226184-beba-4a36-9df9-6c3f11d57ef8" testListId="8c84fa94-04c1-424b-9868-57a2d4851a1d" /><TestEntry testId="3627974f-f163-430f-9679-c9a068a84685" executionId="9e1b4c14-835e-4a39-a042-c5e827b16d56" testListId="8c84fa94-04c1-424b-9868-57a2d4851a1d" /><TestEntry testId="b9610564-afaf-4fab-bb4b-96b061ac5bf0" executionId="4052f95f-6631-4b58-8daf-fe63b8ea8e94" testListId="8c84fa94-04c1-424b-9868-57a2d4851a1d" /><TestEntry testId="0a789ada-f413-473a-b156-ad8a4266fee5" executionId="1112c668-e4fc-4d3f-83ea-a23b70c29ec1" testListId="8c84fa94-04c1-424b-9868-57a2d4851a1d" /><TestEntry testId="9ed4b2d0-d032-40b3-8245-9787746d0d17" executionId="76e5fabd-5f92-401d-9bda-0f92f28739fb" testListId="8c84fa94-04c1-424b-9868-57a2d4851a1d" /><TestEntry testId="b9c1b82e-5b49-450e-83d5-f72f92c5a56d" executionId="478eab1a-4f85-4f77-a4a6-793a96006eb4" testListId="8c84fa94-04c1-424b-9868-57a2d4851a1d" /><TestEntry testId="6235fcb2-e952-4eeb-bdf7-73e0c1980432" executionId="085c7773-de9a-4294-bf9f-0c34f052567d" testListId="8c84fa94-04c1-424b-9868-57a2d4851a1d" /><TestEntry testId="7e406739-dd43-4a94-b93e-578ba71509aa" executionId="cc6ee89b-88f3-4208-bed8-837713be583b" testListId="8c84fa94-04c1-424b-9868-57a2d4851a1d" /><TestEntry testId="212f3cec-ff2d-4652-ac18-606d14d1b109" executionId="2ba5d822-e266-4368-a76c-f1fe502b31b0" testListId="8c84fa94-04c1-424b-9868-57a2d4851a1d" /><TestEntry testId="b28e739d-a962-4996-9b78-2d84caa6df3f" executionId="0492e6cd-2776-4f48-8de2-3de21ac23a5c" testListId="8c84fa94-04c1-424b-9868-57a2d4851a1d" /><TestEntry testId="e39c3feb-38ed-4b80-ac63-12f778a32a3a" executionId="33e254e8-d1b5-4010-9a1f-6cdeddf03f8e" testListId="8c84fa94-04c1-424b-9868-57a2d4851a1d" /><TestEntry testId="f8cb9382-bb6d-4eb1-b696-3588585ad8e0" executionId="28de01a2-4438-4811-8202-6b3e452eb967" testListId="8c84fa94-04c1-424b-9868-57a2d4851a1d" /><TestEntry testId="f88b998c-cdd3-47cc-aae9-99cff1a0caee" executionId="4cf8d5a7-ca4d-449a-ba12-1b9ef89f75c0" testListId="8c84fa94-04c1-424b-9868-57a2d4851a1d" /><TestEntry testId="b91b24b9-b770-4a45-a430-8a483fd39dda" executionId="73f5d384-b054-4987-8417-2f655ef36028" testListId="8c84fa94-04c1-424b-9868-57a2d4851a1d" /><TestEntry testId="f4d75870-9a36-4ce2-b0f8-ffbbb5316249" executionId="0d1fe8dc-d760-463a-9077-c85d6b30fdbe" testListId="8c84fa94-04c1-424b-9868-57a2d4851a1d" /><TestEntry testId="38d484e4-a0a5-4921-9720-6e3f71ddaf33" executionId="e693fe9e-75af-4824-af08-fc2cb1af4ef5" testListId="8c84fa94-04c1-424b-9868-57a2d4851a1d" /><TestEntry testId="de423dd5-c0d6-40f6-981e-946866a3891d" executionId="f7f16da2-65b9-4e9a-bddf-7a30e1c199d3" testListId="8c84fa94-04c1-424b-9868-57a2d4851a1d" /><TestEntry testId="e58abed1-26ef-4ea2-9010-4744234e7030" executionId="72606af0-e059-4ccf-80de-af19873d64bd" testListId="8c84fa94-04c1-424b-9868-57a2d4851a1d" /><TestEntry testId="71e044bb-fec0-4a8f-8bb3-5d48a70004cf" executionId="83b6de31-62fe-43bf-a308-bbb64fa76088" testListId="8c84fa94-04c1-424b-9868-57a2d4851a1d" /><TestEntry testId="ea19aa3a-aeae-4b24-b54d-186c657959fa" executionId="9209788a-3a24-4f74-ab05-ce6ac1253f4e" testListId="8c84fa94-04c1-424b-9868-57a2d4851a1d" /><TestEntry testId="c15b2f87-9331-4c1f-a04b-7d274f630cfd" executionId="d68c4e6d-5c8c-449e-b2a7-8394bde72ed2" testListId="8c84fa94-04c1-424b-9868-57a2d4851a1d" /><TestEntry testId="5780b925-40ee-443a-9285-f7d509cb48d0" executionId="44364803-6d78-4225-9388-816b8e6cd278" testListId="8c84fa94-04c1-424b-9868-57a2d4851a1d" /><TestEntry testId="3d1c7f32-e36a-4fcf-b5ab-12a562cff75d" executionId="06a4d094-4a30-4ee3-922f-c8a57e0023ff" testListId="8c84fa94-04c1-424b-9868-57a2d4851a1d" /><TestEntry testId="42ed0d74-da00-43ec-8c2e-5b29e3668299" executionId="528ea657-379f-49a7-b716-b3ebb7caa2af" testListId="8c84fa94-04c1-424b-9868-57a2d4851a1d" /><TestEntry testId="47190549-1673-4214-a093-d482cbc67c59" executionId="14a57a53-1fcc-4f52-9d3f-670e814254bf" testListId="8c84fa94-04c1-424b-9868-57a2d4851a1d" /><TestEntry testId="6c0af282-b9e4-4136-8c51-cdd203c8367a" executionId="66d76c8d-b9f6-4c08-b3c1-e2dde79b8fd2" testListId="8c84fa94-04c1-424b-9868-57a2d4851a1d" /><TestEntry testId="ae254cda-5566-48c2-b601-23420f39d6b7" executionId="25347c47-824b-40d9-826a-c5b20419972e" testListId="8c84fa94-04c1-424b-9868-57a2d4851a1d" /><TestEntry testId="eeb2801b-d137-4475-a40b-f617054d6b18" executionId="d6801003-4dba-4a7b-871b-877070539cef" testListId="8c84fa94-04c1-424b-9868-57a2d4851a1d" /><TestEntry testId="177d76d2-79d6-4ba3-9fd8-f8f74c2c0042" executionId="696bbc4f-b376-4349-83ad-f2bf4f315a57" testListId="8c84fa94-04c1-424b-9868-57a2d4851a1d" /><TestEntry testId="17745f05-9986-4e01-b058-f379114e42c6" executionId="40fce7e2-6f8e-4eb9-9593-8c86dfe050cc" testListId="8c84fa94-04c1-424b-9868-57a2d4851a1d" /><TestEntry testId="32e0f19b-2566-42e8-b674-153e0d18318e" executionId="e1f2f512-80b5-4113-91b0-508f34209389" testListId="8c84fa94-04c1-424b-9868-57a2d4851a1d" /><TestEntry testId="b0c34c68-6b22-4dcd-a452-1e5b836fa89e" executionId="71e23eb1-036f-4b0a-9eba-d997d5c99283" testListId="8c84fa94-04c1-424b-9868-57a2d4851a1d" /><TestEntry testId="2139e15b-1dfb-43e8-97d7-853ec2e3689d" executionId="600d2e65-c71a-42b6-be99-a1f600b50e64" testListId="8c84fa94-04c1-424b-9868-57a2d4851a1d" /><TestEntry testId="2eb5b2f0-076a-4015-9377-750cd66d1245" executionId="2f1dcdfc-0082-44e1-b5db-ffd27b9786ec" testListId="8c84fa94-04c1-424b-9868-57a2d4851a1d" /><TestEntry testId="bdc4b810-5ab9-40fd-9052-f654d43b3750" executionId="dfbe6b83-a4f7-4c30-9a0d-a40b53330f89" testListId="8c84fa94-04c1-424b-9868-57a2d4851a1d" /><TestEntry testId="c44b28ee-6137-497e-b884-49dfd768de57" executionId="799d7b72-3345-4db0-aa5e-4645ad1df535" testListId="8c84fa94-04c1-424b-9868-57a2d4851a1d" /><TestEntry testId="e7175019-95b6-4aef-892d-a283554876f4" executionId="764e552f-f4eb-475c-84af-22a1d77a06ae" testListId="8c84fa94-04c1-424b-9868-57a2d4851a1d" /><TestEntry testId="6c7410f0-6c59-4e4d-a803-1c834b56ab69" executionId="d3a46165-5b32-4f1a-9998-ae1dfa35c378" testListId="8c84fa94-04c1-424b-9868-57a2d4851a1d" /><TestEntry testId="764cdfa3-1427-4e8b-b1b6-c78b4b4f953c" executionId="ab80ca44-77ac-421f-875d-afd460b98462" testListId="8c84fa94-04c1-424b-9868-57a2d4851a1d" /><TestEntry testId="6dbcf047-2a58-4546-9bd1-82f306619150" executionId="bf57df20-a615-4ddd-b947-03974bb84c0c" testListId="8c84fa94-04c1-424b-9868-57a2d4851a1d" /><TestEntry testId="f90c492b-24fa-403c-8305-78652dfd5cf5" executionId="d4cfdd28-3fbd-43ca-b6df-228cbec4c80c" testListId="8c84fa94-04c1-424b-9868-57a2d4851a1d" /><TestEntry testId="2f43ea9d-fb08-427f-9cc0-61886c01cd9c" executionId="1614191b-d298-4ba4-8af1-271fadb98f67" testListId="8c84fa94-04c1-424b-9868-57a2d4851a1d" /><TestEntry testId="9e640982-7608-42a3-8c89-0125a07f4ba9" executionId="134fdb79-aad1-40e8-9a2e-adba2f12ee3f" testListId="8c84fa94-04c1-424b-9868-57a2d4851a1d" /><TestEntry testId="51a9c793-402d-46a9-9ba7-c7f09f51be57" executionId="a9851309-51fe-4dcc-9098-77a8e8548ce0" testListId="8c84fa94-04c1-424b-9868-57a2d4851a1d" /><TestEntry testId="b2e7e517-b845-4ab2-90e0-9e86f0e22f22" executionId="40a65d82-37e1-4480-989e-3998f9b84ba4" testListId="8c84fa94-04c1-424b-9868-57a2d4851a1d" /><TestEntry testId="95916b25-0fe9-4999-9bec-815c99acfaba" executionId="e430bbe8-4882-47f4-85ca-55412ecb3b3e" testListId="8c84fa94-04c1-424b-9868-57a2d4851a1d" /><TestEntry testId="01520cbf-2716-4d32-a7fe-a4dbeaa06098" executionId="ad04dff5-38ce-4e87-9bdf-305dd57cb57e" testListId="8c84fa94-04c1-424b-9868-57a2d4851a1d" /><TestEntry testId="0a0a338c-50c9-4a6d-9ad8-d41507659423" executionId="5832847c-e43b-48fe-9a58-8a7324c9a764" testListId="8c84fa94-04c1-424b-9868-57a2d4851a1d" /><TestEntry testId="1181496c-240e-439c-8ad5-98f698aa0462" executionId="ad74df1a-654e-4501-bed3-5313a0652941" testListId="8c84fa94-04c1-424b-9868-57a2d4851a1d" /><TestEntry testId="336f0a33-49a6-4c35-8f74-45bc76ca429c" executionId="eca78b53-52b1-4b9f-9451-5192f3a9945c" testListId="8c84fa94-04c1-424b-9868-57a2d4851a1d" /><TestEntry testId="60c2072d-ec3d-4b24-aa31-b1df44bfddea" executionId="cc2a27be-baa3-48ff-b511-c50514684ca6" testListId="8c84fa94-04c1-424b-9868-57a2d4851a1d" /><TestEntry testId="b8d1f8b9-9960-44c1-a4b8-75160357448d" executionId="667cc6f3-6dae-476b-97e6-4deb53d0db07" testListId="8c84fa94-04c1-424b-9868-57a2d4851a1d" /><TestEntry testId="95b9ea14-fdc0-4896-9e75-58d672fc7e5a" executionId="0d7624ce-56bb-4739-a791-591565ce9416" testListId="8c84fa94-04c1-424b-9868-57a2d4851a1d" /><TestEntry testId="d011c8f3-6172-48b0-84b3-cb8150be11bb" executionId="3ef86a5b-25c7-420d-a2df-b709d9be27a8" testListId="8c84fa94-04c1-424b-9868-57a2d4851a1d" /><TestEntry testId="5270a6f4-7b90-4c43-9bc3-239f6ee62698" executionId="ea99c62a-9052-4a1d-ada7-23f26923bbc5" testListId="8c84fa94-04c1-424b-9868-57a2d4851a1d" /><TestEntry testId="5b44843a-c922-4c07-8f7a-41ff988a5cbd" executionId="58789454-d594-4576-8260-3f2a63776a9d" testListId="8c84fa94-04c1-424b-9868-57a2d4851a1d" /><TestEntry testId="e3f9d31b-e568-4c4c-b39f-949db95f0b87" executionId="c4184a13-b5a1-432e-8be5-97bf35eac750" testListId="8c84fa94-04c1-424b-9868-57a2d4851a1d" /><TestEntry testId="22994869-452b-421a-87dc-42bec2524c27" executionId="2bb92d43-eb8b-43c6-ae68-f7a4a659d6e1" testListId="8c84fa94-04c1-424b-9868-57a2d4851a1d" /><TestEntry testId="c323fcd6-8657-4fe4-bd1b-c8897d4c0c83" executionId="887148e5-5922-4a52-90ff-7bee913fc030" testListId="8c84fa94-04c1-424b-9868-57a2d4851a1d" /><TestEntry testId="efc4ac12-e016-464a-926a-f4b8847426d5" executionId="be980a99-1393-4f2d-8c07-d898587fbb16" testListId="8c84fa94-04c1-424b-9868-57a2d4851a1d" /><TestEntry testId="b8077028-8351-4d3e-94f6-80e39bca643c" executionId="ad0e712f-0ec3-4a75-a133-b21a3ccb0aa8" testListId="8c84fa94-04c1-424b-9868-57a2d4851a1d" /><TestEntry testId="4a3f561e-b978-41e5-af6d-85a3a6aad431" executionId="34857019-1d4a-4cc9-a55d-b19308c0308e" testListId="8c84fa94-04c1-424b-9868-57a2d4851a1d" /><TestEntry testId="143a16ee-1a02-400b-bffd-59524d62853b" executionId="d9d8bcb9-2378-4a78-82c1-9b49bc0b4475" testListId="8c84fa94-04c1-424b-9868-57a2d4851a1d" /><TestEntry testId="501c2771-396f-4563-ab48-94068b725413" executionId="2306904a-d8e1-42dc-8731-92e9f98dcd5e" testListId="8c84fa94-04c1-424b-9868-57a2d4851a1d" /><TestEntry testId="d77299f8-920a-46e5-b324-1eab239d02e7" executionId="52f33bde-5bb7-46d3-b224-74d978e1d6a3" testListId="8c84fa94-04c1-424b-9868-57a2d4851a1d" /><TestEntry testId="f35052f1-999f-4799-bdfe-56a69b94044d" executionId="e6d6e809-476c-40b4-919b-fe41e293d027" testListId="8c84fa94-04c1-424b-9868-57a2d4851a1d" /><TestEntry testId="ea4df315-d476-4714-9974-9a0ac41b9861" executionId="fa9e7d18-c8a0-404a-8186-3e36b8c620ee" testListId="8c84fa94-04c1-424b-9868-57a2d4851a1d" /><TestEntry testId="76abe38c-512b-4d56-bf58-59437ff0d128" executionId="85741fc7-372b-4b84-869b-f2c781c59e68" testListId="8c84fa94-04c1-424b-9868-57a2d4851a1d" /><TestEntry testId="5509c6f4-2616-4da1-973d-07c71b781085" executionId="e77ed83a-5387-4f63-bd7b-c07ff31fa3dd" testListId="8c84fa94-04c1-424b-9868-57a2d4851a1d" /><TestEntry testId="127a067f-7801-4d63-b1ae-05c262e84141" executionId="2a6992f4-9999-48c8-b89b-2e764bb640ec" testListId="8c84fa94-04c1-424b-9868-57a2d4851a1d" /><TestEntry testId="ff2d58ee-a6e3-415a-ae29-cc07e35ade28" executionId="af37bc23-9105-4ceb-8964-820782563b8a" testListId="8c84fa94-04c1-424b-9868-57a2d4851a1d" /><TestEntry testId="035676dd-12b9-43e5-a3e2-f8aaf6ca4518" executionId="15eca64a-4c0c-4ec4-bd19-5d7dec5ae59d" testListId="8c84fa94-04c1-424b-9868-57a2d4851a1d" /><TestEntry testId="33b229aa-4c4d-437e-a272-4f3e51bff0d2" executionId="c9389d3a-5f5f-4463-92ad-6a927a37a534" testListId="8c84fa94-04c1-424b-9868-57a2d4851a1d" /><TestEntry testId="da226d4e-55c4-4e4a-844d-b50897cf4096" executionId="432b5281-5cd9-43e3-8708-de5d92ede933" testListId="8c84fa94-04c1-424b-9868-57a2d4851a1d" /><TestEntry testId="9ef15a3f-e83b-45b0-9815-a18876ad66ba" executionId="4032c9ba-59a2-406f-adca-7af4c62fcafd" testListId="8c84fa94-04c1-424b-9868-57a2d4851a1d" /><TestEntry testId="9c7f81cc-7f9f-4e6f-9755-598c019ad2de" executionId="f491c0bb-90e7-4614-a92e-7d2b8a042bde" testListId="8c84fa94-04c1-424b-9868-57a2d4851a1d" /><TestEntry testId="4b447642-bfb1-4940-b25a-b867a1866f7a" executionId="bd9342f7-7b16-4ecd-9098-22eb53c1b588" testListId="8c84fa94-04c1-424b-9868-57a2d4851a1d" /><TestEntry testId="b74e2be5-3848-4185-a4a2-e08851a42a72" executionId="d5424b02-0488-4410-ba0b-92592899cc29" testListId="8c84fa94-04c1-424b-9868-57a2d4851a1d" /><TestEntry testId="924efa32-0063-4483-bc5f-ff4c7331ede6" executionId="ac4ffd49-dd10-4632-a67d-740ab707f65a" testListId="8c84fa94-04c1-424b-9868-57a2d4851a1d" /><TestEntry testId="54d42eb3-2f7a-4051-9441-1784a8992350" executionId="33da82f8-6e29-4c1a-989c-55f4ad817aa4" testListId="8c84fa94-04c1-424b-9868-57a2d4851a1d" /><TestEntry testId="e1443930-be5d-44f5-b9b8-2c71986d8193" executionId="741f3577-4fda-4661-bd3f-3071a8d50199" testListId="8c84fa94-04c1-424b-9868-57a2d4851a1d" /><TestEntry testId="c0e9e395-6a1c-4f86-9ab8-0d2a350ebe14" executionId="35f329c8-572f-4059-b0c9-afef257bf0b1" testListId="8c84fa94-04c1-424b-9868-57a2d4851a1d" /><TestEntry testId="f6647b4a-61be-47d4-87c3-e92a40d307a1" executionId="ba8ca22b-bf9a-4665-81e0-2f0e0c9df81f" testListId="8c84fa94-04c1-424b-9868-57a2d4851a1d" /><TestEntry testId="60e3f681-549b-4a28-b443-1b938325bd9e" executionId="1f83cdf5-9fba-45fe-8ebc-1a1d7b457091" testListId="8c84fa94-04c1-424b-9868-57a2d4851a1d" /><TestEntry testId="99b4a459-e105-4377-b5f5-735dd0fceae5" executionId="d34498cb-d4e1-4ad2-ba17-53de96a86ab8" testListId="8c84fa94-04c1-424b-9868-57a2d4851a1d" /><TestEntry testId="c17fb5ce-b4b9-4494-b0b2-4258314e97a4" executionId="f4562ec3-02d3-49f0-be07-916e35ce9b76" testListId="8c84fa94-04c1-424b-9868-57a2d4851a1d" /><TestEntry testId="20c28096-e870-4a58-84ae-1fda1fe834c2" executionId="b9b44dce-ef78-4492-9d43-5660ef56f6fd" testListId="8c84fa94-04c1-424b-9868-57a2d4851a1d" /><TestEntry testId="881f4858-4e26-4943-863b-7c61954be4e5" executionId="6e0c312c-549c-4221-9508-2b1377f39037" testListId="8c84fa94-04c1-424b-9868-57a2d4851a1d" /><TestEntry testId="216f1967-14b8-44a1-9db6-7fd45923e1d5" executionId="556c3748-5f4c-48cc-8568-2c5a16e70b60" testListId="8c84fa94-04c1-424b-9868-57a2d4851a1d" /><TestEntry testId="edfb5ef2-f707-4809-b707-dd02f70fde8e" executionId="1874b7fe-8546-4066-a4a8-76cc4694fc95" testListId="8c84fa94-04c1-424b-9868-57a2d4851a1d" /><TestEntry testId="37a21dbc-46e4-48f9-95ca-10cf429aab0f" executionId="b24d1287-e418-4708-bc9a-1576580e57ce" testListId="8c84fa94-04c1-424b-9868-57a2d4851a1d" /><TestEntry testId="5f933e16-9009-4e99-97cc-f363d8869134" executionId="2354ed2f-613c-4492-9cf4-0badce9a8748" testListId="8c84fa94-04c1-424b-9868-57a2d4851a1d" /><TestEntry testId="e84e4d5d-cca8-4b37-a936-9597d97dd7de" executionId="d67810f8-6f8f-41e5-9f4e-2e2c6aab1d67" testListId="8c84fa94-04c1-424b-9868-57a2d4851a1d" /><TestEntry testId="88dfa9f7-c944-4632-8cc7-8ddbe08b05c3" executionId="224a35fe-7c16-4e88-85bb-6e7f3bb309ce" testListId="8c84fa94-04c1-424b-9868-57a2d4851a1d" /><TestEntry testId="61a74344-309c-487c-a9ad-612562f6cd7c" executionId="0da0f39d-5e48-4eb9-90cc-8ff87caefed5" testListId="8c84fa94-04c1-424b-9868-57a2d4851a1d" /><TestEntry testId="35119159-dc3a-4200-90a4-ef0a844417d6" executionId="8a468ebe-f129-4888-a622-d1c0fced5db3" testListId="8c84fa94-04c1-424b-9868-57a2d4851a1d" /><TestEntry testId="7c49cb11-0f68-4eeb-a24e-29a2ea70bdd0" executionId="0d78ad72-bbf6-43aa-a602-bd1ca3802aec" testListId="8c84fa94-04c1-424b-9868-57a2d4851a1d" /><TestEntry testId="75989ee8-0927-4b28-b91b-c42b44e82b35" executionId="aea5f7b2-35c5-45fa-b4d9-289b1f9b2fb1" testListId="8c84fa94-04c1-424b-9868-57a2d4851a1d" /><TestEntry testId="00881965-7eb5-4521-9361-d23e93db2bc5" executionId="fe72112f-0008-4e5c-8f3b-e59d0a977d8d" testListId="8c84fa94-04c1-424b-9868-57a2d4851a1d" /><TestEntry testId="1cf07974-6fd6-4fed-89a9-411c15240fd0" executionId="9c8b91bb-67c3-414d-a3b2-0356a9f3aecb" testListId="8c84fa94-04c1-424b-9868-57a2d4851a1d" /><TestEntry testId="0863e63b-9d1f-4ea8-9a1a-a6792faf4ba3" executionId="22a8cba5-6796-469e-803a-644fc938f1cf" testListId="8c84fa94-04c1-424b-9868-57a2d4851a1d" /><TestEntry testId="48e49df3-5673-4874-8053-a90667bba7b8" executionId="fc654818-49e6-4afc-ac90-281d74f73d58" testListId="8c84fa94-04c1-424b-9868-57a2d4851a1d" /><TestEntry testId="e8dbb79b-fdfd-4ba6-9820-1cd0150abf5d" executionId="45e4fc74-f044-4cf9-9373-5644a9cd71bb" testListId="8c84fa94-04c1-424b-9868-57a2d4851a1d" /><TestEntry testId="5fc3d8ae-7b31-478c-b3f5-9ee84bfc36c1" executionId="e109b001-7138-4a97-b98d-25572e9a99a3" testListId="8c84fa94-04c1-424b-9868-57a2d4851a1d" /><TestEntry testId="1d50e6c2-5d02-41b9-a87f-ab774a840802" executionId="a3d2b8dc-d82d-400b-8da6-05310d3915e3" testListId="8c84fa94-04c1-424b-9868-57a2d4851a1d" /><TestEntry testId="e1614521-1d6a-4ff9-89bd-363b34a0075a" executionId="54975c23-e61a-44c2-a53e-118f286efab3" testListId="8c84fa94-04c1-424b-9868-57a2d4851a1d" /><TestEntry testId="3a81c101-664e-4398-bb83-f7e0cf2d6002" executionId="ac8ebbc1-38b7-4d2a-9206-2e6c3035fe42" testListId="8c84fa94-04c1-424b-9868-57a2d4851a1d" /><TestEntry testId="6d486302-6f88-4b8c-acf2-5d0d0e900975" executionId="9a7c9e99-a38f-49d3-981f-9371f5f46cf6" testListId="8c84fa94-04c1-424b-9868-57a2d4851a1d" /><TestEntry testId="f543d984-9689-4818-8e1c-749a0a5fef1b" executionId="8d05dd11-cdba-4fac-afd6-6b5900e807c4" testListId="8c84fa94-04c1-424b-9868-57a2d4851a1d" /><TestEntry testId="2948a3d3-b624-49f2-a096-2550af2146ee" executionId="5db5e193-ff87-4118-8df2-fc30b31ac0f7" testListId="8c84fa94-04c1-424b-9868-57a2d4851a1d" /><TestEntry testId="2b171089-717e-4c25-b911-268505ae118f" executionId="8ff4dfbf-8b53-467b-85d4-52ceb407379d" testListId="8c84fa94-04c1-424b-9868-57a2d4851a1d" /><TestEntry testId="c8c72088-6670-4042-ae79-dcc304d85886" executionId="544f2dba-5537-41c6-9c62-e0d77fbbfbcb" testListId="8c84fa94-04c1-424b-9868-57a2d4851a1d" /><TestEntry testId="46717940-593a-439d-9edb-bdec66c57ef1" executionId="4bce5561-5ed9-414d-b296-71f17e518662" testListId="8c84fa94-04c1-424b-9868-57a2d4851a1d" /><TestEntry testId="b9a6d470-479e-4287-a0ba-6849c3be199e" executionId="5af1c9ab-7127-46db-b23a-c96563d0f6ae" testListId="8c84fa94-04c1-424b-9868-57a2d4851a1d" /><TestEntry testId="ba86468c-9031-49d9-b5db-d557c43ee25c" executionId="f124de74-f5bf-4540-abe3-c375de0ecec3" testListId="8c84fa94-04c1-424b-9868-57a2d4851a1d" /><TestEntry testId="c5030a84-68c0-43db-ada6-efa8b1d7e866" executionId="3d54077c-3e97-4d41-9bba-529234d7e2bc" testListId="8c84fa94-04c1-424b-9868-57a2d4851a1d" /><TestEntry testId="3898878a-ac4d-47bc-9c0b-2fb70203c00e" executionId="257d39a8-d7b6-44f0-ab47-7892f2faab7d" testListId="8c84fa94-04c1-424b-9868-57a2d4851a1d" /><TestEntry testId="6d650ab3-7b42-42dd-a8fe-139128dd6749" executionId="bb5de431-7584-476b-9a8a-e9654d6de861" testListId="8c84fa94-04c1-424b-9868-57a2d4851a1d" /><TestEntry testId="4dd39b81-4c16-4db6-935c-7309d7504274" executionId="320d9ed0-18e0-4f6a-a3fc-a35543ecbdeb" testListId="8c84fa94-04c1-424b-9868-57a2d4851a1d" /><TestEntry testId="f12eeaa0-2145-46d7-a362-9da076bf3983" executionId="c128baab-0f82-4b0e-b2db-967aeab1b7bf" testListId="8c84fa94-04c1-424b-9868-57a2d4851a1d" /><TestEntry testId="d9581807-6650-4be6-8ca3-3758baddbbd0" executionId="96e87a48-fdc9-4746-9e39-85cdc9369b35" testListId="8c84fa94-04c1-424b-9868-57a2d4851a1d" /><TestEntry testId="5ea3a94b-8693-4d88-a858-4b37fcd02838" executionId="c3dd1980-5a79-4bfa-8eba-0e2a9eaa8b5c" testListId="8c84fa94-04c1-424b-9868-57a2d4851a1d" /><TestEntry testId="2d136ce9-3d03-40bb-9480-609155d46824" executionId="48e1fb17-40a9-497b-b362-8ea65b63055b" testListId="8c84fa94-04c1-424b-9868-57a2d4851a1d" /><TestEntry testId="00b8c217-68da-494a-a59a-cb0727e8bdc7" executionId="e9513022-dc50-44fa-bc7a-5305dc883a8a" testListId="8c84fa94-04c1-424b-9868-57a2d4851a1d" /><TestEntry testId="ffdd8920-97bb-4c56-9fbb-e63ab611d089" executionId="d0e189ca-a820-4a65-b708-7b2c648d9813" testListId="8c84fa94-04c1-424b-9868-57a2d4851a1d" /><TestEntry testId="0303db6d-506c-4646-b339-2811c9480b66" executionId="4984e28d-6a7e-43d1-9ace-c7a2d1a471db" testListId="8c84fa94-04c1-424b-9868-57a2d4851a1d" /><TestEntry testId="a6770509-aefa-40fb-acac-80e2a4a4a916" executionId="5f5fe354-08fb-4c27-b4c6-48af544f7e81" testListId="8c84fa94-04c1-424b-9868-57a2d4851a1d" /><TestEntry testId="7b784880-64cd-4df6-ad53-7c0725585713" executionId="aeda3c10-5a0d-41d8-8008-8dd4567e1dd8" testListId="8c84fa94-04c1-424b-9868-57a2d4851a1d" /><TestEntry testId="7714d63a-36b3-4e89-9cb8-af8f98ddd4fa" executionId="4fcc964c-0437-4094-acc6-9c929547e2b3" testListId="8c84fa94-04c1-424b-9868-57a2d4851a1d" /><TestEntry testId="e40f733d-2953-4b18-a12b-95f9fc085f52" executionId="fd923eac-83d3-414a-866c-07dad65fb280" testListId="8c84fa94-04c1-424b-9868-57a2d4851a1d" /><TestEntry testId="92db25be-1da8-46c8-b508-4edaf4993daf" executionId="751dcf1f-661f-4ca1-8c9c-7d0d75f797ad" testListId="8c84fa94-04c1-424b-9868-57a2d4851a1d" /><TestEntry testId="93b2a38d-aa3e-43c5-9cee-07793d18d601" executionId="981eb0c1-64b0-4336-b38b-a93bae023151" testListId="8c84fa94-04c1-424b-9868-57a2d4851a1d" /><TestEntry testId="c26192cb-4873-434b-bc4d-9fb9764705a9" executionId="8c191c4b-ba33-44a4-98f1-0a6e8827d402" testListId="8c84fa94-04c1-424b-9868-57a2d4851a1d" /><TestEntry testId="30e9f483-594e-45cc-8e8c-ffba9ef1d0b0" executionId="1df51ee4-33ef-4f44-be11-3deed608b0b5" testListId="8c84fa94-04c1-424b-9868-57a2d4851a1d" /><TestEntry testId="7dd10540-772e-4e63-88f9-3ad489511e1c" executionId="a3f0d4ca-a7d4-448e-9256-24e987566149" testListId="8c84fa94-04c1-424b-9868-57a2d4851a1d" /><TestEntry testId="3812de99-4d53-4ab8-9528-e134e4ae1930" executionId="c9cf11c9-81f0-4a56-aa2b-88ded24cc02e" testListId="8c84fa94-04c1-424b-9868-57a2d4851a1d" /><TestEntry testId="a4f6a586-5a8b-450b-ba8a-20b092b57e4f" executionId="1325944c-a625-4419-b7d7-d4ffbbbdb2e0" testListId="8c84fa94-04c1-424b-9868-57a2d4851a1d" /><TestEntry testId="21947fb8-48de-4479-88d4-28e4d1ea7612" executionId="ae2bd8bc-d1ce-45b3-9a62-c5ea9a8d5677" testListId="8c84fa94-04c1-424b-9868-57a2d4851a1d" /><TestEntry testId="4afc7190-b82b-4eef-9352-5e01e366bec4" executionId="2a6481ba-bfbb-4c40-b133-ad66592deb50" testListId="8c84fa94-04c1-424b-9868-57a2d4851a1d" /><TestEntry testId="0016c467-38ba-487a-b14d-14b21a8a58d7" executionId="3c53f8d2-6ca1-4fd5-b608-f54869f66d18" testListId="8c84fa94-04c1-424b-9868-57a2d4851a1d" /><TestEntry testId="fb256d76-408b-4be9-b556-7a05b6d36587" executionId="35be1994-0916-41bc-8a2a-db8caed0b5d1" testListId="8c84fa94-04c1-424b-9868-57a2d4851a1d" /><TestEntry testId="0e7aba64-3224-449e-859b-23c4a0bc0551" executionId="759b6831-7d4d-4c14-8fc3-785bfa3a0f17" testListId="8c84fa94-04c1-424b-9868-57a2d4851a1d" /><TestEntry testId="9c259c1d-c9cc-4bad-8bc7-a3b7eafadbc4" executionId="0d9820c9-c59c-4013-9b1a-97ac7c59c322" testListId="8c84fa94-04c1-424b-9868-57a2d4851a1d" /><TestEntry testId="2baa8d60-7ba8-4d58-88a5-60e3f95f3cfa" executionId="98523be5-57db-4d08-9878-3226ab9821cc" testListId="8c84fa94-04c1-424b-9868-57a2d4851a1d" /><TestEntry testId="cdd4bf94-4d5e-4248-8eb6-fb1189d2c85a" executionId="6fd49c5e-b34a-4334-a307-bf38a606685a" testListId="8c84fa94-04c1-424b-9868-57a2d4851a1d" /><TestEntry testId="2fe59bfc-f508-46f4-a9fb-51b7e81cd7dc" executionId="dcc2e953-dfee-4822-8c48-6eb735fdc32a" testListId="8c84fa94-04c1-424b-9868-57a2d4851a1d" /><TestEntry testId="530f4c60-00c6-4129-96e1-4434ee35c86e" executionId="67583590-7703-4b91-a9b9-782ab01375c9" testListId="8c84fa94-04c1-424b-9868-57a2d4851a1d" /><TestEntry testId="1a2c0af6-1d0d-4d50-821e-a571939bacb3" executionId="79264471-7ddb-499b-b70f-c1095bbdb0cd" testListId="8c84fa94-04c1-424b-9868-57a2d4851a1d" /><TestEntry testId="be2a8130-4a2f-44bc-a013-2fd117ad8bd7" executionId="0a45fdec-291b-4958-a591-03c17edca3bc" testListId="8c84fa94-04c1-424b-9868-57a2d4851a1d" /><TestEntry testId="a7b968c8-21cc-4346-a65e-1ad2d731a153" executionId="ccfa38ad-b636-4ddc-9989-e67e96ada571" testListId="8c84fa94-04c1-424b-9868-57a2d4851a1d" /><TestEntry testId="7f4e6dea-a37b-4255-9cba-6c9048aefb8d" executionId="ec0126de-d104-42e6-94d4-fd24d4ca26e7" testListId="8c84fa94-04c1-424b-9868-57a2d4851a1d" /><TestEntry testId="57001bcf-53d9-4d03-87fb-f51cf1b55fdc" executionId="7d326bad-f4ae-4ae8-8a34-32bcb3cdafab" testListId="8c84fa94-04c1-424b-9868-57a2d4851a1d" /><TestEntry testId="27e38cf0-dab4-49a2-825e-7f41d756ff04" executionId="409050c8-4297-43bd-8c6a-155315f763ed" testListId="8c84fa94-04c1-424b-9868-57a2d4851a1d" /><TestEntry testId="b36903ba-344c-4c22-8843-4fdb811b9943" executionId="d0dea284-2b33-4c4e-ad31-6ce32a6ba9a3" testListId="8c84fa94-04c1-424b-9868-57a2d4851a1d" /><TestEntry testId="ced70173-bb1a-4bc1-a168-1d611b81e0de" executionId="750c5acf-4952-4df0-927a-0b92a1f1fe81" testListId="8c84fa94-04c1-424b-9868-57a2d4851a1d" /><TestEntry testId="8487053c-5a6e-4ef3-96c9-af31ac45e305" executionId="7b9baea9-56f2-4cff-9fbf-092bc5f99ca7" testListId="8c84fa94-04c1-424b-9868-57a2d4851a1d" /><TestEntry testId="49ace68b-fc68-4eed-b67d-0d619addd864" executionId="6181533a-c130-42cc-a775-0b796fc89199" testListId="8c84fa94-04c1-424b-9868-57a2d4851a1d" /><TestEntry testId="17b675bd-403f-4761-91d9-af4173ab91f8" executionId="3d22eb18-011a-4067-a331-189026a9ad71" testListId="8c84fa94-04c1-424b-9868-57a2d4851a1d" /><TestEntry testId="224ec78c-435f-411a-9fab-ee619674870a" executionId="bab99ae2-9aff-4d96-bf53-f6d9eae9ed36" testListId="8c84fa94-04c1-424b-9868-57a2d4851a1d" /><TestEntry testId="7d83b7a5-bdd3-47df-bca6-402945fe60ca" executionId="c819954b-ff25-46a1-b8da-1ee1d1f9b783" testListId="8c84fa94-04c1-424b-9868-57a2d4851a1d" /><TestEntry testId="b9540bfa-aab3-488f-af69-2a8a4b8304ea" executionId="1ad6d8bc-eb87-4901-a08b-02045a16a553" testListId="8c84fa94-04c1-424b-9868-57a2d4851a1d" /><TestEntry testId="ac8da6a6-e7aa-462f-9197-38326c53a74b" executionId="28efc29d-4f3d-4b74-b234-95882d6d6631" testListId="8c84fa94-04c1-424b-9868-57a2d4851a1d" /><TestEntry testId="8d29bfc8-6779-4922-90eb-cfec2626573c" executionId="9277606c-3e88-44a3-b437-15eb2c39b07a" testListId="8c84fa94-04c1-424b-9868-57a2d4851a1d" /><TestEntry testId="0f79e565-c487-499d-ad68-48edf7dbc56d" executionId="7aa5e47f-f312-4b6f-b984-cc5f2b11079d" testListId="8c84fa94-04c1-424b-9868-57a2d4851a1d" /><TestEntry testId="6d7eb547-e235-4bbb-96c1-a4f9ad807e14" executionId="6fcf2e07-834f-4cb2-b508-65a0b69777ed" testListId="8c84fa94-04c1-424b-9868-57a2d4851a1d" /><TestEntry testId="4fec6323-4af7-4cc3-a728-e110d2b7543b" executionId="ed0dbb4f-f0af-42a9-b979-d0620704b1da" testListId="8c84fa94-04c1-424b-9868-57a2d4851a1d" /><TestEntry testId="a149450a-ebfa-450d-a91b-61a3d10a4994" executionId="837d92b7-c18d-488f-87bc-acf6ee029bc8" testListId="8c84fa94-04c1-424b-9868-57a2d4851a1d" /><TestEntry testId="dccfefbb-99c6-4f6c-ab7f-83cebb102139" executionId="45b1fc8e-55c2-40fa-b3d7-4c79ab4def63" testListId="8c84fa94-04c1-424b-9868-57a2d4851a1d" /><TestEntry testId="bb7fb059-3e1f-422b-a67a-a334c63f4d63" executionId="2c14e724-07e9-4bd9-aedb-1d8b434c0533" testListId="8c84fa94-04c1-424b-9868-57a2d4851a1d" /><TestEntry testId="42baa28a-ba0e-45ff-9d08-3457e0e3e401" executionId="1f26e505-c43a-40bb-9c5a-0b44e5f9a19f" testListId="8c84fa94-04c1-424b-9868-57a2d4851a1d" /><TestEntry testId="4327b825-ba2b-42b9-9951-1598c7adc1d6" executionId="850bdb10-7462-4ca6-8501-33b1fa4afb91" testListId="8c84fa94-04c1-424b-9868-57a2d4851a1d" /><TestEntry testId="ee42109b-362d-490e-bd9c-95420f6a51ba" executionId="bd1cb414-cda3-438a-a400-1be265e504c1" testListId="8c84fa94-04c1-424b-9868-57a2d4851a1d" /><TestEntry testId="b5c05ee3-4e99-4230-aade-a9774a0ecef5" executionId="1440f2b3-d1ee-4caa-b745-e25e43da7861" testListId="8c84fa94-04c1-424b-9868-57a2d4851a1d" /><TestEntry testId="9279f998-3a6b-4db1-baac-fdfd92fac226" executionId="ed31340f-22a3-42a1-ace0-e28bd031a7b6" testListId="8c84fa94-04c1-424b-9868-57a2d4851a1d" /><TestEntry testId="f64d1166-ccc1-42a1-be1f-8526961a7ec8" executionId="8e85670b-a90f-4826-8f79-5ac2c90711f4" testListId="8c84fa94-04c1-424b-9868-57a2d4851a1d" /><TestEntry testId="030e7db0-d4f8-43a6-8619-d6de0031d113" executionId="494bf618-6fbd-4afa-824f-549e4de10272" testListId="8c84fa94-04c1-424b-9868-57a2d4851a1d" /><TestEntry testId="68ac555a-d605-4f54-b7b7-d82e865b6c73" executionId="5525c8d0-f8a6-4f04-8f70-93b3a4fea827" testListId="8c84fa94-04c1-424b-9868-57a2d4851a1d" /><TestEntry testId="6c07214c-2996-4310-9728-f7826319924d" executionId="ef8003db-bead-430d-8482-54dfd3aa6af8" testListId="8c84fa94-04c1-424b-9868-57a2d4851a1d" /><TestEntry testId="562a30fd-b699-40a6-a458-acc3f4bb8f95" executionId="3a007d57-f0b6-4bf9-a669-8e3eed8d9e15" testListId="8c84fa94-04c1-424b-9868-57a2d4851a1d" /><TestEntry testId="9945b164-dc41-4b73-9fe3-dbd2e4e727c9" executionId="213394c4-f39f-402e-ab11-54df9e23722a" testListId="8c84fa94-04c1-424b-9868-57a2d4851a1d" /><TestEntry testId="61652ea1-802c-471c-89e8-c8fcfb93e297" executionId="7df9d1f8-4134-46c5-8c0b-16c7c357acb6" testListId="8c84fa94-04c1-424b-9868-57a2d4851a1d" /><TestEntry testId="21c94321-df85-43a8-a083-b64b21519bef" executionId="30275131-79f3-4da9-9062-8d4c81e0d8c5" testListId="8c84fa94-04c1-424b-9868-57a2d4851a1d" /><TestEntry testId="7dd344e0-c4bf-45d5-88a3-a88a92c1a026" executionId="ea6fc033-63ae-4d05-9ae8-a6f4808091ac" testListId="8c84fa94-04c1-424b-9868-57a2d4851a1d" /><TestEntry testId="39e597a4-9a99-4c71-ad81-e233280dff90" executionId="91fa7317-dfe0-49f5-b648-94ba21fa26a7" testListId="8c84fa94-04c1-424b-9868-57a2d4851a1d" /><TestEntry testId="c65b2c8d-3f9a-4d8e-bcba-02093baf82d8" executionId="11616d80-9c4c-484a-aa51-e9a9eb431f6e" testListId="8c84fa94-04c1-424b-9868-57a2d4851a1d" /><TestEntry testId="eac052c0-43d3-4e7b-b054-688738121825" executionId="d3087cbc-145d-443b-86fe-563bea379661" testListId="8c84fa94-04c1-424b-9868-57a2d4851a1d" /><TestEntry testId="4f4d7944-2a97-4de4-804b-ff522e874771" executionId="bafc3beb-2c39-4cad-b4ef-e8dc35f75544" testListId="8c84fa94-04c1-424b-9868-57a2d4851a1d" /><TestEntry testId="00e2973c-bbc9-4dc2-897b-b8d85d26fd3b" executionId="8b8bcedf-d4f9-495a-825b-0059a849a118" testListId="8c84fa94-04c1-424b-9868-57a2d4851a1d" /><TestEntry testId="799641a3-ba7a-4dad-bc14-8280ed8384bb" executionId="cd2f8b24-7236-4d8f-a389-e21f7e93759a" testListId="8c84fa94-04c1-424b-9868-57a2d4851a1d" /><TestEntry testId="2cb2765f-599b-4c63-a749-a5216679705a" executionId="9d70be94-23e1-4f0a-9a94-7f6e7deb8634" testListId="8c84fa94-04c1-424b-9868-57a2d4851a1d" /><TestEntry testId="7cf01495-ae80-4127-b121-cdf287ca1c1e" executionId="944bbccb-2837-486d-9058-475567eb5646" testListId="8c84fa94-04c1-424b-9868-57a2d4851a1d" /><TestEntry testId="a4b736ab-30d7-4979-9838-e3a063b2a1e4" executionId="dc424386-461e-4a63-94a7-267c1f81b5a5" testListId="8c84fa94-04c1-424b-9868-57a2d4851a1d" /><TestEntry testId="525c705d-0969-479f-ad28-eb12618b18fd" executionId="0da05663-680d-4440-a7cb-fec469a85482" testListId="8c84fa94-04c1-424b-9868-57a2d4851a1d" /><TestEntry testId="bd62926c-1745-434a-a0a8-7dc423d764d9" executionId="1e2eb13e-a4e7-459a-ad7f-505503142b69" testListId="8c84fa94-04c1-424b-9868-57a2d4851a1d" /><TestEntry testId="bc3c9f0c-774e-4cff-bcb8-148c67abf09a" executionId="125f1274-0948-4eaa-bdf0-351ddc7ec25e" testListId="8c84fa94-04c1-424b-9868-57a2d4851a1d" /><TestEntry testId="87dbad44-2443-4446-8cc9-9ca9a95a4475" executionId="07d2c1c5-b89d-4f03-8111-8cfb4c4e121b" testListId="8c84fa94-04c1-424b-9868-57a2d4851a1d" /><TestEntry testId="429e25a2-8bb0-4bcb-b0d3-931a87cf609d" executionId="32001c26-dda5-4d55-9335-18e3fa956e3a" testListId="8c84fa94-04c1-424b-9868-57a2d4851a1d" /><TestEntry testId="88f18a51-b793-4fb5-8739-07b0dc4d02cf" executionId="ef22555b-ea13-4e2a-97a4-5b5de260cf97" testListId="8c84fa94-04c1-424b-9868-57a2d4851a1d" /><TestEntry testId="720cf257-1719-4d32-bdcc-588d3bd92242" executionId="40da4ea3-f783-4a29-9382-b381d81c05a2" testListId="8c84fa94-04c1-424b-9868-57a2d4851a1d" /><TestEntry testId="ebb12122-ab35-4ba0-917c-b24d91b5cfa6" executionId="09816142-f596-4a7e-9e15-1b4649504bca" testListId="8c84fa94-04c1-424b-9868-57a2d4851a1d" /><TestEntry testId="1216dc79-3632-46cd-9615-99372ebb4fc7" executionId="4b2a3fe7-378f-450f-b377-d79b3b99189d" testListId="8c84fa94-04c1-424b-9868-57a2d4851a1d" /><TestEntry testId="d0e2216f-61ed-47aa-8690-a2421b9fe7cd" executionId="f9bd41fd-f529-4270-902d-890f15a75315" testListId="8c84fa94-04c1-424b-9868-57a2d4851a1d" /><TestEntry testId="84e7a87d-a8d0-4eec-80df-ff687cdc0847" executionId="c10b7dd1-20de-4033-9354-939cb5efa9c5" testListId="8c84fa94-04c1-424b-9868-57a2d4851a1d" /><TestEntry testId="31522b20-6143-4ce1-b8bb-f24652dbd6f0" executionId="fc7f307e-add0-4a4c-8e2d-83d57a745129" testListId="8c84fa94-04c1-424b-9868-57a2d4851a1d" /><TestEntry testId="c9ae0ce0-e64f-4d55-90c8-f0d2565d4f19" executionId="c48202e2-63ee-45d3-a461-9e46efdbc6c7" testListId="8c84fa94-04c1-424b-9868-57a2d4851a1d" /><TestEntry testId="4e1d4ff7-7c23-402f-893c-ea483e692ae2" executionId="491f83e6-efba-44ad-8cbc-4553ab11a2bd" testListId="8c84fa94-04c1-424b-9868-57a2d4851a1d" /><TestEntry testId="7fc0eaae-89fe-4117-aa9e-9b268117b48e" executionId="2a893009-1904-44c4-b381-3a62b8c2552f" testListId="8c84fa94-04c1-424b-9868-57a2d4851a1d" /><TestEntry testId="b2fb45e4-c0e7-423d-992d-ab0cde78e9c4" executionId="367ce7d4-6d74-4225-b588-3d52b5c00ad1" testListId="8c84fa94-04c1-424b-9868-57a2d4851a1d" /><TestEntry testId="af3d5d3f-cc6a-4e54-bc6d-6e3144258dd9" executionId="d1bb0e84-4a40-4a91-9d0a-6aa87d48a8d7" testListId="8c84fa94-04c1-424b-9868-57a2d4851a1d" /><TestEntry testId="3626db79-02d4-41c7-8dc1-80c4e6dc5b4a" executionId="f7d43b58-79ee-4a18-bf11-16e924b93f9a" testListId="8c84fa94-04c1-424b-9868-57a2d4851a1d" /><TestEntry testId="9f0a14e2-c0c5-4241-b9a4-3890ac17f67f" executionId="f871cab8-02f9-4610-929f-025924394e2e" testListId="8c84fa94-04c1-424b-9868-57a2d4851a1d" /><TestEntry testId="97be82f9-6b25-4cef-ab22-77d28438fb54" executionId="10bd0d77-8e84-42ea-93c8-4825c5aaccdb" testListId="8c84fa94-04c1-424b-9868-57a2d4851a1d" /><TestEntry testId="b23ab631-06e2-4091-b5eb-ce2d1b1dba54" executionId="be41b28b-4b23-4c5d-a71e-2061f504bc52" testListId="8c84fa94-04c1-424b-9868-57a2d4851a1d" /><TestEntry testId="8cabbf14-1024-4d7c-960a-c384583595ef" executionId="4d5d072a-8bee-4c58-a687-41c0172f5b2a" testListId="8c84fa94-04c1-424b-9868-57a2d4851a1d" /><TestEntry testId="eab791f3-5aab-4104-a98f-6288d9bbf2cb" executionId="b275a4bf-32ff-4a5f-ba68-8f99818a4458" testListId="8c84fa94-04c1-424b-9868-57a2d4851a1d" /><TestEntry testId="144498d5-c707-45c4-831b-0d36a9703dc5" executionId="7a1deab4-899f-493f-82f0-68348178b414" testListId="8c84fa94-04c1-424b-9868-57a2d4851a1d" /><TestEntry testId="ebb18389-c66a-4607-9937-6ca7227a9fad" executionId="4082c166-2e5c-4684-b6fb-9a1956ca8892" testListId="8c84fa94-04c1-424b-9868-57a2d4851a1d" /><TestEntry testId="023dc6cb-ab05-499b-989d-9684d4760395" executionId="3d077574-f047-4d0c-bb6f-71fb95697685" testListId="8c84fa94-04c1-424b-9868-57a2d4851a1d" /><TestEntry testId="02e6eed9-7355-4889-96e5-304b561821f7" executionId="b9ab32e7-6290-4401-80e1-72dafaa87321" testListId="8c84fa94-04c1-424b-9868-57a2d4851a1d" /><TestEntry testId="31b58c4b-2e81-4f60-848c-22fb49785745" executionId="39d1f02d-2d1a-4aea-b7f3-3cffa3384760" testListId="8c84fa94-04c1-424b-9868-57a2d4851a1d" /><TestEntry testId="dd6c27fe-3771-40a6-a9c0-a1e0d9181c54" executionId="71cf3973-6547-4065-9f09-3eef0732dfc4" testListId="8c84fa94-04c1-424b-9868-57a2d4851a1d" /><TestEntry testId="7b8b9b13-f9ac-42f1-8320-d6a87737a163" executionId="97edb496-c713-4a0d-b8cd-0ffc63ae1b2a" testListId="8c84fa94-04c1-424b-9868-57a2d4851a1d" /><TestEntry testId="3a6f3a53-72b3-4f61-90d5-643bf393537d" executionId="5849bc4d-5508-4aeb-9252-3ac02d1688e4" testListId="8c84fa94-04c1-424b-9868-57a2d4851a1d" /><TestEntry testId="6c95c187-65b5-4fa8-a23d-7ead14bf3246" executionId="29f2f4b2-be5c-4753-87b7-a744a02dfcca" testListId="8c84fa94-04c1-424b-9868-57a2d4851a1d" /><TestEntry testId="ea52bf2a-18d5-4b1d-9144-b7a038a950f6" executionId="2a796a5f-2afd-4de3-9c75-a63608bf54ff" testListId="8c84fa94-04c1-424b-9868-57a2d4851a1d" /><TestEntry testId="73ec5922-de09-4572-9966-443bb1d84c7f" executionId="ab19ec00-25e0-4422-ae65-8495a5fd1d56" testListId="8c84fa94-04c1-424b-9868-57a2d4851a1d" /><TestEntry testId="00a48112-cc0e-4fbc-9fb5-22e3ee7564ed" executionId="75ec0bd0-2232-4be1-b8fe-41f3ae691364" testListId="8c84fa94-04c1-424b-9868-57a2d4851a1d" /><TestEntry testId="5182cdad-6ce0-43e5-a7e1-f48722a4030d" executionId="0a2ad675-1b61-4068-bda7-950735ad1217" testListId="8c84fa94-04c1-424b-9868-57a2d4851a1d" /><TestEntry testId="63f94b53-db1d-4d17-bbf5-83f99d7ddcec" executionId="0a535523-8d84-4e90-b494-1458a30314eb" testListId="8c84fa94-04c1-424b-9868-57a2d4851a1d" /><TestEntry testId="c8d8c7df-1e03-4d91-b41d-e0a6906a6817" executionId="4d43bebc-b190-468c-9573-68688bf4b7a8" testListId="8c84fa94-04c1-424b-9868-57a2d4851a1d" /><TestEntry testId="555622bf-07cc-4014-abd5-51e89b01d139" executionId="e8e97aea-f529-4c58-ad9b-c8f2f4209aed" testListId="8c84fa94-04c1-424b-9868-57a2d4851a1d" /><TestEntry testId="1432ec38-d134-4562-890f-b2fe61f68e07" executionId="21d0b00c-2e7e-427e-8c41-98d3757ed70a" testListId="8c84fa94-04c1-424b-9868-57a2d4851a1d" /><TestEntry testId="594a60be-9c26-4b4a-ad3f-e3eac0feba95" executionId="5f00f718-c978-42b9-9e96-4829282bbf7e" testListId="8c84fa94-04c1-424b-9868-57a2d4851a1d" /><TestEntry testId="731e755f-dfab-43e5-ba87-526e3d145d62" executionId="2d42d464-09cb-4c05-abf0-ec58d037826b" testListId="8c84fa94-04c1-424b-9868-57a2d4851a1d" /><TestEntry testId="41d4c485-d8e7-405a-95cd-274c40b904fb" executionId="55567de2-f7db-4577-8e35-0475329a10c4" testListId="8c84fa94-04c1-424b-9868-57a2d4851a1d" /><TestEntry testId="86f7783c-ff0b-41e6-9adc-f988cee67f7e" executionId="87f4a1e8-9f77-462f-ae64-3ae566a5b037" testListId="8c84fa94-04c1-424b-9868-57a2d4851a1d" /><TestEntry testId="b59b341a-eec9-4d00-96a1-a8aea91edb3d" executionId="ddd5bab3-b8aa-4169-8cfd-b74d9e905740" testListId="8c84fa94-04c1-424b-9868-57a2d4851a1d" /><TestEntry testId="a10e28d1-b0da-4eec-a122-79e43af4126b" executionId="6a536c63-7dba-4f81-8ac7-1c180ff03fbd" testListId="8c84fa94-04c1-424b-9868-57a2d4851a1d" /><TestEntry testId="6a9ee550-330d-4b2e-b578-f7d249f1a4a8" executionId="f308fd1a-81d3-4d11-87be-bc90a316a7e6" testListId="8c84fa94-04c1-424b-9868-57a2d4851a1d" /><TestEntry testId="3c0c5a46-8332-48d5-a821-c428c7c68082" executionId="691fb493-a672-48f3-8266-e3d14311267f" testListId="8c84fa94-04c1-424b-9868-57a2d4851a1d" /><TestEntry testId="1905ce7c-3d70-4e7a-a4d6-64ae69806aa6" executionId="ef3b9378-e050-4bfc-8f94-1650d8194da7" testListId="8c84fa94-04c1-424b-9868-57a2d4851a1d" /><TestEntry testId="5fde9c50-881d-4318-bd19-475d99074143" executionId="ef83a83f-4d52-4a71-9b8c-50338c604102" testListId="8c84fa94-04c1-424b-9868-57a2d4851a1d" /><TestEntry testId="1621200d-df42-4bc5-beb8-9f19a4079c0b" executionId="b9fcdc0a-6e42-41e1-9394-1d093827e7c7" testListId="8c84fa94-04c1-424b-9868-57a2d4851a1d" /><TestEntry testId="ffbd6838-3b06-43f9-aa26-43c3f6a4713d" executionId="ad4cc6c2-13ab-4e8d-a166-8a67e0d015c6" testListId="8c84fa94-04c1-424b-9868-57a2d4851a1d" /><TestEntry testId="8e1825ef-967c-40e5-922d-37d0694bdc1d" executionId="4c5510a2-274d-4624-b887-48392d5b107a" testListId="8c84fa94-04c1-424b-9868-57a2d4851a1d" /><TestEntry testId="16fcf18b-35c2-4f27-968f-5ff2ab3e6b37" executionId="35f18bcd-13d6-418a-a628-689dfa5eac3e" testListId="8c84fa94-04c1-424b-9868-57a2d4851a1d" /><TestEntry testId="a9cd3f9e-4fd8-403c-9fc6-d97d61c89ebd" executionId="9a40b3bf-44e8-4f03-8686-ad8a83b07908" testListId="8c84fa94-04c1-424b-9868-57a2d4851a1d" /><TestEntry testId="1d998cdd-c60b-4f84-9adb-a6d351c9f9cf" executionId="dcce2ac3-fb76-43f9-8731-3ef080fd02c9" testListId="8c84fa94-04c1-424b-9868-57a2d4851a1d" /><TestEntry testId="414bac99-02a5-4a38-9f50-7596da71cc4d" executionId="4b04c0ad-7ab9-428a-9477-1daefe05931f" testListId="8c84fa94-04c1-424b-9868-57a2d4851a1d" /><TestEntry testId="b17e9cad-4d31-4181-878c-9361861a067b" executionId="cd1e7766-d88c-470e-b5ab-ce8448e2c806" testListId="8c84fa94-04c1-424b-9868-57a2d4851a1d" /><TestEntry testId="0d279871-207b-48a5-ada2-af120a2eb1aa" executionId="35619cf2-ee1a-45cf-b63b-d4e15913e7ef" testListId="8c84fa94-04c1-424b-9868-57a2d4851a1d" /><TestEntry testId="aabfc1c0-1fc9-4a86-8f0a-489231ba0906" executionId="12bb39a8-c1cc-413a-bce7-55775235d7f2" testListId="8c84fa94-04c1-424b-9868-57a2d4851a1d" /><TestEntry testId="e45b9a8c-044e-48a4-a7c4-90676584f021" executionId="5a48179d-5600-4c70-9602-df8cdc928957" testListId="8c84fa94-04c1-424b-9868-57a2d4851a1d" /><TestEntry testId="fd1a41f2-b1f1-423f-b4fc-59e76ce2e93a" executionId="85bacb74-061f-4bca-8462-cdccbfcca2ee" testListId="8c84fa94-04c1-424b-9868-57a2d4851a1d" /><TestEntry testId="b5457a4e-6f3f-42f9-a447-4918ac0256dd" executionId="9cf4dd6b-5d3c-4693-84e5-c1f88b712e34" testListId="8c84fa94-04c1-424b-9868-57a2d4851a1d" /><TestEntry testId="10dd0f02-7a35-48cf-95bb-0959ebaac354" executionId="4e4985c1-e0a3-4387-b54f-a7abf6dc459c" testListId="8c84fa94-04c1-424b-9868-57a2d4851a1d" /><TestEntry testId="799812ed-8fdd-4dca-909e-e6bf759ae3cf" executionId="7c991ffe-1cc3-40f0-98ed-fd387a7a31eb" testListId="8c84fa94-04c1-424b-9868-57a2d4851a1d" /><TestEntry testId="f3df258e-a60f-479c-b667-18a4c979d70e" executionId="7eee3328-7d96-4eb9-9e90-cdb44a3a763d" testListId="8c84fa94-04c1-424b-9868-57a2d4851a1d" /><TestEntry testId="6888fd3f-8ec4-4362-a33a-4b218243a46f" executionId="a9fe7795-a78c-482f-8353-29d135d1c722" testListId="8c84fa94-04c1-424b-9868-57a2d4851a1d" /><TestEntry testId="82d16c8c-df28-4d5a-a3ab-fde4ff59198f" executionId="485f3911-da62-4c7c-8e0b-ef0ef1a580b1" testListId="8c84fa94-04c1-424b-9868-57a2d4851a1d" /><TestEntry testId="abc75676-d982-41eb-b072-4ef0d770155c" executionId="70db2c90-5626-46ff-9fb7-cb9422edcffb" testListId="8c84fa94-04c1-424b-9868-57a2d4851a1d" /><TestEntry testId="37024ab1-a376-4c5d-9f62-0edc52f0f82c" executionId="6719f126-96cb-4cc4-9adb-062ff7712c79" testListId="8c84fa94-04c1-424b-9868-57a2d4851a1d" /><TestEntry testId="58182cde-0523-497b-b953-3fdeabde435e" executionId="285ee7dd-d136-4b4e-8fb8-147fd85e18f5" testListId="8c84fa94-04c1-424b-9868-57a2d4851a1d" /><TestEntry testId="de52cd21-3282-4e29-ac8d-922f91d7b292" executionId="621d9edd-4217-4a91-be88-677166d1e01d" testListId="8c84fa94-04c1-424b-9868-57a2d4851a1d" /><TestEntry testId="388ee22a-eb61-4228-930a-a4961ac4481c" executionId="2d056479-999f-406e-b518-215301ce176a" testListId="8c84fa94-04c1-424b-9868-57a2d4851a1d" /><TestEntry testId="f2f91c80-7dbd-4396-b121-f6fb0c6ffd5a" executionId="b0d93492-be86-43ba-8e2c-0ec72dbedfc0" testListId="8c84fa94-04c1-424b-9868-57a2d4851a1d" /><TestEntry testId="b58cfe4b-da2e-4b4d-9324-3401965ec38c" executionId="b44dfa0b-29aa-4906-9b2a-be60d50df9a8" testListId="8c84fa94-04c1-424b-9868-57a2d4851a1d" /><TestEntry testId="40aef9aa-1587-47a0-b7e6-3f80b9cf68cb" executionId="0bb7da7f-867a-4900-bdaa-547076633dd5" testListId="8c84fa94-04c1-424b-9868-57a2d4851a1d" /><TestEntry testId="3f211b3d-3e3a-4e48-99d3-f22d0c76b5c0" executionId="1108a4f5-4c86-4abf-9587-cfba2d555169" testListId="8c84fa94-04c1-424b-9868-57a2d4851a1d" /><TestEntry testId="8e9e443f-8344-4617-949e-dcff62bd66af" executionId="e8841b23-6917-4866-b8b0-385df2a71ed3" testListId="8c84fa94-04c1-424b-9868-57a2d4851a1d" /><TestEntry testId="fc46728e-e1d4-4731-bf50-f1c5059a386c" executionId="0560bc43-8c1c-4568-87c1-4d82a86e725f" testListId="8c84fa94-04c1-424b-9868-57a2d4851a1d" /><TestEntry testId="45449564-9bd9-435f-86a2-8a55e6fa2682" executionId="5ad0326f-9f4a-4394-93da-2593aa5604bc" testListId="8c84fa94-04c1-424b-9868-57a2d4851a1d" /><TestEntry testId="cb0199dd-bb70-4f31-8b87-3e429fa802b3" executionId="64d2f065-d342-47ea-b414-c2fd5b99da25" testListId="8c84fa94-04c1-424b-9868-57a2d4851a1d" /><TestEntry testId="ae5a4b20-763d-4bf2-9a70-47c876898d75" executionId="cbcf79c0-cff3-4dd7-99c1-50e63cdff72f" testListId="8c84fa94-04c1-424b-9868-57a2d4851a1d" /><TestEntry testId="d4a9a855-5d86-46be-bd8a-0303a6bc2015" executionId="817e46c6-5ede-4f09-9e24-424f32ffc1af" testListId="8c84fa94-04c1-424b-9868-57a2d4851a1d" /><TestEntry testId="192b97fb-a402-4115-be2b-8e7526523d1f" executionId="10da0f58-bbe6-49bb-968b-a7fbf3fb99bc" testListId="8c84fa94-04c1-424b-9868-57a2d4851a1d" /><TestEntry testId="32177afb-b578-4361-9566-9dd2f6714d50" executionId="47614bdd-c6e2-4607-9afd-ab3bbafc26a4" testListId="8c84fa94-04c1-424b-9868-57a2d4851a1d" /><TestEntry testId="b06d2e42-421e-4c82-96d0-1b8effae7329" executionId="2609c6b8-d1b0-4b82-8949-4b7e1eac7753" testListId="8c84fa94-04c1-424b-9868-57a2d4851a1d" /><TestEntry testId="60a0030e-55ee-4bd5-9c75-2fd53868945e" executionId="4bba3443-9124-4f1c-932e-90f8e116a569" testListId="8c84fa94-04c1-424b-9868-57a2d4851a1d" /><TestEntry testId="ffa6f61f-3cb5-4195-ab03-3261c940d8ce" executionId="67d15ffd-7c0e-4505-a3fb-52692f434fb1" testListId="8c84fa94-04c1-424b-9868-57a2d4851a1d" /><TestEntry testId="ec166072-ceb8-410a-b001-f0553be7980b" executionId="67cb4a56-188c-474f-9ee2-6ed7c08836a2" testListId="8c84fa94-04c1-424b-9868-57a2d4851a1d" /><TestEntry testId="d622bd61-87d9-473f-be37-231db292236c" executionId="ea662c39-7358-4adf-94ef-a288efc07192" testListId="8c84fa94-04c1-424b-9868-57a2d4851a1d" /><TestEntry testId="2058a1dc-61b2-45af-a566-2729d6b33357" executionId="fe04d84e-f552-44e4-a607-57558a888172" testListId="8c84fa94-04c1-424b-9868-57a2d4851a1d" /><TestEntry testId="3dffcb11-dd7b-4c91-896b-649c2cacf438" executionId="a9e98e61-33d6-41bb-aeb4-3a489d03344b" testListId="8c84fa94-04c1-424b-9868-57a2d4851a1d" /><TestEntry testId="8aacb1a7-c912-48f8-acd0-2f416b93eacd" executionId="5eb4b677-acfb-44f2-892c-181da431536a" testListId="8c84fa94-04c1-424b-9868-57a2d4851a1d" /><TestEntry testId="c05ff77c-4484-4d3c-8c95-420f2d489b54" executionId="a8cca47d-5735-4e69-a166-ccf7dbc8aa35" testListId="8c84fa94-04c1-424b-9868-57a2d4851a1d" /><TestEntry testId="9f059cc8-3406-42b3-8248-da7cf7e112e9" executionId="05ddc0ee-30f0-4ec0-ab88-222d3f7499db" testListId="8c84fa94-04c1-424b-9868-57a2d4851a1d" /><TestEntry testId="2387d00f-0b14-4373-9bd0-a1332248c1f3" executionId="4ed1fec0-0068-4525-b30c-f2ce687ab588" testListId="8c84fa94-04c1-424b-9868-57a2d4851a1d" /><TestEntry testId="baf68a45-5577-49b9-a23e-4063b82ed2f7" executionId="32cff983-b522-446c-b305-e521bd5b3e8a" testListId="8c84fa94-04c1-424b-9868-57a2d4851a1d" /><TestEntry testId="671931a4-02e5-4394-9284-4018a620c8b2" executionId="e4887c0e-bf1c-4692-a2d5-bb4bdecb6250" testListId="8c84fa94-04c1-424b-9868-57a2d4851a1d" /><TestEntry testId="82436dcd-c103-4cb0-b064-51c1531dbbb6" executionId="ce676fca-aecd-455a-9cd0-323593634a0a" testListId="8c84fa94-04c1-424b-9868-57a2d4851a1d" /><TestEntry testId="6b912987-38fd-47db-b4bb-b17fc7a51b21" executionId="592c9918-49c7-4cca-8483-1e03521f9b9f" testListId="8c84fa94-04c1-424b-9868-57a2d4851a1d" /><TestEntry testId="0128e555-61a4-4583-829d-cb3ae9d0a79c" executionId="815e9da9-e095-4ed6-8755-433fcd114386" testListId="8c84fa94-04c1-424b-9868-57a2d4851a1d" /><TestEntry testId="6c214062-70fc-4784-92f2-69bf5df9d64f" executionId="ffdeadfc-730f-46a1-afbd-940b948b4be2" testListId="8c84fa94-04c1-424b-9868-57a2d4851a1d" /><TestEntry testId="ff8d935a-18f3-4ad4-9f2b-78c90bfa8396" executionId="4a1ddcd3-02e4-487d-b5f7-49316701a99e" testListId="8c84fa94-04c1-424b-9868-57a2d4851a1d" /><TestEntry testId="fb23695e-03d7-4a48-94ea-8e5bd0ed9ef2" executionId="51d6fa88-099c-46e0-a025-e4449ba196d4" testListId="8c84fa94-04c1-424b-9868-57a2d4851a1d" /><TestEntry testId="853ca7bb-a405-4b39-8f60-9c352eb4fb6a" executionId="211a7877-58fd-4eca-85c4-b855fe2afe42" testListId="8c84fa94-04c1-424b-9868-57a2d4851a1d" /><TestEntry testId="da05c392-b6ad-4de0-8fdd-f108920dd5fc" executionId="ca7daf35-1a46-4509-b2fe-202b6409ebcd" testListId="8c84fa94-04c1-424b-9868-57a2d4851a1d" /><TestEntry testId="486875aa-0ae2-4989-9731-d364afcb18d4" executionId="d4105473-ca65-4762-a8e7-804e37fb9c58" testListId="8c84fa94-04c1-424b-9868-57a2d4851a1d" /><TestEntry testId="35f522be-cbb4-4d52-bcc5-1367c87d2586" executionId="6c0066b5-bf12-4e15-9c07-2b772afd0de4" testListId="8c84fa94-04c1-424b-9868-57a2d4851a1d" /><TestEntry testId="2afac242-a231-4fb8-a566-6dc8e7bde25a" executionId="fda0dcf6-1246-4270-a929-b84dd8986e08" testListId="8c84fa94-04c1-424b-9868-57a2d4851a1d" /><TestEntry testId="4e89e047-f1f8-4f85-82bc-0b088725106f" executionId="97445378-c5bc-452d-9542-6496c8f795ed" testListId="8c84fa94-04c1-424b-9868-57a2d4851a1d" /><TestEntry testId="1c58377a-08af-4ca5-bea2-13342b6490f5" executionId="1fbe7ccf-393f-47b5-808f-f8eed61db0cd" testListId="8c84fa94-04c1-424b-9868-57a2d4851a1d" /><TestEntry testId="e35b916f-3b68-4268-8664-bd96eed99d66" executionId="52e23bc0-ec11-46aa-a751-32f2f44cc76c" testListId="8c84fa94-04c1-424b-9868-57a2d4851a1d" /><TestEntry testId="47b4d83a-30db-4d1f-8fd2-2f64ca6da77c" executionId="d241a96b-30b9-4b49-9960-32877facc4a6" testListId="8c84fa94-04c1-424b-9868-57a2d4851a1d" /><TestEntry testId="436c90b4-fa65-499c-814a-f4e1be0fa5dc" executionId="f6bd0bb7-bfcf-4999-bc51-0454ff3406f9" testListId="8c84fa94-04c1-424b-9868-57a2d4851a1d" /><TestEntry testId="94c0cb9a-8cfb-4f1d-b216-46af44f447fd" executionId="7fe781fc-7b9c-42db-9ca8-be80831b3846" testListId="8c84fa94-04c1-424b-9868-57a2d4851a1d" /><TestEntry testId="6e4ce8b0-be2b-40fb-a413-2bde9e4f8db2" executionId="62b03d13-1c8e-435e-8fa8-593c394c51c0" testListId="8c84fa94-04c1-424b-9868-57a2d4851a1d" /><TestEntry testId="5be152a3-29a3-4bdf-aa4f-847e33c89f9b" executionId="001b0d3c-1918-4e0e-9995-bc115c03db32" testListId="8c84fa94-04c1-424b-9868-57a2d4851a1d" /><TestEntry testId="e8f7d049-f94a-4791-87f7-2dcb476cecf6" executionId="73c5faee-fb50-41bf-9216-33cd0c46535f" testListId="8c84fa94-04c1-424b-9868-57a2d4851a1d" /><TestEntry testId="6c7840e8-bc36-4f49-8842-b00e76c5af12" executionId="b9369f28-083f-4d34-82f9-85153bf8cb0c" testListId="8c84fa94-04c1-424b-9868-57a2d4851a1d" /><TestEntry testId="c277a423-c48e-4f6e-88df-5e52e4ec6864" executionId="d59e976c-2bdf-489c-9d73-8a87e8eb521d" testListId="8c84fa94-04c1-424b-9868-57a2d4851a1d" /><TestEntry testId="816b7906-a4df-4e5b-b67b-588bc0a49daa" executionId="7cf3b270-f89c-41de-868c-7a9b1d653335" testListId="8c84fa94-04c1-424b-9868-57a2d4851a1d" /><TestEntry testId="49fb40a1-f36f-4abf-9ab2-0d9267356c7a" executionId="732c1e7a-6587-4e74-98aa-755951b4e67a" testListId="8c84fa94-04c1-424b-9868-57a2d4851a1d" /><TestEntry testId="be108189-01ee-4574-bf6c-cb49070426c5" executionId="0a6bbeff-f0f0-4f02-9168-c4484ce6dcb1" testListId="8c84fa94-04c1-424b-9868-57a2d4851a1d" /><TestEntry testId="9f47e06d-af20-40d6-8da5-25a094548c5d" executionId="0875acfe-2a94-4d4f-8d97-be984af49f2c" testListId="8c84fa94-04c1-424b-9868-57a2d4851a1d" /><TestEntry testId="449828d3-5875-4463-809d-c0c1679e3ec1" executionId="8008e988-c172-4931-8cb6-fbe6ce82e627" testListId="8c84fa94-04c1-424b-9868-57a2d4851a1d" /><TestEntry testId="9837b30f-5750-4911-9398-eb851e2eba78" executionId="6e0b2222-2272-4d14-b299-b83c6fb883fc" testListId="8c84fa94-04c1-424b-9868-57a2d4851a1d" /><TestEntry testId="ebd4e97c-89b4-4c91-a3fe-79a3d2a34d8b" executionId="7449a777-d209-4f6e-8fda-dca5d44b2c99" testListId="8c84fa94-04c1-424b-9868-57a2d4851a1d" /><TestEntry testId="96886ddb-22da-4498-b7c0-ca63f802f5b2" executionId="4e10872e-de1d-4cfe-8ad6-c44cf2d214f6" testListId="8c84fa94-04c1-424b-9868-57a2d4851a1d" /><TestEntry testId="4c541534-dbb9-4f1d-b8d1-21281af3658d" executionId="d945f43b-8192-4678-abba-9a61e916b9b8" testListId="8c84fa94-04c1-424b-9868-57a2d4851a1d" /><TestEntry testId="1ba6830c-a891-4493-91bd-67579991556b" executionId="66c2e2d6-ed5e-4185-aaa8-13fb2e0f079a" testListId="8c84fa94-04c1-424b-9868-57a2d4851a1d" /><TestEntry testId="0ad230b3-1c07-468e-8651-edff9bccd12a" executionId="c519358c-03c2-4f38-a510-57d709bcf108" testListId="8c84fa94-04c1-424b-9868-57a2d4851a1d" /><TestEntry testId="b9f502bd-035b-435a-acdf-ad4497902168" executionId="d4e2c1b6-05b5-43dc-9c9e-8636d3622cd8" testListId="8c84fa94-04c1-424b-9868-57a2d4851a1d" /><TestEntry testId="0f9b641e-526d-4cb7-9285-1a684f327d39" executionId="a48e508d-d012-4763-a641-d37bf51cf5eb" testListId="8c84fa94-04c1-424b-9868-57a2d4851a1d" /><TestEntry testId="4cb6a5d1-f568-4d7e-a518-875b2a8cbb1f" executionId="f1a3600b-904d-40db-be1d-05b8e24d977d" testListId="8c84fa94-04c1-424b-9868-57a2d4851a1d" /><TestEntry testId="96158ba9-b983-4986-9e44-1ee3b866e51f" executionId="7e27f3e5-8671-4626-98be-1304c4967bf2" testListId="8c84fa94-04c1-424b-9868-57a2d4851a1d" /><TestEntry testId="5a0f8663-5210-4b52-9c37-7f7e8e3d3985" executionId="028f7a57-bad9-4a24-ab94-9a8ff63a9a15" testListId="8c84fa94-04c1-424b-9868-57a2d4851a1d" /><TestEntry testId="2960c4f1-6210-43b3-8fe9-f9700e6160a7" executionId="23644533-cf03-4411-ab8f-53edc4a04dd6" testListId="8c84fa94-04c1-424b-9868-57a2d4851a1d" /><TestEntry testId="bcf4b81b-f3b1-42f9-ac84-8d51005d0c51" executionId="60763563-cb99-46fa-b0c7-67b2b78b6d2d" testListId="8c84fa94-04c1-424b-9868-57a2d4851a1d" /><TestEntry testId="304d61c9-088a-4a40-ae69-add5ad54f780" executionId="4371e755-b320-40a4-854f-fd01587aff1d" testListId="8c84fa94-04c1-424b-9868-57a2d4851a1d" /><TestEntry testId="3e0e3c2b-9879-444d-bdb1-c48671d263a3" executionId="17c78f3e-2476-40b0-b465-6da2c2b51c62" testListId="8c84fa94-04c1-424b-9868-57a2d4851a1d" /><TestEntry testId="82eab20a-a3c6-4303-8913-251156490ada" executionId="ebda9cbb-b229-4634-83eb-f5a174bc7294" testListId="8c84fa94-04c1-424b-9868-57a2d4851a1d" /><TestEntry testId="bebda653-86e6-487e-8693-bd066dddb843" executionId="36118eea-10f9-483b-b88b-8b95f5e4be45" testListId="8c84fa94-04c1-424b-9868-57a2d4851a1d" /><TestEntry testId="3613c263-c696-4c7f-922b-5a1994a37e8b" executionId="96183562-c763-459a-94ea-895fa6a12ead" testListId="8c84fa94-04c1-424b-9868-57a2d4851a1d" /><TestEntry testId="b0b52bc8-4e98-4c22-88ba-150f04addac6" executionId="696d25a7-2508-4de6-9e58-0557beb4b5df" testListId="8c84fa94-04c1-424b-9868-57a2d4851a1d" /><TestEntry testId="107d3ce8-051a-463d-8baf-84b4fc0808e9" executionId="564d0580-5e28-42e9-9fee-a3edf74eead1" testListId="8c84fa94-04c1-424b-9868-57a2d4851a1d" /><TestEntry testId="9c7503cd-e764-426d-8d87-f749602ec110" executionId="37d35f08-9390-4422-b41d-b75fb00b75bd" testListId="8c84fa94-04c1-424b-9868-57a2d4851a1d" /><TestEntry testId="e68f9181-c247-4bf5-967d-dbae7f139d6a" executionId="e252eec6-37f1-465a-ae29-1237b338014d" testListId="8c84fa94-04c1-424b-9868-57a2d4851a1d" /><TestEntry testId="ee778ab4-942b-455e-a1e3-4e7362004e5b" executionId="8a3935bc-ebd3-477a-ac73-ec1b0b8d69fd" testListId="8c84fa94-04c1-424b-9868-57a2d4851a1d" /><TestEntry testId="6c477c96-7dbf-4620-ac10-280bae0f8d7e" executionId="ce3ecf76-24f6-48b2-ab4a-5c09c63492f3" testListId="8c84fa94-04c1-424b-9868-57a2d4851a1d" /><TestEntry testId="d31da0d9-5cd2-426b-a54e-9a43378b1d47" executionId="429dabf3-552f-420f-9139-9f48cd9607a9" testListId="8c84fa94-04c1-424b-9868-57a2d4851a1d" /><TestEntry testId="e1e1e26d-f867-4358-a8d8-424598866fa9" executionId="13a11d5e-4413-4d10-a460-315acefad13e" testListId="8c84fa94-04c1-424b-9868-57a2d4851a1d" /><TestEntry testId="6eb6b269-af1a-4597-8aaf-0650b364d247" executionId="53ae1a5e-7992-4110-ac9a-c207f282899b" testListId="8c84fa94-04c1-424b-9868-57a2d4851a1d" /><TestEntry testId="c4cb0596-7106-4bce-8d7e-cbf5fac8078c" executionId="861aacce-8375-4752-bce5-eb01825d2319" testListId="8c84fa94-04c1-424b-9868-57a2d4851a1d" /><TestEntry testId="3697674f-dc25-40dc-b6a3-0c253e8e7ebf" executionId="e4284afa-6309-4f7d-9b87-8d5d77f68cf6" testListId="8c84fa94-04c1-424b-9868-57a2d4851a1d" /><TestEntry testId="952f3509-04b7-4a87-acfb-e1d854972050" executionId="c361bef6-9fa1-4d31-a04c-84c183705151" testListId="8c84fa94-04c1-424b-9868-57a2d4851a1d" /><TestEntry testId="3f2cd23b-b5a3-465c-8a3b-8a02323b9677" executionId="f6c842f0-ced6-4cb9-b9be-acb76d995225" testListId="8c84fa94-04c1-424b-9868-57a2d4851a1d" /><TestEntry testId="ec1174d6-28d7-4025-8f58-224b42634654" executionId="643957d3-c9d9-4c72-a4d5-a875e6c96d1a" testListId="8c84fa94-04c1-424b-9868-57a2d4851a1d" /><TestEntry testId="9ce0ad14-7c94-4a84-8a25-2d14d5db2b8e" executionId="0698ba83-1047-4059-8e4a-4192eb5865dc" testListId="8c84fa94-04c1-424b-9868-57a2d4851a1d" /><TestEntry testId="b39d0324-d54e-4094-b78d-1b4ac9198558" executionId="5bc6030c-91f8-4ab0-9283-d3c1ca1560cf" testListId="8c84fa94-04c1-424b-9868-57a2d4851a1d" /><TestEntry testId="c10e92f2-d243-4cea-8a67-8dbc5ecd96fa" executionId="094fe676-1af3-480b-99f0-3c8da472c1bd" testListId="8c84fa94-04c1-424b-9868-57a2d4851a1d" /><TestEntry testId="faf66f22-f578-45fa-b7cd-eba447027f06" executionId="fcef6287-88af-472e-b334-0179b363736f" testListId="8c84fa94-04c1-424b-9868-57a2d4851a1d" /><TestEntry testId="1b0186e7-22d9-4fd7-8813-af3dffb33d49" executionId="fb33277f-8088-4a11-ac90-465fa4e55e5c" testListId="8c84fa94-04c1-424b-9868-57a2d4851a1d" /><TestEntry testId="517298c8-37b3-45f6-9b5f-c09d938a3996" executionId="469d53e3-a336-4b75-a4a9-7787c93d0439" testListId="8c84fa94-04c1-424b-9868-57a2d4851a1d" /><TestEntry testId="0403e6e2-e295-43e8-b6fc-3a62496019ac" executionId="e3c6bb5c-9f77-4569-be8f-0e82050113f5" testListId="8c84fa94-04c1-424b-9868-57a2d4851a1d" /><TestEntry testId="b5a7f213-63aa-4821-972d-58ea6ee9bb00" executionId="86b9a9ea-e6a4-4fa5-8abf-c62b6e7ca902" testListId="8c84fa94-04c1-424b-9868-57a2d4851a1d" /><TestEntry testId="633118a3-1713-4d2b-a439-de0200c2b2a1" executionId="91bdef70-4a76-4997-88b0-cbd3f45bcabe" testListId="8c84fa94-04c1-424b-9868-57a2d4851a1d" /><TestEntry testId="45d3abae-fc40-4889-a0ae-5525d1483ffd" executionId="c8dcc76c-7822-42bf-a37d-9ca81aa70d68" testListId="8c84fa94-04c1-424b-9868-57a2d4851a1d" /></TestEntries><TestLists><TestList name="Results Not in a List" id="8c84fa94-04c1-424b-9868-57a2d4851a1d" /><TestList name="All Loaded Results" id="19431567-8539-422a-85d7-44ee4e166bda" /></TestLists><ResultSummary outcome="Completed"><Counters total="594" executed="594" passed="594" failed="0" error="0" timeout="0" aborted="0" inconclusive="0" passedButRunAborted="0" notRunnable="0" notExecuted="0" disconnected="0" warning="0" completed="0" inProgress="0" pending="0" /><Output><StdOut>NUnit Adapter 3.9.0.0: Test execution startedRunning all tests in C:\workspaces\openkit-dotnet\tests\openkit-dotnetcore-2.0.Tests\bin\Release\netcoreapp2.0\openkit-dotnetcore-2.0.Tests.dllNUnit3TestExecutor converted 594 of 594 NUnit test casesNUnit Adapter 3.9.0.0: Test execution complete</StdOut></Output></ResultSummary></TestRun>