<?xml version="1.0" encoding="utf-8"?><TestRun id="b2f889b9-7f8a-48d6-89cf-f2a215aae3bf" name="andreas.doppelhofer@TAG009442327432 2018-09-20 12:48:02" runUser="DYNATRACE\andreas.doppelhofer" xmlns="http://microsoft.com/schemas/VisualStudio/TeamTest/2010"><Times creation="2018-09-20T12:48:02.7816900+02:00" queuing="2018-09-20T12:48:02.7816900+02:00" start="2018-09-20T12:48:01.4454458+02:00" finish="2018-09-20T12:48:05.2247983+02:00" /><TestSettings name="default" id="6a199310-1bc7-4bf6-9bfd-db3f66878fd6"><Deployment runDeploymentRoot="andreas.doppelhofer_TAG009442327432_2018-09-20_12_48_02" /></TestSettings><Results><UnitTestResult executionId="9ab7812c-5b78-42e9-8371-98eea47d1551" testId="9d68363b-f947-417b-9bc7-44d861d0c080" testName="SetBytesReceivedDoesNotSetAnythingIfStopped" computerName="TAG009442327432" duration="00:00:00.0010000" startTime="2018-09-20T12:48:03.0000000+02:00" endTime="2018-09-20T12:48:03.0000000+02:00" testType="13cdc9d9-ddb5-4fa4-a97d-d965ccfc6d4b" outcome="Passed" testListId="8c84fa94-04c1-424b-9868-57a2d4851a1d" relativeResultsDirectory="9ab7812c-5b78-42e9-8371-98eea47d1551" /><UnitTestResult executionId="6b733492-2945-4d50-892b-a5bf81b28529" testId="12858b85-1282-460a-83fb-19543fc29b82" testName="InitCompleteIsCalledOnInterrupt" computerName="TAG009442327432" duration="00:00:00.0000001" startTime="2018-09-20T12:48:03.0000000+02:00" endTime="2018-09-20T12:48:03.0000000+02:00" testType="13cdc9d9-ddb5-4fa4-a97d-d965ccfc6d4b" outcome="Passed" testListId="8c84fa94-04c1-424b-9868-57a2d4851a1d" relativeResultsDirectory="6b733492-2945-4d50-892b-a5bf81b28529" /><UnitTestResult executionId="2b8e7ab3-79d4-4769-98a9-e2297f982d81" testId="1e1da54f-e101-4c77-84e0-eee36d8c2e66" testName="RemoveOldestRecordsRemovesEventDataIfTopEventDataAndActionDataHaveSameTimestamp" computerName="TAG009442327432" duration="00:00:00.0010000" startTime="2018-09-20T12:48:02.0000000+02:00" endTime="2018-09-20T12:48:02.0000000+02:00" testType="13cdc9d9-ddb5-4fa4-a97d-d965ccfc6d4b" outcome="Passed" testListId="8c84fa94-04c1-424b-9868-57a2d4851a1d" relativeResultsDirectory="2b8e7ab3-79d4-4769-98a9-e2297f982d81" /><UnitTestResult executionId="2a7d2d42-3804-4b0b-92fc-093e3b40056b" testId="ebdef44f-c2b9-44a6-86ee-8af04cb0c189" testName="ABeaconSendingCaptureOffStateStaysInOffStateWhenServerRespondsWithTooManyRequests" computerName="TAG009442327432" duration="00:00:00.0130000" startTime="2018-09-20T12:48:02.0000000+02:00" endTime="2018-09-20T12:48:02.0000000+02:00" testType="13cdc9d9-ddb5-4fa4-a97d-d965ccfc6d4b" outcome="Passed" testListId="8c84fa94-04c1-424b-9868-57a2d4851a1d" relativeResultsDirectory="2a7d2d42-3804-4b0b-92fc-093e3b40056b" /><UnitTestResult executionId="87fad0f5-fa4d-4c64-8777-cfcb828a3f92" testId="6b1d7e2b-b570-472c-8aee-76d2f0f960d5" testName="ExecuteEvictionLogsAMessageOnceAndReturnsIfStrategyIsDisabled" computerName="TAG009442327432" duration="00:00:00.0010000" startTime="2018-09-20T12:48:02.0000000+02:00" endTime="2018-09-20T12:48:02.0000000+02:00" testType="13cdc9d9-ddb5-4fa4-a97d-d965ccfc6d4b" outcome="Passed" testListId="8c84fa94-04c1-424b-9868-57a2d4851a1d" relativeResultsDirectory="87fad0f5-fa4d-4c64-8777-cfcb828a3f92" /><UnitTestResult executionId="b361b814-0582-4df0-87df-31f6c833472e" testId="a09367eb-cf46-4722-9dbe-72acc0baf494" testName="TraceWebRequestGivesNullWebRequestTracerIfUrlHasAnInvalidScheme" computerName="TAG009442327432" duration="00:00:00.0010000" startTime="2018-09-20T12:48:03.0000000+02:00" endTime="2018-09-20T12:48:03.0000000+02:00" testType="13cdc9d9-ddb5-4fa4-a97d-d965ccfc6d4b" outcome="Passed" testListId="8c84fa94-04c1-424b-9868-57a2d4851a1d" relativeResultsDirectory="b361b814-0582-4df0-87df-31f6c833472e" /><UnitTestResult executionId="402206a6-e8bc-4beb-adbd-ef781df8ca98" testId="adfb9e97-f926-4b00-bf99-02858c8970f4" testName="CurrentStateIsSet" computerName="TAG009442327432" duration="00:00:00.0000001" startTime="2018-09-20T12:48:03.0000000+02:00" endTime="2018-09-20T12:48:03.0000000+02:00" testType="13cdc9d9-ddb5-4fa4-a97d-d965ccfc6d4b" outcome="Passed" testListId="8c84fa94-04c1-424b-9868-57a2d4851a1d" relativeResultsDirectory="402206a6-e8bc-4beb-adbd-ef781df8ca98" /><UnitTestResult executionId="47e21c3f-5e83-4871-822e-f2cad24e0774" testId="d7befb26-efd0-4444-b3c3-869c3fea8423" testName="CanSetCustomMaxBeaconRecordAgeForAppMon" computerName="TAG009442327432" duration="00:00:00.0000001" startTime="2018-09-20T12:48:03.0000000+02:00" endTime="2018-09-20T12:48:03.0000000+02:00" testType="13cdc9d9-ddb5-4fa4-a97d-d965ccfc6d4b" outcome="Passed" testListId="8c84fa94-04c1-424b-9868-57a2d4851a1d" relativeResultsDirectory="47e21c3f-5e83-4871-822e-f2cad24e0774" /><UnitTestResult executionId="5f105005-3ce7-4ecd-a953-f5f75b052863" testId="c36ec7f4-5dc4-4d3d-9689-40424cb3c791" testName="CanSetBeaconCacheLowerMemoryBoundaryForAppMon" computerName="TAG009442327432" duration="00:00:00.0010000" startTime="2018-09-20T12:48:03.0000000+02:00" endTime="2018-09-20T12:48:03.0000000+02:00" testType="13cdc9d9-ddb5-4fa4-a97d-d965ccfc6d4b" outcome="Passed" testListId="8c84fa94-04c1-424b-9868-57a2d4851a1d" relativeResultsDirectory="5f105005-3ce7-4ecd-a953-f5f75b052863" /><UnitTestResult executionId="0d9b942c-414c-4bb7-b77d-25a16f1a9225" testId="7cca2633-95c8-4fd9-a659-b441b55bc719" testName="ResetEventIsSetOnInitFailed" computerName="TAG009442327432" duration="00:00:00.0000001" startTime="2018-09-20T12:48:03.0000000+02:00" endTime="2018-09-20T12:48:03.0000000+02:00" testType="13cdc9d9-ddb5-4fa4-a97d-d965ccfc6d4b" outcome="Passed" testListId="8c84fa94-04c1-424b-9868-57a2d4851a1d" relativeResultsDirectory="0d9b942c-414c-4bb7-b77d-25a16f1a9225" /><UnitTestResult executionId="04683bb0-51dd-4b2b-9a03-56b8d7ff446e" testId="3f9dd4a1-278c-4f61-baa3-67f66602f064" testName="ResetChunkedDoesNothingIfEntryDoesNotExist" computerName="TAG009442327432" duration="00:00:00.0010000" startTime="2018-09-20T12:48:02.0000000+02:00" endTime="2018-09-20T12:48:02.0000000+02:00" testType="13cdc9d9-ddb5-4fa4-a97d-d965ccfc6d4b" outcome="Passed" testListId="8c84fa94-04c1-424b-9868-57a2d4851a1d" relativeResultsDirectory="04683bb0-51dd-4b2b-9a03-56b8d7ff446e" /><UnitTestResult executionId="81ab20a1-5702-4a54-bb55-5f2f7997f801" testId="5e1cca7c-ae70-4370-b2aa-416031bf67f8" testName="CreateTagReturnsEmptyStringForDataCollectionLevel0" computerName="TAG009442327432" duration="00:00:00.0000001" startTime="2018-09-20T12:48:03.0000000+02:00" endTime="2018-09-20T12:48:03.0000000+02:00" testType="13cdc9d9-ddb5-4fa4-a97d-d965ccfc6d4b" outcome="Passed" testListId="8c84fa94-04c1-424b-9868-57a2d4851a1d" relativeResultsDirectory="81ab20a1-5702-4a54-bb55-5f2f7997f801" /><UnitTestResult executionId="9f52033d-270b-4cae-b4a0-066f60d24f18" testId="a70f1d06-acb1-4d9f-a4cf-5f2b05ba96e7" testName="AWebRequestTracerIsStoppedAfterStopHasBeenCalled" computerName="TAG009442327432" duration="00:00:00.0020000" startTime="2018-09-20T12:48:03.0000000+02:00" endTime="2018-09-20T12:48:03.0000000+02:00" testType="13cdc9d9-ddb5-4fa4-a97d-d965ccfc6d4b" outcome="Passed" testListId="8c84fa94-04c1-424b-9868-57a2d4851a1d" relativeResultsDirectory="9f52033d-270b-4cae-b4a0-066f60d24f18" /><UnitTestResult executionId="e0d613d4-3cb8-46d5-a01c-98ff4fd0d677" testId="ce197520-53d5-43a9-bea7-643e25b03b84" testName="DefaultBeaconConfigurationSetsMultiplicityToOne" computerName="TAG009442327432" duration="00:00:00.0000001" startTime="2018-09-20T12:48:03.0000000+02:00" endTime="2018-09-20T12:48:03.0000000+02:00" testType="13cdc9d9-ddb5-4fa4-a97d-d965ccfc6d4b" outcome="Passed" testListId="8c84fa94-04c1-424b-9868-57a2d4851a1d" relativeResultsDirectory="e0d613d4-3cb8-46d5-a01c-98ff4fd0d677" /><UnitTestResult executionId="c99ae643-779d-42f1-80dd-cdd63b3dcf75" testId="f7f94c37-0f22-4067-ae13-1ee6fb318cea" testName="CanSetOperatingSystemForDynatrace" computerName="TAG009442327432" duration="00:00:00.0000001" startTime="2018-09-20T12:48:03.0000000+02:00" endTime="2018-09-20T12:48:03.0000000+02:00" testType="13cdc9d9-ddb5-4fa4-a97d-d965ccfc6d4b" outcome="Passed" testListId="8c84fa94-04c1-424b-9868-57a2d4851a1d" relativeResultsDirectory="c99ae643-779d-42f1-80dd-cdd63b3dcf75" /><UnitTestResult executionId="6fd4bdb9-6432-45e1-808d-8bbed131a591" testId="91cec24a-1e83-4b44-87d6-09624f5e6453" testName="LeavingAParentActionWillLeaveAllOpenChildActionsFirst" computerName="TAG009442327432" duration="00:00:00.0020000" startTime="2018-09-20T12:48:03.0000000+02:00" endTime="2018-09-20T12:48:03.0000000+02:00" testType="13cdc9d9-ddb5-4fa4-a97d-d965ccfc6d4b" outcome="Passed" testListId="8c84fa94-04c1-424b-9868-57a2d4851a1d" relativeResultsDirectory="6fd4bdb9-6432-45e1-808d-8bbed131a591" /><UnitTestResult executionId="633ad3b2-cc69-4d68-a465-a809be97d063" testId="80190ad0-6068-4a46-bfac-11acae6a92e2" testName="SendTimeSyncRequestWorksIfResponseIsNull" computerName="TAG009442327432" duration="00:00:00.0020000" startTime="2018-09-20T12:48:05.0000000+02:00" endTime="2018-09-20T12:48:05.0000000+02:00" testType="13cdc9d9-ddb5-4fa4-a97d-d965ccfc6d4b" outcome="Passed" testListId="8c84fa94-04c1-424b-9868-57a2d4851a1d" relativeResultsDirectory="633ad3b2-cc69-4d68-a465-a809be97d063" /><UnitTestResult executionId="592a7744-3cec-4724-936a-bb46dde21167" testId="d2292c4f-032f-40e3-8672-89e7f036eeda" testName="ParsingMonitorNames" computerName="TAG009442327432" duration="00:00:00.0010000" startTime="2018-09-20T12:48:05.0000000+02:00" endTime="2018-09-20T12:48:05.0000000+02:00" testType="13cdc9d9-ddb5-4fa4-a97d-d965ccfc6d4b" outcome="Passed" testListId="8c84fa94-04c1-424b-9868-57a2d4851a1d" relativeResultsDirectory="592a7744-3cec-4724-936a-bb46dde21167" /><UnitTestResult executionId="6a89953b-ca87-4e96-8bd0-b6edf8011d9d" testId="a2395f94-8d7a-4b6d-876d-28c3b6a95860" testName="CanSetLogger" computerName="TAG009442327432" duration="00:00:00.0000001" startTime="2018-09-20T12:48:03.0000000+02:00" endTime="2018-09-20T12:48:03.0000000+02:00" testType="13cdc9d9-ddb5-4fa4-a97d-d965ccfc6d4b" outcome="Passed" testListId="8c84fa94-04c1-424b-9868-57a2d4851a1d" relativeResultsDirectory="6a89953b-ca87-4e96-8bd0-b6edf8011d9d" /><UnitTestResult executionId="8aa48fb2-9a76-4914-97b6-3cd3a392b748" testId="20cc3872-b3cc-4f86-8b52-e476316f72e6" testName="DynatraceOpenKitBuilderTakesStringDeviceID" computerName="TAG009442327432" duration="00:00:00.0000001" startTime="2018-09-20T12:48:03.0000000+02:00" endTime="2018-09-20T12:48:03.0000000+02:00" testType="13cdc9d9-ddb5-4fa4-a97d-d965ccfc6d4b" outcome="Passed" testListId="8c84fa94-04c1-424b-9868-57a2d4851a1d" relativeResultsDirectory="8aa48fb2-9a76-4914-97b6-3cd3a392b748" /><UnitTestResult executionId="7b785d33-88b7-4a43-80f0-eb831741b4ed" testId="cf4a88df-10d2-4c24-9785-3368dd416ad3" testName="IsDebugEnabledIsFalseIfVerboseIsFalse" computerName="TAG009442327432" duration="00:00:00.0000001" startTime="2018-09-20T12:48:03.0000000+02:00" endTime="2018-09-20T12:48:03.0000000+02:00" testType="13cdc9d9-ddb5-4fa4-a97d-d965ccfc6d4b" outcome="Passed" testListId="8c84fa94-04c1-424b-9868-57a2d4851a1d" relativeResultsDirectory="7b785d33-88b7-4a43-80f0-eb831741b4ed" /><UnitTestResult executionId="289264d2-9395-4fad-a4d2-83be417fa853" testId="f770612a-f219-4411-9414-f37b2c477e41" testName="EndCallsWrappedSession" computerName="TAG009442327432" duration="00:00:00.0010000" startTime="2018-09-20T12:48:03.0000000+02:00" endTime="2018-09-20T12:48:03.0000000+02:00" testType="13cdc9d9-ddb5-4fa4-a97d-d965ccfc6d4b" outcome="Passed" testListId="8c84fa94-04c1-424b-9868-57a2d4851a1d" relativeResultsDirectory="289264d2-9395-4fad-a4d2-83be417fa853" /><UnitTestResult executionId="29cd3b5a-6e91-48c6-9370-79d54d1719e6" testId="a8fe8dd3-d68e-479c-b416-30792e22d88d" testName="AValidSchemeDoesNotStartWithADigit" computerName="TAG009442327432" duration="00:00:00.0010000" startTime="2018-09-20T12:48:03.0000000+02:00" endTime="2018-09-20T12:48:03.0000000+02:00" testType="13cdc9d9-ddb5-4fa4-a97d-d965ccfc6d4b" outcome="Passed" testListId="8c84fa94-04c1-424b-9868-57a2d4851a1d" relativeResultsDirectory="29cd3b5a-6e91-48c6-9370-79d54d1719e6" /><UnitTestResult executionId="f6ea1362-9153-466d-9da3-536bc5648211" testId="f6dc802c-07e3-475b-b9fb-d45aaedb632d" testName="ToStringReturnsTheStateName" computerName="TAG009442327432" duration="00:00:00.0000001" startTime="2018-09-20T12:48:03.0000000+02:00" endTime="2018-09-20T12:48:03.0000000+02:00" testType="13cdc9d9-ddb5-4fa4-a97d-d965ccfc6d4b" outcome="Passed" testListId="8c84fa94-04c1-424b-9868-57a2d4851a1d" relativeResultsDirectory="f6ea1362-9153-466d-9da3-536bc5648211" /><UnitTestResult executionId="34ba856f-b2c6-4b54-9a2e-959a1e7a6004" testId="5af30a14-20fd-40f5-a391-e778388e735b" testName="IdentifyUserDoesNothingIfSessionIsEnded" computerName="TAG009442327432" duration="00:00:00.0000001" startTime="2018-09-20T12:48:03.0000000+02:00" endTime="2018-09-20T12:48:03.0000000+02:00" testType="13cdc9d9-ddb5-4fa4-a97d-d965ccfc6d4b" outcome="Passed" testListId="8c84fa94-04c1-424b-9868-57a2d4851a1d" relativeResultsDirectory="34ba856f-b2c6-4b54-9a2e-959a1e7a6004" /><UnitTestResult executionId="791309b0-76ab-40a5-bd55-d461b8dd0ba1" testId="eabcca27-35d1-4251-973e-b5d6a674118a" testName="SendStatusRequestIsRetriedThreeTimesBeforeGivingUp" computerName="TAG009442327432" duration="00:00:00.4050000" startTime="2018-09-20T12:48:04.0000000+02:00" endTime="2018-09-20T12:48:04.0000000+02:00" testType="13cdc9d9-ddb5-4fa4-a97d-d965ccfc6d4b" outcome="Passed" testListId="8c84fa94-04c1-424b-9868-57a2d4851a1d" relativeResultsDirectory="791309b0-76ab-40a5-bd55-d461b8dd0ba1" /><UnitTestResult executionId="7d6f0398-fc5f-4348-b388-4e9a61cdd42e" testId="90b01b58-fdeb-482b-bba2-f9c7f3dfc000" testName="WaitForInitWhenTimeoutExpires" computerName="TAG009442327432" duration="00:00:00.0010000" startTime="2018-09-20T12:48:03.0000000+02:00" endTime="2018-09-20T12:48:03.0000000+02:00" testType="13cdc9d9-ddb5-4fa4-a97d-d965ccfc6d4b" outcome="Passed" testListId="8c84fa94-04c1-424b-9868-57a2d4851a1d" relativeResultsDirectory="7d6f0398-fc5f-4348-b388-4e9a61cdd42e" /><UnitTestResult executionId="47d8ee23-09a6-45a9-9b14-209602b0eff2" testId="8d4a0a73-7d88-464b-af2d-b683d199ac84" testName="ABeaconSendingFlushSessionsStateClosesOpenSessions" computerName="TAG009442327432" duration="00:00:00.0040000" startTime="2018-09-20T12:48:03.0000000+02:00" endTime="2018-09-20T12:48:03.0000000+02:00" testType="13cdc9d9-ddb5-4fa4-a97d-d965ccfc6d4b" outcome="Passed" testListId="8c84fa94-04c1-424b-9868-57a2d4851a1d" relativeResultsDirectory="47d8ee23-09a6-45a9-9b14-209602b0eff2" /><UnitTestResult executionId="1aad7a64-d10f-4660-a321-2ebc5b800c5f" testId="01a9d274-de44-4597-9e2e-84f264d75a53" testName="IsEmptyGivesTrueIfBeaconDoesNotContainActiveData" computerName="TAG009442327432" duration="00:00:00.0000001" startTime="2018-09-20T12:48:02.0000000+02:00" endTime="2018-09-20T12:48:02.0000000+02:00" testType="13cdc9d9-ddb5-4fa4-a97d-d965ccfc6d4b" outcome="Passed" testListId="8c84fa94-04c1-424b-9868-57a2d4851a1d" relativeResultsDirectory="1aad7a64-d10f-4660-a321-2ebc5b800c5f" /><UnitTestResult executionId="eb22c95a-aeb8-4d73-b725-55315a7c270c" testId="59a55c55-af72-468b-9e36-bd0d9c0740b6" testName="StateIsNotTerminal" computerName="TAG009442327432" duration="00:00:00.0000001" startTime="2018-09-20T12:48:03.0000000+02:00" endTime="2018-09-20T12:48:03.0000000+02:00" testType="13cdc9d9-ddb5-4fa4-a97d-d965ccfc6d4b" outcome="Passed" testListId="8c84fa94-04c1-424b-9868-57a2d4851a1d" relativeResultsDirectory="eb22c95a-aeb8-4d73-b725-55315a7c270c" /><UnitTestResult executionId="d7484b39-d0bc-43d1-aac8-9d2edca268f6" testId="50347b86-6c08-47c0-98bf-50b609c5bac8" testName="ToStringReturnsTheStateName" computerName="TAG009442327432" duration="00:00:00.0000001" startTime="2018-09-20T12:48:03.0000000+02:00" endTime="2018-09-20T12:48:03.0000000+02:00" testType="13cdc9d9-ddb5-4fa4-a97d-d965ccfc6d4b" outcome="Passed" testListId="8c84fa94-04c1-424b-9868-57a2d4851a1d" relativeResultsDirectory="d7484b39-d0bc-43d1-aac8-9d2edca268f6" /><UnitTestResult executionId="ed7e31ee-4d09-43a8-9a14-975d0b5ea741" testId="06c2f816-0e8c-4a16-bc70-3344ec90f2b2" testName="ADefaultConstructedCacheDoesNotContainBeacons" computerName="TAG009442327432" duration="00:00:00.0000001" startTime="2018-09-20T12:48:02.0000000+02:00" endTime="2018-09-20T12:48:02.0000000+02:00" testType="13cdc9d9-ddb5-4fa4-a97d-d965ccfc6d4b" outcome="Passed" testListId="8c84fa94-04c1-424b-9868-57a2d4851a1d" relativeResultsDirectory="ed7e31ee-4d09-43a8-9a14-975d0b5ea741" /><UnitTestResult executionId="5f7ea198-b5ca-4872-9152-e168b270fe61" testId="295331ce-bf85-470a-8c54-e0cad86088c7" testName="AValidSchemeOnlyContainsLettersDigitsPlusPeriodOrHyphen" computerName="TAG009442327432" duration="00:00:00.0000001" startTime="2018-09-20T12:48:03.0000000+02:00" endTime="2018-09-20T12:48:03.0000000+02:00" testType="13cdc9d9-ddb5-4fa4-a97d-d965ccfc6d4b" outcome="Passed" testListId="8c84fa94-04c1-424b-9868-57a2d4851a1d" relativeResultsDirectory="5f7ea198-b5ca-4872-9152-e168b270fe61" /><UnitTestResult executionId="a3f6150d-c78b-44b2-a9f6-4ef8a8a86e8a" testId="df930065-0723-405b-99e3-036783cb1055" testName="CanOverrideTrustManagerForAppMon" computerName="TAG009442327432" duration="00:00:00.0030000" startTime="2018-09-20T12:48:03.0000000+02:00" endTime="2018-09-20T12:48:03.0000000+02:00" testType="13cdc9d9-ddb5-4fa4-a97d-d965ccfc6d4b" outcome="Passed" testListId="8c84fa94-04c1-424b-9868-57a2d4851a1d" relativeResultsDirectory="a3f6150d-c78b-44b2-a9f6-4ef8a8a86e8a" /><UnitTestResult executionId="4f5c4273-f41f-4876-b6d9-352e2eae7747" testId="e2773c63-4953-433d-be72-11643d12a0c9" testName="MarkForSending" computerName="TAG009442327432" duration="00:00:00.0000001" startTime="2018-09-20T12:48:02.0000000+02:00" endTime="2018-09-20T12:48:02.0000000+02:00" testType="13cdc9d9-ddb5-4fa4-a97d-d965ccfc6d4b" outcome="Passed" testListId="8c84fa94-04c1-424b-9868-57a2d4851a1d" relativeResultsDirectory="4f5c4273-f41f-4876-b6d9-352e2eae7747" /><UnitTestResult executionId="47774c46-595d-48ae-8afa-ba84ea52a174" testId="203f5372-4a1b-466c-894a-99a7974bea51" testName="ParsingMaxBeaconSize" computerName="TAG009442327432" duration="00:00:00.0010000" startTime="2018-09-20T12:48:05.0000000+02:00" endTime="2018-09-20T12:48:05.0000000+02:00" testType="13cdc9d9-ddb5-4fa4-a97d-d965ccfc6d4b" outcome="Passed" testListId="8c84fa94-04c1-424b-9868-57a2d4851a1d" relativeResultsDirectory="47774c46-595d-48ae-8afa-ba84ea52a174" /><UnitTestResult executionId="14805a55-73f7-4faf-b157-4d8f313de551" testId="2b2de4f7-c3f4-4fc2-9237-ea88b2ef7a31" testName="ExecuteIsCalledOnCurrentState" computerName="TAG009442327432" duration="00:00:00.0030000" startTime="2018-09-20T12:48:03.0000000+02:00" endTime="2018-09-20T12:48:03.0000000+02:00" testType="13cdc9d9-ddb5-4fa4-a97d-d965ccfc6d4b" outcome="Passed" testListId="8c84fa94-04c1-424b-9868-57a2d4851a1d" relativeResultsDirectory="14805a55-73f7-4faf-b157-4d8f313de551" /><UnitTestResult executionId="980adcfc-67d5-4488-bd48-2332fd5f2ef6" testId="d5bc29b9-04e0-43f3-adf4-20e6ff8232c3" testName="IpV6AddressLinkLocalIsValidVeryShortLinkLocal" computerName="TAG009442327432" duration="00:00:00.0000001" startTime="2018-09-20T12:48:03.0000000+02:00" endTime="2018-09-20T12:48:03.0000000+02:00" testType="13cdc9d9-ddb5-4fa4-a97d-d965ccfc6d4b" outcome="Passed" testListId="8c84fa94-04c1-424b-9868-57a2d4851a1d" relativeResultsDirectory="980adcfc-67d5-4488-bd48-2332fd5f2ef6" /><UnitTestResult executionId="9cc82511-3f9a-4ed1-872e-1a779ff9cff3" testId="51551a66-5d94-4631-9d1e-6a34b338e896" testName="WaitForInitWhenWithTimeoutFailed" computerName="TAG009442327432" duration="00:00:00.0000001" startTime="2018-09-20T12:48:03.0000000+02:00" endTime="2018-09-20T12:48:03.0000000+02:00" testType="13cdc9d9-ddb5-4fa4-a97d-d965ccfc6d4b" outcome="Passed" testListId="8c84fa94-04c1-424b-9868-57a2d4851a1d" relativeResultsDirectory="9cc82511-3f9a-4ed1-872e-1a779ff9cff3" /><UnitTestResult executionId="a9e6b9c0-9d28-46a9-82c9-642113e8daf9" testId="959b1cd4-cb79-4e12-be85-4b13ff646d85" testName="AddingEventData" computerName="TAG009442327432" duration="00:00:00.0010000" startTime="2018-09-20T12:48:02.0000000+02:00" endTime="2018-09-20T12:48:02.0000000+02:00" testType="13cdc9d9-ddb5-4fa4-a97d-d965ccfc6d4b" outcome="Passed" testListId="8c84fa94-04c1-424b-9868-57a2d4851a1d" relativeResultsDirectory="a9e6b9c0-9d28-46a9-82c9-642113e8daf9" /><UnitTestResult executionId="efec3ee0-1b62-459f-b8c9-c1e93eda50ac" testId="9a1b3c3a-045a-4613-aca3-b3b986810c59" testName="IpV6AddressMixedNotationIsValid_ZerosIPv6Compressed" computerName="TAG009442327432" duration="00:00:00.0000001" startTime="2018-09-20T12:48:03.0000000+02:00" endTime="2018-09-20T12:48:03.0000000+02:00" testType="13cdc9d9-ddb5-4fa4-a97d-d965ccfc6d4b" outcome="Passed" testListId="8c84fa94-04c1-424b-9868-57a2d4851a1d" relativeResultsDirectory="efec3ee0-1b62-459f-b8c9-c1e93eda50ac" /><UnitTestResult executionId="bab75c11-7eb6-4767-8cc2-ca0a6a1ca187" testId="c872c035-fb53-45b9-8b88-d3146ca44508" testName="NoUserIdentificationIsReportedIfBeaconConfigurationDisablesCapturing" computerName="TAG009442327432" duration="00:00:00.0010000" startTime="2018-09-20T12:48:03.0000000+02:00" endTime="2018-09-20T12:48:03.0000000+02:00" testType="13cdc9d9-ddb5-4fa4-a97d-d965ccfc6d4b" outcome="Passed" testListId="8c84fa94-04c1-424b-9868-57a2d4851a1d" relativeResultsDirectory="bab75c11-7eb6-4767-8cc2-ca0a6a1ca187" /><UnitTestResult executionId="fe73b04c-c736-45c9-af72-0884138093b7" testId="14d8d5f5-b5de-4383-8f9b-7c63380b299a" testName="DefaultCaptureErrorsIsOn" computerName="TAG009442327432" duration="00:00:00.0000001" startTime="2018-09-20T12:48:05.0000000+02:00" endTime="2018-09-20T12:48:05.0000000+02:00" testType="13cdc9d9-ddb5-4fa4-a97d-d965ccfc6d4b" outcome="Passed" testListId="8c84fa94-04c1-424b-9868-57a2d4851a1d" relativeResultsDirectory="fe73b04c-c736-45c9-af72-0884138093b7" /><UnitTestResult executionId="3c3eeb48-30cb-46cc-8272-48ea2a57877f" testId="54f3ad21-9640-4ee7-90e2-905cf728a68f" testName="ParsingTooBigSendIntervalOverflows" computerName="TAG009442327432" duration="00:00:00.0000001" startTime="2018-09-20T12:48:05.0000000+02:00" endTime="2018-09-20T12:48:05.0000000+02:00" testType="13cdc9d9-ddb5-4fa4-a97d-d965ccfc6d4b" outcome="Passed" testListId="8c84fa94-04c1-424b-9868-57a2d4851a1d" relativeResultsDirectory="3c3eeb48-30cb-46cc-8272-48ea2a57877f" /><UnitTestResult executionId="8cdf2fb9-9dcb-4233-935e-8e7d3245a9f8" testId="20c78221-9f75-4d44-a4a2-09684da7d3b5" testName="EnterActionReturnsNullActionIfActionNameIsAnEmptyString" computerName="TAG009442327432" duration="00:00:00.0010000" startTime="2018-09-20T12:48:03.0000000+02:00" endTime="2018-09-20T12:48:03.0000000+02:00" testType="13cdc9d9-ddb5-4fa4-a97d-d965ccfc6d4b" outcome="Passed" testListId="8c84fa94-04c1-424b-9868-57a2d4851a1d" relativeResultsDirectory="8cdf2fb9-9dcb-4233-935e-8e7d3245a9f8" /><UnitTestResult executionId="3bf0ff57-50cf-47a3-960b-bdf12275782f" testId="bc97d4b4-6cfa-4944-9d3d-0e93186a25a0" testName="ActionNotReportedForDataCollectionLevel0" computerName="TAG009442327432" duration="00:00:00.0020000" startTime="2018-09-20T12:48:03.0000000+02:00" endTime="2018-09-20T12:48:03.0000000+02:00" testType="13cdc9d9-ddb5-4fa4-a97d-d965ccfc6d4b" outcome="Passed" testListId="8c84fa94-04c1-424b-9868-57a2d4851a1d" relativeResultsDirectory="3bf0ff57-50cf-47a3-960b-bdf12275782f" /><UnitTestResult executionId="2c17bad6-51f1-4940-99cd-b7cbd14b4205" testId="cc19b6c5-6a05-4beb-9ce9-40dadcfe5c35" testName="DefaultValues" computerName="TAG009442327432" duration="00:00:00.0010000" startTime="2018-09-20T12:48:03.0000000+02:00" endTime="2018-09-20T12:48:03.0000000+02:00" testType="13cdc9d9-ddb5-4fa4-a97d-d965ccfc6d4b" outcome="Passed" testListId="8c84fa94-04c1-424b-9868-57a2d4851a1d" relativeResultsDirectory="2c17bad6-51f1-4940-99cd-b7cbd14b4205" /><UnitTestResult executionId="d329ef0c-2f0c-40b2-8e54-66b9da4c026b" testId="57aeeac4-584c-400d-8f16-68f950357f08" testName="DeleteCacheEntriesDoesNothingIfGivenBeaconIDIsNotInCache" computerName="TAG009442327432" duration="00:00:00.0010000" startTime="2018-09-20T12:48:02.0000000+02:00" endTime="2018-09-20T12:48:02.0000000+02:00" testType="13cdc9d9-ddb5-4fa4-a97d-d965ccfc6d4b" outcome="Passed" testListId="8c84fa94-04c1-424b-9868-57a2d4851a1d" relativeResultsDirectory="d329ef0c-2f0c-40b2-8e54-66b9da4c026b" /><UnitTestResult executionId="76a16b70-c5b8-4286-8488-f2eb2e113b49" testId="5ffd73a1-f17c-434d-b1a5-d7b331817a93" testName="OpenSessionsAreSentIfSendIntervalIsExceeded" computerName="TAG009442327432" duration="00:00:00.0010000" startTime="2018-09-20T12:48:02.0000000+02:00" endTime="2018-09-20T12:48:02.0000000+02:00" testType="13cdc9d9-ddb5-4fa4-a97d-d965ccfc6d4b" outcome="Passed" testListId="8c84fa94-04c1-424b-9868-57a2d4851a1d" relativeResultsDirectory="76a16b70-c5b8-4286-8488-f2eb2e113b49" /><UnitTestResult executionId="7d75b0d8-b8b3-4504-b2a2-a850d347e036" testId="cc2ada78-8056-4433-bb28-de8be0550027" testName="ParsingInvalidNumericValueForCaptureThrowsException" computerName="TAG009442327432" duration="00:00:00.0010000" startTime="2018-09-20T12:48:05.0000000+02:00" endTime="2018-09-20T12:48:05.0000000+02:00" testType="13cdc9d9-ddb5-4fa4-a97d-d965ccfc6d4b" outcome="Passed" testListId="8c84fa94-04c1-424b-9868-57a2d4851a1d" relativeResultsDirectory="7d75b0d8-b8b3-4504-b2a2-a850d347e036" /><UnitTestResult executionId="11f19b04-487d-45c1-b973-5bfa611a80b9" testId="acac10c0-101a-4997-99d1-03bc896b5134" testName="ANewlyCreatedSessionIsNotEnded" computerName="TAG009442327432" duration="00:00:00.0000001" startTime="2018-09-20T12:48:03.0000000+02:00" endTime="2018-09-20T12:48:03.0000000+02:00" testType="13cdc9d9-ddb5-4fa4-a97d-d965ccfc6d4b" outcome="Passed" testListId="8c84fa94-04c1-424b-9868-57a2d4851a1d" relativeResultsDirectory="11f19b04-487d-45c1-b973-5bfa611a80b9" /><UnitTestResult executionId="4aed2d86-0347-434b-9508-be7e626f6a5f" testId="c8d91d04-8b03-4a3b-b108-d6a0d038b109" testName="CannotAddReceivedBytesWithInvalidValueSmallerZeroToWebRequestTracer" computerName="TAG009442327432" duration="00:00:00.0010000" startTime="2018-09-20T12:48:03.0000000+02:00" endTime="2018-09-20T12:48:03.0000000+02:00" testType="13cdc9d9-ddb5-4fa4-a97d-d965ccfc6d4b" outcome="Passed" testListId="8c84fa94-04c1-424b-9868-57a2d4851a1d" relativeResultsDirectory="4aed2d86-0347-434b-9508-be7e626f6a5f" /><UnitTestResult executionId="9166766b-8065-49f1-8617-a89e218b2e16" testId="76443179-d3a0-4578-80af-df82898eef4f" testName="SendBeaconRequestSendsOneHTTPPostRequest" computerName="TAG009442327432" duration="00:00:00.0020000" startTime="2018-09-20T12:48:03.0000000+02:00" endTime="2018-09-20T12:48:03.0000000+02:00" testType="13cdc9d9-ddb5-4fa4-a97d-d965ccfc6d4b" outcome="Passed" testListId="8c84fa94-04c1-424b-9868-57a2d4851a1d" relativeResultsDirectory="9166766b-8065-49f1-8617-a89e218b2e16" /><UnitTestResult executionId="80b1f291-1996-4f48-9ab2-cf371ed8b145" testId="d2dee49b-5b21-40de-a8f7-49eb6fef8bde" testName="ResponseSendTimeIsParsed" computerName="TAG009442327432" duration="00:00:00.0000001" startTime="2018-09-20T12:48:05.0000000+02:00" endTime="2018-09-20T12:48:05.0000000+02:00" testType="13cdc9d9-ddb5-4fa4-a97d-d965ccfc6d4b" outcome="Passed" testListId="8c84fa94-04c1-424b-9868-57a2d4851a1d" relativeResultsDirectory="80b1f291-1996-4f48-9ab2-cf371ed8b145" /><UnitTestResult executionId="b8d289f8-8cfa-46a7-ab9e-40f9de527a45" testId="58562fea-97b9-42e8-99a3-6d4ba2f3b09a" testName="AddActionDataAddsDataToAlreadyExistingBeaconId" computerName="TAG009442327432" duration="00:00:00.0010000" startTime="2018-09-20T12:48:02.0000000+02:00" endTime="2018-09-20T12:48:02.0000000+02:00" testType="13cdc9d9-ddb5-4fa4-a97d-d965ccfc6d4b" outcome="Passed" testListId="8c84fa94-04c1-424b-9868-57a2d4851a1d" relativeResultsDirectory="b8d289f8-8cfa-46a7-ab9e-40f9de527a45" /><UnitTestResult executionId="ce1bc355-dcee-47ad-8edb-04994ed72749" testId="c00ede1a-4bb3-4e1a-8438-5f543e8aa7c4" testName="LastTimeSyncTimeIsInitializedWithMinus1" computerName="TAG009442327432" duration="00:00:00.0000001" startTime="2018-09-20T12:48:03.0000000+02:00" endTime="2018-09-20T12:48:03.0000000+02:00" testType="13cdc9d9-ddb5-4fa4-a97d-d965ccfc6d4b" outcome="Passed" testListId="8c84fa94-04c1-424b-9868-57a2d4851a1d" relativeResultsDirectory="ce1bc355-dcee-47ad-8edb-04994ed72749" /><UnitTestResult executionId="6c8071bd-c446-4c38-afd5-1537bf8024d6" testId="1ba05800-0bec-4461-96cf-797e9017ca36" testName="CanSetAppNameForDynatrace" computerName="TAG009442327432" duration="00:00:00.0000001" startTime="2018-09-20T12:48:03.0000000+02:00" endTime="2018-09-20T12:48:03.0000000+02:00" testType="13cdc9d9-ddb5-4fa4-a97d-d965ccfc6d4b" outcome="Passed" testListId="8c84fa94-04c1-424b-9868-57a2d4851a1d" relativeResultsDirectory="6c8071bd-c446-4c38-afd5-1537bf8024d6" /><UnitTestResult executionId="1f3b97a2-ac7a-4dc1-9ebd-42cf6a0b0ccf" testId="90bfac1a-5b61-4a73-b902-a93ebd7e05b1" testName="IsDebugEnabledIsTrueIfVerboseIsTrue" computerName="TAG009442327432" duration="00:00:00.0000001" startTime="2018-09-20T12:48:03.0000000+02:00" endTime="2018-09-20T12:48:03.0000000+02:00" testType="13cdc9d9-ddb5-4fa4-a97d-d965ccfc6d4b" outcome="Passed" testListId="8c84fa94-04c1-424b-9868-57a2d4851a1d" relativeResultsDirectory="1f3b97a2-ac7a-4dc1-9ebd-42cf6a0b0ccf" /><UnitTestResult executionId="f941bac5-09fd-45f8-a4ac-b4a0c985aa3c" testId="d3886973-dee6-453f-a11d-1bfbbb064226" testName="AmpersandIsNotAValidKeyValueSeparator" computerName="TAG009442327432" duration="00:00:00.0080000" startTime="2018-09-20T12:48:05.0000000+02:00" endTime="2018-09-20T12:48:05.0000000+02:00" testType="13cdc9d9-ddb5-4fa4-a97d-d965ccfc6d4b" outcome="Passed" testListId="8c84fa94-04c1-424b-9868-57a2d4851a1d" relativeResultsDirectory="f941bac5-09fd-45f8-a4ac-b4a0c985aa3c" /><UnitTestResult executionId="c4fa8609-8ffa-4d5b-917d-aaf0c0fbb8b3" testId="f07792d6-2a14-4266-93d8-9521cdcac4d7" testName="SessionNotReportedForDataCollectionLevel0" computerName="TAG009442327432" duration="00:00:00.0000001" startTime="2018-09-20T12:48:03.0000000+02:00" endTime="2018-09-20T12:48:03.0000000+02:00" testType="13cdc9d9-ddb5-4fa4-a97d-d965ccfc6d4b" outcome="Passed" testListId="8c84fa94-04c1-424b-9868-57a2d4851a1d" relativeResultsDirectory="c4fa8609-8ffa-4d5b-917d-aaf0c0fbb8b3" /><UnitTestResult executionId="512c15ec-a1b4-4438-bc2a-d50f72227249" testId="abc4dd5f-1971-49dc-bd1e-ca136c13f542" testName="AfterCallingEndASessionIsEnded" computerName="TAG009442327432" duration="00:00:00.0010000" startTime="2018-09-20T12:48:03.0000000+02:00" endTime="2018-09-20T12:48:03.0000000+02:00" testType="13cdc9d9-ddb5-4fa4-a97d-d965ccfc6d4b" outcome="Passed" testListId="8c84fa94-04c1-424b-9868-57a2d4851a1d" relativeResultsDirectory="512c15ec-a1b4-4438-bc2a-d50f72227249" /><UnitTestResult executionId="fd8d918e-b0e1-4328-9235-5ab696556547" testId="1e98a186-3608-40e4-81f8-49f1e68c01bb" testName="SendBeaconRequestWorksIfResponseIsNull" computerName="TAG009442327432" duration="00:00:00.0010000" startTime="2018-09-20T12:48:03.0000000+02:00" endTime="2018-09-20T12:48:03.0000000+02:00" testType="13cdc9d9-ddb5-4fa4-a97d-d965ccfc6d4b" outcome="Passed" testListId="8c84fa94-04c1-424b-9868-57a2d4851a1d" relativeResultsDirectory="fd8d918e-b0e1-4328-9235-5ab696556547" /><UnitTestResult executionId="2a049205-ab00-42cc-813d-6e1209e5bedc" testId="03f12510-3862-45ff-984b-9797b136304a" testName="NotEqualInstancesHaveDifferentHashCode" computerName="TAG009442327432" duration="00:00:00.0010000" startTime="2018-09-20T12:48:02.0000000+02:00" endTime="2018-09-20T12:48:02.0000000+02:00" testType="13cdc9d9-ddb5-4fa4-a97d-d965ccfc6d4b" outcome="Passed" testListId="8c84fa94-04c1-424b-9868-57a2d4851a1d" relativeResultsDirectory="2a049205-ab00-42cc-813d-6e1209e5bedc" /><UnitTestResult executionId="8b1b1fd6-40cc-45b1-bcb2-cfcdad7cd742" testId="23cebca2-3d81-4c82-b740-54c5009efa82" testName="TransitionToCaptureOffStateIsPerformed" computerName="TAG009442327432" duration="00:00:00.0010000" startTime="2018-09-20T12:48:02.0000000+02:00" endTime="2018-09-20T12:48:02.0000000+02:00" testType="13cdc9d9-ddb5-4fa4-a97d-d965ccfc6d4b" outcome="Passed" testListId="8c84fa94-04c1-424b-9868-57a2d4851a1d" relativeResultsDirectory="8b1b1fd6-40cc-45b1-bcb2-cfcdad7cd742" /><UnitTestResult executionId="b211e32a-d813-4eee-8934-147d888feb25" testId="e95099c3-d0e1-4bc1-9858-0f6766cff6e5" testName="DefaultsAreSetForDynatrace" computerName="TAG009442327432" duration="00:00:00.0000001" startTime="2018-09-20T12:48:03.0000000+02:00" endTime="2018-09-20T12:48:03.0000000+02:00" testType="13cdc9d9-ddb5-4fa4-a97d-d965ccfc6d4b" outcome="Passed" testListId="8c84fa94-04c1-424b-9868-57a2d4851a1d" relativeResultsDirectory="b211e32a-d813-4eee-8934-147d888feb25" /><UnitTestResult executionId="936d77ca-547e-4b02-b5d5-efecf9c2d4c1" testId="cca3b1b5-b3b9-4661-b2ea-e1bbeb38685b" testName="AddActionDataRaisesEvent" computerName="TAG009442327432" duration="00:00:00.0010000" startTime="2018-09-20T12:48:02.0000000+02:00" endTime="2018-09-20T12:48:02.0000000+02:00" testType="13cdc9d9-ddb5-4fa4-a97d-d965ccfc6d4b" outcome="Passed" testListId="8c84fa94-04c1-424b-9868-57a2d4851a1d" relativeResultsDirectory="936d77ca-547e-4b02-b5d5-efecf9c2d4c1" /><UnitTestResult executionId="60a3822e-df15-47f7-88fb-ce0cfba9bdc3" testId="372423cc-9751-4b4f-b39d-5eaf6cd4357e" testName="StringValueReportedForDataCollectionLevel2" computerName="TAG009442327432" duration="00:00:00.0010000" startTime="2018-09-20T12:48:03.0000000+02:00" endTime="2018-09-20T12:48:03.0000000+02:00" testType="13cdc9d9-ddb5-4fa4-a97d-d965ccfc6d4b" outcome="Passed" testListId="8c84fa94-04c1-424b-9868-57a2d4851a1d" relativeResultsDirectory="60a3822e-df15-47f7-88fb-ce0cfba9bdc3" /><UnitTestResult executionId="bf345df4-6f8c-4f79-9f5f-0a9ec88f8d22" testId="8ba422cf-8505-4618-bd23-4c07b0eae0eb" testName="SameInstancesHaveSameHashCode" computerName="TAG009442327432" duration="00:00:00.0000001" startTime="2018-09-20T12:48:02.0000000+02:00" endTime="2018-09-20T12:48:02.0000000+02:00" testType="13cdc9d9-ddb5-4fa4-a97d-d965ccfc6d4b" outcome="Passed" testListId="8c84fa94-04c1-424b-9868-57a2d4851a1d" relativeResultsDirectory="bf345df4-6f8c-4f79-9f5f-0a9ec88f8d22" /><UnitTestResult executionId="d919384f-0988-43ec-9c7c-b5918ba344d9" testId="e5c3e1d3-2bb7-46ba-8d71-0aa9681941b8" testName="ReportErrorDoesNotReportOnDataCollectionLevel0" computerName="TAG009442327432" duration="00:00:00.0010000" startTime="2018-09-20T12:48:03.0000000+02:00" endTime="2018-09-20T12:48:03.0000000+02:00" testType="13cdc9d9-ddb5-4fa4-a97d-d965ccfc6d4b" outcome="Passed" testListId="8c84fa94-04c1-424b-9868-57a2d4851a1d" relativeResultsDirectory="d919384f-0988-43ec-9c7c-b5918ba344d9" /><UnitTestResult executionId="6f1be6f5-c42e-4b79-be62-4c333bba60c3" testId="ccd8df0b-40b4-4656-bf48-1b85daadd2a4" testName="ApplicationNameIsSetCorrectlyForAppMon" computerName="TAG009442327432" duration="00:00:00.0010000" startTime="2018-09-20T12:48:03.0000000+02:00" endTime="2018-09-20T12:48:03.0000000+02:00" testType="13cdc9d9-ddb5-4fa4-a97d-d965ccfc6d4b" outcome="Passed" testListId="8c84fa94-04c1-424b-9868-57a2d4851a1d" relativeResultsDirectory="6f1be6f5-c42e-4b79-be62-4c333bba60c3" /><UnitTestResult executionId="3f21e81d-690a-4386-8778-922c6bc6982a" testId="e2b54be4-33b7-4cb4-a9c4-4e394c691f18" testName="ABeaconSendingCaptureOffStateWaitsForGivenTime" computerName="TAG009442327432" duration="00:00:00.0010000" startTime="2018-09-20T12:48:02.0000000+02:00" endTime="2018-09-20T12:48:02.0000000+02:00" testType="13cdc9d9-ddb5-4fa4-a97d-d965ccfc6d4b" outcome="Passed" testListId="8c84fa94-04c1-424b-9868-57a2d4851a1d" relativeResultsDirectory="3f21e81d-690a-4386-8778-922c6bc6982a" /><UnitTestResult executionId="2ebe4e87-cda4-4961-9b0e-df096024737d" testId="a77bf2de-658b-4b87-b440-ced7e2b0d4c5" testName="IsSuccessfulResponseReturnsFalseIfResponseIsErroneous" computerName="TAG009442327432" duration="00:00:00.0000001" startTime="2018-09-20T12:48:03.0000000+02:00" endTime="2018-09-20T12:48:03.0000000+02:00" testType="13cdc9d9-ddb5-4fa4-a97d-d965ccfc6d4b" outcome="Passed" testListId="8c84fa94-04c1-424b-9868-57a2d4851a1d" relativeResultsDirectory="2ebe4e87-cda4-4961-9b0e-df096024737d" /><UnitTestResult executionId="6c82a11e-7281-42d8-a3bd-894449c62c16" testId="64d7b73a-5506-4758-979b-c38e9e6805a8" testName="StoppingABeaconCacheEvictorWhichIsNotAliveDoesNothing" computerName="TAG009442327432" duration="00:00:00.0000001" startTime="2018-09-20T12:48:02.0000000+02:00" endTime="2018-09-20T12:48:02.0000000+02:00" testType="13cdc9d9-ddb5-4fa4-a97d-d965ccfc6d4b" outcome="Passed" testListId="8c84fa94-04c1-424b-9868-57a2d4851a1d" relativeResultsDirectory="6c82a11e-7281-42d8-a3bd-894449c62c16" /><UnitTestResult executionId="599598e9-119e-4ab5-90fd-4f7f41e317b1" testId="e20a1e27-b770-43e5-a1b0-4d20b46e1234" testName="CanAddSentBytesValueZeroToWebRequestTracer" computerName="TAG009442327432" duration="00:00:00.0010000" startTime="2018-09-20T12:48:03.0000000+02:00" endTime="2018-09-20T12:48:03.0000000+02:00" testType="13cdc9d9-ddb5-4fa4-a97d-d965ccfc6d4b" outcome="Passed" testListId="8c84fa94-04c1-424b-9868-57a2d4851a1d" relativeResultsDirectory="599598e9-119e-4ab5-90fd-4f7f41e317b1" /><UnitTestResult executionId="94622964-90fc-470a-a0d6-5d6dc9116c6b" testId="d7ad2bbf-c801-4729-84f6-fb2372e7a985" testName="DefaultCaptureIsOn" computerName="TAG009442327432" duration="00:00:00.0000001" startTime="2018-09-20T12:48:05.0000000+02:00" endTime="2018-09-20T12:48:05.0000000+02:00" testType="13cdc9d9-ddb5-4fa4-a97d-d965ccfc6d4b" outcome="Passed" testListId="8c84fa94-04c1-424b-9868-57a2d4851a1d" relativeResultsDirectory="94622964-90fc-470a-a0d6-5d6dc9116c6b" /><UnitTestResult executionId="72b28aac-b393-4e9a-97cc-c8669dc19509" testId="f709e454-565c-48cf-89c6-d0e3ed5ebf18" testName="GetRetryAfterReturnsDefaultValueIfMultipleValuesWereRetrieved" computerName="TAG009442327432" duration="00:00:00.0010000" startTime="2018-09-20T12:48:05.0000000+02:00" endTime="2018-09-20T12:48:05.0000000+02:00" testType="13cdc9d9-ddb5-4fa4-a97d-d965ccfc6d4b" outcome="Passed" testListId="8c84fa94-04c1-424b-9868-57a2d4851a1d" relativeResultsDirectory="72b28aac-b393-4e9a-97cc-c8669dc19509" /><UnitTestResult executionId="a195c837-132d-4620-ae68-6bcdf6dbb20c" testId="6a104a78-c616-4a22-a5f5-7318b7e2918d" testName="SessionStartIsReported" computerName="TAG009442327432" duration="00:00:00.0000001" startTime="2018-09-20T12:48:03.0000000+02:00" endTime="2018-09-20T12:48:03.0000000+02:00" testType="13cdc9d9-ddb5-4fa4-a97d-d965ccfc6d4b" outcome="Passed" testListId="8c84fa94-04c1-424b-9868-57a2d4851a1d" relativeResultsDirectory="a195c837-132d-4620-ae68-6bcdf6dbb20c" /><UnitTestResult executionId="b0e051c6-aea2-45bf-b21c-f0225f4e7184" testId="d6990cb9-a3ad-494d-b461-dec36a1ae2b1" testName="ADefaultConstructedConfigurationEnablesCapturing" computerName="TAG009442327432" duration="00:00:00.0000001" startTime="2018-09-20T12:48:03.0000000+02:00" endTime="2018-09-20T12:48:03.0000000+02:00" testType="13cdc9d9-ddb5-4fa4-a97d-d965ccfc6d4b" outcome="Passed" testListId="8c84fa94-04c1-424b-9868-57a2d4851a1d" relativeResultsDirectory="b0e051c6-aea2-45bf-b21c-f0225f4e7184" /><UnitTestResult executionId="f5dcf36f-a4e6-459b-ab5b-8ee5b10a5bda" testId="fb099550-e7bf-4fe3-bdc0-23fbbe0a49c1" testName="CanSetManufactureForDynatrace" computerName="TAG009442327432" duration="00:00:00.0000001" startTime="2018-09-20T12:48:03.0000000+02:00" endTime="2018-09-20T12:48:03.0000000+02:00" testType="13cdc9d9-ddb5-4fa4-a97d-d965ccfc6d4b" outcome="Passed" testListId="8c84fa94-04c1-424b-9868-57a2d4851a1d" relativeResultsDirectory="f5dcf36f-a4e6-459b-ab5b-8ee5b10a5bda" /><UnitTestResult executionId="2d3eb03a-b10a-4dfd-b071-d891bd806289" testId="9ab2b82c-0919-4200-b76e-8a38e1f263dd" testName="IpV6AddressLinkLocalIsInvalidTooManyBlocks" computerName="TAG009442327432" duration="00:00:00.0000001" startTime="2018-09-20T12:48:03.0000000+02:00" endTime="2018-09-20T12:48:03.0000000+02:00" testType="13cdc9d9-ddb5-4fa4-a97d-d965ccfc6d4b" outcome="Passed" testListId="8c84fa94-04c1-424b-9868-57a2d4851a1d" relativeResultsDirectory="2d3eb03a-b10a-4dfd-b071-d891bd806289" /><UnitTestResult executionId="b94a23ea-dbb8-42f4-9f33-a70473939e67" testId="d268ae27-237b-4126-8365-86773989d3f2" testName="PassingNullResponseStringDoesNotThrow" computerName="TAG009442327432" duration="00:00:00.0000001" startTime="2018-09-20T12:48:05.0000000+02:00" endTime="2018-09-20T12:48:05.0000000+02:00" testType="13cdc9d9-ddb5-4fa4-a97d-d965ccfc6d4b" outcome="Passed" testListId="8c84fa94-04c1-424b-9868-57a2d4851a1d" relativeResultsDirectory="b94a23ea-dbb8-42f4-9f33-a70473939e67" /><UnitTestResult executionId="9d324adc-4681-4030-90ba-78191d50a0cb" testId="03019725-1246-4cfc-9fb8-01b99e03ff0b" testName="ReportCrashDoesNothingIfErrorNameIsAnEmptyString" computerName="TAG009442327432" duration="00:00:00.0010000" startTime="2018-09-20T12:48:03.0000000+02:00" endTime="2018-09-20T12:48:03.0000000+02:00" testType="13cdc9d9-ddb5-4fa4-a97d-d965ccfc6d4b" outcome="Passed" testListId="8c84fa94-04c1-424b-9868-57a2d4851a1d" relativeResultsDirectory="9d324adc-4681-4030-90ba-78191d50a0cb" /><UnitTestResult executionId="c509dd55-99ae-4dda-847f-66befd208ce0" testId="ffa46194-5036-46a1-927f-5f05fcfead4b" testName="AddEventDataAddsDataToAlreadyExistingBeaconId" computerName="TAG009442327432" duration="00:00:00.0010000" startTime="2018-09-20T12:48:02.0000000+02:00" endTime="2018-09-20T12:48:02.0000000+02:00" testType="13cdc9d9-ddb5-4fa4-a97d-d965ccfc6d4b" outcome="Passed" testListId="8c84fa94-04c1-424b-9868-57a2d4851a1d" relativeResultsDirectory="c509dd55-99ae-4dda-847f-66befd208ce0" /><UnitTestResult executionId="75319b90-ff76-495a-bb14-a415165fd9f4" testId="cb817a97-05c3-41aa-a7ff-2239b1fc9159" testName="DeleteCacheEntryDecrementsCacheSize" computerName="TAG009442327432" duration="00:00:00.0000001" startTime="2018-09-20T12:48:02.0000000+02:00" endTime="2018-09-20T12:48:02.0000000+02:00" testType="13cdc9d9-ddb5-4fa4-a97d-d965ccfc6d4b" outcome="Passed" testListId="8c84fa94-04c1-424b-9868-57a2d4851a1d" relativeResultsDirectory="75319b90-ff76-495a-bb14-a415165fd9f4" /><UnitTestResult executionId="1dd1d769-767c-478c-9d49-9a902ed69f35" testId="8c994209-5035-48b2-9e54-88100592e03c" testName="ByDefaultTheSessionIsNotFinished" computerName="TAG009442327432" duration="00:00:00.0000001" startTime="2018-09-20T12:48:03.0000000+02:00" endTime="2018-09-20T12:48:03.0000000+02:00" testType="13cdc9d9-ddb5-4fa4-a97d-d965ccfc6d4b" outcome="Passed" testListId="8c84fa94-04c1-424b-9868-57a2d4851a1d" relativeResultsDirectory="1dd1d769-767c-478c-9d49-9a902ed69f35" /><UnitTestResult executionId="1f78b570-7b67-4a54-aa5b-90588c897d54" testId="e2bac2db-119d-44ec-b604-b713d7115125" testName="NeedsDataCopyBeforeChunkingGivesTrueBeforeDataIsCopied" computerName="TAG009442327432" duration="00:00:00.0000001" startTime="2018-09-20T12:48:02.0000000+02:00" endTime="2018-09-20T12:48:02.0000000+02:00" testType="13cdc9d9-ddb5-4fa4-a97d-d965ccfc6d4b" outcome="Passed" testListId="8c84fa94-04c1-424b-9868-57a2d4851a1d" relativeResultsDirectory="1f78b570-7b67-4a54-aa5b-90588c897d54" /><UnitTestResult executionId="5473bc44-b2fe-4c5f-9611-29f35ab9b4a9" testId="961c6665-e328-4f50-b2bc-239dcce95fbd" testName="SendStatusRequestHandlesNullResponsesSameAsErroneousResponses" computerName="TAG009442327432" duration="00:00:00.0010000" startTime="2018-09-20T12:48:03.0000000+02:00" endTime="2018-09-20T12:48:03.0000000+02:00" testType="13cdc9d9-ddb5-4fa4-a97d-d965ccfc6d4b" outcome="Passed" testListId="8c84fa94-04c1-424b-9868-57a2d4851a1d" relativeResultsDirectory="5473bc44-b2fe-4c5f-9611-29f35ab9b4a9" /><UnitTestResult executionId="667d4417-3910-45e6-b48d-a55b24d3d8c0" testId="5b7b8763-0764-469e-b711-7e7bc5f90d39" testName="ÉxecuteEvictionStopsIfThreadGetsInterruptedBetweenTwoBeacons" computerName="TAG009442327432" duration="00:00:00.0020000" startTime="2018-09-20T12:48:02.0000000+02:00" endTime="2018-09-20T12:48:02.0000000+02:00" testType="13cdc9d9-ddb5-4fa4-a97d-d965ccfc6d4b" outcome="Passed" testListId="8c84fa94-04c1-424b-9868-57a2d4851a1d" relativeResultsDirectory="667d4417-3910-45e6-b48d-a55b24d3d8c0" /><UnitTestResult executionId="aa67a43e-9bce-4371-b4c6-3391800bfc16" testId="8426fdef-c5f7-4ae9-9700-9c0b22e3d974" testName="CapturingIsDisabledIfStatusResponseIsNull" computerName="TAG009442327432" duration="00:00:00.0000001" startTime="2018-09-20T12:48:03.0000000+02:00" endTime="2018-09-20T12:48:03.0000000+02:00" testType="13cdc9d9-ddb5-4fa4-a97d-d965ccfc6d4b" outcome="Passed" testListId="8c84fa94-04c1-424b-9868-57a2d4851a1d" relativeResultsDirectory="aa67a43e-9bce-4371-b4c6-3391800bfc16" /><UnitTestResult executionId="adf31146-2293-4a98-a5f5-32cee2dff713" testId="e8fe0825-45f7-4096-a93a-ee45835b8e52" testName="CapturingIsEnabledFromStatusResponse" computerName="TAG009442327432" duration="00:00:00.0000001" startTime="2018-09-20T12:48:03.0000000+02:00" endTime="2018-09-20T12:48:03.0000000+02:00" testType="13cdc9d9-ddb5-4fa4-a97d-d965ccfc6d4b" outcome="Passed" testListId="8c84fa94-04c1-424b-9868-57a2d4851a1d" relativeResultsDirectory="adf31146-2293-4a98-a5f5-32cee2dff713" /><UnitTestResult executionId="e129d4c0-087f-4715-ae69-b29b09dcbaa7" testId="d6ffb9fe-7851-4a41-940d-770fdea621a6" testName="ToStringReturnsTheStateName" computerName="TAG009442327432" duration="00:00:00.0000001" startTime="2018-09-20T12:48:02.0000000+02:00" endTime="2018-09-20T12:48:02.0000000+02:00" testType="13cdc9d9-ddb5-4fa4-a97d-d965ccfc6d4b" outcome="Passed" testListId="8c84fa94-04c1-424b-9868-57a2d4851a1d" relativeResultsDirectory="e129d4c0-087f-4715-ae69-b29b09dcbaa7" /><UnitTestResult executionId="811c2a98-b14c-4b74-ae72-961592fd3ece" testId="7c810e44-9736-4f56-864f-30c074283e46" testName="SendStatusRequestReturnsErrorCode" computerName="TAG009442327432" duration="00:00:00.0010000" startTime="2018-09-20T12:48:04.0000000+02:00" endTime="2018-09-20T12:48:04.0000000+02:00" testType="13cdc9d9-ddb5-4fa4-a97d-d965ccfc6d4b" outcome="Passed" testListId="8c84fa94-04c1-424b-9868-57a2d4851a1d" relativeResultsDirectory="811c2a98-b14c-4b74-ae72-961592fd3ece" /><UnitTestResult executionId="11092826-4485-4fd2-b5f3-9fe5dc5834ed" testId="c1152c45-d552-4fdc-8b61-1f1733856e0f" testName="IpV6AddressHexCompressedIsInvalidFirstBlockMissing" computerName="TAG009442327432" duration="00:00:00.0000001" startTime="2018-09-20T12:48:03.0000000+02:00" endTime="2018-09-20T12:48:03.0000000+02:00" testType="13cdc9d9-ddb5-4fa4-a97d-d965ccfc6d4b" outcome="Passed" testListId="8c84fa94-04c1-424b-9868-57a2d4851a1d" relativeResultsDirectory="11092826-4485-4fd2-b5f3-9fe5dc5834ed" /><UnitTestResult executionId="d1a8b379-1065-4696-8804-b3d00e9ed936" testId="b9f53fbc-45bb-48a9-a168-a98d872c5400" testName="DeviceIDIsRandomizedOnDataCollectionLevel0" computerName="TAG009442327432" duration="00:00:00.0010000" startTime="2018-09-20T12:48:03.0000000+02:00" endTime="2018-09-20T12:48:03.0000000+02:00" testType="13cdc9d9-ddb5-4fa4-a97d-d965ccfc6d4b" outcome="Passed" testListId="8c84fa94-04c1-424b-9868-57a2d4851a1d" relativeResultsDirectory="d1a8b379-1065-4696-8804-b3d00e9ed936" /><UnitTestResult executionId="0e76be20-7159-4fcf-9361-5a95e2f41767" testId="c278879c-b231-49ce-ae29-1b728630e265" testName="WarningLogsAppropriateMessage" computerName="TAG009442327432" duration="00:00:00.0010000" startTime="2018-09-20T12:48:03.0000000+02:00" endTime="2018-09-20T12:48:03.0000000+02:00" testType="13cdc9d9-ddb5-4fa4-a97d-d965ccfc6d4b" outcome="Passed" testListId="8c84fa94-04c1-424b-9868-57a2d4851a1d" relativeResultsDirectory="0e76be20-7159-4fcf-9361-5a95e2f41767" /><UnitTestResult executionId="87200491-f059-4d9d-b635-000bb1b9fe92" testId="563038ea-b149-4120-a94e-982ce8109526" testName="LeavingAnActionSetsTheEndSequenceNumber" computerName="TAG009442327432" duration="00:00:00.0010000" startTime="2018-09-20T12:48:02.0000000+02:00" endTime="2018-09-20T12:48:02.0000000+02:00" testType="13cdc9d9-ddb5-4fa4-a97d-d965ccfc6d4b" outcome="Passed" testListId="8c84fa94-04c1-424b-9868-57a2d4851a1d" relativeResultsDirectory="87200491-f059-4d9d-b635-000bb1b9fe92" /><UnitTestResult executionId="59eda92a-b292-4193-a5dc-ddfa80ac9f45" testId="c2cf4c5d-f71a-4954-b8ef-fb93351ffb1e" testName="TimeSyncRequetsAreRetried" computerName="TAG009442327432" duration="00:00:00.0020000" startTime="2018-09-20T12:48:03.0000000+02:00" endTime="2018-09-20T12:48:03.0000000+02:00" testType="13cdc9d9-ddb5-4fa4-a97d-d965ccfc6d4b" outcome="Passed" testListId="8c84fa94-04c1-424b-9868-57a2d4851a1d" relativeResultsDirectory="59eda92a-b292-4193-a5dc-ddfa80ac9f45" /><UnitTestResult executionId="57b0d44b-18cb-482f-b39e-f43beb555e4e" testId="a40109ed-6a8e-45dc-b89c-aca8e92ae0ac" testName="ShutdownStateIsTerminalState" computerName="TAG009442327432" duration="00:00:00.0000001" startTime="2018-09-20T12:48:03.0000000+02:00" endTime="2018-09-20T12:48:03.0000000+02:00" testType="13cdc9d9-ddb5-4fa4-a97d-d965ccfc6d4b" outcome="Passed" testListId="8c84fa94-04c1-424b-9868-57a2d4851a1d" relativeResultsDirectory="57b0d44b-18cb-482f-b39e-f43beb555e4e" /><UnitTestResult executionId="f6a149f4-6d88-4af0-aef7-0faa6e0fc12f" testId="7568c23d-f3d9-4812-808a-ddb3885da9c2" testName="DefaultSessionIDProviderReturnsConsecutiveIDs" computerName="TAG009442327432" duration="00:00:00.0000001" startTime="2018-09-20T12:48:05.0000000+02:00" endTime="2018-09-20T12:48:05.0000000+02:00" testType="13cdc9d9-ddb5-4fa4-a97d-d965ccfc6d4b" outcome="Passed" testListId="8c84fa94-04c1-424b-9868-57a2d4851a1d" relativeResultsDirectory="f6a149f4-6d88-4af0-aef7-0faa6e0fc12f" /><UnitTestResult executionId="be00890b-1f8b-4221-9e95-d91af6aeee6c" testId="ed5307b2-7eab-4af8-ade1-39cfc677abd1" testName="DeviceIDIsRandomizedOnDataCollectionLevel1" computerName="TAG009442327432" duration="00:00:00.0000001" startTime="2018-09-20T12:48:03.0000000+02:00" endTime="2018-09-20T12:48:03.0000000+02:00" testType="13cdc9d9-ddb5-4fa4-a97d-d965ccfc6d4b" outcome="Passed" testListId="8c84fa94-04c1-424b-9868-57a2d4851a1d" relativeResultsDirectory="be00890b-1f8b-4221-9e95-d91af6aeee6c" /><UnitTestResult executionId="c8f937fc-b145-4e63-bf09-e964a69cf5bf" testId="d49718fb-2f5f-41db-a0a7-eae58512c143" testName="AnURLIsOnlySetInConstructorIfItIsValid" computerName="TAG009442327432" duration="00:00:00.0010000" startTime="2018-09-20T12:48:03.0000000+02:00" endTime="2018-09-20T12:48:03.0000000+02:00" testType="13cdc9d9-ddb5-4fa4-a97d-d965ccfc6d4b" outcome="Passed" testListId="8c84fa94-04c1-424b-9868-57a2d4851a1d" relativeResultsDirectory="c8f937fc-b145-4e63-bf09-e964a69cf5bf" /><UnitTestResult executionId="2bc44d57-0664-469d-a1df-629e1424599c" testId="900148df-7110-4610-93a1-61e3e4beb5f8" testName="ParsingInvalidNumericValueForMultiplicityThrowsException" computerName="TAG009442327432" duration="00:00:00.0010000" startTime="2018-09-20T12:48:05.0000000+02:00" endTime="2018-09-20T12:48:05.0000000+02:00" testType="13cdc9d9-ddb5-4fa4-a97d-d965ccfc6d4b" outcome="Passed" testListId="8c84fa94-04c1-424b-9868-57a2d4851a1d" relativeResultsDirectory="2bc44d57-0664-469d-a1df-629e1424599c" /><UnitTestResult executionId="879e27fe-ccab-4de2-93dc-dcbd3e8a4e88" testId="f7ed1508-daa5-4eee-8d6f-1dbc1997ed05" testName="RemoveOldestRecordsStopsIfListsAreEmpty" computerName="TAG009442327432" duration="00:00:00.0020000" startTime="2018-09-20T12:48:02.0000000+02:00" endTime="2018-09-20T12:48:02.0000000+02:00" testType="13cdc9d9-ddb5-4fa4-a97d-d965ccfc6d4b" outcome="Passed" testListId="8c84fa94-04c1-424b-9868-57a2d4851a1d" relativeResultsDirectory="879e27fe-ccab-4de2-93dc-dcbd3e8a4e88" /><UnitTestResult executionId="ea1ede9d-ca9d-4c16-acc6-7beff768a4ce" testId="17036bf5-8433-465c-8b40-0616da9a3a65" testName="IsInitializedOnInitSuccess" computerName="TAG009442327432" duration="00:00:00.0000001" startTime="2018-09-20T12:48:03.0000000+02:00" endTime="2018-09-20T12:48:03.0000000+02:00" testType="13cdc9d9-ddb5-4fa4-a97d-d965ccfc6d4b" outcome="Passed" testListId="8c84fa94-04c1-424b-9868-57a2d4851a1d" relativeResultsDirectory="ea1ede9d-ca9d-4c16-acc6-7beff768a4ce" /><UnitTestResult executionId="578eeb62-41f3-4063-913c-76cc28f9bb0c" testId="0570a76f-6ce5-47e7-bd22-555bbec8042a" testName="ByDefaultBeaconConfigurationIsNotSet" computerName="TAG009442327432" duration="00:00:00.0000001" startTime="2018-09-20T12:48:03.0000000+02:00" endTime="2018-09-20T12:48:03.0000000+02:00" testType="13cdc9d9-ddb5-4fa4-a97d-d965ccfc6d4b" outcome="Passed" testListId="8c84fa94-04c1-424b-9868-57a2d4851a1d" relativeResultsDirectory="578eeb62-41f3-4063-913c-76cc28f9bb0c" /><UnitTestResult executionId="d1e822da-e618-45a7-a3c1-a6036ccc8ab6" testId="d3043ae5-69c8-47b1-901e-bcc386026cde" testName="IsWarnEnabledIsTrueIfVerboseIsTrue" computerName="TAG009442327432" duration="00:00:00.0000001" startTime="2018-09-20T12:48:03.0000000+02:00" endTime="2018-09-20T12:48:03.0000000+02:00" testType="13cdc9d9-ddb5-4fa4-a97d-d965ccfc6d4b" outcome="Passed" testListId="8c84fa94-04c1-424b-9868-57a2d4851a1d" relativeResultsDirectory="d1e822da-e618-45a7-a3c1-a6036ccc8ab6" /><UnitTestResult executionId="8be79e0f-e23d-4fe5-94e3-96555ff80025" testId="53deca7d-968e-48b9-aefd-d476f68137fa" testName="RandomDeviceIDCannotBeNegativeOnDataCollectionLevel0" computerName="TAG009442327432" duration="00:00:00.0010000" startTime="2018-09-20T12:48:03.0000000+02:00" endTime="2018-09-20T12:48:03.0000000+02:00" testType="13cdc9d9-ddb5-4fa4-a97d-d965ccfc6d4b" outcome="Passed" testListId="8c84fa94-04c1-424b-9868-57a2d4851a1d" relativeResultsDirectory="8be79e0f-e23d-4fe5-94e3-96555ff80025" /><UnitTestResult executionId="644c3323-7b67-4f07-a9cb-4df1dc68848b" testId="a212ebdc-2c8e-493d-8c9f-3852317102c4" testName="IpV6AddressLinkLocalIsInvalidIllegalNonHexCharacter" computerName="TAG009442327432" duration="00:00:00.0000001" startTime="2018-09-20T12:48:03.0000000+02:00" endTime="2018-09-20T12:48:03.0000000+02:00" testType="13cdc9d9-ddb5-4fa4-a97d-d965ccfc6d4b" outcome="Passed" testListId="8c84fa94-04c1-424b-9868-57a2d4851a1d" relativeResultsDirectory="644c3323-7b67-4f07-a9cb-4df1dc68848b" /><UnitTestResult executionId="930e805b-9b55-42c2-8efe-5eb58b378258" testId="932243dc-b370-4ba2-aa94-a5e8c91eb3cd" testName="DebugDoesNotLogIfVerboseIsDisabled" computerName="TAG009442327432" duration="00:00:00.0010000" startTime="2018-09-20T12:48:03.0000000+02:00" endTime="2018-09-20T12:48:03.0000000+02:00" testType="13cdc9d9-ddb5-4fa4-a97d-d965ccfc6d4b" outcome="Passed" testListId="8c84fa94-04c1-424b-9868-57a2d4851a1d" relativeResultsDirectory="930e805b-9b55-42c2-8efe-5eb58b378258" /><UnitTestResult executionId="249af780-85fd-433f-a9df-ceb140ed1303" testId="15ac563e-fb23-4db7-8071-e1be38178587" testName="NoSessionIsAddedIfBeaconConfigurationDisablesCapturing" computerName="TAG009442327432" duration="00:00:00.0000001" startTime="2018-09-20T12:48:03.0000000+02:00" endTime="2018-09-20T12:48:03.0000000+02:00" testType="13cdc9d9-ddb5-4fa4-a97d-d965ccfc6d4b" outcome="Passed" testListId="8c84fa94-04c1-424b-9868-57a2d4851a1d" relativeResultsDirectory="249af780-85fd-433f-a9df-ceb140ed1303" /><UnitTestResult executionId="375d47ac-8f04-42c1-af0c-ae8409b000ee" testId="d19613ac-d226-4104-b4ba-c9779cc407c6" testName="ReportCrash" computerName="TAG009442327432" duration="00:00:00.0020000" startTime="2018-09-20T12:48:03.0000000+02:00" endTime="2018-09-20T12:48:03.0000000+02:00" testType="13cdc9d9-ddb5-4fa4-a97d-d965ccfc6d4b" outcome="Passed" testListId="8c84fa94-04c1-424b-9868-57a2d4851a1d" relativeResultsDirectory="375d47ac-8f04-42c1-af0c-ae8409b000ee" /><UnitTestResult executionId="cf83bc3c-c26b-4b4e-a9ba-40a30ec48ae0" testId="769b9eea-01d8-46d3-b7b3-6bf85ad135d8" testName="IpV6AddressLinkLocalIsInvalidDueToTwoDoubleColonsInAddress" computerName="TAG009442327432" duration="00:00:00.0000001" startTime="2018-09-20T12:48:03.0000000+02:00" endTime="2018-09-20T12:48:03.0000000+02:00" testType="13cdc9d9-ddb5-4fa4-a97d-d965ccfc6d4b" outcome="Passed" testListId="8c84fa94-04c1-424b-9868-57a2d4851a1d" relativeResultsDirectory="cf83bc3c-c26b-4b4e-a9ba-40a30ec48ae0" /><UnitTestResult executionId="2eeea049-f997-4251-9f50-89d416230f9c" testId="642e1853-166d-47ba-b048-374338564cdd" testName="IpV6AddressHexCompressedIsValidBlock1" computerName="TAG009442327432" duration="00:00:00.0000001" startTime="2018-09-20T12:48:03.0000000+02:00" endTime="2018-09-20T12:48:03.0000000+02:00" testType="13cdc9d9-ddb5-4fa4-a97d-d965ccfc6d4b" outcome="Passed" testListId="8c84fa94-04c1-424b-9868-57a2d4851a1d" relativeResultsDirectory="2eeea049-f997-4251-9f50-89d416230f9c" /><UnitTestResult executionId="6f3004ca-6609-49cf-bb43-3e592236bef6" testId="14e424f3-3b43-441b-ad68-2e44f8999a8a" testName="ShutdownStateIsTerminalState" computerName="TAG009442327432" duration="00:00:00.0000001" startTime="2018-09-20T12:48:03.0000000+02:00" endTime="2018-09-20T12:48:03.0000000+02:00" testType="13cdc9d9-ddb5-4fa4-a97d-d965ccfc6d4b" outcome="Passed" testListId="8c84fa94-04c1-424b-9868-57a2d4851a1d" relativeResultsDirectory="6f3004ca-6609-49cf-bb43-3e592236bef6" /><UnitTestResult executionId="ba8f0e54-7179-4d4d-95c5-dcc1e6eebd20" testId="3abaf462-0248-4237-b363-f7fd6b7be4f8" testName="ANewlyCreatedActionIsNotLeft" computerName="TAG009442327432" duration="00:00:00.0010000" startTime="2018-09-20T12:48:02.0000000+02:00" endTime="2018-09-20T12:48:02.0000000+02:00" testType="13cdc9d9-ddb5-4fa4-a97d-d965ccfc6d4b" outcome="Passed" testListId="8c84fa94-04c1-424b-9868-57a2d4851a1d" relativeResultsDirectory="ba8f0e54-7179-4d4d-95c5-dcc1e6eebd20" /><UnitTestResult executionId="a5d5c2f6-679b-4449-a1a5-c395ea1e6092" testId="6a6059ea-da10-4ffd-bfc3-b22e5ba6735f" testName="CanSetApplicationVersionForDynatrace" computerName="TAG009442327432" duration="00:00:00.0000001" startTime="2018-09-20T12:48:03.0000000+02:00" endTime="2018-09-20T12:48:03.0000000+02:00" testType="13cdc9d9-ddb5-4fa4-a97d-d965ccfc6d4b" outcome="Passed" testListId="8c84fa94-04c1-424b-9868-57a2d4851a1d" relativeResultsDirectory="a5d5c2f6-679b-4449-a1a5-c395ea1e6092" /><UnitTestResult executionId="27198fa5-ae2f-4b94-b345-e5d46681fd81" testId="8329b5a6-a2ad-48c2-a718-e78dcb1090b3" testName="CannotAddRootActionIfCaptureIsOff" computerName="TAG009442327432" duration="00:00:00.0010000" startTime="2018-09-20T12:48:03.0000000+02:00" endTime="2018-09-20T12:48:03.0000000+02:00" testType="13cdc9d9-ddb5-4fa4-a97d-d965ccfc6d4b" outcome="Passed" testListId="8c84fa94-04c1-424b-9868-57a2d4851a1d" relativeResultsDirectory="27198fa5-ae2f-4b94-b345-e5d46681fd81" /><UnitTestResult executionId="b1c70a3b-ccd0-4445-a636-d95f0dd140ee" testId="dc2cb485-d96b-4294-b33b-9d2d3a0f498d" testName="InfoLogsAppropriateMessage" computerName="TAG009442327432" duration="00:00:00.0000001" startTime="2018-09-20T12:48:03.0000000+02:00" endTime="2018-09-20T12:48:03.0000000+02:00" testType="13cdc9d9-ddb5-4fa4-a97d-d965ccfc6d4b" outcome="Passed" testListId="8c84fa94-04c1-424b-9868-57a2d4851a1d" relativeResultsDirectory="b1c70a3b-ccd0-4445-a636-d95f0dd140ee" /><UnitTestResult executionId="90d701b1-ef8f-4134-8675-b8ff0c5de8d5" testId="e6d673e4-776d-44c9-a818-58b10a07bcb1" testName="ActionReportedForDataCollectionLevel2" computerName="TAG009442327432" duration="00:00:00.0010000" startTime="2018-09-20T12:48:03.0000000+02:00" endTime="2018-09-20T12:48:03.0000000+02:00" testType="13cdc9d9-ddb5-4fa4-a97d-d965ccfc6d4b" outcome="Passed" testListId="8c84fa94-04c1-424b-9868-57a2d4851a1d" relativeResultsDirectory="90d701b1-ef8f-4134-8675-b8ff0c5de8d5" /><UnitTestResult executionId="44b21288-6002-4d90-a026-d99503667eab" testId="3ac3d5eb-e648-4159-ad67-6c5585c6a2fc" testName="GetRetryAfterReturnsParsedValue" computerName="TAG009442327432" duration="00:00:00.0010000" startTime="2018-09-20T12:48:05.0000000+02:00" endTime="2018-09-20T12:48:05.0000000+02:00" testType="13cdc9d9-ddb5-4fa4-a97d-d965ccfc6d4b" outcome="Passed" testListId="8c84fa94-04c1-424b-9868-57a2d4851a1d" relativeResultsDirectory="44b21288-6002-4d90-a026-d99503667eab" /><UnitTestResult executionId="1e017898-65fc-4df2-b887-5593ea8a9fe4" testId="16319f79-e475-4fab-b6d4-9b2ceef77310" testName="RemoveRecordsOlderThanRemovesRecordsFromActionData" computerName="TAG009442327432" duration="00:00:00.0000001" startTime="2018-09-20T12:48:02.0000000+02:00" endTime="2018-09-20T12:48:02.0000000+02:00" testType="13cdc9d9-ddb5-4fa4-a97d-d965ccfc6d4b" outcome="Passed" testListId="8c84fa94-04c1-424b-9868-57a2d4851a1d" relativeResultsDirectory="1e017898-65fc-4df2-b887-5593ea8a9fe4" /><UnitTestResult executionId="c9a6a38f-5c5b-4b44-ae4d-df146cc052db" testId="5b471716-3a1d-4cdd-9a9c-5389f515aa8d" testName="ShutdownStateIsFlushSessionStateForTimeReSync" computerName="TAG009442327432" duration="00:00:00.0010000" startTime="2018-09-20T12:48:03.0000000+02:00" endTime="2018-09-20T12:48:03.0000000+02:00" testType="13cdc9d9-ddb5-4fa4-a97d-d965ccfc6d4b" outcome="Passed" testListId="8c84fa94-04c1-424b-9868-57a2d4851a1d" relativeResultsDirectory="c9a6a38f-5c5b-4b44-ae4d-df146cc052db" /><UnitTestResult executionId="89dd1faa-c1af-4576-9ee9-978093833331" testId="4990c798-7709-4e58-bc48-9d555fb0a3be" testName="IsEmptyCallsWrappedSession" computerName="TAG009442327432" duration="00:00:00.0000001" startTime="2018-09-20T12:48:03.0000000+02:00" endTime="2018-09-20T12:48:03.0000000+02:00" testType="13cdc9d9-ddb5-4fa4-a97d-d965ccfc6d4b" outcome="Passed" testListId="8c84fa94-04c1-424b-9868-57a2d4851a1d" relativeResultsDirectory="89dd1faa-c1af-4576-9ee9-978093833331" /><UnitTestResult executionId="1e43c5a4-b51a-4c3c-aff6-a3ac51d0c675" testId="be7bddd6-ab45-4b29-9bb6-29484a8d159c" testName="ADefaultConstructedBeaconCacheEvictorIsNotAlive" computerName="TAG009442327432" duration="00:00:00.0120000" startTime="2018-09-20T12:48:02.0000000+02:00" endTime="2018-09-20T12:48:02.0000000+02:00" testType="13cdc9d9-ddb5-4fa4-a97d-d965ccfc6d4b" outcome="Passed" testListId="8c84fa94-04c1-424b-9868-57a2d4851a1d" relativeResultsDirectory="1e43c5a4-b51a-4c3c-aff6-a3ac51d0c675" /><UnitTestResult executionId="9a639a57-3848-45bc-84e6-fbaec1259b92" testId="2b2d681c-6e24-4c1f-9ab6-4b16a2f20556" testName="CanConvertToClusterTime" computerName="TAG009442327432" duration="00:00:00.0010000" startTime="2018-09-20T12:48:05.0000000+02:00" endTime="2018-09-20T12:48:05.0000000+02:00" testType="13cdc9d9-ddb5-4fa4-a97d-d965ccfc6d4b" outcome="Passed" testListId="8c84fa94-04c1-424b-9868-57a2d4851a1d" relativeResultsDirectory="9a639a57-3848-45bc-84e6-fbaec1259b92" /><UnitTestResult executionId="ec38a4cf-021b-4ba5-b867-d86fbfe4b7b5" testId="ef2bf99e-cb53-4af2-aa46-8b304a40c5e3" testName="AnActionCanOnlyBeLeftOnce" computerName="TAG009442327432" duration="00:00:00.0230000" startTime="2018-09-20T12:48:02.0000000+02:00" endTime="2018-09-20T12:48:02.0000000+02:00" testType="13cdc9d9-ddb5-4fa4-a97d-d965ccfc6d4b" outcome="Passed" testListId="8c84fa94-04c1-424b-9868-57a2d4851a1d" relativeResultsDirectory="ec38a4cf-021b-4ba5-b867-d86fbfe4b7b5" /><UnitTestResult executionId="85f39054-d9b0-433b-9414-5494d5e59e46" testId="13735ae7-e9aa-4728-9b01-23d94ace8388" testName="IdentifyUserDoesNotReportOnDataCollectionLevel1" computerName="TAG009442327432" duration="00:00:00.0010000" startTime="2018-09-20T12:48:03.0000000+02:00" endTime="2018-09-20T12:48:03.0000000+02:00" testType="13cdc9d9-ddb5-4fa4-a97d-d965ccfc6d4b" outcome="Passed" testListId="8c84fa94-04c1-424b-9868-57a2d4851a1d" relativeResultsDirectory="85f39054-d9b0-433b-9414-5494d5e59e46" /><UnitTestResult executionId="377e586f-cf39-4a7f-8182-1acf726c0ce9" testId="aad79fc0-41ac-4ac8-a6b7-3b42a2110a9f" testName="CanSetManufacturerForAppMon" computerName="TAG009442327432" duration="00:00:00.0000001" startTime="2018-09-20T12:48:03.0000000+02:00" endTime="2018-09-20T12:48:03.0000000+02:00" testType="13cdc9d9-ddb5-4fa4-a97d-d965ccfc6d4b" outcome="Passed" testListId="8c84fa94-04c1-424b-9868-57a2d4851a1d" relativeResultsDirectory="377e586f-cf39-4a7f-8182-1acf726c0ce9" /><UnitTestResult executionId="2b835fcd-d14f-443f-99e5-64306e8bae6c" testId="fc2d028d-910f-4eb5-8773-a3dd3522abf0" testName="ReportEventDoesNothingIfEventNameIsNull" computerName="TAG009442327432" duration="00:00:00.0010000" startTime="2018-09-20T12:48:02.0000000+02:00" endTime="2018-09-20T12:48:02.0000000+02:00" testType="13cdc9d9-ddb5-4fa4-a97d-d965ccfc6d4b" outcome="Passed" testListId="8c84fa94-04c1-424b-9868-57a2d4851a1d" relativeResultsDirectory="2b835fcd-d14f-443f-99e5-64306e8bae6c" /><UnitTestResult executionId="a176f14d-f9d1-4a69-8782-6865bbbb15dd" testId="1864205e-714b-4a46-a4fb-07fd838076c3" testName="NameIsSet" computerName="TAG009442327432" duration="00:00:00.0000001" startTime="2018-09-20T12:48:02.0000000+02:00" endTime="2018-09-20T12:48:02.0000000+02:00" testType="13cdc9d9-ddb5-4fa4-a97d-d965ccfc6d4b" outcome="Passed" testListId="8c84fa94-04c1-424b-9868-57a2d4851a1d" relativeResultsDirectory="a176f14d-f9d1-4a69-8782-6865bbbb15dd" /><UnitTestResult executionId="a2d1a733-8960-425f-8681-5afb631013ef" testId="1b05de67-a21e-4991-ab0d-7037f44cb55b" testName="CanSetDataCollectionLevelForAppMon" computerName="TAG009442327432" duration="00:00:00.0010000" startTime="2018-09-20T12:48:03.0000000+02:00" endTime="2018-09-20T12:48:03.0000000+02:00" testType="13cdc9d9-ddb5-4fa4-a97d-d965ccfc6d4b" outcome="Passed" testListId="8c84fa94-04c1-424b-9868-57a2d4851a1d" relativeResultsDirectory="a2d1a733-8960-425f-8681-5afb631013ef" /><UnitTestResult executionId="aaf414f8-a9bd-41a3-b158-faa55de335b5" testId="25d8236a-2e7f-46f5-bcff-d7c955fb3523" testName="IsErroneousResponseGivesTrueForErrorCodeEqualTo400" computerName="TAG009442327432" duration="00:00:00.0000001" startTime="2018-09-20T12:48:05.0000000+02:00" endTime="2018-09-20T12:48:05.0000000+02:00" testType="13cdc9d9-ddb5-4fa4-a97d-d965ccfc6d4b" outcome="Passed" testListId="8c84fa94-04c1-424b-9868-57a2d4851a1d" relativeResultsDirectory="aaf414f8-a9bd-41a3-b158-faa55de335b5" /><UnitTestResult executionId="2d1cc1b4-edb6-4a3b-ac09-0ce71dfb3856" testId="e06463cd-fa8e-421f-ac36-2c53f3f47975" testName="ResetChunkedRaisesEvent" computerName="TAG009442327432" duration="00:00:00.0000001" startTime="2018-09-20T12:48:02.0000000+02:00" endTime="2018-09-20T12:48:02.0000000+02:00" testType="13cdc9d9-ddb5-4fa4-a97d-d965ccfc6d4b" outcome="Passed" testListId="8c84fa94-04c1-424b-9868-57a2d4851a1d" relativeResultsDirectory="2d1cc1b4-edb6-4a3b-ac09-0ce71dfb3856" /><UnitTestResult executionId="358f8402-1e40-41b6-86da-a503a483da78" testId="842ae036-64d5-4b6e-a888-78c47ea6c8bc" testName="ReportErrorAcceptsNullReason" computerName="TAG009442327432" duration="00:00:00.0010000" startTime="2018-09-20T12:48:02.0000000+02:00" endTime="2018-09-20T12:48:02.0000000+02:00" testType="13cdc9d9-ddb5-4fa4-a97d-d965ccfc6d4b" outcome="Passed" testListId="8c84fa94-04c1-424b-9868-57a2d4851a1d" relativeResultsDirectory="358f8402-1e40-41b6-86da-a503a483da78" /><UnitTestResult executionId="7d2a87c3-cd67-4b51-aaaa-f77940f13db7" testId="5bac1e60-4530-432b-8e8c-fd7f2bdd5007" testName="ReportErrorDoesNothingIfActionIsLeft" computerName="TAG009442327432" duration="00:00:00.0010000" startTime="2018-09-20T12:48:02.0000000+02:00" endTime="2018-09-20T12:48:02.0000000+02:00" testType="13cdc9d9-ddb5-4fa4-a97d-d965ccfc6d4b" outcome="Passed" testListId="8c84fa94-04c1-424b-9868-57a2d4851a1d" relativeResultsDirectory="7d2a87c3-cd67-4b51-aaaa-f77940f13db7" /><UnitTestResult executionId="93ee8cc8-ba40-4999-a59f-eb7397ebc00c" testId="56cfdb52-3a76-41f0-a8c3-3d32b74bf793" testName="ReportErrorDoesNothingIfErrorNameIsNull" computerName="TAG009442327432" duration="00:00:00.0000001" startTime="2018-09-20T12:48:02.0000000+02:00" endTime="2018-09-20T12:48:02.0000000+02:00" testType="13cdc9d9-ddb5-4fa4-a97d-d965ccfc6d4b" outcome="Passed" testListId="8c84fa94-04c1-424b-9868-57a2d4851a1d" relativeResultsDirectory="93ee8cc8-ba40-4999-a59f-eb7397ebc00c" /><UnitTestResult executionId="9dbf36a2-12b3-4ab9-a1a9-6d0dac303d4d" testId="c3a8ec50-3db8-4ecb-bd86-07bf596bbb3a" testName="SendNewSessionRequestReturnsErrorCode" computerName="TAG009442327432" duration="00:00:00.0030000" startTime="2018-09-20T12:48:04.0000000+02:00" endTime="2018-09-20T12:48:04.0000000+02:00" testType="13cdc9d9-ddb5-4fa4-a97d-d965ccfc6d4b" outcome="Passed" testListId="8c84fa94-04c1-424b-9868-57a2d4851a1d" relativeResultsDirectory="9dbf36a2-12b3-4ab9-a1a9-6d0dac303d4d" /><UnitTestResult executionId="a511c1df-d711-4826-b2c5-a47393842f7d" testId="8b4362ef-6d76-423d-8484-bf7e633a3830" testName="IsTooManyRequestsResponseReturnsFalseIfResponseCodeIsNotEqualToTooManyRequestsCode" computerName="TAG009442327432" duration="00:00:00.0020000" startTime="2018-09-20T12:48:03.0000000+02:00" endTime="2018-09-20T12:48:03.0000000+02:00" testType="13cdc9d9-ddb5-4fa4-a97d-d965ccfc6d4b" outcome="Passed" testListId="8c84fa94-04c1-424b-9868-57a2d4851a1d" relativeResultsDirectory="a511c1df-d711-4826-b2c5-a47393842f7d" /><UnitTestResult executionId="81439877-501a-4c6b-965e-343dbe9dc7c7" testId="ffefae02-d78a-487d-9319-dd9f92ed08ff" testName="LastTimeSyncTimeIsSet" computerName="TAG009442327432" duration="00:00:00.0000001" startTime="2018-09-20T12:48:03.0000000+02:00" endTime="2018-09-20T12:48:03.0000000+02:00" testType="13cdc9d9-ddb5-4fa4-a97d-d965ccfc6d4b" outcome="Passed" testListId="8c84fa94-04c1-424b-9868-57a2d4851a1d" relativeResultsDirectory="81439877-501a-4c6b-965e-343dbe9dc7c7" /><UnitTestResult executionId="c5093ffe-788c-45fe-94c0-1efe1d6d902d" testId="69c9a88d-ba6f-44b1-a46f-e4c48e7385f6" testName="RemoveOldestRecordsDoesNotRemoveAnythingFromEventAndActionsBeingSent" computerName="TAG009442327432" duration="00:00:00.0010000" startTime="2018-09-20T12:48:02.0000000+02:00" endTime="2018-09-20T12:48:02.0000000+02:00" testType="13cdc9d9-ddb5-4fa4-a97d-d965ccfc6d4b" outcome="Passed" testListId="8c84fa94-04c1-424b-9868-57a2d4851a1d" relativeResultsDirectory="c5093ffe-788c-45fe-94c0-1efe1d6d902d" /><UnitTestResult executionId="08d5ecf3-cc84-4fcc-9ba1-54b61545f22f" testId="345e639e-d146-4b45-9a85-41f325bbedb1" testName="IpV6AddressValid_RFCEmptyBlockNotShortened" computerName="TAG009442327432" duration="00:00:00.0000001" startTime="2018-09-20T12:48:03.0000000+02:00" endTime="2018-09-20T12:48:03.0000000+02:00" testType="13cdc9d9-ddb5-4fa4-a97d-d965ccfc6d4b" outcome="Passed" testListId="8c84fa94-04c1-424b-9868-57a2d4851a1d" relativeResultsDirectory="08d5ecf3-cc84-4fcc-9ba1-54b61545f22f" /><UnitTestResult executionId="48fdc559-914e-4bf2-bf69-5e19b5821ca9" testId="a42d087c-c29d-430d-9908-2466e7fec7ec" testName="CanAddReceivedBytesValueZeroToWebRequestTracer" computerName="TAG009442327432" duration="00:00:00.0010000" startTime="2018-09-20T12:48:03.0000000+02:00" endTime="2018-09-20T12:48:03.0000000+02:00" testType="13cdc9d9-ddb5-4fa4-a97d-d965ccfc6d4b" outcome="Passed" testListId="8c84fa94-04c1-424b-9868-57a2d4851a1d" relativeResultsDirectory="48fdc559-914e-4bf2-bf69-5e19b5821ca9" /><UnitTestResult executionId="86864ab6-b51b-4d0e-af5c-dfcd9cd934d6" testId="e09f2f3b-9911-4b00-96f2-29068d406842" testName="NoEventIsReportedIfBeaconConfigurationDisablesCapturing" computerName="TAG009442327432" duration="00:00:00.0010000" startTime="2018-09-20T12:48:03.0000000+02:00" endTime="2018-09-20T12:48:03.0000000+02:00" testType="13cdc9d9-ddb5-4fa4-a97d-d965ccfc6d4b" outcome="Passed" testListId="8c84fa94-04c1-424b-9868-57a2d4851a1d" relativeResultsDirectory="86864ab6-b51b-4d0e-af5c-dfcd9cd934d6" /><UnitTestResult executionId="b2ad9fa2-f375-4025-83a7-46b02432efb5" testId="7926e7b3-4f89-4b56-9410-d6ed0d75c943" testName="WhenBeaconConfigurationIsSetSendingIsDisallowedIfMultiplicityIsZero" computerName="TAG009442327432" duration="00:00:00.0000001" startTime="2018-09-20T12:48:03.0000000+02:00" endTime="2018-09-20T12:48:03.0000000+02:00" testType="13cdc9d9-ddb5-4fa4-a97d-d965ccfc6d4b" outcome="Passed" testListId="8c84fa94-04c1-424b-9868-57a2d4851a1d" relativeResultsDirectory="b2ad9fa2-f375-4025-83a7-46b02432efb5" /><UnitTestResult executionId="b7adbf47-ce06-4840-9f4b-69a78194d7f2" testId="fd5d3c51-c95b-4987-bbff-e990115859f9" testName="Timestamp" computerName="TAG009442327432" duration="00:00:00.0000001" startTime="2018-09-20T12:48:02.0000000+02:00" endTime="2018-09-20T12:48:02.0000000+02:00" testType="13cdc9d9-ddb5-4fa4-a97d-d965ccfc6d4b" outcome="Passed" testListId="8c84fa94-04c1-424b-9868-57a2d4851a1d" relativeResultsDirectory="b7adbf47-ce06-4840-9f4b-69a78194d7f2" /><UnitTestResult executionId="8a7327b6-cd2b-43ca-8ae7-6427fe16b293" testId="f179cf90-6183-4b04-81d6-c9fdda5bbd6a" testName="ReportStringValueWithValueBeingNullWorks" computerName="TAG009442327432" duration="00:00:00.0000001" startTime="2018-09-20T12:48:02.0000000+02:00" endTime="2018-09-20T12:48:02.0000000+02:00" testType="13cdc9d9-ddb5-4fa4-a97d-d965ccfc6d4b" outcome="Passed" testListId="8c84fa94-04c1-424b-9868-57a2d4851a1d" relativeResultsDirectory="8a7327b6-cd2b-43ca-8ae7-6427fe16b293" /><UnitTestResult executionId="3e7770cd-835e-438b-a5c6-e65c08b16804" testId="7374b302-3c09-4457-8697-3ad19515835b" testName="WhenBeaconConfigurationIsSetSendingIsAllowedIfMultiplicityIsGreaterThanZero" computerName="TAG009442327432" duration="00:00:00.0000001" startTime="2018-09-20T12:48:03.0000000+02:00" endTime="2018-09-20T12:48:03.0000000+02:00" testType="13cdc9d9-ddb5-4fa4-a97d-d965ccfc6d4b" outcome="Passed" testListId="8c84fa94-04c1-424b-9868-57a2d4851a1d" relativeResultsDirectory="3e7770cd-835e-438b-a5c6-e65c08b16804" /><UnitTestResult executionId="3ee9287c-3cea-4ae3-8dd9-8dc7fd0799f5" testId="fed600a7-9395-467a-a326-eec09ca59123" testName="FinishingANewSessionStillLeavesItNew" computerName="TAG009442327432" duration="00:00:00.0030000" startTime="2018-09-20T12:48:03.0000000+02:00" endTime="2018-09-20T12:48:03.0000000+02:00" testType="13cdc9d9-ddb5-4fa4-a97d-d965ccfc6d4b" outcome="Passed" testListId="8c84fa94-04c1-424b-9868-57a2d4851a1d" relativeResultsDirectory="3ee9287c-3cea-4ae3-8dd9-8dc7fd0799f5"><Output><StdOut>2018-09-20T10:48:03.0341493Z DEBUG [3] BeaconSender StartSession
2018-09-20T10:48:03.0341493Z DEBUG [3] BeaconCache AddEventData(sn=1, timestamp=0, data='et=18&amp;it=0&amp;pa=0&amp;s0=1&amp;t0=0')</StdOut></Output></UnitTestResult><UnitTestResult executionId="bcf861fc-4f0c-41de-9140-b9995cbc1b82" testId="4ad5de71-f887-49cb-9375-b199d4509a9b" testName="PassingEmptyResponseStringDoesNotThrow" computerName="TAG009442327432" duration="00:00:00.0010000" startTime="2018-09-20T12:48:05.0000000+02:00" endTime="2018-09-20T12:48:05.0000000+02:00" testType="13cdc9d9-ddb5-4fa4-a97d-d965ccfc6d4b" outcome="Passed" testListId="8c84fa94-04c1-424b-9868-57a2d4851a1d" relativeResultsDirectory="bcf861fc-4f0c-41de-9140-b9995cbc1b82" /><UnitTestResult executionId="cecd643e-a5a0-4b82-a787-db9ab0886a82" testId="69cc175f-710c-44bf-a353-5d676b820cda" testName="AppMonOpenKitBuilderTakesStringDeviceID" computerName="TAG009442327432" duration="00:00:00.0000001" startTime="2018-09-20T12:48:03.0000000+02:00" endTime="2018-09-20T12:48:03.0000000+02:00" testType="13cdc9d9-ddb5-4fa4-a97d-d965ccfc6d4b" outcome="Passed" testListId="8c84fa94-04c1-424b-9868-57a2d4851a1d" relativeResultsDirectory="cecd643e-a5a0-4b82-a787-db9ab0886a82" /><UnitTestResult executionId="2152f82a-53b5-4234-a151-f11a960b0e7f" testId="cfce2886-c981-40d9-af6f-e3a55c764fd3" testName="GetDataCollectionLevel" computerName="TAG009442327432" duration="00:00:00.0010000" startTime="2018-09-20T12:48:03.0000000+02:00" endTime="2018-09-20T12:48:03.0000000+02:00" testType="13cdc9d9-ddb5-4fa4-a97d-d965ccfc6d4b" outcome="Passed" testListId="8c84fa94-04c1-424b-9868-57a2d4851a1d" relativeResultsDirectory="2152f82a-53b5-4234-a151-f11a960b0e7f" /><UnitTestResult executionId="3696d114-a0e6-499c-875c-2dc8c9241d68" testId="4fe28351-6f6d-4851-ae9e-8418dcff9de2" testName="TheDefaultRequestReceiveTimeIsMinusOne" computerName="TAG009442327432" duration="00:00:00.0000001" startTime="2018-09-20T12:48:05.0000000+02:00" endTime="2018-09-20T12:48:05.0000000+02:00" testType="13cdc9d9-ddb5-4fa4-a97d-d965ccfc6d4b" outcome="Passed" testListId="8c84fa94-04c1-424b-9868-57a2d4851a1d" relativeResultsDirectory="3696d114-a0e6-499c-875c-2dc8c9241d68" /><UnitTestResult executionId="cec7ee19-bcf6-45b4-bd5c-279764be3a90" testId="a211227c-d797-4d15-9562-a1b85a7e6c7f" testName="SendTimeSyncRequestReturnsErrorCode" computerName="TAG009442327432" duration="00:00:00.0030000" startTime="2018-09-20T12:48:05.0000000+02:00" endTime="2018-09-20T12:48:05.0000000+02:00" testType="13cdc9d9-ddb5-4fa4-a97d-d965ccfc6d4b" outcome="Passed" testListId="8c84fa94-04c1-424b-9868-57a2d4851a1d" relativeResultsDirectory="cec7ee19-bcf6-45b4-bd5c-279764be3a90" /><UnitTestResult executionId="f605a4fd-3950-415b-a6c6-22fede48058f" testId="04ad2870-cecc-446a-9e3a-4175979e66fb" testName="AfterASessionHasBeenConfiguredItsOpenAndConfigured" computerName="TAG009442327432" duration="00:00:00.0020000" startTime="2018-09-20T12:48:03.0000000+02:00" endTime="2018-09-20T12:48:03.0000000+02:00" testType="13cdc9d9-ddb5-4fa4-a97d-d965ccfc6d4b" outcome="Passed" testListId="8c84fa94-04c1-424b-9868-57a2d4851a1d" relativeResultsDirectory="f605a4fd-3950-415b-a6c6-22fede48058f"><Output><StdOut>2018-09-20T10:48:03.0202174Z DEBUG [3] BeaconSender StartSession
2018-09-20T10:48:03.0202174Z DEBUG [3] BeaconCache AddEventData(sn=1, timestamp=0, data='et=18&amp;it=0&amp;pa=0&amp;s0=1&amp;t0=0')
2018-09-20T10:48:03.0202174Z DEBUG [3] BeaconSender StartSession
2018-09-20T10:48:03.0202174Z DEBUG [3] BeaconCache AddEventData(sn=2, timestamp=0, data='et=18&amp;it=0&amp;pa=0&amp;s0=1&amp;t0=0')</StdOut></Output></UnitTestResult><UnitTestResult executionId="9a6ad533-a5f8-4294-8082-dd961e769523" testId="a3268bc0-4c17-4b7b-acd8-b9ea51612851" testName="TraceWebRequestGivesValidWebRequestTracer" computerName="TAG009442327432" duration="00:00:00.0020000" startTime="2018-09-20T12:48:02.0000000+02:00" endTime="2018-09-20T12:48:02.0000000+02:00" testType="13cdc9d9-ddb5-4fa4-a97d-d965ccfc6d4b" outcome="Passed" testListId="8c84fa94-04c1-424b-9868-57a2d4851a1d" relativeResultsDirectory="9a6ad533-a5f8-4294-8082-dd961e769523" /><UnitTestResult executionId="6fc66375-7583-4568-b91c-1eddd28f13c5" testId="b41a2b82-020b-4fd0-8d6d-8d1041813dbf" testName="CacheSizeLowerBound" computerName="TAG009442327432" duration="00:00:00.0000001" startTime="2018-09-20T12:48:03.0000000+02:00" endTime="2018-09-20T12:48:03.0000000+02:00" testType="13cdc9d9-ddb5-4fa4-a97d-d965ccfc6d4b" outcome="Passed" testListId="8c84fa94-04c1-424b-9868-57a2d4851a1d" relativeResultsDirectory="6fc66375-7583-4568-b91c-1eddd28f13c5" /><UnitTestResult executionId="739bd30a-698e-4d67-a9c5-738078810426" testId="c22bc400-15e1-43b4-846a-e5866a53ce3b" testName="GetTotalNumberOfBytesCountsAddedRecordBytes" computerName="TAG009442327432" duration="00:00:00.0010000" startTime="2018-09-20T12:48:02.0000000+02:00" endTime="2018-09-20T12:48:02.0000000+02:00" testType="13cdc9d9-ddb5-4fa4-a97d-d965ccfc6d4b" outcome="Passed" testListId="8c84fa94-04c1-424b-9868-57a2d4851a1d" relativeResultsDirectory="739bd30a-698e-4d67-a9c5-738078810426" /><UnitTestResult executionId="e86592c8-0167-4637-a9f4-e34a45de2073" testId="2e9a64c9-69d7-4f26-b2d2-0829a32d3570" testName="ReportEvent" computerName="TAG009442327432" duration="00:00:00.0010000" startTime="2018-09-20T12:48:02.0000000+02:00" endTime="2018-09-20T12:48:02.0000000+02:00" testType="13cdc9d9-ddb5-4fa4-a97d-d965ccfc6d4b" outcome="Passed" testListId="8c84fa94-04c1-424b-9868-57a2d4851a1d" relativeResultsDirectory="e86592c8-0167-4637-a9f4-e34a45de2073" /><UnitTestResult executionId="8795b60d-045f-490b-8fb4-dd8a75baab2b" testId="72cbe1d8-818b-4ad1-b15a-c91c0a747e9d" testName="IpV6AddressMixedNotationIsValid_NonZeroIPv6Compressed" computerName="TAG009442327432" duration="00:00:00.0000001" startTime="2018-09-20T12:48:03.0000000+02:00" endTime="2018-09-20T12:48:03.0000000+02:00" testType="13cdc9d9-ddb5-4fa4-a97d-d965ccfc6d4b" outcome="Passed" testListId="8c84fa94-04c1-424b-9868-57a2d4851a1d" relativeResultsDirectory="8795b60d-045f-490b-8fb4-dd8a75baab2b" /><UnitTestResult executionId="35c29f9c-bdb3-4016-ae13-c4d3b40cb5ea" testId="0d0acf03-cd27-4c55-99e5-dba7566dd2b7" testName="ADifferentTypeIsNotConsideredEqual" computerName="TAG009442327432" duration="00:00:00.0000001" startTime="2018-09-20T12:48:02.0000000+02:00" endTime="2018-09-20T12:48:02.0000000+02:00" testType="13cdc9d9-ddb5-4fa4-a97d-d965ccfc6d4b" outcome="Passed" testListId="8c84fa94-04c1-424b-9868-57a2d4851a1d" relativeResultsDirectory="35c29f9c-bdb3-4016-ae13-c4d3b40cb5ea" /><UnitTestResult executionId="2526df7c-ddfa-44ad-a263-e0b5e99a05c5" testId="565bccf0-ad5d-4b41-89bc-b7b811f6d4d5" testName="ShutdownStateIsFlushState" computerName="TAG009442327432" duration="00:00:00.0000001" startTime="2018-09-20T12:48:02.0000000+02:00" endTime="2018-09-20T12:48:02.0000000+02:00" testType="13cdc9d9-ddb5-4fa4-a97d-d965ccfc6d4b" outcome="Passed" testListId="8c84fa94-04c1-424b-9868-57a2d4851a1d" relativeResultsDirectory="2526df7c-ddfa-44ad-a263-e0b5e99a05c5" /><UnitTestResult executionId="80b1cb4f-e915-4e94-af9d-572948fb7f0d" testId="b1c8b502-0889-4889-bbac-38a94915ab30" testName="InitCompleteIsCalledIfShutdownIsRequested" computerName="TAG009442327432" duration="00:00:00.0020000" startTime="2018-09-20T12:48:03.0000000+02:00" endTime="2018-09-20T12:48:03.0000000+02:00" testType="13cdc9d9-ddb5-4fa4-a97d-d965ccfc6d4b" outcome="Passed" testListId="8c84fa94-04c1-424b-9868-57a2d4851a1d" relativeResultsDirectory="80b1cb4f-e915-4e94-af9d-572948fb7f0d" /><UnitTestResult executionId="4b251a59-26a9-4f2b-a849-f472f139fd9d" testId="1b55dce0-2f5b-407d-ab84-d9c02ed398e6" testName="GetNextBeaconChunkCopiesDataForSending" computerName="TAG009442327432" duration="00:00:00.0020000" startTime="2018-09-20T12:48:02.0000000+02:00" endTime="2018-09-20T12:48:02.0000000+02:00" testType="13cdc9d9-ddb5-4fa4-a97d-d965ccfc6d4b" outcome="Passed" testListId="8c84fa94-04c1-424b-9868-57a2d4851a1d" relativeResultsDirectory="4b251a59-26a9-4f2b-a849-f472f139fd9d" /><UnitTestResult executionId="59b0fca5-3d85-4300-b681-dd6acef70ff6" testId="2b766ee2-31d0-4e67-8bfd-e5cfae9aadcc" testName="GetHttpClientUsesCurrentHttpConfig" computerName="TAG009442327432" duration="00:00:00.0010000" startTime="2018-09-20T12:48:03.0000000+02:00" endTime="2018-09-20T12:48:03.0000000+02:00" testType="13cdc9d9-ddb5-4fa4-a97d-d965ccfc6d4b" outcome="Passed" testListId="8c84fa94-04c1-424b-9868-57a2d4851a1d" relativeResultsDirectory="59b0fca5-3d85-4300-b681-dd6acef70ff6" /><UnitTestResult executionId="1ab1f5b5-0109-4ad3-bd66-56d6730fa9d7" testId="60256008-9034-4a93-b3af-fcc27ec7eb1d" testName="SendingOpenSessionsIsAbortedImmediatelyWhenTooManyRequestsResponseIsReceived" computerName="TAG009442327432" duration="00:00:00.0040000" startTime="2018-09-20T12:48:02.0000000+02:00" endTime="2018-09-20T12:48:02.0000000+02:00" testType="13cdc9d9-ddb5-4fa4-a97d-d965ccfc6d4b" outcome="Passed" testListId="8c84fa94-04c1-424b-9868-57a2d4851a1d" relativeResultsDirectory="1ab1f5b5-0109-4ad3-bd66-56d6730fa9d7" /><UnitTestResult executionId="a904fd0f-18dc-4b66-8932-64271627d33c" testId="d0aa6680-4fad-4cdd-8ff7-f1800948b34a" testName="NoDoubleValueIsReportedIfBeaconConfigurationDisablesCapturing" computerName="TAG009442327432" duration="00:00:00.0010000" startTime="2018-09-20T12:48:03.0000000+02:00" endTime="2018-09-20T12:48:03.0000000+02:00" testType="13cdc9d9-ddb5-4fa4-a97d-d965ccfc6d4b" outcome="Passed" testListId="8c84fa94-04c1-424b-9868-57a2d4851a1d" relativeResultsDirectory="a904fd0f-18dc-4b66-8932-64271627d33c" /><UnitTestResult executionId="b093026f-0fdf-48e1-806b-97e2ed1829b7" testId="2730ba77-decb-40f4-87a5-7f0bb8b882e7" testName="ASchemeIsInvalidIfInvalidCharactersAreEncountered" computerName="TAG009442327432" duration="00:00:00.0000001" startTime="2018-09-20T12:48:03.0000000+02:00" endTime="2018-09-20T12:48:03.0000000+02:00" testType="13cdc9d9-ddb5-4fa4-a97d-d965ccfc6d4b" outcome="Passed" testListId="8c84fa94-04c1-424b-9868-57a2d4851a1d" relativeResultsDirectory="b093026f-0fdf-48e1-806b-97e2ed1829b7" /><UnitTestResult executionId="af7d9230-a04a-42dd-be2f-2785a995a6a8" testId="86222290-c8e1-4033-8243-959eea0bb02b" testName="ToStringReturnStateName" computerName="TAG009442327432" duration="00:00:00.0000001" startTime="2018-09-20T12:48:02.0000000+02:00" endTime="2018-09-20T12:48:02.0000000+02:00" testType="13cdc9d9-ddb5-4fa4-a97d-d965ccfc6d4b" outcome="Passed" testListId="8c84fa94-04c1-424b-9868-57a2d4851a1d" relativeResultsDirectory="af7d9230-a04a-42dd-be2f-2785a995a6a8" /><UnitTestResult executionId="034216fd-8df0-415b-844d-fbb652aab1c8" testId="3634ae5a-704e-464d-80a6-5b89e7fcce7b" testName="ANewlyCreatedActionHasAnID" computerName="TAG009442327432" duration="00:00:00.0000001" startTime="2018-09-20T12:48:02.0000000+02:00" endTime="2018-09-20T12:48:02.0000000+02:00" testType="13cdc9d9-ddb5-4fa4-a97d-d965ccfc6d4b" outcome="Passed" testListId="8c84fa94-04c1-424b-9868-57a2d4851a1d" relativeResultsDirectory="034216fd-8df0-415b-844d-fbb652aab1c8" /><UnitTestResult executionId="2aee0614-454a-4f0d-8d02-c561bdd724d7" testId="62ebf28d-da42-428b-91c8-bcd275b88462" testName="AfterUpdatingTheBeaconConfigurationTheBeaconConfigurationIsSet" computerName="TAG009442327432" duration="00:00:00.0010000" startTime="2018-09-20T12:48:03.0000000+02:00" endTime="2018-09-20T12:48:03.0000000+02:00" testType="13cdc9d9-ddb5-4fa4-a97d-d965ccfc6d4b" outcome="Passed" testListId="8c84fa94-04c1-424b-9868-57a2d4851a1d" relativeResultsDirectory="2aee0614-454a-4f0d-8d02-c561bdd724d7" /><UnitTestResult executionId="cbfa9c51-4b74-470e-8b44-361137ce8c46" testId="d5314b0f-ec4a-424c-b3a4-1ed55b74ee03" testName="LastStatusCheckTimeIsSetInExecute" computerName="TAG009442327432" duration="00:00:00.0000001" startTime="2018-09-20T12:48:03.0000000+02:00" endTime="2018-09-20T12:48:03.0000000+02:00" testType="13cdc9d9-ddb5-4fa4-a97d-d965ccfc6d4b" outcome="Passed" testListId="8c84fa94-04c1-424b-9868-57a2d4851a1d" relativeResultsDirectory="cbfa9c51-4b74-470e-8b44-361137ce8c46" /><UnitTestResult executionId="bcbf9415-4014-440e-8a0f-5746b3d62f20" testId="b8d6dd62-f326-47a3-b400-936afd968b9a" testName="ReportEventDoesNothingIfActionIsLeft" computerName="TAG009442327432" duration="00:00:00.0010000" startTime="2018-09-20T12:48:02.0000000+02:00" endTime="2018-09-20T12:48:02.0000000+02:00" testType="13cdc9d9-ddb5-4fa4-a97d-d965ccfc6d4b" outcome="Passed" testListId="8c84fa94-04c1-424b-9868-57a2d4851a1d" relativeResultsDirectory="bcbf9415-4014-440e-8a0f-5746b3d62f20" /><UnitTestResult executionId="0f1a2078-5483-4a42-91c4-645bd7dd1839" testId="6a10035a-2728-4593-b25a-7a19d62b184b" testName="ReportDoubleValueDoesNothingIfValueNameIsNull" computerName="TAG009442327432" duration="00:00:00.0010000" startTime="2018-09-20T12:48:02.0000000+02:00" endTime="2018-09-20T12:48:02.0000000+02:00" testType="13cdc9d9-ddb5-4fa4-a97d-d965ccfc6d4b" outcome="Passed" testListId="8c84fa94-04c1-424b-9868-57a2d4851a1d" relativeResultsDirectory="0f1a2078-5483-4a42-91c4-645bd7dd1839" /><UnitTestResult executionId="64851a9b-3e36-41bc-bbb0-8edee2f43974" testId="242cec7c-6cac-43ea-ba12-1e70e97b279f" testName="StateIsTerminal" computerName="TAG009442327432" duration="00:00:00.0000001" startTime="2018-09-20T12:48:03.0000000+02:00" endTime="2018-09-20T12:48:03.0000000+02:00" testType="13cdc9d9-ddb5-4fa4-a97d-d965ccfc6d4b" outcome="Passed" testListId="8c84fa94-04c1-424b-9868-57a2d4851a1d" relativeResultsDirectory="64851a9b-3e36-41bc-bbb0-8edee2f43974" /><UnitTestResult executionId="170eaaff-6a58-481c-a2e1-6ebcafcb2891" testId="b666c072-0ee1-4d5c-92a3-e179ec81834c" testName="IpV4AddressIsValidAllZero" computerName="TAG009442327432" duration="00:00:00.0000001" startTime="2018-09-20T12:48:03.0000000+02:00" endTime="2018-09-20T12:48:03.0000000+02:00" testType="13cdc9d9-ddb5-4fa4-a97d-d965ccfc6d4b" outcome="Passed" testListId="8c84fa94-04c1-424b-9868-57a2d4851a1d" relativeResultsDirectory="170eaaff-6a58-481c-a2e1-6ebcafcb2891" /><UnitTestResult executionId="5b580019-f5eb-4e0a-80d7-210c2e6c15cf" testId="becffdbd-5064-4e56-9741-d7f9599cf06a" testName="SleepTimeIsDoubledBetweenConsecutiveRetries" computerName="TAG009442327432" duration="00:00:00.0010000" startTime="2018-09-20T12:48:03.0000000+02:00" endTime="2018-09-20T12:48:03.0000000+02:00" testType="13cdc9d9-ddb5-4fa4-a97d-d965ccfc6d4b" outcome="Passed" testListId="8c84fa94-04c1-424b-9868-57a2d4851a1d" relativeResultsDirectory="5b580019-f5eb-4e0a-80d7-210c2e6c15cf" /><UnitTestResult executionId="c6649656-4924-463a-9e35-bf7a3bf07954" testId="87612714-2cb6-4284-a904-a70c99a4f311" testName="StateIsNotTerminal" computerName="TAG009442327432" duration="00:00:00.0000001" startTime="2018-09-20T12:48:03.0000000+02:00" endTime="2018-09-20T12:48:03.0000000+02:00" testType="13cdc9d9-ddb5-4fa4-a97d-d965ccfc6d4b" outcome="Passed" testListId="8c84fa94-04c1-424b-9868-57a2d4851a1d" relativeResultsDirectory="c6649656-4924-463a-9e35-bf7a3bf07954" /><UnitTestResult executionId="3cb8bf69-8ad7-4dc5-99da-107586174ed7" testId="2e383bae-49a0-4104-8044-6c96101f9b50" testName="CanSetCrashReportingLevelForAppMon" computerName="TAG009442327432" duration="00:00:00.0000001" startTime="2018-09-20T12:48:03.0000000+02:00" endTime="2018-09-20T12:48:03.0000000+02:00" testType="13cdc9d9-ddb5-4fa4-a97d-d965ccfc6d4b" outcome="Passed" testListId="8c84fa94-04c1-424b-9868-57a2d4851a1d" relativeResultsDirectory="3cb8bf69-8ad7-4dc5-99da-107586174ed7" /><UnitTestResult executionId="2144db28-7738-4bda-a244-f2e77da884cb" testId="cbf4d894-0c3c-4ddb-b3c9-40d7081a604d" testName="IsInitializedGetsValueFromContext" computerName="TAG009442327432" duration="00:00:00.0200000" startTime="2018-09-20T12:48:02.0000000+02:00" endTime="2018-09-20T12:48:02.0000000+02:00" testType="13cdc9d9-ddb5-4fa4-a97d-d965ccfc6d4b" outcome="Passed" testListId="8c84fa94-04c1-424b-9868-57a2d4851a1d" relativeResultsDirectory="2144db28-7738-4bda-a244-f2e77da884cb" /><UnitTestResult executionId="ec31e65c-5622-407b-9e93-f706909870fc" testId="33a9a268-d7ce-4007-853c-076916231e85" testName="NeedsDataCopyBeforeChunkingGivesFalseEvenIfListsAreEmpty" computerName="TAG009442327432" duration="00:00:00.0000001" startTime="2018-09-20T12:48:02.0000000+02:00" endTime="2018-09-20T12:48:02.0000000+02:00" testType="13cdc9d9-ddb5-4fa4-a97d-d965ccfc6d4b" outcome="Passed" testListId="8c84fa94-04c1-424b-9868-57a2d4851a1d" relativeResultsDirectory="ec31e65c-5622-407b-9e93-f706909870fc" /><UnitTestResult executionId="68bc08ea-406e-46b4-a30e-fe7c71851d7f" testId="1090aa45-9871-441f-a241-246d23ae4e74" testName="RemoveOldestRecordsComparesTopActionAndEventDataAndRemovesOldest" computerName="TAG009442327432" duration="00:00:00.0010000" startTime="2018-09-20T12:48:02.0000000+02:00" endTime="2018-09-20T12:48:02.0000000+02:00" testType="13cdc9d9-ddb5-4fa4-a97d-d965ccfc6d4b" outcome="Passed" testListId="8c84fa94-04c1-424b-9868-57a2d4851a1d" relativeResultsDirectory="68bc08ea-406e-46b4-a30e-fe7c71851d7f" /><UnitTestResult executionId="1b5cb4b5-352b-4d2b-b9c4-96a62c4d0cce" testId="c5db381c-db87-4864-96ef-740a534b60cc" testName="SendBeaconRequestForwardsClientIP" computerName="TAG009442327432" duration="00:00:00.0110000" startTime="2018-09-20T12:48:03.0000000+02:00" endTime="2018-09-20T12:48:03.0000000+02:00" testType="13cdc9d9-ddb5-4fa4-a97d-d965ccfc6d4b" outcome="Passed" testListId="8c84fa94-04c1-424b-9868-57a2d4851a1d" relativeResultsDirectory="1b5cb4b5-352b-4d2b-b9c4-96a62c4d0cce" /><UnitTestResult executionId="aff710f6-616b-4371-b26e-89ad53646248" testId="ad9f0971-a7d9-4844-8c18-28b56138f41b" testName="SendBeaconRequestSendsNullDataIfNullWasGiven" computerName="TAG009442327432" duration="00:00:00.0010000" startTime="2018-09-20T12:48:03.0000000+02:00" endTime="2018-09-20T12:48:03.0000000+02:00" testType="13cdc9d9-ddb5-4fa4-a97d-d965ccfc6d4b" outcome="Passed" testListId="8c84fa94-04c1-424b-9868-57a2d4851a1d" relativeResultsDirectory="aff710f6-616b-4371-b26e-89ad53646248" /><UnitTestResult executionId="8cbf3fed-0556-498a-89dd-3d67e92334aa" testId="f3f5a504-89f8-4ccf-a53a-8b5f06ea2a20" testName="ReportCrashDoesNotReportOnDataCollectionLevel1" computerName="TAG009442327432" duration="00:00:00.0020000" startTime="2018-09-20T12:48:03.0000000+02:00" endTime="2018-09-20T12:48:03.0000000+02:00" testType="13cdc9d9-ddb5-4fa4-a97d-d965ccfc6d4b" outcome="Passed" testListId="8c84fa94-04c1-424b-9868-57a2d4851a1d" relativeResultsDirectory="8cbf3fed-0556-498a-89dd-3d67e92334aa" /><UnitTestResult executionId="27a3f5dd-233e-40e9-8d73-7ef74ef24bf1" testId="6aaeadc7-7f98-4f0a-81cb-6ca643472dbb" testName="resetDataMarkedForSendingReturnsIfDataHasNotBeenCopied" computerName="TAG009442327432" duration="00:00:00.0010000" startTime="2018-09-20T12:48:02.0000000+02:00" endTime="2018-09-20T12:48:02.0000000+02:00" testType="13cdc9d9-ddb5-4fa4-a97d-d965ccfc6d4b" outcome="Passed" testListId="8c84fa94-04c1-424b-9868-57a2d4851a1d" relativeResultsDirectory="27a3f5dd-233e-40e9-8d73-7ef74ef24bf1" /><UnitTestResult executionId="a74d893a-52e5-4d2e-a487-0fbd3b5c93cd" testId="4c9839b3-d1a8-4aa3-8f1f-662ffde54efb" testName="DefaultServerIDIsMinusOne" computerName="TAG009442327432" duration="00:00:00.0000001" startTime="2018-09-20T12:48:05.0000000+02:00" endTime="2018-09-20T12:48:05.0000000+02:00" testType="13cdc9d9-ddb5-4fa4-a97d-d965ccfc6d4b" outcome="Passed" testListId="8c84fa94-04c1-424b-9868-57a2d4851a1d" relativeResultsDirectory="a74d893a-52e5-4d2e-a487-0fbd3b5c93cd" /><UnitTestResult executionId="2f985304-6461-4562-bf75-af61f2b33c98" testId="a989ab39-4aa0-49a0-81ef-9b7833285350" testName="ADefaultConstructedConfigurationUsesStrictTrustManager" computerName="TAG009442327432" duration="00:00:00.0000001" startTime="2018-09-20T12:48:03.0000000+02:00" endTime="2018-09-20T12:48:03.0000000+02:00" testType="13cdc9d9-ddb5-4fa4-a97d-d965ccfc6d4b" outcome="Passed" testListId="8c84fa94-04c1-424b-9868-57a2d4851a1d" relativeResultsDirectory="2f985304-6461-4562-bf75-af61f2b33c98" /><UnitTestResult executionId="fff111c4-7610-41e7-b78d-ac0a65f5f794" testId="9d4ded7b-1d7d-48ee-8f5c-03eea934c5e5" testName="CannotSetNullTrustManagerForDynatrace" computerName="TAG009442327432" duration="00:00:00.0010000" startTime="2018-09-20T12:48:03.0000000+02:00" endTime="2018-09-20T12:48:03.0000000+02:00" testType="13cdc9d9-ddb5-4fa4-a97d-d965ccfc6d4b" outcome="Passed" testListId="8c84fa94-04c1-424b-9868-57a2d4851a1d" relativeResultsDirectory="fff111c4-7610-41e7-b78d-ac0a65f5f794" /><UnitTestResult executionId="0b3b490e-2e89-480f-8680-4ceb2d8f86af" testId="21493b11-9214-48c3-98f2-8ff6aaed3996" testName="TheStrategyIsDisabledIfBeaconMaxAgeIsSetToLessThanZero" computerName="TAG009442327432" duration="00:00:00.0000001" startTime="2018-09-20T12:48:02.0000000+02:00" endTime="2018-09-20T12:48:02.0000000+02:00" testType="13cdc9d9-ddb5-4fa4-a97d-d965ccfc6d4b" outcome="Passed" testListId="8c84fa94-04c1-424b-9868-57a2d4851a1d" relativeResultsDirectory="0b3b490e-2e89-480f-8680-4ceb2d8f86af" /><UnitTestResult executionId="64d941d6-65d5-4c95-b492-0c95f00b12f1" testId="5da41f43-f742-4011-a28c-8ddce390bd7d" testName="FinishedSessionsAreSent" computerName="TAG009442327432" duration="00:00:00.0040000" startTime="2018-09-20T12:48:02.0000000+02:00" endTime="2018-09-20T12:48:02.0000000+02:00" testType="13cdc9d9-ddb5-4fa4-a97d-d965ccfc6d4b" outcome="Passed" testListId="8c84fa94-04c1-424b-9868-57a2d4851a1d" relativeResultsDirectory="64d941d6-65d5-4c95-b492-0c95f00b12f1" /><UnitTestResult executionId="c89431d8-9d42-48ab-af08-11da8c095889" testId="47f25488-17b0-4ca2-b428-801364185fb5" testName="SendStatusRequestIsAbortedIfNumberOfRetriesIsExceeded" computerName="TAG009442327432" duration="00:00:00.0010000" startTime="2018-09-20T12:48:03.0000000+02:00" endTime="2018-09-20T12:48:03.0000000+02:00" testType="13cdc9d9-ddb5-4fa4-a97d-d965ccfc6d4b" outcome="Passed" testListId="8c84fa94-04c1-424b-9868-57a2d4851a1d" relativeResultsDirectory="c89431d8-9d42-48ab-af08-11da8c095889" /><UnitTestResult executionId="489b52c0-c213-4b60-8fa0-7238e9cfa3f1" testId="6c743362-f423-4ca4-a925-f3bb9abfc3f8" testName="NullIsNotEqual" computerName="TAG009442327432" duration="00:00:00.0000001" startTime="2018-09-20T12:48:02.0000000+02:00" endTime="2018-09-20T12:48:02.0000000+02:00" testType="13cdc9d9-ddb5-4fa4-a97d-d965ccfc6d4b" outcome="Passed" testListId="8c84fa94-04c1-424b-9868-57a2d4851a1d" relativeResultsDirectory="489b52c0-c213-4b60-8fa0-7238e9cfa3f1" /><UnitTestResult executionId="97f2340d-1ec9-4ed2-8625-27e30f29805d" testId="88e7df2e-1baf-40bc-b1b4-22234a09cf18" testName="SendBeaconRequestSendsGzipCompressedDataIfNonNullDataWasGiven" computerName="TAG009442327432" duration="00:00:00.0050000" startTime="2018-09-20T12:48:03.0000000+02:00" endTime="2018-09-20T12:48:03.0000000+02:00" testType="13cdc9d9-ddb5-4fa4-a97d-d965ccfc6d4b" outcome="Passed" testListId="8c84fa94-04c1-424b-9868-57a2d4851a1d" relativeResultsDirectory="97f2340d-1ec9-4ed2-8625-27e30f29805d" /><UnitTestResult executionId="9bed42ae-dc31-4155-b7fc-ca8b52ce11d7" testId="2e69eacf-6e01-4943-98fd-59727cd8c3f2" testName="ParentIDIsEqualToParentActionsID" computerName="TAG009442327432" duration="00:00:00.0010000" startTime="2018-09-20T12:48:02.0000000+02:00" endTime="2018-09-20T12:48:02.0000000+02:00" testType="13cdc9d9-ddb5-4fa4-a97d-d965ccfc6d4b" outcome="Passed" testListId="8c84fa94-04c1-424b-9868-57a2d4851a1d" relativeResultsDirectory="9bed42ae-dc31-4155-b7fc-ca8b52ce11d7" /><UnitTestResult executionId="7086e64e-a629-4bf7-8486-ea3bd0b961e9" testId="172ff24c-6aab-4cc4-a9a9-5957d02cc18b" testName="TheStrategyIsDisabledIfCacheSizeLowerBoundIsLessThanZero" computerName="TAG009442327432" duration="00:00:00.0000001" startTime="2018-09-20T12:48:02.0000000+02:00" endTime="2018-09-20T12:48:02.0000000+02:00" testType="13cdc9d9-ddb5-4fa4-a97d-d965ccfc6d4b" outcome="Passed" testListId="8c84fa94-04c1-424b-9868-57a2d4851a1d" relativeResultsDirectory="7086e64e-a629-4bf7-8486-ea3bd0b961e9" /><UnitTestResult executionId="ff6fc105-4256-4528-a523-cdabc9b0fe47" testId="0a49a20b-7b98-4f28-8afb-78c9238fba88" testName="TransitionToCaptureOnIsPerformedOnSuccess" computerName="TAG009442327432" duration="00:00:00.0010000" startTime="2018-09-20T12:48:03.0000000+02:00" endTime="2018-09-20T12:48:03.0000000+02:00" testType="13cdc9d9-ddb5-4fa4-a97d-d965ccfc6d4b" outcome="Passed" testListId="8c84fa94-04c1-424b-9868-57a2d4851a1d" relativeResultsDirectory="ff6fc105-4256-4528-a523-cdabc9b0fe47" /><UnitTestResult executionId="ba137709-a608-4a7d-9df4-bb61a619a2bf" testId="4e416c56-6c91-4209-9e5e-71b8eea89960" testName="ADefaultConstructedInstanceHasNoData" computerName="TAG009442327432" duration="00:00:00.0000001" startTime="2018-09-20T12:48:02.0000000+02:00" endTime="2018-09-20T12:48:02.0000000+02:00" testType="13cdc9d9-ddb5-4fa4-a97d-d965ccfc6d4b" outcome="Passed" testListId="8c84fa94-04c1-424b-9868-57a2d4851a1d" relativeResultsDirectory="ba137709-a608-4a7d-9df4-bb61a619a2bf" /><UnitTestResult executionId="94a967ea-0c5a-4366-823a-bc45ea427ae9" testId="c824c31a-2d53-4547-86c9-b9678bf6faa4" testName="ReportIntValueDoesNothingIfValueNameIsNull" computerName="TAG009442327432" duration="00:00:00.0010000" startTime="2018-09-20T12:48:02.0000000+02:00" endTime="2018-09-20T12:48:02.0000000+02:00" testType="13cdc9d9-ddb5-4fa4-a97d-d965ccfc6d4b" outcome="Passed" testListId="8c84fa94-04c1-424b-9868-57a2d4851a1d" relativeResultsDirectory="94a967ea-0c5a-4366-823a-bc45ea427ae9" /><UnitTestResult executionId="50c9e1a3-fead-4823-8eb4-0c3d93819bb1" testId="21a6dc6a-3118-404d-81a2-6f0150372750" testName="GetCrashReportingLevel" computerName="TAG009442327432" duration="00:00:00.0010000" startTime="2018-09-20T12:48:03.0000000+02:00" endTime="2018-09-20T12:48:03.0000000+02:00" testType="13cdc9d9-ddb5-4fa4-a97d-d965ccfc6d4b" outcome="Passed" testListId="8c84fa94-04c1-424b-9868-57a2d4851a1d" relativeResultsDirectory="50c9e1a3-fead-4823-8eb4-0c3d93819bb1" /><UnitTestResult executionId="1aa8e64c-1de5-48e2-8d24-6e23a81d32da" testId="2d6fc1de-ff44-4cb2-bc01-25f5d26508b3" testName="IsWarnEnabledIsTrueIfVerboseIsFalse" computerName="TAG009442327432" duration="00:00:00.0000001" startTime="2018-09-20T12:48:03.0000000+02:00" endTime="2018-09-20T12:48:03.0000000+02:00" testType="13cdc9d9-ddb5-4fa4-a97d-d965ccfc6d4b" outcome="Passed" testListId="8c84fa94-04c1-424b-9868-57a2d4851a1d" relativeResultsDirectory="1aa8e64c-1de5-48e2-8d24-6e23a81d32da" /><UnitTestResult executionId="3c37f1f0-426b-4c11-95c6-bc92c3ff1b37" testId="070a3ff2-a25d-4a14-adf7-b465975d680d" testName="DisposingAnActionLeavesTheAction" computerName="TAG009442327432" duration="00:00:00.0010000" startTime="2018-09-20T12:48:02.0000000+02:00" endTime="2018-09-20T12:48:02.0000000+02:00" testType="13cdc9d9-ddb5-4fa4-a97d-d965ccfc6d4b" outcome="Passed" testListId="8c84fa94-04c1-424b-9868-57a2d4851a1d" relativeResultsDirectory="3c37f1f0-426b-4c11-95c6-bc92c3ff1b37" /><UnitTestResult executionId="78aef192-85a1-4113-8356-63928bf0e3f6" testId="05db0bf5-e140-4108-b0e2-bb8b373cd28b" testName="GivenDeviceIDIsUsedOnDataCollectionLevel2" computerName="TAG009442327432" duration="00:00:00.0000001" startTime="2018-09-20T12:48:03.0000000+02:00" endTime="2018-09-20T12:48:03.0000000+02:00" testType="13cdc9d9-ddb5-4fa4-a97d-d965ccfc6d4b" outcome="Passed" testListId="8c84fa94-04c1-424b-9868-57a2d4851a1d" relativeResultsDirectory="78aef192-85a1-4113-8356-63928bf0e3f6" /><UnitTestResult executionId="aa409c01-5faa-4c34-a351-71a9dff006b2" testId="41140ff8-beef-48f1-9b46-38d49d1c9755" testName="ReportCrashDoesNothingIfSessionIsEnded" computerName="TAG009442327432" duration="00:00:00.0000001" startTime="2018-09-20T12:48:03.0000000+02:00" endTime="2018-09-20T12:48:03.0000000+02:00" testType="13cdc9d9-ddb5-4fa4-a97d-d965ccfc6d4b" outcome="Passed" testListId="8c84fa94-04c1-424b-9868-57a2d4851a1d" relativeResultsDirectory="aa409c01-5faa-4c34-a351-71a9dff006b2" /><UnitTestResult executionId="c161ee76-1ca5-4980-b443-98d65284226b" testId="e983c4b6-9c23-43c7-8f0c-ff499ef2b556" testName="ServerIDIsParsed" computerName="TAG009442327432" duration="00:00:00.0000001" startTime="2018-09-20T12:48:05.0000000+02:00" endTime="2018-09-20T12:48:05.0000000+02:00" testType="13cdc9d9-ddb5-4fa4-a97d-d965ccfc6d4b" outcome="Passed" testListId="8c84fa94-04c1-424b-9868-57a2d4851a1d" relativeResultsDirectory="c161ee76-1ca5-4980-b443-98d65284226b" /><UnitTestResult executionId="55918bd2-3c33-4d21-834c-1cd011a0cab1" testId="4368ee7e-715b-4254-9fec-f606a19e3384" testName="SendNewSessionRequestWorksIfResponseIsNull" computerName="TAG009442327432" duration="00:00:00.0020000" startTime="2018-09-20T12:48:04.0000000+02:00" endTime="2018-09-20T12:48:04.0000000+02:00" testType="13cdc9d9-ddb5-4fa4-a97d-d965ccfc6d4b" outcome="Passed" testListId="8c84fa94-04c1-424b-9868-57a2d4851a1d" relativeResultsDirectory="55918bd2-3c33-4d21-834c-1cd011a0cab1" /><UnitTestResult executionId="2df92cc6-f1e3-4d61-879c-11a9a1c615fb" testId="e86614f4-7177-4adf-8498-1a25eb74a9eb" testName="DefaultsAreSetForAppMon" computerName="TAG009442327432" duration="00:00:00.0020000" startTime="2018-09-20T12:48:03.0000000+02:00" endTime="2018-09-20T12:48:03.0000000+02:00" testType="13cdc9d9-ddb5-4fa4-a97d-d965ccfc6d4b" outcome="Passed" testListId="8c84fa94-04c1-424b-9868-57a2d4851a1d" relativeResultsDirectory="2df92cc6-f1e3-4d61-879c-11a9a1c615fb" /><UnitTestResult executionId="c7d05f25-f20c-4ee5-b5df-366e327d0a98" testId="07b1444c-07a7-46d2-b583-9ebb88a3d8a4" testName="SessionStartIsReportedForDataCollectionLevel2" computerName="TAG009442327432" duration="00:00:00.0000001" startTime="2018-09-20T12:48:03.0000000+02:00" endTime="2018-09-20T12:48:03.0000000+02:00" testType="13cdc9d9-ddb5-4fa4-a97d-d965ccfc6d4b" outcome="Passed" testListId="8c84fa94-04c1-424b-9868-57a2d4851a1d" relativeResultsDirectory="c7d05f25-f20c-4ee5-b5df-366e327d0a98" /><UnitTestResult executionId="5c4432b0-e115-463c-92f0-89114fe2c900" testId="4c7b40f8-fb14-4b1c-a80a-1dc7a2c3cef0" testName="ParsingInvalidServerIDThrowsException" computerName="TAG009442327432" duration="00:00:00.0010000" startTime="2018-09-20T12:48:05.0000000+02:00" endTime="2018-09-20T12:48:05.0000000+02:00" testType="13cdc9d9-ddb5-4fa4-a97d-d965ccfc6d4b" outcome="Passed" testListId="8c84fa94-04c1-424b-9868-57a2d4851a1d" relativeResultsDirectory="5c4432b0-e115-463c-92f0-89114fe2c900" /><UnitTestResult executionId="38d07326-43cd-4009-957b-f746379d4724" testId="2879d6db-cfb4-4877-91ab-027f1ab79fa6" testName="WebRequestIsReportedForDataCollectionLevel2" computerName="TAG009442327432" duration="00:00:00.0010000" startTime="2018-09-20T12:48:03.0000000+02:00" endTime="2018-09-20T12:48:03.0000000+02:00" testType="13cdc9d9-ddb5-4fa4-a97d-d965ccfc6d4b" outcome="Passed" testListId="8c84fa94-04c1-424b-9868-57a2d4851a1d" relativeResultsDirectory="38d07326-43cd-4009-957b-f746379d4724" /><UnitTestResult executionId="a5602af2-f692-4cbc-bad4-7060fca633e5" testId="6e6b0ea3-e00a-401b-9065-245de504a9cf" testName="TraceWebRequestGivesNullWebRequestTracerIfUrlIsNull" computerName="TAG009442327432" duration="00:00:00.0010000" startTime="2018-09-20T12:48:02.0000000+02:00" endTime="2018-09-20T12:48:02.0000000+02:00" testType="13cdc9d9-ddb5-4fa4-a97d-d965ccfc6d4b" outcome="Passed" testListId="8c84fa94-04c1-424b-9868-57a2d4851a1d" relativeResultsDirectory="a5602af2-f692-4cbc-bad4-7060fca633e5" /><UnitTestResult executionId="83659919-4fae-46f4-8b60-2fffe05dec9d" testId="c1b845df-6343-4e14-a1f5-7e9e4ed027b7" testName="StateIsNotTerminal" computerName="TAG009442327432" duration="00:00:00.0010000" startTime="2018-09-20T12:48:03.0000000+02:00" endTime="2018-09-20T12:48:03.0000000+02:00" testType="13cdc9d9-ddb5-4fa4-a97d-d965ccfc6d4b" outcome="Passed" testListId="8c84fa94-04c1-424b-9868-57a2d4851a1d" relativeResultsDirectory="83659919-4fae-46f4-8b60-2fffe05dec9d" /><UnitTestResult executionId="ff26efff-ef6e-4f74-806d-2de19a47d7b0" testId="512c8c9d-f72f-4dbc-9910-f1dd4bf0a3d5" testName="DeleteCacheEntryRemovesTheGivenBeacon" computerName="TAG009442327432" duration="00:00:00.0000001" startTime="2018-09-20T12:48:02.0000000+02:00" endTime="2018-09-20T12:48:02.0000000+02:00" testType="13cdc9d9-ddb5-4fa4-a97d-d965ccfc6d4b" outcome="Passed" testListId="8c84fa94-04c1-424b-9868-57a2d4851a1d" relativeResultsDirectory="ff26efff-ef6e-4f74-806d-2de19a47d7b0" /><UnitTestResult executionId="962ed502-5e92-4c24-bde7-6ba47c5ab346" testId="c1f63757-c4cf-4580-a476-0da8069eb0b6" testName="GetRetryAfterReturnsDefaultValueIfValueIsNotParsableAsInteger" computerName="TAG009442327432" duration="00:00:00.0010000" startTime="2018-09-20T12:48:05.0000000+02:00" endTime="2018-09-20T12:48:05.0000000+02:00" testType="13cdc9d9-ddb5-4fa4-a97d-d965ccfc6d4b" outcome="Passed" testListId="8c84fa94-04c1-424b-9868-57a2d4851a1d" relativeResultsDirectory="962ed502-5e92-4c24-bde7-6ba47c5ab346" /><UnitTestResult executionId="cdf3e3d6-51bd-4d1e-a6f1-1e3e659f1d1d" testId="23a4e699-b0d4-4298-a0d0-8bb7ae058196" testName="SendStatusRequestIsDoneWhenHttpClientReturnsASuccessfulResponse" computerName="TAG009442327432" duration="00:00:00.0010000" startTime="2018-09-20T12:48:03.0000000+02:00" endTime="2018-09-20T12:48:03.0000000+02:00" testType="13cdc9d9-ddb5-4fa4-a97d-d965ccfc6d4b" outcome="Passed" testListId="8c84fa94-04c1-424b-9868-57a2d4851a1d" relativeResultsDirectory="cdf3e3d6-51bd-4d1e-a6f1-1e3e659f1d1d" /><UnitTestResult executionId="a0b06497-96e4-4f57-80f4-dcc24b5a35be" testId="b86cff77-63b5-41ac-970b-8de7469be926" testName="ExecuteEvictionLogsTheNumberOfRecordsRemoved" computerName="TAG009442327432" duration="00:00:00.0010000" startTime="2018-09-20T12:48:02.0000000+02:00" endTime="2018-09-20T12:48:02.0000000+02:00" testType="13cdc9d9-ddb5-4fa4-a97d-d965ccfc6d4b" outcome="Passed" testListId="8c84fa94-04c1-424b-9868-57a2d4851a1d" relativeResultsDirectory="a0b06497-96e4-4f57-80f4-dcc24b5a35be" /><UnitTestResult executionId="17c96bff-0c52-48ab-8045-00a455c52185" testId="b2efb83a-3125-4f90-a3eb-a96f60f4bd79" testName="GetSessionReturnsWrappedSession" computerName="TAG009442327432" duration="00:00:00.0000001" startTime="2018-09-20T12:48:03.0000000+02:00" endTime="2018-09-20T12:48:03.0000000+02:00" testType="13cdc9d9-ddb5-4fa4-a97d-d965ccfc6d4b" outcome="Passed" testListId="8c84fa94-04c1-424b-9868-57a2d4851a1d" relativeResultsDirectory="17c96bff-0c52-48ab-8045-00a455c52185" /><UnitTestResult executionId="141ca677-f2d6-4bce-a370-4561fe703348" testId="9daea350-3848-4d6b-8612-893d4429dd90" testName="ADefaultConstructedConfigurationDisablesDataCollection" computerName="TAG009442327432" duration="00:00:00.0000001" startTime="2018-09-20T12:48:03.0000000+02:00" endTime="2018-09-20T12:48:03.0000000+02:00" testType="13cdc9d9-ddb5-4fa4-a97d-d965ccfc6d4b" outcome="Passed" testListId="8c84fa94-04c1-424b-9868-57a2d4851a1d" relativeResultsDirectory="141ca677-f2d6-4bce-a370-4561fe703348" /><UnitTestResult executionId="a6e89c2b-bf88-49e8-bb5b-829d568c12e0" testId="fd175781-48bd-46f7-86f6-acee4daef564" testName="EndingASessionFinishesSessionContext" computerName="TAG009442327432" duration="00:00:00.0010000" startTime="2018-09-20T12:48:03.0000000+02:00" endTime="2018-09-20T12:48:03.0000000+02:00" testType="13cdc9d9-ddb5-4fa4-a97d-d965ccfc6d4b" outcome="Passed" testListId="8c84fa94-04c1-424b-9868-57a2d4851a1d" relativeResultsDirectory="a6e89c2b-bf88-49e8-bb5b-829d568c12e0" /><UnitTestResult executionId="0e19376c-386e-4dbd-b1f3-f2f36c83fbac" testId="35e1ed60-854a-41f7-9d40-cee17f6c39c4" testName="ADefaultConstructedSessionWrapperCanSendRequests" computerName="TAG009442327432" duration="00:00:00.0010000" startTime="2018-09-20T12:48:03.0000000+02:00" endTime="2018-09-20T12:48:03.0000000+02:00" testType="13cdc9d9-ddb5-4fa4-a97d-d965ccfc6d4b" outcome="Passed" testListId="8c84fa94-04c1-424b-9868-57a2d4851a1d" relativeResultsDirectory="0e19376c-386e-4dbd-b1f3-f2f36c83fbac" /><UnitTestResult executionId="35bdb716-a52a-443e-84bc-4a029f6d912c" testId="8bbaaec9-8ad9-434b-86c1-4622fd07a725" testName="AValidSchemeStartsWithALetter" computerName="TAG009442327432" duration="00:00:00.0000001" startTime="2018-09-20T12:48:03.0000000+02:00" endTime="2018-09-20T12:48:03.0000000+02:00" testType="13cdc9d9-ddb5-4fa4-a97d-d965ccfc6d4b" outcome="Passed" testListId="8c84fa94-04c1-424b-9868-57a2d4851a1d" relativeResultsDirectory="35bdb716-a52a-443e-84bc-4a029f6d912c" /><UnitTestResult executionId="fdff838d-79b8-41d2-a30d-2e97f45f985e" testId="00faea74-e8f1-4222-8ce8-bc3177562f21" testName="SendNewSessionRequestSendsOneHTTPGetRequest" computerName="TAG009442327432" duration="00:00:00.0020000" startTime="2018-09-20T12:48:04.0000000+02:00" endTime="2018-09-20T12:48:04.0000000+02:00" testType="13cdc9d9-ddb5-4fa4-a97d-d965ccfc6d4b" outcome="Passed" testListId="8c84fa94-04c1-424b-9868-57a2d4851a1d" relativeResultsDirectory="fdff838d-79b8-41d2-a30d-2e97f45f985e" /><UnitTestResult executionId="fc5a2bab-77d2-4c34-b5e5-1a664202bd0a" testId="259a0f61-e646-4646-8213-14073503c412" testName="IsErroneousResponseGivesTrueForErrorCodeGreaterThan400" computerName="TAG009442327432" duration="00:00:00.0000001" startTime="2018-09-20T12:48:05.0000000+02:00" endTime="2018-09-20T12:48:05.0000000+02:00" testType="13cdc9d9-ddb5-4fa4-a97d-d965ccfc6d4b" outcome="Passed" testListId="8c84fa94-04c1-424b-9868-57a2d4851a1d" relativeResultsDirectory="fc5a2bab-77d2-4c34-b5e5-1a664202bd0a" /><UnitTestResult executionId="06143fb3-91fc-4f8b-88a8-507759e7aa35" testId="05cf39e7-9577-4044-a7ec-90ba99daaf2a" testName="LastRuntimeStampIsAdjustedDuringFirstExecution" computerName="TAG009442327432" duration="00:00:00.0010000" startTime="2018-09-20T12:48:02.0000000+02:00" endTime="2018-09-20T12:48:02.0000000+02:00" testType="13cdc9d9-ddb5-4fa4-a97d-d965ccfc6d4b" outcome="Passed" testListId="8c84fa94-04c1-424b-9868-57a2d4851a1d" relativeResultsDirectory="06143fb3-91fc-4f8b-88a8-507759e7aa35" /><UnitTestResult executionId="c658dfac-4c97-4dd6-835e-bef0678fcccc" testId="7dbe31f5-b789-44ca-be7b-91e69b5b1e9f" testName="SetResponseCodeSetsTheResponseCode" computerName="TAG009442327432" duration="00:00:00.0010000" startTime="2018-09-20T12:48:03.0000000+02:00" endTime="2018-09-20T12:48:03.0000000+02:00" testType="13cdc9d9-ddb5-4fa4-a97d-d965ccfc6d4b" outcome="Passed" testListId="8c84fa94-04c1-424b-9868-57a2d4851a1d" relativeResultsDirectory="c658dfac-4c97-4dd6-835e-bef0678fcccc" /><UnitTestResult executionId="5a4775db-4593-4b81-93c2-3823f40cbd59" testId="577474e5-22e7-4d25-b771-3fc72bc1de1a" testName="StringValueNotReportedForDataCollectionLevel1" computerName="TAG009442327432" duration="00:00:00.0000001" startTime="2018-09-20T12:48:03.0000000+02:00" endTime="2018-09-20T12:48:03.0000000+02:00" testType="13cdc9d9-ddb5-4fa4-a97d-d965ccfc6d4b" outcome="Passed" testListId="8c84fa94-04c1-424b-9868-57a2d4851a1d" relativeResultsDirectory="5a4775db-4593-4b81-93c2-3823f40cbd59" /><UnitTestResult executionId="a614f6c8-2fbe-424b-bb7e-288a2fbfdd13" testId="8a7a170b-adf9-47f9-968e-9ffce477de51" testName="DefaultCaptureCrashesIsOn" computerName="TAG009442327432" duration="00:00:00.0000001" startTime="2018-09-20T12:48:05.0000000+02:00" endTime="2018-09-20T12:48:05.0000000+02:00" testType="13cdc9d9-ddb5-4fa4-a97d-d965ccfc6d4b" outcome="Passed" testListId="8c84fa94-04c1-424b-9868-57a2d4851a1d" relativeResultsDirectory="a614f6c8-2fbe-424b-bb7e-288a2fbfdd13" /><UnitTestResult executionId="56cef6f6-2b1a-4c7b-90e8-027e154197c7" testId="ef128aa6-db75-4fe8-ba9b-a2de16cdc4d6" testName="TimeSyncRequestsAreInterruptedAfterUnsuccessfulRetries" computerName="TAG009442327432" duration="00:00:00.0010000" startTime="2018-09-20T12:48:03.0000000+02:00" endTime="2018-09-20T12:48:03.0000000+02:00" testType="13cdc9d9-ddb5-4fa4-a97d-d965ccfc6d4b" outcome="Passed" testListId="8c84fa94-04c1-424b-9868-57a2d4851a1d" relativeResultsDirectory="56cef6f6-2b1a-4c7b-90e8-027e154197c7" /><UnitTestResult executionId="5e04abe8-78a2-4a5d-b68d-96afde7b5724" testId="20e7b362-9ba5-4543-802d-bbbf3c1ca57a" testName="TransitionToFlushStateIsPerformedOnShutdown" computerName="TAG009442327432" duration="00:00:00.0010000" startTime="2018-09-20T12:48:02.0000000+02:00" endTime="2018-09-20T12:48:02.0000000+02:00" testType="13cdc9d9-ddb5-4fa4-a97d-d965ccfc6d4b" outcome="Passed" testListId="8c84fa94-04c1-424b-9868-57a2d4851a1d" relativeResultsDirectory="5e04abe8-78a2-4a5d-b68d-96afde7b5724" /><UnitTestResult executionId="bb74d4ae-f44e-42f1-87ce-c005c1cdb1ec" testId="04bd3a67-8000-4f10-af6b-9761f9f6112b" testName="IpV4AddressIsInvalidDueToAdditionalCharacterInSecondBlock" computerName="TAG009442327432" duration="00:00:00.0000001" startTime="2018-09-20T12:48:03.0000000+02:00" endTime="2018-09-20T12:48:03.0000000+02:00" testType="13cdc9d9-ddb5-4fa4-a97d-d965ccfc6d4b" outcome="Passed" testListId="8c84fa94-04c1-424b-9868-57a2d4851a1d" relativeResultsDirectory="bb74d4ae-f44e-42f1-87ce-c005c1cdb1ec" /><UnitTestResult executionId="081b8798-95c0-4177-8650-cdf5206404c2" testId="6ac9d396-d148-4999-b4ec-b585c9465bb1" testName="AddEventDataAddsBeaconIdToCache" computerName="TAG009442327432" duration="00:00:00.0010000" startTime="2018-09-20T12:48:02.0000000+02:00" endTime="2018-09-20T12:48:02.0000000+02:00" testType="13cdc9d9-ddb5-4fa4-a97d-d965ccfc6d4b" outcome="Passed" testListId="8c84fa94-04c1-424b-9868-57a2d4851a1d" relativeResultsDirectory="081b8798-95c0-4177-8650-cdf5206404c2" /><UnitTestResult executionId="274bf156-555d-437f-8905-616d2568d049" testId="f27dd547-0b30-4c35-9ccf-e448c24a9b82" testName="NamedEventReportedForDataCollectionLevel2" computerName="TAG009442327432" duration="00:00:00.0000001" startTime="2018-09-20T12:48:03.0000000+02:00" endTime="2018-09-20T12:48:03.0000000+02:00" testType="13cdc9d9-ddb5-4fa4-a97d-d965ccfc6d4b" outcome="Passed" testListId="8c84fa94-04c1-424b-9868-57a2d4851a1d" relativeResultsDirectory="274bf156-555d-437f-8905-616d2568d049" /><UnitTestResult executionId="b362a444-f8c8-430d-9d86-7577d2edfbe3" testId="0847cd66-3dc7-45bf-adff-1b69a0d8b2b3" testName="ParsingTooBigMaxBeaconSizeOverflows" computerName="TAG009442327432" duration="00:00:00.0010000" startTime="2018-09-20T12:48:05.0000000+02:00" endTime="2018-09-20T12:48:05.0000000+02:00" testType="13cdc9d9-ddb5-4fa4-a97d-d965ccfc6d4b" outcome="Passed" testListId="8c84fa94-04c1-424b-9868-57a2d4851a1d" relativeResultsDirectory="b362a444-f8c8-430d-9d86-7577d2edfbe3" /><UnitTestResult executionId="f5011228-d6ba-4490-88fc-702c902828f2" testId="c87aa9f8-e269-4f06-9cd9-638ed8e7e6b8" testName="SendStatusRequestWorksIfResponseIsNull" computerName="TAG009442327432" duration="00:00:00.0010000" startTime="2018-09-20T12:48:04.0000000+02:00" endTime="2018-09-20T12:48:04.0000000+02:00" testType="13cdc9d9-ddb5-4fa4-a97d-d965ccfc6d4b" outcome="Passed" testListId="8c84fa94-04c1-424b-9868-57a2d4851a1d" relativeResultsDirectory="f5011228-d6ba-4490-88fc-702c902828f2" /><UnitTestResult executionId="63a4f02d-ba09-4eda-8386-f350efda5d18" testId="33ac311b-c530-4986-89f4-536f607e7320" testName="PassingEmptyResponseStringDoesNotThrow" computerName="TAG009442327432" duration="00:00:00.0000001" startTime="2018-09-20T12:48:05.0000000+02:00" endTime="2018-09-20T12:48:05.0000000+02:00" testType="13cdc9d9-ddb5-4fa4-a97d-d965ccfc6d4b" outcome="Passed" testListId="8c84fa94-04c1-424b-9868-57a2d4851a1d" relativeResultsDirectory="63a4f02d-ba09-4eda-8386-f350efda5d18" /><UnitTestResult executionId="76b16300-8654-4dd6-ab3a-9e3fb7fefdb8" testId="7e94e371-5936-417a-bff4-1f6a31c1d186" testName="InitCompleteIsCalledForInitialRequestOnFailure" computerName="TAG009442327432" duration="00:00:00.0040000" startTime="2018-09-20T12:48:03.0000000+02:00" endTime="2018-09-20T12:48:03.0000000+02:00" testType="13cdc9d9-ddb5-4fa4-a97d-d965ccfc6d4b" outcome="Passed" testListId="8c84fa94-04c1-424b-9868-57a2d4851a1d" relativeResultsDirectory="76b16300-8654-4dd6-ab3a-9e3fb7fefdb8" /><UnitTestResult executionId="d5212293-f0d3-4405-8aa6-e79227fa7ade" testId="2a15869c-83e7-4566-a90e-857c4ca4a651" testName="IpV6AddressMixedNotationIsValidStartingWithDoubleColon" computerName="TAG009442327432" duration="00:00:00.0000001" startTime="2018-09-20T12:48:03.0000000+02:00" endTime="2018-09-20T12:48:03.0000000+02:00" testType="13cdc9d9-ddb5-4fa4-a97d-d965ccfc6d4b" outcome="Passed" testListId="8c84fa94-04c1-424b-9868-57a2d4851a1d" relativeResultsDirectory="d5212293-f0d3-4405-8aa6-e79227fa7ade" /><UnitTestResult executionId="5f8dfae3-c8c5-4bd9-9358-37ccaa8f5410" testId="b301e733-2ae6-4483-a5b5-6ffa4057a126" testName="IsSuccessfulResponseReturnsTrueIfResponseIsNotErroneous" computerName="TAG009442327432" duration="00:00:00.0000001" startTime="2018-09-20T12:48:03.0000000+02:00" endTime="2018-09-20T12:48:03.0000000+02:00" testType="13cdc9d9-ddb5-4fa4-a97d-d965ccfc6d4b" outcome="Passed" testListId="8c84fa94-04c1-424b-9868-57a2d4851a1d" relativeResultsDirectory="5f8dfae3-c8c5-4bd9-9358-37ccaa8f5410" /><UnitTestResult executionId="0974885e-27ce-49cc-a79a-e4f46374e817" testId="6ea786bd-0c59-4149-9577-cef298cfecd5" testName="ParsingUnknownKeyValueDoesNothing" computerName="TAG009442327432" duration="00:00:00.0010000" startTime="2018-09-20T12:48:05.0000000+02:00" endTime="2018-09-20T12:48:05.0000000+02:00" testType="13cdc9d9-ddb5-4fa4-a97d-d965ccfc6d4b" outcome="Passed" testListId="8c84fa94-04c1-424b-9868-57a2d4851a1d" relativeResultsDirectory="0974885e-27ce-49cc-a79a-e4f46374e817" /><UnitTestResult executionId="258322d6-3d4b-4200-ad95-03c73e74734c" testId="4b44e501-93f9-4417-8b9f-d6596bb95df8" testName="IpV4AddressIsInvalidDueToAdditionalCharacterInFirstBlock" computerName="TAG009442327432" duration="00:00:00.0000001" startTime="2018-09-20T12:48:03.0000000+02:00" endTime="2018-09-20T12:48:03.0000000+02:00" testType="13cdc9d9-ddb5-4fa4-a97d-d965ccfc6d4b" outcome="Passed" testListId="8c84fa94-04c1-424b-9868-57a2d4851a1d" relativeResultsDirectory="258322d6-3d4b-4200-ad95-03c73e74734c" /><UnitTestResult executionId="5de4ab65-30c5-42ba-bc00-7cb735f00db6" testId="4c017116-458d-416c-81f7-75985f1d37af" testName="NamedEventNotReportedForDataCollectionLevel1" computerName="TAG009442327432" duration="00:00:00.0000001" startTime="2018-09-20T12:48:03.0000000+02:00" endTime="2018-09-20T12:48:03.0000000+02:00" testType="13cdc9d9-ddb5-4fa4-a97d-d965ccfc6d4b" outcome="Passed" testListId="8c84fa94-04c1-424b-9868-57a2d4851a1d" relativeResultsDirectory="5de4ab65-30c5-42ba-bc00-7cb735f00db6" /><UnitTestResult executionId="b22fc349-f209-4036-a60d-a90419dfa4f3" testId="48c9db72-062a-4416-803e-94866d20b0e4" testName="StatusRequestIsRetried" computerName="TAG009442327432" duration="00:00:00.0010000" startTime="2018-09-20T12:48:03.0000000+02:00" endTime="2018-09-20T12:48:03.0000000+02:00" testType="13cdc9d9-ddb5-4fa4-a97d-d965ccfc6d4b" outcome="Passed" testListId="8c84fa94-04c1-424b-9868-57a2d4851a1d" relativeResultsDirectory="b22fc349-f209-4036-a60d-a90419dfa4f3" /><UnitTestResult executionId="93d0c7c5-a372-4f20-96f3-7a6a8f3d40be" testId="1c6c8a0e-6834-4adf-b6e9-11aa740b3895" testName="NoActionIsAddedIfBeaconConfigurationDisablesCapturing" computerName="TAG009442327432" duration="00:00:00.0010000" startTime="2018-09-20T12:48:03.0000000+02:00" endTime="2018-09-20T12:48:03.0000000+02:00" testType="13cdc9d9-ddb5-4fa4-a97d-d965ccfc6d4b" outcome="Passed" testListId="8c84fa94-04c1-424b-9868-57a2d4851a1d" relativeResultsDirectory="93d0c7c5-a372-4f20-96f3-7a6a8f3d40be" /><UnitTestResult executionId="5e21ef41-4722-417e-b385-d498a2ecc623" testId="c5dd8a6c-15d3-4307-b489-c3611c8f7e42" testName="NoStringValueIsReportedIfBeaconConfigurationDisablesCapturing" computerName="TAG009442327432" duration="00:00:00.0010000" startTime="2018-09-20T12:48:03.0000000+02:00" endTime="2018-09-20T12:48:03.0000000+02:00" testType="13cdc9d9-ddb5-4fa4-a97d-d965ccfc6d4b" outcome="Passed" testListId="8c84fa94-04c1-424b-9868-57a2d4851a1d" relativeResultsDirectory="5e21ef41-4722-417e-b385-d498a2ecc623" /><UnitTestResult executionId="08d7e80c-721a-44df-8332-b0ab8233dc99" testId="82d84999-f7db-4120-acbe-9b6f9893d500" testName="ParsingInvalidNumericValueForCaptureCrashesThrowsException" computerName="TAG009442327432" duration="00:00:00.0010000" startTime="2018-09-20T12:48:05.0000000+02:00" endTime="2018-09-20T12:48:05.0000000+02:00" testType="13cdc9d9-ddb5-4fa4-a97d-d965ccfc6d4b" outcome="Passed" testListId="8c84fa94-04c1-424b-9868-57a2d4851a1d" relativeResultsDirectory="08d7e80c-721a-44df-8332-b0ab8233dc99" /><UnitTestResult executionId="f664ac8b-0ff3-4472-94ad-755aefe6badb" testId="aedfc97c-f7d1-434d-93ed-291b8dad956f" testName="CaptureCrashesIsFalseWhenItIsEqualToZero" computerName="TAG009442327432" duration="00:00:00.0000001" startTime="2018-09-20T12:48:05.0000000+02:00" endTime="2018-09-20T12:48:05.0000000+02:00" testType="13cdc9d9-ddb5-4fa4-a97d-d965ccfc6d4b" outcome="Passed" testListId="8c84fa94-04c1-424b-9868-57a2d4851a1d" relativeResultsDirectory="f664ac8b-0ff3-4472-94ad-755aefe6badb" /><UnitTestResult executionId="fcae8f32-8ad1-4b02-ac8d-8f0b9796f86b" testId="84920bee-8823-4d47-9cf0-df94e3a4212c" testName="EndingASessionEndsOpenRootActionsFirst" computerName="TAG009442327432" duration="00:00:00.0040000" startTime="2018-09-20T12:48:03.0000000+02:00" endTime="2018-09-20T12:48:03.0000000+02:00" testType="13cdc9d9-ddb5-4fa4-a97d-d965ccfc6d4b" outcome="Passed" testListId="8c84fa94-04c1-424b-9868-57a2d4851a1d" relativeResultsDirectory="fcae8f32-8ad1-4b02-ac8d-8f0b9796f86b" /><UnitTestResult executionId="b2f9f616-ba15-4464-bad3-29da934df1db" testId="eecbb3ed-c449-454e-813d-d4b01e63e9b3" testName="CanGetHttpClient" computerName="TAG009442327432" duration="00:00:00.0030000" startTime="2018-09-20T12:48:03.0000000+02:00" endTime="2018-09-20T12:48:03.0000000+02:00" testType="13cdc9d9-ddb5-4fa4-a97d-d965ccfc6d4b" outcome="Passed" testListId="8c84fa94-04c1-424b-9868-57a2d4851a1d" relativeResultsDirectory="b2f9f616-ba15-4464-bad3-29da934df1db" /><UnitTestResult executionId="67415568-275e-4902-81cd-83d81322f370" testId="a1f3013e-e986-4c9d-bf34-82850611c72a" testName="CanSetModelIDForAppMon" computerName="TAG009442327432" duration="00:00:00.0000001" startTime="2018-09-20T12:48:03.0000000+02:00" endTime="2018-09-20T12:48:03.0000000+02:00" testType="13cdc9d9-ddb5-4fa4-a97d-d965ccfc6d4b" outcome="Passed" testListId="8c84fa94-04c1-424b-9868-57a2d4851a1d" relativeResultsDirectory="67415568-275e-4902-81cd-83d81322f370" /><UnitTestResult executionId="d0535071-0ca2-4a68-b7e5-b2dd06d00abd" testId="6b842618-08be-494d-abe3-365c95907a29" testName="ABeaconSendingFlushSessionsStateTransitionsToTerminalStateWhenDataIsSent" computerName="TAG009442327432" duration="00:00:00.0010000" startTime="2018-09-20T12:48:03.0000000+02:00" endTime="2018-09-20T12:48:03.0000000+02:00" testType="13cdc9d9-ddb5-4fa4-a97d-d965ccfc6d4b" outcome="Passed" testListId="8c84fa94-04c1-424b-9868-57a2d4851a1d" relativeResultsDirectory="d0535071-0ca2-4a68-b7e5-b2dd06d00abd" /><UnitTestResult executionId="d608ef27-563f-491e-9101-60f3afad2723" testId="7990deb6-bfed-4bc9-a6a6-df08cf2d883e" testName="ANewlyCreatedWebRequestTracerIsNotStopped" computerName="TAG009442327432" duration="00:00:00.0010000" startTime="2018-09-20T12:48:03.0000000+02:00" endTime="2018-09-20T12:48:03.0000000+02:00" testType="13cdc9d9-ddb5-4fa4-a97d-d965ccfc6d4b" outcome="Passed" testListId="8c84fa94-04c1-424b-9868-57a2d4851a1d" relativeResultsDirectory="d608ef27-563f-491e-9101-60f3afad2723" /><UnitTestResult executionId="83787021-9463-4ca1-9c16-1d4c82fca881" testId="fc4b4764-193f-445b-958d-5dc48836366a" testName="TheDefaultResponseSendTimeIsMinusOne" computerName="TAG009442327432" duration="00:00:00.0000001" startTime="2018-09-20T12:48:05.0000000+02:00" endTime="2018-09-20T12:48:05.0000000+02:00" testType="13cdc9d9-ddb5-4fa4-a97d-d965ccfc6d4b" outcome="Passed" testListId="8c84fa94-04c1-424b-9868-57a2d4851a1d" relativeResultsDirectory="83787021-9463-4ca1-9c16-1d4c82fca881" /><UnitTestResult executionId="d8ddc9e4-0162-4b53-b34e-f23dd6b5f5a7" testId="3e61f76f-5810-4180-b906-9c626a747533" testName="RemoveOldestRecordsRemovesActionDataIfEventDataIsEmpty" computerName="TAG009442327432" duration="00:00:00.0010000" startTime="2018-09-20T12:48:02.0000000+02:00" endTime="2018-09-20T12:48:02.0000000+02:00" testType="13cdc9d9-ddb5-4fa4-a97d-d965ccfc6d4b" outcome="Passed" testListId="8c84fa94-04c1-424b-9868-57a2d4851a1d" relativeResultsDirectory="d8ddc9e4-0162-4b53-b34e-f23dd6b5f5a7" /><UnitTestResult executionId="0e0af0c3-5f71-4756-817d-2c3cc20a4418" testId="56f98cb3-6ed7-4d3a-95b7-d995aee73805" testName="InitCompleteIsNotCalledForNonInitialRequest" computerName="TAG009442327432" duration="00:00:00.0010000" startTime="2018-09-20T12:48:03.0000000+02:00" endTime="2018-09-20T12:48:03.0000000+02:00" testType="13cdc9d9-ddb5-4fa4-a97d-d965ccfc6d4b" outcome="Passed" testListId="8c84fa94-04c1-424b-9868-57a2d4851a1d" relativeResultsDirectory="0e0af0c3-5f71-4756-817d-2c3cc20a4418" /><UnitTestResult executionId="871fb4f3-e071-4609-9e12-38e293e16523" testId="fba123ae-c036-4687-a743-69d996a47e61" testName="IdentifyUser" computerName="TAG009442327432" duration="00:00:00.0010000" startTime="2018-09-20T12:48:03.0000000+02:00" endTime="2018-09-20T12:48:03.0000000+02:00" testType="13cdc9d9-ddb5-4fa4-a97d-d965ccfc6d4b" outcome="Passed" testListId="8c84fa94-04c1-424b-9868-57a2d4851a1d" relativeResultsDirectory="871fb4f3-e071-4609-9e12-38e293e16523" /><UnitTestResult executionId="87d6df71-4098-4e23-9cfa-7bd7d64a79df" testId="3c5e991a-afda-4b16-909b-522453613bbf" testName="TransitionToTimeSyncIsPerformedIfNotDoneYet" computerName="TAG009442327432" duration="00:00:00.0020000" startTime="2018-09-20T12:48:02.0000000+02:00" endTime="2018-09-20T12:48:02.0000000+02:00" testType="13cdc9d9-ddb5-4fa4-a97d-d965ccfc6d4b" outcome="Passed" testListId="8c84fa94-04c1-424b-9868-57a2d4851a1d" relativeResultsDirectory="87d6df71-4098-4e23-9cfa-7bd7d64a79df" /><UnitTestResult executionId="b96e4d26-85f1-4a2b-8d9a-9aac0e6c8782" testId="9c77286e-9286-4d38-951b-002cff41d88a" testName="DefaultPRNGeneratorProvidesPositiveInt" computerName="TAG009442327432" duration="00:00:00.0000001" startTime="2018-09-20T12:48:05.0000000+02:00" endTime="2018-09-20T12:48:05.0000000+02:00" testType="13cdc9d9-ddb5-4fa4-a97d-d965ccfc6d4b" outcome="Passed" testListId="8c84fa94-04c1-424b-9868-57a2d4851a1d" relativeResultsDirectory="b96e4d26-85f1-4a2b-8d9a-9aac0e6c8782" /><UnitTestResult executionId="efc0e683-332e-4a56-8222-8e947d3456ee" testId="86bdffa1-442a-4c0d-99b1-66a6c22a5ac5" testName="OddNumberOfTokensThrowsException" computerName="TAG009442327432" duration="00:00:00.0010000" startTime="2018-09-20T12:48:05.0000000+02:00" endTime="2018-09-20T12:48:05.0000000+02:00" testType="13cdc9d9-ddb5-4fa4-a97d-d965ccfc6d4b" outcome="Passed" testListId="8c84fa94-04c1-424b-9868-57a2d4851a1d" relativeResultsDirectory="efc0e683-332e-4a56-8222-8e947d3456ee" /><UnitTestResult executionId="4b54fe97-685e-4cf6-9d76-1204fa4b52f3" testId="685bfd78-a35d-4d66-b0a9-70fb2a02e87e" testName="SetResponseCodeDoesNotSetTheResponseCodeIfStopped" computerName="TAG009442327432" duration="00:00:00.0000001" startTime="2018-09-20T12:48:03.0000000+02:00" endTime="2018-09-20T12:48:03.0000000+02:00" testType="13cdc9d9-ddb5-4fa4-a97d-d965ccfc6d4b" outcome="Passed" testListId="8c84fa94-04c1-424b-9868-57a2d4851a1d" relativeResultsDirectory="4b54fe97-685e-4cf6-9d76-1204fa4b52f3" /><UnitTestResult executionId="32ea7b8b-ce4e-4d17-903b-c9940be8b0b1" testId="3f5c2bc3-a418-4bc4-b405-2ee662fc52b6" testName="TheStrategyIsDisabledIfCacheSizeUpperBoundIsEqualToZero" computerName="TAG009442327432" duration="00:00:00.0000001" startTime="2018-09-20T12:48:02.0000000+02:00" endTime="2018-09-20T12:48:02.0000000+02:00" testType="13cdc9d9-ddb5-4fa4-a97d-d965ccfc6d4b" outcome="Passed" testListId="8c84fa94-04c1-424b-9868-57a2d4851a1d" relativeResultsDirectory="32ea7b8b-ce4e-4d17-903b-c9940be8b0b1" /><UnitTestResult executionId="4a6b599b-2a3a-421c-b791-2d8a28e07854" testId="326e5536-8d7c-4987-8da8-f42217217b6d" testName="ReportIntValueDoesNothingIfActionIsLeft" computerName="TAG009442327432" duration="00:00:00.0000001" startTime="2018-09-20T12:48:02.0000000+02:00" endTime="2018-09-20T12:48:02.0000000+02:00" testType="13cdc9d9-ddb5-4fa4-a97d-d965ccfc6d4b" outcome="Passed" testListId="8c84fa94-04c1-424b-9868-57a2d4851a1d" relativeResultsDirectory="4a6b599b-2a3a-421c-b791-2d8a28e07854" /><UnitTestResult executionId="140fac49-e8bd-4235-9e09-975dfa8d967c" testId="b9d16f20-d8d1-4b10-92a7-404ce759313d" testName="Data" computerName="TAG009442327432" duration="00:00:00.0000001" startTime="2018-09-20T12:48:02.0000000+02:00" endTime="2018-09-20T12:48:02.0000000+02:00" testType="13cdc9d9-ddb5-4fa4-a97d-d965ccfc6d4b" outcome="Passed" testListId="8c84fa94-04c1-424b-9868-57a2d4851a1d" relativeResultsDirectory="140fac49-e8bd-4235-9e09-975dfa8d967c" /><UnitTestResult executionId="7568e03d-ce3d-460c-a556-1512249e2f44" testId="325a2996-4b62-43ab-98ad-6c12c39ff024" testName="ADefaultConstructedContextDoesNotStoreAnySessions" computerName="TAG009442327432" duration="00:00:00.0140000" startTime="2018-09-20T12:48:02.0000000+02:00" endTime="2018-09-20T12:48:03.0000000+02:00" testType="13cdc9d9-ddb5-4fa4-a97d-d965ccfc6d4b" outcome="Passed" testListId="8c84fa94-04c1-424b-9868-57a2d4851a1d" relativeResultsDirectory="7568e03d-ce3d-460c-a556-1512249e2f44" /><UnitTestResult executionId="3ccee25d-8a75-4dc3-863f-154ee0921914" testId="931538d3-94ae-413b-a5e8-5edf4a051740" testName="TransitionToFlushStateIsPerformedOnShutdown" computerName="TAG009442327432" duration="00:00:00.0010000" startTime="2018-09-20T12:48:02.0000000+02:00" endTime="2018-09-20T12:48:02.0000000+02:00" testType="13cdc9d9-ddb5-4fa4-a97d-d965ccfc6d4b" outcome="Passed" testListId="8c84fa94-04c1-424b-9868-57a2d4851a1d" relativeResultsDirectory="3ccee25d-8a75-4dc3-863f-154ee0921914" /><UnitTestResult executionId="70fec1a5-2967-4289-9811-61acd3a1382c" testId="fde4bf9e-4071-45ea-a4d5-791cdaf33da9" testName="TimeSyncSupportIsTrueByDefault" computerName="TAG009442327432" duration="00:00:00.0010000" startTime="2018-09-20T12:48:03.0000000+02:00" endTime="2018-09-20T12:48:03.0000000+02:00" testType="13cdc9d9-ddb5-4fa4-a97d-d965ccfc6d4b" outcome="Passed" testListId="8c84fa94-04c1-424b-9868-57a2d4851a1d" relativeResultsDirectory="70fec1a5-2967-4289-9811-61acd3a1382c" /><UnitTestResult executionId="ec06e664-cee5-4e10-a904-77a320fad280" testId="dc7aa01d-f2d2-464a-abf4-7312c8b309a6" testName="ExecuteEvictionStopsIfNoBeaconIdsAreAvailableInCache" computerName="TAG009442327432" duration="00:00:00.0010000" startTime="2018-09-20T12:48:02.0000000+02:00" endTime="2018-09-20T12:48:02.0000000+02:00" testType="13cdc9d9-ddb5-4fa4-a97d-d965ccfc6d4b" outcome="Passed" testListId="8c84fa94-04c1-424b-9868-57a2d4851a1d" relativeResultsDirectory="ec06e664-cee5-4e10-a904-77a320fad280" /><UnitTestResult executionId="bd29481a-7fa6-428a-8c4c-2fae415096d3" testId="b00f4e28-e845-46b4-b7aa-23aa077d1386" testName="NewSessionRequestsAreMadeForAllNewSessions" computerName="TAG009442327432" duration="00:00:00.0020000" startTime="2018-09-20T12:48:02.0000000+02:00" endTime="2018-09-20T12:48:02.0000000+02:00" testType="13cdc9d9-ddb5-4fa4-a97d-d965ccfc6d4b" outcome="Passed" testListId="8c84fa94-04c1-424b-9868-57a2d4851a1d" relativeResultsDirectory="bd29481a-7fa6-428a-8c4c-2fae415096d3" /><UnitTestResult executionId="797dc1a7-36ba-41fd-86eb-89ea811b2a54" testId="78e2677e-1d5c-48d8-aee4-4be0a8896fa8" testName="CanSetCustomMaxBeaconRecordAgeForDynatrace" computerName="TAG009442327432" duration="00:00:00.0000001" startTime="2018-09-20T12:48:03.0000000+02:00" endTime="2018-09-20T12:48:03.0000000+02:00" testType="13cdc9d9-ddb5-4fa4-a97d-d965ccfc6d4b" outcome="Passed" testListId="8c84fa94-04c1-424b-9868-57a2d4851a1d" relativeResultsDirectory="797dc1a7-36ba-41fd-86eb-89ea811b2a54" /><UnitTestResult executionId="1126ade9-7c75-40d1-8bf7-fbc4d1c92e7a" testId="cb79f044-26a6-4a39-a427-1dde912b4764" testName="DisposingASessionEndsTheSession" computerName="TAG009442327432" duration="00:00:00.0010000" startTime="2018-09-20T12:48:03.0000000+02:00" endTime="2018-09-20T12:48:03.0000000+02:00" testType="13cdc9d9-ddb5-4fa4-a97d-d965ccfc6d4b" outcome="Passed" testListId="8c84fa94-04c1-424b-9868-57a2d4851a1d" relativeResultsDirectory="1126ade9-7c75-40d1-8bf7-fbc4d1c92e7a" /><UnitTestResult executionId="9eacfeb1-0bae-4f8f-bc0d-54ee3b784f38" testId="ae7be3a1-f640-4c71-98c5-d0ad4967aebc" testName="WhenBeaconConfigurationIsSetSendingIsDisallowedIfMultiplicityIsLessThanZero" computerName="TAG009442327432" duration="00:00:00.0000001" startTime="2018-09-20T12:48:03.0000000+02:00" endTime="2018-09-20T12:48:03.0000000+02:00" testType="13cdc9d9-ddb5-4fa4-a97d-d965ccfc6d4b" outcome="Passed" testListId="8c84fa94-04c1-424b-9868-57a2d4851a1d" relativeResultsDirectory="9eacfeb1-0bae-4f8f-bc0d-54ee3b784f38" /><UnitTestResult executionId="0858dd85-07c4-4104-b559-036535e02da2" testId="75dd2999-9705-48e6-919d-c986150a5560" testName="RemoveOldestRecordsRemovesNothingIfEntryIsEmpty" computerName="TAG009442327432" duration="00:00:00.0000001" startTime="2018-09-20T12:48:02.0000000+02:00" endTime="2018-09-20T12:48:02.0000000+02:00" testType="13cdc9d9-ddb5-4fa4-a97d-d965ccfc6d4b" outcome="Passed" testListId="8c84fa94-04c1-424b-9868-57a2d4851a1d" relativeResultsDirectory="0858dd85-07c4-4104-b559-036535e02da2" /><UnitTestResult executionId="e987da48-69f9-4911-b0e9-e74ab43475b0" testId="455888b8-734b-4c0b-add9-2f8f11a7c6c2" testName="SendBeaconRequestIsRetriedThreeTimesBeforeGivingUp" computerName="TAG009442327432" duration="00:00:00.4060000" startTime="2018-09-20T12:48:03.0000000+02:00" endTime="2018-09-20T12:48:03.0000000+02:00" testType="13cdc9d9-ddb5-4fa4-a97d-d965ccfc6d4b" outcome="Passed" testListId="8c84fa94-04c1-424b-9868-57a2d4851a1d" relativeResultsDirectory="e987da48-69f9-4911-b0e9-e74ab43475b0" /><UnitTestResult executionId="59206f72-f21f-4c13-8257-c40ab419d0bd" testId="f8dbc031-e6a6-4340-9556-5b8e2a41f4b3" testName="ReportIntValueDoesNothingIfValueNameIsAnEmptyString" computerName="TAG009442327432" duration="00:00:00.0010000" startTime="2018-09-20T12:48:02.0000000+02:00" endTime="2018-09-20T12:48:02.0000000+02:00" testType="13cdc9d9-ddb5-4fa4-a97d-d965ccfc6d4b" outcome="Passed" testListId="8c84fa94-04c1-424b-9868-57a2d4851a1d" relativeResultsDirectory="59206f72-f21f-4c13-8257-c40ab419d0bd" /><UnitTestResult executionId="60962ee8-037c-43f0-97db-22724cfda758" testId="30c920aa-1285-4c76-86cf-76d916fa23f4" testName="EvictRecordsByNumberDoesNothingAndReturnsZeroIfBeaconIDDoesNotExist" computerName="TAG009442327432" duration="00:00:00.0000001" startTime="2018-09-20T12:48:02.0000000+02:00" endTime="2018-09-20T12:48:02.0000000+02:00" testType="13cdc9d9-ddb5-4fa4-a97d-d965ccfc6d4b" outcome="Passed" testListId="8c84fa94-04c1-424b-9868-57a2d4851a1d" relativeResultsDirectory="60962ee8-037c-43f0-97db-22724cfda758" /><UnitTestResult executionId="78907a4a-e2b1-4dbe-8abb-24be51d82ce8" testId="b37d2770-e090-4d40-9b5e-fd70ebbab611" testName="IpV4AddressIsValid" computerName="TAG009442327432" duration="00:00:00.0000001" startTime="2018-09-20T12:48:03.0000000+02:00" endTime="2018-09-20T12:48:03.0000000+02:00" testType="13cdc9d9-ddb5-4fa4-a97d-d965ccfc6d4b" outcome="Passed" testListId="8c84fa94-04c1-424b-9868-57a2d4851a1d" relativeResultsDirectory="78907a4a-e2b1-4dbe-8abb-24be51d82ce8" /><UnitTestResult executionId="44b5f98e-1c8e-4dc4-b6fb-87f7ebe3c47d" testId="6b42fd26-8e07-4390-b695-1c80db9e8d29" testName="ToStringReturnStateName" computerName="TAG009442327432" duration="00:00:00.0000001" startTime="2018-09-20T12:48:03.0000000+02:00" endTime="2018-09-20T12:48:03.0000000+02:00" testType="13cdc9d9-ddb5-4fa4-a97d-d965ccfc6d4b" outcome="Passed" testListId="8c84fa94-04c1-424b-9868-57a2d4851a1d" relativeResultsDirectory="44b5f98e-1c8e-4dc4-b6fb-87f7ebe3c47d" /><UnitTestResult executionId="c9c84348-19ac-45c4-b3a6-c33b2e021039" testId="cdb28501-8350-4961-8e2b-790cdc5c203a" testName="ShutdownStateIsTerminalStateForInitialTimeSync" computerName="TAG009442327432" duration="00:00:00.0000001" startTime="2018-09-20T12:48:03.0000000+02:00" endTime="2018-09-20T12:48:03.0000000+02:00" testType="13cdc9d9-ddb5-4fa4-a97d-d965ccfc6d4b" outcome="Passed" testListId="8c84fa94-04c1-424b-9868-57a2d4851a1d" relativeResultsDirectory="c9c84348-19ac-45c4-b3a6-c33b2e021039" /><UnitTestResult executionId="f321a705-63e3-4850-8aca-f865dbc1e7c1" testId="007c8c0d-23ea-42d1-a4e6-e6d64fdceb76" testName="AnActionAddsItselfIntoListInContstructor" computerName="TAG009442327432" duration="00:00:00.0250000" startTime="2018-09-20T12:48:02.0000000+02:00" endTime="2018-09-20T12:48:02.0000000+02:00" testType="13cdc9d9-ddb5-4fa4-a97d-d965ccfc6d4b" outcome="Passed" testListId="8c84fa94-04c1-424b-9868-57a2d4851a1d" relativeResultsDirectory="f321a705-63e3-4850-8aca-f865dbc1e7c1" /><UnitTestResult executionId="0b543af6-e931-48b4-b473-00dfb222571a" testId="d9cc9e49-ca7f-4f65-b38e-5052c4f2ac97" testName="TerminalStateCallsShutdownOnExecution" computerName="TAG009442327432" duration="00:00:00.0000001" startTime="2018-09-20T12:48:03.0000000+02:00" endTime="2018-09-20T12:48:03.0000000+02:00" testType="13cdc9d9-ddb5-4fa4-a97d-d965ccfc6d4b" outcome="Passed" testListId="8c84fa94-04c1-424b-9868-57a2d4851a1d" relativeResultsDirectory="0b543af6-e931-48b4-b473-00dfb222571a" /><UnitTestResult executionId="1e89df7f-5757-4a50-a85f-effebaae5458" testId="66e0d886-a5ac-47bb-9993-6f9feb62c6f6" testName="CaptureErrorsIsTrueWhenItIsNotEqualToZero" computerName="TAG009442327432" duration="00:00:00.0010000" startTime="2018-09-20T12:48:05.0000000+02:00" endTime="2018-09-20T12:48:05.0000000+02:00" testType="13cdc9d9-ddb5-4fa4-a97d-d965ccfc6d4b" outcome="Passed" testListId="8c84fa94-04c1-424b-9868-57a2d4851a1d" relativeResultsDirectory="1e89df7f-5757-4a50-a85f-effebaae5458" /><UnitTestResult executionId="a9d37cb8-cef6-4df8-914f-bcf3a8adb539" testId="f44528c3-ec9d-4cc6-a94f-1be3ef27f7c0" testName="DisposingAWebRequestTracerStopsIt" computerName="TAG009442327432" duration="00:00:00.0000001" startTime="2018-09-20T12:48:03.0000000+02:00" endTime="2018-09-20T12:48:03.0000000+02:00" testType="13cdc9d9-ddb5-4fa4-a97d-d965ccfc6d4b" outcome="Passed" testListId="8c84fa94-04c1-424b-9868-57a2d4851a1d" relativeResultsDirectory="a9d37cb8-cef6-4df8-914f-bcf3a8adb539" /><UnitTestResult executionId="8d496ce9-0bab-4c87-8cfc-0f57499fd516" testId="d481870a-041e-41f8-bd22-ffa6f9f51500" testName="AddingActionData" computerName="TAG009442327432" duration="00:00:00.0030000" startTime="2018-09-20T12:48:02.0000000+02:00" endTime="2018-09-20T12:48:02.0000000+02:00" testType="13cdc9d9-ddb5-4fa4-a97d-d965ccfc6d4b" outcome="Passed" testListId="8c84fa94-04c1-424b-9868-57a2d4851a1d" relativeResultsDirectory="8d496ce9-0bab-4c87-8cfc-0f57499fd516" /><UnitTestResult executionId="1a5d1ec9-5687-47cb-8dab-31592752fd28" testId="98faa2eb-7e6e-4429-81c3-5f9293bd4342" testName="TraceWebRequestGivesNullWebRequestTracerIfUrlHasAnInvalidScheme" computerName="TAG009442327432" duration="00:00:00.0010000" startTime="2018-09-20T12:48:02.0000000+02:00" endTime="2018-09-20T12:48:02.0000000+02:00" testType="13cdc9d9-ddb5-4fa4-a97d-d965ccfc6d4b" outcome="Passed" testListId="8c84fa94-04c1-424b-9868-57a2d4851a1d" relativeResultsDirectory="1a5d1ec9-5687-47cb-8dab-31592752fd28" /><UnitTestResult executionId="8776080d-5970-4c21-a3f5-abd34df6b8c8" testId="ca259570-32fa-4683-96dd-b8d6b101af85" testName="SendBeaconRequestReturnsErrorCode" computerName="TAG009442327432" duration="00:00:00.0010000" startTime="2018-09-20T12:48:03.0000000+02:00" endTime="2018-09-20T12:48:03.0000000+02:00" testType="13cdc9d9-ddb5-4fa4-a97d-d965ccfc6d4b" outcome="Passed" testListId="8c84fa94-04c1-424b-9868-57a2d4851a1d" relativeResultsDirectory="8776080d-5970-4c21-a3f5-abd34df6b8c8" /><UnitTestResult executionId="d20923d6-9726-4421-b0ca-7fe4d13b778c" testId="c34bd1d3-7378-44b2-9074-e497342dc074" testName="CaptureErrorsIsFalseWhenItIsEqualToZero" computerName="TAG009442327432" duration="00:00:00.0000001" startTime="2018-09-20T12:48:05.0000000+02:00" endTime="2018-09-20T12:48:05.0000000+02:00" testType="13cdc9d9-ddb5-4fa4-a97d-d965ccfc6d4b" outcome="Passed" testListId="8c84fa94-04c1-424b-9868-57a2d4851a1d" relativeResultsDirectory="d20923d6-9726-4421-b0ca-7fe4d13b778c" /><UnitTestResult executionId="1701a661-62b7-4258-9e5f-14b5a2081bcf" testId="25aa1e00-54cd-4107-8e6e-826fa4ff433d" testName="NewSessionRequestsAreAbortedWhenTooManyRequestsResponseIsReceived" computerName="TAG009442327432" duration="00:00:00.0030000" startTime="2018-09-20T12:48:02.0000000+02:00" endTime="2018-09-20T12:48:02.0000000+02:00" testType="13cdc9d9-ddb5-4fa4-a97d-d965ccfc6d4b" outcome="Passed" testListId="8c84fa94-04c1-424b-9868-57a2d4851a1d" relativeResultsDirectory="1701a661-62b7-4258-9e5f-14b5a2081bcf" /><UnitTestResult executionId="289b245f-8a60-45c9-87c1-339665d34137" testId="a8c01304-2263-425e-bca9-0aa846206540" testName="SessionIDIsValueFromSessionIDProviderOnDataCollectionLevel2" computerName="TAG009442327432" duration="00:00:00.0020000" startTime="2018-09-20T12:48:03.0000000+02:00" endTime="2018-09-20T12:48:03.0000000+02:00" testType="13cdc9d9-ddb5-4fa4-a97d-d965ccfc6d4b" outcome="Passed" testListId="8c84fa94-04c1-424b-9868-57a2d4851a1d" relativeResultsDirectory="289b245f-8a60-45c9-87c1-339665d34137" /><UnitTestResult executionId="36c15228-969e-4a99-a2b0-77920ce9e565" testId="fdf8d35e-6853-4af7-b916-9338138760af" testName="DebugLogsAppropriateMessage" computerName="TAG009442327432" duration="00:00:00.0010000" startTime="2018-09-20T12:48:03.0000000+02:00" endTime="2018-09-20T12:48:03.0000000+02:00" testType="13cdc9d9-ddb5-4fa4-a97d-d965ccfc6d4b" outcome="Passed" testListId="8c84fa94-04c1-424b-9868-57a2d4851a1d" relativeResultsDirectory="36c15228-969e-4a99-a2b0-77920ce9e565" /><UnitTestResult executionId="671bd1de-0a1f-4511-a724-4156be55b04f" testId="e8c5d695-7683-49d0-9c3f-9d04a042d518" testName="ExecuteEvictionDoesNotLogIfStrategyIsDisabledAndInfoIsDisabledInLogger" computerName="TAG009442327432" duration="00:00:00.0010000" startTime="2018-09-20T12:48:02.0000000+02:00" endTime="2018-09-20T12:48:02.0000000+02:00" testType="13cdc9d9-ddb5-4fa4-a97d-d965ccfc6d4b" outcome="Passed" testListId="8c84fa94-04c1-424b-9868-57a2d4851a1d" relativeResultsDirectory="671bd1de-0a1f-4511-a724-4156be55b04f" /><UnitTestResult executionId="9af93656-ddd4-4537-bcec-7f7a7a85cd8c" testId="13ee5001-30fe-4621-92c9-ec3feeb6723d" testName="ReportError" computerName="TAG009442327432" duration="00:00:00.0020000" startTime="2018-09-20T12:48:02.0000000+02:00" endTime="2018-09-20T12:48:02.0000000+02:00" testType="13cdc9d9-ddb5-4fa4-a97d-d965ccfc6d4b" outcome="Passed" testListId="8c84fa94-04c1-424b-9868-57a2d4851a1d" relativeResultsDirectory="9af93656-ddd4-4537-bcec-7f7a7a85cd8c" /><UnitTestResult executionId="37588286-b823-4f36-949e-443f3776d973" testId="53c50abc-6739-4ee3-ae88-8856d84dbba3" testName="ReportDoubleValue" computerName="TAG009442327432" duration="00:00:00.0020000" startTime="2018-09-20T12:48:02.0000000+02:00" endTime="2018-09-20T12:48:02.0000000+02:00" testType="13cdc9d9-ddb5-4fa4-a97d-d965ccfc6d4b" outcome="Passed" testListId="8c84fa94-04c1-424b-9868-57a2d4851a1d" relativeResultsDirectory="37588286-b823-4f36-949e-443f3776d973" /><UnitTestResult executionId="8ab9637e-49c8-43ab-978a-dea1d82c4c13" testId="0af17f6c-d0bb-4410-86ec-99d0fbd2852e" testName="NoSessionStartIsReportedIfBeaconConfigurationDisablesCapturing" computerName="TAG009442327432" duration="00:00:00.0000001" startTime="2018-09-20T12:48:03.0000000+02:00" endTime="2018-09-20T12:48:03.0000000+02:00" testType="13cdc9d9-ddb5-4fa4-a97d-d965ccfc6d4b" outcome="Passed" testListId="8c84fa94-04c1-424b-9868-57a2d4851a1d" relativeResultsDirectory="8ab9637e-49c8-43ab-978a-dea1d82c4c13" /><UnitTestResult executionId="88c0ae5b-9b18-49ac-a4d7-694ef9549321" testId="49088be8-ad30-4731-84c3-f89eb6aef2a9" testName="CopyDataForChunkingMovesData" computerName="TAG009442327432" duration="00:00:00.0010000" startTime="2018-09-20T12:48:02.0000000+02:00" endTime="2018-09-20T12:48:02.0000000+02:00" testType="13cdc9d9-ddb5-4fa4-a97d-d965ccfc6d4b" outcome="Passed" testListId="8c84fa94-04c1-424b-9868-57a2d4851a1d" relativeResultsDirectory="88c0ae5b-9b18-49ac-a4d7-694ef9549321" /><UnitTestResult executionId="142071d0-d6e4-4ef9-bbdf-2bbf1b0a1021" testId="b9052334-86d8-40f2-819b-fcd36b022893" testName="CapturingIsAllowedWhenMultiplicityIsGreaterThanZero" computerName="TAG009442327432" duration="00:00:00.0000001" startTime="2018-09-20T12:48:03.0000000+02:00" endTime="2018-09-20T12:48:03.0000000+02:00" testType="13cdc9d9-ddb5-4fa4-a97d-d965ccfc6d4b" outcome="Passed" testListId="8c84fa94-04c1-424b-9868-57a2d4851a1d" relativeResultsDirectory="142071d0-d6e4-4ef9-bbdf-2bbf1b0a1021" /><UnitTestResult executionId="d7b6ed99-d2b6-4889-b9de-39f5db0f46e4" testId="c20c3e2f-0b46-4219-8363-9e730fa00e75" testName="RemoveChunkedDataClearsAlreadyRetrievedChunks" computerName="TAG009442327432" duration="00:00:00.0010000" startTime="2018-09-20T12:48:02.0000000+02:00" endTime="2018-09-20T12:48:02.0000000+02:00" testType="13cdc9d9-ddb5-4fa4-a97d-d965ccfc6d4b" outcome="Passed" testListId="8c84fa94-04c1-424b-9868-57a2d4851a1d" relativeResultsDirectory="d7b6ed99-d2b6-4889-b9de-39f5db0f46e4" /><UnitTestResult executionId="d1bde53f-84b5-4e20-a94c-0365ae24f4e2" testId="7a7112c1-f3a8-49df-8fa9-43a713a361bc" testName="AddEventDataIncreasesCacheSize" computerName="TAG009442327432" duration="00:00:00.0000001" startTime="2018-09-20T12:48:02.0000000+02:00" endTime="2018-09-20T12:48:02.0000000+02:00" testType="13cdc9d9-ddb5-4fa4-a97d-d965ccfc6d4b" outcome="Passed" testListId="8c84fa94-04c1-424b-9868-57a2d4851a1d" relativeResultsDirectory="d1bde53f-84b5-4e20-a94c-0365ae24f4e2" /><UnitTestResult executionId="f3a51e24-314a-42ac-87bb-18fdfc0eb501" testId="8e5532d0-1be2-4cbf-90a0-f71ca4eb02e9" testName="TerminalStateIsNextStateIfTransitionFromTerminalStateOccurs" computerName="TAG009442327432" duration="00:00:00.0000001" startTime="2018-09-20T12:48:03.0000000+02:00" endTime="2018-09-20T12:48:03.0000000+02:00" testType="13cdc9d9-ddb5-4fa4-a97d-d965ccfc6d4b" outcome="Passed" testListId="8c84fa94-04c1-424b-9868-57a2d4851a1d" relativeResultsDirectory="f3a51e24-314a-42ac-87bb-18fdfc0eb501" /><UnitTestResult executionId="577a6dcc-7d83-41d4-bdfe-f54401101b0e" testId="eb4ef568-0db6-45ea-b190-a24f7f96dae4" testName="TraceWebRequestGivesNullWebRequestTracerIfActionIsAlreadyLeft" computerName="TAG009442327432" duration="00:00:00.0100000" startTime="2018-09-20T12:48:02.0000000+02:00" endTime="2018-09-20T12:48:02.0000000+02:00" testType="13cdc9d9-ddb5-4fa4-a97d-d965ccfc6d4b" outcome="Passed" testListId="8c84fa94-04c1-424b-9868-57a2d4851a1d" relativeResultsDirectory="577a6dcc-7d83-41d4-bdfe-f54401101b0e" /><UnitTestResult executionId="1cea8e45-1b1c-4dce-8910-2097f4693e3a" testId="8b781feb-13ae-48d3-8f3a-a11734c03041" testName="DefaultBeaconConfigurationDoesNotDisableCapturing" computerName="TAG009442327432" duration="00:00:00.0000001" startTime="2018-09-20T12:48:03.0000000+02:00" endTime="2018-09-20T12:48:03.0000000+02:00" testType="13cdc9d9-ddb5-4fa4-a97d-d965ccfc6d4b" outcome="Passed" testListId="8c84fa94-04c1-424b-9868-57a2d4851a1d" relativeResultsDirectory="1cea8e45-1b1c-4dce-8910-2097f4693e3a" /><UnitTestResult executionId="ce937d41-cbae-4397-9376-baf03329a318" testId="6d00491f-63bb-4ebf-8d35-4f1e6e34ca51" testName="ParentIDIsZeroIfActionHasNoParent" computerName="TAG009442327432" duration="00:00:00.0000001" startTime="2018-09-20T12:48:02.0000000+02:00" endTime="2018-09-20T12:48:02.0000000+02:00" testType="13cdc9d9-ddb5-4fa4-a97d-d965ccfc6d4b" outcome="Passed" testListId="8c84fa94-04c1-424b-9868-57a2d4851a1d" relativeResultsDirectory="ce937d41-cbae-4397-9376-baf03329a318" /><UnitTestResult executionId="0b693510-d0de-4a72-9701-24e507f39b79" testId="c3d85f5c-9ef7-4ad1-9995-676ca3261cd0" testName="EvictRecordsByAgeDoesNothingAndReturnsZeroIfBeaconIDDoesNotExist" computerName="TAG009442327432" duration="00:00:00.0000001" startTime="2018-09-20T12:48:02.0000000+02:00" endTime="2018-09-20T12:48:02.0000000+02:00" testType="13cdc9d9-ddb5-4fa4-a97d-d965ccfc6d4b" outcome="Passed" testListId="8c84fa94-04c1-424b-9868-57a2d4851a1d" relativeResultsDirectory="0b693510-d0de-4a72-9701-24e507f39b79" /><UnitTestResult executionId="6d7eb51b-05c5-41eb-a65d-4c6b063b5797" testId="8d86ac62-cd46-4136-8a0e-b547cda8eaf5" testName="ResetDataMarkedForSendingResetsMarkedForSendingFlag" computerName="TAG009442327432" duration="00:00:00.0010000" startTime="2018-09-20T12:48:02.0000000+02:00" endTime="2018-09-20T12:48:02.0000000+02:00" testType="13cdc9d9-ddb5-4fa4-a97d-d965ccfc6d4b" outcome="Passed" testListId="8c84fa94-04c1-424b-9868-57a2d4851a1d" relativeResultsDirectory="6d7eb51b-05c5-41eb-a65d-4c6b063b5797" /><UnitTestResult executionId="66e80830-9ed1-4e00-9a0c-62ed6d03147b" testId="be18546a-d8c6-4ab1-b15b-53855d3e153e" testName="IsTooManyRequestsResponseReturnsFalseIfResponseIsNull" computerName="TAG009442327432" duration="00:00:00.0000001" startTime="2018-09-20T12:48:03.0000000+02:00" endTime="2018-09-20T12:48:03.0000000+02:00" testType="13cdc9d9-ddb5-4fa4-a97d-d965ccfc6d4b" outcome="Passed" testListId="8c84fa94-04c1-424b-9868-57a2d4851a1d" relativeResultsDirectory="66e80830-9ed1-4e00-9a0c-62ed6d03147b" /><UnitTestResult executionId="efb12048-87a4-48be-af15-61adda0deaae" testId="a15ea69c-7ee3-4a63-b2af-4914cd7c5ca6" testName="CanAddRootActionIfCaptureIsOn" computerName="TAG009442327432" duration="00:00:00.0010000" startTime="2018-09-20T12:48:03.0000000+02:00" endTime="2018-09-20T12:48:03.0000000+02:00" testType="13cdc9d9-ddb5-4fa4-a97d-d965ccfc6d4b" outcome="Passed" testListId="8c84fa94-04c1-424b-9868-57a2d4851a1d" relativeResultsDirectory="efb12048-87a4-48be-af15-61adda0deaae" /><UnitTestResult executionId="61d36e9f-7bf7-4c38-9abc-ea197d2e40ed" testId="f1dd28a9-68a1-49bd-a516-9f07d7101eea" testName="ReceivingTooManyRequestsResponseDisablesCapturing" computerName="TAG009442327432" duration="00:00:00.0050000" startTime="2018-09-20T12:48:03.0000000+02:00" endTime="2018-09-20T12:48:03.0000000+02:00" testType="13cdc9d9-ddb5-4fa4-a97d-d965ccfc6d4b" outcome="Passed" testListId="8c84fa94-04c1-424b-9868-57a2d4851a1d" relativeResultsDirectory="61d36e9f-7bf7-4c38-9abc-ea197d2e40ed" /><UnitTestResult executionId="a5fa5b3c-a500-42db-8a4e-24da01ba316d" testId="66e1bcca-708e-441e-a265-6162131f7771" testName="SessionIDIsAlwaysValue1OnDataCollectionLevel1" computerName="TAG009442327432" duration="00:00:00.0010000" startTime="2018-09-20T12:48:03.0000000+02:00" endTime="2018-09-20T12:48:03.0000000+02:00" testType="13cdc9d9-ddb5-4fa4-a97d-d965ccfc6d4b" outcome="Passed" testListId="8c84fa94-04c1-424b-9868-57a2d4851a1d" relativeResultsDirectory="a5fa5b3c-a500-42db-8a4e-24da01ba316d" /><UnitTestResult executionId="b15ed3c0-0236-43c3-9ccd-569f2bb8ac80" testId="8973dc3c-6a15-4c49-8cee-6ddab6786382" testName="aProviderInitializedWithMaxIntValueProvidesMinSessionIdValueAtNextCall" computerName="TAG009442327432" duration="00:00:00.0000001" startTime="2018-09-20T12:48:05.0000000+02:00" endTime="2018-09-20T12:48:05.0000000+02:00" testType="13cdc9d9-ddb5-4fa4-a97d-d965ccfc6d4b" outcome="Passed" testListId="8c84fa94-04c1-424b-9868-57a2d4851a1d" relativeResultsDirectory="b15ed3c0-0236-43c3-9ccd-569f2bb8ac80" /><UnitTestResult executionId="fdf19e20-543b-4b39-be1b-5c7b5fc83ef3" testId="205b9258-8b29-42fe-86d1-8366b7d3c97f" testName="GetChunkMarksRetrievedData" computerName="TAG009442327432" duration="00:00:00.0010000" startTime="2018-09-20T12:48:02.0000000+02:00" endTime="2018-09-20T12:48:02.0000000+02:00" testType="13cdc9d9-ddb5-4fa4-a97d-d965ccfc6d4b" outcome="Passed" testListId="8c84fa94-04c1-424b-9868-57a2d4851a1d" relativeResultsDirectory="fdf19e20-543b-4b39-be1b-5c7b5fc83ef3" /><UnitTestResult executionId="f855c706-e41f-4036-ad92-743e8f4af6e0" testId="dc315485-931e-49d5-9afb-9666bb00fd40" testName="EnterActionGivesNullActionIfActionNameIsNull" computerName="TAG009442327432" duration="00:00:00.0000001" startTime="2018-09-20T12:48:03.0000000+02:00" endTime="2018-09-20T12:48:03.0000000+02:00" testType="13cdc9d9-ddb5-4fa4-a97d-d965ccfc6d4b" outcome="Passed" testListId="8c84fa94-04c1-424b-9868-57a2d4851a1d" relativeResultsDirectory="f855c706-e41f-4036-ad92-743e8f4af6e0" /><UnitTestResult executionId="20c27f9c-de74-48c1-b62b-0d0b3ccbe3da" testId="6dfe9d91-62c2-4542-8c56-57b7350ad206" testName="IntValueReportedForDataCollectionLevel2" computerName="TAG009442327432" duration="00:00:00.0010000" startTime="2018-09-20T12:48:03.0000000+02:00" endTime="2018-09-20T12:48:03.0000000+02:00" testType="13cdc9d9-ddb5-4fa4-a97d-d965ccfc6d4b" outcome="Passed" testListId="8c84fa94-04c1-424b-9868-57a2d4851a1d" relativeResultsDirectory="20c27f9c-de74-48c1-b62b-0d0b3ccbe3da" /><UnitTestResult executionId="25e05280-1c4c-4b03-9de9-606f000e83c7" testId="28d8d037-bce9-46e8-a77c-387ed8759a59" testName="IpV6AddressIsInvalidTooManyBlocks" computerName="TAG009442327432" duration="00:00:00.0010000" startTime="2018-09-20T12:48:03.0000000+02:00" endTime="2018-09-20T12:48:03.0000000+02:00" testType="13cdc9d9-ddb5-4fa4-a97d-d965ccfc6d4b" outcome="Passed" testListId="8c84fa94-04c1-424b-9868-57a2d4851a1d" relativeResultsDirectory="25e05280-1c4c-4b03-9de9-606f000e83c7" /><UnitTestResult executionId="7d8811d5-66d7-4bd6-8bad-6388bd7111f6" testId="c6f087e4-ed1b-44f1-b6ce-b5ce6def3965" testName="LastOpenSessionBeaconSendTimeIsSetInExecute" computerName="TAG009442327432" duration="00:00:00.0000001" startTime="2018-09-20T12:48:03.0000000+02:00" endTime="2018-09-20T12:48:03.0000000+02:00" testType="13cdc9d9-ddb5-4fa4-a97d-d965ccfc6d4b" outcome="Passed" testListId="8c84fa94-04c1-424b-9868-57a2d4851a1d" relativeResultsDirectory="7d8811d5-66d7-4bd6-8bad-6388bd7111f6" /><UnitTestResult executionId="e39ea691-f8f8-4763-94e2-ce9a3d3bd47d" testId="d71e0483-0aaf-40a6-920e-a3301ea2b027" testName="EvictRecordsByNumber" computerName="TAG009442327432" duration="00:00:00.0010000" startTime="2018-09-20T12:48:02.0000000+02:00" endTime="2018-09-20T12:48:02.0000000+02:00" testType="13cdc9d9-ddb5-4fa4-a97d-d965ccfc6d4b" outcome="Passed" testListId="8c84fa94-04c1-424b-9868-57a2d4851a1d" relativeResultsDirectory="e39ea691-f8f8-4763-94e2-ce9a3d3bd47d" /><UnitTestResult executionId="f3a4764a-e5c0-473f-8f4e-84776eeaf9cb" testId="c653ec4e-6bfc-45ed-96ac-96a08f0f7b13" testName="StartingAnAlreadyAliveBeaconCacheEvictorDoesNothing" computerName="TAG009442327432" duration="00:00:00.0010000" startTime="2018-09-20T12:48:02.0000000+02:00" endTime="2018-09-20T12:48:02.0000000+02:00" testType="13cdc9d9-ddb5-4fa4-a97d-d965ccfc6d4b" outcome="Passed" testListId="8c84fa94-04c1-424b-9868-57a2d4851a1d" relativeResultsDirectory="f3a4764a-e5c0-473f-8f4e-84776eeaf9cb" /><UnitTestResult executionId="aa59bae2-3887-4a5d-8fcc-f06179ace9ce" testId="71c8282e-b86b-4146-ad3e-1c5c55d7a29f" testName="IsInfoEnabledIsFalseIfVerboseIsFalse" computerName="TAG009442327432" duration="00:00:00.0000001" startTime="2018-09-20T12:48:03.0000000+02:00" endTime="2018-09-20T12:48:03.0000000+02:00" testType="13cdc9d9-ddb5-4fa4-a97d-d965ccfc6d4b" outcome="Passed" testListId="8c84fa94-04c1-424b-9868-57a2d4851a1d" relativeResultsDirectory="aa59bae2-3887-4a5d-8fcc-f06179ace9ce" /><UnitTestResult executionId="c1568917-3694-43f8-8a15-abdb6e68027f" testId="5b47a347-38fd-4f96-9609-ea2340e3e90e" testName="SetBytesReceivedSetsTheNumberOfReceivedBytes" computerName="TAG009442327432" duration="00:00:00.0010000" startTime="2018-09-20T12:48:03.0000000+02:00" endTime="2018-09-20T12:48:03.0000000+02:00" testType="13cdc9d9-ddb5-4fa4-a97d-d965ccfc6d4b" outcome="Passed" testListId="8c84fa94-04c1-424b-9868-57a2d4851a1d" relativeResultsDirectory="c1568917-3694-43f8-8a15-abdb6e68027f" /><UnitTestResult executionId="cfe3965f-4fc1-46a5-8869-010c173e3cac" testId="505532d5-d6b8-42bc-8b9f-d0a8ce458c32" testName="StopCanOnlyBeExecutedOnce" computerName="TAG009442327432" duration="00:00:00.0010000" startTime="2018-09-20T12:48:03.0000000+02:00" endTime="2018-09-20T12:48:03.0000000+02:00" testType="13cdc9d9-ddb5-4fa4-a97d-d965ccfc6d4b" outcome="Passed" testListId="8c84fa94-04c1-424b-9868-57a2d4851a1d" relativeResultsDirectory="cfe3965f-4fc1-46a5-8869-010c173e3cac" /><UnitTestResult executionId="f993cabf-daf8-4b4f-bd7c-35ed89dbf58a" testId="67d3b5ea-532f-4f35-8709-6b659bde6422" testName="NullIsNotAValidURLScheme" computerName="TAG009442327432" duration="00:00:00.0000001" startTime="2018-09-20T12:48:03.0000000+02:00" endTime="2018-09-20T12:48:03.0000000+02:00" testType="13cdc9d9-ddb5-4fa4-a97d-d965ccfc6d4b" outcome="Passed" testListId="8c84fa94-04c1-424b-9868-57a2d4851a1d" relativeResultsDirectory="f993cabf-daf8-4b4f-bd7c-35ed89dbf58a" /><UnitTestResult executionId="efd7c466-f893-4c98-9bca-4b5c4c5aabdf" testId="437b6674-505b-42ef-81f4-a6a793ff96b1" testName="ConsecutiveCallsToNextSessionNumberIncrementTheSessionID" computerName="TAG009442327432" duration="00:00:00.0010000" startTime="2018-09-20T12:48:03.0000000+02:00" endTime="2018-09-20T12:48:03.0000000+02:00" testType="13cdc9d9-ddb5-4fa4-a97d-d965ccfc6d4b" outcome="Passed" testListId="8c84fa94-04c1-424b-9868-57a2d4851a1d" relativeResultsDirectory="efd7c466-f893-4c98-9bca-4b5c4c5aabdf" /><UnitTestResult executionId="27925044-4027-4872-a3ba-6952fd8428fe" testId="a85d6a3d-b946-4507-a480-d5e4bceac5e1" testName="AfterAFinishedSessionHasBeenConfiguredItsFinishedAndConfigured" computerName="TAG009442327432" duration="00:00:00.0040000" startTime="2018-09-20T12:48:03.0000000+02:00" endTime="2018-09-20T12:48:03.0000000+02:00" testType="13cdc9d9-ddb5-4fa4-a97d-d965ccfc6d4b" outcome="Passed" testListId="8c84fa94-04c1-424b-9868-57a2d4851a1d" relativeResultsDirectory="27925044-4027-4872-a3ba-6952fd8428fe"><Output><StdOut>2018-09-20T10:48:03.0162275Z DEBUG [3] BeaconSender StartSession
2018-09-20T10:48:03.0172276Z DEBUG [3] BeaconCache AddEventData(sn=1, timestamp=0, data='et=18&amp;it=0&amp;pa=0&amp;s0=1&amp;t0=0')
2018-09-20T10:48:03.0172276Z DEBUG [3] BeaconSender StartSession
2018-09-20T10:48:03.0172276Z DEBUG [3] BeaconCache AddEventData(sn=2, timestamp=0, data='et=18&amp;it=0&amp;pa=0&amp;s0=1&amp;t0=0')</StdOut></Output></UnitTestResult><UnitTestResult executionId="8863c88a-9d56-4f56-99ba-117e422baa31" testId="e9f3d67a-514f-4d49-85c8-05062cbdbed0" testName="RemoveChunkedDataDoesNothingIfCalledWithNonExistingBeaconID" computerName="TAG009442327432" duration="00:00:00.0010000" startTime="2018-09-20T12:48:02.0000000+02:00" endTime="2018-09-20T12:48:02.0000000+02:00" testType="13cdc9d9-ddb5-4fa4-a97d-d965ccfc6d4b" outcome="Passed" testListId="8c84fa94-04c1-424b-9868-57a2d4851a1d" relativeResultsDirectory="8863c88a-9d56-4f56-99ba-117e422baa31" /><UnitTestResult executionId="03b38f59-f746-41d9-bad4-467a4fba03a0" testId="e1193926-2eeb-4dc2-9358-458f3208e08b" testName="ReportCrashDoesNotReportOnDataCollectionLevel0" computerName="TAG009442327432" duration="00:00:00.0010000" startTime="2018-09-20T12:48:03.0000000+02:00" endTime="2018-09-20T12:48:03.0000000+02:00" testType="13cdc9d9-ddb5-4fa4-a97d-d965ccfc6d4b" outcome="Passed" testListId="8c84fa94-04c1-424b-9868-57a2d4851a1d" relativeResultsDirectory="03b38f59-f746-41d9-bad4-467a4fba03a0" /><UnitTestResult executionId="3bbd03bd-4927-430a-a585-9b31ba241b74" testId="126a0504-215e-4c68-b31b-4df474bc0a48" testName="NoWebRequestIsReportedForDataCollectionLevel0" computerName="TAG009442327432" duration="00:00:00.0020000" startTime="2018-09-20T12:48:03.0000000+02:00" endTime="2018-09-20T12:48:03.0000000+02:00" testType="13cdc9d9-ddb5-4fa4-a97d-d965ccfc6d4b" outcome="Passed" testListId="8c84fa94-04c1-424b-9868-57a2d4851a1d" relativeResultsDirectory="3bbd03bd-4927-430a-a585-9b31ba241b74" /><UnitTestResult executionId="6790331e-d62f-4bda-95b5-cd4949561f4f" testId="6d4f7631-b7d4-4311-8e65-1290662d63af" testName="EnterActionGivesNewRootAction" computerName="TAG009442327432" duration="00:00:00.0010000" startTime="2018-09-20T12:48:03.0000000+02:00" endTime="2018-09-20T12:48:03.0000000+02:00" testType="13cdc9d9-ddb5-4fa4-a97d-d965ccfc6d4b" outcome="Passed" testListId="8c84fa94-04c1-424b-9868-57a2d4851a1d" relativeResultsDirectory="6790331e-d62f-4bda-95b5-cd4949561f4f" /><UnitTestResult executionId="3b142a9b-06a4-4279-8fd0-2948e567c2c7" testId="8bee120e-435d-4387-b08b-b1017d8a1e2d" testName="ParsingInvalidRequestReceiveTimeThrowsException" computerName="TAG009442327432" duration="00:00:00.0010000" startTime="2018-09-20T12:48:05.0000000+02:00" endTime="2018-09-20T12:48:05.0000000+02:00" testType="13cdc9d9-ddb5-4fa4-a97d-d965ccfc6d4b" outcome="Passed" testListId="8c84fa94-04c1-424b-9868-57a2d4851a1d" relativeResultsDirectory="3b142a9b-06a4-4279-8fd0-2948e567c2c7" /><UnitTestResult executionId="4c9b1b25-970e-4c18-9174-00463ac2307f" testId="bf568e85-f019-4805-ab94-3a4e20e179c2" testName="CanAddSentBytesToWebRequestTracer" computerName="TAG009442327432" duration="00:00:00.0010000" startTime="2018-09-20T12:48:03.0000000+02:00" endTime="2018-09-20T12:48:03.0000000+02:00" testType="13cdc9d9-ddb5-4fa4-a97d-d965ccfc6d4b" outcome="Passed" testListId="8c84fa94-04c1-424b-9868-57a2d4851a1d" relativeResultsDirectory="4c9b1b25-970e-4c18-9174-00463ac2307f" /><UnitTestResult executionId="9ffb96b3-eb64-45a5-acc9-c4d8b4bd25b3" testId="7981da85-634b-41ab-9172-88a1d36759f0" testName="CannotAddSentBytesWithInvalidValueSmallerZeroToWebRequestTracer" computerName="TAG009442327432" duration="00:00:00.0010000" startTime="2018-09-20T12:48:03.0000000+02:00" endTime="2018-09-20T12:48:03.0000000+02:00" testType="13cdc9d9-ddb5-4fa4-a97d-d965ccfc6d4b" outcome="Passed" testListId="8c84fa94-04c1-424b-9868-57a2d4851a1d" relativeResultsDirectory="9ffb96b3-eb64-45a5-acc9-c4d8b4bd25b3" /><UnitTestResult executionId="f42b8a36-934a-47f0-97e7-088fb0f22efa" testId="685f4cdf-c4e1-4b82-a6d0-293d1e93ad06" testName="ReportStringValueDoesNothingIfActionIsLeft" computerName="TAG009442327432" duration="00:00:00.0000001" startTime="2018-09-20T12:48:02.0000000+02:00" endTime="2018-09-20T12:48:02.0000000+02:00" testType="13cdc9d9-ddb5-4fa4-a97d-d965ccfc6d4b" outcome="Passed" testListId="8c84fa94-04c1-424b-9868-57a2d4851a1d" relativeResultsDirectory="f42b8a36-934a-47f0-97e7-088fb0f22efa" /><UnitTestResult executionId="be3e1fc0-bde7-4f8d-a5ea-73b7ad50db07" testId="951f4611-1111-4ed1-a19a-a9248d31a974" testName="IdentifyUserDoesNothingIfUserTagIsNull" computerName="TAG009442327432" duration="00:00:00.0000001" startTime="2018-09-20T12:48:03.0000000+02:00" endTime="2018-09-20T12:48:03.0000000+02:00" testType="13cdc9d9-ddb5-4fa4-a97d-d965ccfc6d4b" outcome="Passed" testListId="8c84fa94-04c1-424b-9868-57a2d4851a1d" relativeResultsDirectory="be3e1fc0-bde7-4f8d-a5ea-73b7ad50db07" /><UnitTestResult executionId="79ac74fa-a9f7-4f37-928f-d4012b40edb2" testId="ad213dfc-6f9c-4528-9390-8d6918289216" testName="CaptureIsTrueWhenItIsEqualToOne" computerName="TAG009442327432" duration="00:00:00.0000001" startTime="2018-09-20T12:48:05.0000000+02:00" endTime="2018-09-20T12:48:05.0000000+02:00" testType="13cdc9d9-ddb5-4fa4-a97d-d965ccfc6d4b" outcome="Passed" testListId="8c84fa94-04c1-424b-9868-57a2d4851a1d" relativeResultsDirectory="79ac74fa-a9f7-4f37-928f-d4012b40edb2" /><UnitTestResult executionId="1d6cbcb2-913d-4004-bfeb-da863c8957d0" testId="660a19ca-85ac-420f-9f7f-8c1c94bbdfc5" testName="StateTransitionToCaptureOffIsMadeIfTooManyRequestsResponseIsReceived" computerName="TAG009442327432" duration="00:00:00.0010000" startTime="2018-09-20T12:48:03.0000000+02:00" endTime="2018-09-20T12:48:03.0000000+02:00" testType="13cdc9d9-ddb5-4fa4-a97d-d965ccfc6d4b" outcome="Passed" testListId="8c84fa94-04c1-424b-9868-57a2d4851a1d" relativeResultsDirectory="1d6cbcb2-913d-4004-bfeb-da863c8957d0" /><UnitTestResult executionId="27dfe570-9d20-460b-9fed-73d526da6a76" testId="96f224cd-6486-4df2-84b7-7fa359a7a464" testName="CanAddReceivedBytesToWebRequestTracer" computerName="TAG009442327432" duration="00:00:00.0010000" startTime="2018-09-20T12:48:03.0000000+02:00" endTime="2018-09-20T12:48:03.0000000+02:00" testType="13cdc9d9-ddb5-4fa4-a97d-d965ccfc6d4b" outcome="Passed" testListId="8c84fa94-04c1-424b-9868-57a2d4851a1d" relativeResultsDirectory="27dfe570-9d20-460b-9fed-73d526da6a76" /><UnitTestResult executionId="55da0147-4acf-4741-a959-d307c7273d37" testId="692dc342-b7a3-468b-9e23-156f4508147a" testName="CanSetDataCollectionLevelForDynatrace" computerName="TAG009442327432" duration="00:00:00.0000001" startTime="2018-09-20T12:48:03.0000000+02:00" endTime="2018-09-20T12:48:03.0000000+02:00" testType="13cdc9d9-ddb5-4fa4-a97d-d965ccfc6d4b" outcome="Passed" testListId="8c84fa94-04c1-424b-9868-57a2d4851a1d" relativeResultsDirectory="55da0147-4acf-4741-a959-d307c7273d37" /><UnitTestResult executionId="f3b4df8d-7015-419d-9ce0-14d3fb627163" testId="520a828f-789f-43b3-a9fd-77b749085c4c" testName="CapturingIsDisabledIfResponseCodeIndicatesFailures" computerName="TAG009442327432" duration="00:00:00.0000001" startTime="2018-09-20T12:48:03.0000000+02:00" endTime="2018-09-20T12:48:03.0000000+02:00" testType="13cdc9d9-ddb5-4fa4-a97d-d965ccfc6d4b" outcome="Passed" testListId="8c84fa94-04c1-424b-9868-57a2d4851a1d" relativeResultsDirectory="f3b4df8d-7015-419d-9ce0-14d3fb627163" /><UnitTestResult executionId="3d37bf8f-557e-4155-b2b9-8ddd86728817" testId="047f0d61-418e-412b-82d4-f911aa6bd47a" testName="CanSetApplicationVersionForAppMon" computerName="TAG009442327432" duration="00:00:00.0000001" startTime="2018-09-20T12:48:03.0000000+02:00" endTime="2018-09-20T12:48:03.0000000+02:00" testType="13cdc9d9-ddb5-4fa4-a97d-d965ccfc6d4b" outcome="Passed" testListId="8c84fa94-04c1-424b-9868-57a2d4851a1d" relativeResultsDirectory="3d37bf8f-557e-4155-b2b9-8ddd86728817" /><UnitTestResult executionId="c82e1acd-abfc-4edf-9734-51dad3cf8831" testId="2d08164b-1591-4075-b599-ec0b69fb75d9" testName="ShouldRunGivesTrueIfNumBytesInCacheIsGreaterThanUpperBoundLimit" computerName="TAG009442327432" duration="00:00:00.0000001" startTime="2018-09-20T12:48:02.0000000+02:00" endTime="2018-09-20T12:48:02.0000000+02:00" testType="13cdc9d9-ddb5-4fa4-a97d-d965ccfc6d4b" outcome="Passed" testListId="8c84fa94-04c1-424b-9868-57a2d4851a1d" relativeResultsDirectory="c82e1acd-abfc-4edf-9734-51dad3cf8831" /><UnitTestResult executionId="f39c751e-19db-4079-aef6-f2136c674dcf" testId="d3869adc-5cc8-41c0-b1d4-77299305de4b" testName="VerboseIsUsedInDefaultLogger" computerName="TAG009442327432" duration="00:00:00.0000001" startTime="2018-09-20T12:48:03.0000000+02:00" endTime="2018-09-20T12:48:03.0000000+02:00" testType="13cdc9d9-ddb5-4fa4-a97d-d965ccfc6d4b" outcome="Passed" testListId="8c84fa94-04c1-424b-9868-57a2d4851a1d" relativeResultsDirectory="f39c751e-19db-4079-aef6-f2136c674dcf" /><UnitTestResult executionId="15620d46-49d0-4b65-9dd1-a28370e7645b" testId="47a2e65d-784d-4e2d-b3a5-cae2c9851626" testName="CacheSizeUpperBound" computerName="TAG009442327432" duration="00:00:00.0000001" startTime="2018-09-20T12:48:03.0000000+02:00" endTime="2018-09-20T12:48:03.0000000+02:00" testType="13cdc9d9-ddb5-4fa4-a97d-d965ccfc6d4b" outcome="Passed" testListId="8c84fa94-04c1-424b-9868-57a2d4851a1d" relativeResultsDirectory="15620d46-49d0-4b65-9dd1-a28370e7645b" /><UnitTestResult executionId="703bae04-6b1f-49e7-8ba9-3b3e2d663a67" testId="dccba367-6271-44f3-8400-62117ee7db66" testName="WhenBeaconConfigurationIsNotSetSendingIsNotAllowed" computerName="TAG009442327432" duration="00:00:00.0000001" startTime="2018-09-20T12:48:03.0000000+02:00" endTime="2018-09-20T12:48:03.0000000+02:00" testType="13cdc9d9-ddb5-4fa4-a97d-d965ccfc6d4b" outcome="Passed" testListId="8c84fa94-04c1-424b-9868-57a2d4851a1d" relativeResultsDirectory="703bae04-6b1f-49e7-8ba9-3b3e2d663a67" /><UnitTestResult executionId="f7da151d-c2be-4452-87f0-40dbd4225950" testId="753af220-b78c-402a-bdcf-085e4f2ea5cf" testName="SleepTimeIsDoubledAndResetAfterSuccess" computerName="TAG009442327432" duration="00:00:00.0040000" startTime="2018-09-20T12:48:03.0000000+02:00" endTime="2018-09-20T12:48:03.0000000+02:00" testType="13cdc9d9-ddb5-4fa4-a97d-d965ccfc6d4b" outcome="Passed" testListId="8c84fa94-04c1-424b-9868-57a2d4851a1d" relativeResultsDirectory="f7da151d-c2be-4452-87f0-40dbd4225950" /><UnitTestResult executionId="0f016b59-0cad-4527-b4eb-bd418b32236e" testId="404db926-c14f-4d17-8b5d-6282b2625446" testName="CreateTagReturnsTagStringForDataCollectionLevel1" computerName="TAG009442327432" duration="00:00:00.0000001" startTime="2018-09-20T12:48:03.0000000+02:00" endTime="2018-09-20T12:48:03.0000000+02:00" testType="13cdc9d9-ddb5-4fa4-a97d-d965ccfc6d4b" outcome="Passed" testListId="8c84fa94-04c1-424b-9868-57a2d4851a1d" relativeResultsDirectory="0f016b59-0cad-4527-b4eb-bd418b32236e" /><UnitTestResult executionId="57b60937-68bd-4c77-8eab-f13fe48a599b" testId="6b7a694a-a81b-450b-bd2a-ca22ab819556" testName="SendNewSessionRequestSendRequestToMonitorURL" computerName="TAG009442327432" duration="00:00:00.0020000" startTime="2018-09-20T12:48:04.0000000+02:00" endTime="2018-09-20T12:48:04.0000000+02:00" testType="13cdc9d9-ddb5-4fa4-a97d-d965ccfc6d4b" outcome="Passed" testListId="8c84fa94-04c1-424b-9868-57a2d4851a1d" relativeResultsDirectory="57b60937-68bd-4c77-8eab-f13fe48a599b" /><UnitTestResult executionId="0b8d2c60-09f4-4948-b2eb-25df72bdef2d" testId="d9e2edcf-7430-4449-8810-e8561730078f" testName="ParsingSendInterval" computerName="TAG009442327432" duration="00:00:00.0010000" startTime="2018-09-20T12:48:05.0000000+02:00" endTime="2018-09-20T12:48:05.0000000+02:00" testType="13cdc9d9-ddb5-4fa4-a97d-d965ccfc6d4b" outcome="Passed" testListId="8c84fa94-04c1-424b-9868-57a2d4851a1d" relativeResultsDirectory="0b8d2c60-09f4-4948-b2eb-25df72bdef2d" /><UnitTestResult executionId="14283f6a-9353-407c-aed4-f5ae1219486f" testId="297fcaa0-a0f3-4904-bb52-79d1b479e6ad" testName="TheStrategyIsDisabledIfCacheSizeUpperBoundIsLessThanZero" computerName="TAG009442327432" duration="00:00:00.0000001" startTime="2018-09-20T12:48:02.0000000+02:00" endTime="2018-09-20T12:48:02.0000000+02:00" testType="13cdc9d9-ddb5-4fa4-a97d-d965ccfc6d4b" outcome="Passed" testListId="8c84fa94-04c1-424b-9868-57a2d4851a1d" relativeResultsDirectory="14283f6a-9353-407c-aed4-f5ae1219486f" /><UnitTestResult executionId="f655a2de-884a-405f-acbc-3b6000a41e96" testId="85283755-336a-4153-b4dc-0dca7e0a30a8" testName="HeadersAreSet" computerName="TAG009442327432" duration="00:00:00.0010000" startTime="2018-09-20T12:48:05.0000000+02:00" endTime="2018-09-20T12:48:05.0000000+02:00" testType="13cdc9d9-ddb5-4fa4-a97d-d965ccfc6d4b" outcome="Passed" testListId="8c84fa94-04c1-424b-9868-57a2d4851a1d" relativeResultsDirectory="f655a2de-884a-405f-acbc-3b6000a41e96" /><UnitTestResult executionId="9a27c3bc-a6b0-4b69-81f1-65a94a37f80c" testId="259687fc-8738-40a1-be64-0e0a8afee9df" testName="LeavingAnActionSetsTheEndTimestamp" computerName="TAG009442327432" duration="00:00:00.0010000" startTime="2018-09-20T12:48:02.0000000+02:00" endTime="2018-09-20T12:48:02.0000000+02:00" testType="13cdc9d9-ddb5-4fa4-a97d-d965ccfc6d4b" outcome="Passed" testListId="8c84fa94-04c1-424b-9868-57a2d4851a1d" relativeResultsDirectory="9a27c3bc-a6b0-4b69-81f1-65a94a37f80c" /><UnitTestResult executionId="e1de916d-8c11-4ec8-a1a9-e4dd647de698" testId="37df8c08-cf8c-4708-bb22-a1f9fa489ac3" testName="LastOpenSessionSendTimeIsSet" computerName="TAG009442327432" duration="00:00:00.0000001" startTime="2018-09-20T12:48:03.0000000+02:00" endTime="2018-09-20T12:48:03.0000000+02:00" testType="13cdc9d9-ddb5-4fa4-a97d-d965ccfc6d4b" outcome="Passed" testListId="8c84fa94-04c1-424b-9868-57a2d4851a1d" relativeResultsDirectory="e1de916d-8c11-4ec8-a1a9-e4dd647de698" /><UnitTestResult executionId="b5b59ca8-f4cf-47a2-b6da-79efa43511b1" testId="a7ffe5ee-fc10-4f2b-bd7d-ab59115018da" testName="SendStatusRequestSendRequestToMonitorURL" computerName="TAG009442327432" duration="00:00:00.0010000" startTime="2018-09-20T12:48:04.0000000+02:00" endTime="2018-09-20T12:48:04.0000000+02:00" testType="13cdc9d9-ddb5-4fa4-a97d-d965ccfc6d4b" outcome="Passed" testListId="8c84fa94-04c1-424b-9868-57a2d4851a1d" relativeResultsDirectory="b5b59ca8-f4cf-47a2-b6da-79efa43511b1" /><UnitTestResult executionId="55d361ed-5c5e-44bf-8441-27ebf13bed4c" testId="0c3f7f32-959b-4392-a2d3-ceafe4df1842" testName="ReinitializeSleepsBeforeSendingStatusRequests" computerName="TAG009442327432" duration="00:00:00.0120000" startTime="2018-09-20T12:48:03.0000000+02:00" endTime="2018-09-20T12:48:03.0000000+02:00" testType="13cdc9d9-ddb5-4fa4-a97d-d965ccfc6d4b" outcome="Passed" testListId="8c84fa94-04c1-424b-9868-57a2d4851a1d" relativeResultsDirectory="55d361ed-5c5e-44bf-8441-27ebf13bed4c" /><UnitTestResult executionId="90ffbb5a-2726-4b2a-a62a-2103a5a88750" testId="1eb37dd0-7b50-4f9a-9150-0bdaadc7039b" testName="SleepIsCalledOnEntry" computerName="TAG009442327432" duration="00:00:00.0010000" startTime="2018-09-20T12:48:02.0000000+02:00" endTime="2018-09-20T12:48:02.0000000+02:00" testType="13cdc9d9-ddb5-4fa4-a97d-d965ccfc6d4b" outcome="Passed" testListId="8c84fa94-04c1-424b-9868-57a2d4851a1d" relativeResultsDirectory="90ffbb5a-2726-4b2a-a62a-2103a5a88750" /><UnitTestResult executionId="f982b1a0-3dea-48c1-beb8-06ad36c97d7b" testId="31017acb-6b37-4363-98df-fe7719288593" testName="RemoveDataMarkedForSendingReturnsIfDataHasNotBeenCopied" computerName="TAG009442327432" duration="00:00:00.0010000" startTime="2018-09-20T12:48:02.0000000+02:00" endTime="2018-09-20T12:48:02.0000000+02:00" testType="13cdc9d9-ddb5-4fa4-a97d-d965ccfc6d4b" outcome="Passed" testListId="8c84fa94-04c1-424b-9868-57a2d4851a1d" relativeResultsDirectory="f982b1a0-3dea-48c1-beb8-06ad36c97d7b" /><UnitTestResult executionId="02677199-0d2c-4f76-b405-ddc37d9fd8f2" testId="568419b0-7f2b-4a67-b4ce-039f6dc678ca" testName="IsErrorEnabledIsTrueIfVerboseIsFalse" computerName="TAG009442327432" duration="00:00:00.0000001" startTime="2018-09-20T12:48:03.0000000+02:00" endTime="2018-09-20T12:48:03.0000000+02:00" testType="13cdc9d9-ddb5-4fa4-a97d-d965ccfc6d4b" outcome="Passed" testListId="8c84fa94-04c1-424b-9868-57a2d4851a1d" relativeResultsDirectory="02677199-0d2c-4f76-b405-ddc37d9fd8f2" /><UnitTestResult executionId="51e9b11f-8cb4-4795-be18-cb992f29078f" testId="9adb92b9-3e85-4b71-987d-cfde332410bb" testName="IntValueNotReportedForDataCollectionLevel0" computerName="TAG009442327432" duration="00:00:00.0010000" startTime="2018-09-20T12:48:03.0000000+02:00" endTime="2018-09-20T12:48:03.0000000+02:00" testType="13cdc9d9-ddb5-4fa4-a97d-d965ccfc6d4b" outcome="Passed" testListId="8c84fa94-04c1-424b-9868-57a2d4851a1d" relativeResultsDirectory="51e9b11f-8cb4-4795-be18-cb992f29078f" /><UnitTestResult executionId="f8e828d7-75cc-472c-8ee3-2098e39cffa4" testId="7dd16806-15fb-496e-8bbf-ded2c8f686f9" testName="SendStatusRequestIsAbortedWhenShutDownIsRequested" computerName="TAG009442327432" duration="00:00:00.0010000" startTime="2018-09-20T12:48:03.0000000+02:00" endTime="2018-09-20T12:48:03.0000000+02:00" testType="13cdc9d9-ddb5-4fa4-a97d-d965ccfc6d4b" outcome="Passed" testListId="8c84fa94-04c1-424b-9868-57a2d4851a1d" relativeResultsDirectory="f8e828d7-75cc-472c-8ee3-2098e39cffa4" /><UnitTestResult executionId="8a23d467-194b-467a-8a5e-eb828af2f4d4" testId="88a5ae5e-f422-490d-b027-93bdedc71e2d" testName="IsTooManyRequestsResponseReturnsTrueIfResponseCodeIndicatesTooManyRequests" computerName="TAG009442327432" duration="00:00:00.0000001" startTime="2018-09-20T12:48:03.0000000+02:00" endTime="2018-09-20T12:48:03.0000000+02:00" testType="13cdc9d9-ddb5-4fa4-a97d-d965ccfc6d4b" outcome="Passed" testListId="8c84fa94-04c1-424b-9868-57a2d4851a1d" relativeResultsDirectory="8a23d467-194b-467a-8a5e-eb828af2f4d4" /><UnitTestResult executionId="4affa4b4-f108-489c-b531-6304f0b3af0e" testId="76eb89ca-2741-41d3-8b41-487f54414dc4" testName="ParsingInvalidMaxBeaconSizeThrowsException" computerName="TAG009442327432" duration="00:00:00.0020000" startTime="2018-09-20T12:48:05.0000000+02:00" endTime="2018-09-20T12:48:05.0000000+02:00" testType="13cdc9d9-ddb5-4fa4-a97d-d965ccfc6d4b" outcome="Passed" testListId="8c84fa94-04c1-424b-9868-57a2d4851a1d" relativeResultsDirectory="4affa4b4-f108-489c-b531-6304f0b3af0e" /><UnitTestResult executionId="cb754c3e-f4f2-45bf-a220-44913c52c1a0" testId="02e53927-8dbb-4178-8e3b-ae5bbfdf2f28" testName="TraceWebRequestGivesNullWebRequestTracerIfUrlIsNull" computerName="TAG009442327432" duration="00:00:00.0010000" startTime="2018-09-20T12:48:03.0000000+02:00" endTime="2018-09-20T12:48:03.0000000+02:00" testType="13cdc9d9-ddb5-4fa4-a97d-d965ccfc6d4b" outcome="Passed" testListId="8c84fa94-04c1-424b-9868-57a2d4851a1d" relativeResultsDirectory="cb754c3e-f4f2-45bf-a220-44913c52c1a0" /><UnitTestResult executionId="d57197be-7d2b-441f-bdad-aeef53bc1f27" testId="99780b74-7c56-444a-8fc4-b2c0a4a04a3b" testName="IpV6AddressMixedNotationIsValid_NonZeroIPv6NonCompressed" computerName="TAG009442327432" duration="00:00:00.0000001" startTime="2018-09-20T12:48:03.0000000+02:00" endTime="2018-09-20T12:48:03.0000000+02:00" testType="13cdc9d9-ddb5-4fa4-a97d-d965ccfc6d4b" outcome="Passed" testListId="8c84fa94-04c1-424b-9868-57a2d4851a1d" relativeResultsDirectory="d57197be-7d2b-441f-bdad-aeef53bc1f27" /><UnitTestResult executionId="551013ca-1b9c-4fb6-87bb-5eea10f2e189" testId="4b758f9f-3519-4400-a057-7ce2d8501e59" testName="IsEmptyGivesTrueIfBeaconDoesNotExistInCache" computerName="TAG009442327432" duration="00:00:00.0010000" startTime="2018-09-20T12:48:02.0000000+02:00" endTime="2018-09-20T12:48:02.0000000+02:00" testType="13cdc9d9-ddb5-4fa4-a97d-d965ccfc6d4b" outcome="Passed" testListId="8c84fa94-04c1-424b-9868-57a2d4851a1d" relativeResultsDirectory="551013ca-1b9c-4fb6-87bb-5eea10f2e189" /><UnitTestResult executionId="aae6a230-a1ba-4920-aef7-dc5f84adb899" testId="1d6fb7e9-1615-4cc9-a2fb-301f51aa620f" testName="CanInterruptLongSleep" computerName="TAG009442327432" duration="00:00:00.0010000" startTime="2018-09-20T12:48:03.0000000+02:00" endTime="2018-09-20T12:48:03.0000000+02:00" testType="13cdc9d9-ddb5-4fa4-a97d-d965ccfc6d4b" outcome="Passed" testListId="8c84fa94-04c1-424b-9868-57a2d4851a1d" relativeResultsDirectory="aae6a230-a1ba-4920-aef7-dc5f84adb899" /><UnitTestResult executionId="50f8a4a2-33f7-4382-ae81-43005f959142" testId="7231db22-71f9-4719-b8dc-e2a1a008c20b" testName="OddNumberOfTokensThrowsException" computerName="TAG009442327432" duration="00:00:00.0010000" startTime="2018-09-20T12:48:05.0000000+02:00" endTime="2018-09-20T12:48:05.0000000+02:00" testType="13cdc9d9-ddb5-4fa4-a97d-d965ccfc6d4b" outcome="Passed" testListId="8c84fa94-04c1-424b-9868-57a2d4851a1d" relativeResultsDirectory="50f8a4a2-33f7-4382-ae81-43005f959142" /><UnitTestResult executionId="73adf475-21a6-49a8-b35a-1a04fc9edcc6" testId="d59ef3e8-6d71-47ae-9a6a-bc0305884067" testName="ContextIsInitializedWithInitState" computerName="TAG009442327432" duration="00:00:00.0000001" startTime="2018-09-20T12:48:03.0000000+02:00" endTime="2018-09-20T12:48:03.0000000+02:00" testType="13cdc9d9-ddb5-4fa4-a97d-d965ccfc6d4b" outcome="Passed" testListId="8c84fa94-04c1-424b-9868-57a2d4851a1d" relativeResultsDirectory="73adf475-21a6-49a8-b35a-1a04fc9edcc6" /><UnitTestResult executionId="b05fb989-ff58-4538-9390-96649de9f05e" testId="4737cb30-7049-4152-95d5-c41f420517a4" testName="NamedEventNotReportedForDataCollectionLevel0" computerName="TAG009442327432" duration="00:00:00.0000001" startTime="2018-09-20T12:48:03.0000000+02:00" endTime="2018-09-20T12:48:03.0000000+02:00" testType="13cdc9d9-ddb5-4fa4-a97d-d965ccfc6d4b" outcome="Passed" testListId="8c84fa94-04c1-424b-9868-57a2d4851a1d" relativeResultsDirectory="b05fb989-ff58-4538-9390-96649de9f05e" /><UnitTestResult executionId="26929f8e-3058-4d44-9d1d-05a302e5e93b" testId="6c97213c-e6cc-480b-9d2b-3b6d96adb640" testName="IpV6AddressHexCompressedIsInvalidTwoCompressedBlocks" computerName="TAG009442327432" duration="00:00:00.0000001" startTime="2018-09-20T12:48:03.0000000+02:00" endTime="2018-09-20T12:48:03.0000000+02:00" testType="13cdc9d9-ddb5-4fa4-a97d-d965ccfc6d4b" outcome="Passed" testListId="8c84fa94-04c1-424b-9868-57a2d4851a1d" relativeResultsDirectory="26929f8e-3058-4d44-9d1d-05a302e5e93b" /><UnitTestResult executionId="2ab93aca-96ca-493b-a4bf-86a5ea58c3ce" testId="619949ba-04b6-425d-8680-2307af5bb2bd" testName="IpV6AddressIsValid" computerName="TAG009442327432" duration="00:00:00.0000001" startTime="2018-09-20T12:48:03.0000000+02:00" endTime="2018-09-20T12:48:03.0000000+02:00" testType="13cdc9d9-ddb5-4fa4-a97d-d965ccfc6d4b" outcome="Passed" testListId="8c84fa94-04c1-424b-9868-57a2d4851a1d" relativeResultsDirectory="2ab93aca-96ca-493b-a4bf-86a5ea58c3ce" /><UnitTestResult executionId="f9b472dc-f0ab-4bf6-aa6a-fecdcf4e4008" testId="d39e9465-2997-47e3-bfeb-a02ebba7cf91" testName="GetNextBeaconChunkDecreasesBeaconCacheSize" computerName="TAG009442327432" duration="00:00:00.0000001" startTime="2018-09-20T12:48:02.0000000+02:00" endTime="2018-09-20T12:48:02.0000000+02:00" testType="13cdc9d9-ddb5-4fa4-a97d-d965ccfc6d4b" outcome="Passed" testListId="8c84fa94-04c1-424b-9868-57a2d4851a1d" relativeResultsDirectory="f9b472dc-f0ab-4bf6-aa6a-fecdcf4e4008" /><UnitTestResult executionId="cc8cbda8-2d43-4f9b-bcf6-148e1f011d4d" testId="8c85ed56-4b33-4e6c-b5d2-39885bc1c743" testName="GetChunkGetsChunksFromEventDataBeforeActionData" computerName="TAG009442327432" duration="00:00:00.0020000" startTime="2018-09-20T12:48:02.0000000+02:00" endTime="2018-09-20T12:48:02.0000000+02:00" testType="13cdc9d9-ddb5-4fa4-a97d-d965ccfc6d4b" outcome="Passed" testListId="8c84fa94-04c1-424b-9868-57a2d4851a1d" relativeResultsDirectory="cc8cbda8-2d43-4f9b-bcf6-148e1f011d4d" /><UnitTestResult executionId="bf349708-bba5-4b42-ad31-cbf363faf02a" testId="a3426a5b-2325-478b-bd63-5d68744f9f47" testName="ExecuteEvictionStopsIfNumBytesInCacheFallsBelowLowerBoundBetweenTwoBeacons" computerName="TAG009442327432" duration="00:00:00.0010000" startTime="2018-09-20T12:48:02.0000000+02:00" endTime="2018-09-20T12:48:02.0000000+02:00" testType="13cdc9d9-ddb5-4fa4-a97d-d965ccfc6d4b" outcome="Passed" testListId="8c84fa94-04c1-424b-9868-57a2d4851a1d" relativeResultsDirectory="bf349708-bba5-4b42-ad31-cbf363faf02a" /><UnitTestResult executionId="db3ffe6b-a956-4554-b0f2-e379d2d5aa55" testId="9b8ddf32-2e64-440e-84ea-f0721b50b139" testName="GetNextBeaconChunkReturnsNullIfGivenBeaconIDDoesNotExist" computerName="TAG009442327432" duration="00:00:00.0000001" startTime="2018-09-20T12:48:02.0000000+02:00" endTime="2018-09-20T12:48:02.0000000+02:00" testType="13cdc9d9-ddb5-4fa4-a97d-d965ccfc6d4b" outcome="Passed" testListId="8c84fa94-04c1-424b-9868-57a2d4851a1d" relativeResultsDirectory="db3ffe6b-a956-4554-b0f2-e379d2d5aa55" /><UnitTestResult executionId="3bfc3ce6-192a-4c97-b194-1a0472eb14fe" testId="6e90e167-4c37-4481-873f-df3321daa1b7" testName="TwoEqualInstancesHaveSameHashCode" computerName="TAG009442327432" duration="00:00:00.0000001" startTime="2018-09-20T12:48:02.0000000+02:00" endTime="2018-09-20T12:48:02.0000000+02:00" testType="13cdc9d9-ddb5-4fa4-a97d-d965ccfc6d4b" outcome="Passed" testListId="8c84fa94-04c1-424b-9868-57a2d4851a1d" relativeResultsDirectory="3bfc3ce6-192a-4c97-b194-1a0472eb14fe" /><UnitTestResult executionId="a604179b-a64f-40d6-b6f3-fe0b60091a93" testId="1a2e8c3f-18ff-4f53-a29f-c2c8044baaee" testName="IpV4AddressIsInvalidDueToAdditionalCharacterInFourthBlock" computerName="TAG009442327432" duration="00:00:00.0000001" startTime="2018-09-20T12:48:03.0000000+02:00" endTime="2018-09-20T12:48:03.0000000+02:00" testType="13cdc9d9-ddb5-4fa4-a97d-d965ccfc6d4b" outcome="Passed" testListId="8c84fa94-04c1-424b-9868-57a2d4851a1d" relativeResultsDirectory="a604179b-a64f-40d6-b6f3-fe0b60091a93" /><UnitTestResult executionId="5bf74fd2-599b-4ace-8ccf-dda9a0da6365" testId="759fd311-a83b-40fc-a194-a1f6607059ea" testName="TraceWebRequestGivesNullWebRequestTracerIfUrlIsAnEmptyString" computerName="TAG009442327432" duration="00:00:00.0010000" startTime="2018-09-20T12:48:02.0000000+02:00" endTime="2018-09-20T12:48:02.0000000+02:00" testType="13cdc9d9-ddb5-4fa4-a97d-d965ccfc6d4b" outcome="Passed" testListId="8c84fa94-04c1-424b-9868-57a2d4851a1d" relativeResultsDirectory="5bf74fd2-599b-4ace-8ccf-dda9a0da6365" /><UnitTestResult executionId="bd78106b-f7be-4e38-b38b-acca07bf62a4" testId="16c69c6c-96c4-4763-aa7c-433d1f18b1b3" testName="ReportStringValue" computerName="TAG009442327432" duration="00:00:00.0010000" startTime="2018-09-20T12:48:02.0000000+02:00" endTime="2018-09-20T12:48:02.0000000+02:00" testType="13cdc9d9-ddb5-4fa4-a97d-d965ccfc6d4b" outcome="Passed" testListId="8c84fa94-04c1-424b-9868-57a2d4851a1d" relativeResultsDirectory="bd78106b-f7be-4e38-b38b-acca07bf62a4" /><UnitTestResult executionId="d7a8b89d-3918-4048-9ed5-0b36e3791a11" testId="214c96a2-9e29-4c09-be80-c03ace12c055" testName="ReportErrorDoesReportOnDataCollectionLevel1" computerName="TAG009442327432" duration="00:00:00.0010000" startTime="2018-09-20T12:48:03.0000000+02:00" endTime="2018-09-20T12:48:03.0000000+02:00" testType="13cdc9d9-ddb5-4fa4-a97d-d965ccfc6d4b" outcome="Passed" testListId="8c84fa94-04c1-424b-9868-57a2d4851a1d" relativeResultsDirectory="d7a8b89d-3918-4048-9ed5-0b36e3791a11" /><UnitTestResult executionId="d743f7a6-1ce7-41ad-9637-76060367685f" testId="6d6ee3e0-5a4b-4fa4-8d4f-153745bd6acc" testName="DeviceIDIsTruncatedTo250Characters" computerName="TAG009442327432" duration="00:00:00.0010000" startTime="2018-09-20T12:48:03.0000000+02:00" endTime="2018-09-20T12:48:03.0000000+02:00" testType="13cdc9d9-ddb5-4fa4-a97d-d965ccfc6d4b" outcome="Passed" testListId="8c84fa94-04c1-424b-9868-57a2d4851a1d" relativeResultsDirectory="d743f7a6-1ce7-41ad-9637-76060367685f" /><UnitTestResult executionId="cf39a210-cd23-4e85-99a2-04dcee5a6780" testId="e8960a6b-06de-4d93-bdf8-56f4d80311e1" testName="SendBeaconRequestReturnsAnUnknownErrorResponseForWrongHttpResponse" computerName="TAG009442327432" duration="00:00:00.0010000" startTime="2018-09-20T12:48:03.0000000+02:00" endTime="2018-09-20T12:48:03.0000000+02:00" testType="13cdc9d9-ddb5-4fa4-a97d-d965ccfc6d4b" outcome="Passed" testListId="8c84fa94-04c1-424b-9868-57a2d4851a1d" relativeResultsDirectory="cf39a210-cd23-4e85-99a2-04dcee5a6780" /><UnitTestResult executionId="5585c065-b20b-40ea-9339-2ce721256921" testId="3a4117b0-d882-4c08-bf28-fbed790a1934" testName="LeavingAnActionAddsItselfInTheBeacon" computerName="TAG009442327432" duration="00:00:00.0010000" startTime="2018-09-20T12:48:02.0000000+02:00" endTime="2018-09-20T12:48:02.0000000+02:00" testType="13cdc9d9-ddb5-4fa4-a97d-d965ccfc6d4b" outcome="Passed" testListId="8c84fa94-04c1-424b-9868-57a2d4851a1d" relativeResultsDirectory="5585c065-b20b-40ea-9339-2ce721256921" /><UnitTestResult executionId="a21dcfef-1c4d-49fa-9e9e-e5c89a132364" testId="3f0d0e0a-02a2-4178-ab07-1e8f79d69c8d" testName="TwoInstancesAreNotEqualIfMarkedForSendingDiffers" computerName="TAG009442327432" duration="00:00:00.0000001" startTime="2018-09-20T12:48:02.0000000+02:00" endTime="2018-09-20T12:48:02.0000000+02:00" testType="13cdc9d9-ddb5-4fa4-a97d-d965ccfc6d4b" outcome="Passed" testListId="8c84fa94-04c1-424b-9868-57a2d4851a1d" relativeResultsDirectory="a21dcfef-1c4d-49fa-9e9e-e5c89a132364" /><UnitTestResult executionId="ba0672d4-ded4-4e83-8831-da0a8ceaa735" testId="adcbfa88-f8f7-4d36-974a-8bed76581dc1" testName="PassingNullResponseStringDoesNotThrow" computerName="TAG009442327432" duration="00:00:00.0000001" startTime="2018-09-20T12:48:05.0000000+02:00" endTime="2018-09-20T12:48:05.0000000+02:00" testType="13cdc9d9-ddb5-4fa4-a97d-d965ccfc6d4b" outcome="Passed" testListId="8c84fa94-04c1-424b-9868-57a2d4851a1d" relativeResultsDirectory="ba0672d4-ded4-4e83-8831-da0a8ceaa735" /><UnitTestResult executionId="a917882a-bf9c-49ca-87d9-8e1b2bf93950" testId="8c09409d-b281-4348-8fe8-48b515ca1853" testName="StartTimeIsSetInConstructor" computerName="TAG009442327432" duration="00:00:00.0010000" startTime="2018-09-20T12:48:02.0000000+02:00" endTime="2018-09-20T12:48:02.0000000+02:00" testType="13cdc9d9-ddb5-4fa4-a97d-d965ccfc6d4b" outcome="Passed" testListId="8c84fa94-04c1-424b-9868-57a2d4851a1d" relativeResultsDirectory="a917882a-bf9c-49ca-87d9-8e1b2bf93950" /><UnitTestResult executionId="25b63049-d944-473c-838b-18b8ae4200ab" testId="50c3ce52-59b0-42e4-af7e-be04c23ae997" testName="ExecuteEvictionIsStoppedIfThreadGetsInterrupted" computerName="TAG009442327432" duration="00:00:00.0020000" startTime="2018-09-20T12:48:02.0000000+02:00" endTime="2018-09-20T12:48:02.0000000+02:00" testType="13cdc9d9-ddb5-4fa4-a97d-d965ccfc6d4b" outcome="Passed" testListId="8c84fa94-04c1-424b-9868-57a2d4851a1d" relativeResultsDirectory="25b63049-d944-473c-838b-18b8ae4200ab" /><UnitTestResult executionId="5f8cbeaa-68f1-4728-9086-2154abc596b3" testId="b413ff8f-dc28-43bf-b155-7d10c30b8dee" testName="SetBytesSentDoesNotSetAnythingIfStopped" computerName="TAG009442327432" duration="00:00:00.0000001" startTime="2018-09-20T12:48:03.0000000+02:00" endTime="2018-09-20T12:48:03.0000000+02:00" testType="13cdc9d9-ddb5-4fa4-a97d-d965ccfc6d4b" outcome="Passed" testListId="8c84fa94-04c1-424b-9868-57a2d4851a1d" relativeResultsDirectory="5f8cbeaa-68f1-4728-9086-2154abc596b3" /><UnitTestResult executionId="beb25398-b977-43bf-9055-d053bc71377c" testId="477d597f-9844-41e8-b4af-12534fec328c" testName="DoubleValueReportedForDataCollectionLevel2" computerName="TAG009442327432" duration="00:00:00.0010000" startTime="2018-09-20T12:48:03.0000000+02:00" endTime="2018-09-20T12:48:03.0000000+02:00" testType="13cdc9d9-ddb5-4fa4-a97d-d965ccfc6d4b" outcome="Passed" testListId="8c84fa94-04c1-424b-9868-57a2d4851a1d" relativeResultsDirectory="beb25398-b977-43bf-9055-d053bc71377c" /><UnitTestResult executionId="fe78d6c4-58d9-45d1-84e7-a1b7f9fcffe8" testId="2ebd5384-eb86-4d88-bf08-813d2265064e" testName="ShouldRunGivesFalseIfLastRunIsLessThanMaxAgeMillisecondsAgo" computerName="TAG009442327432" duration="00:00:00.0000001" startTime="2018-09-20T12:48:02.0000000+02:00" endTime="2018-09-20T12:48:02.0000000+02:00" testType="13cdc9d9-ddb5-4fa4-a97d-d965ccfc6d4b" outcome="Passed" testListId="8c84fa94-04c1-424b-9868-57a2d4851a1d" relativeResultsDirectory="fe78d6c4-58d9-45d1-84e7-a1b7f9fcffe8" /><UnitTestResult executionId="0322ade9-5e0a-484b-aca1-0da840cde6a3" testId="d318c9d4-80ba-4853-92ba-66203cac9b9b" testName="IpV6AddressLinkLocalIsInvalidZoneIndexUsedWithInvalidPrefix" computerName="TAG009442327432" duration="00:00:00.0000001" startTime="2018-09-20T12:48:03.0000000+02:00" endTime="2018-09-20T12:48:03.0000000+02:00" testType="13cdc9d9-ddb5-4fa4-a97d-d965ccfc6d4b" outcome="Passed" testListId="8c84fa94-04c1-424b-9868-57a2d4851a1d" relativeResultsDirectory="0322ade9-5e0a-484b-aca1-0da840cde6a3" /><UnitTestResult executionId="a7d7fbe2-777f-423b-ab18-a389aa3ee87f" testId="3fbe877f-49ab-496a-92c4-f500003d640d" testName="NoCrashIsReportedIfBeaconConfigurationDisablesCapturing" computerName="TAG009442327432" duration="00:00:00.0000001" startTime="2018-09-20T12:48:03.0000000+02:00" endTime="2018-09-20T12:48:03.0000000+02:00" testType="13cdc9d9-ddb5-4fa4-a97d-d965ccfc6d4b" outcome="Passed" testListId="8c84fa94-04c1-424b-9868-57a2d4851a1d" relativeResultsDirectory="a7d7fbe2-777f-423b-ab18-a389aa3ee87f" /><UnitTestResult executionId="3b552cac-4bfe-42b0-97a4-dfff903acfd5" testId="c4634c15-469a-4862-8c67-dcd359f7b91c" testName="DefaultMonitorNameIsNull" computerName="TAG009442327432" duration="00:00:00.0000001" startTime="2018-09-20T12:48:05.0000000+02:00" endTime="2018-09-20T12:48:05.0000000+02:00" testType="13cdc9d9-ddb5-4fa4-a97d-d965ccfc6d4b" outcome="Passed" testListId="8c84fa94-04c1-424b-9868-57a2d4851a1d" relativeResultsDirectory="3b552cac-4bfe-42b0-97a4-dfff903acfd5" /><UnitTestResult executionId="2b181cdf-6cc6-40e9-a348-249a2df31476" testId="daa27f21-d939-4e86-883d-c6e1ada27e50" testName="StartSequenceNumberIsSetInConstructor" computerName="TAG009442327432" duration="00:00:00.0000001" startTime="2018-09-20T12:48:02.0000000+02:00" endTime="2018-09-20T12:48:02.0000000+02:00" testType="13cdc9d9-ddb5-4fa4-a97d-d965ccfc6d4b" outcome="Passed" testListId="8c84fa94-04c1-424b-9868-57a2d4851a1d" relativeResultsDirectory="2b181cdf-6cc6-40e9-a348-249a2df31476" /><UnitTestResult executionId="6424d6ae-5eba-4236-922b-537c120093e8" testId="25afd430-cbc5-49ff-99af-415301e9521e" testName="IdentifyUserDoesNotReportOnDataCollectionLevel0" computerName="TAG009442327432" duration="00:00:00.0010000" startTime="2018-09-20T12:48:03.0000000+02:00" endTime="2018-09-20T12:48:03.0000000+02:00" testType="13cdc9d9-ddb5-4fa4-a97d-d965ccfc6d4b" outcome="Passed" testListId="8c84fa94-04c1-424b-9868-57a2d4851a1d" relativeResultsDirectory="6424d6ae-5eba-4236-922b-537c120093e8" /><UnitTestResult executionId="19517060-d905-4bf4-90e3-06b15994782e" testId="8eeb25d7-acab-4475-afba-b354f2ff4967" testName="TwoInstancesAreNotEqualIfTimestampDiffers" computerName="TAG009442327432" duration="00:00:00.0000001" startTime="2018-09-20T12:48:02.0000000+02:00" endTime="2018-09-20T12:48:02.0000000+02:00" testType="13cdc9d9-ddb5-4fa4-a97d-d965ccfc6d4b" outcome="Passed" testListId="8c84fa94-04c1-424b-9868-57a2d4851a1d" relativeResultsDirectory="19517060-d905-4bf4-90e3-06b15994782e" /><UnitTestResult executionId="377fc566-123e-4844-8bbe-464c6440b406" testId="6c190891-3869-4e41-96ed-a0b0056df0d0" testName="RandomDeviceIDCannotBeNegativeOnDataCollectionLevel1" computerName="TAG009442327432" duration="00:00:00.0000001" startTime="2018-09-20T12:48:03.0000000+02:00" endTime="2018-09-20T12:48:03.0000000+02:00" testType="13cdc9d9-ddb5-4fa4-a97d-d965ccfc6d4b" outcome="Passed" testListId="8c84fa94-04c1-424b-9868-57a2d4851a1d" relativeResultsDirectory="377fc566-123e-4844-8bbe-464c6440b406" /><UnitTestResult executionId="7cf7cbbd-600e-4bfc-8806-58e6a1cd9677" testId="cdcce22b-0d6b-4688-8ba6-38d203b8425e" testName="EnterActionReturnsNewChildAction" computerName="TAG009442327432" duration="00:00:00.0020000" startTime="2018-09-20T12:48:03.0000000+02:00" endTime="2018-09-20T12:48:03.0000000+02:00" testType="13cdc9d9-ddb5-4fa4-a97d-d965ccfc6d4b" outcome="Passed" testListId="8c84fa94-04c1-424b-9868-57a2d4851a1d" relativeResultsDirectory="7cf7cbbd-600e-4bfc-8806-58e6a1cd9677" /><UnitTestResult executionId="9c164a28-9be6-4a72-ac7c-3d9b861949eb" testId="c7b6e923-c684-4c15-85ab-2642dca67b85" testName="DefaultPRNGeneratorProvidesPositiveLong" computerName="TAG009442327432" duration="00:00:00.0010000" startTime="2018-09-20T12:48:05.0000000+02:00" endTime="2018-09-20T12:48:05.0000000+02:00" testType="13cdc9d9-ddb5-4fa4-a97d-d965ccfc6d4b" outcome="Passed" testListId="8c84fa94-04c1-424b-9868-57a2d4851a1d" relativeResultsDirectory="9c164a28-9be6-4a72-ac7c-3d9b861949eb" /><UnitTestResult executionId="f4064566-2e15-4d27-b577-4198c607cad4" testId="8255089f-7e75-41e5-a51c-430c5bd45885" testName="CanSetModelIDForDynatrace" computerName="TAG009442327432" duration="00:00:00.0010000" startTime="2018-09-20T12:48:03.0000000+02:00" endTime="2018-09-20T12:48:03.0000000+02:00" testType="13cdc9d9-ddb5-4fa4-a97d-d965ccfc6d4b" outcome="Passed" testListId="8c84fa94-04c1-424b-9868-57a2d4851a1d" relativeResultsDirectory="f4064566-2e15-4d27-b577-4198c607cad4" /><UnitTestResult executionId="d477fca8-9a7c-4da7-92d1-e891afe03d5e" testId="8e49531e-74c6-4152-ad93-0b3cf5be4687" testName="SendNewSessionRequestReturnsAnUnknownErrorResponseForWrongHttpResponse" computerName="TAG009442327432" duration="00:00:00.0050000" startTime="2018-09-20T12:48:04.0000000+02:00" endTime="2018-09-20T12:48:04.0000000+02:00" testType="13cdc9d9-ddb5-4fa4-a97d-d965ccfc6d4b" outcome="Passed" testListId="8c84fa94-04c1-424b-9868-57a2d4851a1d" relativeResultsDirectory="d477fca8-9a7c-4da7-92d1-e891afe03d5e" /><UnitTestResult executionId="5abdc912-e3ac-4e06-9fe1-9fce956be956" testId="7dca1871-3838-4e3c-9064-353772518318" testName="SendTimeSyncRequestReturnsAnUnknownErrorResponseForUnparseableStatusResponse" computerName="TAG009442327432" duration="00:00:00.0080000" startTime="2018-09-20T12:48:04.0000000+02:00" endTime="2018-09-20T12:48:04.0000000+02:00" testType="13cdc9d9-ddb5-4fa4-a97d-d965ccfc6d4b" outcome="Passed" testListId="8c84fa94-04c1-424b-9868-57a2d4851a1d" relativeResultsDirectory="5abdc912-e3ac-4e06-9fe1-9fce956be956" /><UnitTestResult executionId="0f7615e4-56f0-403d-b7be-73f3614315a8" testId="d541616a-4383-470b-8b4e-9b41b167a008" testName="IpV6AddressHexCompressedIsValidShortestPossible" computerName="TAG009442327432" duration="00:00:00.0000001" startTime="2018-09-20T12:48:03.0000000+02:00" endTime="2018-09-20T12:48:03.0000000+02:00" testType="13cdc9d9-ddb5-4fa4-a97d-d965ccfc6d4b" outcome="Passed" testListId="8c84fa94-04c1-424b-9868-57a2d4851a1d" relativeResultsDirectory="0f7615e4-56f0-403d-b7be-73f3614315a8" /><UnitTestResult executionId="5a2a94d7-2fdd-4d63-9bce-3f3ca956e584" testId="d8c6c18b-f94c-4e2e-ba0c-c8d0ac0e1222" testName="CaptureCrashesIsTrueWhenItIsNotEqualToZero" computerName="TAG009442327432" duration="00:00:00.0010000" startTime="2018-09-20T12:48:05.0000000+02:00" endTime="2018-09-20T12:48:05.0000000+02:00" testType="13cdc9d9-ddb5-4fa4-a97d-d965ccfc6d4b" outcome="Passed" testListId="8c84fa94-04c1-424b-9868-57a2d4851a1d" relativeResultsDirectory="5a2a94d7-2fdd-4d63-9bce-3f3ca956e584" /><UnitTestResult executionId="af39d09d-b0ac-4ab5-aed6-d8522e3919f3" testId="b4487ff9-932f-4be3-a242-6c1a911be26a" testName="GetTag" computerName="TAG009442327432" duration="00:00:00.0010000" startTime="2018-09-20T12:48:03.0000000+02:00" endTime="2018-09-20T12:48:03.0000000+02:00" testType="13cdc9d9-ddb5-4fa4-a97d-d965ccfc6d4b" outcome="Passed" testListId="8c84fa94-04c1-424b-9868-57a2d4851a1d" relativeResultsDirectory="af39d09d-b0ac-4ab5-aed6-d8522e3919f3" /><UnitTestResult executionId="19eafbd7-7561-4bf7-bba1-2710a24c2457" testId="69af3e29-914b-4f7c-a170-7dd4517eddcb" testName="SendNewSessionRequestReturnsAnUnknownErrorResponseForUnparseableStatusResponse" computerName="TAG009442327432" duration="00:00:00.0060000" startTime="2018-09-20T12:48:04.0000000+02:00" endTime="2018-09-20T12:48:04.0000000+02:00" testType="13cdc9d9-ddb5-4fa4-a97d-d965ccfc6d4b" outcome="Passed" testListId="8c84fa94-04c1-424b-9868-57a2d4851a1d" relativeResultsDirectory="19eafbd7-7561-4bf7-bba1-2710a24c2457" /><UnitTestResult executionId="20afdb6a-e29c-471a-87ad-b81771eed76f" testId="655dfd81-6d99-4a10-922c-c10971367fb1" testName="CanOverrideTrustManagerForDynatrace" computerName="TAG009442327432" duration="00:00:00.0000001" startTime="2018-09-20T12:48:03.0000000+02:00" endTime="2018-09-20T12:48:03.0000000+02:00" testType="13cdc9d9-ddb5-4fa4-a97d-d965ccfc6d4b" outcome="Passed" testListId="8c84fa94-04c1-424b-9868-57a2d4851a1d" relativeResultsDirectory="20afdb6a-e29c-471a-87ad-b81771eed76f" /><UnitTestResult executionId="d2b2b8d2-c1e6-43c1-a55d-73c06e05f4b2" testId="9c144fa9-da5c-47c5-bfc4-e520e7a8acb2" testName="GetChunkGetsAlreadyMarkedData" computerName="TAG009442327432" duration="00:00:00.0020000" startTime="2018-09-20T12:48:02.0000000+02:00" endTime="2018-09-20T12:48:02.0000000+02:00" testType="13cdc9d9-ddb5-4fa4-a97d-d965ccfc6d4b" outcome="Passed" testListId="8c84fa94-04c1-424b-9868-57a2d4851a1d" relativeResultsDirectory="d2b2b8d2-c1e6-43c1-a55d-73c06e05f4b2" /><UnitTestResult executionId="4e29c6fc-a60d-45a5-81c4-cb3a0e286d77" testId="a90797c3-47a6-4347-89e0-79d9d89a8ab7" testName="TheStrategyIsNotDisabledIFMaxRecordAgeIsGreaterThanZero" computerName="TAG009442327432" duration="00:00:00.0000001" startTime="2018-09-20T12:48:02.0000000+02:00" endTime="2018-09-20T12:48:02.0000000+02:00" testType="13cdc9d9-ddb5-4fa4-a97d-d965ccfc6d4b" outcome="Passed" testListId="8c84fa94-04c1-424b-9868-57a2d4851a1d" relativeResultsDirectory="4e29c6fc-a60d-45a5-81c4-cb3a0e286d77" /><UnitTestResult executionId="ff763abd-57ee-4383-a566-2f31c7dab443" testId="3936cecf-af9f-4d81-adac-d42b37484a49" testName="ResetChunkedRestoresData" computerName="TAG009442327432" duration="00:00:00.0010000" startTime="2018-09-20T12:48:02.0000000+02:00" endTime="2018-09-20T12:48:02.0000000+02:00" testType="13cdc9d9-ddb5-4fa4-a97d-d965ccfc6d4b" outcome="Passed" testListId="8c84fa94-04c1-424b-9868-57a2d4851a1d" relativeResultsDirectory="ff763abd-57ee-4383-a566-2f31c7dab443" /><UnitTestResult executionId="47ba8ae9-c529-4152-a687-20a5674f6359" testId="0e7950a1-87f0-4e07-aba1-a0895a408f33" testName="AValidSchemeAllowsUpperCaseLettersToo" computerName="TAG009442327432" duration="00:00:00.0000001" startTime="2018-09-20T12:48:03.0000000+02:00" endTime="2018-09-20T12:48:03.0000000+02:00" testType="13cdc9d9-ddb5-4fa4-a97d-d965ccfc6d4b" outcome="Passed" testListId="8c84fa94-04c1-424b-9868-57a2d4851a1d" relativeResultsDirectory="47ba8ae9-c529-4152-a687-20a5674f6359" /><UnitTestResult executionId="3ce8c902-37fa-43f0-8c57-13d7e76708ee" testId="79d6b186-72bb-4221-bdf0-d8fc1ea67b44" testName="ShouldRunGivesFalseIfNumBytesInCacheIsEqualToUpperBoundLimit" computerName="TAG009442327432" duration="00:00:00.0000001" startTime="2018-09-20T12:48:02.0000000+02:00" endTime="2018-09-20T12:48:02.0000000+02:00" testType="13cdc9d9-ddb5-4fa4-a97d-d965ccfc6d4b" outcome="Passed" testListId="8c84fa94-04c1-424b-9868-57a2d4851a1d" relativeResultsDirectory="3ce8c902-37fa-43f0-8c57-13d7e76708ee" /><UnitTestResult executionId="f7c6a5a8-a014-45a6-bd61-b047e4a4a582" testId="162b5137-8470-4f07-9625-4d23e7fb3c10" testName="AfterLeavingAnActionItIsLeft" computerName="TAG009442327432" duration="00:00:00.1310000" startTime="2018-09-20T12:48:02.0000000+02:00" endTime="2018-09-20T12:48:02.0000000+02:00" testType="13cdc9d9-ddb5-4fa4-a97d-d965ccfc6d4b" outcome="Passed" testListId="8c84fa94-04c1-424b-9868-57a2d4851a1d" relativeResultsDirectory="f7c6a5a8-a014-45a6-bd61-b047e4a4a582" /><UnitTestResult executionId="6a992875-962b-48a0-bca3-c59119ba82e5" testId="700f3506-d788-49f5-91d4-816472694b8b" testName="ClearDataClearsActionAndEventData" computerName="TAG009442327432" duration="00:00:00.0010000" startTime="2018-09-20T12:48:03.0000000+02:00" endTime="2018-09-20T12:48:03.0000000+02:00" testType="13cdc9d9-ddb5-4fa4-a97d-d965ccfc6d4b" outcome="Passed" testListId="8c84fa94-04c1-424b-9868-57a2d4851a1d" relativeResultsDirectory="6a992875-962b-48a0-bca3-c59119ba82e5" /><UnitTestResult executionId="a45fe41b-2477-4723-8a4a-de4754df6e98" testId="1a520bc7-41e0-4d4c-8dba-a707f5a1d9bf" testName="IsInitializedOnInitFailed" computerName="TAG009442327432" duration="00:00:00.0000001" startTime="2018-09-20T12:48:03.0000000+02:00" endTime="2018-09-20T12:48:03.0000000+02:00" testType="13cdc9d9-ddb5-4fa4-a97d-d965ccfc6d4b" outcome="Passed" testListId="8c84fa94-04c1-424b-9868-57a2d4851a1d" relativeResultsDirectory="a45fe41b-2477-4723-8a4a-de4754df6e98" /><UnitTestResult executionId="3bdb0cd4-8b14-44a0-a3bc-5ada4039c112" testId="150303cc-f88d-4cc0-8945-4aff8af30fc5" testName="IsErrorEnabledIsTrueIfVerboseIsTrue" computerName="TAG009442327432" duration="00:00:00.0000001" startTime="2018-09-20T12:48:03.0000000+02:00" endTime="2018-09-20T12:48:03.0000000+02:00" testType="13cdc9d9-ddb5-4fa4-a97d-d965ccfc6d4b" outcome="Passed" testListId="8c84fa94-04c1-424b-9868-57a2d4851a1d" relativeResultsDirectory="3bdb0cd4-8b14-44a0-a3bc-5ada4039c112" /><UnitTestResult executionId="0a2aea4c-3c82-46fc-9eaa-580443105e31" testId="7274d929-4415-4043-819b-cd199016d96b" testName="TheStrategyIsDisabledIfCacheSizeLowerBoundIsEqualToZero" computerName="TAG009442327432" duration="00:00:00.0000001" startTime="2018-09-20T12:48:02.0000000+02:00" endTime="2018-09-20T12:48:02.0000000+02:00" testType="13cdc9d9-ddb5-4fa4-a97d-d965ccfc6d4b" outcome="Passed" testListId="8c84fa94-04c1-424b-9868-57a2d4851a1d" relativeResultsDirectory="0a2aea4c-3c82-46fc-9eaa-580443105e31" /><UnitTestResult executionId="cd2a371e-cad7-423b-a2f0-04c7c134089b" testId="b744428d-8ab2-440e-9100-674a14383b47" testName="LeavingAnActionReturnsTheParentAction" computerName="TAG009442327432" duration="00:00:00.0030000" startTime="2018-09-20T12:48:02.0000000+02:00" endTime="2018-09-20T12:48:02.0000000+02:00" testType="13cdc9d9-ddb5-4fa4-a97d-d965ccfc6d4b" outcome="Passed" testListId="8c84fa94-04c1-424b-9868-57a2d4851a1d" relativeResultsDirectory="cd2a371e-cad7-423b-a2f0-04c7c134089b" /><UnitTestResult executionId="31612c51-ddac-400c-9f38-23d2e22c11e6" testId="b7e5bf22-9dd1-4af9-9bce-9fb6830eddee" testName="EndSequenceNumberIsSetToMinusOne" computerName="TAG009442327432" duration="00:00:00.0000001" startTime="2018-09-20T12:48:02.0000000+02:00" endTime="2018-09-20T12:48:02.0000000+02:00" testType="13cdc9d9-ddb5-4fa4-a97d-d965ccfc6d4b" outcome="Passed" testListId="8c84fa94-04c1-424b-9868-57a2d4851a1d" relativeResultsDirectory="31612c51-ddac-400c-9f38-23d2e22c11e6" /><UnitTestResult executionId="a002571d-3382-40e7-9dfa-b10fed1f9940" testId="937e542e-cae8-4326-9226-1733bf374256" testName="IpV6AddressValid_CharactersOnlyLowerCase" computerName="TAG009442327432" duration="00:00:00.0000001" startTime="2018-09-20T12:48:03.0000000+02:00" endTime="2018-09-20T12:48:03.0000000+02:00" testType="13cdc9d9-ddb5-4fa4-a97d-d965ccfc6d4b" outcome="Passed" testListId="8c84fa94-04c1-424b-9868-57a2d4851a1d" relativeResultsDirectory="a002571d-3382-40e7-9dfa-b10fed1f9940" /><UnitTestResult executionId="fb6084b4-b674-48ee-bc8c-944555a9c085" testId="e577c6a5-3a61-4eb1-9987-61cd8a2ac3c6" testName="IpV6AddressValid_CharactersMixedCase" computerName="TAG009442327432" duration="00:00:00.0000001" startTime="2018-09-20T12:48:03.0000000+02:00" endTime="2018-09-20T12:48:03.0000000+02:00" testType="13cdc9d9-ddb5-4fa4-a97d-d965ccfc6d4b" outcome="Passed" testListId="8c84fa94-04c1-424b-9868-57a2d4851a1d" relativeResultsDirectory="fb6084b4-b674-48ee-bc8c-944555a9c085" /><UnitTestResult executionId="645018d8-cf3f-4720-9c14-4fb04bfff8ba" testId="d4806e2e-a0db-4beb-af63-b4e2cf719b91" testName="ParsingMultiplictyWorks" computerName="TAG009442327432" duration="00:00:00.0010000" startTime="2018-09-20T12:48:05.0000000+02:00" endTime="2018-09-20T12:48:05.0000000+02:00" testType="13cdc9d9-ddb5-4fa4-a97d-d965ccfc6d4b" outcome="Passed" testListId="8c84fa94-04c1-424b-9868-57a2d4851a1d" relativeResultsDirectory="645018d8-cf3f-4720-9c14-4fb04bfff8ba" /><UnitTestResult executionId="b340488c-ccde-4e2a-bdc5-5d5026e50909" testId="ca63d46f-5539-4f65-9c88-7edd5a1ee9f1" testName="EnableAndDisableCapturing" computerName="TAG009442327432" duration="00:00:00.0000001" startTime="2018-09-20T12:48:03.0000000+02:00" endTime="2018-09-20T12:48:03.0000000+02:00" testType="13cdc9d9-ddb5-4fa4-a97d-d965ccfc6d4b" outcome="Passed" testListId="8c84fa94-04c1-424b-9868-57a2d4851a1d" relativeResultsDirectory="b340488c-ccde-4e2a-bdc5-5d5026e50909" /><UnitTestResult executionId="24ab211e-5915-47c8-9347-5dea5c1611de" testId="a847dbff-c2ac-4d01-951a-6b1cabec6f2a" testName="SessionReportedForDataCollectionLevel1" computerName="TAG009442327432" duration="00:00:00.0000001" startTime="2018-09-20T12:48:03.0000000+02:00" endTime="2018-09-20T12:48:03.0000000+02:00" testType="13cdc9d9-ddb5-4fa4-a97d-d965ccfc6d4b" outcome="Passed" testListId="8c84fa94-04c1-424b-9868-57a2d4851a1d" relativeResultsDirectory="24ab211e-5915-47c8-9347-5dea5c1611de" /><UnitTestResult executionId="c6517010-1d9e-4257-8e64-b36313615523" testId="7315490c-435f-4787-8dd9-21d2bbd7c762" testName="TheSessionIsFinishedAfterCallingFinishSession" computerName="TAG009442327432" duration="00:00:00.0000001" startTime="2018-09-20T12:48:03.0000000+02:00" endTime="2018-09-20T12:48:03.0000000+02:00" testType="13cdc9d9-ddb5-4fa4-a97d-d965ccfc6d4b" outcome="Passed" testListId="8c84fa94-04c1-424b-9868-57a2d4851a1d" relativeResultsDirectory="c6517010-1d9e-4257-8e64-b36313615523" /><UnitTestResult executionId="e6af6171-5eae-43c0-885d-953fee87424a" testId="db598dfd-0fd6-40b6-a9cd-c116e22f85b3" testName="IpV6AddressIsInvalidIllegalCharacter" computerName="TAG009442327432" duration="00:00:00.0000001" startTime="2018-09-20T12:48:03.0000000+02:00" endTime="2018-09-20T12:48:03.0000000+02:00" testType="13cdc9d9-ddb5-4fa4-a97d-d965ccfc6d4b" outcome="Passed" testListId="8c84fa94-04c1-424b-9868-57a2d4851a1d" relativeResultsDirectory="e6af6171-5eae-43c0-885d-953fee87424a" /><UnitTestResult executionId="b84434f8-9ea4-4d23-a079-a44c2541dd76" testId="7d0359d5-67ca-4962-89cd-e1dfceea85fc" testName="EnterActionReturnsNullActionIfAlreadyLeft" computerName="TAG009442327432" duration="00:00:00.0010000" startTime="2018-09-20T12:48:03.0000000+02:00" endTime="2018-09-20T12:48:03.0000000+02:00" testType="13cdc9d9-ddb5-4fa4-a97d-d965ccfc6d4b" outcome="Passed" testListId="8c84fa94-04c1-424b-9868-57a2d4851a1d" relativeResultsDirectory="b84434f8-9ea4-4d23-a079-a44c2541dd76" /><UnitTestResult executionId="c52804e4-8b39-4ca9-8f4f-6a3cc351421d" testId="a7f75b34-4dbe-4a23-b395-e73b91b0ad64" testName="SameInstancesAreEqual" computerName="TAG009442327432" duration="00:00:00.0000001" startTime="2018-09-20T12:48:02.0000000+02:00" endTime="2018-09-20T12:48:02.0000000+02:00" testType="13cdc9d9-ddb5-4fa4-a97d-d965ccfc6d4b" outcome="Passed" testListId="8c84fa94-04c1-424b-9868-57a2d4851a1d" relativeResultsDirectory="c52804e4-8b39-4ca9-8f4f-6a3cc351421d" /><UnitTestResult executionId="4f8e5870-3453-4e62-8503-705cf86a6521" testId="a028e4a8-ae30-4ea0-ba2b-af48a2c715ec" testName="CreateTagReturnsTagStringForDataCollectionLevel2" computerName="TAG009442327432" duration="00:00:00.0000001" startTime="2018-09-20T12:48:03.0000000+02:00" endTime="2018-09-20T12:48:03.0000000+02:00" testType="13cdc9d9-ddb5-4fa4-a97d-d965ccfc6d4b" outcome="Passed" testListId="8c84fa94-04c1-424b-9868-57a2d4851a1d" relativeResultsDirectory="4f8e5870-3453-4e62-8503-705cf86a6521" /><UnitTestResult executionId="b374cfd1-c659-49fc-87a9-115ab8173042" testId="cc1291ed-9ccd-4573-8756-a9ccc0a0d730" testName="ReportErrorDoesNothingIfErrorNameIsAnEmptyString" computerName="TAG009442327432" duration="00:00:00.0010000" startTime="2018-09-20T12:48:02.0000000+02:00" endTime="2018-09-20T12:48:02.0000000+02:00" testType="13cdc9d9-ddb5-4fa4-a97d-d965ccfc6d4b" outcome="Passed" testListId="8c84fa94-04c1-424b-9868-57a2d4851a1d" relativeResultsDirectory="b374cfd1-c659-49fc-87a9-115ab8173042" /><UnitTestResult executionId="cd338a69-11ed-44ad-8629-23f035c083b4" testId="b193c4b6-0ca6-4f6f-97f9-e226515c3123" testName="SendTimeSyncRequestIsRetriedThreeTimesBeforeGivingUp" computerName="TAG009442327432" duration="00:00:00.4040000" startTime="2018-09-20T12:48:04.0000000+02:00" endTime="2018-09-20T12:48:04.0000000+02:00" testType="13cdc9d9-ddb5-4fa4-a97d-d965ccfc6d4b" outcome="Passed" testListId="8c84fa94-04c1-424b-9868-57a2d4851a1d" relativeResultsDirectory="cd338a69-11ed-44ad-8629-23f035c083b4" /><UnitTestResult executionId="9cd7e5b6-d77d-4a34-81e1-1d38c8fd37df" testId="9b248ba3-04f2-40c7-af81-5da17a5dcc3e" testName="AddActionDataAddsBeaconIdToCache" computerName="TAG009442327432" duration="00:00:00.0040000" startTime="2018-09-20T12:48:02.0000000+02:00" endTime="2018-09-20T12:48:02.0000000+02:00" testType="13cdc9d9-ddb5-4fa4-a97d-d965ccfc6d4b" outcome="Passed" testListId="8c84fa94-04c1-424b-9868-57a2d4851a1d" relativeResultsDirectory="9cd7e5b6-d77d-4a34-81e1-1d38c8fd37df" /><UnitTestResult executionId="0cfac261-8891-4269-a9c2-4777ca7dd4a2" testId="08cd8812-f8a7-48f8-8f37-e46cd39d289d" testName="ExecuteEvictionCallsCacheMethodForEachBeacon" computerName="TAG009442327432" duration="00:00:00.0040000" startTime="2018-09-20T12:48:02.0000000+02:00" endTime="2018-09-20T12:48:02.0000000+02:00" testType="13cdc9d9-ddb5-4fa4-a97d-d965ccfc6d4b" outcome="Passed" testListId="8c84fa94-04c1-424b-9868-57a2d4851a1d" relativeResultsDirectory="0cfac261-8891-4269-a9c2-4777ca7dd4a2" /><UnitTestResult executionId="ecc3ebff-b9d0-4702-8c76-f6e7a15e92ed" testId="eab0696a-a50e-4f67-940f-0f5df31026e9" testName="EnterActionGivesNullActionIfSessionIsAlreadyEnded" computerName="TAG009442327432" duration="00:00:00.0010000" startTime="2018-09-20T12:48:03.0000000+02:00" endTime="2018-09-20T12:48:03.0000000+02:00" testType="13cdc9d9-ddb5-4fa4-a97d-d965ccfc6d4b" outcome="Passed" testListId="8c84fa94-04c1-424b-9868-57a2d4851a1d" relativeResultsDirectory="ecc3ebff-b9d0-4702-8c76-f6e7a15e92ed" /><UnitTestResult executionId="236f4bd2-a475-4335-b9f7-7fa4f8b4df6d" testId="14af8b20-d50e-4bd0-8daf-e6fc473d85e6" testName="CapturingIsDisabledFromStatusResponse" computerName="TAG009442327432" duration="00:00:00.0010000" startTime="2018-09-20T12:48:03.0000000+02:00" endTime="2018-09-20T12:48:03.0000000+02:00" testType="13cdc9d9-ddb5-4fa4-a97d-d965ccfc6d4b" outcome="Passed" testListId="8c84fa94-04c1-424b-9868-57a2d4851a1d" relativeResultsDirectory="236f4bd2-a475-4335-b9f7-7fa4f8b4df6d" /><UnitTestResult executionId="3e15bbe9-567e-49c8-ba75-4dbccf4701dc" testId="9c6fd6f5-9125-451a-a1bc-9485edfc958b" testName="CurrentThreadIDIsReturned" computerName="TAG009442327432" duration="00:00:00.0000001" startTime="2018-09-20T12:48:05.0000000+02:00" endTime="2018-09-20T12:48:05.0000000+02:00" testType="13cdc9d9-ddb5-4fa4-a97d-d965ccfc6d4b" outcome="Passed" testListId="8c84fa94-04c1-424b-9868-57a2d4851a1d" relativeResultsDirectory="3e15bbe9-567e-49c8-ba75-4dbccf4701dc" /><UnitTestResult executionId="cbfa7ab9-2353-4dc1-bc50-8ae4ef7d01cc" testId="a3918bf8-b4a4-4377-bfa5-43e41d7bdafc" testName="TraceWebRequestGivesValidWebRequestTracer" computerName="TAG009442327432" duration="00:00:00.0010000" startTime="2018-09-20T12:48:03.0000000+02:00" endTime="2018-09-20T12:48:03.0000000+02:00" testType="13cdc9d9-ddb5-4fa4-a97d-d965ccfc6d4b" outcome="Passed" testListId="8c84fa94-04c1-424b-9868-57a2d4851a1d" relativeResultsDirectory="cbfa7ab9-2353-4dc1-bc50-8ae4ef7d01cc" /><UnitTestResult executionId="3c38adf6-5a7a-4183-b05c-bfc35bcc41cd" testId="a0da6c0c-124b-427b-8877-afcc2d2595b6" testName="ClearCapturedDataClearsDataFromSession" computerName="TAG009442327432" duration="00:00:00.0010000" startTime="2018-09-20T12:48:03.0000000+02:00" endTime="2018-09-20T12:48:03.0000000+02:00" testType="13cdc9d9-ddb5-4fa4-a97d-d965ccfc6d4b" outcome="Passed" testListId="8c84fa94-04c1-424b-9868-57a2d4851a1d" relativeResultsDirectory="3c38adf6-5a7a-4183-b05c-bfc35bcc41cd" /><UnitTestResult executionId="cacdfa6f-558e-4432-8265-d94d8f54e818" testId="d37e8bdd-fb0a-4efb-8738-ba1f3570f3b9" testName="IpV6AddressValid_RFCLeadingZeros" computerName="TAG009442327432" duration="00:00:00.0000001" startTime="2018-09-20T12:48:03.0000000+02:00" endTime="2018-09-20T12:48:03.0000000+02:00" testType="13cdc9d9-ddb5-4fa4-a97d-d965ccfc6d4b" outcome="Passed" testListId="8c84fa94-04c1-424b-9868-57a2d4851a1d" relativeResultsDirectory="cacdfa6f-558e-4432-8265-d94d8f54e818" /><UnitTestResult executionId="62279bd7-fe9f-4df8-b194-0194a92c7599" testId="97ff392e-c553-43de-b954-d066782ade3c" testName="CanAddBothSentBytesAndReceivedBytesToWebRequestTracer" computerName="TAG009442327432" duration="00:00:00.0020000" startTime="2018-09-20T12:48:03.0000000+02:00" endTime="2018-09-20T12:48:03.0000000+02:00" testType="13cdc9d9-ddb5-4fa4-a97d-d965ccfc6d4b" outcome="Passed" testListId="8c84fa94-04c1-424b-9868-57a2d4851a1d" relativeResultsDirectory="62279bd7-fe9f-4df8-b194-0194a92c7599" /><UnitTestResult executionId="e306b1b3-8c36-4fa1-8257-ae53f70c88dd" testId="d09c6727-037c-46ea-993e-85e7b98d36a2" testName="SendBeaconRequestReturnsAnUnknownErrorResponseForUnparseableStatusResponse" computerName="TAG009442327432" duration="00:00:00.0010000" startTime="2018-09-20T12:48:03.0000000+02:00" endTime="2018-09-20T12:48:03.0000000+02:00" testType="13cdc9d9-ddb5-4fa4-a97d-d965ccfc6d4b" outcome="Passed" testListId="8c84fa94-04c1-424b-9868-57a2d4851a1d" relativeResultsDirectory="e306b1b3-8c36-4fa1-8257-ae53f70c88dd" /><UnitTestResult executionId="c4e31f90-6539-4d3e-9022-9fdc28fddbc1" testId="adf36020-d8fe-4f21-8e6c-c84c0407edde" testName="TheInitialLastRunTimestampIsMinusOne" computerName="TAG009442327432" duration="00:00:00.0000001" startTime="2018-09-20T12:48:02.0000000+02:00" endTime="2018-09-20T12:48:02.0000000+02:00" testType="13cdc9d9-ddb5-4fa4-a97d-d965ccfc6d4b" outcome="Passed" testListId="8c84fa94-04c1-424b-9868-57a2d4851a1d" relativeResultsDirectory="c4e31f90-6539-4d3e-9022-9fdc28fddbc1" /><UnitTestResult executionId="db50ce46-7adf-437f-b8c2-883f65f13baf" testId="60cf29bb-2617-4ed9-a137-7dde4000320b" testName="SleepIsNotCalledIfShutdownIsRequested" computerName="TAG009442327432" duration="00:00:00.0010000" startTime="2018-09-20T12:48:02.0000000+02:00" endTime="2018-09-20T12:48:02.0000000+02:00" testType="13cdc9d9-ddb5-4fa4-a97d-d965ccfc6d4b" outcome="Passed" testListId="8c84fa94-04c1-424b-9868-57a2d4851a1d" relativeResultsDirectory="db50ce46-7adf-437f-b8c2-883f65f13baf" /><UnitTestResult executionId="759d37ad-1c3b-4a41-80a9-32dc75883c56" testId="3ec908ff-61b2-4694-b404-05ec51fb314c" testName="CaptureIsFalseWhenItIsNotEqualToOne" computerName="TAG009442327432" duration="00:00:00.0010000" startTime="2018-09-20T12:48:05.0000000+02:00" endTime="2018-09-20T12:48:05.0000000+02:00" testType="13cdc9d9-ddb5-4fa4-a97d-d965ccfc6d4b" outcome="Passed" testListId="8c84fa94-04c1-424b-9868-57a2d4851a1d" relativeResultsDirectory="759d37ad-1c3b-4a41-80a9-32dc75883c56" /><UnitTestResult executionId="56f385a3-b5c7-433c-8e1d-662ed422d034" testId="9b51946f-9ea0-44c0-ba9f-bdf23cf5f19d" testName="ReportCrashDoesNothingIfErrorNameIsNull" computerName="TAG009442327432" duration="00:00:00.0000001" startTime="2018-09-20T12:48:03.0000000+02:00" endTime="2018-09-20T12:48:03.0000000+02:00" testType="13cdc9d9-ddb5-4fa4-a97d-d965ccfc6d4b" outcome="Passed" testListId="8c84fa94-04c1-424b-9868-57a2d4851a1d" relativeResultsDirectory="56f385a3-b5c7-433c-8e1d-662ed422d034" /><UnitTestResult executionId="7816b6e1-932d-431a-8949-ceb838dddfeb" testId="8c36e065-c3db-49e5-948b-b807cc756555" testName="IpV6AddressMixedNotationIsValidIPV6" computerName="TAG009442327432" duration="00:00:00.0000001" startTime="2018-09-20T12:48:03.0000000+02:00" endTime="2018-09-20T12:48:03.0000000+02:00" testType="13cdc9d9-ddb5-4fa4-a97d-d965ccfc6d4b" outcome="Passed" testListId="8c84fa94-04c1-424b-9868-57a2d4851a1d" relativeResultsDirectory="7816b6e1-932d-431a-8949-ceb838dddfeb" /><UnitTestResult executionId="46f9b9ba-f867-4716-baac-6c10d44fbc3d" testId="3f7d97ba-2b3a-4c34-8b15-7447ea52be8e" testName="IpV4AddressIsInvalidDueToIllegalValueOverrun" computerName="TAG009442327432" duration="00:00:00.0000001" startTime="2018-09-20T12:48:03.0000000+02:00" endTime="2018-09-20T12:48:03.0000000+02:00" testType="13cdc9d9-ddb5-4fa4-a97d-d965ccfc6d4b" outcome="Passed" testListId="8c84fa94-04c1-424b-9868-57a2d4851a1d" relativeResultsDirectory="46f9b9ba-f867-4716-baac-6c10d44fbc3d" /><UnitTestResult executionId="21f505c4-2c0c-4f99-9ff8-0459d176a506" testId="67acd685-5ec6-4781-824f-cb186f6ae050" testName="OpenSessionsAreNotSentIfSendIntervalIsNotExceeded" computerName="TAG009442327432" duration="00:00:00.0010000" startTime="2018-09-20T12:48:02.0000000+02:00" endTime="2018-09-20T12:48:02.0000000+02:00" testType="13cdc9d9-ddb5-4fa4-a97d-d965ccfc6d4b" outcome="Passed" testListId="8c84fa94-04c1-424b-9868-57a2d4851a1d" relativeResultsDirectory="21f505c4-2c0c-4f99-9ff8-0459d176a506" /><UnitTestResult executionId="9c8ebe16-d99a-4a12-b02a-585ccf3665ab" testId="9d8ab766-57de-43e1-9674-0dccb7b5d06f" testName="ExecuteEvictionRunsUntilTheCacheSizeIsLessThanOrEqualToLowerBound" computerName="TAG009442327432" duration="00:00:00.0010000" startTime="2018-09-20T12:48:02.0000000+02:00" endTime="2018-09-20T12:48:02.0000000+02:00" testType="13cdc9d9-ddb5-4fa4-a97d-d965ccfc6d4b" outcome="Passed" testListId="8c84fa94-04c1-424b-9868-57a2d4851a1d" relativeResultsDirectory="9c8ebe16-d99a-4a12-b02a-585ccf3665ab" /><UnitTestResult executionId="6e012542-1e5e-4811-a00c-4189ea34f3b2" testId="b785df9e-7acd-4a6d-940a-4ce45b532c1f" testName="WebRequestIsReportedForDataCollectionLevel1" computerName="TAG009442327432" duration="00:00:00.0010000" startTime="2018-09-20T12:48:03.0000000+02:00" endTime="2018-09-20T12:48:03.0000000+02:00" testType="13cdc9d9-ddb5-4fa4-a97d-d965ccfc6d4b" outcome="Passed" testListId="8c84fa94-04c1-424b-9868-57a2d4851a1d" relativeResultsDirectory="6e012542-1e5e-4811-a00c-4189ea34f3b2" /><UnitTestResult executionId="06d7978a-a494-4d8d-9ebf-b7f080b70b12" testId="e17110a4-59b2-406e-80a9-5a23c56983d4" testName="GetChunksTakesSizeIntoAccount" computerName="TAG009442327432" duration="00:00:00.0010000" startTime="2018-09-20T12:48:02.0000000+02:00" endTime="2018-09-20T12:48:02.0000000+02:00" testType="13cdc9d9-ddb5-4fa4-a97d-d965ccfc6d4b" outcome="Passed" testListId="8c84fa94-04c1-424b-9868-57a2d4851a1d" relativeResultsDirectory="06d7978a-a494-4d8d-9ebf-b7f080b70b12" /><UnitTestResult executionId="d3f918f3-f13a-4c20-bee9-8b40d892e120" testId="083fe473-709f-4699-b322-cfd91c990f9e" testName="IdentifyUserDoesReportOnDataCollectionLevel2" computerName="TAG009442327432" duration="00:00:00.0010000" startTime="2018-09-20T12:48:03.0000000+02:00" endTime="2018-09-20T12:48:03.0000000+02:00" testType="13cdc9d9-ddb5-4fa4-a97d-d965ccfc6d4b" outcome="Passed" testListId="8c84fa94-04c1-424b-9868-57a2d4851a1d" relativeResultsDirectory="d3f918f3-f13a-4c20-bee9-8b40d892e120" /><UnitTestResult executionId="d17d4250-9414-40e1-867a-adf0b79dceaa" testId="687a1423-2df9-463a-b31c-e2a59a1cbffb" testName="WhenStartingASessionTheSessionIsConsideredAsNew" computerName="TAG009442327432" duration="00:00:00.0020000" startTime="2018-09-20T12:48:03.0000000+02:00" endTime="2018-09-20T12:48:03.0000000+02:00" testType="13cdc9d9-ddb5-4fa4-a97d-d965ccfc6d4b" outcome="Passed" testListId="8c84fa94-04c1-424b-9868-57a2d4851a1d" relativeResultsDirectory="d17d4250-9414-40e1-867a-adf0b79dceaa"><Output><StdOut>2018-09-20T10:48:03.0471147Z DEBUG [3] BeaconSender StartSession
2018-09-20T10:48:03.0471147Z DEBUG [3] BeaconCache AddEventData(sn=1, timestamp=0, data='et=18&amp;it=0&amp;pa=0&amp;s0=1&amp;t0=0')
2018-09-20T10:48:03.0481116Z DEBUG [3] BeaconSender StartSession
2018-09-20T10:48:03.0481116Z DEBUG [3] BeaconCache AddEventData(sn=2, timestamp=0, data='et=18&amp;it=0&amp;pa=0&amp;s0=1&amp;t0=0')</StdOut></Output></UnitTestResult><UnitTestResult executionId="93353238-f335-4387-a3c9-cd378de5493d" testId="cefe03c4-553e-4a35-bf52-1fec6b18e05a" testName="DefaultSleepTimeIsUsed" computerName="TAG009442327432" duration="00:00:00.0000001" startTime="2018-09-20T12:48:03.0000000+02:00" endTime="2018-09-20T12:48:03.0000000+02:00" testType="13cdc9d9-ddb5-4fa4-a97d-d965ccfc6d4b" outcome="Passed" testListId="8c84fa94-04c1-424b-9868-57a2d4851a1d" relativeResultsDirectory="93353238-f335-4387-a3c9-cd378de5493d" /><UnitTestResult executionId="273419c6-d14b-414c-a085-10a7164186f0" testId="bd91ab03-97c2-429f-bfb8-3a4d1f949f9f" testName="IpV6AddressMixedNotationInvalid_Compressed3Colon" computerName="TAG009442327432" duration="00:00:00.0000001" startTime="2018-09-20T12:48:03.0000000+02:00" endTime="2018-09-20T12:48:03.0000000+02:00" testType="13cdc9d9-ddb5-4fa4-a97d-d965ccfc6d4b" outcome="Passed" testListId="8c84fa94-04c1-424b-9868-57a2d4851a1d" relativeResultsDirectory="273419c6-d14b-414c-a085-10a7164186f0" /><UnitTestResult executionId="dedc47cc-8b46-4557-8b06-1daff466488a" testId="85d11562-5f06-48d7-9a65-2729be341fea" testName="EndTimeIsSetToMinusOneInConstructor" computerName="TAG009442327432" duration="00:00:00.0000001" startTime="2018-09-20T12:48:02.0000000+02:00" endTime="2018-09-20T12:48:02.0000000+02:00" testType="13cdc9d9-ddb5-4fa4-a97d-d965ccfc6d4b" outcome="Passed" testListId="8c84fa94-04c1-424b-9868-57a2d4851a1d" relativeResultsDirectory="dedc47cc-8b46-4557-8b06-1daff466488a" /><UnitTestResult executionId="68834dae-33d3-4cde-a2fc-778b642b3bd3" testId="6a5ffc1f-1837-4a9b-a359-a254b1b7c239" testName="IdentifyUserDoesNothingIfUserTagIsAnEmptyString" computerName="TAG009442327432" duration="00:00:00.0000001" startTime="2018-09-20T12:48:03.0000000+02:00" endTime="2018-09-20T12:48:03.0000000+02:00" testType="13cdc9d9-ddb5-4fa4-a97d-d965ccfc6d4b" outcome="Passed" testListId="8c84fa94-04c1-424b-9868-57a2d4851a1d" relativeResultsDirectory="68834dae-33d3-4cde-a2fc-778b642b3bd3" /><UnitTestResult executionId="2c07d834-4696-445b-ab25-a289520fe07f" testId="fc5038fb-0da8-4f96-b16e-0b9e1089400a" testName="TransitionToTimeSyncIsPerformedOnSuccess" computerName="TAG009442327432" duration="00:00:00.0000001" startTime="2018-09-20T12:48:03.0000000+02:00" endTime="2018-09-20T12:48:03.0000000+02:00" testType="13cdc9d9-ddb5-4fa4-a97d-d965ccfc6d4b" outcome="Passed" testListId="8c84fa94-04c1-424b-9868-57a2d4851a1d" relativeResultsDirectory="2c07d834-4696-445b-ab25-a289520fe07f" /><UnitTestResult executionId="44b0a595-64ce-4955-b888-98541e6a16ae" testId="8c8bdd46-32ef-4dae-b798-a89ad21db99a" testName="ipV4AddressIsInvalidDueToIllegalValueNegative" computerName="TAG009442327432" duration="00:00:00.0000001" startTime="2018-09-20T12:48:03.0000000+02:00" endTime="2018-09-20T12:48:03.0000000+02:00" testType="13cdc9d9-ddb5-4fa4-a97d-d965ccfc6d4b" outcome="Passed" testListId="8c84fa94-04c1-424b-9868-57a2d4851a1d" relativeResultsDirectory="44b0a595-64ce-4955-b888-98541e6a16ae" /><UnitTestResult executionId="f5aa0cdf-861e-416e-987f-f42ac88f12dc" testId="ad165d12-37a2-4774-ae3e-4858bfe8da24" testName="CanSetBeaconCacheLowerMemoryBoundaryForDynatrace" computerName="TAG009442327432" duration="00:00:00.0010000" startTime="2018-09-20T12:48:03.0000000+02:00" endTime="2018-09-20T12:48:03.0000000+02:00" testType="13cdc9d9-ddb5-4fa4-a97d-d965ccfc6d4b" outcome="Passed" testListId="8c84fa94-04c1-424b-9868-57a2d4851a1d" relativeResultsDirectory="f5aa0cdf-861e-416e-987f-f42ac88f12dc" /><UnitTestResult executionId="724da335-db0e-49fe-bf28-c24f56469cf5" testId="b080dd26-ea1e-4e6e-8277-94d7d7826f8a" testName="UnsuccessfulFinishedSessionsAreNotRemovedFromCache" computerName="TAG009442327432" duration="00:00:00.0010000" startTime="2018-09-20T12:48:02.0000000+02:00" endTime="2018-09-20T12:48:02.0000000+02:00" testType="13cdc9d9-ddb5-4fa4-a97d-d965ccfc6d4b" outcome="Passed" testListId="8c84fa94-04c1-424b-9868-57a2d4851a1d" relativeResultsDirectory="724da335-db0e-49fe-bf28-c24f56469cf5" /><UnitTestResult executionId="05fc7fee-07f1-4cac-905c-dbf14bda9062" testId="f9cde92d-75cb-4656-bcb0-67a4d0fcc6fa" testName="ShouldRunGivesTrueIfLastRunIsExactlyMaxAgeMillisecondsAgo" computerName="TAG009442327432" duration="00:00:00.0000001" startTime="2018-09-20T12:48:02.0000000+02:00" endTime="2018-09-20T12:48:02.0000000+02:00" testType="13cdc9d9-ddb5-4fa4-a97d-d965ccfc6d4b" outcome="Passed" testListId="8c84fa94-04c1-424b-9868-57a2d4851a1d" relativeResultsDirectory="05fc7fee-07f1-4cac-905c-dbf14bda9062" /><UnitTestResult executionId="b49aef88-d8fe-4776-b313-52e403a1ccee" testId="e77fe145-6829-4221-b5c1-aa0dec086b8d" testName="IsEmptyGivesFalseIfBeaconDataSizeIsNotEqualToZero" computerName="TAG009442327432" duration="00:00:00.0000001" startTime="2018-09-20T12:48:02.0000000+02:00" endTime="2018-09-20T12:48:02.0000000+02:00" testType="13cdc9d9-ddb5-4fa4-a97d-d965ccfc6d4b" outcome="Passed" testListId="8c84fa94-04c1-424b-9868-57a2d4851a1d" relativeResultsDirectory="b49aef88-d8fe-4776-b313-52e403a1ccee" /><UnitTestResult executionId="21691857-76ef-47d9-b55b-0f20ca74512f" testId="5dc59309-bc01-4578-b763-613cb4810550" testName="SendingFinishedSessionsIsAbortedImmediatelyWhenTooManyRequestsResponseIsReceived" computerName="TAG009442327432" duration="00:00:00.0020000" startTime="2018-09-20T12:48:02.0000000+02:00" endTime="2018-09-20T12:48:02.0000000+02:00" testType="13cdc9d9-ddb5-4fa4-a97d-d965ccfc6d4b" outcome="Passed" testListId="8c84fa94-04c1-424b-9868-57a2d4851a1d" relativeResultsDirectory="21691857-76ef-47d9-b55b-0f20ca74512f" /><UnitTestResult executionId="28f3dae0-a480-440e-b759-f1c635730255" testId="ead89070-6cbf-430e-b887-18039ff156dd" testName="TriggeringEvictionStrategiesInThread" computerName="TAG009442327432" duration="00:00:00.0100000" startTime="2018-09-20T12:48:02.0000000+02:00" endTime="2018-09-20T12:48:02.0000000+02:00" testType="13cdc9d9-ddb5-4fa4-a97d-d965ccfc6d4b" outcome="Passed" testListId="8c84fa94-04c1-424b-9868-57a2d4851a1d" relativeResultsDirectory="28f3dae0-a480-440e-b759-f1c635730255" /><UnitTestResult executionId="862c7c9a-c293-4d1b-8dd5-74ba760250f9" testId="de49f0d9-ca95-4699-8f18-0c4e8b20db0a" testName="IpV6AddressValid_RFCExample" computerName="TAG009442327432" duration="00:00:00.0000001" startTime="2018-09-20T12:48:03.0000000+02:00" endTime="2018-09-20T12:48:03.0000000+02:00" testType="13cdc9d9-ddb5-4fa4-a97d-d965ccfc6d4b" outcome="Passed" testListId="8c84fa94-04c1-424b-9868-57a2d4851a1d" relativeResultsDirectory="862c7c9a-c293-4d1b-8dd5-74ba760250f9" /><UnitTestResult executionId="b58eaade-31f5-44fa-ae5f-c2cc8c4eda1d" testId="89f681aa-8c50-4975-a742-606ed8a8ceb8" testName="ExecuteEvictionDoesNotLogEvictionResultIfDebugIsDisabled" computerName="TAG009442327432" duration="00:00:00.0040000" startTime="2018-09-20T12:48:02.0000000+02:00" endTime="2018-09-20T12:48:02.0000000+02:00" testType="13cdc9d9-ddb5-4fa4-a97d-d965ccfc6d4b" outcome="Passed" testListId="8c84fa94-04c1-424b-9868-57a2d4851a1d" relativeResultsDirectory="b58eaade-31f5-44fa-ae5f-c2cc8c4eda1d" /><UnitTestResult executionId="1bc06e7c-f7cd-420c-b00f-dcf2b0460b63" testId="da95bcaf-ed9f-42fe-ba08-9fd486c98f90" testName="ShouldRunGivesFalseIfNumBytesInCacheIsLessThanUpperBoundLimit" computerName="TAG009442327432" duration="00:00:00.0000001" startTime="2018-09-20T12:48:02.0000000+02:00" endTime="2018-09-20T12:48:02.0000000+02:00" testType="13cdc9d9-ddb5-4fa4-a97d-d965ccfc6d4b" outcome="Passed" testListId="8c84fa94-04c1-424b-9868-57a2d4851a1d" relativeResultsDirectory="1bc06e7c-f7cd-420c-b00f-dcf2b0460b63" /><UnitTestResult executionId="d7a22dcc-4bfc-4632-a719-75b0f33a1777" testId="1f1e9f8d-c21f-42c2-b5e1-bb38801f3c45" testName="IpV6AddressHexCompressedIsValidBlock2" computerName="TAG009442327432" duration="00:00:00.0000001" startTime="2018-09-20T12:48:03.0000000+02:00" endTime="2018-09-20T12:48:03.0000000+02:00" testType="13cdc9d9-ddb5-4fa4-a97d-d965ccfc6d4b" outcome="Passed" testListId="8c84fa94-04c1-424b-9868-57a2d4851a1d" relativeResultsDirectory="d7a22dcc-4bfc-4632-a719-75b0f33a1777" /><UnitTestResult executionId="cd58795f-2ed3-4f31-b2d1-f91c7d88de9e" testId="8ae432e3-762d-4a26-ac82-9cb22696b273" testName="TheStrategyIsDisabledIfBeaconMaxAgeIsSetToZero" computerName="TAG009442327432" duration="00:00:00.0000001" startTime="2018-09-20T12:48:02.0000000+02:00" endTime="2018-09-20T12:48:02.0000000+02:00" testType="13cdc9d9-ddb5-4fa4-a97d-d965ccfc6d4b" outcome="Passed" testListId="8c84fa94-04c1-424b-9868-57a2d4851a1d" relativeResultsDirectory="cd58795f-2ed3-4f31-b2d1-f91c7d88de9e" /><UnitTestResult executionId="e56c8c2a-bc6c-4eeb-836a-cc23f8d4f3d7" testId="89e1cb2f-e828-4ddd-9314-c4d33061ccd8" testName="IpV6AddressHexCompressedIsValidBlock4" computerName="TAG009442327432" duration="00:00:00.0000001" startTime="2018-09-20T12:48:03.0000000+02:00" endTime="2018-09-20T12:48:03.0000000+02:00" testType="13cdc9d9-ddb5-4fa4-a97d-d965ccfc6d4b" outcome="Passed" testListId="8c84fa94-04c1-424b-9868-57a2d4851a1d" relativeResultsDirectory="e56c8c2a-bc6c-4eeb-836a-cc23f8d4f3d7" /><UnitTestResult executionId="3ad635ad-d88c-4219-86d6-beff83d21cff" testId="f1355194-88a5-4c46-aeb9-bf391a451e99" testName="ExecuteEvictionLogsAMessageOnceAndReturnsIfStrategyIsDisabled" computerName="TAG009442327432" duration="00:00:00.0010000" startTime="2018-09-20T12:48:02.0000000+02:00" endTime="2018-09-20T12:48:02.0000000+02:00" testType="13cdc9d9-ddb5-4fa4-a97d-d965ccfc6d4b" outcome="Passed" testListId="8c84fa94-04c1-424b-9868-57a2d4851a1d" relativeResultsDirectory="3ad635ad-d88c-4219-86d6-beff83d21cff" /><UnitTestResult executionId="7ec55767-bc3a-4ba6-b878-42f8fa6e9d13" testId="7dab00b3-6623-43e5-af29-800d5934bce2" testName="InfoDoesNotLogIfVerboseIsDisabled" computerName="TAG009442327432" duration="00:00:00.0000001" startTime="2018-09-20T12:48:03.0000000+02:00" endTime="2018-09-20T12:48:03.0000000+02:00" testType="13cdc9d9-ddb5-4fa4-a97d-d965ccfc6d4b" outcome="Passed" testListId="8c84fa94-04c1-424b-9868-57a2d4851a1d" relativeResultsDirectory="7ec55767-bc3a-4ba6-b878-42f8fa6e9d13" /><UnitTestResult executionId="9ec6e63c-93d1-4fad-8b2c-c3fe603c1697" testId="429f1206-c025-423e-b8b5-2a2ca0480fdb" testName="DefaultMultiplicityIsOne" computerName="TAG009442327432" duration="00:00:00.0000001" startTime="2018-09-20T12:48:05.0000000+02:00" endTime="2018-09-20T12:48:05.0000000+02:00" testType="13cdc9d9-ddb5-4fa4-a97d-d965ccfc6d4b" outcome="Passed" testListId="8c84fa94-04c1-424b-9868-57a2d4851a1d" relativeResultsDirectory="9ec6e63c-93d1-4fad-8b2c-c3fe603c1697" /><UnitTestResult executionId="931805f1-c3bc-43dc-9571-6733b059f1fd" testId="e69e604f-e286-48c2-b604-a06e1b275f82" testName="ParsingInvalidSendIntervalThrowsException" computerName="TAG009442327432" duration="00:00:00.0010000" startTime="2018-09-20T12:48:05.0000000+02:00" endTime="2018-09-20T12:48:05.0000000+02:00" testType="13cdc9d9-ddb5-4fa4-a97d-d965ccfc6d4b" outcome="Passed" testListId="8c84fa94-04c1-424b-9868-57a2d4851a1d" relativeResultsDirectory="931805f1-c3bc-43dc-9571-6733b059f1fd" /><UnitTestResult executionId="d901431b-3dc7-4b06-925e-6a64dca48073" testId="b175c3c7-f2c5-4f72-8c13-6a95622b946a" testName="SessionIDIsAlwaysValue1OnDataCollectionLevel0" computerName="TAG009442327432" duration="00:00:00.0000001" startTime="2018-09-20T12:48:03.0000000+02:00" endTime="2018-09-20T12:48:03.0000000+02:00" testType="13cdc9d9-ddb5-4fa4-a97d-d965ccfc6d4b" outcome="Passed" testListId="8c84fa94-04c1-424b-9868-57a2d4851a1d" relativeResultsDirectory="d901431b-3dc7-4b06-925e-6a64dca48073" /><UnitTestResult executionId="7257548d-5982-48d3-b458-c81481fd9e03" testId="c4da130b-b2ab-4fbb-9c0f-3ede3eb6ddd2" testName="InitCompleteIsCalledForInitialRequestOnSuccess" computerName="TAG009442327432" duration="00:00:00.0030000" startTime="2018-09-20T12:48:03.0000000+02:00" endTime="2018-09-20T12:48:03.0000000+02:00" testType="13cdc9d9-ddb5-4fa4-a97d-d965ccfc6d4b" outcome="Passed" testListId="8c84fa94-04c1-424b-9868-57a2d4851a1d" relativeResultsDirectory="7257548d-5982-48d3-b458-c81481fd9e03" /><UnitTestResult executionId="6b880391-7493-409f-b35e-85636f65f93c" testId="b9b904e7-2ca7-4593-9b32-e610d756e4a6" testName="TransitionToTimeSycnIsPerformed" computerName="TAG009442327432" duration="00:00:00.0010000" startTime="2018-09-20T12:48:02.0000000+02:00" endTime="2018-09-20T12:48:02.0000000+02:00" testType="13cdc9d9-ddb5-4fa4-a97d-d965ccfc6d4b" outcome="Passed" testListId="8c84fa94-04c1-424b-9868-57a2d4851a1d" relativeResultsDirectory="6b880391-7493-409f-b35e-85636f65f93c" /><UnitTestResult executionId="58186ffb-c499-47e4-bc4b-21367a247bff" testId="234cafdf-7e58-4c8c-bd63-7333b6eaaac2" testName="IpV6AddressLinkLocalIsValid" computerName="TAG009442327432" duration="00:00:00.0000001" startTime="2018-09-20T12:48:03.0000000+02:00" endTime="2018-09-20T12:48:03.0000000+02:00" testType="13cdc9d9-ddb5-4fa4-a97d-d965ccfc6d4b" outcome="Passed" testListId="8c84fa94-04c1-424b-9868-57a2d4851a1d" relativeResultsDirectory="58186ffb-c499-47e4-bc4b-21367a247bff" /><UnitTestResult executionId="fb14bda4-2c77-4b38-a119-7b79d176be1b" testId="c03fa7d5-5201-4b5e-9d01-e938c0264d64" testName="ResetEventIsSetOnInitSuccess" computerName="TAG009442327432" duration="00:00:00.0000001" startTime="2018-09-20T12:48:03.0000000+02:00" endTime="2018-09-20T12:48:03.0000000+02:00" testType="13cdc9d9-ddb5-4fa4-a97d-d965ccfc6d4b" outcome="Passed" testListId="8c84fa94-04c1-424b-9868-57a2d4851a1d" relativeResultsDirectory="fb14bda4-2c77-4b38-a119-7b79d176be1b" /><UnitTestResult executionId="10066559-d2c7-4cec-bf3d-d9989980ad8d" testId="c689966d-62d8-4c2a-95c5-5e43f750ede3" testName="LastStatusCheckTimeIsSet" computerName="TAG009442327432" duration="00:00:00.0000001" startTime="2018-09-20T12:48:03.0000000+02:00" endTime="2018-09-20T12:48:03.0000000+02:00" testType="13cdc9d9-ddb5-4fa4-a97d-d965ccfc6d4b" outcome="Passed" testListId="8c84fa94-04c1-424b-9868-57a2d4851a1d" relativeResultsDirectory="10066559-d2c7-4cec-bf3d-d9989980ad8d" /><UnitTestResult executionId="4ba8d46f-34a4-41fe-b742-0deace8b3045" testId="ec2f0f81-c8f2-441a-b373-5dac06e5c8ed" testName="CanSleepCustomPeriod" computerName="TAG009442327432" duration="00:00:00.0000001" startTime="2018-09-20T12:48:03.0000000+02:00" endTime="2018-09-20T12:48:03.0000000+02:00" testType="13cdc9d9-ddb5-4fa4-a97d-d965ccfc6d4b" outcome="Passed" testListId="8c84fa94-04c1-424b-9868-57a2d4851a1d" relativeResultsDirectory="4ba8d46f-34a4-41fe-b742-0deace8b3045" /><UnitTestResult executionId="120005d7-466d-409c-a26d-64a6a388cacc" testId="f8174ffd-d56f-42c4-a223-261e36b204bc" testName="ABeaconSendingFlushSessionsStateConfiguresAllUnconfiguredSessions" computerName="TAG009442327432" duration="00:00:00.0010000" startTime="2018-09-20T12:48:03.0000000+02:00" endTime="2018-09-20T12:48:03.0000000+02:00" testType="13cdc9d9-ddb5-4fa4-a97d-d965ccfc6d4b" outcome="Passed" testListId="8c84fa94-04c1-424b-9868-57a2d4851a1d" relativeResultsDirectory="120005d7-466d-409c-a26d-64a6a388cacc" /><UnitTestResult executionId="56f4f8fb-6f60-4446-b8ff-6563f421b1b7" testId="5c040a44-2e3e-4ab4-b7ac-cd267e3ee23f" testName="SendStatusRequestReturnsAnUnknownErrorResponseForUnparseableStatusResponse" computerName="TAG009442327432" duration="00:00:00.0010000" startTime="2018-09-20T12:48:04.0000000+02:00" endTime="2018-09-20T12:48:04.0000000+02:00" testType="13cdc9d9-ddb5-4fa4-a97d-d965ccfc6d4b" outcome="Passed" testListId="8c84fa94-04c1-424b-9868-57a2d4851a1d" relativeResultsDirectory="56f4f8fb-6f60-4446-b8ff-6563f421b1b7" /><UnitTestResult executionId="2c64bba9-ce2f-4ad8-b3a4-be68ae68dd1a" testId="2a41596b-d8c0-4e8e-a0c0-01b8d8fe846f" testName="ParsingInvalidResponseSendTimeThrowsException" computerName="TAG009442327432" duration="00:00:00.0010000" startTime="2018-09-20T12:48:05.0000000+02:00" endTime="2018-09-20T12:48:05.0000000+02:00" testType="13cdc9d9-ddb5-4fa4-a97d-d965ccfc6d4b" outcome="Passed" testListId="8c84fa94-04c1-424b-9868-57a2d4851a1d" relativeResultsDirectory="2c64bba9-ce2f-4ad8-b3a4-be68ae68dd1a" /><UnitTestResult executionId="2bf5bf8d-de41-43e3-a5b8-5bf8898fbf2e" testId="c068bab4-eda5-4005-b402-441954263a42" testName="aProviderInitializedWithZeroProvidesMinSessionIdValueAtNextCall" computerName="TAG009442327432" duration="00:00:00.0000001" startTime="2018-09-20T12:48:05.0000000+02:00" endTime="2018-09-20T12:48:05.0000000+02:00" testType="13cdc9d9-ddb5-4fa4-a97d-d965ccfc6d4b" outcome="Passed" testListId="8c84fa94-04c1-424b-9868-57a2d4851a1d" relativeResultsDirectory="2bf5bf8d-de41-43e3-a5b8-5bf8898fbf2e" /><UnitTestResult executionId="4fb062e4-f2b1-4f76-8141-d950837153f8" testId="4e591fa3-c89a-488b-ad84-57dbe5c360a3" testName="ResetDataMarkedForSendingMovesPreviouslyCopiedDataBack" computerName="TAG009442327432" duration="00:00:00.0020000" startTime="2018-09-20T12:48:02.0000000+02:00" endTime="2018-09-20T12:48:02.0000000+02:00" testType="13cdc9d9-ddb5-4fa4-a97d-d965ccfc6d4b" outcome="Passed" testListId="8c84fa94-04c1-424b-9868-57a2d4851a1d" relativeResultsDirectory="4fb062e4-f2b1-4f76-8141-d950837153f8" /><UnitTestResult executionId="f18dc5d9-3135-436b-8976-696d465c6f98" testId="b7dc6dc1-b654-4256-a522-9ade1a2306f7" testName="TimeSyncIsSupportedByDefault" computerName="TAG009442327432" duration="00:00:00.0000001" startTime="2018-09-20T12:48:05.0000000+02:00" endTime="2018-09-20T12:48:05.0000000+02:00" testType="13cdc9d9-ddb5-4fa4-a97d-d965ccfc6d4b" outcome="Passed" testListId="8c84fa94-04c1-424b-9868-57a2d4851a1d" relativeResultsDirectory="f18dc5d9-3135-436b-8976-696d465c6f98" /><UnitTestResult executionId="5e6545cf-3ff0-4efc-9c20-14092c37d36a" testId="998e8b0f-9aec-43f8-ae7a-180fda299ab6" testName="IntValueNotReportedForDataCollectionLevel1" computerName="TAG009442327432" duration="00:00:00.0010000" startTime="2018-09-20T12:48:03.0000000+02:00" endTime="2018-09-20T12:48:03.0000000+02:00" testType="13cdc9d9-ddb5-4fa4-a97d-d965ccfc6d4b" outcome="Passed" testListId="8c84fa94-04c1-424b-9868-57a2d4851a1d" relativeResultsDirectory="5e6545cf-3ff0-4efc-9c20-14092c37d36a" /><UnitTestResult executionId="db922494-6a46-47bc-a679-9401c256024b" testId="c0106984-4e89-4a7d-933d-290dc41a936a" testName="TwoInstancesAreNotEqualIfDataDiffers" computerName="TAG009442327432" duration="00:00:00.0000001" startTime="2018-09-20T12:48:02.0000000+02:00" endTime="2018-09-20T12:48:02.0000000+02:00" testType="13cdc9d9-ddb5-4fa4-a97d-d965ccfc6d4b" outcome="Passed" testListId="8c84fa94-04c1-424b-9868-57a2d4851a1d" relativeResultsDirectory="db922494-6a46-47bc-a679-9401c256024b" /><UnitTestResult executionId="43c95419-6da4-49fe-890a-497c43ccef65" testId="ce41e2cc-122d-4a32-933b-36c4677811c4" testName="SendStatusRequestReturnsAnUnknownErrorResponseForWrongHttpResponse" computerName="TAG009442327432" duration="00:00:00.0010000" startTime="2018-09-20T12:48:04.0000000+02:00" endTime="2018-09-20T12:48:04.0000000+02:00" testType="13cdc9d9-ddb5-4fa4-a97d-d965ccfc6d4b" outcome="Passed" testListId="8c84fa94-04c1-424b-9868-57a2d4851a1d" relativeResultsDirectory="43c95419-6da4-49fe-890a-497c43ccef65" /><UnitTestResult executionId="2924229d-d89d-4af7-83a6-fcc624ea85df" testId="074b5082-6f3c-49d3-b168-19c34a9f95a9" testName="SetBytesSentSetsTheNumberOfSentBytes" computerName="TAG009442327432" duration="00:00:00.0000001" startTime="2018-09-20T12:48:03.0000000+02:00" endTime="2018-09-20T12:48:03.0000000+02:00" testType="13cdc9d9-ddb5-4fa4-a97d-d965ccfc6d4b" outcome="Passed" testListId="8c84fa94-04c1-424b-9868-57a2d4851a1d" relativeResultsDirectory="2924229d-d89d-4af7-83a6-fcc624ea85df" /><UnitTestResult executionId="c4222cb9-7b46-485d-8811-1041035dc8a0" testId="e4d359bc-f8a8-48f3-bb6c-4ab26646425b" testName="IfURLIsInvalidTheDefaultValueIsUsed" computerName="TAG009442327432" duration="00:00:00.0010000" startTime="2018-09-20T12:48:03.0000000+02:00" endTime="2018-09-20T12:48:03.0000000+02:00" testType="13cdc9d9-ddb5-4fa4-a97d-d965ccfc6d4b" outcome="Passed" testListId="8c84fa94-04c1-424b-9868-57a2d4851a1d" relativeResultsDirectory="c4222cb9-7b46-485d-8811-1041035dc8a0" /><UnitTestResult executionId="88f3bda8-8101-4055-ae10-3b5eb7e38b6c" testId="bae60b3f-f091-4a32-8b40-cee17b4fe603" testName="TwoInstancesAreEqualIfFieldsAreEqual" computerName="TAG009442327432" duration="00:00:00.0000001" startTime="2018-09-20T12:48:02.0000000+02:00" endTime="2018-09-20T12:48:02.0000000+02:00" testType="13cdc9d9-ddb5-4fa4-a97d-d965ccfc6d4b" outcome="Passed" testListId="8c84fa94-04c1-424b-9868-57a2d4851a1d" relativeResultsDirectory="88f3bda8-8101-4055-ae10-3b5eb7e38b6c" /><UnitTestResult executionId="f890cf7d-a27d-4911-814a-0df22ae18c5c" testId="af1c435a-234d-45b3-b13d-8cd329d5dcc1" testName="DisableCaptureDisablesItInTheConfiguration" computerName="TAG009442327432" duration="00:00:00.0010000" startTime="2018-09-20T12:48:03.0000000+02:00" endTime="2018-09-20T12:48:03.0000000+02:00" testType="13cdc9d9-ddb5-4fa4-a97d-d965ccfc6d4b" outcome="Passed" testListId="8c84fa94-04c1-424b-9868-57a2d4851a1d" relativeResultsDirectory="f890cf7d-a27d-4911-814a-0df22ae18c5c" /><UnitTestResult executionId="c661fd59-617d-4b6a-bfc0-efd37189807c" testId="d77d73ce-4ed8-461f-a81a-b16c26efe53a" testName="ReportErrorDoesReportOnDataCollectionLevel2" computerName="TAG009442327432" duration="00:00:00.0010000" startTime="2018-09-20T12:48:03.0000000+02:00" endTime="2018-09-20T12:48:03.0000000+02:00" testType="13cdc9d9-ddb5-4fa4-a97d-d965ccfc6d4b" outcome="Passed" testListId="8c84fa94-04c1-424b-9868-57a2d4851a1d" relativeResultsDirectory="c661fd59-617d-4b6a-bfc0-efd37189807c" /><UnitTestResult executionId="993b71da-e6e5-4d2d-a0bb-3a32ba6e0f2e" testId="19af4e3a-2c73-431c-a697-d94167096c1b" testName="TraceWebRequestGivesNullWebRequestTracerIfUrlIsAnEmptyString" computerName="TAG009442327432" duration="00:00:00.0010000" startTime="2018-09-20T12:48:03.0000000+02:00" endTime="2018-09-20T12:48:03.0000000+02:00" testType="13cdc9d9-ddb5-4fa4-a97d-d965ccfc6d4b" outcome="Passed" testListId="8c84fa94-04c1-424b-9868-57a2d4851a1d" relativeResultsDirectory="993b71da-e6e5-4d2d-a0bb-3a32ba6e0f2e" /><UnitTestResult executionId="32834a9d-8d0c-4378-a2a6-b58debfb029e" testId="19c97c08-0ea9-4e44-9098-5b02c55021c5" testName="DefaultLoggerIsUsedByDefault" computerName="TAG009442327432" duration="00:00:00.0010000" startTime="2018-09-20T12:48:03.0000000+02:00" endTime="2018-09-20T12:48:03.0000000+02:00" testType="13cdc9d9-ddb5-4fa4-a97d-d965ccfc6d4b" outcome="Passed" testListId="8c84fa94-04c1-424b-9868-57a2d4851a1d" relativeResultsDirectory="32834a9d-8d0c-4378-a2a6-b58debfb029e" /><UnitTestResult executionId="1510f628-9374-47cd-aefc-4336df82a62a" testId="e0b08c3e-4593-4f58-9fa2-a6e45ded1681" testName="StringValueNotReportedForDataCollectionLevel0" computerName="TAG009442327432" duration="00:00:00.0010000" startTime="2018-09-20T12:48:03.0000000+02:00" endTime="2018-09-20T12:48:03.0000000+02:00" testType="13cdc9d9-ddb5-4fa4-a97d-d965ccfc6d4b" outcome="Passed" testListId="8c84fa94-04c1-424b-9868-57a2d4851a1d" relativeResultsDirectory="1510f628-9374-47cd-aefc-4336df82a62a" /><UnitTestResult executionId="6604f27e-ca09-45bb-9b59-8ae078c142ae" testId="b1bc4f85-798d-43b0-bec7-6a74607a3d9e" testName="IpV6AddressHexCompressedIsValidBlock3" computerName="TAG009442327432" duration="00:00:00.0000001" startTime="2018-09-20T12:48:03.0000000+02:00" endTime="2018-09-20T12:48:03.0000000+02:00" testType="13cdc9d9-ddb5-4fa4-a97d-d965ccfc6d4b" outcome="Passed" testListId="8c84fa94-04c1-424b-9868-57a2d4851a1d" relativeResultsDirectory="6604f27e-ca09-45bb-9b59-8ae078c142ae" /><UnitTestResult executionId="2fe133bc-50e1-4c66-9cb9-557a1ff516dc" testId="e21e7df1-789b-4372-8489-24925a94b6ec" testName="DefaultSendIntervalIsMinusOne" computerName="TAG009442327432" duration="00:00:00.0000001" startTime="2018-09-20T12:48:05.0000000+02:00" endTime="2018-09-20T12:48:05.0000000+02:00" testType="13cdc9d9-ddb5-4fa4-a97d-d965ccfc6d4b" outcome="Passed" testListId="8c84fa94-04c1-424b-9868-57a2d4851a1d" relativeResultsDirectory="2fe133bc-50e1-4c66-9cb9-557a1ff516dc" /><UnitTestResult executionId="2c8d0394-9d8d-4dd1-a2f5-88cc66336d0c" testId="c74e879a-1bba-40ef-88d1-f0a3add7aa53" testName="ResetChunkedRestoresCacheSize" computerName="TAG009442327432" duration="00:00:00.0000001" startTime="2018-09-20T12:48:02.0000000+02:00" endTime="2018-09-20T12:48:02.0000000+02:00" testType="13cdc9d9-ddb5-4fa4-a97d-d965ccfc6d4b" outcome="Passed" testListId="8c84fa94-04c1-424b-9868-57a2d4851a1d" relativeResultsDirectory="2c8d0394-9d8d-4dd1-a2f5-88cc66336d0c" /><UnitTestResult executionId="c036db66-01c9-4d50-9d0b-4d0c7f74929e" testId="941eab58-9d41-4b4b-8853-5fdbe85ddc31" testName="ReportDoubleValueDoesNothingIfActionIsLeft" computerName="TAG009442327432" duration="00:00:00.0010000" startTime="2018-09-20T12:48:02.0000000+02:00" endTime="2018-09-20T12:48:02.0000000+02:00" testType="13cdc9d9-ddb5-4fa4-a97d-d965ccfc6d4b" outcome="Passed" testListId="8c84fa94-04c1-424b-9868-57a2d4851a1d" relativeResultsDirectory="c036db66-01c9-4d50-9d0b-4d0c7f74929e" /><UnitTestResult executionId="c917afaa-d603-4968-9ccb-e1db27eb1e3a" testId="8bceeaf3-8e20-4308-ae82-5db394468f0a" testName="LeavingAnActionRemovesItselfFromListPassedInCtor" computerName="TAG009442327432" duration="00:00:00.0000001" startTime="2018-09-20T12:48:02.0000000+02:00" endTime="2018-09-20T12:48:02.0000000+02:00" testType="13cdc9d9-ddb5-4fa4-a97d-d965ccfc6d4b" outcome="Passed" testListId="8c84fa94-04c1-424b-9868-57a2d4851a1d" relativeResultsDirectory="c917afaa-d603-4968-9ccb-e1db27eb1e3a" /><UnitTestResult executionId="01a2a12c-5990-427b-ac57-79fe04abca1d" testId="77e2dcb9-c2c3-4e94-9495-b57fbee305c8" testName="ReportCrashDoesReportOnCrashReportingLevel2" computerName="TAG009442327432" duration="00:00:00.0010000" startTime="2018-09-20T12:48:03.0000000+02:00" endTime="2018-09-20T12:48:03.0000000+02:00" testType="13cdc9d9-ddb5-4fa4-a97d-d965ccfc6d4b" outcome="Passed" testListId="8c84fa94-04c1-424b-9868-57a2d4851a1d" relativeResultsDirectory="01a2a12c-5990-427b-ac57-79fe04abca1d" /><UnitTestResult executionId="4fdcc6b9-6a28-4e71-989f-b33e8098243f" testId="9210fde4-36b0-4d9c-816f-7c9403a112c8" testName="ExecuteEvictionLogsEvictionResultIfDebugIsEnabled" computerName="TAG009442327432" duration="00:00:00.0010000" startTime="2018-09-20T12:48:02.0000000+02:00" endTime="2018-09-20T12:48:02.0000000+02:00" testType="13cdc9d9-ddb5-4fa4-a97d-d965ccfc6d4b" outcome="Passed" testListId="8c84fa94-04c1-424b-9868-57a2d4851a1d" relativeResultsDirectory="4fdcc6b9-6a28-4e71-989f-b33e8098243f" /><UnitTestResult executionId="02e86e40-9bb7-4bd5-8c91-5067bb2df5bb" testId="b6553613-4fba-4693-b300-0ea939a791b0" testName="IsShutdownRequestedIsSetCorrectly" computerName="TAG009442327432" duration="00:00:00.0000001" startTime="2018-09-20T12:48:03.0000000+02:00" endTime="2018-09-20T12:48:03.0000000+02:00" testType="13cdc9d9-ddb5-4fa4-a97d-d965ccfc6d4b" outcome="Passed" testListId="8c84fa94-04c1-424b-9868-57a2d4851a1d" relativeResultsDirectory="02e86e40-9bb7-4bd5-8c91-5067bb2df5bb" /><UnitTestResult executionId="d5849f06-b852-41e4-820a-7944e990d716" testId="3cdda292-8a13-41d3-962d-d4b5d4921932" testName="RequestReceiveTimeIsParsed" computerName="TAG009442327432" duration="00:00:00.0000001" startTime="2018-09-20T12:48:05.0000000+02:00" endTime="2018-09-20T12:48:05.0000000+02:00" testType="13cdc9d9-ddb5-4fa4-a97d-d965ccfc6d4b" outcome="Passed" testListId="8c84fa94-04c1-424b-9868-57a2d4851a1d" relativeResultsDirectory="d5849f06-b852-41e4-820a-7944e990d716" /><UnitTestResult executionId="d85c831a-7663-4b39-822f-e1cdd71415a2" testId="b50f0a06-a3cc-4615-b613-e959d63da104" testName="CannotSetNullTrustManagerForAppMon" computerName="TAG009442327432" duration="00:00:00.0000001" startTime="2018-09-20T12:48:03.0000000+02:00" endTime="2018-09-20T12:48:03.0000000+02:00" testType="13cdc9d9-ddb5-4fa4-a97d-d965ccfc6d4b" outcome="Passed" testListId="8c84fa94-04c1-424b-9868-57a2d4851a1d" relativeResultsDirectory="d85c831a-7663-4b39-822f-e1cdd71415a2" /><UnitTestResult executionId="be574507-b886-4a84-93e1-4dc668962511" testId="29eb4a91-2992-42c7-a382-4f497254a142" testName="NoWebRequestIsReportedIfBeaconConfigurationDisablesCapturing" computerName="TAG009442327432" duration="00:00:00.0010000" startTime="2018-09-20T12:48:03.0000000+02:00" endTime="2018-09-20T12:48:03.0000000+02:00" testType="13cdc9d9-ddb5-4fa4-a97d-d965ccfc6d4b" outcome="Passed" testListId="8c84fa94-04c1-424b-9868-57a2d4851a1d" relativeResultsDirectory="be574507-b886-4a84-93e1-4dc668962511" /><UnitTestResult executionId="a9aaee51-2f55-4b4e-8458-231adbfa9137" testId="5f0e0417-0e49-4844-a831-9a4fd83cc85b" testName="SessionStartIsReportedForDataCollectionLevel1" computerName="TAG009442327432" duration="00:00:00.0010000" startTime="2018-09-20T12:48:03.0000000+02:00" endTime="2018-09-20T12:48:03.0000000+02:00" testType="13cdc9d9-ddb5-4fa4-a97d-d965ccfc6d4b" outcome="Passed" testListId="8c84fa94-04c1-424b-9868-57a2d4851a1d" relativeResultsDirectory="a9aaee51-2f55-4b4e-8458-231adbfa9137" /><UnitTestResult executionId="536b0dbf-02eb-4840-b2f8-0cbc8da13cf8" testId="62b78d4d-7e6e-473d-a8a9-3ace891bab68" testName="IpV6AddressValid_CharactersUpperCase" computerName="TAG009442327432" duration="00:00:00.0000001" startTime="2018-09-20T12:48:03.0000000+02:00" endTime="2018-09-20T12:48:03.0000000+02:00" testType="13cdc9d9-ddb5-4fa4-a97d-d965ccfc6d4b" outcome="Passed" testListId="8c84fa94-04c1-424b-9868-57a2d4851a1d" relativeResultsDirectory="536b0dbf-02eb-4840-b2f8-0cbc8da13cf8" /><UnitTestResult executionId="3cb188f5-e68a-48b4-b4d0-36a0553888aa" testId="ea28e153-88f8-47c4-9355-e23bfc87d46a" testName="CanSetCrashReportingLevelForDynatrace" computerName="TAG009442327432" duration="00:00:00.0000001" startTime="2018-09-20T12:48:03.0000000+02:00" endTime="2018-09-20T12:48:03.0000000+02:00" testType="13cdc9d9-ddb5-4fa4-a97d-d965ccfc6d4b" outcome="Passed" testListId="8c84fa94-04c1-424b-9868-57a2d4851a1d" relativeResultsDirectory="3cb188f5-e68a-48b4-b4d0-36a0553888aa" /><UnitTestResult executionId="4906491c-ab7f-43f7-8bbc-cea7108f47ab" testId="c26fa671-a90e-49e3-a2ab-cd61f530d02a" testName="getNextBeaconChunkRetrievesNextChunk" computerName="TAG009442327432" duration="00:00:00.0010000" startTime="2018-09-20T12:48:02.0000000+02:00" endTime="2018-09-20T12:48:02.0000000+02:00" testType="13cdc9d9-ddb5-4fa4-a97d-d965ccfc6d4b" outcome="Passed" testListId="8c84fa94-04c1-424b-9868-57a2d4851a1d" relativeResultsDirectory="4906491c-ab7f-43f7-8bbc-cea7108f47ab" /><UnitTestResult executionId="ae2cc551-ec31-4df5-bd39-7d60c4026d1d" testId="868c77bc-343a-4e77-a2ff-b8758f2c1711" testName="RemoveRecordsOlderThanRemovesNothingIfNoActionOrEventDataExists" computerName="TAG009442327432" duration="00:00:00.0000001" startTime="2018-09-20T12:48:02.0000000+02:00" endTime="2018-09-20T12:48:02.0000000+02:00" testType="13cdc9d9-ddb5-4fa4-a97d-d965ccfc6d4b" outcome="Passed" testListId="8c84fa94-04c1-424b-9868-57a2d4851a1d" relativeResultsDirectory="ae2cc551-ec31-4df5-bd39-7d60c4026d1d" /><UnitTestResult executionId="722d1247-92ee-4801-9cf9-f482e883efe0" testId="19dbf095-6d46-4c6b-a580-754cbf22303e" testName="AddActionDataIncreasesCacheSize" computerName="TAG009442327432" duration="00:00:00.0010000" startTime="2018-09-20T12:48:02.0000000+02:00" endTime="2018-09-20T12:48:02.0000000+02:00" testType="13cdc9d9-ddb5-4fa4-a97d-d965ccfc6d4b" outcome="Passed" testListId="8c84fa94-04c1-424b-9868-57a2d4851a1d" relativeResultsDirectory="722d1247-92ee-4801-9cf9-f482e883efe0" /><UnitTestResult executionId="b1006c16-5ca6-4d97-ad47-7fc28048924d" testId="9a4789ea-ba11-4440-840f-340def6834c7" testName="CanAddUserIdentifyEvent" computerName="TAG009442327432" duration="00:00:00.0000001" startTime="2018-09-20T12:48:03.0000000+02:00" endTime="2018-09-20T12:48:03.0000000+02:00" testType="13cdc9d9-ddb5-4fa4-a97d-d965ccfc6d4b" outcome="Passed" testListId="8c84fa94-04c1-424b-9868-57a2d4851a1d" relativeResultsDirectory="b1006c16-5ca6-4d97-ad47-7fc28048924d" /><UnitTestResult executionId="c584ecbe-81b1-4993-bf35-97abaada81d6" testId="1bc24d3e-e5cf-43ef-8756-5d8f18a4920e" testName="IpV4AddressIsInvalidDueToAdditionalCharacterInThirdBlock" computerName="TAG009442327432" duration="00:00:00.0000001" startTime="2018-09-20T12:48:03.0000000+02:00" endTime="2018-09-20T12:48:03.0000000+02:00" testType="13cdc9d9-ddb5-4fa4-a97d-d965ccfc6d4b" outcome="Passed" testListId="8c84fa94-04c1-424b-9868-57a2d4851a1d" relativeResultsDirectory="c584ecbe-81b1-4993-bf35-97abaada81d6" /><UnitTestResult executionId="c9987bf8-4218-49ed-98fe-90ff0ace68b0" testId="00d83cac-dcfb-4653-8acd-b3be8b875dcc" testName="IpV4AddressIsInvalidDoubleColonsInsteadOfPoints" computerName="TAG009442327432" duration="00:00:00.0000001" startTime="2018-09-20T12:48:03.0000000+02:00" endTime="2018-09-20T12:48:03.0000000+02:00" testType="13cdc9d9-ddb5-4fa4-a97d-d965ccfc6d4b" outcome="Passed" testListId="8c84fa94-04c1-424b-9868-57a2d4851a1d" relativeResultsDirectory="c9987bf8-4218-49ed-98fe-90ff0ace68b0" /><UnitTestResult executionId="3072031b-afdd-40b3-909e-3a4d061b8200" testId="64f0741f-9525-418f-bfde-4b96a4c7fb06" testName="MultiplicityIsSetToZeroIfNoFurtherNewSessionRequestsAreAllowed" computerName="TAG009442327432" duration="00:00:00.0020000" startTime="2018-09-20T12:48:02.0000000+02:00" endTime="2018-09-20T12:48:02.0000000+02:00" testType="13cdc9d9-ddb5-4fa4-a97d-d965ccfc6d4b" outcome="Passed" testListId="8c84fa94-04c1-424b-9868-57a2d4851a1d" relativeResultsDirectory="3072031b-afdd-40b3-909e-3a4d061b8200" /><UnitTestResult executionId="680b5515-bdc7-4b85-b57f-328389aea2b5" testId="88a29562-1103-40a8-9fc5-ac42e94c93db" testName="ReportStringValueDoesNothingIfValueNameIsNull" computerName="TAG009442327432" duration="00:00:00.0010000" startTime="2018-09-20T12:48:02.0000000+02:00" endTime="2018-09-20T12:48:02.0000000+02:00" testType="13cdc9d9-ddb5-4fa4-a97d-d965ccfc6d4b" outcome="Passed" testListId="8c84fa94-04c1-424b-9868-57a2d4851a1d" relativeResultsDirectory="680b5515-bdc7-4b85-b57f-328389aea2b5" /><UnitTestResult executionId="564c0e78-d028-429f-be12-6c1fc4f3e513" testId="bb1e5e5e-b236-41ac-bdf8-fc90518c1932" testName="SessionReportedForDataCollectionLevel2" computerName="TAG009442327432" duration="00:00:00.0000001" startTime="2018-09-20T12:48:03.0000000+02:00" endTime="2018-09-20T12:48:03.0000000+02:00" testType="13cdc9d9-ddb5-4fa4-a97d-d965ccfc6d4b" outcome="Passed" testListId="8c84fa94-04c1-424b-9868-57a2d4851a1d" relativeResultsDirectory="564c0e78-d028-429f-be12-6c1fc4f3e513" /><UnitTestResult executionId="1ed5f790-a87c-40bb-8a3e-d37858678af6" testId="92bab606-ea04-457c-97e4-d800de8cf188" testName="GetRetryAfterReturnsDefaultValueIfResponseKeyDoesNotExist" computerName="TAG009442327432" duration="00:00:00.0000001" startTime="2018-09-20T12:48:05.0000000+02:00" endTime="2018-09-20T12:48:05.0000000+02:00" testType="13cdc9d9-ddb5-4fa4-a97d-d965ccfc6d4b" outcome="Passed" testListId="8c84fa94-04c1-424b-9868-57a2d4851a1d" relativeResultsDirectory="1ed5f790-a87c-40bb-8a3e-d37858678af6" /><UnitTestResult executionId="dcd3fa83-7031-48b5-a05f-f1fedba3f940" testId="427224df-2d55-41e9-bab7-192f032e3484" testName="DataSizeInBytes" computerName="TAG009442327432" duration="00:00:00.0010000" startTime="2018-09-20T12:48:02.0000000+02:00" endTime="2018-09-20T12:48:02.0000000+02:00" testType="13cdc9d9-ddb5-4fa4-a97d-d965ccfc6d4b" outcome="Passed" testListId="8c84fa94-04c1-424b-9868-57a2d4851a1d" relativeResultsDirectory="dcd3fa83-7031-48b5-a05f-f1fedba3f940" /><UnitTestResult executionId="a4efe690-6d2e-4537-8645-d6071d5891c5" testId="cc292104-5ce5-4df0-b8a3-62f4563379fd" testName="StateIsNotTerminal" computerName="TAG009442327432" duration="00:00:00.0000001" startTime="2018-09-20T12:48:02.0000000+02:00" endTime="2018-09-20T12:48:02.0000000+02:00" testType="13cdc9d9-ddb5-4fa4-a97d-d965ccfc6d4b" outcome="Passed" testListId="8c84fa94-04c1-424b-9868-57a2d4851a1d" relativeResultsDirectory="a4efe690-6d2e-4537-8645-d6071d5891c5" /><UnitTestResult executionId="b6593eb3-71c0-4e66-958f-cb16bd6a0b06" testId="7cb64a86-cfc6-46e7-9f0d-3fc8c9993b80" testName="CanGetCurrentTimestamp" computerName="TAG009442327432" duration="00:00:00.0010000" startTime="2018-09-20T12:48:03.0000000+02:00" endTime="2018-09-20T12:48:03.0000000+02:00" testType="13cdc9d9-ddb5-4fa4-a97d-d965ccfc6d4b" outcome="Passed" testListId="8c84fa94-04c1-424b-9868-57a2d4851a1d" relativeResultsDirectory="b6593eb3-71c0-4e66-958f-cb16bd6a0b06" /><UnitTestResult executionId="dd7f4663-9f93-44b0-84ec-527145f7a58e" testId="7b1a2d1a-f64f-4606-a844-948875ebf6ae" testName="IpV6AddressMixedNotationIsValid_ZerosIPv6NonCompressed" computerName="TAG009442327432" duration="00:00:00.0000001" startTime="2018-09-20T12:48:03.0000000+02:00" endTime="2018-09-20T12:48:03.0000000+02:00" testType="13cdc9d9-ddb5-4fa4-a97d-d965ccfc6d4b" outcome="Passed" testListId="8c84fa94-04c1-424b-9868-57a2d4851a1d" relativeResultsDirectory="dd7f4663-9f93-44b0-84ec-527145f7a58e" /><UnitTestResult executionId="ffe6d878-64e3-4e84-bf39-6e0fb5a49ae4" testId="87ee0d3d-07fc-4e0d-9f78-6036c53b3408" testName="ParsingInvalidNumericValueForCaptureErrorsThrowsException" computerName="TAG009442327432" duration="00:00:00.0020000" startTime="2018-09-20T12:48:05.0000000+02:00" endTime="2018-09-20T12:48:05.0000000+02:00" testType="13cdc9d9-ddb5-4fa4-a97d-d965ccfc6d4b" outcome="Passed" testListId="8c84fa94-04c1-424b-9868-57a2d4851a1d" relativeResultsDirectory="ffe6d878-64e3-4e84-bf39-6e0fb5a49ae4" /><UnitTestResult executionId="1d3f55d4-f0c3-4aa3-ab2d-9eeb9803836d" testId="0cfc8917-cdc2-4d9d-89db-659a5a97bfb9" testName="TimeSyncIsNotSupportedIfInitCalledWithFalse" computerName="TAG009442327432" duration="00:00:00.0000001" startTime="2018-09-20T12:48:05.0000000+02:00" endTime="2018-09-20T12:48:05.0000000+02:00" testType="13cdc9d9-ddb5-4fa4-a97d-d965ccfc6d4b" outcome="Passed" testListId="8c84fa94-04c1-424b-9868-57a2d4851a1d" relativeResultsDirectory="1d3f55d4-f0c3-4aa3-ab2d-9eeb9803836d" /><UnitTestResult executionId="c304b200-fc6a-4184-803b-6bb5397c5718" testId="17f241e1-5e14-401b-a7e0-e28443772b6f" testName="NoIntValueIsReportedIfBeaconConfigurationDisablesCapturing" computerName="TAG009442327432" duration="00:00:00.0010000" startTime="2018-09-20T12:48:03.0000000+02:00" endTime="2018-09-20T12:48:03.0000000+02:00" testType="13cdc9d9-ddb5-4fa4-a97d-d965ccfc6d4b" outcome="Passed" testListId="8c84fa94-04c1-424b-9868-57a2d4851a1d" relativeResultsDirectory="c304b200-fc6a-4184-803b-6bb5397c5718" /><UnitTestResult executionId="ed19ca56-dd59-4199-8dd2-b57c0665c2f5" testId="6eec1c10-1c73-4a86-be14-f283966c413c" testName="SendTimeSyncRequestReturnsAnUnknownErrorResponseForWrongHttpResponse" computerName="TAG009442327432" duration="00:00:00.0040000" startTime="2018-09-20T12:48:04.0000000+02:00" endTime="2018-09-20T12:48:05.0000000+02:00" testType="13cdc9d9-ddb5-4fa4-a97d-d965ccfc6d4b" outcome="Passed" testListId="8c84fa94-04c1-424b-9868-57a2d4851a1d" relativeResultsDirectory="ed19ca56-dd59-4199-8dd2-b57c0665c2f5" /><UnitTestResult executionId="7bd759b0-c146-40cc-96b4-7da2236ad3c4" testId="b45ad0a2-d1ff-4096-8cbc-b73349b8b02b" testName="ReportEventDoesNothingIfEventNameIsAnEmptyString" computerName="TAG009442327432" duration="00:00:00.0010000" startTime="2018-09-20T12:48:02.0000000+02:00" endTime="2018-09-20T12:48:02.0000000+02:00" testType="13cdc9d9-ddb5-4fa4-a97d-d965ccfc6d4b" outcome="Passed" testListId="8c84fa94-04c1-424b-9868-57a2d4851a1d" relativeResultsDirectory="7bd759b0-c146-40cc-96b4-7da2236ad3c4" /><UnitTestResult executionId="0a101641-e73f-43ff-91a9-4305eb5eb45b" testId="ea33896d-6fe2-420b-bd1f-f35a2baae77b" testName="ExecuteEvictionCallsEvictionForEachBeaconSeparately" computerName="TAG009442327432" duration="00:00:00.0030000" startTime="2018-09-20T12:48:02.0000000+02:00" endTime="2018-09-20T12:48:02.0000000+02:00" testType="13cdc9d9-ddb5-4fa4-a97d-d965ccfc6d4b" outcome="Passed" testListId="8c84fa94-04c1-424b-9868-57a2d4851a1d" relativeResultsDirectory="0a101641-e73f-43ff-91a9-4305eb5eb45b" /><UnitTestResult executionId="df2a6e96-11b6-4d9e-bc66-d8d6c14ac3c8" testId="a3ef7fa4-a57c-45c0-8265-ec59c242d247" testName="SendStatusRequestSendsOneHTTPGetRequest" computerName="TAG009442327432" duration="00:00:00.0010000" startTime="2018-09-20T12:48:04.0000000+02:00" endTime="2018-09-20T12:48:04.0000000+02:00" testType="13cdc9d9-ddb5-4fa4-a97d-d965ccfc6d4b" outcome="Passed" testListId="8c84fa94-04c1-424b-9868-57a2d4851a1d" relativeResultsDirectory="df2a6e96-11b6-4d9e-bc66-d8d6c14ac3c8" /><UnitTestResult executionId="5334dd44-3150-4895-894a-e4065b294a15" testId="43b6a7f9-b062-4ada-9f0d-4b8d617ba617" testName="StartDoesNothingIfAlreadyStopped" computerName="TAG009442327432" duration="00:00:00.0010000" startTime="2018-09-20T12:48:03.0000000+02:00" endTime="2018-09-20T12:48:03.0000000+02:00" testType="13cdc9d9-ddb5-4fa4-a97d-d965ccfc6d4b" outcome="Passed" testListId="8c84fa94-04c1-424b-9868-57a2d4851a1d" relativeResultsDirectory="5334dd44-3150-4895-894a-e4065b294a15" /><UnitTestResult executionId="363700af-80f0-46f4-b856-028d7102ea9d" testId="7d672f6b-2289-4d4c-ba29-86e903284ff3" testName="EndingASessionReturnsImmediatelyIfEndedBefore" computerName="TAG009442327432" duration="00:00:00.0010000" startTime="2018-09-20T12:48:03.0000000+02:00" endTime="2018-09-20T12:48:03.0000000+02:00" testType="13cdc9d9-ddb5-4fa4-a97d-d965ccfc6d4b" outcome="Passed" testListId="8c84fa94-04c1-424b-9868-57a2d4851a1d" relativeResultsDirectory="363700af-80f0-46f4-b856-028d7102ea9d" /><UnitTestResult executionId="6e859f0d-cd6b-485b-a06c-8ad95d001a35" testId="51b64cec-d59d-4738-bcc8-058c0fd20614" testName="ShutdownStateIsFlushState" computerName="TAG009442327432" duration="00:00:00.0000001" startTime="2018-09-20T12:48:02.0000000+02:00" endTime="2018-09-20T12:48:02.0000000+02:00" testType="13cdc9d9-ddb5-4fa4-a97d-d965ccfc6d4b" outcome="Passed" testListId="8c84fa94-04c1-424b-9868-57a2d4851a1d" relativeResultsDirectory="6e859f0d-cd6b-485b-a06c-8ad95d001a35" /><UnitTestResult executionId="8a30ebfa-162a-49c9-b65c-d3a947ed41b9" testId="8ce8a9a9-109b-4be9-aebe-df71f60b1924" testName="DefaultSessionIDProviderReturnsNonNegativeID" computerName="TAG009442327432" duration="00:00:00.0010000" startTime="2018-09-20T12:48:05.0000000+02:00" endTime="2018-09-20T12:48:05.0000000+02:00" testType="13cdc9d9-ddb5-4fa4-a97d-d965ccfc6d4b" outcome="Passed" testListId="8c84fa94-04c1-424b-9868-57a2d4851a1d" relativeResultsDirectory="8a30ebfa-162a-49c9-b65c-d3a947ed41b9" /><UnitTestResult executionId="8e9145c0-fa42-4a55-aeef-9f1d78f38c55" testId="284a7abf-7b24-445a-a384-22cd7287f511" testName="TimeSyncRequestsAreInterruptedAfterUnsuccessfulRetriesWithNullResponse" computerName="TAG009442327432" duration="00:00:00.0010000" startTime="2018-09-20T12:48:03.0000000+02:00" endTime="2018-09-20T12:48:03.0000000+02:00" testType="13cdc9d9-ddb5-4fa4-a97d-d965ccfc6d4b" outcome="Passed" testListId="8c84fa94-04c1-424b-9868-57a2d4851a1d" relativeResultsDirectory="8e9145c0-fa42-4a55-aeef-9f1d78f38c55" /><UnitTestResult executionId="0bb3e2e3-02b5-4e59-a970-e461998e4376" testId="df63b76a-2213-4b84-9e0b-57c10f9d0f08" testName="SendStatusRequestReturnsTooManyRequestsResponseImmediately" computerName="TAG009442327432" duration="00:00:00.0020000" startTime="2018-09-20T12:48:03.0000000+02:00" endTime="2018-09-20T12:48:03.0000000+02:00" testType="13cdc9d9-ddb5-4fa4-a97d-d965ccfc6d4b" outcome="Passed" testListId="8c84fa94-04c1-424b-9868-57a2d4851a1d" relativeResultsDirectory="0bb3e2e3-02b5-4e59-a970-e461998e4376" /><UnitTestResult executionId="f3b80abe-79d9-45c5-a72e-251883dd93c8" testId="d09a1a5b-d78e-4986-910f-1b639991a505" testName="TransitionToCaptureOnStateIsPerformed" computerName="TAG009442327432" duration="00:00:00.0010000" startTime="2018-09-20T12:48:02.0000000+02:00" endTime="2018-09-20T12:48:02.0000000+02:00" testType="13cdc9d9-ddb5-4fa4-a97d-d965ccfc6d4b" outcome="Passed" testListId="8c84fa94-04c1-424b-9868-57a2d4851a1d" relativeResultsDirectory="f3b80abe-79d9-45c5-a72e-251883dd93c8" /><UnitTestResult executionId="745c8206-e284-42d4-a170-b6eb6b255359" testId="e72154e0-2d2f-4114-a086-8369a1ca647a" testName="SendTimeSyncRequestSendRequestToTimeSyncURL" computerName="TAG009442327432" duration="00:00:00.0020000" startTime="2018-09-20T12:48:05.0000000+02:00" endTime="2018-09-20T12:48:05.0000000+02:00" testType="13cdc9d9-ddb5-4fa4-a97d-d965ccfc6d4b" outcome="Passed" testListId="8c84fa94-04c1-424b-9868-57a2d4851a1d" relativeResultsDirectory="745c8206-e284-42d4-a170-b6eb6b255359" /><UnitTestResult executionId="7e30b142-070a-46fc-886f-e78533861099" testId="e17f64ce-68bc-4f5b-8e3c-464f33e49693" testName="CapturingIsDisallowedWhenMultiplicityIsLessThanOrEqualToZero" computerName="TAG009442327432" duration="00:00:00.0000001" startTime="2018-09-20T12:48:03.0000000+02:00" endTime="2018-09-20T12:48:03.0000000+02:00" testType="13cdc9d9-ddb5-4fa4-a97d-d965ccfc6d4b" outcome="Passed" testListId="8c84fa94-04c1-424b-9868-57a2d4851a1d" relativeResultsDirectory="7e30b142-070a-46fc-886f-e78533861099" /><UnitTestResult executionId="8d8b81a9-49b7-4a1c-9882-b671f35aa609" testId="c86fced8-f549-4be4-a57c-532283237ed5" testName="NeedsDataCopyBeforeChunkingGivesFalseAfterDataHasBeenCopied" computerName="TAG009442327432" duration="00:00:00.0000001" startTime="2018-09-20T12:48:02.0000000+02:00" endTime="2018-09-20T12:48:02.0000000+02:00" testType="13cdc9d9-ddb5-4fa4-a97d-d965ccfc6d4b" outcome="Passed" testListId="8c84fa94-04c1-424b-9868-57a2d4851a1d" relativeResultsDirectory="8d8b81a9-49b7-4a1c-9882-b671f35aa609" /><UnitTestResult executionId="c376e5d7-dec0-4fbc-a28d-2d0f9d681198" testId="2de9f403-8081-4921-8d65-49c322a250b0" testName="IsInfoEnabledIsTrueIfVerboseIsTrue" computerName="TAG009442327432" duration="00:00:00.0000001" startTime="2018-09-20T12:48:03.0000000+02:00" endTime="2018-09-20T12:48:03.0000000+02:00" testType="13cdc9d9-ddb5-4fa4-a97d-d965ccfc6d4b" outcome="Passed" testListId="8c84fa94-04c1-424b-9868-57a2d4851a1d" relativeResultsDirectory="c376e5d7-dec0-4fbc-a28d-2d0f9d681198" /><UnitTestResult executionId="e7bd418c-7bed-4119-87f3-1b8d0e939c15" testId="0d310928-a928-40d8-abc9-b0bd47e157b4" testName="ReceivingTooManyRequestsResponseUsesSleepTimeFromResponse" computerName="TAG009442327432" duration="00:00:00.0010000" startTime="2018-09-20T12:48:03.0000000+02:00" endTime="2018-09-20T12:48:03.0000000+02:00" testType="13cdc9d9-ddb5-4fa4-a97d-d965ccfc6d4b" outcome="Passed" testListId="8c84fa94-04c1-424b-9868-57a2d4851a1d" relativeResultsDirectory="e7bd418c-7bed-4119-87f3-1b8d0e939c15" /><UnitTestResult executionId="55078ff0-c075-4f47-83fa-83c1d63018ba" testId="1172a0e8-0c6b-48db-9d26-0e3f12874fd4" testName="ReportStringValueDoesNothingIfValueNameIsAnEmptyString" computerName="TAG009442327432" duration="00:00:00.0010000" startTime="2018-09-20T12:48:02.0000000+02:00" endTime="2018-09-20T12:48:02.0000000+02:00" testType="13cdc9d9-ddb5-4fa4-a97d-d965ccfc6d4b" outcome="Passed" testListId="8c84fa94-04c1-424b-9868-57a2d4851a1d" relativeResultsDirectory="55078ff0-c075-4f47-83fa-83c1d63018ba" /><UnitTestResult executionId="2f1a9bf3-1858-48c9-b35e-3726fd69b290" testId="44c4e5fa-1ff7-4872-b768-e98535e78ce3" testName="DefaultMaxBeaconSizeIsMinusOne" computerName="TAG009442327432" duration="00:00:00.0000001" startTime="2018-09-20T12:48:05.0000000+02:00" endTime="2018-09-20T12:48:05.0000000+02:00" testType="13cdc9d9-ddb5-4fa4-a97d-d965ccfc6d4b" outcome="Passed" testListId="8c84fa94-04c1-424b-9868-57a2d4851a1d" relativeResultsDirectory="2f1a9bf3-1858-48c9-b35e-3726fd69b290" /><UnitTestResult executionId="0ab0f631-9d0e-486b-8565-3b158f691098" testId="47bd6b48-6cba-411d-aeee-890779a51d36" testName="SessionStartIsReportedForDataCollectionLevel0" computerName="TAG009442327432" duration="00:00:00.0000001" startTime="2018-09-20T12:48:03.0000000+02:00" endTime="2018-09-20T12:48:03.0000000+02:00" testType="13cdc9d9-ddb5-4fa4-a97d-d965ccfc6d4b" outcome="Passed" testListId="8c84fa94-04c1-424b-9868-57a2d4851a1d" relativeResultsDirectory="0ab0f631-9d0e-486b-8565-3b158f691098" /><UnitTestResult executionId="adcd06f2-0e64-4b79-a5bc-027765fc69fb" testId="d09ac312-591e-4f74-bb97-da85c03a9759" testName="TraceWebRequestGivesNullWebRequestTracerIfSessionIsAlreadyEnded" computerName="TAG009442327432" duration="00:00:00.0010000" startTime="2018-09-20T12:48:03.0000000+02:00" endTime="2018-09-20T12:48:03.0000000+02:00" testType="13cdc9d9-ddb5-4fa4-a97d-d965ccfc6d4b" outcome="Passed" testListId="8c84fa94-04c1-424b-9868-57a2d4851a1d" relativeResultsDirectory="adcd06f2-0e64-4b79-a5bc-027765fc69fb" /><UnitTestResult executionId="1db9ec7c-07cc-448f-b712-477866dec687" testId="29a25e08-d125-406c-a761-979825e1027c" testName="StatusRequestIsRetried" computerName="TAG009442327432" duration="00:00:00.0010000" startTime="2018-09-20T12:48:02.0000000+02:00" endTime="2018-09-20T12:48:02.0000000+02:00" testType="13cdc9d9-ddb5-4fa4-a97d-d965ccfc6d4b" outcome="Passed" testListId="8c84fa94-04c1-424b-9868-57a2d4851a1d" relativeResultsDirectory="1db9ec7c-07cc-448f-b712-477866dec687" /><UnitTestResult executionId="f2537528-7ae6-446e-8596-2c633464f098" testId="de330acf-792b-4881-9bcf-e83423dc0536" testName="EnterActionReturnsNullActionIfActionNameIsNull" computerName="TAG009442327432" duration="00:00:00.0010000" startTime="2018-09-20T12:48:03.0000000+02:00" endTime="2018-09-20T12:48:03.0000000+02:00" testType="13cdc9d9-ddb5-4fa4-a97d-d965ccfc6d4b" outcome="Passed" testListId="8c84fa94-04c1-424b-9868-57a2d4851a1d" relativeResultsDirectory="f2537528-7ae6-446e-8596-2c633464f098" /><UnitTestResult executionId="575e8228-4aea-47f6-a694-00b1e205ffd6" testId="72127510-61b7-4a6b-b613-c8b8a45dc0f7" testName="CanSleepLonger" computerName="TAG009442327432" duration="00:00:00.0000001" startTime="2018-09-20T12:48:03.0000000+02:00" endTime="2018-09-20T12:48:03.0000000+02:00" testType="13cdc9d9-ddb5-4fa4-a97d-d965ccfc6d4b" outcome="Passed" testListId="8c84fa94-04c1-424b-9868-57a2d4851a1d" relativeResultsDirectory="575e8228-4aea-47f6-a694-00b1e205ffd6" /><UnitTestResult executionId="ec397a8f-acad-4bf2-a726-aa28cdd481f4" testId="d88bf6a1-ac4b-4e1d-b88a-a00c7e7c9ee8" testName="WaitForInitWhenWithTimeoutSuccess" computerName="TAG009442327432" duration="00:00:00.0000001" startTime="2018-09-20T12:48:03.0000000+02:00" endTime="2018-09-20T12:48:03.0000000+02:00" testType="13cdc9d9-ddb5-4fa4-a97d-d965ccfc6d4b" outcome="Passed" testListId="8c84fa94-04c1-424b-9868-57a2d4851a1d" relativeResultsDirectory="ec397a8f-acad-4bf2-a726-aa28cdd481f4" /><UnitTestResult executionId="431e5b3f-6fd5-4979-ab1c-a6a0a99a72d9" testId="be8d0eb2-9378-430b-99af-c11da7b10f26" testName="CanSetBeaconCacheUpperMemoryBoundaryForAppMon" computerName="TAG009442327432" duration="00:00:00.0000001" startTime="2018-09-20T12:48:03.0000000+02:00" endTime="2018-09-20T12:48:03.0000000+02:00" testType="13cdc9d9-ddb5-4fa4-a97d-d965ccfc6d4b" outcome="Passed" testListId="8c84fa94-04c1-424b-9868-57a2d4851a1d" relativeResultsDirectory="431e5b3f-6fd5-4979-ab1c-a6a0a99a72d9" /><UnitTestResult executionId="e327c33c-2980-462e-bcb9-1ee3b52bc99a" testId="0b65b0e0-8f4a-486c-a14d-14b0e4d380b5" testName="TransitionToCaptureOffIsPerformedOnSuccess" computerName="TAG009442327432" duration="00:00:00.0010000" startTime="2018-09-20T12:48:03.0000000+02:00" endTime="2018-09-20T12:48:03.0000000+02:00" testType="13cdc9d9-ddb5-4fa4-a97d-d965ccfc6d4b" outcome="Passed" testListId="8c84fa94-04c1-424b-9868-57a2d4851a1d" relativeResultsDirectory="e327c33c-2980-462e-bcb9-1ee3b52bc99a" /><UnitTestResult executionId="5a1f6c93-eeb1-4032-ada1-20b96e4e903a" testId="286640ee-df35-486b-b70f-3e9ba6adb486" testName="IpV6AddressIsInvalidOverflow" computerName="TAG009442327432" duration="00:00:00.0000001" startTime="2018-09-20T12:48:03.0000000+02:00" endTime="2018-09-20T12:48:03.0000000+02:00" testType="13cdc9d9-ddb5-4fa4-a97d-d965ccfc6d4b" outcome="Passed" testListId="8c84fa94-04c1-424b-9868-57a2d4851a1d" relativeResultsDirectory="5a1f6c93-eeb1-4032-ada1-20b96e4e903a" /><UnitTestResult executionId="d9e43d2b-cec5-43b3-9242-87c9d34c2be8" testId="4368db7d-6059-4ae1-a349-74ce785434da" testName="MaxRecordAge" computerName="TAG009442327432" duration="00:00:00.0000001" startTime="2018-09-20T12:48:03.0000000+02:00" endTime="2018-09-20T12:48:03.0000000+02:00" testType="13cdc9d9-ddb5-4fa4-a97d-d965ccfc6d4b" outcome="Passed" testListId="8c84fa94-04c1-424b-9868-57a2d4851a1d" relativeResultsDirectory="d9e43d2b-cec5-43b3-9242-87c9d34c2be8" /><UnitTestResult executionId="aaff3ac4-cefb-44f9-bae0-b0b829f37e60" testId="78c4c045-f2f7-449b-b2ac-5c474ea629bb" testName="CanSetBeaconCacheUpperMemoryBoundaryForDynatrace" computerName="TAG009442327432" duration="00:00:00.0000001" startTime="2018-09-20T12:48:03.0000000+02:00" endTime="2018-09-20T12:48:03.0000000+02:00" testType="13cdc9d9-ddb5-4fa4-a97d-d965ccfc6d4b" outcome="Passed" testListId="8c84fa94-04c1-424b-9868-57a2d4851a1d" relativeResultsDirectory="aaff3ac4-cefb-44f9-bae0-b0b829f37e60" /><UnitTestResult executionId="2392a7ce-a2b8-4457-8dfb-f8cf0b3a9331" testId="7ddd9cd6-6080-4e63-b75d-9e117e1c6875" testName="EvictRecordsByAge" computerName="TAG009442327432" duration="00:00:00.0010000" startTime="2018-09-20T12:48:02.0000000+02:00" endTime="2018-09-20T12:48:02.0000000+02:00" testType="13cdc9d9-ddb5-4fa4-a97d-d965ccfc6d4b" outcome="Passed" testListId="8c84fa94-04c1-424b-9868-57a2d4851a1d" relativeResultsDirectory="2392a7ce-a2b8-4457-8dfb-f8cf0b3a9331" /><UnitTestResult executionId="c00a5012-7013-4581-aabb-260eac11ac9a" testId="4ba655a4-3997-4624-b5c2-defb2fee7fec" testName="TheStrategyIsDisabledIfCacheSizeUpperBoundIsLessThanLowerBound" computerName="TAG009442327432" duration="00:00:00.0000001" startTime="2018-09-20T12:48:02.0000000+02:00" endTime="2018-09-20T12:48:02.0000000+02:00" testType="13cdc9d9-ddb5-4fa4-a97d-d965ccfc6d4b" outcome="Passed" testListId="8c84fa94-04c1-424b-9868-57a2d4851a1d" relativeResultsDirectory="c00a5012-7013-4581-aabb-260eac11ac9a" /><UnitTestResult executionId="d59f2c28-bec1-49f7-b740-19520f329d92" testId="fe2eaee7-d971-421e-94b5-6bd5d06afa02" testName="NoErrorIsReportedIfBeaconConfigurationDisablesCapturing" computerName="TAG009442327432" duration="00:00:00.0010000" startTime="2018-09-20T12:48:03.0000000+02:00" endTime="2018-09-20T12:48:03.0000000+02:00" testType="13cdc9d9-ddb5-4fa4-a97d-d965ccfc6d4b" outcome="Passed" testListId="8c84fa94-04c1-424b-9868-57a2d4851a1d" relativeResultsDirectory="d59f2c28-bec1-49f7-b740-19520f329d92" /><UnitTestResult executionId="c4c94d15-27cb-4679-a989-3f37717e38fc" testId="7cdf630c-b6b6-4b93-a74e-3a360c9e53dd" testName="StartSetsTheStartTime" computerName="TAG009442327432" duration="00:00:00.0000001" startTime="2018-09-20T12:48:03.0000000+02:00" endTime="2018-09-20T12:48:03.0000000+02:00" testType="13cdc9d9-ddb5-4fa4-a97d-d965ccfc6d4b" outcome="Passed" testListId="8c84fa94-04c1-424b-9868-57a2d4851a1d" relativeResultsDirectory="c4c94d15-27cb-4679-a989-3f37717e38fc" /><UnitTestResult executionId="93751c27-0d96-4e35-ace8-27e740f553fc" testId="68f97b52-f089-45a0-b3c7-e9e85fbca516" testName="LeavingRootActionReturnsNullValueAsParent" computerName="TAG009442327432" duration="00:00:00.0010000" startTime="2018-09-20T12:48:03.0000000+02:00" endTime="2018-09-20T12:48:03.0000000+02:00" testType="13cdc9d9-ddb5-4fa4-a97d-d965ccfc6d4b" outcome="Passed" testListId="8c84fa94-04c1-424b-9868-57a2d4851a1d" relativeResultsDirectory="93751c27-0d96-4e35-ace8-27e740f553fc" /><UnitTestResult executionId="41279f11-715e-4f2b-a0e2-631646e15a76" testId="f8e59076-af84-416f-ad2c-92391f9511fd" testName="IsErroneousResponseGivesFalseForErrorCodeLessThan400" computerName="TAG009442327432" duration="00:00:00.0000001" startTime="2018-09-20T12:48:05.0000000+02:00" endTime="2018-09-20T12:48:05.0000000+02:00" testType="13cdc9d9-ddb5-4fa4-a97d-d965ccfc6d4b" outcome="Passed" testListId="8c84fa94-04c1-424b-9868-57a2d4851a1d" relativeResultsDirectory="41279f11-715e-4f2b-a0e2-631646e15a76" /><UnitTestResult executionId="1e1496df-f02c-4715-b9b0-17846ba51a08" testId="0645475d-a9dd-466a-afb2-09169efb4765" testName="DoubleValueNotReportedForDataCollectionLevel1" computerName="TAG009442327432" duration="00:00:00.0010000" startTime="2018-09-20T12:48:03.0000000+02:00" endTime="2018-09-20T12:48:03.0000000+02:00" testType="13cdc9d9-ddb5-4fa4-a97d-d965ccfc6d4b" outcome="Passed" testListId="8c84fa94-04c1-424b-9868-57a2d4851a1d" relativeResultsDirectory="1e1496df-f02c-4715-b9b0-17846ba51a08" /><UnitTestResult executionId="c3bf1917-4e34-4bd1-8745-10b14b6f14ff" testId="f281c374-fa7b-482b-9196-a22e8274711c" testName="RemoveRecordsOlderThanDoesNotRemoveAnythingFromEventAndActionsBeingSent" computerName="TAG009442327432" duration="00:00:00.0010000" startTime="2018-09-20T12:48:02.0000000+02:00" endTime="2018-09-20T12:48:02.0000000+02:00" testType="13cdc9d9-ddb5-4fa4-a97d-d965ccfc6d4b" outcome="Passed" testListId="8c84fa94-04c1-424b-9868-57a2d4851a1d" relativeResultsDirectory="c3bf1917-4e34-4bd1-8745-10b14b6f14ff" /><UnitTestResult executionId="6e8454a0-7294-44b4-96da-8907888bec6b" testId="646418c8-3e7b-4c69-b9bb-3dad4a3e0679" testName="TimeSyncIsSupportedIfInitCalledWithTrue" computerName="TAG009442327432" duration="00:00:00.0000001" startTime="2018-09-20T12:48:05.0000000+02:00" endTime="2018-09-20T12:48:05.0000000+02:00" testType="13cdc9d9-ddb5-4fa4-a97d-d965ccfc6d4b" outcome="Passed" testListId="8c84fa94-04c1-424b-9868-57a2d4851a1d" relativeResultsDirectory="6e8454a0-7294-44b4-96da-8907888bec6b" /><UnitTestResult executionId="bcd1f849-549d-4b53-bfa2-9c263ac832c7" testId="00698e57-c30e-4225-b049-d49f5eef1d34" testName="IpV4AddressIsValidHighestPossible" computerName="TAG009442327432" duration="00:00:00.0000001" startTime="2018-09-20T12:48:03.0000000+02:00" endTime="2018-09-20T12:48:03.0000000+02:00" testType="13cdc9d9-ddb5-4fa4-a97d-d965ccfc6d4b" outcome="Passed" testListId="8c84fa94-04c1-424b-9868-57a2d4851a1d" relativeResultsDirectory="bcd1f849-549d-4b53-bfa2-9c263ac832c7" /><UnitTestResult executionId="ea64b700-4d9c-47eb-ad10-1b1b5289cda8" testId="f565cf50-ab4f-4b39-9d35-551f6e5d8ec9" testName="ShouldRunGivesTrueIfLastRunIsMoreThanMaxAgeMillisecondsAgo" computerName="TAG009442327432" duration="00:00:00.0000001" startTime="2018-09-20T12:48:02.0000000+02:00" endTime="2018-09-20T12:48:02.0000000+02:00" testType="13cdc9d9-ddb5-4fa4-a97d-d965ccfc6d4b" outcome="Passed" testListId="8c84fa94-04c1-424b-9868-57a2d4851a1d" relativeResultsDirectory="ea64b700-4d9c-47eb-ad10-1b1b5289cda8" /><UnitTestResult executionId="cc033004-bdf2-4711-a344-2b6493a45cb4" testId="dd997e4e-31e6-44a4-939b-63c25a8bbdb6" testName="IsSuccessfulResponseReturnsFalseIfResponseIsNull" computerName="TAG009442327432" duration="00:00:00.0000001" startTime="2018-09-20T12:48:03.0000000+02:00" endTime="2018-09-20T12:48:03.0000000+02:00" testType="13cdc9d9-ddb5-4fa4-a97d-d965ccfc6d4b" outcome="Passed" testListId="8c84fa94-04c1-424b-9868-57a2d4851a1d" relativeResultsDirectory="cc033004-bdf2-4711-a344-2b6493a45cb4" /><UnitTestResult executionId="7267b744-22f4-4041-b4ef-9ea894523b51" testId="c41e9ca9-e857-4245-b7d2-d7813f944a22" testName="AfterStartingABeaconCacheEvictorItIsAlive" computerName="TAG009442327432" duration="00:00:00.0030000" startTime="2018-09-20T12:48:02.0000000+02:00" endTime="2018-09-20T12:48:02.0000000+02:00" testType="13cdc9d9-ddb5-4fa4-a97d-d965ccfc6d4b" outcome="Passed" testListId="8c84fa94-04c1-424b-9868-57a2d4851a1d" relativeResultsDirectory="7267b744-22f4-4041-b4ef-9ea894523b51" /><UnitTestResult executionId="578eb1eb-1e2a-4ec4-8ead-d9873badeb7a" testId="d4b929ad-bf90-4a40-b8bd-4396b15a89e6" testName="ABeaconSendingCaptureOnStateContinuesWithNextFinishedSessionIfSendingWasUnsuccessfulButBeaconIsEmtpy" computerName="TAG009442327432" duration="00:00:00.0130000" startTime="2018-09-20T12:48:02.0000000+02:00" endTime="2018-09-20T12:48:02.0000000+02:00" testType="13cdc9d9-ddb5-4fa4-a97d-d965ccfc6d4b" outcome="Passed" testListId="8c84fa94-04c1-424b-9868-57a2d4851a1d" relativeResultsDirectory="578eb1eb-1e2a-4ec4-8ead-d9873badeb7a" /><UnitTestResult executionId="550169ef-e649-4113-8238-2c20f7f36f6a" testId="1fd501c5-05f2-4e21-92fd-e2aecee8525a" testName="ErrorLogsAppropriateMessage" computerName="TAG009442327432" duration="00:00:00.0010000" startTime="2018-09-20T12:48:03.0000000+02:00" endTime="2018-09-20T12:48:03.0000000+02:00" testType="13cdc9d9-ddb5-4fa4-a97d-d965ccfc6d4b" outcome="Passed" testListId="8c84fa94-04c1-424b-9868-57a2d4851a1d" relativeResultsDirectory="550169ef-e649-4113-8238-2c20f7f36f6a" /><UnitTestResult executionId="63a3e180-83ba-4087-b75d-a955e0866620" testId="a813d97a-a2e8-481c-946e-26b09dbdc595" testName="DoubleValueNotReportedForDataCollectionLevel0" computerName="TAG009442327432" duration="00:00:00.0010000" startTime="2018-09-20T12:48:03.0000000+02:00" endTime="2018-09-20T12:48:03.0000000+02:00" testType="13cdc9d9-ddb5-4fa4-a97d-d965ccfc6d4b" outcome="Passed" testListId="8c84fa94-04c1-424b-9868-57a2d4851a1d" relativeResultsDirectory="63a3e180-83ba-4087-b75d-a955e0866620" /><UnitTestResult executionId="9e0dfc3f-da6d-461a-80e9-78c517b4830c" testId="e6aedadd-287e-4dbf-8f71-dfcee07c39b6" testName="InitializeTimeSyncDelegatesToTimingProvider" computerName="TAG009442327432" duration="00:00:00.0010000" startTime="2018-09-20T12:48:03.0000000+02:00" endTime="2018-09-20T12:48:03.0000000+02:00" testType="13cdc9d9-ddb5-4fa4-a97d-d965ccfc6d4b" outcome="Passed" testListId="8c84fa94-04c1-424b-9868-57a2d4851a1d" relativeResultsDirectory="9e0dfc3f-da6d-461a-80e9-78c517b4830c" /><UnitTestResult executionId="c27dcff3-d9d7-45e9-8cf9-982f927f21af" testId="6e61b5d1-6a70-4528-a03c-36bd47d58534" testName="DeleteCacheEntryDoesNotRaiseEvent" computerName="TAG009442327432" duration="00:00:00.0000001" startTime="2018-09-20T12:48:02.0000000+02:00" endTime="2018-09-20T12:48:02.0000000+02:00" testType="13cdc9d9-ddb5-4fa4-a97d-d965ccfc6d4b" outcome="Passed" testListId="8c84fa94-04c1-424b-9868-57a2d4851a1d" relativeResultsDirectory="c27dcff3-d9d7-45e9-8cf9-982f927f21af" /><UnitTestResult executionId="c8af19c8-c560-4bfd-9c9a-7c24eb32e5cc" testId="84f84dbc-c792-4c83-83fd-7a45fb766a01" testName="StoppingAnAliveBeaconCacheEvictor" computerName="TAG009442327432" duration="00:00:00.0010000" startTime="2018-09-20T12:48:02.0000000+02:00" endTime="2018-09-20T12:48:02.0000000+02:00" testType="13cdc9d9-ddb5-4fa4-a97d-d965ccfc6d4b" outcome="Passed" testListId="8c84fa94-04c1-424b-9868-57a2d4851a1d" relativeResultsDirectory="c8af19c8-c560-4bfd-9c9a-7c24eb32e5cc" /><UnitTestResult executionId="37ed3a0a-1921-48da-bc91-f907f8851a88" testId="ef1dae61-f476-4e37-a4bf-5e29b552508d" testName="RemoveOldestRecordsRemovesEventDataIfActionDataIsEmpty" computerName="TAG009442327432" duration="00:00:00.0000001" startTime="2018-09-20T12:48:02.0000000+02:00" endTime="2018-09-20T12:48:02.0000000+02:00" testType="13cdc9d9-ddb5-4fa4-a97d-d965ccfc6d4b" outcome="Passed" testListId="8c84fa94-04c1-424b-9868-57a2d4851a1d" relativeResultsDirectory="37ed3a0a-1921-48da-bc91-f907f8851a88" /><UnitTestResult executionId="d634eeec-bd5a-405d-8932-781249cc79a9" testId="76d26d03-f365-45fa-87ff-6d0a5a74b604" testName="SendNewSessionRequestIsRetriedThreeTimesBeforeGivingUp" computerName="TAG009442327432" duration="00:00:00.4060000" startTime="2018-09-20T12:48:03.0000000+02:00" endTime="2018-09-20T12:48:04.0000000+02:00" testType="13cdc9d9-ddb5-4fa4-a97d-d965ccfc6d4b" outcome="Passed" testListId="8c84fa94-04c1-424b-9868-57a2d4851a1d" relativeResultsDirectory="d634eeec-bd5a-405d-8932-781249cc79a9" /><UnitTestResult executionId="418315e3-01f7-4712-9757-71e658e73f1e" testId="803549b5-ec53-4647-bc97-e1bef9cd11eb" testName="ReportDoubleValueDoesNothingIfValueNameIsAnEmptyString" computerName="TAG009442327432" duration="00:00:00.0040000" startTime="2018-09-20T12:48:02.0000000+02:00" endTime="2018-09-20T12:48:02.0000000+02:00" testType="13cdc9d9-ddb5-4fa4-a97d-d965ccfc6d4b" outcome="Passed" testListId="8c84fa94-04c1-424b-9868-57a2d4851a1d" relativeResultsDirectory="418315e3-01f7-4712-9757-71e658e73f1e" /><UnitTestResult executionId="3a44121e-1fb5-4895-8e0d-c741f232cdb5" testId="71c87153-dca4-4b7a-a455-2f55f4f53b4f" testName="ErrorWithStacktraceLogsAppropriateMessage" computerName="TAG009442327432" duration="00:00:00.0010000" startTime="2018-09-20T12:48:03.0000000+02:00" endTime="2018-09-20T12:48:03.0000000+02:00" testType="13cdc9d9-ddb5-4fa4-a97d-d965ccfc6d4b" outcome="Passed" testListId="8c84fa94-04c1-424b-9868-57a2d4851a1d" relativeResultsDirectory="3a44121e-1fb5-4895-8e0d-c741f232cdb5" /><UnitTestResult executionId="695e83e3-3082-45fc-862e-050e5fcb8740" testId="07f1d13b-8c2a-4cc7-98cd-5f5d664b3336" testName="CanSetOperatingSystemForAppMon" computerName="TAG009442327432" duration="00:00:00.0000001" startTime="2018-09-20T12:48:03.0000000+02:00" endTime="2018-09-20T12:48:03.0000000+02:00" testType="13cdc9d9-ddb5-4fa4-a97d-d965ccfc6d4b" outcome="Passed" testListId="8c84fa94-04c1-424b-9868-57a2d4851a1d" relativeResultsDirectory="695e83e3-3082-45fc-862e-050e5fcb8740" /><UnitTestResult executionId="1ed5806e-1d6a-4e67-b682-644a90a8c24c" testId="1b1546ff-a798-4f56-9281-003e69d1b2eb" testName="StateIsNotTerminal" computerName="TAG009442327432" duration="00:00:00.0000001" startTime="2018-09-20T12:48:02.0000000+02:00" endTime="2018-09-20T12:48:02.0000000+02:00" testType="13cdc9d9-ddb5-4fa4-a97d-d965ccfc6d4b" outcome="Passed" testListId="8c84fa94-04c1-424b-9868-57a2d4851a1d" relativeResultsDirectory="1ed5806e-1d6a-4e67-b682-644a90a8c24c" /><UnitTestResult executionId="c8522ebb-cf22-4c96-9868-b1cec4c9818f" testId="25cd0373-0097-4faa-80da-e7101cc087d1" testName="SendBeaconRequestSendsRequestToMonitorURL" computerName="TAG009442327432" duration="00:00:00.0020000" startTime="2018-09-20T12:48:03.0000000+02:00" endTime="2018-09-20T12:48:03.0000000+02:00" testType="13cdc9d9-ddb5-4fa4-a97d-d965ccfc6d4b" outcome="Passed" testListId="8c84fa94-04c1-424b-9868-57a2d4851a1d" relativeResultsDirectory="c8522ebb-cf22-4c96-9868-b1cec4c9818f" /><UnitTestResult executionId="fbcd7af6-7bfc-4041-97b9-5aa471260de0" testId="189f5c74-d0d2-4852-ad7f-2bef27d66bea" testName="ADefaultConstructedConfigurationDisablesCrashReporting" computerName="TAG009442327432" duration="00:00:00.0010000" startTime="2018-09-20T12:48:03.0000000+02:00" endTime="2018-09-20T12:48:03.0000000+02:00" testType="13cdc9d9-ddb5-4fa4-a97d-d965ccfc6d4b" outcome="Passed" testListId="8c84fa94-04c1-424b-9868-57a2d4851a1d" relativeResultsDirectory="fbcd7af6-7bfc-4041-97b9-5aa471260de0" /><UnitTestResult executionId="d4301708-9e1c-44f8-b745-3434dec2e514" testId="2b432a81-e247-4003-8666-fa482802098c" testName="ResponseCodeIsSet" computerName="TAG009442327432" duration="00:00:00.0000001" startTime="2018-09-20T12:48:05.0000000+02:00" endTime="2018-09-20T12:48:05.0000000+02:00" testType="13cdc9d9-ddb5-4fa4-a97d-d965ccfc6d4b" outcome="Passed" testListId="8c84fa94-04c1-424b-9868-57a2d4851a1d" relativeResultsDirectory="d4301708-9e1c-44f8-b745-3434dec2e514" /><UnitTestResult executionId="1be3e59a-eb8e-4cc7-b5e1-ef3547a572f9" testId="50216929-d024-4181-bafa-e3fb85d26a96" testName="IpV4AddressIsInvalidBecauseOfOverflow" computerName="TAG009442327432" duration="00:00:00.0010000" startTime="2018-09-20T12:48:03.0000000+02:00" endTime="2018-09-20T12:48:03.0000000+02:00" testType="13cdc9d9-ddb5-4fa4-a97d-d965ccfc6d4b" outcome="Passed" testListId="8c84fa94-04c1-424b-9868-57a2d4851a1d" relativeResultsDirectory="1be3e59a-eb8e-4cc7-b5e1-ef3547a572f9" /><UnitTestResult executionId="cbd07ba4-d17e-437a-be1f-dabde3a4c477" testId="5d0dbdfe-50b1-493d-95f0-416b2614c8d4" testName="ActionReportedForDataCollectionLevel1" computerName="TAG009442327432" duration="00:00:00.0010000" startTime="2018-09-20T12:48:03.0000000+02:00" endTime="2018-09-20T12:48:03.0000000+02:00" testType="13cdc9d9-ddb5-4fa4-a97d-d965ccfc6d4b" outcome="Passed" testListId="8c84fa94-04c1-424b-9868-57a2d4851a1d" relativeResultsDirectory="cbd07ba4-d17e-437a-be1f-dabde3a4c477" /><UnitTestResult executionId="23c2f900-8a27-4dad-899f-eba6f147307f" testId="b86eec67-8d50-4a1c-a979-ccc08aaef576" testName="ReportIntValue" computerName="TAG009442327432" duration="00:00:00.0020000" startTime="2018-09-20T12:48:02.0000000+02:00" endTime="2018-09-20T12:48:02.0000000+02:00" testType="13cdc9d9-ddb5-4fa4-a97d-d965ccfc6d4b" outcome="Passed" testListId="8c84fa94-04c1-424b-9868-57a2d4851a1d" relativeResultsDirectory="23c2f900-8a27-4dad-899f-eba6f147307f" /><UnitTestResult executionId="1e0ebc8e-d515-4420-9548-64d123c8f232" testId="d7a47dfb-a557-4224-8922-c6a7d42bc0dd" testName="GetBeaconConfigurationCallsWrappedSession" computerName="TAG009442327432" duration="00:00:00.0000001" startTime="2018-09-20T12:48:03.0000000+02:00" endTime="2018-09-20T12:48:03.0000000+02:00" testType="13cdc9d9-ddb5-4fa4-a97d-d965ccfc6d4b" outcome="Passed" testListId="8c84fa94-04c1-424b-9868-57a2d4851a1d" relativeResultsDirectory="1e0ebc8e-d515-4420-9548-64d123c8f232" /><UnitTestResult executionId="8fcc1102-dc52-49ff-965d-1b844bb9b631" testId="fe79d24d-7fb8-4f1e-97f5-d383ebcfd7cd" testName="AmpersandIsNotAValidKeyValueSeparator" computerName="TAG009442327432" duration="00:00:00.0010000" startTime="2018-09-20T12:48:05.0000000+02:00" endTime="2018-09-20T12:48:05.0000000+02:00" testType="13cdc9d9-ddb5-4fa4-a97d-d965ccfc6d4b" outcome="Passed" testListId="8c84fa94-04c1-424b-9868-57a2d4851a1d" relativeResultsDirectory="8fcc1102-dc52-49ff-965d-1b844bb9b631" /><UnitTestResult executionId="73169a9b-afb3-42a0-a776-32cf380083d0" testId="28b7154b-68ac-4f0a-a735-3877b7a8632c" testName="IpV4AddressIsValidAllEigtht" computerName="TAG009442327432" duration="00:00:00.0000001" startTime="2018-09-20T12:48:03.0000000+02:00" endTime="2018-09-20T12:48:03.0000000+02:00" testType="13cdc9d9-ddb5-4fa4-a97d-d965ccfc6d4b" outcome="Passed" testListId="8c84fa94-04c1-424b-9868-57a2d4851a1d" relativeResultsDirectory="73169a9b-afb3-42a0-a776-32cf380083d0" /><UnitTestResult executionId="e4822645-e920-41c6-9545-f8682e7ce9e6" testId="0178256d-6c09-4f0d-bcc3-d8404af00f24" testName="ExecuteEvictionDoesNotLogIfStrategyIsDisabledAndInfoIsDisabledInLogger" computerName="TAG009442327432" duration="00:00:00.0010000" startTime="2018-09-20T12:48:02.0000000+02:00" endTime="2018-09-20T12:48:02.0000000+02:00" testType="13cdc9d9-ddb5-4fa4-a97d-d965ccfc6d4b" outcome="Passed" testListId="8c84fa94-04c1-424b-9868-57a2d4851a1d" relativeResultsDirectory="e4822645-e920-41c6-9545-f8682e7ce9e6" /><UnitTestResult executionId="da21f291-1c02-4a86-8daa-f88d277cedf5" testId="7985a010-d21d-4e98-bbb5-a22edbd20101" testName="AfterDecreasingNumNewSessionRequestsFourTimesSendingRequestsIsNoLongerAllowed" computerName="TAG009442327432" duration="00:00:00.0010000" startTime="2018-09-20T12:48:03.0000000+02:00" endTime="2018-09-20T12:48:03.0000000+02:00" testType="13cdc9d9-ddb5-4fa4-a97d-d965ccfc6d4b" outcome="Passed" testListId="8c84fa94-04c1-424b-9868-57a2d4851a1d" relativeResultsDirectory="da21f291-1c02-4a86-8daa-f88d277cedf5" /><UnitTestResult executionId="9a8a94eb-51f1-4cb9-8051-ba795060390e" testId="c1d7fb85-b8df-4008-bb62-e3f09aef6985" testName="EnterActionGivesNullActionIfActionNameIsEmptyString" computerName="TAG009442327432" duration="00:00:00.0010000" startTime="2018-09-20T12:48:03.0000000+02:00" endTime="2018-09-20T12:48:03.0000000+02:00" testType="13cdc9d9-ddb5-4fa4-a97d-d965ccfc6d4b" outcome="Passed" testListId="8c84fa94-04c1-424b-9868-57a2d4851a1d" relativeResultsDirectory="9a8a94eb-51f1-4cb9-8051-ba795060390e" /><UnitTestResult executionId="edf40956-ff67-4613-9a50-c18ddaa4868b" testId="432546c9-a726-458b-9321-0bc0ff58633c" testName="IpV6AddressMixedNotationIsValidIPV6PartInvalid" computerName="TAG009442327432" duration="00:00:00.0000001" startTime="2018-09-20T12:48:03.0000000+02:00" endTime="2018-09-20T12:48:03.0000000+02:00" testType="13cdc9d9-ddb5-4fa4-a97d-d965ccfc6d4b" outcome="Passed" testListId="8c84fa94-04c1-424b-9868-57a2d4851a1d" relativeResultsDirectory="edf40956-ff67-4613-9a50-c18ddaa4868b" /><UnitTestResult executionId="6caaf294-c034-4a5d-a197-7fc4e885c85f" testId="6ee6691e-e141-40f7-81d6-468c373e5e6e" testName="SendTimeSyncRequestSendsOneHTTPGetRequest" computerName="TAG009442327432" duration="00:00:00.0020000" startTime="2018-09-20T12:48:05.0000000+02:00" endTime="2018-09-20T12:48:05.0000000+02:00" testType="13cdc9d9-ddb5-4fa4-a97d-d965ccfc6d4b" outcome="Passed" testListId="8c84fa94-04c1-424b-9868-57a2d4851a1d" relativeResultsDirectory="6caaf294-c034-4a5d-a197-7fc4e885c85f" /><UnitTestResult executionId="f21f1a35-758a-435d-9f79-d9179357a9d7" testId="3d8c80df-a74e-4aa4-a69a-e4e7f0de1813" testName="IpV6AddressMixedNotationIsInvalidOnly3IPv4Blocks" computerName="TAG009442327432" duration="00:00:00.0000001" startTime="2018-09-20T12:48:03.0000000+02:00" endTime="2018-09-20T12:48:03.0000000+02:00" testType="13cdc9d9-ddb5-4fa4-a97d-d965ccfc6d4b" outcome="Passed" testListId="8c84fa94-04c1-424b-9868-57a2d4851a1d" relativeResultsDirectory="f21f1a35-758a-435d-9f79-d9179357a9d7" /><UnitTestResult executionId="9c2e213a-7fe7-4294-a603-223a6f750749" testId="38ddc9ba-c767-428d-be14-70acf254d19a" testName="RemoveRecordsOlderThanRemovesRecordsFromEventData" computerName="TAG009442327432" duration="00:00:00.0000001" startTime="2018-09-20T12:48:02.0000000+02:00" endTime="2018-09-20T12:48:02.0000000+02:00" testType="13cdc9d9-ddb5-4fa4-a97d-d965ccfc6d4b" outcome="Passed" testListId="8c84fa94-04c1-424b-9868-57a2d4851a1d" relativeResultsDirectory="9c2e213a-7fe7-4294-a603-223a6f750749" /><UnitTestResult executionId="4472d6b7-fff1-4c41-aa11-a3c727f638a5" testId="99325199-a389-42f6-bff2-762f9625face" testName="GetMultiplicityReturnsMultiplicitySetInConstructor" computerName="TAG009442327432" duration="00:00:00.0000001" startTime="2018-09-20T12:48:03.0000000+02:00" endTime="2018-09-20T12:48:03.0000000+02:00" testType="13cdc9d9-ddb5-4fa4-a97d-d965ccfc6d4b" outcome="Passed" testListId="8c84fa94-04c1-424b-9868-57a2d4851a1d" relativeResultsDirectory="4472d6b7-fff1-4c41-aa11-a3c727f638a5" /></Results><TestDefinitions><UnitTest name="SessionStartIsReportedForDataCollectionLevel1" storage="c:\workspaces\openkit-dotnet\tests\openkit-dotnetcore-1.1.tests\bin\release\netcoreapp1.1\openkit-dotnetcore-1.1.tests.dll" id="5f0e0417-0e49-4844-a831-9a4fd83cc85b"><Execution id="a9aaee51-2f55-4b4e-8458-231adbfa9137" /><TestMethod codeBase="C:\workspaces\openkit-dotnet\tests\openkit-dotnetcore-1.1.Tests\bin\Release\netcoreapp1.1\openkit-dotnetcore-1.1.Tests.dll" adapterTypeName="executor://nunit3testexecutor/" className="Dynatrace.OpenKit.Protocol.BeaconTest" name="SessionStartIsReportedForDataCollectionLevel1" /></UnitTest><UnitTest name="SameInstancesAreEqual" storage="c:\workspaces\openkit-dotnet\tests\openkit-dotnetcore-1.1.tests\bin\release\netcoreapp1.1\openkit-dotnetcore-1.1.tests.dll" id="a7f75b34-4dbe-4a23-b395-e73b91b0ad64"><Execution id="c52804e4-8b39-4ca9-8f4f-6a3cc351421d" /><TestMethod codeBase="C:\workspaces\openkit-dotnet\tests\openkit-dotnetcore-1.1.Tests\bin\Release\netcoreapp1.1\openkit-dotnetcore-1.1.Tests.dll" adapterTypeName="executor://nunit3testexecutor/" className="Dynatrace.OpenKit.Core.Caching.BeaconCacheRecordTest" name="SameInstancesAreEqual" /></UnitTest><UnitTest name="CannotSetNullTrustManagerForDynatrace" storage="c:\workspaces\openkit-dotnet\tests\openkit-dotnetcore-1.1.tests\bin\release\netcoreapp1.1\openkit-dotnetcore-1.1.tests.dll" id="9d4ded7b-1d7d-48ee-8f5c-03eea934c5e5"><Execution id="fff111c4-7610-41e7-b78d-ac0a65f5f794" /><TestMethod codeBase="C:\workspaces\openkit-dotnet\tests\openkit-dotnetcore-1.1.Tests\bin\Release\netcoreapp1.1\openkit-dotnetcore-1.1.Tests.dll" adapterTypeName="executor://nunit3testexecutor/" className="Dynatrace.OpenKit.OpenKitBuilderTest" name="CannotSetNullTrustManagerForDynatrace" /></UnitTest><UnitTest name="IsShutdownRequestedIsSetCorrectly" storage="c:\workspaces\openkit-dotnet\tests\openkit-dotnetcore-1.1.tests\bin\release\netcoreapp1.1\openkit-dotnetcore-1.1.tests.dll" id="b6553613-4fba-4693-b300-0ea939a791b0"><Execution id="02e86e40-9bb7-4bd5-8c91-5067bb2df5bb" /><TestMethod codeBase="C:\workspaces\openkit-dotnet\tests\openkit-dotnetcore-1.1.Tests\bin\Release\netcoreapp1.1\openkit-dotnetcore-1.1.Tests.dll" adapterTypeName="executor://nunit3testexecutor/" className="Dynatrace.OpenKit.Core.Communication.BeaconSendingContextTest" name="IsShutdownRequestedIsSetCorrectly" /></UnitTest><UnitTest name="IpV6AddressHexCompressedIsValidBlock2" storage="c:\workspaces\openkit-dotnet\tests\openkit-dotnetcore-1.1.tests\bin\release\netcoreapp1.1\openkit-dotnetcore-1.1.tests.dll" id="1f1e9f8d-c21f-42c2-b5e1-bb38801f3c45"><Execution id="d7a22dcc-4bfc-4632-a719-75b0f33a1777" /><TestMethod codeBase="C:\workspaces\openkit-dotnet\tests\openkit-dotnetcore-1.1.Tests\bin\Release\netcoreapp1.1\openkit-dotnetcore-1.1.Tests.dll" adapterTypeName="executor://nunit3testexecutor/" className="Dynatrace.OpenKit.Core.Util.InetAddressValidatorTest" name="IpV6AddressHexCompressedIsValidBlock2" /></UnitTest><UnitTest name="SendTimeSyncRequestWorksIfResponseIsNull" storage="c:\workspaces\openkit-dotnet\tests\openkit-dotnetcore-1.1.tests\bin\release\netcoreapp1.1\openkit-dotnetcore-1.1.tests.dll" id="80190ad0-6068-4a46-bfac-11acae6a92e2"><Execution id="633ad3b2-cc69-4d68-a465-a809be97d063" /><TestMethod codeBase="C:\workspaces\openkit-dotnet\tests\openkit-dotnetcore-1.1.Tests\bin\Release\netcoreapp1.1\openkit-dotnetcore-1.1.Tests.dll" adapterTypeName="executor://nunit3testexecutor/" className="Dynatrace.OpenKit.Protocol.HTTPClientTest" name="SendTimeSyncRequestWorksIfResponseIsNull" /></UnitTest><UnitTest name="IpV4AddressIsInvalidBecauseOfOverflow" storage="c:\workspaces\openkit-dotnet\tests\openkit-dotnetcore-1.1.tests\bin\release\netcoreapp1.1\openkit-dotnetcore-1.1.tests.dll" id="50216929-d024-4181-bafa-e3fb85d26a96"><Execution id="1be3e59a-eb8e-4cc7-b5e1-ef3547a572f9" /><TestMethod codeBase="C:\workspaces\openkit-dotnet\tests\openkit-dotnetcore-1.1.Tests\bin\Release\netcoreapp1.1\openkit-dotnetcore-1.1.Tests.dll" adapterTypeName="executor://nunit3testexecutor/" className="Dynatrace.OpenKit.Core.Util.InetAddressValidatorTest" name="IpV4AddressIsInvalidBecauseOfOverflow" /></UnitTest><UnitTest name="ExecuteEvictionIsStoppedIfThreadGetsInterrupted" storage="c:\workspaces\openkit-dotnet\tests\openkit-dotnetcore-1.1.tests\bin\release\netcoreapp1.1\openkit-dotnetcore-1.1.tests.dll" id="50c3ce52-59b0-42e4-af7e-be04c23ae997"><Execution id="25b63049-d944-473c-838b-18b8ae4200ab" /><TestMethod codeBase="C:\workspaces\openkit-dotnet\tests\openkit-dotnetcore-1.1.Tests\bin\Release\netcoreapp1.1\openkit-dotnetcore-1.1.Tests.dll" adapterTypeName="executor://nunit3testexecutor/" className="Dynatrace.OpenKit.Core.Caching.TimeEvicitionStrategyTest" name="ExecuteEvictionIsStoppedIfThreadGetsInterrupted" /></UnitTest><UnitTest name="CaptureErrorsIsTrueWhenItIsNotEqualToZero" storage="c:\workspaces\openkit-dotnet\tests\openkit-dotnetcore-1.1.tests\bin\release\netcoreapp1.1\openkit-dotnetcore-1.1.tests.dll" id="66e0d886-a5ac-47bb-9993-6f9feb62c6f6"><Execution id="1e89df7f-5757-4a50-a85f-effebaae5458" /><TestMethod codeBase="C:\workspaces\openkit-dotnet\tests\openkit-dotnetcore-1.1.Tests\bin\Release\netcoreapp1.1\openkit-dotnetcore-1.1.Tests.dll" adapterTypeName="executor://nunit3testexecutor/" className="Dynatrace.OpenKit.Protocol.StatusResponseTest" name="CaptureErrorsIsTrueWhenItIsNotEqualToZero" /></UnitTest><UnitTest name="SendBeaconRequestForwardsClientIP" storage="c:\workspaces\openkit-dotnet\tests\openkit-dotnetcore-1.1.tests\bin\release\netcoreapp1.1\openkit-dotnetcore-1.1.tests.dll" id="c5db381c-db87-4864-96ef-740a534b60cc"><Execution id="1b5cb4b5-352b-4d2b-b9c4-96a62c4d0cce" /><TestMethod codeBase="C:\workspaces\openkit-dotnet\tests\openkit-dotnetcore-1.1.Tests\bin\Release\netcoreapp1.1\openkit-dotnetcore-1.1.Tests.dll" adapterTypeName="executor://nunit3testexecutor/" className="Dynatrace.OpenKit.Protocol.HTTPClientTest" name="SendBeaconRequestForwardsClientIP" /></UnitTest><UnitTest name="ANewlyCreatedWebRequestTracerIsNotStopped" storage="c:\workspaces\openkit-dotnet\tests\openkit-dotnetcore-1.1.tests\bin\release\netcoreapp1.1\openkit-dotnetcore-1.1.tests.dll" id="7990deb6-bfed-4bc9-a6a6-df08cf2d883e"><Execution id="d608ef27-563f-491e-9101-60f3afad2723" /><TestMethod codeBase="C:\workspaces\openkit-dotnet\tests\openkit-dotnetcore-1.1.Tests\bin\Release\netcoreapp1.1\openkit-dotnetcore-1.1.Tests.dll" adapterTypeName="executor://nunit3testexecutor/" className="Dynatrace.OpenKit.Core.WebRequestTracerBaseTest" name="ANewlyCreatedWebRequestTracerIsNotStopped" /></UnitTest><UnitTest name="TransitionToCaptureOnStateIsPerformed" storage="c:\workspaces\openkit-dotnet\tests\openkit-dotnetcore-1.1.tests\bin\release\netcoreapp1.1\openkit-dotnetcore-1.1.tests.dll" id="d09a1a5b-d78e-4986-910f-1b639991a505"><Execution id="f3b80abe-79d9-45c5-a72e-251883dd93c8" /><TestMethod codeBase="C:\workspaces\openkit-dotnet\tests\openkit-dotnetcore-1.1.Tests\bin\Release\netcoreapp1.1\openkit-dotnetcore-1.1.Tests.dll" adapterTypeName="executor://nunit3testexecutor/" className="Dynatrace.OpenKit.Core.Communication.BeaconSendingCaptureOffStateTest" name="TransitionToCaptureOnStateIsPerformed" /></UnitTest><UnitTest name="ReportErrorDoesReportOnDataCollectionLevel2" storage="c:\workspaces\openkit-dotnet\tests\openkit-dotnetcore-1.1.tests\bin\release\netcoreapp1.1\openkit-dotnetcore-1.1.tests.dll" id="d77d73ce-4ed8-461f-a81a-b16c26efe53a"><Execution id="c661fd59-617d-4b6a-bfc0-efd37189807c" /><TestMethod codeBase="C:\workspaces\openkit-dotnet\tests\openkit-dotnetcore-1.1.Tests\bin\Release\netcoreapp1.1\openkit-dotnetcore-1.1.Tests.dll" adapterTypeName="executor://nunit3testexecutor/" className="Dynatrace.OpenKit.Protocol.BeaconTest" name="ReportErrorDoesReportOnDataCollectionLevel2" /></UnitTest><UnitTest name="CapturingIsDisabledIfResponseCodeIndicatesFailures" storage="c:\workspaces\openkit-dotnet\tests\openkit-dotnetcore-1.1.tests\bin\release\netcoreapp1.1\openkit-dotnetcore-1.1.tests.dll" id="520a828f-789f-43b3-a9fd-77b749085c4c"><Execution id="f3b4df8d-7015-419d-9ce0-14d3fb627163" /><TestMethod codeBase="C:\workspaces\openkit-dotnet\tests\openkit-dotnetcore-1.1.Tests\bin\Release\netcoreapp1.1\openkit-dotnetcore-1.1.Tests.dll" adapterTypeName="executor://nunit3testexecutor/" className="Dynatrace.OpenKit.Core.Configuration.OpenKitConfigurationTest" name="CapturingIsDisabledIfResponseCodeIndicatesFailures" /></UnitTest><UnitTest name="NeedsDataCopyBeforeChunkingGivesFalseEvenIfListsAreEmpty" storage="c:\workspaces\openkit-dotnet\tests\openkit-dotnetcore-1.1.tests\bin\release\netcoreapp1.1\openkit-dotnetcore-1.1.tests.dll" id="33a9a268-d7ce-4007-853c-076916231e85"><Execution id="ec31e65c-5622-407b-9e93-f706909870fc" /><TestMethod codeBase="C:\workspaces\openkit-dotnet\tests\openkit-dotnetcore-1.1.Tests\bin\Release\netcoreapp1.1\openkit-dotnetcore-1.1.Tests.dll" adapterTypeName="executor://nunit3testexecutor/" className="Dynatrace.OpenKit.Core.Caching.BeaconCacheEntryTest" name="NeedsDataCopyBeforeChunkingGivesFalseEvenIfListsAreEmpty" /></UnitTest><UnitTest name="StatusRequestIsRetried" storage="c:\workspaces\openkit-dotnet\tests\openkit-dotnetcore-1.1.tests\bin\release\netcoreapp1.1\openkit-dotnetcore-1.1.tests.dll" id="48c9db72-062a-4416-803e-94866d20b0e4"><Execution id="b22fc349-f209-4036-a60d-a90419dfa4f3" /><TestMethod codeBase="C:\workspaces\openkit-dotnet\tests\openkit-dotnetcore-1.1.Tests\bin\Release\netcoreapp1.1\openkit-dotnetcore-1.1.Tests.dll" adapterTypeName="executor://nunit3testexecutor/" className="Dynatrace.OpenKit.Core.Communication.BeaconSendingInitStateTest" name="StatusRequestIsRetried" /></UnitTest><UnitTest name="CanInterruptLongSleep" storage="c:\workspaces\openkit-dotnet\tests\openkit-dotnetcore-1.1.tests\bin\release\netcoreapp1.1\openkit-dotnetcore-1.1.tests.dll" id="1d6fb7e9-1615-4cc9-a2fb-301f51aa620f"><Execution id="aae6a230-a1ba-4920-aef7-dc5f84adb899" /><TestMethod codeBase="C:\workspaces\openkit-dotnet\tests\openkit-dotnetcore-1.1.Tests\bin\Release\netcoreapp1.1\openkit-dotnetcore-1.1.Tests.dll" adapterTypeName="executor://nunit3testexecutor/" className="Dynatrace.OpenKit.Core.Communication.BeaconSendingContextTest" name="CanInterruptLongSleep" /></UnitTest><UnitTest name="DefaultsAreSetForAppMon" storage="c:\workspaces\openkit-dotnet\tests\openkit-dotnetcore-1.1.tests\bin\release\netcoreapp1.1\openkit-dotnetcore-1.1.tests.dll" id="e86614f4-7177-4adf-8498-1a25eb74a9eb"><Execution id="2df92cc6-f1e3-4d61-879c-11a9a1c615fb" /><TestMethod codeBase="C:\workspaces\openkit-dotnet\tests\openkit-dotnetcore-1.1.Tests\bin\Release\netcoreapp1.1\openkit-dotnetcore-1.1.Tests.dll" adapterTypeName="executor://nunit3testexecutor/" className="Dynatrace.OpenKit.OpenKitBuilderTest" name="DefaultsAreSetForAppMon" /></UnitTest><UnitTest name="ReportStringValueDoesNothingIfValueNameIsAnEmptyString" storage="c:\workspaces\openkit-dotnet\tests\openkit-dotnetcore-1.1.tests\bin\release\netcoreapp1.1\openkit-dotnetcore-1.1.tests.dll" id="1172a0e8-0c6b-48db-9d26-0e3f12874fd4"><Execution id="55078ff0-c075-4f47-83fa-83c1d63018ba" /><TestMethod codeBase="C:\workspaces\openkit-dotnet\tests\openkit-dotnetcore-1.1.Tests\bin\Release\netcoreapp1.1\openkit-dotnetcore-1.1.Tests.dll" adapterTypeName="executor://nunit3testexecutor/" className="Dynatrace.OpenKit.Core.ActionTest" name="ReportStringValueDoesNothingIfValueNameIsAnEmptyString" /></UnitTest><UnitTest name="CurrentStateIsSet" storage="c:\workspaces\openkit-dotnet\tests\openkit-dotnetcore-1.1.tests\bin\release\netcoreapp1.1\openkit-dotnetcore-1.1.tests.dll" id="adfb9e97-f926-4b00-bf99-02858c8970f4"><Execution id="402206a6-e8bc-4beb-adbd-ef781df8ca98" /><TestMethod codeBase="C:\workspaces\openkit-dotnet\tests\openkit-dotnetcore-1.1.Tests\bin\Release\netcoreapp1.1\openkit-dotnetcore-1.1.Tests.dll" adapterTypeName="executor://nunit3testexecutor/" className="Dynatrace.OpenKit.Core.Communication.BeaconSendingContextTest" name="CurrentStateIsSet" /></UnitTest><UnitTest name="ResponseCodeIsSet" storage="c:\workspaces\openkit-dotnet\tests\openkit-dotnetcore-1.1.tests\bin\release\netcoreapp1.1\openkit-dotnetcore-1.1.tests.dll" id="2b432a81-e247-4003-8666-fa482802098c"><Execution id="d4301708-9e1c-44f8-b745-3434dec2e514" /><TestMethod codeBase="C:\workspaces\openkit-dotnet\tests\openkit-dotnetcore-1.1.Tests\bin\Release\netcoreapp1.1\openkit-dotnetcore-1.1.Tests.dll" adapterTypeName="executor://nunit3testexecutor/" className="Dynatrace.OpenKit.Protocol.ResponseTest" name="ResponseCodeIsSet" /></UnitTest><UnitTest name="EnterActionGivesNewRootAction" storage="c:\workspaces\openkit-dotnet\tests\openkit-dotnetcore-1.1.tests\bin\release\netcoreapp1.1\openkit-dotnetcore-1.1.tests.dll" id="6d4f7631-b7d4-4311-8e65-1290662d63af"><Execution id="6790331e-d62f-4bda-95b5-cd4949561f4f" /><TestMethod codeBase="C:\workspaces\openkit-dotnet\tests\openkit-dotnetcore-1.1.Tests\bin\Release\netcoreapp1.1\openkit-dotnetcore-1.1.Tests.dll" adapterTypeName="executor://nunit3testexecutor/" className="Dynatrace.OpenKit.Core.SessionTest" name="EnterActionGivesNewRootAction" /></UnitTest><UnitTest name="DefaultBeaconConfigurationDoesNotDisableCapturing" storage="c:\workspaces\openkit-dotnet\tests\openkit-dotnetcore-1.1.tests\bin\release\netcoreapp1.1\openkit-dotnetcore-1.1.tests.dll" id="8b781feb-13ae-48d3-8f3a-a11734c03041"><Execution id="1cea8e45-1b1c-4dce-8910-2097f4693e3a" /><TestMethod codeBase="C:\workspaces\openkit-dotnet\tests\openkit-dotnetcore-1.1.Tests\bin\Release\netcoreapp1.1\openkit-dotnetcore-1.1.Tests.dll" adapterTypeName="executor://nunit3testexecutor/" className="Dynatrace.OpenKit.Protocol.BeaconTest" name="DefaultBeaconConfigurationDoesNotDisableCapturing" /></UnitTest><UnitTest name="CopyDataForChunkingMovesData" storage="c:\workspaces\openkit-dotnet\tests\openkit-dotnetcore-1.1.tests\bin\release\netcoreapp1.1\openkit-dotnetcore-1.1.tests.dll" id="49088be8-ad30-4731-84c3-f89eb6aef2a9"><Execution id="88c0ae5b-9b18-49ac-a4d7-694ef9549321" /><TestMethod codeBase="C:\workspaces\openkit-dotnet\tests\openkit-dotnetcore-1.1.Tests\bin\Release\netcoreapp1.1\openkit-dotnetcore-1.1.Tests.dll" adapterTypeName="executor://nunit3testexecutor/" className="Dynatrace.OpenKit.Core.Caching.BeaconCacheEntryTest" name="CopyDataForChunkingMovesData" /></UnitTest><UnitTest name="ShouldRunGivesTrueIfLastRunIsExactlyMaxAgeMillisecondsAgo" storage="c:\workspaces\openkit-dotnet\tests\openkit-dotnetcore-1.1.tests\bin\release\netcoreapp1.1\openkit-dotnetcore-1.1.tests.dll" id="f9cde92d-75cb-4656-bcb0-67a4d0fcc6fa"><Execution id="05fc7fee-07f1-4cac-905c-dbf14bda9062" /><TestMethod codeBase="C:\workspaces\openkit-dotnet\tests\openkit-dotnetcore-1.1.Tests\bin\Release\netcoreapp1.1\openkit-dotnetcore-1.1.Tests.dll" adapterTypeName="executor://nunit3testexecutor/" className="Dynatrace.OpenKit.Core.Caching.TimeEvicitionStrategyTest" name="ShouldRunGivesTrueIfLastRunIsExactlyMaxAgeMillisecondsAgo" /></UnitTest><UnitTest name="StateIsNotTerminal" storage="c:\workspaces\openkit-dotnet\tests\openkit-dotnetcore-1.1.tests\bin\release\netcoreapp1.1\openkit-dotnetcore-1.1.tests.dll" id="59a55c55-af72-468b-9e36-bd0d9c0740b6"><Execution id="eb22c95a-aeb8-4d73-b725-55315a7c270c" /><TestMethod codeBase="C:\workspaces\openkit-dotnet\tests\openkit-dotnetcore-1.1.Tests\bin\Release\netcoreapp1.1\openkit-dotnetcore-1.1.Tests.dll" adapterTypeName="executor://nunit3testexecutor/" className="Dynatrace.OpenKit.Core.Communication.BeaconSendingFlushSessionsStateTest" name="StateIsNotTerminal" /></UnitTest><UnitTest name="DeleteCacheEntryDecrementsCacheSize" storage="c:\workspaces\openkit-dotnet\tests\openkit-dotnetcore-1.1.tests\bin\release\netcoreapp1.1\openkit-dotnetcore-1.1.tests.dll" id="cb817a97-05c3-41aa-a7ff-2239b1fc9159"><Execution id="75319b90-ff76-495a-bb14-a415165fd9f4" /><TestMethod codeBase="C:\workspaces\openkit-dotnet\tests\openkit-dotnetcore-1.1.Tests\bin\Release\netcoreapp1.1\openkit-dotnetcore-1.1.Tests.dll" adapterTypeName="executor://nunit3testexecutor/" className="Dynatrace.OpenKit.Core.Caching.BeaconCacheTest" name="DeleteCacheEntryDecrementsCacheSize" /></UnitTest><UnitTest name="DefaultMonitorNameIsNull" storage="c:\workspaces\openkit-dotnet\tests\openkit-dotnetcore-1.1.tests\bin\release\netcoreapp1.1\openkit-dotnetcore-1.1.tests.dll" id="c4634c15-469a-4862-8c67-dcd359f7b91c"><Execution id="3b552cac-4bfe-42b0-97a4-dfff903acfd5" /><TestMethod codeBase="C:\workspaces\openkit-dotnet\tests\openkit-dotnetcore-1.1.Tests\bin\Release\netcoreapp1.1\openkit-dotnetcore-1.1.Tests.dll" adapterTypeName="executor://nunit3testexecutor/" className="Dynatrace.OpenKit.Protocol.StatusResponseTest" name="DefaultMonitorNameIsNull" /></UnitTest><UnitTest name="AfterCallingEndASessionIsEnded" storage="c:\workspaces\openkit-dotnet\tests\openkit-dotnetcore-1.1.tests\bin\release\netcoreapp1.1\openkit-dotnetcore-1.1.tests.dll" id="abc4dd5f-1971-49dc-bd1e-ca136c13f542"><Execution id="512c15ec-a1b4-4438-bc2a-d50f72227249" /><TestMethod codeBase="C:\workspaces\openkit-dotnet\tests\openkit-dotnetcore-1.1.Tests\bin\Release\netcoreapp1.1\openkit-dotnetcore-1.1.Tests.dll" adapterTypeName="executor://nunit3testexecutor/" className="Dynatrace.OpenKit.Core.SessionTest" name="AfterCallingEndASessionIsEnded" /></UnitTest><UnitTest name="TheStrategyIsDisabledIfCacheSizeUpperBoundIsLessThanLowerBound" storage="c:\workspaces\openkit-dotnet\tests\openkit-dotnetcore-1.1.tests\bin\release\netcoreapp1.1\openkit-dotnetcore-1.1.tests.dll" id="4ba655a4-3997-4624-b5c2-defb2fee7fec"><Execution id="c00a5012-7013-4581-aabb-260eac11ac9a" /><TestMethod codeBase="C:\workspaces\openkit-dotnet\tests\openkit-dotnetcore-1.1.Tests\bin\Release\netcoreapp1.1\openkit-dotnetcore-1.1.Tests.dll" adapterTypeName="executor://nunit3testexecutor/" className="Dynatrace.OpenKit.Core.Caching.SpaceEvictionStrategyTest" name="TheStrategyIsDisabledIfCacheSizeUpperBoundIsLessThanLowerBound" /></UnitTest><UnitTest name="ExecuteIsCalledOnCurrentState" storage="c:\workspaces\openkit-dotnet\tests\openkit-dotnetcore-1.1.tests\bin\release\netcoreapp1.1\openkit-dotnetcore-1.1.tests.dll" id="2b2de4f7-c3f4-4fc2-9237-ea88b2ef7a31"><Execution id="14805a55-73f7-4faf-b157-4d8f313de551" /><TestMethod codeBase="C:\workspaces\openkit-dotnet\tests\openkit-dotnetcore-1.1.Tests\bin\Release\netcoreapp1.1\openkit-dotnetcore-1.1.Tests.dll" adapterTypeName="executor://nunit3testexecutor/" className="Dynatrace.OpenKit.Core.Communication.BeaconSendingContextTest" name="ExecuteIsCalledOnCurrentState" /></UnitTest><UnitTest name="EndTimeIsSetToMinusOneInConstructor" storage="c:\workspaces\openkit-dotnet\tests\openkit-dotnetcore-1.1.tests\bin\release\netcoreapp1.1\openkit-dotnetcore-1.1.tests.dll" id="85d11562-5f06-48d7-9a65-2729be341fea"><Execution id="dedc47cc-8b46-4557-8b06-1daff466488a" /><TestMethod codeBase="C:\workspaces\openkit-dotnet\tests\openkit-dotnetcore-1.1.Tests\bin\Release\netcoreapp1.1\openkit-dotnetcore-1.1.Tests.dll" adapterTypeName="executor://nunit3testexecutor/" className="Dynatrace.OpenKit.Core.ActionTest" name="EndTimeIsSetToMinusOneInConstructor" /></UnitTest><UnitTest name="ExecuteEvictionRunsUntilTheCacheSizeIsLessThanOrEqualToLowerBound" storage="c:\workspaces\openkit-dotnet\tests\openkit-dotnetcore-1.1.tests\bin\release\netcoreapp1.1\openkit-dotnetcore-1.1.tests.dll" id="9d8ab766-57de-43e1-9674-0dccb7b5d06f"><Execution id="9c8ebe16-d99a-4a12-b02a-585ccf3665ab" /><TestMethod codeBase="C:\workspaces\openkit-dotnet\tests\openkit-dotnetcore-1.1.Tests\bin\Release\netcoreapp1.1\openkit-dotnetcore-1.1.Tests.dll" adapterTypeName="executor://nunit3testexecutor/" className="Dynatrace.OpenKit.Core.Caching.SpaceEvictionStrategyTest" name="ExecuteEvictionRunsUntilTheCacheSizeIsLessThanOrEqualToLowerBound" /></UnitTest><UnitTest name="IsTooManyRequestsResponseReturnsFalseIfResponseCodeIsNotEqualToTooManyRequestsCode" storage="c:\workspaces\openkit-dotnet\tests\openkit-dotnetcore-1.1.tests\bin\release\netcoreapp1.1\openkit-dotnetcore-1.1.tests.dll" id="8b4362ef-6d76-423d-8484-bf7e633a3830"><Execution id="a511c1df-d711-4826-b2c5-a47393842f7d" /><TestMethod codeBase="C:\workspaces\openkit-dotnet\tests\openkit-dotnetcore-1.1.Tests\bin\Release\netcoreapp1.1\openkit-dotnetcore-1.1.Tests.dll" adapterTypeName="executor://nunit3testexecutor/" className="Dynatrace.OpenKit.Core.Communication.BeaconSendingResponseUtilTest" name="IsTooManyRequestsResponseReturnsFalseIfResponseCodeIsNotEqualToTooManyRequestsCode" /></UnitTest><UnitTest name="ReportCrashDoesNothingIfSessionIsEnded" storage="c:\workspaces\openkit-dotnet\tests\openkit-dotnetcore-1.1.tests\bin\release\netcoreapp1.1\openkit-dotnetcore-1.1.tests.dll" id="41140ff8-beef-48f1-9b46-38d49d1c9755"><Execution id="aa409c01-5faa-4c34-a351-71a9dff006b2" /><TestMethod codeBase="C:\workspaces\openkit-dotnet\tests\openkit-dotnetcore-1.1.Tests\bin\Release\netcoreapp1.1\openkit-dotnetcore-1.1.Tests.dll" adapterTypeName="executor://nunit3testexecutor/" className="Dynatrace.OpenKit.Core.SessionTest" name="ReportCrashDoesNothingIfSessionIsEnded" /></UnitTest><UnitTest name="TheStrategyIsDisabledIfCacheSizeLowerBoundIsLessThanZero" storage="c:\workspaces\openkit-dotnet\tests\openkit-dotnetcore-1.1.tests\bin\release\netcoreapp1.1\openkit-dotnetcore-1.1.tests.dll" id="172ff24c-6aab-4cc4-a9a9-5957d02cc18b"><Execution id="7086e64e-a629-4bf7-8486-ea3bd0b961e9" /><TestMethod codeBase="C:\workspaces\openkit-dotnet\tests\openkit-dotnetcore-1.1.Tests\bin\Release\netcoreapp1.1\openkit-dotnetcore-1.1.Tests.dll" adapterTypeName="executor://nunit3testexecutor/" className="Dynatrace.OpenKit.Core.Caching.SpaceEvictionStrategyTest" name="TheStrategyIsDisabledIfCacheSizeLowerBoundIsLessThanZero" /></UnitTest><UnitTest name="ToStringReturnStateName" storage="c:\workspaces\openkit-dotnet\tests\openkit-dotnetcore-1.1.tests\bin\release\netcoreapp1.1\openkit-dotnetcore-1.1.tests.dll" id="6b42fd26-8e07-4390-b695-1c80db9e8d29"><Execution id="44b5f98e-1c8e-4dc4-b6fb-87f7ebe3c47d" /><TestMethod codeBase="C:\workspaces\openkit-dotnet\tests\openkit-dotnetcore-1.1.Tests\bin\Release\netcoreapp1.1\openkit-dotnetcore-1.1.Tests.dll" adapterTypeName="executor://nunit3testexecutor/" className="Dynatrace.OpenKit.Core.Communication.BeaconSendingFlushSessionsStateTest" name="ToStringReturnStateName" /></UnitTest><UnitTest name="IpV6AddressValid_CharactersMixedCase" storage="c:\workspaces\openkit-dotnet\tests\openkit-dotnetcore-1.1.tests\bin\release\netcoreapp1.1\openkit-dotnetcore-1.1.tests.dll" id="e577c6a5-3a61-4eb1-9987-61cd8a2ac3c6"><Execution id="fb6084b4-b674-48ee-bc8c-944555a9c085" /><TestMethod codeBase="C:\workspaces\openkit-dotnet\tests\openkit-dotnetcore-1.1.Tests\bin\Release\netcoreapp1.1\openkit-dotnetcore-1.1.Tests.dll" adapterTypeName="executor://nunit3testexecutor/" className="Dynatrace.OpenKit.Core.Util.InetAddressValidatorTest" name="IpV6AddressValid_CharactersMixedCase" /></UnitTest><UnitTest name="ANewlyCreatedActionHasAnID" storage="c:\workspaces\openkit-dotnet\tests\openkit-dotnetcore-1.1.tests\bin\release\netcoreapp1.1\openkit-dotnetcore-1.1.tests.dll" id="3634ae5a-704e-464d-80a6-5b89e7fcce7b"><Execution id="034216fd-8df0-415b-844d-fbb652aab1c8" /><TestMethod codeBase="C:\workspaces\openkit-dotnet\tests\openkit-dotnetcore-1.1.Tests\bin\Release\netcoreapp1.1\openkit-dotnetcore-1.1.Tests.dll" adapterTypeName="executor://nunit3testexecutor/" className="Dynatrace.OpenKit.Core.ActionTest" name="ANewlyCreatedActionHasAnID" /></UnitTest><UnitTest name="IpV6AddressMixedNotationIsValidStartingWithDoubleColon" storage="c:\workspaces\openkit-dotnet\tests\openkit-dotnetcore-1.1.tests\bin\release\netcoreapp1.1\openkit-dotnetcore-1.1.tests.dll" id="2a15869c-83e7-4566-a90e-857c4ca4a651"><Execution id="d5212293-f0d3-4405-8aa6-e79227fa7ade" /><TestMethod codeBase="C:\workspaces\openkit-dotnet\tests\openkit-dotnetcore-1.1.Tests\bin\Release\netcoreapp1.1\openkit-dotnetcore-1.1.Tests.dll" adapterTypeName="executor://nunit3testexecutor/" className="Dynatrace.OpenKit.Core.Util.InetAddressValidatorTest" name="IpV6AddressMixedNotationIsValidStartingWithDoubleColon" /></UnitTest><UnitTest name="SendStatusRequestSendRequestToMonitorURL" storage="c:\workspaces\openkit-dotnet\tests\openkit-dotnetcore-1.1.tests\bin\release\netcoreapp1.1\openkit-dotnetcore-1.1.tests.dll" id="a7ffe5ee-fc10-4f2b-bd7d-ab59115018da"><Execution id="b5b59ca8-f4cf-47a2-b6da-79efa43511b1" /><TestMethod codeBase="C:\workspaces\openkit-dotnet\tests\openkit-dotnetcore-1.1.Tests\bin\Release\netcoreapp1.1\openkit-dotnetcore-1.1.Tests.dll" adapterTypeName="executor://nunit3testexecutor/" className="Dynatrace.OpenKit.Protocol.HTTPClientTest" name="SendStatusRequestSendRequestToMonitorURL" /></UnitTest><UnitTest name="ErrorLogsAppropriateMessage" storage="c:\workspaces\openkit-dotnet\tests\openkit-dotnetcore-1.1.tests\bin\release\netcoreapp1.1\openkit-dotnetcore-1.1.tests.dll" id="1fd501c5-05f2-4e21-92fd-e2aecee8525a"><Execution id="550169ef-e649-4113-8238-2c20f7f36f6a" /><TestMethod codeBase="C:\workspaces\openkit-dotnet\tests\openkit-dotnetcore-1.1.Tests\bin\Release\netcoreapp1.1\openkit-dotnetcore-1.1.Tests.dll" adapterTypeName="executor://nunit3testexecutor/" className="Dynatrace.OpenKit.Core.DefaultLoggerTest" name="ErrorLogsAppropriateMessage" /></UnitTest><UnitTest name="TraceWebRequestGivesNullWebRequestTracerIfActionIsAlreadyLeft" storage="c:\workspaces\openkit-dotnet\tests\openkit-dotnetcore-1.1.tests\bin\release\netcoreapp1.1\openkit-dotnetcore-1.1.tests.dll" id="eb4ef568-0db6-45ea-b190-a24f7f96dae4"><Execution id="577a6dcc-7d83-41d4-bdfe-f54401101b0e" /><TestMethod codeBase="C:\workspaces\openkit-dotnet\tests\openkit-dotnetcore-1.1.Tests\bin\Release\netcoreapp1.1\openkit-dotnetcore-1.1.Tests.dll" adapterTypeName="executor://nunit3testexecutor/" className="Dynatrace.OpenKit.Core.ActionTest" name="TraceWebRequestGivesNullWebRequestTracerIfActionIsAlreadyLeft" /></UnitTest><UnitTest name="ReportStringValue" storage="c:\workspaces\openkit-dotnet\tests\openkit-dotnetcore-1.1.tests\bin\release\netcoreapp1.1\openkit-dotnetcore-1.1.tests.dll" id="16c69c6c-96c4-4763-aa7c-433d1f18b1b3"><Execution id="bd78106b-f7be-4e38-b38b-acca07bf62a4" /><TestMethod codeBase="C:\workspaces\openkit-dotnet\tests\openkit-dotnetcore-1.1.Tests\bin\Release\netcoreapp1.1\openkit-dotnetcore-1.1.Tests.dll" adapterTypeName="executor://nunit3testexecutor/" className="Dynatrace.OpenKit.Core.ActionTest" name="ReportStringValue" /></UnitTest><UnitTest name="PassingEmptyResponseStringDoesNotThrow" storage="c:\workspaces\openkit-dotnet\tests\openkit-dotnetcore-1.1.tests\bin\release\netcoreapp1.1\openkit-dotnetcore-1.1.tests.dll" id="33ac311b-c530-4986-89f4-536f607e7320"><Execution id="63a4f02d-ba09-4eda-8386-f350efda5d18" /><TestMethod codeBase="C:\workspaces\openkit-dotnet\tests\openkit-dotnetcore-1.1.Tests\bin\Release\netcoreapp1.1\openkit-dotnetcore-1.1.Tests.dll" adapterTypeName="executor://nunit3testexecutor/" className="Dynatrace.OpenKit.Protocol.TimeSyncResponseTest" name="PassingEmptyResponseStringDoesNotThrow" /></UnitTest><UnitTest name="StateIsNotTerminal" storage="c:\workspaces\openkit-dotnet\tests\openkit-dotnetcore-1.1.tests\bin\release\netcoreapp1.1\openkit-dotnetcore-1.1.tests.dll" id="87612714-2cb6-4284-a904-a70c99a4f311"><Execution id="c6649656-4924-463a-9e35-bf7a3bf07954" /><TestMethod codeBase="C:\workspaces\openkit-dotnet\tests\openkit-dotnetcore-1.1.Tests\bin\Release\netcoreapp1.1\openkit-dotnetcore-1.1.Tests.dll" adapterTypeName="executor://nunit3testexecutor/" className="Dynatrace.OpenKit.Core.Communication.BeaconSendingInitStateTest" name="StateIsNotTerminal" /></UnitTest><UnitTest name="SendStatusRequestIsDoneWhenHttpClientReturnsASuccessfulResponse" storage="c:\workspaces\openkit-dotnet\tests\openkit-dotnetcore-1.1.tests\bin\release\netcoreapp1.1\openkit-dotnetcore-1.1.tests.dll" id="23a4e699-b0d4-4298-a0d0-8bb7ae058196"><Execution id="cdf3e3d6-51bd-4d1e-a6f1-1e3e659f1d1d" /><TestMethod codeBase="C:\workspaces\openkit-dotnet\tests\openkit-dotnetcore-1.1.Tests\bin\Release\netcoreapp1.1\openkit-dotnetcore-1.1.Tests.dll" adapterTypeName="executor://nunit3testexecutor/" className="Dynatrace.OpenKit.Core.Communication.BeaconSendingRequestUtilTest" name="SendStatusRequestIsDoneWhenHttpClientReturnsASuccessfulResponse" /></UnitTest><UnitTest name="CanSetManufacturerForAppMon" storage="c:\workspaces\openkit-dotnet\tests\openkit-dotnetcore-1.1.tests\bin\release\netcoreapp1.1\openkit-dotnetcore-1.1.tests.dll" id="aad79fc0-41ac-4ac8-a6b7-3b42a2110a9f"><Execution id="377e586f-cf39-4a7f-8182-1acf726c0ce9" /><TestMethod codeBase="C:\workspaces\openkit-dotnet\tests\openkit-dotnetcore-1.1.Tests\bin\Release\netcoreapp1.1\openkit-dotnetcore-1.1.Tests.dll" adapterTypeName="executor://nunit3testexecutor/" className="Dynatrace.OpenKit.OpenKitBuilderTest" name="CanSetManufacturerForAppMon" /></UnitTest><UnitTest name="NoWebRequestIsReportedForDataCollectionLevel0" storage="c:\workspaces\openkit-dotnet\tests\openkit-dotnetcore-1.1.tests\bin\release\netcoreapp1.1\openkit-dotnetcore-1.1.tests.dll" id="126a0504-215e-4c68-b31b-4df474bc0a48"><Execution id="3bbd03bd-4927-430a-a585-9b31ba241b74" /><TestMethod codeBase="C:\workspaces\openkit-dotnet\tests\openkit-dotnetcore-1.1.Tests\bin\Release\netcoreapp1.1\openkit-dotnetcore-1.1.Tests.dll" adapterTypeName="executor://nunit3testexecutor/" className="Dynatrace.OpenKit.Protocol.BeaconTest" name="NoWebRequestIsReportedForDataCollectionLevel0" /></UnitTest><UnitTest name="SendingOpenSessionsIsAbortedImmediatelyWhenTooManyRequestsResponseIsReceived" storage="c:\workspaces\openkit-dotnet\tests\openkit-dotnetcore-1.1.tests\bin\release\netcoreapp1.1\openkit-dotnetcore-1.1.tests.dll" id="60256008-9034-4a93-b3af-fcc27ec7eb1d"><Execution id="1ab1f5b5-0109-4ad3-bd66-56d6730fa9d7" /><TestMethod codeBase="C:\workspaces\openkit-dotnet\tests\openkit-dotnetcore-1.1.Tests\bin\Release\netcoreapp1.1\openkit-dotnetcore-1.1.Tests.dll" adapterTypeName="executor://nunit3testexecutor/" className="Dynatrace.OpenKit.Core.Communication.BeaconSendingCaptureOnStateTest" name="SendingOpenSessionsIsAbortedImmediatelyWhenTooManyRequestsResponseIsReceived" /></UnitTest><UnitTest name="ReportIntValue" storage="c:\workspaces\openkit-dotnet\tests\openkit-dotnetcore-1.1.tests\bin\release\netcoreapp1.1\openkit-dotnetcore-1.1.tests.dll" id="b86eec67-8d50-4a1c-a979-ccc08aaef576"><Execution id="23c2f900-8a27-4dad-899f-eba6f147307f" /><TestMethod codeBase="C:\workspaces\openkit-dotnet\tests\openkit-dotnetcore-1.1.Tests\bin\Release\netcoreapp1.1\openkit-dotnetcore-1.1.Tests.dll" adapterTypeName="executor://nunit3testexecutor/" className="Dynatrace.OpenKit.Core.ActionTest" name="ReportIntValue" /></UnitTest><UnitTest name="IpV6AddressMixedNotationIsValid_NonZeroIPv6Compressed" storage="c:\workspaces\openkit-dotnet\tests\openkit-dotnetcore-1.1.tests\bin\release\netcoreapp1.1\openkit-dotnetcore-1.1.tests.dll" id="72cbe1d8-818b-4ad1-b15a-c91c0a747e9d"><Execution id="8795b60d-045f-490b-8fb4-dd8a75baab2b" /><TestMethod codeBase="C:\workspaces\openkit-dotnet\tests\openkit-dotnetcore-1.1.Tests\bin\Release\netcoreapp1.1\openkit-dotnetcore-1.1.Tests.dll" adapterTypeName="executor://nunit3testexecutor/" className="Dynatrace.OpenKit.Core.Util.InetAddressValidatorTest" name="IpV6AddressMixedNotationIsValid_NonZeroIPv6Compressed" /></UnitTest><UnitTest name="DeleteCacheEntryDoesNotRaiseEvent" storage="c:\workspaces\openkit-dotnet\tests\openkit-dotnetcore-1.1.tests\bin\release\netcoreapp1.1\openkit-dotnetcore-1.1.tests.dll" id="6e61b5d1-6a70-4528-a03c-36bd47d58534"><Execution id="c27dcff3-d9d7-45e9-8cf9-982f927f21af" /><TestMethod codeBase="C:\workspaces\openkit-dotnet\tests\openkit-dotnetcore-1.1.Tests\bin\Release\netcoreapp1.1\openkit-dotnetcore-1.1.Tests.dll" adapterTypeName="executor://nunit3testexecutor/" className="Dynatrace.OpenKit.Core.Caching.BeaconCacheTest" name="DeleteCacheEntryDoesNotRaiseEvent" /></UnitTest><UnitTest name="IsSuccessfulResponseReturnsFalseIfResponseIsErroneous" storage="c:\workspaces\openkit-dotnet\tests\openkit-dotnetcore-1.1.tests\bin\release\netcoreapp1.1\openkit-dotnetcore-1.1.tests.dll" id="a77bf2de-658b-4b87-b440-ced7e2b0d4c5"><Execution id="2ebe4e87-cda4-4961-9b0e-df096024737d" /><TestMethod codeBase="C:\workspaces\openkit-dotnet\tests\openkit-dotnetcore-1.1.Tests\bin\Release\netcoreapp1.1\openkit-dotnetcore-1.1.Tests.dll" adapterTypeName="executor://nunit3testexecutor/" className="Dynatrace.OpenKit.Core.Communication.BeaconSendingResponseUtilTest" name="IsSuccessfulResponseReturnsFalseIfResponseIsErroneous" /></UnitTest><UnitTest name="DisposingASessionEndsTheSession" storage="c:\workspaces\openkit-dotnet\tests\openkit-dotnetcore-1.1.tests\bin\release\netcoreapp1.1\openkit-dotnetcore-1.1.tests.dll" id="cb79f044-26a6-4a39-a427-1dde912b4764"><Execution id="1126ade9-7c75-40d1-8bf7-fbc4d1c92e7a" /><TestMethod codeBase="C:\workspaces\openkit-dotnet\tests\openkit-dotnetcore-1.1.Tests\bin\Release\netcoreapp1.1\openkit-dotnetcore-1.1.Tests.dll" adapterTypeName="executor://nunit3testexecutor/" className="Dynatrace.OpenKit.Core.SessionTest" name="DisposingASessionEndsTheSession" /></UnitTest><UnitTest name="ExecuteEvictionLogsTheNumberOfRecordsRemoved" storage="c:\workspaces\openkit-dotnet\tests\openkit-dotnetcore-1.1.tests\bin\release\netcoreapp1.1\openkit-dotnetcore-1.1.tests.dll" id="b86cff77-63b5-41ac-970b-8de7469be926"><Execution id="a0b06497-96e4-4f57-80f4-dcc24b5a35be" /><TestMethod codeBase="C:\workspaces\openkit-dotnet\tests\openkit-dotnetcore-1.1.Tests\bin\Release\netcoreapp1.1\openkit-dotnetcore-1.1.Tests.dll" adapterTypeName="executor://nunit3testexecutor/" className="Dynatrace.OpenKit.Core.Caching.TimeEvicitionStrategyTest" name="ExecuteEvictionLogsTheNumberOfRecordsRemoved" /></UnitTest><UnitTest name="IpV4AddressIsValidAllEigtht" storage="c:\workspaces\openkit-dotnet\tests\openkit-dotnetcore-1.1.tests\bin\release\netcoreapp1.1\openkit-dotnetcore-1.1.tests.dll" id="28b7154b-68ac-4f0a-a735-3877b7a8632c"><Execution id="73169a9b-afb3-42a0-a776-32cf380083d0" /><TestMethod codeBase="C:\workspaces\openkit-dotnet\tests\openkit-dotnetcore-1.1.Tests\bin\Release\netcoreapp1.1\openkit-dotnetcore-1.1.Tests.dll" adapterTypeName="executor://nunit3testexecutor/" className="Dynatrace.OpenKit.Core.Util.InetAddressValidatorTest" name="IpV4AddressIsValidAllEigtht" /></UnitTest><UnitTest name="IpV4AddressIsInvalidDueToAdditionalCharacterInSecondBlock" storage="c:\workspaces\openkit-dotnet\tests\openkit-dotnetcore-1.1.tests\bin\release\netcoreapp1.1\openkit-dotnetcore-1.1.tests.dll" id="04bd3a67-8000-4f10-af6b-9761f9f6112b"><Execution id="bb74d4ae-f44e-42f1-87ce-c005c1cdb1ec" /><TestMethod codeBase="C:\workspaces\openkit-dotnet\tests\openkit-dotnetcore-1.1.Tests\bin\Release\netcoreapp1.1\openkit-dotnetcore-1.1.Tests.dll" adapterTypeName="executor://nunit3testexecutor/" className="Dynatrace.OpenKit.Core.Util.InetAddressValidatorTest" name="IpV4AddressIsInvalidDueToAdditionalCharacterInSecondBlock" /></UnitTest><UnitTest name="IsDebugEnabledIsFalseIfVerboseIsFalse" storage="c:\workspaces\openkit-dotnet\tests\openkit-dotnetcore-1.1.tests\bin\release\netcoreapp1.1\openkit-dotnetcore-1.1.tests.dll" id="cf4a88df-10d2-4c24-9785-3368dd416ad3"><Execution id="7b785d33-88b7-4a43-80f0-eb831741b4ed" /><TestMethod codeBase="C:\workspaces\openkit-dotnet\tests\openkit-dotnetcore-1.1.Tests\bin\Release\netcoreapp1.1\openkit-dotnetcore-1.1.Tests.dll" adapterTypeName="executor://nunit3testexecutor/" className="Dynatrace.OpenKit.Core.DefaultLoggerTest" name="IsDebugEnabledIsFalseIfVerboseIsFalse" /></UnitTest><UnitTest name="ReportErrorDoesNothingIfActionIsLeft" storage="c:\workspaces\openkit-dotnet\tests\openkit-dotnetcore-1.1.tests\bin\release\netcoreapp1.1\openkit-dotnetcore-1.1.tests.dll" id="5bac1e60-4530-432b-8e8c-fd7f2bdd5007"><Execution id="7d2a87c3-cd67-4b51-aaaa-f77940f13db7" /><TestMethod codeBase="C:\workspaces\openkit-dotnet\tests\openkit-dotnetcore-1.1.Tests\bin\Release\netcoreapp1.1\openkit-dotnetcore-1.1.Tests.dll" adapterTypeName="executor://nunit3testexecutor/" className="Dynatrace.OpenKit.Core.ActionTest" name="ReportErrorDoesNothingIfActionIsLeft" /></UnitTest><UnitTest name="ABeaconSendingFlushSessionsStateTransitionsToTerminalStateWhenDataIsSent" storage="c:\workspaces\openkit-dotnet\tests\openkit-dotnetcore-1.1.tests\bin\release\netcoreapp1.1\openkit-dotnetcore-1.1.tests.dll" id="6b842618-08be-494d-abe3-365c95907a29"><Execution id="d0535071-0ca2-4a68-b7e5-b2dd06d00abd" /><TestMethod codeBase="C:\workspaces\openkit-dotnet\tests\openkit-dotnetcore-1.1.Tests\bin\Release\netcoreapp1.1\openkit-dotnetcore-1.1.Tests.dll" adapterTypeName="executor://nunit3testexecutor/" className="Dynatrace.OpenKit.Core.Communication.BeaconSendingFlushSessionsStateTest" name="ABeaconSendingFlushSessionsStateTransitionsToTerminalStateWhenDataIsSent" /></UnitTest><UnitTest name="DoubleValueNotReportedForDataCollectionLevel1" storage="c:\workspaces\openkit-dotnet\tests\openkit-dotnetcore-1.1.tests\bin\release\netcoreapp1.1\openkit-dotnetcore-1.1.tests.dll" id="0645475d-a9dd-466a-afb2-09169efb4765"><Execution id="1e1496df-f02c-4715-b9b0-17846ba51a08" /><TestMethod codeBase="C:\workspaces\openkit-dotnet\tests\openkit-dotnetcore-1.1.Tests\bin\Release\netcoreapp1.1\openkit-dotnetcore-1.1.Tests.dll" adapterTypeName="executor://nunit3testexecutor/" className="Dynatrace.OpenKit.Protocol.BeaconTest" name="DoubleValueNotReportedForDataCollectionLevel1" /></UnitTest><UnitTest name="GetRetryAfterReturnsDefaultValueIfMultipleValuesWereRetrieved" storage="c:\workspaces\openkit-dotnet\tests\openkit-dotnetcore-1.1.tests\bin\release\netcoreapp1.1\openkit-dotnetcore-1.1.tests.dll" id="f709e454-565c-48cf-89c6-d0e3ed5ebf18"><Execution id="72b28aac-b393-4e9a-97cc-c8669dc19509" /><TestMethod codeBase="C:\workspaces\openkit-dotnet\tests\openkit-dotnetcore-1.1.Tests\bin\Release\netcoreapp1.1\openkit-dotnetcore-1.1.Tests.dll" adapterTypeName="executor://nunit3testexecutor/" className="Dynatrace.OpenKit.Protocol.ResponseTest" name="GetRetryAfterReturnsDefaultValueIfMultipleValuesWereRetrieved" /></UnitTest><UnitTest name="TransitionToFlushStateIsPerformedOnShutdown" storage="c:\workspaces\openkit-dotnet\tests\openkit-dotnetcore-1.1.tests\bin\release\netcoreapp1.1\openkit-dotnetcore-1.1.tests.dll" id="931538d3-94ae-413b-a5e8-5edf4a051740"><Execution id="3ccee25d-8a75-4dc3-863f-154ee0921914" /><TestMethod codeBase="C:\workspaces\openkit-dotnet\tests\openkit-dotnetcore-1.1.Tests\bin\Release\netcoreapp1.1\openkit-dotnetcore-1.1.Tests.dll" adapterTypeName="executor://nunit3testexecutor/" className="Dynatrace.OpenKit.Core.Communication.BeaconSendingCaptureOffStateTest" name="TransitionToFlushStateIsPerformedOnShutdown" /></UnitTest><UnitTest name="AWebRequestTracerIsStoppedAfterStopHasBeenCalled" storage="c:\workspaces\openkit-dotnet\tests\openkit-dotnetcore-1.1.tests\bin\release\netcoreapp1.1\openkit-dotnetcore-1.1.tests.dll" id="a70f1d06-acb1-4d9f-a4cf-5f2b05ba96e7"><Execution id="9f52033d-270b-4cae-b4a0-066f60d24f18" /><TestMethod codeBase="C:\workspaces\openkit-dotnet\tests\openkit-dotnetcore-1.1.Tests\bin\Release\netcoreapp1.1\openkit-dotnetcore-1.1.Tests.dll" adapterTypeName="executor://nunit3testexecutor/" className="Dynatrace.OpenKit.Core.WebRequestTracerBaseTest" name="AWebRequestTracerIsStoppedAfterStopHasBeenCalled" /></UnitTest><UnitTest name="SessionStartIsReported" storage="c:\workspaces\openkit-dotnet\tests\openkit-dotnetcore-1.1.tests\bin\release\netcoreapp1.1\openkit-dotnetcore-1.1.tests.dll" id="6a104a78-c616-4a22-a5f5-7318b7e2918d"><Execution id="a195c837-132d-4620-ae68-6bcdf6dbb20c" /><TestMethod codeBase="C:\workspaces\openkit-dotnet\tests\openkit-dotnetcore-1.1.Tests\bin\Release\netcoreapp1.1\openkit-dotnetcore-1.1.Tests.dll" adapterTypeName="executor://nunit3testexecutor/" className="Dynatrace.OpenKit.Protocol.BeaconTest" name="SessionStartIsReported" /></UnitTest><UnitTest name="ReinitializeSleepsBeforeSendingStatusRequests" storage="c:\workspaces\openkit-dotnet\tests\openkit-dotnetcore-1.1.tests\bin\release\netcoreapp1.1\openkit-dotnetcore-1.1.tests.dll" id="0c3f7f32-959b-4392-a2d3-ceafe4df1842"><Execution id="55d361ed-5c5e-44bf-8441-27ebf13bed4c" /><TestMethod codeBase="C:\workspaces\openkit-dotnet\tests\openkit-dotnetcore-1.1.Tests\bin\Release\netcoreapp1.1\openkit-dotnetcore-1.1.Tests.dll" adapterTypeName="executor://nunit3testexecutor/" className="Dynatrace.OpenKit.Core.Communication.BeaconSendingInitStateTest" name="ReinitializeSleepsBeforeSendingStatusRequests" /></UnitTest><UnitTest name="ReportDoubleValue" storage="c:\workspaces\openkit-dotnet\tests\openkit-dotnetcore-1.1.tests\bin\release\netcoreapp1.1\openkit-dotnetcore-1.1.tests.dll" id="53c50abc-6739-4ee3-ae88-8856d84dbba3"><Execution id="37588286-b823-4f36-949e-443f3776d973" /><TestMethod codeBase="C:\workspaces\openkit-dotnet\tests\openkit-dotnetcore-1.1.Tests\bin\Release\netcoreapp1.1\openkit-dotnetcore-1.1.Tests.dll" adapterTypeName="executor://nunit3testexecutor/" className="Dynatrace.OpenKit.Core.ActionTest" name="ReportDoubleValue" /></UnitTest><UnitTest name="CanAddReceivedBytesValueZeroToWebRequestTracer" storage="c:\workspaces\openkit-dotnet\tests\openkit-dotnetcore-1.1.tests\bin\release\netcoreapp1.1\openkit-dotnetcore-1.1.tests.dll" id="a42d087c-c29d-430d-9908-2466e7fec7ec"><Execution id="48fdc559-914e-4bf2-bf69-5e19b5821ca9" /><TestMethod codeBase="C:\workspaces\openkit-dotnet\tests\openkit-dotnetcore-1.1.Tests\bin\Release\netcoreapp1.1\openkit-dotnetcore-1.1.Tests.dll" adapterTypeName="executor://nunit3testexecutor/" className="Dynatrace.OpenKit.Protocol.BeaconTest" name="CanAddReceivedBytesValueZeroToWebRequestTracer" /></UnitTest><UnitTest name="CanSetModelIDForAppMon" storage="c:\workspaces\openkit-dotnet\tests\openkit-dotnetcore-1.1.tests\bin\release\netcoreapp1.1\openkit-dotnetcore-1.1.tests.dll" id="a1f3013e-e986-4c9d-bf34-82850611c72a"><Execution id="67415568-275e-4902-81cd-83d81322f370" /><TestMethod codeBase="C:\workspaces\openkit-dotnet\tests\openkit-dotnetcore-1.1.Tests\bin\Release\netcoreapp1.1\openkit-dotnetcore-1.1.Tests.dll" adapterTypeName="executor://nunit3testexecutor/" className="Dynatrace.OpenKit.OpenKitBuilderTest" name="CanSetModelIDForAppMon" /></UnitTest><UnitTest name="DisposingAWebRequestTracerStopsIt" storage="c:\workspaces\openkit-dotnet\tests\openkit-dotnetcore-1.1.tests\bin\release\netcoreapp1.1\openkit-dotnetcore-1.1.tests.dll" id="f44528c3-ec9d-4cc6-a94f-1be3ef27f7c0"><Execution id="a9d37cb8-cef6-4df8-914f-bcf3a8adb539" /><TestMethod codeBase="C:\workspaces\openkit-dotnet\tests\openkit-dotnetcore-1.1.Tests\bin\Release\netcoreapp1.1\openkit-dotnetcore-1.1.Tests.dll" adapterTypeName="executor://nunit3testexecutor/" className="Dynatrace.OpenKit.Core.WebRequestTracerBaseTest" name="DisposingAWebRequestTracerStopsIt" /></UnitTest><UnitTest name="IpV6AddressMixedNotationIsValid_NonZeroIPv6NonCompressed" storage="c:\workspaces\openkit-dotnet\tests\openkit-dotnetcore-1.1.tests\bin\release\netcoreapp1.1\openkit-dotnetcore-1.1.tests.dll" id="99780b74-7c56-444a-8fc4-b2c0a4a04a3b"><Execution id="d57197be-7d2b-441f-bdad-aeef53bc1f27" /><TestMethod codeBase="C:\workspaces\openkit-dotnet\tests\openkit-dotnetcore-1.1.Tests\bin\Release\netcoreapp1.1\openkit-dotnetcore-1.1.Tests.dll" adapterTypeName="executor://nunit3testexecutor/" className="Dynatrace.OpenKit.Core.Util.InetAddressValidatorTest" name="IpV6AddressMixedNotationIsValid_NonZeroIPv6NonCompressed" /></UnitTest><UnitTest name="EvictRecordsByNumberDoesNothingAndReturnsZeroIfBeaconIDDoesNotExist" storage="c:\workspaces\openkit-dotnet\tests\openkit-dotnetcore-1.1.tests\bin\release\netcoreapp1.1\openkit-dotnetcore-1.1.tests.dll" id="30c920aa-1285-4c76-86cf-76d916fa23f4"><Execution id="60962ee8-037c-43f0-97db-22724cfda758" /><TestMethod codeBase="C:\workspaces\openkit-dotnet\tests\openkit-dotnetcore-1.1.Tests\bin\Release\netcoreapp1.1\openkit-dotnetcore-1.1.Tests.dll" adapterTypeName="executor://nunit3testexecutor/" className="Dynatrace.OpenKit.Core.Caching.BeaconCacheTest" name="EvictRecordsByNumberDoesNothingAndReturnsZeroIfBeaconIDDoesNotExist" /></UnitTest><UnitTest name="TransitionToCaptureOffIsPerformedOnSuccess" storage="c:\workspaces\openkit-dotnet\tests\openkit-dotnetcore-1.1.tests\bin\release\netcoreapp1.1\openkit-dotnetcore-1.1.tests.dll" id="0b65b0e0-8f4a-486c-a14d-14b0e4d380b5"><Execution id="e327c33c-2980-462e-bcb9-1ee3b52bc99a" /><TestMethod codeBase="C:\workspaces\openkit-dotnet\tests\openkit-dotnetcore-1.1.Tests\bin\Release\netcoreapp1.1\openkit-dotnetcore-1.1.Tests.dll" adapterTypeName="executor://nunit3testexecutor/" className="Dynatrace.OpenKit.Core.Communication.BeaconSendingTimeSyncStateTest" name="TransitionToCaptureOffIsPerformedOnSuccess" /></UnitTest><UnitTest name="SendBeaconRequestSendsRequestToMonitorURL" storage="c:\workspaces\openkit-dotnet\tests\openkit-dotnetcore-1.1.tests\bin\release\netcoreapp1.1\openkit-dotnetcore-1.1.tests.dll" id="25cd0373-0097-4faa-80da-e7101cc087d1"><Execution id="c8522ebb-cf22-4c96-9868-b1cec4c9818f" /><TestMethod codeBase="C:\workspaces\openkit-dotnet\tests\openkit-dotnetcore-1.1.Tests\bin\Release\netcoreapp1.1\openkit-dotnetcore-1.1.Tests.dll" adapterTypeName="executor://nunit3testexecutor/" className="Dynatrace.OpenKit.Protocol.HTTPClientTest" name="SendBeaconRequestSendsRequestToMonitorURL" /></UnitTest><UnitTest name="LeavingAnActionSetsTheEndSequenceNumber" storage="c:\workspaces\openkit-dotnet\tests\openkit-dotnetcore-1.1.tests\bin\release\netcoreapp1.1\openkit-dotnetcore-1.1.tests.dll" id="563038ea-b149-4120-a94e-982ce8109526"><Execution id="87200491-f059-4d9d-b635-000bb1b9fe92" /><TestMethod codeBase="C:\workspaces\openkit-dotnet\tests\openkit-dotnetcore-1.1.Tests\bin\Release\netcoreapp1.1\openkit-dotnetcore-1.1.Tests.dll" adapterTypeName="executor://nunit3testexecutor/" className="Dynatrace.OpenKit.Core.ActionTest" name="LeavingAnActionSetsTheEndSequenceNumber" /></UnitTest><UnitTest name="ResetChunkedRestoresData" storage="c:\workspaces\openkit-dotnet\tests\openkit-dotnetcore-1.1.tests\bin\release\netcoreapp1.1\openkit-dotnetcore-1.1.tests.dll" id="3936cecf-af9f-4d81-adac-d42b37484a49"><Execution id="ff763abd-57ee-4383-a566-2f31c7dab443" /><TestMethod codeBase="C:\workspaces\openkit-dotnet\tests\openkit-dotnetcore-1.1.Tests\bin\Release\netcoreapp1.1\openkit-dotnetcore-1.1.Tests.dll" adapterTypeName="executor://nunit3testexecutor/" className="Dynatrace.OpenKit.Core.Caching.BeaconCacheTest" name="ResetChunkedRestoresData" /></UnitTest><UnitTest name="SendStatusRequestIsRetriedThreeTimesBeforeGivingUp" storage="c:\workspaces\openkit-dotnet\tests\openkit-dotnetcore-1.1.tests\bin\release\netcoreapp1.1\openkit-dotnetcore-1.1.tests.dll" id="eabcca27-35d1-4251-973e-b5d6a674118a"><Execution id="791309b0-76ab-40a5-bd55-d461b8dd0ba1" /><TestMethod codeBase="C:\workspaces\openkit-dotnet\tests\openkit-dotnetcore-1.1.Tests\bin\Release\netcoreapp1.1\openkit-dotnetcore-1.1.Tests.dll" adapterTypeName="executor://nunit3testexecutor/" className="Dynatrace.OpenKit.Protocol.HTTPClientTest" name="SendStatusRequestIsRetriedThreeTimesBeforeGivingUp" /></UnitTest><UnitTest name="DefaultLoggerIsUsedByDefault" storage="c:\workspaces\openkit-dotnet\tests\openkit-dotnetcore-1.1.tests\bin\release\netcoreapp1.1\openkit-dotnetcore-1.1.tests.dll" id="19c97c08-0ea9-4e44-9098-5b02c55021c5"><Execution id="32834a9d-8d0c-4378-a2a6-b58debfb029e" /><TestMethod codeBase="C:\workspaces\openkit-dotnet\tests\openkit-dotnetcore-1.1.Tests\bin\Release\netcoreapp1.1\openkit-dotnetcore-1.1.Tests.dll" adapterTypeName="executor://nunit3testexecutor/" className="Dynatrace.OpenKit.OpenKitBuilderTest" name="DefaultLoggerIsUsedByDefault" /></UnitTest><UnitTest name="StartTimeIsSetInConstructor" storage="c:\workspaces\openkit-dotnet\tests\openkit-dotnetcore-1.1.tests\bin\release\netcoreapp1.1\openkit-dotnetcore-1.1.tests.dll" id="8c09409d-b281-4348-8fe8-48b515ca1853"><Execution id="a917882a-bf9c-49ca-87d9-8e1b2bf93950" /><TestMethod codeBase="C:\workspaces\openkit-dotnet\tests\openkit-dotnetcore-1.1.Tests\bin\Release\netcoreapp1.1\openkit-dotnetcore-1.1.Tests.dll" adapterTypeName="executor://nunit3testexecutor/" className="Dynatrace.OpenKit.Core.ActionTest" name="StartTimeIsSetInConstructor" /></UnitTest><UnitTest name="CanSetBeaconCacheUpperMemoryBoundaryForDynatrace" storage="c:\workspaces\openkit-dotnet\tests\openkit-dotnetcore-1.1.tests\bin\release\netcoreapp1.1\openkit-dotnetcore-1.1.tests.dll" id="78c4c045-f2f7-449b-b2ac-5c474ea629bb"><Execution id="aaff3ac4-cefb-44f9-bae0-b0b829f37e60" /><TestMethod codeBase="C:\workspaces\openkit-dotnet\tests\openkit-dotnetcore-1.1.Tests\bin\Release\netcoreapp1.1\openkit-dotnetcore-1.1.Tests.dll" adapterTypeName="executor://nunit3testexecutor/" className="Dynatrace.OpenKit.OpenKitBuilderTest" name="CanSetBeaconCacheUpperMemoryBoundaryForDynatrace" /></UnitTest><UnitTest name="MaxRecordAge" storage="c:\workspaces\openkit-dotnet\tests\openkit-dotnetcore-1.1.tests\bin\release\netcoreapp1.1\openkit-dotnetcore-1.1.tests.dll" id="4368db7d-6059-4ae1-a349-74ce785434da"><Execution id="d9e43d2b-cec5-43b3-9242-87c9d34c2be8" /><TestMethod codeBase="C:\workspaces\openkit-dotnet\tests\openkit-dotnetcore-1.1.Tests\bin\Release\netcoreapp1.1\openkit-dotnetcore-1.1.Tests.dll" adapterTypeName="executor://nunit3testexecutor/" className="Dynatrace.OpenKit.Core.Configuration.BeaconCacheConfigurationTest" name="MaxRecordAge" /></UnitTest><UnitTest name="TheStrategyIsDisabledIfCacheSizeUpperBoundIsLessThanZero" storage="c:\workspaces\openkit-dotnet\tests\openkit-dotnetcore-1.1.tests\bin\release\netcoreapp1.1\openkit-dotnetcore-1.1.tests.dll" id="297fcaa0-a0f3-4904-bb52-79d1b479e6ad"><Execution id="14283f6a-9353-407c-aed4-f5ae1219486f" /><TestMethod codeBase="C:\workspaces\openkit-dotnet\tests\openkit-dotnetcore-1.1.Tests\bin\Release\netcoreapp1.1\openkit-dotnetcore-1.1.Tests.dll" adapterTypeName="executor://nunit3testexecutor/" className="Dynatrace.OpenKit.Core.Caching.SpaceEvictionStrategyTest" name="TheStrategyIsDisabledIfCacheSizeUpperBoundIsLessThanZero" /></UnitTest><UnitTest name="InfoDoesNotLogIfVerboseIsDisabled" storage="c:\workspaces\openkit-dotnet\tests\openkit-dotnetcore-1.1.tests\bin\release\netcoreapp1.1\openkit-dotnetcore-1.1.tests.dll" id="7dab00b3-6623-43e5-af29-800d5934bce2"><Execution id="7ec55767-bc3a-4ba6-b878-42f8fa6e9d13" /><TestMethod codeBase="C:\workspaces\openkit-dotnet\tests\openkit-dotnetcore-1.1.Tests\bin\Release\netcoreapp1.1\openkit-dotnetcore-1.1.Tests.dll" adapterTypeName="executor://nunit3testexecutor/" className="Dynatrace.OpenKit.Core.DefaultLoggerTest" name="InfoDoesNotLogIfVerboseIsDisabled" /></UnitTest><UnitTest name="SleepIsNotCalledIfShutdownIsRequested" storage="c:\workspaces\openkit-dotnet\tests\openkit-dotnetcore-1.1.tests\bin\release\netcoreapp1.1\openkit-dotnetcore-1.1.tests.dll" id="60cf29bb-2617-4ed9-a137-7dde4000320b"><Execution id="db50ce46-7adf-437f-b8c2-883f65f13baf" /><TestMethod codeBase="C:\workspaces\openkit-dotnet\tests\openkit-dotnetcore-1.1.Tests\bin\Release\netcoreapp1.1\openkit-dotnetcore-1.1.Tests.dll" adapterTypeName="executor://nunit3testexecutor/" className="Dynatrace.OpenKit.Core.Communication.BeaconSendingCaptureOffStateTest" name="SleepIsNotCalledIfShutdownIsRequested" /></UnitTest><UnitTest name="ADefaultConstructedConfigurationDisablesCrashReporting" storage="c:\workspaces\openkit-dotnet\tests\openkit-dotnetcore-1.1.tests\bin\release\netcoreapp1.1\openkit-dotnetcore-1.1.tests.dll" id="189f5c74-d0d2-4852-ad7f-2bef27d66bea"><Execution id="fbcd7af6-7bfc-4041-97b9-5aa471260de0" /><TestMethod codeBase="C:\workspaces\openkit-dotnet\tests\openkit-dotnetcore-1.1.Tests\bin\Release\netcoreapp1.1\openkit-dotnetcore-1.1.Tests.dll" adapterTypeName="executor://nunit3testexecutor/" className="Dynatrace.OpenKit.Core.Configuration.OpenKitConfigurationTest" name="ADefaultConstructedConfigurationDisablesCrashReporting" /></UnitTest><UnitTest name="getNextBeaconChunkRetrievesNextChunk" storage="c:\workspaces\openkit-dotnet\tests\openkit-dotnetcore-1.1.tests\bin\release\netcoreapp1.1\openkit-dotnetcore-1.1.tests.dll" id="c26fa671-a90e-49e3-a2ab-cd61f530d02a"><Execution id="4906491c-ab7f-43f7-8bbc-cea7108f47ab" /><TestMethod codeBase="C:\workspaces\openkit-dotnet\tests\openkit-dotnetcore-1.1.Tests\bin\Release\netcoreapp1.1\openkit-dotnetcore-1.1.Tests.dll" adapterTypeName="executor://nunit3testexecutor/" className="Dynatrace.OpenKit.Core.Caching.BeaconCacheTest" name="getNextBeaconChunkRetrievesNextChunk" /></UnitTest><UnitTest name="IpV4AddressIsInvalidDueToAdditionalCharacterInThirdBlock" storage="c:\workspaces\openkit-dotnet\tests\openkit-dotnetcore-1.1.tests\bin\release\netcoreapp1.1\openkit-dotnetcore-1.1.tests.dll" id="1bc24d3e-e5cf-43ef-8756-5d8f18a4920e"><Execution id="c584ecbe-81b1-4993-bf35-97abaada81d6" /><TestMethod codeBase="C:\workspaces\openkit-dotnet\tests\openkit-dotnetcore-1.1.Tests\bin\Release\netcoreapp1.1\openkit-dotnetcore-1.1.Tests.dll" adapterTypeName="executor://nunit3testexecutor/" className="Dynatrace.OpenKit.Core.Util.InetAddressValidatorTest" name="IpV4AddressIsInvalidDueToAdditionalCharacterInThirdBlock" /></UnitTest><UnitTest name="PassingNullResponseStringDoesNotThrow" storage="c:\workspaces\openkit-dotnet\tests\openkit-dotnetcore-1.1.tests\bin\release\netcoreapp1.1\openkit-dotnetcore-1.1.tests.dll" id="d268ae27-237b-4126-8365-86773989d3f2"><Execution id="b94a23ea-dbb8-42f4-9f33-a70473939e67" /><TestMethod codeBase="C:\workspaces\openkit-dotnet\tests\openkit-dotnetcore-1.1.Tests\bin\Release\netcoreapp1.1\openkit-dotnetcore-1.1.Tests.dll" adapterTypeName="executor://nunit3testexecutor/" className="Dynatrace.OpenKit.Protocol.TimeSyncResponseTest" name="PassingNullResponseStringDoesNotThrow" /></UnitTest><UnitTest name="TraceWebRequestGivesNullWebRequestTracerIfUrlIsNull" storage="c:\workspaces\openkit-dotnet\tests\openkit-dotnetcore-1.1.tests\bin\release\netcoreapp1.1\openkit-dotnetcore-1.1.tests.dll" id="6e6b0ea3-e00a-401b-9065-245de504a9cf"><Execution id="a5602af2-f692-4cbc-bad4-7060fca633e5" /><TestMethod codeBase="C:\workspaces\openkit-dotnet\tests\openkit-dotnetcore-1.1.Tests\bin\Release\netcoreapp1.1\openkit-dotnetcore-1.1.Tests.dll" adapterTypeName="executor://nunit3testexecutor/" className="Dynatrace.OpenKit.Core.ActionTest" name="TraceWebRequestGivesNullWebRequestTracerIfUrlIsNull" /></UnitTest><UnitTest name="SessionStartIsReportedForDataCollectionLevel2" storage="c:\workspaces\openkit-dotnet\tests\openkit-dotnetcore-1.1.tests\bin\release\netcoreapp1.1\openkit-dotnetcore-1.1.tests.dll" id="07b1444c-07a7-46d2-b583-9ebb88a3d8a4"><Execution id="c7d05f25-f20c-4ee5-b5df-366e327d0a98" /><TestMethod codeBase="C:\workspaces\openkit-dotnet\tests\openkit-dotnetcore-1.1.Tests\bin\Release\netcoreapp1.1\openkit-dotnetcore-1.1.Tests.dll" adapterTypeName="executor://nunit3testexecutor/" className="Dynatrace.OpenKit.Protocol.BeaconTest" name="SessionStartIsReportedForDataCollectionLevel2" /></UnitTest><UnitTest name="NameIsSet" storage="c:\workspaces\openkit-dotnet\tests\openkit-dotnetcore-1.1.tests\bin\release\netcoreapp1.1\openkit-dotnetcore-1.1.tests.dll" id="1864205e-714b-4a46-a4fb-07fd838076c3"><Execution id="a176f14d-f9d1-4a69-8782-6865bbbb15dd" /><TestMethod codeBase="C:\workspaces\openkit-dotnet\tests\openkit-dotnetcore-1.1.Tests\bin\Release\netcoreapp1.1\openkit-dotnetcore-1.1.Tests.dll" adapterTypeName="executor://nunit3testexecutor/" className="Dynatrace.OpenKit.Core.ActionTest" name="NameIsSet" /></UnitTest><UnitTest name="RandomDeviceIDCannotBeNegativeOnDataCollectionLevel1" storage="c:\workspaces\openkit-dotnet\tests\openkit-dotnetcore-1.1.tests\bin\release\netcoreapp1.1\openkit-dotnetcore-1.1.tests.dll" id="6c190891-3869-4e41-96ed-a0b0056df0d0"><Execution id="377fc566-123e-4844-8bbe-464c6440b406" /><TestMethod codeBase="C:\workspaces\openkit-dotnet\tests\openkit-dotnetcore-1.1.Tests\bin\Release\netcoreapp1.1\openkit-dotnetcore-1.1.Tests.dll" adapterTypeName="executor://nunit3testexecutor/" className="Dynatrace.OpenKit.Protocol.BeaconTest" name="RandomDeviceIDCannotBeNegativeOnDataCollectionLevel1" /></UnitTest><UnitTest name="RemoveRecordsOlderThanDoesNotRemoveAnythingFromEventAndActionsBeingSent" storage="c:\workspaces\openkit-dotnet\tests\openkit-dotnetcore-1.1.tests\bin\release\netcoreapp1.1\openkit-dotnetcore-1.1.tests.dll" id="f281c374-fa7b-482b-9196-a22e8274711c"><Execution id="c3bf1917-4e34-4bd1-8745-10b14b6f14ff" /><TestMethod codeBase="C:\workspaces\openkit-dotnet\tests\openkit-dotnetcore-1.1.Tests\bin\Release\netcoreapp1.1\openkit-dotnetcore-1.1.Tests.dll" adapterTypeName="executor://nunit3testexecutor/" className="Dynatrace.OpenKit.Core.Caching.BeaconCacheEntryTest" name="RemoveRecordsOlderThanDoesNotRemoveAnythingFromEventAndActionsBeingSent" /></UnitTest><UnitTest name="GetRetryAfterReturnsDefaultValueIfValueIsNotParsableAsInteger" storage="c:\workspaces\openkit-dotnet\tests\openkit-dotnetcore-1.1.tests\bin\release\netcoreapp1.1\openkit-dotnetcore-1.1.tests.dll" id="c1f63757-c4cf-4580-a476-0da8069eb0b6"><Execution id="962ed502-5e92-4c24-bde7-6ba47c5ab346" /><TestMethod codeBase="C:\workspaces\openkit-dotnet\tests\openkit-dotnetcore-1.1.Tests\bin\Release\netcoreapp1.1\openkit-dotnetcore-1.1.Tests.dll" adapterTypeName="executor://nunit3testexecutor/" className="Dynatrace.OpenKit.Protocol.ResponseTest" name="GetRetryAfterReturnsDefaultValueIfValueIsNotParsableAsInteger" /></UnitTest><UnitTest name="ReportEventDoesNothingIfEventNameIsNull" storage="c:\workspaces\openkit-dotnet\tests\openkit-dotnetcore-1.1.tests\bin\release\netcoreapp1.1\openkit-dotnetcore-1.1.tests.dll" id="fc2d028d-910f-4eb5-8773-a3dd3522abf0"><Execution id="2b835fcd-d14f-443f-99e5-64306e8bae6c" /><TestMethod codeBase="C:\workspaces\openkit-dotnet\tests\openkit-dotnetcore-1.1.Tests\bin\Release\netcoreapp1.1\openkit-dotnetcore-1.1.Tests.dll" adapterTypeName="executor://nunit3testexecutor/" className="Dynatrace.OpenKit.Core.ActionTest" name="ReportEventDoesNothingIfEventNameIsNull" /></UnitTest><UnitTest name="ADifferentTypeIsNotConsideredEqual" storage="c:\workspaces\openkit-dotnet\tests\openkit-dotnetcore-1.1.tests\bin\release\netcoreapp1.1\openkit-dotnetcore-1.1.tests.dll" id="0d0acf03-cd27-4c55-99e5-dba7566dd2b7"><Execution id="35c29f9c-bdb3-4016-ae13-c4d3b40cb5ea" /><TestMethod codeBase="C:\workspaces\openkit-dotnet\tests\openkit-dotnetcore-1.1.Tests\bin\Release\netcoreapp1.1\openkit-dotnetcore-1.1.Tests.dll" adapterTypeName="executor://nunit3testexecutor/" className="Dynatrace.OpenKit.Core.Caching.BeaconCacheRecordTest" name="ADifferentTypeIsNotConsideredEqual" /></UnitTest><UnitTest name="IpV6AddressMixedNotationInvalid_Compressed3Colon" storage="c:\workspaces\openkit-dotnet\tests\openkit-dotnetcore-1.1.tests\bin\release\netcoreapp1.1\openkit-dotnetcore-1.1.tests.dll" id="bd91ab03-97c2-429f-bfb8-3a4d1f949f9f"><Execution id="273419c6-d14b-414c-a085-10a7164186f0" /><TestMethod codeBase="C:\workspaces\openkit-dotnet\tests\openkit-dotnetcore-1.1.Tests\bin\Release\netcoreapp1.1\openkit-dotnetcore-1.1.Tests.dll" adapterTypeName="executor://nunit3testexecutor/" className="Dynatrace.OpenKit.Core.Util.InetAddressValidatorTest" name="IpV6AddressMixedNotationInvalid_Compressed3Colon" /></UnitTest><UnitTest name="CanSetBeaconCacheUpperMemoryBoundaryForAppMon" storage="c:\workspaces\openkit-dotnet\tests\openkit-dotnetcore-1.1.tests\bin\release\netcoreapp1.1\openkit-dotnetcore-1.1.tests.dll" id="be8d0eb2-9378-430b-99af-c11da7b10f26"><Execution id="431e5b3f-6fd5-4979-ab1c-a6a0a99a72d9" /><TestMethod codeBase="C:\workspaces\openkit-dotnet\tests\openkit-dotnetcore-1.1.Tests\bin\Release\netcoreapp1.1\openkit-dotnetcore-1.1.Tests.dll" adapterTypeName="executor://nunit3testexecutor/" className="Dynatrace.OpenKit.OpenKitBuilderTest" name="CanSetBeaconCacheUpperMemoryBoundaryForAppMon" /></UnitTest><UnitTest name="ShutdownStateIsFlushState" storage="c:\workspaces\openkit-dotnet\tests\openkit-dotnetcore-1.1.tests\bin\release\netcoreapp1.1\openkit-dotnetcore-1.1.tests.dll" id="565bccf0-ad5d-4b41-89bc-b7b811f6d4d5"><Execution id="2526df7c-ddfa-44ad-a263-e0b5e99a05c5" /><TestMethod codeBase="C:\workspaces\openkit-dotnet\tests\openkit-dotnetcore-1.1.Tests\bin\Release\netcoreapp1.1\openkit-dotnetcore-1.1.Tests.dll" adapterTypeName="executor://nunit3testexecutor/" className="Dynatrace.OpenKit.Core.Communication.BeaconSendingCaptureOnStateTest" name="ShutdownStateIsFlushState" /></UnitTest><UnitTest name="FinishingANewSessionStillLeavesItNew" storage="c:\workspaces\openkit-dotnet\tests\openkit-dotnetcore-1.1.tests\bin\release\netcoreapp1.1\openkit-dotnetcore-1.1.tests.dll" id="fed600a7-9395-467a-a326-eec09ca59123"><Execution id="3ee9287c-3cea-4ae3-8dd9-8dc7fd0799f5" /><TestMethod codeBase="C:\workspaces\openkit-dotnet\tests\openkit-dotnetcore-1.1.Tests\bin\Release\netcoreapp1.1\openkit-dotnetcore-1.1.Tests.dll" adapterTypeName="executor://nunit3testexecutor/" className="Dynatrace.OpenKit.Core.Communication.BeaconSendingContextTest" name="FinishingANewSessionStillLeavesItNew" /></UnitTest><UnitTest name="SendBeaconRequestIsRetriedThreeTimesBeforeGivingUp" storage="c:\workspaces\openkit-dotnet\tests\openkit-dotnetcore-1.1.tests\bin\release\netcoreapp1.1\openkit-dotnetcore-1.1.tests.dll" id="455888b8-734b-4c0b-add9-2f8f11a7c6c2"><Execution id="e987da48-69f9-4911-b0e9-e74ab43475b0" /><TestMethod codeBase="C:\workspaces\openkit-dotnet\tests\openkit-dotnetcore-1.1.Tests\bin\Release\netcoreapp1.1\openkit-dotnetcore-1.1.Tests.dll" adapterTypeName="executor://nunit3testexecutor/" className="Dynatrace.OpenKit.Protocol.HTTPClientTest" name="SendBeaconRequestIsRetriedThreeTimesBeforeGivingUp" /></UnitTest><UnitTest name="NoSessionStartIsReportedIfBeaconConfigurationDisablesCapturing" storage="c:\workspaces\openkit-dotnet\tests\openkit-dotnetcore-1.1.tests\bin\release\netcoreapp1.1\openkit-dotnetcore-1.1.tests.dll" id="0af17f6c-d0bb-4410-86ec-99d0fbd2852e"><Execution id="8ab9637e-49c8-43ab-978a-dea1d82c4c13" /><TestMethod codeBase="C:\workspaces\openkit-dotnet\tests\openkit-dotnetcore-1.1.Tests\bin\Release\netcoreapp1.1\openkit-dotnetcore-1.1.Tests.dll" adapterTypeName="executor://nunit3testexecutor/" className="Dynatrace.OpenKit.Protocol.BeaconTest" name="NoSessionStartIsReportedIfBeaconConfigurationDisablesCapturing" /></UnitTest><UnitTest name="SleepIsCalledOnEntry" storage="c:\workspaces\openkit-dotnet\tests\openkit-dotnetcore-1.1.tests\bin\release\netcoreapp1.1\openkit-dotnetcore-1.1.tests.dll" id="1eb37dd0-7b50-4f9a-9150-0bdaadc7039b"><Execution id="90ffbb5a-2726-4b2a-a62a-2103a5a88750" /><TestMethod codeBase="C:\workspaces\openkit-dotnet\tests\openkit-dotnetcore-1.1.Tests\bin\Release\netcoreapp1.1\openkit-dotnetcore-1.1.Tests.dll" adapterTypeName="executor://nunit3testexecutor/" className="Dynatrace.OpenKit.Core.Communication.BeaconSendingCaptureOffStateTest" name="SleepIsCalledOnEntry" /></UnitTest><UnitTest name="SendNewSessionRequestReturnsErrorCode" storage="c:\workspaces\openkit-dotnet\tests\openkit-dotnetcore-1.1.tests\bin\release\netcoreapp1.1\openkit-dotnetcore-1.1.tests.dll" id="c3a8ec50-3db8-4ecb-bd86-07bf596bbb3a"><Execution id="9dbf36a2-12b3-4ab9-a1a9-6d0dac303d4d" /><TestMethod codeBase="C:\workspaces\openkit-dotnet\tests\openkit-dotnetcore-1.1.Tests\bin\Release\netcoreapp1.1\openkit-dotnetcore-1.1.Tests.dll" adapterTypeName="executor://nunit3testexecutor/" className="Dynatrace.OpenKit.Protocol.HTTPClientTest" name="SendNewSessionRequestReturnsErrorCode" /></UnitTest><UnitTest name="NoStringValueIsReportedIfBeaconConfigurationDisablesCapturing" storage="c:\workspaces\openkit-dotnet\tests\openkit-dotnetcore-1.1.tests\bin\release\netcoreapp1.1\openkit-dotnetcore-1.1.tests.dll" id="c5dd8a6c-15d3-4307-b489-c3611c8f7e42"><Execution id="5e21ef41-4722-417e-b385-d498a2ecc623" /><TestMethod codeBase="C:\workspaces\openkit-dotnet\tests\openkit-dotnetcore-1.1.Tests\bin\Release\netcoreapp1.1\openkit-dotnetcore-1.1.Tests.dll" adapterTypeName="executor://nunit3testexecutor/" className="Dynatrace.OpenKit.Protocol.BeaconTest" name="NoStringValueIsReportedIfBeaconConfigurationDisablesCapturing" /></UnitTest><UnitTest name="IpV6AddressLinkLocalIsValidVeryShortLinkLocal" storage="c:\workspaces\openkit-dotnet\tests\openkit-dotnetcore-1.1.tests\bin\release\netcoreapp1.1\openkit-dotnetcore-1.1.tests.dll" id="d5bc29b9-04e0-43f3-adf4-20e6ff8232c3"><Execution id="980adcfc-67d5-4488-bd48-2332fd5f2ef6" /><TestMethod codeBase="C:\workspaces\openkit-dotnet\tests\openkit-dotnetcore-1.1.Tests\bin\Release\netcoreapp1.1\openkit-dotnetcore-1.1.Tests.dll" adapterTypeName="executor://nunit3testexecutor/" className="Dynatrace.OpenKit.Core.Util.InetAddressValidatorTest" name="IpV6AddressLinkLocalIsValidVeryShortLinkLocal" /></UnitTest><UnitTest name="DefaultCaptureErrorsIsOn" storage="c:\workspaces\openkit-dotnet\tests\openkit-dotnetcore-1.1.tests\bin\release\netcoreapp1.1\openkit-dotnetcore-1.1.tests.dll" id="14d8d5f5-b5de-4383-8f9b-7c63380b299a"><Execution id="fe73b04c-c736-45c9-af72-0884138093b7" /><TestMethod codeBase="C:\workspaces\openkit-dotnet\tests\openkit-dotnetcore-1.1.Tests\bin\Release\netcoreapp1.1\openkit-dotnetcore-1.1.Tests.dll" adapterTypeName="executor://nunit3testexecutor/" className="Dynatrace.OpenKit.Protocol.StatusResponseTest" name="DefaultCaptureErrorsIsOn" /></UnitTest><UnitTest name="AnActionAddsItselfIntoListInContstructor" storage="c:\workspaces\openkit-dotnet\tests\openkit-dotnetcore-1.1.tests\bin\release\netcoreapp1.1\openkit-dotnetcore-1.1.tests.dll" id="007c8c0d-23ea-42d1-a4e6-e6d64fdceb76"><Execution id="f321a705-63e3-4850-8aca-f865dbc1e7c1" /><TestMethod codeBase="C:\workspaces\openkit-dotnet\tests\openkit-dotnetcore-1.1.Tests\bin\Release\netcoreapp1.1\openkit-dotnetcore-1.1.Tests.dll" adapterTypeName="executor://nunit3testexecutor/" className="Dynatrace.OpenKit.Core.ActionTest" name="AnActionAddsItselfIntoListInContstructor" /></UnitTest><UnitTest name="NamedEventNotReportedForDataCollectionLevel0" storage="c:\workspaces\openkit-dotnet\tests\openkit-dotnetcore-1.1.tests\bin\release\netcoreapp1.1\openkit-dotnetcore-1.1.tests.dll" id="4737cb30-7049-4152-95d5-c41f420517a4"><Execution id="b05fb989-ff58-4538-9390-96649de9f05e" /><TestMethod codeBase="C:\workspaces\openkit-dotnet\tests\openkit-dotnetcore-1.1.Tests\bin\Release\netcoreapp1.1\openkit-dotnetcore-1.1.Tests.dll" adapterTypeName="executor://nunit3testexecutor/" className="Dynatrace.OpenKit.Protocol.BeaconTest" name="NamedEventNotReportedForDataCollectionLevel0" /></UnitTest><UnitTest name="TimeSyncSupportIsTrueByDefault" storage="c:\workspaces\openkit-dotnet\tests\openkit-dotnetcore-1.1.tests\bin\release\netcoreapp1.1\openkit-dotnetcore-1.1.tests.dll" id="fde4bf9e-4071-45ea-a4d5-791cdaf33da9"><Execution id="70fec1a5-2967-4289-9811-61acd3a1382c" /><TestMethod codeBase="C:\workspaces\openkit-dotnet\tests\openkit-dotnetcore-1.1.Tests\bin\Release\netcoreapp1.1\openkit-dotnetcore-1.1.Tests.dll" adapterTypeName="executor://nunit3testexecutor/" className="Dynatrace.OpenKit.Core.Communication.BeaconSendingContextTest" name="TimeSyncSupportIsTrueByDefault" /></UnitTest><UnitTest name="ActionReportedForDataCollectionLevel2" storage="c:\workspaces\openkit-dotnet\tests\openkit-dotnetcore-1.1.tests\bin\release\netcoreapp1.1\openkit-dotnetcore-1.1.tests.dll" id="e6d673e4-776d-44c9-a818-58b10a07bcb1"><Execution id="90d701b1-ef8f-4134-8675-b8ff0c5de8d5" /><TestMethod codeBase="C:\workspaces\openkit-dotnet\tests\openkit-dotnetcore-1.1.Tests\bin\Release\netcoreapp1.1\openkit-dotnetcore-1.1.Tests.dll" adapterTypeName="executor://nunit3testexecutor/" className="Dynatrace.OpenKit.Protocol.BeaconTest" name="ActionReportedForDataCollectionLevel2" /></UnitTest><UnitTest name="ToStringReturnStateName" storage="c:\workspaces\openkit-dotnet\tests\openkit-dotnetcore-1.1.tests\bin\release\netcoreapp1.1\openkit-dotnetcore-1.1.tests.dll" id="86222290-c8e1-4033-8243-959eea0bb02b"><Execution id="af7d9230-a04a-42dd-be2f-2785a995a6a8" /><TestMethod codeBase="C:\workspaces\openkit-dotnet\tests\openkit-dotnetcore-1.1.Tests\bin\Release\netcoreapp1.1\openkit-dotnetcore-1.1.Tests.dll" adapterTypeName="executor://nunit3testexecutor/" className="Dynatrace.OpenKit.Core.Communication.BeaconSendingCaptureOnStateTest" name="ToStringReturnStateName" /></UnitTest><UnitTest name="LeavingAnActionReturnsTheParentAction" storage="c:\workspaces\openkit-dotnet\tests\openkit-dotnetcore-1.1.tests\bin\release\netcoreapp1.1\openkit-dotnetcore-1.1.tests.dll" id="b744428d-8ab2-440e-9100-674a14383b47"><Execution id="cd2a371e-cad7-423b-a2f0-04c7c134089b" /><TestMethod codeBase="C:\workspaces\openkit-dotnet\tests\openkit-dotnetcore-1.1.Tests\bin\Release\netcoreapp1.1\openkit-dotnetcore-1.1.Tests.dll" adapterTypeName="executor://nunit3testexecutor/" className="Dynatrace.OpenKit.Core.ActionTest" name="LeavingAnActionReturnsTheParentAction" /></UnitTest><UnitTest name="SendStatusRequestSendsOneHTTPGetRequest" storage="c:\workspaces\openkit-dotnet\tests\openkit-dotnetcore-1.1.tests\bin\release\netcoreapp1.1\openkit-dotnetcore-1.1.tests.dll" id="a3ef7fa4-a57c-45c0-8265-ec59c242d247"><Execution id="df2a6e96-11b6-4d9e-bc66-d8d6c14ac3c8" /><TestMethod codeBase="C:\workspaces\openkit-dotnet\tests\openkit-dotnetcore-1.1.Tests\bin\Release\netcoreapp1.1\openkit-dotnetcore-1.1.Tests.dll" adapterTypeName="executor://nunit3testexecutor/" className="Dynatrace.OpenKit.Protocol.HTTPClientTest" name="SendStatusRequestSendsOneHTTPGetRequest" /></UnitTest><UnitTest name="CaptureCrashesIsFalseWhenItIsEqualToZero" storage="c:\workspaces\openkit-dotnet\tests\openkit-dotnetcore-1.1.tests\bin\release\netcoreapp1.1\openkit-dotnetcore-1.1.tests.dll" id="aedfc97c-f7d1-434d-93ed-291b8dad956f"><Execution id="f664ac8b-0ff3-4472-94ad-755aefe6badb" /><TestMethod codeBase="C:\workspaces\openkit-dotnet\tests\openkit-dotnetcore-1.1.Tests\bin\Release\netcoreapp1.1\openkit-dotnetcore-1.1.Tests.dll" adapterTypeName="executor://nunit3testexecutor/" className="Dynatrace.OpenKit.Protocol.StatusResponseTest" name="CaptureCrashesIsFalseWhenItIsEqualToZero" /></UnitTest><UnitTest name="DeleteCacheEntryRemovesTheGivenBeacon" storage="c:\workspaces\openkit-dotnet\tests\openkit-dotnetcore-1.1.tests\bin\release\netcoreapp1.1\openkit-dotnetcore-1.1.tests.dll" id="512c8c9d-f72f-4dbc-9910-f1dd4bf0a3d5"><Execution id="ff26efff-ef6e-4f74-806d-2de19a47d7b0" /><TestMethod codeBase="C:\workspaces\openkit-dotnet\tests\openkit-dotnetcore-1.1.Tests\bin\Release\netcoreapp1.1\openkit-dotnetcore-1.1.Tests.dll" adapterTypeName="executor://nunit3testexecutor/" className="Dynatrace.OpenKit.Core.Caching.BeaconCacheTest" name="DeleteCacheEntryRemovesTheGivenBeacon" /></UnitTest><UnitTest name="AddEventDataAddsDataToAlreadyExistingBeaconId" storage="c:\workspaces\openkit-dotnet\tests\openkit-dotnetcore-1.1.tests\bin\release\netcoreapp1.1\openkit-dotnetcore-1.1.tests.dll" id="ffa46194-5036-46a1-927f-5f05fcfead4b"><Execution id="c509dd55-99ae-4dda-847f-66befd208ce0" /><TestMethod codeBase="C:\workspaces\openkit-dotnet\tests\openkit-dotnetcore-1.1.Tests\bin\Release\netcoreapp1.1\openkit-dotnetcore-1.1.Tests.dll" adapterTypeName="executor://nunit3testexecutor/" className="Dynatrace.OpenKit.Core.Caching.BeaconCacheTest" name="AddEventDataAddsDataToAlreadyExistingBeaconId" /></UnitTest><UnitTest name="ParentIDIsEqualToParentActionsID" storage="c:\workspaces\openkit-dotnet\tests\openkit-dotnetcore-1.1.tests\bin\release\netcoreapp1.1\openkit-dotnetcore-1.1.tests.dll" id="2e69eacf-6e01-4943-98fd-59727cd8c3f2"><Execution id="9bed42ae-dc31-4155-b7fc-ca8b52ce11d7" /><TestMethod codeBase="C:\workspaces\openkit-dotnet\tests\openkit-dotnetcore-1.1.Tests\bin\Release\netcoreapp1.1\openkit-dotnetcore-1.1.Tests.dll" adapterTypeName="executor://nunit3testexecutor/" className="Dynatrace.OpenKit.Core.ActionTest" name="ParentIDIsEqualToParentActionsID" /></UnitTest><UnitTest name="SendNewSessionRequestIsRetriedThreeTimesBeforeGivingUp" storage="c:\workspaces\openkit-dotnet\tests\openkit-dotnetcore-1.1.tests\bin\release\netcoreapp1.1\openkit-dotnetcore-1.1.tests.dll" id="76d26d03-f365-45fa-87ff-6d0a5a74b604"><Execution id="d634eeec-bd5a-405d-8932-781249cc79a9" /><TestMethod codeBase="C:\workspaces\openkit-dotnet\tests\openkit-dotnetcore-1.1.Tests\bin\Release\netcoreapp1.1\openkit-dotnetcore-1.1.Tests.dll" adapterTypeName="executor://nunit3testexecutor/" className="Dynatrace.OpenKit.Protocol.HTTPClientTest" name="SendNewSessionRequestIsRetriedThreeTimesBeforeGivingUp" /></UnitTest><UnitTest name="CanSetManufactureForDynatrace" storage="c:\workspaces\openkit-dotnet\tests\openkit-dotnetcore-1.1.tests\bin\release\netcoreapp1.1\openkit-dotnetcore-1.1.tests.dll" id="fb099550-e7bf-4fe3-bdc0-23fbbe0a49c1"><Execution id="f5dcf36f-a4e6-459b-ab5b-8ee5b10a5bda" /><TestMethod codeBase="C:\workspaces\openkit-dotnet\tests\openkit-dotnetcore-1.1.Tests\bin\Release\netcoreapp1.1\openkit-dotnetcore-1.1.Tests.dll" adapterTypeName="executor://nunit3testexecutor/" className="Dynatrace.OpenKit.OpenKitBuilderTest" name="CanSetManufactureForDynatrace" /></UnitTest><UnitTest name="IpV6AddressLinkLocalIsInvalidZoneIndexUsedWithInvalidPrefix" storage="c:\workspaces\openkit-dotnet\tests\openkit-dotnetcore-1.1.tests\bin\release\netcoreapp1.1\openkit-dotnetcore-1.1.tests.dll" id="d318c9d4-80ba-4853-92ba-66203cac9b9b"><Execution id="0322ade9-5e0a-484b-aca1-0da840cde6a3" /><TestMethod codeBase="C:\workspaces\openkit-dotnet\tests\openkit-dotnetcore-1.1.Tests\bin\Release\netcoreapp1.1\openkit-dotnetcore-1.1.Tests.dll" adapterTypeName="executor://nunit3testexecutor/" className="Dynatrace.OpenKit.Core.Util.InetAddressValidatorTest" name="IpV6AddressLinkLocalIsInvalidZoneIndexUsedWithInvalidPrefix" /></UnitTest><UnitTest name="TheInitialLastRunTimestampIsMinusOne" storage="c:\workspaces\openkit-dotnet\tests\openkit-dotnetcore-1.1.tests\bin\release\netcoreapp1.1\openkit-dotnetcore-1.1.tests.dll" id="adf36020-d8fe-4f21-8e6c-c84c0407edde"><Execution id="c4e31f90-6539-4d3e-9022-9fdc28fddbc1" /><TestMethod codeBase="C:\workspaces\openkit-dotnet\tests\openkit-dotnetcore-1.1.Tests\bin\Release\netcoreapp1.1\openkit-dotnetcore-1.1.Tests.dll" adapterTypeName="executor://nunit3testexecutor/" className="Dynatrace.OpenKit.Core.Caching.TimeEvicitionStrategyTest" name="TheInitialLastRunTimestampIsMinusOne" /></UnitTest><UnitTest name="StringValueNotReportedForDataCollectionLevel0" storage="c:\workspaces\openkit-dotnet\tests\openkit-dotnetcore-1.1.tests\bin\release\netcoreapp1.1\openkit-dotnetcore-1.1.tests.dll" id="e0b08c3e-4593-4f58-9fa2-a6e45ded1681"><Execution id="1510f628-9374-47cd-aefc-4336df82a62a" /><TestMethod codeBase="C:\workspaces\openkit-dotnet\tests\openkit-dotnetcore-1.1.Tests\bin\Release\netcoreapp1.1\openkit-dotnetcore-1.1.Tests.dll" adapterTypeName="executor://nunit3testexecutor/" className="Dynatrace.OpenKit.Protocol.BeaconTest" name="StringValueNotReportedForDataCollectionLevel0" /></UnitTest><UnitTest name="EnterActionGivesNullActionIfActionNameIsEmptyString" storage="c:\workspaces\openkit-dotnet\tests\openkit-dotnetcore-1.1.tests\bin\release\netcoreapp1.1\openkit-dotnetcore-1.1.tests.dll" id="c1d7fb85-b8df-4008-bb62-e3f09aef6985"><Execution id="9a8a94eb-51f1-4cb9-8051-ba795060390e" /><TestMethod codeBase="C:\workspaces\openkit-dotnet\tests\openkit-dotnetcore-1.1.Tests\bin\Release\netcoreapp1.1\openkit-dotnetcore-1.1.Tests.dll" adapterTypeName="executor://nunit3testexecutor/" className="Dynatrace.OpenKit.Core.SessionTest" name="EnterActionGivesNullActionIfActionNameIsEmptyString" /></UnitTest><UnitTest name="CanSetOperatingSystemForDynatrace" storage="c:\workspaces\openkit-dotnet\tests\openkit-dotnetcore-1.1.tests\bin\release\netcoreapp1.1\openkit-dotnetcore-1.1.tests.dll" id="f7f94c37-0f22-4067-ae13-1ee6fb318cea"><Execution id="c99ae643-779d-42f1-80dd-cdd63b3dcf75" /><TestMethod codeBase="C:\workspaces\openkit-dotnet\tests\openkit-dotnetcore-1.1.Tests\bin\Release\netcoreapp1.1\openkit-dotnetcore-1.1.Tests.dll" adapterTypeName="executor://nunit3testexecutor/" className="Dynatrace.OpenKit.OpenKitBuilderTest" name="CanSetOperatingSystemForDynatrace" /></UnitTest><UnitTest name="ExecuteEvictionDoesNotLogIfStrategyIsDisabledAndInfoIsDisabledInLogger" storage="c:\workspaces\openkit-dotnet\tests\openkit-dotnetcore-1.1.tests\bin\release\netcoreapp1.1\openkit-dotnetcore-1.1.tests.dll" id="0178256d-6c09-4f0d-bcc3-d8404af00f24"><Execution id="e4822645-e920-41c6-9545-f8682e7ce9e6" /><TestMethod codeBase="C:\workspaces\openkit-dotnet\tests\openkit-dotnetcore-1.1.Tests\bin\Release\netcoreapp1.1\openkit-dotnetcore-1.1.Tests.dll" adapterTypeName="executor://nunit3testexecutor/" className="Dynatrace.OpenKit.Core.Caching.SpaceEvictionStrategyTest" name="ExecuteEvictionDoesNotLogIfStrategyIsDisabledAndInfoIsDisabledInLogger" /></UnitTest><UnitTest name="CaptureIsTrueWhenItIsEqualToOne" storage="c:\workspaces\openkit-dotnet\tests\openkit-dotnetcore-1.1.tests\bin\release\netcoreapp1.1\openkit-dotnetcore-1.1.tests.dll" id="ad213dfc-6f9c-4528-9390-8d6918289216"><Execution id="79ac74fa-a9f7-4f37-928f-d4012b40edb2" /><TestMethod codeBase="C:\workspaces\openkit-dotnet\tests\openkit-dotnetcore-1.1.Tests\bin\Release\netcoreapp1.1\openkit-dotnetcore-1.1.Tests.dll" adapterTypeName="executor://nunit3testexecutor/" className="Dynatrace.OpenKit.Protocol.StatusResponseTest" name="CaptureIsTrueWhenItIsEqualToOne" /></UnitTest><UnitTest name="IpV6AddressValid_CharactersUpperCase" storage="c:\workspaces\openkit-dotnet\tests\openkit-dotnetcore-1.1.tests\bin\release\netcoreapp1.1\openkit-dotnetcore-1.1.tests.dll" id="62b78d4d-7e6e-473d-a8a9-3ace891bab68"><Execution id="536b0dbf-02eb-4840-b2f8-0cbc8da13cf8" /><TestMethod codeBase="C:\workspaces\openkit-dotnet\tests\openkit-dotnetcore-1.1.Tests\bin\Release\netcoreapp1.1\openkit-dotnetcore-1.1.Tests.dll" adapterTypeName="executor://nunit3testexecutor/" className="Dynatrace.OpenKit.Core.Util.InetAddressValidatorTest" name="IpV6AddressValid_CharactersUpperCase" /></UnitTest><UnitTest name="DeviceIDIsRandomizedOnDataCollectionLevel1" storage="c:\workspaces\openkit-dotnet\tests\openkit-dotnetcore-1.1.tests\bin\release\netcoreapp1.1\openkit-dotnetcore-1.1.tests.dll" id="ed5307b2-7eab-4af8-ade1-39cfc677abd1"><Execution id="be00890b-1f8b-4221-9e95-d91af6aeee6c" /><TestMethod codeBase="C:\workspaces\openkit-dotnet\tests\openkit-dotnetcore-1.1.Tests\bin\Release\netcoreapp1.1\openkit-dotnetcore-1.1.Tests.dll" adapterTypeName="executor://nunit3testexecutor/" className="Dynatrace.OpenKit.Protocol.BeaconTest" name="DeviceIDIsRandomizedOnDataCollectionLevel1" /></UnitTest><UnitTest name="ExecuteEvictionCallsCacheMethodForEachBeacon" storage="c:\workspaces\openkit-dotnet\tests\openkit-dotnetcore-1.1.tests\bin\release\netcoreapp1.1\openkit-dotnetcore-1.1.tests.dll" id="08cd8812-f8a7-48f8-8f37-e46cd39d289d"><Execution id="0cfac261-8891-4269-a9c2-4777ca7dd4a2" /><TestMethod codeBase="C:\workspaces\openkit-dotnet\tests\openkit-dotnetcore-1.1.Tests\bin\Release\netcoreapp1.1\openkit-dotnetcore-1.1.Tests.dll" adapterTypeName="executor://nunit3testexecutor/" className="Dynatrace.OpenKit.Core.Caching.SpaceEvictionStrategyTest" name="ExecuteEvictionCallsCacheMethodForEachBeacon" /></UnitTest><UnitTest name="CapturingIsDisallowedWhenMultiplicityIsLessThanOrEqualToZero" storage="c:\workspaces\openkit-dotnet\tests\openkit-dotnetcore-1.1.tests\bin\release\netcoreapp1.1\openkit-dotnetcore-1.1.tests.dll" id="e17f64ce-68bc-4f5b-8e3c-464f33e49693"><Execution id="7e30b142-070a-46fc-886f-e78533861099" /><TestMethod codeBase="C:\workspaces\openkit-dotnet\tests\openkit-dotnetcore-1.1.Tests\bin\Release\netcoreapp1.1\openkit-dotnetcore-1.1.Tests.dll" adapterTypeName="executor://nunit3testexecutor/" className="Dynatrace.OpenKit.Core.Configuration.BeaconConfigurationTest" name="CapturingIsDisallowedWhenMultiplicityIsLessThanOrEqualToZero" /></UnitTest><UnitTest name="TransitionToTimeSycnIsPerformed" storage="c:\workspaces\openkit-dotnet\tests\openkit-dotnetcore-1.1.tests\bin\release\netcoreapp1.1\openkit-dotnetcore-1.1.tests.dll" id="b9b904e7-2ca7-4593-9b32-e610d756e4a6"><Execution id="6b880391-7493-409f-b35e-85636f65f93c" /><TestMethod codeBase="C:\workspaces\openkit-dotnet\tests\openkit-dotnetcore-1.1.Tests\bin\Release\netcoreapp1.1\openkit-dotnetcore-1.1.Tests.dll" adapterTypeName="executor://nunit3testexecutor/" className="Dynatrace.OpenKit.Core.Communication.BeaconSendingCaptureOnStateTest" name="TransitionToTimeSycnIsPerformed" /></UnitTest><UnitTest name="GetChunkGetsAlreadyMarkedData" storage="c:\workspaces\openkit-dotnet\tests\openkit-dotnetcore-1.1.tests\bin\release\netcoreapp1.1\openkit-dotnetcore-1.1.tests.dll" id="9c144fa9-da5c-47c5-bfc4-e520e7a8acb2"><Execution id="d2b2b8d2-c1e6-43c1-a55d-73c06e05f4b2" /><TestMethod codeBase="C:\workspaces\openkit-dotnet\tests\openkit-dotnetcore-1.1.Tests\bin\Release\netcoreapp1.1\openkit-dotnetcore-1.1.Tests.dll" adapterTypeName="executor://nunit3testexecutor/" className="Dynatrace.OpenKit.Core.Caching.BeaconCacheEntryTest" name="GetChunkGetsAlreadyMarkedData" /></UnitTest><UnitTest name="GetHttpClientUsesCurrentHttpConfig" storage="c:\workspaces\openkit-dotnet\tests\openkit-dotnetcore-1.1.tests\bin\release\netcoreapp1.1\openkit-dotnetcore-1.1.tests.dll" id="2b766ee2-31d0-4e67-8bfd-e5cfae9aadcc"><Execution id="59b0fca5-3d85-4300-b681-dd6acef70ff6" /><TestMethod codeBase="C:\workspaces\openkit-dotnet\tests\openkit-dotnetcore-1.1.Tests\bin\Release\netcoreapp1.1\openkit-dotnetcore-1.1.Tests.dll" adapterTypeName="executor://nunit3testexecutor/" className="Dynatrace.OpenKit.Core.Communication.BeaconSendingContextTest" name="GetHttpClientUsesCurrentHttpConfig" /></UnitTest><UnitTest name="SendBeaconRequestSendsOneHTTPPostRequest" storage="c:\workspaces\openkit-dotnet\tests\openkit-dotnetcore-1.1.tests\bin\release\netcoreapp1.1\openkit-dotnetcore-1.1.tests.dll" id="76443179-d3a0-4578-80af-df82898eef4f"><Execution id="9166766b-8065-49f1-8617-a89e218b2e16" /><TestMethod codeBase="C:\workspaces\openkit-dotnet\tests\openkit-dotnetcore-1.1.Tests\bin\Release\netcoreapp1.1\openkit-dotnetcore-1.1.Tests.dll" adapterTypeName="executor://nunit3testexecutor/" className="Dynatrace.OpenKit.Protocol.HTTPClientTest" name="SendBeaconRequestSendsOneHTTPPostRequest" /></UnitTest><UnitTest name="GetChunkMarksRetrievedData" storage="c:\workspaces\openkit-dotnet\tests\openkit-dotnetcore-1.1.tests\bin\release\netcoreapp1.1\openkit-dotnetcore-1.1.tests.dll" id="205b9258-8b29-42fe-86d1-8366b7d3c97f"><Execution id="fdf19e20-543b-4b39-be1b-5c7b5fc83ef3" /><TestMethod codeBase="C:\workspaces\openkit-dotnet\tests\openkit-dotnetcore-1.1.Tests\bin\Release\netcoreapp1.1\openkit-dotnetcore-1.1.Tests.dll" adapterTypeName="executor://nunit3testexecutor/" className="Dynatrace.OpenKit.Core.Caching.BeaconCacheEntryTest" name="GetChunkMarksRetrievedData" /></UnitTest><UnitTest name="ParsingInvalidSendIntervalThrowsException" storage="c:\workspaces\openkit-dotnet\tests\openkit-dotnetcore-1.1.tests\bin\release\netcoreapp1.1\openkit-dotnetcore-1.1.tests.dll" id="e69e604f-e286-48c2-b604-a06e1b275f82"><Execution id="931805f1-c3bc-43dc-9571-6733b059f1fd" /><TestMethod codeBase="C:\workspaces\openkit-dotnet\tests\openkit-dotnetcore-1.1.Tests\bin\Release\netcoreapp1.1\openkit-dotnetcore-1.1.Tests.dll" adapterTypeName="executor://nunit3testexecutor/" className="Dynatrace.OpenKit.Protocol.StatusResponseTest" name="ParsingInvalidSendIntervalThrowsException" /></UnitTest><UnitTest name="IpV4AddressIsInvalidDoubleColonsInsteadOfPoints" storage="c:\workspaces\openkit-dotnet\tests\openkit-dotnetcore-1.1.tests\bin\release\netcoreapp1.1\openkit-dotnetcore-1.1.tests.dll" id="00d83cac-dcfb-4653-8acd-b3be8b875dcc"><Execution id="c9987bf8-4218-49ed-98fe-90ff0ace68b0" /><TestMethod codeBase="C:\workspaces\openkit-dotnet\tests\openkit-dotnetcore-1.1.Tests\bin\Release\netcoreapp1.1\openkit-dotnetcore-1.1.Tests.dll" adapterTypeName="executor://nunit3testexecutor/" className="Dynatrace.OpenKit.Core.Util.InetAddressValidatorTest" name="IpV4AddressIsInvalidDoubleColonsInsteadOfPoints" /></UnitTest><UnitTest name="ShutdownStateIsTerminalState" storage="c:\workspaces\openkit-dotnet\tests\openkit-dotnetcore-1.1.tests\bin\release\netcoreapp1.1\openkit-dotnetcore-1.1.tests.dll" id="14e424f3-3b43-441b-ad68-2e44f8999a8a"><Execution id="6f3004ca-6609-49cf-bb43-3e592236bef6" /><TestMethod codeBase="C:\workspaces\openkit-dotnet\tests\openkit-dotnetcore-1.1.Tests\bin\Release\netcoreapp1.1\openkit-dotnetcore-1.1.Tests.dll" adapterTypeName="executor://nunit3testexecutor/" className="Dynatrace.OpenKit.Core.Communication.BeaconSendingFlushSessionsStateTest" name="ShutdownStateIsTerminalState" /></UnitTest><UnitTest name="SendBeaconRequestReturnsAnUnknownErrorResponseForUnparseableStatusResponse" storage="c:\workspaces\openkit-dotnet\tests\openkit-dotnetcore-1.1.tests\bin\release\netcoreapp1.1\openkit-dotnetcore-1.1.tests.dll" id="d09c6727-037c-46ea-993e-85e7b98d36a2"><Execution id="e306b1b3-8c36-4fa1-8257-ae53f70c88dd" /><TestMethod codeBase="C:\workspaces\openkit-dotnet\tests\openkit-dotnetcore-1.1.Tests\bin\Release\netcoreapp1.1\openkit-dotnetcore-1.1.Tests.dll" adapterTypeName="executor://nunit3testexecutor/" className="Dynatrace.OpenKit.Protocol.HTTPClientTest" name="SendBeaconRequestReturnsAnUnknownErrorResponseForUnparseableStatusResponse" /></UnitTest><UnitTest name="SessionIDIsValueFromSessionIDProviderOnDataCollectionLevel2" storage="c:\workspaces\openkit-dotnet\tests\openkit-dotnetcore-1.1.tests\bin\release\netcoreapp1.1\openkit-dotnetcore-1.1.tests.dll" id="a8c01304-2263-425e-bca9-0aa846206540"><Execution id="289b245f-8a60-45c9-87c1-339665d34137" /><TestMethod codeBase="C:\workspaces\openkit-dotnet\tests\openkit-dotnetcore-1.1.Tests\bin\Release\netcoreapp1.1\openkit-dotnetcore-1.1.Tests.dll" adapterTypeName="executor://nunit3testexecutor/" className="Dynatrace.OpenKit.Protocol.BeaconTest" name="SessionIDIsValueFromSessionIDProviderOnDataCollectionLevel2" /></UnitTest><UnitTest name="TraceWebRequestGivesNullWebRequestTracerIfUrlHasAnInvalidScheme" storage="c:\workspaces\openkit-dotnet\tests\openkit-dotnetcore-1.1.tests\bin\release\netcoreapp1.1\openkit-dotnetcore-1.1.tests.dll" id="a09367eb-cf46-4722-9dbe-72acc0baf494"><Execution id="b361b814-0582-4df0-87df-31f6c833472e" /><TestMethod codeBase="C:\workspaces\openkit-dotnet\tests\openkit-dotnetcore-1.1.Tests\bin\Release\netcoreapp1.1\openkit-dotnetcore-1.1.Tests.dll" adapterTypeName="executor://nunit3testexecutor/" className="Dynatrace.OpenKit.Core.SessionTest" name="TraceWebRequestGivesNullWebRequestTracerIfUrlHasAnInvalidScheme" /></UnitTest><UnitTest name="WhenBeaconConfigurationIsSetSendingIsDisallowedIfMultiplicityIsLessThanZero" storage="c:\workspaces\openkit-dotnet\tests\openkit-dotnetcore-1.1.tests\bin\release\netcoreapp1.1\openkit-dotnetcore-1.1.tests.dll" id="ae7be3a1-f640-4c71-98c5-d0ad4967aebc"><Execution id="9eacfeb1-0bae-4f8f-bc0d-54ee3b784f38" /><TestMethod codeBase="C:\workspaces\openkit-dotnet\tests\openkit-dotnetcore-1.1.Tests\bin\Release\netcoreapp1.1\openkit-dotnetcore-1.1.Tests.dll" adapterTypeName="executor://nunit3testexecutor/" className="Dynatrace.OpenKit.Core.Communication.SessionWrapperTest" name="WhenBeaconConfigurationIsSetSendingIsDisallowedIfMultiplicityIsLessThanZero" /></UnitTest><UnitTest name="IpV6AddressHexCompressedIsValidBlock3" storage="c:\workspaces\openkit-dotnet\tests\openkit-dotnetcore-1.1.tests\bin\release\netcoreapp1.1\openkit-dotnetcore-1.1.tests.dll" id="b1bc4f85-798d-43b0-bec7-6a74607a3d9e"><Execution id="6604f27e-ca09-45bb-9b59-8ae078c142ae" /><TestMethod codeBase="C:\workspaces\openkit-dotnet\tests\openkit-dotnetcore-1.1.Tests\bin\Release\netcoreapp1.1\openkit-dotnetcore-1.1.Tests.dll" adapterTypeName="executor://nunit3testexecutor/" className="Dynatrace.OpenKit.Core.Util.InetAddressValidatorTest" name="IpV6AddressHexCompressedIsValidBlock3" /></UnitTest><UnitTest name="ParsingInvalidNumericValueForCaptureCrashesThrowsException" storage="c:\workspaces\openkit-dotnet\tests\openkit-dotnetcore-1.1.tests\bin\release\netcoreapp1.1\openkit-dotnetcore-1.1.tests.dll" id="82d84999-f7db-4120-acbe-9b6f9893d500"><Execution id="08d7e80c-721a-44df-8332-b0ab8233dc99" /><TestMethod codeBase="C:\workspaces\openkit-dotnet\tests\openkit-dotnetcore-1.1.Tests\bin\Release\netcoreapp1.1\openkit-dotnetcore-1.1.Tests.dll" adapterTypeName="executor://nunit3testexecutor/" className="Dynatrace.OpenKit.Protocol.StatusResponseTest" name="ParsingInvalidNumericValueForCaptureCrashesThrowsException" /></UnitTest><UnitTest name="ParentIDIsZeroIfActionHasNoParent" storage="c:\workspaces\openkit-dotnet\tests\openkit-dotnetcore-1.1.tests\bin\release\netcoreapp1.1\openkit-dotnetcore-1.1.tests.dll" id="6d00491f-63bb-4ebf-8d35-4f1e6e34ca51"><Execution id="ce937d41-cbae-4397-9376-baf03329a318" /><TestMethod codeBase="C:\workspaces\openkit-dotnet\tests\openkit-dotnetcore-1.1.Tests\bin\Release\netcoreapp1.1\openkit-dotnetcore-1.1.Tests.dll" adapterTypeName="executor://nunit3testexecutor/" className="Dynatrace.OpenKit.Core.ActionTest" name="ParentIDIsZeroIfActionHasNoParent" /></UnitTest><UnitTest name="AddActionDataAddsDataToAlreadyExistingBeaconId" storage="c:\workspaces\openkit-dotnet\tests\openkit-dotnetcore-1.1.tests\bin\release\netcoreapp1.1\openkit-dotnetcore-1.1.tests.dll" id="58562fea-97b9-42e8-99a3-6d4ba2f3b09a"><Execution id="b8d289f8-8cfa-46a7-ab9e-40f9de527a45" /><TestMethod codeBase="C:\workspaces\openkit-dotnet\tests\openkit-dotnetcore-1.1.Tests\bin\Release\netcoreapp1.1\openkit-dotnetcore-1.1.Tests.dll" adapterTypeName="executor://nunit3testexecutor/" className="Dynatrace.OpenKit.Core.Caching.BeaconCacheTest" name="AddActionDataAddsDataToAlreadyExistingBeaconId" /></UnitTest><UnitTest name="IsErrorEnabledIsTrueIfVerboseIsFalse" storage="c:\workspaces\openkit-dotnet\tests\openkit-dotnetcore-1.1.tests\bin\release\netcoreapp1.1\openkit-dotnetcore-1.1.tests.dll" id="568419b0-7f2b-4a67-b4ce-039f6dc678ca"><Execution id="02677199-0d2c-4f76-b405-ddc37d9fd8f2" /><TestMethod codeBase="C:\workspaces\openkit-dotnet\tests\openkit-dotnetcore-1.1.Tests\bin\Release\netcoreapp1.1\openkit-dotnetcore-1.1.Tests.dll" adapterTypeName="executor://nunit3testexecutor/" className="Dynatrace.OpenKit.Core.DefaultLoggerTest" name="IsErrorEnabledIsTrueIfVerboseIsFalse" /></UnitTest><UnitTest name="ResetChunkedRaisesEvent" storage="c:\workspaces\openkit-dotnet\tests\openkit-dotnetcore-1.1.tests\bin\release\netcoreapp1.1\openkit-dotnetcore-1.1.tests.dll" id="e06463cd-fa8e-421f-ac36-2c53f3f47975"><Execution id="2d1cc1b4-edb6-4a3b-ac09-0ce71dfb3856" /><TestMethod codeBase="C:\workspaces\openkit-dotnet\tests\openkit-dotnetcore-1.1.Tests\bin\Release\netcoreapp1.1\openkit-dotnetcore-1.1.Tests.dll" adapterTypeName="executor://nunit3testexecutor/" className="Dynatrace.OpenKit.Core.Caching.BeaconCacheTest" name="ResetChunkedRaisesEvent" /></UnitTest><UnitTest name="TraceWebRequestGivesNullWebRequestTracerIfUrlIsAnEmptyString" storage="c:\workspaces\openkit-dotnet\tests\openkit-dotnetcore-1.1.tests\bin\release\netcoreapp1.1\openkit-dotnetcore-1.1.tests.dll" id="19af4e3a-2c73-431c-a697-d94167096c1b"><Execution id="993b71da-e6e5-4d2d-a0bb-3a32ba6e0f2e" /><TestMethod codeBase="C:\workspaces\openkit-dotnet\tests\openkit-dotnetcore-1.1.Tests\bin\Release\netcoreapp1.1\openkit-dotnetcore-1.1.Tests.dll" adapterTypeName="executor://nunit3testexecutor/" className="Dynatrace.OpenKit.Core.SessionTest" name="TraceWebRequestGivesNullWebRequestTracerIfUrlIsAnEmptyString" /></UnitTest><UnitTest name="GetSessionReturnsWrappedSession" storage="c:\workspaces\openkit-dotnet\tests\openkit-dotnetcore-1.1.tests\bin\release\netcoreapp1.1\openkit-dotnetcore-1.1.tests.dll" id="b2efb83a-3125-4f90-a3eb-a96f60f4bd79"><Execution id="17c96bff-0c52-48ab-8045-00a455c52185" /><TestMethod codeBase="C:\workspaces\openkit-dotnet\tests\openkit-dotnetcore-1.1.Tests\bin\Release\netcoreapp1.1\openkit-dotnetcore-1.1.Tests.dll" adapterTypeName="executor://nunit3testexecutor/" className="Dynatrace.OpenKit.Core.Communication.SessionWrapperTest" name="GetSessionReturnsWrappedSession" /></UnitTest><UnitTest name="AddingActionData" storage="c:\workspaces\openkit-dotnet\tests\openkit-dotnetcore-1.1.tests\bin\release\netcoreapp1.1\openkit-dotnetcore-1.1.tests.dll" id="d481870a-041e-41f8-bd22-ffa6f9f51500"><Execution id="8d496ce9-0bab-4c87-8cfc-0f57499fd516" /><TestMethod codeBase="C:\workspaces\openkit-dotnet\tests\openkit-dotnetcore-1.1.Tests\bin\Release\netcoreapp1.1\openkit-dotnetcore-1.1.Tests.dll" adapterTypeName="executor://nunit3testexecutor/" className="Dynatrace.OpenKit.Core.Caching.BeaconCacheEntryTest" name="AddingActionData" /></UnitTest><UnitTest name="RemoveOldestRecordsRemovesActionDataIfEventDataIsEmpty" storage="c:\workspaces\openkit-dotnet\tests\openkit-dotnetcore-1.1.tests\bin\release\netcoreapp1.1\openkit-dotnetcore-1.1.tests.dll" id="3e61f76f-5810-4180-b906-9c626a747533"><Execution id="d8ddc9e4-0162-4b53-b34e-f23dd6b5f5a7" /><TestMethod codeBase="C:\workspaces\openkit-dotnet\tests\openkit-dotnetcore-1.1.Tests\bin\Release\netcoreapp1.1\openkit-dotnetcore-1.1.Tests.dll" adapterTypeName="executor://nunit3testexecutor/" className="Dynatrace.OpenKit.Core.Caching.BeaconCacheEntryTest" name="RemoveOldestRecordsRemovesActionDataIfEventDataIsEmpty" /></UnitTest><UnitTest name="CanAddReceivedBytesToWebRequestTracer" storage="c:\workspaces\openkit-dotnet\tests\openkit-dotnetcore-1.1.tests\bin\release\netcoreapp1.1\openkit-dotnetcore-1.1.tests.dll" id="96f224cd-6486-4df2-84b7-7fa359a7a464"><Execution id="27dfe570-9d20-460b-9fed-73d526da6a76" /><TestMethod codeBase="C:\workspaces\openkit-dotnet\tests\openkit-dotnetcore-1.1.Tests\bin\Release\netcoreapp1.1\openkit-dotnetcore-1.1.Tests.dll" adapterTypeName="executor://nunit3testexecutor/" className="Dynatrace.OpenKit.Protocol.BeaconTest" name="CanAddReceivedBytesToWebRequestTracer" /></UnitTest><UnitTest name="IsDebugEnabledIsTrueIfVerboseIsTrue" storage="c:\workspaces\openkit-dotnet\tests\openkit-dotnetcore-1.1.tests\bin\release\netcoreapp1.1\openkit-dotnetcore-1.1.tests.dll" id="90bfac1a-5b61-4a73-b902-a93ebd7e05b1"><Execution id="1f3b97a2-ac7a-4dc1-9ebd-42cf6a0b0ccf" /><TestMethod codeBase="C:\workspaces\openkit-dotnet\tests\openkit-dotnetcore-1.1.Tests\bin\Release\netcoreapp1.1\openkit-dotnetcore-1.1.Tests.dll" adapterTypeName="executor://nunit3testexecutor/" className="Dynatrace.OpenKit.Core.DefaultLoggerTest" name="IsDebugEnabledIsTrueIfVerboseIsTrue" /></UnitTest><UnitTest name="ADefaultConstructedContextDoesNotStoreAnySessions" storage="c:\workspaces\openkit-dotnet\tests\openkit-dotnetcore-1.1.tests\bin\release\netcoreapp1.1\openkit-dotnetcore-1.1.tests.dll" id="325a2996-4b62-43ab-98ad-6c12c39ff024"><Execution id="7568e03d-ce3d-460c-a556-1512249e2f44" /><TestMethod codeBase="C:\workspaces\openkit-dotnet\tests\openkit-dotnetcore-1.1.Tests\bin\Release\netcoreapp1.1\openkit-dotnetcore-1.1.Tests.dll" adapterTypeName="executor://nunit3testexecutor/" className="Dynatrace.OpenKit.Core.Communication.BeaconSendingContextTest" name="ADefaultConstructedContextDoesNotStoreAnySessions" /></UnitTest><UnitTest name="LastTimeSyncTimeIsSet" storage="c:\workspaces\openkit-dotnet\tests\openkit-dotnetcore-1.1.tests\bin\release\netcoreapp1.1\openkit-dotnetcore-1.1.tests.dll" id="ffefae02-d78a-487d-9319-dd9f92ed08ff"><Execution id="81439877-501a-4c6b-965e-343dbe9dc7c7" /><TestMethod codeBase="C:\workspaces\openkit-dotnet\tests\openkit-dotnetcore-1.1.Tests\bin\Release\netcoreapp1.1\openkit-dotnetcore-1.1.Tests.dll" adapterTypeName="executor://nunit3testexecutor/" className="Dynatrace.OpenKit.Core.Communication.BeaconSendingContextTest" name="LastTimeSyncTimeIsSet" /></UnitTest><UnitTest name="RemoveOldestRecordsStopsIfListsAreEmpty" storage="c:\workspaces\openkit-dotnet\tests\openkit-dotnetcore-1.1.tests\bin\release\netcoreapp1.1\openkit-dotnetcore-1.1.tests.dll" id="f7ed1508-daa5-4eee-8d6f-1dbc1997ed05"><Execution id="879e27fe-ccab-4de2-93dc-dcbd3e8a4e88" /><TestMethod codeBase="C:\workspaces\openkit-dotnet\tests\openkit-dotnetcore-1.1.Tests\bin\Release\netcoreapp1.1\openkit-dotnetcore-1.1.Tests.dll" adapterTypeName="executor://nunit3testexecutor/" className="Dynatrace.OpenKit.Core.Caching.BeaconCacheEntryTest" name="RemoveOldestRecordsStopsIfListsAreEmpty" /></UnitTest><UnitTest name="WhenStartingASessionTheSessionIsConsideredAsNew" storage="c:\workspaces\openkit-dotnet\tests\openkit-dotnetcore-1.1.tests\bin\release\netcoreapp1.1\openkit-dotnetcore-1.1.tests.dll" id="687a1423-2df9-463a-b31c-e2a59a1cbffb"><Execution id="d17d4250-9414-40e1-867a-adf0b79dceaa" /><TestMethod codeBase="C:\workspaces\openkit-dotnet\tests\openkit-dotnetcore-1.1.Tests\bin\Release\netcoreapp1.1\openkit-dotnetcore-1.1.Tests.dll" adapterTypeName="executor://nunit3testexecutor/" className="Dynatrace.OpenKit.Core.Communication.BeaconSendingContextTest" name="WhenStartingASessionTheSessionIsConsideredAsNew" /></UnitTest><UnitTest name="EnableAndDisableCapturing" storage="c:\workspaces\openkit-dotnet\tests\openkit-dotnetcore-1.1.tests\bin\release\netcoreapp1.1\openkit-dotnetcore-1.1.tests.dll" id="ca63d46f-5539-4f65-9c88-7edd5a1ee9f1"><Execution id="b340488c-ccde-4e2a-bdc5-5d5026e50909" /><TestMethod codeBase="C:\workspaces\openkit-dotnet\tests\openkit-dotnetcore-1.1.Tests\bin\Release\netcoreapp1.1\openkit-dotnetcore-1.1.Tests.dll" adapterTypeName="executor://nunit3testexecutor/" className="Dynatrace.OpenKit.Core.Configuration.OpenKitConfigurationTest" name="EnableAndDisableCapturing" /></UnitTest><UnitTest name="ADefaultConstructedCacheDoesNotContainBeacons" storage="c:\workspaces\openkit-dotnet\tests\openkit-dotnetcore-1.1.tests\bin\release\netcoreapp1.1\openkit-dotnetcore-1.1.tests.dll" id="06c2f816-0e8c-4a16-bc70-3344ec90f2b2"><Execution id="ed7e31ee-4d09-43a8-9a14-975d0b5ea741" /><TestMethod codeBase="C:\workspaces\openkit-dotnet\tests\openkit-dotnetcore-1.1.Tests\bin\Release\netcoreapp1.1\openkit-dotnetcore-1.1.Tests.dll" adapterTypeName="executor://nunit3testexecutor/" className="Dynatrace.OpenKit.Core.Caching.BeaconCacheTest" name="ADefaultConstructedCacheDoesNotContainBeacons" /></UnitTest><UnitTest name="ExecuteEvictionDoesNotLogEvictionResultIfDebugIsDisabled" storage="c:\workspaces\openkit-dotnet\tests\openkit-dotnetcore-1.1.tests\bin\release\netcoreapp1.1\openkit-dotnetcore-1.1.tests.dll" id="89f681aa-8c50-4975-a742-606ed8a8ceb8"><Execution id="b58eaade-31f5-44fa-ae5f-c2cc8c4eda1d" /><TestMethod codeBase="C:\workspaces\openkit-dotnet\tests\openkit-dotnetcore-1.1.Tests\bin\Release\netcoreapp1.1\openkit-dotnetcore-1.1.Tests.dll" adapterTypeName="executor://nunit3testexecutor/" className="Dynatrace.OpenKit.Core.Caching.SpaceEvictionStrategyTest" name="ExecuteEvictionDoesNotLogEvictionResultIfDebugIsDisabled" /></UnitTest><UnitTest name="NullIsNotEqual" storage="c:\workspaces\openkit-dotnet\tests\openkit-dotnetcore-1.1.tests\bin\release\netcoreapp1.1\openkit-dotnetcore-1.1.tests.dll" id="6c743362-f423-4ca4-a925-f3bb9abfc3f8"><Execution id="489b52c0-c213-4b60-8fa0-7238e9cfa3f1" /><TestMethod codeBase="C:\workspaces\openkit-dotnet\tests\openkit-dotnetcore-1.1.Tests\bin\Release\netcoreapp1.1\openkit-dotnetcore-1.1.Tests.dll" adapterTypeName="executor://nunit3testexecutor/" className="Dynatrace.OpenKit.Core.Caching.BeaconCacheRecordTest" name="NullIsNotEqual" /></UnitTest><UnitTest name="NamedEventNotReportedForDataCollectionLevel1" storage="c:\workspaces\openkit-dotnet\tests\openkit-dotnetcore-1.1.tests\bin\release\netcoreapp1.1\openkit-dotnetcore-1.1.tests.dll" id="4c017116-458d-416c-81f7-75985f1d37af"><Execution id="5de4ab65-30c5-42ba-bc00-7cb735f00db6" /><TestMethod codeBase="C:\workspaces\openkit-dotnet\tests\openkit-dotnetcore-1.1.Tests\bin\Release\netcoreapp1.1\openkit-dotnetcore-1.1.Tests.dll" adapterTypeName="executor://nunit3testexecutor/" className="Dynatrace.OpenKit.Protocol.BeaconTest" name="NamedEventNotReportedForDataCollectionLevel1" /></UnitTest><UnitTest name="GetCrashReportingLevel" storage="c:\workspaces\openkit-dotnet\tests\openkit-dotnetcore-1.1.tests\bin\release\netcoreapp1.1\openkit-dotnetcore-1.1.tests.dll" id="21a6dc6a-3118-404d-81a2-6f0150372750"><Execution id="50c9e1a3-fead-4823-8eb4-0c3d93819bb1" /><TestMethod codeBase="C:\workspaces\openkit-dotnet\tests\openkit-dotnetcore-1.1.Tests\bin\Release\netcoreapp1.1\openkit-dotnetcore-1.1.Tests.dll" adapterTypeName="executor://nunit3testexecutor/" className="Dynatrace.OpenKit.Core.Configuration.BeaconConfigurationTest" name="GetCrashReportingLevel" /></UnitTest><UnitTest name="FinishedSessionsAreSent" storage="c:\workspaces\openkit-dotnet\tests\openkit-dotnetcore-1.1.tests\bin\release\netcoreapp1.1\openkit-dotnetcore-1.1.tests.dll" id="5da41f43-f742-4011-a28c-8ddce390bd7d"><Execution id="64d941d6-65d5-4c95-b492-0c95f00b12f1" /><TestMethod codeBase="C:\workspaces\openkit-dotnet\tests\openkit-dotnetcore-1.1.Tests\bin\Release\netcoreapp1.1\openkit-dotnetcore-1.1.Tests.dll" adapterTypeName="executor://nunit3testexecutor/" className="Dynatrace.OpenKit.Core.Communication.BeaconSendingCaptureOnStateTest" name="FinishedSessionsAreSent" /></UnitTest><UnitTest name="ReportCrashDoesReportOnCrashReportingLevel2" storage="c:\workspaces\openkit-dotnet\tests\openkit-dotnetcore-1.1.tests\bin\release\netcoreapp1.1\openkit-dotnetcore-1.1.tests.dll" id="77e2dcb9-c2c3-4e94-9495-b57fbee305c8"><Execution id="01a2a12c-5990-427b-ac57-79fe04abca1d" /><TestMethod codeBase="C:\workspaces\openkit-dotnet\tests\openkit-dotnetcore-1.1.Tests\bin\Release\netcoreapp1.1\openkit-dotnetcore-1.1.Tests.dll" adapterTypeName="executor://nunit3testexecutor/" className="Dynatrace.OpenKit.Protocol.BeaconTest" name="ReportCrashDoesReportOnCrashReportingLevel2" /></UnitTest><UnitTest name="ReportDoubleValueDoesNothingIfActionIsLeft" storage="c:\workspaces\openkit-dotnet\tests\openkit-dotnetcore-1.1.tests\bin\release\netcoreapp1.1\openkit-dotnetcore-1.1.tests.dll" id="941eab58-9d41-4b4b-8853-5fdbe85ddc31"><Execution id="c036db66-01c9-4d50-9d0b-4d0c7f74929e" /><TestMethod codeBase="C:\workspaces\openkit-dotnet\tests\openkit-dotnetcore-1.1.Tests\bin\Release\netcoreapp1.1\openkit-dotnetcore-1.1.Tests.dll" adapterTypeName="executor://nunit3testexecutor/" className="Dynatrace.OpenKit.Core.ActionTest" name="ReportDoubleValueDoesNothingIfActionIsLeft" /></UnitTest><UnitTest name="ReportErrorDoesNothingIfErrorNameIsNull" storage="c:\workspaces\openkit-dotnet\tests\openkit-dotnetcore-1.1.tests\bin\release\netcoreapp1.1\openkit-dotnetcore-1.1.tests.dll" id="56cfdb52-3a76-41f0-a8c3-3d32b74bf793"><Execution id="93ee8cc8-ba40-4999-a59f-eb7397ebc00c" /><TestMethod codeBase="C:\workspaces\openkit-dotnet\tests\openkit-dotnetcore-1.1.Tests\bin\Release\netcoreapp1.1\openkit-dotnetcore-1.1.Tests.dll" adapterTypeName="executor://nunit3testexecutor/" className="Dynatrace.OpenKit.Core.ActionTest" name="ReportErrorDoesNothingIfErrorNameIsNull" /></UnitTest><UnitTest name="SendStatusRequestReturnsAnUnknownErrorResponseForUnparseableStatusResponse" storage="c:\workspaces\openkit-dotnet\tests\openkit-dotnetcore-1.1.tests\bin\release\netcoreapp1.1\openkit-dotnetcore-1.1.tests.dll" id="5c040a44-2e3e-4ab4-b7ac-cd267e3ee23f"><Execution id="56f4f8fb-6f60-4446-b8ff-6563f421b1b7" /><TestMethod codeBase="C:\workspaces\openkit-dotnet\tests\openkit-dotnetcore-1.1.Tests\bin\Release\netcoreapp1.1\openkit-dotnetcore-1.1.Tests.dll" adapterTypeName="executor://nunit3testexecutor/" className="Dynatrace.OpenKit.Protocol.HTTPClientTest" name="SendStatusRequestReturnsAnUnknownErrorResponseForUnparseableStatusResponse" /></UnitTest><UnitTest name="SleepTimeIsDoubledAndResetAfterSuccess" storage="c:\workspaces\openkit-dotnet\tests\openkit-dotnetcore-1.1.tests\bin\release\netcoreapp1.1\openkit-dotnetcore-1.1.tests.dll" id="753af220-b78c-402a-bdcf-085e4f2ea5cf"><Execution id="f7da151d-c2be-4452-87f0-40dbd4225950" /><TestMethod codeBase="C:\workspaces\openkit-dotnet\tests\openkit-dotnetcore-1.1.Tests\bin\Release\netcoreapp1.1\openkit-dotnetcore-1.1.Tests.dll" adapterTypeName="executor://nunit3testexecutor/" className="Dynatrace.OpenKit.Core.Communication.BeaconSendingTimeSyncStateTest" name="SleepTimeIsDoubledAndResetAfterSuccess" /></UnitTest><UnitTest name="CanSleepCustomPeriod" storage="c:\workspaces\openkit-dotnet\tests\openkit-dotnetcore-1.1.tests\bin\release\netcoreapp1.1\openkit-dotnetcore-1.1.tests.dll" id="ec2f0f81-c8f2-441a-b373-5dac06e5c8ed"><Execution id="4ba8d46f-34a4-41fe-b742-0deace8b3045" /><TestMethod codeBase="C:\workspaces\openkit-dotnet\tests\openkit-dotnetcore-1.1.Tests\bin\Release\netcoreapp1.1\openkit-dotnetcore-1.1.Tests.dll" adapterTypeName="executor://nunit3testexecutor/" className="Dynatrace.OpenKit.Core.Communication.BeaconSendingContextTest" name="CanSleepCustomPeriod" /></UnitTest><UnitTest name="ErrorWithStacktraceLogsAppropriateMessage" storage="c:\workspaces\openkit-dotnet\tests\openkit-dotnetcore-1.1.tests\bin\release\netcoreapp1.1\openkit-dotnetcore-1.1.tests.dll" id="71c87153-dca4-4b7a-a455-2f55f4f53b4f"><Execution id="3a44121e-1fb5-4895-8e0d-c741f232cdb5" /><TestMethod codeBase="C:\workspaces\openkit-dotnet\tests\openkit-dotnetcore-1.1.Tests\bin\Release\netcoreapp1.1\openkit-dotnetcore-1.1.Tests.dll" adapterTypeName="executor://nunit3testexecutor/" className="Dynatrace.OpenKit.Core.DefaultLoggerTest" name="ErrorWithStacktraceLogsAppropriateMessage" /></UnitTest><UnitTest name="LeavingRootActionReturnsNullValueAsParent" storage="c:\workspaces\openkit-dotnet\tests\openkit-dotnetcore-1.1.tests\bin\release\netcoreapp1.1\openkit-dotnetcore-1.1.tests.dll" id="68f97b52-f089-45a0-b3c7-e9e85fbca516"><Execution id="93751c27-0d96-4e35-ace8-27e740f553fc" /><TestMethod codeBase="C:\workspaces\openkit-dotnet\tests\openkit-dotnetcore-1.1.Tests\bin\Release\netcoreapp1.1\openkit-dotnetcore-1.1.Tests.dll" adapterTypeName="executor://nunit3testexecutor/" className="Dynatrace.OpenKit.Core.RootActionTest" name="LeavingRootActionReturnsNullValueAsParent" /></UnitTest><UnitTest name="IpV6AddressMixedNotationIsInvalidOnly3IPv4Blocks" storage="c:\workspaces\openkit-dotnet\tests\openkit-dotnetcore-1.1.tests\bin\release\netcoreapp1.1\openkit-dotnetcore-1.1.tests.dll" id="3d8c80df-a74e-4aa4-a69a-e4e7f0de1813"><Execution id="f21f1a35-758a-435d-9f79-d9179357a9d7" /><TestMethod codeBase="C:\workspaces\openkit-dotnet\tests\openkit-dotnetcore-1.1.Tests\bin\Release\netcoreapp1.1\openkit-dotnetcore-1.1.Tests.dll" adapterTypeName="executor://nunit3testexecutor/" className="Dynatrace.OpenKit.Core.Util.InetAddressValidatorTest" name="IpV6AddressMixedNotationIsInvalidOnly3IPv4Blocks" /></UnitTest><UnitTest name="aProviderInitializedWithMaxIntValueProvidesMinSessionIdValueAtNextCall" storage="c:\workspaces\openkit-dotnet\tests\openkit-dotnetcore-1.1.tests\bin\release\netcoreapp1.1\openkit-dotnetcore-1.1.tests.dll" id="8973dc3c-6a15-4c49-8cee-6ddab6786382"><Execution id="b15ed3c0-0236-43c3-9ccd-569f2bb8ac80" /><TestMethod codeBase="C:\workspaces\openkit-dotnet\tests\openkit-dotnetcore-1.1.Tests\bin\Release\netcoreapp1.1\openkit-dotnetcore-1.1.Tests.dll" adapterTypeName="executor://nunit3testexecutor/" className="Dynatrace.OpenKit.Providers.DefaultSessionIDProviderTest" name="aProviderInitializedWithMaxIntValueProvidesMinSessionIdValueAtNextCall" /></UnitTest><UnitTest name="aProviderInitializedWithZeroProvidesMinSessionIdValueAtNextCall" storage="c:\workspaces\openkit-dotnet\tests\openkit-dotnetcore-1.1.tests\bin\release\netcoreapp1.1\openkit-dotnetcore-1.1.tests.dll" id="c068bab4-eda5-4005-b402-441954263a42"><Execution id="2bf5bf8d-de41-43e3-a5b8-5bf8898fbf2e" /><TestMethod codeBase="C:\workspaces\openkit-dotnet\tests\openkit-dotnetcore-1.1.Tests\bin\Release\netcoreapp1.1\openkit-dotnetcore-1.1.Tests.dll" adapterTypeName="executor://nunit3testexecutor/" className="Dynatrace.OpenKit.Providers.DefaultSessionIDProviderTest" name="aProviderInitializedWithZeroProvidesMinSessionIdValueAtNextCall" /></UnitTest><UnitTest name="CanSetBeaconCacheLowerMemoryBoundaryForDynatrace" storage="c:\workspaces\openkit-dotnet\tests\openkit-dotnetcore-1.1.tests\bin\release\netcoreapp1.1\openkit-dotnetcore-1.1.tests.dll" id="ad165d12-37a2-4774-ae3e-4858bfe8da24"><Execution id="f5aa0cdf-861e-416e-987f-f42ac88f12dc" /><TestMethod codeBase="C:\workspaces\openkit-dotnet\tests\openkit-dotnetcore-1.1.Tests\bin\Release\netcoreapp1.1\openkit-dotnetcore-1.1.Tests.dll" adapterTypeName="executor://nunit3testexecutor/" className="Dynatrace.OpenKit.OpenKitBuilderTest" name="CanSetBeaconCacheLowerMemoryBoundaryForDynatrace" /></UnitTest><UnitTest name="SendBeaconRequestReturnsErrorCode" storage="c:\workspaces\openkit-dotnet\tests\openkit-dotnetcore-1.1.tests\bin\release\netcoreapp1.1\openkit-dotnetcore-1.1.tests.dll" id="ca259570-32fa-4683-96dd-b8d6b101af85"><Execution id="8776080d-5970-4c21-a3f5-abd34df6b8c8" /><TestMethod codeBase="C:\workspaces\openkit-dotnet\tests\openkit-dotnetcore-1.1.Tests\bin\Release\netcoreapp1.1\openkit-dotnetcore-1.1.Tests.dll" adapterTypeName="executor://nunit3testexecutor/" className="Dynatrace.OpenKit.Protocol.HTTPClientTest" name="SendBeaconRequestReturnsErrorCode" /></UnitTest><UnitTest name="ContextIsInitializedWithInitState" storage="c:\workspaces\openkit-dotnet\tests\openkit-dotnetcore-1.1.tests\bin\release\netcoreapp1.1\openkit-dotnetcore-1.1.tests.dll" id="d59ef3e8-6d71-47ae-9a6a-bc0305884067"><Execution id="73adf475-21a6-49a8-b35a-1a04fc9edcc6" /><TestMethod codeBase="C:\workspaces\openkit-dotnet\tests\openkit-dotnetcore-1.1.Tests\bin\Release\netcoreapp1.1\openkit-dotnetcore-1.1.Tests.dll" adapterTypeName="executor://nunit3testexecutor/" className="Dynatrace.OpenKit.Core.Communication.BeaconSendingContextTest" name="ContextIsInitializedWithInitState" /></UnitTest><UnitTest name="CanSetCustomMaxBeaconRecordAgeForDynatrace" storage="c:\workspaces\openkit-dotnet\tests\openkit-dotnetcore-1.1.tests\bin\release\netcoreapp1.1\openkit-dotnetcore-1.1.tests.dll" id="78e2677e-1d5c-48d8-aee4-4be0a8896fa8"><Execution id="797dc1a7-36ba-41fd-86eb-89ea811b2a54" /><TestMethod codeBase="C:\workspaces\openkit-dotnet\tests\openkit-dotnetcore-1.1.Tests\bin\Release\netcoreapp1.1\openkit-dotnetcore-1.1.Tests.dll" adapterTypeName="executor://nunit3testexecutor/" className="Dynatrace.OpenKit.OpenKitBuilderTest" name="CanSetCustomMaxBeaconRecordAgeForDynatrace" /></UnitTest><UnitTest name="ADefaultConstructedConfigurationUsesStrictTrustManager" storage="c:\workspaces\openkit-dotnet\tests\openkit-dotnetcore-1.1.tests\bin\release\netcoreapp1.1\openkit-dotnetcore-1.1.tests.dll" id="a989ab39-4aa0-49a0-81ef-9b7833285350"><Execution id="2f985304-6461-4562-bf75-af61f2b33c98" /><TestMethod codeBase="C:\workspaces\openkit-dotnet\tests\openkit-dotnetcore-1.1.Tests\bin\Release\netcoreapp1.1\openkit-dotnetcore-1.1.Tests.dll" adapterTypeName="executor://nunit3testexecutor/" className="Dynatrace.OpenKit.Core.Configuration.OpenKitConfigurationTest" name="ADefaultConstructedConfigurationUsesStrictTrustManager" /></UnitTest><UnitTest name="resetDataMarkedForSendingReturnsIfDataHasNotBeenCopied" storage="c:\workspaces\openkit-dotnet\tests\openkit-dotnetcore-1.1.tests\bin\release\netcoreapp1.1\openkit-dotnetcore-1.1.tests.dll" id="6aaeadc7-7f98-4f0a-81cb-6ca643472dbb"><Execution id="27a3f5dd-233e-40e9-8d73-7ef74ef24bf1" /><TestMethod codeBase="C:\workspaces\openkit-dotnet\tests\openkit-dotnetcore-1.1.Tests\bin\Release\netcoreapp1.1\openkit-dotnetcore-1.1.Tests.dll" adapterTypeName="executor://nunit3testexecutor/" className="Dynatrace.OpenKit.Core.Caching.BeaconCacheEntryTest" name="resetDataMarkedForSendingReturnsIfDataHasNotBeenCopied" /></UnitTest><UnitTest name="NoCrashIsReportedIfBeaconConfigurationDisablesCapturing" storage="c:\workspaces\openkit-dotnet\tests\openkit-dotnetcore-1.1.tests\bin\release\netcoreapp1.1\openkit-dotnetcore-1.1.tests.dll" id="3fbe877f-49ab-496a-92c4-f500003d640d"><Execution id="a7d7fbe2-777f-423b-ab18-a389aa3ee87f" /><TestMethod codeBase="C:\workspaces\openkit-dotnet\tests\openkit-dotnetcore-1.1.Tests\bin\Release\netcoreapp1.1\openkit-dotnetcore-1.1.Tests.dll" adapterTypeName="executor://nunit3testexecutor/" className="Dynatrace.OpenKit.Protocol.BeaconTest" name="NoCrashIsReportedIfBeaconConfigurationDisablesCapturing" /></UnitTest><UnitTest name="InfoLogsAppropriateMessage" storage="c:\workspaces\openkit-dotnet\tests\openkit-dotnetcore-1.1.tests\bin\release\netcoreapp1.1\openkit-dotnetcore-1.1.tests.dll" id="dc2cb485-d96b-4294-b33b-9d2d3a0f498d"><Execution id="b1c70a3b-ccd0-4445-a636-d95f0dd140ee" /><TestMethod codeBase="C:\workspaces\openkit-dotnet\tests\openkit-dotnetcore-1.1.Tests\bin\Release\netcoreapp1.1\openkit-dotnetcore-1.1.Tests.dll" adapterTypeName="executor://nunit3testexecutor/" className="Dynatrace.OpenKit.Core.DefaultLoggerTest" name="InfoLogsAppropriateMessage" /></UnitTest><UnitTest name="InitCompleteIsCalledForInitialRequestOnSuccess" storage="c:\workspaces\openkit-dotnet\tests\openkit-dotnetcore-1.1.tests\bin\release\netcoreapp1.1\openkit-dotnetcore-1.1.tests.dll" id="c4da130b-b2ab-4fbb-9c0f-3ede3eb6ddd2"><Execution id="7257548d-5982-48d3-b458-c81481fd9e03" /><TestMethod codeBase="C:\workspaces\openkit-dotnet\tests\openkit-dotnetcore-1.1.Tests\bin\Release\netcoreapp1.1\openkit-dotnetcore-1.1.Tests.dll" adapterTypeName="executor://nunit3testexecutor/" className="Dynatrace.OpenKit.Core.Communication.BeaconSendingTimeSyncStateTest" name="InitCompleteIsCalledForInitialRequestOnSuccess" /></UnitTest><UnitTest name="WebRequestIsReportedForDataCollectionLevel2" storage="c:\workspaces\openkit-dotnet\tests\openkit-dotnetcore-1.1.tests\bin\release\netcoreapp1.1\openkit-dotnetcore-1.1.tests.dll" id="2879d6db-cfb4-4877-91ab-027f1ab79fa6"><Execution id="38d07326-43cd-4009-957b-f746379d4724" /><TestMethod codeBase="C:\workspaces\openkit-dotnet\tests\openkit-dotnetcore-1.1.Tests\bin\Release\netcoreapp1.1\openkit-dotnetcore-1.1.Tests.dll" adapterTypeName="executor://nunit3testexecutor/" className="Dynatrace.OpenKit.Protocol.BeaconTest" name="WebRequestIsReportedForDataCollectionLevel2" /></UnitTest><UnitTest name="IsInfoEnabledIsFalseIfVerboseIsFalse" storage="c:\workspaces\openkit-dotnet\tests\openkit-dotnetcore-1.1.tests\bin\release\netcoreapp1.1\openkit-dotnetcore-1.1.tests.dll" id="71c8282e-b86b-4146-ad3e-1c5c55d7a29f"><Execution id="aa59bae2-3887-4a5d-8fcc-f06179ace9ce" /><TestMethod codeBase="C:\workspaces\openkit-dotnet\tests\openkit-dotnetcore-1.1.Tests\bin\Release\netcoreapp1.1\openkit-dotnetcore-1.1.Tests.dll" adapterTypeName="executor://nunit3testexecutor/" className="Dynatrace.OpenKit.Core.DefaultLoggerTest" name="IsInfoEnabledIsFalseIfVerboseIsFalse" /></UnitTest><UnitTest name="DefaultMaxBeaconSizeIsMinusOne" storage="c:\workspaces\openkit-dotnet\tests\openkit-dotnetcore-1.1.tests\bin\release\netcoreapp1.1\openkit-dotnetcore-1.1.tests.dll" id="44c4e5fa-1ff7-4872-b768-e98535e78ce3"><Execution id="2f1a9bf3-1858-48c9-b35e-3726fd69b290" /><TestMethod codeBase="C:\workspaces\openkit-dotnet\tests\openkit-dotnetcore-1.1.Tests\bin\Release\netcoreapp1.1\openkit-dotnetcore-1.1.Tests.dll" adapterTypeName="executor://nunit3testexecutor/" className="Dynatrace.OpenKit.Protocol.StatusResponseTest" name="DefaultMaxBeaconSizeIsMinusOne" /></UnitTest><UnitTest name="InitCompleteIsCalledOnInterrupt" storage="c:\workspaces\openkit-dotnet\tests\openkit-dotnetcore-1.1.tests\bin\release\netcoreapp1.1\openkit-dotnetcore-1.1.tests.dll" id="12858b85-1282-460a-83fb-19543fc29b82"><Execution id="6b733492-2945-4d50-892b-a5bf81b28529" /><TestMethod codeBase="C:\workspaces\openkit-dotnet\tests\openkit-dotnetcore-1.1.Tests\bin\Release\netcoreapp1.1\openkit-dotnetcore-1.1.Tests.dll" adapterTypeName="executor://nunit3testexecutor/" className="Dynatrace.OpenKit.Core.Communication.BeaconSendingInitStateTest" name="InitCompleteIsCalledOnInterrupt" /></UnitTest><UnitTest name="IpV6AddressLinkLocalIsInvalidDueToTwoDoubleColonsInAddress" storage="c:\workspaces\openkit-dotnet\tests\openkit-dotnetcore-1.1.tests\bin\release\netcoreapp1.1\openkit-dotnetcore-1.1.tests.dll" id="769b9eea-01d8-46d3-b7b3-6bf85ad135d8"><Execution id="cf83bc3c-c26b-4b4e-a9ba-40a30ec48ae0" /><TestMethod codeBase="C:\workspaces\openkit-dotnet\tests\openkit-dotnetcore-1.1.Tests\bin\Release\netcoreapp1.1\openkit-dotnetcore-1.1.Tests.dll" adapterTypeName="executor://nunit3testexecutor/" className="Dynatrace.OpenKit.Core.Util.InetAddressValidatorTest" name="IpV6AddressLinkLocalIsInvalidDueToTwoDoubleColonsInAddress" /></UnitTest><UnitTest name="CanSetCrashReportingLevelForAppMon" storage="c:\workspaces\openkit-dotnet\tests\openkit-dotnetcore-1.1.tests\bin\release\netcoreapp1.1\openkit-dotnetcore-1.1.tests.dll" id="2e383bae-49a0-4104-8044-6c96101f9b50"><Execution id="3cb8bf69-8ad7-4dc5-99da-107586174ed7" /><TestMethod codeBase="C:\workspaces\openkit-dotnet\tests\openkit-dotnetcore-1.1.Tests\bin\Release\netcoreapp1.1\openkit-dotnetcore-1.1.Tests.dll" adapterTypeName="executor://nunit3testexecutor/" className="Dynatrace.OpenKit.OpenKitBuilderTest" name="CanSetCrashReportingLevelForAppMon" /></UnitTest><UnitTest name="DefaultSessionIDProviderReturnsConsecutiveIDs" storage="c:\workspaces\openkit-dotnet\tests\openkit-dotnetcore-1.1.tests\bin\release\netcoreapp1.1\openkit-dotnetcore-1.1.tests.dll" id="7568c23d-f3d9-4812-808a-ddb3885da9c2"><Execution id="f6a149f4-6d88-4af0-aef7-0faa6e0fc12f" /><TestMethod codeBase="C:\workspaces\openkit-dotnet\tests\openkit-dotnetcore-1.1.Tests\bin\Release\netcoreapp1.1\openkit-dotnetcore-1.1.Tests.dll" adapterTypeName="executor://nunit3testexecutor/" className="Dynatrace.OpenKit.Providers.DefaultSessionIDProviderTest" name="DefaultSessionIDProviderReturnsConsecutiveIDs" /></UnitTest><UnitTest name="DefaultCaptureIsOn" storage="c:\workspaces\openkit-dotnet\tests\openkit-dotnetcore-1.1.tests\bin\release\netcoreapp1.1\openkit-dotnetcore-1.1.tests.dll" id="d7ad2bbf-c801-4729-84f6-fb2372e7a985"><Execution id="94622964-90fc-470a-a0d6-5d6dc9116c6b" /><TestMethod codeBase="C:\workspaces\openkit-dotnet\tests\openkit-dotnetcore-1.1.Tests\bin\Release\netcoreapp1.1\openkit-dotnetcore-1.1.Tests.dll" adapterTypeName="executor://nunit3testexecutor/" className="Dynatrace.OpenKit.Protocol.StatusResponseTest" name="DefaultCaptureIsOn" /></UnitTest><UnitTest name="TimeSyncIsSupportedIfInitCalledWithTrue" storage="c:\workspaces\openkit-dotnet\tests\openkit-dotnetcore-1.1.tests\bin\release\netcoreapp1.1\openkit-dotnetcore-1.1.tests.dll" id="646418c8-3e7b-4c69-b9bb-3dad4a3e0679"><Execution id="6e8454a0-7294-44b4-96da-8907888bec6b" /><TestMethod codeBase="C:\workspaces\openkit-dotnet\tests\openkit-dotnetcore-1.1.Tests\bin\Release\netcoreapp1.1\openkit-dotnetcore-1.1.Tests.dll" adapterTypeName="executor://nunit3testexecutor/" className="Dynatrace.OpenKit.Providers.DefaultTimingProviderTest" name="TimeSyncIsSupportedIfInitCalledWithTrue" /></UnitTest><UnitTest name="CurrentThreadIDIsReturned" storage="c:\workspaces\openkit-dotnet\tests\openkit-dotnetcore-1.1.tests\bin\release\netcoreapp1.1\openkit-dotnetcore-1.1.tests.dll" id="9c6fd6f5-9125-451a-a1bc-9485edfc958b"><Execution id="3e15bbe9-567e-49c8-ba75-4dbccf4701dc" /><TestMethod codeBase="C:\workspaces\openkit-dotnet\tests\openkit-dotnetcore-1.1.Tests\bin\Release\netcoreapp1.1\openkit-dotnetcore-1.1.Tests.dll" adapterTypeName="executor://nunit3testexecutor/" className="Dynatrace.OpenKit.Providers.DefaultThreadIDProviderTest" name="CurrentThreadIDIsReturned" /></UnitTest><UnitTest name="DefaultPRNGeneratorProvidesPositiveLong" storage="c:\workspaces\openkit-dotnet\tests\openkit-dotnetcore-1.1.tests\bin\release\netcoreapp1.1\openkit-dotnetcore-1.1.tests.dll" id="c7b6e923-c684-4c15-85ab-2642dca67b85"><Execution id="9c164a28-9be6-4a72-ac7c-3d9b861949eb" /><TestMethod codeBase="C:\workspaces\openkit-dotnet\tests\openkit-dotnetcore-1.1.Tests\bin\Release\netcoreapp1.1\openkit-dotnetcore-1.1.Tests.dll" adapterTypeName="executor://nunit3testexecutor/" className="Dynatrace.OpenKit.Providers.DefaultSessionPRNGeneratorTest" name="DefaultPRNGeneratorProvidesPositiveLong" /></UnitTest><UnitTest name="IntValueReportedForDataCollectionLevel2" storage="c:\workspaces\openkit-dotnet\tests\openkit-dotnetcore-1.1.tests\bin\release\netcoreapp1.1\openkit-dotnetcore-1.1.tests.dll" id="6dfe9d91-62c2-4542-8c56-57b7350ad206"><Execution id="20c27f9c-de74-48c1-b62b-0d0b3ccbe3da" /><TestMethod codeBase="C:\workspaces\openkit-dotnet\tests\openkit-dotnetcore-1.1.Tests\bin\Release\netcoreapp1.1\openkit-dotnetcore-1.1.Tests.dll" adapterTypeName="executor://nunit3testexecutor/" className="Dynatrace.OpenKit.Protocol.BeaconTest" name="IntValueReportedForDataCollectionLevel2" /></UnitTest><UnitTest name="UnsuccessfulFinishedSessionsAreNotRemovedFromCache" storage="c:\workspaces\openkit-dotnet\tests\openkit-dotnetcore-1.1.tests\bin\release\netcoreapp1.1\openkit-dotnetcore-1.1.tests.dll" id="b080dd26-ea1e-4e6e-8277-94d7d7826f8a"><Execution id="724da335-db0e-49fe-bf28-c24f56469cf5" /><TestMethod codeBase="C:\workspaces\openkit-dotnet\tests\openkit-dotnetcore-1.1.Tests\bin\Release\netcoreapp1.1\openkit-dotnetcore-1.1.Tests.dll" adapterTypeName="executor://nunit3testexecutor/" className="Dynatrace.OpenKit.Core.Communication.BeaconSendingCaptureOnStateTest" name="UnsuccessfulFinishedSessionsAreNotRemovedFromCache" /></UnitTest><UnitTest name="VerboseIsUsedInDefaultLogger" storage="c:\workspaces\openkit-dotnet\tests\openkit-dotnetcore-1.1.tests\bin\release\netcoreapp1.1\openkit-dotnetcore-1.1.tests.dll" id="d3869adc-5cc8-41c0-b1d4-77299305de4b"><Execution id="f39c751e-19db-4079-aef6-f2136c674dcf" /><TestMethod codeBase="C:\workspaces\openkit-dotnet\tests\openkit-dotnetcore-1.1.Tests\bin\Release\netcoreapp1.1\openkit-dotnetcore-1.1.Tests.dll" adapterTypeName="executor://nunit3testexecutor/" className="Dynatrace.OpenKit.OpenKitBuilderTest" name="VerboseIsUsedInDefaultLogger" /></UnitTest><UnitTest name="TimeSyncIsNotSupportedIfInitCalledWithFalse" storage="c:\workspaces\openkit-dotnet\tests\openkit-dotnetcore-1.1.tests\bin\release\netcoreapp1.1\openkit-dotnetcore-1.1.tests.dll" id="0cfc8917-cdc2-4d9d-89db-659a5a97bfb9"><Execution id="1d3f55d4-f0c3-4aa3-ab2d-9eeb9803836d" /><TestMethod codeBase="C:\workspaces\openkit-dotnet\tests\openkit-dotnetcore-1.1.Tests\bin\Release\netcoreapp1.1\openkit-dotnetcore-1.1.Tests.dll" adapterTypeName="executor://nunit3testexecutor/" className="Dynatrace.OpenKit.Providers.DefaultTimingProviderTest" name="TimeSyncIsNotSupportedIfInitCalledWithFalse" /></UnitTest><UnitTest name="ResetDataMarkedForSendingResetsMarkedForSendingFlag" storage="c:\workspaces\openkit-dotnet\tests\openkit-dotnetcore-1.1.tests\bin\release\netcoreapp1.1\openkit-dotnetcore-1.1.tests.dll" id="8d86ac62-cd46-4136-8a0e-b547cda8eaf5"><Execution id="6d7eb51b-05c5-41eb-a65d-4c6b063b5797" /><TestMethod codeBase="C:\workspaces\openkit-dotnet\tests\openkit-dotnetcore-1.1.Tests\bin\Release\netcoreapp1.1\openkit-dotnetcore-1.1.Tests.dll" adapterTypeName="executor://nunit3testexecutor/" className="Dynatrace.OpenKit.Core.Caching.BeaconCacheEntryTest" name="ResetDataMarkedForSendingResetsMarkedForSendingFlag" /></UnitTest><UnitTest name="AddActionDataAddsBeaconIdToCache" storage="c:\workspaces\openkit-dotnet\tests\openkit-dotnetcore-1.1.tests\bin\release\netcoreapp1.1\openkit-dotnetcore-1.1.tests.dll" id="9b248ba3-04f2-40c7-af81-5da17a5dcc3e"><Execution id="9cd7e5b6-d77d-4a34-81e1-1d38c8fd37df" /><TestMethod codeBase="C:\workspaces\openkit-dotnet\tests\openkit-dotnetcore-1.1.Tests\bin\Release\netcoreapp1.1\openkit-dotnetcore-1.1.Tests.dll" adapterTypeName="executor://nunit3testexecutor/" className="Dynatrace.OpenKit.Core.Caching.BeaconCacheTest" name="AddActionDataAddsBeaconIdToCache" /></UnitTest><UnitTest name="EnterActionGivesNullActionIfActionNameIsNull" storage="c:\workspaces\openkit-dotnet\tests\openkit-dotnetcore-1.1.tests\bin\release\netcoreapp1.1\openkit-dotnetcore-1.1.tests.dll" id="dc315485-931e-49d5-9afb-9666bb00fd40"><Execution id="f855c706-e41f-4036-ad92-743e8f4af6e0" /><TestMethod codeBase="C:\workspaces\openkit-dotnet\tests\openkit-dotnetcore-1.1.Tests\bin\Release\netcoreapp1.1\openkit-dotnetcore-1.1.Tests.dll" adapterTypeName="executor://nunit3testexecutor/" className="Dynatrace.OpenKit.Core.SessionTest" name="EnterActionGivesNullActionIfActionNameIsNull" /></UnitTest><UnitTest name="EnterActionReturnsNewChildAction" storage="c:\workspaces\openkit-dotnet\tests\openkit-dotnetcore-1.1.tests\bin\release\netcoreapp1.1\openkit-dotnetcore-1.1.tests.dll" id="cdcce22b-0d6b-4688-8ba6-38d203b8425e"><Execution id="7cf7cbbd-600e-4bfc-8806-58e6a1cd9677" /><TestMethod codeBase="C:\workspaces\openkit-dotnet\tests\openkit-dotnetcore-1.1.Tests\bin\Release\netcoreapp1.1\openkit-dotnetcore-1.1.Tests.dll" adapterTypeName="executor://nunit3testexecutor/" className="Dynatrace.OpenKit.Core.RootActionTest" name="EnterActionReturnsNewChildAction" /></UnitTest><UnitTest name="IpV6AddressHexCompressedIsValidShortestPossible" storage="c:\workspaces\openkit-dotnet\tests\openkit-dotnetcore-1.1.tests\bin\release\netcoreapp1.1\openkit-dotnetcore-1.1.tests.dll" id="d541616a-4383-470b-8b4e-9b41b167a008"><Execution id="0f7615e4-56f0-403d-b7be-73f3614315a8" /><TestMethod codeBase="C:\workspaces\openkit-dotnet\tests\openkit-dotnetcore-1.1.Tests\bin\Release\netcoreapp1.1\openkit-dotnetcore-1.1.Tests.dll" adapterTypeName="executor://nunit3testexecutor/" className="Dynatrace.OpenKit.Core.Util.InetAddressValidatorTest" name="IpV6AddressHexCompressedIsValidShortestPossible" /></UnitTest><UnitTest name="IpV6AddressMixedNotationIsValidIPV6" storage="c:\workspaces\openkit-dotnet\tests\openkit-dotnetcore-1.1.tests\bin\release\netcoreapp1.1\openkit-dotnetcore-1.1.tests.dll" id="8c36e065-c3db-49e5-948b-b807cc756555"><Execution id="7816b6e1-932d-431a-8949-ceb838dddfeb" /><TestMethod codeBase="C:\workspaces\openkit-dotnet\tests\openkit-dotnetcore-1.1.Tests\bin\Release\netcoreapp1.1\openkit-dotnetcore-1.1.Tests.dll" adapterTypeName="executor://nunit3testexecutor/" className="Dynatrace.OpenKit.Core.Util.InetAddressValidatorTest" name="IpV6AddressMixedNotationIsValidIPV6" /></UnitTest><UnitTest name="CapturingIsEnabledFromStatusResponse" storage="c:\workspaces\openkit-dotnet\tests\openkit-dotnetcore-1.1.tests\bin\release\netcoreapp1.1\openkit-dotnetcore-1.1.tests.dll" id="e8fe0825-45f7-4096-a93a-ee45835b8e52"><Execution id="adf31146-2293-4a98-a5f5-32cee2dff713" /><TestMethod codeBase="C:\workspaces\openkit-dotnet\tests\openkit-dotnetcore-1.1.Tests\bin\Release\netcoreapp1.1\openkit-dotnetcore-1.1.Tests.dll" adapterTypeName="executor://nunit3testexecutor/" className="Dynatrace.OpenKit.Core.Configuration.OpenKitConfigurationTest" name="CapturingIsEnabledFromStatusResponse" /></UnitTest><UnitTest name="DefaultSessionIDProviderReturnsNonNegativeID" storage="c:\workspaces\openkit-dotnet\tests\openkit-dotnetcore-1.1.tests\bin\release\netcoreapp1.1\openkit-dotnetcore-1.1.tests.dll" id="8ce8a9a9-109b-4be9-aebe-df71f60b1924"><Execution id="8a30ebfa-162a-49c9-b65c-d3a947ed41b9" /><TestMethod codeBase="C:\workspaces\openkit-dotnet\tests\openkit-dotnetcore-1.1.Tests\bin\Release\netcoreapp1.1\openkit-dotnetcore-1.1.Tests.dll" adapterTypeName="executor://nunit3testexecutor/" className="Dynatrace.OpenKit.Providers.DefaultSessionIDProviderTest" name="DefaultSessionIDProviderReturnsNonNegativeID" /></UnitTest><UnitTest name="ReportError" storage="c:\workspaces\openkit-dotnet\tests\openkit-dotnetcore-1.1.tests\bin\release\netcoreapp1.1\openkit-dotnetcore-1.1.tests.dll" id="13ee5001-30fe-4621-92c9-ec3feeb6723d"><Execution id="9af93656-ddd4-4537-bcec-7f7a7a85cd8c" /><TestMethod codeBase="C:\workspaces\openkit-dotnet\tests\openkit-dotnetcore-1.1.Tests\bin\Release\netcoreapp1.1\openkit-dotnetcore-1.1.Tests.dll" adapterTypeName="executor://nunit3testexecutor/" className="Dynatrace.OpenKit.Core.ActionTest" name="ReportError" /></UnitTest><UnitTest name="IpV6AddressHexCompressedIsValidBlock1" storage="c:\workspaces\openkit-dotnet\tests\openkit-dotnetcore-1.1.tests\bin\release\netcoreapp1.1\openkit-dotnetcore-1.1.tests.dll" id="642e1853-166d-47ba-b048-374338564cdd"><Execution id="2eeea049-f997-4251-9f50-89d416230f9c" /><TestMethod codeBase="C:\workspaces\openkit-dotnet\tests\openkit-dotnetcore-1.1.Tests\bin\Release\netcoreapp1.1\openkit-dotnetcore-1.1.Tests.dll" adapterTypeName="executor://nunit3testexecutor/" className="Dynatrace.OpenKit.Core.Util.InetAddressValidatorTest" name="IpV6AddressHexCompressedIsValidBlock1" /></UnitTest><UnitTest name="GetTag" storage="c:\workspaces\openkit-dotnet\tests\openkit-dotnetcore-1.1.tests\bin\release\netcoreapp1.1\openkit-dotnetcore-1.1.tests.dll" id="b4487ff9-932f-4be3-a242-6c1a911be26a"><Execution id="af39d09d-b0ac-4ab5-aed6-d8522e3919f3" /><TestMethod codeBase="C:\workspaces\openkit-dotnet\tests\openkit-dotnetcore-1.1.Tests\bin\Release\netcoreapp1.1\openkit-dotnetcore-1.1.Tests.dll" adapterTypeName="executor://nunit3testexecutor/" className="Dynatrace.OpenKit.Core.WebRequestTracerBaseTest" name="GetTag" /></UnitTest><UnitTest name="AnActionCanOnlyBeLeftOnce" storage="c:\workspaces\openkit-dotnet\tests\openkit-dotnetcore-1.1.tests\bin\release\netcoreapp1.1\openkit-dotnetcore-1.1.tests.dll" id="ef2bf99e-cb53-4af2-aa46-8b304a40c5e3"><Execution id="ec38a4cf-021b-4ba5-b867-d86fbfe4b7b5" /><TestMethod codeBase="C:\workspaces\openkit-dotnet\tests\openkit-dotnetcore-1.1.Tests\bin\Release\netcoreapp1.1\openkit-dotnetcore-1.1.Tests.dll" adapterTypeName="executor://nunit3testexecutor/" className="Dynatrace.OpenKit.Core.ActionTest" name="AnActionCanOnlyBeLeftOnce" /></UnitTest><UnitTest name="DataSizeInBytes" storage="c:\workspaces\openkit-dotnet\tests\openkit-dotnetcore-1.1.tests\bin\release\netcoreapp1.1\openkit-dotnetcore-1.1.tests.dll" id="427224df-2d55-41e9-bab7-192f032e3484"><Execution id="dcd3fa83-7031-48b5-a05f-f1fedba3f940" /><TestMethod codeBase="C:\workspaces\openkit-dotnet\tests\openkit-dotnetcore-1.1.Tests\bin\Release\netcoreapp1.1\openkit-dotnetcore-1.1.Tests.dll" adapterTypeName="executor://nunit3testexecutor/" className="Dynatrace.OpenKit.Core.Caching.BeaconCacheRecordTest" name="DataSizeInBytes" /></UnitTest><UnitTest name="NewSessionRequestsAreMadeForAllNewSessions" storage="c:\workspaces\openkit-dotnet\tests\openkit-dotnetcore-1.1.tests\bin\release\netcoreapp1.1\openkit-dotnetcore-1.1.tests.dll" id="b00f4e28-e845-46b4-b7aa-23aa077d1386"><Execution id="bd29481a-7fa6-428a-8c4c-2fae415096d3" /><TestMethod codeBase="C:\workspaces\openkit-dotnet\tests\openkit-dotnetcore-1.1.Tests\bin\Release\netcoreapp1.1\openkit-dotnetcore-1.1.Tests.dll" adapterTypeName="executor://nunit3testexecutor/" className="Dynatrace.OpenKit.Core.Communication.BeaconSendingCaptureOnStateTest" name="NewSessionRequestsAreMadeForAllNewSessions" /></UnitTest><UnitTest name="ParsingInvalidRequestReceiveTimeThrowsException" storage="c:\workspaces\openkit-dotnet\tests\openkit-dotnetcore-1.1.tests\bin\release\netcoreapp1.1\openkit-dotnetcore-1.1.tests.dll" id="8bee120e-435d-4387-b08b-b1017d8a1e2d"><Execution id="3b142a9b-06a4-4279-8fd0-2948e567c2c7" /><TestMethod codeBase="C:\workspaces\openkit-dotnet\tests\openkit-dotnetcore-1.1.Tests\bin\Release\netcoreapp1.1\openkit-dotnetcore-1.1.Tests.dll" adapterTypeName="executor://nunit3testexecutor/" className="Dynatrace.OpenKit.Protocol.TimeSyncResponseTest" name="ParsingInvalidRequestReceiveTimeThrowsException" /></UnitTest><UnitTest name="DefaultCaptureCrashesIsOn" storage="c:\workspaces\openkit-dotnet\tests\openkit-dotnetcore-1.1.tests\bin\release\netcoreapp1.1\openkit-dotnetcore-1.1.tests.dll" id="8a7a170b-adf9-47f9-968e-9ffce477de51"><Execution id="a614f6c8-2fbe-424b-bb7e-288a2fbfdd13" /><TestMethod codeBase="C:\workspaces\openkit-dotnet\tests\openkit-dotnetcore-1.1.Tests\bin\Release\netcoreapp1.1\openkit-dotnetcore-1.1.Tests.dll" adapterTypeName="executor://nunit3testexecutor/" className="Dynatrace.OpenKit.Protocol.StatusResponseTest" name="DefaultCaptureCrashesIsOn" /></UnitTest><UnitTest name="SendBeaconRequestSendsNullDataIfNullWasGiven" storage="c:\workspaces\openkit-dotnet\tests\openkit-dotnetcore-1.1.tests\bin\release\netcoreapp1.1\openkit-dotnetcore-1.1.tests.dll" id="ad9f0971-a7d9-4844-8c18-28b56138f41b"><Execution id="aff710f6-616b-4371-b26e-89ad53646248" /><TestMethod codeBase="C:\workspaces\openkit-dotnet\tests\openkit-dotnetcore-1.1.Tests\bin\Release\netcoreapp1.1\openkit-dotnetcore-1.1.Tests.dll" adapterTypeName="executor://nunit3testexecutor/" className="Dynatrace.OpenKit.Protocol.HTTPClientTest" name="SendBeaconRequestSendsNullDataIfNullWasGiven" /></UnitTest><UnitTest name="IsTooManyRequestsResponseReturnsFalseIfResponseIsNull" storage="c:\workspaces\openkit-dotnet\tests\openkit-dotnetcore-1.1.tests\bin\release\netcoreapp1.1\openkit-dotnetcore-1.1.tests.dll" id="be18546a-d8c6-4ab1-b15b-53855d3e153e"><Execution id="66e80830-9ed1-4e00-9a0c-62ed6d03147b" /><TestMethod codeBase="C:\workspaces\openkit-dotnet\tests\openkit-dotnetcore-1.1.Tests\bin\Release\netcoreapp1.1\openkit-dotnetcore-1.1.Tests.dll" adapterTypeName="executor://nunit3testexecutor/" className="Dynatrace.OpenKit.Core.Communication.BeaconSendingResponseUtilTest" name="IsTooManyRequestsResponseReturnsFalseIfResponseIsNull" /></UnitTest><UnitTest name="GetNextBeaconChunkCopiesDataForSending" storage="c:\workspaces\openkit-dotnet\tests\openkit-dotnetcore-1.1.tests\bin\release\netcoreapp1.1\openkit-dotnetcore-1.1.tests.dll" id="1b55dce0-2f5b-407d-ab84-d9c02ed398e6"><Execution id="4b251a59-26a9-4f2b-a849-f472f139fd9d" /><TestMethod codeBase="C:\workspaces\openkit-dotnet\tests\openkit-dotnetcore-1.1.Tests\bin\Release\netcoreapp1.1\openkit-dotnetcore-1.1.Tests.dll" adapterTypeName="executor://nunit3testexecutor/" className="Dynatrace.OpenKit.Core.Caching.BeaconCacheTest" name="GetNextBeaconChunkCopiesDataForSending" /></UnitTest><UnitTest name="TheStrategyIsDisabledIfCacheSizeLowerBoundIsEqualToZero" storage="c:\workspaces\openkit-dotnet\tests\openkit-dotnetcore-1.1.tests\bin\release\netcoreapp1.1\openkit-dotnetcore-1.1.tests.dll" id="7274d929-4415-4043-819b-cd199016d96b"><Execution id="0a2aea4c-3c82-46fc-9eaa-580443105e31" /><TestMethod codeBase="C:\workspaces\openkit-dotnet\tests\openkit-dotnetcore-1.1.Tests\bin\Release\netcoreapp1.1\openkit-dotnetcore-1.1.Tests.dll" adapterTypeName="executor://nunit3testexecutor/" className="Dynatrace.OpenKit.Core.Caching.SpaceEvictionStrategyTest" name="TheStrategyIsDisabledIfCacheSizeLowerBoundIsEqualToZero" /></UnitTest><UnitTest name="CanSetModelIDForDynatrace" storage="c:\workspaces\openkit-dotnet\tests\openkit-dotnetcore-1.1.tests\bin\release\netcoreapp1.1\openkit-dotnetcore-1.1.tests.dll" id="8255089f-7e75-41e5-a51c-430c5bd45885"><Execution id="f4064566-2e15-4d27-b577-4198c607cad4" /><TestMethod codeBase="C:\workspaces\openkit-dotnet\tests\openkit-dotnetcore-1.1.Tests\bin\Release\netcoreapp1.1\openkit-dotnetcore-1.1.Tests.dll" adapterTypeName="executor://nunit3testexecutor/" className="Dynatrace.OpenKit.OpenKitBuilderTest" name="CanSetModelIDForDynatrace" /></UnitTest><UnitTest name="EnterActionReturnsNullActionIfAlreadyLeft" storage="c:\workspaces\openkit-dotnet\tests\openkit-dotnetcore-1.1.tests\bin\release\netcoreapp1.1\openkit-dotnetcore-1.1.tests.dll" id="7d0359d5-67ca-4962-89cd-e1dfceea85fc"><Execution id="b84434f8-9ea4-4d23-a079-a44c2541dd76" /><TestMethod codeBase="C:\workspaces\openkit-dotnet\tests\openkit-dotnetcore-1.1.Tests\bin\Release\netcoreapp1.1\openkit-dotnetcore-1.1.Tests.dll" adapterTypeName="executor://nunit3testexecutor/" className="Dynatrace.OpenKit.Core.RootActionTest" name="EnterActionReturnsNullActionIfAlreadyLeft" /></UnitTest><UnitTest name="IsErroneousResponseGivesFalseForErrorCodeLessThan400" storage="c:\workspaces\openkit-dotnet\tests\openkit-dotnetcore-1.1.tests\bin\release\netcoreapp1.1\openkit-dotnetcore-1.1.tests.dll" id="f8e59076-af84-416f-ad2c-92391f9511fd"><Execution id="41279f11-715e-4f2b-a0e2-631646e15a76" /><TestMethod codeBase="C:\workspaces\openkit-dotnet\tests\openkit-dotnetcore-1.1.Tests\bin\Release\netcoreapp1.1\openkit-dotnetcore-1.1.Tests.dll" adapterTypeName="executor://nunit3testexecutor/" className="Dynatrace.OpenKit.Protocol.ResponseTest" name="IsErroneousResponseGivesFalseForErrorCodeLessThan400" /></UnitTest><UnitTest name="DefaultMultiplicityIsOne" storage="c:\workspaces\openkit-dotnet\tests\openkit-dotnetcore-1.1.tests\bin\release\netcoreapp1.1\openkit-dotnetcore-1.1.tests.dll" id="429f1206-c025-423e-b8b5-2a2ca0480fdb"><Execution id="9ec6e63c-93d1-4fad-8b2c-c3fe603c1697" /><TestMethod codeBase="C:\workspaces\openkit-dotnet\tests\openkit-dotnetcore-1.1.Tests\bin\Release\netcoreapp1.1\openkit-dotnetcore-1.1.Tests.dll" adapterTypeName="executor://nunit3testexecutor/" className="Dynatrace.OpenKit.Protocol.StatusResponseTest" name="DefaultMultiplicityIsOne" /></UnitTest><UnitTest name="LastStatusCheckTimeIsSetInExecute" storage="c:\workspaces\openkit-dotnet\tests\openkit-dotnetcore-1.1.tests\bin\release\netcoreapp1.1\openkit-dotnetcore-1.1.tests.dll" id="d5314b0f-ec4a-424c-b3a4-1ed55b74ee03"><Execution id="cbfa9c51-4b74-470e-8b44-361137ce8c46" /><TestMethod codeBase="C:\workspaces\openkit-dotnet\tests\openkit-dotnetcore-1.1.Tests\bin\Release\netcoreapp1.1\openkit-dotnetcore-1.1.Tests.dll" adapterTypeName="executor://nunit3testexecutor/" className="Dynatrace.OpenKit.Core.Communication.BeaconSendingInitStateTest" name="LastStatusCheckTimeIsSetInExecute" /></UnitTest><UnitTest name="WaitForInitWhenWithTimeoutSuccess" storage="c:\workspaces\openkit-dotnet\tests\openkit-dotnetcore-1.1.tests\bin\release\netcoreapp1.1\openkit-dotnetcore-1.1.tests.dll" id="d88bf6a1-ac4b-4e1d-b88a-a00c7e7c9ee8"><Execution id="ec397a8f-acad-4bf2-a726-aa28cdd481f4" /><TestMethod codeBase="C:\workspaces\openkit-dotnet\tests\openkit-dotnetcore-1.1.Tests\bin\Release\netcoreapp1.1\openkit-dotnetcore-1.1.Tests.dll" adapterTypeName="executor://nunit3testexecutor/" className="Dynatrace.OpenKit.Core.Communication.BeaconSendingContextTest" name="WaitForInitWhenWithTimeoutSuccess" /></UnitTest><UnitTest name="ReportErrorDoesNotReportOnDataCollectionLevel0" storage="c:\workspaces\openkit-dotnet\tests\openkit-dotnetcore-1.1.tests\bin\release\netcoreapp1.1\openkit-dotnetcore-1.1.tests.dll" id="e5c3e1d3-2bb7-46ba-8d71-0aa9681941b8"><Execution id="d919384f-0988-43ec-9c7c-b5918ba344d9" /><TestMethod codeBase="C:\workspaces\openkit-dotnet\tests\openkit-dotnetcore-1.1.Tests\bin\Release\netcoreapp1.1\openkit-dotnetcore-1.1.Tests.dll" adapterTypeName="executor://nunit3testexecutor/" className="Dynatrace.OpenKit.Protocol.BeaconTest" name="ReportErrorDoesNotReportOnDataCollectionLevel0" /></UnitTest><UnitTest name="TriggeringEvictionStrategiesInThread" storage="c:\workspaces\openkit-dotnet\tests\openkit-dotnetcore-1.1.tests\bin\release\netcoreapp1.1\openkit-dotnetcore-1.1.tests.dll" id="ead89070-6cbf-430e-b887-18039ff156dd"><Execution id="28f3dae0-a480-440e-b759-f1c635730255" /><TestMethod codeBase="C:\workspaces\openkit-dotnet\tests\openkit-dotnetcore-1.1.Tests\bin\Release\netcoreapp1.1\openkit-dotnetcore-1.1.Tests.dll" adapterTypeName="executor://nunit3testexecutor/" className="Dynatrace.OpenKit.Core.Caching.BeaconCacheEvictorTest" name="TriggeringEvictionStrategiesInThread" /></UnitTest><UnitTest name="NewSessionRequestsAreAbortedWhenTooManyRequestsResponseIsReceived" storage="c:\workspaces\openkit-dotnet\tests\openkit-dotnetcore-1.1.tests\bin\release\netcoreapp1.1\openkit-dotnetcore-1.1.tests.dll" id="25aa1e00-54cd-4107-8e6e-826fa4ff433d"><Execution id="1701a661-62b7-4258-9e5f-14b5a2081bcf" /><TestMethod codeBase="C:\workspaces\openkit-dotnet\tests\openkit-dotnetcore-1.1.Tests\bin\Release\netcoreapp1.1\openkit-dotnetcore-1.1.Tests.dll" adapterTypeName="executor://nunit3testexecutor/" className="Dynatrace.OpenKit.Core.Communication.BeaconSendingCaptureOnStateTest" name="NewSessionRequestsAreAbortedWhenTooManyRequestsResponseIsReceived" /></UnitTest><UnitTest name="LastOpenSessionSendTimeIsSet" storage="c:\workspaces\openkit-dotnet\tests\openkit-dotnetcore-1.1.tests\bin\release\netcoreapp1.1\openkit-dotnetcore-1.1.tests.dll" id="37df8c08-cf8c-4708-bb22-a1f9fa489ac3"><Execution id="e1de916d-8c11-4ec8-a1a9-e4dd647de698" /><TestMethod codeBase="C:\workspaces\openkit-dotnet\tests\openkit-dotnetcore-1.1.Tests\bin\Release\netcoreapp1.1\openkit-dotnetcore-1.1.Tests.dll" adapterTypeName="executor://nunit3testexecutor/" className="Dynatrace.OpenKit.Core.Communication.BeaconSendingContextTest" name="LastOpenSessionSendTimeIsSet" /></UnitTest><UnitTest name="SendNewSessionRequestSendsOneHTTPGetRequest" storage="c:\workspaces\openkit-dotnet\tests\openkit-dotnetcore-1.1.tests\bin\release\netcoreapp1.1\openkit-dotnetcore-1.1.tests.dll" id="00faea74-e8f1-4222-8ce8-bc3177562f21"><Execution id="fdff838d-79b8-41d2-a30d-2e97f45f985e" /><TestMethod codeBase="C:\workspaces\openkit-dotnet\tests\openkit-dotnetcore-1.1.Tests\bin\Release\netcoreapp1.1\openkit-dotnetcore-1.1.Tests.dll" adapterTypeName="executor://nunit3testexecutor/" className="Dynatrace.OpenKit.Protocol.HTTPClientTest" name="SendNewSessionRequestSendsOneHTTPGetRequest" /></UnitTest><UnitTest name="SendTimeSyncRequestIsRetriedThreeTimesBeforeGivingUp" storage="c:\workspaces\openkit-dotnet\tests\openkit-dotnetcore-1.1.tests\bin\release\netcoreapp1.1\openkit-dotnetcore-1.1.tests.dll" id="b193c4b6-0ca6-4f6f-97f9-e226515c3123"><Execution id="cd338a69-11ed-44ad-8629-23f035c083b4" /><TestMethod codeBase="C:\workspaces\openkit-dotnet\tests\openkit-dotnetcore-1.1.Tests\bin\Release\netcoreapp1.1\openkit-dotnetcore-1.1.Tests.dll" adapterTypeName="executor://nunit3testexecutor/" className="Dynatrace.OpenKit.Protocol.HTTPClientTest" name="SendTimeSyncRequestIsRetriedThreeTimesBeforeGivingUp" /></UnitTest><UnitTest name="SendingFinishedSessionsIsAbortedImmediatelyWhenTooManyRequestsResponseIsReceived" storage="c:\workspaces\openkit-dotnet\tests\openkit-dotnetcore-1.1.tests\bin\release\netcoreapp1.1\openkit-dotnetcore-1.1.tests.dll" id="5dc59309-bc01-4578-b763-613cb4810550"><Execution id="21691857-76ef-47d9-b55b-0f20ca74512f" /><TestMethod codeBase="C:\workspaces\openkit-dotnet\tests\openkit-dotnetcore-1.1.Tests\bin\Release\netcoreapp1.1\openkit-dotnetcore-1.1.Tests.dll" adapterTypeName="executor://nunit3testexecutor/" className="Dynatrace.OpenKit.Core.Communication.BeaconSendingCaptureOnStateTest" name="SendingFinishedSessionsIsAbortedImmediatelyWhenTooManyRequestsResponseIsReceived" /></UnitTest><UnitTest name="IdentifyUserDoesNothingIfSessionIsEnded" storage="c:\workspaces\openkit-dotnet\tests\openkit-dotnetcore-1.1.tests\bin\release\netcoreapp1.1\openkit-dotnetcore-1.1.tests.dll" id="5af30a14-20fd-40f5-a391-e778388e735b"><Execution id="34ba856f-b2c6-4b54-9a2e-959a1e7a6004" /><TestMethod codeBase="C:\workspaces\openkit-dotnet\tests\openkit-dotnetcore-1.1.Tests\bin\Release\netcoreapp1.1\openkit-dotnetcore-1.1.Tests.dll" adapterTypeName="executor://nunit3testexecutor/" className="Dynatrace.OpenKit.Core.SessionTest" name="IdentifyUserDoesNothingIfSessionIsEnded" /></UnitTest><UnitTest name="IsInfoEnabledIsTrueIfVerboseIsTrue" storage="c:\workspaces\openkit-dotnet\tests\openkit-dotnetcore-1.1.tests\bin\release\netcoreapp1.1\openkit-dotnetcore-1.1.tests.dll" id="2de9f403-8081-4921-8d65-49c322a250b0"><Execution id="c376e5d7-dec0-4fbc-a28d-2d0f9d681198" /><TestMethod codeBase="C:\workspaces\openkit-dotnet\tests\openkit-dotnetcore-1.1.Tests\bin\Release\netcoreapp1.1\openkit-dotnetcore-1.1.Tests.dll" adapterTypeName="executor://nunit3testexecutor/" className="Dynatrace.OpenKit.Core.DefaultLoggerTest" name="IsInfoEnabledIsTrueIfVerboseIsTrue" /></UnitTest><UnitTest name="CanAddBothSentBytesAndReceivedBytesToWebRequestTracer" storage="c:\workspaces\openkit-dotnet\tests\openkit-dotnetcore-1.1.tests\bin\release\netcoreapp1.1\openkit-dotnetcore-1.1.tests.dll" id="97ff392e-c553-43de-b954-d066782ade3c"><Execution id="62279bd7-fe9f-4df8-b194-0194a92c7599" /><TestMethod codeBase="C:\workspaces\openkit-dotnet\tests\openkit-dotnetcore-1.1.Tests\bin\Release\netcoreapp1.1\openkit-dotnetcore-1.1.Tests.dll" adapterTypeName="executor://nunit3testexecutor/" className="Dynatrace.OpenKit.Protocol.BeaconTest" name="CanAddBothSentBytesAndReceivedBytesToWebRequestTracer" /></UnitTest><UnitTest name="EnterActionGivesNullActionIfSessionIsAlreadyEnded" storage="c:\workspaces\openkit-dotnet\tests\openkit-dotnetcore-1.1.tests\bin\release\netcoreapp1.1\openkit-dotnetcore-1.1.tests.dll" id="eab0696a-a50e-4f67-940f-0f5df31026e9"><Execution id="ecc3ebff-b9d0-4702-8c76-f6e7a15e92ed" /><TestMethod codeBase="C:\workspaces\openkit-dotnet\tests\openkit-dotnetcore-1.1.Tests\bin\Release\netcoreapp1.1\openkit-dotnetcore-1.1.Tests.dll" adapterTypeName="executor://nunit3testexecutor/" className="Dynatrace.OpenKit.Core.SessionTest" name="EnterActionGivesNullActionIfSessionIsAlreadyEnded" /></UnitTest><UnitTest name="ParsingTooBigSendIntervalOverflows" storage="c:\workspaces\openkit-dotnet\tests\openkit-dotnetcore-1.1.tests\bin\release\netcoreapp1.1\openkit-dotnetcore-1.1.tests.dll" id="54f3ad21-9640-4ee7-90e2-905cf728a68f"><Execution id="3c3eeb48-30cb-46cc-8272-48ea2a57877f" /><TestMethod codeBase="C:\workspaces\openkit-dotnet\tests\openkit-dotnetcore-1.1.Tests\bin\Release\netcoreapp1.1\openkit-dotnetcore-1.1.Tests.dll" adapterTypeName="executor://nunit3testexecutor/" className="Dynatrace.OpenKit.Protocol.StatusResponseTest" name="ParsingTooBigSendIntervalOverflows" /></UnitTest><UnitTest name="CapturingIsDisabledIfStatusResponseIsNull" storage="c:\workspaces\openkit-dotnet\tests\openkit-dotnetcore-1.1.tests\bin\release\netcoreapp1.1\openkit-dotnetcore-1.1.tests.dll" id="8426fdef-c5f7-4ae9-9700-9c0b22e3d974"><Execution id="aa67a43e-9bce-4371-b4c6-3391800bfc16" /><TestMethod codeBase="C:\workspaces\openkit-dotnet\tests\openkit-dotnetcore-1.1.Tests\bin\Release\netcoreapp1.1\openkit-dotnetcore-1.1.Tests.dll" adapterTypeName="executor://nunit3testexecutor/" className="Dynatrace.OpenKit.Core.Configuration.OpenKitConfigurationTest" name="CapturingIsDisabledIfStatusResponseIsNull" /></UnitTest><UnitTest name="StartingAnAlreadyAliveBeaconCacheEvictorDoesNothing" storage="c:\workspaces\openkit-dotnet\tests\openkit-dotnetcore-1.1.tests\bin\release\netcoreapp1.1\openkit-dotnetcore-1.1.tests.dll" id="c653ec4e-6bfc-45ed-96ac-96a08f0f7b13"><Execution id="f3a4764a-e5c0-473f-8f4e-84776eeaf9cb" /><TestMethod codeBase="C:\workspaces\openkit-dotnet\tests\openkit-dotnetcore-1.1.Tests\bin\Release\netcoreapp1.1\openkit-dotnetcore-1.1.Tests.dll" adapterTypeName="executor://nunit3testexecutor/" className="Dynatrace.OpenKit.Core.Caching.BeaconCacheEvictorTest" name="StartingAnAlreadyAliveBeaconCacheEvictorDoesNothing" /></UnitTest><UnitTest name="SessionNotReportedForDataCollectionLevel0" storage="c:\workspaces\openkit-dotnet\tests\openkit-dotnetcore-1.1.tests\bin\release\netcoreapp1.1\openkit-dotnetcore-1.1.tests.dll" id="f07792d6-2a14-4266-93d8-9521cdcac4d7"><Execution id="c4fa8609-8ffa-4d5b-917d-aaf0c0fbb8b3" /><TestMethod codeBase="C:\workspaces\openkit-dotnet\tests\openkit-dotnetcore-1.1.Tests\bin\Release\netcoreapp1.1\openkit-dotnetcore-1.1.Tests.dll" adapterTypeName="executor://nunit3testexecutor/" className="Dynatrace.OpenKit.Protocol.BeaconTest" name="SessionNotReportedForDataCollectionLevel0" /></UnitTest><UnitTest name="StateIsNotTerminal" storage="c:\workspaces\openkit-dotnet\tests\openkit-dotnetcore-1.1.tests\bin\release\netcoreapp1.1\openkit-dotnetcore-1.1.tests.dll" id="1b1546ff-a798-4f56-9281-003e69d1b2eb"><Execution id="1ed5806e-1d6a-4e67-b682-644a90a8c24c" /><TestMethod codeBase="C:\workspaces\openkit-dotnet\tests\openkit-dotnetcore-1.1.Tests\bin\Release\netcoreapp1.1\openkit-dotnetcore-1.1.Tests.dll" adapterTypeName="executor://nunit3testexecutor/" className="Dynatrace.OpenKit.Core.Communication.BeaconSendingCaptureOffStateTest" name="StateIsNotTerminal" /></UnitTest><UnitTest name="IsSuccessfulResponseReturnsTrueIfResponseIsNotErroneous" storage="c:\workspaces\openkit-dotnet\tests\openkit-dotnetcore-1.1.tests\bin\release\netcoreapp1.1\openkit-dotnetcore-1.1.tests.dll" id="b301e733-2ae6-4483-a5b5-6ffa4057a126"><Execution id="5f8dfae3-c8c5-4bd9-9358-37ccaa8f5410" /><TestMethod codeBase="C:\workspaces\openkit-dotnet\tests\openkit-dotnetcore-1.1.Tests\bin\Release\netcoreapp1.1\openkit-dotnetcore-1.1.Tests.dll" adapterTypeName="executor://nunit3testexecutor/" className="Dynatrace.OpenKit.Core.Communication.BeaconSendingResponseUtilTest" name="IsSuccessfulResponseReturnsTrueIfResponseIsNotErroneous" /></UnitTest><UnitTest name="DeleteCacheEntriesDoesNothingIfGivenBeaconIDIsNotInCache" storage="c:\workspaces\openkit-dotnet\tests\openkit-dotnetcore-1.1.tests\bin\release\netcoreapp1.1\openkit-dotnetcore-1.1.tests.dll" id="57aeeac4-584c-400d-8f16-68f950357f08"><Execution id="d329ef0c-2f0c-40b2-8e54-66b9da4c026b" /><TestMethod codeBase="C:\workspaces\openkit-dotnet\tests\openkit-dotnetcore-1.1.Tests\bin\Release\netcoreapp1.1\openkit-dotnetcore-1.1.Tests.dll" adapterTypeName="executor://nunit3testexecutor/" className="Dynatrace.OpenKit.Core.Caching.BeaconCacheTest" name="DeleteCacheEntriesDoesNothingIfGivenBeaconIDIsNotInCache" /></UnitTest><UnitTest name="IpV6AddressHexCompressedIsInvalidTwoCompressedBlocks" storage="c:\workspaces\openkit-dotnet\tests\openkit-dotnetcore-1.1.tests\bin\release\netcoreapp1.1\openkit-dotnetcore-1.1.tests.dll" id="6c97213c-e6cc-480b-9d2b-3b6d96adb640"><Execution id="26929f8e-3058-4d44-9d1d-05a302e5e93b" /><TestMethod codeBase="C:\workspaces\openkit-dotnet\tests\openkit-dotnetcore-1.1.Tests\bin\Release\netcoreapp1.1\openkit-dotnetcore-1.1.Tests.dll" adapterTypeName="executor://nunit3testexecutor/" className="Dynatrace.OpenKit.Core.Util.InetAddressValidatorTest" name="IpV6AddressHexCompressedIsInvalidTwoCompressedBlocks" /></UnitTest><UnitTest name="IpV6AddressIsValid" storage="c:\workspaces\openkit-dotnet\tests\openkit-dotnetcore-1.1.tests\bin\release\netcoreapp1.1\openkit-dotnetcore-1.1.tests.dll" id="619949ba-04b6-425d-8680-2307af5bb2bd"><Execution id="2ab93aca-96ca-493b-a4bf-86a5ea58c3ce" /><TestMethod codeBase="C:\workspaces\openkit-dotnet\tests\openkit-dotnetcore-1.1.Tests\bin\Release\netcoreapp1.1\openkit-dotnetcore-1.1.Tests.dll" adapterTypeName="executor://nunit3testexecutor/" className="Dynatrace.OpenKit.Core.Util.InetAddressValidatorTest" name="IpV6AddressIsValid" /></UnitTest><UnitTest name="DisableCaptureDisablesItInTheConfiguration" storage="c:\workspaces\openkit-dotnet\tests\openkit-dotnetcore-1.1.tests\bin\release\netcoreapp1.1\openkit-dotnetcore-1.1.tests.dll" id="af1c435a-234d-45b3-b13d-8cd329d5dcc1"><Execution id="f890cf7d-a27d-4911-814a-0df22ae18c5c" /><TestMethod codeBase="C:\workspaces\openkit-dotnet\tests\openkit-dotnetcore-1.1.Tests\bin\Release\netcoreapp1.1\openkit-dotnetcore-1.1.Tests.dll" adapterTypeName="executor://nunit3testexecutor/" className="Dynatrace.OpenKit.Core.Communication.BeaconSendingContextTest" name="DisableCaptureDisablesItInTheConfiguration" /></UnitTest><UnitTest name="CanSetCrashReportingLevelForDynatrace" storage="c:\workspaces\openkit-dotnet\tests\openkit-dotnetcore-1.1.tests\bin\release\netcoreapp1.1\openkit-dotnetcore-1.1.tests.dll" id="ea28e153-88f8-47c4-9355-e23bfc87d46a"><Execution id="3cb188f5-e68a-48b4-b4d0-36a0553888aa" /><TestMethod codeBase="C:\workspaces\openkit-dotnet\tests\openkit-dotnetcore-1.1.Tests\bin\Release\netcoreapp1.1\openkit-dotnetcore-1.1.Tests.dll" adapterTypeName="executor://nunit3testexecutor/" className="Dynatrace.OpenKit.OpenKitBuilderTest" name="CanSetCrashReportingLevelForDynatrace" /></UnitTest><UnitTest name="ReportIntValueDoesNothingIfValueNameIsNull" storage="c:\workspaces\openkit-dotnet\tests\openkit-dotnetcore-1.1.tests\bin\release\netcoreapp1.1\openkit-dotnetcore-1.1.tests.dll" id="c824c31a-2d53-4547-86c9-b9678bf6faa4"><Execution id="94a967ea-0c5a-4366-823a-bc45ea427ae9" /><TestMethod codeBase="C:\workspaces\openkit-dotnet\tests\openkit-dotnetcore-1.1.Tests\bin\Release\netcoreapp1.1\openkit-dotnetcore-1.1.Tests.dll" adapterTypeName="executor://nunit3testexecutor/" className="Dynatrace.OpenKit.Core.ActionTest" name="ReportIntValueDoesNothingIfValueNameIsNull" /></UnitTest><UnitTest name="ReportCrashDoesNothingIfErrorNameIsAnEmptyString" storage="c:\workspaces\openkit-dotnet\tests\openkit-dotnetcore-1.1.tests\bin\release\netcoreapp1.1\openkit-dotnetcore-1.1.tests.dll" id="03019725-1246-4cfc-9fb8-01b99e03ff0b"><Execution id="9d324adc-4681-4030-90ba-78191d50a0cb" /><TestMethod codeBase="C:\workspaces\openkit-dotnet\tests\openkit-dotnetcore-1.1.Tests\bin\Release\netcoreapp1.1\openkit-dotnetcore-1.1.Tests.dll" adapterTypeName="executor://nunit3testexecutor/" className="Dynatrace.OpenKit.Core.SessionTest" name="ReportCrashDoesNothingIfErrorNameIsAnEmptyString" /></UnitTest><UnitTest name="OpenSessionsAreSentIfSendIntervalIsExceeded" storage="c:\workspaces\openkit-dotnet\tests\openkit-dotnetcore-1.1.tests\bin\release\netcoreapp1.1\openkit-dotnetcore-1.1.tests.dll" id="5ffd73a1-f17c-434d-b1a5-d7b331817a93"><Execution id="76a16b70-c5b8-4286-8488-f2eb2e113b49" /><TestMethod codeBase="C:\workspaces\openkit-dotnet\tests\openkit-dotnetcore-1.1.Tests\bin\Release\netcoreapp1.1\openkit-dotnetcore-1.1.Tests.dll" adapterTypeName="executor://nunit3testexecutor/" className="Dynatrace.OpenKit.Core.Communication.BeaconSendingCaptureOnStateTest" name="OpenSessionsAreSentIfSendIntervalIsExceeded" /></UnitTest><UnitTest name="ShouldRunGivesFalseIfNumBytesInCacheIsEqualToUpperBoundLimit" storage="c:\workspaces\openkit-dotnet\tests\openkit-dotnetcore-1.1.tests\bin\release\netcoreapp1.1\openkit-dotnetcore-1.1.tests.dll" id="79d6b186-72bb-4221-bdf0-d8fc1ea67b44"><Execution id="3ce8c902-37fa-43f0-8c57-13d7e76708ee" /><TestMethod codeBase="C:\workspaces\openkit-dotnet\tests\openkit-dotnetcore-1.1.Tests\bin\Release\netcoreapp1.1\openkit-dotnetcore-1.1.Tests.dll" adapterTypeName="executor://nunit3testexecutor/" className="Dynatrace.OpenKit.Core.Caching.SpaceEvictionStrategyTest" name="ShouldRunGivesFalseIfNumBytesInCacheIsEqualToUpperBoundLimit" /></UnitTest><UnitTest name="IpV6AddressValid_RFCLeadingZeros" storage="c:\workspaces\openkit-dotnet\tests\openkit-dotnetcore-1.1.tests\bin\release\netcoreapp1.1\openkit-dotnetcore-1.1.tests.dll" id="d37e8bdd-fb0a-4efb-8738-ba1f3570f3b9"><Execution id="cacdfa6f-558e-4432-8265-d94d8f54e818" /><TestMethod codeBase="C:\workspaces\openkit-dotnet\tests\openkit-dotnetcore-1.1.Tests\bin\Release\netcoreapp1.1\openkit-dotnetcore-1.1.Tests.dll" adapterTypeName="executor://nunit3testexecutor/" className="Dynatrace.OpenKit.Core.Util.InetAddressValidatorTest" name="IpV6AddressValid_RFCLeadingZeros" /></UnitTest><UnitTest name="ParsingInvalidNumericValueForCaptureErrorsThrowsException" storage="c:\workspaces\openkit-dotnet\tests\openkit-dotnetcore-1.1.tests\bin\release\netcoreapp1.1\openkit-dotnetcore-1.1.tests.dll" id="87ee0d3d-07fc-4e0d-9f78-6036c53b3408"><Execution id="ffe6d878-64e3-4e84-bf39-6e0fb5a49ae4" /><TestMethod codeBase="C:\workspaces\openkit-dotnet\tests\openkit-dotnetcore-1.1.Tests\bin\Release\netcoreapp1.1\openkit-dotnetcore-1.1.Tests.dll" adapterTypeName="executor://nunit3testexecutor/" className="Dynatrace.OpenKit.Protocol.StatusResponseTest" name="ParsingInvalidNumericValueForCaptureErrorsThrowsException" /></UnitTest><UnitTest name="SendStatusRequestWorksIfResponseIsNull" storage="c:\workspaces\openkit-dotnet\tests\openkit-dotnetcore-1.1.tests\bin\release\netcoreapp1.1\openkit-dotnetcore-1.1.tests.dll" id="c87aa9f8-e269-4f06-9cd9-638ed8e7e6b8"><Execution id="f5011228-d6ba-4490-88fc-702c902828f2" /><TestMethod codeBase="C:\workspaces\openkit-dotnet\tests\openkit-dotnetcore-1.1.Tests\bin\Release\netcoreapp1.1\openkit-dotnetcore-1.1.Tests.dll" adapterTypeName="executor://nunit3testexecutor/" className="Dynatrace.OpenKit.Protocol.HTTPClientTest" name="SendStatusRequestWorksIfResponseIsNull" /></UnitTest><UnitTest name="ADefaultConstructedConfigurationEnablesCapturing" storage="c:\workspaces\openkit-dotnet\tests\openkit-dotnetcore-1.1.tests\bin\release\netcoreapp1.1\openkit-dotnetcore-1.1.tests.dll" id="d6990cb9-a3ad-494d-b461-dec36a1ae2b1"><Execution id="b0e051c6-aea2-45bf-b21c-f0225f4e7184" /><TestMethod codeBase="C:\workspaces\openkit-dotnet\tests\openkit-dotnetcore-1.1.Tests\bin\Release\netcoreapp1.1\openkit-dotnetcore-1.1.Tests.dll" adapterTypeName="executor://nunit3testexecutor/" className="Dynatrace.OpenKit.Core.Configuration.OpenKitConfigurationTest" name="ADefaultConstructedConfigurationEnablesCapturing" /></UnitTest><UnitTest name="TwoInstancesAreNotEqualIfDataDiffers" storage="c:\workspaces\openkit-dotnet\tests\openkit-dotnetcore-1.1.tests\bin\release\netcoreapp1.1\openkit-dotnetcore-1.1.tests.dll" id="c0106984-4e89-4a7d-933d-290dc41a936a"><Execution id="db922494-6a46-47bc-a679-9401c256024b" /><TestMethod codeBase="C:\workspaces\openkit-dotnet\tests\openkit-dotnetcore-1.1.Tests\bin\Release\netcoreapp1.1\openkit-dotnetcore-1.1.Tests.dll" adapterTypeName="executor://nunit3testexecutor/" className="Dynatrace.OpenKit.Core.Caching.BeaconCacheRecordTest" name="TwoInstancesAreNotEqualIfDataDiffers" /></UnitTest><UnitTest name="CanConvertToClusterTime" storage="c:\workspaces\openkit-dotnet\tests\openkit-dotnetcore-1.1.tests\bin\release\netcoreapp1.1\openkit-dotnetcore-1.1.tests.dll" id="2b2d681c-6e24-4c1f-9ab6-4b16a2f20556"><Execution id="9a639a57-3848-45bc-84e6-fbaec1259b92" /><TestMethod codeBase="C:\workspaces\openkit-dotnet\tests\openkit-dotnetcore-1.1.Tests\bin\Release\netcoreapp1.1\openkit-dotnetcore-1.1.Tests.dll" adapterTypeName="executor://nunit3testexecutor/" className="Dynatrace.OpenKit.Providers.DefaultTimingProviderTest" name="CanConvertToClusterTime" /></UnitTest><UnitTest name="PassingNullResponseStringDoesNotThrow" storage="c:\workspaces\openkit-dotnet\tests\openkit-dotnetcore-1.1.tests\bin\release\netcoreapp1.1\openkit-dotnetcore-1.1.tests.dll" id="adcbfa88-f8f7-4d36-974a-8bed76581dc1"><Execution id="ba0672d4-ded4-4e83-8831-da0a8ceaa735" /><TestMethod codeBase="C:\workspaces\openkit-dotnet\tests\openkit-dotnetcore-1.1.Tests\bin\Release\netcoreapp1.1\openkit-dotnetcore-1.1.Tests.dll" adapterTypeName="executor://nunit3testexecutor/" className="Dynatrace.OpenKit.Protocol.StatusResponseTest" name="PassingNullResponseStringDoesNotThrow" /></UnitTest><UnitTest name="RemoveDataMarkedForSendingReturnsIfDataHasNotBeenCopied" storage="c:\workspaces\openkit-dotnet\tests\openkit-dotnetcore-1.1.tests\bin\release\netcoreapp1.1\openkit-dotnetcore-1.1.tests.dll" id="31017acb-6b37-4363-98df-fe7719288593"><Execution id="f982b1a0-3dea-48c1-beb8-06ad36c97d7b" /><TestMethod codeBase="C:\workspaces\openkit-dotnet\tests\openkit-dotnetcore-1.1.Tests\bin\Release\netcoreapp1.1\openkit-dotnetcore-1.1.Tests.dll" adapterTypeName="executor://nunit3testexecutor/" className="Dynatrace.OpenKit.Core.Caching.BeaconCacheEntryTest" name="RemoveDataMarkedForSendingReturnsIfDataHasNotBeenCopied" /></UnitTest><UnitTest name="EvictRecordsByNumber" storage="c:\workspaces\openkit-dotnet\tests\openkit-dotnetcore-1.1.tests\bin\release\netcoreapp1.1\openkit-dotnetcore-1.1.tests.dll" id="d71e0483-0aaf-40a6-920e-a3301ea2b027"><Execution id="e39ea691-f8f8-4763-94e2-ce9a3d3bd47d" /><TestMethod codeBase="C:\workspaces\openkit-dotnet\tests\openkit-dotnetcore-1.1.Tests\bin\Release\netcoreapp1.1\openkit-dotnetcore-1.1.Tests.dll" adapterTypeName="executor://nunit3testexecutor/" className="Dynatrace.OpenKit.Core.Caching.BeaconCacheTest" name="EvictRecordsByNumber" /></UnitTest><UnitTest name="ResetChunkedRestoresCacheSize" storage="c:\workspaces\openkit-dotnet\tests\openkit-dotnetcore-1.1.tests\bin\release\netcoreapp1.1\openkit-dotnetcore-1.1.tests.dll" id="c74e879a-1bba-40ef-88d1-f0a3add7aa53"><Execution id="2c8d0394-9d8d-4dd1-a2f5-88cc66336d0c" /><TestMethod codeBase="C:\workspaces\openkit-dotnet\tests\openkit-dotnetcore-1.1.Tests\bin\Release\netcoreapp1.1\openkit-dotnetcore-1.1.Tests.dll" adapterTypeName="executor://nunit3testexecutor/" className="Dynatrace.OpenKit.Core.Caching.BeaconCacheTest" name="ResetChunkedRestoresCacheSize" /></UnitTest><UnitTest name="ReportEventDoesNothingIfActionIsLeft" storage="c:\workspaces\openkit-dotnet\tests\openkit-dotnetcore-1.1.tests\bin\release\netcoreapp1.1\openkit-dotnetcore-1.1.tests.dll" id="b8d6dd62-f326-47a3-b400-936afd968b9a"><Execution id="bcbf9415-4014-440e-8a0f-5746b3d62f20" /><TestMethod codeBase="C:\workspaces\openkit-dotnet\tests\openkit-dotnetcore-1.1.Tests\bin\Release\netcoreapp1.1\openkit-dotnetcore-1.1.Tests.dll" adapterTypeName="executor://nunit3testexecutor/" className="Dynatrace.OpenKit.Core.ActionTest" name="ReportEventDoesNothingIfActionIsLeft" /></UnitTest><UnitTest name="NeedsDataCopyBeforeChunkingGivesTrueBeforeDataIsCopied" storage="c:\workspaces\openkit-dotnet\tests\openkit-dotnetcore-1.1.tests\bin\release\netcoreapp1.1\openkit-dotnetcore-1.1.tests.dll" id="e2bac2db-119d-44ec-b604-b713d7115125"><Execution id="1f78b570-7b67-4a54-aa5b-90588c897d54" /><TestMethod codeBase="C:\workspaces\openkit-dotnet\tests\openkit-dotnetcore-1.1.Tests\bin\Release\netcoreapp1.1\openkit-dotnetcore-1.1.Tests.dll" adapterTypeName="executor://nunit3testexecutor/" className="Dynatrace.OpenKit.Core.Caching.BeaconCacheEntryTest" name="NeedsDataCopyBeforeChunkingGivesTrueBeforeDataIsCopied" /></UnitTest><UnitTest name="ReportDoubleValueDoesNothingIfValueNameIsNull" storage="c:\workspaces\openkit-dotnet\tests\openkit-dotnetcore-1.1.tests\bin\release\netcoreapp1.1\openkit-dotnetcore-1.1.tests.dll" id="6a10035a-2728-4593-b25a-7a19d62b184b"><Execution id="0f1a2078-5483-4a42-91c4-645bd7dd1839" /><TestMethod codeBase="C:\workspaces\openkit-dotnet\tests\openkit-dotnetcore-1.1.Tests\bin\Release\netcoreapp1.1\openkit-dotnetcore-1.1.Tests.dll" adapterTypeName="executor://nunit3testexecutor/" className="Dynatrace.OpenKit.Core.ActionTest" name="ReportDoubleValueDoesNothingIfValueNameIsNull" /></UnitTest><UnitTest name="TraceWebRequestGivesNullWebRequestTracerIfUrlIsAnEmptyString" storage="c:\workspaces\openkit-dotnet\tests\openkit-dotnetcore-1.1.tests\bin\release\netcoreapp1.1\openkit-dotnetcore-1.1.tests.dll" id="759fd311-a83b-40fc-a194-a1f6607059ea"><Execution id="5bf74fd2-599b-4ace-8ccf-dda9a0da6365" /><TestMethod codeBase="C:\workspaces\openkit-dotnet\tests\openkit-dotnetcore-1.1.Tests\bin\Release\netcoreapp1.1\openkit-dotnetcore-1.1.Tests.dll" adapterTypeName="executor://nunit3testexecutor/" className="Dynatrace.OpenKit.Core.ActionTest" name="TraceWebRequestGivesNullWebRequestTracerIfUrlIsAnEmptyString" /></UnitTest><UnitTest name="StoppingAnAliveBeaconCacheEvictor" storage="c:\workspaces\openkit-dotnet\tests\openkit-dotnetcore-1.1.tests\bin\release\netcoreapp1.1\openkit-dotnetcore-1.1.tests.dll" id="84f84dbc-c792-4c83-83fd-7a45fb766a01"><Execution id="c8af19c8-c560-4bfd-9c9a-7c24eb32e5cc" /><TestMethod codeBase="C:\workspaces\openkit-dotnet\tests\openkit-dotnetcore-1.1.Tests\bin\Release\netcoreapp1.1\openkit-dotnetcore-1.1.Tests.dll" adapterTypeName="executor://nunit3testexecutor/" className="Dynatrace.OpenKit.Core.Caching.BeaconCacheEvictorTest" name="StoppingAnAliveBeaconCacheEvictor" /></UnitTest><UnitTest name="ReportCrashDoesNotReportOnDataCollectionLevel0" storage="c:\workspaces\openkit-dotnet\tests\openkit-dotnetcore-1.1.tests\bin\release\netcoreapp1.1\openkit-dotnetcore-1.1.tests.dll" id="e1193926-2eeb-4dc2-9358-458f3208e08b"><Execution id="03b38f59-f746-41d9-bad4-467a4fba03a0" /><TestMethod codeBase="C:\workspaces\openkit-dotnet\tests\openkit-dotnetcore-1.1.Tests\bin\Release\netcoreapp1.1\openkit-dotnetcore-1.1.Tests.dll" adapterTypeName="executor://nunit3testexecutor/" className="Dynatrace.OpenKit.Protocol.BeaconTest" name="ReportCrashDoesNotReportOnDataCollectionLevel0" /></UnitTest><UnitTest name="PassingEmptyResponseStringDoesNotThrow" storage="c:\workspaces\openkit-dotnet\tests\openkit-dotnetcore-1.1.tests\bin\release\netcoreapp1.1\openkit-dotnetcore-1.1.tests.dll" id="4ad5de71-f887-49cb-9375-b199d4509a9b"><Execution id="bcf861fc-4f0c-41de-9140-b9995cbc1b82" /><TestMethod codeBase="C:\workspaces\openkit-dotnet\tests\openkit-dotnetcore-1.1.Tests\bin\Release\netcoreapp1.1\openkit-dotnetcore-1.1.Tests.dll" adapterTypeName="executor://nunit3testexecutor/" className="Dynatrace.OpenKit.Protocol.StatusResponseTest" name="PassingEmptyResponseStringDoesNotThrow" /></UnitTest><UnitTest name="TwoInstancesAreEqualIfFieldsAreEqual" storage="c:\workspaces\openkit-dotnet\tests\openkit-dotnetcore-1.1.tests\bin\release\netcoreapp1.1\openkit-dotnetcore-1.1.tests.dll" id="bae60b3f-f091-4a32-8b40-cee17b4fe603"><Execution id="88f3bda8-8101-4055-ae10-3b5eb7e38b6c" /><TestMethod codeBase="C:\workspaces\openkit-dotnet\tests\openkit-dotnetcore-1.1.Tests\bin\Release\netcoreapp1.1\openkit-dotnetcore-1.1.Tests.dll" adapterTypeName="executor://nunit3testexecutor/" className="Dynatrace.OpenKit.Core.Caching.BeaconCacheRecordTest" name="TwoInstancesAreEqualIfFieldsAreEqual" /></UnitTest><UnitTest name="SetBytesReceivedDoesNotSetAnythingIfStopped" storage="c:\workspaces\openkit-dotnet\tests\openkit-dotnetcore-1.1.tests\bin\release\netcoreapp1.1\openkit-dotnetcore-1.1.tests.dll" id="9d68363b-f947-417b-9bc7-44d861d0c080"><Execution id="9ab7812c-5b78-42e9-8371-98eea47d1551" /><TestMethod codeBase="C:\workspaces\openkit-dotnet\tests\openkit-dotnetcore-1.1.Tests\bin\Release\netcoreapp1.1\openkit-dotnetcore-1.1.Tests.dll" adapterTypeName="executor://nunit3testexecutor/" className="Dynatrace.OpenKit.Core.WebRequestTracerBaseTest" name="SetBytesReceivedDoesNotSetAnythingIfStopped" /></UnitTest><UnitTest name="WaitForInitWhenTimeoutExpires" storage="c:\workspaces\openkit-dotnet\tests\openkit-dotnetcore-1.1.tests\bin\release\netcoreapp1.1\openkit-dotnetcore-1.1.tests.dll" id="90b01b58-fdeb-482b-bba2-f9c7f3dfc000"><Execution id="7d6f0398-fc5f-4348-b388-4e9a61cdd42e" /><TestMethod codeBase="C:\workspaces\openkit-dotnet\tests\openkit-dotnetcore-1.1.Tests\bin\Release\netcoreapp1.1\openkit-dotnetcore-1.1.Tests.dll" adapterTypeName="executor://nunit3testexecutor/" className="Dynatrace.OpenKit.Core.Communication.BeaconSendingContextTest" name="WaitForInitWhenTimeoutExpires" /></UnitTest><UnitTest name="SetBytesSentSetsTheNumberOfSentBytes" storage="c:\workspaces\openkit-dotnet\tests\openkit-dotnetcore-1.1.tests\bin\release\netcoreapp1.1\openkit-dotnetcore-1.1.tests.dll" id="074b5082-6f3c-49d3-b168-19c34a9f95a9"><Execution id="2924229d-d89d-4af7-83a6-fcc624ea85df" /><TestMethod codeBase="C:\workspaces\openkit-dotnet\tests\openkit-dotnetcore-1.1.Tests\bin\Release\netcoreapp1.1\openkit-dotnetcore-1.1.Tests.dll" adapterTypeName="executor://nunit3testexecutor/" className="Dynatrace.OpenKit.Core.WebRequestTracerBaseTest" name="SetBytesSentSetsTheNumberOfSentBytes" /></UnitTest><UnitTest name="InitializeTimeSyncDelegatesToTimingProvider" storage="c:\workspaces\openkit-dotnet\tests\openkit-dotnetcore-1.1.tests\bin\release\netcoreapp1.1\openkit-dotnetcore-1.1.tests.dll" id="e6aedadd-287e-4dbf-8f71-dfcee07c39b6"><Execution id="9e0dfc3f-da6d-461a-80e9-78c517b4830c" /><TestMethod codeBase="C:\workspaces\openkit-dotnet\tests\openkit-dotnetcore-1.1.Tests\bin\Release\netcoreapp1.1\openkit-dotnetcore-1.1.Tests.dll" adapterTypeName="executor://nunit3testexecutor/" className="Dynatrace.OpenKit.Core.Communication.BeaconSendingContextTest" name="InitializeTimeSyncDelegatesToTimingProvider" /></UnitTest><UnitTest name="NamedEventReportedForDataCollectionLevel2" storage="c:\workspaces\openkit-dotnet\tests\openkit-dotnetcore-1.1.tests\bin\release\netcoreapp1.1\openkit-dotnetcore-1.1.tests.dll" id="f27dd547-0b30-4c35-9ccf-e448c24a9b82"><Execution id="274bf156-555d-437f-8905-616d2568d049" /><TestMethod codeBase="C:\workspaces\openkit-dotnet\tests\openkit-dotnetcore-1.1.Tests\bin\Release\netcoreapp1.1\openkit-dotnetcore-1.1.Tests.dll" adapterTypeName="executor://nunit3testexecutor/" className="Dynatrace.OpenKit.Protocol.BeaconTest" name="NamedEventReportedForDataCollectionLevel2" /></UnitTest><UnitTest name="CanSetDataCollectionLevelForAppMon" storage="c:\workspaces\openkit-dotnet\tests\openkit-dotnetcore-1.1.tests\bin\release\netcoreapp1.1\openkit-dotnetcore-1.1.tests.dll" id="1b05de67-a21e-4991-ab0d-7037f44cb55b"><Execution id="a2d1a733-8960-425f-8681-5afb631013ef" /><TestMethod codeBase="C:\workspaces\openkit-dotnet\tests\openkit-dotnetcore-1.1.Tests\bin\Release\netcoreapp1.1\openkit-dotnetcore-1.1.Tests.dll" adapterTypeName="executor://nunit3testexecutor/" className="Dynatrace.OpenKit.OpenKitBuilderTest" name="CanSetDataCollectionLevelForAppMon" /></UnitTest><UnitTest name="CanSetCustomMaxBeaconRecordAgeForAppMon" storage="c:\workspaces\openkit-dotnet\tests\openkit-dotnetcore-1.1.tests\bin\release\netcoreapp1.1\openkit-dotnetcore-1.1.tests.dll" id="d7befb26-efd0-4444-b3c3-869c3fea8423"><Execution id="47e21c3f-5e83-4871-822e-f2cad24e0774" /><TestMethod codeBase="C:\workspaces\openkit-dotnet\tests\openkit-dotnetcore-1.1.Tests\bin\Release\netcoreapp1.1\openkit-dotnetcore-1.1.Tests.dll" adapterTypeName="executor://nunit3testexecutor/" className="Dynatrace.OpenKit.OpenKitBuilderTest" name="CanSetCustomMaxBeaconRecordAgeForAppMon" /></UnitTest><UnitTest name="IdentifyUserDoesNotReportOnDataCollectionLevel1" storage="c:\workspaces\openkit-dotnet\tests\openkit-dotnetcore-1.1.tests\bin\release\netcoreapp1.1\openkit-dotnetcore-1.1.tests.dll" id="13735ae7-e9aa-4728-9b01-23d94ace8388"><Execution id="85f39054-d9b0-433b-9414-5494d5e59e46" /><TestMethod codeBase="C:\workspaces\openkit-dotnet\tests\openkit-dotnetcore-1.1.Tests\bin\Release\netcoreapp1.1\openkit-dotnetcore-1.1.Tests.dll" adapterTypeName="executor://nunit3testexecutor/" className="Dynatrace.OpenKit.Protocol.BeaconTest" name="IdentifyUserDoesNotReportOnDataCollectionLevel1" /></UnitTest><UnitTest name="ParsingMonitorNames" storage="c:\workspaces\openkit-dotnet\tests\openkit-dotnetcore-1.1.tests\bin\release\netcoreapp1.1\openkit-dotnetcore-1.1.tests.dll" id="d2292c4f-032f-40e3-8672-89e7f036eeda"><Execution id="592a7744-3cec-4724-936a-bb46dde21167" /><TestMethod codeBase="C:\workspaces\openkit-dotnet\tests\openkit-dotnetcore-1.1.Tests\bin\Release\netcoreapp1.1\openkit-dotnetcore-1.1.Tests.dll" adapterTypeName="executor://nunit3testexecutor/" className="Dynatrace.OpenKit.Protocol.StatusResponseTest" name="ParsingMonitorNames" /></UnitTest><UnitTest name="ShutdownStateIsFlushState" storage="c:\workspaces\openkit-dotnet\tests\openkit-dotnetcore-1.1.tests\bin\release\netcoreapp1.1\openkit-dotnetcore-1.1.tests.dll" id="51b64cec-d59d-4738-bcc8-058c0fd20614"><Execution id="6e859f0d-cd6b-485b-a06c-8ad95d001a35" /><TestMethod codeBase="C:\workspaces\openkit-dotnet\tests\openkit-dotnetcore-1.1.Tests\bin\Release\netcoreapp1.1\openkit-dotnetcore-1.1.Tests.dll" adapterTypeName="executor://nunit3testexecutor/" className="Dynatrace.OpenKit.Core.Communication.BeaconSendingCaptureOffStateTest" name="ShutdownStateIsFlushState" /></UnitTest><UnitTest name="EndCallsWrappedSession" storage="c:\workspaces\openkit-dotnet\tests\openkit-dotnetcore-1.1.tests\bin\release\netcoreapp1.1\openkit-dotnetcore-1.1.tests.dll" id="f770612a-f219-4411-9414-f37b2c477e41"><Execution id="289264d2-9395-4fad-a4d2-83be417fa853" /><TestMethod codeBase="C:\workspaces\openkit-dotnet\tests\openkit-dotnetcore-1.1.Tests\bin\Release\netcoreapp1.1\openkit-dotnetcore-1.1.Tests.dll" adapterTypeName="executor://nunit3testexecutor/" className="Dynatrace.OpenKit.Core.Communication.SessionWrapperTest" name="EndCallsWrappedSession" /></UnitTest><UnitTest name="IpV6AddressHexCompressedIsInvalidFirstBlockMissing" storage="c:\workspaces\openkit-dotnet\tests\openkit-dotnetcore-1.1.tests\bin\release\netcoreapp1.1\openkit-dotnetcore-1.1.tests.dll" id="c1152c45-d552-4fdc-8b61-1f1733856e0f"><Execution id="11092826-4485-4fd2-b5f3-9fe5dc5834ed" /><TestMethod codeBase="C:\workspaces\openkit-dotnet\tests\openkit-dotnetcore-1.1.Tests\bin\Release\netcoreapp1.1\openkit-dotnetcore-1.1.Tests.dll" adapterTypeName="executor://nunit3testexecutor/" className="Dynatrace.OpenKit.Core.Util.InetAddressValidatorTest" name="IpV6AddressHexCompressedIsInvalidFirstBlockMissing" /></UnitTest><UnitTest name="CanSetApplicationVersionForDynatrace" storage="c:\workspaces\openkit-dotnet\tests\openkit-dotnetcore-1.1.tests\bin\release\netcoreapp1.1\openkit-dotnetcore-1.1.tests.dll" id="6a6059ea-da10-4ffd-bfc3-b22e5ba6735f"><Execution id="a5d5c2f6-679b-4449-a1a5-c395ea1e6092" /><TestMethod codeBase="C:\workspaces\openkit-dotnet\tests\openkit-dotnetcore-1.1.Tests\bin\Release\netcoreapp1.1\openkit-dotnetcore-1.1.Tests.dll" adapterTypeName="executor://nunit3testexecutor/" className="Dynatrace.OpenKit.OpenKitBuilderTest" name="CanSetApplicationVersionForDynatrace" /></UnitTest><UnitTest name="WhenBeaconConfigurationIsSetSendingIsDisallowedIfMultiplicityIsZero" storage="c:\workspaces\openkit-dotnet\tests\openkit-dotnetcore-1.1.tests\bin\release\netcoreapp1.1\openkit-dotnetcore-1.1.tests.dll" id="7926e7b3-4f89-4b56-9410-d6ed0d75c943"><Execution id="b2ad9fa2-f375-4025-83a7-46b02432efb5" /><TestMethod codeBase="C:\workspaces\openkit-dotnet\tests\openkit-dotnetcore-1.1.Tests\bin\Release\netcoreapp1.1\openkit-dotnetcore-1.1.Tests.dll" adapterTypeName="executor://nunit3testexecutor/" className="Dynatrace.OpenKit.Core.Communication.SessionWrapperTest" name="WhenBeaconConfigurationIsSetSendingIsDisallowedIfMultiplicityIsZero" /></UnitTest><UnitTest name="AddingEventData" storage="c:\workspaces\openkit-dotnet\tests\openkit-dotnetcore-1.1.tests\bin\release\netcoreapp1.1\openkit-dotnetcore-1.1.tests.dll" id="959b1cd4-cb79-4e12-be85-4b13ff646d85"><Execution id="a9e6b9c0-9d28-46a9-82c9-642113e8daf9" /><TestMethod codeBase="C:\workspaces\openkit-dotnet\tests\openkit-dotnetcore-1.1.Tests\bin\Release\netcoreapp1.1\openkit-dotnetcore-1.1.Tests.dll" adapterTypeName="executor://nunit3testexecutor/" className="Dynatrace.OpenKit.Core.Caching.BeaconCacheEntryTest" name="AddingEventData" /></UnitTest><UnitTest name="StopCanOnlyBeExecutedOnce" storage="c:\workspaces\openkit-dotnet\tests\openkit-dotnetcore-1.1.tests\bin\release\netcoreapp1.1\openkit-dotnetcore-1.1.tests.dll" id="505532d5-d6b8-42bc-8b9f-d0a8ce458c32"><Execution id="cfe3965f-4fc1-46a5-8869-010c173e3cac" /><TestMethod codeBase="C:\workspaces\openkit-dotnet\tests\openkit-dotnetcore-1.1.Tests\bin\Release\netcoreapp1.1\openkit-dotnetcore-1.1.Tests.dll" adapterTypeName="executor://nunit3testexecutor/" className="Dynatrace.OpenKit.Core.WebRequestTracerBaseTest" name="StopCanOnlyBeExecutedOnce" /></UnitTest><UnitTest name="SendTimeSyncRequestSendsOneHTTPGetRequest" storage="c:\workspaces\openkit-dotnet\tests\openkit-dotnetcore-1.1.tests\bin\release\netcoreapp1.1\openkit-dotnetcore-1.1.tests.dll" id="6ee6691e-e141-40f7-81d6-468c373e5e6e"><Execution id="6caaf294-c034-4a5d-a197-7fc4e885c85f" /><TestMethod codeBase="C:\workspaces\openkit-dotnet\tests\openkit-dotnetcore-1.1.Tests\bin\Release\netcoreapp1.1\openkit-dotnetcore-1.1.Tests.dll" adapterTypeName="executor://nunit3testexecutor/" className="Dynatrace.OpenKit.Protocol.HTTPClientTest" name="SendTimeSyncRequestSendsOneHTTPGetRequest" /></UnitTest><UnitTest name="OddNumberOfTokensThrowsException" storage="c:\workspaces\openkit-dotnet\tests\openkit-dotnetcore-1.1.tests\bin\release\netcoreapp1.1\openkit-dotnetcore-1.1.tests.dll" id="7231db22-71f9-4719-b8dc-e2a1a008c20b"><Execution id="50f8a4a2-33f7-4382-ae81-43005f959142" /><TestMethod codeBase="C:\workspaces\openkit-dotnet\tests\openkit-dotnetcore-1.1.Tests\bin\Release\netcoreapp1.1\openkit-dotnetcore-1.1.Tests.dll" adapterTypeName="executor://nunit3testexecutor/" className="Dynatrace.OpenKit.Protocol.StatusResponseTest" name="OddNumberOfTokensThrowsException" /></UnitTest><UnitTest name="ANewlyCreatedActionIsNotLeft" storage="c:\workspaces\openkit-dotnet\tests\openkit-dotnetcore-1.1.tests\bin\release\netcoreapp1.1\openkit-dotnetcore-1.1.tests.dll" id="3abaf462-0248-4237-b363-f7fd6b7be4f8"><Execution id="ba8f0e54-7179-4d4d-95c5-dcc1e6eebd20" /><TestMethod codeBase="C:\workspaces\openkit-dotnet\tests\openkit-dotnetcore-1.1.Tests\bin\Release\netcoreapp1.1\openkit-dotnetcore-1.1.Tests.dll" adapterTypeName="executor://nunit3testexecutor/" className="Dynatrace.OpenKit.Core.ActionTest" name="ANewlyCreatedActionIsNotLeft" /></UnitTest><UnitTest name="RemoveOldestRecordsComparesTopActionAndEventDataAndRemovesOldest" storage="c:\workspaces\openkit-dotnet\tests\openkit-dotnetcore-1.1.tests\bin\release\netcoreapp1.1\openkit-dotnetcore-1.1.tests.dll" id="1090aa45-9871-441f-a241-246d23ae4e74"><Execution id="68bc08ea-406e-46b4-a30e-fe7c71851d7f" /><TestMethod codeBase="C:\workspaces\openkit-dotnet\tests\openkit-dotnetcore-1.1.Tests\bin\Release\netcoreapp1.1\openkit-dotnetcore-1.1.Tests.dll" adapterTypeName="executor://nunit3testexecutor/" className="Dynatrace.OpenKit.Core.Caching.BeaconCacheEntryTest" name="RemoveOldestRecordsComparesTopActionAndEventDataAndRemovesOldest" /></UnitTest><UnitTest name="ExecuteEvictionLogsAMessageOnceAndReturnsIfStrategyIsDisabled" storage="c:\workspaces\openkit-dotnet\tests\openkit-dotnetcore-1.1.tests\bin\release\netcoreapp1.1\openkit-dotnetcore-1.1.tests.dll" id="f1355194-88a5-4c46-aeb9-bf391a451e99"><Execution id="3ad635ad-d88c-4219-86d6-beff83d21cff" /><TestMethod codeBase="C:\workspaces\openkit-dotnet\tests\openkit-dotnetcore-1.1.Tests\bin\Release\netcoreapp1.1\openkit-dotnetcore-1.1.Tests.dll" adapterTypeName="executor://nunit3testexecutor/" className="Dynatrace.OpenKit.Core.Caching.TimeEvicitionStrategyTest" name="ExecuteEvictionLogsAMessageOnceAndReturnsIfStrategyIsDisabled" /></UnitTest><UnitTest name="TransitionToTimeSyncIsPerformedIfNotDoneYet" storage="c:\workspaces\openkit-dotnet\tests\openkit-dotnetcore-1.1.tests\bin\release\netcoreapp1.1\openkit-dotnetcore-1.1.tests.dll" id="3c5e991a-afda-4b16-909b-522453613bbf"><Execution id="87d6df71-4098-4e23-9cfa-7bd7d64a79df" /><TestMethod codeBase="C:\workspaces\openkit-dotnet\tests\openkit-dotnetcore-1.1.Tests\bin\Release\netcoreapp1.1\openkit-dotnetcore-1.1.Tests.dll" adapterTypeName="executor://nunit3testexecutor/" className="Dynatrace.OpenKit.Core.Communication.BeaconSendingCaptureOffStateTest" name="TransitionToTimeSyncIsPerformedIfNotDoneYet" /></UnitTest><UnitTest name="ReportCrashDoesNotReportOnDataCollectionLevel1" storage="c:\workspaces\openkit-dotnet\tests\openkit-dotnetcore-1.1.tests\bin\release\netcoreapp1.1\openkit-dotnetcore-1.1.tests.dll" id="f3f5a504-89f8-4ccf-a53a-8b5f06ea2a20"><Execution id="8cbf3fed-0556-498a-89dd-3d67e92334aa" /><TestMethod codeBase="C:\workspaces\openkit-dotnet\tests\openkit-dotnetcore-1.1.Tests\bin\Release\netcoreapp1.1\openkit-dotnetcore-1.1.Tests.dll" adapterTypeName="executor://nunit3testexecutor/" className="Dynatrace.OpenKit.Protocol.BeaconTest" name="ReportCrashDoesNotReportOnDataCollectionLevel1" /></UnitTest><UnitTest name="IpV4AddressIsValid" storage="c:\workspaces\openkit-dotnet\tests\openkit-dotnetcore-1.1.tests\bin\release\netcoreapp1.1\openkit-dotnetcore-1.1.tests.dll" id="b37d2770-e090-4d40-9b5e-fd70ebbab611"><Execution id="78907a4a-e2b1-4dbe-8abb-24be51d82ce8" /><TestMethod codeBase="C:\workspaces\openkit-dotnet\tests\openkit-dotnetcore-1.1.Tests\bin\Release\netcoreapp1.1\openkit-dotnetcore-1.1.Tests.dll" adapterTypeName="executor://nunit3testexecutor/" className="Dynatrace.OpenKit.Core.Util.InetAddressValidatorTest" name="IpV4AddressIsValid" /></UnitTest><UnitTest name="StatusRequestIsRetried" storage="c:\workspaces\openkit-dotnet\tests\openkit-dotnetcore-1.1.tests\bin\release\netcoreapp1.1\openkit-dotnetcore-1.1.tests.dll" id="29a25e08-d125-406c-a761-979825e1027c"><Execution id="1db9ec7c-07cc-448f-b712-477866dec687" /><TestMethod codeBase="C:\workspaces\openkit-dotnet\tests\openkit-dotnetcore-1.1.Tests\bin\Release\netcoreapp1.1\openkit-dotnetcore-1.1.Tests.dll" adapterTypeName="executor://nunit3testexecutor/" className="Dynatrace.OpenKit.Core.Communication.BeaconSendingCaptureOffStateTest" name="StatusRequestIsRetried" /></UnitTest><UnitTest name="CacheSizeUpperBound" storage="c:\workspaces\openkit-dotnet\tests\openkit-dotnetcore-1.1.tests\bin\release\netcoreapp1.1\openkit-dotnetcore-1.1.tests.dll" id="47a2e65d-784d-4e2d-b3a5-cae2c9851626"><Execution id="15620d46-49d0-4b65-9dd1-a28370e7645b" /><TestMethod codeBase="C:\workspaces\openkit-dotnet\tests\openkit-dotnetcore-1.1.Tests\bin\Release\netcoreapp1.1\openkit-dotnetcore-1.1.Tests.dll" adapterTypeName="executor://nunit3testexecutor/" className="Dynatrace.OpenKit.Core.Configuration.BeaconCacheConfigurationTest" name="CacheSizeUpperBound" /></UnitTest><UnitTest name="TimeSyncIsSupportedByDefault" storage="c:\workspaces\openkit-dotnet\tests\openkit-dotnetcore-1.1.tests\bin\release\netcoreapp1.1\openkit-dotnetcore-1.1.tests.dll" id="b7dc6dc1-b654-4256-a522-9ade1a2306f7"><Execution id="f18dc5d9-3135-436b-8976-696d465c6f98" /><TestMethod codeBase="C:\workspaces\openkit-dotnet\tests\openkit-dotnetcore-1.1.Tests\bin\Release\netcoreapp1.1\openkit-dotnetcore-1.1.Tests.dll" adapterTypeName="executor://nunit3testexecutor/" className="Dynatrace.OpenKit.Providers.DefaultTimingProviderTest" name="TimeSyncIsSupportedByDefault" /></UnitTest><UnitTest name="TimeSyncRequestsAreInterruptedAfterUnsuccessfulRetriesWithNullResponse" storage="c:\workspaces\openkit-dotnet\tests\openkit-dotnetcore-1.1.tests\bin\release\netcoreapp1.1\openkit-dotnetcore-1.1.tests.dll" id="284a7abf-7b24-445a-a384-22cd7287f511"><Execution id="8e9145c0-fa42-4a55-aeef-9f1d78f38c55" /><TestMethod codeBase="C:\workspaces\openkit-dotnet\tests\openkit-dotnetcore-1.1.Tests\bin\Release\netcoreapp1.1\openkit-dotnetcore-1.1.Tests.dll" adapterTypeName="executor://nunit3testexecutor/" className="Dynatrace.OpenKit.Core.Communication.BeaconSendingTimeSyncStateTest" name="TimeSyncRequestsAreInterruptedAfterUnsuccessfulRetriesWithNullResponse" /></UnitTest><UnitTest name="RemoveOldestRecordsRemovesNothingIfEntryIsEmpty" storage="c:\workspaces\openkit-dotnet\tests\openkit-dotnetcore-1.1.tests\bin\release\netcoreapp1.1\openkit-dotnetcore-1.1.tests.dll" id="75dd2999-9705-48e6-919d-c986150a5560"><Execution id="0858dd85-07c4-4104-b559-036535e02da2" /><TestMethod codeBase="C:\workspaces\openkit-dotnet\tests\openkit-dotnetcore-1.1.Tests\bin\Release\netcoreapp1.1\openkit-dotnetcore-1.1.Tests.dll" adapterTypeName="executor://nunit3testexecutor/" className="Dynatrace.OpenKit.Core.Caching.BeaconCacheEntryTest" name="RemoveOldestRecordsRemovesNothingIfEntryIsEmpty" /></UnitTest><UnitTest name="IntValueNotReportedForDataCollectionLevel1" storage="c:\workspaces\openkit-dotnet\tests\openkit-dotnetcore-1.1.tests\bin\release\netcoreapp1.1\openkit-dotnetcore-1.1.tests.dll" id="998e8b0f-9aec-43f8-ae7a-180fda299ab6"><Execution id="5e6545cf-3ff0-4efc-9c20-14092c37d36a" /><TestMethod codeBase="C:\workspaces\openkit-dotnet\tests\openkit-dotnetcore-1.1.Tests\bin\Release\netcoreapp1.1\openkit-dotnetcore-1.1.Tests.dll" adapterTypeName="executor://nunit3testexecutor/" className="Dynatrace.OpenKit.Protocol.BeaconTest" name="IntValueNotReportedForDataCollectionLevel1" /></UnitTest><UnitTest name="CanSetAppNameForDynatrace" storage="c:\workspaces\openkit-dotnet\tests\openkit-dotnetcore-1.1.tests\bin\release\netcoreapp1.1\openkit-dotnetcore-1.1.tests.dll" id="1ba05800-0bec-4461-96cf-797e9017ca36"><Execution id="6c8071bd-c446-4c38-afd5-1537bf8024d6" /><TestMethod codeBase="C:\workspaces\openkit-dotnet\tests\openkit-dotnetcore-1.1.Tests\bin\Release\netcoreapp1.1\openkit-dotnetcore-1.1.Tests.dll" adapterTypeName="executor://nunit3testexecutor/" className="Dynatrace.OpenKit.OpenKitBuilderTest" name="CanSetAppNameForDynatrace" /></UnitTest><UnitTest name="TwoEqualInstancesHaveSameHashCode" storage="c:\workspaces\openkit-dotnet\tests\openkit-dotnetcore-1.1.tests\bin\release\netcoreapp1.1\openkit-dotnetcore-1.1.tests.dll" id="6e90e167-4c37-4481-873f-df3321daa1b7"><Execution id="3bfc3ce6-192a-4c97-b194-1a0472eb14fe" /><TestMethod codeBase="C:\workspaces\openkit-dotnet\tests\openkit-dotnetcore-1.1.Tests\bin\Release\netcoreapp1.1\openkit-dotnetcore-1.1.Tests.dll" adapterTypeName="executor://nunit3testexecutor/" className="Dynatrace.OpenKit.Core.Caching.BeaconCacheRecordTest" name="TwoEqualInstancesHaveSameHashCode" /></UnitTest><UnitTest name="TraceWebRequestGivesNullWebRequestTracerIfUrlHasAnInvalidScheme" storage="c:\workspaces\openkit-dotnet\tests\openkit-dotnetcore-1.1.tests\bin\release\netcoreapp1.1\openkit-dotnetcore-1.1.tests.dll" id="98faa2eb-7e6e-4429-81c3-5f9293bd4342"><Execution id="1a5d1ec9-5687-47cb-8dab-31592752fd28" /><TestMethod codeBase="C:\workspaces\openkit-dotnet\tests\openkit-dotnetcore-1.1.Tests\bin\Release\netcoreapp1.1\openkit-dotnetcore-1.1.Tests.dll" adapterTypeName="executor://nunit3testexecutor/" className="Dynatrace.OpenKit.Core.ActionTest" name="TraceWebRequestGivesNullWebRequestTracerIfUrlHasAnInvalidScheme" /></UnitTest><UnitTest name="AValidSchemeAllowsUpperCaseLettersToo" storage="c:\workspaces\openkit-dotnet\tests\openkit-dotnetcore-1.1.tests\bin\release\netcoreapp1.1\openkit-dotnetcore-1.1.tests.dll" id="0e7950a1-87f0-4e07-aba1-a0895a408f33"><Execution id="47ba8ae9-c529-4152-a687-20a5674f6359" /><TestMethod codeBase="C:\workspaces\openkit-dotnet\tests\openkit-dotnetcore-1.1.Tests\bin\Release\netcoreapp1.1\openkit-dotnetcore-1.1.Tests.dll" adapterTypeName="executor://nunit3testexecutor/" className="Dynatrace.OpenKit.Core.WebRequestTracerStringURLTest" name="AValidSchemeAllowsUpperCaseLettersToo" /></UnitTest><UnitTest name="StateIsTerminal" storage="c:\workspaces\openkit-dotnet\tests\openkit-dotnetcore-1.1.tests\bin\release\netcoreapp1.1\openkit-dotnetcore-1.1.tests.dll" id="242cec7c-6cac-43ea-ba12-1e70e97b279f"><Execution id="64851a9b-3e36-41bc-bbb0-8edee2f43974" /><TestMethod codeBase="C:\workspaces\openkit-dotnet\tests\openkit-dotnetcore-1.1.Tests\bin\Release\netcoreapp1.1\openkit-dotnetcore-1.1.Tests.dll" adapterTypeName="executor://nunit3testexecutor/" className="Dynatrace.OpenKit.Core.Communication.BeaconSendingTerminalStateTest" name="StateIsTerminal" /></UnitTest><UnitTest name="IsErroneousResponseGivesTrueForErrorCodeEqualTo400" storage="c:\workspaces\openkit-dotnet\tests\openkit-dotnetcore-1.1.tests\bin\release\netcoreapp1.1\openkit-dotnetcore-1.1.tests.dll" id="25d8236a-2e7f-46f5-bcff-d7c955fb3523"><Execution id="aaf414f8-a9bd-41a3-b158-faa55de335b5" /><TestMethod codeBase="C:\workspaces\openkit-dotnet\tests\openkit-dotnetcore-1.1.Tests\bin\Release\netcoreapp1.1\openkit-dotnetcore-1.1.Tests.dll" adapterTypeName="executor://nunit3testexecutor/" className="Dynatrace.OpenKit.Protocol.ResponseTest" name="IsErroneousResponseGivesTrueForErrorCodeEqualTo400" /></UnitTest><UnitTest name="ParsingUnknownKeyValueDoesNothing" storage="c:\workspaces\openkit-dotnet\tests\openkit-dotnetcore-1.1.tests\bin\release\netcoreapp1.1\openkit-dotnetcore-1.1.tests.dll" id="6ea786bd-0c59-4149-9577-cef298cfecd5"><Execution id="0974885e-27ce-49cc-a79a-e4f46374e817" /><TestMethod codeBase="C:\workspaces\openkit-dotnet\tests\openkit-dotnetcore-1.1.Tests\bin\Release\netcoreapp1.1\openkit-dotnetcore-1.1.Tests.dll" adapterTypeName="executor://nunit3testexecutor/" className="Dynatrace.OpenKit.Protocol.TimeSyncResponseTest" name="ParsingUnknownKeyValueDoesNothing" /></UnitTest><UnitTest name="SameInstancesHaveSameHashCode" storage="c:\workspaces\openkit-dotnet\tests\openkit-dotnetcore-1.1.tests\bin\release\netcoreapp1.1\openkit-dotnetcore-1.1.tests.dll" id="8ba422cf-8505-4618-bd23-4c07b0eae0eb"><Execution id="bf345df4-6f8c-4f79-9f5f-0a9ec88f8d22" /><TestMethod codeBase="C:\workspaces\openkit-dotnet\tests\openkit-dotnetcore-1.1.Tests\bin\Release\netcoreapp1.1\openkit-dotnetcore-1.1.Tests.dll" adapterTypeName="executor://nunit3testexecutor/" className="Dynatrace.OpenKit.Core.Caching.BeaconCacheRecordTest" name="SameInstancesHaveSameHashCode" /></UnitTest><UnitTest name="DoubleValueNotReportedForDataCollectionLevel0" storage="c:\workspaces\openkit-dotnet\tests\openkit-dotnetcore-1.1.tests\bin\release\netcoreapp1.1\openkit-dotnetcore-1.1.tests.dll" id="a813d97a-a2e8-481c-946e-26b09dbdc595"><Execution id="63a3e180-83ba-4087-b75d-a955e0866620" /><TestMethod codeBase="C:\workspaces\openkit-dotnet\tests\openkit-dotnetcore-1.1.Tests\bin\Release\netcoreapp1.1\openkit-dotnetcore-1.1.Tests.dll" adapterTypeName="executor://nunit3testexecutor/" className="Dynatrace.OpenKit.Protocol.BeaconTest" name="DoubleValueNotReportedForDataCollectionLevel0" /></UnitTest><UnitTest name="IpV6AddressLinkLocalIsInvalidTooManyBlocks" storage="c:\workspaces\openkit-dotnet\tests\openkit-dotnetcore-1.1.tests\bin\release\netcoreapp1.1\openkit-dotnetcore-1.1.tests.dll" id="9ab2b82c-0919-4200-b76e-8a38e1f263dd"><Execution id="2d3eb03a-b10a-4dfd-b071-d891bd806289" /><TestMethod codeBase="C:\workspaces\openkit-dotnet\tests\openkit-dotnetcore-1.1.Tests\bin\Release\netcoreapp1.1\openkit-dotnetcore-1.1.Tests.dll" adapterTypeName="executor://nunit3testexecutor/" className="Dynatrace.OpenKit.Core.Util.InetAddressValidatorTest" name="IpV6AddressLinkLocalIsInvalidTooManyBlocks" /></UnitTest><UnitTest name="TheStrategyIsDisabledIfBeaconMaxAgeIsSetToLessThanZero" storage="c:\workspaces\openkit-dotnet\tests\openkit-dotnetcore-1.1.tests\bin\release\netcoreapp1.1\openkit-dotnetcore-1.1.tests.dll" id="21493b11-9214-48c3-98f2-8ff6aaed3996"><Execution id="0b3b490e-2e89-480f-8680-4ceb2d8f86af" /><TestMethod codeBase="C:\workspaces\openkit-dotnet\tests\openkit-dotnetcore-1.1.Tests\bin\Release\netcoreapp1.1\openkit-dotnetcore-1.1.Tests.dll" adapterTypeName="executor://nunit3testexecutor/" className="Dynatrace.OpenKit.Core.Caching.TimeEvicitionStrategyTest" name="TheStrategyIsDisabledIfBeaconMaxAgeIsSetToLessThanZero" /></UnitTest><UnitTest name="GivenDeviceIDIsUsedOnDataCollectionLevel2" storage="c:\workspaces\openkit-dotnet\tests\openkit-dotnetcore-1.1.tests\bin\release\netcoreapp1.1\openkit-dotnetcore-1.1.tests.dll" id="05db0bf5-e140-4108-b0e2-bb8b373cd28b"><Execution id="78aef192-85a1-4113-8356-63928bf0e3f6" /><TestMethod codeBase="C:\workspaces\openkit-dotnet\tests\openkit-dotnetcore-1.1.Tests\bin\Release\netcoreapp1.1\openkit-dotnetcore-1.1.Tests.dll" adapterTypeName="executor://nunit3testexecutor/" className="Dynatrace.OpenKit.Protocol.BeaconTest" name="GivenDeviceIDIsUsedOnDataCollectionLevel2" /></UnitTest><UnitTest name="SendStatusRequestReturnsErrorCode" storage="c:\workspaces\openkit-dotnet\tests\openkit-dotnetcore-1.1.tests\bin\release\netcoreapp1.1\openkit-dotnetcore-1.1.tests.dll" id="7c810e44-9736-4f56-864f-30c074283e46"><Execution id="811c2a98-b14c-4b74-ae72-961592fd3ece" /><TestMethod codeBase="C:\workspaces\openkit-dotnet\tests\openkit-dotnetcore-1.1.Tests\bin\Release\netcoreapp1.1\openkit-dotnetcore-1.1.Tests.dll" adapterTypeName="executor://nunit3testexecutor/" className="Dynatrace.OpenKit.Protocol.HTTPClientTest" name="SendStatusRequestReturnsErrorCode" /></UnitTest><UnitTest name="StartSequenceNumberIsSetInConstructor" storage="c:\workspaces\openkit-dotnet\tests\openkit-dotnetcore-1.1.tests\bin\release\netcoreapp1.1\openkit-dotnetcore-1.1.tests.dll" id="daa27f21-d939-4e86-883d-c6e1ada27e50"><Execution id="2b181cdf-6cc6-40e9-a348-249a2df31476" /><TestMethod codeBase="C:\workspaces\openkit-dotnet\tests\openkit-dotnetcore-1.1.Tests\bin\Release\netcoreapp1.1\openkit-dotnetcore-1.1.Tests.dll" adapterTypeName="executor://nunit3testexecutor/" className="Dynatrace.OpenKit.Core.ActionTest" name="StartSequenceNumberIsSetInConstructor" /></UnitTest><UnitTest name="ClearDataClearsActionAndEventData" storage="c:\workspaces\openkit-dotnet\tests\openkit-dotnetcore-1.1.tests\bin\release\netcoreapp1.1\openkit-dotnetcore-1.1.tests.dll" id="700f3506-d788-49f5-91d4-816472694b8b"><Execution id="6a992875-962b-48a0-bca3-c59119ba82e5" /><TestMethod codeBase="C:\workspaces\openkit-dotnet\tests\openkit-dotnetcore-1.1.Tests\bin\Release\netcoreapp1.1\openkit-dotnetcore-1.1.Tests.dll" adapterTypeName="executor://nunit3testexecutor/" className="Dynatrace.OpenKit.Protocol.BeaconTest" name="ClearDataClearsActionAndEventData" /></UnitTest><UnitTest name="IpV6AddressMixedNotationIsValid_ZerosIPv6NonCompressed" storage="c:\workspaces\openkit-dotnet\tests\openkit-dotnetcore-1.1.tests\bin\release\netcoreapp1.1\openkit-dotnetcore-1.1.tests.dll" id="7b1a2d1a-f64f-4606-a844-948875ebf6ae"><Execution id="dd7f4663-9f93-44b0-84ec-527145f7a58e" /><TestMethod codeBase="C:\workspaces\openkit-dotnet\tests\openkit-dotnetcore-1.1.Tests\bin\Release\netcoreapp1.1\openkit-dotnetcore-1.1.Tests.dll" adapterTypeName="executor://nunit3testexecutor/" className="Dynatrace.OpenKit.Core.Util.InetAddressValidatorTest" name="IpV6AddressMixedNotationIsValid_ZerosIPv6NonCompressed" /></UnitTest><UnitTest name="RemoveRecordsOlderThanRemovesNothingIfNoActionOrEventDataExists" storage="c:\workspaces\openkit-dotnet\tests\openkit-dotnetcore-1.1.tests\bin\release\netcoreapp1.1\openkit-dotnetcore-1.1.tests.dll" id="868c77bc-343a-4e77-a2ff-b8758f2c1711"><Execution id="ae2cc551-ec31-4df5-bd39-7d60c4026d1d" /><TestMethod codeBase="C:\workspaces\openkit-dotnet\tests\openkit-dotnetcore-1.1.Tests\bin\Release\netcoreapp1.1\openkit-dotnetcore-1.1.Tests.dll" adapterTypeName="executor://nunit3testexecutor/" className="Dynatrace.OpenKit.Core.Caching.BeaconCacheEntryTest" name="RemoveRecordsOlderThanRemovesNothingIfNoActionOrEventDataExists" /></UnitTest><UnitTest name="CanGetCurrentTimestamp" storage="c:\workspaces\openkit-dotnet\tests\openkit-dotnetcore-1.1.tests\bin\release\netcoreapp1.1\openkit-dotnetcore-1.1.tests.dll" id="7cb64a86-cfc6-46e7-9f0d-3fc8c9993b80"><Execution id="b6593eb3-71c0-4e66-958f-cb16bd6a0b06" /><TestMethod codeBase="C:\workspaces\openkit-dotnet\tests\openkit-dotnetcore-1.1.Tests\bin\Release\netcoreapp1.1\openkit-dotnetcore-1.1.Tests.dll" adapterTypeName="executor://nunit3testexecutor/" className="Dynatrace.OpenKit.Core.Communication.BeaconSendingContextTest" name="CanGetCurrentTimestamp" /></UnitTest><UnitTest name="RemoveRecordsOlderThanRemovesRecordsFromEventData" storage="c:\workspaces\openkit-dotnet\tests\openkit-dotnetcore-1.1.tests\bin\release\netcoreapp1.1\openkit-dotnetcore-1.1.tests.dll" id="38ddc9ba-c767-428d-be14-70acf254d19a"><Execution id="9c2e213a-7fe7-4294-a603-223a6f750749" /><TestMethod codeBase="C:\workspaces\openkit-dotnet\tests\openkit-dotnetcore-1.1.Tests\bin\Release\netcoreapp1.1\openkit-dotnetcore-1.1.Tests.dll" adapterTypeName="executor://nunit3testexecutor/" className="Dynatrace.OpenKit.Core.Caching.BeaconCacheEntryTest" name="RemoveRecordsOlderThanRemovesRecordsFromEventData" /></UnitTest><UnitTest name="GetNextBeaconChunkDecreasesBeaconCacheSize" storage="c:\workspaces\openkit-dotnet\tests\openkit-dotnetcore-1.1.tests\bin\release\netcoreapp1.1\openkit-dotnetcore-1.1.tests.dll" id="d39e9465-2997-47e3-bfeb-a02ebba7cf91"><Execution id="f9b472dc-f0ab-4bf6-aa6a-fecdcf4e4008" /><TestMethod codeBase="C:\workspaces\openkit-dotnet\tests\openkit-dotnetcore-1.1.Tests\bin\Release\netcoreapp1.1\openkit-dotnetcore-1.1.Tests.dll" adapterTypeName="executor://nunit3testexecutor/" className="Dynatrace.OpenKit.Core.Caching.BeaconCacheTest" name="GetNextBeaconChunkDecreasesBeaconCacheSize" /></UnitTest><UnitTest name="ParsingInvalidNumericValueForCaptureThrowsException" storage="c:\workspaces\openkit-dotnet\tests\openkit-dotnetcore-1.1.tests\bin\release\netcoreapp1.1\openkit-dotnetcore-1.1.tests.dll" id="cc2ada78-8056-4433-bb28-de8be0550027"><Execution id="7d75b0d8-b8b3-4504-b2a2-a850d347e036" /><TestMethod codeBase="C:\workspaces\openkit-dotnet\tests\openkit-dotnetcore-1.1.Tests\bin\Release\netcoreapp1.1\openkit-dotnetcore-1.1.Tests.dll" adapterTypeName="executor://nunit3testexecutor/" className="Dynatrace.OpenKit.Protocol.StatusResponseTest" name="ParsingInvalidNumericValueForCaptureThrowsException" /></UnitTest><UnitTest name="SessionReportedForDataCollectionLevel2" storage="c:\workspaces\openkit-dotnet\tests\openkit-dotnetcore-1.1.tests\bin\release\netcoreapp1.1\openkit-dotnetcore-1.1.tests.dll" id="bb1e5e5e-b236-41ac-bdf8-fc90518c1932"><Execution id="564c0e78-d028-429f-be12-6c1fc4f3e513" /><TestMethod codeBase="C:\workspaces\openkit-dotnet\tests\openkit-dotnetcore-1.1.Tests\bin\Release\netcoreapp1.1\openkit-dotnetcore-1.1.Tests.dll" adapterTypeName="executor://nunit3testexecutor/" className="Dynatrace.OpenKit.Protocol.BeaconTest" name="SessionReportedForDataCollectionLevel2" /></UnitTest><UnitTest name="ReportIntValueDoesNothingIfValueNameIsAnEmptyString" storage="c:\workspaces\openkit-dotnet\tests\openkit-dotnetcore-1.1.tests\bin\release\netcoreapp1.1\openkit-dotnetcore-1.1.tests.dll" id="f8dbc031-e6a6-4340-9556-5b8e2a41f4b3"><Execution id="59206f72-f21f-4c13-8257-c40ab419d0bd" /><TestMethod codeBase="C:\workspaces\openkit-dotnet\tests\openkit-dotnetcore-1.1.Tests\bin\Release\netcoreapp1.1\openkit-dotnetcore-1.1.Tests.dll" adapterTypeName="executor://nunit3testexecutor/" className="Dynatrace.OpenKit.Core.ActionTest" name="ReportIntValueDoesNothingIfValueNameIsAnEmptyString" /></UnitTest><UnitTest name="StringValueReportedForDataCollectionLevel2" storage="c:\workspaces\openkit-dotnet\tests\openkit-dotnetcore-1.1.tests\bin\release\netcoreapp1.1\openkit-dotnetcore-1.1.tests.dll" id="372423cc-9751-4b4f-b39d-5eaf6cd4357e"><Execution id="60a3822e-df15-47f7-88fb-ce0cfba9bdc3" /><TestMethod codeBase="C:\workspaces\openkit-dotnet\tests\openkit-dotnetcore-1.1.Tests\bin\Release\netcoreapp1.1\openkit-dotnetcore-1.1.Tests.dll" adapterTypeName="executor://nunit3testexecutor/" className="Dynatrace.OpenKit.Protocol.BeaconTest" name="StringValueReportedForDataCollectionLevel2" /></UnitTest><UnitTest name="IsSuccessfulResponseReturnsFalseIfResponseIsNull" storage="c:\workspaces\openkit-dotnet\tests\openkit-dotnetcore-1.1.tests\bin\release\netcoreapp1.1\openkit-dotnetcore-1.1.tests.dll" id="dd997e4e-31e6-44a4-939b-63c25a8bbdb6"><Execution id="cc033004-bdf2-4711-a344-2b6493a45cb4" /><TestMethod codeBase="C:\workspaces\openkit-dotnet\tests\openkit-dotnetcore-1.1.Tests\bin\Release\netcoreapp1.1\openkit-dotnetcore-1.1.Tests.dll" adapterTypeName="executor://nunit3testexecutor/" className="Dynatrace.OpenKit.Core.Communication.BeaconSendingResponseUtilTest" name="IsSuccessfulResponseReturnsFalseIfResponseIsNull" /></UnitTest><UnitTest name="ShutdownStateIsTerminalState" storage="c:\workspaces\openkit-dotnet\tests\openkit-dotnetcore-1.1.tests\bin\release\netcoreapp1.1\openkit-dotnetcore-1.1.tests.dll" id="a40109ed-6a8e-45dc-b89c-aca8e92ae0ac"><Execution id="57b0d44b-18cb-482f-b39e-f43beb555e4e" /><TestMethod codeBase="C:\workspaces\openkit-dotnet\tests\openkit-dotnetcore-1.1.Tests\bin\Release\netcoreapp1.1\openkit-dotnetcore-1.1.Tests.dll" adapterTypeName="executor://nunit3testexecutor/" className="Dynatrace.OpenKit.Core.Communication.BeaconSendingInitStateTest" name="ShutdownStateIsTerminalState" /></UnitTest><UnitTest name="TheStrategyIsDisabledIfCacheSizeUpperBoundIsEqualToZero" storage="c:\workspaces\openkit-dotnet\tests\openkit-dotnetcore-1.1.tests\bin\release\netcoreapp1.1\openkit-dotnetcore-1.1.tests.dll" id="3f5c2bc3-a418-4bc4-b405-2ee662fc52b6"><Execution id="32ea7b8b-ce4e-4d17-903b-c9940be8b0b1" /><TestMethod codeBase="C:\workspaces\openkit-dotnet\tests\openkit-dotnetcore-1.1.Tests\bin\Release\netcoreapp1.1\openkit-dotnetcore-1.1.Tests.dll" adapterTypeName="executor://nunit3testexecutor/" className="Dynatrace.OpenKit.Core.Caching.SpaceEvictionStrategyTest" name="TheStrategyIsDisabledIfCacheSizeUpperBoundIsEqualToZero" /></UnitTest><UnitTest name="MarkForSending" storage="c:\workspaces\openkit-dotnet\tests\openkit-dotnetcore-1.1.tests\bin\release\netcoreapp1.1\openkit-dotnetcore-1.1.tests.dll" id="e2773c63-4953-433d-be72-11643d12a0c9"><Execution id="4f5c4273-f41f-4876-b6d9-352e2eae7747" /><TestMethod codeBase="C:\workspaces\openkit-dotnet\tests\openkit-dotnetcore-1.1.Tests\bin\Release\netcoreapp1.1\openkit-dotnetcore-1.1.Tests.dll" adapterTypeName="executor://nunit3testexecutor/" className="Dynatrace.OpenKit.Core.Caching.BeaconCacheRecordTest" name="MarkForSending" /></UnitTest><UnitTest name="SendStatusRequestReturnsAnUnknownErrorResponseForWrongHttpResponse" storage="c:\workspaces\openkit-dotnet\tests\openkit-dotnetcore-1.1.tests\bin\release\netcoreapp1.1\openkit-dotnetcore-1.1.tests.dll" id="ce41e2cc-122d-4a32-933b-36c4677811c4"><Execution id="43c95419-6da4-49fe-890a-497c43ccef65" /><TestMethod codeBase="C:\workspaces\openkit-dotnet\tests\openkit-dotnetcore-1.1.Tests\bin\Release\netcoreapp1.1\openkit-dotnetcore-1.1.Tests.dll" adapterTypeName="executor://nunit3testexecutor/" className="Dynatrace.OpenKit.Protocol.HTTPClientTest" name="SendStatusRequestReturnsAnUnknownErrorResponseForWrongHttpResponse" /></UnitTest><UnitTest name="SendStatusRequestReturnsTooManyRequestsResponseImmediately" storage="c:\workspaces\openkit-dotnet\tests\openkit-dotnetcore-1.1.tests\bin\release\netcoreapp1.1\openkit-dotnetcore-1.1.tests.dll" id="df63b76a-2213-4b84-9e0b-57c10f9d0f08"><Execution id="0bb3e2e3-02b5-4e59-a970-e461998e4376" /><TestMethod codeBase="C:\workspaces\openkit-dotnet\tests\openkit-dotnetcore-1.1.Tests\bin\Release\netcoreapp1.1\openkit-dotnetcore-1.1.Tests.dll" adapterTypeName="executor://nunit3testexecutor/" className="Dynatrace.OpenKit.Core.Communication.BeaconSendingRequestUtilTest" name="SendStatusRequestReturnsTooManyRequestsResponseImmediately" /></UnitTest><UnitTest name="RemoveChunkedDataClearsAlreadyRetrievedChunks" storage="c:\workspaces\openkit-dotnet\tests\openkit-dotnetcore-1.1.tests\bin\release\netcoreapp1.1\openkit-dotnetcore-1.1.tests.dll" id="c20c3e2f-0b46-4219-8363-9e730fa00e75"><Execution id="d7b6ed99-d2b6-4889-b9de-39f5db0f46e4" /><TestMethod codeBase="C:\workspaces\openkit-dotnet\tests\openkit-dotnetcore-1.1.Tests\bin\Release\netcoreapp1.1\openkit-dotnetcore-1.1.Tests.dll" adapterTypeName="executor://nunit3testexecutor/" className="Dynatrace.OpenKit.Core.Caching.BeaconCacheTest" name="RemoveChunkedDataClearsAlreadyRetrievedChunks" /></UnitTest><UnitTest name="InitCompleteIsNotCalledForNonInitialRequest" storage="c:\workspaces\openkit-dotnet\tests\openkit-dotnetcore-1.1.tests\bin\release\netcoreapp1.1\openkit-dotnetcore-1.1.tests.dll" id="56f98cb3-6ed7-4d3a-95b7-d995aee73805"><Execution id="0e0af0c3-5f71-4756-817d-2c3cc20a4418" /><TestMethod codeBase="C:\workspaces\openkit-dotnet\tests\openkit-dotnetcore-1.1.Tests\bin\Release\netcoreapp1.1\openkit-dotnetcore-1.1.Tests.dll" adapterTypeName="executor://nunit3testexecutor/" className="Dynatrace.OpenKit.Core.Communication.BeaconSendingTimeSyncStateTest" name="InitCompleteIsNotCalledForNonInitialRequest" /></UnitTest><UnitTest name="RemoveOldestRecordsRemovesEventDataIfActionDataIsEmpty" storage="c:\workspaces\openkit-dotnet\tests\openkit-dotnetcore-1.1.tests\bin\release\netcoreapp1.1\openkit-dotnetcore-1.1.tests.dll" id="ef1dae61-f476-4e37-a4bf-5e29b552508d"><Execution id="37ed3a0a-1921-48da-bc91-f907f8851a88" /><TestMethod codeBase="C:\workspaces\openkit-dotnet\tests\openkit-dotnetcore-1.1.Tests\bin\Release\netcoreapp1.1\openkit-dotnetcore-1.1.Tests.dll" adapterTypeName="executor://nunit3testexecutor/" className="Dynatrace.OpenKit.Core.Caching.BeaconCacheEntryTest" name="RemoveOldestRecordsRemovesEventDataIfActionDataIsEmpty" /></UnitTest><UnitTest name="DeviceIDIsTruncatedTo250Characters" storage="c:\workspaces\openkit-dotnet\tests\openkit-dotnetcore-1.1.tests\bin\release\netcoreapp1.1\openkit-dotnetcore-1.1.tests.dll" id="6d6ee3e0-5a4b-4fa4-8d4f-153745bd6acc"><Execution id="d743f7a6-1ce7-41ad-9637-76060367685f" /><TestMethod codeBase="C:\workspaces\openkit-dotnet\tests\openkit-dotnetcore-1.1.Tests\bin\Release\netcoreapp1.1\openkit-dotnetcore-1.1.Tests.dll" adapterTypeName="executor://nunit3testexecutor/" className="Dynatrace.OpenKit.Protocol.BeaconTest" name="DeviceIDIsTruncatedTo250Characters" /></UnitTest><UnitTest name="EnterActionReturnsNullActionIfActionNameIsAnEmptyString" storage="c:\workspaces\openkit-dotnet\tests\openkit-dotnetcore-1.1.tests\bin\release\netcoreapp1.1\openkit-dotnetcore-1.1.tests.dll" id="20c78221-9f75-4d44-a4a2-09684da7d3b5"><Execution id="8cdf2fb9-9dcb-4233-935e-8e7d3245a9f8" /><TestMethod codeBase="C:\workspaces\openkit-dotnet\tests\openkit-dotnetcore-1.1.Tests\bin\Release\netcoreapp1.1\openkit-dotnetcore-1.1.Tests.dll" adapterTypeName="executor://nunit3testexecutor/" className="Dynatrace.OpenKit.Core.RootActionTest" name="EnterActionReturnsNullActionIfActionNameIsAnEmptyString" /></UnitTest><UnitTest name="TheDefaultRequestReceiveTimeIsMinusOne" storage="c:\workspaces\openkit-dotnet\tests\openkit-dotnetcore-1.1.tests\bin\release\netcoreapp1.1\openkit-dotnetcore-1.1.tests.dll" id="4fe28351-6f6d-4851-ae9e-8418dcff9de2"><Execution id="3696d114-a0e6-499c-875c-2dc8c9241d68" /><TestMethod codeBase="C:\workspaces\openkit-dotnet\tests\openkit-dotnetcore-1.1.Tests\bin\Release\netcoreapp1.1\openkit-dotnetcore-1.1.Tests.dll" adapterTypeName="executor://nunit3testexecutor/" className="Dynatrace.OpenKit.Protocol.TimeSyncResponseTest" name="TheDefaultRequestReceiveTimeIsMinusOne" /></UnitTest><UnitTest name="ApplicationNameIsSetCorrectlyForAppMon" storage="c:\workspaces\openkit-dotnet\tests\openkit-dotnetcore-1.1.tests\bin\release\netcoreapp1.1\openkit-dotnetcore-1.1.tests.dll" id="ccd8df0b-40b4-4656-bf48-1b85daadd2a4"><Execution id="6f1be6f5-c42e-4b79-be62-4c333bba60c3" /><TestMethod codeBase="C:\workspaces\openkit-dotnet\tests\openkit-dotnetcore-1.1.Tests\bin\Release\netcoreapp1.1\openkit-dotnetcore-1.1.Tests.dll" adapterTypeName="executor://nunit3testexecutor/" className="Dynatrace.OpenKit.OpenKitBuilderTest" name="ApplicationNameIsSetCorrectlyForAppMon" /></UnitTest><UnitTest name="ResetChunkedDoesNothingIfEntryDoesNotExist" storage="c:\workspaces\openkit-dotnet\tests\openkit-dotnetcore-1.1.tests\bin\release\netcoreapp1.1\openkit-dotnetcore-1.1.tests.dll" id="3f9dd4a1-278c-4f61-baa3-67f66602f064"><Execution id="04683bb0-51dd-4b2b-9a03-56b8d7ff446e" /><TestMethod codeBase="C:\workspaces\openkit-dotnet\tests\openkit-dotnetcore-1.1.Tests\bin\Release\netcoreapp1.1\openkit-dotnetcore-1.1.Tests.dll" adapterTypeName="executor://nunit3testexecutor/" className="Dynatrace.OpenKit.Core.Caching.BeaconCacheTest" name="ResetChunkedDoesNothingIfEntryDoesNotExist" /></UnitTest><UnitTest name="AddActionDataIncreasesCacheSize" storage="c:\workspaces\openkit-dotnet\tests\openkit-dotnetcore-1.1.tests\bin\release\netcoreapp1.1\openkit-dotnetcore-1.1.tests.dll" id="19dbf095-6d46-4c6b-a580-754cbf22303e"><Execution id="722d1247-92ee-4801-9cf9-f482e883efe0" /><TestMethod codeBase="C:\workspaces\openkit-dotnet\tests\openkit-dotnetcore-1.1.Tests\bin\Release\netcoreapp1.1\openkit-dotnetcore-1.1.Tests.dll" adapterTypeName="executor://nunit3testexecutor/" className="Dynatrace.OpenKit.Core.Caching.BeaconCacheTest" name="AddActionDataIncreasesCacheSize" /></UnitTest><UnitTest name="SendNewSessionRequestSendRequestToMonitorURL" storage="c:\workspaces\openkit-dotnet\tests\openkit-dotnetcore-1.1.tests\bin\release\netcoreapp1.1\openkit-dotnetcore-1.1.tests.dll" id="6b7a694a-a81b-450b-bd2a-ca22ab819556"><Execution id="57b60937-68bd-4c77-8eab-f13fe48a599b" /><TestMethod codeBase="C:\workspaces\openkit-dotnet\tests\openkit-dotnetcore-1.1.Tests\bin\Release\netcoreapp1.1\openkit-dotnetcore-1.1.Tests.dll" adapterTypeName="executor://nunit3testexecutor/" className="Dynatrace.OpenKit.Protocol.HTTPClientTest" name="SendNewSessionRequestSendRequestToMonitorURL" /></UnitTest><UnitTest name="AmpersandIsNotAValidKeyValueSeparator" storage="c:\workspaces\openkit-dotnet\tests\openkit-dotnetcore-1.1.tests\bin\release\netcoreapp1.1\openkit-dotnetcore-1.1.tests.dll" id="d3886973-dee6-453f-a11d-1bfbbb064226"><Execution id="f941bac5-09fd-45f8-a4ac-b4a0c985aa3c" /><TestMethod codeBase="C:\workspaces\openkit-dotnet\tests\openkit-dotnetcore-1.1.Tests\bin\Release\netcoreapp1.1\openkit-dotnetcore-1.1.Tests.dll" adapterTypeName="executor://nunit3testexecutor/" className="Dynatrace.OpenKit.Protocol.StatusResponseTest" name="AmpersandIsNotAValidKeyValueSeparator" /></UnitTest><UnitTest name="CanOverrideTrustManagerForAppMon" storage="c:\workspaces\openkit-dotnet\tests\openkit-dotnetcore-1.1.tests\bin\release\netcoreapp1.1\openkit-dotnetcore-1.1.tests.dll" id="df930065-0723-405b-99e3-036783cb1055"><Execution id="a3f6150d-c78b-44b2-a9f6-4ef8a8a86e8a" /><TestMethod codeBase="C:\workspaces\openkit-dotnet\tests\openkit-dotnetcore-1.1.Tests\bin\Release\netcoreapp1.1\openkit-dotnetcore-1.1.Tests.dll" adapterTypeName="executor://nunit3testexecutor/" className="Dynatrace.OpenKit.OpenKitBuilderTest" name="CanOverrideTrustManagerForAppMon" /></UnitTest><UnitTest name="ReceivingTooManyRequestsResponseUsesSleepTimeFromResponse" storage="c:\workspaces\openkit-dotnet\tests\openkit-dotnetcore-1.1.tests\bin\release\netcoreapp1.1\openkit-dotnetcore-1.1.tests.dll" id="0d310928-a928-40d8-abc9-b0bd47e157b4"><Execution id="e7bd418c-7bed-4119-87f3-1b8d0e939c15" /><TestMethod codeBase="C:\workspaces\openkit-dotnet\tests\openkit-dotnetcore-1.1.Tests\bin\Release\netcoreapp1.1\openkit-dotnetcore-1.1.Tests.dll" adapterTypeName="executor://nunit3testexecutor/" className="Dynatrace.OpenKit.Core.Communication.BeaconSendingInitStateTest" name="ReceivingTooManyRequestsResponseUsesSleepTimeFromResponse" /></UnitTest><UnitTest name="GetBeaconConfigurationCallsWrappedSession" storage="c:\workspaces\openkit-dotnet\tests\openkit-dotnetcore-1.1.tests\bin\release\netcoreapp1.1\openkit-dotnetcore-1.1.tests.dll" id="d7a47dfb-a557-4224-8922-c6a7d42bc0dd"><Execution id="1e0ebc8e-d515-4420-9548-64d123c8f232" /><TestMethod codeBase="C:\workspaces\openkit-dotnet\tests\openkit-dotnetcore-1.1.Tests\bin\Release\netcoreapp1.1\openkit-dotnetcore-1.1.Tests.dll" adapterTypeName="executor://nunit3testexecutor/" className="Dynatrace.OpenKit.Core.Communication.SessionWrapperTest" name="GetBeaconConfigurationCallsWrappedSession" /></UnitTest><UnitTest name="IsEmptyGivesTrueIfBeaconDoesNotExistInCache" storage="c:\workspaces\openkit-dotnet\tests\openkit-dotnetcore-1.1.tests\bin\release\netcoreapp1.1\openkit-dotnetcore-1.1.tests.dll" id="4b758f9f-3519-4400-a057-7ce2d8501e59"><Execution id="551013ca-1b9c-4fb6-87bb-5eea10f2e189" /><TestMethod codeBase="C:\workspaces\openkit-dotnet\tests\openkit-dotnetcore-1.1.Tests\bin\Release\netcoreapp1.1\openkit-dotnetcore-1.1.Tests.dll" adapterTypeName="executor://nunit3testexecutor/" className="Dynatrace.OpenKit.Core.Caching.BeaconCacheTest" name="IsEmptyGivesTrueIfBeaconDoesNotExistInCache" /></UnitTest><UnitTest name="IpV6AddressValid_RFCExample" storage="c:\workspaces\openkit-dotnet\tests\openkit-dotnetcore-1.1.tests\bin\release\netcoreapp1.1\openkit-dotnetcore-1.1.tests.dll" id="de49f0d9-ca95-4699-8f18-0c4e8b20db0a"><Execution id="862c7c9a-c293-4d1b-8dd5-74ba760250f9" /><TestMethod codeBase="C:\workspaces\openkit-dotnet\tests\openkit-dotnetcore-1.1.Tests\bin\Release\netcoreapp1.1\openkit-dotnetcore-1.1.Tests.dll" adapterTypeName="executor://nunit3testexecutor/" className="Dynatrace.OpenKit.Core.Util.InetAddressValidatorTest" name="IpV6AddressValid_RFCExample" /></UnitTest><UnitTest name="IsTooManyRequestsResponseReturnsTrueIfResponseCodeIndicatesTooManyRequests" storage="c:\workspaces\openkit-dotnet\tests\openkit-dotnetcore-1.1.tests\bin\release\netcoreapp1.1\openkit-dotnetcore-1.1.tests.dll" id="88a5ae5e-f422-490d-b027-93bdedc71e2d"><Execution id="8a23d467-194b-467a-8a5e-eb828af2f4d4" /><TestMethod codeBase="C:\workspaces\openkit-dotnet\tests\openkit-dotnetcore-1.1.Tests\bin\Release\netcoreapp1.1\openkit-dotnetcore-1.1.Tests.dll" adapterTypeName="executor://nunit3testexecutor/" className="Dynatrace.OpenKit.Core.Communication.BeaconSendingResponseUtilTest" name="IsTooManyRequestsResponseReturnsTrueIfResponseCodeIndicatesTooManyRequests" /></UnitTest><UnitTest name="IdentifyUserDoesNothingIfUserTagIsNull" storage="c:\workspaces\openkit-dotnet\tests\openkit-dotnetcore-1.1.tests\bin\release\netcoreapp1.1\openkit-dotnetcore-1.1.tests.dll" id="951f4611-1111-4ed1-a19a-a9248d31a974"><Execution id="be3e1fc0-bde7-4f8d-a5ea-73b7ad50db07" /><TestMethod codeBase="C:\workspaces\openkit-dotnet\tests\openkit-dotnetcore-1.1.Tests\bin\Release\netcoreapp1.1\openkit-dotnetcore-1.1.Tests.dll" adapterTypeName="executor://nunit3testexecutor/" className="Dynatrace.OpenKit.Core.SessionTest" name="IdentifyUserDoesNothingIfUserTagIsNull" /></UnitTest><UnitTest name="CanSetOperatingSystemForAppMon" storage="c:\workspaces\openkit-dotnet\tests\openkit-dotnetcore-1.1.tests\bin\release\netcoreapp1.1\openkit-dotnetcore-1.1.tests.dll" id="07f1d13b-8c2a-4cc7-98cd-5f5d664b3336"><Execution id="695e83e3-3082-45fc-862e-050e5fcb8740" /><TestMethod codeBase="C:\workspaces\openkit-dotnet\tests\openkit-dotnetcore-1.1.Tests\bin\Release\netcoreapp1.1\openkit-dotnetcore-1.1.Tests.dll" adapterTypeName="executor://nunit3testexecutor/" className="Dynatrace.OpenKit.OpenKitBuilderTest" name="CanSetOperatingSystemForAppMon" /></UnitTest><UnitTest name="CannotAddSentBytesWithInvalidValueSmallerZeroToWebRequestTracer" storage="c:\workspaces\openkit-dotnet\tests\openkit-dotnetcore-1.1.tests\bin\release\netcoreapp1.1\openkit-dotnetcore-1.1.tests.dll" id="7981da85-634b-41ab-9172-88a1d36759f0"><Execution id="9ffb96b3-eb64-45a5-acc9-c4d8b4bd25b3" /><TestMethod codeBase="C:\workspaces\openkit-dotnet\tests\openkit-dotnetcore-1.1.Tests\bin\Release\netcoreapp1.1\openkit-dotnetcore-1.1.Tests.dll" adapterTypeName="executor://nunit3testexecutor/" className="Dynatrace.OpenKit.Protocol.BeaconTest" name="CannotAddSentBytesWithInvalidValueSmallerZeroToWebRequestTracer" /></UnitTest><UnitTest name="SendTimeSyncRequestSendRequestToTimeSyncURL" storage="c:\workspaces\openkit-dotnet\tests\openkit-dotnetcore-1.1.tests\bin\release\netcoreapp1.1\openkit-dotnetcore-1.1.tests.dll" id="e72154e0-2d2f-4114-a086-8369a1ca647a"><Execution id="745c8206-e284-42d4-a170-b6eb6b255359" /><TestMethod codeBase="C:\workspaces\openkit-dotnet\tests\openkit-dotnetcore-1.1.Tests\bin\Release\netcoreapp1.1\openkit-dotnetcore-1.1.Tests.dll" adapterTypeName="executor://nunit3testexecutor/" className="Dynatrace.OpenKit.Protocol.HTTPClientTest" name="SendTimeSyncRequestSendRequestToTimeSyncURL" /></UnitTest><UnitTest name="SendTimeSyncRequestReturnsErrorCode" storage="c:\workspaces\openkit-dotnet\tests\openkit-dotnetcore-1.1.tests\bin\release\netcoreapp1.1\openkit-dotnetcore-1.1.tests.dll" id="a211227c-d797-4d15-9562-a1b85a7e6c7f"><Execution id="cec7ee19-bcf6-45b4-bd5c-279764be3a90" /><TestMethod codeBase="C:\workspaces\openkit-dotnet\tests\openkit-dotnetcore-1.1.Tests\bin\Release\netcoreapp1.1\openkit-dotnetcore-1.1.Tests.dll" adapterTypeName="executor://nunit3testexecutor/" className="Dynatrace.OpenKit.Protocol.HTTPClientTest" name="SendTimeSyncRequestReturnsErrorCode" /></UnitTest><UnitTest name="CannotSetNullTrustManagerForAppMon" storage="c:\workspaces\openkit-dotnet\tests\openkit-dotnetcore-1.1.tests\bin\release\netcoreapp1.1\openkit-dotnetcore-1.1.tests.dll" id="b50f0a06-a3cc-4615-b613-e959d63da104"><Execution id="d85c831a-7663-4b39-822f-e1cdd71415a2" /><TestMethod codeBase="C:\workspaces\openkit-dotnet\tests\openkit-dotnetcore-1.1.Tests\bin\Release\netcoreapp1.1\openkit-dotnetcore-1.1.Tests.dll" adapterTypeName="executor://nunit3testexecutor/" className="Dynatrace.OpenKit.OpenKitBuilderTest" name="CannotSetNullTrustManagerForAppMon" /></UnitTest><UnitTest name="TransitionToTimeSyncIsPerformedOnSuccess" storage="c:\workspaces\openkit-dotnet\tests\openkit-dotnetcore-1.1.tests\bin\release\netcoreapp1.1\openkit-dotnetcore-1.1.tests.dll" id="fc5038fb-0da8-4f96-b16e-0b9e1089400a"><Execution id="2c07d834-4696-445b-ab25-a289520fe07f" /><TestMethod codeBase="C:\workspaces\openkit-dotnet\tests\openkit-dotnetcore-1.1.Tests\bin\Release\netcoreapp1.1\openkit-dotnetcore-1.1.Tests.dll" adapterTypeName="executor://nunit3testexecutor/" className="Dynatrace.OpenKit.Core.Communication.BeaconSendingInitStateTest" name="TransitionToTimeSyncIsPerformedOnSuccess" /></UnitTest><UnitTest name="GetTotalNumberOfBytesCountsAddedRecordBytes" storage="c:\workspaces\openkit-dotnet\tests\openkit-dotnetcore-1.1.tests\bin\release\netcoreapp1.1\openkit-dotnetcore-1.1.tests.dll" id="c22bc400-15e1-43b4-846a-e5866a53ce3b"><Execution id="739bd30a-698e-4d67-a9c5-738078810426" /><TestMethod codeBase="C:\workspaces\openkit-dotnet\tests\openkit-dotnetcore-1.1.Tests\bin\Release\netcoreapp1.1\openkit-dotnetcore-1.1.Tests.dll" adapterTypeName="executor://nunit3testexecutor/" className="Dynatrace.OpenKit.Core.Caching.BeaconCacheEntryTest" name="GetTotalNumberOfBytesCountsAddedRecordBytes" /></UnitTest><UnitTest name="ParsingInvalidNumericValueForMultiplicityThrowsException" storage="c:\workspaces\openkit-dotnet\tests\openkit-dotnetcore-1.1.tests\bin\release\netcoreapp1.1\openkit-dotnetcore-1.1.tests.dll" id="900148df-7110-4610-93a1-61e3e4beb5f8"><Execution id="2bc44d57-0664-469d-a1df-629e1424599c" /><TestMethod codeBase="C:\workspaces\openkit-dotnet\tests\openkit-dotnetcore-1.1.Tests\bin\Release\netcoreapp1.1\openkit-dotnetcore-1.1.Tests.dll" adapterTypeName="executor://nunit3testexecutor/" className="Dynatrace.OpenKit.Protocol.StatusResponseTest" name="ParsingInvalidNumericValueForMultiplicityThrowsException" /></UnitTest><UnitTest name="LastTimeSyncTimeIsInitializedWithMinus1" storage="c:\workspaces\openkit-dotnet\tests\openkit-dotnetcore-1.1.tests\bin\release\netcoreapp1.1\openkit-dotnetcore-1.1.tests.dll" id="c00ede1a-4bb3-4e1a-8438-5f543e8aa7c4"><Execution id="ce1bc355-dcee-47ad-8edb-04994ed72749" /><TestMethod codeBase="C:\workspaces\openkit-dotnet\tests\openkit-dotnetcore-1.1.Tests\bin\Release\netcoreapp1.1\openkit-dotnetcore-1.1.Tests.dll" adapterTypeName="executor://nunit3testexecutor/" className="Dynatrace.OpenKit.Core.Communication.BeaconSendingContextTest" name="LastTimeSyncTimeIsInitializedWithMinus1" /></UnitTest><UnitTest name="LastStatusCheckTimeIsSet" storage="c:\workspaces\openkit-dotnet\tests\openkit-dotnetcore-1.1.tests\bin\release\netcoreapp1.1\openkit-dotnetcore-1.1.tests.dll" id="c689966d-62d8-4c2a-95c5-5e43f750ede3"><Execution id="10066559-d2c7-4cec-bf3d-d9989980ad8d" /><TestMethod codeBase="C:\workspaces\openkit-dotnet\tests\openkit-dotnetcore-1.1.Tests\bin\Release\netcoreapp1.1\openkit-dotnetcore-1.1.Tests.dll" adapterTypeName="executor://nunit3testexecutor/" className="Dynatrace.OpenKit.Core.Communication.BeaconSendingContextTest" name="LastStatusCheckTimeIsSet" /></UnitTest><UnitTest name="IpV4AddressIsInvalidDueToIllegalValueOverrun" storage="c:\workspaces\openkit-dotnet\tests\openkit-dotnetcore-1.1.tests\bin\release\netcoreapp1.1\openkit-dotnetcore-1.1.tests.dll" id="3f7d97ba-2b3a-4c34-8b15-7447ea52be8e"><Execution id="46f9b9ba-f867-4716-baac-6c10d44fbc3d" /><TestMethod codeBase="C:\workspaces\openkit-dotnet\tests\openkit-dotnetcore-1.1.Tests\bin\Release\netcoreapp1.1\openkit-dotnetcore-1.1.Tests.dll" adapterTypeName="executor://nunit3testexecutor/" className="Dynatrace.OpenKit.Core.Util.InetAddressValidatorTest" name="IpV4AddressIsInvalidDueToIllegalValueOverrun" /></UnitTest><UnitTest name="LeavingAParentActionWillLeaveAllOpenChildActionsFirst" storage="c:\workspaces\openkit-dotnet\tests\openkit-dotnetcore-1.1.tests\bin\release\netcoreapp1.1\openkit-dotnetcore-1.1.tests.dll" id="91cec24a-1e83-4b44-87d6-09624f5e6453"><Execution id="6fd4bdb9-6432-45e1-808d-8bbed131a591" /><TestMethod codeBase="C:\workspaces\openkit-dotnet\tests\openkit-dotnetcore-1.1.Tests\bin\Release\netcoreapp1.1\openkit-dotnetcore-1.1.Tests.dll" adapterTypeName="executor://nunit3testexecutor/" className="Dynatrace.OpenKit.Core.RootActionTest" name="LeavingAParentActionWillLeaveAllOpenChildActionsFirst" /></UnitTest><UnitTest name="ParsingMaxBeaconSize" storage="c:\workspaces\openkit-dotnet\tests\openkit-dotnetcore-1.1.tests\bin\release\netcoreapp1.1\openkit-dotnetcore-1.1.tests.dll" id="203f5372-4a1b-466c-894a-99a7974bea51"><Execution id="47774c46-595d-48ae-8afa-ba84ea52a174" /><TestMethod codeBase="C:\workspaces\openkit-dotnet\tests\openkit-dotnetcore-1.1.Tests\bin\Release\netcoreapp1.1\openkit-dotnetcore-1.1.Tests.dll" adapterTypeName="executor://nunit3testexecutor/" className="Dynatrace.OpenKit.Protocol.StatusResponseTest" name="ParsingMaxBeaconSize" /></UnitTest><UnitTest name="WhenBeaconConfigurationIsNotSetSendingIsNotAllowed" storage="c:\workspaces\openkit-dotnet\tests\openkit-dotnetcore-1.1.tests\bin\release\netcoreapp1.1\openkit-dotnetcore-1.1.tests.dll" id="dccba367-6271-44f3-8400-62117ee7db66"><Execution id="703bae04-6b1f-49e7-8ba9-3b3e2d663a67" /><TestMethod codeBase="C:\workspaces\openkit-dotnet\tests\openkit-dotnetcore-1.1.Tests\bin\Release\netcoreapp1.1\openkit-dotnetcore-1.1.Tests.dll" adapterTypeName="executor://nunit3testexecutor/" className="Dynatrace.OpenKit.Core.Communication.SessionWrapperTest" name="WhenBeaconConfigurationIsNotSetSendingIsNotAllowed" /></UnitTest><UnitTest name="TraceWebRequestGivesValidWebRequestTracer" storage="c:\workspaces\openkit-dotnet\tests\openkit-dotnetcore-1.1.tests\bin\release\netcoreapp1.1\openkit-dotnetcore-1.1.tests.dll" id="a3268bc0-4c17-4b7b-acd8-b9ea51612851"><Execution id="9a6ad533-a5f8-4294-8082-dd961e769523" /><TestMethod codeBase="C:\workspaces\openkit-dotnet\tests\openkit-dotnetcore-1.1.Tests\bin\Release\netcoreapp1.1\openkit-dotnetcore-1.1.Tests.dll" adapterTypeName="executor://nunit3testexecutor/" className="Dynatrace.OpenKit.Core.ActionTest" name="TraceWebRequestGivesValidWebRequestTracer" /></UnitTest><UnitTest name="SendStatusRequestIsAbortedWhenShutDownIsRequested" storage="c:\workspaces\openkit-dotnet\tests\openkit-dotnetcore-1.1.tests\bin\release\netcoreapp1.1\openkit-dotnetcore-1.1.tests.dll" id="7dd16806-15fb-496e-8bbf-ded2c8f686f9"><Execution id="f8e828d7-75cc-472c-8ee3-2098e39cffa4" /><TestMethod codeBase="C:\workspaces\openkit-dotnet\tests\openkit-dotnetcore-1.1.Tests\bin\Release\netcoreapp1.1\openkit-dotnetcore-1.1.Tests.dll" adapterTypeName="executor://nunit3testexecutor/" className="Dynatrace.OpenKit.Core.Communication.BeaconSendingRequestUtilTest" name="SendStatusRequestIsAbortedWhenShutDownIsRequested" /></UnitTest><UnitTest name="TraceWebRequestGivesNullWebRequestTracerIfSessionIsAlreadyEnded" storage="c:\workspaces\openkit-dotnet\tests\openkit-dotnetcore-1.1.tests\bin\release\netcoreapp1.1\openkit-dotnetcore-1.1.tests.dll" id="d09ac312-591e-4f74-bb97-da85c03a9759"><Execution id="adcd06f2-0e64-4b79-a5bc-027765fc69fb" /><TestMethod codeBase="C:\workspaces\openkit-dotnet\tests\openkit-dotnetcore-1.1.Tests\bin\Release\netcoreapp1.1\openkit-dotnetcore-1.1.Tests.dll" adapterTypeName="executor://nunit3testexecutor/" className="Dynatrace.OpenKit.Core.SessionTest" name="TraceWebRequestGivesNullWebRequestTracerIfSessionIsAlreadyEnded" /></UnitTest><UnitTest name="ExecuteEvictionStopsIfNumBytesInCacheFallsBelowLowerBoundBetweenTwoBeacons" storage="c:\workspaces\openkit-dotnet\tests\openkit-dotnetcore-1.1.tests\bin\release\netcoreapp1.1\openkit-dotnetcore-1.1.tests.dll" id="a3426a5b-2325-478b-bd63-5d68744f9f47"><Execution id="bf349708-bba5-4b42-ad31-cbf363faf02a" /><TestMethod codeBase="C:\workspaces\openkit-dotnet\tests\openkit-dotnetcore-1.1.Tests\bin\Release\netcoreapp1.1\openkit-dotnetcore-1.1.Tests.dll" adapterTypeName="executor://nunit3testexecutor/" className="Dynatrace.OpenKit.Core.Caching.SpaceEvictionStrategyTest" name="ExecuteEvictionStopsIfNumBytesInCacheFallsBelowLowerBoundBetweenTwoBeacons" /></UnitTest><UnitTest name="ABeaconSendingFlushSessionsStateClosesOpenSessions" storage="c:\workspaces\openkit-dotnet\tests\openkit-dotnetcore-1.1.tests\bin\release\netcoreapp1.1\openkit-dotnetcore-1.1.tests.dll" id="8d4a0a73-7d88-464b-af2d-b683d199ac84"><Execution id="47d8ee23-09a6-45a9-9b14-209602b0eff2" /><TestMethod codeBase="C:\workspaces\openkit-dotnet\tests\openkit-dotnetcore-1.1.Tests\bin\Release\netcoreapp1.1\openkit-dotnetcore-1.1.Tests.dll" adapterTypeName="executor://nunit3testexecutor/" className="Dynatrace.OpenKit.Core.Communication.BeaconSendingFlushSessionsStateTest" name="ABeaconSendingFlushSessionsStateClosesOpenSessions" /></UnitTest><UnitTest name="RemoveRecordsOlderThanRemovesRecordsFromActionData" storage="c:\workspaces\openkit-dotnet\tests\openkit-dotnetcore-1.1.tests\bin\release\netcoreapp1.1\openkit-dotnetcore-1.1.tests.dll" id="16319f79-e475-4fab-b6d4-9b2ceef77310"><Execution id="1e017898-65fc-4df2-b887-5593ea8a9fe4" /><TestMethod codeBase="C:\workspaces\openkit-dotnet\tests\openkit-dotnetcore-1.1.Tests\bin\Release\netcoreapp1.1\openkit-dotnetcore-1.1.Tests.dll" adapterTypeName="executor://nunit3testexecutor/" className="Dynatrace.OpenKit.Core.Caching.BeaconCacheEntryTest" name="RemoveRecordsOlderThanRemovesRecordsFromActionData" /></UnitTest><UnitTest name="OddNumberOfTokensThrowsException" storage="c:\workspaces\openkit-dotnet\tests\openkit-dotnetcore-1.1.tests\bin\release\netcoreapp1.1\openkit-dotnetcore-1.1.tests.dll" id="86bdffa1-442a-4c0d-99b1-66a6c22a5ac5"><Execution id="efc0e683-332e-4a56-8222-8e947d3456ee" /><TestMethod codeBase="C:\workspaces\openkit-dotnet\tests\openkit-dotnetcore-1.1.Tests\bin\Release\netcoreapp1.1\openkit-dotnetcore-1.1.Tests.dll" adapterTypeName="executor://nunit3testexecutor/" className="Dynatrace.OpenKit.Protocol.TimeSyncResponseTest" name="OddNumberOfTokensThrowsException" /></UnitTest><UnitTest name="ADefaultConstructedBeaconCacheEvictorIsNotAlive" storage="c:\workspaces\openkit-dotnet\tests\openkit-dotnetcore-1.1.tests\bin\release\netcoreapp1.1\openkit-dotnetcore-1.1.tests.dll" id="be7bddd6-ab45-4b29-9bb6-29484a8d159c"><Execution id="1e43c5a4-b51a-4c3c-aff6-a3ac51d0c675" /><TestMethod codeBase="C:\workspaces\openkit-dotnet\tests\openkit-dotnetcore-1.1.Tests\bin\Release\netcoreapp1.1\openkit-dotnetcore-1.1.Tests.dll" adapterTypeName="executor://nunit3testexecutor/" className="Dynatrace.OpenKit.Core.Caching.BeaconCacheEvictorTest" name="ADefaultConstructedBeaconCacheEvictorIsNotAlive" /></UnitTest><UnitTest name="ReportStringValueDoesNothingIfActionIsLeft" storage="c:\workspaces\openkit-dotnet\tests\openkit-dotnetcore-1.1.tests\bin\release\netcoreapp1.1\openkit-dotnetcore-1.1.tests.dll" id="685f4cdf-c4e1-4b82-a6d0-293d1e93ad06"><Execution id="f42b8a36-934a-47f0-97e7-088fb0f22efa" /><TestMethod codeBase="C:\workspaces\openkit-dotnet\tests\openkit-dotnetcore-1.1.Tests\bin\Release\netcoreapp1.1\openkit-dotnetcore-1.1.Tests.dll" adapterTypeName="executor://nunit3testexecutor/" className="Dynatrace.OpenKit.Core.ActionTest" name="ReportStringValueDoesNothingIfActionIsLeft" /></UnitTest><UnitTest name="IpV6AddressHexCompressedIsValidBlock4" storage="c:\workspaces\openkit-dotnet\tests\openkit-dotnetcore-1.1.tests\bin\release\netcoreapp1.1\openkit-dotnetcore-1.1.tests.dll" id="89e1cb2f-e828-4ddd-9314-c4d33061ccd8"><Execution id="e56c8c2a-bc6c-4eeb-836a-cc23f8d4f3d7" /><TestMethod codeBase="C:\workspaces\openkit-dotnet\tests\openkit-dotnetcore-1.1.Tests\bin\Release\netcoreapp1.1\openkit-dotnetcore-1.1.Tests.dll" adapterTypeName="executor://nunit3testexecutor/" className="Dynatrace.OpenKit.Core.Util.InetAddressValidatorTest" name="IpV6AddressHexCompressedIsValidBlock4" /></UnitTest><UnitTest name="NullIsNotAValidURLScheme" storage="c:\workspaces\openkit-dotnet\tests\openkit-dotnetcore-1.1.tests\bin\release\netcoreapp1.1\openkit-dotnetcore-1.1.tests.dll" id="67d3b5ea-532f-4f35-8709-6b659bde6422"><Execution id="f993cabf-daf8-4b4f-bd7c-35ed89dbf58a" /><TestMethod codeBase="C:\workspaces\openkit-dotnet\tests\openkit-dotnetcore-1.1.Tests\bin\Release\netcoreapp1.1\openkit-dotnetcore-1.1.Tests.dll" adapterTypeName="executor://nunit3testexecutor/" className="Dynatrace.OpenKit.Core.WebRequestTracerStringURLTest" name="NullIsNotAValidURLScheme" /></UnitTest><UnitTest name="StringValueNotReportedForDataCollectionLevel1" storage="c:\workspaces\openkit-dotnet\tests\openkit-dotnetcore-1.1.tests\bin\release\netcoreapp1.1\openkit-dotnetcore-1.1.tests.dll" id="577474e5-22e7-4d25-b771-3fc72bc1de1a"><Execution id="5a4775db-4593-4b81-93c2-3823f40cbd59" /><TestMethod codeBase="C:\workspaces\openkit-dotnet\tests\openkit-dotnetcore-1.1.Tests\bin\Release\netcoreapp1.1\openkit-dotnetcore-1.1.Tests.dll" adapterTypeName="executor://nunit3testexecutor/" className="Dynatrace.OpenKit.Protocol.BeaconTest" name="StringValueNotReportedForDataCollectionLevel1" /></UnitTest><UnitTest name="ShouldRunGivesFalseIfLastRunIsLessThanMaxAgeMillisecondsAgo" storage="c:\workspaces\openkit-dotnet\tests\openkit-dotnetcore-1.1.tests\bin\release\netcoreapp1.1\openkit-dotnetcore-1.1.tests.dll" id="2ebd5384-eb86-4d88-bf08-813d2265064e"><Execution id="fe78d6c4-58d9-45d1-84e7-a1b7f9fcffe8" /><TestMethod codeBase="C:\workspaces\openkit-dotnet\tests\openkit-dotnetcore-1.1.Tests\bin\Release\netcoreapp1.1\openkit-dotnetcore-1.1.Tests.dll" adapterTypeName="executor://nunit3testexecutor/" className="Dynatrace.OpenKit.Core.Caching.TimeEvicitionStrategyTest" name="ShouldRunGivesFalseIfLastRunIsLessThanMaxAgeMillisecondsAgo" /></UnitTest><UnitTest name="CanSetDataCollectionLevelForDynatrace" storage="c:\workspaces\openkit-dotnet\tests\openkit-dotnetcore-1.1.tests\bin\release\netcoreapp1.1\openkit-dotnetcore-1.1.tests.dll" id="692dc342-b7a3-468b-9e23-156f4508147a"><Execution id="55da0147-4acf-4741-a959-d307c7273d37" /><TestMethod codeBase="C:\workspaces\openkit-dotnet\tests\openkit-dotnetcore-1.1.Tests\bin\Release\netcoreapp1.1\openkit-dotnetcore-1.1.Tests.dll" adapterTypeName="executor://nunit3testexecutor/" className="Dynatrace.OpenKit.OpenKitBuilderTest" name="CanSetDataCollectionLevelForDynatrace" /></UnitTest><UnitTest name="EnterActionReturnsNullActionIfActionNameIsNull" storage="c:\workspaces\openkit-dotnet\tests\openkit-dotnetcore-1.1.tests\bin\release\netcoreapp1.1\openkit-dotnetcore-1.1.tests.dll" id="de330acf-792b-4881-9bcf-e83423dc0536"><Execution id="f2537528-7ae6-446e-8596-2c633464f098" /><TestMethod codeBase="C:\workspaces\openkit-dotnet\tests\openkit-dotnetcore-1.1.Tests\bin\Release\netcoreapp1.1\openkit-dotnetcore-1.1.Tests.dll" adapterTypeName="executor://nunit3testexecutor/" className="Dynatrace.OpenKit.Core.RootActionTest" name="EnterActionReturnsNullActionIfActionNameIsNull" /></UnitTest><UnitTest name="IdentifyUserDoesReportOnDataCollectionLevel2" storage="c:\workspaces\openkit-dotnet\tests\openkit-dotnetcore-1.1.tests\bin\release\netcoreapp1.1\openkit-dotnetcore-1.1.tests.dll" id="083fe473-709f-4699-b322-cfd91c990f9e"><Execution id="d3f918f3-f13a-4c20-bee9-8b40d892e120" /><TestMethod codeBase="C:\workspaces\openkit-dotnet\tests\openkit-dotnetcore-1.1.Tests\bin\Release\netcoreapp1.1\openkit-dotnetcore-1.1.Tests.dll" adapterTypeName="executor://nunit3testexecutor/" className="Dynatrace.OpenKit.Protocol.BeaconTest" name="IdentifyUserDoesReportOnDataCollectionLevel2" /></UnitTest><UnitTest name="CanAddSentBytesValueZeroToWebRequestTracer" storage="c:\workspaces\openkit-dotnet\tests\openkit-dotnetcore-1.1.tests\bin\release\netcoreapp1.1\openkit-dotnetcore-1.1.tests.dll" id="e20a1e27-b770-43e5-a1b0-4d20b46e1234"><Execution id="599598e9-119e-4ab5-90fd-4f7f41e317b1" /><TestMethod codeBase="C:\workspaces\openkit-dotnet\tests\openkit-dotnetcore-1.1.Tests\bin\Release\netcoreapp1.1\openkit-dotnetcore-1.1.Tests.dll" adapterTypeName="executor://nunit3testexecutor/" className="Dynatrace.OpenKit.Protocol.BeaconTest" name="CanAddSentBytesValueZeroToWebRequestTracer" /></UnitTest><UnitTest name="NoIntValueIsReportedIfBeaconConfigurationDisablesCapturing" storage="c:\workspaces\openkit-dotnet\tests\openkit-dotnetcore-1.1.tests\bin\release\netcoreapp1.1\openkit-dotnetcore-1.1.tests.dll" id="17f241e1-5e14-401b-a7e0-e28443772b6f"><Execution id="c304b200-fc6a-4184-803b-6bb5397c5718" /><TestMethod codeBase="C:\workspaces\openkit-dotnet\tests\openkit-dotnetcore-1.1.Tests\bin\Release\netcoreapp1.1\openkit-dotnetcore-1.1.Tests.dll" adapterTypeName="executor://nunit3testexecutor/" className="Dynatrace.OpenKit.Protocol.BeaconTest" name="NoIntValueIsReportedIfBeaconConfigurationDisablesCapturing" /></UnitTest><UnitTest name="AValidSchemeStartsWithALetter" storage="c:\workspaces\openkit-dotnet\tests\openkit-dotnetcore-1.1.tests\bin\release\netcoreapp1.1\openkit-dotnetcore-1.1.tests.dll" id="8bbaaec9-8ad9-434b-86c1-4622fd07a725"><Execution id="35bdb716-a52a-443e-84bc-4a029f6d912c" /><TestMethod codeBase="C:\workspaces\openkit-dotnet\tests\openkit-dotnetcore-1.1.Tests\bin\Release\netcoreapp1.1\openkit-dotnetcore-1.1.Tests.dll" adapterTypeName="executor://nunit3testexecutor/" className="Dynatrace.OpenKit.Core.WebRequestTracerStringURLTest" name="AValidSchemeStartsWithALetter" /></UnitTest><UnitTest name="DefaultValues" storage="c:\workspaces\openkit-dotnet\tests\openkit-dotnetcore-1.1.tests\bin\release\netcoreapp1.1\openkit-dotnetcore-1.1.tests.dll" id="cc19b6c5-6a05-4beb-9ce9-40dadcfe5c35"><Execution id="2c17bad6-51f1-4940-99cd-b7cbd14b4205" /><TestMethod codeBase="C:\workspaces\openkit-dotnet\tests\openkit-dotnetcore-1.1.Tests\bin\Release\netcoreapp1.1\openkit-dotnetcore-1.1.Tests.dll" adapterTypeName="executor://nunit3testexecutor/" className="Dynatrace.OpenKit.Core.WebRequestTracerBaseTest" name="DefaultValues" /></UnitTest><UnitTest name="CannotAddReceivedBytesWithInvalidValueSmallerZeroToWebRequestTracer" storage="c:\workspaces\openkit-dotnet\tests\openkit-dotnetcore-1.1.tests\bin\release\netcoreapp1.1\openkit-dotnetcore-1.1.tests.dll" id="c8d91d04-8b03-4a3b-b108-d6a0d038b109"><Execution id="4aed2d86-0347-434b-9508-be7e626f6a5f" /><TestMethod codeBase="C:\workspaces\openkit-dotnet\tests\openkit-dotnetcore-1.1.Tests\bin\Release\netcoreapp1.1\openkit-dotnetcore-1.1.Tests.dll" adapterTypeName="executor://nunit3testexecutor/" className="Dynatrace.OpenKit.Protocol.BeaconTest" name="CannotAddReceivedBytesWithInvalidValueSmallerZeroToWebRequestTracer" /></UnitTest><UnitTest name="ABeaconSendingCaptureOnStateContinuesWithNextFinishedSessionIfSendingWasUnsuccessfulButBeaconIsEmtpy" storage="c:\workspaces\openkit-dotnet\tests\openkit-dotnetcore-1.1.tests\bin\release\netcoreapp1.1\openkit-dotnetcore-1.1.tests.dll" id="d4b929ad-bf90-4a40-b8bd-4396b15a89e6"><Execution id="578eb1eb-1e2a-4ec4-8ead-d9873badeb7a" /><TestMethod codeBase="C:\workspaces\openkit-dotnet\tests\openkit-dotnetcore-1.1.Tests\bin\Release\netcoreapp1.1\openkit-dotnetcore-1.1.Tests.dll" adapterTypeName="executor://nunit3testexecutor/" className="Dynatrace.OpenKit.Core.Communication.BeaconSendingCaptureOnStateTest" name="ABeaconSendingCaptureOnStateContinuesWithNextFinishedSessionIfSendingWasUnsuccessfulButBeaconIsEmtpy" /></UnitTest><UnitTest name="SendBeaconRequestReturnsAnUnknownErrorResponseForWrongHttpResponse" storage="c:\workspaces\openkit-dotnet\tests\openkit-dotnetcore-1.1.tests\bin\release\netcoreapp1.1\openkit-dotnetcore-1.1.tests.dll" id="e8960a6b-06de-4d93-bdf8-56f4d80311e1"><Execution id="cf39a210-cd23-4e85-99a2-04dcee5a6780" /><TestMethod codeBase="C:\workspaces\openkit-dotnet\tests\openkit-dotnetcore-1.1.Tests\bin\Release\netcoreapp1.1\openkit-dotnetcore-1.1.Tests.dll" adapterTypeName="executor://nunit3testexecutor/" className="Dynatrace.OpenKit.Protocol.HTTPClientTest" name="SendBeaconRequestReturnsAnUnknownErrorResponseForWrongHttpResponse" /></UnitTest><UnitTest name="CanSetLogger" storage="c:\workspaces\openkit-dotnet\tests\openkit-dotnetcore-1.1.tests\bin\release\netcoreapp1.1\openkit-dotnetcore-1.1.tests.dll" id="a2395f94-8d7a-4b6d-876d-28c3b6a95860"><Execution id="6a89953b-ca87-4e96-8bd0-b6edf8011d9d" /><TestMethod codeBase="C:\workspaces\openkit-dotnet\tests\openkit-dotnetcore-1.1.Tests\bin\Release\netcoreapp1.1\openkit-dotnetcore-1.1.Tests.dll" adapterTypeName="executor://nunit3testexecutor/" className="Dynatrace.OpenKit.OpenKitBuilderTest" name="CanSetLogger" /></UnitTest><UnitTest name="ABeaconSendingCaptureOffStateWaitsForGivenTime" storage="c:\workspaces\openkit-dotnet\tests\openkit-dotnetcore-1.1.tests\bin\release\netcoreapp1.1\openkit-dotnetcore-1.1.tests.dll" id="e2b54be4-33b7-4cb4-a9c4-4e394c691f18"><Execution id="3f21e81d-690a-4386-8778-922c6bc6982a" /><TestMethod codeBase="C:\workspaces\openkit-dotnet\tests\openkit-dotnetcore-1.1.Tests\bin\Release\netcoreapp1.1\openkit-dotnetcore-1.1.Tests.dll" adapterTypeName="executor://nunit3testexecutor/" className="Dynatrace.OpenKit.Core.Communication.BeaconSendingCaptureOffStateTest" name="ABeaconSendingCaptureOffStateWaitsForGivenTime" /></UnitTest><UnitTest name="ABeaconSendingFlushSessionsStateConfiguresAllUnconfiguredSessions" storage="c:\workspaces\openkit-dotnet\tests\openkit-dotnetcore-1.1.tests\bin\release\netcoreapp1.1\openkit-dotnetcore-1.1.tests.dll" id="f8174ffd-d56f-42c4-a223-261e36b204bc"><Execution id="120005d7-466d-409c-a26d-64a6a388cacc" /><TestMethod codeBase="C:\workspaces\openkit-dotnet\tests\openkit-dotnetcore-1.1.Tests\bin\Release\netcoreapp1.1\openkit-dotnetcore-1.1.Tests.dll" adapterTypeName="executor://nunit3testexecutor/" className="Dynatrace.OpenKit.Core.Communication.BeaconSendingFlushSessionsStateTest" name="ABeaconSendingFlushSessionsStateConfiguresAllUnconfiguredSessions" /></UnitTest><UnitTest name="SleepTimeIsDoubledBetweenConsecutiveRetries" storage="c:\workspaces\openkit-dotnet\tests\openkit-dotnetcore-1.1.tests\bin\release\netcoreapp1.1\openkit-dotnetcore-1.1.tests.dll" id="becffdbd-5064-4e56-9741-d7f9599cf06a"><Execution id="5b580019-f5eb-4e0a-80d7-210c2e6c15cf" /><TestMethod codeBase="C:\workspaces\openkit-dotnet\tests\openkit-dotnetcore-1.1.Tests\bin\Release\netcoreapp1.1\openkit-dotnetcore-1.1.Tests.dll" adapterTypeName="executor://nunit3testexecutor/" className="Dynatrace.OpenKit.Core.Communication.BeaconSendingRequestUtilTest" name="SleepTimeIsDoubledBetweenConsecutiveRetries" /></UnitTest><UnitTest name="ShutdownStateIsFlushSessionStateForTimeReSync" storage="c:\workspaces\openkit-dotnet\tests\openkit-dotnetcore-1.1.tests\bin\release\netcoreapp1.1\openkit-dotnetcore-1.1.tests.dll" id="5b471716-3a1d-4cdd-9a9c-5389f515aa8d"><Execution id="c9a6a38f-5c5b-4b44-ae4d-df146cc052db" /><TestMethod codeBase="C:\workspaces\openkit-dotnet\tests\openkit-dotnetcore-1.1.Tests\bin\Release\netcoreapp1.1\openkit-dotnetcore-1.1.Tests.dll" adapterTypeName="executor://nunit3testexecutor/" className="Dynatrace.OpenKit.Core.Communication.BeaconSendingTimeSyncStateTest" name="ShutdownStateIsFlushSessionStateForTimeReSync" /></UnitTest><UnitTest name="SendNewSessionRequestReturnsAnUnknownErrorResponseForWrongHttpResponse" storage="c:\workspaces\openkit-dotnet\tests\openkit-dotnetcore-1.1.tests\bin\release\netcoreapp1.1\openkit-dotnetcore-1.1.tests.dll" id="8e49531e-74c6-4152-ad93-0b3cf5be4687"><Execution id="d477fca8-9a7c-4da7-92d1-e891afe03d5e" /><TestMethod codeBase="C:\workspaces\openkit-dotnet\tests\openkit-dotnetcore-1.1.Tests\bin\Release\netcoreapp1.1\openkit-dotnetcore-1.1.Tests.dll" adapterTypeName="executor://nunit3testexecutor/" className="Dynatrace.OpenKit.Protocol.HTTPClientTest" name="SendNewSessionRequestReturnsAnUnknownErrorResponseForWrongHttpResponse" /></UnitTest><UnitTest name="GetNextBeaconChunkReturnsNullIfGivenBeaconIDDoesNotExist" storage="c:\workspaces\openkit-dotnet\tests\openkit-dotnetcore-1.1.tests\bin\release\netcoreapp1.1\openkit-dotnetcore-1.1.tests.dll" id="9b8ddf32-2e64-440e-84ea-f0721b50b139"><Execution id="db3ffe6b-a956-4554-b0f2-e379d2d5aa55" /><TestMethod codeBase="C:\workspaces\openkit-dotnet\tests\openkit-dotnetcore-1.1.Tests\bin\Release\netcoreapp1.1\openkit-dotnetcore-1.1.Tests.dll" adapterTypeName="executor://nunit3testexecutor/" className="Dynatrace.OpenKit.Core.Caching.BeaconCacheTest" name="GetNextBeaconChunkReturnsNullIfGivenBeaconIDDoesNotExist" /></UnitTest><UnitTest name="ExecuteEvictionCallsEvictionForEachBeaconSeparately" storage="c:\workspaces\openkit-dotnet\tests\openkit-dotnetcore-1.1.tests\bin\release\netcoreapp1.1\openkit-dotnetcore-1.1.tests.dll" id="ea33896d-6fe2-420b-bd1f-f35a2baae77b"><Execution id="0a101641-e73f-43ff-91a9-4305eb5eb45b" /><TestMethod codeBase="C:\workspaces\openkit-dotnet\tests\openkit-dotnetcore-1.1.Tests\bin\Release\netcoreapp1.1\openkit-dotnetcore-1.1.Tests.dll" adapterTypeName="executor://nunit3testexecutor/" className="Dynatrace.OpenKit.Core.Caching.TimeEvicitionStrategyTest" name="ExecuteEvictionCallsEvictionForEachBeaconSeparately" /></UnitTest><UnitTest name="CaptureCrashesIsTrueWhenItIsNotEqualToZero" storage="c:\workspaces\openkit-dotnet\tests\openkit-dotnetcore-1.1.tests\bin\release\netcoreapp1.1\openkit-dotnetcore-1.1.tests.dll" id="d8c6c18b-f94c-4e2e-ba0c-c8d0ac0e1222"><Execution id="5a2a94d7-2fdd-4d63-9bce-3f3ca956e584" /><TestMethod codeBase="C:\workspaces\openkit-dotnet\tests\openkit-dotnetcore-1.1.Tests\bin\Release\netcoreapp1.1\openkit-dotnetcore-1.1.Tests.dll" adapterTypeName="executor://nunit3testexecutor/" className="Dynatrace.OpenKit.Protocol.StatusResponseTest" name="CaptureCrashesIsTrueWhenItIsNotEqualToZero" /></UnitTest><UnitTest name="DefaultPRNGeneratorProvidesPositiveInt" storage="c:\workspaces\openkit-dotnet\tests\openkit-dotnetcore-1.1.tests\bin\release\netcoreapp1.1\openkit-dotnetcore-1.1.tests.dll" id="9c77286e-9286-4d38-951b-002cff41d88a"><Execution id="b96e4d26-85f1-4a2b-8d9a-9aac0e6c8782" /><TestMethod codeBase="C:\workspaces\openkit-dotnet\tests\openkit-dotnetcore-1.1.Tests\bin\Release\netcoreapp1.1\openkit-dotnetcore-1.1.Tests.dll" adapterTypeName="executor://nunit3testexecutor/" className="Dynatrace.OpenKit.Providers.DefaultSessionPRNGeneratorTest" name="DefaultPRNGeneratorProvidesPositiveInt" /></UnitTest><UnitTest name="TransitionToCaptureOnIsPerformedOnSuccess" storage="c:\workspaces\openkit-dotnet\tests\openkit-dotnetcore-1.1.tests\bin\release\netcoreapp1.1\openkit-dotnetcore-1.1.tests.dll" id="0a49a20b-7b98-4f28-8afb-78c9238fba88"><Execution id="ff6fc105-4256-4528-a523-cdabc9b0fe47" /><TestMethod codeBase="C:\workspaces\openkit-dotnet\tests\openkit-dotnetcore-1.1.Tests\bin\Release\netcoreapp1.1\openkit-dotnetcore-1.1.Tests.dll" adapterTypeName="executor://nunit3testexecutor/" className="Dynatrace.OpenKit.Core.Communication.BeaconSendingTimeSyncStateTest" name="TransitionToCaptureOnIsPerformedOnSuccess" /></UnitTest><UnitTest name="ReportDoubleValueDoesNothingIfValueNameIsAnEmptyString" storage="c:\workspaces\openkit-dotnet\tests\openkit-dotnetcore-1.1.tests\bin\release\netcoreapp1.1\openkit-dotnetcore-1.1.tests.dll" id="803549b5-ec53-4647-bc97-e1bef9cd11eb"><Execution id="418315e3-01f7-4712-9757-71e658e73f1e" /><TestMethod codeBase="C:\workspaces\openkit-dotnet\tests\openkit-dotnetcore-1.1.Tests\bin\Release\netcoreapp1.1\openkit-dotnetcore-1.1.Tests.dll" adapterTypeName="executor://nunit3testexecutor/" className="Dynatrace.OpenKit.Core.ActionTest" name="ReportDoubleValueDoesNothingIfValueNameIsAnEmptyString" /></UnitTest><UnitTest name="EndSequenceNumberIsSetToMinusOne" storage="c:\workspaces\openkit-dotnet\tests\openkit-dotnetcore-1.1.tests\bin\release\netcoreapp1.1\openkit-dotnetcore-1.1.tests.dll" id="b7e5bf22-9dd1-4af9-9bce-9fb6830eddee"><Execution id="31612c51-ddac-400c-9f38-23d2e22c11e6" /><TestMethod codeBase="C:\workspaces\openkit-dotnet\tests\openkit-dotnetcore-1.1.Tests\bin\Release\netcoreapp1.1\openkit-dotnetcore-1.1.Tests.dll" adapterTypeName="executor://nunit3testexecutor/" className="Dynatrace.OpenKit.Core.ActionTest" name="EndSequenceNumberIsSetToMinusOne" /></UnitTest><UnitTest name="ResetEventIsSetOnInitSuccess" storage="c:\workspaces\openkit-dotnet\tests\openkit-dotnetcore-1.1.tests\bin\release\netcoreapp1.1\openkit-dotnetcore-1.1.tests.dll" id="c03fa7d5-5201-4b5e-9d01-e938c0264d64"><Execution id="fb14bda4-2c77-4b38-a119-7b79d176be1b" /><TestMethod codeBase="C:\workspaces\openkit-dotnet\tests\openkit-dotnetcore-1.1.Tests\bin\Release\netcoreapp1.1\openkit-dotnetcore-1.1.Tests.dll" adapterTypeName="executor://nunit3testexecutor/" className="Dynatrace.OpenKit.Core.Communication.BeaconSendingContextTest" name="ResetEventIsSetOnInitSuccess" /></UnitTest><UnitTest name="DynatraceOpenKitBuilderTakesStringDeviceID" storage="c:\workspaces\openkit-dotnet\tests\openkit-dotnetcore-1.1.tests\bin\release\netcoreapp1.1\openkit-dotnetcore-1.1.tests.dll" id="20cc3872-b3cc-4f86-8b52-e476316f72e6"><Execution id="8aa48fb2-9a76-4914-97b6-3cd3a392b748" /><TestMethod codeBase="C:\workspaces\openkit-dotnet\tests\openkit-dotnetcore-1.1.Tests\bin\Release\netcoreapp1.1\openkit-dotnetcore-1.1.Tests.dll" adapterTypeName="executor://nunit3testexecutor/" className="Dynatrace.OpenKit.OpenKitBuilderTest" name="DynatraceOpenKitBuilderTakesStringDeviceID" /></UnitTest><UnitTest name="EndingASessionEndsOpenRootActionsFirst" storage="c:\workspaces\openkit-dotnet\tests\openkit-dotnetcore-1.1.tests\bin\release\netcoreapp1.1\openkit-dotnetcore-1.1.tests.dll" id="84920bee-8823-4d47-9cf0-df94e3a4212c"><Execution id="fcae8f32-8ad1-4b02-ac8d-8f0b9796f86b" /><TestMethod codeBase="C:\workspaces\openkit-dotnet\tests\openkit-dotnetcore-1.1.Tests\bin\Release\netcoreapp1.1\openkit-dotnetcore-1.1.Tests.dll" adapterTypeName="executor://nunit3testexecutor/" className="Dynatrace.OpenKit.Core.SessionTest" name="EndingASessionEndsOpenRootActionsFirst" /></UnitTest><UnitTest name="IdentifyUser" storage="c:\workspaces\openkit-dotnet\tests\openkit-dotnetcore-1.1.tests\bin\release\netcoreapp1.1\openkit-dotnetcore-1.1.tests.dll" id="fba123ae-c036-4687-a743-69d996a47e61"><Execution id="871fb4f3-e071-4609-9e12-38e293e16523" /><TestMethod codeBase="C:\workspaces\openkit-dotnet\tests\openkit-dotnetcore-1.1.Tests\bin\Release\netcoreapp1.1\openkit-dotnetcore-1.1.Tests.dll" adapterTypeName="executor://nunit3testexecutor/" className="Dynatrace.OpenKit.Core.SessionTest" name="IdentifyUser" /></UnitTest><UnitTest name="GetMultiplicityReturnsMultiplicitySetInConstructor" storage="c:\workspaces\openkit-dotnet\tests\openkit-dotnetcore-1.1.tests\bin\release\netcoreapp1.1\openkit-dotnetcore-1.1.tests.dll" id="99325199-a389-42f6-bff2-762f9625face"><Execution id="4472d6b7-fff1-4c41-aa11-a3c727f638a5" /><TestMethod codeBase="C:\workspaces\openkit-dotnet\tests\openkit-dotnetcore-1.1.Tests\bin\Release\netcoreapp1.1\openkit-dotnetcore-1.1.Tests.dll" adapterTypeName="executor://nunit3testexecutor/" className="Dynatrace.OpenKit.Core.Configuration.BeaconConfigurationTest" name="GetMultiplicityReturnsMultiplicitySetInConstructor" /></UnitTest><UnitTest name="EvictRecordsByAge" storage="c:\workspaces\openkit-dotnet\tests\openkit-dotnetcore-1.1.tests\bin\release\netcoreapp1.1\openkit-dotnetcore-1.1.tests.dll" id="7ddd9cd6-6080-4e63-b75d-9e117e1c6875"><Execution id="2392a7ce-a2b8-4457-8dfb-f8cf0b3a9331" /><TestMethod codeBase="C:\workspaces\openkit-dotnet\tests\openkit-dotnetcore-1.1.Tests\bin\Release\netcoreapp1.1\openkit-dotnetcore-1.1.Tests.dll" adapterTypeName="executor://nunit3testexecutor/" className="Dynatrace.OpenKit.Core.Caching.BeaconCacheTest" name="EvictRecordsByAge" /></UnitTest><UnitTest name="TheStrategyIsDisabledIfBeaconMaxAgeIsSetToZero" storage="c:\workspaces\openkit-dotnet\tests\openkit-dotnetcore-1.1.tests\bin\release\netcoreapp1.1\openkit-dotnetcore-1.1.tests.dll" id="8ae432e3-762d-4a26-ac82-9cb22696b273"><Execution id="cd58795f-2ed3-4f31-b2d1-f91c7d88de9e" /><TestMethod codeBase="C:\workspaces\openkit-dotnet\tests\openkit-dotnetcore-1.1.Tests\bin\Release\netcoreapp1.1\openkit-dotnetcore-1.1.Tests.dll" adapterTypeName="executor://nunit3testexecutor/" className="Dynatrace.OpenKit.Core.Caching.TimeEvicitionStrategyTest" name="TheStrategyIsDisabledIfBeaconMaxAgeIsSetToZero" /></UnitTest><UnitTest name="IsInitializedOnInitSuccess" storage="c:\workspaces\openkit-dotnet\tests\openkit-dotnetcore-1.1.tests\bin\release\netcoreapp1.1\openkit-dotnetcore-1.1.tests.dll" id="17036bf5-8433-465c-8b40-0616da9a3a65"><Execution id="ea1ede9d-ca9d-4c16-acc6-7beff768a4ce" /><TestMethod codeBase="C:\workspaces\openkit-dotnet\tests\openkit-dotnetcore-1.1.Tests\bin\Release\netcoreapp1.1\openkit-dotnetcore-1.1.Tests.dll" adapterTypeName="executor://nunit3testexecutor/" className="Dynatrace.OpenKit.Core.Communication.BeaconSendingContextTest" name="IsInitializedOnInitSuccess" /></UnitTest><UnitTest name="ReportCrash" storage="c:\workspaces\openkit-dotnet\tests\openkit-dotnetcore-1.1.tests\bin\release\netcoreapp1.1\openkit-dotnetcore-1.1.tests.dll" id="d19613ac-d226-4104-b4ba-c9779cc407c6"><Execution id="375d47ac-8f04-42c1-af0c-ae8409b000ee" /><TestMethod codeBase="C:\workspaces\openkit-dotnet\tests\openkit-dotnetcore-1.1.Tests\bin\Release\netcoreapp1.1\openkit-dotnetcore-1.1.Tests.dll" adapterTypeName="executor://nunit3testexecutor/" className="Dynatrace.OpenKit.Core.SessionTest" name="ReportCrash" /></UnitTest><UnitTest name="ReportEventDoesNothingIfEventNameIsAnEmptyString" storage="c:\workspaces\openkit-dotnet\tests\openkit-dotnetcore-1.1.tests\bin\release\netcoreapp1.1\openkit-dotnetcore-1.1.tests.dll" id="b45ad0a2-d1ff-4096-8cbc-b73349b8b02b"><Execution id="7bd759b0-c146-40cc-96b4-7da2236ad3c4" /><TestMethod codeBase="C:\workspaces\openkit-dotnet\tests\openkit-dotnetcore-1.1.Tests\bin\Release\netcoreapp1.1\openkit-dotnetcore-1.1.Tests.dll" adapterTypeName="executor://nunit3testexecutor/" className="Dynatrace.OpenKit.Core.ActionTest" name="ReportEventDoesNothingIfEventNameIsAnEmptyString" /></UnitTest><UnitTest name="ToStringReturnsTheStateName" storage="c:\workspaces\openkit-dotnet\tests\openkit-dotnetcore-1.1.tests\bin\release\netcoreapp1.1\openkit-dotnetcore-1.1.tests.dll" id="d6ffb9fe-7851-4a41-940d-770fdea621a6"><Execution id="e129d4c0-087f-4715-ae69-b29b09dcbaa7" /><TestMethod codeBase="C:\workspaces\openkit-dotnet\tests\openkit-dotnetcore-1.1.Tests\bin\Release\netcoreapp1.1\openkit-dotnetcore-1.1.Tests.dll" adapterTypeName="executor://nunit3testexecutor/" className="Dynatrace.OpenKit.Core.Communication.BeaconSendingCaptureOffStateTest" name="ToStringReturnsTheStateName" /></UnitTest><UnitTest name="CanSetApplicationVersionForAppMon" storage="c:\workspaces\openkit-dotnet\tests\openkit-dotnetcore-1.1.tests\bin\release\netcoreapp1.1\openkit-dotnetcore-1.1.tests.dll" id="047f0d61-418e-412b-82d4-f911aa6bd47a"><Execution id="3d37bf8f-557e-4155-b2b9-8ddd86728817" /><TestMethod codeBase="C:\workspaces\openkit-dotnet\tests\openkit-dotnetcore-1.1.Tests\bin\Release\netcoreapp1.1\openkit-dotnetcore-1.1.Tests.dll" adapterTypeName="executor://nunit3testexecutor/" className="Dynatrace.OpenKit.OpenKitBuilderTest" name="CanSetApplicationVersionForAppMon" /></UnitTest><UnitTest name="AmpersandIsNotAValidKeyValueSeparator" storage="c:\workspaces\openkit-dotnet\tests\openkit-dotnetcore-1.1.tests\bin\release\netcoreapp1.1\openkit-dotnetcore-1.1.tests.dll" id="fe79d24d-7fb8-4f1e-97f5-d383ebcfd7cd"><Execution id="8fcc1102-dc52-49ff-965d-1b844bb9b631" /><TestMethod codeBase="C:\workspaces\openkit-dotnet\tests\openkit-dotnetcore-1.1.Tests\bin\Release\netcoreapp1.1\openkit-dotnetcore-1.1.Tests.dll" adapterTypeName="executor://nunit3testexecutor/" className="Dynatrace.OpenKit.Protocol.TimeSyncResponseTest" name="AmpersandIsNotAValidKeyValueSeparator" /></UnitTest><UnitTest name="IpV6AddressIsInvalidOverflow" storage="c:\workspaces\openkit-dotnet\tests\openkit-dotnetcore-1.1.tests\bin\release\netcoreapp1.1\openkit-dotnetcore-1.1.tests.dll" id="286640ee-df35-486b-b70f-3e9ba6adb486"><Execution id="5a1f6c93-eeb1-4032-ada1-20b96e4e903a" /><TestMethod codeBase="C:\workspaces\openkit-dotnet\tests\openkit-dotnetcore-1.1.Tests\bin\Release\netcoreapp1.1\openkit-dotnetcore-1.1.Tests.dll" adapterTypeName="executor://nunit3testexecutor/" className="Dynatrace.OpenKit.Core.Util.InetAddressValidatorTest" name="IpV6AddressIsInvalidOverflow" /></UnitTest><UnitTest name="AddEventDataAddsBeaconIdToCache" storage="c:\workspaces\openkit-dotnet\tests\openkit-dotnetcore-1.1.tests\bin\release\netcoreapp1.1\openkit-dotnetcore-1.1.tests.dll" id="6ac9d396-d148-4999-b4ec-b585c9465bb1"><Execution id="081b8798-95c0-4177-8650-cdf5206404c2" /><TestMethod codeBase="C:\workspaces\openkit-dotnet\tests\openkit-dotnetcore-1.1.Tests\bin\Release\netcoreapp1.1\openkit-dotnetcore-1.1.Tests.dll" adapterTypeName="executor://nunit3testexecutor/" className="Dynatrace.OpenKit.Core.Caching.BeaconCacheTest" name="AddEventDataAddsBeaconIdToCache" /></UnitTest><UnitTest name="LastOpenSessionBeaconSendTimeIsSetInExecute" storage="c:\workspaces\openkit-dotnet\tests\openkit-dotnetcore-1.1.tests\bin\release\netcoreapp1.1\openkit-dotnetcore-1.1.tests.dll" id="c6f087e4-ed1b-44f1-b6ce-b5ce6def3965"><Execution id="7d8811d5-66d7-4bd6-8bad-6388bd7111f6" /><TestMethod codeBase="C:\workspaces\openkit-dotnet\tests\openkit-dotnetcore-1.1.Tests\bin\Release\netcoreapp1.1\openkit-dotnetcore-1.1.Tests.dll" adapterTypeName="executor://nunit3testexecutor/" className="Dynatrace.OpenKit.Core.Communication.BeaconSendingInitStateTest" name="LastOpenSessionBeaconSendTimeIsSetInExecute" /></UnitTest><UnitTest name="ReceivingTooManyRequestsResponseDisablesCapturing" storage="c:\workspaces\openkit-dotnet\tests\openkit-dotnetcore-1.1.tests\bin\release\netcoreapp1.1\openkit-dotnetcore-1.1.tests.dll" id="f1dd28a9-68a1-49bd-a516-9f07d7101eea"><Execution id="61d36e9f-7bf7-4c38-9abc-ea197d2e40ed" /><TestMethod codeBase="C:\workspaces\openkit-dotnet\tests\openkit-dotnetcore-1.1.Tests\bin\Release\netcoreapp1.1\openkit-dotnetcore-1.1.Tests.dll" adapterTypeName="executor://nunit3testexecutor/" className="Dynatrace.OpenKit.Core.Communication.BeaconSendingInitStateTest" name="ReceivingTooManyRequestsResponseDisablesCapturing" /></UnitTest><UnitTest name="LeavingAnActionAddsItselfInTheBeacon" storage="c:\workspaces\openkit-dotnet\tests\openkit-dotnetcore-1.1.tests\bin\release\netcoreapp1.1\openkit-dotnetcore-1.1.tests.dll" id="3a4117b0-d882-4c08-bf28-fbed790a1934"><Execution id="5585c065-b20b-40ea-9339-2ce721256921" /><TestMethod codeBase="C:\workspaces\openkit-dotnet\tests\openkit-dotnetcore-1.1.Tests\bin\Release\netcoreapp1.1\openkit-dotnetcore-1.1.Tests.dll" adapterTypeName="executor://nunit3testexecutor/" className="Dynatrace.OpenKit.Core.ActionTest" name="LeavingAnActionAddsItselfInTheBeacon" /></UnitTest><UnitTest name="ClearCapturedDataClearsDataFromSession" storage="c:\workspaces\openkit-dotnet\tests\openkit-dotnetcore-1.1.tests\bin\release\netcoreapp1.1\openkit-dotnetcore-1.1.tests.dll" id="a0da6c0c-124b-427b-8877-afcc2d2595b6"><Execution id="3c38adf6-5a7a-4183-b05c-bfc35bcc41cd" /><TestMethod codeBase="C:\workspaces\openkit-dotnet\tests\openkit-dotnetcore-1.1.Tests\bin\Release\netcoreapp1.1\openkit-dotnetcore-1.1.Tests.dll" adapterTypeName="executor://nunit3testexecutor/" className="Dynatrace.OpenKit.Core.Communication.SessionWrapperTest" name="ClearCapturedDataClearsDataFromSession" /></UnitTest><UnitTest name="AfterDecreasingNumNewSessionRequestsFourTimesSendingRequestsIsNoLongerAllowed" storage="c:\workspaces\openkit-dotnet\tests\openkit-dotnetcore-1.1.tests\bin\release\netcoreapp1.1\openkit-dotnetcore-1.1.tests.dll" id="7985a010-d21d-4e98-bbb5-a22edbd20101"><Execution id="da21f291-1c02-4a86-8daa-f88d277cedf5" /><TestMethod codeBase="C:\workspaces\openkit-dotnet\tests\openkit-dotnetcore-1.1.Tests\bin\Release\netcoreapp1.1\openkit-dotnetcore-1.1.Tests.dll" adapterTypeName="executor://nunit3testexecutor/" className="Dynatrace.OpenKit.Core.Communication.SessionWrapperTest" name="AfterDecreasingNumNewSessionRequestsFourTimesSendingRequestsIsNoLongerAllowed" /></UnitTest><UnitTest name="TransitionToCaptureOffStateIsPerformed" storage="c:\workspaces\openkit-dotnet\tests\openkit-dotnetcore-1.1.tests\bin\release\netcoreapp1.1\openkit-dotnetcore-1.1.tests.dll" id="23cebca2-3d81-4c82-b740-54c5009efa82"><Execution id="8b1b1fd6-40cc-45b1-bcb2-cfcdad7cd742" /><TestMethod codeBase="C:\workspaces\openkit-dotnet\tests\openkit-dotnetcore-1.1.Tests\bin\Release\netcoreapp1.1\openkit-dotnetcore-1.1.Tests.dll" adapterTypeName="executor://nunit3testexecutor/" className="Dynatrace.OpenKit.Core.Communication.BeaconSendingCaptureOnStateTest" name="TransitionToCaptureOffStateIsPerformed" /></UnitTest><UnitTest name="ActionNotReportedForDataCollectionLevel0" storage="c:\workspaces\openkit-dotnet\tests\openkit-dotnetcore-1.1.tests\bin\release\netcoreapp1.1\openkit-dotnetcore-1.1.tests.dll" id="bc97d4b4-6cfa-4944-9d3d-0e93186a25a0"><Execution id="3bf0ff57-50cf-47a3-960b-bdf12275782f" /><TestMethod codeBase="C:\workspaces\openkit-dotnet\tests\openkit-dotnetcore-1.1.Tests\bin\Release\netcoreapp1.1\openkit-dotnetcore-1.1.Tests.dll" adapterTypeName="executor://nunit3testexecutor/" className="Dynatrace.OpenKit.Protocol.BeaconTest" name="ActionNotReportedForDataCollectionLevel0" /></UnitTest><UnitTest name="GetChunksTakesSizeIntoAccount" storage="c:\workspaces\openkit-dotnet\tests\openkit-dotnetcore-1.1.tests\bin\release\netcoreapp1.1\openkit-dotnetcore-1.1.tests.dll" id="e17110a4-59b2-406e-80a9-5a23c56983d4"><Execution id="06d7978a-a494-4d8d-9ebf-b7f080b70b12" /><TestMethod codeBase="C:\workspaces\openkit-dotnet\tests\openkit-dotnetcore-1.1.Tests\bin\Release\netcoreapp1.1\openkit-dotnetcore-1.1.Tests.dll" adapterTypeName="executor://nunit3testexecutor/" className="Dynatrace.OpenKit.Core.Caching.BeaconCacheEntryTest" name="GetChunksTakesSizeIntoAccount" /></UnitTest><UnitTest name="DefaultsAreSetForDynatrace" storage="c:\workspaces\openkit-dotnet\tests\openkit-dotnetcore-1.1.tests\bin\release\netcoreapp1.1\openkit-dotnetcore-1.1.tests.dll" id="e95099c3-d0e1-4bc1-9858-0f6766cff6e5"><Execution id="b211e32a-d813-4eee-8934-147d888feb25" /><TestMethod codeBase="C:\workspaces\openkit-dotnet\tests\openkit-dotnetcore-1.1.Tests\bin\Release\netcoreapp1.1\openkit-dotnetcore-1.1.Tests.dll" adapterTypeName="executor://nunit3testexecutor/" className="Dynatrace.OpenKit.OpenKitBuilderTest" name="DefaultsAreSetForDynatrace" /></UnitTest><UnitTest name="SetBytesReceivedSetsTheNumberOfReceivedBytes" storage="c:\workspaces\openkit-dotnet\tests\openkit-dotnetcore-1.1.tests\bin\release\netcoreapp1.1\openkit-dotnetcore-1.1.tests.dll" id="5b47a347-38fd-4f96-9609-ea2340e3e90e"><Execution id="c1568917-3694-43f8-8a15-abdb6e68027f" /><TestMethod codeBase="C:\workspaces\openkit-dotnet\tests\openkit-dotnetcore-1.1.Tests\bin\Release\netcoreapp1.1\openkit-dotnetcore-1.1.Tests.dll" adapterTypeName="executor://nunit3testexecutor/" className="Dynatrace.OpenKit.Core.WebRequestTracerBaseTest" name="SetBytesReceivedSetsTheNumberOfReceivedBytes" /></UnitTest><UnitTest name="TheStrategyIsNotDisabledIFMaxRecordAgeIsGreaterThanZero" storage="c:\workspaces\openkit-dotnet\tests\openkit-dotnetcore-1.1.tests\bin\release\netcoreapp1.1\openkit-dotnetcore-1.1.tests.dll" id="a90797c3-47a6-4347-89e0-79d9d89a8ab7"><Execution id="4e29c6fc-a60d-45a5-81c4-cb3a0e286d77" /><TestMethod codeBase="C:\workspaces\openkit-dotnet\tests\openkit-dotnetcore-1.1.Tests\bin\Release\netcoreapp1.1\openkit-dotnetcore-1.1.Tests.dll" adapterTypeName="executor://nunit3testexecutor/" className="Dynatrace.OpenKit.Core.Caching.TimeEvicitionStrategyTest" name="TheStrategyIsNotDisabledIFMaxRecordAgeIsGreaterThanZero" /></UnitTest><UnitTest name="IpV6AddressValid_RFCEmptyBlockNotShortened" storage="c:\workspaces\openkit-dotnet\tests\openkit-dotnetcore-1.1.tests\bin\release\netcoreapp1.1\openkit-dotnetcore-1.1.tests.dll" id="345e639e-d146-4b45-9a85-41f325bbedb1"><Execution id="08d5ecf3-cc84-4fcc-9ba1-54b61545f22f" /><TestMethod codeBase="C:\workspaces\openkit-dotnet\tests\openkit-dotnetcore-1.1.Tests\bin\Release\netcoreapp1.1\openkit-dotnetcore-1.1.Tests.dll" adapterTypeName="executor://nunit3testexecutor/" className="Dynatrace.OpenKit.Core.Util.InetAddressValidatorTest" name="IpV6AddressValid_RFCEmptyBlockNotShortened" /></UnitTest><UnitTest name="TerminalStateIsNextStateIfTransitionFromTerminalStateOccurs" storage="c:\workspaces\openkit-dotnet\tests\openkit-dotnetcore-1.1.tests\bin\release\netcoreapp1.1\openkit-dotnetcore-1.1.tests.dll" id="8e5532d0-1be2-4cbf-90a0-f71ca4eb02e9"><Execution id="f3a51e24-314a-42ac-87bb-18fdfc0eb501" /><TestMethod codeBase="C:\workspaces\openkit-dotnet\tests\openkit-dotnetcore-1.1.Tests\bin\Release\netcoreapp1.1\openkit-dotnetcore-1.1.Tests.dll" adapterTypeName="executor://nunit3testexecutor/" className="Dynatrace.OpenKit.Core.Communication.BeaconSendingTerminalStateTest" name="TerminalStateIsNextStateIfTransitionFromTerminalStateOccurs" /></UnitTest><UnitTest name="StateIsNotTerminal" storage="c:\workspaces\openkit-dotnet\tests\openkit-dotnetcore-1.1.tests\bin\release\netcoreapp1.1\openkit-dotnetcore-1.1.tests.dll" id="c1b845df-6343-4e14-a1f5-7e9e4ed027b7"><Execution id="83659919-4fae-46f4-8b60-2fffe05dec9d" /><TestMethod codeBase="C:\workspaces\openkit-dotnet\tests\openkit-dotnetcore-1.1.Tests\bin\Release\netcoreapp1.1\openkit-dotnetcore-1.1.Tests.dll" adapterTypeName="executor://nunit3testexecutor/" className="Dynatrace.OpenKit.Core.Communication.BeaconSendingTimeSyncStateTest" name="StateIsNotTerminal" /></UnitTest><UnitTest name="DisposingAnActionLeavesTheAction" storage="c:\workspaces\openkit-dotnet\tests\openkit-dotnetcore-1.1.tests\bin\release\netcoreapp1.1\openkit-dotnetcore-1.1.tests.dll" id="070a3ff2-a25d-4a14-adf7-b465975d680d"><Execution id="3c37f1f0-426b-4c11-95c6-bc92c3ff1b37" /><TestMethod codeBase="C:\workspaces\openkit-dotnet\tests\openkit-dotnetcore-1.1.Tests\bin\Release\netcoreapp1.1\openkit-dotnetcore-1.1.Tests.dll" adapterTypeName="executor://nunit3testexecutor/" className="Dynatrace.OpenKit.Core.ActionTest" name="DisposingAnActionLeavesTheAction" /></UnitTest><UnitTest name="SendBeaconRequestWorksIfResponseIsNull" storage="c:\workspaces\openkit-dotnet\tests\openkit-dotnetcore-1.1.tests\bin\release\netcoreapp1.1\openkit-dotnetcore-1.1.tests.dll" id="1e98a186-3608-40e4-81f8-49f1e68c01bb"><Execution id="fd8d918e-b0e1-4328-9235-5ab696556547" /><TestMethod codeBase="C:\workspaces\openkit-dotnet\tests\openkit-dotnetcore-1.1.Tests\bin\Release\netcoreapp1.1\openkit-dotnetcore-1.1.Tests.dll" adapterTypeName="executor://nunit3testexecutor/" className="Dynatrace.OpenKit.Protocol.HTTPClientTest" name="SendBeaconRequestWorksIfResponseIsNull" /></UnitTest><UnitTest name="DefaultBeaconConfigurationSetsMultiplicityToOne" storage="c:\workspaces\openkit-dotnet\tests\openkit-dotnetcore-1.1.tests\bin\release\netcoreapp1.1\openkit-dotnetcore-1.1.tests.dll" id="ce197520-53d5-43a9-bea7-643e25b03b84"><Execution id="e0d613d4-3cb8-46d5-a01c-98ff4fd0d677" /><TestMethod codeBase="C:\workspaces\openkit-dotnet\tests\openkit-dotnetcore-1.1.Tests\bin\Release\netcoreapp1.1\openkit-dotnetcore-1.1.Tests.dll" adapterTypeName="executor://nunit3testexecutor/" className="Dynatrace.OpenKit.Protocol.BeaconTest" name="DefaultBeaconConfigurationSetsMultiplicityToOne" /></UnitTest><UnitTest name="StoppingABeaconCacheEvictorWhichIsNotAliveDoesNothing" storage="c:\workspaces\openkit-dotnet\tests\openkit-dotnetcore-1.1.tests\bin\release\netcoreapp1.1\openkit-dotnetcore-1.1.tests.dll" id="64d7b73a-5506-4758-979b-c38e9e6805a8"><Execution id="6c82a11e-7281-42d8-a3bd-894449c62c16" /><TestMethod codeBase="C:\workspaces\openkit-dotnet\tests\openkit-dotnetcore-1.1.Tests\bin\Release\netcoreapp1.1\openkit-dotnetcore-1.1.Tests.dll" adapterTypeName="executor://nunit3testexecutor/" className="Dynatrace.OpenKit.Core.Caching.BeaconCacheEvictorTest" name="StoppingABeaconCacheEvictorWhichIsNotAliveDoesNothing" /></UnitTest><UnitTest name="ExecuteEvictionLogsAMessageOnceAndReturnsIfStrategyIsDisabled" storage="c:\workspaces\openkit-dotnet\tests\openkit-dotnetcore-1.1.tests\bin\release\netcoreapp1.1\openkit-dotnetcore-1.1.tests.dll" id="6b1d7e2b-b570-472c-8aee-76d2f0f960d5"><Execution id="87fad0f5-fa4d-4c64-8777-cfcb828a3f92" /><TestMethod codeBase="C:\workspaces\openkit-dotnet\tests\openkit-dotnetcore-1.1.Tests\bin\Release\netcoreapp1.1\openkit-dotnetcore-1.1.Tests.dll" adapterTypeName="executor://nunit3testexecutor/" className="Dynatrace.OpenKit.Core.Caching.SpaceEvictionStrategyTest" name="ExecuteEvictionLogsAMessageOnceAndReturnsIfStrategyIsDisabled" /></UnitTest><UnitTest name="AddActionDataRaisesEvent" storage="c:\workspaces\openkit-dotnet\tests\openkit-dotnetcore-1.1.tests\bin\release\netcoreapp1.1\openkit-dotnetcore-1.1.tests.dll" id="cca3b1b5-b3b9-4661-b2ea-e1bbeb38685b"><Execution id="936d77ca-547e-4b02-b5d5-efecf9c2d4c1" /><TestMethod codeBase="C:\workspaces\openkit-dotnet\tests\openkit-dotnetcore-1.1.Tests\bin\Release\netcoreapp1.1\openkit-dotnetcore-1.1.Tests.dll" adapterTypeName="executor://nunit3testexecutor/" className="Dynatrace.OpenKit.Core.Caching.BeaconCacheTest" name="AddActionDataRaisesEvent" /></UnitTest><UnitTest name="RemoveOldestRecordsRemovesEventDataIfTopEventDataAndActionDataHaveSameTimestamp" storage="c:\workspaces\openkit-dotnet\tests\openkit-dotnetcore-1.1.tests\bin\release\netcoreapp1.1\openkit-dotnetcore-1.1.tests.dll" id="1e1da54f-e101-4c77-84e0-eee36d8c2e66"><Execution id="2b8e7ab3-79d4-4769-98a9-e2297f982d81" /><TestMethod codeBase="C:\workspaces\openkit-dotnet\tests\openkit-dotnetcore-1.1.Tests\bin\Release\netcoreapp1.1\openkit-dotnetcore-1.1.Tests.dll" adapterTypeName="executor://nunit3testexecutor/" className="Dynatrace.OpenKit.Core.Caching.BeaconCacheEntryTest" name="RemoveOldestRecordsRemovesEventDataIfTopEventDataAndActionDataHaveSameTimestamp" /></UnitTest><UnitTest name="ADefaultConstructedConfigurationDisablesDataCollection" storage="c:\workspaces\openkit-dotnet\tests\openkit-dotnetcore-1.1.tests\bin\release\netcoreapp1.1\openkit-dotnetcore-1.1.tests.dll" id="9daea350-3848-4d6b-8612-893d4429dd90"><Execution id="141ca677-f2d6-4bce-a370-4561fe703348" /><TestMethod codeBase="C:\workspaces\openkit-dotnet\tests\openkit-dotnetcore-1.1.Tests\bin\Release\netcoreapp1.1\openkit-dotnetcore-1.1.Tests.dll" adapterTypeName="executor://nunit3testexecutor/" className="Dynatrace.OpenKit.Core.Configuration.OpenKitConfigurationTest" name="ADefaultConstructedConfigurationDisablesDataCollection" /></UnitTest><UnitTest name="TerminalStateCallsShutdownOnExecution" storage="c:\workspaces\openkit-dotnet\tests\openkit-dotnetcore-1.1.tests\bin\release\netcoreapp1.1\openkit-dotnetcore-1.1.tests.dll" id="d9cc9e49-ca7f-4f65-b38e-5052c4f2ac97"><Execution id="0b543af6-e931-48b4-b473-00dfb222571a" /><TestMethod codeBase="C:\workspaces\openkit-dotnet\tests\openkit-dotnetcore-1.1.Tests\bin\Release\netcoreapp1.1\openkit-dotnetcore-1.1.Tests.dll" adapterTypeName="executor://nunit3testexecutor/" className="Dynatrace.OpenKit.Core.Communication.BeaconSendingTerminalStateTest" name="TerminalStateCallsShutdownOnExecution" /></UnitTest><UnitTest name="DoubleValueReportedForDataCollectionLevel2" storage="c:\workspaces\openkit-dotnet\tests\openkit-dotnetcore-1.1.tests\bin\release\netcoreapp1.1\openkit-dotnetcore-1.1.tests.dll" id="477d597f-9844-41e8-b4af-12534fec328c"><Execution id="beb25398-b977-43bf-9055-d053bc71377c" /><TestMethod codeBase="C:\workspaces\openkit-dotnet\tests\openkit-dotnetcore-1.1.Tests\bin\Release\netcoreapp1.1\openkit-dotnetcore-1.1.Tests.dll" adapterTypeName="executor://nunit3testexecutor/" className="Dynatrace.OpenKit.Protocol.BeaconTest" name="DoubleValueReportedForDataCollectionLevel2" /></UnitTest><UnitTest name="IpV6AddressLinkLocalIsValid" storage="c:\workspaces\openkit-dotnet\tests\openkit-dotnetcore-1.1.tests\bin\release\netcoreapp1.1\openkit-dotnetcore-1.1.tests.dll" id="234cafdf-7e58-4c8c-bd63-7333b6eaaac2"><Execution id="58186ffb-c499-47e4-bc4b-21367a247bff" /><TestMethod codeBase="C:\workspaces\openkit-dotnet\tests\openkit-dotnetcore-1.1.Tests\bin\Release\netcoreapp1.1\openkit-dotnetcore-1.1.Tests.dll" adapterTypeName="executor://nunit3testexecutor/" className="Dynatrace.OpenKit.Core.Util.InetAddressValidatorTest" name="IpV6AddressLinkLocalIsValid" /></UnitTest><UnitTest name="SetBytesSentDoesNotSetAnythingIfStopped" storage="c:\workspaces\openkit-dotnet\tests\openkit-dotnetcore-1.1.tests\bin\release\netcoreapp1.1\openkit-dotnetcore-1.1.tests.dll" id="b413ff8f-dc28-43bf-b155-7d10c30b8dee"><Execution id="5f8cbeaa-68f1-4728-9086-2154abc596b3" /><TestMethod codeBase="C:\workspaces\openkit-dotnet\tests\openkit-dotnetcore-1.1.Tests\bin\Release\netcoreapp1.1\openkit-dotnetcore-1.1.Tests.dll" adapterTypeName="executor://nunit3testexecutor/" className="Dynatrace.OpenKit.Core.WebRequestTracerBaseTest" name="SetBytesSentDoesNotSetAnythingIfStopped" /></UnitTest><UnitTest name="ShouldRunGivesFalseIfNumBytesInCacheIsLessThanUpperBoundLimit" storage="c:\workspaces\openkit-dotnet\tests\openkit-dotnetcore-1.1.tests\bin\release\netcoreapp1.1\openkit-dotnetcore-1.1.tests.dll" id="da95bcaf-ed9f-42fe-ba08-9fd486c98f90"><Execution id="1bc06e7c-f7cd-420c-b00f-dcf2b0460b63" /><TestMethod codeBase="C:\workspaces\openkit-dotnet\tests\openkit-dotnetcore-1.1.Tests\bin\Release\netcoreapp1.1\openkit-dotnetcore-1.1.Tests.dll" adapterTypeName="executor://nunit3testexecutor/" className="Dynatrace.OpenKit.Core.Caching.SpaceEvictionStrategyTest" name="ShouldRunGivesFalseIfNumBytesInCacheIsLessThanUpperBoundLimit" /></UnitTest><UnitTest name="ReportErrorDoesNothingIfErrorNameIsAnEmptyString" storage="c:\workspaces\openkit-dotnet\tests\openkit-dotnetcore-1.1.tests\bin\release\netcoreapp1.1\openkit-dotnetcore-1.1.tests.dll" id="cc1291ed-9ccd-4573-8756-a9ccc0a0d730"><Execution id="b374cfd1-c659-49fc-87a9-115ab8173042" /><TestMethod codeBase="C:\workspaces\openkit-dotnet\tests\openkit-dotnetcore-1.1.Tests\bin\Release\netcoreapp1.1\openkit-dotnetcore-1.1.Tests.dll" adapterTypeName="executor://nunit3testexecutor/" className="Dynatrace.OpenKit.Core.ActionTest" name="ReportErrorDoesNothingIfErrorNameIsAnEmptyString" /></UnitTest><UnitTest name="DebugDoesNotLogIfVerboseIsDisabled" storage="c:\workspaces\openkit-dotnet\tests\openkit-dotnetcore-1.1.tests\bin\release\netcoreapp1.1\openkit-dotnetcore-1.1.tests.dll" id="932243dc-b370-4ba2-aa94-a5e8c91eb3cd"><Execution id="930e805b-9b55-42c2-8efe-5eb58b378258" /><TestMethod codeBase="C:\workspaces\openkit-dotnet\tests\openkit-dotnetcore-1.1.Tests\bin\Release\netcoreapp1.1\openkit-dotnetcore-1.1.Tests.dll" adapterTypeName="executor://nunit3testexecutor/" className="Dynatrace.OpenKit.Core.DefaultLoggerTest" name="DebugDoesNotLogIfVerboseIsDisabled" /></UnitTest><UnitTest name="ShutdownStateIsTerminalStateForInitialTimeSync" storage="c:\workspaces\openkit-dotnet\tests\openkit-dotnetcore-1.1.tests\bin\release\netcoreapp1.1\openkit-dotnetcore-1.1.tests.dll" id="cdb28501-8350-4961-8e2b-790cdc5c203a"><Execution id="c9c84348-19ac-45c4-b3a6-c33b2e021039" /><TestMethod codeBase="C:\workspaces\openkit-dotnet\tests\openkit-dotnetcore-1.1.Tests\bin\Release\netcoreapp1.1\openkit-dotnetcore-1.1.Tests.dll" adapterTypeName="executor://nunit3testexecutor/" className="Dynatrace.OpenKit.Core.Communication.BeaconSendingTimeSyncStateTest" name="ShutdownStateIsTerminalStateForInitialTimeSync" /></UnitTest><UnitTest name="CanSleepLonger" storage="c:\workspaces\openkit-dotnet\tests\openkit-dotnetcore-1.1.tests\bin\release\netcoreapp1.1\openkit-dotnetcore-1.1.tests.dll" id="72127510-61b7-4a6b-b613-c8b8a45dc0f7"><Execution id="575e8228-4aea-47f6-a694-00b1e205ffd6" /><TestMethod codeBase="C:\workspaces\openkit-dotnet\tests\openkit-dotnetcore-1.1.Tests\bin\Release\netcoreapp1.1\openkit-dotnetcore-1.1.Tests.dll" adapterTypeName="executor://nunit3testexecutor/" className="Dynatrace.OpenKit.Core.Communication.BeaconSendingContextTest" name="CanSleepLonger" /></UnitTest><UnitTest name="GetRetryAfterReturnsParsedValue" storage="c:\workspaces\openkit-dotnet\tests\openkit-dotnetcore-1.1.tests\bin\release\netcoreapp1.1\openkit-dotnetcore-1.1.tests.dll" id="3ac3d5eb-e648-4159-ad67-6c5585c6a2fc"><Execution id="44b21288-6002-4d90-a026-d99503667eab" /><TestMethod codeBase="C:\workspaces\openkit-dotnet\tests\openkit-dotnetcore-1.1.Tests\bin\Release\netcoreapp1.1\openkit-dotnetcore-1.1.Tests.dll" adapterTypeName="executor://nunit3testexecutor/" className="Dynatrace.OpenKit.Protocol.ResponseTest" name="GetRetryAfterReturnsParsedValue" /></UnitTest><UnitTest name="IpV6AddressMixedNotationIsValid_ZerosIPv6Compressed" storage="c:\workspaces\openkit-dotnet\tests\openkit-dotnetcore-1.1.tests\bin\release\netcoreapp1.1\openkit-dotnetcore-1.1.tests.dll" id="9a1b3c3a-045a-4613-aca3-b3b986810c59"><Execution id="efec3ee0-1b62-459f-b8c9-c1e93eda50ac" /><TestMethod codeBase="C:\workspaces\openkit-dotnet\tests\openkit-dotnetcore-1.1.Tests\bin\Release\netcoreapp1.1\openkit-dotnetcore-1.1.Tests.dll" adapterTypeName="executor://nunit3testexecutor/" className="Dynatrace.OpenKit.Core.Util.InetAddressValidatorTest" name="IpV6AddressMixedNotationIsValid_ZerosIPv6Compressed" /></UnitTest><UnitTest name="TransitionToFlushStateIsPerformedOnShutdown" storage="c:\workspaces\openkit-dotnet\tests\openkit-dotnetcore-1.1.tests\bin\release\netcoreapp1.1\openkit-dotnetcore-1.1.tests.dll" id="20e7b362-9ba5-4543-802d-bbbf3c1ca57a"><Execution id="5e04abe8-78a2-4a5d-b68d-96afde7b5724" /><TestMethod codeBase="C:\workspaces\openkit-dotnet\tests\openkit-dotnetcore-1.1.Tests\bin\Release\netcoreapp1.1\openkit-dotnetcore-1.1.Tests.dll" adapterTypeName="executor://nunit3testexecutor/" className="Dynatrace.OpenKit.Core.Communication.BeaconSendingCaptureOnStateTest" name="TransitionToFlushStateIsPerformedOnShutdown" /></UnitTest><UnitTest name="CacheSizeLowerBound" storage="c:\workspaces\openkit-dotnet\tests\openkit-dotnetcore-1.1.tests\bin\release\netcoreapp1.1\openkit-dotnetcore-1.1.tests.dll" id="b41a2b82-020b-4fd0-8d6d-8d1041813dbf"><Execution id="6fc66375-7583-4568-b91c-1eddd28f13c5" /><TestMethod codeBase="C:\workspaces\openkit-dotnet\tests\openkit-dotnetcore-1.1.Tests\bin\Release\netcoreapp1.1\openkit-dotnetcore-1.1.Tests.dll" adapterTypeName="executor://nunit3testexecutor/" className="Dynatrace.OpenKit.Core.Configuration.BeaconCacheConfigurationTest" name="CacheSizeLowerBound" /></UnitTest><UnitTest name="ReportErrorDoesReportOnDataCollectionLevel1" storage="c:\workspaces\openkit-dotnet\tests\openkit-dotnetcore-1.1.tests\bin\release\netcoreapp1.1\openkit-dotnetcore-1.1.tests.dll" id="214c96a2-9e29-4c09-be80-c03ace12c055"><Execution id="d7a8b89d-3918-4048-9ed5-0b36e3791a11" /><TestMethod codeBase="C:\workspaces\openkit-dotnet\tests\openkit-dotnetcore-1.1.Tests\bin\Release\netcoreapp1.1\openkit-dotnetcore-1.1.Tests.dll" adapterTypeName="executor://nunit3testexecutor/" className="Dynatrace.OpenKit.Protocol.BeaconTest" name="ReportErrorDoesReportOnDataCollectionLevel1" /></UnitTest><UnitTest name="IfURLIsInvalidTheDefaultValueIsUsed" storage="c:\workspaces\openkit-dotnet\tests\openkit-dotnetcore-1.1.tests\bin\release\netcoreapp1.1\openkit-dotnetcore-1.1.tests.dll" id="e4d359bc-f8a8-48f3-bb6c-4ab26646425b"><Execution id="c4222cb9-7b46-485d-8811-1041035dc8a0" /><TestMethod codeBase="C:\workspaces\openkit-dotnet\tests\openkit-dotnetcore-1.1.Tests\bin\Release\netcoreapp1.1\openkit-dotnetcore-1.1.Tests.dll" adapterTypeName="executor://nunit3testexecutor/" className="Dynatrace.OpenKit.Core.WebRequestTracerStringURLTest" name="IfURLIsInvalidTheDefaultValueIsUsed" /></UnitTest><UnitTest name="IntValueNotReportedForDataCollectionLevel0" storage="c:\workspaces\openkit-dotnet\tests\openkit-dotnetcore-1.1.tests\bin\release\netcoreapp1.1\openkit-dotnetcore-1.1.tests.dll" id="9adb92b9-3e85-4b71-987d-cfde332410bb"><Execution id="51e9b11f-8cb4-4795-be18-cb992f29078f" /><TestMethod codeBase="C:\workspaces\openkit-dotnet\tests\openkit-dotnetcore-1.1.Tests\bin\Release\netcoreapp1.1\openkit-dotnetcore-1.1.Tests.dll" adapterTypeName="executor://nunit3testexecutor/" className="Dynatrace.OpenKit.Protocol.BeaconTest" name="IntValueNotReportedForDataCollectionLevel0" /></UnitTest><UnitTest name="CanGetHttpClient" storage="c:\workspaces\openkit-dotnet\tests\openkit-dotnetcore-1.1.tests\bin\release\netcoreapp1.1\openkit-dotnetcore-1.1.tests.dll" id="eecbb3ed-c449-454e-813d-d4b01e63e9b3"><Execution id="b2f9f616-ba15-4464-bad3-29da934df1db" /><TestMethod codeBase="C:\workspaces\openkit-dotnet\tests\openkit-dotnetcore-1.1.Tests\bin\Release\netcoreapp1.1\openkit-dotnetcore-1.1.Tests.dll" adapterTypeName="executor://nunit3testexecutor/" className="Dynatrace.OpenKit.Core.Communication.BeaconSendingContextTest" name="CanGetHttpClient" /></UnitTest><UnitTest name="LastRuntimeStampIsAdjustedDuringFirstExecution" storage="c:\workspaces\openkit-dotnet\tests\openkit-dotnetcore-1.1.tests\bin\release\netcoreapp1.1\openkit-dotnetcore-1.1.tests.dll" id="05cf39e7-9577-4044-a7ec-90ba99daaf2a"><Execution id="06143fb3-91fc-4f8b-88a8-507759e7aa35" /><TestMethod codeBase="C:\workspaces\openkit-dotnet\tests\openkit-dotnetcore-1.1.Tests\bin\Release\netcoreapp1.1\openkit-dotnetcore-1.1.Tests.dll" adapterTypeName="executor://nunit3testexecutor/" className="Dynatrace.OpenKit.Core.Caching.TimeEvicitionStrategyTest" name="LastRuntimeStampIsAdjustedDuringFirstExecution" /></UnitTest><UnitTest name="IpV6AddressLinkLocalIsInvalidIllegalNonHexCharacter" storage="c:\workspaces\openkit-dotnet\tests\openkit-dotnetcore-1.1.tests\bin\release\netcoreapp1.1\openkit-dotnetcore-1.1.tests.dll" id="a212ebdc-2c8e-493d-8c9f-3852317102c4"><Execution id="644c3323-7b67-4f07-a9cb-4df1dc68848b" /><TestMethod codeBase="C:\workspaces\openkit-dotnet\tests\openkit-dotnetcore-1.1.Tests\bin\Release\netcoreapp1.1\openkit-dotnetcore-1.1.Tests.dll" adapterTypeName="executor://nunit3testexecutor/" className="Dynatrace.OpenKit.Core.Util.InetAddressValidatorTest" name="IpV6AddressLinkLocalIsInvalidIllegalNonHexCharacter" /></UnitTest><UnitTest name="NoErrorIsReportedIfBeaconConfigurationDisablesCapturing" storage="c:\workspaces\openkit-dotnet\tests\openkit-dotnetcore-1.1.tests\bin\release\netcoreapp1.1\openkit-dotnetcore-1.1.tests.dll" id="fe2eaee7-d971-421e-94b5-6bd5d06afa02"><Execution id="d59f2c28-bec1-49f7-b740-19520f329d92" /><TestMethod codeBase="C:\workspaces\openkit-dotnet\tests\openkit-dotnetcore-1.1.Tests\bin\Release\netcoreapp1.1\openkit-dotnetcore-1.1.Tests.dll" adapterTypeName="executor://nunit3testexecutor/" className="Dynatrace.OpenKit.Protocol.BeaconTest" name="NoErrorIsReportedIfBeaconConfigurationDisablesCapturing" /></UnitTest><UnitTest name="IpV4AddressIsValidAllZero" storage="c:\workspaces\openkit-dotnet\tests\openkit-dotnetcore-1.1.tests\bin\release\netcoreapp1.1\openkit-dotnetcore-1.1.tests.dll" id="b666c072-0ee1-4d5c-92a3-e179ec81834c"><Execution id="170eaaff-6a58-481c-a2e1-6ebcafcb2891" /><TestMethod codeBase="C:\workspaces\openkit-dotnet\tests\openkit-dotnetcore-1.1.Tests\bin\Release\netcoreapp1.1\openkit-dotnetcore-1.1.Tests.dll" adapterTypeName="executor://nunit3testexecutor/" className="Dynatrace.OpenKit.Core.Util.InetAddressValidatorTest" name="IpV4AddressIsValidAllZero" /></UnitTest><UnitTest name="EndingASessionReturnsImmediatelyIfEndedBefore" storage="c:\workspaces\openkit-dotnet\tests\openkit-dotnetcore-1.1.tests\bin\release\netcoreapp1.1\openkit-dotnetcore-1.1.tests.dll" id="7d672f6b-2289-4d4c-ba29-86e903284ff3"><Execution id="363700af-80f0-46f4-b856-028d7102ea9d" /><TestMethod codeBase="C:\workspaces\openkit-dotnet\tests\openkit-dotnetcore-1.1.Tests\bin\Release\netcoreapp1.1\openkit-dotnetcore-1.1.Tests.dll" adapterTypeName="executor://nunit3testexecutor/" className="Dynatrace.OpenKit.Core.SessionTest" name="EndingASessionReturnsImmediatelyIfEndedBefore" /></UnitTest><UnitTest name="CanAddUserIdentifyEvent" storage="c:\workspaces\openkit-dotnet\tests\openkit-dotnetcore-1.1.tests\bin\release\netcoreapp1.1\openkit-dotnetcore-1.1.tests.dll" id="9a4789ea-ba11-4440-840f-340def6834c7"><Execution id="b1006c16-5ca6-4d97-ad47-7fc28048924d" /><TestMethod codeBase="C:\workspaces\openkit-dotnet\tests\openkit-dotnetcore-1.1.Tests\bin\Release\netcoreapp1.1\openkit-dotnetcore-1.1.Tests.dll" adapterTypeName="executor://nunit3testexecutor/" className="Dynatrace.OpenKit.Protocol.BeaconTest" name="CanAddUserIdentifyEvent" /></UnitTest><UnitTest name="TwoInstancesAreNotEqualIfTimestampDiffers" storage="c:\workspaces\openkit-dotnet\tests\openkit-dotnetcore-1.1.tests\bin\release\netcoreapp1.1\openkit-dotnetcore-1.1.tests.dll" id="8eeb25d7-acab-4475-afba-b354f2ff4967"><Execution id="19517060-d905-4bf4-90e3-06b15994782e" /><TestMethod codeBase="C:\workspaces\openkit-dotnet\tests\openkit-dotnetcore-1.1.Tests\bin\Release\netcoreapp1.1\openkit-dotnetcore-1.1.Tests.dll" adapterTypeName="executor://nunit3testexecutor/" className="Dynatrace.OpenKit.Core.Caching.BeaconCacheRecordTest" name="TwoInstancesAreNotEqualIfTimestampDiffers" /></UnitTest><UnitTest name="EvictRecordsByAgeDoesNothingAndReturnsZeroIfBeaconIDDoesNotExist" storage="c:\workspaces\openkit-dotnet\tests\openkit-dotnetcore-1.1.tests\bin\release\netcoreapp1.1\openkit-dotnetcore-1.1.tests.dll" id="c3d85f5c-9ef7-4ad1-9995-676ca3261cd0"><Execution id="0b693510-d0de-4a72-9701-24e507f39b79" /><TestMethod codeBase="C:\workspaces\openkit-dotnet\tests\openkit-dotnetcore-1.1.Tests\bin\Release\netcoreapp1.1\openkit-dotnetcore-1.1.Tests.dll" adapterTypeName="executor://nunit3testexecutor/" className="Dynatrace.OpenKit.Core.Caching.BeaconCacheTest" name="EvictRecordsByAgeDoesNothingAndReturnsZeroIfBeaconIDDoesNotExist" /></UnitTest><UnitTest name="SendNewSessionRequestWorksIfResponseIsNull" storage="c:\workspaces\openkit-dotnet\tests\openkit-dotnetcore-1.1.tests\bin\release\netcoreapp1.1\openkit-dotnetcore-1.1.tests.dll" id="4368ee7e-715b-4254-9fec-f606a19e3384"><Execution id="55918bd2-3c33-4d21-834c-1cd011a0cab1" /><TestMethod codeBase="C:\workspaces\openkit-dotnet\tests\openkit-dotnetcore-1.1.Tests\bin\Release\netcoreapp1.1\openkit-dotnetcore-1.1.Tests.dll" adapterTypeName="executor://nunit3testexecutor/" className="Dynatrace.OpenKit.Protocol.HTTPClientTest" name="SendNewSessionRequestWorksIfResponseIsNull" /></UnitTest><UnitTest name="ParsingMultiplictyWorks" storage="c:\workspaces\openkit-dotnet\tests\openkit-dotnetcore-1.1.tests\bin\release\netcoreapp1.1\openkit-dotnetcore-1.1.tests.dll" id="d4806e2e-a0db-4beb-af63-b4e2cf719b91"><Execution id="645018d8-cf3f-4720-9c14-4fb04bfff8ba" /><TestMethod codeBase="C:\workspaces\openkit-dotnet\tests\openkit-dotnetcore-1.1.Tests\bin\Release\netcoreapp1.1\openkit-dotnetcore-1.1.Tests.dll" adapterTypeName="executor://nunit3testexecutor/" className="Dynatrace.OpenKit.Protocol.StatusResponseTest" name="ParsingMultiplictyWorks" /></UnitTest><UnitTest name="ParsingTooBigMaxBeaconSizeOverflows" storage="c:\workspaces\openkit-dotnet\tests\openkit-dotnetcore-1.1.tests\bin\release\netcoreapp1.1\openkit-dotnetcore-1.1.tests.dll" id="0847cd66-3dc7-45bf-adff-1b69a0d8b2b3"><Execution id="b362a444-f8c8-430d-9d86-7577d2edfbe3" /><TestMethod codeBase="C:\workspaces\openkit-dotnet\tests\openkit-dotnetcore-1.1.Tests\bin\Release\netcoreapp1.1\openkit-dotnetcore-1.1.Tests.dll" adapterTypeName="executor://nunit3testexecutor/" className="Dynatrace.OpenKit.Protocol.StatusResponseTest" name="ParsingTooBigMaxBeaconSizeOverflows" /></UnitTest><UnitTest name="MultiplicityIsSetToZeroIfNoFurtherNewSessionRequestsAreAllowed" storage="c:\workspaces\openkit-dotnet\tests\openkit-dotnetcore-1.1.tests\bin\release\netcoreapp1.1\openkit-dotnetcore-1.1.tests.dll" id="64f0741f-9525-418f-bfde-4b96a4c7fb06"><Execution id="3072031b-afdd-40b3-909e-3a4d061b8200" /><TestMethod codeBase="C:\workspaces\openkit-dotnet\tests\openkit-dotnetcore-1.1.Tests\bin\Release\netcoreapp1.1\openkit-dotnetcore-1.1.Tests.dll" adapterTypeName="executor://nunit3testexecutor/" className="Dynatrace.OpenKit.Core.Communication.BeaconSendingCaptureOnStateTest" name="MultiplicityIsSetToZeroIfNoFurtherNewSessionRequestsAreAllowed" /></UnitTest><UnitTest name="StateIsNotTerminal" storage="c:\workspaces\openkit-dotnet\tests\openkit-dotnetcore-1.1.tests\bin\release\netcoreapp1.1\openkit-dotnetcore-1.1.tests.dll" id="cc292104-5ce5-4df0-b8a3-62f4563379fd"><Execution id="a4efe690-6d2e-4537-8645-d6071d5891c5" /><TestMethod codeBase="C:\workspaces\openkit-dotnet\tests\openkit-dotnetcore-1.1.Tests\bin\Release\netcoreapp1.1\openkit-dotnetcore-1.1.Tests.dll" adapterTypeName="executor://nunit3testexecutor/" className="Dynatrace.OpenKit.Core.Communication.BeaconSendingCaptureOnStateTest" name="StateIsNotTerminal" /></UnitTest><UnitTest name="ShouldRunGivesTrueIfNumBytesInCacheIsGreaterThanUpperBoundLimit" storage="c:\workspaces\openkit-dotnet\tests\openkit-dotnetcore-1.1.tests\bin\release\netcoreapp1.1\openkit-dotnetcore-1.1.tests.dll" id="2d08164b-1591-4075-b599-ec0b69fb75d9"><Execution id="c82e1acd-abfc-4edf-9734-51dad3cf8831" /><TestMethod codeBase="C:\workspaces\openkit-dotnet\tests\openkit-dotnetcore-1.1.Tests\bin\Release\netcoreapp1.1\openkit-dotnetcore-1.1.Tests.dll" adapterTypeName="executor://nunit3testexecutor/" className="Dynatrace.OpenKit.Core.Caching.SpaceEvictionStrategyTest" name="ShouldRunGivesTrueIfNumBytesInCacheIsGreaterThanUpperBoundLimit" /></UnitTest><UnitTest name="CreateTagReturnsTagStringForDataCollectionLevel2" storage="c:\workspaces\openkit-dotnet\tests\openkit-dotnetcore-1.1.tests\bin\release\netcoreapp1.1\openkit-dotnetcore-1.1.tests.dll" id="a028e4a8-ae30-4ea0-ba2b-af48a2c715ec"><Execution id="4f8e5870-3453-4e62-8503-705cf86a6521" /><TestMethod codeBase="C:\workspaces\openkit-dotnet\tests\openkit-dotnetcore-1.1.Tests\bin\Release\netcoreapp1.1\openkit-dotnetcore-1.1.Tests.dll" adapterTypeName="executor://nunit3testexecutor/" className="Dynatrace.OpenKit.Protocol.BeaconTest" name="CreateTagReturnsTagStringForDataCollectionLevel2" /></UnitTest><UnitTest name="ResetEventIsSetOnInitFailed" storage="c:\workspaces\openkit-dotnet\tests\openkit-dotnetcore-1.1.tests\bin\release\netcoreapp1.1\openkit-dotnetcore-1.1.tests.dll" id="7cca2633-95c8-4fd9-a659-b441b55bc719"><Execution id="0d9b942c-414c-4bb7-b77d-25a16f1a9225" /><TestMethod codeBase="C:\workspaces\openkit-dotnet\tests\openkit-dotnetcore-1.1.Tests\bin\Release\netcoreapp1.1\openkit-dotnetcore-1.1.Tests.dll" adapterTypeName="executor://nunit3testexecutor/" className="Dynatrace.OpenKit.Core.Communication.BeaconSendingContextTest" name="ResetEventIsSetOnInitFailed" /></UnitTest><UnitTest name="Timestamp" storage="c:\workspaces\openkit-dotnet\tests\openkit-dotnetcore-1.1.tests\bin\release\netcoreapp1.1\openkit-dotnetcore-1.1.tests.dll" id="fd5d3c51-c95b-4987-bbff-e990115859f9"><Execution id="b7adbf47-ce06-4840-9f4b-69a78194d7f2" /><TestMethod codeBase="C:\workspaces\openkit-dotnet\tests\openkit-dotnetcore-1.1.Tests\bin\Release\netcoreapp1.1\openkit-dotnetcore-1.1.Tests.dll" adapterTypeName="executor://nunit3testexecutor/" className="Dynatrace.OpenKit.Core.Caching.BeaconCacheRecordTest" name="Timestamp" /></UnitTest><UnitTest name="ReportErrorAcceptsNullReason" storage="c:\workspaces\openkit-dotnet\tests\openkit-dotnetcore-1.1.tests\bin\release\netcoreapp1.1\openkit-dotnetcore-1.1.tests.dll" id="842ae036-64d5-4b6e-a888-78c47ea6c8bc"><Execution id="358f8402-1e40-41b6-86da-a503a483da78" /><TestMethod codeBase="C:\workspaces\openkit-dotnet\tests\openkit-dotnetcore-1.1.Tests\bin\Release\netcoreapp1.1\openkit-dotnetcore-1.1.Tests.dll" adapterTypeName="executor://nunit3testexecutor/" className="Dynatrace.OpenKit.Core.ActionTest" name="ReportErrorAcceptsNullReason" /></UnitTest><UnitTest name="SendNewSessionRequestReturnsAnUnknownErrorResponseForUnparseableStatusResponse" storage="c:\workspaces\openkit-dotnet\tests\openkit-dotnetcore-1.1.tests\bin\release\netcoreapp1.1\openkit-dotnetcore-1.1.tests.dll" id="69af3e29-914b-4f7c-a170-7dd4517eddcb"><Execution id="19eafbd7-7561-4bf7-bba1-2710a24c2457" /><TestMethod codeBase="C:\workspaces\openkit-dotnet\tests\openkit-dotnetcore-1.1.Tests\bin\Release\netcoreapp1.1\openkit-dotnetcore-1.1.Tests.dll" adapterTypeName="executor://nunit3testexecutor/" className="Dynatrace.OpenKit.Protocol.HTTPClientTest" name="SendNewSessionRequestReturnsAnUnknownErrorResponseForUnparseableStatusResponse" /></UnitTest><UnitTest name="WebRequestIsReportedForDataCollectionLevel1" storage="c:\workspaces\openkit-dotnet\tests\openkit-dotnetcore-1.1.tests\bin\release\netcoreapp1.1\openkit-dotnetcore-1.1.tests.dll" id="b785df9e-7acd-4a6d-940a-4ce45b532c1f"><Execution id="6e012542-1e5e-4811-a00c-4189ea34f3b2" /><TestMethod codeBase="C:\workspaces\openkit-dotnet\tests\openkit-dotnetcore-1.1.Tests\bin\Release\netcoreapp1.1\openkit-dotnetcore-1.1.Tests.dll" adapterTypeName="executor://nunit3testexecutor/" className="Dynatrace.OpenKit.Protocol.BeaconTest" name="WebRequestIsReportedForDataCollectionLevel1" /></UnitTest><UnitTest name="CaptureErrorsIsFalseWhenItIsEqualToZero" storage="c:\workspaces\openkit-dotnet\tests\openkit-dotnetcore-1.1.tests\bin\release\netcoreapp1.1\openkit-dotnetcore-1.1.tests.dll" id="c34bd1d3-7378-44b2-9074-e497342dc074"><Execution id="d20923d6-9726-4421-b0ca-7fe4d13b778c" /><TestMethod codeBase="C:\workspaces\openkit-dotnet\tests\openkit-dotnetcore-1.1.Tests\bin\Release\netcoreapp1.1\openkit-dotnetcore-1.1.Tests.dll" adapterTypeName="executor://nunit3testexecutor/" className="Dynatrace.OpenKit.Protocol.StatusResponseTest" name="CaptureErrorsIsFalseWhenItIsEqualToZero" /></UnitTest><UnitTest name="IpV6AddressMixedNotationIsValidIPV6PartInvalid" storage="c:\workspaces\openkit-dotnet\tests\openkit-dotnetcore-1.1.tests\bin\release\netcoreapp1.1\openkit-dotnetcore-1.1.tests.dll" id="432546c9-a726-458b-9321-0bc0ff58633c"><Execution id="edf40956-ff67-4613-9a50-c18ddaa4868b" /><TestMethod codeBase="C:\workspaces\openkit-dotnet\tests\openkit-dotnetcore-1.1.Tests\bin\Release\netcoreapp1.1\openkit-dotnetcore-1.1.Tests.dll" adapterTypeName="executor://nunit3testexecutor/" className="Dynatrace.OpenKit.Core.Util.InetAddressValidatorTest" name="IpV6AddressMixedNotationIsValidIPV6PartInvalid" /></UnitTest><UnitTest name="DefaultSendIntervalIsMinusOne" storage="c:\workspaces\openkit-dotnet\tests\openkit-dotnetcore-1.1.tests\bin\release\netcoreapp1.1\openkit-dotnetcore-1.1.tests.dll" id="e21e7df1-789b-4372-8489-24925a94b6ec"><Execution id="2fe133bc-50e1-4c66-9cb9-557a1ff516dc" /><TestMethod codeBase="C:\workspaces\openkit-dotnet\tests\openkit-dotnetcore-1.1.Tests\bin\Release\netcoreapp1.1\openkit-dotnetcore-1.1.Tests.dll" adapterTypeName="executor://nunit3testexecutor/" className="Dynatrace.OpenKit.Protocol.StatusResponseTest" name="DefaultSendIntervalIsMinusOne" /></UnitTest><UnitTest name="AddEventDataIncreasesCacheSize" storage="c:\workspaces\openkit-dotnet\tests\openkit-dotnetcore-1.1.tests\bin\release\netcoreapp1.1\openkit-dotnetcore-1.1.tests.dll" id="7a7112c1-f3a8-49df-8fa9-43a713a361bc"><Execution id="d1bde53f-84b5-4e20-a94c-0365ae24f4e2" /><TestMethod codeBase="C:\workspaces\openkit-dotnet\tests\openkit-dotnetcore-1.1.Tests\bin\Release\netcoreapp1.1\openkit-dotnetcore-1.1.Tests.dll" adapterTypeName="executor://nunit3testexecutor/" className="Dynatrace.OpenKit.Core.Caching.BeaconCacheTest" name="AddEventDataIncreasesCacheSize" /></UnitTest><UnitTest name="GetRetryAfterReturnsDefaultValueIfResponseKeyDoesNotExist" storage="c:\workspaces\openkit-dotnet\tests\openkit-dotnetcore-1.1.tests\bin\release\netcoreapp1.1\openkit-dotnetcore-1.1.tests.dll" id="92bab606-ea04-457c-97e4-d800de8cf188"><Execution id="1ed5f790-a87c-40bb-8a3e-d37858678af6" /><TestMethod codeBase="C:\workspaces\openkit-dotnet\tests\openkit-dotnetcore-1.1.Tests\bin\Release\netcoreapp1.1\openkit-dotnetcore-1.1.Tests.dll" adapterTypeName="executor://nunit3testexecutor/" className="Dynatrace.OpenKit.Protocol.ResponseTest" name="GetRetryAfterReturnsDefaultValueIfResponseKeyDoesNotExist" /></UnitTest><UnitTest name="RemoveChunkedDataDoesNothingIfCalledWithNonExistingBeaconID" storage="c:\workspaces\openkit-dotnet\tests\openkit-dotnetcore-1.1.tests\bin\release\netcoreapp1.1\openkit-dotnetcore-1.1.tests.dll" id="e9f3d67a-514f-4d49-85c8-05062cbdbed0"><Execution id="8863c88a-9d56-4f56-99ba-117e422baa31" /><TestMethod codeBase="C:\workspaces\openkit-dotnet\tests\openkit-dotnetcore-1.1.Tests\bin\Release\netcoreapp1.1\openkit-dotnetcore-1.1.Tests.dll" adapterTypeName="executor://nunit3testexecutor/" className="Dynatrace.OpenKit.Core.Caching.BeaconCacheTest" name="RemoveChunkedDataDoesNothingIfCalledWithNonExistingBeaconID" /></UnitTest><UnitTest name="ParsingInvalidServerIDThrowsException" storage="c:\workspaces\openkit-dotnet\tests\openkit-dotnetcore-1.1.tests\bin\release\netcoreapp1.1\openkit-dotnetcore-1.1.tests.dll" id="4c7b40f8-fb14-4b1c-a80a-1dc7a2c3cef0"><Execution id="5c4432b0-e115-463c-92f0-89114fe2c900" /><TestMethod codeBase="C:\workspaces\openkit-dotnet\tests\openkit-dotnetcore-1.1.Tests\bin\Release\netcoreapp1.1\openkit-dotnetcore-1.1.Tests.dll" adapterTypeName="executor://nunit3testexecutor/" className="Dynatrace.OpenKit.Protocol.StatusResponseTest" name="ParsingInvalidServerIDThrowsException" /></UnitTest><UnitTest name="IpV4AddressIsInvalidDueToAdditionalCharacterInFourthBlock" storage="c:\workspaces\openkit-dotnet\tests\openkit-dotnetcore-1.1.tests\bin\release\netcoreapp1.1\openkit-dotnetcore-1.1.tests.dll" id="1a2e8c3f-18ff-4f53-a29f-c2c8044baaee"><Execution id="a604179b-a64f-40d6-b6f3-fe0b60091a93" /><TestMethod codeBase="C:\workspaces\openkit-dotnet\tests\openkit-dotnetcore-1.1.Tests\bin\Release\netcoreapp1.1\openkit-dotnetcore-1.1.Tests.dll" adapterTypeName="executor://nunit3testexecutor/" className="Dynatrace.OpenKit.Core.Util.InetAddressValidatorTest" name="IpV4AddressIsInvalidDueToAdditionalCharacterInFourthBlock" /></UnitTest><UnitTest name="SendStatusRequestHandlesNullResponsesSameAsErroneousResponses" storage="c:\workspaces\openkit-dotnet\tests\openkit-dotnetcore-1.1.tests\bin\release\netcoreapp1.1\openkit-dotnetcore-1.1.tests.dll" id="961c6665-e328-4f50-b2bc-239dcce95fbd"><Execution id="5473bc44-b2fe-4c5f-9611-29f35ab9b4a9" /><TestMethod codeBase="C:\workspaces\openkit-dotnet\tests\openkit-dotnetcore-1.1.Tests\bin\Release\netcoreapp1.1\openkit-dotnetcore-1.1.Tests.dll" adapterTypeName="executor://nunit3testexecutor/" className="Dynatrace.OpenKit.Core.Communication.BeaconSendingRequestUtilTest" name="SendStatusRequestHandlesNullResponsesSameAsErroneousResponses" /></UnitTest><UnitTest name="CanOverrideTrustManagerForDynatrace" storage="c:\workspaces\openkit-dotnet\tests\openkit-dotnetcore-1.1.tests\bin\release\netcoreapp1.1\openkit-dotnetcore-1.1.tests.dll" id="655dfd81-6d99-4a10-922c-c10971367fb1"><Execution id="20afdb6a-e29c-471a-87ad-b81771eed76f" /><TestMethod codeBase="C:\workspaces\openkit-dotnet\tests\openkit-dotnetcore-1.1.Tests\bin\Release\netcoreapp1.1\openkit-dotnetcore-1.1.Tests.dll" adapterTypeName="executor://nunit3testexecutor/" className="Dynatrace.OpenKit.OpenKitBuilderTest" name="CanOverrideTrustManagerForDynatrace" /></UnitTest><UnitTest name="ParsingInvalidResponseSendTimeThrowsException" storage="c:\workspaces\openkit-dotnet\tests\openkit-dotnetcore-1.1.tests\bin\release\netcoreapp1.1\openkit-dotnetcore-1.1.tests.dll" id="2a41596b-d8c0-4e8e-a0c0-01b8d8fe846f"><Execution id="2c64bba9-ce2f-4ad8-b3a4-be68ae68dd1a" /><TestMethod codeBase="C:\workspaces\openkit-dotnet\tests\openkit-dotnetcore-1.1.Tests\bin\Release\netcoreapp1.1\openkit-dotnetcore-1.1.Tests.dll" adapterTypeName="executor://nunit3testexecutor/" className="Dynatrace.OpenKit.Protocol.TimeSyncResponseTest" name="ParsingInvalidResponseSendTimeThrowsException" /></UnitTest><UnitTest name="InitCompleteIsCalledForInitialRequestOnFailure" storage="c:\workspaces\openkit-dotnet\tests\openkit-dotnetcore-1.1.tests\bin\release\netcoreapp1.1\openkit-dotnetcore-1.1.tests.dll" id="7e94e371-5936-417a-bff4-1f6a31c1d186"><Execution id="76b16300-8654-4dd6-ab3a-9e3fb7fefdb8" /><TestMethod codeBase="C:\workspaces\openkit-dotnet\tests\openkit-dotnetcore-1.1.Tests\bin\Release\netcoreapp1.1\openkit-dotnetcore-1.1.Tests.dll" adapterTypeName="executor://nunit3testexecutor/" className="Dynatrace.OpenKit.Core.Communication.BeaconSendingTimeSyncStateTest" name="InitCompleteIsCalledForInitialRequestOnFailure" /></UnitTest><UnitTest name="NoSessionIsAddedIfBeaconConfigurationDisablesCapturing" storage="c:\workspaces\openkit-dotnet\tests\openkit-dotnetcore-1.1.tests\bin\release\netcoreapp1.1\openkit-dotnetcore-1.1.tests.dll" id="15ac563e-fb23-4db7-8071-e1be38178587"><Execution id="249af780-85fd-433f-a9df-ceb140ed1303" /><TestMethod codeBase="C:\workspaces\openkit-dotnet\tests\openkit-dotnetcore-1.1.Tests\bin\Release\netcoreapp1.1\openkit-dotnetcore-1.1.Tests.dll" adapterTypeName="executor://nunit3testexecutor/" className="Dynatrace.OpenKit.Protocol.BeaconTest" name="NoSessionIsAddedIfBeaconConfigurationDisablesCapturing" /></UnitTest><UnitTest name="IsWarnEnabledIsTrueIfVerboseIsTrue" storage="c:\workspaces\openkit-dotnet\tests\openkit-dotnetcore-1.1.tests\bin\release\netcoreapp1.1\openkit-dotnetcore-1.1.tests.dll" id="d3043ae5-69c8-47b1-901e-bcc386026cde"><Execution id="d1e822da-e618-45a7-a3c1-a6036ccc8ab6" /><TestMethod codeBase="C:\workspaces\openkit-dotnet\tests\openkit-dotnetcore-1.1.Tests\bin\Release\netcoreapp1.1\openkit-dotnetcore-1.1.Tests.dll" adapterTypeName="executor://nunit3testexecutor/" className="Dynatrace.OpenKit.Core.DefaultLoggerTest" name="IsWarnEnabledIsTrueIfVerboseIsTrue" /></UnitTest><UnitTest name="ParsingSendInterval" storage="c:\workspaces\openkit-dotnet\tests\openkit-dotnetcore-1.1.tests\bin\release\netcoreapp1.1\openkit-dotnetcore-1.1.tests.dll" id="d9e2edcf-7430-4449-8810-e8561730078f"><Execution id="0b8d2c60-09f4-4948-b2eb-25df72bdef2d" /><TestMethod codeBase="C:\workspaces\openkit-dotnet\tests\openkit-dotnetcore-1.1.Tests\bin\Release\netcoreapp1.1\openkit-dotnetcore-1.1.Tests.dll" adapterTypeName="executor://nunit3testexecutor/" className="Dynatrace.OpenKit.Protocol.StatusResponseTest" name="ParsingSendInterval" /></UnitTest><UnitTest name="TimeSyncRequetsAreRetried" storage="c:\workspaces\openkit-dotnet\tests\openkit-dotnetcore-1.1.tests\bin\release\netcoreapp1.1\openkit-dotnetcore-1.1.tests.dll" id="c2cf4c5d-f71a-4954-b8ef-fb93351ffb1e"><Execution id="59eda92a-b292-4193-a5dc-ddfa80ac9f45" /><TestMethod codeBase="C:\workspaces\openkit-dotnet\tests\openkit-dotnetcore-1.1.Tests\bin\Release\netcoreapp1.1\openkit-dotnetcore-1.1.Tests.dll" adapterTypeName="executor://nunit3testexecutor/" className="Dynatrace.OpenKit.Core.Communication.BeaconSendingTimeSyncStateTest" name="TimeSyncRequetsAreRetried" /></UnitTest><UnitTest name="AnURLIsOnlySetInConstructorIfItIsValid" storage="c:\workspaces\openkit-dotnet\tests\openkit-dotnetcore-1.1.tests\bin\release\netcoreapp1.1\openkit-dotnetcore-1.1.tests.dll" id="d49718fb-2f5f-41db-a0a7-eae58512c143"><Execution id="c8f937fc-b145-4e63-bf09-e964a69cf5bf" /><TestMethod codeBase="C:\workspaces\openkit-dotnet\tests\openkit-dotnetcore-1.1.Tests\bin\Release\netcoreapp1.1\openkit-dotnetcore-1.1.Tests.dll" adapterTypeName="executor://nunit3testexecutor/" className="Dynatrace.OpenKit.Core.WebRequestTracerStringURLTest" name="AnURLIsOnlySetInConstructorIfItIsValid" /></UnitTest><UnitTest name="ReportIntValueDoesNothingIfActionIsLeft" storage="c:\workspaces\openkit-dotnet\tests\openkit-dotnetcore-1.1.tests\bin\release\netcoreapp1.1\openkit-dotnetcore-1.1.tests.dll" id="326e5536-8d7c-4987-8da8-f42217217b6d"><Execution id="4a6b599b-2a3a-421c-b791-2d8a28e07854" /><TestMethod codeBase="C:\workspaces\openkit-dotnet\tests\openkit-dotnetcore-1.1.Tests\bin\Release\netcoreapp1.1\openkit-dotnetcore-1.1.Tests.dll" adapterTypeName="executor://nunit3testexecutor/" className="Dynatrace.OpenKit.Core.ActionTest" name="ReportIntValueDoesNothingIfActionIsLeft" /></UnitTest><UnitTest name="TraceWebRequestGivesNullWebRequestTracerIfUrlIsNull" storage="c:\workspaces\openkit-dotnet\tests\openkit-dotnetcore-1.1.tests\bin\release\netcoreapp1.1\openkit-dotnetcore-1.1.tests.dll" id="02e53927-8dbb-4178-8e3b-ae5bbfdf2f28"><Execution id="cb754c3e-f4f2-45bf-a220-44913c52c1a0" /><TestMethod codeBase="C:\workspaces\openkit-dotnet\tests\openkit-dotnetcore-1.1.Tests\bin\Release\netcoreapp1.1\openkit-dotnetcore-1.1.Tests.dll" adapterTypeName="executor://nunit3testexecutor/" className="Dynatrace.OpenKit.Core.SessionTest" name="TraceWebRequestGivesNullWebRequestTracerIfUrlIsNull" /></UnitTest><UnitTest name="CapturingIsDisabledFromStatusResponse" storage="c:\workspaces\openkit-dotnet\tests\openkit-dotnetcore-1.1.tests\bin\release\netcoreapp1.1\openkit-dotnetcore-1.1.tests.dll" id="14af8b20-d50e-4bd0-8daf-e6fc473d85e6"><Execution id="236f4bd2-a475-4335-b9f7-7fa4f8b4df6d" /><TestMethod codeBase="C:\workspaces\openkit-dotnet\tests\openkit-dotnetcore-1.1.Tests\bin\Release\netcoreapp1.1\openkit-dotnetcore-1.1.Tests.dll" adapterTypeName="executor://nunit3testexecutor/" className="Dynatrace.OpenKit.Core.Configuration.OpenKitConfigurationTest" name="CapturingIsDisabledFromStatusResponse" /></UnitTest><UnitTest name="OpenSessionsAreNotSentIfSendIntervalIsNotExceeded" storage="c:\workspaces\openkit-dotnet\tests\openkit-dotnetcore-1.1.tests\bin\release\netcoreapp1.1\openkit-dotnetcore-1.1.tests.dll" id="67acd685-5ec6-4781-824f-cb186f6ae050"><Execution id="21f505c4-2c0c-4f99-9ff8-0459d176a506" /><TestMethod codeBase="C:\workspaces\openkit-dotnet\tests\openkit-dotnetcore-1.1.Tests\bin\Release\netcoreapp1.1\openkit-dotnetcore-1.1.Tests.dll" adapterTypeName="executor://nunit3testexecutor/" className="Dynatrace.OpenKit.Core.Communication.BeaconSendingCaptureOnStateTest" name="OpenSessionsAreNotSentIfSendIntervalIsNotExceeded" /></UnitTest><UnitTest name="Data" storage="c:\workspaces\openkit-dotnet\tests\openkit-dotnetcore-1.1.tests\bin\release\netcoreapp1.1\openkit-dotnetcore-1.1.tests.dll" id="b9d16f20-d8d1-4b10-92a7-404ce759313d"><Execution id="140fac49-e8bd-4235-9e09-975dfa8d967c" /><TestMethod codeBase="C:\workspaces\openkit-dotnet\tests\openkit-dotnetcore-1.1.Tests\bin\Release\netcoreapp1.1\openkit-dotnetcore-1.1.Tests.dll" adapterTypeName="executor://nunit3testexecutor/" className="Dynatrace.OpenKit.Core.Caching.BeaconCacheRecordTest" name="Data" /></UnitTest><UnitTest name="ReportStringValueWithValueBeingNullWorks" storage="c:\workspaces\openkit-dotnet\tests\openkit-dotnetcore-1.1.tests\bin\release\netcoreapp1.1\openkit-dotnetcore-1.1.tests.dll" id="f179cf90-6183-4b04-81d6-c9fdda5bbd6a"><Execution id="8a7327b6-cd2b-43ca-8ae7-6427fe16b293" /><TestMethod codeBase="C:\workspaces\openkit-dotnet\tests\openkit-dotnetcore-1.1.Tests\bin\Release\netcoreapp1.1\openkit-dotnetcore-1.1.Tests.dll" adapterTypeName="executor://nunit3testexecutor/" className="Dynatrace.OpenKit.Core.ActionTest" name="ReportStringValueWithValueBeingNullWorks" /></UnitTest><UnitTest name="NotEqualInstancesHaveDifferentHashCode" storage="c:\workspaces\openkit-dotnet\tests\openkit-dotnetcore-1.1.tests\bin\release\netcoreapp1.1\openkit-dotnetcore-1.1.tests.dll" id="03f12510-3862-45ff-984b-9797b136304a"><Execution id="2a049205-ab00-42cc-813d-6e1209e5bedc" /><TestMethod codeBase="C:\workspaces\openkit-dotnet\tests\openkit-dotnetcore-1.1.Tests\bin\Release\netcoreapp1.1\openkit-dotnetcore-1.1.Tests.dll" adapterTypeName="executor://nunit3testexecutor/" className="Dynatrace.OpenKit.Core.Caching.BeaconCacheRecordTest" name="NotEqualInstancesHaveDifferentHashCode" /></UnitTest><UnitTest name="ResetDataMarkedForSendingMovesPreviouslyCopiedDataBack" storage="c:\workspaces\openkit-dotnet\tests\openkit-dotnetcore-1.1.tests\bin\release\netcoreapp1.1\openkit-dotnetcore-1.1.tests.dll" id="4e591fa3-c89a-488b-ad84-57dbe5c360a3"><Execution id="4fb062e4-f2b1-4f76-8141-d950837153f8" /><TestMethod codeBase="C:\workspaces\openkit-dotnet\tests\openkit-dotnetcore-1.1.Tests\bin\Release\netcoreapp1.1\openkit-dotnetcore-1.1.Tests.dll" adapterTypeName="executor://nunit3testexecutor/" className="Dynatrace.OpenKit.Core.Caching.BeaconCacheEntryTest" name="ResetDataMarkedForSendingMovesPreviouslyCopiedDataBack" /></UnitTest><UnitTest name="ADefaultConstructedInstanceHasNoData" storage="c:\workspaces\openkit-dotnet\tests\openkit-dotnetcore-1.1.tests\bin\release\netcoreapp1.1\openkit-dotnetcore-1.1.tests.dll" id="4e416c56-6c91-4209-9e5e-71b8eea89960"><Execution id="ba137709-a608-4a7d-9df4-bb61a619a2bf" /><TestMethod codeBase="C:\workspaces\openkit-dotnet\tests\openkit-dotnetcore-1.1.Tests\bin\Release\netcoreapp1.1\openkit-dotnetcore-1.1.Tests.dll" adapterTypeName="executor://nunit3testexecutor/" className="Dynatrace.OpenKit.Core.Caching.BeaconCacheEntryTest" name="ADefaultConstructedInstanceHasNoData" /></UnitTest><UnitTest name="WarningLogsAppropriateMessage" storage="c:\workspaces\openkit-dotnet\tests\openkit-dotnetcore-1.1.tests\bin\release\netcoreapp1.1\openkit-dotnetcore-1.1.tests.dll" id="c278879c-b231-49ce-ae29-1b728630e265"><Execution id="0e76be20-7159-4fcf-9361-5a95e2f41767" /><TestMethod codeBase="C:\workspaces\openkit-dotnet\tests\openkit-dotnetcore-1.1.Tests\bin\Release\netcoreapp1.1\openkit-dotnetcore-1.1.Tests.dll" adapterTypeName="executor://nunit3testexecutor/" className="Dynatrace.OpenKit.Core.DefaultLoggerTest" name="WarningLogsAppropriateMessage" /></UnitTest><UnitTest name="TraceWebRequestGivesValidWebRequestTracer" storage="c:\workspaces\openkit-dotnet\tests\openkit-dotnetcore-1.1.tests\bin\release\netcoreapp1.1\openkit-dotnetcore-1.1.tests.dll" id="a3918bf8-b4a4-4377-bfa5-43e41d7bdafc"><Execution id="cbfa7ab9-2353-4dc1-bc50-8ae4ef7d01cc" /><TestMethod codeBase="C:\workspaces\openkit-dotnet\tests\openkit-dotnetcore-1.1.Tests\bin\Release\netcoreapp1.1\openkit-dotnetcore-1.1.Tests.dll" adapterTypeName="executor://nunit3testexecutor/" className="Dynatrace.OpenKit.Core.SessionTest" name="TraceWebRequestGivesValidWebRequestTracer" /></UnitTest><UnitTest name="ipV4AddressIsInvalidDueToIllegalValueNegative" storage="c:\workspaces\openkit-dotnet\tests\openkit-dotnetcore-1.1.tests\bin\release\netcoreapp1.1\openkit-dotnetcore-1.1.tests.dll" id="8c8bdd46-32ef-4dae-b798-a89ad21db99a"><Execution id="44b0a595-64ce-4955-b888-98541e6a16ae" /><TestMethod codeBase="C:\workspaces\openkit-dotnet\tests\openkit-dotnetcore-1.1.Tests\bin\Release\netcoreapp1.1\openkit-dotnetcore-1.1.Tests.dll" adapterTypeName="executor://nunit3testexecutor/" className="Dynatrace.OpenKit.Core.Util.InetAddressValidatorTest" name="ipV4AddressIsInvalidDueToIllegalValueNegative" /></UnitTest><UnitTest name="IsInitializedGetsValueFromContext" storage="c:\workspaces\openkit-dotnet\tests\openkit-dotnetcore-1.1.tests\bin\release\netcoreapp1.1\openkit-dotnetcore-1.1.tests.dll" id="cbf4d894-0c3c-4ddb-b3c9-40d7081a604d"><Execution id="2144db28-7738-4bda-a244-f2e77da884cb" /><TestMethod codeBase="C:\workspaces\openkit-dotnet\tests\openkit-dotnetcore-1.1.Tests\bin\Release\netcoreapp1.1\openkit-dotnetcore-1.1.Tests.dll" adapterTypeName="executor://nunit3testexecutor/" className="Dynatrace.OpenKit.Core.BeaconSenderTest" name="IsInitializedGetsValueFromContext" /></UnitTest><UnitTest name="IsEmptyGivesTrueIfBeaconDoesNotContainActiveData" storage="c:\workspaces\openkit-dotnet\tests\openkit-dotnetcore-1.1.tests\bin\release\netcoreapp1.1\openkit-dotnetcore-1.1.tests.dll" id="01a9d274-de44-4597-9e2e-84f264d75a53"><Execution id="1aad7a64-d10f-4660-a321-2ebc5b800c5f" /><TestMethod codeBase="C:\workspaces\openkit-dotnet\tests\openkit-dotnetcore-1.1.Tests\bin\Release\netcoreapp1.1\openkit-dotnetcore-1.1.Tests.dll" adapterTypeName="executor://nunit3testexecutor/" className="Dynatrace.OpenKit.Core.Caching.BeaconCacheTest" name="IsEmptyGivesTrueIfBeaconDoesNotContainActiveData" /></UnitTest><UnitTest name="SendTimeSyncRequestReturnsAnUnknownErrorResponseForWrongHttpResponse" storage="c:\workspaces\openkit-dotnet\tests\openkit-dotnetcore-1.1.tests\bin\release\netcoreapp1.1\openkit-dotnetcore-1.1.tests.dll" id="6eec1c10-1c73-4a86-be14-f283966c413c"><Execution id="ed19ca56-dd59-4199-8dd2-b57c0665c2f5" /><TestMethod codeBase="C:\workspaces\openkit-dotnet\tests\openkit-dotnetcore-1.1.Tests\bin\Release\netcoreapp1.1\openkit-dotnetcore-1.1.Tests.dll" adapterTypeName="executor://nunit3testexecutor/" className="Dynatrace.OpenKit.Protocol.HTTPClientTest" name="SendTimeSyncRequestReturnsAnUnknownErrorResponseForWrongHttpResponse" /></UnitTest><UnitTest name="LeavingAnActionRemovesItselfFromListPassedInCtor" storage="c:\workspaces\openkit-dotnet\tests\openkit-dotnetcore-1.1.tests\bin\release\netcoreapp1.1\openkit-dotnetcore-1.1.tests.dll" id="8bceeaf3-8e20-4308-ae82-5db394468f0a"><Execution id="c917afaa-d603-4968-9ccb-e1db27eb1e3a" /><TestMethod codeBase="C:\workspaces\openkit-dotnet\tests\openkit-dotnetcore-1.1.Tests\bin\Release\netcoreapp1.1\openkit-dotnetcore-1.1.Tests.dll" adapterTypeName="executor://nunit3testexecutor/" className="Dynatrace.OpenKit.Core.ActionTest" name="LeavingAnActionRemovesItselfFromListPassedInCtor" /></UnitTest><UnitTest name="HeadersAreSet" storage="c:\workspaces\openkit-dotnet\tests\openkit-dotnetcore-1.1.tests\bin\release\netcoreapp1.1\openkit-dotnetcore-1.1.tests.dll" id="85283755-336a-4153-b4dc-0dca7e0a30a8"><Execution id="f655a2de-884a-405f-acbc-3b6000a41e96" /><TestMethod codeBase="C:\workspaces\openkit-dotnet\tests\openkit-dotnetcore-1.1.Tests\bin\Release\netcoreapp1.1\openkit-dotnetcore-1.1.Tests.dll" adapterTypeName="executor://nunit3testexecutor/" className="Dynatrace.OpenKit.Protocol.ResponseTest" name="HeadersAreSet" /></UnitTest><UnitTest name="IsEmptyGivesFalseIfBeaconDataSizeIsNotEqualToZero" storage="c:\workspaces\openkit-dotnet\tests\openkit-dotnetcore-1.1.tests\bin\release\netcoreapp1.1\openkit-dotnetcore-1.1.tests.dll" id="e77fe145-6829-4221-b5c1-aa0dec086b8d"><Execution id="b49aef88-d8fe-4776-b313-52e403a1ccee" /><TestMethod codeBase="C:\workspaces\openkit-dotnet\tests\openkit-dotnetcore-1.1.Tests\bin\Release\netcoreapp1.1\openkit-dotnetcore-1.1.Tests.dll" adapterTypeName="executor://nunit3testexecutor/" className="Dynatrace.OpenKit.Core.Caching.BeaconCacheTest" name="IsEmptyGivesFalseIfBeaconDataSizeIsNotEqualToZero" /></UnitTest><UnitTest name="CreateTagReturnsEmptyStringForDataCollectionLevel0" storage="c:\workspaces\openkit-dotnet\tests\openkit-dotnetcore-1.1.tests\bin\release\netcoreapp1.1\openkit-dotnetcore-1.1.tests.dll" id="5e1cca7c-ae70-4370-b2aa-416031bf67f8"><Execution id="81ab20a1-5702-4a54-bb55-5f2f7997f801" /><TestMethod codeBase="C:\workspaces\openkit-dotnet\tests\openkit-dotnetcore-1.1.Tests\bin\Release\netcoreapp1.1\openkit-dotnetcore-1.1.Tests.dll" adapterTypeName="executor://nunit3testexecutor/" className="Dynatrace.OpenKit.Protocol.BeaconTest" name="CreateTagReturnsEmptyStringForDataCollectionLevel0" /></UnitTest><UnitTest name="SessionStartIsReportedForDataCollectionLevel0" storage="c:\workspaces\openkit-dotnet\tests\openkit-dotnetcore-1.1.tests\bin\release\netcoreapp1.1\openkit-dotnetcore-1.1.tests.dll" id="47bd6b48-6cba-411d-aeee-890779a51d36"><Execution id="0ab0f631-9d0e-486b-8565-3b158f691098" /><TestMethod codeBase="C:\workspaces\openkit-dotnet\tests\openkit-dotnetcore-1.1.Tests\bin\Release\netcoreapp1.1\openkit-dotnetcore-1.1.Tests.dll" adapterTypeName="executor://nunit3testexecutor/" className="Dynatrace.OpenKit.Protocol.BeaconTest" name="SessionStartIsReportedForDataCollectionLevel0" /></UnitTest><UnitTest name="RequestReceiveTimeIsParsed" storage="c:\workspaces\openkit-dotnet\tests\openkit-dotnetcore-1.1.tests\bin\release\netcoreapp1.1\openkit-dotnetcore-1.1.tests.dll" id="3cdda292-8a13-41d3-962d-d4b5d4921932"><Execution id="d5849f06-b852-41e4-820a-7944e990d716" /><TestMethod codeBase="C:\workspaces\openkit-dotnet\tests\openkit-dotnetcore-1.1.Tests\bin\Release\netcoreapp1.1\openkit-dotnetcore-1.1.Tests.dll" adapterTypeName="executor://nunit3testexecutor/" className="Dynatrace.OpenKit.Protocol.TimeSyncResponseTest" name="RequestReceiveTimeIsParsed" /></UnitTest><UnitTest name="NoActionIsAddedIfBeaconConfigurationDisablesCapturing" storage="c:\workspaces\openkit-dotnet\tests\openkit-dotnetcore-1.1.tests\bin\release\netcoreapp1.1\openkit-dotnetcore-1.1.tests.dll" id="1c6c8a0e-6834-4adf-b6e9-11aa740b3895"><Execution id="93d0c7c5-a372-4f20-96f3-7a6a8f3d40be" /><TestMethod codeBase="C:\workspaces\openkit-dotnet\tests\openkit-dotnetcore-1.1.Tests\bin\Release\netcoreapp1.1\openkit-dotnetcore-1.1.Tests.dll" adapterTypeName="executor://nunit3testexecutor/" className="Dynatrace.OpenKit.Protocol.BeaconTest" name="NoActionIsAddedIfBeaconConfigurationDisablesCapturing" /></UnitTest><UnitTest name="SendBeaconRequestSendsGzipCompressedDataIfNonNullDataWasGiven" storage="c:\workspaces\openkit-dotnet\tests\openkit-dotnetcore-1.1.tests\bin\release\netcoreapp1.1\openkit-dotnetcore-1.1.tests.dll" id="88e7df2e-1baf-40bc-b1b4-22234a09cf18"><Execution id="97f2340d-1ec9-4ed2-8625-27e30f29805d" /><TestMethod codeBase="C:\workspaces\openkit-dotnet\tests\openkit-dotnetcore-1.1.Tests\bin\Release\netcoreapp1.1\openkit-dotnetcore-1.1.Tests.dll" adapterTypeName="executor://nunit3testexecutor/" className="Dynatrace.OpenKit.Protocol.HTTPClientTest" name="SendBeaconRequestSendsGzipCompressedDataIfNonNullDataWasGiven" /></UnitTest><UnitTest name="AfterASessionHasBeenConfiguredItsOpenAndConfigured" storage="c:\workspaces\openkit-dotnet\tests\openkit-dotnetcore-1.1.tests\bin\release\netcoreapp1.1\openkit-dotnetcore-1.1.tests.dll" id="04ad2870-cecc-446a-9e3a-4175979e66fb"><Execution id="f605a4fd-3950-415b-a6c6-22fede48058f" /><TestMethod codeBase="C:\workspaces\openkit-dotnet\tests\openkit-dotnetcore-1.1.Tests\bin\Release\netcoreapp1.1\openkit-dotnetcore-1.1.Tests.dll" adapterTypeName="executor://nunit3testexecutor/" className="Dynatrace.OpenKit.Core.Communication.BeaconSendingContextTest" name="AfterASessionHasBeenConfiguredItsOpenAndConfigured" /></UnitTest><UnitTest name="SetResponseCodeSetsTheResponseCode" storage="c:\workspaces\openkit-dotnet\tests\openkit-dotnetcore-1.1.tests\bin\release\netcoreapp1.1\openkit-dotnetcore-1.1.tests.dll" id="7dbe31f5-b789-44ca-be7b-91e69b5b1e9f"><Execution id="c658dfac-4c97-4dd6-835e-bef0678fcccc" /><TestMethod codeBase="C:\workspaces\openkit-dotnet\tests\openkit-dotnetcore-1.1.Tests\bin\Release\netcoreapp1.1\openkit-dotnetcore-1.1.Tests.dll" adapterTypeName="executor://nunit3testexecutor/" className="Dynatrace.OpenKit.Core.WebRequestTracerBaseTest" name="SetResponseCodeSetsTheResponseCode" /></UnitTest><UnitTest name="ExecuteEvictionDoesNotLogIfStrategyIsDisabledAndInfoIsDisabledInLogger" storage="c:\workspaces\openkit-dotnet\tests\openkit-dotnetcore-1.1.tests\bin\release\netcoreapp1.1\openkit-dotnetcore-1.1.tests.dll" id="e8c5d695-7683-49d0-9c3f-9d04a042d518"><Execution id="671bd1de-0a1f-4511-a724-4156be55b04f" /><TestMethod codeBase="C:\workspaces\openkit-dotnet\tests\openkit-dotnetcore-1.1.Tests\bin\Release\netcoreapp1.1\openkit-dotnetcore-1.1.Tests.dll" adapterTypeName="executor://nunit3testexecutor/" className="Dynatrace.OpenKit.Core.Caching.TimeEvicitionStrategyTest" name="ExecuteEvictionDoesNotLogIfStrategyIsDisabledAndInfoIsDisabledInLogger" /></UnitTest><UnitTest name="IdentifyUserDoesNotReportOnDataCollectionLevel0" storage="c:\workspaces\openkit-dotnet\tests\openkit-dotnetcore-1.1.tests\bin\release\netcoreapp1.1\openkit-dotnetcore-1.1.tests.dll" id="25afd430-cbc5-49ff-99af-415301e9521e"><Execution id="6424d6ae-5eba-4236-922b-537c120093e8" /><TestMethod codeBase="C:\workspaces\openkit-dotnet\tests\openkit-dotnetcore-1.1.Tests\bin\Release\netcoreapp1.1\openkit-dotnetcore-1.1.Tests.dll" adapterTypeName="executor://nunit3testexecutor/" className="Dynatrace.OpenKit.Protocol.BeaconTest" name="IdentifyUserDoesNotReportOnDataCollectionLevel0" /></UnitTest><UnitTest name="DebugLogsAppropriateMessage" storage="c:\workspaces\openkit-dotnet\tests\openkit-dotnetcore-1.1.tests\bin\release\netcoreapp1.1\openkit-dotnetcore-1.1.tests.dll" id="fdf8d35e-6853-4af7-b916-9338138760af"><Execution id="36c15228-969e-4a99-a2b0-77920ce9e565" /><TestMethod codeBase="C:\workspaces\openkit-dotnet\tests\openkit-dotnetcore-1.1.Tests\bin\Release\netcoreapp1.1\openkit-dotnetcore-1.1.Tests.dll" adapterTypeName="executor://nunit3testexecutor/" className="Dynatrace.OpenKit.Core.DefaultLoggerTest" name="DebugLogsAppropriateMessage" /></UnitTest><UnitTest name="AValidSchemeOnlyContainsLettersDigitsPlusPeriodOrHyphen" storage="c:\workspaces\openkit-dotnet\tests\openkit-dotnetcore-1.1.tests\bin\release\netcoreapp1.1\openkit-dotnetcore-1.1.tests.dll" id="295331ce-bf85-470a-8c54-e0cad86088c7"><Execution id="5f7ea198-b5ca-4872-9152-e168b270fe61" /><TestMethod codeBase="C:\workspaces\openkit-dotnet\tests\openkit-dotnetcore-1.1.Tests\bin\Release\netcoreapp1.1\openkit-dotnetcore-1.1.Tests.dll" adapterTypeName="executor://nunit3testexecutor/" className="Dynatrace.OpenKit.Core.WebRequestTracerStringURLTest" name="AValidSchemeOnlyContainsLettersDigitsPlusPeriodOrHyphen" /></UnitTest><UnitTest name="DeviceIDIsRandomizedOnDataCollectionLevel0" storage="c:\workspaces\openkit-dotnet\tests\openkit-dotnetcore-1.1.tests\bin\release\netcoreapp1.1\openkit-dotnetcore-1.1.tests.dll" id="b9f53fbc-45bb-48a9-a168-a98d872c5400"><Execution id="d1a8b379-1065-4696-8804-b3d00e9ed936" /><TestMethod codeBase="C:\workspaces\openkit-dotnet\tests\openkit-dotnetcore-1.1.Tests\bin\Release\netcoreapp1.1\openkit-dotnetcore-1.1.Tests.dll" adapterTypeName="executor://nunit3testexecutor/" className="Dynatrace.OpenKit.Protocol.BeaconTest" name="DeviceIDIsRandomizedOnDataCollectionLevel0" /></UnitTest><UnitTest name="IpV4AddressIsValidHighestPossible" storage="c:\workspaces\openkit-dotnet\tests\openkit-dotnetcore-1.1.tests\bin\release\netcoreapp1.1\openkit-dotnetcore-1.1.tests.dll" id="00698e57-c30e-4225-b049-d49f5eef1d34"><Execution id="bcd1f849-549d-4b53-bfa2-9c263ac832c7" /><TestMethod codeBase="C:\workspaces\openkit-dotnet\tests\openkit-dotnetcore-1.1.Tests\bin\Release\netcoreapp1.1\openkit-dotnetcore-1.1.Tests.dll" adapterTypeName="executor://nunit3testexecutor/" className="Dynatrace.OpenKit.Core.Util.InetAddressValidatorTest" name="IpV4AddressIsValidHighestPossible" /></UnitTest><UnitTest name="CanAddRootActionIfCaptureIsOn" storage="c:\workspaces\openkit-dotnet\tests\openkit-dotnetcore-1.1.tests\bin\release\netcoreapp1.1\openkit-dotnetcore-1.1.tests.dll" id="a15ea69c-7ee3-4a63-b2af-4914cd7c5ca6"><Execution id="efb12048-87a4-48be-af15-61adda0deaae" /><TestMethod codeBase="C:\workspaces\openkit-dotnet\tests\openkit-dotnetcore-1.1.Tests\bin\Release\netcoreapp1.1\openkit-dotnetcore-1.1.Tests.dll" adapterTypeName="executor://nunit3testexecutor/" className="Dynatrace.OpenKit.Protocol.BeaconTest" name="CanAddRootActionIfCaptureIsOn" /></UnitTest><UnitTest name="GetChunkGetsChunksFromEventDataBeforeActionData" storage="c:\workspaces\openkit-dotnet\tests\openkit-dotnetcore-1.1.tests\bin\release\netcoreapp1.1\openkit-dotnetcore-1.1.tests.dll" id="8c85ed56-4b33-4e6c-b5d2-39885bc1c743"><Execution id="cc8cbda8-2d43-4f9b-bcf6-148e1f011d4d" /><TestMethod codeBase="C:\workspaces\openkit-dotnet\tests\openkit-dotnetcore-1.1.Tests\bin\Release\netcoreapp1.1\openkit-dotnetcore-1.1.Tests.dll" adapterTypeName="executor://nunit3testexecutor/" className="Dynatrace.OpenKit.Core.Caching.BeaconCacheEntryTest" name="GetChunkGetsChunksFromEventDataBeforeActionData" /></UnitTest><UnitTest name="ExecuteEvictionLogsEvictionResultIfDebugIsEnabled" storage="c:\workspaces\openkit-dotnet\tests\openkit-dotnetcore-1.1.tests\bin\release\netcoreapp1.1\openkit-dotnetcore-1.1.tests.dll" id="9210fde4-36b0-4d9c-816f-7c9403a112c8"><Execution id="4fdcc6b9-6a28-4e71-989f-b33e8098243f" /><TestMethod codeBase="C:\workspaces\openkit-dotnet\tests\openkit-dotnetcore-1.1.Tests\bin\Release\netcoreapp1.1\openkit-dotnetcore-1.1.Tests.dll" adapterTypeName="executor://nunit3testexecutor/" className="Dynatrace.OpenKit.Core.Caching.SpaceEvictionStrategyTest" name="ExecuteEvictionLogsEvictionResultIfDebugIsEnabled" /></UnitTest><UnitTest name="RandomDeviceIDCannotBeNegativeOnDataCollectionLevel0" storage="c:\workspaces\openkit-dotnet\tests\openkit-dotnetcore-1.1.tests\bin\release\netcoreapp1.1\openkit-dotnetcore-1.1.tests.dll" id="53deca7d-968e-48b9-aefd-d476f68137fa"><Execution id="8be79e0f-e23d-4fe5-94e3-96555ff80025" /><TestMethod codeBase="C:\workspaces\openkit-dotnet\tests\openkit-dotnetcore-1.1.Tests\bin\Release\netcoreapp1.1\openkit-dotnetcore-1.1.Tests.dll" adapterTypeName="executor://nunit3testexecutor/" className="Dynatrace.OpenKit.Protocol.BeaconTest" name="RandomDeviceIDCannotBeNegativeOnDataCollectionLevel0" /></UnitTest><UnitTest name="WaitForInitWhenWithTimeoutFailed" storage="c:\workspaces\openkit-dotnet\tests\openkit-dotnetcore-1.1.tests\bin\release\netcoreapp1.1\openkit-dotnetcore-1.1.tests.dll" id="51551a66-5d94-4631-9d1e-6a34b338e896"><Execution id="9cc82511-3f9a-4ed1-872e-1a779ff9cff3" /><TestMethod codeBase="C:\workspaces\openkit-dotnet\tests\openkit-dotnetcore-1.1.Tests\bin\Release\netcoreapp1.1\openkit-dotnetcore-1.1.Tests.dll" adapterTypeName="executor://nunit3testexecutor/" className="Dynatrace.OpenKit.Core.Communication.BeaconSendingContextTest" name="WaitForInitWhenWithTimeoutFailed" /></UnitTest><UnitTest name="NeedsDataCopyBeforeChunkingGivesFalseAfterDataHasBeenCopied" storage="c:\workspaces\openkit-dotnet\tests\openkit-dotnetcore-1.1.tests\bin\release\netcoreapp1.1\openkit-dotnetcore-1.1.tests.dll" id="c86fced8-f549-4be4-a57c-532283237ed5"><Execution id="8d8b81a9-49b7-4a1c-9882-b671f35aa609" /><TestMethod codeBase="C:\workspaces\openkit-dotnet\tests\openkit-dotnetcore-1.1.Tests\bin\Release\netcoreapp1.1\openkit-dotnetcore-1.1.Tests.dll" adapterTypeName="executor://nunit3testexecutor/" className="Dynatrace.OpenKit.Core.Caching.BeaconCacheEntryTest" name="NeedsDataCopyBeforeChunkingGivesFalseAfterDataHasBeenCopied" /></UnitTest><UnitTest name="GetDataCollectionLevel" storage="c:\workspaces\openkit-dotnet\tests\openkit-dotnetcore-1.1.tests\bin\release\netcoreapp1.1\openkit-dotnetcore-1.1.tests.dll" id="cfce2886-c981-40d9-af6f-e3a55c764fd3"><Execution id="2152f82a-53b5-4234-a151-f11a960b0e7f" /><TestMethod codeBase="C:\workspaces\openkit-dotnet\tests\openkit-dotnetcore-1.1.Tests\bin\Release\netcoreapp1.1\openkit-dotnetcore-1.1.Tests.dll" adapterTypeName="executor://nunit3testexecutor/" className="Dynatrace.OpenKit.Core.Configuration.BeaconConfigurationTest" name="GetDataCollectionLevel" /></UnitTest><UnitTest name="ToStringReturnsTheStateName" storage="c:\workspaces\openkit-dotnet\tests\openkit-dotnetcore-1.1.tests\bin\release\netcoreapp1.1\openkit-dotnetcore-1.1.tests.dll" id="50347b86-6c08-47c0-98bf-50b609c5bac8"><Execution id="d7484b39-d0bc-43d1-aac8-9d2edca268f6" /><TestMethod codeBase="C:\workspaces\openkit-dotnet\tests\openkit-dotnetcore-1.1.Tests\bin\Release\netcoreapp1.1\openkit-dotnetcore-1.1.Tests.dll" adapterTypeName="executor://nunit3testexecutor/" className="Dynatrace.OpenKit.Core.Communication.BeaconSendingInitStateTest" name="ToStringReturnsTheStateName" /></UnitTest><UnitTest name="TwoInstancesAreNotEqualIfMarkedForSendingDiffers" storage="c:\workspaces\openkit-dotnet\tests\openkit-dotnetcore-1.1.tests\bin\release\netcoreapp1.1\openkit-dotnetcore-1.1.tests.dll" id="3f0d0e0a-02a2-4178-ab07-1e8f79d69c8d"><Execution id="a21dcfef-1c4d-49fa-9e9e-e5c89a132364" /><TestMethod codeBase="C:\workspaces\openkit-dotnet\tests\openkit-dotnetcore-1.1.Tests\bin\Release\netcoreapp1.1\openkit-dotnetcore-1.1.Tests.dll" adapterTypeName="executor://nunit3testexecutor/" className="Dynatrace.OpenKit.Core.Caching.BeaconCacheRecordTest" name="TwoInstancesAreNotEqualIfMarkedForSendingDiffers" /></UnitTest><UnitTest name="ADefaultConstructedSessionWrapperCanSendRequests" storage="c:\workspaces\openkit-dotnet\tests\openkit-dotnetcore-1.1.tests\bin\release\netcoreapp1.1\openkit-dotnetcore-1.1.tests.dll" id="35e1ed60-854a-41f7-9d40-cee17f6c39c4"><Execution id="0e19376c-386e-4dbd-b1f3-f2f36c83fbac" /><TestMethod codeBase="C:\workspaces\openkit-dotnet\tests\openkit-dotnetcore-1.1.Tests\bin\Release\netcoreapp1.1\openkit-dotnetcore-1.1.Tests.dll" adapterTypeName="executor://nunit3testexecutor/" className="Dynatrace.OpenKit.Core.Communication.SessionWrapperTest" name="ADefaultConstructedSessionWrapperCanSendRequests" /></UnitTest><UnitTest name="NoDoubleValueIsReportedIfBeaconConfigurationDisablesCapturing" storage="c:\workspaces\openkit-dotnet\tests\openkit-dotnetcore-1.1.tests\bin\release\netcoreapp1.1\openkit-dotnetcore-1.1.tests.dll" id="d0aa6680-4fad-4cdd-8ff7-f1800948b34a"><Execution id="a904fd0f-18dc-4b66-8932-64271627d33c" /><TestMethod codeBase="C:\workspaces\openkit-dotnet\tests\openkit-dotnetcore-1.1.Tests\bin\Release\netcoreapp1.1\openkit-dotnetcore-1.1.Tests.dll" adapterTypeName="executor://nunit3testexecutor/" className="Dynatrace.OpenKit.Protocol.BeaconTest" name="NoDoubleValueIsReportedIfBeaconConfigurationDisablesCapturing" /></UnitTest><UnitTest name="ActionReportedForDataCollectionLevel1" storage="c:\workspaces\openkit-dotnet\tests\openkit-dotnetcore-1.1.tests\bin\release\netcoreapp1.1\openkit-dotnetcore-1.1.tests.dll" id="5d0dbdfe-50b1-493d-95f0-416b2614c8d4"><Execution id="cbd07ba4-d17e-437a-be1f-dabde3a4c477" /><TestMethod codeBase="C:\workspaces\openkit-dotnet\tests\openkit-dotnetcore-1.1.Tests\bin\Release\netcoreapp1.1\openkit-dotnetcore-1.1.Tests.dll" adapterTypeName="executor://nunit3testexecutor/" className="Dynatrace.OpenKit.Protocol.BeaconTest" name="ActionReportedForDataCollectionLevel1" /></UnitTest><UnitTest name="StartSetsTheStartTime" storage="c:\workspaces\openkit-dotnet\tests\openkit-dotnetcore-1.1.tests\bin\release\netcoreapp1.1\openkit-dotnetcore-1.1.tests.dll" id="7cdf630c-b6b6-4b93-a74e-3a360c9e53dd"><Execution id="c4c94d15-27cb-4679-a989-3f37717e38fc" /><TestMethod codeBase="C:\workspaces\openkit-dotnet\tests\openkit-dotnetcore-1.1.Tests\bin\Release\netcoreapp1.1\openkit-dotnetcore-1.1.Tests.dll" adapterTypeName="executor://nunit3testexecutor/" className="Dynatrace.OpenKit.Core.WebRequestTracerBaseTest" name="StartSetsTheStartTime" /></UnitTest><UnitTest name="ANewlyCreatedSessionIsNotEnded" storage="c:\workspaces\openkit-dotnet\tests\openkit-dotnetcore-1.1.tests\bin\release\netcoreapp1.1\openkit-dotnetcore-1.1.tests.dll" id="acac10c0-101a-4997-99d1-03bc896b5134"><Execution id="11f19b04-487d-45c1-b973-5bfa611a80b9" /><TestMethod codeBase="C:\workspaces\openkit-dotnet\tests\openkit-dotnetcore-1.1.Tests\bin\Release\netcoreapp1.1\openkit-dotnetcore-1.1.Tests.dll" adapterTypeName="executor://nunit3testexecutor/" className="Dynatrace.OpenKit.Core.SessionTest" name="ANewlyCreatedSessionIsNotEnded" /></UnitTest><UnitTest name="ToStringReturnsTheStateName" storage="c:\workspaces\openkit-dotnet\tests\openkit-dotnetcore-1.1.tests\bin\release\netcoreapp1.1\openkit-dotnetcore-1.1.tests.dll" id="f6dc802c-07e3-475b-b9fb-d45aaedb632d"><Execution id="f6ea1362-9153-466d-9da3-536bc5648211" /><TestMethod codeBase="C:\workspaces\openkit-dotnet\tests\openkit-dotnetcore-1.1.Tests\bin\Release\netcoreapp1.1\openkit-dotnetcore-1.1.Tests.dll" adapterTypeName="executor://nunit3testexecutor/" className="Dynatrace.OpenKit.Core.Communication.BeaconSendingTimeSyncStateTest" name="ToStringReturnsTheStateName" /></UnitTest><UnitTest name="ReportStringValueDoesNothingIfValueNameIsNull" storage="c:\workspaces\openkit-dotnet\tests\openkit-dotnetcore-1.1.tests\bin\release\netcoreapp1.1\openkit-dotnetcore-1.1.tests.dll" id="88a29562-1103-40a8-9fc5-ac42e94c93db"><Execution id="680b5515-bdc7-4b85-b57f-328389aea2b5" /><TestMethod codeBase="C:\workspaces\openkit-dotnet\tests\openkit-dotnetcore-1.1.Tests\bin\Release\netcoreapp1.1\openkit-dotnetcore-1.1.Tests.dll" adapterTypeName="executor://nunit3testexecutor/" className="Dynatrace.OpenKit.Core.ActionTest" name="ReportStringValueDoesNothingIfValueNameIsNull" /></UnitTest><UnitTest name="IdentifyUserDoesNothingIfUserTagIsAnEmptyString" storage="c:\workspaces\openkit-dotnet\tests\openkit-dotnetcore-1.1.tests\bin\release\netcoreapp1.1\openkit-dotnetcore-1.1.tests.dll" id="6a5ffc1f-1837-4a9b-a359-a254b1b7c239"><Execution id="68834dae-33d3-4cde-a2fc-778b642b3bd3" /><TestMethod codeBase="C:\workspaces\openkit-dotnet\tests\openkit-dotnetcore-1.1.Tests\bin\Release\netcoreapp1.1\openkit-dotnetcore-1.1.Tests.dll" adapterTypeName="executor://nunit3testexecutor/" className="Dynatrace.OpenKit.Core.SessionTest" name="IdentifyUserDoesNothingIfUserTagIsAnEmptyString" /></UnitTest><UnitTest name="WhenBeaconConfigurationIsSetSendingIsAllowedIfMultiplicityIsGreaterThanZero" storage="c:\workspaces\openkit-dotnet\tests\openkit-dotnetcore-1.1.tests\bin\release\netcoreapp1.1\openkit-dotnetcore-1.1.tests.dll" id="7374b302-3c09-4457-8697-3ad19515835b"><Execution id="3e7770cd-835e-438b-a5c6-e65c08b16804" /><TestMethod codeBase="C:\workspaces\openkit-dotnet\tests\openkit-dotnetcore-1.1.Tests\bin\Release\netcoreapp1.1\openkit-dotnetcore-1.1.Tests.dll" adapterTypeName="executor://nunit3testexecutor/" className="Dynatrace.OpenKit.Core.Communication.SessionWrapperTest" name="WhenBeaconConfigurationIsSetSendingIsAllowedIfMultiplicityIsGreaterThanZero" /></UnitTest><UnitTest name="AfterAFinishedSessionHasBeenConfiguredItsFinishedAndConfigured" storage="c:\workspaces\openkit-dotnet\tests\openkit-dotnetcore-1.1.tests\bin\release\netcoreapp1.1\openkit-dotnetcore-1.1.tests.dll" id="a85d6a3d-b946-4507-a480-d5e4bceac5e1"><Execution id="27925044-4027-4872-a3ba-6952fd8428fe" /><TestMethod codeBase="C:\workspaces\openkit-dotnet\tests\openkit-dotnetcore-1.1.Tests\bin\Release\netcoreapp1.1\openkit-dotnetcore-1.1.Tests.dll" adapterTypeName="executor://nunit3testexecutor/" className="Dynatrace.OpenKit.Core.Communication.BeaconSendingContextTest" name="AfterAFinishedSessionHasBeenConfiguredItsFinishedAndConfigured" /></UnitTest><UnitTest name="IsErrorEnabledIsTrueIfVerboseIsTrue" storage="c:\workspaces\openkit-dotnet\tests\openkit-dotnetcore-1.1.tests\bin\release\netcoreapp1.1\openkit-dotnetcore-1.1.tests.dll" id="150303cc-f88d-4cc0-8945-4aff8af30fc5"><Execution id="3bdb0cd4-8b14-44a0-a3bc-5ada4039c112" /><TestMethod codeBase="C:\workspaces\openkit-dotnet\tests\openkit-dotnetcore-1.1.Tests\bin\Release\netcoreapp1.1\openkit-dotnetcore-1.1.Tests.dll" adapterTypeName="executor://nunit3testexecutor/" className="Dynatrace.OpenKit.Core.DefaultLoggerTest" name="IsErrorEnabledIsTrueIfVerboseIsTrue" /></UnitTest><UnitTest name="ServerIDIsParsed" storage="c:\workspaces\openkit-dotnet\tests\openkit-dotnetcore-1.1.tests\bin\release\netcoreapp1.1\openkit-dotnetcore-1.1.tests.dll" id="e983c4b6-9c23-43c7-8f0c-ff499ef2b556"><Execution id="c161ee76-1ca5-4980-b443-98d65284226b" /><TestMethod codeBase="C:\workspaces\openkit-dotnet\tests\openkit-dotnetcore-1.1.Tests\bin\Release\netcoreapp1.1\openkit-dotnetcore-1.1.Tests.dll" adapterTypeName="executor://nunit3testexecutor/" className="Dynatrace.OpenKit.Protocol.StatusResponseTest" name="ServerIDIsParsed" /></UnitTest><UnitTest name="NoUserIdentificationIsReportedIfBeaconConfigurationDisablesCapturing" storage="c:\workspaces\openkit-dotnet\tests\openkit-dotnetcore-1.1.tests\bin\release\netcoreapp1.1\openkit-dotnetcore-1.1.tests.dll" id="c872c035-fb53-45b9-8b88-d3146ca44508"><Execution id="bab75c11-7eb6-4767-8cc2-ca0a6a1ca187" /><TestMethod codeBase="C:\workspaces\openkit-dotnet\tests\openkit-dotnetcore-1.1.Tests\bin\Release\netcoreapp1.1\openkit-dotnetcore-1.1.Tests.dll" adapterTypeName="executor://nunit3testexecutor/" className="Dynatrace.OpenKit.Protocol.BeaconTest" name="NoUserIdentificationIsReportedIfBeaconConfigurationDisablesCapturing" /></UnitTest><UnitTest name="NoWebRequestIsReportedIfBeaconConfigurationDisablesCapturing" storage="c:\workspaces\openkit-dotnet\tests\openkit-dotnetcore-1.1.tests\bin\release\netcoreapp1.1\openkit-dotnetcore-1.1.tests.dll" id="29eb4a91-2992-42c7-a382-4f497254a142"><Execution id="be574507-b886-4a84-93e1-4dc668962511" /><TestMethod codeBase="C:\workspaces\openkit-dotnet\tests\openkit-dotnetcore-1.1.Tests\bin\Release\netcoreapp1.1\openkit-dotnetcore-1.1.Tests.dll" adapterTypeName="executor://nunit3testexecutor/" className="Dynatrace.OpenKit.Protocol.BeaconTest" name="NoWebRequestIsReportedIfBeaconConfigurationDisablesCapturing" /></UnitTest><UnitTest name="ReportEvent" storage="c:\workspaces\openkit-dotnet\tests\openkit-dotnetcore-1.1.tests\bin\release\netcoreapp1.1\openkit-dotnetcore-1.1.tests.dll" id="2e9a64c9-69d7-4f26-b2d2-0829a32d3570"><Execution id="e86592c8-0167-4637-a9f4-e34a45de2073" /><TestMethod codeBase="C:\workspaces\openkit-dotnet\tests\openkit-dotnetcore-1.1.Tests\bin\Release\netcoreapp1.1\openkit-dotnetcore-1.1.Tests.dll" adapterTypeName="executor://nunit3testexecutor/" className="Dynatrace.OpenKit.Core.ActionTest" name="ReportEvent" /></UnitTest><UnitTest name="StateTransitionToCaptureOffIsMadeIfTooManyRequestsResponseIsReceived" storage="c:\workspaces\openkit-dotnet\tests\openkit-dotnetcore-1.1.tests\bin\release\netcoreapp1.1\openkit-dotnetcore-1.1.tests.dll" id="660a19ca-85ac-420f-9f7f-8c1c94bbdfc5"><Execution id="1d6cbcb2-913d-4004-bfeb-da863c8957d0" /><TestMethod codeBase="C:\workspaces\openkit-dotnet\tests\openkit-dotnetcore-1.1.Tests\bin\Release\netcoreapp1.1\openkit-dotnetcore-1.1.Tests.dll" adapterTypeName="executor://nunit3testexecutor/" className="Dynatrace.OpenKit.Core.Communication.BeaconSendingTimeSyncStateTest" name="StateTransitionToCaptureOffIsMadeIfTooManyRequestsResponseIsReceived" /></UnitTest><UnitTest name="AfterLeavingAnActionItIsLeft" storage="c:\workspaces\openkit-dotnet\tests\openkit-dotnetcore-1.1.tests\bin\release\netcoreapp1.1\openkit-dotnetcore-1.1.tests.dll" id="162b5137-8470-4f07-9625-4d23e7fb3c10"><Execution id="f7c6a5a8-a014-45a6-bd61-b047e4a4a582" /><TestMethod codeBase="C:\workspaces\openkit-dotnet\tests\openkit-dotnetcore-1.1.Tests\bin\Release\netcoreapp1.1\openkit-dotnetcore-1.1.Tests.dll" adapterTypeName="executor://nunit3testexecutor/" className="Dynatrace.OpenKit.Core.ActionTest" name="AfterLeavingAnActionItIsLeft" /></UnitTest><UnitTest name="ReportCrashDoesNothingIfErrorNameIsNull" storage="c:\workspaces\openkit-dotnet\tests\openkit-dotnetcore-1.1.tests\bin\release\netcoreapp1.1\openkit-dotnetcore-1.1.tests.dll" id="9b51946f-9ea0-44c0-ba9f-bdf23cf5f19d"><Execution id="56f385a3-b5c7-433c-8e1d-662ed422d034" /><TestMethod codeBase="C:\workspaces\openkit-dotnet\tests\openkit-dotnetcore-1.1.Tests\bin\Release\netcoreapp1.1\openkit-dotnetcore-1.1.Tests.dll" adapterTypeName="executor://nunit3testexecutor/" className="Dynatrace.OpenKit.Core.SessionTest" name="ReportCrashDoesNothingIfErrorNameIsNull" /></UnitTest><UnitTest name="ByDefaultBeaconConfigurationIsNotSet" storage="c:\workspaces\openkit-dotnet\tests\openkit-dotnetcore-1.1.tests\bin\release\netcoreapp1.1\openkit-dotnetcore-1.1.tests.dll" id="0570a76f-6ce5-47e7-bd22-555bbec8042a"><Execution id="578eeb62-41f3-4063-913c-76cc28f9bb0c" /><TestMethod codeBase="C:\workspaces\openkit-dotnet\tests\openkit-dotnetcore-1.1.Tests\bin\Release\netcoreapp1.1\openkit-dotnetcore-1.1.Tests.dll" adapterTypeName="executor://nunit3testexecutor/" className="Dynatrace.OpenKit.Core.Communication.SessionWrapperTest" name="ByDefaultBeaconConfigurationIsNotSet" /></UnitTest><UnitTest name="DefaultServerIDIsMinusOne" storage="c:\workspaces\openkit-dotnet\tests\openkit-dotnetcore-1.1.tests\bin\release\netcoreapp1.1\openkit-dotnetcore-1.1.tests.dll" id="4c9839b3-d1a8-4aa3-8f1f-662ffde54efb"><Execution id="a74d893a-52e5-4d2e-a487-0fbd3b5c93cd" /><TestMethod codeBase="C:\workspaces\openkit-dotnet\tests\openkit-dotnetcore-1.1.Tests\bin\Release\netcoreapp1.1\openkit-dotnetcore-1.1.Tests.dll" adapterTypeName="executor://nunit3testexecutor/" className="Dynatrace.OpenKit.Protocol.StatusResponseTest" name="DefaultServerIDIsMinusOne" /></UnitTest><UnitTest name="CapturingIsAllowedWhenMultiplicityIsGreaterThanZero" storage="c:\workspaces\openkit-dotnet\tests\openkit-dotnetcore-1.1.tests\bin\release\netcoreapp1.1\openkit-dotnetcore-1.1.tests.dll" id="b9052334-86d8-40f2-819b-fcd36b022893"><Execution id="142071d0-d6e4-4ef9-bbdf-2bbf1b0a1021" /><TestMethod codeBase="C:\workspaces\openkit-dotnet\tests\openkit-dotnetcore-1.1.Tests\bin\Release\netcoreapp1.1\openkit-dotnetcore-1.1.Tests.dll" adapterTypeName="executor://nunit3testexecutor/" className="Dynatrace.OpenKit.Core.Configuration.BeaconConfigurationTest" name="CapturingIsAllowedWhenMultiplicityIsGreaterThanZero" /></UnitTest><UnitTest name="AValidSchemeDoesNotStartWithADigit" storage="c:\workspaces\openkit-dotnet\tests\openkit-dotnetcore-1.1.tests\bin\release\netcoreapp1.1\openkit-dotnetcore-1.1.tests.dll" id="a8fe8dd3-d68e-479c-b416-30792e22d88d"><Execution id="29cd3b5a-6e91-48c6-9370-79d54d1719e6" /><TestMethod codeBase="C:\workspaces\openkit-dotnet\tests\openkit-dotnetcore-1.1.Tests\bin\Release\netcoreapp1.1\openkit-dotnetcore-1.1.Tests.dll" adapterTypeName="executor://nunit3testexecutor/" className="Dynatrace.OpenKit.Core.WebRequestTracerStringURLTest" name="AValidSchemeDoesNotStartWithADigit" /></UnitTest><UnitTest name="IsErroneousResponseGivesTrueForErrorCodeGreaterThan400" storage="c:\workspaces\openkit-dotnet\tests\openkit-dotnetcore-1.1.tests\bin\release\netcoreapp1.1\openkit-dotnetcore-1.1.tests.dll" id="259a0f61-e646-4646-8213-14073503c412"><Execution id="fc5a2bab-77d2-4c34-b5e5-1a664202bd0a" /><TestMethod codeBase="C:\workspaces\openkit-dotnet\tests\openkit-dotnetcore-1.1.Tests\bin\Release\netcoreapp1.1\openkit-dotnetcore-1.1.Tests.dll" adapterTypeName="executor://nunit3testexecutor/" className="Dynatrace.OpenKit.Protocol.ResponseTest" name="IsErroneousResponseGivesTrueForErrorCodeGreaterThan400" /></UnitTest><UnitTest name="CaptureIsFalseWhenItIsNotEqualToOne" storage="c:\workspaces\openkit-dotnet\tests\openkit-dotnetcore-1.1.tests\bin\release\netcoreapp1.1\openkit-dotnetcore-1.1.tests.dll" id="3ec908ff-61b2-4694-b404-05ec51fb314c"><Execution id="759d37ad-1c3b-4a41-80a9-32dc75883c56" /><TestMethod codeBase="C:\workspaces\openkit-dotnet\tests\openkit-dotnetcore-1.1.Tests\bin\Release\netcoreapp1.1\openkit-dotnetcore-1.1.Tests.dll" adapterTypeName="executor://nunit3testexecutor/" className="Dynatrace.OpenKit.Protocol.StatusResponseTest" name="CaptureIsFalseWhenItIsNotEqualToOne" /></UnitTest><UnitTest name="IsWarnEnabledIsTrueIfVerboseIsFalse" storage="c:\workspaces\openkit-dotnet\tests\openkit-dotnetcore-1.1.tests\bin\release\netcoreapp1.1\openkit-dotnetcore-1.1.tests.dll" id="2d6fc1de-ff44-4cb2-bc01-25f5d26508b3"><Execution id="1aa8e64c-1de5-48e2-8d24-6e23a81d32da" /><TestMethod codeBase="C:\workspaces\openkit-dotnet\tests\openkit-dotnetcore-1.1.Tests\bin\Release\netcoreapp1.1\openkit-dotnetcore-1.1.Tests.dll" adapterTypeName="executor://nunit3testexecutor/" className="Dynatrace.OpenKit.Core.DefaultLoggerTest" name="IsWarnEnabledIsTrueIfVerboseIsFalse" /></UnitTest><UnitTest name="RemoveOldestRecordsDoesNotRemoveAnythingFromEventAndActionsBeingSent" storage="c:\workspaces\openkit-dotnet\tests\openkit-dotnetcore-1.1.tests\bin\release\netcoreapp1.1\openkit-dotnetcore-1.1.tests.dll" id="69c9a88d-ba6f-44b1-a46f-e4c48e7385f6"><Execution id="c5093ffe-788c-45fe-94c0-1efe1d6d902d" /><TestMethod codeBase="C:\workspaces\openkit-dotnet\tests\openkit-dotnetcore-1.1.Tests\bin\Release\netcoreapp1.1\openkit-dotnetcore-1.1.Tests.dll" adapterTypeName="executor://nunit3testexecutor/" className="Dynatrace.OpenKit.Core.Caching.BeaconCacheEntryTest" name="RemoveOldestRecordsDoesNotRemoveAnythingFromEventAndActionsBeingSent" /></UnitTest><UnitTest name="ConsecutiveCallsToNextSessionNumberIncrementTheSessionID" storage="c:\workspaces\openkit-dotnet\tests\openkit-dotnetcore-1.1.tests\bin\release\netcoreapp1.1\openkit-dotnetcore-1.1.tests.dll" id="437b6674-505b-42ef-81f4-a6a793ff96b1"><Execution id="efd7c466-f893-4c98-9bca-4b5c4c5aabdf" /><TestMethod codeBase="C:\workspaces\openkit-dotnet\tests\openkit-dotnetcore-1.1.Tests\bin\Release\netcoreapp1.1\openkit-dotnetcore-1.1.Tests.dll" adapterTypeName="executor://nunit3testexecutor/" className="Dynatrace.OpenKit.Core.Configuration.OpenKitConfigurationTest" name="ConsecutiveCallsToNextSessionNumberIncrementTheSessionID" /></UnitTest><UnitTest name="CanSetBeaconCacheLowerMemoryBoundaryForAppMon" storage="c:\workspaces\openkit-dotnet\tests\openkit-dotnetcore-1.1.tests\bin\release\netcoreapp1.1\openkit-dotnetcore-1.1.tests.dll" id="c36ec7f4-5dc4-4d3d-9689-40424cb3c791"><Execution id="5f105005-3ce7-4ecd-a953-f5f75b052863" /><TestMethod codeBase="C:\workspaces\openkit-dotnet\tests\openkit-dotnetcore-1.1.Tests\bin\Release\netcoreapp1.1\openkit-dotnetcore-1.1.Tests.dll" adapterTypeName="executor://nunit3testexecutor/" className="Dynatrace.OpenKit.OpenKitBuilderTest" name="CanSetBeaconCacheLowerMemoryBoundaryForAppMon" /></UnitTest><UnitTest name="SetResponseCodeDoesNotSetTheResponseCodeIfStopped" storage="c:\workspaces\openkit-dotnet\tests\openkit-dotnetcore-1.1.tests\bin\release\netcoreapp1.1\openkit-dotnetcore-1.1.tests.dll" id="685bfd78-a35d-4d66-b0a9-70fb2a02e87e"><Execution id="4b54fe97-685e-4cf6-9d76-1204fa4b52f3" /><TestMethod codeBase="C:\workspaces\openkit-dotnet\tests\openkit-dotnetcore-1.1.Tests\bin\Release\netcoreapp1.1\openkit-dotnetcore-1.1.Tests.dll" adapterTypeName="executor://nunit3testexecutor/" className="Dynatrace.OpenKit.Core.WebRequestTracerBaseTest" name="SetResponseCodeDoesNotSetTheResponseCodeIfStopped" /></UnitTest><UnitTest name="IpV6AddressIsInvalidIllegalCharacter" storage="c:\workspaces\openkit-dotnet\tests\openkit-dotnetcore-1.1.tests\bin\release\netcoreapp1.1\openkit-dotnetcore-1.1.tests.dll" id="db598dfd-0fd6-40b6-a9cd-c116e22f85b3"><Execution id="e6af6171-5eae-43c0-885d-953fee87424a" /><TestMethod codeBase="C:\workspaces\openkit-dotnet\tests\openkit-dotnetcore-1.1.Tests\bin\Release\netcoreapp1.1\openkit-dotnetcore-1.1.Tests.dll" adapterTypeName="executor://nunit3testexecutor/" className="Dynatrace.OpenKit.Core.Util.InetAddressValidatorTest" name="IpV6AddressIsInvalidIllegalCharacter" /></UnitTest><UnitTest name="IsEmptyCallsWrappedSession" storage="c:\workspaces\openkit-dotnet\tests\openkit-dotnetcore-1.1.tests\bin\release\netcoreapp1.1\openkit-dotnetcore-1.1.tests.dll" id="4990c798-7709-4e58-bc48-9d555fb0a3be"><Execution id="89dd1faa-c1af-4576-9ee9-978093833331" /><TestMethod codeBase="C:\workspaces\openkit-dotnet\tests\openkit-dotnetcore-1.1.Tests\bin\Release\netcoreapp1.1\openkit-dotnetcore-1.1.Tests.dll" adapterTypeName="executor://nunit3testexecutor/" className="Dynatrace.OpenKit.Core.Communication.SessionWrapperTest" name="IsEmptyCallsWrappedSession" /></UnitTest><UnitTest name="IpV6AddressIsInvalidTooManyBlocks" storage="c:\workspaces\openkit-dotnet\tests\openkit-dotnetcore-1.1.tests\bin\release\netcoreapp1.1\openkit-dotnetcore-1.1.tests.dll" id="28d8d037-bce9-46e8-a77c-387ed8759a59"><Execution id="25e05280-1c4c-4b03-9de9-606f000e83c7" /><TestMethod codeBase="C:\workspaces\openkit-dotnet\tests\openkit-dotnetcore-1.1.Tests\bin\Release\netcoreapp1.1\openkit-dotnetcore-1.1.Tests.dll" adapterTypeName="executor://nunit3testexecutor/" className="Dynatrace.OpenKit.Core.Util.InetAddressValidatorTest" name="IpV6AddressIsInvalidTooManyBlocks" /></UnitTest><UnitTest name="SessionIDIsAlwaysValue1OnDataCollectionLevel0" storage="c:\workspaces\openkit-dotnet\tests\openkit-dotnetcore-1.1.tests\bin\release\netcoreapp1.1\openkit-dotnetcore-1.1.tests.dll" id="b175c3c7-f2c5-4f72-8c13-6a95622b946a"><Execution id="d901431b-3dc7-4b06-925e-6a64dca48073" /><TestMethod codeBase="C:\workspaces\openkit-dotnet\tests\openkit-dotnetcore-1.1.Tests\bin\Release\netcoreapp1.1\openkit-dotnetcore-1.1.Tests.dll" adapterTypeName="executor://nunit3testexecutor/" className="Dynatrace.OpenKit.Protocol.BeaconTest" name="SessionIDIsAlwaysValue1OnDataCollectionLevel0" /></UnitTest><UnitTest name="ResponseSendTimeIsParsed" storage="c:\workspaces\openkit-dotnet\tests\openkit-dotnetcore-1.1.tests\bin\release\netcoreapp1.1\openkit-dotnetcore-1.1.tests.dll" id="d2dee49b-5b21-40de-a8f7-49eb6fef8bde"><Execution id="80b1f291-1996-4f48-9ab2-cf371ed8b145" /><TestMethod codeBase="C:\workspaces\openkit-dotnet\tests\openkit-dotnetcore-1.1.Tests\bin\Release\netcoreapp1.1\openkit-dotnetcore-1.1.Tests.dll" adapterTypeName="executor://nunit3testexecutor/" className="Dynatrace.OpenKit.Protocol.TimeSyncResponseTest" name="ResponseSendTimeIsParsed" /></UnitTest><UnitTest name="TheDefaultResponseSendTimeIsMinusOne" storage="c:\workspaces\openkit-dotnet\tests\openkit-dotnetcore-1.1.tests\bin\release\netcoreapp1.1\openkit-dotnetcore-1.1.tests.dll" id="fc4b4764-193f-445b-958d-5dc48836366a"><Execution id="83787021-9463-4ca1-9c16-1d4c82fca881" /><TestMethod codeBase="C:\workspaces\openkit-dotnet\tests\openkit-dotnetcore-1.1.Tests\bin\Release\netcoreapp1.1\openkit-dotnetcore-1.1.Tests.dll" adapterTypeName="executor://nunit3testexecutor/" className="Dynatrace.OpenKit.Protocol.TimeSyncResponseTest" name="TheDefaultResponseSendTimeIsMinusOne" /></UnitTest><UnitTest name="CreateTagReturnsTagStringForDataCollectionLevel1" storage="c:\workspaces\openkit-dotnet\tests\openkit-dotnetcore-1.1.tests\bin\release\netcoreapp1.1\openkit-dotnetcore-1.1.tests.dll" id="404db926-c14f-4d17-8b5d-6282b2625446"><Execution id="0f016b59-0cad-4527-b4eb-bd418b32236e" /><TestMethod codeBase="C:\workspaces\openkit-dotnet\tests\openkit-dotnetcore-1.1.Tests\bin\Release\netcoreapp1.1\openkit-dotnetcore-1.1.Tests.dll" adapterTypeName="executor://nunit3testexecutor/" className="Dynatrace.OpenKit.Protocol.BeaconTest" name="CreateTagReturnsTagStringForDataCollectionLevel1" /></UnitTest><UnitTest name="CannotAddRootActionIfCaptureIsOff" storage="c:\workspaces\openkit-dotnet\tests\openkit-dotnetcore-1.1.tests\bin\release\netcoreapp1.1\openkit-dotnetcore-1.1.tests.dll" id="8329b5a6-a2ad-48c2-a718-e78dcb1090b3"><Execution id="27198fa5-ae2f-4b94-b345-e5d46681fd81" /><TestMethod codeBase="C:\workspaces\openkit-dotnet\tests\openkit-dotnetcore-1.1.Tests\bin\Release\netcoreapp1.1\openkit-dotnetcore-1.1.Tests.dll" adapterTypeName="executor://nunit3testexecutor/" className="Dynatrace.OpenKit.Protocol.BeaconTest" name="CannotAddRootActionIfCaptureIsOff" /></UnitTest><UnitTest name="ABeaconSendingCaptureOffStateStaysInOffStateWhenServerRespondsWithTooManyRequests" storage="c:\workspaces\openkit-dotnet\tests\openkit-dotnetcore-1.1.tests\bin\release\netcoreapp1.1\openkit-dotnetcore-1.1.tests.dll" id="ebdef44f-c2b9-44a6-86ee-8af04cb0c189"><Execution id="2a7d2d42-3804-4b0b-92fc-093e3b40056b" /><TestMethod codeBase="C:\workspaces\openkit-dotnet\tests\openkit-dotnetcore-1.1.Tests\bin\Release\netcoreapp1.1\openkit-dotnetcore-1.1.Tests.dll" adapterTypeName="executor://nunit3testexecutor/" className="Dynatrace.OpenKit.Core.Communication.BeaconSendingCaptureOffStateTest" name="ABeaconSendingCaptureOffStateStaysInOffStateWhenServerRespondsWithTooManyRequests" /></UnitTest><UnitTest name="SendTimeSyncRequestReturnsAnUnknownErrorResponseForUnparseableStatusResponse" storage="c:\workspaces\openkit-dotnet\tests\openkit-dotnetcore-1.1.tests\bin\release\netcoreapp1.1\openkit-dotnetcore-1.1.tests.dll" id="7dca1871-3838-4e3c-9064-353772518318"><Execution id="5abdc912-e3ac-4e06-9fe1-9fce956be956" /><TestMethod codeBase="C:\workspaces\openkit-dotnet\tests\openkit-dotnetcore-1.1.Tests\bin\Release\netcoreapp1.1\openkit-dotnetcore-1.1.Tests.dll" adapterTypeName="executor://nunit3testexecutor/" className="Dynatrace.OpenKit.Protocol.HTTPClientTest" name="SendTimeSyncRequestReturnsAnUnknownErrorResponseForUnparseableStatusResponse" /></UnitTest><UnitTest name="IpV4AddressIsInvalidDueToAdditionalCharacterInFirstBlock" storage="c:\workspaces\openkit-dotnet\tests\openkit-dotnetcore-1.1.tests\bin\release\netcoreapp1.1\openkit-dotnetcore-1.1.tests.dll" id="4b44e501-93f9-4417-8b9f-d6596bb95df8"><Execution id="258322d6-3d4b-4200-ad95-03c73e74734c" /><TestMethod codeBase="C:\workspaces\openkit-dotnet\tests\openkit-dotnetcore-1.1.Tests\bin\Release\netcoreapp1.1\openkit-dotnetcore-1.1.Tests.dll" adapterTypeName="executor://nunit3testexecutor/" className="Dynatrace.OpenKit.Core.Util.InetAddressValidatorTest" name="IpV4AddressIsInvalidDueToAdditionalCharacterInFirstBlock" /></UnitTest><UnitTest name="AfterStartingABeaconCacheEvictorItIsAlive" storage="c:\workspaces\openkit-dotnet\tests\openkit-dotnetcore-1.1.tests\bin\release\netcoreapp1.1\openkit-dotnetcore-1.1.tests.dll" id="c41e9ca9-e857-4245-b7d2-d7813f944a22"><Execution id="7267b744-22f4-4041-b4ef-9ea894523b51" /><TestMethod codeBase="C:\workspaces\openkit-dotnet\tests\openkit-dotnetcore-1.1.Tests\bin\Release\netcoreapp1.1\openkit-dotnetcore-1.1.Tests.dll" adapterTypeName="executor://nunit3testexecutor/" className="Dynatrace.OpenKit.Core.Caching.BeaconCacheEvictorTest" name="AfterStartingABeaconCacheEvictorItIsAlive" /></UnitTest><UnitTest name="TimeSyncRequestsAreInterruptedAfterUnsuccessfulRetries" storage="c:\workspaces\openkit-dotnet\tests\openkit-dotnetcore-1.1.tests\bin\release\netcoreapp1.1\openkit-dotnetcore-1.1.tests.dll" id="ef128aa6-db75-4fe8-ba9b-a2de16cdc4d6"><Execution id="56cef6f6-2b1a-4c7b-90e8-027e154197c7" /><TestMethod codeBase="C:\workspaces\openkit-dotnet\tests\openkit-dotnetcore-1.1.Tests\bin\Release\netcoreapp1.1\openkit-dotnetcore-1.1.Tests.dll" adapterTypeName="executor://nunit3testexecutor/" className="Dynatrace.OpenKit.Core.Communication.BeaconSendingTimeSyncStateTest" name="TimeSyncRequestsAreInterruptedAfterUnsuccessfulRetries" /></UnitTest><UnitTest name="SessionIDIsAlwaysValue1OnDataCollectionLevel1" storage="c:\workspaces\openkit-dotnet\tests\openkit-dotnetcore-1.1.tests\bin\release\netcoreapp1.1\openkit-dotnetcore-1.1.tests.dll" id="66e1bcca-708e-441e-a265-6162131f7771"><Execution id="a5fa5b3c-a500-42db-8a4e-24da01ba316d" /><TestMethod codeBase="C:\workspaces\openkit-dotnet\tests\openkit-dotnetcore-1.1.Tests\bin\Release\netcoreapp1.1\openkit-dotnetcore-1.1.Tests.dll" adapterTypeName="executor://nunit3testexecutor/" className="Dynatrace.OpenKit.Protocol.BeaconTest" name="SessionIDIsAlwaysValue1OnDataCollectionLevel1" /></UnitTest><UnitTest name="CanAddSentBytesToWebRequestTracer" storage="c:\workspaces\openkit-dotnet\tests\openkit-dotnetcore-1.1.tests\bin\release\netcoreapp1.1\openkit-dotnetcore-1.1.tests.dll" id="bf568e85-f019-4805-ab94-3a4e20e179c2"><Execution id="4c9b1b25-970e-4c18-9174-00463ac2307f" /><TestMethod codeBase="C:\workspaces\openkit-dotnet\tests\openkit-dotnetcore-1.1.Tests\bin\Release\netcoreapp1.1\openkit-dotnetcore-1.1.Tests.dll" adapterTypeName="executor://nunit3testexecutor/" className="Dynatrace.OpenKit.Protocol.BeaconTest" name="CanAddSentBytesToWebRequestTracer" /></UnitTest><UnitTest name="IsInitializedOnInitFailed" storage="c:\workspaces\openkit-dotnet\tests\openkit-dotnetcore-1.1.tests\bin\release\netcoreapp1.1\openkit-dotnetcore-1.1.tests.dll" id="1a520bc7-41e0-4d4c-8dba-a707f5a1d9bf"><Execution id="a45fe41b-2477-4723-8a4a-de4754df6e98" /><TestMethod codeBase="C:\workspaces\openkit-dotnet\tests\openkit-dotnetcore-1.1.Tests\bin\Release\netcoreapp1.1\openkit-dotnetcore-1.1.Tests.dll" adapterTypeName="executor://nunit3testexecutor/" className="Dynatrace.OpenKit.Core.Communication.BeaconSendingContextTest" name="IsInitializedOnInitFailed" /></UnitTest><UnitTest name="StartDoesNothingIfAlreadyStopped" storage="c:\workspaces\openkit-dotnet\tests\openkit-dotnetcore-1.1.tests\bin\release\netcoreapp1.1\openkit-dotnetcore-1.1.tests.dll" id="43b6a7f9-b062-4ada-9f0d-4b8d617ba617"><Execution id="5334dd44-3150-4895-894a-e4065b294a15" /><TestMethod codeBase="C:\workspaces\openkit-dotnet\tests\openkit-dotnetcore-1.1.Tests\bin\Release\netcoreapp1.1\openkit-dotnetcore-1.1.Tests.dll" adapterTypeName="executor://nunit3testexecutor/" className="Dynatrace.OpenKit.Core.WebRequestTracerBaseTest" name="StartDoesNothingIfAlreadyStopped" /></UnitTest><UnitTest name="ExecuteEvictionStopsIfNoBeaconIdsAreAvailableInCache" storage="c:\workspaces\openkit-dotnet\tests\openkit-dotnetcore-1.1.tests\bin\release\netcoreapp1.1\openkit-dotnetcore-1.1.tests.dll" id="dc7aa01d-f2d2-464a-abf4-7312c8b309a6"><Execution id="ec06e664-cee5-4e10-a904-77a320fad280" /><TestMethod codeBase="C:\workspaces\openkit-dotnet\tests\openkit-dotnetcore-1.1.Tests\bin\Release\netcoreapp1.1\openkit-dotnetcore-1.1.Tests.dll" adapterTypeName="executor://nunit3testexecutor/" className="Dynatrace.OpenKit.Core.Caching.TimeEvicitionStrategyTest" name="ExecuteEvictionStopsIfNoBeaconIdsAreAvailableInCache" /></UnitTest><UnitTest name="EndingASessionFinishesSessionContext" storage="c:\workspaces\openkit-dotnet\tests\openkit-dotnetcore-1.1.tests\bin\release\netcoreapp1.1\openkit-dotnetcore-1.1.tests.dll" id="fd175781-48bd-46f7-86f6-acee4daef564"><Execution id="a6e89c2b-bf88-49e8-bb5b-829d568c12e0" /><TestMethod codeBase="C:\workspaces\openkit-dotnet\tests\openkit-dotnetcore-1.1.Tests\bin\Release\netcoreapp1.1\openkit-dotnetcore-1.1.Tests.dll" adapterTypeName="executor://nunit3testexecutor/" className="Dynatrace.OpenKit.Core.SessionTest" name="EndingASessionFinishesSessionContext" /></UnitTest><UnitTest name="LeavingAnActionSetsTheEndTimestamp" storage="c:\workspaces\openkit-dotnet\tests\openkit-dotnetcore-1.1.tests\bin\release\netcoreapp1.1\openkit-dotnetcore-1.1.tests.dll" id="259687fc-8738-40a1-be64-0e0a8afee9df"><Execution id="9a27c3bc-a6b0-4b69-81f1-65a94a37f80c" /><TestMethod codeBase="C:\workspaces\openkit-dotnet\tests\openkit-dotnetcore-1.1.Tests\bin\Release\netcoreapp1.1\openkit-dotnetcore-1.1.Tests.dll" adapterTypeName="executor://nunit3testexecutor/" className="Dynatrace.OpenKit.Core.ActionTest" name="LeavingAnActionSetsTheEndTimestamp" /></UnitTest><UnitTest name="SendStatusRequestIsAbortedIfNumberOfRetriesIsExceeded" storage="c:\workspaces\openkit-dotnet\tests\openkit-dotnetcore-1.1.tests\bin\release\netcoreapp1.1\openkit-dotnetcore-1.1.tests.dll" id="47f25488-17b0-4ca2-b428-801364185fb5"><Execution id="c89431d8-9d42-48ab-af08-11da8c095889" /><TestMethod codeBase="C:\workspaces\openkit-dotnet\tests\openkit-dotnetcore-1.1.Tests\bin\Release\netcoreapp1.1\openkit-dotnetcore-1.1.Tests.dll" adapterTypeName="executor://nunit3testexecutor/" className="Dynatrace.OpenKit.Core.Communication.BeaconSendingRequestUtilTest" name="SendStatusRequestIsAbortedIfNumberOfRetriesIsExceeded" /></UnitTest><UnitTest name="ÉxecuteEvictionStopsIfThreadGetsInterruptedBetweenTwoBeacons" storage="c:\workspaces\openkit-dotnet\tests\openkit-dotnetcore-1.1.tests\bin\release\netcoreapp1.1\openkit-dotnetcore-1.1.tests.dll" id="5b7b8763-0764-469e-b711-7e7bc5f90d39"><Execution id="667d4417-3910-45e6-b48d-a55b24d3d8c0" /><TestMethod codeBase="C:\workspaces\openkit-dotnet\tests\openkit-dotnetcore-1.1.Tests\bin\Release\netcoreapp1.1\openkit-dotnetcore-1.1.Tests.dll" adapterTypeName="executor://nunit3testexecutor/" className="Dynatrace.OpenKit.Core.Caching.SpaceEvictionStrategyTest" name="ÉxecuteEvictionStopsIfThreadGetsInterruptedBetweenTwoBeacons" /></UnitTest><UnitTest name="AppMonOpenKitBuilderTakesStringDeviceID" storage="c:\workspaces\openkit-dotnet\tests\openkit-dotnetcore-1.1.tests\bin\release\netcoreapp1.1\openkit-dotnetcore-1.1.tests.dll" id="69cc175f-710c-44bf-a353-5d676b820cda"><Execution id="cecd643e-a5a0-4b82-a787-db9ab0886a82" /><TestMethod codeBase="C:\workspaces\openkit-dotnet\tests\openkit-dotnetcore-1.1.Tests\bin\Release\netcoreapp1.1\openkit-dotnetcore-1.1.Tests.dll" adapterTypeName="executor://nunit3testexecutor/" className="Dynatrace.OpenKit.OpenKitBuilderTest" name="AppMonOpenKitBuilderTakesStringDeviceID" /></UnitTest><UnitTest name="IpV6AddressValid_CharactersOnlyLowerCase" storage="c:\workspaces\openkit-dotnet\tests\openkit-dotnetcore-1.1.tests\bin\release\netcoreapp1.1\openkit-dotnetcore-1.1.tests.dll" id="937e542e-cae8-4326-9226-1733bf374256"><Execution id="a002571d-3382-40e7-9dfa-b10fed1f9940" /><TestMethod codeBase="C:\workspaces\openkit-dotnet\tests\openkit-dotnetcore-1.1.Tests\bin\Release\netcoreapp1.1\openkit-dotnetcore-1.1.Tests.dll" adapterTypeName="executor://nunit3testexecutor/" className="Dynatrace.OpenKit.Core.Util.InetAddressValidatorTest" name="IpV6AddressValid_CharactersOnlyLowerCase" /></UnitTest><UnitTest name="ShouldRunGivesTrueIfLastRunIsMoreThanMaxAgeMillisecondsAgo" storage="c:\workspaces\openkit-dotnet\tests\openkit-dotnetcore-1.1.tests\bin\release\netcoreapp1.1\openkit-dotnetcore-1.1.tests.dll" id="f565cf50-ab4f-4b39-9d35-551f6e5d8ec9"><Execution id="ea64b700-4d9c-47eb-ad10-1b1b5289cda8" /><TestMethod codeBase="C:\workspaces\openkit-dotnet\tests\openkit-dotnetcore-1.1.Tests\bin\Release\netcoreapp1.1\openkit-dotnetcore-1.1.Tests.dll" adapterTypeName="executor://nunit3testexecutor/" className="Dynatrace.OpenKit.Core.Caching.TimeEvicitionStrategyTest" name="ShouldRunGivesTrueIfLastRunIsMoreThanMaxAgeMillisecondsAgo" /></UnitTest><UnitTest name="InitCompleteIsCalledIfShutdownIsRequested" storage="c:\workspaces\openkit-dotnet\tests\openkit-dotnetcore-1.1.tests\bin\release\netcoreapp1.1\openkit-dotnetcore-1.1.tests.dll" id="b1c8b502-0889-4889-bbac-38a94915ab30"><Execution id="80b1cb4f-e915-4e94-af9d-572948fb7f0d" /><TestMethod codeBase="C:\workspaces\openkit-dotnet\tests\openkit-dotnetcore-1.1.Tests\bin\Release\netcoreapp1.1\openkit-dotnetcore-1.1.Tests.dll" adapterTypeName="executor://nunit3testexecutor/" className="Dynatrace.OpenKit.Core.Communication.BeaconSendingInitStateTest" name="InitCompleteIsCalledIfShutdownIsRequested" /></UnitTest><UnitTest name="NoEventIsReportedIfBeaconConfigurationDisablesCapturing" storage="c:\workspaces\openkit-dotnet\tests\openkit-dotnetcore-1.1.tests\bin\release\netcoreapp1.1\openkit-dotnetcore-1.1.tests.dll" id="e09f2f3b-9911-4b00-96f2-29068d406842"><Execution id="86864ab6-b51b-4d0e-af5c-dfcd9cd934d6" /><TestMethod codeBase="C:\workspaces\openkit-dotnet\tests\openkit-dotnetcore-1.1.Tests\bin\Release\netcoreapp1.1\openkit-dotnetcore-1.1.Tests.dll" adapterTypeName="executor://nunit3testexecutor/" className="Dynatrace.OpenKit.Protocol.BeaconTest" name="NoEventIsReportedIfBeaconConfigurationDisablesCapturing" /></UnitTest><UnitTest name="SessionReportedForDataCollectionLevel1" storage="c:\workspaces\openkit-dotnet\tests\openkit-dotnetcore-1.1.tests\bin\release\netcoreapp1.1\openkit-dotnetcore-1.1.tests.dll" id="a847dbff-c2ac-4d01-951a-6b1cabec6f2a"><Execution id="24ab211e-5915-47c8-9347-5dea5c1611de" /><TestMethod codeBase="C:\workspaces\openkit-dotnet\tests\openkit-dotnetcore-1.1.Tests\bin\Release\netcoreapp1.1\openkit-dotnetcore-1.1.Tests.dll" adapterTypeName="executor://nunit3testexecutor/" className="Dynatrace.OpenKit.Protocol.BeaconTest" name="SessionReportedForDataCollectionLevel1" /></UnitTest><UnitTest name="DefaultSleepTimeIsUsed" storage="c:\workspaces\openkit-dotnet\tests\openkit-dotnetcore-1.1.tests\bin\release\netcoreapp1.1\openkit-dotnetcore-1.1.tests.dll" id="cefe03c4-553e-4a35-bf52-1fec6b18e05a"><Execution id="93353238-f335-4387-a3c9-cd378de5493d" /><TestMethod codeBase="C:\workspaces\openkit-dotnet\tests\openkit-dotnetcore-1.1.Tests\bin\Release\netcoreapp1.1\openkit-dotnetcore-1.1.Tests.dll" adapterTypeName="executor://nunit3testexecutor/" className="Dynatrace.OpenKit.Core.Communication.BeaconSendingContextTest" name="DefaultSleepTimeIsUsed" /></UnitTest><UnitTest name="ParsingInvalidMaxBeaconSizeThrowsException" storage="c:\workspaces\openkit-dotnet\tests\openkit-dotnetcore-1.1.tests\bin\release\netcoreapp1.1\openkit-dotnetcore-1.1.tests.dll" id="76eb89ca-2741-41d3-8b41-487f54414dc4"><Execution id="4affa4b4-f108-489c-b531-6304f0b3af0e" /><TestMethod codeBase="C:\workspaces\openkit-dotnet\tests\openkit-dotnetcore-1.1.Tests\bin\Release\netcoreapp1.1\openkit-dotnetcore-1.1.Tests.dll" adapterTypeName="executor://nunit3testexecutor/" className="Dynatrace.OpenKit.Protocol.StatusResponseTest" name="ParsingInvalidMaxBeaconSizeThrowsException" /></UnitTest><UnitTest name="ASchemeIsInvalidIfInvalidCharactersAreEncountered" storage="c:\workspaces\openkit-dotnet\tests\openkit-dotnetcore-1.1.tests\bin\release\netcoreapp1.1\openkit-dotnetcore-1.1.tests.dll" id="2730ba77-decb-40f4-87a5-7f0bb8b882e7"><Execution id="b093026f-0fdf-48e1-806b-97e2ed1829b7" /><TestMethod codeBase="C:\workspaces\openkit-dotnet\tests\openkit-dotnetcore-1.1.Tests\bin\Release\netcoreapp1.1\openkit-dotnetcore-1.1.Tests.dll" adapterTypeName="executor://nunit3testexecutor/" className="Dynatrace.OpenKit.Core.WebRequestTracerStringURLTest" name="ASchemeIsInvalidIfInvalidCharactersAreEncountered" /></UnitTest><UnitTest name="TheSessionIsFinishedAfterCallingFinishSession" storage="c:\workspaces\openkit-dotnet\tests\openkit-dotnetcore-1.1.tests\bin\release\netcoreapp1.1\openkit-dotnetcore-1.1.tests.dll" id="7315490c-435f-4787-8dd9-21d2bbd7c762"><Execution id="c6517010-1d9e-4257-8e64-b36313615523" /><TestMethod codeBase="C:\workspaces\openkit-dotnet\tests\openkit-dotnetcore-1.1.Tests\bin\Release\netcoreapp1.1\openkit-dotnetcore-1.1.Tests.dll" adapterTypeName="executor://nunit3testexecutor/" className="Dynatrace.OpenKit.Core.Communication.SessionWrapperTest" name="TheSessionIsFinishedAfterCallingFinishSession" /></UnitTest><UnitTest name="ByDefaultTheSessionIsNotFinished" storage="c:\workspaces\openkit-dotnet\tests\openkit-dotnetcore-1.1.tests\bin\release\netcoreapp1.1\openkit-dotnetcore-1.1.tests.dll" id="8c994209-5035-48b2-9e54-88100592e03c"><Execution id="1dd1d769-767c-478c-9d49-9a902ed69f35" /><TestMethod codeBase="C:\workspaces\openkit-dotnet\tests\openkit-dotnetcore-1.1.Tests\bin\Release\netcoreapp1.1\openkit-dotnetcore-1.1.Tests.dll" adapterTypeName="executor://nunit3testexecutor/" className="Dynatrace.OpenKit.Core.Communication.SessionWrapperTest" name="ByDefaultTheSessionIsNotFinished" /></UnitTest><UnitTest name="AfterUpdatingTheBeaconConfigurationTheBeaconConfigurationIsSet" storage="c:\workspaces\openkit-dotnet\tests\openkit-dotnetcore-1.1.tests\bin\release\netcoreapp1.1\openkit-dotnetcore-1.1.tests.dll" id="62ebf28d-da42-428b-91c8-bcd275b88462"><Execution id="2aee0614-454a-4f0d-8d02-c561bdd724d7" /><TestMethod codeBase="C:\workspaces\openkit-dotnet\tests\openkit-dotnetcore-1.1.Tests\bin\Release\netcoreapp1.1\openkit-dotnetcore-1.1.Tests.dll" adapterTypeName="executor://nunit3testexecutor/" className="Dynatrace.OpenKit.Core.Communication.SessionWrapperTest" name="AfterUpdatingTheBeaconConfigurationTheBeaconConfigurationIsSet" /></UnitTest></TestDefinitions><TestEntries><TestEntry testId="9d68363b-f947-417b-9bc7-44d861d0c080" executionId="9ab7812c-5b78-42e9-8371-98eea47d1551" testListId="8c84fa94-04c1-424b-9868-57a2d4851a1d" /><TestEntry testId="12858b85-1282-460a-83fb-19543fc29b82" executionId="6b733492-2945-4d50-892b-a5bf81b28529" testListId="8c84fa94-04c1-424b-9868-57a2d4851a1d" /><TestEntry testId="1e1da54f-e101-4c77-84e0-eee36d8c2e66" executionId="2b8e7ab3-79d4-4769-98a9-e2297f982d81" testListId="8c84fa94-04c1-424b-9868-57a2d4851a1d" /><TestEntry testId="ebdef44f-c2b9-44a6-86ee-8af04cb0c189" executionId="2a7d2d42-3804-4b0b-92fc-093e3b40056b" testListId="8c84fa94-04c1-424b-9868-57a2d4851a1d" /><TestEntry testId="6b1d7e2b-b570-472c-8aee-76d2f0f960d5" executionId="87fad0f5-fa4d-4c64-8777-cfcb828a3f92" testListId="8c84fa94-04c1-424b-9868-57a2d4851a1d" /><TestEntry testId="a09367eb-cf46-4722-9dbe-72acc0baf494" executionId="b361b814-0582-4df0-87df-31f6c833472e" testListId="8c84fa94-04c1-424b-9868-57a2d4851a1d" /><TestEntry testId="adfb9e97-f926-4b00-bf99-02858c8970f4" executionId="402206a6-e8bc-4beb-adbd-ef781df8ca98" testListId="8c84fa94-04c1-424b-9868-57a2d4851a1d" /><TestEntry testId="d7befb26-efd0-4444-b3c3-869c3fea8423" executionId="47e21c3f-5e83-4871-822e-f2cad24e0774" testListId="8c84fa94-04c1-424b-9868-57a2d4851a1d" /><TestEntry testId="c36ec7f4-5dc4-4d3d-9689-40424cb3c791" executionId="5f105005-3ce7-4ecd-a953-f5f75b052863" testListId="8c84fa94-04c1-424b-9868-57a2d4851a1d" /><TestEntry testId="7cca2633-95c8-4fd9-a659-b441b55bc719" executionId="0d9b942c-414c-4bb7-b77d-25a16f1a9225" testListId="8c84fa94-04c1-424b-9868-57a2d4851a1d" /><TestEntry testId="3f9dd4a1-278c-4f61-baa3-67f66602f064" executionId="04683bb0-51dd-4b2b-9a03-56b8d7ff446e" testListId="8c84fa94-04c1-424b-9868-57a2d4851a1d" /><TestEntry testId="5e1cca7c-ae70-4370-b2aa-416031bf67f8" executionId="81ab20a1-5702-4a54-bb55-5f2f7997f801" testListId="8c84fa94-04c1-424b-9868-57a2d4851a1d" /><TestEntry testId="a70f1d06-acb1-4d9f-a4cf-5f2b05ba96e7" executionId="9f52033d-270b-4cae-b4a0-066f60d24f18" testListId="8c84fa94-04c1-424b-9868-57a2d4851a1d" /><TestEntry testId="ce197520-53d5-43a9-bea7-643e25b03b84" executionId="e0d613d4-3cb8-46d5-a01c-98ff4fd0d677" testListId="8c84fa94-04c1-424b-9868-57a2d4851a1d" /><TestEntry testId="f7f94c37-0f22-4067-ae13-1ee6fb318cea" executionId="c99ae643-779d-42f1-80dd-cdd63b3dcf75" testListId="8c84fa94-04c1-424b-9868-57a2d4851a1d" /><TestEntry testId="91cec24a-1e83-4b44-87d6-09624f5e6453" executionId="6fd4bdb9-6432-45e1-808d-8bbed131a591" testListId="8c84fa94-04c1-424b-9868-57a2d4851a1d" /><TestEntry testId="80190ad0-6068-4a46-bfac-11acae6a92e2" executionId="633ad3b2-cc69-4d68-a465-a809be97d063" testListId="8c84fa94-04c1-424b-9868-57a2d4851a1d" /><TestEntry testId="d2292c4f-032f-40e3-8672-89e7f036eeda" executionId="592a7744-3cec-4724-936a-bb46dde21167" testListId="8c84fa94-04c1-424b-9868-57a2d4851a1d" /><TestEntry testId="a2395f94-8d7a-4b6d-876d-28c3b6a95860" executionId="6a89953b-ca87-4e96-8bd0-b6edf8011d9d" testListId="8c84fa94-04c1-424b-9868-57a2d4851a1d" /><TestEntry testId="20cc3872-b3cc-4f86-8b52-e476316f72e6" executionId="8aa48fb2-9a76-4914-97b6-3cd3a392b748" testListId="8c84fa94-04c1-424b-9868-57a2d4851a1d" /><TestEntry testId="cf4a88df-10d2-4c24-9785-3368dd416ad3" executionId="7b785d33-88b7-4a43-80f0-eb831741b4ed" testListId="8c84fa94-04c1-424b-9868-57a2d4851a1d" /><TestEntry testId="f770612a-f219-4411-9414-f37b2c477e41" executionId="289264d2-9395-4fad-a4d2-83be417fa853" testListId="8c84fa94-04c1-424b-9868-57a2d4851a1d" /><TestEntry testId="a8fe8dd3-d68e-479c-b416-30792e22d88d" executionId="29cd3b5a-6e91-48c6-9370-79d54d1719e6" testListId="8c84fa94-04c1-424b-9868-57a2d4851a1d" /><TestEntry testId="f6dc802c-07e3-475b-b9fb-d45aaedb632d" executionId="f6ea1362-9153-466d-9da3-536bc5648211" testListId="8c84fa94-04c1-424b-9868-57a2d4851a1d" /><TestEntry testId="5af30a14-20fd-40f5-a391-e778388e735b" executionId="34ba856f-b2c6-4b54-9a2e-959a1e7a6004" testListId="8c84fa94-04c1-424b-9868-57a2d4851a1d" /><TestEntry testId="eabcca27-35d1-4251-973e-b5d6a674118a" executionId="791309b0-76ab-40a5-bd55-d461b8dd0ba1" testListId="8c84fa94-04c1-424b-9868-57a2d4851a1d" /><TestEntry testId="90b01b58-fdeb-482b-bba2-f9c7f3dfc000" executionId="7d6f0398-fc5f-4348-b388-4e9a61cdd42e" testListId="8c84fa94-04c1-424b-9868-57a2d4851a1d" /><TestEntry testId="8d4a0a73-7d88-464b-af2d-b683d199ac84" executionId="47d8ee23-09a6-45a9-9b14-209602b0eff2" testListId="8c84fa94-04c1-424b-9868-57a2d4851a1d" /><TestEntry testId="01a9d274-de44-4597-9e2e-84f264d75a53" executionId="1aad7a64-d10f-4660-a321-2ebc5b800c5f" testListId="8c84fa94-04c1-424b-9868-57a2d4851a1d" /><TestEntry testId="59a55c55-af72-468b-9e36-bd0d9c0740b6" executionId="eb22c95a-aeb8-4d73-b725-55315a7c270c" testListId="8c84fa94-04c1-424b-9868-57a2d4851a1d" /><TestEntry testId="50347b86-6c08-47c0-98bf-50b609c5bac8" executionId="d7484b39-d0bc-43d1-aac8-9d2edca268f6" testListId="8c84fa94-04c1-424b-9868-57a2d4851a1d" /><TestEntry testId="06c2f816-0e8c-4a16-bc70-3344ec90f2b2" executionId="ed7e31ee-4d09-43a8-9a14-975d0b5ea741" testListId="8c84fa94-04c1-424b-9868-57a2d4851a1d" /><TestEntry testId="295331ce-bf85-470a-8c54-e0cad86088c7" executionId="5f7ea198-b5ca-4872-9152-e168b270fe61" testListId="8c84fa94-04c1-424b-9868-57a2d4851a1d" /><TestEntry testId="df930065-0723-405b-99e3-036783cb1055" executionId="a3f6150d-c78b-44b2-a9f6-4ef8a8a86e8a" testListId="8c84fa94-04c1-424b-9868-57a2d4851a1d" /><TestEntry testId="e2773c63-4953-433d-be72-11643d12a0c9" executionId="4f5c4273-f41f-4876-b6d9-352e2eae7747" testListId="8c84fa94-04c1-424b-9868-57a2d4851a1d" /><TestEntry testId="203f5372-4a1b-466c-894a-99a7974bea51" executionId="47774c46-595d-48ae-8afa-ba84ea52a174" testListId="8c84fa94-04c1-424b-9868-57a2d4851a1d" /><TestEntry testId="2b2de4f7-c3f4-4fc2-9237-ea88b2ef7a31" executionId="14805a55-73f7-4faf-b157-4d8f313de551" testListId="8c84fa94-04c1-424b-9868-57a2d4851a1d" /><TestEntry testId="d5bc29b9-04e0-43f3-adf4-20e6ff8232c3" executionId="980adcfc-67d5-4488-bd48-2332fd5f2ef6" testListId="8c84fa94-04c1-424b-9868-57a2d4851a1d" /><TestEntry testId="51551a66-5d94-4631-9d1e-6a34b338e896" executionId="9cc82511-3f9a-4ed1-872e-1a779ff9cff3" testListId="8c84fa94-04c1-424b-9868-57a2d4851a1d" /><TestEntry testId="959b1cd4-cb79-4e12-be85-4b13ff646d85" executionId="a9e6b9c0-9d28-46a9-82c9-642113e8daf9" testListId="8c84fa94-04c1-424b-9868-57a2d4851a1d" /><TestEntry testId="9a1b3c3a-045a-4613-aca3-b3b986810c59" executionId="efec3ee0-1b62-459f-b8c9-c1e93eda50ac" testListId="8c84fa94-04c1-424b-9868-57a2d4851a1d" /><TestEntry testId="c872c035-fb53-45b9-8b88-d3146ca44508" executionId="bab75c11-7eb6-4767-8cc2-ca0a6a1ca187" testListId="8c84fa94-04c1-424b-9868-57a2d4851a1d" /><TestEntry testId="14d8d5f5-b5de-4383-8f9b-7c63380b299a" executionId="fe73b04c-c736-45c9-af72-0884138093b7" testListId="8c84fa94-04c1-424b-9868-57a2d4851a1d" /><TestEntry testId="54f3ad21-9640-4ee7-90e2-905cf728a68f" executionId="3c3eeb48-30cb-46cc-8272-48ea2a57877f" testListId="8c84fa94-04c1-424b-9868-57a2d4851a1d" /><TestEntry testId="20c78221-9f75-4d44-a4a2-09684da7d3b5" executionId="8cdf2fb9-9dcb-4233-935e-8e7d3245a9f8" testListId="8c84fa94-04c1-424b-9868-57a2d4851a1d" /><TestEntry testId="bc97d4b4-6cfa-4944-9d3d-0e93186a25a0" executionId="3bf0ff57-50cf-47a3-960b-bdf12275782f" testListId="8c84fa94-04c1-424b-9868-57a2d4851a1d" /><TestEntry testId="cc19b6c5-6a05-4beb-9ce9-40dadcfe5c35" executionId="2c17bad6-51f1-4940-99cd-b7cbd14b4205" testListId="8c84fa94-04c1-424b-9868-57a2d4851a1d" /><TestEntry testId="57aeeac4-584c-400d-8f16-68f950357f08" executionId="d329ef0c-2f0c-40b2-8e54-66b9da4c026b" testListId="8c84fa94-04c1-424b-9868-57a2d4851a1d" /><TestEntry testId="5ffd73a1-f17c-434d-b1a5-d7b331817a93" executionId="76a16b70-c5b8-4286-8488-f2eb2e113b49" testListId="8c84fa94-04c1-424b-9868-57a2d4851a1d" /><TestEntry testId="cc2ada78-8056-4433-bb28-de8be0550027" executionId="7d75b0d8-b8b3-4504-b2a2-a850d347e036" testListId="8c84fa94-04c1-424b-9868-57a2d4851a1d" /><TestEntry testId="acac10c0-101a-4997-99d1-03bc896b5134" executionId="11f19b04-487d-45c1-b973-5bfa611a80b9" testListId="8c84fa94-04c1-424b-9868-57a2d4851a1d" /><TestEntry testId="c8d91d04-8b03-4a3b-b108-d6a0d038b109" executionId="4aed2d86-0347-434b-9508-be7e626f6a5f" testListId="8c84fa94-04c1-424b-9868-57a2d4851a1d" /><TestEntry testId="76443179-d3a0-4578-80af-df82898eef4f" executionId="9166766b-8065-49f1-8617-a89e218b2e16" testListId="8c84fa94-04c1-424b-9868-57a2d4851a1d" /><TestEntry testId="d2dee49b-5b21-40de-a8f7-49eb6fef8bde" executionId="80b1f291-1996-4f48-9ab2-cf371ed8b145" testListId="8c84fa94-04c1-424b-9868-57a2d4851a1d" /><TestEntry testId="58562fea-97b9-42e8-99a3-6d4ba2f3b09a" executionId="b8d289f8-8cfa-46a7-ab9e-40f9de527a45" testListId="8c84fa94-04c1-424b-9868-57a2d4851a1d" /><TestEntry testId="c00ede1a-4bb3-4e1a-8438-5f543e8aa7c4" executionId="ce1bc355-dcee-47ad-8edb-04994ed72749" testListId="8c84fa94-04c1-424b-9868-57a2d4851a1d" /><TestEntry testId="1ba05800-0bec-4461-96cf-797e9017ca36" executionId="6c8071bd-c446-4c38-afd5-1537bf8024d6" testListId="8c84fa94-04c1-424b-9868-57a2d4851a1d" /><TestEntry testId="90bfac1a-5b61-4a73-b902-a93ebd7e05b1" executionId="1f3b97a2-ac7a-4dc1-9ebd-42cf6a0b0ccf" testListId="8c84fa94-04c1-424b-9868-57a2d4851a1d" /><TestEntry testId="d3886973-dee6-453f-a11d-1bfbbb064226" executionId="f941bac5-09fd-45f8-a4ac-b4a0c985aa3c" testListId="8c84fa94-04c1-424b-9868-57a2d4851a1d" /><TestEntry testId="f07792d6-2a14-4266-93d8-9521cdcac4d7" executionId="c4fa8609-8ffa-4d5b-917d-aaf0c0fbb8b3" testListId="8c84fa94-04c1-424b-9868-57a2d4851a1d" /><TestEntry testId="abc4dd5f-1971-49dc-bd1e-ca136c13f542" executionId="512c15ec-a1b4-4438-bc2a-d50f72227249" testListId="8c84fa94-04c1-424b-9868-57a2d4851a1d" /><TestEntry testId="1e98a186-3608-40e4-81f8-49f1e68c01bb" executionId="fd8d918e-b0e1-4328-9235-5ab696556547" testListId="8c84fa94-04c1-424b-9868-57a2d4851a1d" /><TestEntry testId="03f12510-3862-45ff-984b-9797b136304a" executionId="2a049205-ab00-42cc-813d-6e1209e5bedc" testListId="8c84fa94-04c1-424b-9868-57a2d4851a1d" /><TestEntry testId="23cebca2-3d81-4c82-b740-54c5009efa82" executionId="8b1b1fd6-40cc-45b1-bcb2-cfcdad7cd742" testListId="8c84fa94-04c1-424b-9868-57a2d4851a1d" /><TestEntry testId="e95099c3-d0e1-4bc1-9858-0f6766cff6e5" executionId="b211e32a-d813-4eee-8934-147d888feb25" testListId="8c84fa94-04c1-424b-9868-57a2d4851a1d" /><TestEntry testId="cca3b1b5-b3b9-4661-b2ea-e1bbeb38685b" executionId="936d77ca-547e-4b02-b5d5-efecf9c2d4c1" testListId="8c84fa94-04c1-424b-9868-57a2d4851a1d" /><TestEntry testId="372423cc-9751-4b4f-b39d-5eaf6cd4357e" executionId="60a3822e-df15-47f7-88fb-ce0cfba9bdc3" testListId="8c84fa94-04c1-424b-9868-57a2d4851a1d" /><TestEntry testId="8ba422cf-8505-4618-bd23-4c07b0eae0eb" executionId="bf345df4-6f8c-4f79-9f5f-0a9ec88f8d22" testListId="8c84fa94-04c1-424b-9868-57a2d4851a1d" /><TestEntry testId="e5c3e1d3-2bb7-46ba-8d71-0aa9681941b8" executionId="d919384f-0988-43ec-9c7c-b5918ba344d9" testListId="8c84fa94-04c1-424b-9868-57a2d4851a1d" /><TestEntry testId="ccd8df0b-40b4-4656-bf48-1b85daadd2a4" executionId="6f1be6f5-c42e-4b79-be62-4c333bba60c3" testListId="8c84fa94-04c1-424b-9868-57a2d4851a1d" /><TestEntry testId="e2b54be4-33b7-4cb4-a9c4-4e394c691f18" executionId="3f21e81d-690a-4386-8778-922c6bc6982a" testListId="8c84fa94-04c1-424b-9868-57a2d4851a1d" /><TestEntry testId="a77bf2de-658b-4b87-b440-ced7e2b0d4c5" executionId="2ebe4e87-cda4-4961-9b0e-df096024737d" testListId="8c84fa94-04c1-424b-9868-57a2d4851a1d" /><TestEntry testId="64d7b73a-5506-4758-979b-c38e9e6805a8" executionId="6c82a11e-7281-42d8-a3bd-894449c62c16" testListId="8c84fa94-04c1-424b-9868-57a2d4851a1d" /><TestEntry testId="e20a1e27-b770-43e5-a1b0-4d20b46e1234" executionId="599598e9-119e-4ab5-90fd-4f7f41e317b1" testListId="8c84fa94-04c1-424b-9868-57a2d4851a1d" /><TestEntry testId="d7ad2bbf-c801-4729-84f6-fb2372e7a985" executionId="94622964-90fc-470a-a0d6-5d6dc9116c6b" testListId="8c84fa94-04c1-424b-9868-57a2d4851a1d" /><TestEntry testId="f709e454-565c-48cf-89c6-d0e3ed5ebf18" executionId="72b28aac-b393-4e9a-97cc-c8669dc19509" testListId="8c84fa94-04c1-424b-9868-57a2d4851a1d" /><TestEntry testId="6a104a78-c616-4a22-a5f5-7318b7e2918d" executionId="a195c837-132d-4620-ae68-6bcdf6dbb20c" testListId="8c84fa94-04c1-424b-9868-57a2d4851a1d" /><TestEntry testId="d6990cb9-a3ad-494d-b461-dec36a1ae2b1" executionId="b0e051c6-aea2-45bf-b21c-f0225f4e7184" testListId="8c84fa94-04c1-424b-9868-57a2d4851a1d" /><TestEntry testId="fb099550-e7bf-4fe3-bdc0-23fbbe0a49c1" executionId="f5dcf36f-a4e6-459b-ab5b-8ee5b10a5bda" testListId="8c84fa94-04c1-424b-9868-57a2d4851a1d" /><TestEntry testId="9ab2b82c-0919-4200-b76e-8a38e1f263dd" executionId="2d3eb03a-b10a-4dfd-b071-d891bd806289" testListId="8c84fa94-04c1-424b-9868-57a2d4851a1d" /><TestEntry testId="d268ae27-237b-4126-8365-86773989d3f2" executionId="b94a23ea-dbb8-42f4-9f33-a70473939e67" testListId="8c84fa94-04c1-424b-9868-57a2d4851a1d" /><TestEntry testId="03019725-1246-4cfc-9fb8-01b99e03ff0b" executionId="9d324adc-4681-4030-90ba-78191d50a0cb" testListId="8c84fa94-04c1-424b-9868-57a2d4851a1d" /><TestEntry testId="ffa46194-5036-46a1-927f-5f05fcfead4b" executionId="c509dd55-99ae-4dda-847f-66befd208ce0" testListId="8c84fa94-04c1-424b-9868-57a2d4851a1d" /><TestEntry testId="cb817a97-05c3-41aa-a7ff-2239b1fc9159" executionId="75319b90-ff76-495a-bb14-a415165fd9f4" testListId="8c84fa94-04c1-424b-9868-57a2d4851a1d" /><TestEntry testId="8c994209-5035-48b2-9e54-88100592e03c" executionId="1dd1d769-767c-478c-9d49-9a902ed69f35" testListId="8c84fa94-04c1-424b-9868-57a2d4851a1d" /><TestEntry testId="e2bac2db-119d-44ec-b604-b713d7115125" executionId="1f78b570-7b67-4a54-aa5b-90588c897d54" testListId="8c84fa94-04c1-424b-9868-57a2d4851a1d" /><TestEntry testId="961c6665-e328-4f50-b2bc-239dcce95fbd" executionId="5473bc44-b2fe-4c5f-9611-29f35ab9b4a9" testListId="8c84fa94-04c1-424b-9868-57a2d4851a1d" /><TestEntry testId="5b7b8763-0764-469e-b711-7e7bc5f90d39" executionId="667d4417-3910-45e6-b48d-a55b24d3d8c0" testListId="8c84fa94-04c1-424b-9868-57a2d4851a1d" /><TestEntry testId="8426fdef-c5f7-4ae9-9700-9c0b22e3d974" executionId="aa67a43e-9bce-4371-b4c6-3391800bfc16" testListId="8c84fa94-04c1-424b-9868-57a2d4851a1d" /><TestEntry testId="e8fe0825-45f7-4096-a93a-ee45835b8e52" executionId="adf31146-2293-4a98-a5f5-32cee2dff713" testListId="8c84fa94-04c1-424b-9868-57a2d4851a1d" /><TestEntry testId="d6ffb9fe-7851-4a41-940d-770fdea621a6" executionId="e129d4c0-087f-4715-ae69-b29b09dcbaa7" testListId="8c84fa94-04c1-424b-9868-57a2d4851a1d" /><TestEntry testId="7c810e44-9736-4f56-864f-30c074283e46" executionId="811c2a98-b14c-4b74-ae72-961592fd3ece" testListId="8c84fa94-04c1-424b-9868-57a2d4851a1d" /><TestEntry testId="c1152c45-d552-4fdc-8b61-1f1733856e0f" executionId="11092826-4485-4fd2-b5f3-9fe5dc5834ed" testListId="8c84fa94-04c1-424b-9868-57a2d4851a1d" /><TestEntry testId="b9f53fbc-45bb-48a9-a168-a98d872c5400" executionId="d1a8b379-1065-4696-8804-b3d00e9ed936" testListId="8c84fa94-04c1-424b-9868-57a2d4851a1d" /><TestEntry testId="c278879c-b231-49ce-ae29-1b728630e265" executionId="0e76be20-7159-4fcf-9361-5a95e2f41767" testListId="8c84fa94-04c1-424b-9868-57a2d4851a1d" /><TestEntry testId="563038ea-b149-4120-a94e-982ce8109526" executionId="87200491-f059-4d9d-b635-000bb1b9fe92" testListId="8c84fa94-04c1-424b-9868-57a2d4851a1d" /><TestEntry testId="c2cf4c5d-f71a-4954-b8ef-fb93351ffb1e" executionId="59eda92a-b292-4193-a5dc-ddfa80ac9f45" testListId="8c84fa94-04c1-424b-9868-57a2d4851a1d" /><TestEntry testId="a40109ed-6a8e-45dc-b89c-aca8e92ae0ac" executionId="57b0d44b-18cb-482f-b39e-f43beb555e4e" testListId="8c84fa94-04c1-424b-9868-57a2d4851a1d" /><TestEntry testId="7568c23d-f3d9-4812-808a-ddb3885da9c2" executionId="f6a149f4-6d88-4af0-aef7-0faa6e0fc12f" testListId="8c84fa94-04c1-424b-9868-57a2d4851a1d" /><TestEntry testId="ed5307b2-7eab-4af8-ade1-39cfc677abd1" executionId="be00890b-1f8b-4221-9e95-d91af6aeee6c" testListId="8c84fa94-04c1-424b-9868-57a2d4851a1d" /><TestEntry testId="d49718fb-2f5f-41db-a0a7-eae58512c143" executionId="c8f937fc-b145-4e63-bf09-e964a69cf5bf" testListId="8c84fa94-04c1-424b-9868-57a2d4851a1d" /><TestEntry testId="900148df-7110-4610-93a1-61e3e4beb5f8" executionId="2bc44d57-0664-469d-a1df-629e1424599c" testListId="8c84fa94-04c1-424b-9868-57a2d4851a1d" /><TestEntry testId="f7ed1508-daa5-4eee-8d6f-1dbc1997ed05" executionId="879e27fe-ccab-4de2-93dc-dcbd3e8a4e88" testListId="8c84fa94-04c1-424b-9868-57a2d4851a1d" /><TestEntry testId="17036bf5-8433-465c-8b40-0616da9a3a65" executionId="ea1ede9d-ca9d-4c16-acc6-7beff768a4ce" testListId="8c84fa94-04c1-424b-9868-57a2d4851a1d" /><TestEntry testId="0570a76f-6ce5-47e7-bd22-555bbec8042a" executionId="578eeb62-41f3-4063-913c-76cc28f9bb0c" testListId="8c84fa94-04c1-424b-9868-57a2d4851a1d" /><TestEntry testId="d3043ae5-69c8-47b1-901e-bcc386026cde" executionId="d1e822da-e618-45a7-a3c1-a6036ccc8ab6" testListId="8c84fa94-04c1-424b-9868-57a2d4851a1d" /><TestEntry testId="53deca7d-968e-48b9-aefd-d476f68137fa" executionId="8be79e0f-e23d-4fe5-94e3-96555ff80025" testListId="8c84fa94-04c1-424b-9868-57a2d4851a1d" /><TestEntry testId="a212ebdc-2c8e-493d-8c9f-3852317102c4" executionId="644c3323-7b67-4f07-a9cb-4df1dc68848b" testListId="8c84fa94-04c1-424b-9868-57a2d4851a1d" /><TestEntry testId="932243dc-b370-4ba2-aa94-a5e8c91eb3cd" executionId="930e805b-9b55-42c2-8efe-5eb58b378258" testListId="8c84fa94-04c1-424b-9868-57a2d4851a1d" /><TestEntry testId="15ac563e-fb23-4db7-8071-e1be38178587" executionId="249af780-85fd-433f-a9df-ceb140ed1303" testListId="8c84fa94-04c1-424b-9868-57a2d4851a1d" /><TestEntry testId="d19613ac-d226-4104-b4ba-c9779cc407c6" executionId="375d47ac-8f04-42c1-af0c-ae8409b000ee" testListId="8c84fa94-04c1-424b-9868-57a2d4851a1d" /><TestEntry testId="769b9eea-01d8-46d3-b7b3-6bf85ad135d8" executionId="cf83bc3c-c26b-4b4e-a9ba-40a30ec48ae0" testListId="8c84fa94-04c1-424b-9868-57a2d4851a1d" /><TestEntry testId="642e1853-166d-47ba-b048-374338564cdd" executionId="2eeea049-f997-4251-9f50-89d416230f9c" testListId="8c84fa94-04c1-424b-9868-57a2d4851a1d" /><TestEntry testId="14e424f3-3b43-441b-ad68-2e44f8999a8a" executionId="6f3004ca-6609-49cf-bb43-3e592236bef6" testListId="8c84fa94-04c1-424b-9868-57a2d4851a1d" /><TestEntry testId="3abaf462-0248-4237-b363-f7fd6b7be4f8" executionId="ba8f0e54-7179-4d4d-95c5-dcc1e6eebd20" testListId="8c84fa94-04c1-424b-9868-57a2d4851a1d" /><TestEntry testId="6a6059ea-da10-4ffd-bfc3-b22e5ba6735f" executionId="a5d5c2f6-679b-4449-a1a5-c395ea1e6092" testListId="8c84fa94-04c1-424b-9868-57a2d4851a1d" /><TestEntry testId="8329b5a6-a2ad-48c2-a718-e78dcb1090b3" executionId="27198fa5-ae2f-4b94-b345-e5d46681fd81" testListId="8c84fa94-04c1-424b-9868-57a2d4851a1d" /><TestEntry testId="dc2cb485-d96b-4294-b33b-9d2d3a0f498d" executionId="b1c70a3b-ccd0-4445-a636-d95f0dd140ee" testListId="8c84fa94-04c1-424b-9868-57a2d4851a1d" /><TestEntry testId="e6d673e4-776d-44c9-a818-58b10a07bcb1" executionId="90d701b1-ef8f-4134-8675-b8ff0c5de8d5" testListId="8c84fa94-04c1-424b-9868-57a2d4851a1d" /><TestEntry testId="3ac3d5eb-e648-4159-ad67-6c5585c6a2fc" executionId="44b21288-6002-4d90-a026-d99503667eab" testListId="8c84fa94-04c1-424b-9868-57a2d4851a1d" /><TestEntry testId="16319f79-e475-4fab-b6d4-9b2ceef77310" executionId="1e017898-65fc-4df2-b887-5593ea8a9fe4" testListId="8c84fa94-04c1-424b-9868-57a2d4851a1d" /><TestEntry testId="5b471716-3a1d-4cdd-9a9c-5389f515aa8d" executionId="c9a6a38f-5c5b-4b44-ae4d-df146cc052db" testListId="8c84fa94-04c1-424b-9868-57a2d4851a1d" /><TestEntry testId="4990c798-7709-4e58-bc48-9d555fb0a3be" executionId="89dd1faa-c1af-4576-9ee9-978093833331" testListId="8c84fa94-04c1-424b-9868-57a2d4851a1d" /><TestEntry testId="be7bddd6-ab45-4b29-9bb6-29484a8d159c" executionId="1e43c5a4-b51a-4c3c-aff6-a3ac51d0c675" testListId="8c84fa94-04c1-424b-9868-57a2d4851a1d" /><TestEntry testId="2b2d681c-6e24-4c1f-9ab6-4b16a2f20556" executionId="9a639a57-3848-45bc-84e6-fbaec1259b92" testListId="8c84fa94-04c1-424b-9868-57a2d4851a1d" /><TestEntry testId="ef2bf99e-cb53-4af2-aa46-8b304a40c5e3" executionId="ec38a4cf-021b-4ba5-b867-d86fbfe4b7b5" testListId="8c84fa94-04c1-424b-9868-57a2d4851a1d" /><TestEntry testId="13735ae7-e9aa-4728-9b01-23d94ace8388" executionId="85f39054-d9b0-433b-9414-5494d5e59e46" testListId="8c84fa94-04c1-424b-9868-57a2d4851a1d" /><TestEntry testId="aad79fc0-41ac-4ac8-a6b7-3b42a2110a9f" executionId="377e586f-cf39-4a7f-8182-1acf726c0ce9" testListId="8c84fa94-04c1-424b-9868-57a2d4851a1d" /><TestEntry testId="fc2d028d-910f-4eb5-8773-a3dd3522abf0" executionId="2b835fcd-d14f-443f-99e5-64306e8bae6c" testListId="8c84fa94-04c1-424b-9868-57a2d4851a1d" /><TestEntry testId="1864205e-714b-4a46-a4fb-07fd838076c3" executionId="a176f14d-f9d1-4a69-8782-6865bbbb15dd" testListId="8c84fa94-04c1-424b-9868-57a2d4851a1d" /><TestEntry testId="1b05de67-a21e-4991-ab0d-7037f44cb55b" executionId="a2d1a733-8960-425f-8681-5afb631013ef" testListId="8c84fa94-04c1-424b-9868-57a2d4851a1d" /><TestEntry testId="25d8236a-2e7f-46f5-bcff-d7c955fb3523" executionId="aaf414f8-a9bd-41a3-b158-faa55de335b5" testListId="8c84fa94-04c1-424b-9868-57a2d4851a1d" /><TestEntry testId="e06463cd-fa8e-421f-ac36-2c53f3f47975" executionId="2d1cc1b4-edb6-4a3b-ac09-0ce71dfb3856" testListId="8c84fa94-04c1-424b-9868-57a2d4851a1d" /><TestEntry testId="842ae036-64d5-4b6e-a888-78c47ea6c8bc" executionId="358f8402-1e40-41b6-86da-a503a483da78" testListId="8c84fa94-04c1-424b-9868-57a2d4851a1d" /><TestEntry testId="5bac1e60-4530-432b-8e8c-fd7f2bdd5007" executionId="7d2a87c3-cd67-4b51-aaaa-f77940f13db7" testListId="8c84fa94-04c1-424b-9868-57a2d4851a1d" /><TestEntry testId="56cfdb52-3a76-41f0-a8c3-3d32b74bf793" executionId="93ee8cc8-ba40-4999-a59f-eb7397ebc00c" testListId="8c84fa94-04c1-424b-9868-57a2d4851a1d" /><TestEntry testId="c3a8ec50-3db8-4ecb-bd86-07bf596bbb3a" executionId="9dbf36a2-12b3-4ab9-a1a9-6d0dac303d4d" testListId="8c84fa94-04c1-424b-9868-57a2d4851a1d" /><TestEntry testId="8b4362ef-6d76-423d-8484-bf7e633a3830" executionId="a511c1df-d711-4826-b2c5-a47393842f7d" testListId="8c84fa94-04c1-424b-9868-57a2d4851a1d" /><TestEntry testId="ffefae02-d78a-487d-9319-dd9f92ed08ff" executionId="81439877-501a-4c6b-965e-343dbe9dc7c7" testListId="8c84fa94-04c1-424b-9868-57a2d4851a1d" /><TestEntry testId="69c9a88d-ba6f-44b1-a46f-e4c48e7385f6" executionId="c5093ffe-788c-45fe-94c0-1efe1d6d902d" testListId="8c84fa94-04c1-424b-9868-57a2d4851a1d" /><TestEntry testId="345e639e-d146-4b45-9a85-41f325bbedb1" executionId="08d5ecf3-cc84-4fcc-9ba1-54b61545f22f" testListId="8c84fa94-04c1-424b-9868-57a2d4851a1d" /><TestEntry testId="a42d087c-c29d-430d-9908-2466e7fec7ec" executionId="48fdc559-914e-4bf2-bf69-5e19b5821ca9" testListId="8c84fa94-04c1-424b-9868-57a2d4851a1d" /><TestEntry testId="e09f2f3b-9911-4b00-96f2-29068d406842" executionId="86864ab6-b51b-4d0e-af5c-dfcd9cd934d6" testListId="8c84fa94-04c1-424b-9868-57a2d4851a1d" /><TestEntry testId="7926e7b3-4f89-4b56-9410-d6ed0d75c943" executionId="b2ad9fa2-f375-4025-83a7-46b02432efb5" testListId="8c84fa94-04c1-424b-9868-57a2d4851a1d" /><TestEntry testId="fd5d3c51-c95b-4987-bbff-e990115859f9" executionId="b7adbf47-ce06-4840-9f4b-69a78194d7f2" testListId="8c84fa94-04c1-424b-9868-57a2d4851a1d" /><TestEntry testId="f179cf90-6183-4b04-81d6-c9fdda5bbd6a" executionId="8a7327b6-cd2b-43ca-8ae7-6427fe16b293" testListId="8c84fa94-04c1-424b-9868-57a2d4851a1d" /><TestEntry testId="7374b302-3c09-4457-8697-3ad19515835b" executionId="3e7770cd-835e-438b-a5c6-e65c08b16804" testListId="8c84fa94-04c1-424b-9868-57a2d4851a1d" /><TestEntry testId="fed600a7-9395-467a-a326-eec09ca59123" executionId="3ee9287c-3cea-4ae3-8dd9-8dc7fd0799f5" testListId="8c84fa94-04c1-424b-9868-57a2d4851a1d" /><TestEntry testId="4ad5de71-f887-49cb-9375-b199d4509a9b" executionId="bcf861fc-4f0c-41de-9140-b9995cbc1b82" testListId="8c84fa94-04c1-424b-9868-57a2d4851a1d" /><TestEntry testId="69cc175f-710c-44bf-a353-5d676b820cda" executionId="cecd643e-a5a0-4b82-a787-db9ab0886a82" testListId="8c84fa94-04c1-424b-9868-57a2d4851a1d" /><TestEntry testId="cfce2886-c981-40d9-af6f-e3a55c764fd3" executionId="2152f82a-53b5-4234-a151-f11a960b0e7f" testListId="8c84fa94-04c1-424b-9868-57a2d4851a1d" /><TestEntry testId="4fe28351-6f6d-4851-ae9e-8418dcff9de2" executionId="3696d114-a0e6-499c-875c-2dc8c9241d68" testListId="8c84fa94-04c1-424b-9868-57a2d4851a1d" /><TestEntry testId="a211227c-d797-4d15-9562-a1b85a7e6c7f" executionId="cec7ee19-bcf6-45b4-bd5c-279764be3a90" testListId="8c84fa94-04c1-424b-9868-57a2d4851a1d" /><TestEntry testId="04ad2870-cecc-446a-9e3a-4175979e66fb" executionId="f605a4fd-3950-415b-a6c6-22fede48058f" testListId="8c84fa94-04c1-424b-9868-57a2d4851a1d" /><TestEntry testId="a3268bc0-4c17-4b7b-acd8-b9ea51612851" executionId="9a6ad533-a5f8-4294-8082-dd961e769523" testListId="8c84fa94-04c1-424b-9868-57a2d4851a1d" /><TestEntry testId="b41a2b82-020b-4fd0-8d6d-8d1041813dbf" executionId="6fc66375-7583-4568-b91c-1eddd28f13c5" testListId="8c84fa94-04c1-424b-9868-57a2d4851a1d" /><TestEntry testId="c22bc400-15e1-43b4-846a-e5866a53ce3b" executionId="739bd30a-698e-4d67-a9c5-738078810426" testListId="8c84fa94-04c1-424b-9868-57a2d4851a1d" /><TestEntry testId="2e9a64c9-69d7-4f26-b2d2-0829a32d3570" executionId="e86592c8-0167-4637-a9f4-e34a45de2073" testListId="8c84fa94-04c1-424b-9868-57a2d4851a1d" /><TestEntry testId="72cbe1d8-818b-4ad1-b15a-c91c0a747e9d" executionId="8795b60d-045f-490b-8fb4-dd8a75baab2b" testListId="8c84fa94-04c1-424b-9868-57a2d4851a1d" /><TestEntry testId="0d0acf03-cd27-4c55-99e5-dba7566dd2b7" executionId="35c29f9c-bdb3-4016-ae13-c4d3b40cb5ea" testListId="8c84fa94-04c1-424b-9868-57a2d4851a1d" /><TestEntry testId="565bccf0-ad5d-4b41-89bc-b7b811f6d4d5" executionId="2526df7c-ddfa-44ad-a263-e0b5e99a05c5" testListId="8c84fa94-04c1-424b-9868-57a2d4851a1d" /><TestEntry testId="b1c8b502-0889-4889-bbac-38a94915ab30" executionId="80b1cb4f-e915-4e94-af9d-572948fb7f0d" testListId="8c84fa94-04c1-424b-9868-57a2d4851a1d" /><TestEntry testId="1b55dce0-2f5b-407d-ab84-d9c02ed398e6" executionId="4b251a59-26a9-4f2b-a849-f472f139fd9d" testListId="8c84fa94-04c1-424b-9868-57a2d4851a1d" /><TestEntry testId="2b766ee2-31d0-4e67-8bfd-e5cfae9aadcc" executionId="59b0fca5-3d85-4300-b681-dd6acef70ff6" testListId="8c84fa94-04c1-424b-9868-57a2d4851a1d" /><TestEntry testId="60256008-9034-4a93-b3af-fcc27ec7eb1d" executionId="1ab1f5b5-0109-4ad3-bd66-56d6730fa9d7" testListId="8c84fa94-04c1-424b-9868-57a2d4851a1d" /><TestEntry testId="d0aa6680-4fad-4cdd-8ff7-f1800948b34a" executionId="a904fd0f-18dc-4b66-8932-64271627d33c" testListId="8c84fa94-04c1-424b-9868-57a2d4851a1d" /><TestEntry testId="2730ba77-decb-40f4-87a5-7f0bb8b882e7" executionId="b093026f-0fdf-48e1-806b-97e2ed1829b7" testListId="8c84fa94-04c1-424b-9868-57a2d4851a1d" /><TestEntry testId="86222290-c8e1-4033-8243-959eea0bb02b" executionId="af7d9230-a04a-42dd-be2f-2785a995a6a8" testListId="8c84fa94-04c1-424b-9868-57a2d4851a1d" /><TestEntry testId="3634ae5a-704e-464d-80a6-5b89e7fcce7b" executionId="034216fd-8df0-415b-844d-fbb652aab1c8" testListId="8c84fa94-04c1-424b-9868-57a2d4851a1d" /><TestEntry testId="62ebf28d-da42-428b-91c8-bcd275b88462" executionId="2aee0614-454a-4f0d-8d02-c561bdd724d7" testListId="8c84fa94-04c1-424b-9868-57a2d4851a1d" /><TestEntry testId="d5314b0f-ec4a-424c-b3a4-1ed55b74ee03" executionId="cbfa9c51-4b74-470e-8b44-361137ce8c46" testListId="8c84fa94-04c1-424b-9868-57a2d4851a1d" /><TestEntry testId="b8d6dd62-f326-47a3-b400-936afd968b9a" executionId="bcbf9415-4014-440e-8a0f-5746b3d62f20" testListId="8c84fa94-04c1-424b-9868-57a2d4851a1d" /><TestEntry testId="6a10035a-2728-4593-b25a-7a19d62b184b" executionId="0f1a2078-5483-4a42-91c4-645bd7dd1839" testListId="8c84fa94-04c1-424b-9868-57a2d4851a1d" /><TestEntry testId="242cec7c-6cac-43ea-ba12-1e70e97b279f" executionId="64851a9b-3e36-41bc-bbb0-8edee2f43974" testListId="8c84fa94-04c1-424b-9868-57a2d4851a1d" /><TestEntry testId="b666c072-0ee1-4d5c-92a3-e179ec81834c" executionId="170eaaff-6a58-481c-a2e1-6ebcafcb2891" testListId="8c84fa94-04c1-424b-9868-57a2d4851a1d" /><TestEntry testId="becffdbd-5064-4e56-9741-d7f9599cf06a" executionId="5b580019-f5eb-4e0a-80d7-210c2e6c15cf" testListId="8c84fa94-04c1-424b-9868-57a2d4851a1d" /><TestEntry testId="87612714-2cb6-4284-a904-a70c99a4f311" executionId="c6649656-4924-463a-9e35-bf7a3bf07954" testListId="8c84fa94-04c1-424b-9868-57a2d4851a1d" /><TestEntry testId="2e383bae-49a0-4104-8044-6c96101f9b50" executionId="3cb8bf69-8ad7-4dc5-99da-107586174ed7" testListId="8c84fa94-04c1-424b-9868-57a2d4851a1d" /><TestEntry testId="cbf4d894-0c3c-4ddb-b3c9-40d7081a604d" executionId="2144db28-7738-4bda-a244-f2e77da884cb" testListId="8c84fa94-04c1-424b-9868-57a2d4851a1d" /><TestEntry testId="33a9a268-d7ce-4007-853c-076916231e85" executionId="ec31e65c-5622-407b-9e93-f706909870fc" testListId="8c84fa94-04c1-424b-9868-57a2d4851a1d" /><TestEntry testId="1090aa45-9871-441f-a241-246d23ae4e74" executionId="68bc08ea-406e-46b4-a30e-fe7c71851d7f" testListId="8c84fa94-04c1-424b-9868-57a2d4851a1d" /><TestEntry testId="c5db381c-db87-4864-96ef-740a534b60cc" executionId="1b5cb4b5-352b-4d2b-b9c4-96a62c4d0cce" testListId="8c84fa94-04c1-424b-9868-57a2d4851a1d" /><TestEntry testId="ad9f0971-a7d9-4844-8c18-28b56138f41b" executionId="aff710f6-616b-4371-b26e-89ad53646248" testListId="8c84fa94-04c1-424b-9868-57a2d4851a1d" /><TestEntry testId="f3f5a504-89f8-4ccf-a53a-8b5f06ea2a20" executionId="8cbf3fed-0556-498a-89dd-3d67e92334aa" testListId="8c84fa94-04c1-424b-9868-57a2d4851a1d" /><TestEntry testId="6aaeadc7-7f98-4f0a-81cb-6ca643472dbb" executionId="27a3f5dd-233e-40e9-8d73-7ef74ef24bf1" testListId="8c84fa94-04c1-424b-9868-57a2d4851a1d" /><TestEntry testId="4c9839b3-d1a8-4aa3-8f1f-662ffde54efb" executionId="a74d893a-52e5-4d2e-a487-0fbd3b5c93cd" testListId="8c84fa94-04c1-424b-9868-57a2d4851a1d" /><TestEntry testId="a989ab39-4aa0-49a0-81ef-9b7833285350" executionId="2f985304-6461-4562-bf75-af61f2b33c98" testListId="8c84fa94-04c1-424b-9868-57a2d4851a1d" /><TestEntry testId="9d4ded7b-1d7d-48ee-8f5c-03eea934c5e5" executionId="fff111c4-7610-41e7-b78d-ac0a65f5f794" testListId="8c84fa94-04c1-424b-9868-57a2d4851a1d" /><TestEntry testId="21493b11-9214-48c3-98f2-8ff6aaed3996" executionId="0b3b490e-2e89-480f-8680-4ceb2d8f86af" testListId="8c84fa94-04c1-424b-9868-57a2d4851a1d" /><TestEntry testId="5da41f43-f742-4011-a28c-8ddce390bd7d" executionId="64d941d6-65d5-4c95-b492-0c95f00b12f1" testListId="8c84fa94-04c1-424b-9868-57a2d4851a1d" /><TestEntry testId="47f25488-17b0-4ca2-b428-801364185fb5" executionId="c89431d8-9d42-48ab-af08-11da8c095889" testListId="8c84fa94-04c1-424b-9868-57a2d4851a1d" /><TestEntry testId="6c743362-f423-4ca4-a925-f3bb9abfc3f8" executionId="489b52c0-c213-4b60-8fa0-7238e9cfa3f1" testListId="8c84fa94-04c1-424b-9868-57a2d4851a1d" /><TestEntry testId="88e7df2e-1baf-40bc-b1b4-22234a09cf18" executionId="97f2340d-1ec9-4ed2-8625-27e30f29805d" testListId="8c84fa94-04c1-424b-9868-57a2d4851a1d" /><TestEntry testId="2e69eacf-6e01-4943-98fd-59727cd8c3f2" executionId="9bed42ae-dc31-4155-b7fc-ca8b52ce11d7" testListId="8c84fa94-04c1-424b-9868-57a2d4851a1d" /><TestEntry testId="172ff24c-6aab-4cc4-a9a9-5957d02cc18b" executionId="7086e64e-a629-4bf7-8486-ea3bd0b961e9" testListId="8c84fa94-04c1-424b-9868-57a2d4851a1d" /><TestEntry testId="0a49a20b-7b98-4f28-8afb-78c9238fba88" executionId="ff6fc105-4256-4528-a523-cdabc9b0fe47" testListId="8c84fa94-04c1-424b-9868-57a2d4851a1d" /><TestEntry testId="4e416c56-6c91-4209-9e5e-71b8eea89960" executionId="ba137709-a608-4a7d-9df4-bb61a619a2bf" testListId="8c84fa94-04c1-424b-9868-57a2d4851a1d" /><TestEntry testId="c824c31a-2d53-4547-86c9-b9678bf6faa4" executionId="94a967ea-0c5a-4366-823a-bc45ea427ae9" testListId="8c84fa94-04c1-424b-9868-57a2d4851a1d" /><TestEntry testId="21a6dc6a-3118-404d-81a2-6f0150372750" executionId="50c9e1a3-fead-4823-8eb4-0c3d93819bb1" testListId="8c84fa94-04c1-424b-9868-57a2d4851a1d" /><TestEntry testId="2d6fc1de-ff44-4cb2-bc01-25f5d26508b3" executionId="1aa8e64c-1de5-48e2-8d24-6e23a81d32da" testListId="8c84fa94-04c1-424b-9868-57a2d4851a1d" /><TestEntry testId="070a3ff2-a25d-4a14-adf7-b465975d680d" executionId="3c37f1f0-426b-4c11-95c6-bc92c3ff1b37" testListId="8c84fa94-04c1-424b-9868-57a2d4851a1d" /><TestEntry testId="05db0bf5-e140-4108-b0e2-bb8b373cd28b" executionId="78aef192-85a1-4113-8356-63928bf0e3f6" testListId="8c84fa94-04c1-424b-9868-57a2d4851a1d" /><TestEntry testId="41140ff8-beef-48f1-9b46-38d49d1c9755" executionId="aa409c01-5faa-4c34-a351-71a9dff006b2" testListId="8c84fa94-04c1-424b-9868-57a2d4851a1d" /><TestEntry testId="e983c4b6-9c23-43c7-8f0c-ff499ef2b556" executionId="c161ee76-1ca5-4980-b443-98d65284226b" testListId="8c84fa94-04c1-424b-9868-57a2d4851a1d" /><TestEntry testId="4368ee7e-715b-4254-9fec-f606a19e3384" executionId="55918bd2-3c33-4d21-834c-1cd011a0cab1" testListId="8c84fa94-04c1-424b-9868-57a2d4851a1d" /><TestEntry testId="e86614f4-7177-4adf-8498-1a25eb74a9eb" executionId="2df92cc6-f1e3-4d61-879c-11a9a1c615fb" testListId="8c84fa94-04c1-424b-9868-57a2d4851a1d" /><TestEntry testId="07b1444c-07a7-46d2-b583-9ebb88a3d8a4" executionId="c7d05f25-f20c-4ee5-b5df-366e327d0a98" testListId="8c84fa94-04c1-424b-9868-57a2d4851a1d" /><TestEntry testId="4c7b40f8-fb14-4b1c-a80a-1dc7a2c3cef0" executionId="5c4432b0-e115-463c-92f0-89114fe2c900" testListId="8c84fa94-04c1-424b-9868-57a2d4851a1d" /><TestEntry testId="2879d6db-cfb4-4877-91ab-027f1ab79fa6" executionId="38d07326-43cd-4009-957b-f746379d4724" testListId="8c84fa94-04c1-424b-9868-57a2d4851a1d" /><TestEntry testId="6e6b0ea3-e00a-401b-9065-245de504a9cf" executionId="a5602af2-f692-4cbc-bad4-7060fca633e5" testListId="8c84fa94-04c1-424b-9868-57a2d4851a1d" /><TestEntry testId="c1b845df-6343-4e14-a1f5-7e9e4ed027b7" executionId="83659919-4fae-46f4-8b60-2fffe05dec9d" testListId="8c84fa94-04c1-424b-9868-57a2d4851a1d" /><TestEntry testId="512c8c9d-f72f-4dbc-9910-f1dd4bf0a3d5" executionId="ff26efff-ef6e-4f74-806d-2de19a47d7b0" testListId="8c84fa94-04c1-424b-9868-57a2d4851a1d" /><TestEntry testId="c1f63757-c4cf-4580-a476-0da8069eb0b6" executionId="962ed502-5e92-4c24-bde7-6ba47c5ab346" testListId="8c84fa94-04c1-424b-9868-57a2d4851a1d" /><TestEntry testId="23a4e699-b0d4-4298-a0d0-8bb7ae058196" executionId="cdf3e3d6-51bd-4d1e-a6f1-1e3e659f1d1d" testListId="8c84fa94-04c1-424b-9868-57a2d4851a1d" /><TestEntry testId="b86cff77-63b5-41ac-970b-8de7469be926" executionId="a0b06497-96e4-4f57-80f4-dcc24b5a35be" testListId="8c84fa94-04c1-424b-9868-57a2d4851a1d" /><TestEntry testId="b2efb83a-3125-4f90-a3eb-a96f60f4bd79" executionId="17c96bff-0c52-48ab-8045-00a455c52185" testListId="8c84fa94-04c1-424b-9868-57a2d4851a1d" /><TestEntry testId="9daea350-3848-4d6b-8612-893d4429dd90" executionId="141ca677-f2d6-4bce-a370-4561fe703348" testListId="8c84fa94-04c1-424b-9868-57a2d4851a1d" /><TestEntry testId="fd175781-48bd-46f7-86f6-acee4daef564" executionId="a6e89c2b-bf88-49e8-bb5b-829d568c12e0" testListId="8c84fa94-04c1-424b-9868-57a2d4851a1d" /><TestEntry testId="35e1ed60-854a-41f7-9d40-cee17f6c39c4" executionId="0e19376c-386e-4dbd-b1f3-f2f36c83fbac" testListId="8c84fa94-04c1-424b-9868-57a2d4851a1d" /><TestEntry testId="8bbaaec9-8ad9-434b-86c1-4622fd07a725" executionId="35bdb716-a52a-443e-84bc-4a029f6d912c" testListId="8c84fa94-04c1-424b-9868-57a2d4851a1d" /><TestEntry testId="00faea74-e8f1-4222-8ce8-bc3177562f21" executionId="fdff838d-79b8-41d2-a30d-2e97f45f985e" testListId="8c84fa94-04c1-424b-9868-57a2d4851a1d" /><TestEntry testId="259a0f61-e646-4646-8213-14073503c412" executionId="fc5a2bab-77d2-4c34-b5e5-1a664202bd0a" testListId="8c84fa94-04c1-424b-9868-57a2d4851a1d" /><TestEntry testId="05cf39e7-9577-4044-a7ec-90ba99daaf2a" executionId="06143fb3-91fc-4f8b-88a8-507759e7aa35" testListId="8c84fa94-04c1-424b-9868-57a2d4851a1d" /><TestEntry testId="7dbe31f5-b789-44ca-be7b-91e69b5b1e9f" executionId="c658dfac-4c97-4dd6-835e-bef0678fcccc" testListId="8c84fa94-04c1-424b-9868-57a2d4851a1d" /><TestEntry testId="577474e5-22e7-4d25-b771-3fc72bc1de1a" executionId="5a4775db-4593-4b81-93c2-3823f40cbd59" testListId="8c84fa94-04c1-424b-9868-57a2d4851a1d" /><TestEntry testId="8a7a170b-adf9-47f9-968e-9ffce477de51" executionId="a614f6c8-2fbe-424b-bb7e-288a2fbfdd13" testListId="8c84fa94-04c1-424b-9868-57a2d4851a1d" /><TestEntry testId="ef128aa6-db75-4fe8-ba9b-a2de16cdc4d6" executionId="56cef6f6-2b1a-4c7b-90e8-027e154197c7" testListId="8c84fa94-04c1-424b-9868-57a2d4851a1d" /><TestEntry testId="20e7b362-9ba5-4543-802d-bbbf3c1ca57a" executionId="5e04abe8-78a2-4a5d-b68d-96afde7b5724" testListId="8c84fa94-04c1-424b-9868-57a2d4851a1d" /><TestEntry testId="04bd3a67-8000-4f10-af6b-9761f9f6112b" executionId="bb74d4ae-f44e-42f1-87ce-c005c1cdb1ec" testListId="8c84fa94-04c1-424b-9868-57a2d4851a1d" /><TestEntry testId="6ac9d396-d148-4999-b4ec-b585c9465bb1" executionId="081b8798-95c0-4177-8650-cdf5206404c2" testListId="8c84fa94-04c1-424b-9868-57a2d4851a1d" /><TestEntry testId="f27dd547-0b30-4c35-9ccf-e448c24a9b82" executionId="274bf156-555d-437f-8905-616d2568d049" testListId="8c84fa94-04c1-424b-9868-57a2d4851a1d" /><TestEntry testId="0847cd66-3dc7-45bf-adff-1b69a0d8b2b3" executionId="b362a444-f8c8-430d-9d86-7577d2edfbe3" testListId="8c84fa94-04c1-424b-9868-57a2d4851a1d" /><TestEntry testId="c87aa9f8-e269-4f06-9cd9-638ed8e7e6b8" executionId="f5011228-d6ba-4490-88fc-702c902828f2" testListId="8c84fa94-04c1-424b-9868-57a2d4851a1d" /><TestEntry testId="33ac311b-c530-4986-89f4-536f607e7320" executionId="63a4f02d-ba09-4eda-8386-f350efda5d18" testListId="8c84fa94-04c1-424b-9868-57a2d4851a1d" /><TestEntry testId="7e94e371-5936-417a-bff4-1f6a31c1d186" executionId="76b16300-8654-4dd6-ab3a-9e3fb7fefdb8" testListId="8c84fa94-04c1-424b-9868-57a2d4851a1d" /><TestEntry testId="2a15869c-83e7-4566-a90e-857c4ca4a651" executionId="d5212293-f0d3-4405-8aa6-e79227fa7ade" testListId="8c84fa94-04c1-424b-9868-57a2d4851a1d" /><TestEntry testId="b301e733-2ae6-4483-a5b5-6ffa4057a126" executionId="5f8dfae3-c8c5-4bd9-9358-37ccaa8f5410" testListId="8c84fa94-04c1-424b-9868-57a2d4851a1d" /><TestEntry testId="6ea786bd-0c59-4149-9577-cef298cfecd5" executionId="0974885e-27ce-49cc-a79a-e4f46374e817" testListId="8c84fa94-04c1-424b-9868-57a2d4851a1d" /><TestEntry testId="4b44e501-93f9-4417-8b9f-d6596bb95df8" executionId="258322d6-3d4b-4200-ad95-03c73e74734c" testListId="8c84fa94-04c1-424b-9868-57a2d4851a1d" /><TestEntry testId="4c017116-458d-416c-81f7-75985f1d37af" executionId="5de4ab65-30c5-42ba-bc00-7cb735f00db6" testListId="8c84fa94-04c1-424b-9868-57a2d4851a1d" /><TestEntry testId="48c9db72-062a-4416-803e-94866d20b0e4" executionId="b22fc349-f209-4036-a60d-a90419dfa4f3" testListId="8c84fa94-04c1-424b-9868-57a2d4851a1d" /><TestEntry testId="1c6c8a0e-6834-4adf-b6e9-11aa740b3895" executionId="93d0c7c5-a372-4f20-96f3-7a6a8f3d40be" testListId="8c84fa94-04c1-424b-9868-57a2d4851a1d" /><TestEntry testId="c5dd8a6c-15d3-4307-b489-c3611c8f7e42" executionId="5e21ef41-4722-417e-b385-d498a2ecc623" testListId="8c84fa94-04c1-424b-9868-57a2d4851a1d" /><TestEntry testId="82d84999-f7db-4120-acbe-9b6f9893d500" executionId="08d7e80c-721a-44df-8332-b0ab8233dc99" testListId="8c84fa94-04c1-424b-9868-57a2d4851a1d" /><TestEntry testId="aedfc97c-f7d1-434d-93ed-291b8dad956f" executionId="f664ac8b-0ff3-4472-94ad-755aefe6badb" testListId="8c84fa94-04c1-424b-9868-57a2d4851a1d" /><TestEntry testId="84920bee-8823-4d47-9cf0-df94e3a4212c" executionId="fcae8f32-8ad1-4b02-ac8d-8f0b9796f86b" testListId="8c84fa94-04c1-424b-9868-57a2d4851a1d" /><TestEntry testId="eecbb3ed-c449-454e-813d-d4b01e63e9b3" executionId="b2f9f616-ba15-4464-bad3-29da934df1db" testListId="8c84fa94-04c1-424b-9868-57a2d4851a1d" /><TestEntry testId="a1f3013e-e986-4c9d-bf34-82850611c72a" executionId="67415568-275e-4902-81cd-83d81322f370" testListId="8c84fa94-04c1-424b-9868-57a2d4851a1d" /><TestEntry testId="6b842618-08be-494d-abe3-365c95907a29" executionId="d0535071-0ca2-4a68-b7e5-b2dd06d00abd" testListId="8c84fa94-04c1-424b-9868-57a2d4851a1d" /><TestEntry testId="7990deb6-bfed-4bc9-a6a6-df08cf2d883e" executionId="d608ef27-563f-491e-9101-60f3afad2723" testListId="8c84fa94-04c1-424b-9868-57a2d4851a1d" /><TestEntry testId="fc4b4764-193f-445b-958d-5dc48836366a" executionId="83787021-9463-4ca1-9c16-1d4c82fca881" testListId="8c84fa94-04c1-424b-9868-57a2d4851a1d" /><TestEntry testId="3e61f76f-5810-4180-b906-9c626a747533" executionId="d8ddc9e4-0162-4b53-b34e-f23dd6b5f5a7" testListId="8c84fa94-04c1-424b-9868-57a2d4851a1d" /><TestEntry testId="56f98cb3-6ed7-4d3a-95b7-d995aee73805" executionId="0e0af0c3-5f71-4756-817d-2c3cc20a4418" testListId="8c84fa94-04c1-424b-9868-57a2d4851a1d" /><TestEntry testId="fba123ae-c036-4687-a743-69d996a47e61" executionId="871fb4f3-e071-4609-9e12-38e293e16523" testListId="8c84fa94-04c1-424b-9868-57a2d4851a1d" /><TestEntry testId="3c5e991a-afda-4b16-909b-522453613bbf" executionId="87d6df71-4098-4e23-9cfa-7bd7d64a79df" testListId="8c84fa94-04c1-424b-9868-57a2d4851a1d" /><TestEntry testId="9c77286e-9286-4d38-951b-002cff41d88a" executionId="b96e4d26-85f1-4a2b-8d9a-9aac0e6c8782" testListId="8c84fa94-04c1-424b-9868-57a2d4851a1d" /><TestEntry testId="86bdffa1-442a-4c0d-99b1-66a6c22a5ac5" executionId="efc0e683-332e-4a56-8222-8e947d3456ee" testListId="8c84fa94-04c1-424b-9868-57a2d4851a1d" /><TestEntry testId="685bfd78-a35d-4d66-b0a9-70fb2a02e87e" executionId="4b54fe97-685e-4cf6-9d76-1204fa4b52f3" testListId="8c84fa94-04c1-424b-9868-57a2d4851a1d" /><TestEntry testId="3f5c2bc3-a418-4bc4-b405-2ee662fc52b6" executionId="32ea7b8b-ce4e-4d17-903b-c9940be8b0b1" testListId="8c84fa94-04c1-424b-9868-57a2d4851a1d" /><TestEntry testId="326e5536-8d7c-4987-8da8-f42217217b6d" executionId="4a6b599b-2a3a-421c-b791-2d8a28e07854" testListId="8c84fa94-04c1-424b-9868-57a2d4851a1d" /><TestEntry testId="b9d16f20-d8d1-4b10-92a7-404ce759313d" executionId="140fac49-e8bd-4235-9e09-975dfa8d967c" testListId="8c84fa94-04c1-424b-9868-57a2d4851a1d" /><TestEntry testId="325a2996-4b62-43ab-98ad-6c12c39ff024" executionId="7568e03d-ce3d-460c-a556-1512249e2f44" testListId="8c84fa94-04c1-424b-9868-57a2d4851a1d" /><TestEntry testId="931538d3-94ae-413b-a5e8-5edf4a051740" executionId="3ccee25d-8a75-4dc3-863f-154ee0921914" testListId="8c84fa94-04c1-424b-9868-57a2d4851a1d" /><TestEntry testId="fde4bf9e-4071-45ea-a4d5-791cdaf33da9" executionId="70fec1a5-2967-4289-9811-61acd3a1382c" testListId="8c84fa94-04c1-424b-9868-57a2d4851a1d" /><TestEntry testId="dc7aa01d-f2d2-464a-abf4-7312c8b309a6" executionId="ec06e664-cee5-4e10-a904-77a320fad280" testListId="8c84fa94-04c1-424b-9868-57a2d4851a1d" /><TestEntry testId="b00f4e28-e845-46b4-b7aa-23aa077d1386" executionId="bd29481a-7fa6-428a-8c4c-2fae415096d3" testListId="8c84fa94-04c1-424b-9868-57a2d4851a1d" /><TestEntry testId="78e2677e-1d5c-48d8-aee4-4be0a8896fa8" executionId="797dc1a7-36ba-41fd-86eb-89ea811b2a54" testListId="8c84fa94-04c1-424b-9868-57a2d4851a1d" /><TestEntry testId="cb79f044-26a6-4a39-a427-1dde912b4764" executionId="1126ade9-7c75-40d1-8bf7-fbc4d1c92e7a" testListId="8c84fa94-04c1-424b-9868-57a2d4851a1d" /><TestEntry testId="ae7be3a1-f640-4c71-98c5-d0ad4967aebc" executionId="9eacfeb1-0bae-4f8f-bc0d-54ee3b784f38" testListId="8c84fa94-04c1-424b-9868-57a2d4851a1d" /><TestEntry testId="75dd2999-9705-48e6-919d-c986150a5560" executionId="0858dd85-07c4-4104-b559-036535e02da2" testListId="8c84fa94-04c1-424b-9868-57a2d4851a1d" /><TestEntry testId="455888b8-734b-4c0b-add9-2f8f11a7c6c2" executionId="e987da48-69f9-4911-b0e9-e74ab43475b0" testListId="8c84fa94-04c1-424b-9868-57a2d4851a1d" /><TestEntry testId="f8dbc031-e6a6-4340-9556-5b8e2a41f4b3" executionId="59206f72-f21f-4c13-8257-c40ab419d0bd" testListId="8c84fa94-04c1-424b-9868-57a2d4851a1d" /><TestEntry testId="30c920aa-1285-4c76-86cf-76d916fa23f4" executionId="60962ee8-037c-43f0-97db-22724cfda758" testListId="8c84fa94-04c1-424b-9868-57a2d4851a1d" /><TestEntry testId="b37d2770-e090-4d40-9b5e-fd70ebbab611" executionId="78907a4a-e2b1-4dbe-8abb-24be51d82ce8" testListId="8c84fa94-04c1-424b-9868-57a2d4851a1d" /><TestEntry testId="6b42fd26-8e07-4390-b695-1c80db9e8d29" executionId="44b5f98e-1c8e-4dc4-b6fb-87f7ebe3c47d" testListId="8c84fa94-04c1-424b-9868-57a2d4851a1d" /><TestEntry testId="cdb28501-8350-4961-8e2b-790cdc5c203a" executionId="c9c84348-19ac-45c4-b3a6-c33b2e021039" testListId="8c84fa94-04c1-424b-9868-57a2d4851a1d" /><TestEntry testId="007c8c0d-23ea-42d1-a4e6-e6d64fdceb76" executionId="f321a705-63e3-4850-8aca-f865dbc1e7c1" testListId="8c84fa94-04c1-424b-9868-57a2d4851a1d" /><TestEntry testId="d9cc9e49-ca7f-4f65-b38e-5052c4f2ac97" executionId="0b543af6-e931-48b4-b473-00dfb222571a" testListId="8c84fa94-04c1-424b-9868-57a2d4851a1d" /><TestEntry testId="66e0d886-a5ac-47bb-9993-6f9feb62c6f6" executionId="1e89df7f-5757-4a50-a85f-effebaae5458" testListId="8c84fa94-04c1-424b-9868-57a2d4851a1d" /><TestEntry testId="f44528c3-ec9d-4cc6-a94f-1be3ef27f7c0" executionId="a9d37cb8-cef6-4df8-914f-bcf3a8adb539" testListId="8c84fa94-04c1-424b-9868-57a2d4851a1d" /><TestEntry testId="d481870a-041e-41f8-bd22-ffa6f9f51500" executionId="8d496ce9-0bab-4c87-8cfc-0f57499fd516" testListId="8c84fa94-04c1-424b-9868-57a2d4851a1d" /><TestEntry testId="98faa2eb-7e6e-4429-81c3-5f9293bd4342" executionId="1a5d1ec9-5687-47cb-8dab-31592752fd28" testListId="8c84fa94-04c1-424b-9868-57a2d4851a1d" /><TestEntry testId="ca259570-32fa-4683-96dd-b8d6b101af85" executionId="8776080d-5970-4c21-a3f5-abd34df6b8c8" testListId="8c84fa94-04c1-424b-9868-57a2d4851a1d" /><TestEntry testId="c34bd1d3-7378-44b2-9074-e497342dc074" executionId="d20923d6-9726-4421-b0ca-7fe4d13b778c" testListId="8c84fa94-04c1-424b-9868-57a2d4851a1d" /><TestEntry testId="25aa1e00-54cd-4107-8e6e-826fa4ff433d" executionId="1701a661-62b7-4258-9e5f-14b5a2081bcf" testListId="8c84fa94-04c1-424b-9868-57a2d4851a1d" /><TestEntry testId="a8c01304-2263-425e-bca9-0aa846206540" executionId="289b245f-8a60-45c9-87c1-339665d34137" testListId="8c84fa94-04c1-424b-9868-57a2d4851a1d" /><TestEntry testId="fdf8d35e-6853-4af7-b916-9338138760af" executionId="36c15228-969e-4a99-a2b0-77920ce9e565" testListId="8c84fa94-04c1-424b-9868-57a2d4851a1d" /><TestEntry testId="e8c5d695-7683-49d0-9c3f-9d04a042d518" executionId="671bd1de-0a1f-4511-a724-4156be55b04f" testListId="8c84fa94-04c1-424b-9868-57a2d4851a1d" /><TestEntry testId="13ee5001-30fe-4621-92c9-ec3feeb6723d" executionId="9af93656-ddd4-4537-bcec-7f7a7a85cd8c" testListId="8c84fa94-04c1-424b-9868-57a2d4851a1d" /><TestEntry testId="53c50abc-6739-4ee3-ae88-8856d84dbba3" executionId="37588286-b823-4f36-949e-443f3776d973" testListId="8c84fa94-04c1-424b-9868-57a2d4851a1d" /><TestEntry testId="0af17f6c-d0bb-4410-86ec-99d0fbd2852e" executionId="8ab9637e-49c8-43ab-978a-dea1d82c4c13" testListId="8c84fa94-04c1-424b-9868-57a2d4851a1d" /><TestEntry testId="49088be8-ad30-4731-84c3-f89eb6aef2a9" executionId="88c0ae5b-9b18-49ac-a4d7-694ef9549321" testListId="8c84fa94-04c1-424b-9868-57a2d4851a1d" /><TestEntry testId="b9052334-86d8-40f2-819b-fcd36b022893" executionId="142071d0-d6e4-4ef9-bbdf-2bbf1b0a1021" testListId="8c84fa94-04c1-424b-9868-57a2d4851a1d" /><TestEntry testId="c20c3e2f-0b46-4219-8363-9e730fa00e75" executionId="d7b6ed99-d2b6-4889-b9de-39f5db0f46e4" testListId="8c84fa94-04c1-424b-9868-57a2d4851a1d" /><TestEntry testId="7a7112c1-f3a8-49df-8fa9-43a713a361bc" executionId="d1bde53f-84b5-4e20-a94c-0365ae24f4e2" testListId="8c84fa94-04c1-424b-9868-57a2d4851a1d" /><TestEntry testId="8e5532d0-1be2-4cbf-90a0-f71ca4eb02e9" executionId="f3a51e24-314a-42ac-87bb-18fdfc0eb501" testListId="8c84fa94-04c1-424b-9868-57a2d4851a1d" /><TestEntry testId="eb4ef568-0db6-45ea-b190-a24f7f96dae4" executionId="577a6dcc-7d83-41d4-bdfe-f54401101b0e" testListId="8c84fa94-04c1-424b-9868-57a2d4851a1d" /><TestEntry testId="8b781feb-13ae-48d3-8f3a-a11734c03041" executionId="1cea8e45-1b1c-4dce-8910-2097f4693e3a" testListId="8c84fa94-04c1-424b-9868-57a2d4851a1d" /><TestEntry testId="6d00491f-63bb-4ebf-8d35-4f1e6e34ca51" executionId="ce937d41-cbae-4397-9376-baf03329a318" testListId="8c84fa94-04c1-424b-9868-57a2d4851a1d" /><TestEntry testId="c3d85f5c-9ef7-4ad1-9995-676ca3261cd0" executionId="0b693510-d0de-4a72-9701-24e507f39b79" testListId="8c84fa94-04c1-424b-9868-57a2d4851a1d" /><TestEntry testId="8d86ac62-cd46-4136-8a0e-b547cda8eaf5" executionId="6d7eb51b-05c5-41eb-a65d-4c6b063b5797" testListId="8c84fa94-04c1-424b-9868-57a2d4851a1d" /><TestEntry testId="be18546a-d8c6-4ab1-b15b-53855d3e153e" executionId="66e80830-9ed1-4e00-9a0c-62ed6d03147b" testListId="8c84fa94-04c1-424b-9868-57a2d4851a1d" /><TestEntry testId="a15ea69c-7ee3-4a63-b2af-4914cd7c5ca6" executionId="efb12048-87a4-48be-af15-61adda0deaae" testListId="8c84fa94-04c1-424b-9868-57a2d4851a1d" /><TestEntry testId="f1dd28a9-68a1-49bd-a516-9f07d7101eea" executionId="61d36e9f-7bf7-4c38-9abc-ea197d2e40ed" testListId="8c84fa94-04c1-424b-9868-57a2d4851a1d" /><TestEntry testId="66e1bcca-708e-441e-a265-6162131f7771" executionId="a5fa5b3c-a500-42db-8a4e-24da01ba316d" testListId="8c84fa94-04c1-424b-9868-57a2d4851a1d" /><TestEntry testId="8973dc3c-6a15-4c49-8cee-6ddab6786382" executionId="b15ed3c0-0236-43c3-9ccd-569f2bb8ac80" testListId="8c84fa94-04c1-424b-9868-57a2d4851a1d" /><TestEntry testId="205b9258-8b29-42fe-86d1-8366b7d3c97f" executionId="fdf19e20-543b-4b39-be1b-5c7b5fc83ef3" testListId="8c84fa94-04c1-424b-9868-57a2d4851a1d" /><TestEntry testId="dc315485-931e-49d5-9afb-9666bb00fd40" executionId="f855c706-e41f-4036-ad92-743e8f4af6e0" testListId="8c84fa94-04c1-424b-9868-57a2d4851a1d" /><TestEntry testId="6dfe9d91-62c2-4542-8c56-57b7350ad206" executionId="20c27f9c-de74-48c1-b62b-0d0b3ccbe3da" testListId="8c84fa94-04c1-424b-9868-57a2d4851a1d" /><TestEntry testId="28d8d037-bce9-46e8-a77c-387ed8759a59" executionId="25e05280-1c4c-4b03-9de9-606f000e83c7" testListId="8c84fa94-04c1-424b-9868-57a2d4851a1d" /><TestEntry testId="c6f087e4-ed1b-44f1-b6ce-b5ce6def3965" executionId="7d8811d5-66d7-4bd6-8bad-6388bd7111f6" testListId="8c84fa94-04c1-424b-9868-57a2d4851a1d" /><TestEntry testId="d71e0483-0aaf-40a6-920e-a3301ea2b027" executionId="e39ea691-f8f8-4763-94e2-ce9a3d3bd47d" testListId="8c84fa94-04c1-424b-9868-57a2d4851a1d" /><TestEntry testId="c653ec4e-6bfc-45ed-96ac-96a08f0f7b13" executionId="f3a4764a-e5c0-473f-8f4e-84776eeaf9cb" testListId="8c84fa94-04c1-424b-9868-57a2d4851a1d" /><TestEntry testId="71c8282e-b86b-4146-ad3e-1c5c55d7a29f" executionId="aa59bae2-3887-4a5d-8fcc-f06179ace9ce" testListId="8c84fa94-04c1-424b-9868-57a2d4851a1d" /><TestEntry testId="5b47a347-38fd-4f96-9609-ea2340e3e90e" executionId="c1568917-3694-43f8-8a15-abdb6e68027f" testListId="8c84fa94-04c1-424b-9868-57a2d4851a1d" /><TestEntry testId="505532d5-d6b8-42bc-8b9f-d0a8ce458c32" executionId="cfe3965f-4fc1-46a5-8869-010c173e3cac" testListId="8c84fa94-04c1-424b-9868-57a2d4851a1d" /><TestEntry testId="67d3b5ea-532f-4f35-8709-6b659bde6422" executionId="f993cabf-daf8-4b4f-bd7c-35ed89dbf58a" testListId="8c84fa94-04c1-424b-9868-57a2d4851a1d" /><TestEntry testId="437b6674-505b-42ef-81f4-a6a793ff96b1" executionId="efd7c466-f893-4c98-9bca-4b5c4c5aabdf" testListId="8c84fa94-04c1-424b-9868-57a2d4851a1d" /><TestEntry testId="a85d6a3d-b946-4507-a480-d5e4bceac5e1" executionId="27925044-4027-4872-a3ba-6952fd8428fe" testListId="8c84fa94-04c1-424b-9868-57a2d4851a1d" /><TestEntry testId="e9f3d67a-514f-4d49-85c8-05062cbdbed0" executionId="8863c88a-9d56-4f56-99ba-117e422baa31" testListId="8c84fa94-04c1-424b-9868-57a2d4851a1d" /><TestEntry testId="e1193926-2eeb-4dc2-9358-458f3208e08b" executionId="03b38f59-f746-41d9-bad4-467a4fba03a0" testListId="8c84fa94-04c1-424b-9868-57a2d4851a1d" /><TestEntry testId="126a0504-215e-4c68-b31b-4df474bc0a48" executionId="3bbd03bd-4927-430a-a585-9b31ba241b74" testListId="8c84fa94-04c1-424b-9868-57a2d4851a1d" /><TestEntry testId="6d4f7631-b7d4-4311-8e65-1290662d63af" executionId="6790331e-d62f-4bda-95b5-cd4949561f4f" testListId="8c84fa94-04c1-424b-9868-57a2d4851a1d" /><TestEntry testId="8bee120e-435d-4387-b08b-b1017d8a1e2d" executionId="3b142a9b-06a4-4279-8fd0-2948e567c2c7" testListId="8c84fa94-04c1-424b-9868-57a2d4851a1d" /><TestEntry testId="bf568e85-f019-4805-ab94-3a4e20e179c2" executionId="4c9b1b25-970e-4c18-9174-00463ac2307f" testListId="8c84fa94-04c1-424b-9868-57a2d4851a1d" /><TestEntry testId="7981da85-634b-41ab-9172-88a1d36759f0" executionId="9ffb96b3-eb64-45a5-acc9-c4d8b4bd25b3" testListId="8c84fa94-04c1-424b-9868-57a2d4851a1d" /><TestEntry testId="685f4cdf-c4e1-4b82-a6d0-293d1e93ad06" executionId="f42b8a36-934a-47f0-97e7-088fb0f22efa" testListId="8c84fa94-04c1-424b-9868-57a2d4851a1d" /><TestEntry testId="951f4611-1111-4ed1-a19a-a9248d31a974" executionId="be3e1fc0-bde7-4f8d-a5ea-73b7ad50db07" testListId="8c84fa94-04c1-424b-9868-57a2d4851a1d" /><TestEntry testId="ad213dfc-6f9c-4528-9390-8d6918289216" executionId="79ac74fa-a9f7-4f37-928f-d4012b40edb2" testListId="8c84fa94-04c1-424b-9868-57a2d4851a1d" /><TestEntry testId="660a19ca-85ac-420f-9f7f-8c1c94bbdfc5" executionId="1d6cbcb2-913d-4004-bfeb-da863c8957d0" testListId="8c84fa94-04c1-424b-9868-57a2d4851a1d" /><TestEntry testId="96f224cd-6486-4df2-84b7-7fa359a7a464" executionId="27dfe570-9d20-460b-9fed-73d526da6a76" testListId="8c84fa94-04c1-424b-9868-57a2d4851a1d" /><TestEntry testId="692dc342-b7a3-468b-9e23-156f4508147a" executionId="55da0147-4acf-4741-a959-d307c7273d37" testListId="8c84fa94-04c1-424b-9868-57a2d4851a1d" /><TestEntry testId="520a828f-789f-43b3-a9fd-77b749085c4c" executionId="f3b4df8d-7015-419d-9ce0-14d3fb627163" testListId="8c84fa94-04c1-424b-9868-57a2d4851a1d" /><TestEntry testId="047f0d61-418e-412b-82d4-f911aa6bd47a" executionId="3d37bf8f-557e-4155-b2b9-8ddd86728817" testListId="8c84fa94-04c1-424b-9868-57a2d4851a1d" /><TestEntry testId="2d08164b-1591-4075-b599-ec0b69fb75d9" executionId="c82e1acd-abfc-4edf-9734-51dad3cf8831" testListId="8c84fa94-04c1-424b-9868-57a2d4851a1d" /><TestEntry testId="d3869adc-5cc8-41c0-b1d4-77299305de4b" executionId="f39c751e-19db-4079-aef6-f2136c674dcf" testListId="8c84fa94-04c1-424b-9868-57a2d4851a1d" /><TestEntry testId="47a2e65d-784d-4e2d-b3a5-cae2c9851626" executionId="15620d46-49d0-4b65-9dd1-a28370e7645b" testListId="8c84fa94-04c1-424b-9868-57a2d4851a1d" /><TestEntry testId="dccba367-6271-44f3-8400-62117ee7db66" executionId="703bae04-6b1f-49e7-8ba9-3b3e2d663a67" testListId="8c84fa94-04c1-424b-9868-57a2d4851a1d" /><TestEntry testId="753af220-b78c-402a-bdcf-085e4f2ea5cf" executionId="f7da151d-c2be-4452-87f0-40dbd4225950" testListId="8c84fa94-04c1-424b-9868-57a2d4851a1d" /><TestEntry testId="404db926-c14f-4d17-8b5d-6282b2625446" executionId="0f016b59-0cad-4527-b4eb-bd418b32236e" testListId="8c84fa94-04c1-424b-9868-57a2d4851a1d" /><TestEntry testId="6b7a694a-a81b-450b-bd2a-ca22ab819556" executionId="57b60937-68bd-4c77-8eab-f13fe48a599b" testListId="8c84fa94-04c1-424b-9868-57a2d4851a1d" /><TestEntry testId="d9e2edcf-7430-4449-8810-e8561730078f" executionId="0b8d2c60-09f4-4948-b2eb-25df72bdef2d" testListId="8c84fa94-04c1-424b-9868-57a2d4851a1d" /><TestEntry testId="297fcaa0-a0f3-4904-bb52-79d1b479e6ad" executionId="14283f6a-9353-407c-aed4-f5ae1219486f" testListId="8c84fa94-04c1-424b-9868-57a2d4851a1d" /><TestEntry testId="85283755-336a-4153-b4dc-0dca7e0a30a8" executionId="f655a2de-884a-405f-acbc-3b6000a41e96" testListId="8c84fa94-04c1-424b-9868-57a2d4851a1d" /><TestEntry testId="259687fc-8738-40a1-be64-0e0a8afee9df" executionId="9a27c3bc-a6b0-4b69-81f1-65a94a37f80c" testListId="8c84fa94-04c1-424b-9868-57a2d4851a1d" /><TestEntry testId="37df8c08-cf8c-4708-bb22-a1f9fa489ac3" executionId="e1de916d-8c11-4ec8-a1a9-e4dd647de698" testListId="8c84fa94-04c1-424b-9868-57a2d4851a1d" /><TestEntry testId="a7ffe5ee-fc10-4f2b-bd7d-ab59115018da" executionId="b5b59ca8-f4cf-47a2-b6da-79efa43511b1" testListId="8c84fa94-04c1-424b-9868-57a2d4851a1d" /><TestEntry testId="0c3f7f32-959b-4392-a2d3-ceafe4df1842" executionId="55d361ed-5c5e-44bf-8441-27ebf13bed4c" testListId="8c84fa94-04c1-424b-9868-57a2d4851a1d" /><TestEntry testId="1eb37dd0-7b50-4f9a-9150-0bdaadc7039b" executionId="90ffbb5a-2726-4b2a-a62a-2103a5a88750" testListId="8c84fa94-04c1-424b-9868-57a2d4851a1d" /><TestEntry testId="31017acb-6b37-4363-98df-fe7719288593" executionId="f982b1a0-3dea-48c1-beb8-06ad36c97d7b" testListId="8c84fa94-04c1-424b-9868-57a2d4851a1d" /><TestEntry testId="568419b0-7f2b-4a67-b4ce-039f6dc678ca" executionId="02677199-0d2c-4f76-b405-ddc37d9fd8f2" testListId="8c84fa94-04c1-424b-9868-57a2d4851a1d" /><TestEntry testId="9adb92b9-3e85-4b71-987d-cfde332410bb" executionId="51e9b11f-8cb4-4795-be18-cb992f29078f" testListId="8c84fa94-04c1-424b-9868-57a2d4851a1d" /><TestEntry testId="7dd16806-15fb-496e-8bbf-ded2c8f686f9" executionId="f8e828d7-75cc-472c-8ee3-2098e39cffa4" testListId="8c84fa94-04c1-424b-9868-57a2d4851a1d" /><TestEntry testId="88a5ae5e-f422-490d-b027-93bdedc71e2d" executionId="8a23d467-194b-467a-8a5e-eb828af2f4d4" testListId="8c84fa94-04c1-424b-9868-57a2d4851a1d" /><TestEntry testId="76eb89ca-2741-41d3-8b41-487f54414dc4" executionId="4affa4b4-f108-489c-b531-6304f0b3af0e" testListId="8c84fa94-04c1-424b-9868-57a2d4851a1d" /><TestEntry testId="02e53927-8dbb-4178-8e3b-ae5bbfdf2f28" executionId="cb754c3e-f4f2-45bf-a220-44913c52c1a0" testListId="8c84fa94-04c1-424b-9868-57a2d4851a1d" /><TestEntry testId="99780b74-7c56-444a-8fc4-b2c0a4a04a3b" executionId="d57197be-7d2b-441f-bdad-aeef53bc1f27" testListId="8c84fa94-04c1-424b-9868-57a2d4851a1d" /><TestEntry testId="4b758f9f-3519-4400-a057-7ce2d8501e59" executionId="551013ca-1b9c-4fb6-87bb-5eea10f2e189" testListId="8c84fa94-04c1-424b-9868-57a2d4851a1d" /><TestEntry testId="1d6fb7e9-1615-4cc9-a2fb-301f51aa620f" executionId="aae6a230-a1ba-4920-aef7-dc5f84adb899" testListId="8c84fa94-04c1-424b-9868-57a2d4851a1d" /><TestEntry testId="7231db22-71f9-4719-b8dc-e2a1a008c20b" executionId="50f8a4a2-33f7-4382-ae81-43005f959142" testListId="8c84fa94-04c1-424b-9868-57a2d4851a1d" /><TestEntry testId="d59ef3e8-6d71-47ae-9a6a-bc0305884067" executionId="73adf475-21a6-49a8-b35a-1a04fc9edcc6" testListId="8c84fa94-04c1-424b-9868-57a2d4851a1d" /><TestEntry testId="4737cb30-7049-4152-95d5-c41f420517a4" executionId="b05fb989-ff58-4538-9390-96649de9f05e" testListId="8c84fa94-04c1-424b-9868-57a2d4851a1d" /><TestEntry testId="6c97213c-e6cc-480b-9d2b-3b6d96adb640" executionId="26929f8e-3058-4d44-9d1d-05a302e5e93b" testListId="8c84fa94-04c1-424b-9868-57a2d4851a1d" /><TestEntry testId="619949ba-04b6-425d-8680-2307af5bb2bd" executionId="2ab93aca-96ca-493b-a4bf-86a5ea58c3ce" testListId="8c84fa94-04c1-424b-9868-57a2d4851a1d" /><TestEntry testId="d39e9465-2997-47e3-bfeb-a02ebba7cf91" executionId="f9b472dc-f0ab-4bf6-aa6a-fecdcf4e4008" testListId="8c84fa94-04c1-424b-9868-57a2d4851a1d" /><TestEntry testId="8c85ed56-4b33-4e6c-b5d2-39885bc1c743" executionId="cc8cbda8-2d43-4f9b-bcf6-148e1f011d4d" testListId="8c84fa94-04c1-424b-9868-57a2d4851a1d" /><TestEntry testId="a3426a5b-2325-478b-bd63-5d68744f9f47" executionId="bf349708-bba5-4b42-ad31-cbf363faf02a" testListId="8c84fa94-04c1-424b-9868-57a2d4851a1d" /><TestEntry testId="9b8ddf32-2e64-440e-84ea-f0721b50b139" executionId="db3ffe6b-a956-4554-b0f2-e379d2d5aa55" testListId="8c84fa94-04c1-424b-9868-57a2d4851a1d" /><TestEntry testId="6e90e167-4c37-4481-873f-df3321daa1b7" executionId="3bfc3ce6-192a-4c97-b194-1a0472eb14fe" testListId="8c84fa94-04c1-424b-9868-57a2d4851a1d" /><TestEntry testId="1a2e8c3f-18ff-4f53-a29f-c2c8044baaee" executionId="a604179b-a64f-40d6-b6f3-fe0b60091a93" testListId="8c84fa94-04c1-424b-9868-57a2d4851a1d" /><TestEntry testId="759fd311-a83b-40fc-a194-a1f6607059ea" executionId="5bf74fd2-599b-4ace-8ccf-dda9a0da6365" testListId="8c84fa94-04c1-424b-9868-57a2d4851a1d" /><TestEntry testId="16c69c6c-96c4-4763-aa7c-433d1f18b1b3" executionId="bd78106b-f7be-4e38-b38b-acca07bf62a4" testListId="8c84fa94-04c1-424b-9868-57a2d4851a1d" /><TestEntry testId="214c96a2-9e29-4c09-be80-c03ace12c055" executionId="d7a8b89d-3918-4048-9ed5-0b36e3791a11" testListId="8c84fa94-04c1-424b-9868-57a2d4851a1d" /><TestEntry testId="6d6ee3e0-5a4b-4fa4-8d4f-153745bd6acc" executionId="d743f7a6-1ce7-41ad-9637-76060367685f" testListId="8c84fa94-04c1-424b-9868-57a2d4851a1d" /><TestEntry testId="e8960a6b-06de-4d93-bdf8-56f4d80311e1" executionId="cf39a210-cd23-4e85-99a2-04dcee5a6780" testListId="8c84fa94-04c1-424b-9868-57a2d4851a1d" /><TestEntry testId="3a4117b0-d882-4c08-bf28-fbed790a1934" executionId="5585c065-b20b-40ea-9339-2ce721256921" testListId="8c84fa94-04c1-424b-9868-57a2d4851a1d" /><TestEntry testId="3f0d0e0a-02a2-4178-ab07-1e8f79d69c8d" executionId="a21dcfef-1c4d-49fa-9e9e-e5c89a132364" testListId="8c84fa94-04c1-424b-9868-57a2d4851a1d" /><TestEntry testId="adcbfa88-f8f7-4d36-974a-8bed76581dc1" executionId="ba0672d4-ded4-4e83-8831-da0a8ceaa735" testListId="8c84fa94-04c1-424b-9868-57a2d4851a1d" /><TestEntry testId="8c09409d-b281-4348-8fe8-48b515ca1853" executionId="a917882a-bf9c-49ca-87d9-8e1b2bf93950" testListId="8c84fa94-04c1-424b-9868-57a2d4851a1d" /><TestEntry testId="50c3ce52-59b0-42e4-af7e-be04c23ae997" executionId="25b63049-d944-473c-838b-18b8ae4200ab" testListId="8c84fa94-04c1-424b-9868-57a2d4851a1d" /><TestEntry testId="b413ff8f-dc28-43bf-b155-7d10c30b8dee" executionId="5f8cbeaa-68f1-4728-9086-2154abc596b3" testListId="8c84fa94-04c1-424b-9868-57a2d4851a1d" /><TestEntry testId="477d597f-9844-41e8-b4af-12534fec328c" executionId="beb25398-b977-43bf-9055-d053bc71377c" testListId="8c84fa94-04c1-424b-9868-57a2d4851a1d" /><TestEntry testId="2ebd5384-eb86-4d88-bf08-813d2265064e" executionId="fe78d6c4-58d9-45d1-84e7-a1b7f9fcffe8" testListId="8c84fa94-04c1-424b-9868-57a2d4851a1d" /><TestEntry testId="d318c9d4-80ba-4853-92ba-66203cac9b9b" executionId="0322ade9-5e0a-484b-aca1-0da840cde6a3" testListId="8c84fa94-04c1-424b-9868-57a2d4851a1d" /><TestEntry testId="3fbe877f-49ab-496a-92c4-f500003d640d" executionId="a7d7fbe2-777f-423b-ab18-a389aa3ee87f" testListId="8c84fa94-04c1-424b-9868-57a2d4851a1d" /><TestEntry testId="c4634c15-469a-4862-8c67-dcd359f7b91c" executionId="3b552cac-4bfe-42b0-97a4-dfff903acfd5" testListId="8c84fa94-04c1-424b-9868-57a2d4851a1d" /><TestEntry testId="daa27f21-d939-4e86-883d-c6e1ada27e50" executionId="2b181cdf-6cc6-40e9-a348-249a2df31476" testListId="8c84fa94-04c1-424b-9868-57a2d4851a1d" /><TestEntry testId="25afd430-cbc5-49ff-99af-415301e9521e" executionId="6424d6ae-5eba-4236-922b-537c120093e8" testListId="8c84fa94-04c1-424b-9868-57a2d4851a1d" /><TestEntry testId="8eeb25d7-acab-4475-afba-b354f2ff4967" executionId="19517060-d905-4bf4-90e3-06b15994782e" testListId="8c84fa94-04c1-424b-9868-57a2d4851a1d" /><TestEntry testId="6c190891-3869-4e41-96ed-a0b0056df0d0" executionId="377fc566-123e-4844-8bbe-464c6440b406" testListId="8c84fa94-04c1-424b-9868-57a2d4851a1d" /><TestEntry testId="cdcce22b-0d6b-4688-8ba6-38d203b8425e" executionId="7cf7cbbd-600e-4bfc-8806-58e6a1cd9677" testListId="8c84fa94-04c1-424b-9868-57a2d4851a1d" /><TestEntry testId="c7b6e923-c684-4c15-85ab-2642dca67b85" executionId="9c164a28-9be6-4a72-ac7c-3d9b861949eb" testListId="8c84fa94-04c1-424b-9868-57a2d4851a1d" /><TestEntry testId="8255089f-7e75-41e5-a51c-430c5bd45885" executionId="f4064566-2e15-4d27-b577-4198c607cad4" testListId="8c84fa94-04c1-424b-9868-57a2d4851a1d" /><TestEntry testId="8e49531e-74c6-4152-ad93-0b3cf5be4687" executionId="d477fca8-9a7c-4da7-92d1-e891afe03d5e" testListId="8c84fa94-04c1-424b-9868-57a2d4851a1d" /><TestEntry testId="7dca1871-3838-4e3c-9064-353772518318" executionId="5abdc912-e3ac-4e06-9fe1-9fce956be956" testListId="8c84fa94-04c1-424b-9868-57a2d4851a1d" /><TestEntry testId="d541616a-4383-470b-8b4e-9b41b167a008" executionId="0f7615e4-56f0-403d-b7be-73f3614315a8" testListId="8c84fa94-04c1-424b-9868-57a2d4851a1d" /><TestEntry testId="d8c6c18b-f94c-4e2e-ba0c-c8d0ac0e1222" executionId="5a2a94d7-2fdd-4d63-9bce-3f3ca956e584" testListId="8c84fa94-04c1-424b-9868-57a2d4851a1d" /><TestEntry testId="b4487ff9-932f-4be3-a242-6c1a911be26a" executionId="af39d09d-b0ac-4ab5-aed6-d8522e3919f3" testListId="8c84fa94-04c1-424b-9868-57a2d4851a1d" /><TestEntry testId="69af3e29-914b-4f7c-a170-7dd4517eddcb" executionId="19eafbd7-7561-4bf7-bba1-2710a24c2457" testListId="8c84fa94-04c1-424b-9868-57a2d4851a1d" /><TestEntry testId="655dfd81-6d99-4a10-922c-c10971367fb1" executionId="20afdb6a-e29c-471a-87ad-b81771eed76f" testListId="8c84fa94-04c1-424b-9868-57a2d4851a1d" /><TestEntry testId="9c144fa9-da5c-47c5-bfc4-e520e7a8acb2" executionId="d2b2b8d2-c1e6-43c1-a55d-73c06e05f4b2" testListId="8c84fa94-04c1-424b-9868-57a2d4851a1d" /><TestEntry testId="a90797c3-47a6-4347-89e0-79d9d89a8ab7" executionId="4e29c6fc-a60d-45a5-81c4-cb3a0e286d77" testListId="8c84fa94-04c1-424b-9868-57a2d4851a1d" /><TestEntry testId="3936cecf-af9f-4d81-adac-d42b37484a49" executionId="ff763abd-57ee-4383-a566-2f31c7dab443" testListId="8c84fa94-04c1-424b-9868-57a2d4851a1d" /><TestEntry testId="0e7950a1-87f0-4e07-aba1-a0895a408f33" executionId="47ba8ae9-c529-4152-a687-20a5674f6359" testListId="8c84fa94-04c1-424b-9868-57a2d4851a1d" /><TestEntry testId="79d6b186-72bb-4221-bdf0-d8fc1ea67b44" executionId="3ce8c902-37fa-43f0-8c57-13d7e76708ee" testListId="8c84fa94-04c1-424b-9868-57a2d4851a1d" /><TestEntry testId="162b5137-8470-4f07-9625-4d23e7fb3c10" executionId="f7c6a5a8-a014-45a6-bd61-b047e4a4a582" testListId="8c84fa94-04c1-424b-9868-57a2d4851a1d" /><TestEntry testId="700f3506-d788-49f5-91d4-816472694b8b" executionId="6a992875-962b-48a0-bca3-c59119ba82e5" testListId="8c84fa94-04c1-424b-9868-57a2d4851a1d" /><TestEntry testId="1a520bc7-41e0-4d4c-8dba-a707f5a1d9bf" executionId="a45fe41b-2477-4723-8a4a-de4754df6e98" testListId="8c84fa94-04c1-424b-9868-57a2d4851a1d" /><TestEntry testId="150303cc-f88d-4cc0-8945-4aff8af30fc5" executionId="3bdb0cd4-8b14-44a0-a3bc-5ada4039c112" testListId="8c84fa94-04c1-424b-9868-57a2d4851a1d" /><TestEntry testId="7274d929-4415-4043-819b-cd199016d96b" executionId="0a2aea4c-3c82-46fc-9eaa-580443105e31" testListId="8c84fa94-04c1-424b-9868-57a2d4851a1d" /><TestEntry testId="b744428d-8ab2-440e-9100-674a14383b47" executionId="cd2a371e-cad7-423b-a2f0-04c7c134089b" testListId="8c84fa94-04c1-424b-9868-57a2d4851a1d" /><TestEntry testId="b7e5bf22-9dd1-4af9-9bce-9fb6830eddee" executionId="31612c51-ddac-400c-9f38-23d2e22c11e6" testListId="8c84fa94-04c1-424b-9868-57a2d4851a1d" /><TestEntry testId="937e542e-cae8-4326-9226-1733bf374256" executionId="a002571d-3382-40e7-9dfa-b10fed1f9940" testListId="8c84fa94-04c1-424b-9868-57a2d4851a1d" /><TestEntry testId="e577c6a5-3a61-4eb1-9987-61cd8a2ac3c6" executionId="fb6084b4-b674-48ee-bc8c-944555a9c085" testListId="8c84fa94-04c1-424b-9868-57a2d4851a1d" /><TestEntry testId="d4806e2e-a0db-4beb-af63-b4e2cf719b91" executionId="645018d8-cf3f-4720-9c14-4fb04bfff8ba" testListId="8c84fa94-04c1-424b-9868-57a2d4851a1d" /><TestEntry testId="ca63d46f-5539-4f65-9c88-7edd5a1ee9f1" executionId="b340488c-ccde-4e2a-bdc5-5d5026e50909" testListId="8c84fa94-04c1-424b-9868-57a2d4851a1d" /><TestEntry testId="a847dbff-c2ac-4d01-951a-6b1cabec6f2a" executionId="24ab211e-5915-47c8-9347-5dea5c1611de" testListId="8c84fa94-04c1-424b-9868-57a2d4851a1d" /><TestEntry testId="7315490c-435f-4787-8dd9-21d2bbd7c762" executionId="c6517010-1d9e-4257-8e64-b36313615523" testListId="8c84fa94-04c1-424b-9868-57a2d4851a1d" /><TestEntry testId="db598dfd-0fd6-40b6-a9cd-c116e22f85b3" executionId="e6af6171-5eae-43c0-885d-953fee87424a" testListId="8c84fa94-04c1-424b-9868-57a2d4851a1d" /><TestEntry testId="7d0359d5-67ca-4962-89cd-e1dfceea85fc" executionId="b84434f8-9ea4-4d23-a079-a44c2541dd76" testListId="8c84fa94-04c1-424b-9868-57a2d4851a1d" /><TestEntry testId="a7f75b34-4dbe-4a23-b395-e73b91b0ad64" executionId="c52804e4-8b39-4ca9-8f4f-6a3cc351421d" testListId="8c84fa94-04c1-424b-9868-57a2d4851a1d" /><TestEntry testId="a028e4a8-ae30-4ea0-ba2b-af48a2c715ec" executionId="4f8e5870-3453-4e62-8503-705cf86a6521" testListId="8c84fa94-04c1-424b-9868-57a2d4851a1d" /><TestEntry testId="cc1291ed-9ccd-4573-8756-a9ccc0a0d730" executionId="b374cfd1-c659-49fc-87a9-115ab8173042" testListId="8c84fa94-04c1-424b-9868-57a2d4851a1d" /><TestEntry testId="b193c4b6-0ca6-4f6f-97f9-e226515c3123" executionId="cd338a69-11ed-44ad-8629-23f035c083b4" testListId="8c84fa94-04c1-424b-9868-57a2d4851a1d" /><TestEntry testId="9b248ba3-04f2-40c7-af81-5da17a5dcc3e" executionId="9cd7e5b6-d77d-4a34-81e1-1d38c8fd37df" testListId="8c84fa94-04c1-424b-9868-57a2d4851a1d" /><TestEntry testId="08cd8812-f8a7-48f8-8f37-e46cd39d289d" executionId="0cfac261-8891-4269-a9c2-4777ca7dd4a2" testListId="8c84fa94-04c1-424b-9868-57a2d4851a1d" /><TestEntry testId="eab0696a-a50e-4f67-940f-0f5df31026e9" executionId="ecc3ebff-b9d0-4702-8c76-f6e7a15e92ed" testListId="8c84fa94-04c1-424b-9868-57a2d4851a1d" /><TestEntry testId="14af8b20-d50e-4bd0-8daf-e6fc473d85e6" executionId="236f4bd2-a475-4335-b9f7-7fa4f8b4df6d" testListId="8c84fa94-04c1-424b-9868-57a2d4851a1d" /><TestEntry testId="9c6fd6f5-9125-451a-a1bc-9485edfc958b" executionId="3e15bbe9-567e-49c8-ba75-4dbccf4701dc" testListId="8c84fa94-04c1-424b-9868-57a2d4851a1d" /><TestEntry testId="a3918bf8-b4a4-4377-bfa5-43e41d7bdafc" executionId="cbfa7ab9-2353-4dc1-bc50-8ae4ef7d01cc" testListId="8c84fa94-04c1-424b-9868-57a2d4851a1d" /><TestEntry testId="a0da6c0c-124b-427b-8877-afcc2d2595b6" executionId="3c38adf6-5a7a-4183-b05c-bfc35bcc41cd" testListId="8c84fa94-04c1-424b-9868-57a2d4851a1d" /><TestEntry testId="d37e8bdd-fb0a-4efb-8738-ba1f3570f3b9" executionId="cacdfa6f-558e-4432-8265-d94d8f54e818" testListId="8c84fa94-04c1-424b-9868-57a2d4851a1d" /><TestEntry testId="97ff392e-c553-43de-b954-d066782ade3c" executionId="62279bd7-fe9f-4df8-b194-0194a92c7599" testListId="8c84fa94-04c1-424b-9868-57a2d4851a1d" /><TestEntry testId="d09c6727-037c-46ea-993e-85e7b98d36a2" executionId="e306b1b3-8c36-4fa1-8257-ae53f70c88dd" testListId="8c84fa94-04c1-424b-9868-57a2d4851a1d" /><TestEntry testId="adf36020-d8fe-4f21-8e6c-c84c0407edde" executionId="c4e31f90-6539-4d3e-9022-9fdc28fddbc1" testListId="8c84fa94-04c1-424b-9868-57a2d4851a1d" /><TestEntry testId="60cf29bb-2617-4ed9-a137-7dde4000320b" executionId="db50ce46-7adf-437f-b8c2-883f65f13baf" testListId="8c84fa94-04c1-424b-9868-57a2d4851a1d" /><TestEntry testId="3ec908ff-61b2-4694-b404-05ec51fb314c" executionId="759d37ad-1c3b-4a41-80a9-32dc75883c56" testListId="8c84fa94-04c1-424b-9868-57a2d4851a1d" /><TestEntry testId="9b51946f-9ea0-44c0-ba9f-bdf23cf5f19d" executionId="56f385a3-b5c7-433c-8e1d-662ed422d034" testListId="8c84fa94-04c1-424b-9868-57a2d4851a1d" /><TestEntry testId="8c36e065-c3db-49e5-948b-b807cc756555" executionId="7816b6e1-932d-431a-8949-ceb838dddfeb" testListId="8c84fa94-04c1-424b-9868-57a2d4851a1d" /><TestEntry testId="3f7d97ba-2b3a-4c34-8b15-7447ea52be8e" executionId="46f9b9ba-f867-4716-baac-6c10d44fbc3d" testListId="8c84fa94-04c1-424b-9868-57a2d4851a1d" /><TestEntry testId="67acd685-5ec6-4781-824f-cb186f6ae050" executionId="21f505c4-2c0c-4f99-9ff8-0459d176a506" testListId="8c84fa94-04c1-424b-9868-57a2d4851a1d" /><TestEntry testId="9d8ab766-57de-43e1-9674-0dccb7b5d06f" executionId="9c8ebe16-d99a-4a12-b02a-585ccf3665ab" testListId="8c84fa94-04c1-424b-9868-57a2d4851a1d" /><TestEntry testId="b785df9e-7acd-4a6d-940a-4ce45b532c1f" executionId="6e012542-1e5e-4811-a00c-4189ea34f3b2" testListId="8c84fa94-04c1-424b-9868-57a2d4851a1d" /><TestEntry testId="e17110a4-59b2-406e-80a9-5a23c56983d4" executionId="06d7978a-a494-4d8d-9ebf-b7f080b70b12" testListId="8c84fa94-04c1-424b-9868-57a2d4851a1d" /><TestEntry testId="083fe473-709f-4699-b322-cfd91c990f9e" executionId="d3f918f3-f13a-4c20-bee9-8b40d892e120" testListId="8c84fa94-04c1-424b-9868-57a2d4851a1d" /><TestEntry testId="687a1423-2df9-463a-b31c-e2a59a1cbffb" executionId="d17d4250-9414-40e1-867a-adf0b79dceaa" testListId="8c84fa94-04c1-424b-9868-57a2d4851a1d" /><TestEntry testId="cefe03c4-553e-4a35-bf52-1fec6b18e05a" executionId="93353238-f335-4387-a3c9-cd378de5493d" testListId="8c84fa94-04c1-424b-9868-57a2d4851a1d" /><TestEntry testId="bd91ab03-97c2-429f-bfb8-3a4d1f949f9f" executionId="273419c6-d14b-414c-a085-10a7164186f0" testListId="8c84fa94-04c1-424b-9868-57a2d4851a1d" /><TestEntry testId="85d11562-5f06-48d7-9a65-2729be341fea" executionId="dedc47cc-8b46-4557-8b06-1daff466488a" testListId="8c84fa94-04c1-424b-9868-57a2d4851a1d" /><TestEntry testId="6a5ffc1f-1837-4a9b-a359-a254b1b7c239" executionId="68834dae-33d3-4cde-a2fc-778b642b3bd3" testListId="8c84fa94-04c1-424b-9868-57a2d4851a1d" /><TestEntry testId="fc5038fb-0da8-4f96-b16e-0b9e1089400a" executionId="2c07d834-4696-445b-ab25-a289520fe07f" testListId="8c84fa94-04c1-424b-9868-57a2d4851a1d" /><TestEntry testId="8c8bdd46-32ef-4dae-b798-a89ad21db99a" executionId="44b0a595-64ce-4955-b888-98541e6a16ae" testListId="8c84fa94-04c1-424b-9868-57a2d4851a1d" /><TestEntry testId="ad165d12-37a2-4774-ae3e-4858bfe8da24" executionId="f5aa0cdf-861e-416e-987f-f42ac88f12dc" testListId="8c84fa94-04c1-424b-9868-57a2d4851a1d" /><TestEntry testId="b080dd26-ea1e-4e6e-8277-94d7d7826f8a" executionId="724da335-db0e-49fe-bf28-c24f56469cf5" testListId="8c84fa94-04c1-424b-9868-57a2d4851a1d" /><TestEntry testId="f9cde92d-75cb-4656-bcb0-67a4d0fcc6fa" executionId="05fc7fee-07f1-4cac-905c-dbf14bda9062" testListId="8c84fa94-04c1-424b-9868-57a2d4851a1d" /><TestEntry testId="e77fe145-6829-4221-b5c1-aa0dec086b8d" executionId="b49aef88-d8fe-4776-b313-52e403a1ccee" testListId="8c84fa94-04c1-424b-9868-57a2d4851a1d" /><TestEntry testId="5dc59309-bc01-4578-b763-613cb4810550" executionId="21691857-76ef-47d9-b55b-0f20ca74512f" testListId="8c84fa94-04c1-424b-9868-57a2d4851a1d" /><TestEntry testId="ead89070-6cbf-430e-b887-18039ff156dd" executionId="28f3dae0-a480-440e-b759-f1c635730255" testListId="8c84fa94-04c1-424b-9868-57a2d4851a1d" /><TestEntry testId="de49f0d9-ca95-4699-8f18-0c4e8b20db0a" executionId="862c7c9a-c293-4d1b-8dd5-74ba760250f9" testListId="8c84fa94-04c1-424b-9868-57a2d4851a1d" /><TestEntry testId="89f681aa-8c50-4975-a742-606ed8a8ceb8" executionId="b58eaade-31f5-44fa-ae5f-c2cc8c4eda1d" testListId="8c84fa94-04c1-424b-9868-57a2d4851a1d" /><TestEntry testId="da95bcaf-ed9f-42fe-ba08-9fd486c98f90" executionId="1bc06e7c-f7cd-420c-b00f-dcf2b0460b63" testListId="8c84fa94-04c1-424b-9868-57a2d4851a1d" /><TestEntry testId="1f1e9f8d-c21f-42c2-b5e1-bb38801f3c45" executionId="d7a22dcc-4bfc-4632-a719-75b0f33a1777" testListId="8c84fa94-04c1-424b-9868-57a2d4851a1d" /><TestEntry testId="8ae432e3-762d-4a26-ac82-9cb22696b273" executionId="cd58795f-2ed3-4f31-b2d1-f91c7d88de9e" testListId="8c84fa94-04c1-424b-9868-57a2d4851a1d" /><TestEntry testId="89e1cb2f-e828-4ddd-9314-c4d33061ccd8" executionId="e56c8c2a-bc6c-4eeb-836a-cc23f8d4f3d7" testListId="8c84fa94-04c1-424b-9868-57a2d4851a1d" /><TestEntry testId="f1355194-88a5-4c46-aeb9-bf391a451e99" executionId="3ad635ad-d88c-4219-86d6-beff83d21cff" testListId="8c84fa94-04c1-424b-9868-57a2d4851a1d" /><TestEntry testId="7dab00b3-6623-43e5-af29-800d5934bce2" executionId="7ec55767-bc3a-4ba6-b878-42f8fa6e9d13" testListId="8c84fa94-04c1-424b-9868-57a2d4851a1d" /><TestEntry testId="429f1206-c025-423e-b8b5-2a2ca0480fdb" executionId="9ec6e63c-93d1-4fad-8b2c-c3fe603c1697" testListId="8c84fa94-04c1-424b-9868-57a2d4851a1d" /><TestEntry testId="e69e604f-e286-48c2-b604-a06e1b275f82" executionId="931805f1-c3bc-43dc-9571-6733b059f1fd" testListId="8c84fa94-04c1-424b-9868-57a2d4851a1d" /><TestEntry testId="b175c3c7-f2c5-4f72-8c13-6a95622b946a" executionId="d901431b-3dc7-4b06-925e-6a64dca48073" testListId="8c84fa94-04c1-424b-9868-57a2d4851a1d" /><TestEntry testId="c4da130b-b2ab-4fbb-9c0f-3ede3eb6ddd2" executionId="7257548d-5982-48d3-b458-c81481fd9e03" testListId="8c84fa94-04c1-424b-9868-57a2d4851a1d" /><TestEntry testId="b9b904e7-2ca7-4593-9b32-e610d756e4a6" executionId="6b880391-7493-409f-b35e-85636f65f93c" testListId="8c84fa94-04c1-424b-9868-57a2d4851a1d" /><TestEntry testId="234cafdf-7e58-4c8c-bd63-7333b6eaaac2" executionId="58186ffb-c499-47e4-bc4b-21367a247bff" testListId="8c84fa94-04c1-424b-9868-57a2d4851a1d" /><TestEntry testId="c03fa7d5-5201-4b5e-9d01-e938c0264d64" executionId="fb14bda4-2c77-4b38-a119-7b79d176be1b" testListId="8c84fa94-04c1-424b-9868-57a2d4851a1d" /><TestEntry testId="c689966d-62d8-4c2a-95c5-5e43f750ede3" executionId="10066559-d2c7-4cec-bf3d-d9989980ad8d" testListId="8c84fa94-04c1-424b-9868-57a2d4851a1d" /><TestEntry testId="ec2f0f81-c8f2-441a-b373-5dac06e5c8ed" executionId="4ba8d46f-34a4-41fe-b742-0deace8b3045" testListId="8c84fa94-04c1-424b-9868-57a2d4851a1d" /><TestEntry testId="f8174ffd-d56f-42c4-a223-261e36b204bc" executionId="120005d7-466d-409c-a26d-64a6a388cacc" testListId="8c84fa94-04c1-424b-9868-57a2d4851a1d" /><TestEntry testId="5c040a44-2e3e-4ab4-b7ac-cd267e3ee23f" executionId="56f4f8fb-6f60-4446-b8ff-6563f421b1b7" testListId="8c84fa94-04c1-424b-9868-57a2d4851a1d" /><TestEntry testId="2a41596b-d8c0-4e8e-a0c0-01b8d8fe846f" executionId="2c64bba9-ce2f-4ad8-b3a4-be68ae68dd1a" testListId="8c84fa94-04c1-424b-9868-57a2d4851a1d" /><TestEntry testId="c068bab4-eda5-4005-b402-441954263a42" executionId="2bf5bf8d-de41-43e3-a5b8-5bf8898fbf2e" testListId="8c84fa94-04c1-424b-9868-57a2d4851a1d" /><TestEntry testId="4e591fa3-c89a-488b-ad84-57dbe5c360a3" executionId="4fb062e4-f2b1-4f76-8141-d950837153f8" testListId="8c84fa94-04c1-424b-9868-57a2d4851a1d" /><TestEntry testId="b7dc6dc1-b654-4256-a522-9ade1a2306f7" executionId="f18dc5d9-3135-436b-8976-696d465c6f98" testListId="8c84fa94-04c1-424b-9868-57a2d4851a1d" /><TestEntry testId="998e8b0f-9aec-43f8-ae7a-180fda299ab6" executionId="5e6545cf-3ff0-4efc-9c20-14092c37d36a" testListId="8c84fa94-04c1-424b-9868-57a2d4851a1d" /><TestEntry testId="c0106984-4e89-4a7d-933d-290dc41a936a" executionId="db922494-6a46-47bc-a679-9401c256024b" testListId="8c84fa94-04c1-424b-9868-57a2d4851a1d" /><TestEntry testId="ce41e2cc-122d-4a32-933b-36c4677811c4" executionId="43c95419-6da4-49fe-890a-497c43ccef65" testListId="8c84fa94-04c1-424b-9868-57a2d4851a1d" /><TestEntry testId="074b5082-6f3c-49d3-b168-19c34a9f95a9" executionId="2924229d-d89d-4af7-83a6-fcc624ea85df" testListId="8c84fa94-04c1-424b-9868-57a2d4851a1d" /><TestEntry testId="e4d359bc-f8a8-48f3-bb6c-4ab26646425b" executionId="c4222cb9-7b46-485d-8811-1041035dc8a0" testListId="8c84fa94-04c1-424b-9868-57a2d4851a1d" /><TestEntry testId="bae60b3f-f091-4a32-8b40-cee17b4fe603" executionId="88f3bda8-8101-4055-ae10-3b5eb7e38b6c" testListId="8c84fa94-04c1-424b-9868-57a2d4851a1d" /><TestEntry testId="af1c435a-234d-45b3-b13d-8cd329d5dcc1" executionId="f890cf7d-a27d-4911-814a-0df22ae18c5c" testListId="8c84fa94-04c1-424b-9868-57a2d4851a1d" /><TestEntry testId="d77d73ce-4ed8-461f-a81a-b16c26efe53a" executionId="c661fd59-617d-4b6a-bfc0-efd37189807c" testListId="8c84fa94-04c1-424b-9868-57a2d4851a1d" /><TestEntry testId="19af4e3a-2c73-431c-a697-d94167096c1b" executionId="993b71da-e6e5-4d2d-a0bb-3a32ba6e0f2e" testListId="8c84fa94-04c1-424b-9868-57a2d4851a1d" /><TestEntry testId="19c97c08-0ea9-4e44-9098-5b02c55021c5" executionId="32834a9d-8d0c-4378-a2a6-b58debfb029e" testListId="8c84fa94-04c1-424b-9868-57a2d4851a1d" /><TestEntry testId="e0b08c3e-4593-4f58-9fa2-a6e45ded1681" executionId="1510f628-9374-47cd-aefc-4336df82a62a" testListId="8c84fa94-04c1-424b-9868-57a2d4851a1d" /><TestEntry testId="b1bc4f85-798d-43b0-bec7-6a74607a3d9e" executionId="6604f27e-ca09-45bb-9b59-8ae078c142ae" testListId="8c84fa94-04c1-424b-9868-57a2d4851a1d" /><TestEntry testId="e21e7df1-789b-4372-8489-24925a94b6ec" executionId="2fe133bc-50e1-4c66-9cb9-557a1ff516dc" testListId="8c84fa94-04c1-424b-9868-57a2d4851a1d" /><TestEntry testId="c74e879a-1bba-40ef-88d1-f0a3add7aa53" executionId="2c8d0394-9d8d-4dd1-a2f5-88cc66336d0c" testListId="8c84fa94-04c1-424b-9868-57a2d4851a1d" /><TestEntry testId="941eab58-9d41-4b4b-8853-5fdbe85ddc31" executionId="c036db66-01c9-4d50-9d0b-4d0c7f74929e" testListId="8c84fa94-04c1-424b-9868-57a2d4851a1d" /><TestEntry testId="8bceeaf3-8e20-4308-ae82-5db394468f0a" executionId="c917afaa-d603-4968-9ccb-e1db27eb1e3a" testListId="8c84fa94-04c1-424b-9868-57a2d4851a1d" /><TestEntry testId="77e2dcb9-c2c3-4e94-9495-b57fbee305c8" executionId="01a2a12c-5990-427b-ac57-79fe04abca1d" testListId="8c84fa94-04c1-424b-9868-57a2d4851a1d" /><TestEntry testId="9210fde4-36b0-4d9c-816f-7c9403a112c8" executionId="4fdcc6b9-6a28-4e71-989f-b33e8098243f" testListId="8c84fa94-04c1-424b-9868-57a2d4851a1d" /><TestEntry testId="b6553613-4fba-4693-b300-0ea939a791b0" executionId="02e86e40-9bb7-4bd5-8c91-5067bb2df5bb" testListId="8c84fa94-04c1-424b-9868-57a2d4851a1d" /><TestEntry testId="3cdda292-8a13-41d3-962d-d4b5d4921932" executionId="d5849f06-b852-41e4-820a-7944e990d716" testListId="8c84fa94-04c1-424b-9868-57a2d4851a1d" /><TestEntry testId="b50f0a06-a3cc-4615-b613-e959d63da104" executionId="d85c831a-7663-4b39-822f-e1cdd71415a2" testListId="8c84fa94-04c1-424b-9868-57a2d4851a1d" /><TestEntry testId="29eb4a91-2992-42c7-a382-4f497254a142" executionId="be574507-b886-4a84-93e1-4dc668962511" testListId="8c84fa94-04c1-424b-9868-57a2d4851a1d" /><TestEntry testId="5f0e0417-0e49-4844-a831-9a4fd83cc85b" executionId="a9aaee51-2f55-4b4e-8458-231adbfa9137" testListId="8c84fa94-04c1-424b-9868-57a2d4851a1d" /><TestEntry testId="62b78d4d-7e6e-473d-a8a9-3ace891bab68" executionId="536b0dbf-02eb-4840-b2f8-0cbc8da13cf8" testListId="8c84fa94-04c1-424b-9868-57a2d4851a1d" /><TestEntry testId="ea28e153-88f8-47c4-9355-e23bfc87d46a" executionId="3cb188f5-e68a-48b4-b4d0-36a0553888aa" testListId="8c84fa94-04c1-424b-9868-57a2d4851a1d" /><TestEntry testId="c26fa671-a90e-49e3-a2ab-cd61f530d02a" executionId="4906491c-ab7f-43f7-8bbc-cea7108f47ab" testListId="8c84fa94-04c1-424b-9868-57a2d4851a1d" /><TestEntry testId="868c77bc-343a-4e77-a2ff-b8758f2c1711" executionId="ae2cc551-ec31-4df5-bd39-7d60c4026d1d" testListId="8c84fa94-04c1-424b-9868-57a2d4851a1d" /><TestEntry testId="19dbf095-6d46-4c6b-a580-754cbf22303e" executionId="722d1247-92ee-4801-9cf9-f482e883efe0" testListId="8c84fa94-04c1-424b-9868-57a2d4851a1d" /><TestEntry testId="9a4789ea-ba11-4440-840f-340def6834c7" executionId="b1006c16-5ca6-4d97-ad47-7fc28048924d" testListId="8c84fa94-04c1-424b-9868-57a2d4851a1d" /><TestEntry testId="1bc24d3e-e5cf-43ef-8756-5d8f18a4920e" executionId="c584ecbe-81b1-4993-bf35-97abaada81d6" testListId="8c84fa94-04c1-424b-9868-57a2d4851a1d" /><TestEntry testId="00d83cac-dcfb-4653-8acd-b3be8b875dcc" executionId="c9987bf8-4218-49ed-98fe-90ff0ace68b0" testListId="8c84fa94-04c1-424b-9868-57a2d4851a1d" /><TestEntry testId="64f0741f-9525-418f-bfde-4b96a4c7fb06" executionId="3072031b-afdd-40b3-909e-3a4d061b8200" testListId="8c84fa94-04c1-424b-9868-57a2d4851a1d" /><TestEntry testId="88a29562-1103-40a8-9fc5-ac42e94c93db" executionId="680b5515-bdc7-4b85-b57f-328389aea2b5" testListId="8c84fa94-04c1-424b-9868-57a2d4851a1d" /><TestEntry testId="bb1e5e5e-b236-41ac-bdf8-fc90518c1932" executionId="564c0e78-d028-429f-be12-6c1fc4f3e513" testListId="8c84fa94-04c1-424b-9868-57a2d4851a1d" /><TestEntry testId="92bab606-ea04-457c-97e4-d800de8cf188" executionId="1ed5f790-a87c-40bb-8a3e-d37858678af6" testListId="8c84fa94-04c1-424b-9868-57a2d4851a1d" /><TestEntry testId="427224df-2d55-41e9-bab7-192f032e3484" executionId="dcd3fa83-7031-48b5-a05f-f1fedba3f940" testListId="8c84fa94-04c1-424b-9868-57a2d4851a1d" /><TestEntry testId="cc292104-5ce5-4df0-b8a3-62f4563379fd" executionId="a4efe690-6d2e-4537-8645-d6071d5891c5" testListId="8c84fa94-04c1-424b-9868-57a2d4851a1d" /><TestEntry testId="7cb64a86-cfc6-46e7-9f0d-3fc8c9993b80" executionId="b6593eb3-71c0-4e66-958f-cb16bd6a0b06" testListId="8c84fa94-04c1-424b-9868-57a2d4851a1d" /><TestEntry testId="7b1a2d1a-f64f-4606-a844-948875ebf6ae" executionId="dd7f4663-9f93-44b0-84ec-527145f7a58e" testListId="8c84fa94-04c1-424b-9868-57a2d4851a1d" /><TestEntry testId="87ee0d3d-07fc-4e0d-9f78-6036c53b3408" executionId="ffe6d878-64e3-4e84-bf39-6e0fb5a49ae4" testListId="8c84fa94-04c1-424b-9868-57a2d4851a1d" /><TestEntry testId="0cfc8917-cdc2-4d9d-89db-659a5a97bfb9" executionId="1d3f55d4-f0c3-4aa3-ab2d-9eeb9803836d" testListId="8c84fa94-04c1-424b-9868-57a2d4851a1d" /><TestEntry testId="17f241e1-5e14-401b-a7e0-e28443772b6f" executionId="c304b200-fc6a-4184-803b-6bb5397c5718" testListId="8c84fa94-04c1-424b-9868-57a2d4851a1d" /><TestEntry testId="6eec1c10-1c73-4a86-be14-f283966c413c" executionId="ed19ca56-dd59-4199-8dd2-b57c0665c2f5" testListId="8c84fa94-04c1-424b-9868-57a2d4851a1d" /><TestEntry testId="b45ad0a2-d1ff-4096-8cbc-b73349b8b02b" executionId="7bd759b0-c146-40cc-96b4-7da2236ad3c4" testListId="8c84fa94-04c1-424b-9868-57a2d4851a1d" /><TestEntry testId="ea33896d-6fe2-420b-bd1f-f35a2baae77b" executionId="0a101641-e73f-43ff-91a9-4305eb5eb45b" testListId="8c84fa94-04c1-424b-9868-57a2d4851a1d" /><TestEntry testId="a3ef7fa4-a57c-45c0-8265-ec59c242d247" executionId="df2a6e96-11b6-4d9e-bc66-d8d6c14ac3c8" testListId="8c84fa94-04c1-424b-9868-57a2d4851a1d" /><TestEntry testId="43b6a7f9-b062-4ada-9f0d-4b8d617ba617" executionId="5334dd44-3150-4895-894a-e4065b294a15" testListId="8c84fa94-04c1-424b-9868-57a2d4851a1d" /><TestEntry testId="7d672f6b-2289-4d4c-ba29-86e903284ff3" executionId="363700af-80f0-46f4-b856-028d7102ea9d" testListId="8c84fa94-04c1-424b-9868-57a2d4851a1d" /><TestEntry testId="51b64cec-d59d-4738-bcc8-058c0fd20614" executionId="6e859f0d-cd6b-485b-a06c-8ad95d001a35" testListId="8c84fa94-04c1-424b-9868-57a2d4851a1d" /><TestEntry testId="8ce8a9a9-109b-4be9-aebe-df71f60b1924" executionId="8a30ebfa-162a-49c9-b65c-d3a947ed41b9" testListId="8c84fa94-04c1-424b-9868-57a2d4851a1d" /><TestEntry testId="284a7abf-7b24-445a-a384-22cd7287f511" executionId="8e9145c0-fa42-4a55-aeef-9f1d78f38c55" testListId="8c84fa94-04c1-424b-9868-57a2d4851a1d" /><TestEntry testId="df63b76a-2213-4b84-9e0b-57c10f9d0f08" executionId="0bb3e2e3-02b5-4e59-a970-e461998e4376" testListId="8c84fa94-04c1-424b-9868-57a2d4851a1d" /><TestEntry testId="d09a1a5b-d78e-4986-910f-1b639991a505" executionId="f3b80abe-79d9-45c5-a72e-251883dd93c8" testListId="8c84fa94-04c1-424b-9868-57a2d4851a1d" /><TestEntry testId="e72154e0-2d2f-4114-a086-8369a1ca647a" executionId="745c8206-e284-42d4-a170-b6eb6b255359" testListId="8c84fa94-04c1-424b-9868-57a2d4851a1d" /><TestEntry testId="e17f64ce-68bc-4f5b-8e3c-464f33e49693" executionId="7e30b142-070a-46fc-886f-e78533861099" testListId="8c84fa94-04c1-424b-9868-57a2d4851a1d" /><TestEntry testId="c86fced8-f549-4be4-a57c-532283237ed5" executionId="8d8b81a9-49b7-4a1c-9882-b671f35aa609" testListId="8c84fa94-04c1-424b-9868-57a2d4851a1d" /><TestEntry testId="2de9f403-8081-4921-8d65-49c322a250b0" executionId="c376e5d7-dec0-4fbc-a28d-2d0f9d681198" testListId="8c84fa94-04c1-424b-9868-57a2d4851a1d" /><TestEntry testId="0d310928-a928-40d8-abc9-b0bd47e157b4" executionId="e7bd418c-7bed-4119-87f3-1b8d0e939c15" testListId="8c84fa94-04c1-424b-9868-57a2d4851a1d" /><TestEntry testId="1172a0e8-0c6b-48db-9d26-0e3f12874fd4" executionId="55078ff0-c075-4f47-83fa-83c1d63018ba" testListId="8c84fa94-04c1-424b-9868-57a2d4851a1d" /><TestEntry testId="44c4e5fa-1ff7-4872-b768-e98535e78ce3" executionId="2f1a9bf3-1858-48c9-b35e-3726fd69b290" testListId="8c84fa94-04c1-424b-9868-57a2d4851a1d" /><TestEntry testId="47bd6b48-6cba-411d-aeee-890779a51d36" executionId="0ab0f631-9d0e-486b-8565-3b158f691098" testListId="8c84fa94-04c1-424b-9868-57a2d4851a1d" /><TestEntry testId="d09ac312-591e-4f74-bb97-da85c03a9759" executionId="adcd06f2-0e64-4b79-a5bc-027765fc69fb" testListId="8c84fa94-04c1-424b-9868-57a2d4851a1d" /><TestEntry testId="29a25e08-d125-406c-a761-979825e1027c" executionId="1db9ec7c-07cc-448f-b712-477866dec687" testListId="8c84fa94-04c1-424b-9868-57a2d4851a1d" /><TestEntry testId="de330acf-792b-4881-9bcf-e83423dc0536" executionId="f2537528-7ae6-446e-8596-2c633464f098" testListId="8c84fa94-04c1-424b-9868-57a2d4851a1d" /><TestEntry testId="72127510-61b7-4a6b-b613-c8b8a45dc0f7" executionId="575e8228-4aea-47f6-a694-00b1e205ffd6" testListId="8c84fa94-04c1-424b-9868-57a2d4851a1d" /><TestEntry testId="d88bf6a1-ac4b-4e1d-b88a-a00c7e7c9ee8" executionId="ec397a8f-acad-4bf2-a726-aa28cdd481f4" testListId="8c84fa94-04c1-424b-9868-57a2d4851a1d" /><TestEntry testId="be8d0eb2-9378-430b-99af-c11da7b10f26" executionId="431e5b3f-6fd5-4979-ab1c-a6a0a99a72d9" testListId="8c84fa94-04c1-424b-9868-57a2d4851a1d" /><TestEntry testId="0b65b0e0-8f4a-486c-a14d-14b0e4d380b5" executionId="e327c33c-2980-462e-bcb9-1ee3b52bc99a" testListId="8c84fa94-04c1-424b-9868-57a2d4851a1d" /><TestEntry testId="286640ee-df35-486b-b70f-3e9ba6adb486" executionId="5a1f6c93-eeb1-4032-ada1-20b96e4e903a" testListId="8c84fa94-04c1-424b-9868-57a2d4851a1d" /><TestEntry testId="4368db7d-6059-4ae1-a349-74ce785434da" executionId="d9e43d2b-cec5-43b3-9242-87c9d34c2be8" testListId="8c84fa94-04c1-424b-9868-57a2d4851a1d" /><TestEntry testId="78c4c045-f2f7-449b-b2ac-5c474ea629bb" executionId="aaff3ac4-cefb-44f9-bae0-b0b829f37e60" testListId="8c84fa94-04c1-424b-9868-57a2d4851a1d" /><TestEntry testId="7ddd9cd6-6080-4e63-b75d-9e117e1c6875" executionId="2392a7ce-a2b8-4457-8dfb-f8cf0b3a9331" testListId="8c84fa94-04c1-424b-9868-57a2d4851a1d" /><TestEntry testId="4ba655a4-3997-4624-b5c2-defb2fee7fec" executionId="c00a5012-7013-4581-aabb-260eac11ac9a" testListId="8c84fa94-04c1-424b-9868-57a2d4851a1d" /><TestEntry testId="fe2eaee7-d971-421e-94b5-6bd5d06afa02" executionId="d59f2c28-bec1-49f7-b740-19520f329d92" testListId="8c84fa94-04c1-424b-9868-57a2d4851a1d" /><TestEntry testId="7cdf630c-b6b6-4b93-a74e-3a360c9e53dd" executionId="c4c94d15-27cb-4679-a989-3f37717e38fc" testListId="8c84fa94-04c1-424b-9868-57a2d4851a1d" /><TestEntry testId="68f97b52-f089-45a0-b3c7-e9e85fbca516" executionId="93751c27-0d96-4e35-ace8-27e740f553fc" testListId="8c84fa94-04c1-424b-9868-57a2d4851a1d" /><TestEntry testId="f8e59076-af84-416f-ad2c-92391f9511fd" executionId="41279f11-715e-4f2b-a0e2-631646e15a76" testListId="8c84fa94-04c1-424b-9868-57a2d4851a1d" /><TestEntry testId="0645475d-a9dd-466a-afb2-09169efb4765" executionId="1e1496df-f02c-4715-b9b0-17846ba51a08" testListId="8c84fa94-04c1-424b-9868-57a2d4851a1d" /><TestEntry testId="f281c374-fa7b-482b-9196-a22e8274711c" executionId="c3bf1917-4e34-4bd1-8745-10b14b6f14ff" testListId="8c84fa94-04c1-424b-9868-57a2d4851a1d" /><TestEntry testId="646418c8-3e7b-4c69-b9bb-3dad4a3e0679" executionId="6e8454a0-7294-44b4-96da-8907888bec6b" testListId="8c84fa94-04c1-424b-9868-57a2d4851a1d" /><TestEntry testId="00698e57-c30e-4225-b049-d49f5eef1d34" executionId="bcd1f849-549d-4b53-bfa2-9c263ac832c7" testListId="8c84fa94-04c1-424b-9868-57a2d4851a1d" /><TestEntry testId="f565cf50-ab4f-4b39-9d35-551f6e5d8ec9" executionId="ea64b700-4d9c-47eb-ad10-1b1b5289cda8" testListId="8c84fa94-04c1-424b-9868-57a2d4851a1d" /><TestEntry testId="dd997e4e-31e6-44a4-939b-63c25a8bbdb6" executionId="cc033004-bdf2-4711-a344-2b6493a45cb4" testListId="8c84fa94-04c1-424b-9868-57a2d4851a1d" /><TestEntry testId="c41e9ca9-e857-4245-b7d2-d7813f944a22" executionId="7267b744-22f4-4041-b4ef-9ea894523b51" testListId="8c84fa94-04c1-424b-9868-57a2d4851a1d" /><TestEntry testId="d4b929ad-bf90-4a40-b8bd-4396b15a89e6" executionId="578eb1eb-1e2a-4ec4-8ead-d9873badeb7a" testListId="8c84fa94-04c1-424b-9868-57a2d4851a1d" /><TestEntry testId="1fd501c5-05f2-4e21-92fd-e2aecee8525a" executionId="550169ef-e649-4113-8238-2c20f7f36f6a" testListId="8c84fa94-04c1-424b-9868-57a2d4851a1d" /><TestEntry testId="a813d97a-a2e8-481c-946e-26b09dbdc595" executionId="63a3e180-83ba-4087-b75d-a955e0866620" testListId="8c84fa94-04c1-424b-9868-57a2d4851a1d" /><TestEntry testId="e6aedadd-287e-4dbf-8f71-dfcee07c39b6" executionId="9e0dfc3f-da6d-461a-80e9-78c517b4830c" testListId="8c84fa94-04c1-424b-9868-57a2d4851a1d" /><TestEntry testId="6e61b5d1-6a70-4528-a03c-36bd47d58534" executionId="c27dcff3-d9d7-45e9-8cf9-982f927f21af" testListId="8c84fa94-04c1-424b-9868-57a2d4851a1d" /><TestEntry testId="84f84dbc-c792-4c83-83fd-7a45fb766a01" executionId="c8af19c8-c560-4bfd-9c9a-7c24eb32e5cc" testListId="8c84fa94-04c1-424b-9868-57a2d4851a1d" /><TestEntry testId="ef1dae61-f476-4e37-a4bf-5e29b552508d" executionId="37ed3a0a-1921-48da-bc91-f907f8851a88" testListId="8c84fa94-04c1-424b-9868-57a2d4851a1d" /><TestEntry testId="76d26d03-f365-45fa-87ff-6d0a5a74b604" executionId="d634eeec-bd5a-405d-8932-781249cc79a9" testListId="8c84fa94-04c1-424b-9868-57a2d4851a1d" /><TestEntry testId="803549b5-ec53-4647-bc97-e1bef9cd11eb" executionId="418315e3-01f7-4712-9757-71e658e73f1e" testListId="8c84fa94-04c1-424b-9868-57a2d4851a1d" /><TestEntry testId="71c87153-dca4-4b7a-a455-2f55f4f53b4f" executionId="3a44121e-1fb5-4895-8e0d-c741f232cdb5" testListId="8c84fa94-04c1-424b-9868-57a2d4851a1d" /><TestEntry testId="07f1d13b-8c2a-4cc7-98cd-5f5d664b3336" executionId="695e83e3-3082-45fc-862e-050e5fcb8740" testListId="8c84fa94-04c1-424b-9868-57a2d4851a1d" /><TestEntry testId="1b1546ff-a798-4f56-9281-003e69d1b2eb" executionId="1ed5806e-1d6a-4e67-b682-644a90a8c24c" testListId="8c84fa94-04c1-424b-9868-57a2d4851a1d" /><TestEntry testId="25cd0373-0097-4faa-80da-e7101cc087d1" executionId="c8522ebb-cf22-4c96-9868-b1cec4c9818f" testListId="8c84fa94-04c1-424b-9868-57a2d4851a1d" /><TestEntry testId="189f5c74-d0d2-4852-ad7f-2bef27d66bea" executionId="fbcd7af6-7bfc-4041-97b9-5aa471260de0" testListId="8c84fa94-04c1-424b-9868-57a2d4851a1d" /><TestEntry testId="2b432a81-e247-4003-8666-fa482802098c" executionId="d4301708-9e1c-44f8-b745-3434dec2e514" testListId="8c84fa94-04c1-424b-9868-57a2d4851a1d" /><TestEntry testId="50216929-d024-4181-bafa-e3fb85d26a96" executionId="1be3e59a-eb8e-4cc7-b5e1-ef3547a572f9" testListId="8c84fa94-04c1-424b-9868-57a2d4851a1d" /><TestEntry testId="5d0dbdfe-50b1-493d-95f0-416b2614c8d4" executionId="cbd07ba4-d17e-437a-be1f-dabde3a4c477" testListId="8c84fa94-04c1-424b-9868-57a2d4851a1d" /><TestEntry testId="b86eec67-8d50-4a1c-a979-ccc08aaef576" executionId="23c2f900-8a27-4dad-899f-eba6f147307f" testListId="8c84fa94-04c1-424b-9868-57a2d4851a1d" /><TestEntry testId="d7a47dfb-a557-4224-8922-c6a7d42bc0dd" executionId="1e0ebc8e-d515-4420-9548-64d123c8f232" testListId="8c84fa94-04c1-424b-9868-57a2d4851a1d" /><TestEntry testId="fe79d24d-7fb8-4f1e-97f5-d383ebcfd7cd" executionId="8fcc1102-dc52-49ff-965d-1b844bb9b631" testListId="8c84fa94-04c1-424b-9868-57a2d4851a1d" /><TestEntry testId="28b7154b-68ac-4f0a-a735-3877b7a8632c" executionId="73169a9b-afb3-42a0-a776-32cf380083d0" testListId="8c84fa94-04c1-424b-9868-57a2d4851a1d" /><TestEntry testId="0178256d-6c09-4f0d-bcc3-d8404af00f24" executionId="e4822645-e920-41c6-9545-f8682e7ce9e6" testListId="8c84fa94-04c1-424b-9868-57a2d4851a1d" /><TestEntry testId="7985a010-d21d-4e98-bbb5-a22edbd20101" executionId="da21f291-1c02-4a86-8daa-f88d277cedf5" testListId="8c84fa94-04c1-424b-9868-57a2d4851a1d" /><TestEntry testId="c1d7fb85-b8df-4008-bb62-e3f09aef6985" executionId="9a8a94eb-51f1-4cb9-8051-ba795060390e" testListId="8c84fa94-04c1-424b-9868-57a2d4851a1d" /><TestEntry testId="432546c9-a726-458b-9321-0bc0ff58633c" executionId="edf40956-ff67-4613-9a50-c18ddaa4868b" testListId="8c84fa94-04c1-424b-9868-57a2d4851a1d" /><TestEntry testId="6ee6691e-e141-40f7-81d6-468c373e5e6e" executionId="6caaf294-c034-4a5d-a197-7fc4e885c85f" testListId="8c84fa94-04c1-424b-9868-57a2d4851a1d" /><TestEntry testId="3d8c80df-a74e-4aa4-a69a-e4e7f0de1813" executionId="f21f1a35-758a-435d-9f79-d9179357a9d7" testListId="8c84fa94-04c1-424b-9868-57a2d4851a1d" /><TestEntry testId="38ddc9ba-c767-428d-be14-70acf254d19a" executionId="9c2e213a-7fe7-4294-a603-223a6f750749" testListId="8c84fa94-04c1-424b-9868-57a2d4851a1d" /><TestEntry testId="99325199-a389-42f6-bff2-762f9625face" executionId="4472d6b7-fff1-4c41-aa11-a3c727f638a5" testListId="8c84fa94-04c1-424b-9868-57a2d4851a1d" /></TestEntries><TestLists><TestList name="Results Not in a List" id="8c84fa94-04c1-424b-9868-57a2d4851a1d" /><TestList name="All Loaded Results" id="19431567-8539-422a-85d7-44ee4e166bda" /></TestLists><ResultSummary outcome="Completed"><Counters total="594" executed="594" passed="594" failed="0" error="0" timeout="0" aborted="0" inconclusive="0" passedButRunAborted="0" notRunnable="0" notExecuted="0" disconnected="0" warning="0" completed="0" inProgress="0" pending="0" /><Output><StdOut>NUnit Adapter 3.9.0.0: Test execution startedRunning all tests in C:\workspaces\openkit-dotnet\tests\openkit-dotnetcore-1.1.Tests\bin\Release\netcoreapp1.1\openkit-dotnetcore-1.1.Tests.dllNUnit3TestExecutor converted 594 of 594 NUnit test casesNUnit Adapter 3.9.0.0: Test execution complete</StdOut></Output></ResultSummary></TestRun>