<?xml version="1.0" encoding="utf-8"?><TestRun id="8cce0a52-3008-4db0-b1df-eb5a5a0ef40e" name="andreas.doppelhofer@TAG009442327432 2018-09-20 12:47:57" runUser="DYNATRACE\andreas.doppelhofer" xmlns="http://microsoft.com/schemas/VisualStudio/TeamTest/2010"><Times creation="2018-09-20T12:47:57.7913594+02:00" queuing="2018-09-20T12:47:57.7913594+02:00" start="2018-09-20T12:47:56.1291409+02:00" finish="2018-09-20T12:48:00.3199482+02:00" /><TestSettings name="default" id="235d82da-16af-49c5-b3cc-6009c65bcfc0"><Deployment runDeploymentRoot="andreas.doppelhofer_TAG009442327432_2018-09-20_12_47_57" /></TestSettings><Results><UnitTestResult executionId="12bb4b30-f17d-4f5f-8ee6-3b1ffe77418f" testId="b96fee1c-2692-4dac-b241-850a34da2c90" testName="resetDataMarkedForSendingReturnsIfDataHasNotBeenCopied" computerName="TAG009442327432" duration="00:00:00.0010000" startTime="2018-09-20T12:47:57.0000000+02:00" endTime="2018-09-20T12:47:57.0000000+02:00" testType="13cdc9d9-ddb5-4fa4-a97d-d965ccfc6d4b" outcome="Passed" testListId="8c84fa94-04c1-424b-9868-57a2d4851a1d" relativeResultsDirectory="12bb4b30-f17d-4f5f-8ee6-3b1ffe77418f" /><UnitTestResult executionId="04fc38c2-f148-4951-a968-3b9fc57cc893" testId="a867d6a4-a6aa-40af-bfbe-25e76abfc673" testName="AfterCallingEndASessionIsEnded" computerName="TAG009442327432" duration="00:00:00.0020000" startTime="2018-09-20T12:47:58.0000000+02:00" endTime="2018-09-20T12:47:58.0000000+02:00" testType="13cdc9d9-ddb5-4fa4-a97d-d965ccfc6d4b" outcome="Passed" testListId="8c84fa94-04c1-424b-9868-57a2d4851a1d" relativeResultsDirectory="04fc38c2-f148-4951-a968-3b9fc57cc893" /><UnitTestResult executionId="aef262a7-4abe-4bf0-941b-8fb694bbd4f4" testId="639f82e1-f45c-4d8d-ba20-4ea57f295d32" testName="TimeSyncRequestsAreInterruptedAfterUnsuccessfulRetries" computerName="TAG009442327432" duration="00:00:00.0010000" startTime="2018-09-20T12:47:58.0000000+02:00" endTime="2018-09-20T12:47:58.0000000+02:00" testType="13cdc9d9-ddb5-4fa4-a97d-d965ccfc6d4b" outcome="Passed" testListId="8c84fa94-04c1-424b-9868-57a2d4851a1d" relativeResultsDirectory="aef262a7-4abe-4bf0-941b-8fb694bbd4f4" /><UnitTestResult executionId="ba5db2d3-daff-4fcb-84dd-b2a8228dd80d" testId="4627f1e4-c20f-45bb-97d9-88aa4148d22f" testName="StartTimeIsSetInConstructor" computerName="TAG009442327432" duration="00:00:00.0010000" startTime="2018-09-20T12:47:57.0000000+02:00" endTime="2018-09-20T12:47:57.0000000+02:00" testType="13cdc9d9-ddb5-4fa4-a97d-d965ccfc6d4b" outcome="Passed" testListId="8c84fa94-04c1-424b-9868-57a2d4851a1d" relativeResultsDirectory="ba5db2d3-daff-4fcb-84dd-b2a8228dd80d" /><UnitTestResult executionId="9c2a77de-49c4-450a-bc5c-d15dbb1bf1b2" testId="a3127122-ad44-427f-9615-08b75466bd77" testName="aProviderInitializedWithMaxIntValueProvidesMinSessionIdValueAtNextCall" computerName="TAG009442327432" duration="00:00:00.0000001" startTime="2018-09-20T12:48:00.0000000+02:00" endTime="2018-09-20T12:48:00.0000000+02:00" testType="13cdc9d9-ddb5-4fa4-a97d-d965ccfc6d4b" outcome="Passed" testListId="8c84fa94-04c1-424b-9868-57a2d4851a1d" relativeResultsDirectory="9c2a77de-49c4-450a-bc5c-d15dbb1bf1b2" /><UnitTestResult executionId="9eae19bf-d08b-4a75-97c0-0087008a8166" testId="3e28f60a-b474-41e6-ad18-7903e0d07c40" testName="IpV6AddressHexCompressedIsValidBlock4" computerName="TAG009442327432" duration="00:00:00.0000001" startTime="2018-09-20T12:47:58.0000000+02:00" endTime="2018-09-20T12:47:58.0000000+02:00" testType="13cdc9d9-ddb5-4fa4-a97d-d965ccfc6d4b" outcome="Passed" testListId="8c84fa94-04c1-424b-9868-57a2d4851a1d" relativeResultsDirectory="9eae19bf-d08b-4a75-97c0-0087008a8166" /><UnitTestResult executionId="58cd168c-1804-432f-9c43-64cb7c0951c4" testId="e2f27836-3733-495a-9726-a7925a9219a7" testName="TransitionToCaptureOnStateIsPerformed" computerName="TAG009442327432" duration="00:00:00.0010000" startTime="2018-09-20T12:47:57.0000000+02:00" endTime="2018-09-20T12:47:57.0000000+02:00" testType="13cdc9d9-ddb5-4fa4-a97d-d965ccfc6d4b" outcome="Passed" testListId="8c84fa94-04c1-424b-9868-57a2d4851a1d" relativeResultsDirectory="58cd168c-1804-432f-9c43-64cb7c0951c4" /><UnitTestResult executionId="72a2012e-a1af-45bc-a8ac-39dca920370e" testId="e1ef54fc-3995-409d-8636-496991336c65" testName="FinishingANewSessionStillLeavesItNew" computerName="TAG009442327432" duration="00:00:00.0030000" startTime="2018-09-20T12:47:58.0000000+02:00" endTime="2018-09-20T12:47:58.0000000+02:00" testType="13cdc9d9-ddb5-4fa4-a97d-d965ccfc6d4b" outcome="Passed" testListId="8c84fa94-04c1-424b-9868-57a2d4851a1d" relativeResultsDirectory="72a2012e-a1af-45bc-a8ac-39dca920370e"><Output><StdOut>2018-09-20T10:47:58.0983730Z DEBUG [3] BeaconSender StartSession
2018-09-20T10:47:58.0983730Z DEBUG [3] BeaconCache AddEventData(sn=1, timestamp=0, data='et=18&amp;it=0&amp;pa=0&amp;s0=1&amp;t0=0')</StdOut></Output></UnitTestResult><UnitTestResult executionId="4c2fe7cc-b79d-48d3-a3f6-4f2f45fc087e" testId="b53d4940-8990-44c6-9366-edeccdcc24cc" testName="CapturingIsDisabledFromStatusResponse" computerName="TAG009442327432" duration="00:00:00.0010000" startTime="2018-09-20T12:47:58.0000000+02:00" endTime="2018-09-20T12:47:58.0000000+02:00" testType="13cdc9d9-ddb5-4fa4-a97d-d965ccfc6d4b" outcome="Passed" testListId="8c84fa94-04c1-424b-9868-57a2d4851a1d" relativeResultsDirectory="4c2fe7cc-b79d-48d3-a3f6-4f2f45fc087e" /><UnitTestResult executionId="3bea376a-75d1-4cd4-9bb7-e6fc1772fad8" testId="c6e0ccdd-bca5-477c-bd95-455deec99f51" testName="InitializeTimeSyncDelegatesToTimingProvider" computerName="TAG009442327432" duration="00:00:00.0010000" startTime="2018-09-20T12:47:58.0000000+02:00" endTime="2018-09-20T12:47:58.0000000+02:00" testType="13cdc9d9-ddb5-4fa4-a97d-d965ccfc6d4b" outcome="Passed" testListId="8c84fa94-04c1-424b-9868-57a2d4851a1d" relativeResultsDirectory="3bea376a-75d1-4cd4-9bb7-e6fc1772fad8" /><UnitTestResult executionId="86af52bc-253b-496d-8c01-d03a5c917c2a" testId="80223036-68ac-442e-a8b3-eeeb4e5df0c8" testName="ShouldRunGivesFalseIfNumBytesInCacheIsLessThanUpperBoundLimit" computerName="TAG009442327432" duration="00:00:00.0000001" startTime="2018-09-20T12:47:57.0000000+02:00" endTime="2018-09-20T12:47:57.0000000+02:00" testType="13cdc9d9-ddb5-4fa4-a97d-d965ccfc6d4b" outcome="Passed" testListId="8c84fa94-04c1-424b-9868-57a2d4851a1d" relativeResultsDirectory="86af52bc-253b-496d-8c01-d03a5c917c2a" /><UnitTestResult executionId="98b42ae3-4e38-4f56-8b96-da2afe2124be" testId="e473b166-8b4e-4492-a243-6e7624ead855" testName="SessionIDIsAlwaysValue1OnDataCollectionLevel1" computerName="TAG009442327432" duration="00:00:00.0000001" startTime="2018-09-20T12:47:58.0000000+02:00" endTime="2018-09-20T12:47:58.0000000+02:00" testType="13cdc9d9-ddb5-4fa4-a97d-d965ccfc6d4b" outcome="Passed" testListId="8c84fa94-04c1-424b-9868-57a2d4851a1d" relativeResultsDirectory="98b42ae3-4e38-4f56-8b96-da2afe2124be" /><UnitTestResult executionId="08c678a4-9899-441e-83d9-6137daa8be1f" testId="450a01b4-c4af-42f3-993a-922193b7b8cb" testName="IpV6AddressHexCompressedIsValidBlock2" computerName="TAG009442327432" duration="00:00:00.0000001" startTime="2018-09-20T12:47:58.0000000+02:00" endTime="2018-09-20T12:47:58.0000000+02:00" testType="13cdc9d9-ddb5-4fa4-a97d-d965ccfc6d4b" outcome="Passed" testListId="8c84fa94-04c1-424b-9868-57a2d4851a1d" relativeResultsDirectory="08c678a4-9899-441e-83d9-6137daa8be1f" /><UnitTestResult executionId="a8f6e2c8-8343-4584-9b5d-e6d948c40ee3" testId="d68d3f7c-11c2-40ad-873c-c5982b9b5180" testName="TheStrategyIsDisabledIfCacheSizeUpperBoundIsLessThanZero" computerName="TAG009442327432" duration="00:00:00.0000001" startTime="2018-09-20T12:47:57.0000000+02:00" endTime="2018-09-20T12:47:57.0000000+02:00" testType="13cdc9d9-ddb5-4fa4-a97d-d965ccfc6d4b" outcome="Passed" testListId="8c84fa94-04c1-424b-9868-57a2d4851a1d" relativeResultsDirectory="a8f6e2c8-8343-4584-9b5d-e6d948c40ee3" /><UnitTestResult executionId="4d88c538-e36d-44fc-9610-40ce55e7d50b" testId="5e5d4acf-010f-46df-a982-9d19f84f32c3" testName="SendTimeSyncRequestReturnsAnUnknownErrorResponseForUnparseableStatusResponse" computerName="TAG009442327432" duration="00:00:00.0040000" startTime="2018-09-20T12:48:00.0000000+02:00" endTime="2018-09-20T12:48:00.0000000+02:00" testType="13cdc9d9-ddb5-4fa4-a97d-d965ccfc6d4b" outcome="Passed" testListId="8c84fa94-04c1-424b-9868-57a2d4851a1d" relativeResultsDirectory="4d88c538-e36d-44fc-9610-40ce55e7d50b" /><UnitTestResult executionId="9ae7a009-5a2b-428a-bd9c-19e5f250030e" testId="a0ea9164-a3f3-4d30-9197-a55556ec0d34" testName="IpV6AddressValid_RFCLeadingZeros" computerName="TAG009442327432" duration="00:00:00.0000001" startTime="2018-09-20T12:47:58.0000000+02:00" endTime="2018-09-20T12:47:58.0000000+02:00" testType="13cdc9d9-ddb5-4fa4-a97d-d965ccfc6d4b" outcome="Passed" testListId="8c84fa94-04c1-424b-9868-57a2d4851a1d" relativeResultsDirectory="9ae7a009-5a2b-428a-bd9c-19e5f250030e" /><UnitTestResult executionId="7c0cb195-8948-46a0-99fb-7ce95847a1ff" testId="57506ce3-b6b6-44c0-bfa7-ef1f69013c15" testName="ClearCapturedDataClearsDataFromSession" computerName="TAG009442327432" duration="00:00:00.0010000" startTime="2018-09-20T12:47:58.0000000+02:00" endTime="2018-09-20T12:47:58.0000000+02:00" testType="13cdc9d9-ddb5-4fa4-a97d-d965ccfc6d4b" outcome="Passed" testListId="8c84fa94-04c1-424b-9868-57a2d4851a1d" relativeResultsDirectory="7c0cb195-8948-46a0-99fb-7ce95847a1ff" /><UnitTestResult executionId="17536015-e4eb-4e66-a15f-dac05a1f5091" testId="088f70e4-828f-4844-80f7-8f1516638a90" testName="ParsingInvalidMaxBeaconSizeThrowsException" computerName="TAG009442327432" duration="00:00:00.0020000" startTime="2018-09-20T12:48:00.0000000+02:00" endTime="2018-09-20T12:48:00.0000000+02:00" testType="13cdc9d9-ddb5-4fa4-a97d-d965ccfc6d4b" outcome="Passed" testListId="8c84fa94-04c1-424b-9868-57a2d4851a1d" relativeResultsDirectory="17536015-e4eb-4e66-a15f-dac05a1f5091" /><UnitTestResult executionId="fe5aff48-7518-4f29-bf53-1a280667d96f" testId="703fde59-c27c-47f8-a81d-727697b607b8" testName="SetBytesSentSetsTheNumberOfSentBytes" computerName="TAG009442327432" duration="00:00:00.0000001" startTime="2018-09-20T12:47:58.0000000+02:00" endTime="2018-09-20T12:47:58.0000000+02:00" testType="13cdc9d9-ddb5-4fa4-a97d-d965ccfc6d4b" outcome="Passed" testListId="8c84fa94-04c1-424b-9868-57a2d4851a1d" relativeResultsDirectory="fe5aff48-7518-4f29-bf53-1a280667d96f" /><UnitTestResult executionId="8054aa66-02a4-4016-8a26-e0133188796f" testId="066b4c0e-5d59-4314-84ef-2b78669476e8" testName="IsDebugEnabledIsTrueIfVerboseIsTrue" computerName="TAG009442327432" duration="00:00:00.0000001" startTime="2018-09-20T12:47:58.0000000+02:00" endTime="2018-09-20T12:47:58.0000000+02:00" testType="13cdc9d9-ddb5-4fa4-a97d-d965ccfc6d4b" outcome="Passed" testListId="8c84fa94-04c1-424b-9868-57a2d4851a1d" relativeResultsDirectory="8054aa66-02a4-4016-8a26-e0133188796f" /><UnitTestResult executionId="b37b23d0-add2-42ec-b0fb-75713c3b73de" testId="584f163d-ae82-4267-910b-524a26cf2746" testName="CaptureCrashesIsFalseWhenItIsEqualToZero" computerName="TAG009442327432" duration="00:00:00.0000001" startTime="2018-09-20T12:48:00.0000000+02:00" endTime="2018-09-20T12:48:00.0000000+02:00" testType="13cdc9d9-ddb5-4fa4-a97d-d965ccfc6d4b" outcome="Passed" testListId="8c84fa94-04c1-424b-9868-57a2d4851a1d" relativeResultsDirectory="b37b23d0-add2-42ec-b0fb-75713c3b73de" /><UnitTestResult executionId="bbec2bd3-a18f-49c2-81c8-3a94cf28d805" testId="5efcf2f9-af1d-4a9f-85a1-6261e2f0e9ca" testName="LeavingAnActionSetsTheEndSequenceNumber" computerName="TAG009442327432" duration="00:00:00.0010000" startTime="2018-09-20T12:47:57.0000000+02:00" endTime="2018-09-20T12:47:57.0000000+02:00" testType="13cdc9d9-ddb5-4fa4-a97d-d965ccfc6d4b" outcome="Passed" testListId="8c84fa94-04c1-424b-9868-57a2d4851a1d" relativeResultsDirectory="bbec2bd3-a18f-49c2-81c8-3a94cf28d805" /><UnitTestResult executionId="3d1b7001-e3a6-48fc-bf79-607f211924b2" testId="7c8b134f-e0e6-48de-84bc-6771cba50f9b" testName="ReceivingTooManyRequestsResponseDisablesCapturing" computerName="TAG009442327432" duration="00:00:00.0060000" startTime="2018-09-20T12:47:58.0000000+02:00" endTime="2018-09-20T12:47:58.0000000+02:00" testType="13cdc9d9-ddb5-4fa4-a97d-d965ccfc6d4b" outcome="Passed" testListId="8c84fa94-04c1-424b-9868-57a2d4851a1d" relativeResultsDirectory="3d1b7001-e3a6-48fc-bf79-607f211924b2" /><UnitTestResult executionId="09f06e3f-368d-4d84-a554-a74b23aead72" testId="162d2317-4e21-4ad8-bad8-826c728ae27c" testName="ReportIntValueDoesNothingIfValueNameIsNull" computerName="TAG009442327432" duration="00:00:00.0010000" startTime="2018-09-20T12:47:57.0000000+02:00" endTime="2018-09-20T12:47:57.0000000+02:00" testType="13cdc9d9-ddb5-4fa4-a97d-d965ccfc6d4b" outcome="Passed" testListId="8c84fa94-04c1-424b-9868-57a2d4851a1d" relativeResultsDirectory="09f06e3f-368d-4d84-a554-a74b23aead72" /><UnitTestResult executionId="60f46013-2eb2-447c-8ce3-812fec0bd725" testId="4d352b69-a3af-461f-a7a3-32d293136456" testName="TraceWebRequestGivesNullWebRequestTracerIfUrlIsAnEmptyString" computerName="TAG009442327432" duration="00:00:00.0010000" startTime="2018-09-20T12:47:57.0000000+02:00" endTime="2018-09-20T12:47:57.0000000+02:00" testType="13cdc9d9-ddb5-4fa4-a97d-d965ccfc6d4b" outcome="Passed" testListId="8c84fa94-04c1-424b-9868-57a2d4851a1d" relativeResultsDirectory="60f46013-2eb2-447c-8ce3-812fec0bd725" /><UnitTestResult executionId="77b37868-bdeb-471a-9caf-5232aa2f3b2c" testId="2229233f-184a-4552-b5d5-857fe2912f33" testName="NeedsDataCopyBeforeChunkingGivesFalseAfterDataHasBeenCopied" computerName="TAG009442327432" duration="00:00:00.0010000" startTime="2018-09-20T12:47:57.0000000+02:00" endTime="2018-09-20T12:47:57.0000000+02:00" testType="13cdc9d9-ddb5-4fa4-a97d-d965ccfc6d4b" outcome="Passed" testListId="8c84fa94-04c1-424b-9868-57a2d4851a1d" relativeResultsDirectory="77b37868-bdeb-471a-9caf-5232aa2f3b2c" /><UnitTestResult executionId="bf54a938-70b0-41e9-aa4a-720b1375943c" testId="65b5a037-e8a1-4b61-bbf8-260bb6e98c11" testName="GetRetryAfterReturnsDefaultValueIfValueIsNotParsableAsInteger" computerName="TAG009442327432" duration="00:00:00.0010000" startTime="2018-09-20T12:48:00.0000000+02:00" endTime="2018-09-20T12:48:00.0000000+02:00" testType="13cdc9d9-ddb5-4fa4-a97d-d965ccfc6d4b" outcome="Passed" testListId="8c84fa94-04c1-424b-9868-57a2d4851a1d" relativeResultsDirectory="bf54a938-70b0-41e9-aa4a-720b1375943c" /><UnitTestResult executionId="57dc042e-2c82-47b6-8944-ca37688ab41e" testId="9a47f1c2-52b3-4920-bf51-386b1f9f9ad9" testName="NamedEventNotReportedForDataCollectionLevel0" computerName="TAG009442327432" duration="00:00:00.0020000" startTime="2018-09-20T12:47:58.0000000+02:00" endTime="2018-09-20T12:47:58.0000000+02:00" testType="13cdc9d9-ddb5-4fa4-a97d-d965ccfc6d4b" outcome="Passed" testListId="8c84fa94-04c1-424b-9868-57a2d4851a1d" relativeResultsDirectory="57dc042e-2c82-47b6-8944-ca37688ab41e" /><UnitTestResult executionId="37a27b92-71f4-4845-b284-0adc3d42a9bf" testId="b892d6e6-55ad-4d98-aa49-0a8588d25449" testName="SleepTimeIsDoubledBetweenConsecutiveRetries" computerName="TAG009442327432" duration="00:00:00.0010000" startTime="2018-09-20T12:47:58.0000000+02:00" endTime="2018-09-20T12:47:58.0000000+02:00" testType="13cdc9d9-ddb5-4fa4-a97d-d965ccfc6d4b" outcome="Passed" testListId="8c84fa94-04c1-424b-9868-57a2d4851a1d" relativeResultsDirectory="37a27b92-71f4-4845-b284-0adc3d42a9bf" /><UnitTestResult executionId="4927f464-76cf-4ac8-947f-4d538390dfcc" testId="7594db89-595f-45c0-9db8-b3c9f8350181" testName="ParsingInvalidResponseSendTimeThrowsException" computerName="TAG009442327432" duration="00:00:00.0020000" startTime="2018-09-20T12:48:00.0000000+02:00" endTime="2018-09-20T12:48:00.0000000+02:00" testType="13cdc9d9-ddb5-4fa4-a97d-d965ccfc6d4b" outcome="Passed" testListId="8c84fa94-04c1-424b-9868-57a2d4851a1d" relativeResultsDirectory="4927f464-76cf-4ac8-947f-4d538390dfcc" /><UnitTestResult executionId="b2e6a3a5-5ea4-443c-9a49-b37f17a093c3" testId="0f6cd966-3fc6-4e1e-a833-0a9f6fb6fa76" testName="CurrentThreadIDIsReturned" computerName="TAG009442327432" duration="00:00:00.0000001" startTime="2018-09-20T12:48:00.0000000+02:00" endTime="2018-09-20T12:48:00.0000000+02:00" testType="13cdc9d9-ddb5-4fa4-a97d-d965ccfc6d4b" outcome="Passed" testListId="8c84fa94-04c1-424b-9868-57a2d4851a1d" relativeResultsDirectory="b2e6a3a5-5ea4-443c-9a49-b37f17a093c3" /><UnitTestResult executionId="2ff294c6-d198-4b2c-8d32-726746dec991" testId="bb847ebb-1108-4edb-9e79-cfd176eaee6d" testName="RemoveOldestRecordsRemovesEventDataIfActionDataIsEmpty" computerName="TAG009442327432" duration="00:00:00.0010000" startTime="2018-09-20T12:47:57.0000000+02:00" endTime="2018-09-20T12:47:57.0000000+02:00" testType="13cdc9d9-ddb5-4fa4-a97d-d965ccfc6d4b" outcome="Passed" testListId="8c84fa94-04c1-424b-9868-57a2d4851a1d" relativeResultsDirectory="2ff294c6-d198-4b2c-8d32-726746dec991" /><UnitTestResult executionId="6d619e5c-03d0-4f1f-9f45-f1b4bdcc2fe2" testId="c0dc9930-e506-4bb9-a507-ba785fb72ee0" testName="ANewlyCreatedSessionIsNotEnded" computerName="TAG009442327432" duration="00:00:00.0010000" startTime="2018-09-20T12:47:58.0000000+02:00" endTime="2018-09-20T12:47:58.0000000+02:00" testType="13cdc9d9-ddb5-4fa4-a97d-d965ccfc6d4b" outcome="Passed" testListId="8c84fa94-04c1-424b-9868-57a2d4851a1d" relativeResultsDirectory="6d619e5c-03d0-4f1f-9f45-f1b4bdcc2fe2" /><UnitTestResult executionId="9e218013-f77f-4749-8eda-d31ea4111b48" testId="643c9aaf-cd2d-4493-a11c-495f0c8a52f5" testName="CannotAddSentBytesWithInvalidValueSmallerZeroToWebRequestTracer" computerName="TAG009442327432" duration="00:00:00.0010000" startTime="2018-09-20T12:47:58.0000000+02:00" endTime="2018-09-20T12:47:58.0000000+02:00" testType="13cdc9d9-ddb5-4fa4-a97d-d965ccfc6d4b" outcome="Passed" testListId="8c84fa94-04c1-424b-9868-57a2d4851a1d" relativeResultsDirectory="9e218013-f77f-4749-8eda-d31ea4111b48" /><UnitTestResult executionId="bffccdf2-ca27-4e97-86f2-01c32bf02f75" testId="e8c39f96-b1cc-429e-af85-8f91f3f94922" testName="ToStringReturnStateName" computerName="TAG009442327432" duration="00:00:00.0010000" startTime="2018-09-20T12:47:58.0000000+02:00" endTime="2018-09-20T12:47:58.0000000+02:00" testType="13cdc9d9-ddb5-4fa4-a97d-d965ccfc6d4b" outcome="Passed" testListId="8c84fa94-04c1-424b-9868-57a2d4851a1d" relativeResultsDirectory="bffccdf2-ca27-4e97-86f2-01c32bf02f75" /><UnitTestResult executionId="6a054298-2586-4c94-b11d-eb36bd525e70" testId="cf4f054b-c6e4-4fac-b4d3-4e0b02a3ec3b" testName="LastRuntimeStampIsAdjustedDuringFirstExecution" computerName="TAG009442327432" duration="00:00:00.0010000" startTime="2018-09-20T12:47:57.0000000+02:00" endTime="2018-09-20T12:47:57.0000000+02:00" testType="13cdc9d9-ddb5-4fa4-a97d-d965ccfc6d4b" outcome="Passed" testListId="8c84fa94-04c1-424b-9868-57a2d4851a1d" relativeResultsDirectory="6a054298-2586-4c94-b11d-eb36bd525e70" /><UnitTestResult executionId="104d01c4-f4f7-4d67-93b9-3c62fd303a96" testId="c0cb0309-8c5c-4530-9037-6cb9885bcf43" testName="ByDefaultTheSessionIsNotFinished" computerName="TAG009442327432" duration="00:00:00.0000001" startTime="2018-09-20T12:47:58.0000000+02:00" endTime="2018-09-20T12:47:58.0000000+02:00" testType="13cdc9d9-ddb5-4fa4-a97d-d965ccfc6d4b" outcome="Passed" testListId="8c84fa94-04c1-424b-9868-57a2d4851a1d" relativeResultsDirectory="104d01c4-f4f7-4d67-93b9-3c62fd303a96" /><UnitTestResult executionId="903e65c1-a277-4cd6-9a71-4de0e8655071" testId="ac083a3a-9294-404f-8352-79566f23c3e3" testName="ReportDoubleValueDoesNothingIfValueNameIsAnEmptyString" computerName="TAG009442327432" duration="00:00:00.0060000" startTime="2018-09-20T12:47:57.0000000+02:00" endTime="2018-09-20T12:47:57.0000000+02:00" testType="13cdc9d9-ddb5-4fa4-a97d-d965ccfc6d4b" outcome="Passed" testListId="8c84fa94-04c1-424b-9868-57a2d4851a1d" relativeResultsDirectory="903e65c1-a277-4cd6-9a71-4de0e8655071" /><UnitTestResult executionId="89e28ddb-67d4-4735-ab55-dcadd1927591" testId="17bfde3d-aab0-4e16-8778-3007e0c9b2a5" testName="IpV6AddressValid_RFCExample" computerName="TAG009442327432" duration="00:00:00.0000001" startTime="2018-09-20T12:47:58.0000000+02:00" endTime="2018-09-20T12:47:58.0000000+02:00" testType="13cdc9d9-ddb5-4fa4-a97d-d965ccfc6d4b" outcome="Passed" testListId="8c84fa94-04c1-424b-9868-57a2d4851a1d" relativeResultsDirectory="89e28ddb-67d4-4735-ab55-dcadd1927591" /><UnitTestResult executionId="b9a12767-da99-4b7f-b02b-ec3ac26338dd" testId="d1fc86d3-1b0f-4d8e-b04b-fa4a6e9a2803" testName="IsTooManyRequestsResponseReturnsFalseIfResponseCodeIsNotEqualToTooManyRequestsCode" computerName="TAG009442327432" duration="00:00:00.0000001" startTime="2018-09-20T12:47:58.0000000+02:00" endTime="2018-09-20T12:47:58.0000000+02:00" testType="13cdc9d9-ddb5-4fa4-a97d-d965ccfc6d4b" outcome="Passed" testListId="8c84fa94-04c1-424b-9868-57a2d4851a1d" relativeResultsDirectory="b9a12767-da99-4b7f-b02b-ec3ac26338dd" /><UnitTestResult executionId="86531a0f-9086-4d7d-afd7-6892a756c15b" testId="c4c6101a-c2fc-4bdb-933d-a36ef42df815" testName="GetSessionReturnsWrappedSession" computerName="TAG009442327432" duration="00:00:00.0000001" startTime="2018-09-20T12:47:58.0000000+02:00" endTime="2018-09-20T12:47:58.0000000+02:00" testType="13cdc9d9-ddb5-4fa4-a97d-d965ccfc6d4b" outcome="Passed" testListId="8c84fa94-04c1-424b-9868-57a2d4851a1d" relativeResultsDirectory="86531a0f-9086-4d7d-afd7-6892a756c15b" /><UnitTestResult executionId="b96c18f1-a027-4f14-b39f-1942f540613a" testId="b3660568-4a92-4a39-bfc5-3fde4c44c307" testName="HeadersAreSet" computerName="TAG009442327432" duration="00:00:00.0010000" startTime="2018-09-20T12:48:00.0000000+02:00" endTime="2018-09-20T12:48:00.0000000+02:00" testType="13cdc9d9-ddb5-4fa4-a97d-d965ccfc6d4b" outcome="Passed" testListId="8c84fa94-04c1-424b-9868-57a2d4851a1d" relativeResultsDirectory="b96c18f1-a027-4f14-b39f-1942f540613a" /><UnitTestResult executionId="5d11a88f-e6e3-47af-82ea-d17beb2fc085" testId="11152813-688b-4afd-bc09-ec2420d74888" testName="CaptureErrorsIsTrueWhenItIsNotEqualToZero" computerName="TAG009442327432" duration="00:00:00.0010000" startTime="2018-09-20T12:48:00.0000000+02:00" endTime="2018-09-20T12:48:00.0000000+02:00" testType="13cdc9d9-ddb5-4fa4-a97d-d965ccfc6d4b" outcome="Passed" testListId="8c84fa94-04c1-424b-9868-57a2d4851a1d" relativeResultsDirectory="5d11a88f-e6e3-47af-82ea-d17beb2fc085" /><UnitTestResult executionId="870523c1-71fa-41cd-8cf0-8d753133fe4d" testId="5e6e2587-d2d9-4e20-8bdc-650afe15b8cf" testName="DeleteCacheEntriesDoesNothingIfGivenBeaconIDIsNotInCache" computerName="TAG009442327432" duration="00:00:00.0010000" startTime="2018-09-20T12:47:57.0000000+02:00" endTime="2018-09-20T12:47:57.0000000+02:00" testType="13cdc9d9-ddb5-4fa4-a97d-d965ccfc6d4b" outcome="Passed" testListId="8c84fa94-04c1-424b-9868-57a2d4851a1d" relativeResultsDirectory="870523c1-71fa-41cd-8cf0-8d753133fe4d" /><UnitTestResult executionId="3a5d856e-32d5-4cc1-874b-141bd9760f4b" testId="06094e7b-9d2c-46eb-b661-edae48648689" testName="TheStrategyIsNotDisabledIFMaxRecordAgeIsGreaterThanZero" computerName="TAG009442327432" duration="00:00:00.0000001" startTime="2018-09-20T12:47:57.0000000+02:00" endTime="2018-09-20T12:47:57.0000000+02:00" testType="13cdc9d9-ddb5-4fa4-a97d-d965ccfc6d4b" outcome="Passed" testListId="8c84fa94-04c1-424b-9868-57a2d4851a1d" relativeResultsDirectory="3a5d856e-32d5-4cc1-874b-141bd9760f4b" /><UnitTestResult executionId="dd80c396-662f-4e7f-82fb-b34111bae8d7" testId="37b66960-4112-434f-acc7-65fb134c25e8" testName="WarningLogsAppropriateMessage" computerName="TAG009442327432" duration="00:00:00.0010000" startTime="2018-09-20T12:47:58.0000000+02:00" endTime="2018-09-20T12:47:58.0000000+02:00" testType="13cdc9d9-ddb5-4fa4-a97d-d965ccfc6d4b" outcome="Passed" testListId="8c84fa94-04c1-424b-9868-57a2d4851a1d" relativeResultsDirectory="dd80c396-662f-4e7f-82fb-b34111bae8d7" /><UnitTestResult executionId="d0adf4d7-ad4e-40ed-aea2-a2c436c34f27" testId="3daae409-ab62-4f38-9c71-c89e8f58df8a" testName="DefaultMonitorNameIsNull" computerName="TAG009442327432" duration="00:00:00.0010000" startTime="2018-09-20T12:48:00.0000000+02:00" endTime="2018-09-20T12:48:00.0000000+02:00" testType="13cdc9d9-ddb5-4fa4-a97d-d965ccfc6d4b" outcome="Passed" testListId="8c84fa94-04c1-424b-9868-57a2d4851a1d" relativeResultsDirectory="d0adf4d7-ad4e-40ed-aea2-a2c436c34f27" /><UnitTestResult executionId="99748aa3-14f5-47d0-a98d-f1f33a509f39" testId="3e6a6863-61cd-4cc8-9f1c-6c6fd5c6544d" testName="TransitionToTimeSyncIsPerformedIfNotDoneYet" computerName="TAG009442327432" duration="00:00:00.0110000" startTime="2018-09-20T12:47:57.0000000+02:00" endTime="2018-09-20T12:47:58.0000000+02:00" testType="13cdc9d9-ddb5-4fa4-a97d-d965ccfc6d4b" outcome="Passed" testListId="8c84fa94-04c1-424b-9868-57a2d4851a1d" relativeResultsDirectory="99748aa3-14f5-47d0-a98d-f1f33a509f39" /><UnitTestResult executionId="4e0b9a11-c6f8-41e2-970b-f8edf3e6cfad" testId="bddc3bb5-14e5-4372-b329-ee6e65040457" testName="GetTag" computerName="TAG009442327432" duration="00:00:00.0010000" startTime="2018-09-20T12:47:58.0000000+02:00" endTime="2018-09-20T12:47:58.0000000+02:00" testType="13cdc9d9-ddb5-4fa4-a97d-d965ccfc6d4b" outcome="Passed" testListId="8c84fa94-04c1-424b-9868-57a2d4851a1d" relativeResultsDirectory="4e0b9a11-c6f8-41e2-970b-f8edf3e6cfad" /><UnitTestResult executionId="0a9f24d3-0932-4822-ab56-366110fea9e2" testId="5bac88ef-fcf7-4703-9fe4-dbdd419c264b" testName="RemoveChunkedDataDoesNothingIfCalledWithNonExistingBeaconID" computerName="TAG009442327432" duration="00:00:00.0010000" startTime="2018-09-20T12:47:57.0000000+02:00" endTime="2018-09-20T12:47:57.0000000+02:00" testType="13cdc9d9-ddb5-4fa4-a97d-d965ccfc6d4b" outcome="Passed" testListId="8c84fa94-04c1-424b-9868-57a2d4851a1d" relativeResultsDirectory="0a9f24d3-0932-4822-ab56-366110fea9e2" /><UnitTestResult executionId="0ff47cb4-9f5c-4c1f-a27d-ddf37220137c" testId="85563c5a-b6d6-4c6c-9228-b4e969089985" testName="EnterActionGivesNullActionIfActionNameIsNull" computerName="TAG009442327432" duration="00:00:00.0010000" startTime="2018-09-20T12:47:58.0000000+02:00" endTime="2018-09-20T12:47:58.0000000+02:00" testType="13cdc9d9-ddb5-4fa4-a97d-d965ccfc6d4b" outcome="Passed" testListId="8c84fa94-04c1-424b-9868-57a2d4851a1d" relativeResultsDirectory="0ff47cb4-9f5c-4c1f-a27d-ddf37220137c" /><UnitTestResult executionId="3a8da6e6-d8bc-4e65-ba43-329c45422641" testId="3b5e2fc9-3982-498a-a481-7fc8535a987c" testName="OddNumberOfTokensThrowsException" computerName="TAG009442327432" duration="00:00:00.0010000" startTime="2018-09-20T12:48:00.0000000+02:00" endTime="2018-09-20T12:48:00.0000000+02:00" testType="13cdc9d9-ddb5-4fa4-a97d-d965ccfc6d4b" outcome="Passed" testListId="8c84fa94-04c1-424b-9868-57a2d4851a1d" relativeResultsDirectory="3a8da6e6-d8bc-4e65-ba43-329c45422641" /><UnitTestResult executionId="a109f89c-06c9-498f-82fb-03cc9ae56c21" testId="351de08d-bae1-4d94-8c8a-9132a502c1f6" testName="NoErrorIsReportedIfBeaconConfigurationDisablesCapturing" computerName="TAG009442327432" duration="00:00:00.0010000" startTime="2018-09-20T12:47:58.0000000+02:00" endTime="2018-09-20T12:47:58.0000000+02:00" testType="13cdc9d9-ddb5-4fa4-a97d-d965ccfc6d4b" outcome="Passed" testListId="8c84fa94-04c1-424b-9868-57a2d4851a1d" relativeResultsDirectory="a109f89c-06c9-498f-82fb-03cc9ae56c21" /><UnitTestResult executionId="3056d305-f6a8-48b6-a9f4-3349f53ae1c5" testId="5455821e-573a-444f-a67b-28eaede70586" testName="ReportDoubleValue" computerName="TAG009442327432" duration="00:00:00.0020000" startTime="2018-09-20T12:47:57.0000000+02:00" endTime="2018-09-20T12:47:57.0000000+02:00" testType="13cdc9d9-ddb5-4fa4-a97d-d965ccfc6d4b" outcome="Passed" testListId="8c84fa94-04c1-424b-9868-57a2d4851a1d" relativeResultsDirectory="3056d305-f6a8-48b6-a9f4-3349f53ae1c5" /><UnitTestResult executionId="a87635f4-c991-46cc-9ad3-16085c978506" testId="8ca67b9a-cf8d-4bba-9485-5bf81a515c9a" testName="SetResponseCodeDoesNotSetTheResponseCodeIfStopped" computerName="TAG009442327432" duration="00:00:00.0010000" startTime="2018-09-20T12:47:58.0000000+02:00" endTime="2018-09-20T12:47:58.0000000+02:00" testType="13cdc9d9-ddb5-4fa4-a97d-d965ccfc6d4b" outcome="Passed" testListId="8c84fa94-04c1-424b-9868-57a2d4851a1d" relativeResultsDirectory="a87635f4-c991-46cc-9ad3-16085c978506" /><UnitTestResult executionId="aeb9b5fb-ae6f-4352-832e-110ed92c66d3" testId="253d6a33-b1c6-4b54-a8ef-5cbe31a44844" testName="IpV6AddressMixedNotationInvalid_Compressed3Colon" computerName="TAG009442327432" duration="00:00:00.0000001" startTime="2018-09-20T12:47:58.0000000+02:00" endTime="2018-09-20T12:47:58.0000000+02:00" testType="13cdc9d9-ddb5-4fa4-a97d-d965ccfc6d4b" outcome="Passed" testListId="8c84fa94-04c1-424b-9868-57a2d4851a1d" relativeResultsDirectory="aeb9b5fb-ae6f-4352-832e-110ed92c66d3" /><UnitTestResult executionId="891ea9f3-07b1-498a-9f7f-91dba06d9726" testId="6d95f517-1a85-463b-a34c-a341476e991e" testName="StatusRequestIsRetried" computerName="TAG009442327432" duration="00:00:00.0010000" startTime="2018-09-20T12:47:58.0000000+02:00" endTime="2018-09-20T12:47:58.0000000+02:00" testType="13cdc9d9-ddb5-4fa4-a97d-d965ccfc6d4b" outcome="Passed" testListId="8c84fa94-04c1-424b-9868-57a2d4851a1d" relativeResultsDirectory="891ea9f3-07b1-498a-9f7f-91dba06d9726" /><UnitTestResult executionId="6b273fc5-d632-4a05-b59d-97b021a18ecc" testId="48a75a84-97da-4cdb-9dc9-b6a003a1c255" testName="TheInitialLastRunTimestampIsMinusOne" computerName="TAG009442327432" duration="00:00:00.0000001" startTime="2018-09-20T12:47:57.0000000+02:00" endTime="2018-09-20T12:47:57.0000000+02:00" testType="13cdc9d9-ddb5-4fa4-a97d-d965ccfc6d4b" outcome="Passed" testListId="8c84fa94-04c1-424b-9868-57a2d4851a1d" relativeResultsDirectory="6b273fc5-d632-4a05-b59d-97b021a18ecc" /><UnitTestResult executionId="6ff5f7b9-7427-4afd-909b-06341c7051ff" testId="8a1fbf68-973f-4338-aa79-c3ff4417099e" testName="TheStrategyIsDisabledIfCacheSizeLowerBoundIsLessThanZero" computerName="TAG009442327432" duration="00:00:00.0000001" startTime="2018-09-20T12:47:57.0000000+02:00" endTime="2018-09-20T12:47:57.0000000+02:00" testType="13cdc9d9-ddb5-4fa4-a97d-d965ccfc6d4b" outcome="Passed" testListId="8c84fa94-04c1-424b-9868-57a2d4851a1d" relativeResultsDirectory="6ff5f7b9-7427-4afd-909b-06341c7051ff" /><UnitTestResult executionId="c1e644b8-9422-4116-aaa4-06d77623cbb9" testId="89c2bb8a-3f8b-40cb-a5e0-86a82cf61640" testName="SendStatusRequestSendsOneHTTPGetRequest" computerName="TAG009442327432" duration="00:00:00.0010000" startTime="2018-09-20T12:47:59.0000000+02:00" endTime="2018-09-20T12:47:59.0000000+02:00" testType="13cdc9d9-ddb5-4fa4-a97d-d965ccfc6d4b" outcome="Passed" testListId="8c84fa94-04c1-424b-9868-57a2d4851a1d" relativeResultsDirectory="c1e644b8-9422-4116-aaa4-06d77623cbb9" /><UnitTestResult executionId="187ab03c-037a-4237-82d4-a9a45530c680" testId="2c9cbfae-9948-4b79-ba3a-00976fa50111" testName="GetMultiplicityReturnsMultiplicitySetInConstructor" computerName="TAG009442327432" duration="00:00:00.0000001" startTime="2018-09-20T12:47:58.0000000+02:00" endTime="2018-09-20T12:47:58.0000000+02:00" testType="13cdc9d9-ddb5-4fa4-a97d-d965ccfc6d4b" outcome="Passed" testListId="8c84fa94-04c1-424b-9868-57a2d4851a1d" relativeResultsDirectory="187ab03c-037a-4237-82d4-a9a45530c680" /><UnitTestResult executionId="4d54d2ac-9ccd-4824-bc2a-c1e36c8c7b2c" testId="00d632ef-95a5-4da1-b345-d6b055e039ee" testName="ClearDataClearsActionAndEventData" computerName="TAG009442327432" duration="00:00:00.0010000" startTime="2018-09-20T12:47:58.0000000+02:00" endTime="2018-09-20T12:47:58.0000000+02:00" testType="13cdc9d9-ddb5-4fa4-a97d-d965ccfc6d4b" outcome="Passed" testListId="8c84fa94-04c1-424b-9868-57a2d4851a1d" relativeResultsDirectory="4d54d2ac-9ccd-4824-bc2a-c1e36c8c7b2c" /><UnitTestResult executionId="10c464cd-b193-42de-8430-1b279de281e0" testId="792ad89a-3d61-4510-88d0-f5cb160391df" testName="CacheSizeUpperBound" computerName="TAG009442327432" duration="00:00:00.0000001" startTime="2018-09-20T12:47:58.0000000+02:00" endTime="2018-09-20T12:47:58.0000000+02:00" testType="13cdc9d9-ddb5-4fa4-a97d-d965ccfc6d4b" outcome="Passed" testListId="8c84fa94-04c1-424b-9868-57a2d4851a1d" relativeResultsDirectory="10c464cd-b193-42de-8430-1b279de281e0" /><UnitTestResult executionId="0c6e6748-32cb-4468-8e18-ee7af74c09ef" testId="ae5e322c-b66a-455d-922c-029c9fcd035a" testName="SessionStartIsReportedForDataCollectionLevel0" computerName="TAG009442327432" duration="00:00:00.0010000" startTime="2018-09-20T12:47:58.0000000+02:00" endTime="2018-09-20T12:47:58.0000000+02:00" testType="13cdc9d9-ddb5-4fa4-a97d-d965ccfc6d4b" outcome="Passed" testListId="8c84fa94-04c1-424b-9868-57a2d4851a1d" relativeResultsDirectory="0c6e6748-32cb-4468-8e18-ee7af74c09ef" /><UnitTestResult executionId="2877f0c2-73a4-406f-bfc8-ad9cbabf71d3" testId="717002c9-23eb-4fbf-9be0-2913c104aef8" testName="IsSuccessfulResponseReturnsFalseIfResponseIsErroneous" computerName="TAG009442327432" duration="00:00:00.0000001" startTime="2018-09-20T12:47:58.0000000+02:00" endTime="2018-09-20T12:47:58.0000000+02:00" testType="13cdc9d9-ddb5-4fa4-a97d-d965ccfc6d4b" outcome="Passed" testListId="8c84fa94-04c1-424b-9868-57a2d4851a1d" relativeResultsDirectory="2877f0c2-73a4-406f-bfc8-ad9cbabf71d3" /><UnitTestResult executionId="211ecb8b-f1e3-4347-bc27-e01e081f368f" testId="5eb82770-2200-4c18-a977-700d4ccbcc7b" testName="IpV6AddressMixedNotationIsValidStartingWithDoubleColon" computerName="TAG009442327432" duration="00:00:00.0000001" startTime="2018-09-20T12:47:58.0000000+02:00" endTime="2018-09-20T12:47:58.0000000+02:00" testType="13cdc9d9-ddb5-4fa4-a97d-d965ccfc6d4b" outcome="Passed" testListId="8c84fa94-04c1-424b-9868-57a2d4851a1d" relativeResultsDirectory="211ecb8b-f1e3-4347-bc27-e01e081f368f" /><UnitTestResult executionId="9f842743-44b4-42cd-8d30-5cdf84e46a2e" testId="bd1217c6-d017-4526-8b02-998c198ccd5e" testName="SendBeaconRequestWorksIfResponseIsNull" computerName="TAG009442327432" duration="00:00:00.0010000" startTime="2018-09-20T12:47:58.0000000+02:00" endTime="2018-09-20T12:47:58.0000000+02:00" testType="13cdc9d9-ddb5-4fa4-a97d-d965ccfc6d4b" outcome="Passed" testListId="8c84fa94-04c1-424b-9868-57a2d4851a1d" relativeResultsDirectory="9f842743-44b4-42cd-8d30-5cdf84e46a2e" /><UnitTestResult executionId="424419c4-155b-474c-8943-072c86e22c69" testId="46be68b2-c124-40ea-8f3f-7be441c31092" testName="SessionStartIsReported" computerName="TAG009442327432" duration="00:00:00.0000001" startTime="2018-09-20T12:47:58.0000000+02:00" endTime="2018-09-20T12:47:58.0000000+02:00" testType="13cdc9d9-ddb5-4fa4-a97d-d965ccfc6d4b" outcome="Passed" testListId="8c84fa94-04c1-424b-9868-57a2d4851a1d" relativeResultsDirectory="424419c4-155b-474c-8943-072c86e22c69" /><UnitTestResult executionId="255c1726-a578-4ebd-b1c6-228457ecf2a9" testId="8334f704-3f0d-427b-8871-dfc394a94d53" testName="CanSetModelIDForAppMon" computerName="TAG009442327432" duration="00:00:00.0000001" startTime="2018-09-20T12:47:58.0000000+02:00" endTime="2018-09-20T12:47:58.0000000+02:00" testType="13cdc9d9-ddb5-4fa4-a97d-d965ccfc6d4b" outcome="Passed" testListId="8c84fa94-04c1-424b-9868-57a2d4851a1d" relativeResultsDirectory="255c1726-a578-4ebd-b1c6-228457ecf2a9" /><UnitTestResult executionId="ce718e14-c196-4235-a569-99c3e0789d2b" testId="5356cc7b-7260-4ea2-adc9-42fca677f09d" testName="CanSetAppNameForDynatrace" computerName="TAG009442327432" duration="00:00:00.0000001" startTime="2018-09-20T12:47:58.0000000+02:00" endTime="2018-09-20T12:47:58.0000000+02:00" testType="13cdc9d9-ddb5-4fa4-a97d-d965ccfc6d4b" outcome="Passed" testListId="8c84fa94-04c1-424b-9868-57a2d4851a1d" relativeResultsDirectory="ce718e14-c196-4235-a569-99c3e0789d2b" /><UnitTestResult executionId="c6c6f4f2-0dae-4f0b-aa77-41b38e58fa31" testId="299431d0-8059-4e63-bdcc-00310ff75260" testName="AmpersandIsNotAValidKeyValueSeparator" computerName="TAG009442327432" duration="00:00:00.0070000" startTime="2018-09-20T12:48:00.0000000+02:00" endTime="2018-09-20T12:48:00.0000000+02:00" testType="13cdc9d9-ddb5-4fa4-a97d-d965ccfc6d4b" outcome="Passed" testListId="8c84fa94-04c1-424b-9868-57a2d4851a1d" relativeResultsDirectory="c6c6f4f2-0dae-4f0b-aa77-41b38e58fa31" /><UnitTestResult executionId="b3a9c169-772f-4ee6-823c-be7d5fb70d3c" testId="6437a71f-8bb3-45b8-b224-67b8711d1fd5" testName="IsWarnEnabledIsTrueIfVerboseIsFalse" computerName="TAG009442327432" duration="00:00:00.0000001" startTime="2018-09-20T12:47:58.0000000+02:00" endTime="2018-09-20T12:47:58.0000000+02:00" testType="13cdc9d9-ddb5-4fa4-a97d-d965ccfc6d4b" outcome="Passed" testListId="8c84fa94-04c1-424b-9868-57a2d4851a1d" relativeResultsDirectory="b3a9c169-772f-4ee6-823c-be7d5fb70d3c" /><UnitTestResult executionId="c84e4dd5-b303-42c6-9b31-48b4402d9521" testId="ac52b544-bf37-4739-be80-53a979a5e983" testName="IpV4AddressIsInvalidDueToAdditionalCharacterInFirstBlock" computerName="TAG009442327432" duration="00:00:00.0000001" startTime="2018-09-20T12:47:58.0000000+02:00" endTime="2018-09-20T12:47:58.0000000+02:00" testType="13cdc9d9-ddb5-4fa4-a97d-d965ccfc6d4b" outcome="Passed" testListId="8c84fa94-04c1-424b-9868-57a2d4851a1d" relativeResultsDirectory="c84e4dd5-b303-42c6-9b31-48b4402d9521" /><UnitTestResult executionId="8629d7e4-1d7e-4175-a591-f964126f6f8e" testId="92e83583-9e73-4965-ab61-bc4764ab3a77" testName="CanAddSentBytesToWebRequestTracer" computerName="TAG009442327432" duration="00:00:00.0010000" startTime="2018-09-20T12:47:58.0000000+02:00" endTime="2018-09-20T12:47:58.0000000+02:00" testType="13cdc9d9-ddb5-4fa4-a97d-d965ccfc6d4b" outcome="Passed" testListId="8c84fa94-04c1-424b-9868-57a2d4851a1d" relativeResultsDirectory="8629d7e4-1d7e-4175-a591-f964126f6f8e" /><UnitTestResult executionId="bad8a11a-71c0-4838-a633-1495fe84eb68" testId="edbb67d3-e978-4c97-a9b9-94eb5e06cbd2" testName="TheStrategyIsDisabledIfCacheSizeLowerBoundIsEqualToZero" computerName="TAG009442327432" duration="00:00:00.0000001" startTime="2018-09-20T12:47:57.0000000+02:00" endTime="2018-09-20T12:47:57.0000000+02:00" testType="13cdc9d9-ddb5-4fa4-a97d-d965ccfc6d4b" outcome="Passed" testListId="8c84fa94-04c1-424b-9868-57a2d4851a1d" relativeResultsDirectory="bad8a11a-71c0-4838-a633-1495fe84eb68" /><UnitTestResult executionId="a30842ce-7146-4225-b8c9-a85a503f49ac" testId="7e149670-7607-41cb-b283-a8dadc303bb5" testName="AfterLeavingAnActionItIsLeft" computerName="TAG009442327432" duration="00:00:00.1670000" startTime="2018-09-20T12:47:57.0000000+02:00" endTime="2018-09-20T12:47:57.0000000+02:00" testType="13cdc9d9-ddb5-4fa4-a97d-d965ccfc6d4b" outcome="Passed" testListId="8c84fa94-04c1-424b-9868-57a2d4851a1d" relativeResultsDirectory="a30842ce-7146-4225-b8c9-a85a503f49ac" /><UnitTestResult executionId="b49d98a8-2eb4-4625-a59f-e4bbeeb1dba8" testId="460344f7-c041-49b1-bb67-781c92efd4c2" testName="IsErroneousResponseGivesTrueForErrorCodeEqualTo400" computerName="TAG009442327432" duration="00:00:00.0000001" startTime="2018-09-20T12:48:00.0000000+02:00" endTime="2018-09-20T12:48:00.0000000+02:00" testType="13cdc9d9-ddb5-4fa4-a97d-d965ccfc6d4b" outcome="Passed" testListId="8c84fa94-04c1-424b-9868-57a2d4851a1d" relativeResultsDirectory="b49d98a8-2eb4-4625-a59f-e4bbeeb1dba8" /><UnitTestResult executionId="b1ee488c-f757-4738-aefe-73338f08ba8e" testId="54d7b7e9-6fbf-4e77-bab5-f85ed3d02174" testName="ParsingMultiplictyWorks" computerName="TAG009442327432" duration="00:00:00.0010000" startTime="2018-09-20T12:48:00.0000000+02:00" endTime="2018-09-20T12:48:00.0000000+02:00" testType="13cdc9d9-ddb5-4fa4-a97d-d965ccfc6d4b" outcome="Passed" testListId="8c84fa94-04c1-424b-9868-57a2d4851a1d" relativeResultsDirectory="b1ee488c-f757-4738-aefe-73338f08ba8e" /><UnitTestResult executionId="8541b4fc-2de8-4934-9b41-0dc67c233ff6" testId="fd005957-bf8a-40ed-977d-2d9052cce7cf" testName="AddActionDataIncreasesCacheSize" computerName="TAG009442327432" duration="00:00:00.0010000" startTime="2018-09-20T12:47:57.0000000+02:00" endTime="2018-09-20T12:47:57.0000000+02:00" testType="13cdc9d9-ddb5-4fa4-a97d-d965ccfc6d4b" outcome="Passed" testListId="8c84fa94-04c1-424b-9868-57a2d4851a1d" relativeResultsDirectory="8541b4fc-2de8-4934-9b41-0dc67c233ff6" /><UnitTestResult executionId="7f2c7446-2f1f-409b-8ded-f2b47c7b1533" testId="a3f251f9-6a29-42a1-957e-44f7ac674a9d" testName="ParsingInvalidSendIntervalThrowsException" computerName="TAG009442327432" duration="00:00:00.0020000" startTime="2018-09-20T12:48:00.0000000+02:00" endTime="2018-09-20T12:48:00.0000000+02:00" testType="13cdc9d9-ddb5-4fa4-a97d-d965ccfc6d4b" outcome="Passed" testListId="8c84fa94-04c1-424b-9868-57a2d4851a1d" relativeResultsDirectory="7f2c7446-2f1f-409b-8ded-f2b47c7b1533" /><UnitTestResult executionId="a109febf-62b2-4ccd-9fbe-9b5d9a5b3763" testId="7363a5dd-531e-4d7e-aea5-1b710bbe1915" testName="ReportCrashDoesNothingIfSessionIsEnded" computerName="TAG009442327432" duration="00:00:00.0010000" startTime="2018-09-20T12:47:58.0000000+02:00" endTime="2018-09-20T12:47:58.0000000+02:00" testType="13cdc9d9-ddb5-4fa4-a97d-d965ccfc6d4b" outcome="Passed" testListId="8c84fa94-04c1-424b-9868-57a2d4851a1d" relativeResultsDirectory="a109febf-62b2-4ccd-9fbe-9b5d9a5b3763" /><UnitTestResult executionId="b4f98083-7569-41ad-b07a-2d98ca0c3647" testId="8812eba7-8851-4eef-a545-943b8184612b" testName="IpV6AddressLinkLocalIsInvalidTooManyBlocks" computerName="TAG009442327432" duration="00:00:00.0000001" startTime="2018-09-20T12:47:58.0000000+02:00" endTime="2018-09-20T12:47:58.0000000+02:00" testType="13cdc9d9-ddb5-4fa4-a97d-d965ccfc6d4b" outcome="Passed" testListId="8c84fa94-04c1-424b-9868-57a2d4851a1d" relativeResultsDirectory="b4f98083-7569-41ad-b07a-2d98ca0c3647" /><UnitTestResult executionId="5e20cf6f-8136-4ba5-88d0-72d2b2a98f41" testId="c7bdfe73-c8e6-4b5b-9303-aee09afa8234" testName="CanSetApplicationVersionForDynatrace" computerName="TAG009442327432" duration="00:00:00.0000001" startTime="2018-09-20T12:47:58.0000000+02:00" endTime="2018-09-20T12:47:58.0000000+02:00" testType="13cdc9d9-ddb5-4fa4-a97d-d965ccfc6d4b" outcome="Passed" testListId="8c84fa94-04c1-424b-9868-57a2d4851a1d" relativeResultsDirectory="5e20cf6f-8136-4ba5-88d0-72d2b2a98f41" /><UnitTestResult executionId="1c36b6f9-f409-4437-9f1f-bf803ee40a4b" testId="a6c47670-888e-4827-ae3e-3671c168cb1c" testName="SendNewSessionRequestWorksIfResponseIsNull" computerName="TAG009442327432" duration="00:00:00.0010000" startTime="2018-09-20T12:47:59.0000000+02:00" endTime="2018-09-20T12:47:59.0000000+02:00" testType="13cdc9d9-ddb5-4fa4-a97d-d965ccfc6d4b" outcome="Passed" testListId="8c84fa94-04c1-424b-9868-57a2d4851a1d" relativeResultsDirectory="1c36b6f9-f409-4437-9f1f-bf803ee40a4b" /><UnitTestResult executionId="20c90e75-031b-4f3f-a6aa-6e047688ce75" testId="98bfa827-3086-40f5-83fd-f7e7b8e3106e" testName="SetBytesSentDoesNotSetAnythingIfStopped" computerName="TAG009442327432" duration="00:00:00.0010000" startTime="2018-09-20T12:47:58.0000000+02:00" endTime="2018-09-20T12:47:58.0000000+02:00" testType="13cdc9d9-ddb5-4fa4-a97d-d965ccfc6d4b" outcome="Passed" testListId="8c84fa94-04c1-424b-9868-57a2d4851a1d" relativeResultsDirectory="20c90e75-031b-4f3f-a6aa-6e047688ce75" /><UnitTestResult executionId="51aefd25-a584-4152-8d2b-539303fe6a08" testId="c02e9136-cd5e-4ef1-af42-c393e0228804" testName="DynatraceOpenKitBuilderTakesStringDeviceID" computerName="TAG009442327432" duration="00:00:00.0000001" startTime="2018-09-20T12:47:58.0000000+02:00" endTime="2018-09-20T12:47:58.0000000+02:00" testType="13cdc9d9-ddb5-4fa4-a97d-d965ccfc6d4b" outcome="Passed" testListId="8c84fa94-04c1-424b-9868-57a2d4851a1d" relativeResultsDirectory="51aefd25-a584-4152-8d2b-539303fe6a08" /><UnitTestResult executionId="cdf0bc05-5308-4903-8cb0-b7cb9e7e8a6a" testId="3b57f9f4-cefa-4b12-a745-ee918359d17b" testName="TraceWebRequestGivesNullWebRequestTracerIfUrlIsNull" computerName="TAG009442327432" duration="00:00:00.0010000" startTime="2018-09-20T12:47:57.0000000+02:00" endTime="2018-09-20T12:47:57.0000000+02:00" testType="13cdc9d9-ddb5-4fa4-a97d-d965ccfc6d4b" outcome="Passed" testListId="8c84fa94-04c1-424b-9868-57a2d4851a1d" relativeResultsDirectory="cdf0bc05-5308-4903-8cb0-b7cb9e7e8a6a" /><UnitTestResult executionId="cd0e6f0e-4628-4f87-9151-509d87dda2b6" testId="0d379d45-c9fd-4c66-bb67-2b3fb4c92209" testName="ExecuteEvictionLogsAMessageOnceAndReturnsIfStrategyIsDisabled" computerName="TAG009442327432" duration="00:00:00.0010000" startTime="2018-09-20T12:47:57.0000000+02:00" endTime="2018-09-20T12:47:57.0000000+02:00" testType="13cdc9d9-ddb5-4fa4-a97d-d965ccfc6d4b" outcome="Passed" testListId="8c84fa94-04c1-424b-9868-57a2d4851a1d" relativeResultsDirectory="cd0e6f0e-4628-4f87-9151-509d87dda2b6" /><UnitTestResult executionId="b1a03213-dc26-4779-a18f-44eeeeec5919" testId="f8b8df1b-2249-4f99-a410-8b3423de31fe" testName="DefaultCaptureCrashesIsOn" computerName="TAG009442327432" duration="00:00:00.0000001" startTime="2018-09-20T12:48:00.0000000+02:00" endTime="2018-09-20T12:48:00.0000000+02:00" testType="13cdc9d9-ddb5-4fa4-a97d-d965ccfc6d4b" outcome="Passed" testListId="8c84fa94-04c1-424b-9868-57a2d4851a1d" relativeResultsDirectory="b1a03213-dc26-4779-a18f-44eeeeec5919" /><UnitTestResult executionId="76a359a8-e778-423c-aeab-823c3713d526" testId="04b9a109-9604-4416-9803-b12ff129b946" testName="EnterActionReturnsNullActionIfActionNameIsNull" computerName="TAG009442327432" duration="00:00:00.0010000" startTime="2018-09-20T12:47:58.0000000+02:00" endTime="2018-09-20T12:47:58.0000000+02:00" testType="13cdc9d9-ddb5-4fa4-a97d-d965ccfc6d4b" outcome="Passed" testListId="8c84fa94-04c1-424b-9868-57a2d4851a1d" relativeResultsDirectory="76a359a8-e778-423c-aeab-823c3713d526" /><UnitTestResult executionId="1c8f96b5-d2f6-4fbf-9392-0218ec3d7fe7" testId="dc179450-8771-4d4b-b74e-7f37694b556d" testName="ShouldRunGivesTrueIfLastRunIsMoreThanMaxAgeMillisecondsAgo" computerName="TAG009442327432" duration="00:00:00.0000001" startTime="2018-09-20T12:47:57.0000000+02:00" endTime="2018-09-20T12:47:57.0000000+02:00" testType="13cdc9d9-ddb5-4fa4-a97d-d965ccfc6d4b" outcome="Passed" testListId="8c84fa94-04c1-424b-9868-57a2d4851a1d" relativeResultsDirectory="1c8f96b5-d2f6-4fbf-9392-0218ec3d7fe7" /><UnitTestResult executionId="2ea6ed24-318f-462f-84ad-ea9aea7e971c" testId="fc90f8db-f07c-4e75-a06a-9eaea309789a" testName="DefaultSleepTimeIsUsed" computerName="TAG009442327432" duration="00:00:00.0010000" startTime="2018-09-20T12:47:58.0000000+02:00" endTime="2018-09-20T12:47:58.0000000+02:00" testType="13cdc9d9-ddb5-4fa4-a97d-d965ccfc6d4b" outcome="Passed" testListId="8c84fa94-04c1-424b-9868-57a2d4851a1d" relativeResultsDirectory="2ea6ed24-318f-462f-84ad-ea9aea7e971c" /><UnitTestResult executionId="2f7406ec-6b4a-428d-841e-89a41213a834" testId="dc8333a7-738d-4af4-a204-5f16626c89e2" testName="ReportErrorDoesNothingIfErrorNameIsNull" computerName="TAG009442327432" duration="00:00:00.0010000" startTime="2018-09-20T12:47:57.0000000+02:00" endTime="2018-09-20T12:47:57.0000000+02:00" testType="13cdc9d9-ddb5-4fa4-a97d-d965ccfc6d4b" outcome="Passed" testListId="8c84fa94-04c1-424b-9868-57a2d4851a1d" relativeResultsDirectory="2f7406ec-6b4a-428d-841e-89a41213a834" /><UnitTestResult executionId="0d0607e0-50ab-462e-bc5b-2dda803c3a4e" testId="f8a6193a-3c0c-4745-9843-483a29c1be22" testName="ReportErrorDoesNothingIfActionIsLeft" computerName="TAG009442327432" duration="00:00:00.0010000" startTime="2018-09-20T12:47:57.0000000+02:00" endTime="2018-09-20T12:47:57.0000000+02:00" testType="13cdc9d9-ddb5-4fa4-a97d-d965ccfc6d4b" outcome="Passed" testListId="8c84fa94-04c1-424b-9868-57a2d4851a1d" relativeResultsDirectory="0d0607e0-50ab-462e-bc5b-2dda803c3a4e" /><UnitTestResult executionId="1f959902-d496-4948-a9a6-38fc3f0b36ed" testId="0144940e-e80b-4872-acb6-24bedb34597d" testName="DeleteCacheEntryRemovesTheGivenBeacon" computerName="TAG009442327432" duration="00:00:00.0000001" startTime="2018-09-20T12:47:57.0000000+02:00" endTime="2018-09-20T12:47:57.0000000+02:00" testType="13cdc9d9-ddb5-4fa4-a97d-d965ccfc6d4b" outcome="Passed" testListId="8c84fa94-04c1-424b-9868-57a2d4851a1d" relativeResultsDirectory="1f959902-d496-4948-a9a6-38fc3f0b36ed" /><UnitTestResult executionId="8519debe-1aa2-4907-bc91-7f6b0989e8c3" testId="4a5c9e97-2fd2-4cd0-abec-9ec0c5ed4f6a" testName="ReportCrash" computerName="TAG009442327432" duration="00:00:00.0010000" startTime="2018-09-20T12:47:58.0000000+02:00" endTime="2018-09-20T12:47:58.0000000+02:00" testType="13cdc9d9-ddb5-4fa4-a97d-d965ccfc6d4b" outcome="Passed" testListId="8c84fa94-04c1-424b-9868-57a2d4851a1d" relativeResultsDirectory="8519debe-1aa2-4907-bc91-7f6b0989e8c3" /><UnitTestResult executionId="46bf32f6-04e2-4d76-8a8b-71b99eef4fa9" testId="9e7d93d1-f895-41c9-9324-05be0e65a2bd" testName="NoWebRequestIsReportedIfBeaconConfigurationDisablesCapturing" computerName="TAG009442327432" duration="00:00:00.0010000" startTime="2018-09-20T12:47:58.0000000+02:00" endTime="2018-09-20T12:47:58.0000000+02:00" testType="13cdc9d9-ddb5-4fa4-a97d-d965ccfc6d4b" outcome="Passed" testListId="8c84fa94-04c1-424b-9868-57a2d4851a1d" relativeResultsDirectory="46bf32f6-04e2-4d76-8a8b-71b99eef4fa9" /><UnitTestResult executionId="b420a936-06c0-4f32-8e16-bdeef3a65773" testId="6208c258-edf8-4c4a-b99a-f763bf49d0a6" testName="SendNewSessionRequestReturnsAnUnknownErrorResponseForUnparseableStatusResponse" computerName="TAG009442327432" duration="00:00:00.0030000" startTime="2018-09-20T12:47:59.0000000+02:00" endTime="2018-09-20T12:47:59.0000000+02:00" testType="13cdc9d9-ddb5-4fa4-a97d-d965ccfc6d4b" outcome="Passed" testListId="8c84fa94-04c1-424b-9868-57a2d4851a1d" relativeResultsDirectory="b420a936-06c0-4f32-8e16-bdeef3a65773" /><UnitTestResult executionId="5e8b49cc-0e0b-4d8d-b1af-81460f6e18e7" testId="6579127d-4b42-4d63-a144-3e003bfa8a9e" testName="AddActionDataAddsBeaconIdToCache" computerName="TAG009442327432" duration="00:00:00.0050000" startTime="2018-09-20T12:47:57.0000000+02:00" endTime="2018-09-20T12:47:57.0000000+02:00" testType="13cdc9d9-ddb5-4fa4-a97d-d965ccfc6d4b" outcome="Passed" testListId="8c84fa94-04c1-424b-9868-57a2d4851a1d" relativeResultsDirectory="5e8b49cc-0e0b-4d8d-b1af-81460f6e18e7" /><UnitTestResult executionId="78863ed9-2db5-430d-9d80-26a884233325" testId="b87ab210-f666-4afc-adeb-c260f8468edd" testName="InitCompleteIsCalledOnInterrupt" computerName="TAG009442327432" duration="00:00:00.0000001" startTime="2018-09-20T12:47:58.0000000+02:00" endTime="2018-09-20T12:47:58.0000000+02:00" testType="13cdc9d9-ddb5-4fa4-a97d-d965ccfc6d4b" outcome="Passed" testListId="8c84fa94-04c1-424b-9868-57a2d4851a1d" relativeResultsDirectory="78863ed9-2db5-430d-9d80-26a884233325" /><UnitTestResult executionId="7236d295-e504-4a77-a67a-b01d69c800a9" testId="f90dfe14-c31c-4cec-99bd-c3f3d6be5c62" testName="ExecuteEvictionStopsIfNumBytesInCacheFallsBelowLowerBoundBetweenTwoBeacons" computerName="TAG009442327432" duration="00:00:00.0010000" startTime="2018-09-20T12:47:57.0000000+02:00" endTime="2018-09-20T12:47:57.0000000+02:00" testType="13cdc9d9-ddb5-4fa4-a97d-d965ccfc6d4b" outcome="Passed" testListId="8c84fa94-04c1-424b-9868-57a2d4851a1d" relativeResultsDirectory="7236d295-e504-4a77-a67a-b01d69c800a9" /><UnitTestResult executionId="31d97ff0-dbbb-4060-ac10-42fd7829f4ae" testId="915a2ea6-5c46-431f-84ac-387cb8891460" testName="IpV6AddressMixedNotationIsValid_NonZeroIPv6NonCompressed" computerName="TAG009442327432" duration="00:00:00.0000001" startTime="2018-09-20T12:47:58.0000000+02:00" endTime="2018-09-20T12:47:58.0000000+02:00" testType="13cdc9d9-ddb5-4fa4-a97d-d965ccfc6d4b" outcome="Passed" testListId="8c84fa94-04c1-424b-9868-57a2d4851a1d" relativeResultsDirectory="31d97ff0-dbbb-4060-ac10-42fd7829f4ae" /><UnitTestResult executionId="e8bc1bbb-fa25-4d5f-99d1-70a31ae3d991" testId="f0562800-b914-42d7-b3c8-1aa9778b0468" testName="ReportCrashDoesNotReportOnDataCollectionLevel1" computerName="TAG009442327432" duration="00:00:00.0010000" startTime="2018-09-20T12:47:58.0000000+02:00" endTime="2018-09-20T12:47:58.0000000+02:00" testType="13cdc9d9-ddb5-4fa4-a97d-d965ccfc6d4b" outcome="Passed" testListId="8c84fa94-04c1-424b-9868-57a2d4851a1d" relativeResultsDirectory="e8bc1bbb-fa25-4d5f-99d1-70a31ae3d991" /><UnitTestResult executionId="c0b11b76-e1b0-44f5-8618-2ed652120bca" testId="774df1f6-fdfa-46aa-a6d8-ffd3f66e35a7" testName="ADefaultConstructedConfigurationUsesStrictTrustManager" computerName="TAG009442327432" duration="00:00:00.0000001" startTime="2018-09-20T12:47:58.0000000+02:00" endTime="2018-09-20T12:47:58.0000000+02:00" testType="13cdc9d9-ddb5-4fa4-a97d-d965ccfc6d4b" outcome="Passed" testListId="8c84fa94-04c1-424b-9868-57a2d4851a1d" relativeResultsDirectory="c0b11b76-e1b0-44f5-8618-2ed652120bca" /><UnitTestResult executionId="4b773276-d1f5-4999-acb2-983d0cb5fd3e" testId="2a3de990-60d3-4c0b-9890-ce9369587a3e" testName="AfterDecreasingNumNewSessionRequestsFourTimesSendingRequestsIsNoLongerAllowed" computerName="TAG009442327432" duration="00:00:00.0010000" startTime="2018-09-20T12:47:58.0000000+02:00" endTime="2018-09-20T12:47:58.0000000+02:00" testType="13cdc9d9-ddb5-4fa4-a97d-d965ccfc6d4b" outcome="Passed" testListId="8c84fa94-04c1-424b-9868-57a2d4851a1d" relativeResultsDirectory="4b773276-d1f5-4999-acb2-983d0cb5fd3e" /><UnitTestResult executionId="cdbbb66a-06e4-49fc-b0a3-b3dfe156dc4e" testId="c11edbfa-62f4-4017-a76d-4b8168f34793" testName="DisposingAWebRequestTracerStopsIt" computerName="TAG009442327432" duration="00:00:00.0000001" startTime="2018-09-20T12:47:58.0000000+02:00" endTime="2018-09-20T12:47:58.0000000+02:00" testType="13cdc9d9-ddb5-4fa4-a97d-d965ccfc6d4b" outcome="Passed" testListId="8c84fa94-04c1-424b-9868-57a2d4851a1d" relativeResultsDirectory="cdbbb66a-06e4-49fc-b0a3-b3dfe156dc4e" /><UnitTestResult executionId="54905579-b414-4ea7-9ebc-56bbc6c94648" testId="f5b1c302-2fea-42ac-bb4f-a72e4521a247" testName="ANewlyCreatedActionHasAnID" computerName="TAG009442327432" duration="00:00:00.0010000" startTime="2018-09-20T12:47:57.0000000+02:00" endTime="2018-09-20T12:47:57.0000000+02:00" testType="13cdc9d9-ddb5-4fa4-a97d-d965ccfc6d4b" outcome="Passed" testListId="8c84fa94-04c1-424b-9868-57a2d4851a1d" relativeResultsDirectory="54905579-b414-4ea7-9ebc-56bbc6c94648" /><UnitTestResult executionId="927188c6-7826-4a74-a9b8-b606a67630b3" testId="7d127f3e-5c85-4e81-8a9b-305797fae532" testName="ReportIntValue" computerName="TAG009442327432" duration="00:00:00.0010000" startTime="2018-09-20T12:47:57.0000000+02:00" endTime="2018-09-20T12:47:57.0000000+02:00" testType="13cdc9d9-ddb5-4fa4-a97d-d965ccfc6d4b" outcome="Passed" testListId="8c84fa94-04c1-424b-9868-57a2d4851a1d" relativeResultsDirectory="927188c6-7826-4a74-a9b8-b606a67630b3" /><UnitTestResult executionId="7259cfca-d610-4cbb-a1b0-59ad0997c62c" testId="b94e5bda-0c10-456b-8881-a9038e7a6e1f" testName="TwoEqualInstancesHaveSameHashCode" computerName="TAG009442327432" duration="00:00:00.0000001" startTime="2018-09-20T12:47:57.0000000+02:00" endTime="2018-09-20T12:47:57.0000000+02:00" testType="13cdc9d9-ddb5-4fa4-a97d-d965ccfc6d4b" outcome="Passed" testListId="8c84fa94-04c1-424b-9868-57a2d4851a1d" relativeResultsDirectory="7259cfca-d610-4cbb-a1b0-59ad0997c62c" /><UnitTestResult executionId="c9c75cff-b788-40e8-a5d7-7b44e09bb61b" testId="0fe91298-c19a-4475-81ce-976537a0f787" testName="ResponseCodeIsSet" computerName="TAG009442327432" duration="00:00:00.0010000" startTime="2018-09-20T12:48:00.0000000+02:00" endTime="2018-09-20T12:48:00.0000000+02:00" testType="13cdc9d9-ddb5-4fa4-a97d-d965ccfc6d4b" outcome="Passed" testListId="8c84fa94-04c1-424b-9868-57a2d4851a1d" relativeResultsDirectory="c9c75cff-b788-40e8-a5d7-7b44e09bb61b" /><UnitTestResult executionId="730a3efd-a63f-4c76-b214-818ad45c1937" testId="20864b7f-0eea-4ce5-8ed3-a40e5c7d7fa3" testName="NoWebRequestIsReportedForDataCollectionLevel0" computerName="TAG009442327432" duration="00:00:00.0020000" startTime="2018-09-20T12:47:58.0000000+02:00" endTime="2018-09-20T12:47:58.0000000+02:00" testType="13cdc9d9-ddb5-4fa4-a97d-d965ccfc6d4b" outcome="Passed" testListId="8c84fa94-04c1-424b-9868-57a2d4851a1d" relativeResultsDirectory="730a3efd-a63f-4c76-b214-818ad45c1937" /><UnitTestResult executionId="2f8490fd-d1c4-456b-94a9-a573907f61ec" testId="c4b5554d-d1e7-4f51-89fb-636534e1b070" testName="ABeaconSendingFlushSessionsStateTransitionsToTerminalStateWhenDataIsSent" computerName="TAG009442327432" duration="00:00:00.0000001" startTime="2018-09-20T12:47:58.0000000+02:00" endTime="2018-09-20T12:47:58.0000000+02:00" testType="13cdc9d9-ddb5-4fa4-a97d-d965ccfc6d4b" outcome="Passed" testListId="8c84fa94-04c1-424b-9868-57a2d4851a1d" relativeResultsDirectory="2f8490fd-d1c4-456b-94a9-a573907f61ec" /><UnitTestResult executionId="e3445522-a0c3-49b7-865d-46c55dbb2533" testId="0aa99af5-1124-4905-9a50-f64c11c8c329" testName="ReportEventDoesNothingIfEventNameIsAnEmptyString" computerName="TAG009442327432" duration="00:00:00.0010000" startTime="2018-09-20T12:47:57.0000000+02:00" endTime="2018-09-20T12:47:57.0000000+02:00" testType="13cdc9d9-ddb5-4fa4-a97d-d965ccfc6d4b" outcome="Passed" testListId="8c84fa94-04c1-424b-9868-57a2d4851a1d" relativeResultsDirectory="e3445522-a0c3-49b7-865d-46c55dbb2533" /><UnitTestResult executionId="1199bb74-c712-4354-80f7-86a10422cb2b" testId="36f752e6-1d09-4b4f-895f-2ad4bcb4f902" testName="ParsingInvalidServerIDThrowsException" computerName="TAG009442327432" duration="00:00:00.0030000" startTime="2018-09-20T12:48:00.0000000+02:00" endTime="2018-09-20T12:48:00.0000000+02:00" testType="13cdc9d9-ddb5-4fa4-a97d-d965ccfc6d4b" outcome="Passed" testListId="8c84fa94-04c1-424b-9868-57a2d4851a1d" relativeResultsDirectory="1199bb74-c712-4354-80f7-86a10422cb2b" /><UnitTestResult executionId="32395f35-9014-4290-be58-aa679559ba7f" testId="baaec214-f7c5-4295-b003-d8c2b6c857bf" testName="SendStatusRequestReturnsTooManyRequestsResponseImmediately" computerName="TAG009442327432" duration="00:00:00.0010000" startTime="2018-09-20T12:47:58.0000000+02:00" endTime="2018-09-20T12:47:58.0000000+02:00" testType="13cdc9d9-ddb5-4fa4-a97d-d965ccfc6d4b" outcome="Passed" testListId="8c84fa94-04c1-424b-9868-57a2d4851a1d" relativeResultsDirectory="32395f35-9014-4290-be58-aa679559ba7f" /><UnitTestResult executionId="ef473ceb-9808-40f6-89c3-d6dc449a413c" testId="7f6964cb-5940-4ba6-b5ed-9d9ee2c81b05" testName="SendBeaconRequestReturnsErrorCode" computerName="TAG009442327432" duration="00:00:00.0010000" startTime="2018-09-20T12:47:58.0000000+02:00" endTime="2018-09-20T12:47:58.0000000+02:00" testType="13cdc9d9-ddb5-4fa4-a97d-d965ccfc6d4b" outcome="Passed" testListId="8c84fa94-04c1-424b-9868-57a2d4851a1d" relativeResultsDirectory="ef473ceb-9808-40f6-89c3-d6dc449a413c" /><UnitTestResult executionId="7d088ce3-e247-4c23-a254-bb88051ba1d6" testId="4e785cd8-96de-4a2c-89b9-18e6c736dca1" testName="AnActionAddsItselfIntoListInContstructor" computerName="TAG009442327432" duration="00:00:00.0200000" startTime="2018-09-20T12:47:57.0000000+02:00" endTime="2018-09-20T12:47:57.0000000+02:00" testType="13cdc9d9-ddb5-4fa4-a97d-d965ccfc6d4b" outcome="Passed" testListId="8c84fa94-04c1-424b-9868-57a2d4851a1d" relativeResultsDirectory="7d088ce3-e247-4c23-a254-bb88051ba1d6" /><UnitTestResult executionId="d04a22d5-c48e-441b-a568-84d134c8d927" testId="d22f3e47-a971-4d77-b699-d4132dd02a88" testName="GetRetryAfterReturnsDefaultValueIfMultipleValuesWereRetrieved" computerName="TAG009442327432" duration="00:00:00.0010000" startTime="2018-09-20T12:48:00.0000000+02:00" endTime="2018-09-20T12:48:00.0000000+02:00" testType="13cdc9d9-ddb5-4fa4-a97d-d965ccfc6d4b" outcome="Passed" testListId="8c84fa94-04c1-424b-9868-57a2d4851a1d" relativeResultsDirectory="d04a22d5-c48e-441b-a568-84d134c8d927" /><UnitTestResult executionId="87c5c8c5-b8c7-4f5e-a0fc-640c800dd628" testId="3d0d3e33-2342-48a8-81cc-6eddfcc01e23" testName="LeavingAnActionReturnsTheParentAction" computerName="TAG009442327432" duration="00:00:00.0040000" startTime="2018-09-20T12:47:57.0000000+02:00" endTime="2018-09-20T12:47:57.0000000+02:00" testType="13cdc9d9-ddb5-4fa4-a97d-d965ccfc6d4b" outcome="Passed" testListId="8c84fa94-04c1-424b-9868-57a2d4851a1d" relativeResultsDirectory="87c5c8c5-b8c7-4f5e-a0fc-640c800dd628" /><UnitTestResult executionId="90141c23-847c-4334-95fc-b791f7a50885" testId="6a4ad305-a6a3-4c83-b8cd-328b65e280dd" testName="DisposingASessionEndsTheSession" computerName="TAG009442327432" duration="00:00:00.0010000" startTime="2018-09-20T12:47:58.0000000+02:00" endTime="2018-09-20T12:47:58.0000000+02:00" testType="13cdc9d9-ddb5-4fa4-a97d-d965ccfc6d4b" outcome="Passed" testListId="8c84fa94-04c1-424b-9868-57a2d4851a1d" relativeResultsDirectory="90141c23-847c-4334-95fc-b791f7a50885" /><UnitTestResult executionId="b4e6bfd2-7897-4242-93a7-7b1d0a7fd14f" testId="48d29c5f-14ee-49ef-b3f0-f6d8fcf10614" testName="DefaultBeaconConfigurationDoesNotDisableCapturing" computerName="TAG009442327432" duration="00:00:00.0000001" startTime="2018-09-20T12:47:58.0000000+02:00" endTime="2018-09-20T12:47:58.0000000+02:00" testType="13cdc9d9-ddb5-4fa4-a97d-d965ccfc6d4b" outcome="Passed" testListId="8c84fa94-04c1-424b-9868-57a2d4851a1d" relativeResultsDirectory="b4e6bfd2-7897-4242-93a7-7b1d0a7fd14f" /><UnitTestResult executionId="608b0f7d-6320-4406-9ac1-752c3c01691c" testId="a56bb305-5d1b-4f67-b4f2-31cefab2d19a" testName="DefaultsAreSetForDynatrace" computerName="TAG009442327432" duration="00:00:00.0010000" startTime="2018-09-20T12:47:58.0000000+02:00" endTime="2018-09-20T12:47:58.0000000+02:00" testType="13cdc9d9-ddb5-4fa4-a97d-d965ccfc6d4b" outcome="Passed" testListId="8c84fa94-04c1-424b-9868-57a2d4851a1d" relativeResultsDirectory="608b0f7d-6320-4406-9ac1-752c3c01691c" /><UnitTestResult executionId="30367739-084b-4170-bbbb-a3de597bbc70" testId="32bfcba7-acc7-467d-93f8-8aecbe24738a" testName="ActionReportedForDataCollectionLevel2" computerName="TAG009442327432" duration="00:00:00.0010000" startTime="2018-09-20T12:47:58.0000000+02:00" endTime="2018-09-20T12:47:58.0000000+02:00" testType="13cdc9d9-ddb5-4fa4-a97d-d965ccfc6d4b" outcome="Passed" testListId="8c84fa94-04c1-424b-9868-57a2d4851a1d" relativeResultsDirectory="30367739-084b-4170-bbbb-a3de597bbc70" /><UnitTestResult executionId="182f3af0-cb87-4e53-8070-3c0a0ded212a" testId="718e3b6a-a6dc-4326-b668-8575e2dc62ab" testName="ReportIntValueDoesNothingIfValueNameIsAnEmptyString" computerName="TAG009442327432" duration="00:00:00.0010000" startTime="2018-09-20T12:47:57.0000000+02:00" endTime="2018-09-20T12:47:57.0000000+02:00" testType="13cdc9d9-ddb5-4fa4-a97d-d965ccfc6d4b" outcome="Passed" testListId="8c84fa94-04c1-424b-9868-57a2d4851a1d" relativeResultsDirectory="182f3af0-cb87-4e53-8070-3c0a0ded212a" /><UnitTestResult executionId="3d9e585b-d827-4565-aa71-78353464d29b" testId="832f2f95-394d-4b3d-a9c4-aa0e1e4f7b88" testName="IsEmptyCallsWrappedSession" computerName="TAG009442327432" duration="00:00:00.0010000" startTime="2018-09-20T12:47:58.0000000+02:00" endTime="2018-09-20T12:47:58.0000000+02:00" testType="13cdc9d9-ddb5-4fa4-a97d-d965ccfc6d4b" outcome="Passed" testListId="8c84fa94-04c1-424b-9868-57a2d4851a1d" relativeResultsDirectory="3d9e585b-d827-4565-aa71-78353464d29b" /><UnitTestResult executionId="8acd7778-e739-4674-9e8d-11940ad7b452" testId="cfe3fe22-db73-4806-88d6-1cc829db64be" testName="ResetChunkedRestoresData" computerName="TAG009442327432" duration="00:00:00.0010000" startTime="2018-09-20T12:47:57.0000000+02:00" endTime="2018-09-20T12:47:57.0000000+02:00" testType="13cdc9d9-ddb5-4fa4-a97d-d965ccfc6d4b" outcome="Passed" testListId="8c84fa94-04c1-424b-9868-57a2d4851a1d" relativeResultsDirectory="8acd7778-e739-4674-9e8d-11940ad7b452" /><UnitTestResult executionId="bcb50c11-e2c5-4ea9-b76d-cb2b1feec565" testId="dce5cbbe-fd9e-4bd1-abb7-17538adbbf72" testName="ErrorWithStacktraceLogsAppropriateMessage" computerName="TAG009442327432" duration="00:00:00.0020000" startTime="2018-09-20T12:47:58.0000000+02:00" endTime="2018-09-20T12:47:58.0000000+02:00" testType="13cdc9d9-ddb5-4fa4-a97d-d965ccfc6d4b" outcome="Passed" testListId="8c84fa94-04c1-424b-9868-57a2d4851a1d" relativeResultsDirectory="bcb50c11-e2c5-4ea9-b76d-cb2b1feec565" /><UnitTestResult executionId="3eff2ada-3e63-4643-83a3-502b6865eaa0" testId="de6830a3-7923-4acb-bf4a-9125f251a388" testName="TimeSyncIsNotSupportedIfInitCalledWithFalse" computerName="TAG009442327432" duration="00:00:00.0000001" startTime="2018-09-20T12:48:00.0000000+02:00" endTime="2018-09-20T12:48:00.0000000+02:00" testType="13cdc9d9-ddb5-4fa4-a97d-d965ccfc6d4b" outcome="Passed" testListId="8c84fa94-04c1-424b-9868-57a2d4851a1d" relativeResultsDirectory="3eff2ada-3e63-4643-83a3-502b6865eaa0" /><UnitTestResult executionId="30208bbf-d333-4ed8-a5b8-5eed43e812b3" testId="1533d1c2-6a77-48f8-8a24-de1fe9130900" testName="DebugLogsAppropriateMessage" computerName="TAG009442327432" duration="00:00:00.0020000" startTime="2018-09-20T12:47:58.0000000+02:00" endTime="2018-09-20T12:47:58.0000000+02:00" testType="13cdc9d9-ddb5-4fa4-a97d-d965ccfc6d4b" outcome="Passed" testListId="8c84fa94-04c1-424b-9868-57a2d4851a1d" relativeResultsDirectory="30208bbf-d333-4ed8-a5b8-5eed43e812b3" /><UnitTestResult executionId="a189598b-9fcc-4b0b-8759-869160aad1f3" testId="b0c6b360-79a3-4b07-a8d5-7119e1150c8c" testName="NoCrashIsReportedIfBeaconConfigurationDisablesCapturing" computerName="TAG009442327432" duration="00:00:00.0000001" startTime="2018-09-20T12:47:58.0000000+02:00" endTime="2018-09-20T12:47:58.0000000+02:00" testType="13cdc9d9-ddb5-4fa4-a97d-d965ccfc6d4b" outcome="Passed" testListId="8c84fa94-04c1-424b-9868-57a2d4851a1d" relativeResultsDirectory="a189598b-9fcc-4b0b-8759-869160aad1f3" /><UnitTestResult executionId="21ebfdff-c1b9-4c33-95fc-178c91f97fca" testId="bb1bf432-910a-4205-b0cd-2f5a1ed6b45b" testName="ExecuteEvictionRunsUntilTheCacheSizeIsLessThanOrEqualToLowerBound" computerName="TAG009442327432" duration="00:00:00.0010000" startTime="2018-09-20T12:47:57.0000000+02:00" endTime="2018-09-20T12:47:57.0000000+02:00" testType="13cdc9d9-ddb5-4fa4-a97d-d965ccfc6d4b" outcome="Passed" testListId="8c84fa94-04c1-424b-9868-57a2d4851a1d" relativeResultsDirectory="21ebfdff-c1b9-4c33-95fc-178c91f97fca" /><UnitTestResult executionId="a17b3e85-71f7-4e15-a00e-0786e2b5789d" testId="96cbef56-4f65-4828-b44f-75d712fa3ecd" testName="ShutdownStateIsFlushSessionStateForTimeReSync" computerName="TAG009442327432" duration="00:00:00.0010000" startTime="2018-09-20T12:47:58.0000000+02:00" endTime="2018-09-20T12:47:58.0000000+02:00" testType="13cdc9d9-ddb5-4fa4-a97d-d965ccfc6d4b" outcome="Passed" testListId="8c84fa94-04c1-424b-9868-57a2d4851a1d" relativeResultsDirectory="a17b3e85-71f7-4e15-a00e-0786e2b5789d" /><UnitTestResult executionId="51b5525c-f18f-45e0-933b-b011f7e1dd0f" testId="8208bb07-e77f-41e7-a93e-f600421fa58b" testName="TraceWebRequestGivesNullWebRequestTracerIfSessionIsAlreadyEnded" computerName="TAG009442327432" duration="00:00:00.0010000" startTime="2018-09-20T12:47:58.0000000+02:00" endTime="2018-09-20T12:47:58.0000000+02:00" testType="13cdc9d9-ddb5-4fa4-a97d-d965ccfc6d4b" outcome="Passed" testListId="8c84fa94-04c1-424b-9868-57a2d4851a1d" relativeResultsDirectory="51b5525c-f18f-45e0-933b-b011f7e1dd0f" /><UnitTestResult executionId="bd2a6f0b-d958-463a-ad0d-edf8b9ceea75" testId="e87a8bf2-183b-4878-91ea-4bdcbda4fe97" testName="PassingEmptyResponseStringDoesNotThrow" computerName="TAG009442327432" duration="00:00:00.0000001" startTime="2018-09-20T12:48:00.0000000+02:00" endTime="2018-09-20T12:48:00.0000000+02:00" testType="13cdc9d9-ddb5-4fa4-a97d-d965ccfc6d4b" outcome="Passed" testListId="8c84fa94-04c1-424b-9868-57a2d4851a1d" relativeResultsDirectory="bd2a6f0b-d958-463a-ad0d-edf8b9ceea75" /><UnitTestResult executionId="6162c734-8d96-45aa-9918-a8ad0cb6eff1" testId="81103788-68a7-439a-b970-54b2c7cfe52f" testName="DefaultCaptureIsOn" computerName="TAG009442327432" duration="00:00:00.0000001" startTime="2018-09-20T12:48:00.0000000+02:00" endTime="2018-09-20T12:48:00.0000000+02:00" testType="13cdc9d9-ddb5-4fa4-a97d-d965ccfc6d4b" outcome="Passed" testListId="8c84fa94-04c1-424b-9868-57a2d4851a1d" relativeResultsDirectory="6162c734-8d96-45aa-9918-a8ad0cb6eff1" /><UnitTestResult executionId="ab969619-b8cc-4823-93e9-7bd83f6ded07" testId="aa88e6b6-686e-446c-998b-c019cc219fe9" testName="CanAddReceivedBytesToWebRequestTracer" computerName="TAG009442327432" duration="00:00:00.0010000" startTime="2018-09-20T12:47:58.0000000+02:00" endTime="2018-09-20T12:47:58.0000000+02:00" testType="13cdc9d9-ddb5-4fa4-a97d-d965ccfc6d4b" outcome="Passed" testListId="8c84fa94-04c1-424b-9868-57a2d4851a1d" relativeResultsDirectory="ab969619-b8cc-4823-93e9-7bd83f6ded07" /><UnitTestResult executionId="ac46c790-0d0f-4afc-9d42-879da1d14107" testId="b06455a3-5795-4186-8bc6-8aab96b779de" testName="IpV6AddressLinkLocalIsInvalidZoneIndexUsedWithInvalidPrefix" computerName="TAG009442327432" duration="00:00:00.0000001" startTime="2018-09-20T12:47:58.0000000+02:00" endTime="2018-09-20T12:47:58.0000000+02:00" testType="13cdc9d9-ddb5-4fa4-a97d-d965ccfc6d4b" outcome="Passed" testListId="8c84fa94-04c1-424b-9868-57a2d4851a1d" relativeResultsDirectory="ac46c790-0d0f-4afc-9d42-879da1d14107" /><UnitTestResult executionId="b6babc4f-3a53-437e-a9dc-7b3716d98d39" testId="c85e94e0-a23e-40ed-9fd3-5450335f7bfb" testName="NotEqualInstancesHaveDifferentHashCode" computerName="TAG009442327432" duration="00:00:00.0030000" startTime="2018-09-20T12:47:57.0000000+02:00" endTime="2018-09-20T12:47:57.0000000+02:00" testType="13cdc9d9-ddb5-4fa4-a97d-d965ccfc6d4b" outcome="Passed" testListId="8c84fa94-04c1-424b-9868-57a2d4851a1d" relativeResultsDirectory="b6babc4f-3a53-437e-a9dc-7b3716d98d39" /><UnitTestResult executionId="9736597c-962c-4d4e-8949-da85b7c94654" testId="b68829fa-25d6-4d2e-a5bf-77b0bb1b2bd6" testName="RemoveRecordsOlderThanDoesNotRemoveAnythingFromEventAndActionsBeingSent" computerName="TAG009442327432" duration="00:00:00.0010000" startTime="2018-09-20T12:47:57.0000000+02:00" endTime="2018-09-20T12:47:57.0000000+02:00" testType="13cdc9d9-ddb5-4fa4-a97d-d965ccfc6d4b" outcome="Passed" testListId="8c84fa94-04c1-424b-9868-57a2d4851a1d" relativeResultsDirectory="9736597c-962c-4d4e-8949-da85b7c94654" /><UnitTestResult executionId="aad27a7b-307a-4c65-95a4-7760ed3b713a" testId="969e249f-b54d-4a6b-b7fe-ad014890a2c3" testName="RequestReceiveTimeIsParsed" computerName="TAG009442327432" duration="00:00:00.0000001" startTime="2018-09-20T12:48:00.0000000+02:00" endTime="2018-09-20T12:48:00.0000000+02:00" testType="13cdc9d9-ddb5-4fa4-a97d-d965ccfc6d4b" outcome="Passed" testListId="8c84fa94-04c1-424b-9868-57a2d4851a1d" relativeResultsDirectory="aad27a7b-307a-4c65-95a4-7760ed3b713a" /><UnitTestResult executionId="0025a021-8588-436a-baf5-a8b535008776" testId="b00f5608-e54b-4d55-abb7-c0c49f05b3ae" testName="SetBytesReceivedSetsTheNumberOfReceivedBytes" computerName="TAG009442327432" duration="00:00:00.0010000" startTime="2018-09-20T12:47:58.0000000+02:00" endTime="2018-09-20T12:47:58.0000000+02:00" testType="13cdc9d9-ddb5-4fa4-a97d-d965ccfc6d4b" outcome="Passed" testListId="8c84fa94-04c1-424b-9868-57a2d4851a1d" relativeResultsDirectory="0025a021-8588-436a-baf5-a8b535008776" /><UnitTestResult executionId="5be4574d-1f8e-40df-80d7-79cbdecbe351" testId="f966c7eb-210e-4513-9c0d-d6b68534afcb" testName="IsTooManyRequestsResponseReturnsFalseIfResponseIsNull" computerName="TAG009442327432" duration="00:00:00.0000001" startTime="2018-09-20T12:47:58.0000000+02:00" endTime="2018-09-20T12:47:58.0000000+02:00" testType="13cdc9d9-ddb5-4fa4-a97d-d965ccfc6d4b" outcome="Passed" testListId="8c84fa94-04c1-424b-9868-57a2d4851a1d" relativeResultsDirectory="5be4574d-1f8e-40df-80d7-79cbdecbe351" /><UnitTestResult executionId="eed9a27d-f63f-4690-91ce-b5464154416d" testId="77117caa-91ed-4640-ad97-1ff0e276c59b" testName="RandomDeviceIDCannotBeNegativeOnDataCollectionLevel0" computerName="TAG009442327432" duration="00:00:00.0010000" startTime="2018-09-20T12:47:58.0000000+02:00" endTime="2018-09-20T12:47:58.0000000+02:00" testType="13cdc9d9-ddb5-4fa4-a97d-d965ccfc6d4b" outcome="Passed" testListId="8c84fa94-04c1-424b-9868-57a2d4851a1d" relativeResultsDirectory="eed9a27d-f63f-4690-91ce-b5464154416d" /><UnitTestResult executionId="66cd21fd-97f5-4b26-b8f5-40f3bc77969b" testId="9246a823-ff85-47f9-aa2f-0d66ba480ac7" testName="LastOpenSessionBeaconSendTimeIsSetInExecute" computerName="TAG009442327432" duration="00:00:00.0010000" startTime="2018-09-20T12:47:58.0000000+02:00" endTime="2018-09-20T12:47:58.0000000+02:00" testType="13cdc9d9-ddb5-4fa4-a97d-d965ccfc6d4b" outcome="Passed" testListId="8c84fa94-04c1-424b-9868-57a2d4851a1d" relativeResultsDirectory="66cd21fd-97f5-4b26-b8f5-40f3bc77969b" /><UnitTestResult executionId="c0f0333a-f635-4bea-b884-1d49be06081b" testId="0577a302-9349-440d-9ff4-b28380aa5c89" testName="ReportStringValue" computerName="TAG009442327432" duration="00:00:00.0020000" startTime="2018-09-20T12:47:57.0000000+02:00" endTime="2018-09-20T12:47:57.0000000+02:00" testType="13cdc9d9-ddb5-4fa4-a97d-d965ccfc6d4b" outcome="Passed" testListId="8c84fa94-04c1-424b-9868-57a2d4851a1d" relativeResultsDirectory="c0f0333a-f635-4bea-b884-1d49be06081b" /><UnitTestResult executionId="7db3b652-fbe4-4b6f-99c4-010709a9593d" testId="02906d83-d730-4a75-b133-02753e36db23" testName="ABeaconSendingFlushSessionsStateConfiguresAllUnconfiguredSessions" computerName="TAG009442327432" duration="00:00:00.0020000" startTime="2018-09-20T12:47:58.0000000+02:00" endTime="2018-09-20T12:47:58.0000000+02:00" testType="13cdc9d9-ddb5-4fa4-a97d-d965ccfc6d4b" outcome="Passed" testListId="8c84fa94-04c1-424b-9868-57a2d4851a1d" relativeResultsDirectory="7db3b652-fbe4-4b6f-99c4-010709a9593d" /><UnitTestResult executionId="91717709-15a5-443a-a4e1-f0323878dd42" testId="f10f067f-453c-4271-9763-1d5750aebc3d" testName="TimeSyncRequestsAreInterruptedAfterUnsuccessfulRetriesWithNullResponse" computerName="TAG009442327432" duration="00:00:00.0010000" startTime="2018-09-20T12:47:58.0000000+02:00" endTime="2018-09-20T12:47:58.0000000+02:00" testType="13cdc9d9-ddb5-4fa4-a97d-d965ccfc6d4b" outcome="Passed" testListId="8c84fa94-04c1-424b-9868-57a2d4851a1d" relativeResultsDirectory="91717709-15a5-443a-a4e1-f0323878dd42" /><UnitTestResult executionId="3a113977-5e0d-4eb2-a355-9177cbfe7a90" testId="0647ace1-3019-4952-b56a-c1ba8b803990" testName="ErrorLogsAppropriateMessage" computerName="TAG009442327432" duration="00:00:00.0010000" startTime="2018-09-20T12:47:58.0000000+02:00" endTime="2018-09-20T12:47:58.0000000+02:00" testType="13cdc9d9-ddb5-4fa4-a97d-d965ccfc6d4b" outcome="Passed" testListId="8c84fa94-04c1-424b-9868-57a2d4851a1d" relativeResultsDirectory="3a113977-5e0d-4eb2-a355-9177cbfe7a90" /><UnitTestResult executionId="81e25ef6-3951-46b8-8981-2d36fc0c09af" testId="1c4b0773-bd8c-4a9d-926e-5ece2b0052bf" testName="ReportStringValueWithValueBeingNullWorks" computerName="TAG009442327432" duration="00:00:00.0010000" startTime="2018-09-20T12:47:57.0000000+02:00" endTime="2018-09-20T12:47:57.0000000+02:00" testType="13cdc9d9-ddb5-4fa4-a97d-d965ccfc6d4b" outcome="Passed" testListId="8c84fa94-04c1-424b-9868-57a2d4851a1d" relativeResultsDirectory="81e25ef6-3951-46b8-8981-2d36fc0c09af" /><UnitTestResult executionId="6cb70bb1-ad93-4e7f-b094-2961fb1fe300" testId="744760ee-ad4a-42e0-ba8a-b86989e5567a" testName="TerminalStateCallsShutdownOnExecution" computerName="TAG009442327432" duration="00:00:00.0000001" startTime="2018-09-20T12:47:58.0000000+02:00" endTime="2018-09-20T12:47:58.0000000+02:00" testType="13cdc9d9-ddb5-4fa4-a97d-d965ccfc6d4b" outcome="Passed" testListId="8c84fa94-04c1-424b-9868-57a2d4851a1d" relativeResultsDirectory="6cb70bb1-ad93-4e7f-b094-2961fb1fe300" /><UnitTestResult executionId="446dae3f-9416-47fe-abf7-11484b8a06d3" testId="7f058b37-0378-46b4-96ef-b0f69b9d1065" testName="ResponseSendTimeIsParsed" computerName="TAG009442327432" duration="00:00:00.0000001" startTime="2018-09-20T12:48:00.0000000+02:00" endTime="2018-09-20T12:48:00.0000000+02:00" testType="13cdc9d9-ddb5-4fa4-a97d-d965ccfc6d4b" outcome="Passed" testListId="8c84fa94-04c1-424b-9868-57a2d4851a1d" relativeResultsDirectory="446dae3f-9416-47fe-abf7-11484b8a06d3" /><UnitTestResult executionId="339fefdc-c0fb-4c58-992b-60523aee0b66" testId="20ee215a-11bb-4e3c-b428-624aa5fe78e3" testName="CacheSizeLowerBound" computerName="TAG009442327432" duration="00:00:00.0000001" startTime="2018-09-20T12:47:58.0000000+02:00" endTime="2018-09-20T12:47:58.0000000+02:00" testType="13cdc9d9-ddb5-4fa4-a97d-d965ccfc6d4b" outcome="Passed" testListId="8c84fa94-04c1-424b-9868-57a2d4851a1d" relativeResultsDirectory="339fefdc-c0fb-4c58-992b-60523aee0b66" /><UnitTestResult executionId="66b652df-1504-450b-9541-e72ff108677e" testId="f549b162-7ab0-4599-b6f7-050d9b6d4e75" testName="CopyDataForChunkingMovesData" computerName="TAG009442327432" duration="00:00:00.0010000" startTime="2018-09-20T12:47:57.0000000+02:00" endTime="2018-09-20T12:47:57.0000000+02:00" testType="13cdc9d9-ddb5-4fa4-a97d-d965ccfc6d4b" outcome="Passed" testListId="8c84fa94-04c1-424b-9868-57a2d4851a1d" relativeResultsDirectory="66b652df-1504-450b-9541-e72ff108677e" /><UnitTestResult executionId="f2016cc8-4ab8-4536-b63b-7354a6f2f349" testId="c5d118bb-7573-45a9-8e74-c8d02692fd83" testName="CanSetBeaconCacheUpperMemoryBoundaryForDynatrace" computerName="TAG009442327432" duration="00:00:00.0010000" startTime="2018-09-20T12:47:58.0000000+02:00" endTime="2018-09-20T12:47:58.0000000+02:00" testType="13cdc9d9-ddb5-4fa4-a97d-d965ccfc6d4b" outcome="Passed" testListId="8c84fa94-04c1-424b-9868-57a2d4851a1d" relativeResultsDirectory="f2016cc8-4ab8-4536-b63b-7354a6f2f349" /><UnitTestResult executionId="00fc5c8f-df3c-4350-9e22-2d7786a3dcd7" testId="0179c90b-deae-4d55-92a4-3ccbb58a33d7" testName="NoActionIsAddedIfBeaconConfigurationDisablesCapturing" computerName="TAG009442327432" duration="00:00:00.0010000" startTime="2018-09-20T12:47:58.0000000+02:00" endTime="2018-09-20T12:47:58.0000000+02:00" testType="13cdc9d9-ddb5-4fa4-a97d-d965ccfc6d4b" outcome="Passed" testListId="8c84fa94-04c1-424b-9868-57a2d4851a1d" relativeResultsDirectory="00fc5c8f-df3c-4350-9e22-2d7786a3dcd7" /><UnitTestResult executionId="335ef280-bcfd-4b06-aa4d-6c7693f8e05f" testId="cf8bbdbf-f564-4e9d-84e1-7b0fa8051211" testName="NoEventIsReportedIfBeaconConfigurationDisablesCapturing" computerName="TAG009442327432" duration="00:00:00.0010000" startTime="2018-09-20T12:47:58.0000000+02:00" endTime="2018-09-20T12:47:58.0000000+02:00" testType="13cdc9d9-ddb5-4fa4-a97d-d965ccfc6d4b" outcome="Passed" testListId="8c84fa94-04c1-424b-9868-57a2d4851a1d" relativeResultsDirectory="335ef280-bcfd-4b06-aa4d-6c7693f8e05f" /><UnitTestResult executionId="0944d978-2c7d-44f5-9c66-58671fc71f20" testId="bc59bf58-bc9f-4675-80ad-fe82be6dad0a" testName="IpV6AddressHexCompressedIsInvalidFirstBlockMissing" computerName="TAG009442327432" duration="00:00:00.0000001" startTime="2018-09-20T12:47:58.0000000+02:00" endTime="2018-09-20T12:47:58.0000000+02:00" testType="13cdc9d9-ddb5-4fa4-a97d-d965ccfc6d4b" outcome="Passed" testListId="8c84fa94-04c1-424b-9868-57a2d4851a1d" relativeResultsDirectory="0944d978-2c7d-44f5-9c66-58671fc71f20" /><UnitTestResult executionId="44bb9d17-824c-468b-a954-a330a73eed58" testId="64b851bc-3670-4670-9f4a-816b1d0a9826" testName="StopCanOnlyBeExecutedOnce" computerName="TAG009442327432" duration="00:00:00.0010000" startTime="2018-09-20T12:47:58.0000000+02:00" endTime="2018-09-20T12:47:58.0000000+02:00" testType="13cdc9d9-ddb5-4fa4-a97d-d965ccfc6d4b" outcome="Passed" testListId="8c84fa94-04c1-424b-9868-57a2d4851a1d" relativeResultsDirectory="44bb9d17-824c-468b-a954-a330a73eed58" /><UnitTestResult executionId="2b1355f5-4871-452f-a448-bed12b746bb3" testId="48fe8a31-67b6-4f60-99a1-bcfca0a9e475" testName="TimeSyncRequetsAreRetried" computerName="TAG009442327432" duration="00:00:00.0030000" startTime="2018-09-20T12:47:58.0000000+02:00" endTime="2018-09-20T12:47:58.0000000+02:00" testType="13cdc9d9-ddb5-4fa4-a97d-d965ccfc6d4b" outcome="Passed" testListId="8c84fa94-04c1-424b-9868-57a2d4851a1d" relativeResultsDirectory="2b1355f5-4871-452f-a448-bed12b746bb3" /><UnitTestResult executionId="13cf7560-9a23-49c8-9c1f-d890ffa9cd3a" testId="67111b74-b700-4096-94bf-9b3fbd901730" testName="ParsingTooBigSendIntervalOverflows" computerName="TAG009442327432" duration="00:00:00.0010000" startTime="2018-09-20T12:48:00.0000000+02:00" endTime="2018-09-20T12:48:00.0000000+02:00" testType="13cdc9d9-ddb5-4fa4-a97d-d965ccfc6d4b" outcome="Passed" testListId="8c84fa94-04c1-424b-9868-57a2d4851a1d" relativeResultsDirectory="13cf7560-9a23-49c8-9c1f-d890ffa9cd3a" /><UnitTestResult executionId="a6fd111d-a1e9-4d43-8bfc-c0ed31fa0c6f" testId="daa296bb-4f9b-4998-a6b5-8474a4328f37" testName="AnActionCanOnlyBeLeftOnce" computerName="TAG009442327432" duration="00:00:00.0280000" startTime="2018-09-20T12:47:57.0000000+02:00" endTime="2018-09-20T12:47:57.0000000+02:00" testType="13cdc9d9-ddb5-4fa4-a97d-d965ccfc6d4b" outcome="Passed" testListId="8c84fa94-04c1-424b-9868-57a2d4851a1d" relativeResultsDirectory="a6fd111d-a1e9-4d43-8bfc-c0ed31fa0c6f" /><UnitTestResult executionId="6ad9c976-da0a-4c98-9b64-a09f13b57057" testId="bce7ed24-0941-4f11-9732-2d726a37cce0" testName="CanAddRootActionIfCaptureIsOn" computerName="TAG009442327432" duration="00:00:00.0010000" startTime="2018-09-20T12:47:58.0000000+02:00" endTime="2018-09-20T12:47:58.0000000+02:00" testType="13cdc9d9-ddb5-4fa4-a97d-d965ccfc6d4b" outcome="Passed" testListId="8c84fa94-04c1-424b-9868-57a2d4851a1d" relativeResultsDirectory="6ad9c976-da0a-4c98-9b64-a09f13b57057" /><UnitTestResult executionId="a8943f6e-c324-426b-aebf-57af977c96e7" testId="259acef0-9abf-43e6-bfd1-e82b82701cd3" testName="IpV4AddressIsInvalidDoubleColonsInsteadOfPoints" computerName="TAG009442327432" duration="00:00:00.0000001" startTime="2018-09-20T12:47:58.0000000+02:00" endTime="2018-09-20T12:47:58.0000000+02:00" testType="13cdc9d9-ddb5-4fa4-a97d-d965ccfc6d4b" outcome="Passed" testListId="8c84fa94-04c1-424b-9868-57a2d4851a1d" relativeResultsDirectory="a8943f6e-c324-426b-aebf-57af977c96e7" /><UnitTestResult executionId="e232504b-abaa-4d97-833b-b6440e6aa594" testId="e9cf4c27-dd8f-4042-8e0a-afe8fe92ecb2" testName="AnURLIsOnlySetInConstructorIfItIsValid" computerName="TAG009442327432" duration="00:00:00.0010000" startTime="2018-09-20T12:47:58.0000000+02:00" endTime="2018-09-20T12:47:58.0000000+02:00" testType="13cdc9d9-ddb5-4fa4-a97d-d965ccfc6d4b" outcome="Passed" testListId="8c84fa94-04c1-424b-9868-57a2d4851a1d" relativeResultsDirectory="e232504b-abaa-4d97-833b-b6440e6aa594" /><UnitTestResult executionId="0cce4aba-6bc6-444d-acd2-bc47b628c496" testId="f3d200e2-b398-47ba-8801-7b5c06131eb6" testName="EndCallsWrappedSession" computerName="TAG009442327432" duration="00:00:00.0010000" startTime="2018-09-20T12:47:58.0000000+02:00" endTime="2018-09-20T12:47:58.0000000+02:00" testType="13cdc9d9-ddb5-4fa4-a97d-d965ccfc6d4b" outcome="Passed" testListId="8c84fa94-04c1-424b-9868-57a2d4851a1d" relativeResultsDirectory="0cce4aba-6bc6-444d-acd2-bc47b628c496" /><UnitTestResult executionId="93e781f6-7594-41e9-82cb-50308ffe584e" testId="ebafb1b2-c109-4694-a803-5a957c6a60ea" testName="SendBeaconRequestReturnsAnUnknownErrorResponseForWrongHttpResponse" computerName="TAG009442327432" duration="00:00:00.0020000" startTime="2018-09-20T12:47:58.0000000+02:00" endTime="2018-09-20T12:47:58.0000000+02:00" testType="13cdc9d9-ddb5-4fa4-a97d-d965ccfc6d4b" outcome="Passed" testListId="8c84fa94-04c1-424b-9868-57a2d4851a1d" relativeResultsDirectory="93e781f6-7594-41e9-82cb-50308ffe584e" /><UnitTestResult executionId="80a97d7e-1bda-4ae1-b809-71ab79dde385" testId="043b91c8-0be2-456e-8cbd-476cb73743cb" testName="ContextIsInitializedWithInitState" computerName="TAG009442327432" duration="00:00:00.0000001" startTime="2018-09-20T12:47:58.0000000+02:00" endTime="2018-09-20T12:47:58.0000000+02:00" testType="13cdc9d9-ddb5-4fa4-a97d-d965ccfc6d4b" outcome="Passed" testListId="8c84fa94-04c1-424b-9868-57a2d4851a1d" relativeResultsDirectory="80a97d7e-1bda-4ae1-b809-71ab79dde385" /><UnitTestResult executionId="6107d182-c8bc-457e-a9bc-1cc16717dfef" testId="18b5f2f2-b82a-44c7-a92c-f248d5860779" testName="RemoveOldestRecordsComparesTopActionAndEventDataAndRemovesOldest" computerName="TAG009442327432" duration="00:00:00.0020000" startTime="2018-09-20T12:47:57.0000000+02:00" endTime="2018-09-20T12:47:57.0000000+02:00" testType="13cdc9d9-ddb5-4fa4-a97d-d965ccfc6d4b" outcome="Passed" testListId="8c84fa94-04c1-424b-9868-57a2d4851a1d" relativeResultsDirectory="6107d182-c8bc-457e-a9bc-1cc16717dfef" /><UnitTestResult executionId="f95e9b33-34f3-4070-9323-eb0e6f0ec3c6" testId="33074d8f-6811-440a-b659-27df0a536b22" testName="SendStatusRequestReturnsAnUnknownErrorResponseForUnparseableStatusResponse" computerName="TAG009442327432" duration="00:00:00.0010000" startTime="2018-09-20T12:47:59.0000000+02:00" endTime="2018-09-20T12:47:59.0000000+02:00" testType="13cdc9d9-ddb5-4fa4-a97d-d965ccfc6d4b" outcome="Passed" testListId="8c84fa94-04c1-424b-9868-57a2d4851a1d" relativeResultsDirectory="f95e9b33-34f3-4070-9323-eb0e6f0ec3c6" /><UnitTestResult executionId="2f210dc5-9426-42bd-b4a4-35b66f17757e" testId="3c1159e6-bf0d-4cf7-b9d8-0d823ee42ccd" testName="ActionReportedForDataCollectionLevel1" computerName="TAG009442327432" duration="00:00:00.0010000" startTime="2018-09-20T12:47:58.0000000+02:00" endTime="2018-09-20T12:47:58.0000000+02:00" testType="13cdc9d9-ddb5-4fa4-a97d-d965ccfc6d4b" outcome="Passed" testListId="8c84fa94-04c1-424b-9868-57a2d4851a1d" relativeResultsDirectory="2f210dc5-9426-42bd-b4a4-35b66f17757e" /><UnitTestResult executionId="283677ab-ae09-4cd7-92dc-38ae16815b2b" testId="9ad53bcc-ad51-473b-b78b-fd094a3b7e86" testName="CapturingIsDisabledIfResponseCodeIndicatesFailures" computerName="TAG009442327432" duration="00:00:00.0000001" startTime="2018-09-20T12:47:58.0000000+02:00" endTime="2018-09-20T12:47:58.0000000+02:00" testType="13cdc9d9-ddb5-4fa4-a97d-d965ccfc6d4b" outcome="Passed" testListId="8c84fa94-04c1-424b-9868-57a2d4851a1d" relativeResultsDirectory="283677ab-ae09-4cd7-92dc-38ae16815b2b" /><UnitTestResult executionId="1ceaa991-d6a0-4aa5-9d51-758cb2998e34" testId="632f77b9-c503-4449-a233-0c498a6f1c29" testName="TraceWebRequestGivesNullWebRequestTracerIfUrlIsNull" computerName="TAG009442327432" duration="00:00:00.0010000" startTime="2018-09-20T12:47:58.0000000+02:00" endTime="2018-09-20T12:47:58.0000000+02:00" testType="13cdc9d9-ddb5-4fa4-a97d-d965ccfc6d4b" outcome="Passed" testListId="8c84fa94-04c1-424b-9868-57a2d4851a1d" relativeResultsDirectory="1ceaa991-d6a0-4aa5-9d51-758cb2998e34" /><UnitTestResult executionId="215254d7-c1d2-4289-9adf-c7d606175459" testId="a27b2cfb-c1b4-44ac-be03-267a17315a19" testName="SendNewSessionRequestReturnsErrorCode" computerName="TAG009442327432" duration="00:00:00.0010000" startTime="2018-09-20T12:47:59.0000000+02:00" endTime="2018-09-20T12:47:59.0000000+02:00" testType="13cdc9d9-ddb5-4fa4-a97d-d965ccfc6d4b" outcome="Passed" testListId="8c84fa94-04c1-424b-9868-57a2d4851a1d" relativeResultsDirectory="215254d7-c1d2-4289-9adf-c7d606175459" /><UnitTestResult executionId="a07203ef-52bf-483b-b038-e306b95e8d35" testId="4bf1d349-d1ad-450a-abf4-40916fab169e" testName="IsErrorEnabledIsTrueIfVerboseIsFalse" computerName="TAG009442327432" duration="00:00:00.0000001" startTime="2018-09-20T12:47:58.0000000+02:00" endTime="2018-09-20T12:47:58.0000000+02:00" testType="13cdc9d9-ddb5-4fa4-a97d-d965ccfc6d4b" outcome="Passed" testListId="8c84fa94-04c1-424b-9868-57a2d4851a1d" relativeResultsDirectory="a07203ef-52bf-483b-b038-e306b95e8d35" /><UnitTestResult executionId="4a3a422f-1489-43f2-a536-13267e827baf" testId="81e5653a-fb1f-4641-ab4b-799220335657" testName="NewSessionRequestsAreMadeForAllNewSessions" computerName="TAG009442327432" duration="00:00:00.0020000" startTime="2018-09-20T12:47:58.0000000+02:00" endTime="2018-09-20T12:47:58.0000000+02:00" testType="13cdc9d9-ddb5-4fa4-a97d-d965ccfc6d4b" outcome="Passed" testListId="8c84fa94-04c1-424b-9868-57a2d4851a1d" relativeResultsDirectory="4a3a422f-1489-43f2-a536-13267e827baf" /><UnitTestResult executionId="26945d1e-d4ab-4dd5-842d-74556410a434" testId="c873e85a-9fc0-40a0-b053-7b5d576c1e72" testName="ToStringReturnStateName" computerName="TAG009442327432" duration="00:00:00.0010000" startTime="2018-09-20T12:47:58.0000000+02:00" endTime="2018-09-20T12:47:58.0000000+02:00" testType="13cdc9d9-ddb5-4fa4-a97d-d965ccfc6d4b" outcome="Passed" testListId="8c84fa94-04c1-424b-9868-57a2d4851a1d" relativeResultsDirectory="26945d1e-d4ab-4dd5-842d-74556410a434" /><UnitTestResult executionId="0f782c1f-3abd-47ec-be39-841a29bd227b" testId="3df7f8fd-a063-44b2-8316-99b8effd6f86" testName="GetCrashReportingLevel" computerName="TAG009442327432" duration="00:00:00.0020000" startTime="2018-09-20T12:47:58.0000000+02:00" endTime="2018-09-20T12:47:58.0000000+02:00" testType="13cdc9d9-ddb5-4fa4-a97d-d965ccfc6d4b" outcome="Passed" testListId="8c84fa94-04c1-424b-9868-57a2d4851a1d" relativeResultsDirectory="0f782c1f-3abd-47ec-be39-841a29bd227b" /><UnitTestResult executionId="3838a889-6e13-44c7-a0af-12572c045404" testId="c007c490-9319-45f1-90c4-3fba3cca6b30" testName="ReportStringValueDoesNothingIfValueNameIsNull" computerName="TAG009442327432" duration="00:00:00.0010000" startTime="2018-09-20T12:47:57.0000000+02:00" endTime="2018-09-20T12:47:57.0000000+02:00" testType="13cdc9d9-ddb5-4fa4-a97d-d965ccfc6d4b" outcome="Passed" testListId="8c84fa94-04c1-424b-9868-57a2d4851a1d" relativeResultsDirectory="3838a889-6e13-44c7-a0af-12572c045404" /><UnitTestResult executionId="9752efcf-317b-4942-8967-8165cbcd0cd8" testId="898afd58-9a5e-4028-94d1-0873743a7c4b" testName="ShutdownStateIsFlushState" computerName="TAG009442327432" duration="00:00:00.0000001" startTime="2018-09-20T12:47:58.0000000+02:00" endTime="2018-09-20T12:47:58.0000000+02:00" testType="13cdc9d9-ddb5-4fa4-a97d-d965ccfc6d4b" outcome="Passed" testListId="8c84fa94-04c1-424b-9868-57a2d4851a1d" relativeResultsDirectory="9752efcf-317b-4942-8967-8165cbcd0cd8" /><UnitTestResult executionId="0cf72dd0-ef38-4e1b-af58-0692cc050c37" testId="67d38c1b-4f1b-47e4-a7d2-6d03e4e9fd35" testName="ExecuteEvictionLogsEvictionResultIfDebugIsEnabled" computerName="TAG009442327432" duration="00:00:00.0010000" startTime="2018-09-20T12:47:57.0000000+02:00" endTime="2018-09-20T12:47:57.0000000+02:00" testType="13cdc9d9-ddb5-4fa4-a97d-d965ccfc6d4b" outcome="Passed" testListId="8c84fa94-04c1-424b-9868-57a2d4851a1d" relativeResultsDirectory="0cf72dd0-ef38-4e1b-af58-0692cc050c37" /><UnitTestResult executionId="2589c13f-df6c-4da3-8cf4-d9b45b0ab64a" testId="99f43d5f-d9d1-470b-9bed-c8b1dabc8386" testName="StringValueNotReportedForDataCollectionLevel0" computerName="TAG009442327432" duration="00:00:00.0010000" startTime="2018-09-20T12:47:58.0000000+02:00" endTime="2018-09-20T12:47:58.0000000+02:00" testType="13cdc9d9-ddb5-4fa4-a97d-d965ccfc6d4b" outcome="Passed" testListId="8c84fa94-04c1-424b-9868-57a2d4851a1d" relativeResultsDirectory="2589c13f-df6c-4da3-8cf4-d9b45b0ab64a" /><UnitTestResult executionId="79c1085e-85e1-4ba5-b1c3-d4ed564bd95c" testId="b483e221-2273-43d9-8e48-88bba829ee37" testName="AddActionDataRaisesEvent" computerName="TAG009442327432" duration="00:00:00.0010000" startTime="2018-09-20T12:47:57.0000000+02:00" endTime="2018-09-20T12:47:57.0000000+02:00" testType="13cdc9d9-ddb5-4fa4-a97d-d965ccfc6d4b" outcome="Passed" testListId="8c84fa94-04c1-424b-9868-57a2d4851a1d" relativeResultsDirectory="79c1085e-85e1-4ba5-b1c3-d4ed564bd95c" /><UnitTestResult executionId="bec971d3-890d-4350-91d5-d6faf1016c8e" testId="423bd274-9189-4f9b-8089-36cacfc9eeb3" testName="IsInfoEnabledIsFalseIfVerboseIsFalse" computerName="TAG009442327432" duration="00:00:00.0000001" startTime="2018-09-20T12:47:58.0000000+02:00" endTime="2018-09-20T12:47:58.0000000+02:00" testType="13cdc9d9-ddb5-4fa4-a97d-d965ccfc6d4b" outcome="Passed" testListId="8c84fa94-04c1-424b-9868-57a2d4851a1d" relativeResultsDirectory="bec971d3-890d-4350-91d5-d6faf1016c8e" /><UnitTestResult executionId="adfe1da5-d7ac-4975-8926-2b13a12cd108" testId="f791f8c2-0d68-4cdf-9c7c-849e16491b71" testName="DataSizeInBytes" computerName="TAG009442327432" duration="00:00:00.0010000" startTime="2018-09-20T12:47:57.0000000+02:00" endTime="2018-09-20T12:47:57.0000000+02:00" testType="13cdc9d9-ddb5-4fa4-a97d-d965ccfc6d4b" outcome="Passed" testListId="8c84fa94-04c1-424b-9868-57a2d4851a1d" relativeResultsDirectory="adfe1da5-d7ac-4975-8926-2b13a12cd108" /><UnitTestResult executionId="9a0edab1-c071-4502-a4c5-34047bf93a28" testId="4eff2e16-b6ec-46fc-a29b-6635c00fbb4d" testName="TransitionToTimeSyncIsPerformedOnSuccess" computerName="TAG009442327432" duration="00:00:00.0000001" startTime="2018-09-20T12:47:58.0000000+02:00" endTime="2018-09-20T12:47:58.0000000+02:00" testType="13cdc9d9-ddb5-4fa4-a97d-d965ccfc6d4b" outcome="Passed" testListId="8c84fa94-04c1-424b-9868-57a2d4851a1d" relativeResultsDirectory="9a0edab1-c071-4502-a4c5-34047bf93a28" /><UnitTestResult executionId="8145ec9b-4ef7-4ae5-9202-a587c58bf444" testId="0209b83b-f3bf-426e-8da8-09c480746b7e" testName="MarkForSending" computerName="TAG009442327432" duration="00:00:00.0000001" startTime="2018-09-20T12:47:57.0000000+02:00" endTime="2018-09-20T12:47:57.0000000+02:00" testType="13cdc9d9-ddb5-4fa4-a97d-d965ccfc6d4b" outcome="Passed" testListId="8c84fa94-04c1-424b-9868-57a2d4851a1d" relativeResultsDirectory="8145ec9b-4ef7-4ae5-9202-a587c58bf444" /><UnitTestResult executionId="a4b24322-d45b-49e1-8de5-1afbd45c1c61" testId="47cf8acc-58b4-4048-a82c-ce6cc3b8834c" testName="ShouldRunGivesFalseIfNumBytesInCacheIsEqualToUpperBoundLimit" computerName="TAG009442327432" duration="00:00:00.0000001" startTime="2018-09-20T12:47:57.0000000+02:00" endTime="2018-09-20T12:47:57.0000000+02:00" testType="13cdc9d9-ddb5-4fa4-a97d-d965ccfc6d4b" outcome="Passed" testListId="8c84fa94-04c1-424b-9868-57a2d4851a1d" relativeResultsDirectory="a4b24322-d45b-49e1-8de5-1afbd45c1c61" /><UnitTestResult executionId="b27bce63-015f-4bc9-98d7-a7a8088ebaec" testId="eb29a708-b52f-43f9-8537-d65cb3d496bb" testName="AfterAFinishedSessionHasBeenConfiguredItsFinishedAndConfigured" computerName="TAG009442327432" duration="00:00:00.0050000" startTime="2018-09-20T12:47:58.0000000+02:00" endTime="2018-09-20T12:47:58.0000000+02:00" testType="13cdc9d9-ddb5-4fa4-a97d-d965ccfc6d4b" outcome="Passed" testListId="8c84fa94-04c1-424b-9868-57a2d4851a1d" relativeResultsDirectory="b27bce63-015f-4bc9-98d7-a7a8088ebaec"><Output><StdOut>2018-09-20T10:47:58.0744045Z DEBUG [3] BeaconSender StartSession
2018-09-20T10:47:58.0754010Z DEBUG [3] BeaconCache AddEventData(sn=1, timestamp=0, data='et=18&amp;it=0&amp;pa=0&amp;s0=1&amp;t0=0')
2018-09-20T10:47:58.0754010Z DEBUG [3] BeaconSender StartSession
2018-09-20T10:47:58.0754010Z DEBUG [3] BeaconCache AddEventData(sn=2, timestamp=0, data='et=18&amp;it=0&amp;pa=0&amp;s0=1&amp;t0=0')</StdOut></Output></UnitTestResult><UnitTestResult executionId="0af6bf74-2cc2-4871-989c-00891d734f34" testId="19d6d8be-067a-4446-a035-48710b2b641c" testName="SendStatusRequestIsRetriedThreeTimesBeforeGivingUp" computerName="TAG009442327432" duration="00:00:00.4050000" startTime="2018-09-20T12:47:59.0000000+02:00" endTime="2018-09-20T12:47:59.0000000+02:00" testType="13cdc9d9-ddb5-4fa4-a97d-d965ccfc6d4b" outcome="Passed" testListId="8c84fa94-04c1-424b-9868-57a2d4851a1d" relativeResultsDirectory="0af6bf74-2cc2-4871-989c-00891d734f34" /><UnitTestResult executionId="0852a1bf-cc86-4cab-8330-aa929a299711" testId="bbde9f79-28cb-4d98-9f35-e25b88fae06c" testName="CannotSetNullTrustManagerForDynatrace" computerName="TAG009442327432" duration="00:00:00.0010000" startTime="2018-09-20T12:47:58.0000000+02:00" endTime="2018-09-20T12:47:58.0000000+02:00" testType="13cdc9d9-ddb5-4fa4-a97d-d965ccfc6d4b" outcome="Passed" testListId="8c84fa94-04c1-424b-9868-57a2d4851a1d" relativeResultsDirectory="0852a1bf-cc86-4cab-8330-aa929a299711" /><UnitTestResult executionId="78043f0e-3319-44b9-a2b9-afbf3db40ef4" testId="be0f09f4-3d2c-46ac-ae64-61e3af88a1c8" testName="NeedsDataCopyBeforeChunkingGivesTrueBeforeDataIsCopied" computerName="TAG009442327432" duration="00:00:00.0000001" startTime="2018-09-20T12:47:57.0000000+02:00" endTime="2018-09-20T12:47:57.0000000+02:00" testType="13cdc9d9-ddb5-4fa4-a97d-d965ccfc6d4b" outcome="Passed" testListId="8c84fa94-04c1-424b-9868-57a2d4851a1d" relativeResultsDirectory="78043f0e-3319-44b9-a2b9-afbf3db40ef4" /><UnitTestResult executionId="96caed4e-a7ed-41d6-ac85-1037c7aafc73" testId="94b6a888-9fea-4535-957a-4aa03e65dcd6" testName="ExecuteIsCalledOnCurrentState" computerName="TAG009442327432" duration="00:00:00.0030000" startTime="2018-09-20T12:47:58.0000000+02:00" endTime="2018-09-20T12:47:58.0000000+02:00" testType="13cdc9d9-ddb5-4fa4-a97d-d965ccfc6d4b" outcome="Passed" testListId="8c84fa94-04c1-424b-9868-57a2d4851a1d" relativeResultsDirectory="96caed4e-a7ed-41d6-ac85-1037c7aafc73" /><UnitTestResult executionId="4d467c07-d26e-4d67-818b-f33699ec376d" testId="3e8ee21c-1996-420d-8085-82e5b0e2d971" testName="IpV6AddressLinkLocalIsValidVeryShortLinkLocal" computerName="TAG009442327432" duration="00:00:00.0000001" startTime="2018-09-20T12:47:58.0000000+02:00" endTime="2018-09-20T12:47:58.0000000+02:00" testType="13cdc9d9-ddb5-4fa4-a97d-d965ccfc6d4b" outcome="Passed" testListId="8c84fa94-04c1-424b-9868-57a2d4851a1d" relativeResultsDirectory="4d467c07-d26e-4d67-818b-f33699ec376d" /><UnitTestResult executionId="ae478bbb-7f7d-49d1-a678-ca47a26af0e7" testId="5faaef72-4dbd-4031-bf16-dd8265e7e774" testName="ParsingSendInterval" computerName="TAG009442327432" duration="00:00:00.0010000" startTime="2018-09-20T12:48:00.0000000+02:00" endTime="2018-09-20T12:48:00.0000000+02:00" testType="13cdc9d9-ddb5-4fa4-a97d-d965ccfc6d4b" outcome="Passed" testListId="8c84fa94-04c1-424b-9868-57a2d4851a1d" relativeResultsDirectory="ae478bbb-7f7d-49d1-a678-ca47a26af0e7" /><UnitTestResult executionId="b9998dd2-e79c-4124-841e-727b51fc7756" testId="969346da-6f46-4769-9720-a02d523b1922" testName="IsTooManyRequestsResponseReturnsTrueIfResponseCodeIndicatesTooManyRequests" computerName="TAG009442327432" duration="00:00:00.0000001" startTime="2018-09-20T12:47:58.0000000+02:00" endTime="2018-09-20T12:47:58.0000000+02:00" testType="13cdc9d9-ddb5-4fa4-a97d-d965ccfc6d4b" outcome="Passed" testListId="8c84fa94-04c1-424b-9868-57a2d4851a1d" relativeResultsDirectory="b9998dd2-e79c-4124-841e-727b51fc7756" /><UnitTestResult executionId="3612d25b-a856-4ac4-88dd-13973448632a" testId="e45f6a79-ef99-4f36-855d-00147cc2b097" testName="IntValueNotReportedForDataCollectionLevel1" computerName="TAG009442327432" duration="00:00:00.0010000" startTime="2018-09-20T12:47:58.0000000+02:00" endTime="2018-09-20T12:47:58.0000000+02:00" testType="13cdc9d9-ddb5-4fa4-a97d-d965ccfc6d4b" outcome="Passed" testListId="8c84fa94-04c1-424b-9868-57a2d4851a1d" relativeResultsDirectory="3612d25b-a856-4ac4-88dd-13973448632a" /><UnitTestResult executionId="c2871cac-8533-4bd2-81bf-0bdab239679b" testId="c06a3273-2738-434d-8787-5d199a91da6d" testName="GetHttpClientUsesCurrentHttpConfig" computerName="TAG009442327432" duration="00:00:00.0010000" startTime="2018-09-20T12:47:58.0000000+02:00" endTime="2018-09-20T12:47:58.0000000+02:00" testType="13cdc9d9-ddb5-4fa4-a97d-d965ccfc6d4b" outcome="Passed" testListId="8c84fa94-04c1-424b-9868-57a2d4851a1d" relativeResultsDirectory="c2871cac-8533-4bd2-81bf-0bdab239679b" /><UnitTestResult executionId="527aad0a-94d5-44e3-b424-9938b8ca4d66" testId="e1c6943f-ce49-4008-aef0-d66513f5d219" testName="CapturingIsEnabledFromStatusResponse" computerName="TAG009442327432" duration="00:00:00.0000001" startTime="2018-09-20T12:47:58.0000000+02:00" endTime="2018-09-20T12:47:58.0000000+02:00" testType="13cdc9d9-ddb5-4fa4-a97d-d965ccfc6d4b" outcome="Passed" testListId="8c84fa94-04c1-424b-9868-57a2d4851a1d" relativeResultsDirectory="527aad0a-94d5-44e3-b424-9938b8ca4d66" /><UnitTestResult executionId="c700086e-54ff-4c24-a1a9-ff1b91849a17" testId="f7581a32-3b6b-4f35-94ab-f1f69538f201" testName="IpV6AddressIsValid" computerName="TAG009442327432" duration="00:00:00.0000001" startTime="2018-09-20T12:47:58.0000000+02:00" endTime="2018-09-20T12:47:58.0000000+02:00" testType="13cdc9d9-ddb5-4fa4-a97d-d965ccfc6d4b" outcome="Passed" testListId="8c84fa94-04c1-424b-9868-57a2d4851a1d" relativeResultsDirectory="c700086e-54ff-4c24-a1a9-ff1b91849a17" /><UnitTestResult executionId="24ef6279-1bb0-4aae-8ad7-4a683231b8d0" testId="c53e59e0-b17b-4f5c-86d6-8dc69fb68c53" testName="ToStringReturnsTheStateName" computerName="TAG009442327432" duration="00:00:00.0000001" startTime="2018-09-20T12:47:58.0000000+02:00" endTime="2018-09-20T12:47:58.0000000+02:00" testType="13cdc9d9-ddb5-4fa4-a97d-d965ccfc6d4b" outcome="Passed" testListId="8c84fa94-04c1-424b-9868-57a2d4851a1d" relativeResultsDirectory="24ef6279-1bb0-4aae-8ad7-4a683231b8d0" /><UnitTestResult executionId="3baa85c4-3ef6-488c-97f9-ae54bd5c2dc9" testId="b3d482d4-9775-4fc0-ad99-fce823b775a3" testName="SendTimeSyncRequestReturnsErrorCode" computerName="TAG009442327432" duration="00:00:00.0010000" startTime="2018-09-20T12:48:00.0000000+02:00" endTime="2018-09-20T12:48:00.0000000+02:00" testType="13cdc9d9-ddb5-4fa4-a97d-d965ccfc6d4b" outcome="Passed" testListId="8c84fa94-04c1-424b-9868-57a2d4851a1d" relativeResultsDirectory="3baa85c4-3ef6-488c-97f9-ae54bd5c2dc9" /><UnitTestResult executionId="09581cdb-5f03-45f6-ab4a-a6674c6087fc" testId="8282ae4f-144a-4b4d-9148-1475ad855536" testName="StateIsNotTerminal" computerName="TAG009442327432" duration="00:00:00.0000001" startTime="2018-09-20T12:47:58.0000000+02:00" endTime="2018-09-20T12:47:58.0000000+02:00" testType="13cdc9d9-ddb5-4fa4-a97d-d965ccfc6d4b" outcome="Passed" testListId="8c84fa94-04c1-424b-9868-57a2d4851a1d" relativeResultsDirectory="09581cdb-5f03-45f6-ab4a-a6674c6087fc" /><UnitTestResult executionId="9b042264-be8e-4575-ad15-28949603c760" testId="92cb91a1-9054-46ba-b90b-c7bb22e2dd1d" testName="InitCompleteIsCalledIfShutdownIsRequested" computerName="TAG009442327432" duration="00:00:00.0020000" startTime="2018-09-20T12:47:58.0000000+02:00" endTime="2018-09-20T12:47:58.0000000+02:00" testType="13cdc9d9-ddb5-4fa4-a97d-d965ccfc6d4b" outcome="Passed" testListId="8c84fa94-04c1-424b-9868-57a2d4851a1d" relativeResultsDirectory="9b042264-be8e-4575-ad15-28949603c760" /><UnitTestResult executionId="d5993e88-74aa-4024-8825-1e7394a7f77d" testId="237393cb-8233-4018-be12-1b82874db1a7" testName="ABeaconSendingCaptureOffStateWaitsForGivenTime" computerName="TAG009442327432" duration="00:00:00.0010000" startTime="2018-09-20T12:47:57.0000000+02:00" endTime="2018-09-20T12:47:57.0000000+02:00" testType="13cdc9d9-ddb5-4fa4-a97d-d965ccfc6d4b" outcome="Passed" testListId="8c84fa94-04c1-424b-9868-57a2d4851a1d" relativeResultsDirectory="d5993e88-74aa-4024-8825-1e7394a7f77d" /><UnitTestResult executionId="697c7bf4-2f55-453c-883e-72730b8fcd4c" testId="fb538173-6266-4291-b44a-7c4d502bf3ea" testName="RemoveRecordsOlderThanRemovesNothingIfNoActionOrEventDataExists" computerName="TAG009442327432" duration="00:00:00.0000001" startTime="2018-09-20T12:47:57.0000000+02:00" endTime="2018-09-20T12:47:57.0000000+02:00" testType="13cdc9d9-ddb5-4fa4-a97d-d965ccfc6d4b" outcome="Passed" testListId="8c84fa94-04c1-424b-9868-57a2d4851a1d" relativeResultsDirectory="697c7bf4-2f55-453c-883e-72730b8fcd4c" /><UnitTestResult executionId="c0cd59a1-9436-498e-bf4a-e0bd34d4fb1d" testId="6a0a2638-bfc0-4b49-874a-cad24fb73595" testName="TriggeringEvictionStrategiesInThread" computerName="TAG009442327432" duration="00:00:00.0100000" startTime="2018-09-20T12:47:57.0000000+02:00" endTime="2018-09-20T12:47:57.0000000+02:00" testType="13cdc9d9-ddb5-4fa4-a97d-d965ccfc6d4b" outcome="Passed" testListId="8c84fa94-04c1-424b-9868-57a2d4851a1d" relativeResultsDirectory="c0cd59a1-9436-498e-bf4a-e0bd34d4fb1d" /><UnitTestResult executionId="b5784c71-9834-4b9a-83b5-9547989f1499" testId="03af98b6-5fcb-46a4-9fe2-78cd7cae2d1a" testName="DefaultPRNGeneratorProvidesPositiveLong" computerName="TAG009442327432" duration="00:00:00.0000001" startTime="2018-09-20T12:48:00.0000000+02:00" endTime="2018-09-20T12:48:00.0000000+02:00" testType="13cdc9d9-ddb5-4fa4-a97d-d965ccfc6d4b" outcome="Passed" testListId="8c84fa94-04c1-424b-9868-57a2d4851a1d" relativeResultsDirectory="b5784c71-9834-4b9a-83b5-9547989f1499" /><UnitTestResult executionId="f558509a-bde6-4b6d-8f08-01a906f1819a" testId="26aa54a2-f7c1-4bb8-bb62-842668e9251f" testName="CanSetOperatingSystemForDynatrace" computerName="TAG009442327432" duration="00:00:00.0000001" startTime="2018-09-20T12:47:58.0000000+02:00" endTime="2018-09-20T12:47:58.0000000+02:00" testType="13cdc9d9-ddb5-4fa4-a97d-d965ccfc6d4b" outcome="Passed" testListId="8c84fa94-04c1-424b-9868-57a2d4851a1d" relativeResultsDirectory="f558509a-bde6-4b6d-8f08-01a906f1819a" /><UnitTestResult executionId="18f86e41-d90f-4060-b616-f2dc8dad8119" testId="2f683b34-ab41-48ad-a96f-8adab0ef253c" testName="ShouldRunGivesFalseIfLastRunIsLessThanMaxAgeMillisecondsAgo" computerName="TAG009442327432" duration="00:00:00.0010000" startTime="2018-09-20T12:47:57.0000000+02:00" endTime="2018-09-20T12:47:57.0000000+02:00" testType="13cdc9d9-ddb5-4fa4-a97d-d965ccfc6d4b" outcome="Passed" testListId="8c84fa94-04c1-424b-9868-57a2d4851a1d" relativeResultsDirectory="18f86e41-d90f-4060-b616-f2dc8dad8119" /><UnitTestResult executionId="5d7dacf0-b621-4050-a78c-b44d3e0abc3a" testId="8eca52c9-5269-48c8-93a9-fa01f9d39586" testName="CanSetModelIDForDynatrace" computerName="TAG009442327432" duration="00:00:00.0000001" startTime="2018-09-20T12:47:58.0000000+02:00" endTime="2018-09-20T12:47:58.0000000+02:00" testType="13cdc9d9-ddb5-4fa4-a97d-d965ccfc6d4b" outcome="Passed" testListId="8c84fa94-04c1-424b-9868-57a2d4851a1d" relativeResultsDirectory="5d7dacf0-b621-4050-a78c-b44d3e0abc3a" /><UnitTestResult executionId="3515295e-541e-4aa4-a169-bcfb564d7a8d" testId="3b8a5f81-8571-405a-99ce-163f86a21022" testName="NameIsSet" computerName="TAG009442327432" duration="00:00:00.0000001" startTime="2018-09-20T12:47:57.0000000+02:00" endTime="2018-09-20T12:47:57.0000000+02:00" testType="13cdc9d9-ddb5-4fa4-a97d-d965ccfc6d4b" outcome="Passed" testListId="8c84fa94-04c1-424b-9868-57a2d4851a1d" relativeResultsDirectory="3515295e-541e-4aa4-a169-bcfb564d7a8d" /><UnitTestResult executionId="529716a2-038a-4a0b-a225-5a0929fb3b16" testId="6a00d1cd-2537-4591-bcb2-de2b5d17ee44" testName="IpV6AddressHexCompressedIsInvalidTwoCompressedBlocks" computerName="TAG009442327432" duration="00:00:00.0000001" startTime="2018-09-20T12:47:58.0000000+02:00" endTime="2018-09-20T12:47:58.0000000+02:00" testType="13cdc9d9-ddb5-4fa4-a97d-d965ccfc6d4b" outcome="Passed" testListId="8c84fa94-04c1-424b-9868-57a2d4851a1d" relativeResultsDirectory="529716a2-038a-4a0b-a225-5a0929fb3b16" /><UnitTestResult executionId="8e118d8e-0ea0-4d5f-b1eb-d12f122fa9b9" testId="319c7059-e890-4ff4-b09e-0824f2279312" testName="IntValueNotReportedForDataCollectionLevel0" computerName="TAG009442327432" duration="00:00:00.0010000" startTime="2018-09-20T12:47:58.0000000+02:00" endTime="2018-09-20T12:47:58.0000000+02:00" testType="13cdc9d9-ddb5-4fa4-a97d-d965ccfc6d4b" outcome="Passed" testListId="8c84fa94-04c1-424b-9868-57a2d4851a1d" relativeResultsDirectory="8e118d8e-0ea0-4d5f-b1eb-d12f122fa9b9" /><UnitTestResult executionId="0b1428bc-de23-4dfe-9fdf-3efd5e91a55b" testId="6098cb7a-6f7d-4a3a-a6f3-da8266fb856e" testName="SendBeaconRequestSendsNullDataIfNullWasGiven" computerName="TAG009442327432" duration="00:00:00.0020000" startTime="2018-09-20T12:47:58.0000000+02:00" endTime="2018-09-20T12:47:58.0000000+02:00" testType="13cdc9d9-ddb5-4fa4-a97d-d965ccfc6d4b" outcome="Passed" testListId="8c84fa94-04c1-424b-9868-57a2d4851a1d" relativeResultsDirectory="0b1428bc-de23-4dfe-9fdf-3efd5e91a55b" /><UnitTestResult executionId="8aa751fe-977b-4688-9e8d-63803dfa8a97" testId="fd537504-4898-4c06-81d3-658d4b8ceae1" testName="IntValueReportedForDataCollectionLevel2" computerName="TAG009442327432" duration="00:00:00.0010000" startTime="2018-09-20T12:47:58.0000000+02:00" endTime="2018-09-20T12:47:58.0000000+02:00" testType="13cdc9d9-ddb5-4fa4-a97d-d965ccfc6d4b" outcome="Passed" testListId="8c84fa94-04c1-424b-9868-57a2d4851a1d" relativeResultsDirectory="8aa751fe-977b-4688-9e8d-63803dfa8a97" /><UnitTestResult executionId="a5ca3154-2193-4702-8020-5432d971dd6a" testId="2564d8e2-047d-449c-bd00-e4bb5fdbe852" testName="CanSetManufacturerForAppMon" computerName="TAG009442327432" duration="00:00:00.0010000" startTime="2018-09-20T12:47:58.0000000+02:00" endTime="2018-09-20T12:47:58.0000000+02:00" testType="13cdc9d9-ddb5-4fa4-a97d-d965ccfc6d4b" outcome="Passed" testListId="8c84fa94-04c1-424b-9868-57a2d4851a1d" relativeResultsDirectory="a5ca3154-2193-4702-8020-5432d971dd6a" /><UnitTestResult executionId="80a1b5fb-e855-4435-9c03-09c30c85bcac" testId="882ca267-7214-49d7-abaf-82480e40ab17" testName="VerboseIsUsedInDefaultLogger" computerName="TAG009442327432" duration="00:00:00.0000001" startTime="2018-09-20T12:47:58.0000000+02:00" endTime="2018-09-20T12:47:58.0000000+02:00" testType="13cdc9d9-ddb5-4fa4-a97d-d965ccfc6d4b" outcome="Passed" testListId="8c84fa94-04c1-424b-9868-57a2d4851a1d" relativeResultsDirectory="80a1b5fb-e855-4435-9c03-09c30c85bcac" /><UnitTestResult executionId="0988a406-4ff1-4bfe-8e58-beb1ee1a7155" testId="daf671d7-4507-47d2-b4bd-659845051ecf" testName="ParsingInvalidRequestReceiveTimeThrowsException" computerName="TAG009442327432" duration="00:00:00.0020000" startTime="2018-09-20T12:48:00.0000000+02:00" endTime="2018-09-20T12:48:00.0000000+02:00" testType="13cdc9d9-ddb5-4fa4-a97d-d965ccfc6d4b" outcome="Passed" testListId="8c84fa94-04c1-424b-9868-57a2d4851a1d" relativeResultsDirectory="0988a406-4ff1-4bfe-8e58-beb1ee1a7155" /><UnitTestResult executionId="b4f0eb3c-5633-403c-a120-aff7c627947c" testId="e7921b97-26a8-46c1-83f3-c4c30f781189" testName="ReportErrorDoesNotReportOnDataCollectionLevel0" computerName="TAG009442327432" duration="00:00:00.0010000" startTime="2018-09-20T12:47:58.0000000+02:00" endTime="2018-09-20T12:47:58.0000000+02:00" testType="13cdc9d9-ddb5-4fa4-a97d-d965ccfc6d4b" outcome="Passed" testListId="8c84fa94-04c1-424b-9868-57a2d4851a1d" relativeResultsDirectory="b4f0eb3c-5633-403c-a120-aff7c627947c" /><UnitTestResult executionId="5149d2fa-099e-493f-b7e3-5b24db824610" testId="beeb4ca3-2ea4-46f3-a1d1-a68d4878382e" testName="NullIsNotEqual" computerName="TAG009442327432" duration="00:00:00.0000001" startTime="2018-09-20T12:47:57.0000000+02:00" endTime="2018-09-20T12:47:57.0000000+02:00" testType="13cdc9d9-ddb5-4fa4-a97d-d965ccfc6d4b" outcome="Passed" testListId="8c84fa94-04c1-424b-9868-57a2d4851a1d" relativeResultsDirectory="5149d2fa-099e-493f-b7e3-5b24db824610" /><UnitTestResult executionId="08374b97-a699-4e9e-ad56-1e2bffcb7415" testId="45785542-928f-4a58-8b73-336e0890ff0e" testName="NullIsNotAValidURLScheme" computerName="TAG009442327432" duration="00:00:00.0000001" startTime="2018-09-20T12:47:58.0000000+02:00" endTime="2018-09-20T12:47:58.0000000+02:00" testType="13cdc9d9-ddb5-4fa4-a97d-d965ccfc6d4b" outcome="Passed" testListId="8c84fa94-04c1-424b-9868-57a2d4851a1d" relativeResultsDirectory="08374b97-a699-4e9e-ad56-1e2bffcb7415" /><UnitTestResult executionId="d44e2a6b-5b10-42e9-a2b6-c8e8e27e47fb" testId="583a4fd1-3940-420c-b9ea-e5ea18b0f09e" testName="DefaultBeaconConfigurationSetsMultiplicityToOne" computerName="TAG009442327432" duration="00:00:00.0000001" startTime="2018-09-20T12:47:58.0000000+02:00" endTime="2018-09-20T12:47:58.0000000+02:00" testType="13cdc9d9-ddb5-4fa4-a97d-d965ccfc6d4b" outcome="Passed" testListId="8c84fa94-04c1-424b-9868-57a2d4851a1d" relativeResultsDirectory="d44e2a6b-5b10-42e9-a2b6-c8e8e27e47fb" /><UnitTestResult executionId="dd77d53f-be5e-4722-a14c-5f2c6f393067" testId="793a7aab-d57b-4723-88f9-7f262728d6d7" testName="ExecuteEvictionDoesNotLogEvictionResultIfDebugIsDisabled" computerName="TAG009442327432" duration="00:00:00.0040000" startTime="2018-09-20T12:47:57.0000000+02:00" endTime="2018-09-20T12:47:57.0000000+02:00" testType="13cdc9d9-ddb5-4fa4-a97d-d965ccfc6d4b" outcome="Passed" testListId="8c84fa94-04c1-424b-9868-57a2d4851a1d" relativeResultsDirectory="dd77d53f-be5e-4722-a14c-5f2c6f393067" /><UnitTestResult executionId="19793e87-b20d-4d7d-90f4-5e850f2fbc7c" testId="d466dc6e-ec56-46c9-9f70-1f87fa693d7a" testName="CaptureCrashesIsTrueWhenItIsNotEqualToZero" computerName="TAG009442327432" duration="00:00:00.0010000" startTime="2018-09-20T12:48:00.0000000+02:00" endTime="2018-09-20T12:48:00.0000000+02:00" testType="13cdc9d9-ddb5-4fa4-a97d-d965ccfc6d4b" outcome="Passed" testListId="8c84fa94-04c1-424b-9868-57a2d4851a1d" relativeResultsDirectory="19793e87-b20d-4d7d-90f4-5e850f2fbc7c" /><UnitTestResult executionId="ec66b713-ab36-468d-a2a6-ea414d03c1d6" testId="27945476-73b1-4441-934e-44d1412b098c" testName="EndSequenceNumberIsSetToMinusOne" computerName="TAG009442327432" duration="00:00:00.0000001" startTime="2018-09-20T12:47:57.0000000+02:00" endTime="2018-09-20T12:47:57.0000000+02:00" testType="13cdc9d9-ddb5-4fa4-a97d-d965ccfc6d4b" outcome="Passed" testListId="8c84fa94-04c1-424b-9868-57a2d4851a1d" relativeResultsDirectory="ec66b713-ab36-468d-a2a6-ea414d03c1d6" /><UnitTestResult executionId="5eec5639-a747-4a59-87cd-919795b8108a" testId="8665fd9d-98e0-475d-9610-30f04e21964f" testName="CanSetManufactureForDynatrace" computerName="TAG009442327432" duration="00:00:00.0000001" startTime="2018-09-20T12:47:58.0000000+02:00" endTime="2018-09-20T12:47:58.0000000+02:00" testType="13cdc9d9-ddb5-4fa4-a97d-d965ccfc6d4b" outcome="Passed" testListId="8c84fa94-04c1-424b-9868-57a2d4851a1d" relativeResultsDirectory="5eec5639-a747-4a59-87cd-919795b8108a" /><UnitTestResult executionId="01fadf23-a9db-4c3e-96d6-c9a114b46f02" testId="67520275-7e67-4686-b6ca-805529b0c09e" testName="CanGetHttpClient" computerName="TAG009442327432" duration="00:00:00.0030000" startTime="2018-09-20T12:47:58.0000000+02:00" endTime="2018-09-20T12:47:58.0000000+02:00" testType="13cdc9d9-ddb5-4fa4-a97d-d965ccfc6d4b" outcome="Passed" testListId="8c84fa94-04c1-424b-9868-57a2d4851a1d" relativeResultsDirectory="01fadf23-a9db-4c3e-96d6-c9a114b46f02" /><UnitTestResult executionId="45b6125c-08c4-45f5-b8e1-f9077a131cfe" testId="e9761288-8566-4a06-9ff9-0c5b277ee91d" testName="aProviderInitializedWithZeroProvidesMinSessionIdValueAtNextCall" computerName="TAG009442327432" duration="00:00:00.0000001" startTime="2018-09-20T12:48:00.0000000+02:00" endTime="2018-09-20T12:48:00.0000000+02:00" testType="13cdc9d9-ddb5-4fa4-a97d-d965ccfc6d4b" outcome="Passed" testListId="8c84fa94-04c1-424b-9868-57a2d4851a1d" relativeResultsDirectory="45b6125c-08c4-45f5-b8e1-f9077a131cfe" /><UnitTestResult executionId="63b73b3e-a2ef-486d-b1ce-b05b4ebeb9a5" testId="84c95d67-3d32-4335-a7d6-6ec106c3e81f" testName="EvictRecordsByNumberDoesNothingAndReturnsZeroIfBeaconIDDoesNotExist" computerName="TAG009442327432" duration="00:00:00.0000001" startTime="2018-09-20T12:47:57.0000000+02:00" endTime="2018-09-20T12:47:57.0000000+02:00" testType="13cdc9d9-ddb5-4fa4-a97d-d965ccfc6d4b" outcome="Passed" testListId="8c84fa94-04c1-424b-9868-57a2d4851a1d" relativeResultsDirectory="63b73b3e-a2ef-486d-b1ce-b05b4ebeb9a5" /><UnitTestResult executionId="47e16c2a-d599-49c4-9e91-824b59e70141" testId="7b9ea203-0967-4ded-8b6a-8cb3b34bb243" testName="RandomDeviceIDCannotBeNegativeOnDataCollectionLevel1" computerName="TAG009442327432" duration="00:00:00.0010000" startTime="2018-09-20T12:47:58.0000000+02:00" endTime="2018-09-20T12:47:58.0000000+02:00" testType="13cdc9d9-ddb5-4fa4-a97d-d965ccfc6d4b" outcome="Passed" testListId="8c84fa94-04c1-424b-9868-57a2d4851a1d" relativeResultsDirectory="47e16c2a-d599-49c4-9e91-824b59e70141" /><UnitTestResult executionId="9795597b-60d5-4d54-9487-7b8a9acd44f8" testId="47031f86-9461-4aae-8c98-dbf4d2d05796" testName="TwoInstancesAreNotEqualIfTimestampDiffers" computerName="TAG009442327432" duration="00:00:00.0000001" startTime="2018-09-20T12:47:57.0000000+02:00" endTime="2018-09-20T12:47:57.0000000+02:00" testType="13cdc9d9-ddb5-4fa4-a97d-d965ccfc6d4b" outcome="Passed" testListId="8c84fa94-04c1-424b-9868-57a2d4851a1d" relativeResultsDirectory="9795597b-60d5-4d54-9487-7b8a9acd44f8" /><UnitTestResult executionId="60b86712-73eb-480b-8aa4-89ca3d3b1e7b" testId="4afa4ec3-8ba1-4673-96a0-a9930a0f6fec" testName="ParsingMonitorNames" computerName="TAG009442327432" duration="00:00:00.0010000" startTime="2018-09-20T12:48:00.0000000+02:00" endTime="2018-09-20T12:48:00.0000000+02:00" testType="13cdc9d9-ddb5-4fa4-a97d-d965ccfc6d4b" outcome="Passed" testListId="8c84fa94-04c1-424b-9868-57a2d4851a1d" relativeResultsDirectory="60b86712-73eb-480b-8aa4-89ca3d3b1e7b" /><UnitTestResult executionId="b9cf13a1-6963-462e-abe2-03d3d0052793" testId="4eb91894-e4c0-4fb7-90db-f7ac98b2cfdd" testName="ipV4AddressIsInvalidDueToIllegalValueNegative" computerName="TAG009442327432" duration="00:00:00.0000001" startTime="2018-09-20T12:47:58.0000000+02:00" endTime="2018-09-20T12:47:58.0000000+02:00" testType="13cdc9d9-ddb5-4fa4-a97d-d965ccfc6d4b" outcome="Passed" testListId="8c84fa94-04c1-424b-9868-57a2d4851a1d" relativeResultsDirectory="b9cf13a1-6963-462e-abe2-03d3d0052793" /><UnitTestResult executionId="c4cdc170-739c-4f3d-bc6e-94bcdfb7ceb5" testId="71705f05-29ea-4f22-95a7-d6943570299d" testName="GetNextBeaconChunkReturnsNullIfGivenBeaconIDDoesNotExist" computerName="TAG009442327432" duration="00:00:00.0000001" startTime="2018-09-20T12:47:57.0000000+02:00" endTime="2018-09-20T12:47:57.0000000+02:00" testType="13cdc9d9-ddb5-4fa4-a97d-d965ccfc6d4b" outcome="Passed" testListId="8c84fa94-04c1-424b-9868-57a2d4851a1d" relativeResultsDirectory="c4cdc170-739c-4f3d-bc6e-94bcdfb7ceb5" /><UnitTestResult executionId="c05b11cb-0805-4cd0-bf8d-6166ebfa0b24" testId="96f80c90-045e-4411-9362-f8c2fc1f52d4" testName="ByDefaultBeaconConfigurationIsNotSet" computerName="TAG009442327432" duration="00:00:00.0000001" startTime="2018-09-20T12:47:58.0000000+02:00" endTime="2018-09-20T12:47:58.0000000+02:00" testType="13cdc9d9-ddb5-4fa4-a97d-d965ccfc6d4b" outcome="Passed" testListId="8c84fa94-04c1-424b-9868-57a2d4851a1d" relativeResultsDirectory="c05b11cb-0805-4cd0-bf8d-6166ebfa0b24" /><UnitTestResult executionId="362a7b85-c368-4318-9904-e6f29919e86e" testId="c320c10c-9cd9-4ff6-a7ba-7a392983aa44" testName="CanAddReceivedBytesValueZeroToWebRequestTracer" computerName="TAG009442327432" duration="00:00:00.0010000" startTime="2018-09-20T12:47:58.0000000+02:00" endTime="2018-09-20T12:47:58.0000000+02:00" testType="13cdc9d9-ddb5-4fa4-a97d-d965ccfc6d4b" outcome="Passed" testListId="8c84fa94-04c1-424b-9868-57a2d4851a1d" relativeResultsDirectory="362a7b85-c368-4318-9904-e6f29919e86e" /><UnitTestResult executionId="de2ee36d-0b07-4c48-aed1-7ae7934eb0d4" testId="c8ddee1d-6fef-4e19-b086-80f1c07f00be" testName="IdentifyUserDoesNothingIfSessionIsEnded" computerName="TAG009442327432" duration="00:00:00.0000001" startTime="2018-09-20T12:47:58.0000000+02:00" endTime="2018-09-20T12:47:58.0000000+02:00" testType="13cdc9d9-ddb5-4fa4-a97d-d965ccfc6d4b" outcome="Passed" testListId="8c84fa94-04c1-424b-9868-57a2d4851a1d" relativeResultsDirectory="de2ee36d-0b07-4c48-aed1-7ae7934eb0d4" /><UnitTestResult executionId="9dd9fb5e-d254-4b31-a646-d90b30c71e53" testId="e041ff70-3c0f-4b05-b5f4-bde94944abe1" testName="CanSetCrashReportingLevelForAppMon" computerName="TAG009442327432" duration="00:00:00.0010000" startTime="2018-09-20T12:47:58.0000000+02:00" endTime="2018-09-20T12:47:58.0000000+02:00" testType="13cdc9d9-ddb5-4fa4-a97d-d965ccfc6d4b" outcome="Passed" testListId="8c84fa94-04c1-424b-9868-57a2d4851a1d" relativeResultsDirectory="9dd9fb5e-d254-4b31-a646-d90b30c71e53" /><UnitTestResult executionId="d0b3b2cb-e006-4fdf-b520-ae99ebbbaa25" testId="7e39969b-ab0b-45d9-a9dd-1a9688979ed9" testName="TransitionToTimeSycnIsPerformed" computerName="TAG009442327432" duration="00:00:00.0010000" startTime="2018-09-20T12:47:58.0000000+02:00" endTime="2018-09-20T12:47:58.0000000+02:00" testType="13cdc9d9-ddb5-4fa4-a97d-d965ccfc6d4b" outcome="Passed" testListId="8c84fa94-04c1-424b-9868-57a2d4851a1d" relativeResultsDirectory="d0b3b2cb-e006-4fdf-b520-ae99ebbbaa25" /><UnitTestResult executionId="c1fa17bf-9fb4-4cdc-ba0e-ced43aa3ff0d" testId="5db182fb-9327-456d-bffa-045c77365aa8" testName="ExecuteEvictionLogsAMessageOnceAndReturnsIfStrategyIsDisabled" computerName="TAG009442327432" duration="00:00:00.0010000" startTime="2018-09-20T12:47:57.0000000+02:00" endTime="2018-09-20T12:47:57.0000000+02:00" testType="13cdc9d9-ddb5-4fa4-a97d-d965ccfc6d4b" outcome="Passed" testListId="8c84fa94-04c1-424b-9868-57a2d4851a1d" relativeResultsDirectory="c1fa17bf-9fb4-4cdc-ba0e-ced43aa3ff0d" /><UnitTestResult executionId="855feb9b-89dc-447c-8357-fb6a84f89ad8" testId="fc03e8d5-a11e-4c7f-9ab3-4ca3384bb283" testName="IpV6AddressMixedNotationIsValidIPV6PartInvalid" computerName="TAG009442327432" duration="00:00:00.0000001" startTime="2018-09-20T12:47:58.0000000+02:00" endTime="2018-09-20T12:47:58.0000000+02:00" testType="13cdc9d9-ddb5-4fa4-a97d-d965ccfc6d4b" outcome="Passed" testListId="8c84fa94-04c1-424b-9868-57a2d4851a1d" relativeResultsDirectory="855feb9b-89dc-447c-8357-fb6a84f89ad8" /><UnitTestResult executionId="261b2588-a1ed-441b-95ad-abb368f273f4" testId="1e3648bb-9f0e-438b-83aa-589b1069ee21" testName="NoStringValueIsReportedIfBeaconConfigurationDisablesCapturing" computerName="TAG009442327432" duration="00:00:00.0010000" startTime="2018-09-20T12:47:58.0000000+02:00" endTime="2018-09-20T12:47:58.0000000+02:00" testType="13cdc9d9-ddb5-4fa4-a97d-d965ccfc6d4b" outcome="Passed" testListId="8c84fa94-04c1-424b-9868-57a2d4851a1d" relativeResultsDirectory="261b2588-a1ed-441b-95ad-abb368f273f4" /><UnitTestResult executionId="e648efb9-d474-4912-b2e5-2bb3e1d162b3" testId="9009e99f-fbaa-4f1f-9e0a-d2cce4f26c7d" testName="SendStatusRequestHandlesNullResponsesSameAsErroneousResponses" computerName="TAG009442327432" duration="00:00:00.0010000" startTime="2018-09-20T12:47:58.0000000+02:00" endTime="2018-09-20T12:47:58.0000000+02:00" testType="13cdc9d9-ddb5-4fa4-a97d-d965ccfc6d4b" outcome="Passed" testListId="8c84fa94-04c1-424b-9868-57a2d4851a1d" relativeResultsDirectory="e648efb9-d474-4912-b2e5-2bb3e1d162b3" /><UnitTestResult executionId="797ca440-6d1c-4c44-b65e-caf7f8c30d3e" testId="60229a60-333e-45f6-9dfc-5016e3b4bd92" testName="CanSetBeaconCacheLowerMemoryBoundaryForDynatrace" computerName="TAG009442327432" duration="00:00:00.0010000" startTime="2018-09-20T12:47:58.0000000+02:00" endTime="2018-09-20T12:47:58.0000000+02:00" testType="13cdc9d9-ddb5-4fa4-a97d-d965ccfc6d4b" outcome="Passed" testListId="8c84fa94-04c1-424b-9868-57a2d4851a1d" relativeResultsDirectory="797ca440-6d1c-4c44-b65e-caf7f8c30d3e" /><UnitTestResult executionId="c68369ae-ae7f-4624-a269-f3a0dc55d80e" testId="aea4bbf9-db6e-47ee-af0e-94939a950a5f" testName="CaptureIsFalseWhenItIsNotEqualToOne" computerName="TAG009442327432" duration="00:00:00.0010000" startTime="2018-09-20T12:48:00.0000000+02:00" endTime="2018-09-20T12:48:00.0000000+02:00" testType="13cdc9d9-ddb5-4fa4-a97d-d965ccfc6d4b" outcome="Passed" testListId="8c84fa94-04c1-424b-9868-57a2d4851a1d" relativeResultsDirectory="c68369ae-ae7f-4624-a269-f3a0dc55d80e" /><UnitTestResult executionId="a839692a-9eb8-4b56-805e-9274cc1b8048" testId="9d3167b5-d8ef-4f72-b7b8-660b6ca7452b" testName="NamedEventReportedForDataCollectionLevel2" computerName="TAG009442327432" duration="00:00:00.0010000" startTime="2018-09-20T12:47:58.0000000+02:00" endTime="2018-09-20T12:47:58.0000000+02:00" testType="13cdc9d9-ddb5-4fa4-a97d-d965ccfc6d4b" outcome="Passed" testListId="8c84fa94-04c1-424b-9868-57a2d4851a1d" relativeResultsDirectory="a839692a-9eb8-4b56-805e-9274cc1b8048" /><UnitTestResult executionId="7581568c-3c61-4078-9d61-052388f41ddd" testId="9d316eb6-a292-4e50-ad5e-72c19ed771a7" testName="IpV6AddressLinkLocalIsInvalidDueToTwoDoubleColonsInAddress" computerName="TAG009442327432" duration="00:00:00.0000001" startTime="2018-09-20T12:47:58.0000000+02:00" endTime="2018-09-20T12:47:58.0000000+02:00" testType="13cdc9d9-ddb5-4fa4-a97d-d965ccfc6d4b" outcome="Passed" testListId="8c84fa94-04c1-424b-9868-57a2d4851a1d" relativeResultsDirectory="7581568c-3c61-4078-9d61-052388f41ddd" /><UnitTestResult executionId="c2d2c378-961f-403c-a3ae-ace8ce0895c2" testId="1e1a2c28-23cf-4a78-a150-311dfddedaa2" testName="IpV4AddressIsInvalidDueToAdditionalCharacterInFourthBlock" computerName="TAG009442327432" duration="00:00:00.0000001" startTime="2018-09-20T12:47:58.0000000+02:00" endTime="2018-09-20T12:47:58.0000000+02:00" testType="13cdc9d9-ddb5-4fa4-a97d-d965ccfc6d4b" outcome="Passed" testListId="8c84fa94-04c1-424b-9868-57a2d4851a1d" relativeResultsDirectory="c2d2c378-961f-403c-a3ae-ace8ce0895c2" /><UnitTestResult executionId="34dfb2c0-1bc4-4375-907e-fa7c4b2796de" testId="479e9298-7344-49e2-bc14-134bd4739528" testName="CanSleepCustomPeriod" computerName="TAG009442327432" duration="00:00:00.0000001" startTime="2018-09-20T12:47:58.0000000+02:00" endTime="2018-09-20T12:47:58.0000000+02:00" testType="13cdc9d9-ddb5-4fa4-a97d-d965ccfc6d4b" outcome="Passed" testListId="8c84fa94-04c1-424b-9868-57a2d4851a1d" relativeResultsDirectory="34dfb2c0-1bc4-4375-907e-fa7c4b2796de" /><UnitTestResult executionId="8c59cc43-46a9-43e4-a4ba-c09744558416" testId="12d7cd34-4d1c-4008-93d2-a0badda4dd13" testName="RemoveOldestRecordsRemovesNothingIfEntryIsEmpty" computerName="TAG009442327432" duration="00:00:00.0000001" startTime="2018-09-20T12:47:57.0000000+02:00" endTime="2018-09-20T12:47:57.0000000+02:00" testType="13cdc9d9-ddb5-4fa4-a97d-d965ccfc6d4b" outcome="Passed" testListId="8c84fa94-04c1-424b-9868-57a2d4851a1d" relativeResultsDirectory="8c59cc43-46a9-43e4-a4ba-c09744558416" /><UnitTestResult executionId="744fb518-218e-4e30-a733-863a21ff7680" testId="71311e95-3d1d-4594-b304-6da882cfd9e9" testName="IsDebugEnabledIsFalseIfVerboseIsFalse" computerName="TAG009442327432" duration="00:00:00.0000001" startTime="2018-09-20T12:47:58.0000000+02:00" endTime="2018-09-20T12:47:58.0000000+02:00" testType="13cdc9d9-ddb5-4fa4-a97d-d965ccfc6d4b" outcome="Passed" testListId="8c84fa94-04c1-424b-9868-57a2d4851a1d" relativeResultsDirectory="744fb518-218e-4e30-a733-863a21ff7680" /><UnitTestResult executionId="d97bdf1c-a754-4b28-950e-f22768e07bbe" testId="79bb7737-f27c-48ab-adb4-252705455d3a" testName="IsWarnEnabledIsTrueIfVerboseIsTrue" computerName="TAG009442327432" duration="00:00:00.0000001" startTime="2018-09-20T12:47:58.0000000+02:00" endTime="2018-09-20T12:47:58.0000000+02:00" testType="13cdc9d9-ddb5-4fa4-a97d-d965ccfc6d4b" outcome="Passed" testListId="8c84fa94-04c1-424b-9868-57a2d4851a1d" relativeResultsDirectory="d97bdf1c-a754-4b28-950e-f22768e07bbe" /><UnitTestResult executionId="1c27333d-0398-4d44-8b54-bf9ba50cc431" testId="886cf068-1f7b-4284-bf76-773fee60a7e7" testName="IdentifyUser" computerName="TAG009442327432" duration="00:00:00.0010000" startTime="2018-09-20T12:47:58.0000000+02:00" endTime="2018-09-20T12:47:58.0000000+02:00" testType="13cdc9d9-ddb5-4fa4-a97d-d965ccfc6d4b" outcome="Passed" testListId="8c84fa94-04c1-424b-9868-57a2d4851a1d" relativeResultsDirectory="1c27333d-0398-4d44-8b54-bf9ba50cc431" /><UnitTestResult executionId="7ff80d10-a0a7-42fc-8182-4dcec826dc5d" testId="89db09a5-4684-43f9-bce9-de4276d899ba" testName="WhenBeaconConfigurationIsSetSendingIsDisallowedIfMultiplicityIsLessThanZero" computerName="TAG009442327432" duration="00:00:00.0000001" startTime="2018-09-20T12:47:58.0000000+02:00" endTime="2018-09-20T12:47:58.0000000+02:00" testType="13cdc9d9-ddb5-4fa4-a97d-d965ccfc6d4b" outcome="Passed" testListId="8c84fa94-04c1-424b-9868-57a2d4851a1d" relativeResultsDirectory="7ff80d10-a0a7-42fc-8182-4dcec826dc5d" /><UnitTestResult executionId="7f74d1cf-7de2-47d7-b21a-e48d30396066" testId="0733c13f-184d-4284-9220-251da5d2dc2e" testName="ANewlyCreatedActionIsNotLeft" computerName="TAG009442327432" duration="00:00:00.0010000" startTime="2018-09-20T12:47:57.0000000+02:00" endTime="2018-09-20T12:47:57.0000000+02:00" testType="13cdc9d9-ddb5-4fa4-a97d-d965ccfc6d4b" outcome="Passed" testListId="8c84fa94-04c1-424b-9868-57a2d4851a1d" relativeResultsDirectory="7f74d1cf-7de2-47d7-b21a-e48d30396066" /><UnitTestResult executionId="a1f2b2f6-e874-46f6-9d3a-e8d12a7bd65b" testId="67e3d299-d4be-4b0e-bbe2-692f30c66b1d" testName="CaptureIsTrueWhenItIsEqualToOne" computerName="TAG009442327432" duration="00:00:00.0000001" startTime="2018-09-20T12:48:00.0000000+02:00" endTime="2018-09-20T12:48:00.0000000+02:00" testType="13cdc9d9-ddb5-4fa4-a97d-d965ccfc6d4b" outcome="Passed" testListId="8c84fa94-04c1-424b-9868-57a2d4851a1d" relativeResultsDirectory="a1f2b2f6-e874-46f6-9d3a-e8d12a7bd65b" /><UnitTestResult executionId="da962da4-c86b-42cb-a3fc-6c9908164e9e" testId="17bc68a5-d29c-44de-8df5-85e3ad1078da" testName="SessionReportedForDataCollectionLevel1" computerName="TAG009442327432" duration="00:00:00.0010000" startTime="2018-09-20T12:47:58.0000000+02:00" endTime="2018-09-20T12:47:58.0000000+02:00" testType="13cdc9d9-ddb5-4fa4-a97d-d965ccfc6d4b" outcome="Passed" testListId="8c84fa94-04c1-424b-9868-57a2d4851a1d" relativeResultsDirectory="da962da4-c86b-42cb-a3fc-6c9908164e9e" /><UnitTestResult executionId="6b346964-f899-4875-babc-ad1f58eb30ee" testId="19005659-9fe0-41b7-ad5e-e5bc0acca030" testName="ExecuteEvictionCallsEvictionForEachBeaconSeparately" computerName="TAG009442327432" duration="00:00:00.0030000" startTime="2018-09-20T12:47:57.0000000+02:00" endTime="2018-09-20T12:47:57.0000000+02:00" testType="13cdc9d9-ddb5-4fa4-a97d-d965ccfc6d4b" outcome="Passed" testListId="8c84fa94-04c1-424b-9868-57a2d4851a1d" relativeResultsDirectory="6b346964-f899-4875-babc-ad1f58eb30ee" /><UnitTestResult executionId="a68b2665-3527-46fb-a172-e06d2d299b4d" testId="6251b89a-c733-4a21-b692-5f9e4dc4872d" testName="CanConvertToClusterTime" computerName="TAG009442327432" duration="00:00:00.0010000" startTime="2018-09-20T12:48:00.0000000+02:00" endTime="2018-09-20T12:48:00.0000000+02:00" testType="13cdc9d9-ddb5-4fa4-a97d-d965ccfc6d4b" outcome="Passed" testListId="8c84fa94-04c1-424b-9868-57a2d4851a1d" relativeResultsDirectory="a68b2665-3527-46fb-a172-e06d2d299b4d" /><UnitTestResult executionId="fbb040e8-126c-464e-be99-2dadeb99b33b" testId="8dbae536-9599-4817-bb9a-06216b1b791a" testName="DeviceIDIsRandomizedOnDataCollectionLevel0" computerName="TAG009442327432" duration="00:00:00.0010000" startTime="2018-09-20T12:47:58.0000000+02:00" endTime="2018-09-20T12:47:58.0000000+02:00" testType="13cdc9d9-ddb5-4fa4-a97d-d965ccfc6d4b" outcome="Passed" testListId="8c84fa94-04c1-424b-9868-57a2d4851a1d" relativeResultsDirectory="fbb040e8-126c-464e-be99-2dadeb99b33b" /><UnitTestResult executionId="74eae75f-5062-4da1-a70b-2b0a5eb72dd7" testId="a4a264bc-21dc-4519-897d-5fa374abad2c" testName="DefaultSendIntervalIsMinusOne" computerName="TAG009442327432" duration="00:00:00.0000001" startTime="2018-09-20T12:48:00.0000000+02:00" endTime="2018-09-20T12:48:00.0000000+02:00" testType="13cdc9d9-ddb5-4fa4-a97d-d965ccfc6d4b" outcome="Passed" testListId="8c84fa94-04c1-424b-9868-57a2d4851a1d" relativeResultsDirectory="74eae75f-5062-4da1-a70b-2b0a5eb72dd7" /><UnitTestResult executionId="560ede1f-1811-4aca-abd9-15e3479d83e1" testId="5de9200f-22a0-4098-af8d-a9a0678a8c2f" testName="CanSleepLonger" computerName="TAG009442327432" duration="00:00:00.0000001" startTime="2018-09-20T12:47:58.0000000+02:00" endTime="2018-09-20T12:47:58.0000000+02:00" testType="13cdc9d9-ddb5-4fa4-a97d-d965ccfc6d4b" outcome="Passed" testListId="8c84fa94-04c1-424b-9868-57a2d4851a1d" relativeResultsDirectory="560ede1f-1811-4aca-abd9-15e3479d83e1" /><UnitTestResult executionId="81f9fda7-5885-429a-af32-215069e630e2" testId="4181b70e-578f-40bf-8919-de289b0fa026" testName="SendStatusRequestReturnsErrorCode" computerName="TAG009442327432" duration="00:00:00.0010000" startTime="2018-09-20T12:47:59.0000000+02:00" endTime="2018-09-20T12:47:59.0000000+02:00" testType="13cdc9d9-ddb5-4fa4-a97d-d965ccfc6d4b" outcome="Passed" testListId="8c84fa94-04c1-424b-9868-57a2d4851a1d" relativeResultsDirectory="81f9fda7-5885-429a-af32-215069e630e2" /><UnitTestResult executionId="1168631e-c7f9-4405-955b-c8c955da3e31" testId="101ec335-e874-427a-ac94-74b54ef40460" testName="ActionNotReportedForDataCollectionLevel0" computerName="TAG009442327432" duration="00:00:00.0020000" startTime="2018-09-20T12:47:58.0000000+02:00" endTime="2018-09-20T12:47:58.0000000+02:00" testType="13cdc9d9-ddb5-4fa4-a97d-d965ccfc6d4b" outcome="Passed" testListId="8c84fa94-04c1-424b-9868-57a2d4851a1d" relativeResultsDirectory="1168631e-c7f9-4405-955b-c8c955da3e31" /><UnitTestResult executionId="3f7b9d85-9273-4d9d-9633-8183e6ed01c4" testId="a487c855-718e-4179-9997-ef73b331d733" testName="ExecuteEvictionLogsTheNumberOfRecordsRemoved" computerName="TAG009442327432" duration="00:00:00.0010000" startTime="2018-09-20T12:47:57.0000000+02:00" endTime="2018-09-20T12:47:57.0000000+02:00" testType="13cdc9d9-ddb5-4fa4-a97d-d965ccfc6d4b" outcome="Passed" testListId="8c84fa94-04c1-424b-9868-57a2d4851a1d" relativeResultsDirectory="3f7b9d85-9273-4d9d-9633-8183e6ed01c4" /><UnitTestResult executionId="abf68cfb-603a-4ae0-a545-963fa7f634f8" testId="8cfdc66a-b1f5-4a13-be26-b04c0c983195" testName="SendingOpenSessionsIsAbortedImmediatelyWhenTooManyRequestsResponseIsReceived" computerName="TAG009442327432" duration="00:00:00.0030000" startTime="2018-09-20T12:47:58.0000000+02:00" endTime="2018-09-20T12:47:58.0000000+02:00" testType="13cdc9d9-ddb5-4fa4-a97d-d965ccfc6d4b" outcome="Passed" testListId="8c84fa94-04c1-424b-9868-57a2d4851a1d" relativeResultsDirectory="abf68cfb-603a-4ae0-a545-963fa7f634f8" /><UnitTestResult executionId="4d085aba-2cb2-49b5-bffc-8372fbda1e57" testId="8ca8ab7d-a423-4575-a77b-2ca5a81a5727" testName="InfoLogsAppropriateMessage" computerName="TAG009442327432" duration="00:00:00.0000001" startTime="2018-09-20T12:47:58.0000000+02:00" endTime="2018-09-20T12:47:58.0000000+02:00" testType="13cdc9d9-ddb5-4fa4-a97d-d965ccfc6d4b" outcome="Passed" testListId="8c84fa94-04c1-424b-9868-57a2d4851a1d" relativeResultsDirectory="4d085aba-2cb2-49b5-bffc-8372fbda1e57" /><UnitTestResult executionId="2a1e0b12-4e67-46d4-9dc9-b73bf51367cc" testId="645dc817-1979-45e6-bac6-85c9c0465698" testName="PassingEmptyResponseStringDoesNotThrow" computerName="TAG009442327432" duration="00:00:00.0010000" startTime="2018-09-20T12:48:00.0000000+02:00" endTime="2018-09-20T12:48:00.0000000+02:00" testType="13cdc9d9-ddb5-4fa4-a97d-d965ccfc6d4b" outcome="Passed" testListId="8c84fa94-04c1-424b-9868-57a2d4851a1d" relativeResultsDirectory="2a1e0b12-4e67-46d4-9dc9-b73bf51367cc" /><UnitTestResult executionId="3dbbbe44-8ed5-45e6-b54c-4ef2c8ff35b4" testId="12d05734-a93d-4626-ab25-9e8f8645dcab" testName="EvictRecordsByAgeDoesNothingAndReturnsZeroIfBeaconIDDoesNotExist" computerName="TAG009442327432" duration="00:00:00.0000001" startTime="2018-09-20T12:47:57.0000000+02:00" endTime="2018-09-20T12:47:57.0000000+02:00" testType="13cdc9d9-ddb5-4fa4-a97d-d965ccfc6d4b" outcome="Passed" testListId="8c84fa94-04c1-424b-9868-57a2d4851a1d" relativeResultsDirectory="3dbbbe44-8ed5-45e6-b54c-4ef2c8ff35b4" /><UnitTestResult executionId="f7d6723d-1dde-49ed-b429-b121aa865e04" testId="1cd93733-aa97-496d-97c3-25b8ef3cef4d" testName="EnterActionReturnsNewChildAction" computerName="TAG009442327432" duration="00:00:00.0030000" startTime="2018-09-20T12:47:58.0000000+02:00" endTime="2018-09-20T12:47:58.0000000+02:00" testType="13cdc9d9-ddb5-4fa4-a97d-d965ccfc6d4b" outcome="Passed" testListId="8c84fa94-04c1-424b-9868-57a2d4851a1d" relativeResultsDirectory="f7d6723d-1dde-49ed-b429-b121aa865e04" /><UnitTestResult executionId="c8735649-87d9-4750-9b8b-82c63360fac0" testId="0b605363-cf89-494c-bcb8-b6cfa73e91d5" testName="ReportErrorDoesNothingIfErrorNameIsAnEmptyString" computerName="TAG009442327432" duration="00:00:00.0010000" startTime="2018-09-20T12:47:57.0000000+02:00" endTime="2018-09-20T12:47:57.0000000+02:00" testType="13cdc9d9-ddb5-4fa4-a97d-d965ccfc6d4b" outcome="Passed" testListId="8c84fa94-04c1-424b-9868-57a2d4851a1d" relativeResultsDirectory="c8735649-87d9-4750-9b8b-82c63360fac0" /><UnitTestResult executionId="7c27cef4-d9b3-4195-8f6d-6e714f887680" testId="6e4fe0fd-be45-4c7b-915e-8debb96e1220" testName="RemoveDataMarkedForSendingReturnsIfDataHasNotBeenCopied" computerName="TAG009442327432" duration="00:00:00.0010000" startTime="2018-09-20T12:47:57.0000000+02:00" endTime="2018-09-20T12:47:57.0000000+02:00" testType="13cdc9d9-ddb5-4fa4-a97d-d965ccfc6d4b" outcome="Passed" testListId="8c84fa94-04c1-424b-9868-57a2d4851a1d" relativeResultsDirectory="7c27cef4-d9b3-4195-8f6d-6e714f887680" /><UnitTestResult executionId="d0974a47-48b0-4240-93a0-7c9fa997e8c6" testId="d4e4a002-a3f3-4e2e-b90f-fc27e5b19c0a" testName="ParentIDIsEqualToParentActionsID" computerName="TAG009442327432" duration="00:00:00.0010000" startTime="2018-09-20T12:47:57.0000000+02:00" endTime="2018-09-20T12:47:57.0000000+02:00" testType="13cdc9d9-ddb5-4fa4-a97d-d965ccfc6d4b" outcome="Passed" testListId="8c84fa94-04c1-424b-9868-57a2d4851a1d" relativeResultsDirectory="d0974a47-48b0-4240-93a0-7c9fa997e8c6" /><UnitTestResult executionId="4a8dfeae-9e73-4122-b6f0-3651800b2ef6" testId="bc837772-b2d6-43a5-8c67-c8f05ab9ac7e" testName="StartSequenceNumberIsSetInConstructor" computerName="TAG009442327432" duration="00:00:00.0000001" startTime="2018-09-20T12:47:57.0000000+02:00" endTime="2018-09-20T12:47:57.0000000+02:00" testType="13cdc9d9-ddb5-4fa4-a97d-d965ccfc6d4b" outcome="Passed" testListId="8c84fa94-04c1-424b-9868-57a2d4851a1d" relativeResultsDirectory="4a8dfeae-9e73-4122-b6f0-3651800b2ef6" /><UnitTestResult executionId="2bc4509e-3d3b-41c2-a33f-f0ac95c2d3ce" testId="5e0b2438-55f7-4c3c-b885-9ca1217ba6d2" testName="StateIsTerminal" computerName="TAG009442327432" duration="00:00:00.0000001" startTime="2018-09-20T12:47:58.0000000+02:00" endTime="2018-09-20T12:47:58.0000000+02:00" testType="13cdc9d9-ddb5-4fa4-a97d-d965ccfc6d4b" outcome="Passed" testListId="8c84fa94-04c1-424b-9868-57a2d4851a1d" relativeResultsDirectory="2bc4509e-3d3b-41c2-a33f-f0ac95c2d3ce" /><UnitTestResult executionId="62d34db1-0105-497a-aed7-419ca1e87abf" testId="36d358ff-4ecb-470a-bd91-cc7370b87880" testName="CapturingIsDisabledIfStatusResponseIsNull" computerName="TAG009442327432" duration="00:00:00.0000001" startTime="2018-09-20T12:47:58.0000000+02:00" endTime="2018-09-20T12:47:58.0000000+02:00" testType="13cdc9d9-ddb5-4fa4-a97d-d965ccfc6d4b" outcome="Passed" testListId="8c84fa94-04c1-424b-9868-57a2d4851a1d" relativeResultsDirectory="62d34db1-0105-497a-aed7-419ca1e87abf" /><UnitTestResult executionId="cc73f98c-d313-4ba4-a5a4-288cd299520f" testId="4af1f69f-14c0-4daf-8b17-e9e8dcc91c35" testName="TraceWebRequestGivesNullWebRequestTracerIfUrlHasAnInvalidScheme" computerName="TAG009442327432" duration="00:00:00.0010000" startTime="2018-09-20T12:47:58.0000000+02:00" endTime="2018-09-20T12:47:58.0000000+02:00" testType="13cdc9d9-ddb5-4fa4-a97d-d965ccfc6d4b" outcome="Passed" testListId="8c84fa94-04c1-424b-9868-57a2d4851a1d" relativeResultsDirectory="cc73f98c-d313-4ba4-a5a4-288cd299520f" /><UnitTestResult executionId="b1b3b2d7-eb3b-432c-9845-9212cccd895c" testId="5f755f70-dd31-47ed-b2d6-01f26a23717c" testName="ParsingUnknownKeyValueDoesNothing" computerName="TAG009442327432" duration="00:00:00.0010000" startTime="2018-09-20T12:48:00.0000000+02:00" endTime="2018-09-20T12:48:00.0000000+02:00" testType="13cdc9d9-ddb5-4fa4-a97d-d965ccfc6d4b" outcome="Passed" testListId="8c84fa94-04c1-424b-9868-57a2d4851a1d" relativeResultsDirectory="b1b3b2d7-eb3b-432c-9845-9212cccd895c" /><UnitTestResult executionId="2d516d7e-8cac-4a3a-8247-fa1dd37beaa3" testId="2e7a2f53-77c5-4a08-9ff4-54144b055950" testName="EnterActionReturnsNullActionIfAlreadyLeft" computerName="TAG009442327432" duration="00:00:00.0010000" startTime="2018-09-20T12:47:58.0000000+02:00" endTime="2018-09-20T12:47:58.0000000+02:00" testType="13cdc9d9-ddb5-4fa4-a97d-d965ccfc6d4b" outcome="Passed" testListId="8c84fa94-04c1-424b-9868-57a2d4851a1d" relativeResultsDirectory="2d516d7e-8cac-4a3a-8247-fa1dd37beaa3" /><UnitTestResult executionId="049d38a6-2440-45f8-bf1d-dafeab8fd87d" testId="f3f95c89-e40d-4239-aa2f-69ae6c997047" testName="PassingNullResponseStringDoesNotThrow" computerName="TAG009442327432" duration="00:00:00.0010000" startTime="2018-09-20T12:48:00.0000000+02:00" endTime="2018-09-20T12:48:00.0000000+02:00" testType="13cdc9d9-ddb5-4fa4-a97d-d965ccfc6d4b" outcome="Passed" testListId="8c84fa94-04c1-424b-9868-57a2d4851a1d" relativeResultsDirectory="049d38a6-2440-45f8-bf1d-dafeab8fd87d" /><UnitTestResult executionId="4f134234-a052-465e-a447-0e2046f3fa98" testId="d4635b69-8d84-4da3-b08b-0af64b44b093" testName="IdentifyUserDoesNothingIfUserTagIsAnEmptyString" computerName="TAG009442327432" duration="00:00:00.0010000" startTime="2018-09-20T12:47:58.0000000+02:00" endTime="2018-09-20T12:47:58.0000000+02:00" testType="13cdc9d9-ddb5-4fa4-a97d-d965ccfc6d4b" outcome="Passed" testListId="8c84fa94-04c1-424b-9868-57a2d4851a1d" relativeResultsDirectory="4f134234-a052-465e-a447-0e2046f3fa98" /><UnitTestResult executionId="f2afcb1d-4989-431f-bad9-c148bfcdeb80" testId="a5cd4c66-e10b-4ed9-a725-0ccd58ab5456" testName="IpV6AddressHexCompressedIsValidShortestPossible" computerName="TAG009442327432" duration="00:00:00.0000001" startTime="2018-09-20T12:47:58.0000000+02:00" endTime="2018-09-20T12:47:58.0000000+02:00" testType="13cdc9d9-ddb5-4fa4-a97d-d965ccfc6d4b" outcome="Passed" testListId="8c84fa94-04c1-424b-9868-57a2d4851a1d" relativeResultsDirectory="f2afcb1d-4989-431f-bad9-c148bfcdeb80" /><UnitTestResult executionId="33035eb9-686e-4906-8115-d33a4cc150a7" testId="8ab6a7c7-08a5-4b4e-ba7a-691dcf333c9f" testName="IsEmptyGivesFalseIfBeaconDataSizeIsNotEqualToZero" computerName="TAG009442327432" duration="00:00:00.0000001" startTime="2018-09-20T12:47:57.0000000+02:00" endTime="2018-09-20T12:47:57.0000000+02:00" testType="13cdc9d9-ddb5-4fa4-a97d-d965ccfc6d4b" outcome="Passed" testListId="8c84fa94-04c1-424b-9868-57a2d4851a1d" relativeResultsDirectory="33035eb9-686e-4906-8115-d33a4cc150a7" /><UnitTestResult executionId="a14708c8-7af9-4ace-88e4-309c612d04c8" testId="e24b6907-466c-471d-b0c9-9387cfdc48ef" testName="DefaultMaxBeaconSizeIsMinusOne" computerName="TAG009442327432" duration="00:00:00.0010000" startTime="2018-09-20T12:48:00.0000000+02:00" endTime="2018-09-20T12:48:00.0000000+02:00" testType="13cdc9d9-ddb5-4fa4-a97d-d965ccfc6d4b" outcome="Passed" testListId="8c84fa94-04c1-424b-9868-57a2d4851a1d" relativeResultsDirectory="a14708c8-7af9-4ace-88e4-309c612d04c8" /><UnitTestResult executionId="5e41386e-dd34-472e-94f9-f31dcdc2eed8" testId="67ea8057-5cc5-4200-9b1b-717c0b54c761" testName="DoubleValueReportedForDataCollectionLevel2" computerName="TAG009442327432" duration="00:00:00.0010000" startTime="2018-09-20T12:47:58.0000000+02:00" endTime="2018-09-20T12:47:58.0000000+02:00" testType="13cdc9d9-ddb5-4fa4-a97d-d965ccfc6d4b" outcome="Passed" testListId="8c84fa94-04c1-424b-9868-57a2d4851a1d" relativeResultsDirectory="5e41386e-dd34-472e-94f9-f31dcdc2eed8" /><UnitTestResult executionId="3d70e776-5cf8-457c-949e-3f6d79f9febe" testId="3b6f883e-2ddb-4b9b-8f58-bff08fec2c14" testName="NewSessionRequestsAreAbortedWhenTooManyRequestsResponseIsReceived" computerName="TAG009442327432" duration="00:00:00.0060000" startTime="2018-09-20T12:47:58.0000000+02:00" endTime="2018-09-20T12:47:58.0000000+02:00" testType="13cdc9d9-ddb5-4fa4-a97d-d965ccfc6d4b" outcome="Passed" testListId="8c84fa94-04c1-424b-9868-57a2d4851a1d" relativeResultsDirectory="3d70e776-5cf8-457c-949e-3f6d79f9febe" /><UnitTestResult executionId="dafee358-e559-4feb-ba43-3402935d88bd" testId="a006dbd9-e287-4ecd-a3b0-bf8d2bd51ce1" testName="GetChunkMarksRetrievedData" computerName="TAG009442327432" duration="00:00:00.0010000" startTime="2018-09-20T12:47:57.0000000+02:00" endTime="2018-09-20T12:47:57.0000000+02:00" testType="13cdc9d9-ddb5-4fa4-a97d-d965ccfc6d4b" outcome="Passed" testListId="8c84fa94-04c1-424b-9868-57a2d4851a1d" relativeResultsDirectory="dafee358-e559-4feb-ba43-3402935d88bd" /><UnitTestResult executionId="6b5bc914-40d0-4507-9b6f-28b38cacb1c7" testId="3297c796-3eb6-43dd-81b1-0b22a9843bd5" testName="TwoInstancesAreEqualIfFieldsAreEqual" computerName="TAG009442327432" duration="00:00:00.0000001" startTime="2018-09-20T12:47:57.0000000+02:00" endTime="2018-09-20T12:47:57.0000000+02:00" testType="13cdc9d9-ddb5-4fa4-a97d-d965ccfc6d4b" outcome="Passed" testListId="8c84fa94-04c1-424b-9868-57a2d4851a1d" relativeResultsDirectory="6b5bc914-40d0-4507-9b6f-28b38cacb1c7" /><UnitTestResult executionId="dbe53812-312e-442f-bdf3-894f91c1c536" testId="6b97c535-1023-4c15-95c8-6b4d7e84af3e" testName="IpV6AddressIsInvalidIllegalCharacter" computerName="TAG009442327432" duration="00:00:00.0000001" startTime="2018-09-20T12:47:58.0000000+02:00" endTime="2018-09-20T12:47:58.0000000+02:00" testType="13cdc9d9-ddb5-4fa4-a97d-d965ccfc6d4b" outcome="Passed" testListId="8c84fa94-04c1-424b-9868-57a2d4851a1d" relativeResultsDirectory="dbe53812-312e-442f-bdf3-894f91c1c536" /><UnitTestResult executionId="9c5dcde5-575d-4a2d-b6a4-b823acf5c8fb" testId="abd51fa1-e090-4211-910c-6c10f7364cc9" testName="EnterActionGivesNullActionIfActionNameIsEmptyString" computerName="TAG009442327432" duration="00:00:00.0010000" startTime="2018-09-20T12:47:58.0000000+02:00" endTime="2018-09-20T12:47:58.0000000+02:00" testType="13cdc9d9-ddb5-4fa4-a97d-d965ccfc6d4b" outcome="Passed" testListId="8c84fa94-04c1-424b-9868-57a2d4851a1d" relativeResultsDirectory="9c5dcde5-575d-4a2d-b6a4-b823acf5c8fb" /><UnitTestResult executionId="0bd0276e-b867-4e62-879b-f78a63b982af" testId="58d62444-7f24-45cf-b0e5-9c3655c37291" testName="IsInitializedOnInitSuccess" computerName="TAG009442327432" duration="00:00:00.0000001" startTime="2018-09-20T12:47:58.0000000+02:00" endTime="2018-09-20T12:47:58.0000000+02:00" testType="13cdc9d9-ddb5-4fa4-a97d-d965ccfc6d4b" outcome="Passed" testListId="8c84fa94-04c1-424b-9868-57a2d4851a1d" relativeResultsDirectory="0bd0276e-b867-4e62-879b-f78a63b982af" /><UnitTestResult executionId="ecd5e38d-78d8-4340-9d0f-43f385f10a15" testId="540da38d-a2e1-41c6-8daa-49f5562666cb" testName="SleepIsNotCalledIfShutdownIsRequested" computerName="TAG009442327432" duration="00:00:00.0010000" startTime="2018-09-20T12:47:57.0000000+02:00" endTime="2018-09-20T12:47:57.0000000+02:00" testType="13cdc9d9-ddb5-4fa4-a97d-d965ccfc6d4b" outcome="Passed" testListId="8c84fa94-04c1-424b-9868-57a2d4851a1d" relativeResultsDirectory="ecd5e38d-78d8-4340-9d0f-43f385f10a15" /><UnitTestResult executionId="a3129907-58fa-43ae-a549-b96251d47757" testId="5ecfa6c4-4d41-4cd7-926c-a11d72ceb24a" testName="GetBeaconConfigurationCallsWrappedSession" computerName="TAG009442327432" duration="00:00:00.0000001" startTime="2018-09-20T12:47:58.0000000+02:00" endTime="2018-09-20T12:47:58.0000000+02:00" testType="13cdc9d9-ddb5-4fa4-a97d-d965ccfc6d4b" outcome="Passed" testListId="8c84fa94-04c1-424b-9868-57a2d4851a1d" relativeResultsDirectory="a3129907-58fa-43ae-a549-b96251d47757" /><UnitTestResult executionId="e98e1eae-935b-4584-abd4-d17c3e9a5cfe" testId="107c2f99-28dd-4a16-a231-56cceea66f78" testName="TraceWebRequestGivesValidWebRequestTracer" computerName="TAG009442327432" duration="00:00:00.0020000" startTime="2018-09-20T12:47:57.0000000+02:00" endTime="2018-09-20T12:47:57.0000000+02:00" testType="13cdc9d9-ddb5-4fa4-a97d-d965ccfc6d4b" outcome="Passed" testListId="8c84fa94-04c1-424b-9868-57a2d4851a1d" relativeResultsDirectory="e98e1eae-935b-4584-abd4-d17c3e9a5cfe" /><UnitTestResult executionId="a46820aa-0344-4887-a7e0-8381e2156f7a" testId="f640f3e5-c634-4831-80e7-b966f4ab5c71" testName="NoSessionStartIsReportedIfBeaconConfigurationDisablesCapturing" computerName="TAG009442327432" duration="00:00:00.0000001" startTime="2018-09-20T12:47:58.0000000+02:00" endTime="2018-09-20T12:47:58.0000000+02:00" testType="13cdc9d9-ddb5-4fa4-a97d-d965ccfc6d4b" outcome="Passed" testListId="8c84fa94-04c1-424b-9868-57a2d4851a1d" relativeResultsDirectory="a46820aa-0344-4887-a7e0-8381e2156f7a" /><UnitTestResult executionId="62bf9906-f56c-4db1-9e67-3f37a3020254" testId="1eb6f050-4e09-4ad4-b0c1-f131918847cf" testName="SendStatusRequestIsAbortedIfNumberOfRetriesIsExceeded" computerName="TAG009442327432" duration="00:00:00.0010000" startTime="2018-09-20T12:47:58.0000000+02:00" endTime="2018-09-20T12:47:58.0000000+02:00" testType="13cdc9d9-ddb5-4fa4-a97d-d965ccfc6d4b" outcome="Passed" testListId="8c84fa94-04c1-424b-9868-57a2d4851a1d" relativeResultsDirectory="62bf9906-f56c-4db1-9e67-3f37a3020254" /><UnitTestResult executionId="a513540d-414d-4640-a4c5-8891d46cf04f" testId="0454871b-ef9f-4d06-a7d5-c1b4478f8dbd" testName="ReportError" computerName="TAG009442327432" duration="00:00:00.0020000" startTime="2018-09-20T12:47:57.0000000+02:00" endTime="2018-09-20T12:47:57.0000000+02:00" testType="13cdc9d9-ddb5-4fa4-a97d-d965ccfc6d4b" outcome="Passed" testListId="8c84fa94-04c1-424b-9868-57a2d4851a1d" relativeResultsDirectory="a513540d-414d-4640-a4c5-8891d46cf04f" /><UnitTestResult executionId="a1bb7dae-d0d1-4ea4-bf2a-4720fe05591b" testId="3a6e3e04-7183-4e5d-9463-de97491dae53" testName="TimeSyncIsSupportedByDefault" computerName="TAG009442327432" duration="00:00:00.0000001" startTime="2018-09-20T12:48:00.0000000+02:00" endTime="2018-09-20T12:48:00.0000000+02:00" testType="13cdc9d9-ddb5-4fa4-a97d-d965ccfc6d4b" outcome="Passed" testListId="8c84fa94-04c1-424b-9868-57a2d4851a1d" relativeResultsDirectory="a1bb7dae-d0d1-4ea4-bf2a-4720fe05591b" /><UnitTestResult executionId="52b16f25-705b-469f-a07b-09f624fc7b9a" testId="93f945f2-8515-4823-9dc2-c4f2f0dde08e" testName="ReportCrashDoesReportOnCrashReportingLevel2" computerName="TAG009442327432" duration="00:00:00.0010000" startTime="2018-09-20T12:47:58.0000000+02:00" endTime="2018-09-20T12:47:58.0000000+02:00" testType="13cdc9d9-ddb5-4fa4-a97d-d965ccfc6d4b" outcome="Passed" testListId="8c84fa94-04c1-424b-9868-57a2d4851a1d" relativeResultsDirectory="52b16f25-705b-469f-a07b-09f624fc7b9a" /><UnitTestResult executionId="a4e20513-eca5-462b-a725-d5dfffab336c" testId="7befefe2-f87d-4c4e-89d8-34484f0295b9" testName="IpV6AddressMixedNotationIsValidIPV6" computerName="TAG009442327432" duration="00:00:00.0000001" startTime="2018-09-20T12:47:58.0000000+02:00" endTime="2018-09-20T12:47:58.0000000+02:00" testType="13cdc9d9-ddb5-4fa4-a97d-d965ccfc6d4b" outcome="Passed" testListId="8c84fa94-04c1-424b-9868-57a2d4851a1d" relativeResultsDirectory="a4e20513-eca5-462b-a725-d5dfffab336c" /><UnitTestResult executionId="7181c246-d188-4f93-acf6-1835fabbb9e2" testId="77cf8beb-580c-4c0d-9e2b-8d8b2095bfed" testName="DefaultCaptureErrorsIsOn" computerName="TAG009442327432" duration="00:00:00.0010000" startTime="2018-09-20T12:48:00.0000000+02:00" endTime="2018-09-20T12:48:00.0000000+02:00" testType="13cdc9d9-ddb5-4fa4-a97d-d965ccfc6d4b" outcome="Passed" testListId="8c84fa94-04c1-424b-9868-57a2d4851a1d" relativeResultsDirectory="7181c246-d188-4f93-acf6-1835fabbb9e2" /><UnitTestResult executionId="6447f088-7a81-4f1a-b9ec-72790d094475" testId="d478f38c-9ca1-4320-89c3-2f9c7ffca7a7" testName="CannotAddReceivedBytesWithInvalidValueSmallerZeroToWebRequestTracer" computerName="TAG009442327432" duration="00:00:00.0010000" startTime="2018-09-20T12:47:58.0000000+02:00" endTime="2018-09-20T12:47:58.0000000+02:00" testType="13cdc9d9-ddb5-4fa4-a97d-d965ccfc6d4b" outcome="Passed" testListId="8c84fa94-04c1-424b-9868-57a2d4851a1d" relativeResultsDirectory="6447f088-7a81-4f1a-b9ec-72790d094475" /><UnitTestResult executionId="c1bb3836-7a8e-4d54-b345-e859fd4d0b3e" testId="7fbff4c2-3d0e-4513-9b48-6b01e79b07af" testName="ABeaconSendingCaptureOnStateContinuesWithNextFinishedSessionIfSendingWasUnsuccessfulButBeaconIsEmtpy" computerName="TAG009442327432" duration="00:00:00.0140000" startTime="2018-09-20T12:47:58.0000000+02:00" endTime="2018-09-20T12:47:58.0000000+02:00" testType="13cdc9d9-ddb5-4fa4-a97d-d965ccfc6d4b" outcome="Passed" testListId="8c84fa94-04c1-424b-9868-57a2d4851a1d" relativeResultsDirectory="c1bb3836-7a8e-4d54-b345-e859fd4d0b3e" /><UnitTestResult executionId="67995960-9123-41ee-9779-885d58868f7b" testId="bc82116c-8772-4756-8faa-4d5495bff5d1" testName="ShouldRunGivesTrueIfLastRunIsExactlyMaxAgeMillisecondsAgo" computerName="TAG009442327432" duration="00:00:00.0000001" startTime="2018-09-20T12:47:57.0000000+02:00" endTime="2018-09-20T12:47:57.0000000+02:00" testType="13cdc9d9-ddb5-4fa4-a97d-d965ccfc6d4b" outcome="Passed" testListId="8c84fa94-04c1-424b-9868-57a2d4851a1d" relativeResultsDirectory="67995960-9123-41ee-9779-885d58868f7b" /><UnitTestResult executionId="dc41c64d-9168-48db-a71b-4df4d875c591" testId="a6c3e678-6dce-4439-8439-eaac5bae6547" testName="DefaultsAreSetForAppMon" computerName="TAG009442327432" duration="00:00:00.0020000" startTime="2018-09-20T12:47:58.0000000+02:00" endTime="2018-09-20T12:47:58.0000000+02:00" testType="13cdc9d9-ddb5-4fa4-a97d-d965ccfc6d4b" outcome="Passed" testListId="8c84fa94-04c1-424b-9868-57a2d4851a1d" relativeResultsDirectory="dc41c64d-9168-48db-a71b-4df4d875c591" /><UnitTestResult executionId="3f37779c-2cd1-46d5-b27d-46bfe6ebebec" testId="7cb86b4a-5339-43ef-91f0-a61a6339fd25" testName="CanSetDataCollectionLevelForDynatrace" computerName="TAG009442327432" duration="00:00:00.0010000" startTime="2018-09-20T12:47:58.0000000+02:00" endTime="2018-09-20T12:47:58.0000000+02:00" testType="13cdc9d9-ddb5-4fa4-a97d-d965ccfc6d4b" outcome="Passed" testListId="8c84fa94-04c1-424b-9868-57a2d4851a1d" relativeResultsDirectory="3f37779c-2cd1-46d5-b27d-46bfe6ebebec" /><UnitTestResult executionId="f8d88339-7c23-4661-bfef-c9281967e169" testId="0722ac1f-2eac-4433-b0d8-54586ef6119b" testName="ReceivingTooManyRequestsResponseUsesSleepTimeFromResponse" computerName="TAG009442327432" duration="00:00:00.0010000" startTime="2018-09-20T12:47:58.0000000+02:00" endTime="2018-09-20T12:47:58.0000000+02:00" testType="13cdc9d9-ddb5-4fa4-a97d-d965ccfc6d4b" outcome="Passed" testListId="8c84fa94-04c1-424b-9868-57a2d4851a1d" relativeResultsDirectory="f8d88339-7c23-4661-bfef-c9281967e169" /><UnitTestResult executionId="829e57f4-0543-435b-ac63-69208507b9f6" testId="721320e2-f685-40e7-b4a3-df2369ea15be" testName="TraceWebRequestGivesNullWebRequestTracerIfActionIsAlreadyLeft" computerName="TAG009442327432" duration="00:00:00.0130000" startTime="2018-09-20T12:47:57.0000000+02:00" endTime="2018-09-20T12:47:57.0000000+02:00" testType="13cdc9d9-ddb5-4fa4-a97d-d965ccfc6d4b" outcome="Passed" testListId="8c84fa94-04c1-424b-9868-57a2d4851a1d" relativeResultsDirectory="829e57f4-0543-435b-ac63-69208507b9f6" /><UnitTestResult executionId="8c62d8b0-3995-410d-8440-a8f5335478e8" testId="34591211-8925-4f31-a0c7-9dc04a49cd54" testName="IpV4AddressIsValidAllZero" computerName="TAG009442327432" duration="00:00:00.0000001" startTime="2018-09-20T12:47:58.0000000+02:00" endTime="2018-09-20T12:47:58.0000000+02:00" testType="13cdc9d9-ddb5-4fa4-a97d-d965ccfc6d4b" outcome="Passed" testListId="8c84fa94-04c1-424b-9868-57a2d4851a1d" relativeResultsDirectory="8c62d8b0-3995-410d-8440-a8f5335478e8" /><UnitTestResult executionId="fbcf5714-86f2-4cfd-ba49-0303ef5bcbea" testId="3a200ce9-052c-4f6e-a9c2-1d8208401629" testName="ADefaultConstructedCacheDoesNotContainBeacons" computerName="TAG009442327432" duration="00:00:00.0000001" startTime="2018-09-20T12:47:57.0000000+02:00" endTime="2018-09-20T12:47:57.0000000+02:00" testType="13cdc9d9-ddb5-4fa4-a97d-d965ccfc6d4b" outcome="Passed" testListId="8c84fa94-04c1-424b-9868-57a2d4851a1d" relativeResultsDirectory="fbcf5714-86f2-4cfd-ba49-0303ef5bcbea" /><UnitTestResult executionId="71b0f802-ee17-4851-8513-2630adfcc4fc" testId="4d5109a8-b2a8-41d6-814c-0bf068574b38" testName="WhenBeaconConfigurationIsSetSendingIsAllowedIfMultiplicityIsGreaterThanZero" computerName="TAG009442327432" duration="00:00:00.0000001" startTime="2018-09-20T12:47:58.0000000+02:00" endTime="2018-09-20T12:47:58.0000000+02:00" testType="13cdc9d9-ddb5-4fa4-a97d-d965ccfc6d4b" outcome="Passed" testListId="8c84fa94-04c1-424b-9868-57a2d4851a1d" relativeResultsDirectory="71b0f802-ee17-4851-8513-2630adfcc4fc" /><UnitTestResult executionId="ca5e618d-6cdc-4e11-8a16-e297be3bec00" testId="3d3eeb76-e23a-4cdb-a49e-8235c11fc5fa" testName="getNextBeaconChunkRetrievesNextChunk" computerName="TAG009442327432" duration="00:00:00.0010000" startTime="2018-09-20T12:47:57.0000000+02:00" endTime="2018-09-20T12:47:57.0000000+02:00" testType="13cdc9d9-ddb5-4fa4-a97d-d965ccfc6d4b" outcome="Passed" testListId="8c84fa94-04c1-424b-9868-57a2d4851a1d" relativeResultsDirectory="ca5e618d-6cdc-4e11-8a16-e297be3bec00" /><UnitTestResult executionId="4cb1a578-9488-4927-91a7-18c9cf339d5c" testId="003d6974-5b89-4109-bd1f-d9eff2bdbefd" testName="SendBeaconRequestIsRetriedThreeTimesBeforeGivingUp" computerName="TAG009442327432" duration="00:00:00.4100000" startTime="2018-09-20T12:47:58.0000000+02:00" endTime="2018-09-20T12:47:58.0000000+02:00" testType="13cdc9d9-ddb5-4fa4-a97d-d965ccfc6d4b" outcome="Passed" testListId="8c84fa94-04c1-424b-9868-57a2d4851a1d" relativeResultsDirectory="4cb1a578-9488-4927-91a7-18c9cf339d5c" /><UnitTestResult executionId="8107ecb1-8dec-4b50-b9c4-b76bb892e3f5" testId="9c41ab18-c8d8-4e4d-9f82-b79599070559" testName="ResetEventIsSetOnInitFailed" computerName="TAG009442327432" duration="00:00:00.0000001" startTime="2018-09-20T12:47:58.0000000+02:00" endTime="2018-09-20T12:47:58.0000000+02:00" testType="13cdc9d9-ddb5-4fa4-a97d-d965ccfc6d4b" outcome="Passed" testListId="8c84fa94-04c1-424b-9868-57a2d4851a1d" relativeResultsDirectory="8107ecb1-8dec-4b50-b9c4-b76bb892e3f5" /><UnitTestResult executionId="e7ef8b6b-4645-4eb7-a17f-544caba0c286" testId="d14f2459-4975-4524-bef8-035b88630ffd" testName="StoppingAnAliveBeaconCacheEvictor" computerName="TAG009442327432" duration="00:00:00.0010000" startTime="2018-09-20T12:47:57.0000000+02:00" endTime="2018-09-20T12:47:57.0000000+02:00" testType="13cdc9d9-ddb5-4fa4-a97d-d965ccfc6d4b" outcome="Passed" testListId="8c84fa94-04c1-424b-9868-57a2d4851a1d" relativeResultsDirectory="e7ef8b6b-4645-4eb7-a17f-544caba0c286" /><UnitTestResult executionId="fa2abcc4-373a-423e-80f6-8621c0c2285a" testId="539f7401-dd90-4a65-bbef-f8471ed698a0" testName="DisposingAnActionLeavesTheAction" computerName="TAG009442327432" duration="00:00:00.0010000" startTime="2018-09-20T12:47:57.0000000+02:00" endTime="2018-09-20T12:47:57.0000000+02:00" testType="13cdc9d9-ddb5-4fa4-a97d-d965ccfc6d4b" outcome="Passed" testListId="8c84fa94-04c1-424b-9868-57a2d4851a1d" relativeResultsDirectory="fa2abcc4-373a-423e-80f6-8621c0c2285a" /><UnitTestResult executionId="0e495b1d-fef3-4543-95ce-1e524427aaeb" testId="62517213-30a8-4a1b-afc4-0b2ca4c06a4e" testName="AValidSchemeAllowsUpperCaseLettersToo" computerName="TAG009442327432" duration="00:00:00.0000001" startTime="2018-09-20T12:47:58.0000000+02:00" endTime="2018-09-20T12:47:58.0000000+02:00" testType="13cdc9d9-ddb5-4fa4-a97d-d965ccfc6d4b" outcome="Passed" testListId="8c84fa94-04c1-424b-9868-57a2d4851a1d" relativeResultsDirectory="0e495b1d-fef3-4543-95ce-1e524427aaeb" /><UnitTestResult executionId="8ec6be4f-c1b2-41a9-a9a0-12d50d20039a" testId="d5b1963f-1289-462f-87db-bbf3cd0a6b08" testName="FinishedSessionsAreSent" computerName="TAG009442327432" duration="00:00:00.0050000" startTime="2018-09-20T12:47:58.0000000+02:00" endTime="2018-09-20T12:47:58.0000000+02:00" testType="13cdc9d9-ddb5-4fa4-a97d-d965ccfc6d4b" outcome="Passed" testListId="8c84fa94-04c1-424b-9868-57a2d4851a1d" relativeResultsDirectory="8ec6be4f-c1b2-41a9-a9a0-12d50d20039a" /><UnitTestResult executionId="7295ed99-d97a-48df-b3e3-f7007756f0aa" testId="0aff88bf-9f1f-42b6-98d3-f719f5c91562" testName="TheStrategyIsDisabledIfCacheSizeUpperBoundIsLessThanLowerBound" computerName="TAG009442327432" duration="00:00:00.0000001" startTime="2018-09-20T12:47:57.0000000+02:00" endTime="2018-09-20T12:47:57.0000000+02:00" testType="13cdc9d9-ddb5-4fa4-a97d-d965ccfc6d4b" outcome="Passed" testListId="8c84fa94-04c1-424b-9868-57a2d4851a1d" relativeResultsDirectory="7295ed99-d97a-48df-b3e3-f7007756f0aa" /><UnitTestResult executionId="fa8a4d0c-af64-4795-8bd8-cc817aec1794" testId="d96edd9a-7b78-4c64-88d3-33610b007095" testName="LastStatusCheckTimeIsSetInExecute" computerName="TAG009442327432" duration="00:00:00.0010000" startTime="2018-09-20T12:47:58.0000000+02:00" endTime="2018-09-20T12:47:58.0000000+02:00" testType="13cdc9d9-ddb5-4fa4-a97d-d965ccfc6d4b" outcome="Passed" testListId="8c84fa94-04c1-424b-9868-57a2d4851a1d" relativeResultsDirectory="fa8a4d0c-af64-4795-8bd8-cc817aec1794" /><UnitTestResult executionId="ab942547-464e-4dc5-8bad-78092015dcf6" testId="7d537b07-aa28-4d00-9539-729808440b20" testName="IpV6AddressValid_RFCEmptyBlockNotShortened" computerName="TAG009442327432" duration="00:00:00.0000001" startTime="2018-09-20T12:47:58.0000000+02:00" endTime="2018-09-20T12:47:58.0000000+02:00" testType="13cdc9d9-ddb5-4fa4-a97d-d965ccfc6d4b" outcome="Passed" testListId="8c84fa94-04c1-424b-9868-57a2d4851a1d" relativeResultsDirectory="ab942547-464e-4dc5-8bad-78092015dcf6" /><UnitTestResult executionId="04210c18-3d47-42ef-a959-8e510ceeebcc" testId="e44083f4-b7ba-4c68-80e0-87b5f1872fe7" testName="DeviceIDIsTruncatedTo250Characters" computerName="TAG009442327432" duration="00:00:00.0010000" startTime="2018-09-20T12:47:58.0000000+02:00" endTime="2018-09-20T12:47:58.0000000+02:00" testType="13cdc9d9-ddb5-4fa4-a97d-d965ccfc6d4b" outcome="Passed" testListId="8c84fa94-04c1-424b-9868-57a2d4851a1d" relativeResultsDirectory="04210c18-3d47-42ef-a959-8e510ceeebcc" /><UnitTestResult executionId="f50ccabe-c135-468a-909a-f6a69b9075bd" testId="59fafcc2-6e74-4099-a5b9-fc96d7f82160" testName="ReinitializeSleepsBeforeSendingStatusRequests" computerName="TAG009442327432" duration="00:00:00.0140000" startTime="2018-09-20T12:47:58.0000000+02:00" endTime="2018-09-20T12:47:58.0000000+02:00" testType="13cdc9d9-ddb5-4fa4-a97d-d965ccfc6d4b" outcome="Passed" testListId="8c84fa94-04c1-424b-9868-57a2d4851a1d" relativeResultsDirectory="f50ccabe-c135-468a-909a-f6a69b9075bd" /><UnitTestResult executionId="214b4d98-365a-469e-8477-4fb3bef65a03" testId="e4cb6733-8d31-440f-b917-7c31d184dec9" testName="DisableCaptureDisablesItInTheConfiguration" computerName="TAG009442327432" duration="00:00:00.0010000" startTime="2018-09-20T12:47:58.0000000+02:00" endTime="2018-09-20T12:47:58.0000000+02:00" testType="13cdc9d9-ddb5-4fa4-a97d-d965ccfc6d4b" outcome="Passed" testListId="8c84fa94-04c1-424b-9868-57a2d4851a1d" relativeResultsDirectory="214b4d98-365a-469e-8477-4fb3bef65a03" /><UnitTestResult executionId="8f107dd3-e4a5-4c8e-8378-ae8fa6cb45d3" testId="5c09b3ae-dd5d-4103-a884-3ff4192b210d" testName="ResetChunkedRaisesEvent" computerName="TAG009442327432" duration="00:00:00.0010000" startTime="2018-09-20T12:47:57.0000000+02:00" endTime="2018-09-20T12:47:57.0000000+02:00" testType="13cdc9d9-ddb5-4fa4-a97d-d965ccfc6d4b" outcome="Passed" testListId="8c84fa94-04c1-424b-9868-57a2d4851a1d" relativeResultsDirectory="8f107dd3-e4a5-4c8e-8378-ae8fa6cb45d3" /><UnitTestResult executionId="9a9ccc02-2868-473f-809c-074905f0aaec" testId="eb33d674-1fde-44d5-b77d-95a421dc9fff" testName="TheStrategyIsDisabledIfBeaconMaxAgeIsSetToLessThanZero" computerName="TAG009442327432" duration="00:00:00.0000001" startTime="2018-09-20T12:47:57.0000000+02:00" endTime="2018-09-20T12:47:57.0000000+02:00" testType="13cdc9d9-ddb5-4fa4-a97d-d965ccfc6d4b" outcome="Passed" testListId="8c84fa94-04c1-424b-9868-57a2d4851a1d" relativeResultsDirectory="9a9ccc02-2868-473f-809c-074905f0aaec" /><UnitTestResult executionId="014a1ca5-16fa-4bc8-a601-4e3019c85183" testId="9edf06ee-52c8-4b3a-abda-5492b712e588" testName="SessionIDIsValueFromSessionIDProviderOnDataCollectionLevel2" computerName="TAG009442327432" duration="00:00:00.0020000" startTime="2018-09-20T12:47:58.0000000+02:00" endTime="2018-09-20T12:47:58.0000000+02:00" testType="13cdc9d9-ddb5-4fa4-a97d-d965ccfc6d4b" outcome="Passed" testListId="8c84fa94-04c1-424b-9868-57a2d4851a1d" relativeResultsDirectory="014a1ca5-16fa-4bc8-a601-4e3019c85183" /><UnitTestResult executionId="2725859a-722d-4583-8c07-e2c4d2aaed29" testId="67224e0b-eaf8-4301-a5ef-406a934ffd77" testName="SendBeaconRequestSendsGzipCompressedDataIfNonNullDataWasGiven" computerName="TAG009442327432" duration="00:00:00.0160000" startTime="2018-09-20T12:47:58.0000000+02:00" endTime="2018-09-20T12:47:58.0000000+02:00" testType="13cdc9d9-ddb5-4fa4-a97d-d965ccfc6d4b" outcome="Passed" testListId="8c84fa94-04c1-424b-9868-57a2d4851a1d" relativeResultsDirectory="2725859a-722d-4583-8c07-e2c4d2aaed29" /><UnitTestResult executionId="8a6344c3-407d-4bb7-8273-a9871f3c1a95" testId="8093b9b3-19fc-42d4-a180-e052de178038" testName="DefaultMultiplicityIsOne" computerName="TAG009442327432" duration="00:00:00.0000001" startTime="2018-09-20T12:48:00.0000000+02:00" endTime="2018-09-20T12:48:00.0000000+02:00" testType="13cdc9d9-ddb5-4fa4-a97d-d965ccfc6d4b" outcome="Passed" testListId="8c84fa94-04c1-424b-9868-57a2d4851a1d" relativeResultsDirectory="8a6344c3-407d-4bb7-8273-a9871f3c1a95" /><UnitTestResult executionId="4c8e7ad7-d80e-4b44-931f-472c88001fe1" testId="1ff3488e-5ab2-4301-b30f-ce88c69d4fe6" testName="ParsingTooBigMaxBeaconSizeOverflows" computerName="TAG009442327432" duration="00:00:00.0010000" startTime="2018-09-20T12:48:00.0000000+02:00" endTime="2018-09-20T12:48:00.0000000+02:00" testType="13cdc9d9-ddb5-4fa4-a97d-d965ccfc6d4b" outcome="Passed" testListId="8c84fa94-04c1-424b-9868-57a2d4851a1d" relativeResultsDirectory="4c8e7ad7-d80e-4b44-931f-472c88001fe1" /><UnitTestResult executionId="8e734db7-729d-4a40-b63c-fd056ad2b04f" testId="dc422410-b1b5-4be2-a4ad-7e8cb8f9886d" testName="WebRequestIsReportedForDataCollectionLevel1" computerName="TAG009442327432" duration="00:00:00.0010000" startTime="2018-09-20T12:47:58.0000000+02:00" endTime="2018-09-20T12:47:58.0000000+02:00" testType="13cdc9d9-ddb5-4fa4-a97d-d965ccfc6d4b" outcome="Passed" testListId="8c84fa94-04c1-424b-9868-57a2d4851a1d" relativeResultsDirectory="8e734db7-729d-4a40-b63c-fd056ad2b04f" /><UnitTestResult executionId="3ff8f0b4-2b2a-4eba-8c0d-400735702e9c" testId="8bdbea7b-4f8d-409f-b504-dab3da89c8fd" testName="SessionStartIsReportedForDataCollectionLevel1" computerName="TAG009442327432" duration="00:00:00.0010000" startTime="2018-09-20T12:47:58.0000000+02:00" endTime="2018-09-20T12:47:58.0000000+02:00" testType="13cdc9d9-ddb5-4fa4-a97d-d965ccfc6d4b" outcome="Passed" testListId="8c84fa94-04c1-424b-9868-57a2d4851a1d" relativeResultsDirectory="3ff8f0b4-2b2a-4eba-8c0d-400735702e9c" /><UnitTestResult executionId="32117a4d-e4a6-4724-b084-4902054afe76" testId="0af2fbc8-5236-4542-b22e-e3ccb6097dc3" testName="EnterActionReturnsNullActionIfActionNameIsAnEmptyString" computerName="TAG009442327432" duration="00:00:00.0010000" startTime="2018-09-20T12:47:58.0000000+02:00" endTime="2018-09-20T12:47:58.0000000+02:00" testType="13cdc9d9-ddb5-4fa4-a97d-d965ccfc6d4b" outcome="Passed" testListId="8c84fa94-04c1-424b-9868-57a2d4851a1d" relativeResultsDirectory="32117a4d-e4a6-4724-b084-4902054afe76" /><UnitTestResult executionId="f3c3dd7f-511f-4719-a7ee-99f60bc566a1" testId="c371171e-256c-4135-a413-432b1bf0ccc4" testName="IpV4AddressIsInvalidDueToIllegalValueOverrun" computerName="TAG009442327432" duration="00:00:00.0000001" startTime="2018-09-20T12:47:58.0000000+02:00" endTime="2018-09-20T12:47:58.0000000+02:00" testType="13cdc9d9-ddb5-4fa4-a97d-d965ccfc6d4b" outcome="Passed" testListId="8c84fa94-04c1-424b-9868-57a2d4851a1d" relativeResultsDirectory="f3c3dd7f-511f-4719-a7ee-99f60bc566a1" /><UnitTestResult executionId="cf4a061c-047c-44e8-aed7-5e72db526c2a" testId="18f73f2d-4e4f-4200-9419-50e4352e4ea6" testName="TimeSyncSupportIsTrueByDefault" computerName="TAG009442327432" duration="00:00:00.0000001" startTime="2018-09-20T12:47:58.0000000+02:00" endTime="2018-09-20T12:47:58.0000000+02:00" testType="13cdc9d9-ddb5-4fa4-a97d-d965ccfc6d4b" outcome="Passed" testListId="8c84fa94-04c1-424b-9868-57a2d4851a1d" relativeResultsDirectory="cf4a061c-047c-44e8-aed7-5e72db526c2a" /><UnitTestResult executionId="fb0b2ae3-efb1-4a55-9b0d-824981184ebb" testId="b6d138da-4985-43fc-86c5-6653f13f0158" testName="CanSetApplicationVersionForAppMon" computerName="TAG009442327432" duration="00:00:00.0000001" startTime="2018-09-20T12:47:58.0000000+02:00" endTime="2018-09-20T12:47:58.0000000+02:00" testType="13cdc9d9-ddb5-4fa4-a97d-d965ccfc6d4b" outcome="Passed" testListId="8c84fa94-04c1-424b-9868-57a2d4851a1d" relativeResultsDirectory="fb0b2ae3-efb1-4a55-9b0d-824981184ebb" /><UnitTestResult executionId="f8a5e845-2d10-43dc-b52b-ad11bc79d064" testId="a73f587e-6798-4e2a-b37d-983cdaf26986" testName="WhenBeaconConfigurationIsNotSetSendingIsNotAllowed" computerName="TAG009442327432" duration="00:00:00.0000001" startTime="2018-09-20T12:47:58.0000000+02:00" endTime="2018-09-20T12:47:58.0000000+02:00" testType="13cdc9d9-ddb5-4fa4-a97d-d965ccfc6d4b" outcome="Passed" testListId="8c84fa94-04c1-424b-9868-57a2d4851a1d" relativeResultsDirectory="f8a5e845-2d10-43dc-b52b-ad11bc79d064" /><UnitTestResult executionId="0b34f5cf-ce12-4db8-ab57-418d6bfa7635" testId="be30344d-f683-4fcf-a023-92cb05584b4b" testName="RemoveOldestRecordsRemovesEventDataIfTopEventDataAndActionDataHaveSameTimestamp" computerName="TAG009442327432" duration="00:00:00.0010000" startTime="2018-09-20T12:47:57.0000000+02:00" endTime="2018-09-20T12:47:57.0000000+02:00" testType="13cdc9d9-ddb5-4fa4-a97d-d965ccfc6d4b" outcome="Passed" testListId="8c84fa94-04c1-424b-9868-57a2d4851a1d" relativeResultsDirectory="0b34f5cf-ce12-4db8-ab57-418d6bfa7635" /><UnitTestResult executionId="8546e707-f77d-4947-a32d-b26e00a549d4" testId="4ffbe880-1ca2-44da-9dd6-41e5655751e5" testName="ExecuteEvictionDoesNotLogIfStrategyIsDisabledAndInfoIsDisabledInLogger" computerName="TAG009442327432" duration="00:00:00.0020000" startTime="2018-09-20T12:47:57.0000000+02:00" endTime="2018-09-20T12:47:57.0000000+02:00" testType="13cdc9d9-ddb5-4fa4-a97d-d965ccfc6d4b" outcome="Passed" testListId="8c84fa94-04c1-424b-9868-57a2d4851a1d" relativeResultsDirectory="8546e707-f77d-4947-a32d-b26e00a549d4" /><UnitTestResult executionId="892ed8c1-0fa5-413e-a09f-5e291738cafa" testId="e7deec9c-7a1a-46a3-9635-9b0b7cbf6536" testName="LeavingAnActionRemovesItselfFromListPassedInCtor" computerName="TAG009442327432" duration="00:00:00.0010000" startTime="2018-09-20T12:47:57.0000000+02:00" endTime="2018-09-20T12:47:57.0000000+02:00" testType="13cdc9d9-ddb5-4fa4-a97d-d965ccfc6d4b" outcome="Passed" testListId="8c84fa94-04c1-424b-9868-57a2d4851a1d" relativeResultsDirectory="892ed8c1-0fa5-413e-a09f-5e291738cafa" /><UnitTestResult executionId="807189dd-6de0-4d0f-9770-1731ea4c5e9e" testId="c9d7aa4e-f663-44af-a799-9c99f59a2488" testName="IdentifyUserDoesNotReportOnDataCollectionLevel1" computerName="TAG009442327432" duration="00:00:00.0010000" startTime="2018-09-20T12:47:58.0000000+02:00" endTime="2018-09-20T12:47:58.0000000+02:00" testType="13cdc9d9-ddb5-4fa4-a97d-d965ccfc6d4b" outcome="Passed" testListId="8c84fa94-04c1-424b-9868-57a2d4851a1d" relativeResultsDirectory="807189dd-6de0-4d0f-9770-1731ea4c5e9e" /><UnitTestResult executionId="8bf15ee4-3d64-4cd4-8e32-39259b50d1c8" testId="e9921a6a-419c-476e-a20c-cb7bf259cc45" testName="ReportDoubleValueDoesNothingIfValueNameIsNull" computerName="TAG009442327432" duration="00:00:00.0010000" startTime="2018-09-20T12:47:57.0000000+02:00" endTime="2018-09-20T12:47:57.0000000+02:00" testType="13cdc9d9-ddb5-4fa4-a97d-d965ccfc6d4b" outcome="Passed" testListId="8c84fa94-04c1-424b-9868-57a2d4851a1d" relativeResultsDirectory="8bf15ee4-3d64-4cd4-8e32-39259b50d1c8" /><UnitTestResult executionId="3e73ae3f-ce0e-4114-bead-4ed934a51955" testId="83ec401c-dc74-4145-9e78-bbcefff94980" testName="SetBytesReceivedDoesNotSetAnythingIfStopped" computerName="TAG009442327432" duration="00:00:00.0010000" startTime="2018-09-20T12:47:58.0000000+02:00" endTime="2018-09-20T12:47:58.0000000+02:00" testType="13cdc9d9-ddb5-4fa4-a97d-d965ccfc6d4b" outcome="Passed" testListId="8c84fa94-04c1-424b-9868-57a2d4851a1d" relativeResultsDirectory="3e73ae3f-ce0e-4114-bead-4ed934a51955" /><UnitTestResult executionId="2031ca30-040e-4a08-a43d-6ae0dacfafa5" testId="3221a72e-5629-4cd0-b7dd-5292912f6a35" testName="IpV6AddressIsInvalidTooManyBlocks" computerName="TAG009442327432" duration="00:00:00.0000001" startTime="2018-09-20T12:47:58.0000000+02:00" endTime="2018-09-20T12:47:58.0000000+02:00" testType="13cdc9d9-ddb5-4fa4-a97d-d965ccfc6d4b" outcome="Passed" testListId="8c84fa94-04c1-424b-9868-57a2d4851a1d" relativeResultsDirectory="2031ca30-040e-4a08-a43d-6ae0dacfafa5" /><UnitTestResult executionId="9507cf59-08e5-4721-9eed-1f69cb91f589" testId="d1c69df5-8995-4db0-8dfa-1fd26ef7da60" testName="NoUserIdentificationIsReportedIfBeaconConfigurationDisablesCapturing" computerName="TAG009442327432" duration="00:00:00.0010000" startTime="2018-09-20T12:47:58.0000000+02:00" endTime="2018-09-20T12:47:58.0000000+02:00" testType="13cdc9d9-ddb5-4fa4-a97d-d965ccfc6d4b" outcome="Passed" testListId="8c84fa94-04c1-424b-9868-57a2d4851a1d" relativeResultsDirectory="9507cf59-08e5-4721-9eed-1f69cb91f589" /><UnitTestResult executionId="70a26068-df6c-4c2d-b6c3-08a1a2be32e5" testId="3252eed4-7a5f-43da-875a-60f4a8f7c9e1" testName="EnableAndDisableCapturing" computerName="TAG009442327432" duration="00:00:00.0000001" startTime="2018-09-20T12:47:58.0000000+02:00" endTime="2018-09-20T12:47:58.0000000+02:00" testType="13cdc9d9-ddb5-4fa4-a97d-d965ccfc6d4b" outcome="Passed" testListId="8c84fa94-04c1-424b-9868-57a2d4851a1d" relativeResultsDirectory="70a26068-df6c-4c2d-b6c3-08a1a2be32e5" /><UnitTestResult executionId="19b9f49a-0f9e-434c-aab4-d7488c0448d8" testId="1fd37066-44e3-4ac9-abe5-120e5acae2fc" testName="DefaultSessionIDProviderReturnsNonNegativeID" computerName="TAG009442327432" duration="00:00:00.0010000" startTime="2018-09-20T12:48:00.0000000+02:00" endTime="2018-09-20T12:48:00.0000000+02:00" testType="13cdc9d9-ddb5-4fa4-a97d-d965ccfc6d4b" outcome="Passed" testListId="8c84fa94-04c1-424b-9868-57a2d4851a1d" relativeResultsDirectory="19b9f49a-0f9e-434c-aab4-d7488c0448d8" /><UnitTestResult executionId="ca67f3f1-372c-4fb7-8dcc-126712d213bb" testId="44df62d5-0e7d-45b9-87c0-30a637edef97" testName="SendNewSessionRequestIsRetriedThreeTimesBeforeGivingUp" computerName="TAG009442327432" duration="00:00:00.4060000" startTime="2018-09-20T12:47:58.0000000+02:00" endTime="2018-09-20T12:47:59.0000000+02:00" testType="13cdc9d9-ddb5-4fa4-a97d-d965ccfc6d4b" outcome="Passed" testListId="8c84fa94-04c1-424b-9868-57a2d4851a1d" relativeResultsDirectory="ca67f3f1-372c-4fb7-8dcc-126712d213bb" /><UnitTestResult executionId="a22c3a61-ec88-48ef-8a50-744fa079386a" testId="0b637641-30d9-481a-ba25-61a53f282698" testName="SleepIsCalledOnEntry" computerName="TAG009442327432" duration="00:00:00.0010000" startTime="2018-09-20T12:47:57.0000000+02:00" endTime="2018-09-20T12:47:57.0000000+02:00" testType="13cdc9d9-ddb5-4fa4-a97d-d965ccfc6d4b" outcome="Passed" testListId="8c84fa94-04c1-424b-9868-57a2d4851a1d" relativeResultsDirectory="a22c3a61-ec88-48ef-8a50-744fa079386a" /><UnitTestResult executionId="0feef4ee-0730-459b-9f85-a330d9170c2a" testId="7d2a6c7c-1573-4eee-83ec-b2c8cae4d0dd" testName="SessionStartIsReportedForDataCollectionLevel2" computerName="TAG009442327432" duration="00:00:00.0010000" startTime="2018-09-20T12:47:58.0000000+02:00" endTime="2018-09-20T12:47:58.0000000+02:00" testType="13cdc9d9-ddb5-4fa4-a97d-d965ccfc6d4b" outcome="Passed" testListId="8c84fa94-04c1-424b-9868-57a2d4851a1d" relativeResultsDirectory="0feef4ee-0730-459b-9f85-a330d9170c2a" /><UnitTestResult executionId="3fbb890b-864a-4e7b-8932-5524c9a9a541" testId="d7c3c342-c12b-4f9a-a799-2c13b3e2ae00" testName="AValidSchemeStartsWithALetter" computerName="TAG009442327432" duration="00:00:00.0000001" startTime="2018-09-20T12:47:58.0000000+02:00" endTime="2018-09-20T12:47:58.0000000+02:00" testType="13cdc9d9-ddb5-4fa4-a97d-d965ccfc6d4b" outcome="Passed" testListId="8c84fa94-04c1-424b-9868-57a2d4851a1d" relativeResultsDirectory="3fbb890b-864a-4e7b-8932-5524c9a9a541" /><UnitTestResult executionId="30ea6b80-efc5-4bc7-aa17-565bc5e4d12b" testId="782a02d1-2b51-41aa-961e-379f4e28d872" testName="GivenDeviceIDIsUsedOnDataCollectionLevel2" computerName="TAG009442327432" duration="00:00:00.0010000" startTime="2018-09-20T12:47:58.0000000+02:00" endTime="2018-09-20T12:47:58.0000000+02:00" testType="13cdc9d9-ddb5-4fa4-a97d-d965ccfc6d4b" outcome="Passed" testListId="8c84fa94-04c1-424b-9868-57a2d4851a1d" relativeResultsDirectory="30ea6b80-efc5-4bc7-aa17-565bc5e4d12b" /><UnitTestResult executionId="16f174e9-8a86-4314-8607-f2e7dafd1784" testId="a1bb1e88-7449-4461-9071-6c12aff625b4" testName="AddingActionData" computerName="TAG009442327432" duration="00:00:00.0030000" startTime="2018-09-20T12:47:57.0000000+02:00" endTime="2018-09-20T12:47:57.0000000+02:00" testType="13cdc9d9-ddb5-4fa4-a97d-d965ccfc6d4b" outcome="Passed" testListId="8c84fa94-04c1-424b-9868-57a2d4851a1d" relativeResultsDirectory="16f174e9-8a86-4314-8607-f2e7dafd1784" /><UnitTestResult executionId="b81a9a69-6424-4042-8c70-a592829ec00b" testId="cb839d3a-c7f3-41e4-bc8c-7c6cec4597a4" testName="IpV6AddressMixedNotationIsValid_ZerosIPv6NonCompressed" computerName="TAG009442327432" duration="00:00:00.0000001" startTime="2018-09-20T12:47:58.0000000+02:00" endTime="2018-09-20T12:47:58.0000000+02:00" testType="13cdc9d9-ddb5-4fa4-a97d-d965ccfc6d4b" outcome="Passed" testListId="8c84fa94-04c1-424b-9868-57a2d4851a1d" relativeResultsDirectory="b81a9a69-6424-4042-8c70-a592829ec00b" /><UnitTestResult executionId="7b7ac1dc-e561-49a7-b85d-b67b04bbc5c0" testId="0ec754b6-ebef-4893-86ee-f357b9897713" testName="IpV6AddressValid_CharactersUpperCase" computerName="TAG009442327432" duration="00:00:00.0000001" startTime="2018-09-20T12:47:58.0000000+02:00" endTime="2018-09-20T12:47:58.0000000+02:00" testType="13cdc9d9-ddb5-4fa4-a97d-d965ccfc6d4b" outcome="Passed" testListId="8c84fa94-04c1-424b-9868-57a2d4851a1d" relativeResultsDirectory="7b7ac1dc-e561-49a7-b85d-b67b04bbc5c0" /><UnitTestResult executionId="dce956e3-116c-4704-8258-d24343ec34eb" testId="b1de8db9-9e81-4e96-831e-b56811e37e3d" testName="TransitionToFlushStateIsPerformedOnShutdown" computerName="TAG009442327432" duration="00:00:00.0010000" startTime="2018-09-20T12:47:58.0000000+02:00" endTime="2018-09-20T12:47:58.0000000+02:00" testType="13cdc9d9-ddb5-4fa4-a97d-d965ccfc6d4b" outcome="Passed" testListId="8c84fa94-04c1-424b-9868-57a2d4851a1d" relativeResultsDirectory="dce956e3-116c-4704-8258-d24343ec34eb" /><UnitTestResult executionId="aba87832-d608-4c3c-8fe6-99e7f5f2c7db" testId="e8b7dc0e-6607-4486-8d3e-a0eb9dc6be3d" testName="AValidSchemeOnlyContainsLettersDigitsPlusPeriodOrHyphen" computerName="TAG009442327432" duration="00:00:00.0000001" startTime="2018-09-20T12:47:58.0000000+02:00" endTime="2018-09-20T12:47:58.0000000+02:00" testType="13cdc9d9-ddb5-4fa4-a97d-d965ccfc6d4b" outcome="Passed" testListId="8c84fa94-04c1-424b-9868-57a2d4851a1d" relativeResultsDirectory="aba87832-d608-4c3c-8fe6-99e7f5f2c7db" /><UnitTestResult executionId="36335631-9522-45b8-b64f-be2c31c1c9c0" testId="68e2c5e4-9df2-466d-921e-e044e777afca" testName="DebugDoesNotLogIfVerboseIsDisabled" computerName="TAG009442327432" duration="00:00:00.0010000" startTime="2018-09-20T12:47:58.0000000+02:00" endTime="2018-09-20T12:47:58.0000000+02:00" testType="13cdc9d9-ddb5-4fa4-a97d-d965ccfc6d4b" outcome="Passed" testListId="8c84fa94-04c1-424b-9868-57a2d4851a1d" relativeResultsDirectory="36335631-9522-45b8-b64f-be2c31c1c9c0" /><UnitTestResult executionId="a331c41a-6d81-4252-975a-aa606aa90621" testId="2b325de7-6750-4ec9-97c5-ef45fc95a602" testName="IsSuccessfulResponseReturnsTrueIfResponseIsNotErroneous" computerName="TAG009442327432" duration="00:00:00.0000001" startTime="2018-09-20T12:47:58.0000000+02:00" endTime="2018-09-20T12:47:58.0000000+02:00" testType="13cdc9d9-ddb5-4fa4-a97d-d965ccfc6d4b" outcome="Passed" testListId="8c84fa94-04c1-424b-9868-57a2d4851a1d" relativeResultsDirectory="a331c41a-6d81-4252-975a-aa606aa90621" /><UnitTestResult executionId="ce1d9172-8e7e-4f7f-8341-7fef993d95a9" testId="15d253bc-14f3-4379-b6be-67034c30660f" testName="TwoInstancesAreNotEqualIfMarkedForSendingDiffers" computerName="TAG009442327432" duration="00:00:00.0000001" startTime="2018-09-20T12:47:57.0000000+02:00" endTime="2018-09-20T12:47:57.0000000+02:00" testType="13cdc9d9-ddb5-4fa4-a97d-d965ccfc6d4b" outcome="Passed" testListId="8c84fa94-04c1-424b-9868-57a2d4851a1d" relativeResultsDirectory="ce1d9172-8e7e-4f7f-8341-7fef993d95a9" /><UnitTestResult executionId="356f4b3c-f871-4522-8cdc-48f8bf32f18b" testId="be11e8cb-2300-44db-8a04-9f14be442abc" testName="SendStatusRequestIsAbortedWhenShutDownIsRequested" computerName="TAG009442327432" duration="00:00:00.0010000" startTime="2018-09-20T12:47:58.0000000+02:00" endTime="2018-09-20T12:47:58.0000000+02:00" testType="13cdc9d9-ddb5-4fa4-a97d-d965ccfc6d4b" outcome="Passed" testListId="8c84fa94-04c1-424b-9868-57a2d4851a1d" relativeResultsDirectory="356f4b3c-f871-4522-8cdc-48f8bf32f18b" /><UnitTestResult executionId="381b1aee-23a9-4a27-beef-75271798a70b" testId="4c0b7b96-6187-4d3d-8d94-a8ffa9be1786" testName="ReportDoubleValueDoesNothingIfActionIsLeft" computerName="TAG009442327432" duration="00:00:00.0010000" startTime="2018-09-20T12:47:57.0000000+02:00" endTime="2018-09-20T12:47:57.0000000+02:00" testType="13cdc9d9-ddb5-4fa4-a97d-d965ccfc6d4b" outcome="Passed" testListId="8c84fa94-04c1-424b-9868-57a2d4851a1d" relativeResultsDirectory="381b1aee-23a9-4a27-beef-75271798a70b" /><UnitTestResult executionId="17c07821-3717-41e7-bc84-7217376b0447" testId="35f0fdad-1cd4-45fb-af76-3f6c7276ad91" testName="IpV6AddressHexCompressedIsValidBlock3" computerName="TAG009442327432" duration="00:00:00.0000001" startTime="2018-09-20T12:47:58.0000000+02:00" endTime="2018-09-20T12:47:58.0000000+02:00" testType="13cdc9d9-ddb5-4fa4-a97d-d965ccfc6d4b" outcome="Passed" testListId="8c84fa94-04c1-424b-9868-57a2d4851a1d" relativeResultsDirectory="17c07821-3717-41e7-bc84-7217376b0447" /><UnitTestResult executionId="d53bf955-ec87-4a70-9abb-fe7f4ce10d7f" testId="f4c464fc-f594-46e7-8bb0-83ec7317f867" testName="IfURLIsInvalidTheDefaultValueIsUsed" computerName="TAG009442327432" duration="00:00:00.0000001" startTime="2018-09-20T12:47:58.0000000+02:00" endTime="2018-09-20T12:47:58.0000000+02:00" testType="13cdc9d9-ddb5-4fa4-a97d-d965ccfc6d4b" outcome="Passed" testListId="8c84fa94-04c1-424b-9868-57a2d4851a1d" relativeResultsDirectory="d53bf955-ec87-4a70-9abb-fe7f4ce10d7f" /><UnitTestResult executionId="1a1c9132-73f3-4b28-84d1-f8a3fbbff92a" testId="6a6621c6-734f-496a-8cb8-470192272e9f" testName="RemoveOldestRecordsStopsIfListsAreEmpty" computerName="TAG009442327432" duration="00:00:00.0010000" startTime="2018-09-20T12:47:57.0000000+02:00" endTime="2018-09-20T12:47:57.0000000+02:00" testType="13cdc9d9-ddb5-4fa4-a97d-d965ccfc6d4b" outcome="Passed" testListId="8c84fa94-04c1-424b-9868-57a2d4851a1d" relativeResultsDirectory="1a1c9132-73f3-4b28-84d1-f8a3fbbff92a" /><UnitTestResult executionId="3ced6779-4a1e-4c61-8585-9a3762ccb43a" testId="20a81a3b-2d8d-4a64-8d8d-18702f14e7d9" testName="LastOpenSessionSendTimeIsSet" computerName="TAG009442327432" duration="00:00:00.0010000" startTime="2018-09-20T12:47:58.0000000+02:00" endTime="2018-09-20T12:47:58.0000000+02:00" testType="13cdc9d9-ddb5-4fa4-a97d-d965ccfc6d4b" outcome="Passed" testListId="8c84fa94-04c1-424b-9868-57a2d4851a1d" relativeResultsDirectory="3ced6779-4a1e-4c61-8585-9a3762ccb43a" /><UnitTestResult executionId="d95027d0-f176-4c77-b673-236e28653337" testId="b05bb027-330e-445a-a9e5-a2026fa396c2" testName="DefaultValues" computerName="TAG009442327432" duration="00:00:00.0010000" startTime="2018-09-20T12:47:58.0000000+02:00" endTime="2018-09-20T12:47:58.0000000+02:00" testType="13cdc9d9-ddb5-4fa4-a97d-d965ccfc6d4b" outcome="Passed" testListId="8c84fa94-04c1-424b-9868-57a2d4851a1d" relativeResultsDirectory="d95027d0-f176-4c77-b673-236e28653337" /><UnitTestResult executionId="9546253e-e293-4d9f-a075-29ba36533f51" testId="339227a0-5038-45d8-a645-b176294335b6" testName="StateIsNotTerminal" computerName="TAG009442327432" duration="00:00:00.0000001" startTime="2018-09-20T12:47:58.0000000+02:00" endTime="2018-09-20T12:47:58.0000000+02:00" testType="13cdc9d9-ddb5-4fa4-a97d-d965ccfc6d4b" outcome="Passed" testListId="8c84fa94-04c1-424b-9868-57a2d4851a1d" relativeResultsDirectory="9546253e-e293-4d9f-a075-29ba36533f51" /><UnitTestResult executionId="629b6559-de97-4a8e-ad34-988c516cb9e1" testId="6ee87419-12e4-404d-aa56-4aaa30c409db" testName="TheSessionIsFinishedAfterCallingFinishSession" computerName="TAG009442327432" duration="00:00:00.0000001" startTime="2018-09-20T12:47:58.0000000+02:00" endTime="2018-09-20T12:47:58.0000000+02:00" testType="13cdc9d9-ddb5-4fa4-a97d-d965ccfc6d4b" outcome="Passed" testListId="8c84fa94-04c1-424b-9868-57a2d4851a1d" relativeResultsDirectory="629b6559-de97-4a8e-ad34-988c516cb9e1" /><UnitTestResult executionId="9bb8d52a-c20c-4c17-87a5-13d059ec8fee" testId="ec405ed8-3777-4fbb-b84a-6e586ff9790e" testName="GetRetryAfterReturnsDefaultValueIfResponseKeyDoesNotExist" computerName="TAG009442327432" duration="00:00:00.0000001" startTime="2018-09-20T12:48:00.0000000+02:00" endTime="2018-09-20T12:48:00.0000000+02:00" testType="13cdc9d9-ddb5-4fa4-a97d-d965ccfc6d4b" outcome="Passed" testListId="8c84fa94-04c1-424b-9868-57a2d4851a1d" relativeResultsDirectory="9bb8d52a-c20c-4c17-87a5-13d059ec8fee" /><UnitTestResult executionId="5be0362c-4e05-45b3-b381-254fc577a964" testId="64fb7957-1928-4b5b-b39a-653df3b36c0a" testName="UnsuccessfulFinishedSessionsAreNotRemovedFromCache" computerName="TAG009442327432" duration="00:00:00.0010000" startTime="2018-09-20T12:47:58.0000000+02:00" endTime="2018-09-20T12:47:58.0000000+02:00" testType="13cdc9d9-ddb5-4fa4-a97d-d965ccfc6d4b" outcome="Passed" testListId="8c84fa94-04c1-424b-9868-57a2d4851a1d" relativeResultsDirectory="5be0362c-4e05-45b3-b381-254fc577a964" /><UnitTestResult executionId="763b3a4a-72e0-447d-8df0-59305a161a94" testId="ced9cfd2-c16b-467a-8b8c-a5eea29d92d6" testName="StartingAnAlreadyAliveBeaconCacheEvictorDoesNothing" computerName="TAG009442327432" duration="00:00:00.0010000" startTime="2018-09-20T12:47:57.0000000+02:00" endTime="2018-09-20T12:47:57.0000000+02:00" testType="13cdc9d9-ddb5-4fa4-a97d-d965ccfc6d4b" outcome="Passed" testListId="8c84fa94-04c1-424b-9868-57a2d4851a1d" relativeResultsDirectory="763b3a4a-72e0-447d-8df0-59305a161a94" /><UnitTestResult executionId="0fd73d41-25fc-4e1f-894e-6daee25f2029" testId="520de078-e01b-4829-be07-2b02d4d54cf5" testName="ToStringReturnsTheStateName" computerName="TAG009442327432" duration="00:00:00.0000001" startTime="2018-09-20T12:47:57.0000000+02:00" endTime="2018-09-20T12:47:57.0000000+02:00" testType="13cdc9d9-ddb5-4fa4-a97d-d965ccfc6d4b" outcome="Passed" testListId="8c84fa94-04c1-424b-9868-57a2d4851a1d" relativeResultsDirectory="0fd73d41-25fc-4e1f-894e-6daee25f2029" /><UnitTestResult executionId="cab5e957-ac0f-476b-b28d-6fd60718d0db" testId="b08ea9c8-08a3-45c0-a794-d264cf0372f4" testName="RemoveOldestRecordsDoesNotRemoveAnythingFromEventAndActionsBeingSent" computerName="TAG009442327432" duration="00:00:00.0010000" startTime="2018-09-20T12:47:57.0000000+02:00" endTime="2018-09-20T12:47:57.0000000+02:00" testType="13cdc9d9-ddb5-4fa4-a97d-d965ccfc6d4b" outcome="Passed" testListId="8c84fa94-04c1-424b-9868-57a2d4851a1d" relativeResultsDirectory="cab5e957-ac0f-476b-b28d-6fd60718d0db" /><UnitTestResult executionId="9171f3cd-b842-479b-aea9-85d5583eca30" testId="70f19283-1d19-42e0-bcf8-609772262f7b" testName="ADefaultConstructedBeaconCacheEvictorIsNotAlive" computerName="TAG009442327432" duration="00:00:00.0130000" startTime="2018-09-20T12:47:57.0000000+02:00" endTime="2018-09-20T12:47:57.0000000+02:00" testType="13cdc9d9-ddb5-4fa4-a97d-d965ccfc6d4b" outcome="Passed" testListId="8c84fa94-04c1-424b-9868-57a2d4851a1d" relativeResultsDirectory="9171f3cd-b842-479b-aea9-85d5583eca30" /><UnitTestResult executionId="aa91f674-1612-4772-a5aa-1d6f586b65fd" testId="d156be7d-3505-4a2f-b6e2-06337e222519" testName="ReportEvent" computerName="TAG009442327432" duration="00:00:00.0010000" startTime="2018-09-20T12:47:57.0000000+02:00" endTime="2018-09-20T12:47:57.0000000+02:00" testType="13cdc9d9-ddb5-4fa4-a97d-d965ccfc6d4b" outcome="Passed" testListId="8c84fa94-04c1-424b-9868-57a2d4851a1d" relativeResultsDirectory="aa91f674-1612-4772-a5aa-1d6f586b65fd" /><UnitTestResult executionId="15a36edc-d2b6-4dd6-9e93-f846ef320a42" testId="241a044f-1881-473d-ac27-c0a1a8b559d0" testName="RemoveOldestRecordsRemovesActionDataIfEventDataIsEmpty" computerName="TAG009442327432" duration="00:00:00.0010000" startTime="2018-09-20T12:47:57.0000000+02:00" endTime="2018-09-20T12:47:57.0000000+02:00" testType="13cdc9d9-ddb5-4fa4-a97d-d965ccfc6d4b" outcome="Passed" testListId="8c84fa94-04c1-424b-9868-57a2d4851a1d" relativeResultsDirectory="15a36edc-d2b6-4dd6-9e93-f846ef320a42" /><UnitTestResult executionId="7e17b69f-bd41-4dfe-98f2-9683b1f59568" testId="d168b057-8c3e-4735-9b2c-5184722ea3c7" testName="TimeSyncIsSupportedIfInitCalledWithTrue" computerName="TAG009442327432" duration="00:00:00.0000001" startTime="2018-09-20T12:48:00.0000000+02:00" endTime="2018-09-20T12:48:00.0000000+02:00" testType="13cdc9d9-ddb5-4fa4-a97d-d965ccfc6d4b" outcome="Passed" testListId="8c84fa94-04c1-424b-9868-57a2d4851a1d" relativeResultsDirectory="7e17b69f-bd41-4dfe-98f2-9683b1f59568" /><UnitTestResult executionId="9dcdcde2-b04d-40d2-a7de-b7d273f4273a" testId="835d1c3a-5ff5-428e-9e22-3e80e4285d8c" testName="ADefaultConstructedConfigurationDisablesCrashReporting" computerName="TAG009442327432" duration="00:00:00.0010000" startTime="2018-09-20T12:47:58.0000000+02:00" endTime="2018-09-20T12:47:58.0000000+02:00" testType="13cdc9d9-ddb5-4fa4-a97d-d965ccfc6d4b" outcome="Passed" testListId="8c84fa94-04c1-424b-9868-57a2d4851a1d" relativeResultsDirectory="9dcdcde2-b04d-40d2-a7de-b7d273f4273a" /><UnitTestResult executionId="a10d0e5e-1536-471b-b91f-f50362b28f24" testId="021485d3-842c-407e-bb44-9af41f452ca3" testName="WaitForInitWhenWithTimeoutFailed" computerName="TAG009442327432" duration="00:00:00.0010000" startTime="2018-09-20T12:47:58.0000000+02:00" endTime="2018-09-20T12:47:58.0000000+02:00" testType="13cdc9d9-ddb5-4fa4-a97d-d965ccfc6d4b" outcome="Passed" testListId="8c84fa94-04c1-424b-9868-57a2d4851a1d" relativeResultsDirectory="a10d0e5e-1536-471b-b91f-f50362b28f24" /><UnitTestResult executionId="39bd4d3a-f7b4-4ef6-9c72-b7f4e39160b5" testId="7ccfdffd-4dde-4b3b-b531-76e29c344467" testName="MaxRecordAge" computerName="TAG009442327432" duration="00:00:00.0010000" startTime="2018-09-20T12:47:58.0000000+02:00" endTime="2018-09-20T12:47:58.0000000+02:00" testType="13cdc9d9-ddb5-4fa4-a97d-d965ccfc6d4b" outcome="Passed" testListId="8c84fa94-04c1-424b-9868-57a2d4851a1d" relativeResultsDirectory="39bd4d3a-f7b4-4ef6-9c72-b7f4e39160b5" /><UnitTestResult executionId="40345346-e7c0-4fc6-8e32-f4ed4a1c450f" testId="1debe2a0-96f4-4dc0-9d00-c4daef3991a5" testName="DeleteCacheEntryDecrementsCacheSize" computerName="TAG009442327432" duration="00:00:00.0000001" startTime="2018-09-20T12:47:57.0000000+02:00" endTime="2018-09-20T12:47:57.0000000+02:00" testType="13cdc9d9-ddb5-4fa4-a97d-d965ccfc6d4b" outcome="Passed" testListId="8c84fa94-04c1-424b-9868-57a2d4851a1d" relativeResultsDirectory="40345346-e7c0-4fc6-8e32-f4ed4a1c450f" /><UnitTestResult executionId="b21fa4d9-18be-4619-9309-fec06c99e788" testId="66c508ee-2143-4ec8-ad1f-449d10211280" testName="IsErrorEnabledIsTrueIfVerboseIsTrue" computerName="TAG009442327432" duration="00:00:00.0000001" startTime="2018-09-20T12:47:58.0000000+02:00" endTime="2018-09-20T12:47:58.0000000+02:00" testType="13cdc9d9-ddb5-4fa4-a97d-d965ccfc6d4b" outcome="Passed" testListId="8c84fa94-04c1-424b-9868-57a2d4851a1d" relativeResultsDirectory="b21fa4d9-18be-4619-9309-fec06c99e788" /><UnitTestResult executionId="e4732b07-5fdc-457a-aeb9-056e8985141a" testId="9dc50120-d056-41c8-8da1-22523ae35884" testName="LastTimeSyncTimeIsInitializedWithMinus1" computerName="TAG009442327432" duration="00:00:00.0000001" startTime="2018-09-20T12:47:58.0000000+02:00" endTime="2018-09-20T12:47:58.0000000+02:00" testType="13cdc9d9-ddb5-4fa4-a97d-d965ccfc6d4b" outcome="Passed" testListId="8c84fa94-04c1-424b-9868-57a2d4851a1d" relativeResultsDirectory="e4732b07-5fdc-457a-aeb9-056e8985141a" /><UnitTestResult executionId="bd801bc9-e1d8-4348-b5e0-1139d8617d67" testId="6c2ce49b-2778-4318-9937-64cca4492554" testName="CanInterruptLongSleep" computerName="TAG009442327432" duration="00:00:00.0010000" startTime="2018-09-20T12:47:58.0000000+02:00" endTime="2018-09-20T12:47:58.0000000+02:00" testType="13cdc9d9-ddb5-4fa4-a97d-d965ccfc6d4b" outcome="Passed" testListId="8c84fa94-04c1-424b-9868-57a2d4851a1d" relativeResultsDirectory="bd801bc9-e1d8-4348-b5e0-1139d8617d67" /><UnitTestResult executionId="42e0c88d-5c44-4606-8bd8-15c7b16b7622" testId="bfe03c47-7e50-414e-b5eb-7c487fb37db6" testName="TheStrategyIsDisabledIfBeaconMaxAgeIsSetToZero" computerName="TAG009442327432" duration="00:00:00.0000001" startTime="2018-09-20T12:47:57.0000000+02:00" endTime="2018-09-20T12:47:57.0000000+02:00" testType="13cdc9d9-ddb5-4fa4-a97d-d965ccfc6d4b" outcome="Passed" testListId="8c84fa94-04c1-424b-9868-57a2d4851a1d" relativeResultsDirectory="42e0c88d-5c44-4606-8bd8-15c7b16b7622" /><UnitTestResult executionId="7906e6f3-4c68-4baf-bff8-163f5086e64a" testId="a7c95034-032a-4265-93b4-4360a56f368d" testName="ConsecutiveCallsToNextSessionNumberIncrementTheSessionID" computerName="TAG009442327432" duration="00:00:00.0000001" startTime="2018-09-20T12:47:58.0000000+02:00" endTime="2018-09-20T12:47:58.0000000+02:00" testType="13cdc9d9-ddb5-4fa4-a97d-d965ccfc6d4b" outcome="Passed" testListId="8c84fa94-04c1-424b-9868-57a2d4851a1d" relativeResultsDirectory="7906e6f3-4c68-4baf-bff8-163f5086e64a" /><UnitTestResult executionId="34bd3d8e-b8d4-4c34-9f19-2b8ce1f50b57" testId="6bab2081-1165-4b57-aef5-9efa325d1403" testName="ADifferentTypeIsNotConsideredEqual" computerName="TAG009442327432" duration="00:00:00.0000001" startTime="2018-09-20T12:47:57.0000000+02:00" endTime="2018-09-20T12:47:57.0000000+02:00" testType="13cdc9d9-ddb5-4fa4-a97d-d965ccfc6d4b" outcome="Passed" testListId="8c84fa94-04c1-424b-9868-57a2d4851a1d" relativeResultsDirectory="34bd3d8e-b8d4-4c34-9f19-2b8ce1f50b57" /><UnitTestResult executionId="fbb2edd2-97af-40f4-aee6-2e8279f2b418" testId="6bd55376-ccdd-433e-9df7-9562be89265e" testName="WaitForInitWhenTimeoutExpires" computerName="TAG009442327432" duration="00:00:00.0020000" startTime="2018-09-20T12:47:58.0000000+02:00" endTime="2018-09-20T12:47:58.0000000+02:00" testType="13cdc9d9-ddb5-4fa4-a97d-d965ccfc6d4b" outcome="Passed" testListId="8c84fa94-04c1-424b-9868-57a2d4851a1d" relativeResultsDirectory="fbb2edd2-97af-40f4-aee6-2e8279f2b418" /><UnitTestResult executionId="d3460925-fc96-4a19-83d0-cbe50901b7d2" testId="9b5d66f5-baff-4af3-aeae-88542d3a7785" testName="NoIntValueIsReportedIfBeaconConfigurationDisablesCapturing" computerName="TAG009442327432" duration="00:00:00.0010000" startTime="2018-09-20T12:47:58.0000000+02:00" endTime="2018-09-20T12:47:58.0000000+02:00" testType="13cdc9d9-ddb5-4fa4-a97d-d965ccfc6d4b" outcome="Passed" testListId="8c84fa94-04c1-424b-9868-57a2d4851a1d" relativeResultsDirectory="d3460925-fc96-4a19-83d0-cbe50901b7d2" /><UnitTestResult executionId="050ee67e-cce5-49f9-9067-76900ab169cb" testId="989fa3b3-8323-4f68-99c0-4659e4e7e0b2" testName="CurrentStateIsSet" computerName="TAG009442327432" duration="00:00:00.0000001" startTime="2018-09-20T12:47:58.0000000+02:00" endTime="2018-09-20T12:47:58.0000000+02:00" testType="13cdc9d9-ddb5-4fa4-a97d-d965ccfc6d4b" outcome="Passed" testListId="8c84fa94-04c1-424b-9868-57a2d4851a1d" relativeResultsDirectory="050ee67e-cce5-49f9-9067-76900ab169cb" /><UnitTestResult executionId="782c8924-19ff-466b-b523-07c7bc761a3d" testId="e4a84b2c-c3c0-45d2-993b-8ad79f22de4d" testName="CanSetCrashReportingLevelForDynatrace" computerName="TAG009442327432" duration="00:00:00.0010000" startTime="2018-09-20T12:47:58.0000000+02:00" endTime="2018-09-20T12:47:58.0000000+02:00" testType="13cdc9d9-ddb5-4fa4-a97d-d965ccfc6d4b" outcome="Passed" testListId="8c84fa94-04c1-424b-9868-57a2d4851a1d" relativeResultsDirectory="782c8924-19ff-466b-b523-07c7bc761a3d" /><UnitTestResult executionId="3ff5419e-18ab-429a-bff0-85409e70843b" testId="2f0575f6-cc7a-49be-9cfe-f4dc9b22d4fd" testName="SendingFinishedSessionsIsAbortedImmediatelyWhenTooManyRequestsResponseIsReceived" computerName="TAG009442327432" duration="00:00:00.0040000" startTime="2018-09-20T12:47:58.0000000+02:00" endTime="2018-09-20T12:47:58.0000000+02:00" testType="13cdc9d9-ddb5-4fa4-a97d-d965ccfc6d4b" outcome="Passed" testListId="8c84fa94-04c1-424b-9868-57a2d4851a1d" relativeResultsDirectory="3ff5419e-18ab-429a-bff0-85409e70843b" /><UnitTestResult executionId="66e27946-525f-41b0-8433-66105cb855dd" testId="33182e23-9431-45b0-a5d1-ae7541289993" testName="GetDataCollectionLevel" computerName="TAG009442327432" duration="00:00:00.0010000" startTime="2018-09-20T12:47:58.0000000+02:00" endTime="2018-09-20T12:47:58.0000000+02:00" testType="13cdc9d9-ddb5-4fa4-a97d-d965ccfc6d4b" outcome="Passed" testListId="8c84fa94-04c1-424b-9868-57a2d4851a1d" relativeResultsDirectory="66e27946-525f-41b0-8433-66105cb855dd" /><UnitTestResult executionId="99855f03-f7ce-4fdf-a107-a1bf43210b44" testId="537faa1b-2715-42b1-adb0-83ea3f1e103d" testName="ResetDataMarkedForSendingMovesPreviouslyCopiedDataBack" computerName="TAG009442327432" duration="00:00:00.0020000" startTime="2018-09-20T12:47:57.0000000+02:00" endTime="2018-09-20T12:47:57.0000000+02:00" testType="13cdc9d9-ddb5-4fa4-a97d-d965ccfc6d4b" outcome="Passed" testListId="8c84fa94-04c1-424b-9868-57a2d4851a1d" relativeResultsDirectory="99855f03-f7ce-4fdf-a107-a1bf43210b44" /><UnitTestResult executionId="ed97d1a1-a316-499f-9d49-7c044e0b0664" testId="5adc6ef4-b8e8-4865-9b21-9003b4212b24" testName="EndTimeIsSetToMinusOneInConstructor" computerName="TAG009442327432" duration="00:00:00.0000001" startTime="2018-09-20T12:47:57.0000000+02:00" endTime="2018-09-20T12:47:57.0000000+02:00" testType="13cdc9d9-ddb5-4fa4-a97d-d965ccfc6d4b" outcome="Passed" testListId="8c84fa94-04c1-424b-9868-57a2d4851a1d" relativeResultsDirectory="ed97d1a1-a316-499f-9d49-7c044e0b0664" /><UnitTestResult executionId="55e515f0-3776-4a1a-a5d4-f8660fff7e09" testId="bdbe727b-dee6-4660-8181-ff607bd72b1e" testName="EndingASessionEndsOpenRootActionsFirst" computerName="TAG009442327432" duration="00:00:00.0040000" startTime="2018-09-20T12:47:58.0000000+02:00" endTime="2018-09-20T12:47:58.0000000+02:00" testType="13cdc9d9-ddb5-4fa4-a97d-d965ccfc6d4b" outcome="Passed" testListId="8c84fa94-04c1-424b-9868-57a2d4851a1d" relativeResultsDirectory="55e515f0-3776-4a1a-a5d4-f8660fff7e09" /><UnitTestResult executionId="bbca2f8f-834d-418d-8feb-7f2f8c6e460f" testId="5a428705-ea24-450e-9266-5c1f23a17e20" testName="StateIsNotTerminal" computerName="TAG009442327432" duration="00:00:00.0000001" startTime="2018-09-20T12:47:58.0000000+02:00" endTime="2018-09-20T12:47:58.0000000+02:00" testType="13cdc9d9-ddb5-4fa4-a97d-d965ccfc6d4b" outcome="Passed" testListId="8c84fa94-04c1-424b-9868-57a2d4851a1d" relativeResultsDirectory="bbca2f8f-834d-418d-8feb-7f2f8c6e460f" /><UnitTestResult executionId="61eb8575-c22b-4bbf-b37a-f4ad5cff0a28" testId="ea819b41-8d20-47e7-ae2e-e9ce83a9a7cf" testName="IpV6AddressMixedNotationIsValid_NonZeroIPv6Compressed" computerName="TAG009442327432" duration="00:00:00.0000001" startTime="2018-09-20T12:47:58.0000000+02:00" endTime="2018-09-20T12:47:58.0000000+02:00" testType="13cdc9d9-ddb5-4fa4-a97d-d965ccfc6d4b" outcome="Passed" testListId="8c84fa94-04c1-424b-9868-57a2d4851a1d" relativeResultsDirectory="61eb8575-c22b-4bbf-b37a-f4ad5cff0a28" /><UnitTestResult executionId="15c923bb-6de5-4aa2-928b-b6e4e69cdbea" testId="3ef34a66-3eb5-403b-a2e3-3d6ae0cba3e5" testName="StateIsNotTerminal" computerName="TAG009442327432" duration="00:00:00.0000001" startTime="2018-09-20T12:47:58.0000000+02:00" endTime="2018-09-20T12:47:58.0000000+02:00" testType="13cdc9d9-ddb5-4fa4-a97d-d965ccfc6d4b" outcome="Passed" testListId="8c84fa94-04c1-424b-9868-57a2d4851a1d" relativeResultsDirectory="15c923bb-6de5-4aa2-928b-b6e4e69cdbea" /><UnitTestResult executionId="45ddc7e1-634a-4a1c-8787-c8d9e5daca8a" testId="c6befc46-471c-40cb-991d-5698e6747b40" testName="SendStatusRequestSendRequestToMonitorURL" computerName="TAG009442327432" duration="00:00:00.0010000" startTime="2018-09-20T12:47:59.0000000+02:00" endTime="2018-09-20T12:47:59.0000000+02:00" testType="13cdc9d9-ddb5-4fa4-a97d-d965ccfc6d4b" outcome="Passed" testListId="8c84fa94-04c1-424b-9868-57a2d4851a1d" relativeResultsDirectory="45ddc7e1-634a-4a1c-8787-c8d9e5daca8a" /><UnitTestResult executionId="9d6d53a3-a306-4700-b42c-12d2a9c5193b" testId="8a53d3de-db19-42fc-9cd6-1c00bad153b5" testName="AValidSchemeDoesNotStartWithADigit" computerName="TAG009442327432" duration="00:00:00.0000001" startTime="2018-09-20T12:47:58.0000000+02:00" endTime="2018-09-20T12:47:58.0000000+02:00" testType="13cdc9d9-ddb5-4fa4-a97d-d965ccfc6d4b" outcome="Passed" testListId="8c84fa94-04c1-424b-9868-57a2d4851a1d" relativeResultsDirectory="9d6d53a3-a306-4700-b42c-12d2a9c5193b" /><UnitTestResult executionId="53d7510f-155a-4e67-8505-c25529cb7bb5" testId="cdd628ed-7140-463f-85c2-6803ab592331" testName="IsEmptyGivesTrueIfBeaconDoesNotContainActiveData" computerName="TAG009442327432" duration="00:00:00.0000001" startTime="2018-09-20T12:47:57.0000000+02:00" endTime="2018-09-20T12:47:57.0000000+02:00" testType="13cdc9d9-ddb5-4fa4-a97d-d965ccfc6d4b" outcome="Passed" testListId="8c84fa94-04c1-424b-9868-57a2d4851a1d" relativeResultsDirectory="53d7510f-155a-4e67-8505-c25529cb7bb5" /><UnitTestResult executionId="d4e0d4e2-6b65-48d4-8070-98f47ee1ef1a" testId="64041077-e573-419c-a2b5-61faaf2e2fe6" testName="ParsingInvalidNumericValueForCaptureCrashesThrowsException" computerName="TAG009442327432" duration="00:00:00.0020000" startTime="2018-09-20T12:48:00.0000000+02:00" endTime="2018-09-20T12:48:00.0000000+02:00" testType="13cdc9d9-ddb5-4fa4-a97d-d965ccfc6d4b" outcome="Passed" testListId="8c84fa94-04c1-424b-9868-57a2d4851a1d" relativeResultsDirectory="d4e0d4e2-6b65-48d4-8070-98f47ee1ef1a" /><UnitTestResult executionId="6282be2a-5ea4-4d0a-aa69-bd425304fda8" testId="65296916-f3f5-4e73-811b-e94e7bf510d0" testName="IpV6AddressLinkLocalIsInvalidIllegalNonHexCharacter" computerName="TAG009442327432" duration="00:00:00.0000001" startTime="2018-09-20T12:47:58.0000000+02:00" endTime="2018-09-20T12:47:58.0000000+02:00" testType="13cdc9d9-ddb5-4fa4-a97d-d965ccfc6d4b" outcome="Passed" testListId="8c84fa94-04c1-424b-9868-57a2d4851a1d" relativeResultsDirectory="6282be2a-5ea4-4d0a-aa69-bd425304fda8" /><UnitTestResult executionId="eac1bffd-217d-4693-b683-08f99f8d1235" testId="7542e545-30d8-45cb-b2f3-4b1a8072e98f" testName="IpV6AddressHexCompressedIsValidBlock1" computerName="TAG009442327432" duration="00:00:00.0000001" startTime="2018-09-20T12:47:58.0000000+02:00" endTime="2018-09-20T12:47:58.0000000+02:00" testType="13cdc9d9-ddb5-4fa4-a97d-d965ccfc6d4b" outcome="Passed" testListId="8c84fa94-04c1-424b-9868-57a2d4851a1d" relativeResultsDirectory="eac1bffd-217d-4693-b683-08f99f8d1235" /><UnitTestResult executionId="fe623bbd-1961-47f5-8bf7-3e62d886e5d8" testId="72831023-ee5b-4162-8d75-388e462593e5" testName="CapturingIsDisallowedWhenMultiplicityIsLessThanOrEqualToZero" computerName="TAG009442327432" duration="00:00:00.0000001" startTime="2018-09-20T12:47:58.0000000+02:00" endTime="2018-09-20T12:47:58.0000000+02:00" testType="13cdc9d9-ddb5-4fa4-a97d-d965ccfc6d4b" outcome="Passed" testListId="8c84fa94-04c1-424b-9868-57a2d4851a1d" relativeResultsDirectory="fe623bbd-1961-47f5-8bf7-3e62d886e5d8" /><UnitTestResult executionId="8b0cf6c6-aba2-4672-bcb7-6e521f5e5923" testId="338da58f-faf9-4366-bfee-266bdec36410" testName="ShutdownStateIsFlushState" computerName="TAG009442327432" duration="00:00:00.0010000" startTime="2018-09-20T12:47:57.0000000+02:00" endTime="2018-09-20T12:47:57.0000000+02:00" testType="13cdc9d9-ddb5-4fa4-a97d-d965ccfc6d4b" outcome="Passed" testListId="8c84fa94-04c1-424b-9868-57a2d4851a1d" relativeResultsDirectory="8b0cf6c6-aba2-4672-bcb7-6e521f5e5923" /><UnitTestResult executionId="5b0925bf-0c26-40e4-9cdc-b5c76e516f8e" testId="7697dfe3-904e-4d6f-9ea2-3b3624bc3f42" testName="CapturingIsAllowedWhenMultiplicityIsGreaterThanZero" computerName="TAG009442327432" duration="00:00:00.0000001" startTime="2018-09-20T12:47:58.0000000+02:00" endTime="2018-09-20T12:47:58.0000000+02:00" testType="13cdc9d9-ddb5-4fa4-a97d-d965ccfc6d4b" outcome="Passed" testListId="8c84fa94-04c1-424b-9868-57a2d4851a1d" relativeResultsDirectory="5b0925bf-0c26-40e4-9cdc-b5c76e516f8e" /><UnitTestResult executionId="8c57d4bb-ee07-4c78-8a2c-e4a1a65b66c2" testId="c7549693-3d8d-41df-a55d-fdc4c308b5ba" testName="GetChunksTakesSizeIntoAccount" computerName="TAG009442327432" duration="00:00:00.0010000" startTime="2018-09-20T12:47:57.0000000+02:00" endTime="2018-09-20T12:47:57.0000000+02:00" testType="13cdc9d9-ddb5-4fa4-a97d-d965ccfc6d4b" outcome="Passed" testListId="8c84fa94-04c1-424b-9868-57a2d4851a1d" relativeResultsDirectory="8c57d4bb-ee07-4c78-8a2c-e4a1a65b66c2" /><UnitTestResult executionId="13dba4e8-0652-4c6a-81a3-10ed55143a2f" testId="e310b699-44bf-4cbb-b95c-cba64c84dcb8" testName="IdentifyUserDoesNotReportOnDataCollectionLevel0" computerName="TAG009442327432" duration="00:00:00.0000001" startTime="2018-09-20T12:47:58.0000000+02:00" endTime="2018-09-20T12:47:58.0000000+02:00" testType="13cdc9d9-ddb5-4fa4-a97d-d965ccfc6d4b" outcome="Passed" testListId="8c84fa94-04c1-424b-9868-57a2d4851a1d" relativeResultsDirectory="13dba4e8-0652-4c6a-81a3-10ed55143a2f" /><UnitTestResult executionId="0060a38d-55d9-48ee-852e-829624df2823" testId="60076e1e-9042-41ec-ade6-24e92fadf5f1" testName="ANewlyCreatedWebRequestTracerIsNotStopped" computerName="TAG009442327432" duration="00:00:00.0010000" startTime="2018-09-20T12:47:58.0000000+02:00" endTime="2018-09-20T12:47:58.0000000+02:00" testType="13cdc9d9-ddb5-4fa4-a97d-d965ccfc6d4b" outcome="Passed" testListId="8c84fa94-04c1-424b-9868-57a2d4851a1d" relativeResultsDirectory="0060a38d-55d9-48ee-852e-829624df2823" /><UnitTestResult executionId="efdcf4eb-1239-495e-a88d-dff22b81f72e" testId="c5af0cc4-035d-467e-b1f3-1108101c8bb3" testName="ExecuteEvictionDoesNotLogIfStrategyIsDisabledAndInfoIsDisabledInLogger" computerName="TAG009442327432" duration="00:00:00.0010000" startTime="2018-09-20T12:47:57.0000000+02:00" endTime="2018-09-20T12:47:57.0000000+02:00" testType="13cdc9d9-ddb5-4fa4-a97d-d965ccfc6d4b" outcome="Passed" testListId="8c84fa94-04c1-424b-9868-57a2d4851a1d" relativeResultsDirectory="efdcf4eb-1239-495e-a88d-dff22b81f72e" /><UnitTestResult executionId="a33e1e87-13cd-4f30-94be-f3d01a3dffcc" testId="5e585f71-b359-4cef-9336-7f7d3c506aeb" testName="IsShutdownRequestedIsSetCorrectly" computerName="TAG009442327432" duration="00:00:00.0000001" startTime="2018-09-20T12:47:58.0000000+02:00" endTime="2018-09-20T12:47:58.0000000+02:00" testType="13cdc9d9-ddb5-4fa4-a97d-d965ccfc6d4b" outcome="Passed" testListId="8c84fa94-04c1-424b-9868-57a2d4851a1d" relativeResultsDirectory="a33e1e87-13cd-4f30-94be-f3d01a3dffcc" /><UnitTestResult executionId="0c8730b7-28b0-4210-94d7-2b19dcaf8ed6" testId="0b529247-ddb2-4f1b-887c-0c249b8be718" testName="GetRetryAfterReturnsParsedValue" computerName="TAG009442327432" duration="00:00:00.0000001" startTime="2018-09-20T12:48:00.0000000+02:00" endTime="2018-09-20T12:48:00.0000000+02:00" testType="13cdc9d9-ddb5-4fa4-a97d-d965ccfc6d4b" outcome="Passed" testListId="8c84fa94-04c1-424b-9868-57a2d4851a1d" relativeResultsDirectory="0c8730b7-28b0-4210-94d7-2b19dcaf8ed6" /><UnitTestResult executionId="8b84cc7b-1653-4af6-a6ce-b1eae5211075" testId="46f31d51-17ac-4ab6-8cf2-95f61ad66062" testName="ReportCrashDoesNotReportOnDataCollectionLevel0" computerName="TAG009442327432" duration="00:00:00.0010000" startTime="2018-09-20T12:47:58.0000000+02:00" endTime="2018-09-20T12:47:58.0000000+02:00" testType="13cdc9d9-ddb5-4fa4-a97d-d965ccfc6d4b" outcome="Passed" testListId="8c84fa94-04c1-424b-9868-57a2d4851a1d" relativeResultsDirectory="8b84cc7b-1653-4af6-a6ce-b1eae5211075" /><UnitTestResult executionId="3f8804ea-d8b8-4ceb-ab19-cc6c2615053b" testId="4ecae45f-6194-4882-b575-a6d2fc6d3c1a" testName="StateTransitionToCaptureOffIsMadeIfTooManyRequestsResponseIsReceived" computerName="TAG009442327432" duration="00:00:00.0020000" startTime="2018-09-20T12:47:58.0000000+02:00" endTime="2018-09-20T12:47:58.0000000+02:00" testType="13cdc9d9-ddb5-4fa4-a97d-d965ccfc6d4b" outcome="Passed" testListId="8c84fa94-04c1-424b-9868-57a2d4851a1d" relativeResultsDirectory="3f8804ea-d8b8-4ceb-ab19-cc6c2615053b" /><UnitTestResult executionId="364feba7-f163-4d62-8a99-f00417b8b7c4" testId="4a966584-52a6-4406-aa32-61fe22dc32c2" testName="CanOverrideTrustManagerForDynatrace" computerName="TAG009442327432" duration="00:00:00.0000001" startTime="2018-09-20T12:47:58.0000000+02:00" endTime="2018-09-20T12:47:58.0000000+02:00" testType="13cdc9d9-ddb5-4fa4-a97d-d965ccfc6d4b" outcome="Passed" testListId="8c84fa94-04c1-424b-9868-57a2d4851a1d" relativeResultsDirectory="364feba7-f163-4d62-8a99-f00417b8b7c4" /><UnitTestResult executionId="858a59ae-6e03-493a-a69f-3df0ea5a4bf9" testId="e27e6a4e-5e73-496e-b806-ad59dd4c708f" testName="CanAddBothSentBytesAndReceivedBytesToWebRequestTracer" computerName="TAG009442327432" duration="00:00:00.0030000" startTime="2018-09-20T12:47:58.0000000+02:00" endTime="2018-09-20T12:47:58.0000000+02:00" testType="13cdc9d9-ddb5-4fa4-a97d-d965ccfc6d4b" outcome="Passed" testListId="8c84fa94-04c1-424b-9868-57a2d4851a1d" relativeResultsDirectory="858a59ae-6e03-493a-a69f-3df0ea5a4bf9" /><UnitTestResult executionId="12d3a625-d674-4449-a7b7-7a19d5d6aad6" testId="6b505d51-f025-4e8b-a7a1-0f43e2fc4e15" testName="CanSetBeaconCacheUpperMemoryBoundaryForAppMon" computerName="TAG009442327432" duration="00:00:00.0010000" startTime="2018-09-20T12:47:58.0000000+02:00" endTime="2018-09-20T12:47:58.0000000+02:00" testType="13cdc9d9-ddb5-4fa4-a97d-d965ccfc6d4b" outcome="Passed" testListId="8c84fa94-04c1-424b-9868-57a2d4851a1d" relativeResultsDirectory="12d3a625-d674-4449-a7b7-7a19d5d6aad6" /><UnitTestResult executionId="2ab1fd58-69f3-4181-853d-986e15fdc64e" testId="a7202614-57d4-4f82-8f81-0f33636e7b44" testName="AfterStartingABeaconCacheEvictorItIsAlive" computerName="TAG009442327432" duration="00:00:00.0040000" startTime="2018-09-20T12:47:57.0000000+02:00" endTime="2018-09-20T12:47:57.0000000+02:00" testType="13cdc9d9-ddb5-4fa4-a97d-d965ccfc6d4b" outcome="Passed" testListId="8c84fa94-04c1-424b-9868-57a2d4851a1d" relativeResultsDirectory="2ab1fd58-69f3-4181-853d-986e15fdc64e" /><UnitTestResult executionId="859b93c3-c0a0-4589-bcf9-be766c139057" testId="f81dcb2a-e678-418d-bed8-b951777c81a2" testName="SameInstancesAreEqual" computerName="TAG009442327432" duration="00:00:00.0000001" startTime="2018-09-20T12:47:57.0000000+02:00" endTime="2018-09-20T12:47:57.0000000+02:00" testType="13cdc9d9-ddb5-4fa4-a97d-d965ccfc6d4b" outcome="Passed" testListId="8c84fa94-04c1-424b-9868-57a2d4851a1d" relativeResultsDirectory="859b93c3-c0a0-4589-bcf9-be766c139057" /><UnitTestResult executionId="b6ce85cf-7f1c-484e-a844-71ac241875b0" testId="498031f5-8c76-4d02-9d72-193c75aabbc7" testName="StringValueReportedForDataCollectionLevel2" computerName="TAG009442327432" duration="00:00:00.0010000" startTime="2018-09-20T12:47:58.0000000+02:00" endTime="2018-09-20T12:47:58.0000000+02:00" testType="13cdc9d9-ddb5-4fa4-a97d-d965ccfc6d4b" outcome="Passed" testListId="8c84fa94-04c1-424b-9868-57a2d4851a1d" relativeResultsDirectory="b6ce85cf-7f1c-484e-a844-71ac241875b0" /><UnitTestResult executionId="a93dee85-1b47-442b-b4ea-fa66812efee2" testId="c0a20bd8-0687-4799-834b-6ac7244f77c0" testName="ReportCrashDoesNothingIfErrorNameIsNull" computerName="TAG009442327432" duration="00:00:00.0010000" startTime="2018-09-20T12:47:58.0000000+02:00" endTime="2018-09-20T12:47:58.0000000+02:00" testType="13cdc9d9-ddb5-4fa4-a97d-d965ccfc6d4b" outcome="Passed" testListId="8c84fa94-04c1-424b-9868-57a2d4851a1d" relativeResultsDirectory="a93dee85-1b47-442b-b4ea-fa66812efee2" /><UnitTestResult executionId="fec187c4-261f-4a77-8257-7ecfc3320827" testId="6c196337-1a07-4a80-8a98-3d269cf290a0" testName="DeviceIDIsRandomizedOnDataCollectionLevel1" computerName="TAG009442327432" duration="00:00:00.0010000" startTime="2018-09-20T12:47:58.0000000+02:00" endTime="2018-09-20T12:47:58.0000000+02:00" testType="13cdc9d9-ddb5-4fa4-a97d-d965ccfc6d4b" outcome="Passed" testListId="8c84fa94-04c1-424b-9868-57a2d4851a1d" relativeResultsDirectory="fec187c4-261f-4a77-8257-7ecfc3320827" /><UnitTestResult executionId="94508d1c-d647-4c6c-9b0e-64c179992d9a" testId="67c530bf-92a4-4a45-90e2-6dc16aa4e72f" testName="StoppingABeaconCacheEvictorWhichIsNotAliveDoesNothing" computerName="TAG009442327432" duration="00:00:00.0010000" startTime="2018-09-20T12:47:57.0000000+02:00" endTime="2018-09-20T12:47:57.0000000+02:00" testType="13cdc9d9-ddb5-4fa4-a97d-d965ccfc6d4b" outcome="Passed" testListId="8c84fa94-04c1-424b-9868-57a2d4851a1d" relativeResultsDirectory="94508d1c-d647-4c6c-9b0e-64c179992d9a" /><UnitTestResult executionId="e3a0d5fb-4901-49de-ae8e-8dd2f4b1340e" testId="2fcbaec0-a35d-4bc7-9f1c-c32b100998f7" testName="ReportEventDoesNothingIfEventNameIsNull" computerName="TAG009442327432" duration="00:00:00.0010000" startTime="2018-09-20T12:47:57.0000000+02:00" endTime="2018-09-20T12:47:57.0000000+02:00" testType="13cdc9d9-ddb5-4fa4-a97d-d965ccfc6d4b" outcome="Passed" testListId="8c84fa94-04c1-424b-9868-57a2d4851a1d" relativeResultsDirectory="e3a0d5fb-4901-49de-ae8e-8dd2f4b1340e" /><UnitTestResult executionId="c8e863d7-6afe-491e-9a81-127c9314abe1" testId="b642b5fc-537d-4957-ad97-82d6b0a35bb4" testName="RemoveChunkedDataClearsAlreadyRetrievedChunks" computerName="TAG009442327432" duration="00:00:00.0010000" startTime="2018-09-20T12:47:57.0000000+02:00" endTime="2018-09-20T12:47:57.0000000+02:00" testType="13cdc9d9-ddb5-4fa4-a97d-d965ccfc6d4b" outcome="Passed" testListId="8c84fa94-04c1-424b-9868-57a2d4851a1d" relativeResultsDirectory="c8e863d7-6afe-491e-9a81-127c9314abe1" /><UnitTestResult executionId="bcafb1aa-8936-4bba-8c00-ca1f5b83bc70" testId="39cc604d-a05f-44b1-a05a-28a963ffce5b" testName="CreateTagReturnsTagStringForDataCollectionLevel1" computerName="TAG009442327432" duration="00:00:00.0010000" startTime="2018-09-20T12:47:58.0000000+02:00" endTime="2018-09-20T12:47:58.0000000+02:00" testType="13cdc9d9-ddb5-4fa4-a97d-d965ccfc6d4b" outcome="Passed" testListId="8c84fa94-04c1-424b-9868-57a2d4851a1d" relativeResultsDirectory="bcafb1aa-8936-4bba-8c00-ca1f5b83bc70" /><UnitTestResult executionId="267ae385-28a5-40df-98d9-c80cc032e027" testId="4993258e-83b4-4c1e-8893-9e88075d28ad" testName="CanSetOperatingSystemForAppMon" computerName="TAG009442327432" duration="00:00:00.0000001" startTime="2018-09-20T12:47:58.0000000+02:00" endTime="2018-09-20T12:47:58.0000000+02:00" testType="13cdc9d9-ddb5-4fa4-a97d-d965ccfc6d4b" outcome="Passed" testListId="8c84fa94-04c1-424b-9868-57a2d4851a1d" relativeResultsDirectory="267ae385-28a5-40df-98d9-c80cc032e027" /><UnitTestResult executionId="b33087d8-940e-431b-bc50-84fe76952e8e" testId="356cea7a-e217-46d1-9862-524cb66361bc" testName="ServerIDIsParsed" computerName="TAG009442327432" duration="00:00:00.0000001" startTime="2018-09-20T12:48:00.0000000+02:00" endTime="2018-09-20T12:48:00.0000000+02:00" testType="13cdc9d9-ddb5-4fa4-a97d-d965ccfc6d4b" outcome="Passed" testListId="8c84fa94-04c1-424b-9868-57a2d4851a1d" relativeResultsDirectory="b33087d8-940e-431b-bc50-84fe76952e8e" /><UnitTestResult executionId="9f8efc9a-7b0f-4daf-bc8f-e254e00fbf09" testId="6a15551c-5343-4de6-b5bf-049200e1bd6d" testName="ReportIntValueDoesNothingIfActionIsLeft" computerName="TAG009442327432" duration="00:00:00.0010000" startTime="2018-09-20T12:47:57.0000000+02:00" endTime="2018-09-20T12:47:57.0000000+02:00" testType="13cdc9d9-ddb5-4fa4-a97d-d965ccfc6d4b" outcome="Passed" testListId="8c84fa94-04c1-424b-9868-57a2d4851a1d" relativeResultsDirectory="9f8efc9a-7b0f-4daf-bc8f-e254e00fbf09" /><UnitTestResult executionId="70617c55-3de5-49c7-bb3e-f0a1c125742d" testId="ccb8b9f0-de0b-4a13-86f2-9efd50d9f836" testName="ExecuteEvictionStopsIfNoBeaconIdsAreAvailableInCache" computerName="TAG009442327432" duration="00:00:00.0010000" startTime="2018-09-20T12:47:57.0000000+02:00" endTime="2018-09-20T12:47:57.0000000+02:00" testType="13cdc9d9-ddb5-4fa4-a97d-d965ccfc6d4b" outcome="Passed" testListId="8c84fa94-04c1-424b-9868-57a2d4851a1d" relativeResultsDirectory="70617c55-3de5-49c7-bb3e-f0a1c125742d" /><UnitTestResult executionId="a9b90f40-0dee-4e61-a02d-8359020e0079" testId="2067a517-09d0-4a5b-ad00-69d44098c3d9" testName="ReportErrorAcceptsNullReason" computerName="TAG009442327432" duration="00:00:00.0010000" startTime="2018-09-20T12:47:57.0000000+02:00" endTime="2018-09-20T12:47:57.0000000+02:00" testType="13cdc9d9-ddb5-4fa4-a97d-d965ccfc6d4b" outcome="Passed" testListId="8c84fa94-04c1-424b-9868-57a2d4851a1d" relativeResultsDirectory="a9b90f40-0dee-4e61-a02d-8359020e0079" /><UnitTestResult executionId="3f2ddca7-719f-471a-a201-1731a7640208" testId="b4d84b76-3c0b-4161-b288-055f37963e47" testName="SendStatusRequestReturnsAnUnknownErrorResponseForWrongHttpResponse" computerName="TAG009442327432" duration="00:00:00.0010000" startTime="2018-09-20T12:47:59.0000000+02:00" endTime="2018-09-20T12:47:59.0000000+02:00" testType="13cdc9d9-ddb5-4fa4-a97d-d965ccfc6d4b" outcome="Passed" testListId="8c84fa94-04c1-424b-9868-57a2d4851a1d" relativeResultsDirectory="3f2ddca7-719f-471a-a201-1731a7640208" /><UnitTestResult executionId="bf0550ed-fa65-4085-a508-3a9aa88e48cd" testId="af70b073-25b2-4d73-ac9f-f554228efd4a" testName="AddingEventData" computerName="TAG009442327432" duration="00:00:00.0010000" startTime="2018-09-20T12:47:57.0000000+02:00" endTime="2018-09-20T12:47:57.0000000+02:00" testType="13cdc9d9-ddb5-4fa4-a97d-d965ccfc6d4b" outcome="Passed" testListId="8c84fa94-04c1-424b-9868-57a2d4851a1d" relativeResultsDirectory="bf0550ed-fa65-4085-a508-3a9aa88e48cd" /><UnitTestResult executionId="aeaa605f-344d-47f8-a052-bec8dbdd21de" testId="bf170a63-7d28-49ef-bcdd-59dc5af52ce7" testName="WhenStartingASessionTheSessionIsConsideredAsNew" computerName="TAG009442327432" duration="00:00:00.0020000" startTime="2018-09-20T12:47:58.0000000+02:00" endTime="2018-09-20T12:47:58.0000000+02:00" testType="13cdc9d9-ddb5-4fa4-a97d-d965ccfc6d4b" outcome="Passed" testListId="8c84fa94-04c1-424b-9868-57a2d4851a1d" relativeResultsDirectory="aeaa605f-344d-47f8-a052-bec8dbdd21de"><Output><StdOut>2018-09-20T10:47:58.1153293Z DEBUG [3] BeaconSender StartSession
2018-09-20T10:47:58.1153293Z DEBUG [3] BeaconCache AddEventData(sn=1, timestamp=0, data='et=18&amp;it=0&amp;pa=0&amp;s0=1&amp;t0=0')
2018-09-20T10:47:58.1153293Z DEBUG [3] BeaconSender StartSession
2018-09-20T10:47:58.1153293Z DEBUG [3] BeaconCache AddEventData(sn=2, timestamp=0, data='et=18&amp;it=0&amp;pa=0&amp;s0=1&amp;t0=0')</StdOut></Output></UnitTestResult><UnitTestResult executionId="c3ce3761-9f2f-474c-a46b-5b1da40e6148" testId="0e5e330e-9592-4f25-99b9-9263d1748d83" testName="NoSessionIsAddedIfBeaconConfigurationDisablesCapturing" computerName="TAG009442327432" duration="00:00:00.0000001" startTime="2018-09-20T12:47:58.0000000+02:00" endTime="2018-09-20T12:47:58.0000000+02:00" testType="13cdc9d9-ddb5-4fa4-a97d-d965ccfc6d4b" outcome="Passed" testListId="8c84fa94-04c1-424b-9868-57a2d4851a1d" relativeResultsDirectory="c3ce3761-9f2f-474c-a46b-5b1da40e6148" /><UnitTestResult executionId="c5b0e4a5-3635-407c-b49e-71047ecf22d3" testId="027ad974-bec2-4b00-9a7d-8a117420cca0" testName="InitCompleteIsCalledForInitialRequestOnFailure" computerName="TAG009442327432" duration="00:00:00.0040000" startTime="2018-09-20T12:47:58.0000000+02:00" endTime="2018-09-20T12:47:58.0000000+02:00" testType="13cdc9d9-ddb5-4fa4-a97d-d965ccfc6d4b" outcome="Passed" testListId="8c84fa94-04c1-424b-9868-57a2d4851a1d" relativeResultsDirectory="c5b0e4a5-3635-407c-b49e-71047ecf22d3" /><UnitTestResult executionId="9ddc2009-7804-4a90-8120-2834ee3f376b" testId="fcc0a19d-2435-47fa-a618-84ce0a81440e" testName="SendBeaconRequestSendsRequestToMonitorURL" computerName="TAG009442327432" duration="00:00:00.0020000" startTime="2018-09-20T12:47:58.0000000+02:00" endTime="2018-09-20T12:47:58.0000000+02:00" testType="13cdc9d9-ddb5-4fa4-a97d-d965ccfc6d4b" outcome="Passed" testListId="8c84fa94-04c1-424b-9868-57a2d4851a1d" relativeResultsDirectory="9ddc2009-7804-4a90-8120-2834ee3f376b" /><UnitTestResult executionId="61e63407-c277-4802-b5d6-49d2f1c06de5" testId="9e501f73-e204-4358-be36-5707b2826309" testName="DefaultServerIDIsMinusOne" computerName="TAG009442327432" duration="00:00:00.0000001" startTime="2018-09-20T12:48:00.0000000+02:00" endTime="2018-09-20T12:48:00.0000000+02:00" testType="13cdc9d9-ddb5-4fa4-a97d-d965ccfc6d4b" outcome="Passed" testListId="8c84fa94-04c1-424b-9868-57a2d4851a1d" relativeResultsDirectory="61e63407-c277-4802-b5d6-49d2f1c06de5" /><UnitTestResult executionId="6ed7d72d-ba8b-4cfd-a2f3-93c57e687113" testId="d33ee435-7991-4140-a337-8b0a0de8dfc2" testName="ParsingInvalidNumericValueForCaptureErrorsThrowsException" computerName="TAG009442327432" duration="00:00:00.0020000" startTime="2018-09-20T12:48:00.0000000+02:00" endTime="2018-09-20T12:48:00.0000000+02:00" testType="13cdc9d9-ddb5-4fa4-a97d-d965ccfc6d4b" outcome="Passed" testListId="8c84fa94-04c1-424b-9868-57a2d4851a1d" relativeResultsDirectory="6ed7d72d-ba8b-4cfd-a2f3-93c57e687113" /><UnitTestResult executionId="0faede0b-20a0-4880-ab1a-5c9c0bcaca43" testId="c8c66bc7-cd5b-4223-9d88-05746ad02ec2" testName="SleepTimeIsDoubledAndResetAfterSuccess" computerName="TAG009442327432" duration="00:00:00.0030000" startTime="2018-09-20T12:47:58.0000000+02:00" endTime="2018-09-20T12:47:58.0000000+02:00" testType="13cdc9d9-ddb5-4fa4-a97d-d965ccfc6d4b" outcome="Passed" testListId="8c84fa94-04c1-424b-9868-57a2d4851a1d" relativeResultsDirectory="0faede0b-20a0-4880-ab1a-5c9c0bcaca43" /><UnitTestResult executionId="d12b13de-c81e-4032-958a-f0a28e90a013" testId="3a878e19-d1da-48dd-b12b-4dd7a6f8aa44" testName="ÉxecuteEvictionStopsIfThreadGetsInterruptedBetweenTwoBeacons" computerName="TAG009442327432" duration="00:00:00.0020000" startTime="2018-09-20T12:47:57.0000000+02:00" endTime="2018-09-20T12:47:57.0000000+02:00" testType="13cdc9d9-ddb5-4fa4-a97d-d965ccfc6d4b" outcome="Passed" testListId="8c84fa94-04c1-424b-9868-57a2d4851a1d" relativeResultsDirectory="d12b13de-c81e-4032-958a-f0a28e90a013" /><UnitTestResult executionId="5ac9e9b6-f2e4-486a-9bdb-046df977d04c" testId="0cfc5b00-b029-4575-b882-b201ae52bd70" testName="SessionReportedForDataCollectionLevel2" computerName="TAG009442327432" duration="00:00:00.0010000" startTime="2018-09-20T12:47:58.0000000+02:00" endTime="2018-09-20T12:47:58.0000000+02:00" testType="13cdc9d9-ddb5-4fa4-a97d-d965ccfc6d4b" outcome="Passed" testListId="8c84fa94-04c1-424b-9868-57a2d4851a1d" relativeResultsDirectory="5ac9e9b6-f2e4-486a-9bdb-046df977d04c" /><UnitTestResult executionId="a213dd8c-ea44-4d2e-9f58-ae47be84e29d" testId="89f25796-faaf-449f-b86c-3c4cfa2420cd" testName="EndingASessionReturnsImmediatelyIfEndedBefore" computerName="TAG009442327432" duration="00:00:00.0010000" startTime="2018-09-20T12:47:58.0000000+02:00" endTime="2018-09-20T12:47:58.0000000+02:00" testType="13cdc9d9-ddb5-4fa4-a97d-d965ccfc6d4b" outcome="Passed" testListId="8c84fa94-04c1-424b-9868-57a2d4851a1d" relativeResultsDirectory="a213dd8c-ea44-4d2e-9f58-ae47be84e29d" /><UnitTestResult executionId="c51a69a5-daae-4557-921c-3ee02ee430e6" testId="92259802-0247-4f98-bede-d5776dc9efb0" testName="StartSetsTheStartTime" computerName="TAG009442327432" duration="00:00:00.0000001" startTime="2018-09-20T12:47:58.0000000+02:00" endTime="2018-09-20T12:47:58.0000000+02:00" testType="13cdc9d9-ddb5-4fa4-a97d-d965ccfc6d4b" outcome="Passed" testListId="8c84fa94-04c1-424b-9868-57a2d4851a1d" relativeResultsDirectory="c51a69a5-daae-4557-921c-3ee02ee430e6" /><UnitTestResult executionId="5efc706f-5af8-4874-8783-cad221e71c5c" testId="ea6a01df-c3fa-4060-8838-e061bc92a4fd" testName="TransitionToFlushStateIsPerformedOnShutdown" computerName="TAG009442327432" duration="00:00:00.0000001" startTime="2018-09-20T12:47:57.0000000+02:00" endTime="2018-09-20T12:47:57.0000000+02:00" testType="13cdc9d9-ddb5-4fa4-a97d-d965ccfc6d4b" outcome="Passed" testListId="8c84fa94-04c1-424b-9868-57a2d4851a1d" relativeResultsDirectory="5efc706f-5af8-4874-8783-cad221e71c5c" /><UnitTestResult executionId="b4fa0f58-7dab-419d-ac7f-a97a7f69a9ff" testId="2dc050be-f6fe-424c-9e42-b63a83e040b2" testName="SendBeaconRequestForwardsClientIP" computerName="TAG009442327432" duration="00:00:00.0200000" startTime="2018-09-20T12:47:58.0000000+02:00" endTime="2018-09-20T12:47:58.0000000+02:00" testType="13cdc9d9-ddb5-4fa4-a97d-d965ccfc6d4b" outcome="Passed" testListId="8c84fa94-04c1-424b-9868-57a2d4851a1d" relativeResultsDirectory="b4fa0f58-7dab-419d-ac7f-a97a7f69a9ff" /><UnitTestResult executionId="49d7daed-d132-44b8-8e99-23340851d7b5" testId="6d1c44b7-6b82-4d3c-95fe-fc0828e0749c" testName="AddEventDataAddsBeaconIdToCache" computerName="TAG009442327432" duration="00:00:00.0010000" startTime="2018-09-20T12:47:57.0000000+02:00" endTime="2018-09-20T12:47:57.0000000+02:00" testType="13cdc9d9-ddb5-4fa4-a97d-d965ccfc6d4b" outcome="Passed" testListId="8c84fa94-04c1-424b-9868-57a2d4851a1d" relativeResultsDirectory="49d7daed-d132-44b8-8e99-23340851d7b5" /><UnitTestResult executionId="0ab49230-8057-4b47-a194-fcec763f6da1" testId="42f84632-13ac-4798-94c5-841a71f77781" testName="ReportErrorDoesReportOnDataCollectionLevel1" computerName="TAG009442327432" duration="00:00:00.0010000" startTime="2018-09-20T12:47:58.0000000+02:00" endTime="2018-09-20T12:47:58.0000000+02:00" testType="13cdc9d9-ddb5-4fa4-a97d-d965ccfc6d4b" outcome="Passed" testListId="8c84fa94-04c1-424b-9868-57a2d4851a1d" relativeResultsDirectory="0ab49230-8057-4b47-a194-fcec763f6da1" /><UnitTestResult executionId="03ed3e03-6990-4ad3-929e-f2cc2409425c" testId="67a39763-d402-44fb-8a6b-c3aba1b07dce" testName="GetTotalNumberOfBytesCountsAddedRecordBytes" computerName="TAG009442327432" duration="00:00:00.0010000" startTime="2018-09-20T12:47:57.0000000+02:00" endTime="2018-09-20T12:47:57.0000000+02:00" testType="13cdc9d9-ddb5-4fa4-a97d-d965ccfc6d4b" outcome="Passed" testListId="8c84fa94-04c1-424b-9868-57a2d4851a1d" relativeResultsDirectory="03ed3e03-6990-4ad3-929e-f2cc2409425c" /><UnitTestResult executionId="c5a94637-2c03-4857-89f7-d3b6ff4835c7" testId="de5b726f-fc7c-425d-947f-2973e8452cc6" testName="IsInitializedOnInitFailed" computerName="TAG009442327432" duration="00:00:00.0000001" startTime="2018-09-20T12:47:58.0000000+02:00" endTime="2018-09-20T12:47:58.0000000+02:00" testType="13cdc9d9-ddb5-4fa4-a97d-d965ccfc6d4b" outcome="Passed" testListId="8c84fa94-04c1-424b-9868-57a2d4851a1d" relativeResultsDirectory="c5a94637-2c03-4857-89f7-d3b6ff4835c7" /><UnitTestResult executionId="d5b05de8-529e-4258-bc37-c03c3102fbaf" testId="be649453-c608-4bd0-bff2-f074dc0b2728" testName="ADefaultConstructedConfigurationEnablesCapturing" computerName="TAG009442327432" duration="00:00:00.0000001" startTime="2018-09-20T12:47:58.0000000+02:00" endTime="2018-09-20T12:47:58.0000000+02:00" testType="13cdc9d9-ddb5-4fa4-a97d-d965ccfc6d4b" outcome="Passed" testListId="8c84fa94-04c1-424b-9868-57a2d4851a1d" relativeResultsDirectory="d5b05de8-529e-4258-bc37-c03c3102fbaf" /><UnitTestResult executionId="c8eed373-3e38-49e3-ac02-ff512dba4085" testId="5d2c37bb-52f1-4853-8264-e7c0cd2b85cc" testName="InitCompleteIsCalledForInitialRequestOnSuccess" computerName="TAG009442327432" duration="00:00:00.0030000" startTime="2018-09-20T12:47:58.0000000+02:00" endTime="2018-09-20T12:47:58.0000000+02:00" testType="13cdc9d9-ddb5-4fa4-a97d-d965ccfc6d4b" outcome="Passed" testListId="8c84fa94-04c1-424b-9868-57a2d4851a1d" relativeResultsDirectory="c8eed373-3e38-49e3-ac02-ff512dba4085" /><UnitTestResult executionId="8475a550-0648-4645-92d0-ef07c76e13d5" testId="a82d2cb5-7849-4872-b16b-a8db82216e40" testName="NoDoubleValueIsReportedIfBeaconConfigurationDisablesCapturing" computerName="TAG009442327432" duration="00:00:00.0010000" startTime="2018-09-20T12:47:58.0000000+02:00" endTime="2018-09-20T12:47:58.0000000+02:00" testType="13cdc9d9-ddb5-4fa4-a97d-d965ccfc6d4b" outcome="Passed" testListId="8c84fa94-04c1-424b-9868-57a2d4851a1d" relativeResultsDirectory="8475a550-0648-4645-92d0-ef07c76e13d5" /><UnitTestResult executionId="a1b48032-2ca0-443c-a736-20a7e37df405" testId="865db3a6-734a-4bfa-97a6-87a3718b31ea" testName="TheDefaultResponseSendTimeIsMinusOne" computerName="TAG009442327432" duration="00:00:00.0000001" startTime="2018-09-20T12:48:00.0000000+02:00" endTime="2018-09-20T12:48:00.0000000+02:00" testType="13cdc9d9-ddb5-4fa4-a97d-d965ccfc6d4b" outcome="Passed" testListId="8c84fa94-04c1-424b-9868-57a2d4851a1d" relativeResultsDirectory="a1b48032-2ca0-443c-a736-20a7e37df405" /><UnitTestResult executionId="d9f56808-cb25-4613-a76b-ce0841ec12ec" testId="fdfc5b80-f4ed-4885-9834-3482bd306627" testName="EnterActionGivesNewRootAction" computerName="TAG009442327432" duration="00:00:00.0010000" startTime="2018-09-20T12:47:58.0000000+02:00" endTime="2018-09-20T12:47:58.0000000+02:00" testType="13cdc9d9-ddb5-4fa4-a97d-d965ccfc6d4b" outcome="Passed" testListId="8c84fa94-04c1-424b-9868-57a2d4851a1d" relativeResultsDirectory="d9f56808-cb25-4613-a76b-ce0841ec12ec" /><UnitTestResult executionId="199f8c11-5011-4db1-ad24-e03b167d9595" testId="a57df861-010d-406d-bba7-0717299f6474" testName="ParsingInvalidNumericValueForCaptureThrowsException" computerName="TAG009442327432" duration="00:00:00.0020000" startTime="2018-09-20T12:48:00.0000000+02:00" endTime="2018-09-20T12:48:00.0000000+02:00" testType="13cdc9d9-ddb5-4fa4-a97d-d965ccfc6d4b" outcome="Passed" testListId="8c84fa94-04c1-424b-9868-57a2d4851a1d" relativeResultsDirectory="199f8c11-5011-4db1-ad24-e03b167d9595" /><UnitTestResult executionId="1919383e-56fd-4960-b4d4-d234cabd1911" testId="3e0d2997-540d-4b88-9c66-98409ca2b52c" testName="LeavingRootActionReturnsNullValueAsParent" computerName="TAG009442327432" duration="00:00:00.0010000" startTime="2018-09-20T12:47:58.0000000+02:00" endTime="2018-09-20T12:47:58.0000000+02:00" testType="13cdc9d9-ddb5-4fa4-a97d-d965ccfc6d4b" outcome="Passed" testListId="8c84fa94-04c1-424b-9868-57a2d4851a1d" relativeResultsDirectory="1919383e-56fd-4960-b4d4-d234cabd1911" /><UnitTestResult executionId="85f97b68-b702-4bb8-bca8-8c7525a670e8" testId="0c5dc511-665d-46d4-a202-5f07354c713e" testName="ReportStringValueDoesNothingIfActionIsLeft" computerName="TAG009442327432" duration="00:00:00.0010000" startTime="2018-09-20T12:47:57.0000000+02:00" endTime="2018-09-20T12:47:57.0000000+02:00" testType="13cdc9d9-ddb5-4fa4-a97d-d965ccfc6d4b" outcome="Passed" testListId="8c84fa94-04c1-424b-9868-57a2d4851a1d" relativeResultsDirectory="85f97b68-b702-4bb8-bca8-8c7525a670e8" /><UnitTestResult executionId="5a892860-ff7c-401b-b7b1-be40c3e8730e" testId="f5038979-08cc-49d2-8ee8-9b8e8465e655" testName="DoubleValueNotReportedForDataCollectionLevel0" computerName="TAG009442327432" duration="00:00:00.0010000" startTime="2018-09-20T12:47:58.0000000+02:00" endTime="2018-09-20T12:47:58.0000000+02:00" testType="13cdc9d9-ddb5-4fa4-a97d-d965ccfc6d4b" outcome="Passed" testListId="8c84fa94-04c1-424b-9868-57a2d4851a1d" relativeResultsDirectory="5a892860-ff7c-401b-b7b1-be40c3e8730e" /><UnitTestResult executionId="edc3db74-b730-4f00-bfc6-8ab9f38ba003" testId="7a275472-cefe-4129-ae13-22e78656ae6f" testName="StatusRequestIsRetried" computerName="TAG009442327432" duration="00:00:00.0010000" startTime="2018-09-20T12:47:57.0000000+02:00" endTime="2018-09-20T12:47:57.0000000+02:00" testType="13cdc9d9-ddb5-4fa4-a97d-d965ccfc6d4b" outcome="Passed" testListId="8c84fa94-04c1-424b-9868-57a2d4851a1d" relativeResultsDirectory="edc3db74-b730-4f00-bfc6-8ab9f38ba003" /><UnitTestResult executionId="6d7b218d-f471-459d-9adb-9abec697c35c" testId="12c50ba7-4f2a-4ad2-aba2-cc67d0229dc3" testName="ABeaconSendingCaptureOffStateStaysInOffStateWhenServerRespondsWithTooManyRequests" computerName="TAG009442327432" duration="00:00:00.0160000" startTime="2018-09-20T12:47:57.0000000+02:00" endTime="2018-09-20T12:47:57.0000000+02:00" testType="13cdc9d9-ddb5-4fa4-a97d-d965ccfc6d4b" outcome="Passed" testListId="8c84fa94-04c1-424b-9868-57a2d4851a1d" relativeResultsDirectory="6d7b218d-f471-459d-9adb-9abec697c35c" /><UnitTestResult executionId="d4f59f0c-3f62-4e9c-bc5a-73cd4eb0be26" testId="f1e8a6d5-4369-4de3-a4a4-8e6c66e27189" testName="CaptureErrorsIsFalseWhenItIsEqualToZero" computerName="TAG009442327432" duration="00:00:00.0000001" startTime="2018-09-20T12:48:00.0000000+02:00" endTime="2018-09-20T12:48:00.0000000+02:00" testType="13cdc9d9-ddb5-4fa4-a97d-d965ccfc6d4b" outcome="Passed" testListId="8c84fa94-04c1-424b-9868-57a2d4851a1d" relativeResultsDirectory="d4f59f0c-3f62-4e9c-bc5a-73cd4eb0be26" /><UnitTestResult executionId="622e0ce8-4fa2-43e8-98cb-1678eaf32d88" testId="2b5f0373-410d-46d3-be7f-9d5c11243048" testName="AddActionDataAddsDataToAlreadyExistingBeaconId" computerName="TAG009442327432" duration="00:00:00.0010000" startTime="2018-09-20T12:47:57.0000000+02:00" endTime="2018-09-20T12:47:57.0000000+02:00" testType="13cdc9d9-ddb5-4fa4-a97d-d965ccfc6d4b" outcome="Passed" testListId="8c84fa94-04c1-424b-9868-57a2d4851a1d" relativeResultsDirectory="622e0ce8-4fa2-43e8-98cb-1678eaf32d88" /><UnitTestResult executionId="357bc3c4-9184-4f6a-b79b-458acea883a7" testId="abf4cca6-a4d2-4e9d-bdac-56a361d3af56" testName="TraceWebRequestGivesNullWebRequestTracerIfUrlIsAnEmptyString" computerName="TAG009442327432" duration="00:00:00.0010000" startTime="2018-09-20T12:47:58.0000000+02:00" endTime="2018-09-20T12:47:58.0000000+02:00" testType="13cdc9d9-ddb5-4fa4-a97d-d965ccfc6d4b" outcome="Passed" testListId="8c84fa94-04c1-424b-9868-57a2d4851a1d" relativeResultsDirectory="357bc3c4-9184-4f6a-b79b-458acea883a7" /><UnitTestResult executionId="da6f9d9a-4627-4e40-ba09-23dad2e084ec" testId="d750bcc7-13fb-44c8-ae9c-205dec74c2f6" testName="ShutdownStateIsTerminalState" computerName="TAG009442327432" duration="00:00:00.0000001" startTime="2018-09-20T12:47:58.0000000+02:00" endTime="2018-09-20T12:47:58.0000000+02:00" testType="13cdc9d9-ddb5-4fa4-a97d-d965ccfc6d4b" outcome="Passed" testListId="8c84fa94-04c1-424b-9868-57a2d4851a1d" relativeResultsDirectory="da6f9d9a-4627-4e40-ba09-23dad2e084ec" /><UnitTestResult executionId="95891ad7-6ef8-4d09-86c2-16f383966c84" testId="1d6e1044-9681-4d44-b1ec-ad420e2a1081" testName="CanInterruptLongSleep" computerName="TAG009442327432" duration="00:00:00.0010000" startTime="2018-09-20T12:47:58.0000000+02:00" endTime="2018-09-20T12:47:58.0000000+02:00" testType="13cdc9d9-ddb5-4fa4-a97d-d965ccfc6d4b" outcome="Passed" testListId="8c84fa94-04c1-424b-9868-57a2d4851a1d" relativeResultsDirectory="95891ad7-6ef8-4d09-86c2-16f383966c84" /><UnitTestResult executionId="57711a85-315e-4285-b0f6-d7840ca71fe7" testId="35e15da8-438b-4436-b51c-e6360f82fe74" testName="ExecuteEvictionCallsCacheMethodForEachBeacon" computerName="TAG009442327432" duration="00:00:00.0050000" startTime="2018-09-20T12:47:57.0000000+02:00" endTime="2018-09-20T12:47:57.0000000+02:00" testType="13cdc9d9-ddb5-4fa4-a97d-d965ccfc6d4b" outcome="Passed" testListId="8c84fa94-04c1-424b-9868-57a2d4851a1d" relativeResultsDirectory="57711a85-315e-4285-b0f6-d7840ca71fe7" /><UnitTestResult executionId="28d0742f-2529-4a00-94d6-921861c3d136" testId="afcbd582-8aaf-420e-a487-5b33c33f57cb" testName="TerminalStateIsNextStateIfTransitionFromTerminalStateOccurs" computerName="TAG009442327432" duration="00:00:00.0000001" startTime="2018-09-20T12:47:58.0000000+02:00" endTime="2018-09-20T12:47:58.0000000+02:00" testType="13cdc9d9-ddb5-4fa4-a97d-d965ccfc6d4b" outcome="Passed" testListId="8c84fa94-04c1-424b-9868-57a2d4851a1d" relativeResultsDirectory="28d0742f-2529-4a00-94d6-921861c3d136" /><UnitTestResult executionId="485d569e-adb6-43b4-a46c-642780c2d10d" testId="f25a0632-1da9-4d06-9feb-32c78c437b99" testName="SetResponseCodeSetsTheResponseCode" computerName="TAG009442327432" duration="00:00:00.0000001" startTime="2018-09-20T12:47:58.0000000+02:00" endTime="2018-09-20T12:47:58.0000000+02:00" testType="13cdc9d9-ddb5-4fa4-a97d-d965ccfc6d4b" outcome="Passed" testListId="8c84fa94-04c1-424b-9868-57a2d4851a1d" relativeResultsDirectory="485d569e-adb6-43b4-a46c-642780c2d10d" /><UnitTestResult executionId="af7bcfa4-4f2e-4bfa-b4b6-8432229f9c90" testId="47c3f19e-395f-4e63-9dc3-30c2071bce87" testName="LeavingAParentActionWillLeaveAllOpenChildActionsFirst" computerName="TAG009442327432" duration="00:00:00.0020000" startTime="2018-09-20T12:47:58.0000000+02:00" endTime="2018-09-20T12:47:58.0000000+02:00" testType="13cdc9d9-ddb5-4fa4-a97d-d965ccfc6d4b" outcome="Passed" testListId="8c84fa94-04c1-424b-9868-57a2d4851a1d" relativeResultsDirectory="af7bcfa4-4f2e-4bfa-b4b6-8432229f9c90" /><UnitTestResult executionId="b23c59c4-589a-4ff5-aa50-bf62f8b8ded3" testId="27e5fc83-a852-4f94-9683-da3815d92140" testName="ShutdownStateIsTerminalStateForInitialTimeSync" computerName="TAG009442327432" duration="00:00:00.0000001" startTime="2018-09-20T12:47:58.0000000+02:00" endTime="2018-09-20T12:47:58.0000000+02:00" testType="13cdc9d9-ddb5-4fa4-a97d-d965ccfc6d4b" outcome="Passed" testListId="8c84fa94-04c1-424b-9868-57a2d4851a1d" relativeResultsDirectory="b23c59c4-589a-4ff5-aa50-bf62f8b8ded3" /><UnitTestResult executionId="6665e0f4-30c0-47cd-915c-acc3dfe21bea" testId="f5e08b69-93c4-44d5-a6a1-09c9ee0d4a42" testName="CannotSetNullTrustManagerForAppMon" computerName="TAG009442327432" duration="00:00:00.0000001" startTime="2018-09-20T12:47:58.0000000+02:00" endTime="2018-09-20T12:47:58.0000000+02:00" testType="13cdc9d9-ddb5-4fa4-a97d-d965ccfc6d4b" outcome="Passed" testListId="8c84fa94-04c1-424b-9868-57a2d4851a1d" relativeResultsDirectory="6665e0f4-30c0-47cd-915c-acc3dfe21bea" /><UnitTestResult executionId="9609e62f-2468-40f0-8fde-7f37421df844" testId="72ab8952-b9c2-443a-a97b-c4ee5e98f081" testName="SendBeaconRequestSendsOneHTTPPostRequest" computerName="TAG009442327432" duration="00:00:00.0010000" startTime="2018-09-20T12:47:58.0000000+02:00" endTime="2018-09-20T12:47:58.0000000+02:00" testType="13cdc9d9-ddb5-4fa4-a97d-d965ccfc6d4b" outcome="Passed" testListId="8c84fa94-04c1-424b-9868-57a2d4851a1d" relativeResultsDirectory="9609e62f-2468-40f0-8fde-7f37421df844" /><UnitTestResult executionId="1352a018-559b-4c68-9060-bc8d27d6e291" testId="73d3c8b0-6fe8-45ee-a477-7cff5e3dbd74" testName="ApplicationNameIsSetCorrectlyForAppMon" computerName="TAG009442327432" duration="00:00:00.0010000" startTime="2018-09-20T12:47:58.0000000+02:00" endTime="2018-09-20T12:47:58.0000000+02:00" testType="13cdc9d9-ddb5-4fa4-a97d-d965ccfc6d4b" outcome="Passed" testListId="8c84fa94-04c1-424b-9868-57a2d4851a1d" relativeResultsDirectory="1352a018-559b-4c68-9060-bc8d27d6e291" /><UnitTestResult executionId="864abf24-febe-467e-802d-d573dfcd2f0e" testId="606fabd7-5a22-43b1-b1c9-febceb91f178" testName="IpV4AddressIsValid" computerName="TAG009442327432" duration="00:00:00.0000001" startTime="2018-09-20T12:47:58.0000000+02:00" endTime="2018-09-20T12:47:58.0000000+02:00" testType="13cdc9d9-ddb5-4fa4-a97d-d965ccfc6d4b" outcome="Passed" testListId="8c84fa94-04c1-424b-9868-57a2d4851a1d" relativeResultsDirectory="864abf24-febe-467e-802d-d573dfcd2f0e" /><UnitTestResult executionId="20557adf-e0c9-48bf-ad45-9d03b69c0b18" testId="62d6c8ec-d638-46ff-a542-7a90c6205191" testName="StringValueNotReportedForDataCollectionLevel1" computerName="TAG009442327432" duration="00:00:00.0010000" startTime="2018-09-20T12:47:58.0000000+02:00" endTime="2018-09-20T12:47:58.0000000+02:00" testType="13cdc9d9-ddb5-4fa4-a97d-d965ccfc6d4b" outcome="Passed" testListId="8c84fa94-04c1-424b-9868-57a2d4851a1d" relativeResultsDirectory="20557adf-e0c9-48bf-ad45-9d03b69c0b18" /><UnitTestResult executionId="d92e4536-2b39-4c5b-824a-36416a72928b" testId="bb9ddb1f-9aaa-4971-a263-d4313aea97b7" testName="ADefaultConstructedSessionWrapperCanSendRequests" computerName="TAG009442327432" duration="00:00:00.0010000" startTime="2018-09-20T12:47:58.0000000+02:00" endTime="2018-09-20T12:47:58.0000000+02:00" testType="13cdc9d9-ddb5-4fa4-a97d-d965ccfc6d4b" outcome="Passed" testListId="8c84fa94-04c1-424b-9868-57a2d4851a1d" relativeResultsDirectory="d92e4536-2b39-4c5b-824a-36416a72928b" /><UnitTestResult executionId="f244f1a7-f212-44b6-bfaf-bf09a16ba417" testId="6ac8461e-ddb9-4dcd-becc-673be01ad78c" testName="RemoveRecordsOlderThanRemovesRecordsFromActionData" computerName="TAG009442327432" duration="00:00:00.0010000" startTime="2018-09-20T12:47:57.0000000+02:00" endTime="2018-09-20T12:47:57.0000000+02:00" testType="13cdc9d9-ddb5-4fa4-a97d-d965ccfc6d4b" outcome="Passed" testListId="8c84fa94-04c1-424b-9868-57a2d4851a1d" relativeResultsDirectory="f244f1a7-f212-44b6-bfaf-bf09a16ba417" /><UnitTestResult executionId="043c2cd0-cf75-486e-8953-90fa53516544" testId="74b3f12f-6f70-408b-9f5c-b9ef9ae60771" testName="ResetChunkedRestoresCacheSize" computerName="TAG009442327432" duration="00:00:00.0000001" startTime="2018-09-20T12:47:57.0000000+02:00" endTime="2018-09-20T12:47:57.0000000+02:00" testType="13cdc9d9-ddb5-4fa4-a97d-d965ccfc6d4b" outcome="Passed" testListId="8c84fa94-04c1-424b-9868-57a2d4851a1d" relativeResultsDirectory="043c2cd0-cf75-486e-8953-90fa53516544" /><UnitTestResult executionId="3dff3b18-cba3-4512-a184-bdbdf77d473a" testId="369b4b84-62ec-4c66-a9c6-6ee7bb10e11b" testName="SendStatusRequestIsDoneWhenHttpClientReturnsASuccessfulResponse" computerName="TAG009442327432" duration="00:00:00.0010000" startTime="2018-09-20T12:47:58.0000000+02:00" endTime="2018-09-20T12:47:58.0000000+02:00" testType="13cdc9d9-ddb5-4fa4-a97d-d965ccfc6d4b" outcome="Passed" testListId="8c84fa94-04c1-424b-9868-57a2d4851a1d" relativeResultsDirectory="3dff3b18-cba3-4512-a184-bdbdf77d473a" /><UnitTestResult executionId="f1d8e335-82bb-4ca5-92f7-bafb1b7bddf9" testId="af2a0055-d7c7-4677-851e-93ee59ebc73b" testName="EvictRecordsByNumber" computerName="TAG009442327432" duration="00:00:00.0010000" startTime="2018-09-20T12:47:57.0000000+02:00" endTime="2018-09-20T12:47:57.0000000+02:00" testType="13cdc9d9-ddb5-4fa4-a97d-d965ccfc6d4b" outcome="Passed" testListId="8c84fa94-04c1-424b-9868-57a2d4851a1d" relativeResultsDirectory="f1d8e335-82bb-4ca5-92f7-bafb1b7bddf9" /><UnitTestResult executionId="6b6af0b6-6a11-447c-901a-17881f2f34b0" testId="3c1e26f8-be73-4b67-b95e-1390a5569b91" testName="TraceWebRequestGivesNullWebRequestTracerIfUrlHasAnInvalidScheme" computerName="TAG009442327432" duration="00:00:00.0010000" startTime="2018-09-20T12:47:57.0000000+02:00" endTime="2018-09-20T12:47:57.0000000+02:00" testType="13cdc9d9-ddb5-4fa4-a97d-d965ccfc6d4b" outcome="Passed" testListId="8c84fa94-04c1-424b-9868-57a2d4851a1d" relativeResultsDirectory="6b6af0b6-6a11-447c-901a-17881f2f34b0" /><UnitTestResult executionId="333e9b6a-b60a-4ae2-a779-9e8205589a3f" testId="84fd4cbf-c786-45e8-9c9b-12f98333f8a5" testName="DefaultSessionIDProviderReturnsConsecutiveIDs" computerName="TAG009442327432" duration="00:00:00.0000001" startTime="2018-09-20T12:48:00.0000000+02:00" endTime="2018-09-20T12:48:00.0000000+02:00" testType="13cdc9d9-ddb5-4fa4-a97d-d965ccfc6d4b" outcome="Passed" testListId="8c84fa94-04c1-424b-9868-57a2d4851a1d" relativeResultsDirectory="333e9b6a-b60a-4ae2-a779-9e8205589a3f" /><UnitTestResult executionId="f7ce2a84-8c0c-472e-945c-91a1bd04cd56" testId="1795f7d2-0883-496c-8ceb-d4233877a5bb" testName="DoubleValueNotReportedForDataCollectionLevel1" computerName="TAG009442327432" duration="00:00:00.0010000" startTime="2018-09-20T12:47:58.0000000+02:00" endTime="2018-09-20T12:47:58.0000000+02:00" testType="13cdc9d9-ddb5-4fa4-a97d-d965ccfc6d4b" outcome="Passed" testListId="8c84fa94-04c1-424b-9868-57a2d4851a1d" relativeResultsDirectory="f7ce2a84-8c0c-472e-945c-91a1bd04cd56" /><UnitTestResult executionId="a5fce0ca-3d91-44b5-be69-38461f0c5ee6" testId="06f81fef-9897-4f90-859a-5020241dda97" testName="TheDefaultRequestReceiveTimeIsMinusOne" computerName="TAG009442327432" duration="00:00:00.0000001" startTime="2018-09-20T12:48:00.0000000+02:00" endTime="2018-09-20T12:48:00.0000000+02:00" testType="13cdc9d9-ddb5-4fa4-a97d-d965ccfc6d4b" outcome="Passed" testListId="8c84fa94-04c1-424b-9868-57a2d4851a1d" relativeResultsDirectory="a5fce0ca-3d91-44b5-be69-38461f0c5ee6" /><UnitTestResult executionId="63bce883-a1b8-4833-9172-d792fc5684c4" testId="39c18e80-3840-49c4-91be-50cb4329cdc4" testName="ToStringReturnsTheStateName" computerName="TAG009442327432" duration="00:00:00.0000001" startTime="2018-09-20T12:47:58.0000000+02:00" endTime="2018-09-20T12:47:58.0000000+02:00" testType="13cdc9d9-ddb5-4fa4-a97d-d965ccfc6d4b" outcome="Passed" testListId="8c84fa94-04c1-424b-9868-57a2d4851a1d" relativeResultsDirectory="63bce883-a1b8-4833-9172-d792fc5684c4" /><UnitTestResult executionId="7cc12636-0680-47f4-8953-974c07867988" testId="28a9dc79-8e96-485b-ab8b-0b27bd8de902" testName="StateIsNotTerminal" computerName="TAG009442327432" duration="00:00:00.0000001" startTime="2018-09-20T12:47:57.0000000+02:00" endTime="2018-09-20T12:47:57.0000000+02:00" testType="13cdc9d9-ddb5-4fa4-a97d-d965ccfc6d4b" outcome="Passed" testListId="8c84fa94-04c1-424b-9868-57a2d4851a1d" relativeResultsDirectory="7cc12636-0680-47f4-8953-974c07867988" /><UnitTestResult executionId="3f4adc4e-163d-4534-b2db-a9e5f5f6c612" testId="12d0051d-519a-470c-bb43-a61281d2502a" testName="GetChunkGetsChunksFromEventDataBeforeActionData" computerName="TAG009442327432" duration="00:00:00.0020000" startTime="2018-09-20T12:47:57.0000000+02:00" endTime="2018-09-20T12:47:57.0000000+02:00" testType="13cdc9d9-ddb5-4fa4-a97d-d965ccfc6d4b" outcome="Passed" testListId="8c84fa94-04c1-424b-9868-57a2d4851a1d" relativeResultsDirectory="3f4adc4e-163d-4534-b2db-a9e5f5f6c612" /><UnitTestResult executionId="17298f46-b97a-4611-86a8-519bd0e2dfe0" testId="f94b18b4-4496-43c2-9641-1bfdfa933648" testName="ResetChunkedDoesNothingIfEntryDoesNotExist" computerName="TAG009442327432" duration="00:00:00.0010000" startTime="2018-09-20T12:47:57.0000000+02:00" endTime="2018-09-20T12:47:57.0000000+02:00" testType="13cdc9d9-ddb5-4fa4-a97d-d965ccfc6d4b" outcome="Passed" testListId="8c84fa94-04c1-424b-9868-57a2d4851a1d" relativeResultsDirectory="17298f46-b97a-4611-86a8-519bd0e2dfe0" /><UnitTestResult executionId="0a1c8800-8600-437c-a33c-dda498320659" testId="87d0c293-3107-4b25-a305-b16b5b43248c" testName="CanSetLogger" computerName="TAG009442327432" duration="00:00:00.0010000" startTime="2018-09-20T12:47:58.0000000+02:00" endTime="2018-09-20T12:47:58.0000000+02:00" testType="13cdc9d9-ddb5-4fa4-a97d-d965ccfc6d4b" outcome="Passed" testListId="8c84fa94-04c1-424b-9868-57a2d4851a1d" relativeResultsDirectory="0a1c8800-8600-437c-a33c-dda498320659" /><UnitTestResult executionId="def4361b-bc31-46f4-a47f-cd24d16fc352" testId="5de6477b-2630-453a-ae47-404fae1403cc" testName="ADefaultConstructedContextDoesNotStoreAnySessions" computerName="TAG009442327432" duration="00:00:00.0160000" startTime="2018-09-20T12:47:58.0000000+02:00" endTime="2018-09-20T12:47:58.0000000+02:00" testType="13cdc9d9-ddb5-4fa4-a97d-d965ccfc6d4b" outcome="Passed" testListId="8c84fa94-04c1-424b-9868-57a2d4851a1d" relativeResultsDirectory="def4361b-bc31-46f4-a47f-cd24d16fc352" /><UnitTestResult executionId="a204f1b0-38d1-4839-be10-511e68d4924b" testId="a7f7db29-76ac-45f3-83b7-9a2619a6f51d" testName="LeavingAnActionSetsTheEndTimestamp" computerName="TAG009442327432" duration="00:00:00.0010000" startTime="2018-09-20T12:47:57.0000000+02:00" endTime="2018-09-20T12:47:57.0000000+02:00" testType="13cdc9d9-ddb5-4fa4-a97d-d965ccfc6d4b" outcome="Passed" testListId="8c84fa94-04c1-424b-9868-57a2d4851a1d" relativeResultsDirectory="a204f1b0-38d1-4839-be10-511e68d4924b" /><UnitTestResult executionId="78285077-a206-47c9-abac-a7bebe2f5ef9" testId="9d56c32e-53fd-4254-9521-92e2844ad1f4" testName="AppMonOpenKitBuilderTakesStringDeviceID" computerName="TAG009442327432" duration="00:00:00.0000001" startTime="2018-09-20T12:47:58.0000000+02:00" endTime="2018-09-20T12:47:58.0000000+02:00" testType="13cdc9d9-ddb5-4fa4-a97d-d965ccfc6d4b" outcome="Passed" testListId="8c84fa94-04c1-424b-9868-57a2d4851a1d" relativeResultsDirectory="78285077-a206-47c9-abac-a7bebe2f5ef9" /><UnitTestResult executionId="7693e5f1-31fa-4175-9910-ce8b3f7ebed2" testId="272eda6f-6e2e-4706-af6d-8b8ea83a816f" testName="IpV4AddressIsValidHighestPossible" computerName="TAG009442327432" duration="00:00:00.0000001" startTime="2018-09-20T12:47:58.0000000+02:00" endTime="2018-09-20T12:47:58.0000000+02:00" testType="13cdc9d9-ddb5-4fa4-a97d-d965ccfc6d4b" outcome="Passed" testListId="8c84fa94-04c1-424b-9868-57a2d4851a1d" relativeResultsDirectory="7693e5f1-31fa-4175-9910-ce8b3f7ebed2" /><UnitTestResult executionId="1bd1f314-3b40-48e2-b0b3-8762f2641bd2" testId="0f882d98-b6a4-4b92-b3e4-1286e70389ed" testName="CreateTagReturnsTagStringForDataCollectionLevel2" computerName="TAG009442327432" duration="00:00:00.0010000" startTime="2018-09-20T12:47:58.0000000+02:00" endTime="2018-09-20T12:47:58.0000000+02:00" testType="13cdc9d9-ddb5-4fa4-a97d-d965ccfc6d4b" outcome="Passed" testListId="8c84fa94-04c1-424b-9868-57a2d4851a1d" relativeResultsDirectory="1bd1f314-3b40-48e2-b0b3-8762f2641bd2" /><UnitTestResult executionId="d1141cec-3050-4a09-ad85-76d9a877a4f5" testId="c9343990-7ca6-434b-a713-1b886c1915b7" testName="ParsingMaxBeaconSize" computerName="TAG009442327432" duration="00:00:00.0010000" startTime="2018-09-20T12:48:00.0000000+02:00" endTime="2018-09-20T12:48:00.0000000+02:00" testType="13cdc9d9-ddb5-4fa4-a97d-d965ccfc6d4b" outcome="Passed" testListId="8c84fa94-04c1-424b-9868-57a2d4851a1d" relativeResultsDirectory="d1141cec-3050-4a09-ad85-76d9a877a4f5" /><UnitTestResult executionId="33916808-0369-48fe-8a35-05347875ad77" testId="3c2b0a33-e02e-4291-8d3e-c2e76197cf9d" testName="ParentIDIsZeroIfActionHasNoParent" computerName="TAG009442327432" duration="00:00:00.0000001" startTime="2018-09-20T12:47:57.0000000+02:00" endTime="2018-09-20T12:47:57.0000000+02:00" testType="13cdc9d9-ddb5-4fa4-a97d-d965ccfc6d4b" outcome="Passed" testListId="8c84fa94-04c1-424b-9868-57a2d4851a1d" relativeResultsDirectory="33916808-0369-48fe-8a35-05347875ad77" /><UnitTestResult executionId="d7a8afa4-0360-45f0-a5ca-5c3b1b9185cd" testId="d274ebc6-1fab-488f-bc5a-d316aa4cdce2" testName="SendNewSessionRequestReturnsAnUnknownErrorResponseForWrongHttpResponse" computerName="TAG009442327432" duration="00:00:00.0010000" startTime="2018-09-20T12:47:59.0000000+02:00" endTime="2018-09-20T12:47:59.0000000+02:00" testType="13cdc9d9-ddb5-4fa4-a97d-d965ccfc6d4b" outcome="Passed" testListId="8c84fa94-04c1-424b-9868-57a2d4851a1d" relativeResultsDirectory="d7a8afa4-0360-45f0-a5ca-5c3b1b9185cd" /><UnitTestResult executionId="30399ae2-ebe4-45a4-b8ef-f434c82d77e5" testId="4faa9fdf-f758-4aba-8bae-4c5a534b2d53" testName="DeleteCacheEntryDoesNotRaiseEvent" computerName="TAG009442327432" duration="00:00:00.0000001" startTime="2018-09-20T12:47:57.0000000+02:00" endTime="2018-09-20T12:47:57.0000000+02:00" testType="13cdc9d9-ddb5-4fa4-a97d-d965ccfc6d4b" outcome="Passed" testListId="8c84fa94-04c1-424b-9868-57a2d4851a1d" relativeResultsDirectory="30399ae2-ebe4-45a4-b8ef-f434c82d77e5" /><UnitTestResult executionId="4ce120d5-8686-42f3-a7e4-0a88ee14ae99" testId="a5a2e0e0-04eb-4d86-a33f-7a562837341a" testName="SendTimeSyncRequestWorksIfResponseIsNull" computerName="TAG009442327432" duration="00:00:00.0010000" startTime="2018-09-20T12:48:00.0000000+02:00" endTime="2018-09-20T12:48:00.0000000+02:00" testType="13cdc9d9-ddb5-4fa4-a97d-d965ccfc6d4b" outcome="Passed" testListId="8c84fa94-04c1-424b-9868-57a2d4851a1d" relativeResultsDirectory="4ce120d5-8686-42f3-a7e4-0a88ee14ae99" /><UnitTestResult executionId="4de2fbb9-4524-403f-89f9-8aefd8fccf7f" testId="b37358a7-44ed-4299-a2a9-e99f70696870" testName="SendTimeSyncRequestReturnsAnUnknownErrorResponseForWrongHttpResponse" computerName="TAG009442327432" duration="00:00:00.0010000" startTime="2018-09-20T12:48:00.0000000+02:00" endTime="2018-09-20T12:48:00.0000000+02:00" testType="13cdc9d9-ddb5-4fa4-a97d-d965ccfc6d4b" outcome="Passed" testListId="8c84fa94-04c1-424b-9868-57a2d4851a1d" relativeResultsDirectory="4de2fbb9-4524-403f-89f9-8aefd8fccf7f" /><UnitTestResult executionId="4fb12757-9e90-4afa-9f4d-8027cd3a35fd" testId="a793ac71-20fe-43f5-9f69-fa534036db41" testName="AfterASessionHasBeenConfiguredItsOpenAndConfigured" computerName="TAG009442327432" duration="00:00:00.0020000" startTime="2018-09-20T12:47:58.0000000+02:00" endTime="2018-09-20T12:47:58.0000000+02:00" testType="13cdc9d9-ddb5-4fa4-a97d-d965ccfc6d4b" outcome="Passed" testListId="8c84fa94-04c1-424b-9868-57a2d4851a1d" relativeResultsDirectory="4fb12757-9e90-4afa-9f4d-8027cd3a35fd"><Output><StdOut>2018-09-20T10:47:58.0834142Z DEBUG [3] BeaconSender StartSession
2018-09-20T10:47:58.0834142Z DEBUG [3] BeaconCache AddEventData(sn=1, timestamp=0, data='et=18&amp;it=0&amp;pa=0&amp;s0=1&amp;t0=0')
2018-09-20T10:47:58.0834142Z DEBUG [3] BeaconSender StartSession
2018-09-20T10:47:58.0834142Z DEBUG [3] BeaconCache AddEventData(sn=2, timestamp=0, data='et=18&amp;it=0&amp;pa=0&amp;s0=1&amp;t0=0')</StdOut></Output></UnitTestResult><UnitTestResult executionId="846c4f97-eadb-4d92-8135-da90a2dad153" testId="d53bdaad-f276-44c5-ac34-239ae67e88c4" testName="WebRequestIsReportedForDataCollectionLevel2" computerName="TAG009442327432" duration="00:00:00.0010000" startTime="2018-09-20T12:47:58.0000000+02:00" endTime="2018-09-20T12:47:58.0000000+02:00" testType="13cdc9d9-ddb5-4fa4-a97d-d965ccfc6d4b" outcome="Passed" testListId="8c84fa94-04c1-424b-9868-57a2d4851a1d" relativeResultsDirectory="846c4f97-eadb-4d92-8135-da90a2dad153" /><UnitTestResult executionId="3a729803-ea0f-4a05-a63c-fa930249c2f8" testId="82ae9bd3-a439-4236-b97d-e8bdda925804" testName="AWebRequestTracerIsStoppedAfterStopHasBeenCalled" computerName="TAG009442327432" duration="00:00:00.0010000" startTime="2018-09-20T12:47:58.0000000+02:00" endTime="2018-09-20T12:47:58.0000000+02:00" testType="13cdc9d9-ddb5-4fa4-a97d-d965ccfc6d4b" outcome="Passed" testListId="8c84fa94-04c1-424b-9868-57a2d4851a1d" relativeResultsDirectory="3a729803-ea0f-4a05-a63c-fa930249c2f8" /><UnitTestResult executionId="7bf3f66d-1021-4da2-8b03-8833fd812cf5" testId="e0802ecd-e8d1-4827-9ddf-d0ef6dd61306" testName="IpV6AddressValid_CharactersOnlyLowerCase" computerName="TAG009442327432" duration="00:00:00.0000001" startTime="2018-09-20T12:47:58.0000000+02:00" endTime="2018-09-20T12:47:58.0000000+02:00" testType="13cdc9d9-ddb5-4fa4-a97d-d965ccfc6d4b" outcome="Passed" testListId="8c84fa94-04c1-424b-9868-57a2d4851a1d" relativeResultsDirectory="7bf3f66d-1021-4da2-8b03-8833fd812cf5" /><UnitTestResult executionId="5dbeee70-afc9-41d8-8e0d-20cf17a70dd9" testId="c2d713b6-aa49-4804-a72c-75600fe20b4f" testName="SendStatusRequestWorksIfResponseIsNull" computerName="TAG009442327432" duration="00:00:00.0010000" startTime="2018-09-20T12:47:59.0000000+02:00" endTime="2018-09-20T12:47:59.0000000+02:00" testType="13cdc9d9-ddb5-4fa4-a97d-d965ccfc6d4b" outcome="Passed" testListId="8c84fa94-04c1-424b-9868-57a2d4851a1d" relativeResultsDirectory="5dbeee70-afc9-41d8-8e0d-20cf17a70dd9" /><UnitTestResult executionId="6753c7fc-a256-4a31-9c95-db1d716ecad9" testId="c51730ee-7e01-4596-82d5-a31c7e6df57a" testName="LastStatusCheckTimeIsSet" computerName="TAG009442327432" duration="00:00:00.0000001" startTime="2018-09-20T12:47:58.0000000+02:00" endTime="2018-09-20T12:47:58.0000000+02:00" testType="13cdc9d9-ddb5-4fa4-a97d-d965ccfc6d4b" outcome="Passed" testListId="8c84fa94-04c1-424b-9868-57a2d4851a1d" relativeResultsDirectory="6753c7fc-a256-4a31-9c95-db1d716ecad9" /><UnitTestResult executionId="6874fd44-3104-4f4b-8c55-3e9932820c9f" testId="ad67fde4-e123-4102-a105-da58e81badc4" testName="IpV6AddressIsInvalidOverflow" computerName="TAG009442327432" duration="00:00:00.0000001" startTime="2018-09-20T12:47:58.0000000+02:00" endTime="2018-09-20T12:47:58.0000000+02:00" testType="13cdc9d9-ddb5-4fa4-a97d-d965ccfc6d4b" outcome="Passed" testListId="8c84fa94-04c1-424b-9868-57a2d4851a1d" relativeResultsDirectory="6874fd44-3104-4f4b-8c55-3e9932820c9f" /><UnitTestResult executionId="a41d0811-aa28-4236-ab4e-997ddbf267ef" testId="35060d86-fc5c-4670-8f30-69537b56d451" testName="IpV4AddressIsInvalidDueToAdditionalCharacterInSecondBlock" computerName="TAG009442327432" duration="00:00:00.0000001" startTime="2018-09-20T12:47:58.0000000+02:00" endTime="2018-09-20T12:47:58.0000000+02:00" testType="13cdc9d9-ddb5-4fa4-a97d-d965ccfc6d4b" outcome="Passed" testListId="8c84fa94-04c1-424b-9868-57a2d4851a1d" relativeResultsDirectory="a41d0811-aa28-4236-ab4e-997ddbf267ef" /><UnitTestResult executionId="e6446021-82c9-4a72-a490-a80e2aadc5b7" testId="301dcef0-bf70-4992-b107-d7f976ae084f" testName="PassingNullResponseStringDoesNotThrow" computerName="TAG009442327432" duration="00:00:00.0010000" startTime="2018-09-20T12:48:00.0000000+02:00" endTime="2018-09-20T12:48:00.0000000+02:00" testType="13cdc9d9-ddb5-4fa4-a97d-d965ccfc6d4b" outcome="Passed" testListId="8c84fa94-04c1-424b-9868-57a2d4851a1d" relativeResultsDirectory="e6446021-82c9-4a72-a490-a80e2aadc5b7" /><UnitTestResult executionId="71b926d8-1ee8-4ece-9fa9-58cd535ad511" testId="c242a51b-c535-4b93-86cf-d2e34d1a942a" testName="ABeaconSendingFlushSessionsStateClosesOpenSessions" computerName="TAG009442327432" duration="00:00:00.0050000" startTime="2018-09-20T12:47:58.0000000+02:00" endTime="2018-09-20T12:47:58.0000000+02:00" testType="13cdc9d9-ddb5-4fa4-a97d-d965ccfc6d4b" outcome="Passed" testListId="8c84fa94-04c1-424b-9868-57a2d4851a1d" relativeResultsDirectory="71b926d8-1ee8-4ece-9fa9-58cd535ad511" /><UnitTestResult executionId="21773b21-e052-4c48-bee4-bfb88f1e2b2e" testId="614f319d-0aa6-4909-9550-8c491492d7de" testName="LeavingAnActionAddsItselfInTheBeacon" computerName="TAG009442327432" duration="00:00:00.0010000" startTime="2018-09-20T12:47:57.0000000+02:00" endTime="2018-09-20T12:47:57.0000000+02:00" testType="13cdc9d9-ddb5-4fa4-a97d-d965ccfc6d4b" outcome="Passed" testListId="8c84fa94-04c1-424b-9868-57a2d4851a1d" relativeResultsDirectory="21773b21-e052-4c48-bee4-bfb88f1e2b2e" /><UnitTestResult executionId="4608009e-3724-467f-9b7d-f8d9d0816655" testId="8c9996b6-4df0-4c0d-8f2d-ccc78c0cef43" testName="IsInfoEnabledIsTrueIfVerboseIsTrue" computerName="TAG009442327432" duration="00:00:00.0000001" startTime="2018-09-20T12:47:58.0000000+02:00" endTime="2018-09-20T12:47:58.0000000+02:00" testType="13cdc9d9-ddb5-4fa4-a97d-d965ccfc6d4b" outcome="Passed" testListId="8c84fa94-04c1-424b-9868-57a2d4851a1d" relativeResultsDirectory="4608009e-3724-467f-9b7d-f8d9d0816655" /><UnitTestResult executionId="b70260df-5404-42e5-bdea-f7ae1f6a40e0" testId="9b547af3-2887-4682-8e27-69062b24faf5" testName="AfterUpdatingTheBeaconConfigurationTheBeaconConfigurationIsSet" computerName="TAG009442327432" duration="00:00:00.0010000" startTime="2018-09-20T12:47:58.0000000+02:00" endTime="2018-09-20T12:47:58.0000000+02:00" testType="13cdc9d9-ddb5-4fa4-a97d-d965ccfc6d4b" outcome="Passed" testListId="8c84fa94-04c1-424b-9868-57a2d4851a1d" relativeResultsDirectory="b70260df-5404-42e5-bdea-f7ae1f6a40e0" /><UnitTestResult executionId="a6569c4c-2cc8-463a-b65a-775f8c92f431" testId="deab335f-91f0-4f2f-9827-e1c43190a960" testName="CanSetDataCollectionLevelForAppMon" computerName="TAG009442327432" duration="00:00:00.0010000" startTime="2018-09-20T12:47:58.0000000+02:00" endTime="2018-09-20T12:47:58.0000000+02:00" testType="13cdc9d9-ddb5-4fa4-a97d-d965ccfc6d4b" outcome="Passed" testListId="8c84fa94-04c1-424b-9868-57a2d4851a1d" relativeResultsDirectory="a6569c4c-2cc8-463a-b65a-775f8c92f431" /><UnitTestResult executionId="20fc044d-1338-4542-8dee-ff772265219e" testId="50d8dd19-78bc-4be0-9ef2-d5ab042f842a" testName="IpV6AddressLinkLocalIsValid" computerName="TAG009442327432" duration="00:00:00.0000001" startTime="2018-09-20T12:47:58.0000000+02:00" endTime="2018-09-20T12:47:58.0000000+02:00" testType="13cdc9d9-ddb5-4fa4-a97d-d965ccfc6d4b" outcome="Passed" testListId="8c84fa94-04c1-424b-9868-57a2d4851a1d" relativeResultsDirectory="20fc044d-1338-4542-8dee-ff772265219e" /><UnitTestResult executionId="c729da4a-889d-456a-8761-0c3f48c647a9" testId="4bd69214-d3e2-4632-8a2b-d948e85802f8" testName="CanSleepLonger" computerName="TAG009442327432" duration="00:00:00.0000001" startTime="2018-09-20T12:47:58.0000000+02:00" endTime="2018-09-20T12:47:58.0000000+02:00" testType="13cdc9d9-ddb5-4fa4-a97d-d965ccfc6d4b" outcome="Passed" testListId="8c84fa94-04c1-424b-9868-57a2d4851a1d" relativeResultsDirectory="c729da4a-889d-456a-8761-0c3f48c647a9" /><UnitTestResult executionId="e92be6c5-e15b-43de-a130-96529b3be9d3" testId="be36ac70-f6c0-4522-b182-096759ec7e33" testName="GetNextBeaconChunkDecreasesBeaconCacheSize" computerName="TAG009442327432" duration="00:00:00.0000001" startTime="2018-09-20T12:47:57.0000000+02:00" endTime="2018-09-20T12:47:57.0000000+02:00" testType="13cdc9d9-ddb5-4fa4-a97d-d965ccfc6d4b" outcome="Passed" testListId="8c84fa94-04c1-424b-9868-57a2d4851a1d" relativeResultsDirectory="e92be6c5-e15b-43de-a130-96529b3be9d3" /><UnitTestResult executionId="49292387-d31c-4324-bac7-0b7c473515b1" testId="05a79789-5fba-4713-8eee-b604d8425f82" testName="SendBeaconRequestReturnsAnUnknownErrorResponseForUnparseableStatusResponse" computerName="TAG009442327432" duration="00:00:00.0010000" startTime="2018-09-20T12:47:58.0000000+02:00" endTime="2018-09-20T12:47:58.0000000+02:00" testType="13cdc9d9-ddb5-4fa4-a97d-d965ccfc6d4b" outcome="Passed" testListId="8c84fa94-04c1-424b-9868-57a2d4851a1d" relativeResultsDirectory="49292387-d31c-4324-bac7-0b7c473515b1" /><UnitTestResult executionId="c0b00494-9abe-47f1-b18b-01420dad2cbd" testId="30808523-52b2-4335-a636-194d22d167f2" testName="SameInstancesHaveSameHashCode" computerName="TAG009442327432" duration="00:00:00.0000001" startTime="2018-09-20T12:47:57.0000000+02:00" endTime="2018-09-20T12:47:57.0000000+02:00" testType="13cdc9d9-ddb5-4fa4-a97d-d965ccfc6d4b" outcome="Passed" testListId="8c84fa94-04c1-424b-9868-57a2d4851a1d" relativeResultsDirectory="c0b00494-9abe-47f1-b18b-01420dad2cbd" /><UnitTestResult executionId="1e81be5c-f038-456d-95fb-0e52a5b972e9" testId="f9c53458-d2e8-4d9a-a033-d83603c0e2e0" testName="WhenBeaconConfigurationIsSetSendingIsDisallowedIfMultiplicityIsZero" computerName="TAG009442327432" duration="00:00:00.0010000" startTime="2018-09-20T12:47:58.0000000+02:00" endTime="2018-09-20T12:47:58.0000000+02:00" testType="13cdc9d9-ddb5-4fa4-a97d-d965ccfc6d4b" outcome="Passed" testListId="8c84fa94-04c1-424b-9868-57a2d4851a1d" relativeResultsDirectory="1e81be5c-f038-456d-95fb-0e52a5b972e9" /><UnitTestResult executionId="d9053a75-fe66-4316-a733-95c6824e7e89" testId="d12044a7-bd37-446d-99e0-e43948de2238" testName="ParsingInvalidNumericValueForMultiplicityThrowsException" computerName="TAG009442327432" duration="00:00:00.0020000" startTime="2018-09-20T12:48:00.0000000+02:00" endTime="2018-09-20T12:48:00.0000000+02:00" testType="13cdc9d9-ddb5-4fa4-a97d-d965ccfc6d4b" outcome="Passed" testListId="8c84fa94-04c1-424b-9868-57a2d4851a1d" relativeResultsDirectory="d9053a75-fe66-4316-a733-95c6824e7e89" /><UnitTestResult executionId="282123c3-7e0a-45b9-91cf-7a1590934f9b" testId="4b92b8b3-b392-4314-a5fc-50d11b2fb925" testName="MultiplicityIsSetToZeroIfNoFurtherNewSessionRequestsAreAllowed" computerName="TAG009442327432" duration="00:00:00.0020000" startTime="2018-09-20T12:47:58.0000000+02:00" endTime="2018-09-20T12:47:58.0000000+02:00" testType="13cdc9d9-ddb5-4fa4-a97d-d965ccfc6d4b" outcome="Passed" testListId="8c84fa94-04c1-424b-9868-57a2d4851a1d" relativeResultsDirectory="282123c3-7e0a-45b9-91cf-7a1590934f9b" /><UnitTestResult executionId="209d2697-ce6e-41c7-aa79-bf85f40da2bb" testId="29e44585-d7a4-4304-aae0-e6794fe6c6cf" testName="SessionIDIsAlwaysValue1OnDataCollectionLevel0" computerName="TAG009442327432" duration="00:00:00.0000001" startTime="2018-09-20T12:47:58.0000000+02:00" endTime="2018-09-20T12:47:58.0000000+02:00" testType="13cdc9d9-ddb5-4fa4-a97d-d965ccfc6d4b" outcome="Passed" testListId="8c84fa94-04c1-424b-9868-57a2d4851a1d" relativeResultsDirectory="209d2697-ce6e-41c7-aa79-bf85f40da2bb" /><UnitTestResult executionId="703b666e-01e8-40cf-b442-2c89fe1120bc" testId="9e8a3bf7-2485-44e9-a781-1d44c6bd7e9e" testName="InfoDoesNotLogIfVerboseIsDisabled" computerName="TAG009442327432" duration="00:00:00.0010000" startTime="2018-09-20T12:47:58.0000000+02:00" endTime="2018-09-20T12:47:58.0000000+02:00" testType="13cdc9d9-ddb5-4fa4-a97d-d965ccfc6d4b" outcome="Passed" testListId="8c84fa94-04c1-424b-9868-57a2d4851a1d" relativeResultsDirectory="703b666e-01e8-40cf-b442-2c89fe1120bc" /><UnitTestResult executionId="c86d6677-a0ea-4542-a61e-4a3360706b7d" testId="177e579d-d25d-46d4-bb89-47812de5e579" testName="TheStrategyIsDisabledIfCacheSizeUpperBoundIsEqualToZero" computerName="TAG009442327432" duration="00:00:00.0000001" startTime="2018-09-20T12:47:57.0000000+02:00" endTime="2018-09-20T12:47:57.0000000+02:00" testType="13cdc9d9-ddb5-4fa4-a97d-d965ccfc6d4b" outcome="Passed" testListId="8c84fa94-04c1-424b-9868-57a2d4851a1d" relativeResultsDirectory="c86d6677-a0ea-4542-a61e-4a3360706b7d" /><UnitTestResult executionId="b05f03b2-cf0d-497b-9740-aa3c87fcf48d" testId="4993e20d-8ecc-4d7a-b125-bf95e4e279ed" testName="StartDoesNothingIfAlreadyStopped" computerName="TAG009442327432" duration="00:00:00.0010000" startTime="2018-09-20T12:47:58.0000000+02:00" endTime="2018-09-20T12:47:58.0000000+02:00" testType="13cdc9d9-ddb5-4fa4-a97d-d965ccfc6d4b" outcome="Passed" testListId="8c84fa94-04c1-424b-9868-57a2d4851a1d" relativeResultsDirectory="b05f03b2-cf0d-497b-9740-aa3c87fcf48d" /><UnitTestResult executionId="72c002e1-8dda-44e6-8274-dd210cbd6b21" testId="b7167ee6-9a4e-48d4-9616-e8d3294ab245" testName="TransitionToCaptureOffStateIsPerformed" computerName="TAG009442327432" duration="00:00:00.0020000" startTime="2018-09-20T12:47:58.0000000+02:00" endTime="2018-09-20T12:47:58.0000000+02:00" testType="13cdc9d9-ddb5-4fa4-a97d-d965ccfc6d4b" outcome="Passed" testListId="8c84fa94-04c1-424b-9868-57a2d4851a1d" relativeResultsDirectory="72c002e1-8dda-44e6-8274-dd210cbd6b21" /><UnitTestResult executionId="d574b3cd-7850-4ce2-b0f4-8ca5b2cb3262" testId="7e3c1425-9643-4c49-84c2-f59ed0b44d19" testName="ResetDataMarkedForSendingResetsMarkedForSendingFlag" computerName="TAG009442327432" duration="00:00:00.0010000" startTime="2018-09-20T12:47:57.0000000+02:00" endTime="2018-09-20T12:47:57.0000000+02:00" testType="13cdc9d9-ddb5-4fa4-a97d-d965ccfc6d4b" outcome="Passed" testListId="8c84fa94-04c1-424b-9868-57a2d4851a1d" relativeResultsDirectory="d574b3cd-7850-4ce2-b0f4-8ca5b2cb3262" /><UnitTestResult executionId="6f4fe979-69e3-4dbc-8267-3ad4ef079a6d" testId="caf651ef-e08f-4959-98a7-4dc26763311d" testName="ReportErrorDoesReportOnDataCollectionLevel2" computerName="TAG009442327432" duration="00:00:00.0010000" startTime="2018-09-20T12:47:58.0000000+02:00" endTime="2018-09-20T12:47:58.0000000+02:00" testType="13cdc9d9-ddb5-4fa4-a97d-d965ccfc6d4b" outcome="Passed" testListId="8c84fa94-04c1-424b-9868-57a2d4851a1d" relativeResultsDirectory="6f4fe979-69e3-4dbc-8267-3ad4ef079a6d" /><UnitTestResult executionId="c70db6ae-e24a-4285-b095-895fcbd7e185" testId="b19236e0-8de5-47f1-a544-95e46dbd78ee" testName="SendNewSessionRequestSendRequestToMonitorURL" computerName="TAG009442327432" duration="00:00:00.0010000" startTime="2018-09-20T12:47:59.0000000+02:00" endTime="2018-09-20T12:47:59.0000000+02:00" testType="13cdc9d9-ddb5-4fa4-a97d-d965ccfc6d4b" outcome="Passed" testListId="8c84fa94-04c1-424b-9868-57a2d4851a1d" relativeResultsDirectory="c70db6ae-e24a-4285-b095-895fcbd7e185" /><UnitTestResult executionId="683b9872-a484-4ec4-9f0b-6c3856bd9088" testId="48441fe3-911c-4ed8-b05b-73b65ada8cc5" testName="TraceWebRequestGivesValidWebRequestTracer" computerName="TAG009442327432" duration="00:00:00.0010000" startTime="2018-09-20T12:47:58.0000000+02:00" endTime="2018-09-20T12:47:58.0000000+02:00" testType="13cdc9d9-ddb5-4fa4-a97d-d965ccfc6d4b" outcome="Passed" testListId="8c84fa94-04c1-424b-9868-57a2d4851a1d" relativeResultsDirectory="683b9872-a484-4ec4-9f0b-6c3856bd9088" /><UnitTestResult executionId="c803ab8d-67ce-4430-8bbf-397914629307" testId="23cb193b-cbd9-43d2-bd37-16d358ec4319" testName="AddEventDataAddsDataToAlreadyExistingBeaconId" computerName="TAG009442327432" duration="00:00:00.0020000" startTime="2018-09-20T12:47:57.0000000+02:00" endTime="2018-09-20T12:47:57.0000000+02:00" testType="13cdc9d9-ddb5-4fa4-a97d-d965ccfc6d4b" outcome="Passed" testListId="8c84fa94-04c1-424b-9868-57a2d4851a1d" relativeResultsDirectory="c803ab8d-67ce-4430-8bbf-397914629307" /><UnitTestResult executionId="622baa51-e9cb-4d86-8091-1ca46b91d79b" testId="f52823ad-c4e4-4065-9061-0f63a1c7172e" testName="NamedEventNotReportedForDataCollectionLevel1" computerName="TAG009442327432" duration="00:00:00.0010000" startTime="2018-09-20T12:47:58.0000000+02:00" endTime="2018-09-20T12:47:58.0000000+02:00" testType="13cdc9d9-ddb5-4fa4-a97d-d965ccfc6d4b" outcome="Passed" testListId="8c84fa94-04c1-424b-9868-57a2d4851a1d" relativeResultsDirectory="622baa51-e9cb-4d86-8091-1ca46b91d79b" /><UnitTestResult executionId="7909b822-d15c-4c0f-a87b-70f98d0dc28b" testId="fc298e88-0692-4120-9d5c-490da52e171c" testName="GetChunkGetsAlreadyMarkedData" computerName="TAG009442327432" duration="00:00:00.0030000" startTime="2018-09-20T12:47:57.0000000+02:00" endTime="2018-09-20T12:47:57.0000000+02:00" testType="13cdc9d9-ddb5-4fa4-a97d-d965ccfc6d4b" outcome="Passed" testListId="8c84fa94-04c1-424b-9868-57a2d4851a1d" relativeResultsDirectory="7909b822-d15c-4c0f-a87b-70f98d0dc28b" /><UnitTestResult executionId="65a0da91-1c90-466a-a0ea-004aecea65ec" testId="b4de38d0-62e8-4f82-a8a0-d7aa15817fba" testName="IpV6AddressMixedNotationIsInvalidOnly3IPv4Blocks" computerName="TAG009442327432" duration="00:00:00.0000001" startTime="2018-09-20T12:47:58.0000000+02:00" endTime="2018-09-20T12:47:58.0000000+02:00" testType="13cdc9d9-ddb5-4fa4-a97d-d965ccfc6d4b" outcome="Passed" testListId="8c84fa94-04c1-424b-9868-57a2d4851a1d" relativeResultsDirectory="65a0da91-1c90-466a-a0ea-004aecea65ec" /><UnitTestResult executionId="2247f618-64b8-442f-aad1-6157ae9af4df" testId="8b21a8cb-2388-4e58-9b6b-79b0f2e9bd7f" testName="IdentifyUserDoesNothingIfUserTagIsNull" computerName="TAG009442327432" duration="00:00:00.0000001" startTime="2018-09-20T12:47:58.0000000+02:00" endTime="2018-09-20T12:47:58.0000000+02:00" testType="13cdc9d9-ddb5-4fa4-a97d-d965ccfc6d4b" outcome="Passed" testListId="8c84fa94-04c1-424b-9868-57a2d4851a1d" relativeResultsDirectory="2247f618-64b8-442f-aad1-6157ae9af4df" /><UnitTestResult executionId="1b62a37f-6643-46de-af70-5a5946995b35" testId="ef93deb8-4d29-4eaa-94d1-6c6f22e9f5a8" testName="InitCompleteIsNotCalledForNonInitialRequest" computerName="TAG009442327432" duration="00:00:00.0010000" startTime="2018-09-20T12:47:58.0000000+02:00" endTime="2018-09-20T12:47:58.0000000+02:00" testType="13cdc9d9-ddb5-4fa4-a97d-d965ccfc6d4b" outcome="Passed" testListId="8c84fa94-04c1-424b-9868-57a2d4851a1d" relativeResultsDirectory="1b62a37f-6643-46de-af70-5a5946995b35" /><UnitTestResult executionId="30c973c2-5870-42ca-be1b-12771782b5a5" testId="e1b6047d-91e1-4c62-988e-b86574e1684b" testName="EndingASessionFinishesSessionContext" computerName="TAG009442327432" duration="00:00:00.0010000" startTime="2018-09-20T12:47:58.0000000+02:00" endTime="2018-09-20T12:47:58.0000000+02:00" testType="13cdc9d9-ddb5-4fa4-a97d-d965ccfc6d4b" outcome="Passed" testListId="8c84fa94-04c1-424b-9868-57a2d4851a1d" relativeResultsDirectory="30c973c2-5870-42ca-be1b-12771782b5a5" /><UnitTestResult executionId="8dd527a7-86ff-455a-91ff-33dd2804a971" testId="50523c09-9797-4466-9730-f6435cbfe7d4" testName="CanOverrideTrustManagerForAppMon" computerName="TAG009442327432" duration="00:00:00.0030000" startTime="2018-09-20T12:47:58.0000000+02:00" endTime="2018-09-20T12:47:58.0000000+02:00" testType="13cdc9d9-ddb5-4fa4-a97d-d965ccfc6d4b" outcome="Passed" testListId="8c84fa94-04c1-424b-9868-57a2d4851a1d" relativeResultsDirectory="8dd527a7-86ff-455a-91ff-33dd2804a971" /><UnitTestResult executionId="646553d8-47a4-469d-bf23-787b83a8428c" testId="9b4f2a36-d6f3-49ed-a15c-034e64d0dc07" testName="ReportStringValueDoesNothingIfValueNameIsAnEmptyString" computerName="TAG009442327432" duration="00:00:00.0010000" startTime="2018-09-20T12:47:57.0000000+02:00" endTime="2018-09-20T12:47:57.0000000+02:00" testType="13cdc9d9-ddb5-4fa4-a97d-d965ccfc6d4b" outcome="Passed" testListId="8c84fa94-04c1-424b-9868-57a2d4851a1d" relativeResultsDirectory="646553d8-47a4-469d-bf23-787b83a8428c" /><UnitTestResult executionId="c2dc9799-fda3-4a15-8006-15f60fc2ad25" testId="e7017ef6-eeea-48e8-be0f-263860c4d50d" testName="SendNewSessionRequestSendsOneHTTPGetRequest" computerName="TAG009442327432" duration="00:00:00.0010000" startTime="2018-09-20T12:47:59.0000000+02:00" endTime="2018-09-20T12:47:59.0000000+02:00" testType="13cdc9d9-ddb5-4fa4-a97d-d965ccfc6d4b" outcome="Passed" testListId="8c84fa94-04c1-424b-9868-57a2d4851a1d" relativeResultsDirectory="c2dc9799-fda3-4a15-8006-15f60fc2ad25" /><UnitTestResult executionId="413e0506-0a89-4243-af28-9ed12f5ebf73" testId="346f2dcd-4c43-4cf3-9794-4fa6ddbf71dc" testName="ExecuteEvictionIsStoppedIfThreadGetsInterrupted" computerName="TAG009442327432" duration="00:00:00.0020000" startTime="2018-09-20T12:47:57.0000000+02:00" endTime="2018-09-20T12:47:57.0000000+02:00" testType="13cdc9d9-ddb5-4fa4-a97d-d965ccfc6d4b" outcome="Passed" testListId="8c84fa94-04c1-424b-9868-57a2d4851a1d" relativeResultsDirectory="413e0506-0a89-4243-af28-9ed12f5ebf73" /><UnitTestResult executionId="69a3d9a5-0c56-49b1-b136-3da417558526" testId="1cc16f51-535a-4a7a-a644-9f5edaa2bfd4" testName="DefaultPRNGeneratorProvidesPositiveInt" computerName="TAG009442327432" duration="00:00:00.0000001" startTime="2018-09-20T12:48:00.0000000+02:00" endTime="2018-09-20T12:48:00.0000000+02:00" testType="13cdc9d9-ddb5-4fa4-a97d-d965ccfc6d4b" outcome="Passed" testListId="8c84fa94-04c1-424b-9868-57a2d4851a1d" relativeResultsDirectory="69a3d9a5-0c56-49b1-b136-3da417558526" /><UnitTestResult executionId="49274633-0f22-43e0-83fd-6b20a4c042e4" testId="86c5062a-497a-413a-9877-cba404091222" testName="RemoveRecordsOlderThanRemovesRecordsFromEventData" computerName="TAG009442327432" duration="00:00:00.0010000" startTime="2018-09-20T12:47:57.0000000+02:00" endTime="2018-09-20T12:47:57.0000000+02:00" testType="13cdc9d9-ddb5-4fa4-a97d-d965ccfc6d4b" outcome="Passed" testListId="8c84fa94-04c1-424b-9868-57a2d4851a1d" relativeResultsDirectory="49274633-0f22-43e0-83fd-6b20a4c042e4" /><UnitTestResult executionId="94583559-99dc-411b-930f-043d8f651cee" testId="a805c477-7243-4d65-9ff8-816ca6c31a73" testName="EvictRecordsByAge" computerName="TAG009442327432" duration="00:00:00.0010000" startTime="2018-09-20T12:47:57.0000000+02:00" endTime="2018-09-20T12:47:57.0000000+02:00" testType="13cdc9d9-ddb5-4fa4-a97d-d965ccfc6d4b" outcome="Passed" testListId="8c84fa94-04c1-424b-9868-57a2d4851a1d" relativeResultsDirectory="94583559-99dc-411b-930f-043d8f651cee" /><UnitTestResult executionId="ef7735f8-cb67-4067-8bb0-fddca7d0ec38" testId="26103ab1-44b8-4c97-874c-d582a1ed2a40" testName="IsSuccessfulResponseReturnsFalseIfResponseIsNull" computerName="TAG009442327432" duration="00:00:00.0000001" startTime="2018-09-20T12:47:58.0000000+02:00" endTime="2018-09-20T12:47:58.0000000+02:00" testType="13cdc9d9-ddb5-4fa4-a97d-d965ccfc6d4b" outcome="Passed" testListId="8c84fa94-04c1-424b-9868-57a2d4851a1d" relativeResultsDirectory="ef7735f8-cb67-4067-8bb0-fddca7d0ec38" /><UnitTestResult executionId="ae5c9897-8db6-4be2-b5cb-740eb2cd2fab" testId="0afd8e41-be02-4b35-8ab8-515bc6bd9b39" testName="IsErroneousResponseGivesFalseForErrorCodeLessThan400" computerName="TAG009442327432" duration="00:00:00.0000001" startTime="2018-09-20T12:48:00.0000000+02:00" endTime="2018-09-20T12:48:00.0000000+02:00" testType="13cdc9d9-ddb5-4fa4-a97d-d965ccfc6d4b" outcome="Passed" testListId="8c84fa94-04c1-424b-9868-57a2d4851a1d" relativeResultsDirectory="ae5c9897-8db6-4be2-b5cb-740eb2cd2fab" /><UnitTestResult executionId="675dc294-9a13-4fbc-a828-9afe58d420a3" testId="27735332-f46d-4f43-add6-d45efc1daadf" testName="ReportEventDoesNothingIfActionIsLeft" computerName="TAG009442327432" duration="00:00:00.0010000" startTime="2018-09-20T12:47:57.0000000+02:00" endTime="2018-09-20T12:47:57.0000000+02:00" testType="13cdc9d9-ddb5-4fa4-a97d-d965ccfc6d4b" outcome="Passed" testListId="8c84fa94-04c1-424b-9868-57a2d4851a1d" relativeResultsDirectory="675dc294-9a13-4fbc-a828-9afe58d420a3" /><UnitTestResult executionId="8bdb7e12-cc0d-48b6-aff4-e323cd0f7822" testId="37378e98-3f4c-4076-b008-05214ff2a577" testName="AddEventDataIncreasesCacheSize" computerName="TAG009442327432" duration="00:00:00.0010000" startTime="2018-09-20T12:47:57.0000000+02:00" endTime="2018-09-20T12:47:57.0000000+02:00" testType="13cdc9d9-ddb5-4fa4-a97d-d965ccfc6d4b" outcome="Passed" testListId="8c84fa94-04c1-424b-9868-57a2d4851a1d" relativeResultsDirectory="8bdb7e12-cc0d-48b6-aff4-e323cd0f7822" /><UnitTestResult executionId="415b6545-a773-4a17-ab54-e6dbed1ea435" testId="b34933dd-8f45-4585-9a43-49937bbd84ea" testName="Data" computerName="TAG009442327432" duration="00:00:00.0010000" startTime="2018-09-20T12:47:57.0000000+02:00" endTime="2018-09-20T12:47:57.0000000+02:00" testType="13cdc9d9-ddb5-4fa4-a97d-d965ccfc6d4b" outcome="Passed" testListId="8c84fa94-04c1-424b-9868-57a2d4851a1d" relativeResultsDirectory="415b6545-a773-4a17-ab54-e6dbed1ea435" /><UnitTestResult executionId="95daa1b7-227d-425b-bee2-0b2d146caf66" testId="ab644899-29ac-456e-a29e-8422af75c837" testName="TwoInstancesAreNotEqualIfDataDiffers" computerName="TAG009442327432" duration="00:00:00.0000001" startTime="2018-09-20T12:47:57.0000000+02:00" endTime="2018-09-20T12:47:57.0000000+02:00" testType="13cdc9d9-ddb5-4fa4-a97d-d965ccfc6d4b" outcome="Passed" testListId="8c84fa94-04c1-424b-9868-57a2d4851a1d" relativeResultsDirectory="95daa1b7-227d-425b-bee2-0b2d146caf66" /><UnitTestResult executionId="a9e6842e-444c-4766-aa7f-984c36e7c1be" testId="20ee8906-4a88-4baf-be11-cdedde72d33a" testName="SessionNotReportedForDataCollectionLevel0" computerName="TAG009442327432" duration="00:00:00.0010000" startTime="2018-09-20T12:47:58.0000000+02:00" endTime="2018-09-20T12:47:58.0000000+02:00" testType="13cdc9d9-ddb5-4fa4-a97d-d965ccfc6d4b" outcome="Passed" testListId="8c84fa94-04c1-424b-9868-57a2d4851a1d" relativeResultsDirectory="a9e6842e-444c-4766-aa7f-984c36e7c1be" /><UnitTestResult executionId="aee85948-9cb7-422e-83a4-1bc023fb3eac" testId="190c9d73-0002-462a-933c-39d73c38ebcd" testName="SendTimeSyncRequestSendsOneHTTPGetRequest" computerName="TAG009442327432" duration="00:00:00.0010000" startTime="2018-09-20T12:48:00.0000000+02:00" endTime="2018-09-20T12:48:00.0000000+02:00" testType="13cdc9d9-ddb5-4fa4-a97d-d965ccfc6d4b" outcome="Passed" testListId="8c84fa94-04c1-424b-9868-57a2d4851a1d" relativeResultsDirectory="aee85948-9cb7-422e-83a4-1bc023fb3eac" /><UnitTestResult executionId="d0ac523d-9a8b-4220-a864-33a6c233d113" testId="a3f77cde-8e3d-43d4-8450-ce6c511cd270" testName="CreateTagReturnsEmptyStringForDataCollectionLevel0" computerName="TAG009442327432" duration="00:00:00.0000001" startTime="2018-09-20T12:47:58.0000000+02:00" endTime="2018-09-20T12:47:58.0000000+02:00" testType="13cdc9d9-ddb5-4fa4-a97d-d965ccfc6d4b" outcome="Passed" testListId="8c84fa94-04c1-424b-9868-57a2d4851a1d" relativeResultsDirectory="d0ac523d-9a8b-4220-a864-33a6c233d113" /><UnitTestResult executionId="6b52ef7e-0af6-42c4-9e07-0d42de2dccd7" testId="1336c287-de41-4019-ac66-cad189cf7736" testName="CanAddUserIdentifyEvent" computerName="TAG009442327432" duration="00:00:00.0010000" startTime="2018-09-20T12:47:58.0000000+02:00" endTime="2018-09-20T12:47:58.0000000+02:00" testType="13cdc9d9-ddb5-4fa4-a97d-d965ccfc6d4b" outcome="Passed" testListId="8c84fa94-04c1-424b-9868-57a2d4851a1d" relativeResultsDirectory="6b52ef7e-0af6-42c4-9e07-0d42de2dccd7" /><UnitTestResult executionId="a014268e-dee6-4e55-85dc-159b5b329e3e" testId="7bde327c-71dc-4fd9-acbb-8cc09142c21f" testName="ShouldRunGivesTrueIfNumBytesInCacheIsGreaterThanUpperBoundLimit" computerName="TAG009442327432" duration="00:00:00.0000001" startTime="2018-09-20T12:47:57.0000000+02:00" endTime="2018-09-20T12:47:57.0000000+02:00" testType="13cdc9d9-ddb5-4fa4-a97d-d965ccfc6d4b" outcome="Passed" testListId="8c84fa94-04c1-424b-9868-57a2d4851a1d" relativeResultsDirectory="a014268e-dee6-4e55-85dc-159b5b329e3e" /><UnitTestResult executionId="1fd9a906-cade-4681-89c9-2d1db65bef86" testId="e97c67d5-b113-44d2-ac92-663666809751" testName="ReportCrashDoesNothingIfErrorNameIsAnEmptyString" computerName="TAG009442327432" duration="00:00:00.0000001" startTime="2018-09-20T12:47:58.0000000+02:00" endTime="2018-09-20T12:47:58.0000000+02:00" testType="13cdc9d9-ddb5-4fa4-a97d-d965ccfc6d4b" outcome="Passed" testListId="8c84fa94-04c1-424b-9868-57a2d4851a1d" relativeResultsDirectory="1fd9a906-cade-4681-89c9-2d1db65bef86" /><UnitTestResult executionId="6aa7dfc9-b392-44e1-ac19-a85a1ce14632" testId="65501e46-a687-46c0-8b07-6e0c1d146860" testName="OddNumberOfTokensThrowsException" computerName="TAG009442327432" duration="00:00:00.0010000" startTime="2018-09-20T12:48:00.0000000+02:00" endTime="2018-09-20T12:48:00.0000000+02:00" testType="13cdc9d9-ddb5-4fa4-a97d-d965ccfc6d4b" outcome="Passed" testListId="8c84fa94-04c1-424b-9868-57a2d4851a1d" relativeResultsDirectory="6aa7dfc9-b392-44e1-ac19-a85a1ce14632" /><UnitTestResult executionId="cc9c750c-0be9-4dc8-b593-a7fae13e0c0e" testId="0b91f91b-4268-41fe-87ff-09e2520830b8" testName="IpV6AddressMixedNotationIsValid_ZerosIPv6Compressed" computerName="TAG009442327432" duration="00:00:00.0000001" startTime="2018-09-20T12:47:58.0000000+02:00" endTime="2018-09-20T12:47:58.0000000+02:00" testType="13cdc9d9-ddb5-4fa4-a97d-d965ccfc6d4b" outcome="Passed" testListId="8c84fa94-04c1-424b-9868-57a2d4851a1d" relativeResultsDirectory="cc9c750c-0be9-4dc8-b593-a7fae13e0c0e" /><UnitTestResult executionId="55ac590b-5772-4e8c-99a7-0b5de414ad0c" testId="6a1694d3-faa4-410f-b6b5-3b84b03e0e0b" testName="ShutdownStateIsTerminalState" computerName="TAG009442327432" duration="00:00:00.0000001" startTime="2018-09-20T12:47:58.0000000+02:00" endTime="2018-09-20T12:47:58.0000000+02:00" testType="13cdc9d9-ddb5-4fa4-a97d-d965ccfc6d4b" outcome="Passed" testListId="8c84fa94-04c1-424b-9868-57a2d4851a1d" relativeResultsDirectory="55ac590b-5772-4e8c-99a7-0b5de414ad0c" /><UnitTestResult executionId="efd6531f-8257-4dc5-886c-5425a5aee6b0" testId="7ce478d3-d813-4b63-b424-801a8f4656a0" testName="DefaultLoggerIsUsedByDefault" computerName="TAG009442327432" duration="00:00:00.0010000" startTime="2018-09-20T12:47:58.0000000+02:00" endTime="2018-09-20T12:47:58.0000000+02:00" testType="13cdc9d9-ddb5-4fa4-a97d-d965ccfc6d4b" outcome="Passed" testListId="8c84fa94-04c1-424b-9868-57a2d4851a1d" relativeResultsDirectory="efd6531f-8257-4dc5-886c-5425a5aee6b0" /><UnitTestResult executionId="395fe565-7e85-4c6a-8f46-7faec548ed4e" testId="1949e3f1-4d9a-4826-8716-6383598ece7d" testName="ADefaultConstructedInstanceHasNoData" computerName="TAG009442327432" duration="00:00:00.0000001" startTime="2018-09-20T12:47:57.0000000+02:00" endTime="2018-09-20T12:47:57.0000000+02:00" testType="13cdc9d9-ddb5-4fa4-a97d-d965ccfc6d4b" outcome="Passed" testListId="8c84fa94-04c1-424b-9868-57a2d4851a1d" relativeResultsDirectory="395fe565-7e85-4c6a-8f46-7faec548ed4e" /><UnitTestResult executionId="770754fb-2856-4a1c-a15d-8542ed452fa8" testId="02d69d44-68f5-4226-8d0a-930d44de4daf" testName="CanSetBeaconCacheLowerMemoryBoundaryForAppMon" computerName="TAG009442327432" duration="00:00:00.0010000" startTime="2018-09-20T12:47:58.0000000+02:00" endTime="2018-09-20T12:47:58.0000000+02:00" testType="13cdc9d9-ddb5-4fa4-a97d-d965ccfc6d4b" outcome="Passed" testListId="8c84fa94-04c1-424b-9868-57a2d4851a1d" relativeResultsDirectory="770754fb-2856-4a1c-a15d-8542ed452fa8" /><UnitTestResult executionId="17c1dbfe-ebca-41e3-854d-7b1f33373d60" testId="2d5ab786-eabb-41fc-93b9-02a0ff43b6d4" testName="AmpersandIsNotAValidKeyValueSeparator" computerName="TAG009442327432" duration="00:00:00.0010000" startTime="2018-09-20T12:48:00.0000000+02:00" endTime="2018-09-20T12:48:00.0000000+02:00" testType="13cdc9d9-ddb5-4fa4-a97d-d965ccfc6d4b" outcome="Passed" testListId="8c84fa94-04c1-424b-9868-57a2d4851a1d" relativeResultsDirectory="17c1dbfe-ebca-41e3-854d-7b1f33373d60" /><UnitTestResult executionId="e77b6df8-d86b-414a-8a3f-e8e5d5b16914" testId="b382dc00-26ac-41d4-87e2-ef5aca12e7ff" testName="IpV6AddressValid_CharactersMixedCase" computerName="TAG009442327432" duration="00:00:00.0000001" startTime="2018-09-20T12:47:58.0000000+02:00" endTime="2018-09-20T12:47:58.0000000+02:00" testType="13cdc9d9-ddb5-4fa4-a97d-d965ccfc6d4b" outcome="Passed" testListId="8c84fa94-04c1-424b-9868-57a2d4851a1d" relativeResultsDirectory="e77b6df8-d86b-414a-8a3f-e8e5d5b16914" /><UnitTestResult executionId="7c3c970d-d12a-4eb2-8d2a-ef4ca0081e01" testId="a35a1221-f091-46e2-8a1c-ff511a9de701" testName="IsEmptyGivesTrueIfBeaconDoesNotExistInCache" computerName="TAG009442327432" duration="00:00:00.0000001" startTime="2018-09-20T12:47:57.0000000+02:00" endTime="2018-09-20T12:47:57.0000000+02:00" testType="13cdc9d9-ddb5-4fa4-a97d-d965ccfc6d4b" outcome="Passed" testListId="8c84fa94-04c1-424b-9868-57a2d4851a1d" relativeResultsDirectory="7c3c970d-d12a-4eb2-8d2a-ef4ca0081e01" /><UnitTestResult executionId="8296791f-6cda-4a55-98ab-82f13da6716e" testId="da63b636-e424-43e0-8cdd-a3ae1f9f57f2" testName="SendTimeSyncRequestSendRequestToTimeSyncURL" computerName="TAG009442327432" duration="00:00:00.0010000" startTime="2018-09-20T12:48:00.0000000+02:00" endTime="2018-09-20T12:48:00.0000000+02:00" testType="13cdc9d9-ddb5-4fa4-a97d-d965ccfc6d4b" outcome="Passed" testListId="8c84fa94-04c1-424b-9868-57a2d4851a1d" relativeResultsDirectory="8296791f-6cda-4a55-98ab-82f13da6716e" /><UnitTestResult executionId="3a9f84a8-3eb7-49af-8030-27042cb4631c" testId="f4d3921e-8bde-4a14-a14a-53611acba33b" testName="OpenSessionsAreNotSentIfSendIntervalIsNotExceeded" computerName="TAG009442327432" duration="00:00:00.0010000" startTime="2018-09-20T12:47:58.0000000+02:00" endTime="2018-09-20T12:47:58.0000000+02:00" testType="13cdc9d9-ddb5-4fa4-a97d-d965ccfc6d4b" outcome="Passed" testListId="8c84fa94-04c1-424b-9868-57a2d4851a1d" relativeResultsDirectory="3a9f84a8-3eb7-49af-8030-27042cb4631c" /><UnitTestResult executionId="d8880637-41b6-42cf-afa8-92d77469d7b3" testId="a30c436b-851d-47b4-8117-14d73bd045cc" testName="IpV4AddressIsValidAllEigtht" computerName="TAG009442327432" duration="00:00:00.0000001" startTime="2018-09-20T12:47:58.0000000+02:00" endTime="2018-09-20T12:47:58.0000000+02:00" testType="13cdc9d9-ddb5-4fa4-a97d-d965ccfc6d4b" outcome="Passed" testListId="8c84fa94-04c1-424b-9868-57a2d4851a1d" relativeResultsDirectory="d8880637-41b6-42cf-afa8-92d77469d7b3" /><UnitTestResult executionId="d2cf97bf-2b46-4a96-8da7-76179135e0b2" testId="9b284c6e-7fbe-4b42-b77b-e73f2f31d108" testName="SendTimeSyncRequestIsRetriedThreeTimesBeforeGivingUp" computerName="TAG009442327432" duration="00:00:00.4040000" startTime="2018-09-20T12:47:59.0000000+02:00" endTime="2018-09-20T12:48:00.0000000+02:00" testType="13cdc9d9-ddb5-4fa4-a97d-d965ccfc6d4b" outcome="Passed" testListId="8c84fa94-04c1-424b-9868-57a2d4851a1d" relativeResultsDirectory="d2cf97bf-2b46-4a96-8da7-76179135e0b2" /><UnitTestResult executionId="95c580aa-65fb-4e18-9084-6aedeb356aa7" testId="c40b0889-140b-4b35-bb91-41185930af2d" testName="CanGetCurrentTimestamp" computerName="TAG009442327432" duration="00:00:00.0000001" startTime="2018-09-20T12:47:58.0000000+02:00" endTime="2018-09-20T12:47:58.0000000+02:00" testType="13cdc9d9-ddb5-4fa4-a97d-d965ccfc6d4b" outcome="Passed" testListId="8c84fa94-04c1-424b-9868-57a2d4851a1d" relativeResultsDirectory="95c580aa-65fb-4e18-9084-6aedeb356aa7" /><UnitTestResult executionId="0f8dfbef-fe46-44cd-a776-7b02a4b46740" testId="3ec946cd-5cca-4000-a825-aa7d62fc61c0" testName="IdentifyUserDoesReportOnDataCollectionLevel2" computerName="TAG009442327432" duration="00:00:00.0000001" startTime="2018-09-20T12:47:58.0000000+02:00" endTime="2018-09-20T12:47:58.0000000+02:00" testType="13cdc9d9-ddb5-4fa4-a97d-d965ccfc6d4b" outcome="Passed" testListId="8c84fa94-04c1-424b-9868-57a2d4851a1d" relativeResultsDirectory="0f8dfbef-fe46-44cd-a776-7b02a4b46740" /><UnitTestResult executionId="64387c94-fbcc-4b6e-b4da-317aeee0cee8" testId="b51fe28d-2015-43ab-a105-146a102b41b6" testName="GetNextBeaconChunkCopiesDataForSending" computerName="TAG009442327432" duration="00:00:00.0020000" startTime="2018-09-20T12:47:57.0000000+02:00" endTime="2018-09-20T12:47:57.0000000+02:00" testType="13cdc9d9-ddb5-4fa4-a97d-d965ccfc6d4b" outcome="Passed" testListId="8c84fa94-04c1-424b-9868-57a2d4851a1d" relativeResultsDirectory="64387c94-fbcc-4b6e-b4da-317aeee0cee8" /><UnitTestResult executionId="8c08e799-8ecc-4ea7-970d-948c9c97c51e" testId="910ab7ba-d578-492c-aa74-8cfb0133581d" testName="ResetEventIsSetOnInitSuccess" computerName="TAG009442327432" duration="00:00:00.0000001" startTime="2018-09-20T12:47:58.0000000+02:00" endTime="2018-09-20T12:47:58.0000000+02:00" testType="13cdc9d9-ddb5-4fa4-a97d-d965ccfc6d4b" outcome="Passed" testListId="8c84fa94-04c1-424b-9868-57a2d4851a1d" relativeResultsDirectory="8c08e799-8ecc-4ea7-970d-948c9c97c51e" /><UnitTestResult executionId="af06d596-1dff-4b97-889f-8d4807a8d8a7" testId="0a96e21f-a04a-4c35-840c-cd4c552550de" testName="CanSetCustomMaxBeaconRecordAgeForDynatrace" computerName="TAG009442327432" duration="00:00:00.0010000" startTime="2018-09-20T12:47:58.0000000+02:00" endTime="2018-09-20T12:47:58.0000000+02:00" testType="13cdc9d9-ddb5-4fa4-a97d-d965ccfc6d4b" outcome="Passed" testListId="8c84fa94-04c1-424b-9868-57a2d4851a1d" relativeResultsDirectory="af06d596-1dff-4b97-889f-8d4807a8d8a7" /><UnitTestResult executionId="a5447ba9-92af-4b54-bb4a-4b3712068359" testId="3cdd2b92-66e3-4e74-b132-2fc9a5e135f8" testName="EnterActionGivesNullActionIfSessionIsAlreadyEnded" computerName="TAG009442327432" duration="00:00:00.0000001" startTime="2018-09-20T12:47:58.0000000+02:00" endTime="2018-09-20T12:47:58.0000000+02:00" testType="13cdc9d9-ddb5-4fa4-a97d-d965ccfc6d4b" outcome="Passed" testListId="8c84fa94-04c1-424b-9868-57a2d4851a1d" relativeResultsDirectory="a5447ba9-92af-4b54-bb4a-4b3712068359" /><UnitTestResult executionId="4cedc9e4-31f7-4e93-b1aa-7b4888da348a" testId="7d8e3419-7980-4ec8-993c-e2c02279e1e4" testName="TransitionToCaptureOnIsPerformedOnSuccess" computerName="TAG009442327432" duration="00:00:00.0010000" startTime="2018-09-20T12:47:58.0000000+02:00" endTime="2018-09-20T12:47:58.0000000+02:00" testType="13cdc9d9-ddb5-4fa4-a97d-d965ccfc6d4b" outcome="Passed" testListId="8c84fa94-04c1-424b-9868-57a2d4851a1d" relativeResultsDirectory="4cedc9e4-31f7-4e93-b1aa-7b4888da348a" /><UnitTestResult executionId="3111ffdb-812e-4ed9-b3f9-424cb1bdec0c" testId="8ff6385a-3541-44d7-8720-3f7573dcf7b5" testName="NeedsDataCopyBeforeChunkingGivesFalseEvenIfListsAreEmpty" computerName="TAG009442327432" duration="00:00:00.0000001" startTime="2018-09-20T12:47:57.0000000+02:00" endTime="2018-09-20T12:47:57.0000000+02:00" testType="13cdc9d9-ddb5-4fa4-a97d-d965ccfc6d4b" outcome="Passed" testListId="8c84fa94-04c1-424b-9868-57a2d4851a1d" relativeResultsDirectory="3111ffdb-812e-4ed9-b3f9-424cb1bdec0c" /><UnitTestResult executionId="913094ef-db50-4328-a919-556bbc3d218b" testId="a1055238-cdd0-4b61-85e7-df98ba654099" testName="IsErroneousResponseGivesTrueForErrorCodeGreaterThan400" computerName="TAG009442327432" duration="00:00:00.0000001" startTime="2018-09-20T12:48:00.0000000+02:00" endTime="2018-09-20T12:48:00.0000000+02:00" testType="13cdc9d9-ddb5-4fa4-a97d-d965ccfc6d4b" outcome="Passed" testListId="8c84fa94-04c1-424b-9868-57a2d4851a1d" relativeResultsDirectory="913094ef-db50-4328-a919-556bbc3d218b" /><UnitTestResult executionId="b771dc78-e383-4833-adda-1d5122ce3c84" testId="59ffb8bf-2158-4da1-865a-c136e71189eb" testName="TransitionToCaptureOffIsPerformedOnSuccess" computerName="TAG009442327432" duration="00:00:00.0010000" startTime="2018-09-20T12:47:58.0000000+02:00" endTime="2018-09-20T12:47:58.0000000+02:00" testType="13cdc9d9-ddb5-4fa4-a97d-d965ccfc6d4b" outcome="Passed" testListId="8c84fa94-04c1-424b-9868-57a2d4851a1d" relativeResultsDirectory="b771dc78-e383-4833-adda-1d5122ce3c84" /><UnitTestResult executionId="19328c76-1d28-43e7-8e0f-94e4e182e857" testId="2fabc165-7aa3-44bb-baea-6c68db727b4b" testName="Timestamp" computerName="TAG009442327432" duration="00:00:00.0000001" startTime="2018-09-20T12:47:57.0000000+02:00" endTime="2018-09-20T12:47:57.0000000+02:00" testType="13cdc9d9-ddb5-4fa4-a97d-d965ccfc6d4b" outcome="Passed" testListId="8c84fa94-04c1-424b-9868-57a2d4851a1d" relativeResultsDirectory="19328c76-1d28-43e7-8e0f-94e4e182e857" /><UnitTestResult executionId="23ed4566-5fb7-4a0a-97f8-e0abd96780e0" testId="39d5fdd3-64a8-49b9-833d-806b58fc348a" testName="ASchemeIsInvalidIfInvalidCharactersAreEncountered" computerName="TAG009442327432" duration="00:00:00.0000001" startTime="2018-09-20T12:47:58.0000000+02:00" endTime="2018-09-20T12:47:58.0000000+02:00" testType="13cdc9d9-ddb5-4fa4-a97d-d965ccfc6d4b" outcome="Passed" testListId="8c84fa94-04c1-424b-9868-57a2d4851a1d" relativeResultsDirectory="23ed4566-5fb7-4a0a-97f8-e0abd96780e0" /><UnitTestResult executionId="3c613662-a0df-448d-9151-6f79a8e654a5" testId="e9a6c8cf-8bce-4b4e-b6bb-b218b2092960" testName="WaitForInitWhenWithTimeoutSuccess" computerName="TAG009442327432" duration="00:00:00.0000001" startTime="2018-09-20T12:47:58.0000000+02:00" endTime="2018-09-20T12:47:58.0000000+02:00" testType="13cdc9d9-ddb5-4fa4-a97d-d965ccfc6d4b" outcome="Passed" testListId="8c84fa94-04c1-424b-9868-57a2d4851a1d" relativeResultsDirectory="3c613662-a0df-448d-9151-6f79a8e654a5" /><UnitTestResult executionId="08cf7c85-148c-4556-9ecb-10c03aaf61bc" testId="b3e09a2f-9322-4776-a915-f87143aded7a" testName="LastTimeSyncTimeIsSet" computerName="TAG009442327432" duration="00:00:00.0000001" startTime="2018-09-20T12:47:58.0000000+02:00" endTime="2018-09-20T12:47:58.0000000+02:00" testType="13cdc9d9-ddb5-4fa4-a97d-d965ccfc6d4b" outcome="Passed" testListId="8c84fa94-04c1-424b-9868-57a2d4851a1d" relativeResultsDirectory="08cf7c85-148c-4556-9ecb-10c03aaf61bc" /><UnitTestResult executionId="f4f72af0-2560-4370-ba31-c49a40ad7681" testId="2d504c2d-bf83-4af1-8829-e822ff7e2cce" testName="IpV4AddressIsInvalidDueToAdditionalCharacterInThirdBlock" computerName="TAG009442327432" duration="00:00:00.0000001" startTime="2018-09-20T12:47:58.0000000+02:00" endTime="2018-09-20T12:47:58.0000000+02:00" testType="13cdc9d9-ddb5-4fa4-a97d-d965ccfc6d4b" outcome="Passed" testListId="8c84fa94-04c1-424b-9868-57a2d4851a1d" relativeResultsDirectory="f4f72af0-2560-4370-ba31-c49a40ad7681" /><UnitTestResult executionId="55054310-632e-4e17-8f78-4ece5daa50ef" testId="f965f8dd-af1c-4a98-9603-772bd75f8bfb" testName="ADefaultConstructedConfigurationDisablesDataCollection" computerName="TAG009442327432" duration="00:00:00.0000001" startTime="2018-09-20T12:47:58.0000000+02:00" endTime="2018-09-20T12:47:58.0000000+02:00" testType="13cdc9d9-ddb5-4fa4-a97d-d965ccfc6d4b" outcome="Passed" testListId="8c84fa94-04c1-424b-9868-57a2d4851a1d" relativeResultsDirectory="55054310-632e-4e17-8f78-4ece5daa50ef" /><UnitTestResult executionId="71ebef24-2468-4680-a3ba-bed61136cf46" testId="243813fb-64d2-4a3c-991a-afc2fbd97e76" testName="CanAddSentBytesValueZeroToWebRequestTracer" computerName="TAG009442327432" duration="00:00:00.0010000" startTime="2018-09-20T12:47:58.0000000+02:00" endTime="2018-09-20T12:47:58.0000000+02:00" testType="13cdc9d9-ddb5-4fa4-a97d-d965ccfc6d4b" outcome="Passed" testListId="8c84fa94-04c1-424b-9868-57a2d4851a1d" relativeResultsDirectory="71ebef24-2468-4680-a3ba-bed61136cf46" /><UnitTestResult executionId="892b5a31-7b98-4c64-84db-e558b3779283" testId="6e9fa018-9441-436a-890c-c1fdcef947fa" testName="OpenSessionsAreSentIfSendIntervalIsExceeded" computerName="TAG009442327432" duration="00:00:00.0020000" startTime="2018-09-20T12:47:58.0000000+02:00" endTime="2018-09-20T12:47:58.0000000+02:00" testType="13cdc9d9-ddb5-4fa4-a97d-d965ccfc6d4b" outcome="Passed" testListId="8c84fa94-04c1-424b-9868-57a2d4851a1d" relativeResultsDirectory="892b5a31-7b98-4c64-84db-e558b3779283" /><UnitTestResult executionId="b727f81a-f475-437a-ac8b-85934d0e65e1" testId="5cde3b67-eb7d-4302-8590-76a0ad150db7" testName="IpV4AddressIsInvalidBecauseOfOverflow" computerName="TAG009442327432" duration="00:00:00.0010000" startTime="2018-09-20T12:47:58.0000000+02:00" endTime="2018-09-20T12:47:58.0000000+02:00" testType="13cdc9d9-ddb5-4fa4-a97d-d965ccfc6d4b" outcome="Passed" testListId="8c84fa94-04c1-424b-9868-57a2d4851a1d" relativeResultsDirectory="b727f81a-f475-437a-ac8b-85934d0e65e1" /><UnitTestResult executionId="f11d03b9-d015-4080-b3dd-4ef84ee57452" testId="6cacebbb-6fcb-4384-bc8a-47a5479dad50" testName="CannotAddRootActionIfCaptureIsOff" computerName="TAG009442327432" duration="00:00:00.0010000" startTime="2018-09-20T12:47:58.0000000+02:00" endTime="2018-09-20T12:47:58.0000000+02:00" testType="13cdc9d9-ddb5-4fa4-a97d-d965ccfc6d4b" outcome="Passed" testListId="8c84fa94-04c1-424b-9868-57a2d4851a1d" relativeResultsDirectory="f11d03b9-d015-4080-b3dd-4ef84ee57452" /><UnitTestResult executionId="bab7f9cc-1afc-4ce8-9041-89e5058f79fc" testId="fea429fb-772c-49b6-85fc-7ac15208157c" testName="IsInitializedGetsValueFromContext" computerName="TAG009442327432" duration="00:00:00.0210000" startTime="2018-09-20T12:47:57.0000000+02:00" endTime="2018-09-20T12:47:57.0000000+02:00" testType="13cdc9d9-ddb5-4fa4-a97d-d965ccfc6d4b" outcome="Passed" testListId="8c84fa94-04c1-424b-9868-57a2d4851a1d" relativeResultsDirectory="bab7f9cc-1afc-4ce8-9041-89e5058f79fc" /><UnitTestResult executionId="99187372-639b-48f6-9ed2-b945905a5fe9" testId="368a9167-8485-4d07-99e3-f9101d824029" testName="CanSetCustomMaxBeaconRecordAgeForAppMon" computerName="TAG009442327432" duration="00:00:00.0010000" startTime="2018-09-20T12:47:58.0000000+02:00" endTime="2018-09-20T12:47:58.0000000+02:00" testType="13cdc9d9-ddb5-4fa4-a97d-d965ccfc6d4b" outcome="Passed" testListId="8c84fa94-04c1-424b-9868-57a2d4851a1d" relativeResultsDirectory="99187372-639b-48f6-9ed2-b945905a5fe9" /></Results><TestDefinitions><UnitTest name="IpV6AddressHexCompressedIsValidBlock3" storage="c:\workspaces\openkit-dotnet\tests\openkit-dotnetcore-1.0.tests\bin\release\netcoreapp1.0\openkit-dotnetcore-1.0.tests.dll" id="35f0fdad-1cd4-45fb-af76-3f6c7276ad91"><Execution id="17c07821-3717-41e7-bc84-7217376b0447" /><TestMethod codeBase="C:\workspaces\openkit-dotnet\tests\openkit-dotnetcore-1.0.Tests\bin\Release\netcoreapp1.0\openkit-dotnetcore-1.0.Tests.dll" adapterTypeName="executor://nunit3testexecutor/" className="Dynatrace.OpenKit.Core.Util.InetAddressValidatorTest" name="IpV6AddressHexCompressedIsValidBlock3" /></UnitTest><UnitTest name="CapturingIsDisabledFromStatusResponse" storage="c:\workspaces\openkit-dotnet\tests\openkit-dotnetcore-1.0.tests\bin\release\netcoreapp1.0\openkit-dotnetcore-1.0.tests.dll" id="b53d4940-8990-44c6-9366-edeccdcc24cc"><Execution id="4c2fe7cc-b79d-48d3-a3f6-4f2f45fc087e" /><TestMethod codeBase="C:\workspaces\openkit-dotnet\tests\openkit-dotnetcore-1.0.Tests\bin\Release\netcoreapp1.0\openkit-dotnetcore-1.0.Tests.dll" adapterTypeName="executor://nunit3testexecutor/" className="Dynatrace.OpenKit.Core.Configuration.OpenKitConfigurationTest" name="CapturingIsDisabledFromStatusResponse" /></UnitTest><UnitTest name="ParentIDIsZeroIfActionHasNoParent" storage="c:\workspaces\openkit-dotnet\tests\openkit-dotnetcore-1.0.tests\bin\release\netcoreapp1.0\openkit-dotnetcore-1.0.tests.dll" id="3c2b0a33-e02e-4291-8d3e-c2e76197cf9d"><Execution id="33916808-0369-48fe-8a35-05347875ad77" /><TestMethod codeBase="C:\workspaces\openkit-dotnet\tests\openkit-dotnetcore-1.0.Tests\bin\Release\netcoreapp1.0\openkit-dotnetcore-1.0.Tests.dll" adapterTypeName="executor://nunit3testexecutor/" className="Dynatrace.OpenKit.Core.ActionTest" name="ParentIDIsZeroIfActionHasNoParent" /></UnitTest><UnitTest name="AfterASessionHasBeenConfiguredItsOpenAndConfigured" storage="c:\workspaces\openkit-dotnet\tests\openkit-dotnetcore-1.0.tests\bin\release\netcoreapp1.0\openkit-dotnetcore-1.0.tests.dll" id="a793ac71-20fe-43f5-9f69-fa534036db41"><Execution id="4fb12757-9e90-4afa-9f4d-8027cd3a35fd" /><TestMethod codeBase="C:\workspaces\openkit-dotnet\tests\openkit-dotnetcore-1.0.Tests\bin\Release\netcoreapp1.0\openkit-dotnetcore-1.0.Tests.dll" adapterTypeName="executor://nunit3testexecutor/" className="Dynatrace.OpenKit.Core.Communication.BeaconSendingContextTest" name="AfterASessionHasBeenConfiguredItsOpenAndConfigured" /></UnitTest><UnitTest name="SendStatusRequestIsRetriedThreeTimesBeforeGivingUp" storage="c:\workspaces\openkit-dotnet\tests\openkit-dotnetcore-1.0.tests\bin\release\netcoreapp1.0\openkit-dotnetcore-1.0.tests.dll" id="19d6d8be-067a-4446-a035-48710b2b641c"><Execution id="0af6bf74-2cc2-4871-989c-00891d734f34" /><TestMethod codeBase="C:\workspaces\openkit-dotnet\tests\openkit-dotnetcore-1.0.Tests\bin\Release\netcoreapp1.0\openkit-dotnetcore-1.0.Tests.dll" adapterTypeName="executor://nunit3testexecutor/" className="Dynatrace.OpenKit.Protocol.HTTPClientTest" name="SendStatusRequestIsRetriedThreeTimesBeforeGivingUp" /></UnitTest><UnitTest name="TimeSyncIsNotSupportedIfInitCalledWithFalse" storage="c:\workspaces\openkit-dotnet\tests\openkit-dotnetcore-1.0.tests\bin\release\netcoreapp1.0\openkit-dotnetcore-1.0.tests.dll" id="de6830a3-7923-4acb-bf4a-9125f251a388"><Execution id="3eff2ada-3e63-4643-83a3-502b6865eaa0" /><TestMethod codeBase="C:\workspaces\openkit-dotnet\tests\openkit-dotnetcore-1.0.Tests\bin\Release\netcoreapp1.0\openkit-dotnetcore-1.0.Tests.dll" adapterTypeName="executor://nunit3testexecutor/" className="Dynatrace.OpenKit.Providers.DefaultTimingProviderTest" name="TimeSyncIsNotSupportedIfInitCalledWithFalse" /></UnitTest><UnitTest name="SessionNotReportedForDataCollectionLevel0" storage="c:\workspaces\openkit-dotnet\tests\openkit-dotnetcore-1.0.tests\bin\release\netcoreapp1.0\openkit-dotnetcore-1.0.tests.dll" id="20ee8906-4a88-4baf-be11-cdedde72d33a"><Execution id="a9e6842e-444c-4766-aa7f-984c36e7c1be" /><TestMethod codeBase="C:\workspaces\openkit-dotnet\tests\openkit-dotnetcore-1.0.Tests\bin\Release\netcoreapp1.0\openkit-dotnetcore-1.0.Tests.dll" adapterTypeName="executor://nunit3testexecutor/" className="Dynatrace.OpenKit.Protocol.BeaconTest" name="SessionNotReportedForDataCollectionLevel0" /></UnitTest><UnitTest name="ParsingInvalidNumericValueForCaptureThrowsException" storage="c:\workspaces\openkit-dotnet\tests\openkit-dotnetcore-1.0.tests\bin\release\netcoreapp1.0\openkit-dotnetcore-1.0.tests.dll" id="a57df861-010d-406d-bba7-0717299f6474"><Execution id="199f8c11-5011-4db1-ad24-e03b167d9595" /><TestMethod codeBase="C:\workspaces\openkit-dotnet\tests\openkit-dotnetcore-1.0.Tests\bin\Release\netcoreapp1.0\openkit-dotnetcore-1.0.Tests.dll" adapterTypeName="executor://nunit3testexecutor/" className="Dynatrace.OpenKit.Protocol.StatusResponseTest" name="ParsingInvalidNumericValueForCaptureThrowsException" /></UnitTest><UnitTest name="NoIntValueIsReportedIfBeaconConfigurationDisablesCapturing" storage="c:\workspaces\openkit-dotnet\tests\openkit-dotnetcore-1.0.tests\bin\release\netcoreapp1.0\openkit-dotnetcore-1.0.tests.dll" id="9b5d66f5-baff-4af3-aeae-88542d3a7785"><Execution id="d3460925-fc96-4a19-83d0-cbe50901b7d2" /><TestMethod codeBase="C:\workspaces\openkit-dotnet\tests\openkit-dotnetcore-1.0.Tests\bin\Release\netcoreapp1.0\openkit-dotnetcore-1.0.Tests.dll" adapterTypeName="executor://nunit3testexecutor/" className="Dynatrace.OpenKit.Protocol.BeaconTest" name="NoIntValueIsReportedIfBeaconConfigurationDisablesCapturing" /></UnitTest><UnitTest name="MaxRecordAge" storage="c:\workspaces\openkit-dotnet\tests\openkit-dotnetcore-1.0.tests\bin\release\netcoreapp1.0\openkit-dotnetcore-1.0.tests.dll" id="7ccfdffd-4dde-4b3b-b531-76e29c344467"><Execution id="39bd4d3a-f7b4-4ef6-9c72-b7f4e39160b5" /><TestMethod codeBase="C:\workspaces\openkit-dotnet\tests\openkit-dotnetcore-1.0.Tests\bin\Release\netcoreapp1.0\openkit-dotnetcore-1.0.Tests.dll" adapterTypeName="executor://nunit3testexecutor/" className="Dynatrace.OpenKit.Core.Configuration.BeaconCacheConfigurationTest" name="MaxRecordAge" /></UnitTest><UnitTest name="StoppingAnAliveBeaconCacheEvictor" storage="c:\workspaces\openkit-dotnet\tests\openkit-dotnetcore-1.0.tests\bin\release\netcoreapp1.0\openkit-dotnetcore-1.0.tests.dll" id="d14f2459-4975-4524-bef8-035b88630ffd"><Execution id="e7ef8b6b-4645-4eb7-a17f-544caba0c286" /><TestMethod codeBase="C:\workspaces\openkit-dotnet\tests\openkit-dotnetcore-1.0.Tests\bin\Release\netcoreapp1.0\openkit-dotnetcore-1.0.Tests.dll" adapterTypeName="executor://nunit3testexecutor/" className="Dynatrace.OpenKit.Core.Caching.BeaconCacheEvictorTest" name="StoppingAnAliveBeaconCacheEvictor" /></UnitTest><UnitTest name="TwoInstancesAreEqualIfFieldsAreEqual" storage="c:\workspaces\openkit-dotnet\tests\openkit-dotnetcore-1.0.tests\bin\release\netcoreapp1.0\openkit-dotnetcore-1.0.tests.dll" id="3297c796-3eb6-43dd-81b1-0b22a9843bd5"><Execution id="6b5bc914-40d0-4507-9b6f-28b38cacb1c7" /><TestMethod codeBase="C:\workspaces\openkit-dotnet\tests\openkit-dotnetcore-1.0.Tests\bin\Release\netcoreapp1.0\openkit-dotnetcore-1.0.Tests.dll" adapterTypeName="executor://nunit3testexecutor/" className="Dynatrace.OpenKit.Core.Caching.BeaconCacheRecordTest" name="TwoInstancesAreEqualIfFieldsAreEqual" /></UnitTest><UnitTest name="RequestReceiveTimeIsParsed" storage="c:\workspaces\openkit-dotnet\tests\openkit-dotnetcore-1.0.tests\bin\release\netcoreapp1.0\openkit-dotnetcore-1.0.tests.dll" id="969e249f-b54d-4a6b-b7fe-ad014890a2c3"><Execution id="aad27a7b-307a-4c65-95a4-7760ed3b713a" /><TestMethod codeBase="C:\workspaces\openkit-dotnet\tests\openkit-dotnetcore-1.0.Tests\bin\Release\netcoreapp1.0\openkit-dotnetcore-1.0.Tests.dll" adapterTypeName="executor://nunit3testexecutor/" className="Dynatrace.OpenKit.Protocol.TimeSyncResponseTest" name="RequestReceiveTimeIsParsed" /></UnitTest><UnitTest name="IpV6AddressValid_RFCLeadingZeros" storage="c:\workspaces\openkit-dotnet\tests\openkit-dotnetcore-1.0.tests\bin\release\netcoreapp1.0\openkit-dotnetcore-1.0.tests.dll" id="a0ea9164-a3f3-4d30-9197-a55556ec0d34"><Execution id="9ae7a009-5a2b-428a-bd9c-19e5f250030e" /><TestMethod codeBase="C:\workspaces\openkit-dotnet\tests\openkit-dotnetcore-1.0.Tests\bin\Release\netcoreapp1.0\openkit-dotnetcore-1.0.Tests.dll" adapterTypeName="executor://nunit3testexecutor/" className="Dynatrace.OpenKit.Core.Util.InetAddressValidatorTest" name="IpV6AddressValid_RFCLeadingZeros" /></UnitTest><UnitTest name="SetBytesSentDoesNotSetAnythingIfStopped" storage="c:\workspaces\openkit-dotnet\tests\openkit-dotnetcore-1.0.tests\bin\release\netcoreapp1.0\openkit-dotnetcore-1.0.tests.dll" id="98bfa827-3086-40f5-83fd-f7e7b8e3106e"><Execution id="20c90e75-031b-4f3f-a6aa-6e047688ce75" /><TestMethod codeBase="C:\workspaces\openkit-dotnet\tests\openkit-dotnetcore-1.0.Tests\bin\Release\netcoreapp1.0\openkit-dotnetcore-1.0.Tests.dll" adapterTypeName="executor://nunit3testexecutor/" className="Dynatrace.OpenKit.Core.WebRequestTracerBaseTest" name="SetBytesSentDoesNotSetAnythingIfStopped" /></UnitTest><UnitTest name="StopCanOnlyBeExecutedOnce" storage="c:\workspaces\openkit-dotnet\tests\openkit-dotnetcore-1.0.tests\bin\release\netcoreapp1.0\openkit-dotnetcore-1.0.tests.dll" id="64b851bc-3670-4670-9f4a-816b1d0a9826"><Execution id="44bb9d17-824c-468b-a954-a330a73eed58" /><TestMethod codeBase="C:\workspaces\openkit-dotnet\tests\openkit-dotnetcore-1.0.Tests\bin\Release\netcoreapp1.0\openkit-dotnetcore-1.0.Tests.dll" adapterTypeName="executor://nunit3testexecutor/" className="Dynatrace.OpenKit.Core.WebRequestTracerBaseTest" name="StopCanOnlyBeExecutedOnce" /></UnitTest><UnitTest name="TraceWebRequestGivesNullWebRequestTracerIfSessionIsAlreadyEnded" storage="c:\workspaces\openkit-dotnet\tests\openkit-dotnetcore-1.0.tests\bin\release\netcoreapp1.0\openkit-dotnetcore-1.0.tests.dll" id="8208bb07-e77f-41e7-a93e-f600421fa58b"><Execution id="51b5525c-f18f-45e0-933b-b011f7e1dd0f" /><TestMethod codeBase="C:\workspaces\openkit-dotnet\tests\openkit-dotnetcore-1.0.Tests\bin\Release\netcoreapp1.0\openkit-dotnetcore-1.0.Tests.dll" adapterTypeName="executor://nunit3testexecutor/" className="Dynatrace.OpenKit.Core.SessionTest" name="TraceWebRequestGivesNullWebRequestTracerIfSessionIsAlreadyEnded" /></UnitTest><UnitTest name="CapturingIsAllowedWhenMultiplicityIsGreaterThanZero" storage="c:\workspaces\openkit-dotnet\tests\openkit-dotnetcore-1.0.tests\bin\release\netcoreapp1.0\openkit-dotnetcore-1.0.tests.dll" id="7697dfe3-904e-4d6f-9ea2-3b3624bc3f42"><Execution id="5b0925bf-0c26-40e4-9cdc-b5c76e516f8e" /><TestMethod codeBase="C:\workspaces\openkit-dotnet\tests\openkit-dotnetcore-1.0.Tests\bin\Release\netcoreapp1.0\openkit-dotnetcore-1.0.Tests.dll" adapterTypeName="executor://nunit3testexecutor/" className="Dynatrace.OpenKit.Core.Configuration.BeaconConfigurationTest" name="CapturingIsAllowedWhenMultiplicityIsGreaterThanZero" /></UnitTest><UnitTest name="AfterDecreasingNumNewSessionRequestsFourTimesSendingRequestsIsNoLongerAllowed" storage="c:\workspaces\openkit-dotnet\tests\openkit-dotnetcore-1.0.tests\bin\release\netcoreapp1.0\openkit-dotnetcore-1.0.tests.dll" id="2a3de990-60d3-4c0b-9890-ce9369587a3e"><Execution id="4b773276-d1f5-4999-acb2-983d0cb5fd3e" /><TestMethod codeBase="C:\workspaces\openkit-dotnet\tests\openkit-dotnetcore-1.0.Tests\bin\Release\netcoreapp1.0\openkit-dotnetcore-1.0.Tests.dll" adapterTypeName="executor://nunit3testexecutor/" className="Dynatrace.OpenKit.Core.Communication.SessionWrapperTest" name="AfterDecreasingNumNewSessionRequestsFourTimesSendingRequestsIsNoLongerAllowed" /></UnitTest><UnitTest name="DefaultSleepTimeIsUsed" storage="c:\workspaces\openkit-dotnet\tests\openkit-dotnetcore-1.0.tests\bin\release\netcoreapp1.0\openkit-dotnetcore-1.0.tests.dll" id="fc90f8db-f07c-4e75-a06a-9eaea309789a"><Execution id="2ea6ed24-318f-462f-84ad-ea9aea7e971c" /><TestMethod codeBase="C:\workspaces\openkit-dotnet\tests\openkit-dotnetcore-1.0.Tests\bin\Release\netcoreapp1.0\openkit-dotnetcore-1.0.Tests.dll" adapterTypeName="executor://nunit3testexecutor/" className="Dynatrace.OpenKit.Core.Communication.BeaconSendingContextTest" name="DefaultSleepTimeIsUsed" /></UnitTest><UnitTest name="TraceWebRequestGivesNullWebRequestTracerIfActionIsAlreadyLeft" storage="c:\workspaces\openkit-dotnet\tests\openkit-dotnetcore-1.0.tests\bin\release\netcoreapp1.0\openkit-dotnetcore-1.0.tests.dll" id="721320e2-f685-40e7-b4a3-df2369ea15be"><Execution id="829e57f4-0543-435b-ac63-69208507b9f6" /><TestMethod codeBase="C:\workspaces\openkit-dotnet\tests\openkit-dotnetcore-1.0.Tests\bin\Release\netcoreapp1.0\openkit-dotnetcore-1.0.Tests.dll" adapterTypeName="executor://nunit3testexecutor/" className="Dynatrace.OpenKit.Core.ActionTest" name="TraceWebRequestGivesNullWebRequestTracerIfActionIsAlreadyLeft" /></UnitTest><UnitTest name="ConsecutiveCallsToNextSessionNumberIncrementTheSessionID" storage="c:\workspaces\openkit-dotnet\tests\openkit-dotnetcore-1.0.tests\bin\release\netcoreapp1.0\openkit-dotnetcore-1.0.tests.dll" id="a7c95034-032a-4265-93b4-4360a56f368d"><Execution id="7906e6f3-4c68-4baf-bff8-163f5086e64a" /><TestMethod codeBase="C:\workspaces\openkit-dotnet\tests\openkit-dotnetcore-1.0.Tests\bin\Release\netcoreapp1.0\openkit-dotnetcore-1.0.Tests.dll" adapterTypeName="executor://nunit3testexecutor/" className="Dynatrace.OpenKit.Core.Configuration.OpenKitConfigurationTest" name="ConsecutiveCallsToNextSessionNumberIncrementTheSessionID" /></UnitTest><UnitTest name="RemoveChunkedDataClearsAlreadyRetrievedChunks" storage="c:\workspaces\openkit-dotnet\tests\openkit-dotnetcore-1.0.tests\bin\release\netcoreapp1.0\openkit-dotnetcore-1.0.tests.dll" id="b642b5fc-537d-4957-ad97-82d6b0a35bb4"><Execution id="c8e863d7-6afe-491e-9a81-127c9314abe1" /><TestMethod codeBase="C:\workspaces\openkit-dotnet\tests\openkit-dotnetcore-1.0.Tests\bin\Release\netcoreapp1.0\openkit-dotnetcore-1.0.Tests.dll" adapterTypeName="executor://nunit3testexecutor/" className="Dynatrace.OpenKit.Core.Caching.BeaconCacheTest" name="RemoveChunkedDataClearsAlreadyRetrievedChunks" /></UnitTest><UnitTest name="ToStringReturnsTheStateName" storage="c:\workspaces\openkit-dotnet\tests\openkit-dotnetcore-1.0.tests\bin\release\netcoreapp1.0\openkit-dotnetcore-1.0.tests.dll" id="520de078-e01b-4829-be07-2b02d4d54cf5"><Execution id="0fd73d41-25fc-4e1f-894e-6daee25f2029" /><TestMethod codeBase="C:\workspaces\openkit-dotnet\tests\openkit-dotnetcore-1.0.Tests\bin\Release\netcoreapp1.0\openkit-dotnetcore-1.0.Tests.dll" adapterTypeName="executor://nunit3testexecutor/" className="Dynatrace.OpenKit.Core.Communication.BeaconSendingCaptureOffStateTest" name="ToStringReturnsTheStateName" /></UnitTest><UnitTest name="GetNextBeaconChunkReturnsNullIfGivenBeaconIDDoesNotExist" storage="c:\workspaces\openkit-dotnet\tests\openkit-dotnetcore-1.0.tests\bin\release\netcoreapp1.0\openkit-dotnetcore-1.0.tests.dll" id="71705f05-29ea-4f22-95a7-d6943570299d"><Execution id="c4cdc170-739c-4f3d-bc6e-94bcdfb7ceb5" /><TestMethod codeBase="C:\workspaces\openkit-dotnet\tests\openkit-dotnetcore-1.0.Tests\bin\Release\netcoreapp1.0\openkit-dotnetcore-1.0.Tests.dll" adapterTypeName="executor://nunit3testexecutor/" className="Dynatrace.OpenKit.Core.Caching.BeaconCacheTest" name="GetNextBeaconChunkReturnsNullIfGivenBeaconIDDoesNotExist" /></UnitTest><UnitTest name="SendTimeSyncRequestSendRequestToTimeSyncURL" storage="c:\workspaces\openkit-dotnet\tests\openkit-dotnetcore-1.0.tests\bin\release\netcoreapp1.0\openkit-dotnetcore-1.0.tests.dll" id="da63b636-e424-43e0-8cdd-a3ae1f9f57f2"><Execution id="8296791f-6cda-4a55-98ab-82f13da6716e" /><TestMethod codeBase="C:\workspaces\openkit-dotnet\tests\openkit-dotnetcore-1.0.Tests\bin\Release\netcoreapp1.0\openkit-dotnetcore-1.0.Tests.dll" adapterTypeName="executor://nunit3testexecutor/" className="Dynatrace.OpenKit.Protocol.HTTPClientTest" name="SendTimeSyncRequestSendRequestToTimeSyncURL" /></UnitTest><UnitTest name="CannotAddSentBytesWithInvalidValueSmallerZeroToWebRequestTracer" storage="c:\workspaces\openkit-dotnet\tests\openkit-dotnetcore-1.0.tests\bin\release\netcoreapp1.0\openkit-dotnetcore-1.0.tests.dll" id="643c9aaf-cd2d-4493-a11c-495f0c8a52f5"><Execution id="9e218013-f77f-4749-8eda-d31ea4111b48" /><TestMethod codeBase="C:\workspaces\openkit-dotnet\tests\openkit-dotnetcore-1.0.Tests\bin\Release\netcoreapp1.0\openkit-dotnetcore-1.0.Tests.dll" adapterTypeName="executor://nunit3testexecutor/" className="Dynatrace.OpenKit.Protocol.BeaconTest" name="CannotAddSentBytesWithInvalidValueSmallerZeroToWebRequestTracer" /></UnitTest><UnitTest name="TwoInstancesAreNotEqualIfDataDiffers" storage="c:\workspaces\openkit-dotnet\tests\openkit-dotnetcore-1.0.tests\bin\release\netcoreapp1.0\openkit-dotnetcore-1.0.tests.dll" id="ab644899-29ac-456e-a29e-8422af75c837"><Execution id="95daa1b7-227d-425b-bee2-0b2d146caf66" /><TestMethod codeBase="C:\workspaces\openkit-dotnet\tests\openkit-dotnetcore-1.0.Tests\bin\Release\netcoreapp1.0\openkit-dotnetcore-1.0.Tests.dll" adapterTypeName="executor://nunit3testexecutor/" className="Dynatrace.OpenKit.Core.Caching.BeaconCacheRecordTest" name="TwoInstancesAreNotEqualIfDataDiffers" /></UnitTest><UnitTest name="TraceWebRequestGivesNullWebRequestTracerIfUrlIsNull" storage="c:\workspaces\openkit-dotnet\tests\openkit-dotnetcore-1.0.tests\bin\release\netcoreapp1.0\openkit-dotnetcore-1.0.tests.dll" id="632f77b9-c503-4449-a233-0c498a6f1c29"><Execution id="1ceaa991-d6a0-4aa5-9d51-758cb2998e34" /><TestMethod codeBase="C:\workspaces\openkit-dotnet\tests\openkit-dotnetcore-1.0.Tests\bin\Release\netcoreapp1.0\openkit-dotnetcore-1.0.Tests.dll" adapterTypeName="executor://nunit3testexecutor/" className="Dynatrace.OpenKit.Core.SessionTest" name="TraceWebRequestGivesNullWebRequestTracerIfUrlIsNull" /></UnitTest><UnitTest name="IsEmptyGivesTrueIfBeaconDoesNotContainActiveData" storage="c:\workspaces\openkit-dotnet\tests\openkit-dotnetcore-1.0.tests\bin\release\netcoreapp1.0\openkit-dotnetcore-1.0.tests.dll" id="cdd628ed-7140-463f-85c2-6803ab592331"><Execution id="53d7510f-155a-4e67-8505-c25529cb7bb5" /><TestMethod codeBase="C:\workspaces\openkit-dotnet\tests\openkit-dotnetcore-1.0.Tests\bin\Release\netcoreapp1.0\openkit-dotnetcore-1.0.Tests.dll" adapterTypeName="executor://nunit3testexecutor/" className="Dynatrace.OpenKit.Core.Caching.BeaconCacheTest" name="IsEmptyGivesTrueIfBeaconDoesNotContainActiveData" /></UnitTest><UnitTest name="RemoveOldestRecordsComparesTopActionAndEventDataAndRemovesOldest" storage="c:\workspaces\openkit-dotnet\tests\openkit-dotnetcore-1.0.tests\bin\release\netcoreapp1.0\openkit-dotnetcore-1.0.tests.dll" id="18b5f2f2-b82a-44c7-a92c-f248d5860779"><Execution id="6107d182-c8bc-457e-a9bc-1cc16717dfef" /><TestMethod codeBase="C:\workspaces\openkit-dotnet\tests\openkit-dotnetcore-1.0.Tests\bin\Release\netcoreapp1.0\openkit-dotnetcore-1.0.Tests.dll" adapterTypeName="executor://nunit3testexecutor/" className="Dynatrace.OpenKit.Core.Caching.BeaconCacheEntryTest" name="RemoveOldestRecordsComparesTopActionAndEventDataAndRemovesOldest" /></UnitTest><UnitTest name="EndingASessionReturnsImmediatelyIfEndedBefore" storage="c:\workspaces\openkit-dotnet\tests\openkit-dotnetcore-1.0.tests\bin\release\netcoreapp1.0\openkit-dotnetcore-1.0.tests.dll" id="89f25796-faaf-449f-b86c-3c4cfa2420cd"><Execution id="a213dd8c-ea44-4d2e-9f58-ae47be84e29d" /><TestMethod codeBase="C:\workspaces\openkit-dotnet\tests\openkit-dotnetcore-1.0.Tests\bin\Release\netcoreapp1.0\openkit-dotnetcore-1.0.Tests.dll" adapterTypeName="executor://nunit3testexecutor/" className="Dynatrace.OpenKit.Core.SessionTest" name="EndingASessionReturnsImmediatelyIfEndedBefore" /></UnitTest><UnitTest name="IpV6AddressValid_CharactersUpperCase" storage="c:\workspaces\openkit-dotnet\tests\openkit-dotnetcore-1.0.tests\bin\release\netcoreapp1.0\openkit-dotnetcore-1.0.tests.dll" id="0ec754b6-ebef-4893-86ee-f357b9897713"><Execution id="7b7ac1dc-e561-49a7-b85d-b67b04bbc5c0" /><TestMethod codeBase="C:\workspaces\openkit-dotnet\tests\openkit-dotnetcore-1.0.Tests\bin\Release\netcoreapp1.0\openkit-dotnetcore-1.0.Tests.dll" adapterTypeName="executor://nunit3testexecutor/" className="Dynatrace.OpenKit.Core.Util.InetAddressValidatorTest" name="IpV6AddressValid_CharactersUpperCase" /></UnitTest><UnitTest name="CaptureErrorsIsTrueWhenItIsNotEqualToZero" storage="c:\workspaces\openkit-dotnet\tests\openkit-dotnetcore-1.0.tests\bin\release\netcoreapp1.0\openkit-dotnetcore-1.0.tests.dll" id="11152813-688b-4afd-bc09-ec2420d74888"><Execution id="5d11a88f-e6e3-47af-82ea-d17beb2fc085" /><TestMethod codeBase="C:\workspaces\openkit-dotnet\tests\openkit-dotnetcore-1.0.Tests\bin\Release\netcoreapp1.0\openkit-dotnetcore-1.0.Tests.dll" adapterTypeName="executor://nunit3testexecutor/" className="Dynatrace.OpenKit.Protocol.StatusResponseTest" name="CaptureErrorsIsTrueWhenItIsNotEqualToZero" /></UnitTest><UnitTest name="InfoDoesNotLogIfVerboseIsDisabled" storage="c:\workspaces\openkit-dotnet\tests\openkit-dotnetcore-1.0.tests\bin\release\netcoreapp1.0\openkit-dotnetcore-1.0.tests.dll" id="9e8a3bf7-2485-44e9-a781-1d44c6bd7e9e"><Execution id="703b666e-01e8-40cf-b442-2c89fe1120bc" /><TestMethod codeBase="C:\workspaces\openkit-dotnet\tests\openkit-dotnetcore-1.0.Tests\bin\Release\netcoreapp1.0\openkit-dotnetcore-1.0.Tests.dll" adapterTypeName="executor://nunit3testexecutor/" className="Dynatrace.OpenKit.Core.DefaultLoggerTest" name="InfoDoesNotLogIfVerboseIsDisabled" /></UnitTest><UnitTest name="DataSizeInBytes" storage="c:\workspaces\openkit-dotnet\tests\openkit-dotnetcore-1.0.tests\bin\release\netcoreapp1.0\openkit-dotnetcore-1.0.tests.dll" id="f791f8c2-0d68-4cdf-9c7c-849e16491b71"><Execution id="adfe1da5-d7ac-4975-8926-2b13a12cd108" /><TestMethod codeBase="C:\workspaces\openkit-dotnet\tests\openkit-dotnetcore-1.0.Tests\bin\Release\netcoreapp1.0\openkit-dotnetcore-1.0.Tests.dll" adapterTypeName="executor://nunit3testexecutor/" className="Dynatrace.OpenKit.Core.Caching.BeaconCacheRecordTest" name="DataSizeInBytes" /></UnitTest><UnitTest name="NewSessionRequestsAreAbortedWhenTooManyRequestsResponseIsReceived" storage="c:\workspaces\openkit-dotnet\tests\openkit-dotnetcore-1.0.tests\bin\release\netcoreapp1.0\openkit-dotnetcore-1.0.tests.dll" id="3b6f883e-2ddb-4b9b-8f58-bff08fec2c14"><Execution id="3d70e776-5cf8-457c-949e-3f6d79f9febe" /><TestMethod codeBase="C:\workspaces\openkit-dotnet\tests\openkit-dotnetcore-1.0.Tests\bin\Release\netcoreapp1.0\openkit-dotnetcore-1.0.Tests.dll" adapterTypeName="executor://nunit3testexecutor/" className="Dynatrace.OpenKit.Core.Communication.BeaconSendingCaptureOnStateTest" name="NewSessionRequestsAreAbortedWhenTooManyRequestsResponseIsReceived" /></UnitTest><UnitTest name="WebRequestIsReportedForDataCollectionLevel1" storage="c:\workspaces\openkit-dotnet\tests\openkit-dotnetcore-1.0.tests\bin\release\netcoreapp1.0\openkit-dotnetcore-1.0.tests.dll" id="dc422410-b1b5-4be2-a4ad-7e8cb8f9886d"><Execution id="8e734db7-729d-4a40-b63c-fd056ad2b04f" /><TestMethod codeBase="C:\workspaces\openkit-dotnet\tests\openkit-dotnetcore-1.0.Tests\bin\Release\netcoreapp1.0\openkit-dotnetcore-1.0.Tests.dll" adapterTypeName="executor://nunit3testexecutor/" className="Dynatrace.OpenKit.Protocol.BeaconTest" name="WebRequestIsReportedForDataCollectionLevel1" /></UnitTest><UnitTest name="IsErroneousResponseGivesTrueForErrorCodeEqualTo400" storage="c:\workspaces\openkit-dotnet\tests\openkit-dotnetcore-1.0.tests\bin\release\netcoreapp1.0\openkit-dotnetcore-1.0.tests.dll" id="460344f7-c041-49b1-bb67-781c92efd4c2"><Execution id="b49d98a8-2eb4-4625-a59f-e4bbeeb1dba8" /><TestMethod codeBase="C:\workspaces\openkit-dotnet\tests\openkit-dotnetcore-1.0.Tests\bin\Release\netcoreapp1.0\openkit-dotnetcore-1.0.Tests.dll" adapterTypeName="executor://nunit3testexecutor/" className="Dynatrace.OpenKit.Protocol.ResponseTest" name="IsErroneousResponseGivesTrueForErrorCodeEqualTo400" /></UnitTest><UnitTest name="TimeSyncRequetsAreRetried" storage="c:\workspaces\openkit-dotnet\tests\openkit-dotnetcore-1.0.tests\bin\release\netcoreapp1.0\openkit-dotnetcore-1.0.tests.dll" id="48fe8a31-67b6-4f60-99a1-bcfca0a9e475"><Execution id="2b1355f5-4871-452f-a448-bed12b746bb3" /><TestMethod codeBase="C:\workspaces\openkit-dotnet\tests\openkit-dotnetcore-1.0.Tests\bin\Release\netcoreapp1.0\openkit-dotnetcore-1.0.Tests.dll" adapterTypeName="executor://nunit3testexecutor/" className="Dynatrace.OpenKit.Core.Communication.BeaconSendingTimeSyncStateTest" name="TimeSyncRequetsAreRetried" /></UnitTest><UnitTest name="ExecuteEvictionCallsEvictionForEachBeaconSeparately" storage="c:\workspaces\openkit-dotnet\tests\openkit-dotnetcore-1.0.tests\bin\release\netcoreapp1.0\openkit-dotnetcore-1.0.tests.dll" id="19005659-9fe0-41b7-ad5e-e5bc0acca030"><Execution id="6b346964-f899-4875-babc-ad1f58eb30ee" /><TestMethod codeBase="C:\workspaces\openkit-dotnet\tests\openkit-dotnetcore-1.0.Tests\bin\Release\netcoreapp1.0\openkit-dotnetcore-1.0.Tests.dll" adapterTypeName="executor://nunit3testexecutor/" className="Dynatrace.OpenKit.Core.Caching.TimeEvicitionStrategyTest" name="ExecuteEvictionCallsEvictionForEachBeaconSeparately" /></UnitTest><UnitTest name="SetBytesSentSetsTheNumberOfSentBytes" storage="c:\workspaces\openkit-dotnet\tests\openkit-dotnetcore-1.0.tests\bin\release\netcoreapp1.0\openkit-dotnetcore-1.0.tests.dll" id="703fde59-c27c-47f8-a81d-727697b607b8"><Execution id="fe5aff48-7518-4f29-bf53-1a280667d96f" /><TestMethod codeBase="C:\workspaces\openkit-dotnet\tests\openkit-dotnetcore-1.0.Tests\bin\Release\netcoreapp1.0\openkit-dotnetcore-1.0.Tests.dll" adapterTypeName="executor://nunit3testexecutor/" className="Dynatrace.OpenKit.Core.WebRequestTracerBaseTest" name="SetBytesSentSetsTheNumberOfSentBytes" /></UnitTest><UnitTest name="IpV4AddressIsInvalidDueToAdditionalCharacterInFirstBlock" storage="c:\workspaces\openkit-dotnet\tests\openkit-dotnetcore-1.0.tests\bin\release\netcoreapp1.0\openkit-dotnetcore-1.0.tests.dll" id="ac52b544-bf37-4739-be80-53a979a5e983"><Execution id="c84e4dd5-b303-42c6-9b31-48b4402d9521" /><TestMethod codeBase="C:\workspaces\openkit-dotnet\tests\openkit-dotnetcore-1.0.Tests\bin\Release\netcoreapp1.0\openkit-dotnetcore-1.0.Tests.dll" adapterTypeName="executor://nunit3testexecutor/" className="Dynatrace.OpenKit.Core.Util.InetAddressValidatorTest" name="IpV4AddressIsInvalidDueToAdditionalCharacterInFirstBlock" /></UnitTest><UnitTest name="GetRetryAfterReturnsDefaultValueIfMultipleValuesWereRetrieved" storage="c:\workspaces\openkit-dotnet\tests\openkit-dotnetcore-1.0.tests\bin\release\netcoreapp1.0\openkit-dotnetcore-1.0.tests.dll" id="d22f3e47-a971-4d77-b699-d4132dd02a88"><Execution id="d04a22d5-c48e-441b-a568-84d134c8d927" /><TestMethod codeBase="C:\workspaces\openkit-dotnet\tests\openkit-dotnetcore-1.0.Tests\bin\Release\netcoreapp1.0\openkit-dotnetcore-1.0.Tests.dll" adapterTypeName="executor://nunit3testexecutor/" className="Dynatrace.OpenKit.Protocol.ResponseTest" name="GetRetryAfterReturnsDefaultValueIfMultipleValuesWereRetrieved" /></UnitTest><UnitTest name="ParsingTooBigSendIntervalOverflows" storage="c:\workspaces\openkit-dotnet\tests\openkit-dotnetcore-1.0.tests\bin\release\netcoreapp1.0\openkit-dotnetcore-1.0.tests.dll" id="67111b74-b700-4096-94bf-9b3fbd901730"><Execution id="13cf7560-9a23-49c8-9c1f-d890ffa9cd3a" /><TestMethod codeBase="C:\workspaces\openkit-dotnet\tests\openkit-dotnetcore-1.0.Tests\bin\Release\netcoreapp1.0\openkit-dotnetcore-1.0.Tests.dll" adapterTypeName="executor://nunit3testexecutor/" className="Dynatrace.OpenKit.Protocol.StatusResponseTest" name="ParsingTooBigSendIntervalOverflows" /></UnitTest><UnitTest name="EnterActionGivesNullActionIfSessionIsAlreadyEnded" storage="c:\workspaces\openkit-dotnet\tests\openkit-dotnetcore-1.0.tests\bin\release\netcoreapp1.0\openkit-dotnetcore-1.0.tests.dll" id="3cdd2b92-66e3-4e74-b132-2fc9a5e135f8"><Execution id="a5447ba9-92af-4b54-bb4a-4b3712068359" /><TestMethod codeBase="C:\workspaces\openkit-dotnet\tests\openkit-dotnetcore-1.0.Tests\bin\Release\netcoreapp1.0\openkit-dotnetcore-1.0.Tests.dll" adapterTypeName="executor://nunit3testexecutor/" className="Dynatrace.OpenKit.Core.SessionTest" name="EnterActionGivesNullActionIfSessionIsAlreadyEnded" /></UnitTest><UnitTest name="WhenStartingASessionTheSessionIsConsideredAsNew" storage="c:\workspaces\openkit-dotnet\tests\openkit-dotnetcore-1.0.tests\bin\release\netcoreapp1.0\openkit-dotnetcore-1.0.tests.dll" id="bf170a63-7d28-49ef-bcdd-59dc5af52ce7"><Execution id="aeaa605f-344d-47f8-a052-bec8dbdd21de" /><TestMethod codeBase="C:\workspaces\openkit-dotnet\tests\openkit-dotnetcore-1.0.Tests\bin\Release\netcoreapp1.0\openkit-dotnetcore-1.0.Tests.dll" adapterTypeName="executor://nunit3testexecutor/" className="Dynatrace.OpenKit.Core.Communication.BeaconSendingContextTest" name="WhenStartingASessionTheSessionIsConsideredAsNew" /></UnitTest><UnitTest name="DefaultSessionIDProviderReturnsConsecutiveIDs" storage="c:\workspaces\openkit-dotnet\tests\openkit-dotnetcore-1.0.tests\bin\release\netcoreapp1.0\openkit-dotnetcore-1.0.tests.dll" id="84fd4cbf-c786-45e8-9c9b-12f98333f8a5"><Execution id="333e9b6a-b60a-4ae2-a779-9e8205589a3f" /><TestMethod codeBase="C:\workspaces\openkit-dotnet\tests\openkit-dotnetcore-1.0.Tests\bin\Release\netcoreapp1.0\openkit-dotnetcore-1.0.Tests.dll" adapterTypeName="executor://nunit3testexecutor/" className="Dynatrace.OpenKit.Providers.DefaultSessionIDProviderTest" name="DefaultSessionIDProviderReturnsConsecutiveIDs" /></UnitTest><UnitTest name="CanInterruptLongSleep" storage="c:\workspaces\openkit-dotnet\tests\openkit-dotnetcore-1.0.tests\bin\release\netcoreapp1.0\openkit-dotnetcore-1.0.tests.dll" id="1d6e1044-9681-4d44-b1ec-ad420e2a1081"><Execution id="95891ad7-6ef8-4d09-86c2-16f383966c84" /><TestMethod codeBase="C:\workspaces\openkit-dotnet\tests\openkit-dotnetcore-1.0.Tests\bin\Release\netcoreapp1.0\openkit-dotnetcore-1.0.Tests.dll" adapterTypeName="executor://nunit3testexecutor/" className="Dynatrace.OpenKit.FrameworkSpecificTests.Core.Communication.BeaconSendingContextTest" name="CanInterruptLongSleep" /></UnitTest><UnitTest name="ipV4AddressIsInvalidDueToIllegalValueNegative" storage="c:\workspaces\openkit-dotnet\tests\openkit-dotnetcore-1.0.tests\bin\release\netcoreapp1.0\openkit-dotnetcore-1.0.tests.dll" id="4eb91894-e4c0-4fb7-90db-f7ac98b2cfdd"><Execution id="b9cf13a1-6963-462e-abe2-03d3d0052793" /><TestMethod codeBase="C:\workspaces\openkit-dotnet\tests\openkit-dotnetcore-1.0.Tests\bin\Release\netcoreapp1.0\openkit-dotnetcore-1.0.Tests.dll" adapterTypeName="executor://nunit3testexecutor/" className="Dynatrace.OpenKit.Core.Util.InetAddressValidatorTest" name="ipV4AddressIsInvalidDueToIllegalValueNegative" /></UnitTest><UnitTest name="CanSetOperatingSystemForAppMon" storage="c:\workspaces\openkit-dotnet\tests\openkit-dotnetcore-1.0.tests\bin\release\netcoreapp1.0\openkit-dotnetcore-1.0.tests.dll" id="4993258e-83b4-4c1e-8893-9e88075d28ad"><Execution id="267ae385-28a5-40df-98d9-c80cc032e027" /><TestMethod codeBase="C:\workspaces\openkit-dotnet\tests\openkit-dotnetcore-1.0.Tests\bin\Release\netcoreapp1.0\openkit-dotnetcore-1.0.Tests.dll" adapterTypeName="executor://nunit3testexecutor/" className="Dynatrace.OpenKit.OpenKitBuilderTest" name="CanSetOperatingSystemForAppMon" /></UnitTest><UnitTest name="StartSequenceNumberIsSetInConstructor" storage="c:\workspaces\openkit-dotnet\tests\openkit-dotnetcore-1.0.tests\bin\release\netcoreapp1.0\openkit-dotnetcore-1.0.tests.dll" id="bc837772-b2d6-43a5-8c67-c8f05ab9ac7e"><Execution id="4a8dfeae-9e73-4122-b6f0-3651800b2ef6" /><TestMethod codeBase="C:\workspaces\openkit-dotnet\tests\openkit-dotnetcore-1.0.Tests\bin\Release\netcoreapp1.0\openkit-dotnetcore-1.0.Tests.dll" adapterTypeName="executor://nunit3testexecutor/" className="Dynatrace.OpenKit.Core.ActionTest" name="StartSequenceNumberIsSetInConstructor" /></UnitTest><UnitTest name="ResetChunkedDoesNothingIfEntryDoesNotExist" storage="c:\workspaces\openkit-dotnet\tests\openkit-dotnetcore-1.0.tests\bin\release\netcoreapp1.0\openkit-dotnetcore-1.0.tests.dll" id="f94b18b4-4496-43c2-9641-1bfdfa933648"><Execution id="17298f46-b97a-4611-86a8-519bd0e2dfe0" /><TestMethod codeBase="C:\workspaces\openkit-dotnet\tests\openkit-dotnetcore-1.0.Tests\bin\Release\netcoreapp1.0\openkit-dotnetcore-1.0.Tests.dll" adapterTypeName="executor://nunit3testexecutor/" className="Dynatrace.OpenKit.Core.Caching.BeaconCacheTest" name="ResetChunkedDoesNothingIfEntryDoesNotExist" /></UnitTest><UnitTest name="DeleteCacheEntryDecrementsCacheSize" storage="c:\workspaces\openkit-dotnet\tests\openkit-dotnetcore-1.0.tests\bin\release\netcoreapp1.0\openkit-dotnetcore-1.0.tests.dll" id="1debe2a0-96f4-4dc0-9d00-c4daef3991a5"><Execution id="40345346-e7c0-4fc6-8e32-f4ed4a1c450f" /><TestMethod codeBase="C:\workspaces\openkit-dotnet\tests\openkit-dotnetcore-1.0.Tests\bin\Release\netcoreapp1.0\openkit-dotnetcore-1.0.Tests.dll" adapterTypeName="executor://nunit3testexecutor/" className="Dynatrace.OpenKit.Core.Caching.BeaconCacheTest" name="DeleteCacheEntryDecrementsCacheSize" /></UnitTest><UnitTest name="ParsingTooBigMaxBeaconSizeOverflows" storage="c:\workspaces\openkit-dotnet\tests\openkit-dotnetcore-1.0.tests\bin\release\netcoreapp1.0\openkit-dotnetcore-1.0.tests.dll" id="1ff3488e-5ab2-4301-b30f-ce88c69d4fe6"><Execution id="4c8e7ad7-d80e-4b44-931f-472c88001fe1" /><TestMethod codeBase="C:\workspaces\openkit-dotnet\tests\openkit-dotnetcore-1.0.Tests\bin\Release\netcoreapp1.0\openkit-dotnetcore-1.0.Tests.dll" adapterTypeName="executor://nunit3testexecutor/" className="Dynatrace.OpenKit.Protocol.StatusResponseTest" name="ParsingTooBigMaxBeaconSizeOverflows" /></UnitTest><UnitTest name="SendTimeSyncRequestReturnsAnUnknownErrorResponseForWrongHttpResponse" storage="c:\workspaces\openkit-dotnet\tests\openkit-dotnetcore-1.0.tests\bin\release\netcoreapp1.0\openkit-dotnetcore-1.0.tests.dll" id="b37358a7-44ed-4299-a2a9-e99f70696870"><Execution id="4de2fbb9-4524-403f-89f9-8aefd8fccf7f" /><TestMethod codeBase="C:\workspaces\openkit-dotnet\tests\openkit-dotnetcore-1.0.Tests\bin\Release\netcoreapp1.0\openkit-dotnetcore-1.0.Tests.dll" adapterTypeName="executor://nunit3testexecutor/" className="Dynatrace.OpenKit.Protocol.HTTPClientTest" name="SendTimeSyncRequestReturnsAnUnknownErrorResponseForWrongHttpResponse" /></UnitTest><UnitTest name="DefaultsAreSetForAppMon" storage="c:\workspaces\openkit-dotnet\tests\openkit-dotnetcore-1.0.tests\bin\release\netcoreapp1.0\openkit-dotnetcore-1.0.tests.dll" id="a6c3e678-6dce-4439-8439-eaac5bae6547"><Execution id="dc41c64d-9168-48db-a71b-4df4d875c591" /><TestMethod codeBase="C:\workspaces\openkit-dotnet\tests\openkit-dotnetcore-1.0.Tests\bin\Release\netcoreapp1.0\openkit-dotnetcore-1.0.Tests.dll" adapterTypeName="executor://nunit3testexecutor/" className="Dynatrace.OpenKit.OpenKitBuilderTest" name="DefaultsAreSetForAppMon" /></UnitTest><UnitTest name="DefaultCaptureCrashesIsOn" storage="c:\workspaces\openkit-dotnet\tests\openkit-dotnetcore-1.0.tests\bin\release\netcoreapp1.0\openkit-dotnetcore-1.0.tests.dll" id="f8b8df1b-2249-4f99-a410-8b3423de31fe"><Execution id="b1a03213-dc26-4779-a18f-44eeeeec5919" /><TestMethod codeBase="C:\workspaces\openkit-dotnet\tests\openkit-dotnetcore-1.0.Tests\bin\Release\netcoreapp1.0\openkit-dotnetcore-1.0.Tests.dll" adapterTypeName="executor://nunit3testexecutor/" className="Dynatrace.OpenKit.Protocol.StatusResponseTest" name="DefaultCaptureCrashesIsOn" /></UnitTest><UnitTest name="IsShutdownRequestedIsSetCorrectly" storage="c:\workspaces\openkit-dotnet\tests\openkit-dotnetcore-1.0.tests\bin\release\netcoreapp1.0\openkit-dotnetcore-1.0.tests.dll" id="5e585f71-b359-4cef-9336-7f7d3c506aeb"><Execution id="a33e1e87-13cd-4f30-94be-f3d01a3dffcc" /><TestMethod codeBase="C:\workspaces\openkit-dotnet\tests\openkit-dotnetcore-1.0.Tests\bin\Release\netcoreapp1.0\openkit-dotnetcore-1.0.Tests.dll" adapterTypeName="executor://nunit3testexecutor/" className="Dynatrace.OpenKit.Core.Communication.BeaconSendingContextTest" name="IsShutdownRequestedIsSetCorrectly" /></UnitTest><UnitTest name="LeavingAnActionSetsTheEndTimestamp" storage="c:\workspaces\openkit-dotnet\tests\openkit-dotnetcore-1.0.tests\bin\release\netcoreapp1.0\openkit-dotnetcore-1.0.tests.dll" id="a7f7db29-76ac-45f3-83b7-9a2619a6f51d"><Execution id="a204f1b0-38d1-4839-be10-511e68d4924b" /><TestMethod codeBase="C:\workspaces\openkit-dotnet\tests\openkit-dotnetcore-1.0.Tests\bin\Release\netcoreapp1.0\openkit-dotnetcore-1.0.Tests.dll" adapterTypeName="executor://nunit3testexecutor/" className="Dynatrace.OpenKit.Core.ActionTest" name="LeavingAnActionSetsTheEndTimestamp" /></UnitTest><UnitTest name="DefaultSessionIDProviderReturnsNonNegativeID" storage="c:\workspaces\openkit-dotnet\tests\openkit-dotnetcore-1.0.tests\bin\release\netcoreapp1.0\openkit-dotnetcore-1.0.tests.dll" id="1fd37066-44e3-4ac9-abe5-120e5acae2fc"><Execution id="19b9f49a-0f9e-434c-aab4-d7488c0448d8" /><TestMethod codeBase="C:\workspaces\openkit-dotnet\tests\openkit-dotnetcore-1.0.Tests\bin\Release\netcoreapp1.0\openkit-dotnetcore-1.0.Tests.dll" adapterTypeName="executor://nunit3testexecutor/" className="Dynatrace.OpenKit.Providers.DefaultSessionIDProviderTest" name="DefaultSessionIDProviderReturnsNonNegativeID" /></UnitTest><UnitTest name="CanSetModelIDForAppMon" storage="c:\workspaces\openkit-dotnet\tests\openkit-dotnetcore-1.0.tests\bin\release\netcoreapp1.0\openkit-dotnetcore-1.0.tests.dll" id="8334f704-3f0d-427b-8871-dfc394a94d53"><Execution id="255c1726-a578-4ebd-b1c6-228457ecf2a9" /><TestMethod codeBase="C:\workspaces\openkit-dotnet\tests\openkit-dotnetcore-1.0.Tests\bin\Release\netcoreapp1.0\openkit-dotnetcore-1.0.Tests.dll" adapterTypeName="executor://nunit3testexecutor/" className="Dynatrace.OpenKit.OpenKitBuilderTest" name="CanSetModelIDForAppMon" /></UnitTest><UnitTest name="ByDefaultTheSessionIsNotFinished" storage="c:\workspaces\openkit-dotnet\tests\openkit-dotnetcore-1.0.tests\bin\release\netcoreapp1.0\openkit-dotnetcore-1.0.tests.dll" id="c0cb0309-8c5c-4530-9037-6cb9885bcf43"><Execution id="104d01c4-f4f7-4d67-93b9-3c62fd303a96" /><TestMethod codeBase="C:\workspaces\openkit-dotnet\tests\openkit-dotnetcore-1.0.Tests\bin\Release\netcoreapp1.0\openkit-dotnetcore-1.0.Tests.dll" adapterTypeName="executor://nunit3testexecutor/" className="Dynatrace.OpenKit.Core.Communication.SessionWrapperTest" name="ByDefaultTheSessionIsNotFinished" /></UnitTest><UnitTest name="CannotAddRootActionIfCaptureIsOff" storage="c:\workspaces\openkit-dotnet\tests\openkit-dotnetcore-1.0.tests\bin\release\netcoreapp1.0\openkit-dotnetcore-1.0.tests.dll" id="6cacebbb-6fcb-4384-bc8a-47a5479dad50"><Execution id="f11d03b9-d015-4080-b3dd-4ef84ee57452" /><TestMethod codeBase="C:\workspaces\openkit-dotnet\tests\openkit-dotnetcore-1.0.Tests\bin\Release\netcoreapp1.0\openkit-dotnetcore-1.0.Tests.dll" adapterTypeName="executor://nunit3testexecutor/" className="Dynatrace.OpenKit.Protocol.BeaconTest" name="CannotAddRootActionIfCaptureIsOff" /></UnitTest><UnitTest name="TransitionToTimeSyncIsPerformedIfNotDoneYet" storage="c:\workspaces\openkit-dotnet\tests\openkit-dotnetcore-1.0.tests\bin\release\netcoreapp1.0\openkit-dotnetcore-1.0.tests.dll" id="3e6a6863-61cd-4cc8-9f1c-6c6fd5c6544d"><Execution id="99748aa3-14f5-47d0-a98d-f1f33a509f39" /><TestMethod codeBase="C:\workspaces\openkit-dotnet\tests\openkit-dotnetcore-1.0.Tests\bin\Release\netcoreapp1.0\openkit-dotnetcore-1.0.Tests.dll" adapterTypeName="executor://nunit3testexecutor/" className="Dynatrace.OpenKit.Core.Communication.BeaconSendingCaptureOffStateTest" name="TransitionToTimeSyncIsPerformedIfNotDoneYet" /></UnitTest><UnitTest name="ShutdownStateIsTerminalState" storage="c:\workspaces\openkit-dotnet\tests\openkit-dotnetcore-1.0.tests\bin\release\netcoreapp1.0\openkit-dotnetcore-1.0.tests.dll" id="d750bcc7-13fb-44c8-ae9c-205dec74c2f6"><Execution id="da6f9d9a-4627-4e40-ba09-23dad2e084ec" /><TestMethod codeBase="C:\workspaces\openkit-dotnet\tests\openkit-dotnetcore-1.0.Tests\bin\Release\netcoreapp1.0\openkit-dotnetcore-1.0.Tests.dll" adapterTypeName="executor://nunit3testexecutor/" className="Dynatrace.OpenKit.Core.Communication.BeaconSendingFlushSessionsStateTest" name="ShutdownStateIsTerminalState" /></UnitTest><UnitTest name="ReportErrorDoesReportOnDataCollectionLevel1" storage="c:\workspaces\openkit-dotnet\tests\openkit-dotnetcore-1.0.tests\bin\release\netcoreapp1.0\openkit-dotnetcore-1.0.tests.dll" id="42f84632-13ac-4798-94c5-841a71f77781"><Execution id="0ab49230-8057-4b47-a194-fcec763f6da1" /><TestMethod codeBase="C:\workspaces\openkit-dotnet\tests\openkit-dotnetcore-1.0.Tests\bin\Release\netcoreapp1.0\openkit-dotnetcore-1.0.Tests.dll" adapterTypeName="executor://nunit3testexecutor/" className="Dynatrace.OpenKit.Protocol.BeaconTest" name="ReportErrorDoesReportOnDataCollectionLevel1" /></UnitTest><UnitTest name="CaptureIsTrueWhenItIsEqualToOne" storage="c:\workspaces\openkit-dotnet\tests\openkit-dotnetcore-1.0.tests\bin\release\netcoreapp1.0\openkit-dotnetcore-1.0.tests.dll" id="67e3d299-d4be-4b0e-bbe2-692f30c66b1d"><Execution id="a1f2b2f6-e874-46f6-9d3a-e8d12a7bd65b" /><TestMethod codeBase="C:\workspaces\openkit-dotnet\tests\openkit-dotnetcore-1.0.Tests\bin\Release\netcoreapp1.0\openkit-dotnetcore-1.0.Tests.dll" adapterTypeName="executor://nunit3testexecutor/" className="Dynatrace.OpenKit.Protocol.StatusResponseTest" name="CaptureIsTrueWhenItIsEqualToOne" /></UnitTest><UnitTest name="IpV6AddressHexCompressedIsValidBlock2" storage="c:\workspaces\openkit-dotnet\tests\openkit-dotnetcore-1.0.tests\bin\release\netcoreapp1.0\openkit-dotnetcore-1.0.tests.dll" id="450a01b4-c4af-42f3-993a-922193b7b8cb"><Execution id="08c678a4-9899-441e-83d9-6137daa8be1f" /><TestMethod codeBase="C:\workspaces\openkit-dotnet\tests\openkit-dotnetcore-1.0.Tests\bin\Release\netcoreapp1.0\openkit-dotnetcore-1.0.Tests.dll" adapterTypeName="executor://nunit3testexecutor/" className="Dynatrace.OpenKit.Core.Util.InetAddressValidatorTest" name="IpV6AddressHexCompressedIsValidBlock2" /></UnitTest><UnitTest name="IsTooManyRequestsResponseReturnsTrueIfResponseCodeIndicatesTooManyRequests" storage="c:\workspaces\openkit-dotnet\tests\openkit-dotnetcore-1.0.tests\bin\release\netcoreapp1.0\openkit-dotnetcore-1.0.tests.dll" id="969346da-6f46-4769-9720-a02d523b1922"><Execution id="b9998dd2-e79c-4124-841e-727b51fc7756" /><TestMethod codeBase="C:\workspaces\openkit-dotnet\tests\openkit-dotnetcore-1.0.Tests\bin\Release\netcoreapp1.0\openkit-dotnetcore-1.0.Tests.dll" adapterTypeName="executor://nunit3testexecutor/" className="Dynatrace.OpenKit.Core.Communication.BeaconSendingResponseUtilTest" name="IsTooManyRequestsResponseReturnsTrueIfResponseCodeIndicatesTooManyRequests" /></UnitTest><UnitTest name="CannotSetNullTrustManagerForDynatrace" storage="c:\workspaces\openkit-dotnet\tests\openkit-dotnetcore-1.0.tests\bin\release\netcoreapp1.0\openkit-dotnetcore-1.0.tests.dll" id="bbde9f79-28cb-4d98-9f35-e25b88fae06c"><Execution id="0852a1bf-cc86-4cab-8330-aa929a299711" /><TestMethod codeBase="C:\workspaces\openkit-dotnet\tests\openkit-dotnetcore-1.0.Tests\bin\Release\netcoreapp1.0\openkit-dotnetcore-1.0.Tests.dll" adapterTypeName="executor://nunit3testexecutor/" className="Dynatrace.OpenKit.OpenKitBuilderTest" name="CannotSetNullTrustManagerForDynatrace" /></UnitTest><UnitTest name="RandomDeviceIDCannotBeNegativeOnDataCollectionLevel0" storage="c:\workspaces\openkit-dotnet\tests\openkit-dotnetcore-1.0.tests\bin\release\netcoreapp1.0\openkit-dotnetcore-1.0.tests.dll" id="77117caa-91ed-4640-ad97-1ff0e276c59b"><Execution id="eed9a27d-f63f-4690-91ce-b5464154416d" /><TestMethod codeBase="C:\workspaces\openkit-dotnet\tests\openkit-dotnetcore-1.0.Tests\bin\Release\netcoreapp1.0\openkit-dotnetcore-1.0.Tests.dll" adapterTypeName="executor://nunit3testexecutor/" className="Dynatrace.OpenKit.Protocol.BeaconTest" name="RandomDeviceIDCannotBeNegativeOnDataCollectionLevel0" /></UnitTest><UnitTest name="ToStringReturnStateName" storage="c:\workspaces\openkit-dotnet\tests\openkit-dotnetcore-1.0.tests\bin\release\netcoreapp1.0\openkit-dotnetcore-1.0.tests.dll" id="e8c39f96-b1cc-429e-af85-8f91f3f94922"><Execution id="bffccdf2-ca27-4e97-86f2-01c32bf02f75" /><TestMethod codeBase="C:\workspaces\openkit-dotnet\tests\openkit-dotnetcore-1.0.Tests\bin\Release\netcoreapp1.0\openkit-dotnetcore-1.0.Tests.dll" adapterTypeName="executor://nunit3testexecutor/" className="Dynatrace.OpenKit.Core.Communication.BeaconSendingCaptureOnStateTest" name="ToStringReturnStateName" /></UnitTest><UnitTest name="getNextBeaconChunkRetrievesNextChunk" storage="c:\workspaces\openkit-dotnet\tests\openkit-dotnetcore-1.0.tests\bin\release\netcoreapp1.0\openkit-dotnetcore-1.0.tests.dll" id="3d3eeb76-e23a-4cdb-a49e-8235c11fc5fa"><Execution id="ca5e618d-6cdc-4e11-8a16-e297be3bec00" /><TestMethod codeBase="C:\workspaces\openkit-dotnet\tests\openkit-dotnetcore-1.0.Tests\bin\Release\netcoreapp1.0\openkit-dotnetcore-1.0.Tests.dll" adapterTypeName="executor://nunit3testexecutor/" className="Dynatrace.OpenKit.Core.Caching.BeaconCacheTest" name="getNextBeaconChunkRetrievesNextChunk" /></UnitTest><UnitTest name="ResponseSendTimeIsParsed" storage="c:\workspaces\openkit-dotnet\tests\openkit-dotnetcore-1.0.tests\bin\release\netcoreapp1.0\openkit-dotnetcore-1.0.tests.dll" id="7f058b37-0378-46b4-96ef-b0f69b9d1065"><Execution id="446dae3f-9416-47fe-abf7-11484b8a06d3" /><TestMethod codeBase="C:\workspaces\openkit-dotnet\tests\openkit-dotnetcore-1.0.Tests\bin\Release\netcoreapp1.0\openkit-dotnetcore-1.0.Tests.dll" adapterTypeName="executor://nunit3testexecutor/" className="Dynatrace.OpenKit.Protocol.TimeSyncResponseTest" name="ResponseSendTimeIsParsed" /></UnitTest><UnitTest name="CanGetHttpClient" storage="c:\workspaces\openkit-dotnet\tests\openkit-dotnetcore-1.0.tests\bin\release\netcoreapp1.0\openkit-dotnetcore-1.0.tests.dll" id="67520275-7e67-4686-b6ca-805529b0c09e"><Execution id="01fadf23-a9db-4c3e-96d6-c9a114b46f02" /><TestMethod codeBase="C:\workspaces\openkit-dotnet\tests\openkit-dotnetcore-1.0.Tests\bin\Release\netcoreapp1.0\openkit-dotnetcore-1.0.Tests.dll" adapterTypeName="executor://nunit3testexecutor/" className="Dynatrace.OpenKit.Core.Communication.BeaconSendingContextTest" name="CanGetHttpClient" /></UnitTest><UnitTest name="HeadersAreSet" storage="c:\workspaces\openkit-dotnet\tests\openkit-dotnetcore-1.0.tests\bin\release\netcoreapp1.0\openkit-dotnetcore-1.0.tests.dll" id="b3660568-4a92-4a39-bfc5-3fde4c44c307"><Execution id="b96c18f1-a027-4f14-b39f-1942f540613a" /><TestMethod codeBase="C:\workspaces\openkit-dotnet\tests\openkit-dotnetcore-1.0.Tests\bin\Release\netcoreapp1.0\openkit-dotnetcore-1.0.Tests.dll" adapterTypeName="executor://nunit3testexecutor/" className="Dynatrace.OpenKit.Protocol.ResponseTest" name="HeadersAreSet" /></UnitTest><UnitTest name="CanSetModelIDForDynatrace" storage="c:\workspaces\openkit-dotnet\tests\openkit-dotnetcore-1.0.tests\bin\release\netcoreapp1.0\openkit-dotnetcore-1.0.tests.dll" id="8eca52c9-5269-48c8-93a9-fa01f9d39586"><Execution id="5d7dacf0-b621-4050-a78c-b44d3e0abc3a" /><TestMethod codeBase="C:\workspaces\openkit-dotnet\tests\openkit-dotnetcore-1.0.Tests\bin\Release\netcoreapp1.0\openkit-dotnetcore-1.0.Tests.dll" adapterTypeName="executor://nunit3testexecutor/" className="Dynatrace.OpenKit.OpenKitBuilderTest" name="CanSetModelIDForDynatrace" /></UnitTest><UnitTest name="ReportDoubleValueDoesNothingIfValueNameIsNull" storage="c:\workspaces\openkit-dotnet\tests\openkit-dotnetcore-1.0.tests\bin\release\netcoreapp1.0\openkit-dotnetcore-1.0.tests.dll" id="e9921a6a-419c-476e-a20c-cb7bf259cc45"><Execution id="8bf15ee4-3d64-4cd4-8e32-39259b50d1c8" /><TestMethod codeBase="C:\workspaces\openkit-dotnet\tests\openkit-dotnetcore-1.0.Tests\bin\Release\netcoreapp1.0\openkit-dotnetcore-1.0.Tests.dll" adapterTypeName="executor://nunit3testexecutor/" className="Dynatrace.OpenKit.Core.ActionTest" name="ReportDoubleValueDoesNothingIfValueNameIsNull" /></UnitTest><UnitTest name="DefaultPRNGeneratorProvidesPositiveLong" storage="c:\workspaces\openkit-dotnet\tests\openkit-dotnetcore-1.0.tests\bin\release\netcoreapp1.0\openkit-dotnetcore-1.0.tests.dll" id="03af98b6-5fcb-46a4-9fe2-78cd7cae2d1a"><Execution id="b5784c71-9834-4b9a-83b5-9547989f1499" /><TestMethod codeBase="C:\workspaces\openkit-dotnet\tests\openkit-dotnetcore-1.0.Tests\bin\Release\netcoreapp1.0\openkit-dotnetcore-1.0.Tests.dll" adapterTypeName="executor://nunit3testexecutor/" className="Dynatrace.OpenKit.Providers.DefaultSessionPRNGeneratorTest" name="DefaultPRNGeneratorProvidesPositiveLong" /></UnitTest><UnitTest name="StartDoesNothingIfAlreadyStopped" storage="c:\workspaces\openkit-dotnet\tests\openkit-dotnetcore-1.0.tests\bin\release\netcoreapp1.0\openkit-dotnetcore-1.0.tests.dll" id="4993e20d-8ecc-4d7a-b125-bf95e4e279ed"><Execution id="b05f03b2-cf0d-497b-9740-aa3c87fcf48d" /><TestMethod codeBase="C:\workspaces\openkit-dotnet\tests\openkit-dotnetcore-1.0.Tests\bin\Release\netcoreapp1.0\openkit-dotnetcore-1.0.Tests.dll" adapterTypeName="executor://nunit3testexecutor/" className="Dynatrace.OpenKit.Core.WebRequestTracerBaseTest" name="StartDoesNothingIfAlreadyStopped" /></UnitTest><UnitTest name="ExecuteIsCalledOnCurrentState" storage="c:\workspaces\openkit-dotnet\tests\openkit-dotnetcore-1.0.tests\bin\release\netcoreapp1.0\openkit-dotnetcore-1.0.tests.dll" id="94b6a888-9fea-4535-957a-4aa03e65dcd6"><Execution id="96caed4e-a7ed-41d6-ac85-1037c7aafc73" /><TestMethod codeBase="C:\workspaces\openkit-dotnet\tests\openkit-dotnetcore-1.0.Tests\bin\Release\netcoreapp1.0\openkit-dotnetcore-1.0.Tests.dll" adapterTypeName="executor://nunit3testexecutor/" className="Dynatrace.OpenKit.Core.Communication.BeaconSendingContextTest" name="ExecuteIsCalledOnCurrentState" /></UnitTest><UnitTest name="CanSleepLonger" storage="c:\workspaces\openkit-dotnet\tests\openkit-dotnetcore-1.0.tests\bin\release\netcoreapp1.0\openkit-dotnetcore-1.0.tests.dll" id="4bd69214-d3e2-4632-8a2b-d948e85802f8"><Execution id="c729da4a-889d-456a-8761-0c3f48c647a9" /><TestMethod codeBase="C:\workspaces\openkit-dotnet\tests\openkit-dotnetcore-1.0.Tests\bin\Release\netcoreapp1.0\openkit-dotnetcore-1.0.Tests.dll" adapterTypeName="executor://nunit3testexecutor/" className="Dynatrace.OpenKit.Core.Communication.BeaconSendingContextTest" name="CanSleepLonger" /></UnitTest><UnitTest name="SameInstancesAreEqual" storage="c:\workspaces\openkit-dotnet\tests\openkit-dotnetcore-1.0.tests\bin\release\netcoreapp1.0\openkit-dotnetcore-1.0.tests.dll" id="f81dcb2a-e678-418d-bed8-b951777c81a2"><Execution id="859b93c3-c0a0-4589-bcf9-be766c139057" /><TestMethod codeBase="C:\workspaces\openkit-dotnet\tests\openkit-dotnetcore-1.0.Tests\bin\Release\netcoreapp1.0\openkit-dotnetcore-1.0.Tests.dll" adapterTypeName="executor://nunit3testexecutor/" className="Dynatrace.OpenKit.Core.Caching.BeaconCacheRecordTest" name="SameInstancesAreEqual" /></UnitTest><UnitTest name="AnActionAddsItselfIntoListInContstructor" storage="c:\workspaces\openkit-dotnet\tests\openkit-dotnetcore-1.0.tests\bin\release\netcoreapp1.0\openkit-dotnetcore-1.0.tests.dll" id="4e785cd8-96de-4a2c-89b9-18e6c736dca1"><Execution id="7d088ce3-e247-4c23-a254-bb88051ba1d6" /><TestMethod codeBase="C:\workspaces\openkit-dotnet\tests\openkit-dotnetcore-1.0.Tests\bin\Release\netcoreapp1.0\openkit-dotnetcore-1.0.Tests.dll" adapterTypeName="executor://nunit3testexecutor/" className="Dynatrace.OpenKit.Core.ActionTest" name="AnActionAddsItselfIntoListInContstructor" /></UnitTest><UnitTest name="ResponseCodeIsSet" storage="c:\workspaces\openkit-dotnet\tests\openkit-dotnetcore-1.0.tests\bin\release\netcoreapp1.0\openkit-dotnetcore-1.0.tests.dll" id="0fe91298-c19a-4475-81ce-976537a0f787"><Execution id="c9c75cff-b788-40e8-a5d7-7b44e09bb61b" /><TestMethod codeBase="C:\workspaces\openkit-dotnet\tests\openkit-dotnetcore-1.0.Tests\bin\Release\netcoreapp1.0\openkit-dotnetcore-1.0.Tests.dll" adapterTypeName="executor://nunit3testexecutor/" className="Dynatrace.OpenKit.Protocol.ResponseTest" name="ResponseCodeIsSet" /></UnitTest><UnitTest name="CreateTagReturnsEmptyStringForDataCollectionLevel0" storage="c:\workspaces\openkit-dotnet\tests\openkit-dotnetcore-1.0.tests\bin\release\netcoreapp1.0\openkit-dotnetcore-1.0.tests.dll" id="a3f77cde-8e3d-43d4-8450-ce6c511cd270"><Execution id="d0ac523d-9a8b-4220-a864-33a6c233d113" /><TestMethod codeBase="C:\workspaces\openkit-dotnet\tests\openkit-dotnetcore-1.0.Tests\bin\Release\netcoreapp1.0\openkit-dotnetcore-1.0.Tests.dll" adapterTypeName="executor://nunit3testexecutor/" className="Dynatrace.OpenKit.Protocol.BeaconTest" name="CreateTagReturnsEmptyStringForDataCollectionLevel0" /></UnitTest><UnitTest name="ShutdownStateIsTerminalState" storage="c:\workspaces\openkit-dotnet\tests\openkit-dotnetcore-1.0.tests\bin\release\netcoreapp1.0\openkit-dotnetcore-1.0.tests.dll" id="6a1694d3-faa4-410f-b6b5-3b84b03e0e0b"><Execution id="55ac590b-5772-4e8c-99a7-0b5de414ad0c" /><TestMethod codeBase="C:\workspaces\openkit-dotnet\tests\openkit-dotnetcore-1.0.Tests\bin\Release\netcoreapp1.0\openkit-dotnetcore-1.0.Tests.dll" adapterTypeName="executor://nunit3testexecutor/" className="Dynatrace.OpenKit.Core.Communication.BeaconSendingInitStateTest" name="ShutdownStateIsTerminalState" /></UnitTest><UnitTest name="ResetEventIsSetOnInitFailed" storage="c:\workspaces\openkit-dotnet\tests\openkit-dotnetcore-1.0.tests\bin\release\netcoreapp1.0\openkit-dotnetcore-1.0.tests.dll" id="9c41ab18-c8d8-4e4d-9f82-b79599070559"><Execution id="8107ecb1-8dec-4b50-b9c4-b76bb892e3f5" /><TestMethod codeBase="C:\workspaces\openkit-dotnet\tests\openkit-dotnetcore-1.0.Tests\bin\Release\netcoreapp1.0\openkit-dotnetcore-1.0.Tests.dll" adapterTypeName="executor://nunit3testexecutor/" className="Dynatrace.OpenKit.Core.Communication.BeaconSendingContextTest" name="ResetEventIsSetOnInitFailed" /></UnitTest><UnitTest name="ServerIDIsParsed" storage="c:\workspaces\openkit-dotnet\tests\openkit-dotnetcore-1.0.tests\bin\release\netcoreapp1.0\openkit-dotnetcore-1.0.tests.dll" id="356cea7a-e217-46d1-9862-524cb66361bc"><Execution id="b33087d8-940e-431b-bc50-84fe76952e8e" /><TestMethod codeBase="C:\workspaces\openkit-dotnet\tests\openkit-dotnetcore-1.0.Tests\bin\Release\netcoreapp1.0\openkit-dotnetcore-1.0.Tests.dll" adapterTypeName="executor://nunit3testexecutor/" className="Dynatrace.OpenKit.Protocol.StatusResponseTest" name="ServerIDIsParsed" /></UnitTest><UnitTest name="SendTimeSyncRequestIsRetriedThreeTimesBeforeGivingUp" storage="c:\workspaces\openkit-dotnet\tests\openkit-dotnetcore-1.0.tests\bin\release\netcoreapp1.0\openkit-dotnetcore-1.0.tests.dll" id="9b284c6e-7fbe-4b42-b77b-e73f2f31d108"><Execution id="d2cf97bf-2b46-4a96-8da7-76179135e0b2" /><TestMethod codeBase="C:\workspaces\openkit-dotnet\tests\openkit-dotnetcore-1.0.Tests\bin\Release\netcoreapp1.0\openkit-dotnetcore-1.0.Tests.dll" adapterTypeName="executor://nunit3testexecutor/" className="Dynatrace.OpenKit.Protocol.HTTPClientTest" name="SendTimeSyncRequestIsRetriedThreeTimesBeforeGivingUp" /></UnitTest><UnitTest name="NoDoubleValueIsReportedIfBeaconConfigurationDisablesCapturing" storage="c:\workspaces\openkit-dotnet\tests\openkit-dotnetcore-1.0.tests\bin\release\netcoreapp1.0\openkit-dotnetcore-1.0.tests.dll" id="a82d2cb5-7849-4872-b16b-a8db82216e40"><Execution id="8475a550-0648-4645-92d0-ef07c76e13d5" /><TestMethod codeBase="C:\workspaces\openkit-dotnet\tests\openkit-dotnetcore-1.0.Tests\bin\Release\netcoreapp1.0\openkit-dotnetcore-1.0.Tests.dll" adapterTypeName="executor://nunit3testexecutor/" className="Dynatrace.OpenKit.Protocol.BeaconTest" name="NoDoubleValueIsReportedIfBeaconConfigurationDisablesCapturing" /></UnitTest><UnitTest name="IpV6AddressLinkLocalIsInvalidTooManyBlocks" storage="c:\workspaces\openkit-dotnet\tests\openkit-dotnetcore-1.0.tests\bin\release\netcoreapp1.0\openkit-dotnetcore-1.0.tests.dll" id="8812eba7-8851-4eef-a545-943b8184612b"><Execution id="b4f98083-7569-41ad-b07a-2d98ca0c3647" /><TestMethod codeBase="C:\workspaces\openkit-dotnet\tests\openkit-dotnetcore-1.0.Tests\bin\Release\netcoreapp1.0\openkit-dotnetcore-1.0.Tests.dll" adapterTypeName="executor://nunit3testexecutor/" className="Dynatrace.OpenKit.Core.Util.InetAddressValidatorTest" name="IpV6AddressLinkLocalIsInvalidTooManyBlocks" /></UnitTest><UnitTest name="ErrorLogsAppropriateMessage" storage="c:\workspaces\openkit-dotnet\tests\openkit-dotnetcore-1.0.tests\bin\release\netcoreapp1.0\openkit-dotnetcore-1.0.tests.dll" id="0647ace1-3019-4952-b56a-c1ba8b803990"><Execution id="3a113977-5e0d-4eb2-a355-9177cbfe7a90" /><TestMethod codeBase="C:\workspaces\openkit-dotnet\tests\openkit-dotnetcore-1.0.Tests\bin\Release\netcoreapp1.0\openkit-dotnetcore-1.0.Tests.dll" adapterTypeName="executor://nunit3testexecutor/" className="Dynatrace.OpenKit.Core.DefaultLoggerTest" name="ErrorLogsAppropriateMessage" /></UnitTest><UnitTest name="CacheSizeUpperBound" storage="c:\workspaces\openkit-dotnet\tests\openkit-dotnetcore-1.0.tests\bin\release\netcoreapp1.0\openkit-dotnetcore-1.0.tests.dll" id="792ad89a-3d61-4510-88d0-f5cb160391df"><Execution id="10c464cd-b193-42de-8430-1b279de281e0" /><TestMethod codeBase="C:\workspaces\openkit-dotnet\tests\openkit-dotnetcore-1.0.Tests\bin\Release\netcoreapp1.0\openkit-dotnetcore-1.0.Tests.dll" adapterTypeName="executor://nunit3testexecutor/" className="Dynatrace.OpenKit.Core.Configuration.BeaconCacheConfigurationTest" name="CacheSizeUpperBound" /></UnitTest><UnitTest name="TransitionToCaptureOnStateIsPerformed" storage="c:\workspaces\openkit-dotnet\tests\openkit-dotnetcore-1.0.tests\bin\release\netcoreapp1.0\openkit-dotnetcore-1.0.tests.dll" id="e2f27836-3733-495a-9726-a7925a9219a7"><Execution id="58cd168c-1804-432f-9c43-64cb7c0951c4" /><TestMethod codeBase="C:\workspaces\openkit-dotnet\tests\openkit-dotnetcore-1.0.Tests\bin\Release\netcoreapp1.0\openkit-dotnetcore-1.0.Tests.dll" adapterTypeName="executor://nunit3testexecutor/" className="Dynatrace.OpenKit.Core.Communication.BeaconSendingCaptureOffStateTest" name="TransitionToCaptureOnStateIsPerformed" /></UnitTest><UnitTest name="ReportCrashDoesNotReportOnDataCollectionLevel0" storage="c:\workspaces\openkit-dotnet\tests\openkit-dotnetcore-1.0.tests\bin\release\netcoreapp1.0\openkit-dotnetcore-1.0.tests.dll" id="46f31d51-17ac-4ab6-8cf2-95f61ad66062"><Execution id="8b84cc7b-1653-4af6-a6ce-b1eae5211075" /><TestMethod codeBase="C:\workspaces\openkit-dotnet\tests\openkit-dotnetcore-1.0.Tests\bin\Release\netcoreapp1.0\openkit-dotnetcore-1.0.Tests.dll" adapterTypeName="executor://nunit3testexecutor/" className="Dynatrace.OpenKit.Protocol.BeaconTest" name="ReportCrashDoesNotReportOnDataCollectionLevel0" /></UnitTest><UnitTest name="LastStatusCheckTimeIsSetInExecute" storage="c:\workspaces\openkit-dotnet\tests\openkit-dotnetcore-1.0.tests\bin\release\netcoreapp1.0\openkit-dotnetcore-1.0.tests.dll" id="d96edd9a-7b78-4c64-88d3-33610b007095"><Execution id="fa8a4d0c-af64-4795-8bd8-cc817aec1794" /><TestMethod codeBase="C:\workspaces\openkit-dotnet\tests\openkit-dotnetcore-1.0.Tests\bin\Release\netcoreapp1.0\openkit-dotnetcore-1.0.Tests.dll" adapterTypeName="executor://nunit3testexecutor/" className="Dynatrace.OpenKit.Core.Communication.BeaconSendingInitStateTest" name="LastStatusCheckTimeIsSetInExecute" /></UnitTest><UnitTest name="ExecuteEvictionLogsTheNumberOfRecordsRemoved" storage="c:\workspaces\openkit-dotnet\tests\openkit-dotnetcore-1.0.tests\bin\release\netcoreapp1.0\openkit-dotnetcore-1.0.tests.dll" id="a487c855-718e-4179-9997-ef73b331d733"><Execution id="3f7b9d85-9273-4d9d-9633-8183e6ed01c4" /><TestMethod codeBase="C:\workspaces\openkit-dotnet\tests\openkit-dotnetcore-1.0.Tests\bin\Release\netcoreapp1.0\openkit-dotnetcore-1.0.Tests.dll" adapterTypeName="executor://nunit3testexecutor/" className="Dynatrace.OpenKit.Core.Caching.TimeEvicitionStrategyTest" name="ExecuteEvictionLogsTheNumberOfRecordsRemoved" /></UnitTest><UnitTest name="SetResponseCodeDoesNotSetTheResponseCodeIfStopped" storage="c:\workspaces\openkit-dotnet\tests\openkit-dotnetcore-1.0.tests\bin\release\netcoreapp1.0\openkit-dotnetcore-1.0.tests.dll" id="8ca67b9a-cf8d-4bba-9485-5bf81a515c9a"><Execution id="a87635f4-c991-46cc-9ad3-16085c978506" /><TestMethod codeBase="C:\workspaces\openkit-dotnet\tests\openkit-dotnetcore-1.0.Tests\bin\Release\netcoreapp1.0\openkit-dotnetcore-1.0.Tests.dll" adapterTypeName="executor://nunit3testexecutor/" className="Dynatrace.OpenKit.Core.WebRequestTracerBaseTest" name="SetResponseCodeDoesNotSetTheResponseCodeIfStopped" /></UnitTest><UnitTest name="ADefaultConstructedConfigurationEnablesCapturing" storage="c:\workspaces\openkit-dotnet\tests\openkit-dotnetcore-1.0.tests\bin\release\netcoreapp1.0\openkit-dotnetcore-1.0.tests.dll" id="be649453-c608-4bd0-bff2-f074dc0b2728"><Execution id="d5b05de8-529e-4258-bc37-c03c3102fbaf" /><TestMethod codeBase="C:\workspaces\openkit-dotnet\tests\openkit-dotnetcore-1.0.Tests\bin\Release\netcoreapp1.0\openkit-dotnetcore-1.0.Tests.dll" adapterTypeName="executor://nunit3testexecutor/" className="Dynatrace.OpenKit.Core.Configuration.OpenKitConfigurationTest" name="ADefaultConstructedConfigurationEnablesCapturing" /></UnitTest><UnitTest name="RemoveOldestRecordsStopsIfListsAreEmpty" storage="c:\workspaces\openkit-dotnet\tests\openkit-dotnetcore-1.0.tests\bin\release\netcoreapp1.0\openkit-dotnetcore-1.0.tests.dll" id="6a6621c6-734f-496a-8cb8-470192272e9f"><Execution id="1a1c9132-73f3-4b28-84d1-f8a3fbbff92a" /><TestMethod codeBase="C:\workspaces\openkit-dotnet\tests\openkit-dotnetcore-1.0.Tests\bin\Release\netcoreapp1.0\openkit-dotnetcore-1.0.Tests.dll" adapterTypeName="executor://nunit3testexecutor/" className="Dynatrace.OpenKit.Core.Caching.BeaconCacheEntryTest" name="RemoveOldestRecordsStopsIfListsAreEmpty" /></UnitTest><UnitTest name="AValidSchemeOnlyContainsLettersDigitsPlusPeriodOrHyphen" storage="c:\workspaces\openkit-dotnet\tests\openkit-dotnetcore-1.0.tests\bin\release\netcoreapp1.0\openkit-dotnetcore-1.0.tests.dll" id="e8b7dc0e-6607-4486-8d3e-a0eb9dc6be3d"><Execution id="aba87832-d608-4c3c-8fe6-99e7f5f2c7db" /><TestMethod codeBase="C:\workspaces\openkit-dotnet\tests\openkit-dotnetcore-1.0.Tests\bin\Release\netcoreapp1.0\openkit-dotnetcore-1.0.Tests.dll" adapterTypeName="executor://nunit3testexecutor/" className="Dynatrace.OpenKit.Core.WebRequestTracerStringURLTest" name="AValidSchemeOnlyContainsLettersDigitsPlusPeriodOrHyphen" /></UnitTest><UnitTest name="ShutdownStateIsTerminalStateForInitialTimeSync" storage="c:\workspaces\openkit-dotnet\tests\openkit-dotnetcore-1.0.tests\bin\release\netcoreapp1.0\openkit-dotnetcore-1.0.tests.dll" id="27e5fc83-a852-4f94-9683-da3815d92140"><Execution id="b23c59c4-589a-4ff5-aa50-bf62f8b8ded3" /><TestMethod codeBase="C:\workspaces\openkit-dotnet\tests\openkit-dotnetcore-1.0.Tests\bin\Release\netcoreapp1.0\openkit-dotnetcore-1.0.Tests.dll" adapterTypeName="executor://nunit3testexecutor/" className="Dynatrace.OpenKit.Core.Communication.BeaconSendingTimeSyncStateTest" name="ShutdownStateIsTerminalStateForInitialTimeSync" /></UnitTest><UnitTest name="IsSuccessfulResponseReturnsFalseIfResponseIsErroneous" storage="c:\workspaces\openkit-dotnet\tests\openkit-dotnetcore-1.0.tests\bin\release\netcoreapp1.0\openkit-dotnetcore-1.0.tests.dll" id="717002c9-23eb-4fbf-9be0-2913c104aef8"><Execution id="2877f0c2-73a4-406f-bfc8-ad9cbabf71d3" /><TestMethod codeBase="C:\workspaces\openkit-dotnet\tests\openkit-dotnetcore-1.0.Tests\bin\Release\netcoreapp1.0\openkit-dotnetcore-1.0.Tests.dll" adapterTypeName="executor://nunit3testexecutor/" className="Dynatrace.OpenKit.Core.Communication.BeaconSendingResponseUtilTest" name="IsSuccessfulResponseReturnsFalseIfResponseIsErroneous" /></UnitTest><UnitTest name="AValidSchemeDoesNotStartWithADigit" storage="c:\workspaces\openkit-dotnet\tests\openkit-dotnetcore-1.0.tests\bin\release\netcoreapp1.0\openkit-dotnetcore-1.0.tests.dll" id="8a53d3de-db19-42fc-9cd6-1c00bad153b5"><Execution id="9d6d53a3-a306-4700-b42c-12d2a9c5193b" /><TestMethod codeBase="C:\workspaces\openkit-dotnet\tests\openkit-dotnetcore-1.0.Tests\bin\Release\netcoreapp1.0\openkit-dotnetcore-1.0.Tests.dll" adapterTypeName="executor://nunit3testexecutor/" className="Dynatrace.OpenKit.Core.WebRequestTracerStringURLTest" name="AValidSchemeDoesNotStartWithADigit" /></UnitTest><UnitTest name="ReportErrorDoesNothingIfActionIsLeft" storage="c:\workspaces\openkit-dotnet\tests\openkit-dotnetcore-1.0.tests\bin\release\netcoreapp1.0\openkit-dotnetcore-1.0.tests.dll" id="f8a6193a-3c0c-4745-9843-483a29c1be22"><Execution id="0d0607e0-50ab-462e-bc5b-2dda803c3a4e" /><TestMethod codeBase="C:\workspaces\openkit-dotnet\tests\openkit-dotnetcore-1.0.Tests\bin\Release\netcoreapp1.0\openkit-dotnetcore-1.0.Tests.dll" adapterTypeName="executor://nunit3testexecutor/" className="Dynatrace.OpenKit.Core.ActionTest" name="ReportErrorDoesNothingIfActionIsLeft" /></UnitTest><UnitTest name="AfterAFinishedSessionHasBeenConfiguredItsFinishedAndConfigured" storage="c:\workspaces\openkit-dotnet\tests\openkit-dotnetcore-1.0.tests\bin\release\netcoreapp1.0\openkit-dotnetcore-1.0.tests.dll" id="eb29a708-b52f-43f9-8537-d65cb3d496bb"><Execution id="b27bce63-015f-4bc9-98d7-a7a8088ebaec" /><TestMethod codeBase="C:\workspaces\openkit-dotnet\tests\openkit-dotnetcore-1.0.Tests\bin\Release\netcoreapp1.0\openkit-dotnetcore-1.0.Tests.dll" adapterTypeName="executor://nunit3testexecutor/" className="Dynatrace.OpenKit.Core.Communication.BeaconSendingContextTest" name="AfterAFinishedSessionHasBeenConfiguredItsFinishedAndConfigured" /></UnitTest><UnitTest name="IpV6AddressLinkLocalIsInvalidIllegalNonHexCharacter" storage="c:\workspaces\openkit-dotnet\tests\openkit-dotnetcore-1.0.tests\bin\release\netcoreapp1.0\openkit-dotnetcore-1.0.tests.dll" id="65296916-f3f5-4e73-811b-e94e7bf510d0"><Execution id="6282be2a-5ea4-4d0a-aa69-bd425304fda8" /><TestMethod codeBase="C:\workspaces\openkit-dotnet\tests\openkit-dotnetcore-1.0.Tests\bin\Release\netcoreapp1.0\openkit-dotnetcore-1.0.Tests.dll" adapterTypeName="executor://nunit3testexecutor/" className="Dynatrace.OpenKit.Core.Util.InetAddressValidatorTest" name="IpV6AddressLinkLocalIsInvalidIllegalNonHexCharacter" /></UnitTest><UnitTest name="IpV6AddressMixedNotationIsValidIPV6PartInvalid" storage="c:\workspaces\openkit-dotnet\tests\openkit-dotnetcore-1.0.tests\bin\release\netcoreapp1.0\openkit-dotnetcore-1.0.tests.dll" id="fc03e8d5-a11e-4c7f-9ab3-4ca3384bb283"><Execution id="855feb9b-89dc-447c-8357-fb6a84f89ad8" /><TestMethod codeBase="C:\workspaces\openkit-dotnet\tests\openkit-dotnetcore-1.0.Tests\bin\Release\netcoreapp1.0\openkit-dotnetcore-1.0.Tests.dll" adapterTypeName="executor://nunit3testexecutor/" className="Dynatrace.OpenKit.Core.Util.InetAddressValidatorTest" name="IpV6AddressMixedNotationIsValidIPV6PartInvalid" /></UnitTest><UnitTest name="TerminalStateCallsShutdownOnExecution" storage="c:\workspaces\openkit-dotnet\tests\openkit-dotnetcore-1.0.tests\bin\release\netcoreapp1.0\openkit-dotnetcore-1.0.tests.dll" id="744760ee-ad4a-42e0-ba8a-b86989e5567a"><Execution id="6cb70bb1-ad93-4e7f-b094-2961fb1fe300" /><TestMethod codeBase="C:\workspaces\openkit-dotnet\tests\openkit-dotnetcore-1.0.Tests\bin\Release\netcoreapp1.0\openkit-dotnetcore-1.0.Tests.dll" adapterTypeName="executor://nunit3testexecutor/" className="Dynatrace.OpenKit.Core.Communication.BeaconSendingTerminalStateTest" name="TerminalStateCallsShutdownOnExecution" /></UnitTest><UnitTest name="IpV6AddressHexCompressedIsValidBlock1" storage="c:\workspaces\openkit-dotnet\tests\openkit-dotnetcore-1.0.tests\bin\release\netcoreapp1.0\openkit-dotnetcore-1.0.tests.dll" id="7542e545-30d8-45cb-b2f3-4b1a8072e98f"><Execution id="eac1bffd-217d-4693-b683-08f99f8d1235" /><TestMethod codeBase="C:\workspaces\openkit-dotnet\tests\openkit-dotnetcore-1.0.Tests\bin\Release\netcoreapp1.0\openkit-dotnetcore-1.0.Tests.dll" adapterTypeName="executor://nunit3testexecutor/" className="Dynatrace.OpenKit.Core.Util.InetAddressValidatorTest" name="IpV6AddressHexCompressedIsValidBlock1" /></UnitTest><UnitTest name="IdentifyUserDoesNothingIfSessionIsEnded" storage="c:\workspaces\openkit-dotnet\tests\openkit-dotnetcore-1.0.tests\bin\release\netcoreapp1.0\openkit-dotnetcore-1.0.tests.dll" id="c8ddee1d-6fef-4e19-b086-80f1c07f00be"><Execution id="de2ee36d-0b07-4c48-aed1-7ae7934eb0d4" /><TestMethod codeBase="C:\workspaces\openkit-dotnet\tests\openkit-dotnetcore-1.0.Tests\bin\Release\netcoreapp1.0\openkit-dotnetcore-1.0.Tests.dll" adapterTypeName="executor://nunit3testexecutor/" className="Dynatrace.OpenKit.Core.SessionTest" name="IdentifyUserDoesNothingIfSessionIsEnded" /></UnitTest><UnitTest name="IpV6AddressLinkLocalIsValid" storage="c:\workspaces\openkit-dotnet\tests\openkit-dotnetcore-1.0.tests\bin\release\netcoreapp1.0\openkit-dotnetcore-1.0.tests.dll" id="50d8dd19-78bc-4be0-9ef2-d5ab042f842a"><Execution id="20fc044d-1338-4542-8dee-ff772265219e" /><TestMethod codeBase="C:\workspaces\openkit-dotnet\tests\openkit-dotnetcore-1.0.Tests\bin\Release\netcoreapp1.0\openkit-dotnetcore-1.0.Tests.dll" adapterTypeName="executor://nunit3testexecutor/" className="Dynatrace.OpenKit.Core.Util.InetAddressValidatorTest" name="IpV6AddressLinkLocalIsValid" /></UnitTest><UnitTest name="EvictRecordsByNumberDoesNothingAndReturnsZeroIfBeaconIDDoesNotExist" storage="c:\workspaces\openkit-dotnet\tests\openkit-dotnetcore-1.0.tests\bin\release\netcoreapp1.0\openkit-dotnetcore-1.0.tests.dll" id="84c95d67-3d32-4335-a7d6-6ec106c3e81f"><Execution id="63b73b3e-a2ef-486d-b1ce-b05b4ebeb9a5" /><TestMethod codeBase="C:\workspaces\openkit-dotnet\tests\openkit-dotnetcore-1.0.Tests\bin\Release\netcoreapp1.0\openkit-dotnetcore-1.0.Tests.dll" adapterTypeName="executor://nunit3testexecutor/" className="Dynatrace.OpenKit.Core.Caching.BeaconCacheTest" name="EvictRecordsByNumberDoesNothingAndReturnsZeroIfBeaconIDDoesNotExist" /></UnitTest><UnitTest name="IsInitializedOnInitSuccess" storage="c:\workspaces\openkit-dotnet\tests\openkit-dotnetcore-1.0.tests\bin\release\netcoreapp1.0\openkit-dotnetcore-1.0.tests.dll" id="58d62444-7f24-45cf-b0e5-9c3655c37291"><Execution id="0bd0276e-b867-4e62-879b-f78a63b982af" /><TestMethod codeBase="C:\workspaces\openkit-dotnet\tests\openkit-dotnetcore-1.0.Tests\bin\Release\netcoreapp1.0\openkit-dotnetcore-1.0.Tests.dll" adapterTypeName="executor://nunit3testexecutor/" className="Dynatrace.OpenKit.Core.Communication.BeaconSendingContextTest" name="IsInitializedOnInitSuccess" /></UnitTest><UnitTest name="ShouldRunGivesTrueIfLastRunIsMoreThanMaxAgeMillisecondsAgo" storage="c:\workspaces\openkit-dotnet\tests\openkit-dotnetcore-1.0.tests\bin\release\netcoreapp1.0\openkit-dotnetcore-1.0.tests.dll" id="dc179450-8771-4d4b-b74e-7f37694b556d"><Execution id="1c8f96b5-d2f6-4fbf-9392-0218ec3d7fe7" /><TestMethod codeBase="C:\workspaces\openkit-dotnet\tests\openkit-dotnetcore-1.0.Tests\bin\Release\netcoreapp1.0\openkit-dotnetcore-1.0.Tests.dll" adapterTypeName="executor://nunit3testexecutor/" className="Dynatrace.OpenKit.Core.Caching.TimeEvicitionStrategyTest" name="ShouldRunGivesTrueIfLastRunIsMoreThanMaxAgeMillisecondsAgo" /></UnitTest><UnitTest name="IsTooManyRequestsResponseReturnsFalseIfResponseIsNull" storage="c:\workspaces\openkit-dotnet\tests\openkit-dotnetcore-1.0.tests\bin\release\netcoreapp1.0\openkit-dotnetcore-1.0.tests.dll" id="f966c7eb-210e-4513-9c0d-d6b68534afcb"><Execution id="5be4574d-1f8e-40df-80d7-79cbdecbe351" /><TestMethod codeBase="C:\workspaces\openkit-dotnet\tests\openkit-dotnetcore-1.0.Tests\bin\Release\netcoreapp1.0\openkit-dotnetcore-1.0.Tests.dll" adapterTypeName="executor://nunit3testexecutor/" className="Dynatrace.OpenKit.Core.Communication.BeaconSendingResponseUtilTest" name="IsTooManyRequestsResponseReturnsFalseIfResponseIsNull" /></UnitTest><UnitTest name="DefaultValues" storage="c:\workspaces\openkit-dotnet\tests\openkit-dotnetcore-1.0.tests\bin\release\netcoreapp1.0\openkit-dotnetcore-1.0.tests.dll" id="b05bb027-330e-445a-a9e5-a2026fa396c2"><Execution id="d95027d0-f176-4c77-b673-236e28653337" /><TestMethod codeBase="C:\workspaces\openkit-dotnet\tests\openkit-dotnetcore-1.0.Tests\bin\Release\netcoreapp1.0\openkit-dotnetcore-1.0.Tests.dll" adapterTypeName="executor://nunit3testexecutor/" className="Dynatrace.OpenKit.Core.WebRequestTracerBaseTest" name="DefaultValues" /></UnitTest><UnitTest name="ResetEventIsSetOnInitSuccess" storage="c:\workspaces\openkit-dotnet\tests\openkit-dotnetcore-1.0.tests\bin\release\netcoreapp1.0\openkit-dotnetcore-1.0.tests.dll" id="910ab7ba-d578-492c-aa74-8cfb0133581d"><Execution id="8c08e799-8ecc-4ea7-970d-948c9c97c51e" /><TestMethod codeBase="C:\workspaces\openkit-dotnet\tests\openkit-dotnetcore-1.0.Tests\bin\Release\netcoreapp1.0\openkit-dotnetcore-1.0.Tests.dll" adapterTypeName="executor://nunit3testexecutor/" className="Dynatrace.OpenKit.Core.Communication.BeaconSendingContextTest" name="ResetEventIsSetOnInitSuccess" /></UnitTest><UnitTest name="CanSetOperatingSystemForDynatrace" storage="c:\workspaces\openkit-dotnet\tests\openkit-dotnetcore-1.0.tests\bin\release\netcoreapp1.0\openkit-dotnetcore-1.0.tests.dll" id="26aa54a2-f7c1-4bb8-bb62-842668e9251f"><Execution id="f558509a-bde6-4b6d-8f08-01a906f1819a" /><TestMethod codeBase="C:\workspaces\openkit-dotnet\tests\openkit-dotnetcore-1.0.Tests\bin\Release\netcoreapp1.0\openkit-dotnetcore-1.0.Tests.dll" adapterTypeName="executor://nunit3testexecutor/" className="Dynatrace.OpenKit.OpenKitBuilderTest" name="CanSetOperatingSystemForDynatrace" /></UnitTest><UnitTest name="RemoveRecordsOlderThanDoesNotRemoveAnythingFromEventAndActionsBeingSent" storage="c:\workspaces\openkit-dotnet\tests\openkit-dotnetcore-1.0.tests\bin\release\netcoreapp1.0\openkit-dotnetcore-1.0.tests.dll" id="b68829fa-25d6-4d2e-a5bf-77b0bb1b2bd6"><Execution id="9736597c-962c-4d4e-8949-da85b7c94654" /><TestMethod codeBase="C:\workspaces\openkit-dotnet\tests\openkit-dotnetcore-1.0.Tests\bin\Release\netcoreapp1.0\openkit-dotnetcore-1.0.Tests.dll" adapterTypeName="executor://nunit3testexecutor/" className="Dynatrace.OpenKit.Core.Caching.BeaconCacheEntryTest" name="RemoveRecordsOlderThanDoesNotRemoveAnythingFromEventAndActionsBeingSent" /></UnitTest><UnitTest name="ANewlyCreatedActionIsNotLeft" storage="c:\workspaces\openkit-dotnet\tests\openkit-dotnetcore-1.0.tests\bin\release\netcoreapp1.0\openkit-dotnetcore-1.0.tests.dll" id="0733c13f-184d-4284-9220-251da5d2dc2e"><Execution id="7f74d1cf-7de2-47d7-b21a-e48d30396066" /><TestMethod codeBase="C:\workspaces\openkit-dotnet\tests\openkit-dotnetcore-1.0.Tests\bin\Release\netcoreapp1.0\openkit-dotnetcore-1.0.Tests.dll" adapterTypeName="executor://nunit3testexecutor/" className="Dynatrace.OpenKit.Core.ActionTest" name="ANewlyCreatedActionIsNotLeft" /></UnitTest><UnitTest name="NoSessionIsAddedIfBeaconConfigurationDisablesCapturing" storage="c:\workspaces\openkit-dotnet\tests\openkit-dotnetcore-1.0.tests\bin\release\netcoreapp1.0\openkit-dotnetcore-1.0.tests.dll" id="0e5e330e-9592-4f25-99b9-9263d1748d83"><Execution id="c3ce3761-9f2f-474c-a46b-5b1da40e6148" /><TestMethod codeBase="C:\workspaces\openkit-dotnet\tests\openkit-dotnetcore-1.0.Tests\bin\Release\netcoreapp1.0\openkit-dotnetcore-1.0.Tests.dll" adapterTypeName="executor://nunit3testexecutor/" className="Dynatrace.OpenKit.Protocol.BeaconTest" name="NoSessionIsAddedIfBeaconConfigurationDisablesCapturing" /></UnitTest><UnitTest name="AfterLeavingAnActionItIsLeft" storage="c:\workspaces\openkit-dotnet\tests\openkit-dotnetcore-1.0.tests\bin\release\netcoreapp1.0\openkit-dotnetcore-1.0.tests.dll" id="7e149670-7607-41cb-b283-a8dadc303bb5"><Execution id="a30842ce-7146-4225-b8c9-a85a503f49ac" /><TestMethod codeBase="C:\workspaces\openkit-dotnet\tests\openkit-dotnetcore-1.0.Tests\bin\Release\netcoreapp1.0\openkit-dotnetcore-1.0.Tests.dll" adapterTypeName="executor://nunit3testexecutor/" className="Dynatrace.OpenKit.Core.ActionTest" name="AfterLeavingAnActionItIsLeft" /></UnitTest><UnitTest name="SendingOpenSessionsIsAbortedImmediatelyWhenTooManyRequestsResponseIsReceived" storage="c:\workspaces\openkit-dotnet\tests\openkit-dotnetcore-1.0.tests\bin\release\netcoreapp1.0\openkit-dotnetcore-1.0.tests.dll" id="8cfdc66a-b1f5-4a13-be26-b04c0c983195"><Execution id="abf68cfb-603a-4ae0-a545-963fa7f634f8" /><TestMethod codeBase="C:\workspaces\openkit-dotnet\tests\openkit-dotnetcore-1.0.Tests\bin\Release\netcoreapp1.0\openkit-dotnetcore-1.0.Tests.dll" adapterTypeName="executor://nunit3testexecutor/" className="Dynatrace.OpenKit.Core.Communication.BeaconSendingCaptureOnStateTest" name="SendingOpenSessionsIsAbortedImmediatelyWhenTooManyRequestsResponseIsReceived" /></UnitTest><UnitTest name="ShutdownStateIsFlushSessionStateForTimeReSync" storage="c:\workspaces\openkit-dotnet\tests\openkit-dotnetcore-1.0.tests\bin\release\netcoreapp1.0\openkit-dotnetcore-1.0.tests.dll" id="96cbef56-4f65-4828-b44f-75d712fa3ecd"><Execution id="a17b3e85-71f7-4e15-a00e-0786e2b5789d" /><TestMethod codeBase="C:\workspaces\openkit-dotnet\tests\openkit-dotnetcore-1.0.Tests\bin\Release\netcoreapp1.0\openkit-dotnetcore-1.0.Tests.dll" adapterTypeName="executor://nunit3testexecutor/" className="Dynatrace.OpenKit.Core.Communication.BeaconSendingTimeSyncStateTest" name="ShutdownStateIsFlushSessionStateForTimeReSync" /></UnitTest><UnitTest name="AfterCallingEndASessionIsEnded" storage="c:\workspaces\openkit-dotnet\tests\openkit-dotnetcore-1.0.tests\bin\release\netcoreapp1.0\openkit-dotnetcore-1.0.tests.dll" id="a867d6a4-a6aa-40af-bfbe-25e76abfc673"><Execution id="04fc38c2-f148-4951-a968-3b9fc57cc893" /><TestMethod codeBase="C:\workspaces\openkit-dotnet\tests\openkit-dotnetcore-1.0.Tests\bin\Release\netcoreapp1.0\openkit-dotnetcore-1.0.Tests.dll" adapterTypeName="executor://nunit3testexecutor/" className="Dynatrace.OpenKit.Core.SessionTest" name="AfterCallingEndASessionIsEnded" /></UnitTest><UnitTest name="PassingNullResponseStringDoesNotThrow" storage="c:\workspaces\openkit-dotnet\tests\openkit-dotnetcore-1.0.tests\bin\release\netcoreapp1.0\openkit-dotnetcore-1.0.tests.dll" id="f3f95c89-e40d-4239-aa2f-69ae6c997047"><Execution id="049d38a6-2440-45f8-bf1d-dafeab8fd87d" /><TestMethod codeBase="C:\workspaces\openkit-dotnet\tests\openkit-dotnetcore-1.0.Tests\bin\Release\netcoreapp1.0\openkit-dotnetcore-1.0.Tests.dll" adapterTypeName="executor://nunit3testexecutor/" className="Dynatrace.OpenKit.Protocol.StatusResponseTest" name="PassingNullResponseStringDoesNotThrow" /></UnitTest><UnitTest name="SessionStartIsReportedForDataCollectionLevel2" storage="c:\workspaces\openkit-dotnet\tests\openkit-dotnetcore-1.0.tests\bin\release\netcoreapp1.0\openkit-dotnetcore-1.0.tests.dll" id="7d2a6c7c-1573-4eee-83ec-b2c8cae4d0dd"><Execution id="0feef4ee-0730-459b-9f85-a330d9170c2a" /><TestMethod codeBase="C:\workspaces\openkit-dotnet\tests\openkit-dotnetcore-1.0.Tests\bin\Release\netcoreapp1.0\openkit-dotnetcore-1.0.Tests.dll" adapterTypeName="executor://nunit3testexecutor/" className="Dynatrace.OpenKit.Protocol.BeaconTest" name="SessionStartIsReportedForDataCollectionLevel2" /></UnitTest><UnitTest name="CanSetBeaconCacheLowerMemoryBoundaryForDynatrace" storage="c:\workspaces\openkit-dotnet\tests\openkit-dotnetcore-1.0.tests\bin\release\netcoreapp1.0\openkit-dotnetcore-1.0.tests.dll" id="60229a60-333e-45f6-9dfc-5016e3b4bd92"><Execution id="797ca440-6d1c-4c44-b65e-caf7f8c30d3e" /><TestMethod codeBase="C:\workspaces\openkit-dotnet\tests\openkit-dotnetcore-1.0.Tests\bin\Release\netcoreapp1.0\openkit-dotnetcore-1.0.Tests.dll" adapterTypeName="executor://nunit3testexecutor/" className="Dynatrace.OpenKit.OpenKitBuilderTest" name="CanSetBeaconCacheLowerMemoryBoundaryForDynatrace" /></UnitTest><UnitTest name="StartSetsTheStartTime" storage="c:\workspaces\openkit-dotnet\tests\openkit-dotnetcore-1.0.tests\bin\release\netcoreapp1.0\openkit-dotnetcore-1.0.tests.dll" id="92259802-0247-4f98-bede-d5776dc9efb0"><Execution id="c51a69a5-daae-4557-921c-3ee02ee430e6" /><TestMethod codeBase="C:\workspaces\openkit-dotnet\tests\openkit-dotnetcore-1.0.Tests\bin\Release\netcoreapp1.0\openkit-dotnetcore-1.0.Tests.dll" adapterTypeName="executor://nunit3testexecutor/" className="Dynatrace.OpenKit.Core.WebRequestTracerBaseTest" name="StartSetsTheStartTime" /></UnitTest><UnitTest name="OddNumberOfTokensThrowsException" storage="c:\workspaces\openkit-dotnet\tests\openkit-dotnetcore-1.0.tests\bin\release\netcoreapp1.0\openkit-dotnetcore-1.0.tests.dll" id="65501e46-a687-46c0-8b07-6e0c1d146860"><Execution id="6aa7dfc9-b392-44e1-ac19-a85a1ce14632" /><TestMethod codeBase="C:\workspaces\openkit-dotnet\tests\openkit-dotnetcore-1.0.Tests\bin\Release\netcoreapp1.0\openkit-dotnetcore-1.0.Tests.dll" adapterTypeName="executor://nunit3testexecutor/" className="Dynatrace.OpenKit.Protocol.StatusResponseTest" name="OddNumberOfTokensThrowsException" /></UnitTest><UnitTest name="AWebRequestTracerIsStoppedAfterStopHasBeenCalled" storage="c:\workspaces\openkit-dotnet\tests\openkit-dotnetcore-1.0.tests\bin\release\netcoreapp1.0\openkit-dotnetcore-1.0.tests.dll" id="82ae9bd3-a439-4236-b97d-e8bdda925804"><Execution id="3a729803-ea0f-4a05-a63c-fa930249c2f8" /><TestMethod codeBase="C:\workspaces\openkit-dotnet\tests\openkit-dotnetcore-1.0.Tests\bin\Release\netcoreapp1.0\openkit-dotnetcore-1.0.Tests.dll" adapterTypeName="executor://nunit3testexecutor/" className="Dynatrace.OpenKit.Core.WebRequestTracerBaseTest" name="AWebRequestTracerIsStoppedAfterStopHasBeenCalled" /></UnitTest><UnitTest name="ParsingInvalidSendIntervalThrowsException" storage="c:\workspaces\openkit-dotnet\tests\openkit-dotnetcore-1.0.tests\bin\release\netcoreapp1.0\openkit-dotnetcore-1.0.tests.dll" id="a3f251f9-6a29-42a1-957e-44f7ac674a9d"><Execution id="7f2c7446-2f1f-409b-8ded-f2b47c7b1533" /><TestMethod codeBase="C:\workspaces\openkit-dotnet\tests\openkit-dotnetcore-1.0.Tests\bin\Release\netcoreapp1.0\openkit-dotnetcore-1.0.Tests.dll" adapterTypeName="executor://nunit3testexecutor/" className="Dynatrace.OpenKit.Protocol.StatusResponseTest" name="ParsingInvalidSendIntervalThrowsException" /></UnitTest><UnitTest name="TransitionToFlushStateIsPerformedOnShutdown" storage="c:\workspaces\openkit-dotnet\tests\openkit-dotnetcore-1.0.tests\bin\release\netcoreapp1.0\openkit-dotnetcore-1.0.tests.dll" id="ea6a01df-c3fa-4060-8838-e061bc92a4fd"><Execution id="5efc706f-5af8-4874-8783-cad221e71c5c" /><TestMethod codeBase="C:\workspaces\openkit-dotnet\tests\openkit-dotnetcore-1.0.Tests\bin\Release\netcoreapp1.0\openkit-dotnetcore-1.0.Tests.dll" adapterTypeName="executor://nunit3testexecutor/" className="Dynatrace.OpenKit.Core.Communication.BeaconSendingCaptureOffStateTest" name="TransitionToFlushStateIsPerformedOnShutdown" /></UnitTest><UnitTest name="IpV6AddressMixedNotationIsValidStartingWithDoubleColon" storage="c:\workspaces\openkit-dotnet\tests\openkit-dotnetcore-1.0.tests\bin\release\netcoreapp1.0\openkit-dotnetcore-1.0.tests.dll" id="5eb82770-2200-4c18-a977-700d4ccbcc7b"><Execution id="211ecb8b-f1e3-4347-bc27-e01e081f368f" /><TestMethod codeBase="C:\workspaces\openkit-dotnet\tests\openkit-dotnetcore-1.0.Tests\bin\Release\netcoreapp1.0\openkit-dotnetcore-1.0.Tests.dll" adapterTypeName="executor://nunit3testexecutor/" className="Dynatrace.OpenKit.Core.Util.InetAddressValidatorTest" name="IpV6AddressMixedNotationIsValidStartingWithDoubleColon" /></UnitTest><UnitTest name="ReportCrashDoesNothingIfSessionIsEnded" storage="c:\workspaces\openkit-dotnet\tests\openkit-dotnetcore-1.0.tests\bin\release\netcoreapp1.0\openkit-dotnetcore-1.0.tests.dll" id="7363a5dd-531e-4d7e-aea5-1b710bbe1915"><Execution id="a109febf-62b2-4ccd-9fbe-9b5d9a5b3763" /><TestMethod codeBase="C:\workspaces\openkit-dotnet\tests\openkit-dotnetcore-1.0.Tests\bin\Release\netcoreapp1.0\openkit-dotnetcore-1.0.Tests.dll" adapterTypeName="executor://nunit3testexecutor/" className="Dynatrace.OpenKit.Core.SessionTest" name="ReportCrashDoesNothingIfSessionIsEnded" /></UnitTest><UnitTest name="NoErrorIsReportedIfBeaconConfigurationDisablesCapturing" storage="c:\workspaces\openkit-dotnet\tests\openkit-dotnetcore-1.0.tests\bin\release\netcoreapp1.0\openkit-dotnetcore-1.0.tests.dll" id="351de08d-bae1-4d94-8c8a-9132a502c1f6"><Execution id="a109f89c-06c9-498f-82fb-03cc9ae56c21" /><TestMethod codeBase="C:\workspaces\openkit-dotnet\tests\openkit-dotnetcore-1.0.Tests\bin\Release\netcoreapp1.0\openkit-dotnetcore-1.0.Tests.dll" adapterTypeName="executor://nunit3testexecutor/" className="Dynatrace.OpenKit.Protocol.BeaconTest" name="NoErrorIsReportedIfBeaconConfigurationDisablesCapturing" /></UnitTest><UnitTest name="IsSuccessfulResponseReturnsTrueIfResponseIsNotErroneous" storage="c:\workspaces\openkit-dotnet\tests\openkit-dotnetcore-1.0.tests\bin\release\netcoreapp1.0\openkit-dotnetcore-1.0.tests.dll" id="2b325de7-6750-4ec9-97c5-ef45fc95a602"><Execution id="a331c41a-6d81-4252-975a-aa606aa90621" /><TestMethod codeBase="C:\workspaces\openkit-dotnet\tests\openkit-dotnetcore-1.0.Tests\bin\Release\netcoreapp1.0\openkit-dotnetcore-1.0.Tests.dll" adapterTypeName="executor://nunit3testexecutor/" className="Dynatrace.OpenKit.Core.Communication.BeaconSendingResponseUtilTest" name="IsSuccessfulResponseReturnsTrueIfResponseIsNotErroneous" /></UnitTest><UnitTest name="ReportErrorAcceptsNullReason" storage="c:\workspaces\openkit-dotnet\tests\openkit-dotnetcore-1.0.tests\bin\release\netcoreapp1.0\openkit-dotnetcore-1.0.tests.dll" id="2067a517-09d0-4a5b-ad00-69d44098c3d9"><Execution id="a9b90f40-0dee-4e61-a02d-8359020e0079" /><TestMethod codeBase="C:\workspaces\openkit-dotnet\tests\openkit-dotnetcore-1.0.Tests\bin\Release\netcoreapp1.0\openkit-dotnetcore-1.0.Tests.dll" adapterTypeName="executor://nunit3testexecutor/" className="Dynatrace.OpenKit.Core.ActionTest" name="ReportErrorAcceptsNullReason" /></UnitTest><UnitTest name="IpV6AddressIsInvalidOverflow" storage="c:\workspaces\openkit-dotnet\tests\openkit-dotnetcore-1.0.tests\bin\release\netcoreapp1.0\openkit-dotnetcore-1.0.tests.dll" id="ad67fde4-e123-4102-a105-da58e81badc4"><Execution id="6874fd44-3104-4f4b-8c55-3e9932820c9f" /><TestMethod codeBase="C:\workspaces\openkit-dotnet\tests\openkit-dotnetcore-1.0.Tests\bin\Release\netcoreapp1.0\openkit-dotnetcore-1.0.Tests.dll" adapterTypeName="executor://nunit3testexecutor/" className="Dynatrace.OpenKit.Core.Util.InetAddressValidatorTest" name="IpV6AddressIsInvalidOverflow" /></UnitTest><UnitTest name="IpV4AddressIsInvalidDoubleColonsInsteadOfPoints" storage="c:\workspaces\openkit-dotnet\tests\openkit-dotnetcore-1.0.tests\bin\release\netcoreapp1.0\openkit-dotnetcore-1.0.tests.dll" id="259acef0-9abf-43e6-bfd1-e82b82701cd3"><Execution id="a8943f6e-c324-426b-aebf-57af977c96e7" /><TestMethod codeBase="C:\workspaces\openkit-dotnet\tests\openkit-dotnetcore-1.0.Tests\bin\Release\netcoreapp1.0\openkit-dotnetcore-1.0.Tests.dll" adapterTypeName="executor://nunit3testexecutor/" className="Dynatrace.OpenKit.Core.Util.InetAddressValidatorTest" name="IpV4AddressIsInvalidDoubleColonsInsteadOfPoints" /></UnitTest><UnitTest name="AppMonOpenKitBuilderTakesStringDeviceID" storage="c:\workspaces\openkit-dotnet\tests\openkit-dotnetcore-1.0.tests\bin\release\netcoreapp1.0\openkit-dotnetcore-1.0.tests.dll" id="9d56c32e-53fd-4254-9521-92e2844ad1f4"><Execution id="78285077-a206-47c9-abac-a7bebe2f5ef9" /><TestMethod codeBase="C:\workspaces\openkit-dotnet\tests\openkit-dotnetcore-1.0.Tests\bin\Release\netcoreapp1.0\openkit-dotnetcore-1.0.Tests.dll" adapterTypeName="executor://nunit3testexecutor/" className="Dynatrace.OpenKit.OpenKitBuilderTest" name="AppMonOpenKitBuilderTakesStringDeviceID" /></UnitTest><UnitTest name="StateIsNotTerminal" storage="c:\workspaces\openkit-dotnet\tests\openkit-dotnetcore-1.0.tests\bin\release\netcoreapp1.0\openkit-dotnetcore-1.0.tests.dll" id="339227a0-5038-45d8-a645-b176294335b6"><Execution id="9546253e-e293-4d9f-a075-29ba36533f51" /><TestMethod codeBase="C:\workspaces\openkit-dotnet\tests\openkit-dotnetcore-1.0.Tests\bin\Release\netcoreapp1.0\openkit-dotnetcore-1.0.Tests.dll" adapterTypeName="executor://nunit3testexecutor/" className="Dynatrace.OpenKit.Core.Communication.BeaconSendingFlushSessionsStateTest" name="StateIsNotTerminal" /></UnitTest><UnitTest name="Data" storage="c:\workspaces\openkit-dotnet\tests\openkit-dotnetcore-1.0.tests\bin\release\netcoreapp1.0\openkit-dotnetcore-1.0.tests.dll" id="b34933dd-8f45-4585-9a43-49937bbd84ea"><Execution id="415b6545-a773-4a17-ab54-e6dbed1ea435" /><TestMethod codeBase="C:\workspaces\openkit-dotnet\tests\openkit-dotnetcore-1.0.Tests\bin\Release\netcoreapp1.0\openkit-dotnetcore-1.0.Tests.dll" adapterTypeName="executor://nunit3testexecutor/" className="Dynatrace.OpenKit.Core.Caching.BeaconCacheRecordTest" name="Data" /></UnitTest><UnitTest name="IntValueNotReportedForDataCollectionLevel1" storage="c:\workspaces\openkit-dotnet\tests\openkit-dotnetcore-1.0.tests\bin\release\netcoreapp1.0\openkit-dotnetcore-1.0.tests.dll" id="e45f6a79-ef99-4f36-855d-00147cc2b097"><Execution id="3612d25b-a856-4ac4-88dd-13973448632a" /><TestMethod codeBase="C:\workspaces\openkit-dotnet\tests\openkit-dotnetcore-1.0.Tests\bin\Release\netcoreapp1.0\openkit-dotnetcore-1.0.Tests.dll" adapterTypeName="executor://nunit3testexecutor/" className="Dynatrace.OpenKit.Protocol.BeaconTest" name="IntValueNotReportedForDataCollectionLevel1" /></UnitTest><UnitTest name="EvictRecordsByNumber" storage="c:\workspaces\openkit-dotnet\tests\openkit-dotnetcore-1.0.tests\bin\release\netcoreapp1.0\openkit-dotnetcore-1.0.tests.dll" id="af2a0055-d7c7-4677-851e-93ee59ebc73b"><Execution id="f1d8e335-82bb-4ca5-92f7-bafb1b7bddf9" /><TestMethod codeBase="C:\workspaces\openkit-dotnet\tests\openkit-dotnetcore-1.0.Tests\bin\Release\netcoreapp1.0\openkit-dotnetcore-1.0.Tests.dll" adapterTypeName="executor://nunit3testexecutor/" className="Dynatrace.OpenKit.Core.Caching.BeaconCacheTest" name="EvictRecordsByNumber" /></UnitTest><UnitTest name="DoubleValueReportedForDataCollectionLevel2" storage="c:\workspaces\openkit-dotnet\tests\openkit-dotnetcore-1.0.tests\bin\release\netcoreapp1.0\openkit-dotnetcore-1.0.tests.dll" id="67ea8057-5cc5-4200-9b1b-717c0b54c761"><Execution id="5e41386e-dd34-472e-94f9-f31dcdc2eed8" /><TestMethod codeBase="C:\workspaces\openkit-dotnet\tests\openkit-dotnetcore-1.0.Tests\bin\Release\netcoreapp1.0\openkit-dotnetcore-1.0.Tests.dll" adapterTypeName="executor://nunit3testexecutor/" className="Dynatrace.OpenKit.Protocol.BeaconTest" name="DoubleValueReportedForDataCollectionLevel2" /></UnitTest><UnitTest name="CanSetAppNameForDynatrace" storage="c:\workspaces\openkit-dotnet\tests\openkit-dotnetcore-1.0.tests\bin\release\netcoreapp1.0\openkit-dotnetcore-1.0.tests.dll" id="5356cc7b-7260-4ea2-adc9-42fca677f09d"><Execution id="ce718e14-c196-4235-a569-99c3e0789d2b" /><TestMethod codeBase="C:\workspaces\openkit-dotnet\tests\openkit-dotnetcore-1.0.Tests\bin\Release\netcoreapp1.0\openkit-dotnetcore-1.0.Tests.dll" adapterTypeName="executor://nunit3testexecutor/" className="Dynatrace.OpenKit.OpenKitBuilderTest" name="CanSetAppNameForDynatrace" /></UnitTest><UnitTest name="CannotSetNullTrustManagerForAppMon" storage="c:\workspaces\openkit-dotnet\tests\openkit-dotnetcore-1.0.tests\bin\release\netcoreapp1.0\openkit-dotnetcore-1.0.tests.dll" id="f5e08b69-93c4-44d5-a6a1-09c9ee0d4a42"><Execution id="6665e0f4-30c0-47cd-915c-acc3dfe21bea" /><TestMethod codeBase="C:\workspaces\openkit-dotnet\tests\openkit-dotnetcore-1.0.Tests\bin\Release\netcoreapp1.0\openkit-dotnetcore-1.0.Tests.dll" adapterTypeName="executor://nunit3testexecutor/" className="Dynatrace.OpenKit.OpenKitBuilderTest" name="CannotSetNullTrustManagerForAppMon" /></UnitTest><UnitTest name="NoWebRequestIsReportedForDataCollectionLevel0" storage="c:\workspaces\openkit-dotnet\tests\openkit-dotnetcore-1.0.tests\bin\release\netcoreapp1.0\openkit-dotnetcore-1.0.tests.dll" id="20864b7f-0eea-4ce5-8ed3-a40e5c7d7fa3"><Execution id="730a3efd-a63f-4c76-b214-818ad45c1937" /><TestMethod codeBase="C:\workspaces\openkit-dotnet\tests\openkit-dotnetcore-1.0.Tests\bin\Release\netcoreapp1.0\openkit-dotnetcore-1.0.Tests.dll" adapterTypeName="executor://nunit3testexecutor/" className="Dynatrace.OpenKit.Protocol.BeaconTest" name="NoWebRequestIsReportedForDataCollectionLevel0" /></UnitTest><UnitTest name="GetNextBeaconChunkDecreasesBeaconCacheSize" storage="c:\workspaces\openkit-dotnet\tests\openkit-dotnetcore-1.0.tests\bin\release\netcoreapp1.0\openkit-dotnetcore-1.0.tests.dll" id="be36ac70-f6c0-4522-b182-096759ec7e33"><Execution id="e92be6c5-e15b-43de-a130-96529b3be9d3" /><TestMethod codeBase="C:\workspaces\openkit-dotnet\tests\openkit-dotnetcore-1.0.Tests\bin\Release\netcoreapp1.0\openkit-dotnetcore-1.0.Tests.dll" adapterTypeName="executor://nunit3testexecutor/" className="Dynatrace.OpenKit.Core.Caching.BeaconCacheTest" name="GetNextBeaconChunkDecreasesBeaconCacheSize" /></UnitTest><UnitTest name="ResetChunkedRestoresData" storage="c:\workspaces\openkit-dotnet\tests\openkit-dotnetcore-1.0.tests\bin\release\netcoreapp1.0\openkit-dotnetcore-1.0.tests.dll" id="cfe3fe22-db73-4806-88d6-1cc829db64be"><Execution id="8acd7778-e739-4674-9e8d-11940ad7b452" /><TestMethod codeBase="C:\workspaces\openkit-dotnet\tests\openkit-dotnetcore-1.0.Tests\bin\Release\netcoreapp1.0\openkit-dotnetcore-1.0.Tests.dll" adapterTypeName="executor://nunit3testexecutor/" className="Dynatrace.OpenKit.Core.Caching.BeaconCacheTest" name="ResetChunkedRestoresData" /></UnitTest><UnitTest name="SendStatusRequestIsAbortedWhenShutDownIsRequested" storage="c:\workspaces\openkit-dotnet\tests\openkit-dotnetcore-1.0.tests\bin\release\netcoreapp1.0\openkit-dotnetcore-1.0.tests.dll" id="be11e8cb-2300-44db-8a04-9f14be442abc"><Execution id="356f4b3c-f871-4522-8cdc-48f8bf32f18b" /><TestMethod codeBase="C:\workspaces\openkit-dotnet\tests\openkit-dotnetcore-1.0.Tests\bin\Release\netcoreapp1.0\openkit-dotnetcore-1.0.Tests.dll" adapterTypeName="executor://nunit3testexecutor/" className="Dynatrace.OpenKit.Core.Communication.BeaconSendingRequestUtilTest" name="SendStatusRequestIsAbortedWhenShutDownIsRequested" /></UnitTest><UnitTest name="ParsingInvalidMaxBeaconSizeThrowsException" storage="c:\workspaces\openkit-dotnet\tests\openkit-dotnetcore-1.0.tests\bin\release\netcoreapp1.0\openkit-dotnetcore-1.0.tests.dll" id="088f70e4-828f-4844-80f7-8f1516638a90"><Execution id="17536015-e4eb-4e66-a15f-dac05a1f5091" /><TestMethod codeBase="C:\workspaces\openkit-dotnet\tests\openkit-dotnetcore-1.0.Tests\bin\Release\netcoreapp1.0\openkit-dotnetcore-1.0.Tests.dll" adapterTypeName="executor://nunit3testexecutor/" className="Dynatrace.OpenKit.Protocol.StatusResponseTest" name="ParsingInvalidMaxBeaconSizeThrowsException" /></UnitTest><UnitTest name="CapturingIsEnabledFromStatusResponse" storage="c:\workspaces\openkit-dotnet\tests\openkit-dotnetcore-1.0.tests\bin\release\netcoreapp1.0\openkit-dotnetcore-1.0.tests.dll" id="e1c6943f-ce49-4008-aef0-d66513f5d219"><Execution id="527aad0a-94d5-44e3-b424-9938b8ca4d66" /><TestMethod codeBase="C:\workspaces\openkit-dotnet\tests\openkit-dotnetcore-1.0.Tests\bin\Release\netcoreapp1.0\openkit-dotnetcore-1.0.Tests.dll" adapterTypeName="executor://nunit3testexecutor/" className="Dynatrace.OpenKit.Core.Configuration.OpenKitConfigurationTest" name="CapturingIsEnabledFromStatusResponse" /></UnitTest><UnitTest name="IpV6AddressMixedNotationIsInvalidOnly3IPv4Blocks" storage="c:\workspaces\openkit-dotnet\tests\openkit-dotnetcore-1.0.tests\bin\release\netcoreapp1.0\openkit-dotnetcore-1.0.tests.dll" id="b4de38d0-62e8-4f82-a8a0-d7aa15817fba"><Execution id="65a0da91-1c90-466a-a0ea-004aecea65ec" /><TestMethod codeBase="C:\workspaces\openkit-dotnet\tests\openkit-dotnetcore-1.0.Tests\bin\Release\netcoreapp1.0\openkit-dotnetcore-1.0.Tests.dll" adapterTypeName="executor://nunit3testexecutor/" className="Dynatrace.OpenKit.Core.Util.InetAddressValidatorTest" name="IpV6AddressMixedNotationIsInvalidOnly3IPv4Blocks" /></UnitTest><UnitTest name="CanSetLogger" storage="c:\workspaces\openkit-dotnet\tests\openkit-dotnetcore-1.0.tests\bin\release\netcoreapp1.0\openkit-dotnetcore-1.0.tests.dll" id="87d0c293-3107-4b25-a305-b16b5b43248c"><Execution id="0a1c8800-8600-437c-a33c-dda498320659" /><TestMethod codeBase="C:\workspaces\openkit-dotnet\tests\openkit-dotnetcore-1.0.Tests\bin\Release\netcoreapp1.0\openkit-dotnetcore-1.0.Tests.dll" adapterTypeName="executor://nunit3testexecutor/" className="Dynatrace.OpenKit.OpenKitBuilderTest" name="CanSetLogger" /></UnitTest><UnitTest name="IfURLIsInvalidTheDefaultValueIsUsed" storage="c:\workspaces\openkit-dotnet\tests\openkit-dotnetcore-1.0.tests\bin\release\netcoreapp1.0\openkit-dotnetcore-1.0.tests.dll" id="f4c464fc-f594-46e7-8bb0-83ec7317f867"><Execution id="d53bf955-ec87-4a70-9abb-fe7f4ce10d7f" /><TestMethod codeBase="C:\workspaces\openkit-dotnet\tests\openkit-dotnetcore-1.0.Tests\bin\Release\netcoreapp1.0\openkit-dotnetcore-1.0.Tests.dll" adapterTypeName="executor://nunit3testexecutor/" className="Dynatrace.OpenKit.Core.WebRequestTracerStringURLTest" name="IfURLIsInvalidTheDefaultValueIsUsed" /></UnitTest><UnitTest name="CanSetCustomMaxBeaconRecordAgeForAppMon" storage="c:\workspaces\openkit-dotnet\tests\openkit-dotnetcore-1.0.tests\bin\release\netcoreapp1.0\openkit-dotnetcore-1.0.tests.dll" id="368a9167-8485-4d07-99e3-f9101d824029"><Execution id="99187372-639b-48f6-9ed2-b945905a5fe9" /><TestMethod codeBase="C:\workspaces\openkit-dotnet\tests\openkit-dotnetcore-1.0.Tests\bin\Release\netcoreapp1.0\openkit-dotnetcore-1.0.Tests.dll" adapterTypeName="executor://nunit3testexecutor/" className="Dynatrace.OpenKit.OpenKitBuilderTest" name="CanSetCustomMaxBeaconRecordAgeForAppMon" /></UnitTest><UnitTest name="IsEmptyGivesTrueIfBeaconDoesNotExistInCache" storage="c:\workspaces\openkit-dotnet\tests\openkit-dotnetcore-1.0.tests\bin\release\netcoreapp1.0\openkit-dotnetcore-1.0.tests.dll" id="a35a1221-f091-46e2-8a1c-ff511a9de701"><Execution id="7c3c970d-d12a-4eb2-8d2a-ef4ca0081e01" /><TestMethod codeBase="C:\workspaces\openkit-dotnet\tests\openkit-dotnetcore-1.0.Tests\bin\Release\netcoreapp1.0\openkit-dotnetcore-1.0.Tests.dll" adapterTypeName="executor://nunit3testexecutor/" className="Dynatrace.OpenKit.Core.Caching.BeaconCacheTest" name="IsEmptyGivesTrueIfBeaconDoesNotExistInCache" /></UnitTest><UnitTest name="CanOverrideTrustManagerForDynatrace" storage="c:\workspaces\openkit-dotnet\tests\openkit-dotnetcore-1.0.tests\bin\release\netcoreapp1.0\openkit-dotnetcore-1.0.tests.dll" id="4a966584-52a6-4406-aa32-61fe22dc32c2"><Execution id="364feba7-f163-4d62-8a99-f00417b8b7c4" /><TestMethod codeBase="C:\workspaces\openkit-dotnet\tests\openkit-dotnetcore-1.0.Tests\bin\Release\netcoreapp1.0\openkit-dotnetcore-1.0.Tests.dll" adapterTypeName="executor://nunit3testexecutor/" className="Dynatrace.OpenKit.OpenKitBuilderTest" name="CanOverrideTrustManagerForDynatrace" /></UnitTest><UnitTest name="ADefaultConstructedConfigurationUsesStrictTrustManager" storage="c:\workspaces\openkit-dotnet\tests\openkit-dotnetcore-1.0.tests\bin\release\netcoreapp1.0\openkit-dotnetcore-1.0.tests.dll" id="774df1f6-fdfa-46aa-a6d8-ffd3f66e35a7"><Execution id="c0b11b76-e1b0-44f5-8618-2ed652120bca" /><TestMethod codeBase="C:\workspaces\openkit-dotnet\tests\openkit-dotnetcore-1.0.Tests\bin\Release\netcoreapp1.0\openkit-dotnetcore-1.0.Tests.dll" adapterTypeName="executor://nunit3testexecutor/" className="Dynatrace.OpenKit.Core.Configuration.OpenKitConfigurationTest" name="ADefaultConstructedConfigurationUsesStrictTrustManager" /></UnitTest><UnitTest name="EnableAndDisableCapturing" storage="c:\workspaces\openkit-dotnet\tests\openkit-dotnetcore-1.0.tests\bin\release\netcoreapp1.0\openkit-dotnetcore-1.0.tests.dll" id="3252eed4-7a5f-43da-875a-60f4a8f7c9e1"><Execution id="70a26068-df6c-4c2d-b6c3-08a1a2be32e5" /><TestMethod codeBase="C:\workspaces\openkit-dotnet\tests\openkit-dotnetcore-1.0.Tests\bin\Release\netcoreapp1.0\openkit-dotnetcore-1.0.Tests.dll" adapterTypeName="executor://nunit3testexecutor/" className="Dynatrace.OpenKit.Core.Configuration.OpenKitConfigurationTest" name="EnableAndDisableCapturing" /></UnitTest><UnitTest name="AddActionDataIncreasesCacheSize" storage="c:\workspaces\openkit-dotnet\tests\openkit-dotnetcore-1.0.tests\bin\release\netcoreapp1.0\openkit-dotnetcore-1.0.tests.dll" id="fd005957-bf8a-40ed-977d-2d9052cce7cf"><Execution id="8541b4fc-2de8-4934-9b41-0dc67c233ff6" /><TestMethod codeBase="C:\workspaces\openkit-dotnet\tests\openkit-dotnetcore-1.0.Tests\bin\Release\netcoreapp1.0\openkit-dotnetcore-1.0.Tests.dll" adapterTypeName="executor://nunit3testexecutor/" className="Dynatrace.OpenKit.Core.Caching.BeaconCacheTest" name="AddActionDataIncreasesCacheSize" /></UnitTest><UnitTest name="IpV6AddressMixedNotationIsValid_NonZeroIPv6Compressed" storage="c:\workspaces\openkit-dotnet\tests\openkit-dotnetcore-1.0.tests\bin\release\netcoreapp1.0\openkit-dotnetcore-1.0.tests.dll" id="ea819b41-8d20-47e7-ae2e-e9ce83a9a7cf"><Execution id="61eb8575-c22b-4bbf-b37a-f4ad5cff0a28" /><TestMethod codeBase="C:\workspaces\openkit-dotnet\tests\openkit-dotnetcore-1.0.Tests\bin\Release\netcoreapp1.0\openkit-dotnetcore-1.0.Tests.dll" adapterTypeName="executor://nunit3testexecutor/" className="Dynatrace.OpenKit.Core.Util.InetAddressValidatorTest" name="IpV6AddressMixedNotationIsValid_NonZeroIPv6Compressed" /></UnitTest><UnitTest name="ReportIntValueDoesNothingIfValueNameIsNull" storage="c:\workspaces\openkit-dotnet\tests\openkit-dotnetcore-1.0.tests\bin\release\netcoreapp1.0\openkit-dotnetcore-1.0.tests.dll" id="162d2317-4e21-4ad8-bad8-826c728ae27c"><Execution id="09f06e3f-368d-4d84-a554-a74b23aead72" /><TestMethod codeBase="C:\workspaces\openkit-dotnet\tests\openkit-dotnetcore-1.0.Tests\bin\Release\netcoreapp1.0\openkit-dotnetcore-1.0.Tests.dll" adapterTypeName="executor://nunit3testexecutor/" className="Dynatrace.OpenKit.Core.ActionTest" name="ReportIntValueDoesNothingIfValueNameIsNull" /></UnitTest><UnitTest name="CanConvertToClusterTime" storage="c:\workspaces\openkit-dotnet\tests\openkit-dotnetcore-1.0.tests\bin\release\netcoreapp1.0\openkit-dotnetcore-1.0.tests.dll" id="6251b89a-c733-4a21-b692-5f9e4dc4872d"><Execution id="a68b2665-3527-46fb-a172-e06d2d299b4d" /><TestMethod codeBase="C:\workspaces\openkit-dotnet\tests\openkit-dotnetcore-1.0.Tests\bin\Release\netcoreapp1.0\openkit-dotnetcore-1.0.Tests.dll" adapterTypeName="executor://nunit3testexecutor/" className="Dynatrace.OpenKit.Providers.DefaultTimingProviderTest" name="CanConvertToClusterTime" /></UnitTest><UnitTest name="StartingAnAlreadyAliveBeaconCacheEvictorDoesNothing" storage="c:\workspaces\openkit-dotnet\tests\openkit-dotnetcore-1.0.tests\bin\release\netcoreapp1.0\openkit-dotnetcore-1.0.tests.dll" id="ced9cfd2-c16b-467a-8b8c-a5eea29d92d6"><Execution id="763b3a4a-72e0-447d-8df0-59305a161a94" /><TestMethod codeBase="C:\workspaces\openkit-dotnet\tests\openkit-dotnetcore-1.0.Tests\bin\Release\netcoreapp1.0\openkit-dotnetcore-1.0.Tests.dll" adapterTypeName="executor://nunit3testexecutor/" className="Dynatrace.OpenKit.Core.Caching.BeaconCacheEvictorTest" name="StartingAnAlreadyAliveBeaconCacheEvictorDoesNothing" /></UnitTest><UnitTest name="IsSuccessfulResponseReturnsFalseIfResponseIsNull" storage="c:\workspaces\openkit-dotnet\tests\openkit-dotnetcore-1.0.tests\bin\release\netcoreapp1.0\openkit-dotnetcore-1.0.tests.dll" id="26103ab1-44b8-4c97-874c-d582a1ed2a40"><Execution id="ef7735f8-cb67-4067-8bb0-fddca7d0ec38" /><TestMethod codeBase="C:\workspaces\openkit-dotnet\tests\openkit-dotnetcore-1.0.Tests\bin\Release\netcoreapp1.0\openkit-dotnetcore-1.0.Tests.dll" adapterTypeName="executor://nunit3testexecutor/" className="Dynatrace.OpenKit.Core.Communication.BeaconSendingResponseUtilTest" name="IsSuccessfulResponseReturnsFalseIfResponseIsNull" /></UnitTest><UnitTest name="IpV4AddressIsInvalidDueToIllegalValueOverrun" storage="c:\workspaces\openkit-dotnet\tests\openkit-dotnetcore-1.0.tests\bin\release\netcoreapp1.0\openkit-dotnetcore-1.0.tests.dll" id="c371171e-256c-4135-a413-432b1bf0ccc4"><Execution id="f3c3dd7f-511f-4719-a7ee-99f60bc566a1" /><TestMethod codeBase="C:\workspaces\openkit-dotnet\tests\openkit-dotnetcore-1.0.Tests\bin\Release\netcoreapp1.0\openkit-dotnetcore-1.0.Tests.dll" adapterTypeName="executor://nunit3testexecutor/" className="Dynatrace.OpenKit.Core.Util.InetAddressValidatorTest" name="IpV4AddressIsInvalidDueToIllegalValueOverrun" /></UnitTest><UnitTest name="ParsingMultiplictyWorks" storage="c:\workspaces\openkit-dotnet\tests\openkit-dotnetcore-1.0.tests\bin\release\netcoreapp1.0\openkit-dotnetcore-1.0.tests.dll" id="54d7b7e9-6fbf-4e77-bab5-f85ed3d02174"><Execution id="b1ee488c-f757-4738-aefe-73338f08ba8e" /><TestMethod codeBase="C:\workspaces\openkit-dotnet\tests\openkit-dotnetcore-1.0.Tests\bin\Release\netcoreapp1.0\openkit-dotnetcore-1.0.Tests.dll" adapterTypeName="executor://nunit3testexecutor/" className="Dynatrace.OpenKit.Protocol.StatusResponseTest" name="ParsingMultiplictyWorks" /></UnitTest><UnitTest name="ADefaultConstructedContextDoesNotStoreAnySessions" storage="c:\workspaces\openkit-dotnet\tests\openkit-dotnetcore-1.0.tests\bin\release\netcoreapp1.0\openkit-dotnetcore-1.0.tests.dll" id="5de6477b-2630-453a-ae47-404fae1403cc"><Execution id="def4361b-bc31-46f4-a47f-cd24d16fc352" /><TestMethod codeBase="C:\workspaces\openkit-dotnet\tests\openkit-dotnetcore-1.0.Tests\bin\Release\netcoreapp1.0\openkit-dotnetcore-1.0.Tests.dll" adapterTypeName="executor://nunit3testexecutor/" className="Dynatrace.OpenKit.Core.Communication.BeaconSendingContextTest" name="ADefaultConstructedContextDoesNotStoreAnySessions" /></UnitTest><UnitTest name="IpV4AddressIsValidAllZero" storage="c:\workspaces\openkit-dotnet\tests\openkit-dotnetcore-1.0.tests\bin\release\netcoreapp1.0\openkit-dotnetcore-1.0.tests.dll" id="34591211-8925-4f31-a0c7-9dc04a49cd54"><Execution id="8c62d8b0-3995-410d-8440-a8f5335478e8" /><TestMethod codeBase="C:\workspaces\openkit-dotnet\tests\openkit-dotnetcore-1.0.Tests\bin\Release\netcoreapp1.0\openkit-dotnetcore-1.0.Tests.dll" adapterTypeName="executor://nunit3testexecutor/" className="Dynatrace.OpenKit.Core.Util.InetAddressValidatorTest" name="IpV4AddressIsValidAllZero" /></UnitTest><UnitTest name="SendStatusRequestHandlesNullResponsesSameAsErroneousResponses" storage="c:\workspaces\openkit-dotnet\tests\openkit-dotnetcore-1.0.tests\bin\release\netcoreapp1.0\openkit-dotnetcore-1.0.tests.dll" id="9009e99f-fbaa-4f1f-9e0a-d2cce4f26c7d"><Execution id="e648efb9-d474-4912-b2e5-2bb3e1d162b3" /><TestMethod codeBase="C:\workspaces\openkit-dotnet\tests\openkit-dotnetcore-1.0.Tests\bin\Release\netcoreapp1.0\openkit-dotnetcore-1.0.Tests.dll" adapterTypeName="executor://nunit3testexecutor/" className="Dynatrace.OpenKit.Core.Communication.BeaconSendingRequestUtilTest" name="SendStatusRequestHandlesNullResponsesSameAsErroneousResponses" /></UnitTest><UnitTest name="NameIsSet" storage="c:\workspaces\openkit-dotnet\tests\openkit-dotnetcore-1.0.tests\bin\release\netcoreapp1.0\openkit-dotnetcore-1.0.tests.dll" id="3b8a5f81-8571-405a-99ce-163f86a21022"><Execution id="3515295e-541e-4aa4-a169-bcfb564d7a8d" /><TestMethod codeBase="C:\workspaces\openkit-dotnet\tests\openkit-dotnetcore-1.0.Tests\bin\Release\netcoreapp1.0\openkit-dotnetcore-1.0.Tests.dll" adapterTypeName="executor://nunit3testexecutor/" className="Dynatrace.OpenKit.Core.ActionTest" name="NameIsSet" /></UnitTest><UnitTest name="IpV6AddressMixedNotationIsValidIPV6" storage="c:\workspaces\openkit-dotnet\tests\openkit-dotnetcore-1.0.tests\bin\release\netcoreapp1.0\openkit-dotnetcore-1.0.tests.dll" id="7befefe2-f87d-4c4e-89d8-34484f0295b9"><Execution id="a4e20513-eca5-462b-a725-d5dfffab336c" /><TestMethod codeBase="C:\workspaces\openkit-dotnet\tests\openkit-dotnetcore-1.0.Tests\bin\Release\netcoreapp1.0\openkit-dotnetcore-1.0.Tests.dll" adapterTypeName="executor://nunit3testexecutor/" className="Dynatrace.OpenKit.Core.Util.InetAddressValidatorTest" name="IpV6AddressMixedNotationIsValidIPV6" /></UnitTest><UnitTest name="InitCompleteIsCalledOnInterrupt" storage="c:\workspaces\openkit-dotnet\tests\openkit-dotnetcore-1.0.tests\bin\release\netcoreapp1.0\openkit-dotnetcore-1.0.tests.dll" id="b87ab210-f666-4afc-adeb-c260f8468edd"><Execution id="78863ed9-2db5-430d-9d80-26a884233325" /><TestMethod codeBase="C:\workspaces\openkit-dotnet\tests\openkit-dotnetcore-1.0.Tests\bin\Release\netcoreapp1.0\openkit-dotnetcore-1.0.Tests.dll" adapterTypeName="executor://nunit3testexecutor/" className="Dynatrace.OpenKit.Core.Communication.BeaconSendingInitStateTest" name="InitCompleteIsCalledOnInterrupt" /></UnitTest><UnitTest name="ReportIntValueDoesNothingIfActionIsLeft" storage="c:\workspaces\openkit-dotnet\tests\openkit-dotnetcore-1.0.tests\bin\release\netcoreapp1.0\openkit-dotnetcore-1.0.tests.dll" id="6a15551c-5343-4de6-b5bf-049200e1bd6d"><Execution id="9f8efc9a-7b0f-4daf-bc8f-e254e00fbf09" /><TestMethod codeBase="C:\workspaces\openkit-dotnet\tests\openkit-dotnetcore-1.0.Tests\bin\Release\netcoreapp1.0\openkit-dotnetcore-1.0.Tests.dll" adapterTypeName="executor://nunit3testexecutor/" className="Dynatrace.OpenKit.Core.ActionTest" name="ReportIntValueDoesNothingIfActionIsLeft" /></UnitTest><UnitTest name="TheDefaultResponseSendTimeIsMinusOne" storage="c:\workspaces\openkit-dotnet\tests\openkit-dotnetcore-1.0.tests\bin\release\netcoreapp1.0\openkit-dotnetcore-1.0.tests.dll" id="865db3a6-734a-4bfa-97a6-87a3718b31ea"><Execution id="a1b48032-2ca0-443c-a736-20a7e37df405" /><TestMethod codeBase="C:\workspaces\openkit-dotnet\tests\openkit-dotnetcore-1.0.Tests\bin\Release\netcoreapp1.0\openkit-dotnetcore-1.0.Tests.dll" adapterTypeName="executor://nunit3testexecutor/" className="Dynatrace.OpenKit.Protocol.TimeSyncResponseTest" name="TheDefaultResponseSendTimeIsMinusOne" /></UnitTest><UnitTest name="ANewlyCreatedWebRequestTracerIsNotStopped" storage="c:\workspaces\openkit-dotnet\tests\openkit-dotnetcore-1.0.tests\bin\release\netcoreapp1.0\openkit-dotnetcore-1.0.tests.dll" id="60076e1e-9042-41ec-ade6-24e92fadf5f1"><Execution id="0060a38d-55d9-48ee-852e-829624df2823" /><TestMethod codeBase="C:\workspaces\openkit-dotnet\tests\openkit-dotnetcore-1.0.Tests\bin\Release\netcoreapp1.0\openkit-dotnetcore-1.0.Tests.dll" adapterTypeName="executor://nunit3testexecutor/" className="Dynatrace.OpenKit.Core.WebRequestTracerBaseTest" name="ANewlyCreatedWebRequestTracerIsNotStopped" /></UnitTest><UnitTest name="TheStrategyIsDisabledIfCacheSizeUpperBoundIsEqualToZero" storage="c:\workspaces\openkit-dotnet\tests\openkit-dotnetcore-1.0.tests\bin\release\netcoreapp1.0\openkit-dotnetcore-1.0.tests.dll" id="177e579d-d25d-46d4-bb89-47812de5e579"><Execution id="c86d6677-a0ea-4542-a61e-4a3360706b7d" /><TestMethod codeBase="C:\workspaces\openkit-dotnet\tests\openkit-dotnetcore-1.0.Tests\bin\Release\netcoreapp1.0\openkit-dotnetcore-1.0.Tests.dll" adapterTypeName="executor://nunit3testexecutor/" className="Dynatrace.OpenKit.Core.Caching.SpaceEvictionStrategyTest" name="TheStrategyIsDisabledIfCacheSizeUpperBoundIsEqualToZero" /></UnitTest><UnitTest name="RemoveOldestRecordsRemovesActionDataIfEventDataIsEmpty" storage="c:\workspaces\openkit-dotnet\tests\openkit-dotnetcore-1.0.tests\bin\release\netcoreapp1.0\openkit-dotnetcore-1.0.tests.dll" id="241a044f-1881-473d-ac27-c0a1a8b559d0"><Execution id="15a36edc-d2b6-4dd6-9e93-f846ef320a42" /><TestMethod codeBase="C:\workspaces\openkit-dotnet\tests\openkit-dotnetcore-1.0.Tests\bin\Release\netcoreapp1.0\openkit-dotnetcore-1.0.Tests.dll" adapterTypeName="executor://nunit3testexecutor/" className="Dynatrace.OpenKit.Core.Caching.BeaconCacheEntryTest" name="RemoveOldestRecordsRemovesActionDataIfEventDataIsEmpty" /></UnitTest><UnitTest name="VerboseIsUsedInDefaultLogger" storage="c:\workspaces\openkit-dotnet\tests\openkit-dotnetcore-1.0.tests\bin\release\netcoreapp1.0\openkit-dotnetcore-1.0.tests.dll" id="882ca267-7214-49d7-abaf-82480e40ab17"><Execution id="80a1b5fb-e855-4435-9c03-09c30c85bcac" /><TestMethod codeBase="C:\workspaces\openkit-dotnet\tests\openkit-dotnetcore-1.0.Tests\bin\Release\netcoreapp1.0\openkit-dotnetcore-1.0.Tests.dll" adapterTypeName="executor://nunit3testexecutor/" className="Dynatrace.OpenKit.OpenKitBuilderTest" name="VerboseIsUsedInDefaultLogger" /></UnitTest><UnitTest name="CannotAddReceivedBytesWithInvalidValueSmallerZeroToWebRequestTracer" storage="c:\workspaces\openkit-dotnet\tests\openkit-dotnetcore-1.0.tests\bin\release\netcoreapp1.0\openkit-dotnetcore-1.0.tests.dll" id="d478f38c-9ca1-4320-89c3-2f9c7ffca7a7"><Execution id="6447f088-7a81-4f1a-b9ec-72790d094475" /><TestMethod codeBase="C:\workspaces\openkit-dotnet\tests\openkit-dotnetcore-1.0.Tests\bin\Release\netcoreapp1.0\openkit-dotnetcore-1.0.Tests.dll" adapterTypeName="executor://nunit3testexecutor/" className="Dynatrace.OpenKit.Protocol.BeaconTest" name="CannotAddReceivedBytesWithInvalidValueSmallerZeroToWebRequestTracer" /></UnitTest><UnitTest name="ReportCrashDoesNotReportOnDataCollectionLevel1" storage="c:\workspaces\openkit-dotnet\tests\openkit-dotnetcore-1.0.tests\bin\release\netcoreapp1.0\openkit-dotnetcore-1.0.tests.dll" id="f0562800-b914-42d7-b3c8-1aa9778b0468"><Execution id="e8bc1bbb-fa25-4d5f-99d1-70a31ae3d991" /><TestMethod codeBase="C:\workspaces\openkit-dotnet\tests\openkit-dotnetcore-1.0.Tests\bin\Release\netcoreapp1.0\openkit-dotnetcore-1.0.Tests.dll" adapterTypeName="executor://nunit3testexecutor/" className="Dynatrace.OpenKit.Protocol.BeaconTest" name="ReportCrashDoesNotReportOnDataCollectionLevel1" /></UnitTest><UnitTest name="SetBytesReceivedSetsTheNumberOfReceivedBytes" storage="c:\workspaces\openkit-dotnet\tests\openkit-dotnetcore-1.0.tests\bin\release\netcoreapp1.0\openkit-dotnetcore-1.0.tests.dll" id="b00f5608-e54b-4d55-abb7-c0c49f05b3ae"><Execution id="0025a021-8588-436a-baf5-a8b535008776" /><TestMethod codeBase="C:\workspaces\openkit-dotnet\tests\openkit-dotnetcore-1.0.Tests\bin\Release\netcoreapp1.0\openkit-dotnetcore-1.0.Tests.dll" adapterTypeName="executor://nunit3testexecutor/" className="Dynatrace.OpenKit.Core.WebRequestTracerBaseTest" name="SetBytesReceivedSetsTheNumberOfReceivedBytes" /></UnitTest><UnitTest name="IpV6AddressHexCompressedIsValidBlock4" storage="c:\workspaces\openkit-dotnet\tests\openkit-dotnetcore-1.0.tests\bin\release\netcoreapp1.0\openkit-dotnetcore-1.0.tests.dll" id="3e28f60a-b474-41e6-ad18-7903e0d07c40"><Execution id="9eae19bf-d08b-4a75-97c0-0087008a8166" /><TestMethod codeBase="C:\workspaces\openkit-dotnet\tests\openkit-dotnetcore-1.0.Tests\bin\Release\netcoreapp1.0\openkit-dotnetcore-1.0.Tests.dll" adapterTypeName="executor://nunit3testexecutor/" className="Dynatrace.OpenKit.Core.Util.InetAddressValidatorTest" name="IpV6AddressHexCompressedIsValidBlock4" /></UnitTest><UnitTest name="EnterActionReturnsNullActionIfActionNameIsNull" storage="c:\workspaces\openkit-dotnet\tests\openkit-dotnetcore-1.0.tests\bin\release\netcoreapp1.0\openkit-dotnetcore-1.0.tests.dll" id="04b9a109-9604-4416-9803-b12ff129b946"><Execution id="76a359a8-e778-423c-aeab-823c3713d526" /><TestMethod codeBase="C:\workspaces\openkit-dotnet\tests\openkit-dotnetcore-1.0.Tests\bin\Release\netcoreapp1.0\openkit-dotnetcore-1.0.Tests.dll" adapterTypeName="executor://nunit3testexecutor/" className="Dynatrace.OpenKit.Core.RootActionTest" name="EnterActionReturnsNullActionIfActionNameIsNull" /></UnitTest><UnitTest name="EvictRecordsByAge" storage="c:\workspaces\openkit-dotnet\tests\openkit-dotnetcore-1.0.tests\bin\release\netcoreapp1.0\openkit-dotnetcore-1.0.tests.dll" id="a805c477-7243-4d65-9ff8-816ca6c31a73"><Execution id="94583559-99dc-411b-930f-043d8f651cee" /><TestMethod codeBase="C:\workspaces\openkit-dotnet\tests\openkit-dotnetcore-1.0.Tests\bin\Release\netcoreapp1.0\openkit-dotnetcore-1.0.Tests.dll" adapterTypeName="executor://nunit3testexecutor/" className="Dynatrace.OpenKit.Core.Caching.BeaconCacheTest" name="EvictRecordsByAge" /></UnitTest><UnitTest name="ADefaultConstructedConfigurationDisablesDataCollection" storage="c:\workspaces\openkit-dotnet\tests\openkit-dotnetcore-1.0.tests\bin\release\netcoreapp1.0\openkit-dotnetcore-1.0.tests.dll" id="f965f8dd-af1c-4a98-9603-772bd75f8bfb"><Execution id="55054310-632e-4e17-8f78-4ece5daa50ef" /><TestMethod codeBase="C:\workspaces\openkit-dotnet\tests\openkit-dotnetcore-1.0.Tests\bin\Release\netcoreapp1.0\openkit-dotnetcore-1.0.Tests.dll" adapterTypeName="executor://nunit3testexecutor/" className="Dynatrace.OpenKit.Core.Configuration.OpenKitConfigurationTest" name="ADefaultConstructedConfigurationDisablesDataCollection" /></UnitTest><UnitTest name="ToStringReturnsTheStateName" storage="c:\workspaces\openkit-dotnet\tests\openkit-dotnetcore-1.0.tests\bin\release\netcoreapp1.0\openkit-dotnetcore-1.0.tests.dll" id="c53e59e0-b17b-4f5c-86d6-8dc69fb68c53"><Execution id="24ef6279-1bb0-4aae-8ad7-4a683231b8d0" /><TestMethod codeBase="C:\workspaces\openkit-dotnet\tests\openkit-dotnetcore-1.0.Tests\bin\Release\netcoreapp1.0\openkit-dotnetcore-1.0.Tests.dll" adapterTypeName="executor://nunit3testexecutor/" className="Dynatrace.OpenKit.Core.Communication.BeaconSendingTimeSyncStateTest" name="ToStringReturnsTheStateName" /></UnitTest><UnitTest name="TheStrategyIsDisabledIfCacheSizeUpperBoundIsLessThanLowerBound" storage="c:\workspaces\openkit-dotnet\tests\openkit-dotnetcore-1.0.tests\bin\release\netcoreapp1.0\openkit-dotnetcore-1.0.tests.dll" id="0aff88bf-9f1f-42b6-98d3-f719f5c91562"><Execution id="7295ed99-d97a-48df-b3e3-f7007756f0aa" /><TestMethod codeBase="C:\workspaces\openkit-dotnet\tests\openkit-dotnetcore-1.0.Tests\bin\Release\netcoreapp1.0\openkit-dotnetcore-1.0.Tests.dll" adapterTypeName="executor://nunit3testexecutor/" className="Dynatrace.OpenKit.Core.Caching.SpaceEvictionStrategyTest" name="TheStrategyIsDisabledIfCacheSizeUpperBoundIsLessThanLowerBound" /></UnitTest><UnitTest name="ADefaultConstructedBeaconCacheEvictorIsNotAlive" storage="c:\workspaces\openkit-dotnet\tests\openkit-dotnetcore-1.0.tests\bin\release\netcoreapp1.0\openkit-dotnetcore-1.0.tests.dll" id="70f19283-1d19-42e0-bcf8-609772262f7b"><Execution id="9171f3cd-b842-479b-aea9-85d5583eca30" /><TestMethod codeBase="C:\workspaces\openkit-dotnet\tests\openkit-dotnetcore-1.0.Tests\bin\Release\netcoreapp1.0\openkit-dotnetcore-1.0.Tests.dll" adapterTypeName="executor://nunit3testexecutor/" className="Dynatrace.OpenKit.Core.Caching.BeaconCacheEvictorTest" name="ADefaultConstructedBeaconCacheEvictorIsNotAlive" /></UnitTest><UnitTest name="ParsingMaxBeaconSize" storage="c:\workspaces\openkit-dotnet\tests\openkit-dotnetcore-1.0.tests\bin\release\netcoreapp1.0\openkit-dotnetcore-1.0.tests.dll" id="c9343990-7ca6-434b-a713-1b886c1915b7"><Execution id="d1141cec-3050-4a09-ad85-76d9a877a4f5" /><TestMethod codeBase="C:\workspaces\openkit-dotnet\tests\openkit-dotnetcore-1.0.Tests\bin\Release\netcoreapp1.0\openkit-dotnetcore-1.0.Tests.dll" adapterTypeName="executor://nunit3testexecutor/" className="Dynatrace.OpenKit.Protocol.StatusResponseTest" name="ParsingMaxBeaconSize" /></UnitTest><UnitTest name="IsWarnEnabledIsTrueIfVerboseIsFalse" storage="c:\workspaces\openkit-dotnet\tests\openkit-dotnetcore-1.0.tests\bin\release\netcoreapp1.0\openkit-dotnetcore-1.0.tests.dll" id="6437a71f-8bb3-45b8-b224-67b8711d1fd5"><Execution id="b3a9c169-772f-4ee6-823c-be7d5fb70d3c" /><TestMethod codeBase="C:\workspaces\openkit-dotnet\tests\openkit-dotnetcore-1.0.Tests\bin\Release\netcoreapp1.0\openkit-dotnetcore-1.0.Tests.dll" adapterTypeName="executor://nunit3testexecutor/" className="Dynatrace.OpenKit.Core.DefaultLoggerTest" name="IsWarnEnabledIsTrueIfVerboseIsFalse" /></UnitTest><UnitTest name="EndSequenceNumberIsSetToMinusOne" storage="c:\workspaces\openkit-dotnet\tests\openkit-dotnetcore-1.0.tests\bin\release\netcoreapp1.0\openkit-dotnetcore-1.0.tests.dll" id="27945476-73b1-4441-934e-44d1412b098c"><Execution id="ec66b713-ab36-468d-a2a6-ea414d03c1d6" /><TestMethod codeBase="C:\workspaces\openkit-dotnet\tests\openkit-dotnetcore-1.0.Tests\bin\Release\netcoreapp1.0\openkit-dotnetcore-1.0.Tests.dll" adapterTypeName="executor://nunit3testexecutor/" className="Dynatrace.OpenKit.Core.ActionTest" name="EndSequenceNumberIsSetToMinusOne" /></UnitTest><UnitTest name="WarningLogsAppropriateMessage" storage="c:\workspaces\openkit-dotnet\tests\openkit-dotnetcore-1.0.tests\bin\release\netcoreapp1.0\openkit-dotnetcore-1.0.tests.dll" id="37b66960-4112-434f-acc7-65fb134c25e8"><Execution id="dd80c396-662f-4e7f-82fb-b34111bae8d7" /><TestMethod codeBase="C:\workspaces\openkit-dotnet\tests\openkit-dotnetcore-1.0.Tests\bin\Release\netcoreapp1.0\openkit-dotnetcore-1.0.Tests.dll" adapterTypeName="executor://nunit3testexecutor/" className="Dynatrace.OpenKit.Core.DefaultLoggerTest" name="WarningLogsAppropriateMessage" /></UnitTest><UnitTest name="InitCompleteIsCalledForInitialRequestOnSuccess" storage="c:\workspaces\openkit-dotnet\tests\openkit-dotnetcore-1.0.tests\bin\release\netcoreapp1.0\openkit-dotnetcore-1.0.tests.dll" id="5d2c37bb-52f1-4853-8264-e7c0cd2b85cc"><Execution id="c8eed373-3e38-49e3-ac02-ff512dba4085" /><TestMethod codeBase="C:\workspaces\openkit-dotnet\tests\openkit-dotnetcore-1.0.Tests\bin\Release\netcoreapp1.0\openkit-dotnetcore-1.0.Tests.dll" adapterTypeName="executor://nunit3testexecutor/" className="Dynatrace.OpenKit.Core.Communication.BeaconSendingTimeSyncStateTest" name="InitCompleteIsCalledForInitialRequestOnSuccess" /></UnitTest><UnitTest name="TraceWebRequestGivesNullWebRequestTracerIfUrlIsAnEmptyString" storage="c:\workspaces\openkit-dotnet\tests\openkit-dotnetcore-1.0.tests\bin\release\netcoreapp1.0\openkit-dotnetcore-1.0.tests.dll" id="abf4cca6-a4d2-4e9d-bdac-56a361d3af56"><Execution id="357bc3c4-9184-4f6a-b79b-458acea883a7" /><TestMethod codeBase="C:\workspaces\openkit-dotnet\tests\openkit-dotnetcore-1.0.Tests\bin\Release\netcoreapp1.0\openkit-dotnetcore-1.0.Tests.dll" adapterTypeName="executor://nunit3testexecutor/" className="Dynatrace.OpenKit.Core.SessionTest" name="TraceWebRequestGivesNullWebRequestTracerIfUrlIsAnEmptyString" /></UnitTest><UnitTest name="InitCompleteIsNotCalledForNonInitialRequest" storage="c:\workspaces\openkit-dotnet\tests\openkit-dotnetcore-1.0.tests\bin\release\netcoreapp1.0\openkit-dotnetcore-1.0.tests.dll" id="ef93deb8-4d29-4eaa-94d1-6c6f22e9f5a8"><Execution id="1b62a37f-6643-46de-af70-5a5946995b35" /><TestMethod codeBase="C:\workspaces\openkit-dotnet\tests\openkit-dotnetcore-1.0.Tests\bin\Release\netcoreapp1.0\openkit-dotnetcore-1.0.Tests.dll" adapterTypeName="executor://nunit3testexecutor/" className="Dynatrace.OpenKit.Core.Communication.BeaconSendingTimeSyncStateTest" name="InitCompleteIsNotCalledForNonInitialRequest" /></UnitTest><UnitTest name="ReportStringValue" storage="c:\workspaces\openkit-dotnet\tests\openkit-dotnetcore-1.0.tests\bin\release\netcoreapp1.0\openkit-dotnetcore-1.0.tests.dll" id="0577a302-9349-440d-9ff4-b28380aa5c89"><Execution id="c0f0333a-f635-4bea-b884-1d49be06081b" /><TestMethod codeBase="C:\workspaces\openkit-dotnet\tests\openkit-dotnetcore-1.0.Tests\bin\Release\netcoreapp1.0\openkit-dotnetcore-1.0.Tests.dll" adapterTypeName="executor://nunit3testexecutor/" className="Dynatrace.OpenKit.Core.ActionTest" name="ReportStringValue" /></UnitTest><UnitTest name="CacheSizeLowerBound" storage="c:\workspaces\openkit-dotnet\tests\openkit-dotnetcore-1.0.tests\bin\release\netcoreapp1.0\openkit-dotnetcore-1.0.tests.dll" id="20ee215a-11bb-4e3c-b428-624aa5fe78e3"><Execution id="339fefdc-c0fb-4c58-992b-60523aee0b66" /><TestMethod codeBase="C:\workspaces\openkit-dotnet\tests\openkit-dotnetcore-1.0.Tests\bin\Release\netcoreapp1.0\openkit-dotnetcore-1.0.Tests.dll" adapterTypeName="executor://nunit3testexecutor/" className="Dynatrace.OpenKit.Core.Configuration.BeaconCacheConfigurationTest" name="CacheSizeLowerBound" /></UnitTest><UnitTest name="RemoveOldestRecordsRemovesEventDataIfActionDataIsEmpty" storage="c:\workspaces\openkit-dotnet\tests\openkit-dotnetcore-1.0.tests\bin\release\netcoreapp1.0\openkit-dotnetcore-1.0.tests.dll" id="bb847ebb-1108-4edb-9e79-cfd176eaee6d"><Execution id="2ff294c6-d198-4b2c-8d32-726746dec991" /><TestMethod codeBase="C:\workspaces\openkit-dotnet\tests\openkit-dotnetcore-1.0.Tests\bin\Release\netcoreapp1.0\openkit-dotnetcore-1.0.Tests.dll" adapterTypeName="executor://nunit3testexecutor/" className="Dynatrace.OpenKit.Core.Caching.BeaconCacheEntryTest" name="RemoveOldestRecordsRemovesEventDataIfActionDataIsEmpty" /></UnitTest><UnitTest name="SessionReportedForDataCollectionLevel2" storage="c:\workspaces\openkit-dotnet\tests\openkit-dotnetcore-1.0.tests\bin\release\netcoreapp1.0\openkit-dotnetcore-1.0.tests.dll" id="0cfc5b00-b029-4575-b882-b201ae52bd70"><Execution id="5ac9e9b6-f2e4-486a-9bdb-046df977d04c" /><TestMethod codeBase="C:\workspaces\openkit-dotnet\tests\openkit-dotnetcore-1.0.Tests\bin\Release\netcoreapp1.0\openkit-dotnetcore-1.0.Tests.dll" adapterTypeName="executor://nunit3testexecutor/" className="Dynatrace.OpenKit.Protocol.BeaconTest" name="SessionReportedForDataCollectionLevel2" /></UnitTest><UnitTest name="SendStatusRequestReturnsAnUnknownErrorResponseForUnparseableStatusResponse" storage="c:\workspaces\openkit-dotnet\tests\openkit-dotnetcore-1.0.tests\bin\release\netcoreapp1.0\openkit-dotnetcore-1.0.tests.dll" id="33074d8f-6811-440a-b659-27df0a536b22"><Execution id="f95e9b33-34f3-4070-9323-eb0e6f0ec3c6" /><TestMethod codeBase="C:\workspaces\openkit-dotnet\tests\openkit-dotnetcore-1.0.Tests\bin\Release\netcoreapp1.0\openkit-dotnetcore-1.0.Tests.dll" adapterTypeName="executor://nunit3testexecutor/" className="Dynatrace.OpenKit.Protocol.HTTPClientTest" name="SendStatusRequestReturnsAnUnknownErrorResponseForUnparseableStatusResponse" /></UnitTest><UnitTest name="InitCompleteIsCalledForInitialRequestOnFailure" storage="c:\workspaces\openkit-dotnet\tests\openkit-dotnetcore-1.0.tests\bin\release\netcoreapp1.0\openkit-dotnetcore-1.0.tests.dll" id="027ad974-bec2-4b00-9a7d-8a117420cca0"><Execution id="c5b0e4a5-3635-407c-b49e-71047ecf22d3" /><TestMethod codeBase="C:\workspaces\openkit-dotnet\tests\openkit-dotnetcore-1.0.Tests\bin\Release\netcoreapp1.0\openkit-dotnetcore-1.0.Tests.dll" adapterTypeName="executor://nunit3testexecutor/" className="Dynatrace.OpenKit.Core.Communication.BeaconSendingTimeSyncStateTest" name="InitCompleteIsCalledForInitialRequestOnFailure" /></UnitTest><UnitTest name="ExecuteEvictionLogsAMessageOnceAndReturnsIfStrategyIsDisabled" storage="c:\workspaces\openkit-dotnet\tests\openkit-dotnetcore-1.0.tests\bin\release\netcoreapp1.0\openkit-dotnetcore-1.0.tests.dll" id="0d379d45-c9fd-4c66-bb67-2b3fb4c92209"><Execution id="cd0e6f0e-4628-4f87-9151-509d87dda2b6" /><TestMethod codeBase="C:\workspaces\openkit-dotnet\tests\openkit-dotnetcore-1.0.Tests\bin\Release\netcoreapp1.0\openkit-dotnetcore-1.0.Tests.dll" adapterTypeName="executor://nunit3testexecutor/" className="Dynatrace.OpenKit.Core.Caching.SpaceEvictionStrategyTest" name="ExecuteEvictionLogsAMessageOnceAndReturnsIfStrategyIsDisabled" /></UnitTest><UnitTest name="ReportEvent" storage="c:\workspaces\openkit-dotnet\tests\openkit-dotnetcore-1.0.tests\bin\release\netcoreapp1.0\openkit-dotnetcore-1.0.tests.dll" id="d156be7d-3505-4a2f-b6e2-06337e222519"><Execution id="aa91f674-1612-4772-a5aa-1d6f586b65fd" /><TestMethod codeBase="C:\workspaces\openkit-dotnet\tests\openkit-dotnetcore-1.0.Tests\bin\Release\netcoreapp1.0\openkit-dotnetcore-1.0.Tests.dll" adapterTypeName="executor://nunit3testexecutor/" className="Dynatrace.OpenKit.Core.ActionTest" name="ReportEvent" /></UnitTest><UnitTest name="WhenBeaconConfigurationIsNotSetSendingIsNotAllowed" storage="c:\workspaces\openkit-dotnet\tests\openkit-dotnetcore-1.0.tests\bin\release\netcoreapp1.0\openkit-dotnetcore-1.0.tests.dll" id="a73f587e-6798-4e2a-b37d-983cdaf26986"><Execution id="f8a5e845-2d10-43dc-b52b-ad11bc79d064" /><TestMethod codeBase="C:\workspaces\openkit-dotnet\tests\openkit-dotnetcore-1.0.Tests\bin\Release\netcoreapp1.0\openkit-dotnetcore-1.0.Tests.dll" adapterTypeName="executor://nunit3testexecutor/" className="Dynatrace.OpenKit.Core.Communication.SessionWrapperTest" name="WhenBeaconConfigurationIsNotSetSendingIsNotAllowed" /></UnitTest><UnitTest name="ParsingInvalidNumericValueForCaptureErrorsThrowsException" storage="c:\workspaces\openkit-dotnet\tests\openkit-dotnetcore-1.0.tests\bin\release\netcoreapp1.0\openkit-dotnetcore-1.0.tests.dll" id="d33ee435-7991-4140-a337-8b0a0de8dfc2"><Execution id="6ed7d72d-ba8b-4cfd-a2f3-93c57e687113" /><TestMethod codeBase="C:\workspaces\openkit-dotnet\tests\openkit-dotnetcore-1.0.Tests\bin\Release\netcoreapp1.0\openkit-dotnetcore-1.0.Tests.dll" adapterTypeName="executor://nunit3testexecutor/" className="Dynatrace.OpenKit.Protocol.StatusResponseTest" name="ParsingInvalidNumericValueForCaptureErrorsThrowsException" /></UnitTest><UnitTest name="CanAddSentBytesValueZeroToWebRequestTracer" storage="c:\workspaces\openkit-dotnet\tests\openkit-dotnetcore-1.0.tests\bin\release\netcoreapp1.0\openkit-dotnetcore-1.0.tests.dll" id="243813fb-64d2-4a3c-991a-afc2fbd97e76"><Execution id="71ebef24-2468-4680-a3ba-bed61136cf46" /><TestMethod codeBase="C:\workspaces\openkit-dotnet\tests\openkit-dotnetcore-1.0.Tests\bin\Release\netcoreapp1.0\openkit-dotnetcore-1.0.Tests.dll" adapterTypeName="executor://nunit3testexecutor/" className="Dynatrace.OpenKit.Protocol.BeaconTest" name="CanAddSentBytesValueZeroToWebRequestTracer" /></UnitTest><UnitTest name="EnterActionGivesNewRootAction" storage="c:\workspaces\openkit-dotnet\tests\openkit-dotnetcore-1.0.tests\bin\release\netcoreapp1.0\openkit-dotnetcore-1.0.tests.dll" id="fdfc5b80-f4ed-4885-9834-3482bd306627"><Execution id="d9f56808-cb25-4613-a76b-ce0841ec12ec" /><TestMethod codeBase="C:\workspaces\openkit-dotnet\tests\openkit-dotnetcore-1.0.Tests\bin\Release\netcoreapp1.0\openkit-dotnetcore-1.0.Tests.dll" adapterTypeName="executor://nunit3testexecutor/" className="Dynatrace.OpenKit.Core.SessionTest" name="EnterActionGivesNewRootAction" /></UnitTest><UnitTest name="WhenBeaconConfigurationIsSetSendingIsDisallowedIfMultiplicityIsLessThanZero" storage="c:\workspaces\openkit-dotnet\tests\openkit-dotnetcore-1.0.tests\bin\release\netcoreapp1.0\openkit-dotnetcore-1.0.tests.dll" id="89db09a5-4684-43f9-bce9-de4276d899ba"><Execution id="7ff80d10-a0a7-42fc-8182-4dcec826dc5d" /><TestMethod codeBase="C:\workspaces\openkit-dotnet\tests\openkit-dotnetcore-1.0.Tests\bin\Release\netcoreapp1.0\openkit-dotnetcore-1.0.Tests.dll" adapterTypeName="executor://nunit3testexecutor/" className="Dynatrace.OpenKit.Core.Communication.SessionWrapperTest" name="WhenBeaconConfigurationIsSetSendingIsDisallowedIfMultiplicityIsLessThanZero" /></UnitTest><UnitTest name="IsEmptyCallsWrappedSession" storage="c:\workspaces\openkit-dotnet\tests\openkit-dotnetcore-1.0.tests\bin\release\netcoreapp1.0\openkit-dotnetcore-1.0.tests.dll" id="832f2f95-394d-4b3d-a9c4-aa0e1e4f7b88"><Execution id="3d9e585b-d827-4565-aa71-78353464d29b" /><TestMethod codeBase="C:\workspaces\openkit-dotnet\tests\openkit-dotnetcore-1.0.Tests\bin\Release\netcoreapp1.0\openkit-dotnetcore-1.0.Tests.dll" adapterTypeName="executor://nunit3testexecutor/" className="Dynatrace.OpenKit.Core.Communication.SessionWrapperTest" name="IsEmptyCallsWrappedSession" /></UnitTest><UnitTest name="GetTag" storage="c:\workspaces\openkit-dotnet\tests\openkit-dotnetcore-1.0.tests\bin\release\netcoreapp1.0\openkit-dotnetcore-1.0.tests.dll" id="bddc3bb5-14e5-4372-b329-ee6e65040457"><Execution id="4e0b9a11-c6f8-41e2-970b-f8edf3e6cfad" /><TestMethod codeBase="C:\workspaces\openkit-dotnet\tests\openkit-dotnetcore-1.0.Tests\bin\Release\netcoreapp1.0\openkit-dotnetcore-1.0.Tests.dll" adapterTypeName="executor://nunit3testexecutor/" className="Dynatrace.OpenKit.Core.WebRequestTracerBaseTest" name="GetTag" /></UnitTest><UnitTest name="SendBeaconRequestSendsOneHTTPPostRequest" storage="c:\workspaces\openkit-dotnet\tests\openkit-dotnetcore-1.0.tests\bin\release\netcoreapp1.0\openkit-dotnetcore-1.0.tests.dll" id="72ab8952-b9c2-443a-a97b-c4ee5e98f081"><Execution id="9609e62f-2468-40f0-8fde-7f37421df844" /><TestMethod codeBase="C:\workspaces\openkit-dotnet\tests\openkit-dotnetcore-1.0.Tests\bin\Release\netcoreapp1.0\openkit-dotnetcore-1.0.Tests.dll" adapterTypeName="executor://nunit3testexecutor/" className="Dynatrace.OpenKit.Protocol.HTTPClientTest" name="SendBeaconRequestSendsOneHTTPPostRequest" /></UnitTest><UnitTest name="ReceivingTooManyRequestsResponseDisablesCapturing" storage="c:\workspaces\openkit-dotnet\tests\openkit-dotnetcore-1.0.tests\bin\release\netcoreapp1.0\openkit-dotnetcore-1.0.tests.dll" id="7c8b134f-e0e6-48de-84bc-6771cba50f9b"><Execution id="3d1b7001-e3a6-48fc-bf79-607f211924b2" /><TestMethod codeBase="C:\workspaces\openkit-dotnet\tests\openkit-dotnetcore-1.0.Tests\bin\Release\netcoreapp1.0\openkit-dotnetcore-1.0.Tests.dll" adapterTypeName="executor://nunit3testexecutor/" className="Dynatrace.OpenKit.Core.Communication.BeaconSendingInitStateTest" name="ReceivingTooManyRequestsResponseDisablesCapturing" /></UnitTest><UnitTest name="DisposingAWebRequestTracerStopsIt" storage="c:\workspaces\openkit-dotnet\tests\openkit-dotnetcore-1.0.tests\bin\release\netcoreapp1.0\openkit-dotnetcore-1.0.tests.dll" id="c11edbfa-62f4-4017-a76d-4b8168f34793"><Execution id="cdbbb66a-06e4-49fc-b0a3-b3dfe156dc4e" /><TestMethod codeBase="C:\workspaces\openkit-dotnet\tests\openkit-dotnetcore-1.0.Tests\bin\Release\netcoreapp1.0\openkit-dotnetcore-1.0.Tests.dll" adapterTypeName="executor://nunit3testexecutor/" className="Dynatrace.OpenKit.Core.WebRequestTracerBaseTest" name="DisposingAWebRequestTracerStopsIt" /></UnitTest><UnitTest name="ShouldRunGivesFalseIfNumBytesInCacheIsEqualToUpperBoundLimit" storage="c:\workspaces\openkit-dotnet\tests\openkit-dotnetcore-1.0.tests\bin\release\netcoreapp1.0\openkit-dotnetcore-1.0.tests.dll" id="47cf8acc-58b4-4048-a82c-ce6cc3b8834c"><Execution id="a4b24322-d45b-49e1-8de5-1afbd45c1c61" /><TestMethod codeBase="C:\workspaces\openkit-dotnet\tests\openkit-dotnetcore-1.0.Tests\bin\Release\netcoreapp1.0\openkit-dotnetcore-1.0.Tests.dll" adapterTypeName="executor://nunit3testexecutor/" className="Dynatrace.OpenKit.Core.Caching.SpaceEvictionStrategyTest" name="ShouldRunGivesFalseIfNumBytesInCacheIsEqualToUpperBoundLimit" /></UnitTest><UnitTest name="LastRuntimeStampIsAdjustedDuringFirstExecution" storage="c:\workspaces\openkit-dotnet\tests\openkit-dotnetcore-1.0.tests\bin\release\netcoreapp1.0\openkit-dotnetcore-1.0.tests.dll" id="cf4f054b-c6e4-4fac-b4d3-4e0b02a3ec3b"><Execution id="6a054298-2586-4c94-b11d-eb36bd525e70" /><TestMethod codeBase="C:\workspaces\openkit-dotnet\tests\openkit-dotnetcore-1.0.Tests\bin\Release\netcoreapp1.0\openkit-dotnetcore-1.0.Tests.dll" adapterTypeName="executor://nunit3testexecutor/" className="Dynatrace.OpenKit.Core.Caching.TimeEvicitionStrategyTest" name="LastRuntimeStampIsAdjustedDuringFirstExecution" /></UnitTest><UnitTest name="DeviceIDIsRandomizedOnDataCollectionLevel0" storage="c:\workspaces\openkit-dotnet\tests\openkit-dotnetcore-1.0.tests\bin\release\netcoreapp1.0\openkit-dotnetcore-1.0.tests.dll" id="8dbae536-9599-4817-bb9a-06216b1b791a"><Execution id="fbb040e8-126c-464e-be99-2dadeb99b33b" /><TestMethod codeBase="C:\workspaces\openkit-dotnet\tests\openkit-dotnetcore-1.0.Tests\bin\Release\netcoreapp1.0\openkit-dotnetcore-1.0.Tests.dll" adapterTypeName="executor://nunit3testexecutor/" className="Dynatrace.OpenKit.Protocol.BeaconTest" name="DeviceIDIsRandomizedOnDataCollectionLevel0" /></UnitTest><UnitTest name="NoWebRequestIsReportedIfBeaconConfigurationDisablesCapturing" storage="c:\workspaces\openkit-dotnet\tests\openkit-dotnetcore-1.0.tests\bin\release\netcoreapp1.0\openkit-dotnetcore-1.0.tests.dll" id="9e7d93d1-f895-41c9-9324-05be0e65a2bd"><Execution id="46bf32f6-04e2-4d76-8a8b-71b99eef4fa9" /><TestMethod codeBase="C:\workspaces\openkit-dotnet\tests\openkit-dotnetcore-1.0.Tests\bin\Release\netcoreapp1.0\openkit-dotnetcore-1.0.Tests.dll" adapterTypeName="executor://nunit3testexecutor/" className="Dynatrace.OpenKit.Protocol.BeaconTest" name="NoWebRequestIsReportedIfBeaconConfigurationDisablesCapturing" /></UnitTest><UnitTest name="LeavingAnActionRemovesItselfFromListPassedInCtor" storage="c:\workspaces\openkit-dotnet\tests\openkit-dotnetcore-1.0.tests\bin\release\netcoreapp1.0\openkit-dotnetcore-1.0.tests.dll" id="e7deec9c-7a1a-46a3-9635-9b0b7cbf6536"><Execution id="892ed8c1-0fa5-413e-a09f-5e291738cafa" /><TestMethod codeBase="C:\workspaces\openkit-dotnet\tests\openkit-dotnetcore-1.0.Tests\bin\Release\netcoreapp1.0\openkit-dotnetcore-1.0.Tests.dll" adapterTypeName="executor://nunit3testexecutor/" className="Dynatrace.OpenKit.Core.ActionTest" name="LeavingAnActionRemovesItselfFromListPassedInCtor" /></UnitTest><UnitTest name="GetRetryAfterReturnsDefaultValueIfValueIsNotParsableAsInteger" storage="c:\workspaces\openkit-dotnet\tests\openkit-dotnetcore-1.0.tests\bin\release\netcoreapp1.0\openkit-dotnetcore-1.0.tests.dll" id="65b5a037-e8a1-4b61-bbf8-260bb6e98c11"><Execution id="bf54a938-70b0-41e9-aa4a-720b1375943c" /><TestMethod codeBase="C:\workspaces\openkit-dotnet\tests\openkit-dotnetcore-1.0.Tests\bin\Release\netcoreapp1.0\openkit-dotnetcore-1.0.Tests.dll" adapterTypeName="executor://nunit3testexecutor/" className="Dynatrace.OpenKit.Protocol.ResponseTest" name="GetRetryAfterReturnsDefaultValueIfValueIsNotParsableAsInteger" /></UnitTest><UnitTest name="IpV6AddressLinkLocalIsInvalidZoneIndexUsedWithInvalidPrefix" storage="c:\workspaces\openkit-dotnet\tests\openkit-dotnetcore-1.0.tests\bin\release\netcoreapp1.0\openkit-dotnetcore-1.0.tests.dll" id="b06455a3-5795-4186-8bc6-8aab96b779de"><Execution id="ac46c790-0d0f-4afc-9d42-879da1d14107" /><TestMethod codeBase="C:\workspaces\openkit-dotnet\tests\openkit-dotnetcore-1.0.Tests\bin\Release\netcoreapp1.0\openkit-dotnetcore-1.0.Tests.dll" adapterTypeName="executor://nunit3testexecutor/" className="Dynatrace.OpenKit.Core.Util.InetAddressValidatorTest" name="IpV6AddressLinkLocalIsInvalidZoneIndexUsedWithInvalidPrefix" /></UnitTest><UnitTest name="FinishingANewSessionStillLeavesItNew" storage="c:\workspaces\openkit-dotnet\tests\openkit-dotnetcore-1.0.tests\bin\release\netcoreapp1.0\openkit-dotnetcore-1.0.tests.dll" id="e1ef54fc-3995-409d-8636-496991336c65"><Execution id="72a2012e-a1af-45bc-a8ac-39dca920370e" /><TestMethod codeBase="C:\workspaces\openkit-dotnet\tests\openkit-dotnetcore-1.0.Tests\bin\Release\netcoreapp1.0\openkit-dotnetcore-1.0.Tests.dll" adapterTypeName="executor://nunit3testexecutor/" className="Dynatrace.OpenKit.Core.Communication.BeaconSendingContextTest" name="FinishingANewSessionStillLeavesItNew" /></UnitTest><UnitTest name="IpV4AddressIsInvalidDueToAdditionalCharacterInThirdBlock" storage="c:\workspaces\openkit-dotnet\tests\openkit-dotnetcore-1.0.tests\bin\release\netcoreapp1.0\openkit-dotnetcore-1.0.tests.dll" id="2d504c2d-bf83-4af1-8829-e822ff7e2cce"><Execution id="f4f72af0-2560-4370-ba31-c49a40ad7681" /><TestMethod codeBase="C:\workspaces\openkit-dotnet\tests\openkit-dotnetcore-1.0.Tests\bin\Release\netcoreapp1.0\openkit-dotnetcore-1.0.Tests.dll" adapterTypeName="executor://nunit3testexecutor/" className="Dynatrace.OpenKit.Core.Util.InetAddressValidatorTest" name="IpV4AddressIsInvalidDueToAdditionalCharacterInThirdBlock" /></UnitTest><UnitTest name="ABeaconSendingCaptureOffStateStaysInOffStateWhenServerRespondsWithTooManyRequests" storage="c:\workspaces\openkit-dotnet\tests\openkit-dotnetcore-1.0.tests\bin\release\netcoreapp1.0\openkit-dotnetcore-1.0.tests.dll" id="12c50ba7-4f2a-4ad2-aba2-cc67d0229dc3"><Execution id="6d7b218d-f471-459d-9adb-9abec697c35c" /><TestMethod codeBase="C:\workspaces\openkit-dotnet\tests\openkit-dotnetcore-1.0.Tests\bin\Release\netcoreapp1.0\openkit-dotnetcore-1.0.Tests.dll" adapterTypeName="executor://nunit3testexecutor/" className="Dynatrace.OpenKit.Core.Communication.BeaconSendingCaptureOffStateTest" name="ABeaconSendingCaptureOffStateStaysInOffStateWhenServerRespondsWithTooManyRequests" /></UnitTest><UnitTest name="CanAddRootActionIfCaptureIsOn" storage="c:\workspaces\openkit-dotnet\tests\openkit-dotnetcore-1.0.tests\bin\release\netcoreapp1.0\openkit-dotnetcore-1.0.tests.dll" id="bce7ed24-0941-4f11-9732-2d726a37cce0"><Execution id="6ad9c976-da0a-4c98-9b64-a09f13b57057" /><TestMethod codeBase="C:\workspaces\openkit-dotnet\tests\openkit-dotnetcore-1.0.Tests\bin\Release\netcoreapp1.0\openkit-dotnetcore-1.0.Tests.dll" adapterTypeName="executor://nunit3testexecutor/" className="Dynatrace.OpenKit.Protocol.BeaconTest" name="CanAddRootActionIfCaptureIsOn" /></UnitTest><UnitTest name="ErrorWithStacktraceLogsAppropriateMessage" storage="c:\workspaces\openkit-dotnet\tests\openkit-dotnetcore-1.0.tests\bin\release\netcoreapp1.0\openkit-dotnetcore-1.0.tests.dll" id="dce5cbbe-fd9e-4bd1-abb7-17538adbbf72"><Execution id="bcb50c11-e2c5-4ea9-b76d-cb2b1feec565" /><TestMethod codeBase="C:\workspaces\openkit-dotnet\tests\openkit-dotnetcore-1.0.Tests\bin\Release\netcoreapp1.0\openkit-dotnetcore-1.0.Tests.dll" adapterTypeName="executor://nunit3testexecutor/" className="Dynatrace.OpenKit.Core.DefaultLoggerTest" name="ErrorWithStacktraceLogsAppropriateMessage" /></UnitTest><UnitTest name="SendTimeSyncRequestWorksIfResponseIsNull" storage="c:\workspaces\openkit-dotnet\tests\openkit-dotnetcore-1.0.tests\bin\release\netcoreapp1.0\openkit-dotnetcore-1.0.tests.dll" id="a5a2e0e0-04eb-4d86-a33f-7a562837341a"><Execution id="4ce120d5-8686-42f3-a7e4-0a88ee14ae99" /><TestMethod codeBase="C:\workspaces\openkit-dotnet\tests\openkit-dotnetcore-1.0.Tests\bin\Release\netcoreapp1.0\openkit-dotnetcore-1.0.Tests.dll" adapterTypeName="executor://nunit3testexecutor/" className="Dynatrace.OpenKit.Protocol.HTTPClientTest" name="SendTimeSyncRequestWorksIfResponseIsNull" /></UnitTest><UnitTest name="RemoveRecordsOlderThanRemovesNothingIfNoActionOrEventDataExists" storage="c:\workspaces\openkit-dotnet\tests\openkit-dotnetcore-1.0.tests\bin\release\netcoreapp1.0\openkit-dotnetcore-1.0.tests.dll" id="fb538173-6266-4291-b44a-7c4d502bf3ea"><Execution id="697c7bf4-2f55-453c-883e-72730b8fcd4c" /><TestMethod codeBase="C:\workspaces\openkit-dotnet\tests\openkit-dotnetcore-1.0.Tests\bin\Release\netcoreapp1.0\openkit-dotnetcore-1.0.Tests.dll" adapterTypeName="executor://nunit3testexecutor/" className="Dynatrace.OpenKit.Core.Caching.BeaconCacheEntryTest" name="RemoveRecordsOlderThanRemovesNothingIfNoActionOrEventDataExists" /></UnitTest><UnitTest name="AddEventDataAddsBeaconIdToCache" storage="c:\workspaces\openkit-dotnet\tests\openkit-dotnetcore-1.0.tests\bin\release\netcoreapp1.0\openkit-dotnetcore-1.0.tests.dll" id="6d1c44b7-6b82-4d3c-95fe-fc0828e0749c"><Execution id="49d7daed-d132-44b8-8e99-23340851d7b5" /><TestMethod codeBase="C:\workspaces\openkit-dotnet\tests\openkit-dotnetcore-1.0.Tests\bin\Release\netcoreapp1.0\openkit-dotnetcore-1.0.Tests.dll" adapterTypeName="executor://nunit3testexecutor/" className="Dynatrace.OpenKit.Core.Caching.BeaconCacheTest" name="AddEventDataAddsBeaconIdToCache" /></UnitTest><UnitTest name="TwoInstancesAreNotEqualIfMarkedForSendingDiffers" storage="c:\workspaces\openkit-dotnet\tests\openkit-dotnetcore-1.0.tests\bin\release\netcoreapp1.0\openkit-dotnetcore-1.0.tests.dll" id="15d253bc-14f3-4379-b6be-67034c30660f"><Execution id="ce1d9172-8e7e-4f7f-8341-7fef993d95a9" /><TestMethod codeBase="C:\workspaces\openkit-dotnet\tests\openkit-dotnetcore-1.0.Tests\bin\Release\netcoreapp1.0\openkit-dotnetcore-1.0.Tests.dll" adapterTypeName="executor://nunit3testexecutor/" className="Dynatrace.OpenKit.Core.Caching.BeaconCacheRecordTest" name="TwoInstancesAreNotEqualIfMarkedForSendingDiffers" /></UnitTest><UnitTest name="DynatraceOpenKitBuilderTakesStringDeviceID" storage="c:\workspaces\openkit-dotnet\tests\openkit-dotnetcore-1.0.tests\bin\release\netcoreapp1.0\openkit-dotnetcore-1.0.tests.dll" id="c02e9136-cd5e-4ef1-af42-c393e0228804"><Execution id="51aefd25-a584-4152-8d2b-539303fe6a08" /><TestMethod codeBase="C:\workspaces\openkit-dotnet\tests\openkit-dotnetcore-1.0.Tests\bin\Release\netcoreapp1.0\openkit-dotnetcore-1.0.Tests.dll" adapterTypeName="executor://nunit3testexecutor/" className="Dynatrace.OpenKit.OpenKitBuilderTest" name="DynatraceOpenKitBuilderTakesStringDeviceID" /></UnitTest><UnitTest name="GivenDeviceIDIsUsedOnDataCollectionLevel2" storage="c:\workspaces\openkit-dotnet\tests\openkit-dotnetcore-1.0.tests\bin\release\netcoreapp1.0\openkit-dotnetcore-1.0.tests.dll" id="782a02d1-2b51-41aa-961e-379f4e28d872"><Execution id="30ea6b80-efc5-4bc7-aa17-565bc5e4d12b" /><TestMethod codeBase="C:\workspaces\openkit-dotnet\tests\openkit-dotnetcore-1.0.Tests\bin\Release\netcoreapp1.0\openkit-dotnetcore-1.0.Tests.dll" adapterTypeName="executor://nunit3testexecutor/" className="Dynatrace.OpenKit.Protocol.BeaconTest" name="GivenDeviceIDIsUsedOnDataCollectionLevel2" /></UnitTest><UnitTest name="TimeSyncIsSupportedIfInitCalledWithTrue" storage="c:\workspaces\openkit-dotnet\tests\openkit-dotnetcore-1.0.tests\bin\release\netcoreapp1.0\openkit-dotnetcore-1.0.tests.dll" id="d168b057-8c3e-4735-9b2c-5184722ea3c7"><Execution id="7e17b69f-bd41-4dfe-98f2-9683b1f59568" /><TestMethod codeBase="C:\workspaces\openkit-dotnet\tests\openkit-dotnetcore-1.0.Tests\bin\Release\netcoreapp1.0\openkit-dotnetcore-1.0.Tests.dll" adapterTypeName="executor://nunit3testexecutor/" className="Dynatrace.OpenKit.Providers.DefaultTimingProviderTest" name="TimeSyncIsSupportedIfInitCalledWithTrue" /></UnitTest><UnitTest name="IsErrorEnabledIsTrueIfVerboseIsFalse" storage="c:\workspaces\openkit-dotnet\tests\openkit-dotnetcore-1.0.tests\bin\release\netcoreapp1.0\openkit-dotnetcore-1.0.tests.dll" id="4bf1d349-d1ad-450a-abf4-40916fab169e"><Execution id="a07203ef-52bf-483b-b038-e306b95e8d35" /><TestMethod codeBase="C:\workspaces\openkit-dotnet\tests\openkit-dotnetcore-1.0.Tests\bin\Release\netcoreapp1.0\openkit-dotnetcore-1.0.Tests.dll" adapterTypeName="executor://nunit3testexecutor/" className="Dynatrace.OpenKit.Core.DefaultLoggerTest" name="IsErrorEnabledIsTrueIfVerboseIsFalse" /></UnitTest><UnitTest name="DefaultMultiplicityIsOne" storage="c:\workspaces\openkit-dotnet\tests\openkit-dotnetcore-1.0.tests\bin\release\netcoreapp1.0\openkit-dotnetcore-1.0.tests.dll" id="8093b9b3-19fc-42d4-a180-e052de178038"><Execution id="8a6344c3-407d-4bb7-8273-a9871f3c1a95" /><TestMethod codeBase="C:\workspaces\openkit-dotnet\tests\openkit-dotnetcore-1.0.Tests\bin\Release\netcoreapp1.0\openkit-dotnetcore-1.0.Tests.dll" adapterTypeName="executor://nunit3testexecutor/" className="Dynatrace.OpenKit.Protocol.StatusResponseTest" name="DefaultMultiplicityIsOne" /></UnitTest><UnitTest name="ExecuteEvictionDoesNotLogEvictionResultIfDebugIsDisabled" storage="c:\workspaces\openkit-dotnet\tests\openkit-dotnetcore-1.0.tests\bin\release\netcoreapp1.0\openkit-dotnetcore-1.0.tests.dll" id="793a7aab-d57b-4723-88f9-7f262728d6d7"><Execution id="dd77d53f-be5e-4722-a14c-5f2c6f393067" /><TestMethod codeBase="C:\workspaces\openkit-dotnet\tests\openkit-dotnetcore-1.0.Tests\bin\Release\netcoreapp1.0\openkit-dotnetcore-1.0.Tests.dll" adapterTypeName="executor://nunit3testexecutor/" className="Dynatrace.OpenKit.Core.Caching.SpaceEvictionStrategyTest" name="ExecuteEvictionDoesNotLogEvictionResultIfDebugIsDisabled" /></UnitTest><UnitTest name="ByDefaultBeaconConfigurationIsNotSet" storage="c:\workspaces\openkit-dotnet\tests\openkit-dotnetcore-1.0.tests\bin\release\netcoreapp1.0\openkit-dotnetcore-1.0.tests.dll" id="96f80c90-045e-4411-9362-f8c2fc1f52d4"><Execution id="c05b11cb-0805-4cd0-bf8d-6166ebfa0b24" /><TestMethod codeBase="C:\workspaces\openkit-dotnet\tests\openkit-dotnetcore-1.0.Tests\bin\Release\netcoreapp1.0\openkit-dotnetcore-1.0.Tests.dll" adapterTypeName="executor://nunit3testexecutor/" className="Dynatrace.OpenKit.Core.Communication.SessionWrapperTest" name="ByDefaultBeaconConfigurationIsNotSet" /></UnitTest><UnitTest name="StateIsNotTerminal" storage="c:\workspaces\openkit-dotnet\tests\openkit-dotnetcore-1.0.tests\bin\release\netcoreapp1.0\openkit-dotnetcore-1.0.tests.dll" id="5a428705-ea24-450e-9266-5c1f23a17e20"><Execution id="bbca2f8f-834d-418d-8feb-7f2f8c6e460f" /><TestMethod codeBase="C:\workspaces\openkit-dotnet\tests\openkit-dotnetcore-1.0.Tests\bin\Release\netcoreapp1.0\openkit-dotnetcore-1.0.Tests.dll" adapterTypeName="executor://nunit3testexecutor/" className="Dynatrace.OpenKit.Core.Communication.BeaconSendingInitStateTest" name="StateIsNotTerminal" /></UnitTest><UnitTest name="SendBeaconRequestReturnsAnUnknownErrorResponseForWrongHttpResponse" storage="c:\workspaces\openkit-dotnet\tests\openkit-dotnetcore-1.0.tests\bin\release\netcoreapp1.0\openkit-dotnetcore-1.0.tests.dll" id="ebafb1b2-c109-4694-a803-5a957c6a60ea"><Execution id="93e781f6-7594-41e9-82cb-50308ffe584e" /><TestMethod codeBase="C:\workspaces\openkit-dotnet\tests\openkit-dotnetcore-1.0.Tests\bin\Release\netcoreapp1.0\openkit-dotnetcore-1.0.Tests.dll" adapterTypeName="executor://nunit3testexecutor/" className="Dynatrace.OpenKit.Protocol.HTTPClientTest" name="SendBeaconRequestReturnsAnUnknownErrorResponseForWrongHttpResponse" /></UnitTest><UnitTest name="SendStatusRequestIsAbortedIfNumberOfRetriesIsExceeded" storage="c:\workspaces\openkit-dotnet\tests\openkit-dotnetcore-1.0.tests\bin\release\netcoreapp1.0\openkit-dotnetcore-1.0.tests.dll" id="1eb6f050-4e09-4ad4-b0c1-f131918847cf"><Execution id="62bf9906-f56c-4db1-9e67-3f37a3020254" /><TestMethod codeBase="C:\workspaces\openkit-dotnet\tests\openkit-dotnetcore-1.0.Tests\bin\Release\netcoreapp1.0\openkit-dotnetcore-1.0.Tests.dll" adapterTypeName="executor://nunit3testexecutor/" className="Dynatrace.OpenKit.Core.Communication.BeaconSendingRequestUtilTest" name="SendStatusRequestIsAbortedIfNumberOfRetriesIsExceeded" /></UnitTest><UnitTest name="ShutdownStateIsFlushState" storage="c:\workspaces\openkit-dotnet\tests\openkit-dotnetcore-1.0.tests\bin\release\netcoreapp1.0\openkit-dotnetcore-1.0.tests.dll" id="338da58f-faf9-4366-bfee-266bdec36410"><Execution id="8b0cf6c6-aba2-4672-bcb7-6e521f5e5923" /><TestMethod codeBase="C:\workspaces\openkit-dotnet\tests\openkit-dotnetcore-1.0.Tests\bin\Release\netcoreapp1.0\openkit-dotnetcore-1.0.Tests.dll" adapterTypeName="executor://nunit3testexecutor/" className="Dynatrace.OpenKit.Core.Communication.BeaconSendingCaptureOffStateTest" name="ShutdownStateIsFlushState" /></UnitTest><UnitTest name="SendStatusRequestWorksIfResponseIsNull" storage="c:\workspaces\openkit-dotnet\tests\openkit-dotnetcore-1.0.tests\bin\release\netcoreapp1.0\openkit-dotnetcore-1.0.tests.dll" id="c2d713b6-aa49-4804-a72c-75600fe20b4f"><Execution id="5dbeee70-afc9-41d8-8e0d-20cf17a70dd9" /><TestMethod codeBase="C:\workspaces\openkit-dotnet\tests\openkit-dotnetcore-1.0.Tests\bin\Release\netcoreapp1.0\openkit-dotnetcore-1.0.Tests.dll" adapterTypeName="executor://nunit3testexecutor/" className="Dynatrace.OpenKit.Protocol.HTTPClientTest" name="SendStatusRequestWorksIfResponseIsNull" /></UnitTest><UnitTest name="EnterActionGivesNullActionIfActionNameIsNull" storage="c:\workspaces\openkit-dotnet\tests\openkit-dotnetcore-1.0.tests\bin\release\netcoreapp1.0\openkit-dotnetcore-1.0.tests.dll" id="85563c5a-b6d6-4c6c-9228-b4e969089985"><Execution id="0ff47cb4-9f5c-4c1f-a27d-ddf37220137c" /><TestMethod codeBase="C:\workspaces\openkit-dotnet\tests\openkit-dotnetcore-1.0.Tests\bin\Release\netcoreapp1.0\openkit-dotnetcore-1.0.Tests.dll" adapterTypeName="executor://nunit3testexecutor/" className="Dynatrace.OpenKit.Core.SessionTest" name="EnterActionGivesNullActionIfActionNameIsNull" /></UnitTest><UnitTest name="IpV6AddressLinkLocalIsValidVeryShortLinkLocal" storage="c:\workspaces\openkit-dotnet\tests\openkit-dotnetcore-1.0.tests\bin\release\netcoreapp1.0\openkit-dotnetcore-1.0.tests.dll" id="3e8ee21c-1996-420d-8085-82e5b0e2d971"><Execution id="4d467c07-d26e-4d67-818b-f33699ec376d" /><TestMethod codeBase="C:\workspaces\openkit-dotnet\tests\openkit-dotnetcore-1.0.Tests\bin\Release\netcoreapp1.0\openkit-dotnetcore-1.0.Tests.dll" adapterTypeName="executor://nunit3testexecutor/" className="Dynatrace.OpenKit.Core.Util.InetAddressValidatorTest" name="IpV6AddressLinkLocalIsValidVeryShortLinkLocal" /></UnitTest><UnitTest name="CanSetDataCollectionLevelForDynatrace" storage="c:\workspaces\openkit-dotnet\tests\openkit-dotnetcore-1.0.tests\bin\release\netcoreapp1.0\openkit-dotnetcore-1.0.tests.dll" id="7cb86b4a-5339-43ef-91f0-a61a6339fd25"><Execution id="3f37779c-2cd1-46d5-b27d-46bfe6ebebec" /><TestMethod codeBase="C:\workspaces\openkit-dotnet\tests\openkit-dotnetcore-1.0.Tests\bin\Release\netcoreapp1.0\openkit-dotnetcore-1.0.Tests.dll" adapterTypeName="executor://nunit3testexecutor/" className="Dynatrace.OpenKit.OpenKitBuilderTest" name="CanSetDataCollectionLevelForDynatrace" /></UnitTest><UnitTest name="IpV4AddressIsInvalidDueToAdditionalCharacterInSecondBlock" storage="c:\workspaces\openkit-dotnet\tests\openkit-dotnetcore-1.0.tests\bin\release\netcoreapp1.0\openkit-dotnetcore-1.0.tests.dll" id="35060d86-fc5c-4670-8f30-69537b56d451"><Execution id="a41d0811-aa28-4236-ab4e-997ddbf267ef" /><TestMethod codeBase="C:\workspaces\openkit-dotnet\tests\openkit-dotnetcore-1.0.Tests\bin\Release\netcoreapp1.0\openkit-dotnetcore-1.0.Tests.dll" adapterTypeName="executor://nunit3testexecutor/" className="Dynatrace.OpenKit.Core.Util.InetAddressValidatorTest" name="IpV4AddressIsInvalidDueToAdditionalCharacterInSecondBlock" /></UnitTest><UnitTest name="ÉxecuteEvictionStopsIfThreadGetsInterruptedBetweenTwoBeacons" storage="c:\workspaces\openkit-dotnet\tests\openkit-dotnetcore-1.0.tests\bin\release\netcoreapp1.0\openkit-dotnetcore-1.0.tests.dll" id="3a878e19-d1da-48dd-b12b-4dd7a6f8aa44"><Execution id="d12b13de-c81e-4032-958a-f0a28e90a013" /><TestMethod codeBase="C:\workspaces\openkit-dotnet\tests\openkit-dotnetcore-1.0.Tests\bin\Release\netcoreapp1.0\openkit-dotnetcore-1.0.Tests.dll" adapterTypeName="executor://nunit3testexecutor/" className="Dynatrace.OpenKit.Core.Caching.SpaceEvictionStrategyTest" name="ÉxecuteEvictionStopsIfThreadGetsInterruptedBetweenTwoBeacons" /></UnitTest><UnitTest name="EndCallsWrappedSession" storage="c:\workspaces\openkit-dotnet\tests\openkit-dotnetcore-1.0.tests\bin\release\netcoreapp1.0\openkit-dotnetcore-1.0.tests.dll" id="f3d200e2-b398-47ba-8801-7b5c06131eb6"><Execution id="0cce4aba-6bc6-444d-acd2-bc47b628c496" /><TestMethod codeBase="C:\workspaces\openkit-dotnet\tests\openkit-dotnetcore-1.0.Tests\bin\Release\netcoreapp1.0\openkit-dotnetcore-1.0.Tests.dll" adapterTypeName="executor://nunit3testexecutor/" className="Dynatrace.OpenKit.Core.Communication.SessionWrapperTest" name="EndCallsWrappedSession" /></UnitTest><UnitTest name="MultiplicityIsSetToZeroIfNoFurtherNewSessionRequestsAreAllowed" storage="c:\workspaces\openkit-dotnet\tests\openkit-dotnetcore-1.0.tests\bin\release\netcoreapp1.0\openkit-dotnetcore-1.0.tests.dll" id="4b92b8b3-b392-4314-a5fc-50d11b2fb925"><Execution id="282123c3-7e0a-45b9-91cf-7a1590934f9b" /><TestMethod codeBase="C:\workspaces\openkit-dotnet\tests\openkit-dotnetcore-1.0.Tests\bin\Release\netcoreapp1.0\openkit-dotnetcore-1.0.Tests.dll" adapterTypeName="executor://nunit3testexecutor/" className="Dynatrace.OpenKit.Core.Communication.BeaconSendingCaptureOnStateTest" name="MultiplicityIsSetToZeroIfNoFurtherNewSessionRequestsAreAllowed" /></UnitTest><UnitTest name="IsTooManyRequestsResponseReturnsFalseIfResponseCodeIsNotEqualToTooManyRequestsCode" storage="c:\workspaces\openkit-dotnet\tests\openkit-dotnetcore-1.0.tests\bin\release\netcoreapp1.0\openkit-dotnetcore-1.0.tests.dll" id="d1fc86d3-1b0f-4d8e-b04b-fa4a6e9a2803"><Execution id="b9a12767-da99-4b7f-b02b-ec3ac26338dd" /><TestMethod codeBase="C:\workspaces\openkit-dotnet\tests\openkit-dotnetcore-1.0.Tests\bin\Release\netcoreapp1.0\openkit-dotnetcore-1.0.Tests.dll" adapterTypeName="executor://nunit3testexecutor/" className="Dynatrace.OpenKit.Core.Communication.BeaconSendingResponseUtilTest" name="IsTooManyRequestsResponseReturnsFalseIfResponseCodeIsNotEqualToTooManyRequestsCode" /></UnitTest><UnitTest name="StateIsNotTerminal" storage="c:\workspaces\openkit-dotnet\tests\openkit-dotnetcore-1.0.tests\bin\release\netcoreapp1.0\openkit-dotnetcore-1.0.tests.dll" id="3ef34a66-3eb5-403b-a2e3-3d6ae0cba3e5"><Execution id="15c923bb-6de5-4aa2-928b-b6e4e69cdbea" /><TestMethod codeBase="C:\workspaces\openkit-dotnet\tests\openkit-dotnetcore-1.0.Tests\bin\Release\netcoreapp1.0\openkit-dotnetcore-1.0.Tests.dll" adapterTypeName="executor://nunit3testexecutor/" className="Dynatrace.OpenKit.Core.Communication.BeaconSendingCaptureOnStateTest" name="StateIsNotTerminal" /></UnitTest><UnitTest name="DefaultBeaconConfigurationSetsMultiplicityToOne" storage="c:\workspaces\openkit-dotnet\tests\openkit-dotnetcore-1.0.tests\bin\release\netcoreapp1.0\openkit-dotnetcore-1.0.tests.dll" id="583a4fd1-3940-420c-b9ea-e5ea18b0f09e"><Execution id="d44e2a6b-5b10-42e9-a2b6-c8e8e27e47fb" /><TestMethod codeBase="C:\workspaces\openkit-dotnet\tests\openkit-dotnetcore-1.0.Tests\bin\Release\netcoreapp1.0\openkit-dotnetcore-1.0.Tests.dll" adapterTypeName="executor://nunit3testexecutor/" className="Dynatrace.OpenKit.Protocol.BeaconTest" name="DefaultBeaconConfigurationSetsMultiplicityToOne" /></UnitTest><UnitTest name="InfoLogsAppropriateMessage" storage="c:\workspaces\openkit-dotnet\tests\openkit-dotnetcore-1.0.tests\bin\release\netcoreapp1.0\openkit-dotnetcore-1.0.tests.dll" id="8ca8ab7d-a423-4575-a77b-2ca5a81a5727"><Execution id="4d085aba-2cb2-49b5-bffc-8372fbda1e57" /><TestMethod codeBase="C:\workspaces\openkit-dotnet\tests\openkit-dotnetcore-1.0.Tests\bin\Release\netcoreapp1.0\openkit-dotnetcore-1.0.Tests.dll" adapterTypeName="executor://nunit3testexecutor/" className="Dynatrace.OpenKit.Core.DefaultLoggerTest" name="InfoLogsAppropriateMessage" /></UnitTest><UnitTest name="ReportErrorDoesReportOnDataCollectionLevel2" storage="c:\workspaces\openkit-dotnet\tests\openkit-dotnetcore-1.0.tests\bin\release\netcoreapp1.0\openkit-dotnetcore-1.0.tests.dll" id="caf651ef-e08f-4959-98a7-4dc26763311d"><Execution id="6f4fe979-69e3-4dbc-8267-3ad4ef079a6d" /><TestMethod codeBase="C:\workspaces\openkit-dotnet\tests\openkit-dotnetcore-1.0.Tests\bin\Release\netcoreapp1.0\openkit-dotnetcore-1.0.Tests.dll" adapterTypeName="executor://nunit3testexecutor/" className="Dynatrace.OpenKit.Protocol.BeaconTest" name="ReportErrorDoesReportOnDataCollectionLevel2" /></UnitTest><UnitTest name="GetChunkGetsChunksFromEventDataBeforeActionData" storage="c:\workspaces\openkit-dotnet\tests\openkit-dotnetcore-1.0.tests\bin\release\netcoreapp1.0\openkit-dotnetcore-1.0.tests.dll" id="12d0051d-519a-470c-bb43-a61281d2502a"><Execution id="3f4adc4e-163d-4534-b2db-a9e5f5f6c612" /><TestMethod codeBase="C:\workspaces\openkit-dotnet\tests\openkit-dotnetcore-1.0.Tests\bin\Release\netcoreapp1.0\openkit-dotnetcore-1.0.Tests.dll" adapterTypeName="executor://nunit3testexecutor/" className="Dynatrace.OpenKit.Core.Caching.BeaconCacheEntryTest" name="GetChunkGetsChunksFromEventDataBeforeActionData" /></UnitTest><UnitTest name="CaptureErrorsIsFalseWhenItIsEqualToZero" storage="c:\workspaces\openkit-dotnet\tests\openkit-dotnetcore-1.0.tests\bin\release\netcoreapp1.0\openkit-dotnetcore-1.0.tests.dll" id="f1e8a6d5-4369-4de3-a4a4-8e6c66e27189"><Execution id="d4f59f0c-3f62-4e9c-bc5a-73cd4eb0be26" /><TestMethod codeBase="C:\workspaces\openkit-dotnet\tests\openkit-dotnetcore-1.0.Tests\bin\Release\netcoreapp1.0\openkit-dotnetcore-1.0.Tests.dll" adapterTypeName="executor://nunit3testexecutor/" className="Dynatrace.OpenKit.Protocol.StatusResponseTest" name="CaptureErrorsIsFalseWhenItIsEqualToZero" /></UnitTest><UnitTest name="SetBytesReceivedDoesNotSetAnythingIfStopped" storage="c:\workspaces\openkit-dotnet\tests\openkit-dotnetcore-1.0.tests\bin\release\netcoreapp1.0\openkit-dotnetcore-1.0.tests.dll" id="83ec401c-dc74-4145-9e78-bbcefff94980"><Execution id="3e73ae3f-ce0e-4114-bead-4ed934a51955" /><TestMethod codeBase="C:\workspaces\openkit-dotnet\tests\openkit-dotnetcore-1.0.Tests\bin\Release\netcoreapp1.0\openkit-dotnetcore-1.0.Tests.dll" adapterTypeName="executor://nunit3testexecutor/" className="Dynatrace.OpenKit.Core.WebRequestTracerBaseTest" name="SetBytesReceivedDoesNotSetAnythingIfStopped" /></UnitTest><UnitTest name="SessionStartIsReported" storage="c:\workspaces\openkit-dotnet\tests\openkit-dotnetcore-1.0.tests\bin\release\netcoreapp1.0\openkit-dotnetcore-1.0.tests.dll" id="46be68b2-c124-40ea-8f3f-7be441c31092"><Execution id="424419c4-155b-474c-8943-072c86e22c69" /><TestMethod codeBase="C:\workspaces\openkit-dotnet\tests\openkit-dotnetcore-1.0.Tests\bin\Release\netcoreapp1.0\openkit-dotnetcore-1.0.Tests.dll" adapterTypeName="executor://nunit3testexecutor/" className="Dynatrace.OpenKit.Protocol.BeaconTest" name="SessionStartIsReported" /></UnitTest><UnitTest name="LeavingAParentActionWillLeaveAllOpenChildActionsFirst" storage="c:\workspaces\openkit-dotnet\tests\openkit-dotnetcore-1.0.tests\bin\release\netcoreapp1.0\openkit-dotnetcore-1.0.tests.dll" id="47c3f19e-395f-4e63-9dc3-30c2071bce87"><Execution id="af7bcfa4-4f2e-4bfa-b4b6-8432229f9c90" /><TestMethod codeBase="C:\workspaces\openkit-dotnet\tests\openkit-dotnetcore-1.0.Tests\bin\Release\netcoreapp1.0\openkit-dotnetcore-1.0.Tests.dll" adapterTypeName="executor://nunit3testexecutor/" className="Dynatrace.OpenKit.Core.RootActionTest" name="LeavingAParentActionWillLeaveAllOpenChildActionsFirst" /></UnitTest><UnitTest name="CaptureCrashesIsFalseWhenItIsEqualToZero" storage="c:\workspaces\openkit-dotnet\tests\openkit-dotnetcore-1.0.tests\bin\release\netcoreapp1.0\openkit-dotnetcore-1.0.tests.dll" id="584f163d-ae82-4267-910b-524a26cf2746"><Execution id="b37b23d0-add2-42ec-b0fb-75713c3b73de" /><TestMethod codeBase="C:\workspaces\openkit-dotnet\tests\openkit-dotnetcore-1.0.Tests\bin\Release\netcoreapp1.0\openkit-dotnetcore-1.0.Tests.dll" adapterTypeName="executor://nunit3testexecutor/" className="Dynatrace.OpenKit.Protocol.StatusResponseTest" name="CaptureCrashesIsFalseWhenItIsEqualToZero" /></UnitTest><UnitTest name="CanSetBeaconCacheUpperMemoryBoundaryForDynatrace" storage="c:\workspaces\openkit-dotnet\tests\openkit-dotnetcore-1.0.tests\bin\release\netcoreapp1.0\openkit-dotnetcore-1.0.tests.dll" id="c5d118bb-7573-45a9-8e74-c8d02692fd83"><Execution id="f2016cc8-4ab8-4536-b63b-7354a6f2f349" /><TestMethod codeBase="C:\workspaces\openkit-dotnet\tests\openkit-dotnetcore-1.0.Tests\bin\Release\netcoreapp1.0\openkit-dotnetcore-1.0.Tests.dll" adapterTypeName="executor://nunit3testexecutor/" className="Dynatrace.OpenKit.OpenKitBuilderTest" name="CanSetBeaconCacheUpperMemoryBoundaryForDynatrace" /></UnitTest><UnitTest name="SendStatusRequestIsDoneWhenHttpClientReturnsASuccessfulResponse" storage="c:\workspaces\openkit-dotnet\tests\openkit-dotnetcore-1.0.tests\bin\release\netcoreapp1.0\openkit-dotnetcore-1.0.tests.dll" id="369b4b84-62ec-4c66-a9c6-6ee7bb10e11b"><Execution id="3dff3b18-cba3-4512-a184-bdbdf77d473a" /><TestMethod codeBase="C:\workspaces\openkit-dotnet\tests\openkit-dotnetcore-1.0.Tests\bin\Release\netcoreapp1.0\openkit-dotnetcore-1.0.Tests.dll" adapterTypeName="executor://nunit3testexecutor/" className="Dynatrace.OpenKit.Core.Communication.BeaconSendingRequestUtilTest" name="SendStatusRequestIsDoneWhenHttpClientReturnsASuccessfulResponse" /></UnitTest><UnitTest name="LastStatusCheckTimeIsSet" storage="c:\workspaces\openkit-dotnet\tests\openkit-dotnetcore-1.0.tests\bin\release\netcoreapp1.0\openkit-dotnetcore-1.0.tests.dll" id="c51730ee-7e01-4596-82d5-a31c7e6df57a"><Execution id="6753c7fc-a256-4a31-9c95-db1d716ecad9" /><TestMethod codeBase="C:\workspaces\openkit-dotnet\tests\openkit-dotnetcore-1.0.Tests\bin\Release\netcoreapp1.0\openkit-dotnetcore-1.0.Tests.dll" adapterTypeName="executor://nunit3testexecutor/" className="Dynatrace.OpenKit.Core.Communication.BeaconSendingContextTest" name="LastStatusCheckTimeIsSet" /></UnitTest><UnitTest name="NoCrashIsReportedIfBeaconConfigurationDisablesCapturing" storage="c:\workspaces\openkit-dotnet\tests\openkit-dotnetcore-1.0.tests\bin\release\netcoreapp1.0\openkit-dotnetcore-1.0.tests.dll" id="b0c6b360-79a3-4b07-a8d5-7119e1150c8c"><Execution id="a189598b-9fcc-4b0b-8759-869160aad1f3" /><TestMethod codeBase="C:\workspaces\openkit-dotnet\tests\openkit-dotnetcore-1.0.Tests\bin\Release\netcoreapp1.0\openkit-dotnetcore-1.0.Tests.dll" adapterTypeName="executor://nunit3testexecutor/" className="Dynatrace.OpenKit.Protocol.BeaconTest" name="NoCrashIsReportedIfBeaconConfigurationDisablesCapturing" /></UnitTest><UnitTest name="DefaultMaxBeaconSizeIsMinusOne" storage="c:\workspaces\openkit-dotnet\tests\openkit-dotnetcore-1.0.tests\bin\release\netcoreapp1.0\openkit-dotnetcore-1.0.tests.dll" id="e24b6907-466c-471d-b0c9-9387cfdc48ef"><Execution id="a14708c8-7af9-4ace-88e4-309c612d04c8" /><TestMethod codeBase="C:\workspaces\openkit-dotnet\tests\openkit-dotnetcore-1.0.Tests\bin\Release\netcoreapp1.0\openkit-dotnetcore-1.0.Tests.dll" adapterTypeName="executor://nunit3testexecutor/" className="Dynatrace.OpenKit.Protocol.StatusResponseTest" name="DefaultMaxBeaconSizeIsMinusOne" /></UnitTest><UnitTest name="SendTimeSyncRequestSendsOneHTTPGetRequest" storage="c:\workspaces\openkit-dotnet\tests\openkit-dotnetcore-1.0.tests\bin\release\netcoreapp1.0\openkit-dotnetcore-1.0.tests.dll" id="190c9d73-0002-462a-933c-39d73c38ebcd"><Execution id="aee85948-9cb7-422e-83a4-1bc023fb3eac" /><TestMethod codeBase="C:\workspaces\openkit-dotnet\tests\openkit-dotnetcore-1.0.Tests\bin\Release\netcoreapp1.0\openkit-dotnetcore-1.0.Tests.dll" adapterTypeName="executor://nunit3testexecutor/" className="Dynatrace.OpenKit.Protocol.HTTPClientTest" name="SendTimeSyncRequestSendsOneHTTPGetRequest" /></UnitTest><UnitTest name="SessionIDIsValueFromSessionIDProviderOnDataCollectionLevel2" storage="c:\workspaces\openkit-dotnet\tests\openkit-dotnetcore-1.0.tests\bin\release\netcoreapp1.0\openkit-dotnetcore-1.0.tests.dll" id="9edf06ee-52c8-4b3a-abda-5492b712e588"><Execution id="014a1ca5-16fa-4bc8-a601-4e3019c85183" /><TestMethod codeBase="C:\workspaces\openkit-dotnet\tests\openkit-dotnetcore-1.0.Tests\bin\Release\netcoreapp1.0\openkit-dotnetcore-1.0.Tests.dll" adapterTypeName="executor://nunit3testexecutor/" className="Dynatrace.OpenKit.Protocol.BeaconTest" name="SessionIDIsValueFromSessionIDProviderOnDataCollectionLevel2" /></UnitTest><UnitTest name="AddEventDataAddsDataToAlreadyExistingBeaconId" storage="c:\workspaces\openkit-dotnet\tests\openkit-dotnetcore-1.0.tests\bin\release\netcoreapp1.0\openkit-dotnetcore-1.0.tests.dll" id="23cb193b-cbd9-43d2-bd37-16d358ec4319"><Execution id="c803ab8d-67ce-4430-8bbf-397914629307" /><TestMethod codeBase="C:\workspaces\openkit-dotnet\tests\openkit-dotnetcore-1.0.Tests\bin\Release\netcoreapp1.0\openkit-dotnetcore-1.0.Tests.dll" adapterTypeName="executor://nunit3testexecutor/" className="Dynatrace.OpenKit.Core.Caching.BeaconCacheTest" name="AddEventDataAddsDataToAlreadyExistingBeaconId" /></UnitTest><UnitTest name="ShutdownStateIsFlushState" storage="c:\workspaces\openkit-dotnet\tests\openkit-dotnetcore-1.0.tests\bin\release\netcoreapp1.0\openkit-dotnetcore-1.0.tests.dll" id="898afd58-9a5e-4028-94d1-0873743a7c4b"><Execution id="9752efcf-317b-4942-8967-8165cbcd0cd8" /><TestMethod codeBase="C:\workspaces\openkit-dotnet\tests\openkit-dotnetcore-1.0.Tests\bin\Release\netcoreapp1.0\openkit-dotnetcore-1.0.Tests.dll" adapterTypeName="executor://nunit3testexecutor/" className="Dynatrace.OpenKit.Core.Communication.BeaconSendingCaptureOnStateTest" name="ShutdownStateIsFlushState" /></UnitTest><UnitTest name="DoubleValueNotReportedForDataCollectionLevel1" storage="c:\workspaces\openkit-dotnet\tests\openkit-dotnetcore-1.0.tests\bin\release\netcoreapp1.0\openkit-dotnetcore-1.0.tests.dll" id="1795f7d2-0883-496c-8ceb-d4233877a5bb"><Execution id="f7ce2a84-8c0c-472e-945c-91a1bd04cd56" /><TestMethod codeBase="C:\workspaces\openkit-dotnet\tests\openkit-dotnetcore-1.0.Tests\bin\Release\netcoreapp1.0\openkit-dotnetcore-1.0.Tests.dll" adapterTypeName="executor://nunit3testexecutor/" className="Dynatrace.OpenKit.Protocol.BeaconTest" name="DoubleValueNotReportedForDataCollectionLevel1" /></UnitTest><UnitTest name="StateTransitionToCaptureOffIsMadeIfTooManyRequestsResponseIsReceived" storage="c:\workspaces\openkit-dotnet\tests\openkit-dotnetcore-1.0.tests\bin\release\netcoreapp1.0\openkit-dotnetcore-1.0.tests.dll" id="4ecae45f-6194-4882-b575-a6d2fc6d3c1a"><Execution id="3f8804ea-d8b8-4ceb-ab19-cc6c2615053b" /><TestMethod codeBase="C:\workspaces\openkit-dotnet\tests\openkit-dotnetcore-1.0.Tests\bin\Release\netcoreapp1.0\openkit-dotnetcore-1.0.Tests.dll" adapterTypeName="executor://nunit3testexecutor/" className="Dynatrace.OpenKit.Core.Communication.BeaconSendingTimeSyncStateTest" name="StateTransitionToCaptureOffIsMadeIfTooManyRequestsResponseIsReceived" /></UnitTest><UnitTest name="SendNewSessionRequestWorksIfResponseIsNull" storage="c:\workspaces\openkit-dotnet\tests\openkit-dotnetcore-1.0.tests\bin\release\netcoreapp1.0\openkit-dotnetcore-1.0.tests.dll" id="a6c47670-888e-4827-ae3e-3671c168cb1c"><Execution id="1c36b6f9-f409-4437-9f1f-bf803ee40a4b" /><TestMethod codeBase="C:\workspaces\openkit-dotnet\tests\openkit-dotnetcore-1.0.Tests\bin\Release\netcoreapp1.0\openkit-dotnetcore-1.0.Tests.dll" adapterTypeName="executor://nunit3testexecutor/" className="Dynatrace.OpenKit.Protocol.HTTPClientTest" name="SendNewSessionRequestWorksIfResponseIsNull" /></UnitTest><UnitTest name="CanSetApplicationVersionForDynatrace" storage="c:\workspaces\openkit-dotnet\tests\openkit-dotnetcore-1.0.tests\bin\release\netcoreapp1.0\openkit-dotnetcore-1.0.tests.dll" id="c7bdfe73-c8e6-4b5b-9303-aee09afa8234"><Execution id="5e20cf6f-8136-4ba5-88d0-72d2b2a98f41" /><TestMethod codeBase="C:\workspaces\openkit-dotnet\tests\openkit-dotnetcore-1.0.Tests\bin\Release\netcoreapp1.0\openkit-dotnetcore-1.0.Tests.dll" adapterTypeName="executor://nunit3testexecutor/" className="Dynatrace.OpenKit.OpenKitBuilderTest" name="CanSetApplicationVersionForDynatrace" /></UnitTest><UnitTest name="ReportCrashDoesReportOnCrashReportingLevel2" storage="c:\workspaces\openkit-dotnet\tests\openkit-dotnetcore-1.0.tests\bin\release\netcoreapp1.0\openkit-dotnetcore-1.0.tests.dll" id="93f945f2-8515-4823-9dc2-c4f2f0dde08e"><Execution id="52b16f25-705b-469f-a07b-09f624fc7b9a" /><TestMethod codeBase="C:\workspaces\openkit-dotnet\tests\openkit-dotnetcore-1.0.Tests\bin\Release\netcoreapp1.0\openkit-dotnetcore-1.0.Tests.dll" adapterTypeName="executor://nunit3testexecutor/" className="Dynatrace.OpenKit.Protocol.BeaconTest" name="ReportCrashDoesReportOnCrashReportingLevel2" /></UnitTest><UnitTest name="IsEmptyGivesFalseIfBeaconDataSizeIsNotEqualToZero" storage="c:\workspaces\openkit-dotnet\tests\openkit-dotnetcore-1.0.tests\bin\release\netcoreapp1.0\openkit-dotnetcore-1.0.tests.dll" id="8ab6a7c7-08a5-4b4e-ba7a-691dcf333c9f"><Execution id="33035eb9-686e-4906-8115-d33a4cc150a7" /><TestMethod codeBase="C:\workspaces\openkit-dotnet\tests\openkit-dotnetcore-1.0.Tests\bin\Release\netcoreapp1.0\openkit-dotnetcore-1.0.Tests.dll" adapterTypeName="executor://nunit3testexecutor/" className="Dynatrace.OpenKit.Core.Caching.BeaconCacheTest" name="IsEmptyGivesFalseIfBeaconDataSizeIsNotEqualToZero" /></UnitTest><UnitTest name="ASchemeIsInvalidIfInvalidCharactersAreEncountered" storage="c:\workspaces\openkit-dotnet\tests\openkit-dotnetcore-1.0.tests\bin\release\netcoreapp1.0\openkit-dotnetcore-1.0.tests.dll" id="39d5fdd3-64a8-49b9-833d-806b58fc348a"><Execution id="23ed4566-5fb7-4a0a-97f8-e0abd96780e0" /><TestMethod codeBase="C:\workspaces\openkit-dotnet\tests\openkit-dotnetcore-1.0.Tests\bin\Release\netcoreapp1.0\openkit-dotnetcore-1.0.Tests.dll" adapterTypeName="executor://nunit3testexecutor/" className="Dynatrace.OpenKit.Core.WebRequestTracerStringURLTest" name="ASchemeIsInvalidIfInvalidCharactersAreEncountered" /></UnitTest><UnitTest name="NullIsNotAValidURLScheme" storage="c:\workspaces\openkit-dotnet\tests\openkit-dotnetcore-1.0.tests\bin\release\netcoreapp1.0\openkit-dotnetcore-1.0.tests.dll" id="45785542-928f-4a58-8b73-336e0890ff0e"><Execution id="08374b97-a699-4e9e-ad56-1e2bffcb7415" /><TestMethod codeBase="C:\workspaces\openkit-dotnet\tests\openkit-dotnetcore-1.0.Tests\bin\Release\netcoreapp1.0\openkit-dotnetcore-1.0.Tests.dll" adapterTypeName="executor://nunit3testexecutor/" className="Dynatrace.OpenKit.Core.WebRequestTracerStringURLTest" name="NullIsNotAValidURLScheme" /></UnitTest><UnitTest name="InitCompleteIsCalledIfShutdownIsRequested" storage="c:\workspaces\openkit-dotnet\tests\openkit-dotnetcore-1.0.tests\bin\release\netcoreapp1.0\openkit-dotnetcore-1.0.tests.dll" id="92cb91a1-9054-46ba-b90b-c7bb22e2dd1d"><Execution id="9b042264-be8e-4575-ad15-28949603c760" /><TestMethod codeBase="C:\workspaces\openkit-dotnet\tests\openkit-dotnetcore-1.0.Tests\bin\Release\netcoreapp1.0\openkit-dotnetcore-1.0.Tests.dll" adapterTypeName="executor://nunit3testexecutor/" className="Dynatrace.OpenKit.Core.Communication.BeaconSendingInitStateTest" name="InitCompleteIsCalledIfShutdownIsRequested" /></UnitTest><UnitTest name="StartTimeIsSetInConstructor" storage="c:\workspaces\openkit-dotnet\tests\openkit-dotnetcore-1.0.tests\bin\release\netcoreapp1.0\openkit-dotnetcore-1.0.tests.dll" id="4627f1e4-c20f-45bb-97d9-88aa4148d22f"><Execution id="ba5db2d3-daff-4fcb-84dd-b2a8228dd80d" /><TestMethod codeBase="C:\workspaces\openkit-dotnet\tests\openkit-dotnetcore-1.0.Tests\bin\Release\netcoreapp1.0\openkit-dotnetcore-1.0.Tests.dll" adapterTypeName="executor://nunit3testexecutor/" className="Dynatrace.OpenKit.Core.ActionTest" name="StartTimeIsSetInConstructor" /></UnitTest><UnitTest name="DefaultMonitorNameIsNull" storage="c:\workspaces\openkit-dotnet\tests\openkit-dotnetcore-1.0.tests\bin\release\netcoreapp1.0\openkit-dotnetcore-1.0.tests.dll" id="3daae409-ab62-4f38-9c71-c89e8f58df8a"><Execution id="d0adf4d7-ad4e-40ed-aea2-a2c436c34f27" /><TestMethod codeBase="C:\workspaces\openkit-dotnet\tests\openkit-dotnetcore-1.0.Tests\bin\Release\netcoreapp1.0\openkit-dotnetcore-1.0.Tests.dll" adapterTypeName="executor://nunit3testexecutor/" className="Dynatrace.OpenKit.Protocol.StatusResponseTest" name="DefaultMonitorNameIsNull" /></UnitTest><UnitTest name="WaitForInitWhenWithTimeoutSuccess" storage="c:\workspaces\openkit-dotnet\tests\openkit-dotnetcore-1.0.tests\bin\release\netcoreapp1.0\openkit-dotnetcore-1.0.tests.dll" id="e9a6c8cf-8bce-4b4e-b6bb-b218b2092960"><Execution id="3c613662-a0df-448d-9151-6f79a8e654a5" /><TestMethod codeBase="C:\workspaces\openkit-dotnet\tests\openkit-dotnetcore-1.0.Tests\bin\Release\netcoreapp1.0\openkit-dotnetcore-1.0.Tests.dll" adapterTypeName="executor://nunit3testexecutor/" className="Dynatrace.OpenKit.Core.Communication.BeaconSendingContextTest" name="WaitForInitWhenWithTimeoutSuccess" /></UnitTest><UnitTest name="DisposingAnActionLeavesTheAction" storage="c:\workspaces\openkit-dotnet\tests\openkit-dotnetcore-1.0.tests\bin\release\netcoreapp1.0\openkit-dotnetcore-1.0.tests.dll" id="539f7401-dd90-4a65-bbef-f8471ed698a0"><Execution id="fa2abcc4-373a-423e-80f6-8621c0c2285a" /><TestMethod codeBase="C:\workspaces\openkit-dotnet\tests\openkit-dotnetcore-1.0.Tests\bin\Release\netcoreapp1.0\openkit-dotnetcore-1.0.Tests.dll" adapterTypeName="executor://nunit3testexecutor/" className="Dynatrace.OpenKit.Core.ActionTest" name="DisposingAnActionLeavesTheAction" /></UnitTest><UnitTest name="SendingFinishedSessionsIsAbortedImmediatelyWhenTooManyRequestsResponseIsReceived" storage="c:\workspaces\openkit-dotnet\tests\openkit-dotnetcore-1.0.tests\bin\release\netcoreapp1.0\openkit-dotnetcore-1.0.tests.dll" id="2f0575f6-cc7a-49be-9cfe-f4dc9b22d4fd"><Execution id="3ff5419e-18ab-429a-bff0-85409e70843b" /><TestMethod codeBase="C:\workspaces\openkit-dotnet\tests\openkit-dotnetcore-1.0.Tests\bin\Release\netcoreapp1.0\openkit-dotnetcore-1.0.Tests.dll" adapterTypeName="executor://nunit3testexecutor/" className="Dynatrace.OpenKit.Core.Communication.BeaconSendingCaptureOnStateTest" name="SendingFinishedSessionsIsAbortedImmediatelyWhenTooManyRequestsResponseIsReceived" /></UnitTest><UnitTest name="RemoveOldestRecordsRemovesEventDataIfTopEventDataAndActionDataHaveSameTimestamp" storage="c:\workspaces\openkit-dotnet\tests\openkit-dotnetcore-1.0.tests\bin\release\netcoreapp1.0\openkit-dotnetcore-1.0.tests.dll" id="be30344d-f683-4fcf-a023-92cb05584b4b"><Execution id="0b34f5cf-ce12-4db8-ab57-418d6bfa7635" /><TestMethod codeBase="C:\workspaces\openkit-dotnet\tests\openkit-dotnetcore-1.0.Tests\bin\Release\netcoreapp1.0\openkit-dotnetcore-1.0.Tests.dll" adapterTypeName="executor://nunit3testexecutor/" className="Dynatrace.OpenKit.Core.Caching.BeaconCacheEntryTest" name="RemoveOldestRecordsRemovesEventDataIfTopEventDataAndActionDataHaveSameTimestamp" /></UnitTest><UnitTest name="WaitForInitWhenWithTimeoutFailed" storage="c:\workspaces\openkit-dotnet\tests\openkit-dotnetcore-1.0.tests\bin\release\netcoreapp1.0\openkit-dotnetcore-1.0.tests.dll" id="021485d3-842c-407e-bb44-9af41f452ca3"><Execution id="a10d0e5e-1536-471b-b91f-f50362b28f24" /><TestMethod codeBase="C:\workspaces\openkit-dotnet\tests\openkit-dotnetcore-1.0.Tests\bin\Release\netcoreapp1.0\openkit-dotnetcore-1.0.Tests.dll" adapterTypeName="executor://nunit3testexecutor/" className="Dynatrace.OpenKit.Core.Communication.BeaconSendingContextTest" name="WaitForInitWhenWithTimeoutFailed" /></UnitTest><UnitTest name="TheStrategyIsDisabledIfBeaconMaxAgeIsSetToLessThanZero" storage="c:\workspaces\openkit-dotnet\tests\openkit-dotnetcore-1.0.tests\bin\release\netcoreapp1.0\openkit-dotnetcore-1.0.tests.dll" id="eb33d674-1fde-44d5-b77d-95a421dc9fff"><Execution id="9a9ccc02-2868-473f-809c-074905f0aaec" /><TestMethod codeBase="C:\workspaces\openkit-dotnet\tests\openkit-dotnetcore-1.0.Tests\bin\Release\netcoreapp1.0\openkit-dotnetcore-1.0.Tests.dll" adapterTypeName="executor://nunit3testexecutor/" className="Dynatrace.OpenKit.Core.Caching.TimeEvicitionStrategyTest" name="TheStrategyIsDisabledIfBeaconMaxAgeIsSetToLessThanZero" /></UnitTest><UnitTest name="NoEventIsReportedIfBeaconConfigurationDisablesCapturing" storage="c:\workspaces\openkit-dotnet\tests\openkit-dotnetcore-1.0.tests\bin\release\netcoreapp1.0\openkit-dotnetcore-1.0.tests.dll" id="cf8bbdbf-f564-4e9d-84e1-7b0fa8051211"><Execution id="335ef280-bcfd-4b06-aa4d-6c7693f8e05f" /><TestMethod codeBase="C:\workspaces\openkit-dotnet\tests\openkit-dotnetcore-1.0.Tests\bin\Release\netcoreapp1.0\openkit-dotnetcore-1.0.Tests.dll" adapterTypeName="executor://nunit3testexecutor/" className="Dynatrace.OpenKit.Protocol.BeaconTest" name="NoEventIsReportedIfBeaconConfigurationDisablesCapturing" /></UnitTest><UnitTest name="AmpersandIsNotAValidKeyValueSeparator" storage="c:\workspaces\openkit-dotnet\tests\openkit-dotnetcore-1.0.tests\bin\release\netcoreapp1.0\openkit-dotnetcore-1.0.tests.dll" id="299431d0-8059-4e63-bdcc-00310ff75260"><Execution id="c6c6f4f2-0dae-4f0b-aa77-41b38e58fa31" /><TestMethod codeBase="C:\workspaces\openkit-dotnet\tests\openkit-dotnetcore-1.0.Tests\bin\Release\netcoreapp1.0\openkit-dotnetcore-1.0.Tests.dll" adapterTypeName="executor://nunit3testexecutor/" className="Dynatrace.OpenKit.Protocol.StatusResponseTest" name="AmpersandIsNotAValidKeyValueSeparator" /></UnitTest><UnitTest name="SendStatusRequestReturnsAnUnknownErrorResponseForWrongHttpResponse" storage="c:\workspaces\openkit-dotnet\tests\openkit-dotnetcore-1.0.tests\bin\release\netcoreapp1.0\openkit-dotnetcore-1.0.tests.dll" id="b4d84b76-3c0b-4161-b288-055f37963e47"><Execution id="3f2ddca7-719f-471a-a201-1731a7640208" /><TestMethod codeBase="C:\workspaces\openkit-dotnet\tests\openkit-dotnetcore-1.0.Tests\bin\Release\netcoreapp1.0\openkit-dotnetcore-1.0.Tests.dll" adapterTypeName="executor://nunit3testexecutor/" className="Dynatrace.OpenKit.Protocol.HTTPClientTest" name="SendStatusRequestReturnsAnUnknownErrorResponseForWrongHttpResponse" /></UnitTest><UnitTest name="ShouldRunGivesFalseIfNumBytesInCacheIsLessThanUpperBoundLimit" storage="c:\workspaces\openkit-dotnet\tests\openkit-dotnetcore-1.0.tests\bin\release\netcoreapp1.0\openkit-dotnetcore-1.0.tests.dll" id="80223036-68ac-442e-a8b3-eeeb4e5df0c8"><Execution id="86af52bc-253b-496d-8c01-d03a5c917c2a" /><TestMethod codeBase="C:\workspaces\openkit-dotnet\tests\openkit-dotnetcore-1.0.Tests\bin\Release\netcoreapp1.0\openkit-dotnetcore-1.0.Tests.dll" adapterTypeName="executor://nunit3testexecutor/" className="Dynatrace.OpenKit.Core.Caching.SpaceEvictionStrategyTest" name="ShouldRunGivesFalseIfNumBytesInCacheIsLessThanUpperBoundLimit" /></UnitTest><UnitTest name="SetResponseCodeSetsTheResponseCode" storage="c:\workspaces\openkit-dotnet\tests\openkit-dotnetcore-1.0.tests\bin\release\netcoreapp1.0\openkit-dotnetcore-1.0.tests.dll" id="f25a0632-1da9-4d06-9feb-32c78c437b99"><Execution id="485d569e-adb6-43b4-a46c-642780c2d10d" /><TestMethod codeBase="C:\workspaces\openkit-dotnet\tests\openkit-dotnetcore-1.0.Tests\bin\Release\netcoreapp1.0\openkit-dotnetcore-1.0.Tests.dll" adapterTypeName="executor://nunit3testexecutor/" className="Dynatrace.OpenKit.Core.WebRequestTracerBaseTest" name="SetResponseCodeSetsTheResponseCode" /></UnitTest><UnitTest name="DefaultCaptureIsOn" storage="c:\workspaces\openkit-dotnet\tests\openkit-dotnetcore-1.0.tests\bin\release\netcoreapp1.0\openkit-dotnetcore-1.0.tests.dll" id="81103788-68a7-439a-b970-54b2c7cfe52f"><Execution id="6162c734-8d96-45aa-9918-a8ad0cb6eff1" /><TestMethod codeBase="C:\workspaces\openkit-dotnet\tests\openkit-dotnetcore-1.0.Tests\bin\Release\netcoreapp1.0\openkit-dotnetcore-1.0.Tests.dll" adapterTypeName="executor://nunit3testexecutor/" className="Dynatrace.OpenKit.Protocol.StatusResponseTest" name="DefaultCaptureIsOn" /></UnitTest><UnitTest name="DeviceIDIsTruncatedTo250Characters" storage="c:\workspaces\openkit-dotnet\tests\openkit-dotnetcore-1.0.tests\bin\release\netcoreapp1.0\openkit-dotnetcore-1.0.tests.dll" id="e44083f4-b7ba-4c68-80e0-87b5f1872fe7"><Execution id="04210c18-3d47-42ef-a959-8e510ceeebcc" /><TestMethod codeBase="C:\workspaces\openkit-dotnet\tests\openkit-dotnetcore-1.0.Tests\bin\Release\netcoreapp1.0\openkit-dotnetcore-1.0.Tests.dll" adapterTypeName="executor://nunit3testexecutor/" className="Dynatrace.OpenKit.Protocol.BeaconTest" name="DeviceIDIsTruncatedTo250Characters" /></UnitTest><UnitTest name="ReportEventDoesNothingIfActionIsLeft" storage="c:\workspaces\openkit-dotnet\tests\openkit-dotnetcore-1.0.tests\bin\release\netcoreapp1.0\openkit-dotnetcore-1.0.tests.dll" id="27735332-f46d-4f43-add6-d45efc1daadf"><Execution id="675dc294-9a13-4fbc-a828-9afe58d420a3" /><TestMethod codeBase="C:\workspaces\openkit-dotnet\tests\openkit-dotnetcore-1.0.Tests\bin\Release\netcoreapp1.0\openkit-dotnetcore-1.0.Tests.dll" adapterTypeName="executor://nunit3testexecutor/" className="Dynatrace.OpenKit.Core.ActionTest" name="ReportEventDoesNothingIfActionIsLeft" /></UnitTest><UnitTest name="SendBeaconRequestForwardsClientIP" storage="c:\workspaces\openkit-dotnet\tests\openkit-dotnetcore-1.0.tests\bin\release\netcoreapp1.0\openkit-dotnetcore-1.0.tests.dll" id="2dc050be-f6fe-424c-9e42-b63a83e040b2"><Execution id="b4fa0f58-7dab-419d-ac7f-a97a7f69a9ff" /><TestMethod codeBase="C:\workspaces\openkit-dotnet\tests\openkit-dotnetcore-1.0.Tests\bin\Release\netcoreapp1.0\openkit-dotnetcore-1.0.Tests.dll" adapterTypeName="executor://nunit3testexecutor/" className="Dynatrace.OpenKit.Protocol.HTTPClientTest" name="SendBeaconRequestForwardsClientIP" /></UnitTest><UnitTest name="CanAddReceivedBytesValueZeroToWebRequestTracer" storage="c:\workspaces\openkit-dotnet\tests\openkit-dotnetcore-1.0.tests\bin\release\netcoreapp1.0\openkit-dotnetcore-1.0.tests.dll" id="c320c10c-9cd9-4ff6-a7ba-7a392983aa44"><Execution id="362a7b85-c368-4318-9904-e6f29919e86e" /><TestMethod codeBase="C:\workspaces\openkit-dotnet\tests\openkit-dotnetcore-1.0.Tests\bin\Release\netcoreapp1.0\openkit-dotnetcore-1.0.Tests.dll" adapterTypeName="executor://nunit3testexecutor/" className="Dynatrace.OpenKit.Protocol.BeaconTest" name="CanAddReceivedBytesValueZeroToWebRequestTracer" /></UnitTest><UnitTest name="ToStringReturnStateName" storage="c:\workspaces\openkit-dotnet\tests\openkit-dotnetcore-1.0.tests\bin\release\netcoreapp1.0\openkit-dotnetcore-1.0.tests.dll" id="c873e85a-9fc0-40a0-b053-7b5d576c1e72"><Execution id="26945d1e-d4ab-4dd5-842d-74556410a434" /><TestMethod codeBase="C:\workspaces\openkit-dotnet\tests\openkit-dotnetcore-1.0.Tests\bin\Release\netcoreapp1.0\openkit-dotnetcore-1.0.Tests.dll" adapterTypeName="executor://nunit3testexecutor/" className="Dynatrace.OpenKit.Core.Communication.BeaconSendingFlushSessionsStateTest" name="ToStringReturnStateName" /></UnitTest><UnitTest name="ParsingSendInterval" storage="c:\workspaces\openkit-dotnet\tests\openkit-dotnetcore-1.0.tests\bin\release\netcoreapp1.0\openkit-dotnetcore-1.0.tests.dll" id="5faaef72-4dbd-4031-bf16-dd8265e7e774"><Execution id="ae478bbb-7f7d-49d1-a678-ca47a26af0e7" /><TestMethod codeBase="C:\workspaces\openkit-dotnet\tests\openkit-dotnetcore-1.0.Tests\bin\Release\netcoreapp1.0\openkit-dotnetcore-1.0.Tests.dll" adapterTypeName="executor://nunit3testexecutor/" className="Dynatrace.OpenKit.Protocol.StatusResponseTest" name="ParsingSendInterval" /></UnitTest><UnitTest name="IsErroneousResponseGivesTrueForErrorCodeGreaterThan400" storage="c:\workspaces\openkit-dotnet\tests\openkit-dotnetcore-1.0.tests\bin\release\netcoreapp1.0\openkit-dotnetcore-1.0.tests.dll" id="a1055238-cdd0-4b61-85e7-df98ba654099"><Execution id="913094ef-db50-4328-a919-556bbc3d218b" /><TestMethod codeBase="C:\workspaces\openkit-dotnet\tests\openkit-dotnetcore-1.0.Tests\bin\Release\netcoreapp1.0\openkit-dotnetcore-1.0.Tests.dll" adapterTypeName="executor://nunit3testexecutor/" className="Dynatrace.OpenKit.Protocol.ResponseTest" name="IsErroneousResponseGivesTrueForErrorCodeGreaterThan400" /></UnitTest><UnitTest name="SessionStartIsReportedForDataCollectionLevel1" storage="c:\workspaces\openkit-dotnet\tests\openkit-dotnetcore-1.0.tests\bin\release\netcoreapp1.0\openkit-dotnetcore-1.0.tests.dll" id="8bdbea7b-4f8d-409f-b504-dab3da89c8fd"><Execution id="3ff8f0b4-2b2a-4eba-8c0d-400735702e9c" /><TestMethod codeBase="C:\workspaces\openkit-dotnet\tests\openkit-dotnetcore-1.0.Tests\bin\Release\netcoreapp1.0\openkit-dotnetcore-1.0.Tests.dll" adapterTypeName="executor://nunit3testexecutor/" className="Dynatrace.OpenKit.Protocol.BeaconTest" name="SessionStartIsReportedForDataCollectionLevel1" /></UnitTest><UnitTest name="ANewlyCreatedActionHasAnID" storage="c:\workspaces\openkit-dotnet\tests\openkit-dotnetcore-1.0.tests\bin\release\netcoreapp1.0\openkit-dotnetcore-1.0.tests.dll" id="f5b1c302-2fea-42ac-bb4f-a72e4521a247"><Execution id="54905579-b414-4ea7-9ebc-56bbc6c94648" /><TestMethod codeBase="C:\workspaces\openkit-dotnet\tests\openkit-dotnetcore-1.0.Tests\bin\Release\netcoreapp1.0\openkit-dotnetcore-1.0.Tests.dll" adapterTypeName="executor://nunit3testexecutor/" className="Dynatrace.OpenKit.Core.ActionTest" name="ANewlyCreatedActionHasAnID" /></UnitTest><UnitTest name="SendBeaconRequestReturnsErrorCode" storage="c:\workspaces\openkit-dotnet\tests\openkit-dotnetcore-1.0.tests\bin\release\netcoreapp1.0\openkit-dotnetcore-1.0.tests.dll" id="7f6964cb-5940-4ba6-b5ed-9d9ee2c81b05"><Execution id="ef473ceb-9808-40f6-89c3-d6dc449a413c" /><TestMethod codeBase="C:\workspaces\openkit-dotnet\tests\openkit-dotnetcore-1.0.Tests\bin\Release\netcoreapp1.0\openkit-dotnetcore-1.0.Tests.dll" adapterTypeName="executor://nunit3testexecutor/" className="Dynatrace.OpenKit.Protocol.HTTPClientTest" name="SendBeaconRequestReturnsErrorCode" /></UnitTest><UnitTest name="AfterStartingABeaconCacheEvictorItIsAlive" storage="c:\workspaces\openkit-dotnet\tests\openkit-dotnetcore-1.0.tests\bin\release\netcoreapp1.0\openkit-dotnetcore-1.0.tests.dll" id="a7202614-57d4-4f82-8f81-0f33636e7b44"><Execution id="2ab1fd58-69f3-4181-853d-986e15fdc64e" /><TestMethod codeBase="C:\workspaces\openkit-dotnet\tests\openkit-dotnetcore-1.0.Tests\bin\Release\netcoreapp1.0\openkit-dotnetcore-1.0.Tests.dll" adapterTypeName="executor://nunit3testexecutor/" className="Dynatrace.OpenKit.Core.Caching.BeaconCacheEvictorTest" name="AfterStartingABeaconCacheEvictorItIsAlive" /></UnitTest><UnitTest name="CanSetManufactureForDynatrace" storage="c:\workspaces\openkit-dotnet\tests\openkit-dotnetcore-1.0.tests\bin\release\netcoreapp1.0\openkit-dotnetcore-1.0.tests.dll" id="8665fd9d-98e0-475d-9610-30f04e21964f"><Execution id="5eec5639-a747-4a59-87cd-919795b8108a" /><TestMethod codeBase="C:\workspaces\openkit-dotnet\tests\openkit-dotnetcore-1.0.Tests\bin\Release\netcoreapp1.0\openkit-dotnetcore-1.0.Tests.dll" adapterTypeName="executor://nunit3testexecutor/" className="Dynatrace.OpenKit.OpenKitBuilderTest" name="CanSetManufactureForDynatrace" /></UnitTest><UnitTest name="RemoveDataMarkedForSendingReturnsIfDataHasNotBeenCopied" storage="c:\workspaces\openkit-dotnet\tests\openkit-dotnetcore-1.0.tests\bin\release\netcoreapp1.0\openkit-dotnetcore-1.0.tests.dll" id="6e4fe0fd-be45-4c7b-915e-8debb96e1220"><Execution id="7c27cef4-d9b3-4195-8f6d-6e714f887680" /><TestMethod codeBase="C:\workspaces\openkit-dotnet\tests\openkit-dotnetcore-1.0.Tests\bin\Release\netcoreapp1.0\openkit-dotnetcore-1.0.Tests.dll" adapterTypeName="executor://nunit3testexecutor/" className="Dynatrace.OpenKit.Core.Caching.BeaconCacheEntryTest" name="RemoveDataMarkedForSendingReturnsIfDataHasNotBeenCopied" /></UnitTest><UnitTest name="IpV6AddressMixedNotationIsValid_ZerosIPv6NonCompressed" storage="c:\workspaces\openkit-dotnet\tests\openkit-dotnetcore-1.0.tests\bin\release\netcoreapp1.0\openkit-dotnetcore-1.0.tests.dll" id="cb839d3a-c7f3-41e4-bc8c-7c6cec4597a4"><Execution id="b81a9a69-6424-4042-8c70-a592829ec00b" /><TestMethod codeBase="C:\workspaces\openkit-dotnet\tests\openkit-dotnetcore-1.0.Tests\bin\Release\netcoreapp1.0\openkit-dotnetcore-1.0.Tests.dll" adapterTypeName="executor://nunit3testexecutor/" className="Dynatrace.OpenKit.Core.Util.InetAddressValidatorTest" name="IpV6AddressMixedNotationIsValid_ZerosIPv6NonCompressed" /></UnitTest><UnitTest name="ADefaultConstructedSessionWrapperCanSendRequests" storage="c:\workspaces\openkit-dotnet\tests\openkit-dotnetcore-1.0.tests\bin\release\netcoreapp1.0\openkit-dotnetcore-1.0.tests.dll" id="bb9ddb1f-9aaa-4971-a263-d4313aea97b7"><Execution id="d92e4536-2b39-4c5b-824a-36416a72928b" /><TestMethod codeBase="C:\workspaces\openkit-dotnet\tests\openkit-dotnetcore-1.0.Tests\bin\Release\netcoreapp1.0\openkit-dotnetcore-1.0.Tests.dll" adapterTypeName="executor://nunit3testexecutor/" className="Dynatrace.OpenKit.Core.Communication.SessionWrapperTest" name="ADefaultConstructedSessionWrapperCanSendRequests" /></UnitTest><UnitTest name="ReportCrashDoesNothingIfErrorNameIsAnEmptyString" storage="c:\workspaces\openkit-dotnet\tests\openkit-dotnetcore-1.0.tests\bin\release\netcoreapp1.0\openkit-dotnetcore-1.0.tests.dll" id="e97c67d5-b113-44d2-ac92-663666809751"><Execution id="1fd9a906-cade-4681-89c9-2d1db65bef86" /><TestMethod codeBase="C:\workspaces\openkit-dotnet\tests\openkit-dotnetcore-1.0.Tests\bin\Release\netcoreapp1.0\openkit-dotnetcore-1.0.Tests.dll" adapterTypeName="executor://nunit3testexecutor/" className="Dynatrace.OpenKit.Core.SessionTest" name="ReportCrashDoesNothingIfErrorNameIsAnEmptyString" /></UnitTest><UnitTest name="IsErrorEnabledIsTrueIfVerboseIsTrue" storage="c:\workspaces\openkit-dotnet\tests\openkit-dotnetcore-1.0.tests\bin\release\netcoreapp1.0\openkit-dotnetcore-1.0.tests.dll" id="66c508ee-2143-4ec8-ad1f-449d10211280"><Execution id="b21fa4d9-18be-4619-9309-fec06c99e788" /><TestMethod codeBase="C:\workspaces\openkit-dotnet\tests\openkit-dotnetcore-1.0.Tests\bin\Release\netcoreapp1.0\openkit-dotnetcore-1.0.Tests.dll" adapterTypeName="executor://nunit3testexecutor/" className="Dynatrace.OpenKit.Core.DefaultLoggerTest" name="IsErrorEnabledIsTrueIfVerboseIsTrue" /></UnitTest><UnitTest name="ParentIDIsEqualToParentActionsID" storage="c:\workspaces\openkit-dotnet\tests\openkit-dotnetcore-1.0.tests\bin\release\netcoreapp1.0\openkit-dotnetcore-1.0.tests.dll" id="d4e4a002-a3f3-4e2e-b90f-fc27e5b19c0a"><Execution id="d0974a47-48b0-4240-93a0-7c9fa997e8c6" /><TestMethod codeBase="C:\workspaces\openkit-dotnet\tests\openkit-dotnetcore-1.0.Tests\bin\Release\netcoreapp1.0\openkit-dotnetcore-1.0.Tests.dll" adapterTypeName="executor://nunit3testexecutor/" className="Dynatrace.OpenKit.Core.ActionTest" name="ParentIDIsEqualToParentActionsID" /></UnitTest><UnitTest name="EnterActionReturnsNullActionIfAlreadyLeft" storage="c:\workspaces\openkit-dotnet\tests\openkit-dotnetcore-1.0.tests\bin\release\netcoreapp1.0\openkit-dotnetcore-1.0.tests.dll" id="2e7a2f53-77c5-4a08-9ff4-54144b055950"><Execution id="2d516d7e-8cac-4a3a-8247-fa1dd37beaa3" /><TestMethod codeBase="C:\workspaces\openkit-dotnet\tests\openkit-dotnetcore-1.0.Tests\bin\Release\netcoreapp1.0\openkit-dotnetcore-1.0.Tests.dll" adapterTypeName="executor://nunit3testexecutor/" className="Dynatrace.OpenKit.Core.RootActionTest" name="EnterActionReturnsNullActionIfAlreadyLeft" /></UnitTest><UnitTest name="PassingNullResponseStringDoesNotThrow" storage="c:\workspaces\openkit-dotnet\tests\openkit-dotnetcore-1.0.tests\bin\release\netcoreapp1.0\openkit-dotnetcore-1.0.tests.dll" id="301dcef0-bf70-4992-b107-d7f976ae084f"><Execution id="e6446021-82c9-4a72-a490-a80e2aadc5b7" /><TestMethod codeBase="C:\workspaces\openkit-dotnet\tests\openkit-dotnetcore-1.0.Tests\bin\Release\netcoreapp1.0\openkit-dotnetcore-1.0.Tests.dll" adapterTypeName="executor://nunit3testexecutor/" className="Dynatrace.OpenKit.Protocol.TimeSyncResponseTest" name="PassingNullResponseStringDoesNotThrow" /></UnitTest><UnitTest name="TransitionToTimeSyncIsPerformedOnSuccess" storage="c:\workspaces\openkit-dotnet\tests\openkit-dotnetcore-1.0.tests\bin\release\netcoreapp1.0\openkit-dotnetcore-1.0.tests.dll" id="4eff2e16-b6ec-46fc-a29b-6635c00fbb4d"><Execution id="9a0edab1-c071-4502-a4c5-34047bf93a28" /><TestMethod codeBase="C:\workspaces\openkit-dotnet\tests\openkit-dotnetcore-1.0.Tests\bin\Release\netcoreapp1.0\openkit-dotnetcore-1.0.Tests.dll" adapterTypeName="executor://nunit3testexecutor/" className="Dynatrace.OpenKit.Core.Communication.BeaconSendingInitStateTest" name="TransitionToTimeSyncIsPerformedOnSuccess" /></UnitTest><UnitTest name="TimeSyncRequestsAreInterruptedAfterUnsuccessfulRetriesWithNullResponse" storage="c:\workspaces\openkit-dotnet\tests\openkit-dotnetcore-1.0.tests\bin\release\netcoreapp1.0\openkit-dotnetcore-1.0.tests.dll" id="f10f067f-453c-4271-9763-1d5750aebc3d"><Execution id="91717709-15a5-443a-a4e1-f0323878dd42" /><TestMethod codeBase="C:\workspaces\openkit-dotnet\tests\openkit-dotnetcore-1.0.Tests\bin\Release\netcoreapp1.0\openkit-dotnetcore-1.0.Tests.dll" adapterTypeName="executor://nunit3testexecutor/" className="Dynatrace.OpenKit.Core.Communication.BeaconSendingTimeSyncStateTest" name="TimeSyncRequestsAreInterruptedAfterUnsuccessfulRetriesWithNullResponse" /></UnitTest><UnitTest name="DeleteCacheEntriesDoesNothingIfGivenBeaconIDIsNotInCache" storage="c:\workspaces\openkit-dotnet\tests\openkit-dotnetcore-1.0.tests\bin\release\netcoreapp1.0\openkit-dotnetcore-1.0.tests.dll" id="5e6e2587-d2d9-4e20-8bdc-650afe15b8cf"><Execution id="870523c1-71fa-41cd-8cf0-8d753133fe4d" /><TestMethod codeBase="C:\workspaces\openkit-dotnet\tests\openkit-dotnetcore-1.0.Tests\bin\Release\netcoreapp1.0\openkit-dotnetcore-1.0.Tests.dll" adapterTypeName="executor://nunit3testexecutor/" className="Dynatrace.OpenKit.Core.Caching.BeaconCacheTest" name="DeleteCacheEntriesDoesNothingIfGivenBeaconIDIsNotInCache" /></UnitTest><UnitTest name="ADefaultConstructedConfigurationDisablesCrashReporting" storage="c:\workspaces\openkit-dotnet\tests\openkit-dotnetcore-1.0.tests\bin\release\netcoreapp1.0\openkit-dotnetcore-1.0.tests.dll" id="835d1c3a-5ff5-428e-9e22-3e80e4285d8c"><Execution id="9dcdcde2-b04d-40d2-a7de-b7d273f4273a" /><TestMethod codeBase="C:\workspaces\openkit-dotnet\tests\openkit-dotnetcore-1.0.Tests\bin\Release\netcoreapp1.0\openkit-dotnetcore-1.0.Tests.dll" adapterTypeName="executor://nunit3testexecutor/" className="Dynatrace.OpenKit.Core.Configuration.OpenKitConfigurationTest" name="ADefaultConstructedConfigurationDisablesCrashReporting" /></UnitTest><UnitTest name="ADifferentTypeIsNotConsideredEqual" storage="c:\workspaces\openkit-dotnet\tests\openkit-dotnetcore-1.0.tests\bin\release\netcoreapp1.0\openkit-dotnetcore-1.0.tests.dll" id="6bab2081-1165-4b57-aef5-9efa325d1403"><Execution id="34bd3d8e-b8d4-4c34-9f19-2b8ce1f50b57" /><TestMethod codeBase="C:\workspaces\openkit-dotnet\tests\openkit-dotnetcore-1.0.Tests\bin\Release\netcoreapp1.0\openkit-dotnetcore-1.0.Tests.dll" adapterTypeName="executor://nunit3testexecutor/" className="Dynatrace.OpenKit.Core.Caching.BeaconCacheRecordTest" name="ADifferentTypeIsNotConsideredEqual" /></UnitTest><UnitTest name="SendNewSessionRequestReturnsAnUnknownErrorResponseForWrongHttpResponse" storage="c:\workspaces\openkit-dotnet\tests\openkit-dotnetcore-1.0.tests\bin\release\netcoreapp1.0\openkit-dotnetcore-1.0.tests.dll" id="d274ebc6-1fab-488f-bc5a-d316aa4cdce2"><Execution id="d7a8afa4-0360-45f0-a5ca-5c3b1b9185cd" /><TestMethod codeBase="C:\workspaces\openkit-dotnet\tests\openkit-dotnetcore-1.0.Tests\bin\Release\netcoreapp1.0\openkit-dotnetcore-1.0.Tests.dll" adapterTypeName="executor://nunit3testexecutor/" className="Dynatrace.OpenKit.Protocol.HTTPClientTest" name="SendNewSessionRequestReturnsAnUnknownErrorResponseForWrongHttpResponse" /></UnitTest><UnitTest name="DefaultsAreSetForDynatrace" storage="c:\workspaces\openkit-dotnet\tests\openkit-dotnetcore-1.0.tests\bin\release\netcoreapp1.0\openkit-dotnetcore-1.0.tests.dll" id="a56bb305-5d1b-4f67-b4f2-31cefab2d19a"><Execution id="608b0f7d-6320-4406-9ac1-752c3c01691c" /><TestMethod codeBase="C:\workspaces\openkit-dotnet\tests\openkit-dotnetcore-1.0.Tests\bin\Release\netcoreapp1.0\openkit-dotnetcore-1.0.Tests.dll" adapterTypeName="executor://nunit3testexecutor/" className="Dynatrace.OpenKit.OpenKitBuilderTest" name="DefaultsAreSetForDynatrace" /></UnitTest><UnitTest name="TraceWebRequestGivesValidWebRequestTracer" storage="c:\workspaces\openkit-dotnet\tests\openkit-dotnetcore-1.0.tests\bin\release\netcoreapp1.0\openkit-dotnetcore-1.0.tests.dll" id="107c2f99-28dd-4a16-a231-56cceea66f78"><Execution id="e98e1eae-935b-4584-abd4-d17c3e9a5cfe" /><TestMethod codeBase="C:\workspaces\openkit-dotnet\tests\openkit-dotnetcore-1.0.Tests\bin\Release\netcoreapp1.0\openkit-dotnetcore-1.0.Tests.dll" adapterTypeName="executor://nunit3testexecutor/" className="Dynatrace.OpenKit.Core.ActionTest" name="TraceWebRequestGivesValidWebRequestTracer" /></UnitTest><UnitTest name="ExecuteEvictionDoesNotLogIfStrategyIsDisabledAndInfoIsDisabledInLogger" storage="c:\workspaces\openkit-dotnet\tests\openkit-dotnetcore-1.0.tests\bin\release\netcoreapp1.0\openkit-dotnetcore-1.0.tests.dll" id="c5af0cc4-035d-467e-b1f3-1108101c8bb3"><Execution id="efdcf4eb-1239-495e-a88d-dff22b81f72e" /><TestMethod codeBase="C:\workspaces\openkit-dotnet\tests\openkit-dotnetcore-1.0.Tests\bin\Release\netcoreapp1.0\openkit-dotnetcore-1.0.Tests.dll" adapterTypeName="executor://nunit3testexecutor/" className="Dynatrace.OpenKit.Core.Caching.SpaceEvictionStrategyTest" name="ExecuteEvictionDoesNotLogIfStrategyIsDisabledAndInfoIsDisabledInLogger" /></UnitTest><UnitTest name="IpV6AddressHexCompressedIsInvalidFirstBlockMissing" storage="c:\workspaces\openkit-dotnet\tests\openkit-dotnetcore-1.0.tests\bin\release\netcoreapp1.0\openkit-dotnetcore-1.0.tests.dll" id="bc59bf58-bc9f-4675-80ad-fe82be6dad0a"><Execution id="0944d978-2c7d-44f5-9c66-58671fc71f20" /><TestMethod codeBase="C:\workspaces\openkit-dotnet\tests\openkit-dotnetcore-1.0.Tests\bin\Release\netcoreapp1.0\openkit-dotnetcore-1.0.Tests.dll" adapterTypeName="executor://nunit3testexecutor/" className="Dynatrace.OpenKit.Core.Util.InetAddressValidatorTest" name="IpV6AddressHexCompressedIsInvalidFirstBlockMissing" /></UnitTest><UnitTest name="FinishedSessionsAreSent" storage="c:\workspaces\openkit-dotnet\tests\openkit-dotnetcore-1.0.tests\bin\release\netcoreapp1.0\openkit-dotnetcore-1.0.tests.dll" id="d5b1963f-1289-462f-87db-bbf3cd0a6b08"><Execution id="8ec6be4f-c1b2-41a9-a9a0-12d50d20039a" /><TestMethod codeBase="C:\workspaces\openkit-dotnet\tests\openkit-dotnetcore-1.0.Tests\bin\Release\netcoreapp1.0\openkit-dotnetcore-1.0.Tests.dll" adapterTypeName="executor://nunit3testexecutor/" className="Dynatrace.OpenKit.Core.Communication.BeaconSendingCaptureOnStateTest" name="FinishedSessionsAreSent" /></UnitTest><UnitTest name="IpV6AddressMixedNotationIsValid_ZerosIPv6Compressed" storage="c:\workspaces\openkit-dotnet\tests\openkit-dotnetcore-1.0.tests\bin\release\netcoreapp1.0\openkit-dotnetcore-1.0.tests.dll" id="0b91f91b-4268-41fe-87ff-09e2520830b8"><Execution id="cc9c750c-0be9-4dc8-b593-a7fae13e0c0e" /><TestMethod codeBase="C:\workspaces\openkit-dotnet\tests\openkit-dotnetcore-1.0.Tests\bin\Release\netcoreapp1.0\openkit-dotnetcore-1.0.Tests.dll" adapterTypeName="executor://nunit3testexecutor/" className="Dynatrace.OpenKit.Core.Util.InetAddressValidatorTest" name="IpV6AddressMixedNotationIsValid_ZerosIPv6Compressed" /></UnitTest><UnitTest name="GetNextBeaconChunkCopiesDataForSending" storage="c:\workspaces\openkit-dotnet\tests\openkit-dotnetcore-1.0.tests\bin\release\netcoreapp1.0\openkit-dotnetcore-1.0.tests.dll" id="b51fe28d-2015-43ab-a105-146a102b41b6"><Execution id="64387c94-fbcc-4b6e-b4da-317aeee0cee8" /><TestMethod codeBase="C:\workspaces\openkit-dotnet\tests\openkit-dotnetcore-1.0.Tests\bin\Release\netcoreapp1.0\openkit-dotnetcore-1.0.Tests.dll" adapterTypeName="executor://nunit3testexecutor/" className="Dynatrace.OpenKit.Core.Caching.BeaconCacheTest" name="GetNextBeaconChunkCopiesDataForSending" /></UnitTest><UnitTest name="ReportStringValueDoesNothingIfValueNameIsNull" storage="c:\workspaces\openkit-dotnet\tests\openkit-dotnetcore-1.0.tests\bin\release\netcoreapp1.0\openkit-dotnetcore-1.0.tests.dll" id="c007c490-9319-45f1-90c4-3fba3cca6b30"><Execution id="3838a889-6e13-44c7-a0af-12572c045404" /><TestMethod codeBase="C:\workspaces\openkit-dotnet\tests\openkit-dotnetcore-1.0.Tests\bin\Release\netcoreapp1.0\openkit-dotnetcore-1.0.Tests.dll" adapterTypeName="executor://nunit3testexecutor/" className="Dynatrace.OpenKit.Core.ActionTest" name="ReportStringValueDoesNothingIfValueNameIsNull" /></UnitTest><UnitTest name="ToStringReturnsTheStateName" storage="c:\workspaces\openkit-dotnet\tests\openkit-dotnetcore-1.0.tests\bin\release\netcoreapp1.0\openkit-dotnetcore-1.0.tests.dll" id="39c18e80-3840-49c4-91be-50cb4329cdc4"><Execution id="63bce883-a1b8-4833-9172-d792fc5684c4" /><TestMethod codeBase="C:\workspaces\openkit-dotnet\tests\openkit-dotnetcore-1.0.Tests\bin\Release\netcoreapp1.0\openkit-dotnetcore-1.0.Tests.dll" adapterTypeName="executor://nunit3testexecutor/" className="Dynatrace.OpenKit.Core.Communication.BeaconSendingInitStateTest" name="ToStringReturnsTheStateName" /></UnitTest><UnitTest name="GetRetryAfterReturnsDefaultValueIfResponseKeyDoesNotExist" storage="c:\workspaces\openkit-dotnet\tests\openkit-dotnetcore-1.0.tests\bin\release\netcoreapp1.0\openkit-dotnetcore-1.0.tests.dll" id="ec405ed8-3777-4fbb-b84a-6e586ff9790e"><Execution id="9bb8d52a-c20c-4c17-87a5-13d059ec8fee" /><TestMethod codeBase="C:\workspaces\openkit-dotnet\tests\openkit-dotnetcore-1.0.Tests\bin\Release\netcoreapp1.0\openkit-dotnetcore-1.0.Tests.dll" adapterTypeName="executor://nunit3testexecutor/" className="Dynatrace.OpenKit.Protocol.ResponseTest" name="GetRetryAfterReturnsDefaultValueIfResponseKeyDoesNotExist" /></UnitTest><UnitTest name="IsInfoEnabledIsFalseIfVerboseIsFalse" storage="c:\workspaces\openkit-dotnet\tests\openkit-dotnetcore-1.0.tests\bin\release\netcoreapp1.0\openkit-dotnetcore-1.0.tests.dll" id="423bd274-9189-4f9b-8089-36cacfc9eeb3"><Execution id="bec971d3-890d-4350-91d5-d6faf1016c8e" /><TestMethod codeBase="C:\workspaces\openkit-dotnet\tests\openkit-dotnetcore-1.0.Tests\bin\Release\netcoreapp1.0\openkit-dotnetcore-1.0.Tests.dll" adapterTypeName="executor://nunit3testexecutor/" className="Dynatrace.OpenKit.Core.DefaultLoggerTest" name="IsInfoEnabledIsFalseIfVerboseIsFalse" /></UnitTest><UnitTest name="CurrentStateIsSet" storage="c:\workspaces\openkit-dotnet\tests\openkit-dotnetcore-1.0.tests\bin\release\netcoreapp1.0\openkit-dotnetcore-1.0.tests.dll" id="989fa3b3-8323-4f68-99c0-4659e4e7e0b2"><Execution id="050ee67e-cce5-49f9-9067-76900ab169cb" /><TestMethod codeBase="C:\workspaces\openkit-dotnet\tests\openkit-dotnetcore-1.0.Tests\bin\Release\netcoreapp1.0\openkit-dotnetcore-1.0.Tests.dll" adapterTypeName="executor://nunit3testexecutor/" className="Dynatrace.OpenKit.Core.Communication.BeaconSendingContextTest" name="CurrentStateIsSet" /></UnitTest><UnitTest name="ActionReportedForDataCollectionLevel2" storage="c:\workspaces\openkit-dotnet\tests\openkit-dotnetcore-1.0.tests\bin\release\netcoreapp1.0\openkit-dotnetcore-1.0.tests.dll" id="32bfcba7-acc7-467d-93f8-8aecbe24738a"><Execution id="30367739-084b-4170-bbbb-a3de597bbc70" /><TestMethod codeBase="C:\workspaces\openkit-dotnet\tests\openkit-dotnetcore-1.0.Tests\bin\Release\netcoreapp1.0\openkit-dotnetcore-1.0.Tests.dll" adapterTypeName="executor://nunit3testexecutor/" className="Dynatrace.OpenKit.Protocol.BeaconTest" name="ActionReportedForDataCollectionLevel2" /></UnitTest><UnitTest name="MarkForSending" storage="c:\workspaces\openkit-dotnet\tests\openkit-dotnetcore-1.0.tests\bin\release\netcoreapp1.0\openkit-dotnetcore-1.0.tests.dll" id="0209b83b-f3bf-426e-8da8-09c480746b7e"><Execution id="8145ec9b-4ef7-4ae5-9202-a587c58bf444" /><TestMethod codeBase="C:\workspaces\openkit-dotnet\tests\openkit-dotnetcore-1.0.Tests\bin\Release\netcoreapp1.0\openkit-dotnetcore-1.0.Tests.dll" adapterTypeName="executor://nunit3testexecutor/" className="Dynatrace.OpenKit.Core.Caching.BeaconCacheRecordTest" name="MarkForSending" /></UnitTest><UnitTest name="DisableCaptureDisablesItInTheConfiguration" storage="c:\workspaces\openkit-dotnet\tests\openkit-dotnetcore-1.0.tests\bin\release\netcoreapp1.0\openkit-dotnetcore-1.0.tests.dll" id="e4cb6733-8d31-440f-b917-7c31d184dec9"><Execution id="214b4d98-365a-469e-8477-4fb3bef65a03" /><TestMethod codeBase="C:\workspaces\openkit-dotnet\tests\openkit-dotnetcore-1.0.Tests\bin\Release\netcoreapp1.0\openkit-dotnetcore-1.0.Tests.dll" adapterTypeName="executor://nunit3testexecutor/" className="Dynatrace.OpenKit.Core.Communication.BeaconSendingContextTest" name="DisableCaptureDisablesItInTheConfiguration" /></UnitTest><UnitTest name="GetCrashReportingLevel" storage="c:\workspaces\openkit-dotnet\tests\openkit-dotnetcore-1.0.tests\bin\release\netcoreapp1.0\openkit-dotnetcore-1.0.tests.dll" id="3df7f8fd-a063-44b2-8316-99b8effd6f86"><Execution id="0f782c1f-3abd-47ec-be39-841a29bd227b" /><TestMethod codeBase="C:\workspaces\openkit-dotnet\tests\openkit-dotnetcore-1.0.Tests\bin\Release\netcoreapp1.0\openkit-dotnetcore-1.0.Tests.dll" adapterTypeName="executor://nunit3testexecutor/" className="Dynatrace.OpenKit.Core.Configuration.BeaconConfigurationTest" name="GetCrashReportingLevel" /></UnitTest><UnitTest name="GetBeaconConfigurationCallsWrappedSession" storage="c:\workspaces\openkit-dotnet\tests\openkit-dotnetcore-1.0.tests\bin\release\netcoreapp1.0\openkit-dotnetcore-1.0.tests.dll" id="5ecfa6c4-4d41-4cd7-926c-a11d72ceb24a"><Execution id="a3129907-58fa-43ae-a549-b96251d47757" /><TestMethod codeBase="C:\workspaces\openkit-dotnet\tests\openkit-dotnetcore-1.0.Tests\bin\Release\netcoreapp1.0\openkit-dotnetcore-1.0.Tests.dll" adapterTypeName="executor://nunit3testexecutor/" className="Dynatrace.OpenKit.Core.Communication.SessionWrapperTest" name="GetBeaconConfigurationCallsWrappedSession" /></UnitTest><UnitTest name="EndingASessionEndsOpenRootActionsFirst" storage="c:\workspaces\openkit-dotnet\tests\openkit-dotnetcore-1.0.tests\bin\release\netcoreapp1.0\openkit-dotnetcore-1.0.tests.dll" id="bdbe727b-dee6-4660-8181-ff607bd72b1e"><Execution id="55e515f0-3776-4a1a-a5d4-f8660fff7e09" /><TestMethod codeBase="C:\workspaces\openkit-dotnet\tests\openkit-dotnetcore-1.0.Tests\bin\Release\netcoreapp1.0\openkit-dotnetcore-1.0.Tests.dll" adapterTypeName="executor://nunit3testexecutor/" className="Dynatrace.OpenKit.Core.SessionTest" name="EndingASessionEndsOpenRootActionsFirst" /></UnitTest><UnitTest name="EnterActionReturnsNullActionIfActionNameIsAnEmptyString" storage="c:\workspaces\openkit-dotnet\tests\openkit-dotnetcore-1.0.tests\bin\release\netcoreapp1.0\openkit-dotnetcore-1.0.tests.dll" id="0af2fbc8-5236-4542-b22e-e3ccb6097dc3"><Execution id="32117a4d-e4a6-4724-b084-4902054afe76" /><TestMethod codeBase="C:\workspaces\openkit-dotnet\tests\openkit-dotnetcore-1.0.Tests\bin\Release\netcoreapp1.0\openkit-dotnetcore-1.0.Tests.dll" adapterTypeName="executor://nunit3testexecutor/" className="Dynatrace.OpenKit.Core.RootActionTest" name="EnterActionReturnsNullActionIfActionNameIsAnEmptyString" /></UnitTest><UnitTest name="EndTimeIsSetToMinusOneInConstructor" storage="c:\workspaces\openkit-dotnet\tests\openkit-dotnetcore-1.0.tests\bin\release\netcoreapp1.0\openkit-dotnetcore-1.0.tests.dll" id="5adc6ef4-b8e8-4865-9b21-9003b4212b24"><Execution id="ed97d1a1-a316-499f-9d49-7c044e0b0664" /><TestMethod codeBase="C:\workspaces\openkit-dotnet\tests\openkit-dotnetcore-1.0.Tests\bin\Release\netcoreapp1.0\openkit-dotnetcore-1.0.Tests.dll" adapterTypeName="executor://nunit3testexecutor/" className="Dynatrace.OpenKit.Core.ActionTest" name="EndTimeIsSetToMinusOneInConstructor" /></UnitTest><UnitTest name="WaitForInitWhenTimeoutExpires" storage="c:\workspaces\openkit-dotnet\tests\openkit-dotnetcore-1.0.tests\bin\release\netcoreapp1.0\openkit-dotnetcore-1.0.tests.dll" id="6bd55376-ccdd-433e-9df7-9562be89265e"><Execution id="fbb2edd2-97af-40f4-aee6-2e8279f2b418" /><TestMethod codeBase="C:\workspaces\openkit-dotnet\tests\openkit-dotnetcore-1.0.Tests\bin\Release\netcoreapp1.0\openkit-dotnetcore-1.0.Tests.dll" adapterTypeName="executor://nunit3testexecutor/" className="Dynatrace.OpenKit.Core.Communication.BeaconSendingContextTest" name="WaitForInitWhenTimeoutExpires" /></UnitTest><UnitTest name="ShouldRunGivesTrueIfLastRunIsExactlyMaxAgeMillisecondsAgo" storage="c:\workspaces\openkit-dotnet\tests\openkit-dotnetcore-1.0.tests\bin\release\netcoreapp1.0\openkit-dotnetcore-1.0.tests.dll" id="bc82116c-8772-4756-8faa-4d5495bff5d1"><Execution id="67995960-9123-41ee-9779-885d58868f7b" /><TestMethod codeBase="C:\workspaces\openkit-dotnet\tests\openkit-dotnetcore-1.0.Tests\bin\Release\netcoreapp1.0\openkit-dotnetcore-1.0.Tests.dll" adapterTypeName="executor://nunit3testexecutor/" className="Dynatrace.OpenKit.Core.Caching.TimeEvicitionStrategyTest" name="ShouldRunGivesTrueIfLastRunIsExactlyMaxAgeMillisecondsAgo" /></UnitTest><UnitTest name="ExecuteEvictionStopsIfNoBeaconIdsAreAvailableInCache" storage="c:\workspaces\openkit-dotnet\tests\openkit-dotnetcore-1.0.tests\bin\release\netcoreapp1.0\openkit-dotnetcore-1.0.tests.dll" id="ccb8b9f0-de0b-4a13-86f2-9efd50d9f836"><Execution id="70617c55-3de5-49c7-bb3e-f0a1c125742d" /><TestMethod codeBase="C:\workspaces\openkit-dotnet\tests\openkit-dotnetcore-1.0.Tests\bin\Release\netcoreapp1.0\openkit-dotnetcore-1.0.Tests.dll" adapterTypeName="executor://nunit3testexecutor/" className="Dynatrace.OpenKit.Core.Caching.TimeEvicitionStrategyTest" name="ExecuteEvictionStopsIfNoBeaconIdsAreAvailableInCache" /></UnitTest><UnitTest name="TimeSyncRequestsAreInterruptedAfterUnsuccessfulRetries" storage="c:\workspaces\openkit-dotnet\tests\openkit-dotnetcore-1.0.tests\bin\release\netcoreapp1.0\openkit-dotnetcore-1.0.tests.dll" id="639f82e1-f45c-4d8d-ba20-4ea57f295d32"><Execution id="aef262a7-4abe-4bf0-941b-8fb694bbd4f4" /><TestMethod codeBase="C:\workspaces\openkit-dotnet\tests\openkit-dotnetcore-1.0.Tests\bin\Release\netcoreapp1.0\openkit-dotnetcore-1.0.Tests.dll" adapterTypeName="executor://nunit3testexecutor/" className="Dynatrace.OpenKit.Core.Communication.BeaconSendingTimeSyncStateTest" name="TimeSyncRequestsAreInterruptedAfterUnsuccessfulRetries" /></UnitTest><UnitTest name="StateIsNotTerminal" storage="c:\workspaces\openkit-dotnet\tests\openkit-dotnetcore-1.0.tests\bin\release\netcoreapp1.0\openkit-dotnetcore-1.0.tests.dll" id="28a9dc79-8e96-485b-ab8b-0b27bd8de902"><Execution id="7cc12636-0680-47f4-8953-974c07867988" /><TestMethod codeBase="C:\workspaces\openkit-dotnet\tests\openkit-dotnetcore-1.0.Tests\bin\Release\netcoreapp1.0\openkit-dotnetcore-1.0.Tests.dll" adapterTypeName="executor://nunit3testexecutor/" className="Dynatrace.OpenKit.Core.Communication.BeaconSendingCaptureOffStateTest" name="StateIsNotTerminal" /></UnitTest><UnitTest name="GetDataCollectionLevel" storage="c:\workspaces\openkit-dotnet\tests\openkit-dotnetcore-1.0.tests\bin\release\netcoreapp1.0\openkit-dotnetcore-1.0.tests.dll" id="33182e23-9431-45b0-a5d1-ae7541289993"><Execution id="66e27946-525f-41b0-8433-66105cb855dd" /><TestMethod codeBase="C:\workspaces\openkit-dotnet\tests\openkit-dotnetcore-1.0.Tests\bin\Release\netcoreapp1.0\openkit-dotnetcore-1.0.Tests.dll" adapterTypeName="executor://nunit3testexecutor/" className="Dynatrace.OpenKit.Core.Configuration.BeaconConfigurationTest" name="GetDataCollectionLevel" /></UnitTest><UnitTest name="StateIsNotTerminal" storage="c:\workspaces\openkit-dotnet\tests\openkit-dotnetcore-1.0.tests\bin\release\netcoreapp1.0\openkit-dotnetcore-1.0.tests.dll" id="8282ae4f-144a-4b4d-9148-1475ad855536"><Execution id="09581cdb-5f03-45f6-ab4a-a6674c6087fc" /><TestMethod codeBase="C:\workspaces\openkit-dotnet\tests\openkit-dotnetcore-1.0.Tests\bin\Release\netcoreapp1.0\openkit-dotnetcore-1.0.Tests.dll" adapterTypeName="executor://nunit3testexecutor/" className="Dynatrace.OpenKit.Core.Communication.BeaconSendingTimeSyncStateTest" name="StateIsNotTerminal" /></UnitTest><UnitTest name="SessionStartIsReportedForDataCollectionLevel0" storage="c:\workspaces\openkit-dotnet\tests\openkit-dotnetcore-1.0.tests\bin\release\netcoreapp1.0\openkit-dotnetcore-1.0.tests.dll" id="ae5e322c-b66a-455d-922c-029c9fcd035a"><Execution id="0c6e6748-32cb-4468-8e18-ee7af74c09ef" /><TestMethod codeBase="C:\workspaces\openkit-dotnet\tests\openkit-dotnetcore-1.0.Tests\bin\Release\netcoreapp1.0\openkit-dotnetcore-1.0.Tests.dll" adapterTypeName="executor://nunit3testexecutor/" className="Dynatrace.OpenKit.Protocol.BeaconTest" name="SessionStartIsReportedForDataCollectionLevel0" /></UnitTest><UnitTest name="ClearDataClearsActionAndEventData" storage="c:\workspaces\openkit-dotnet\tests\openkit-dotnetcore-1.0.tests\bin\release\netcoreapp1.0\openkit-dotnetcore-1.0.tests.dll" id="00d632ef-95a5-4da1-b345-d6b055e039ee"><Execution id="4d54d2ac-9ccd-4824-bc2a-c1e36c8c7b2c" /><TestMethod codeBase="C:\workspaces\openkit-dotnet\tests\openkit-dotnetcore-1.0.Tests\bin\Release\netcoreapp1.0\openkit-dotnetcore-1.0.Tests.dll" adapterTypeName="executor://nunit3testexecutor/" className="Dynatrace.OpenKit.Protocol.BeaconTest" name="ClearDataClearsActionAndEventData" /></UnitTest><UnitTest name="GetTotalNumberOfBytesCountsAddedRecordBytes" storage="c:\workspaces\openkit-dotnet\tests\openkit-dotnetcore-1.0.tests\bin\release\netcoreapp1.0\openkit-dotnetcore-1.0.tests.dll" id="67a39763-d402-44fb-8a6b-c3aba1b07dce"><Execution id="03ed3e03-6990-4ad3-929e-f2cc2409425c" /><TestMethod codeBase="C:\workspaces\openkit-dotnet\tests\openkit-dotnetcore-1.0.Tests\bin\Release\netcoreapp1.0\openkit-dotnetcore-1.0.Tests.dll" adapterTypeName="executor://nunit3testexecutor/" className="Dynatrace.OpenKit.Core.Caching.BeaconCacheEntryTest" name="GetTotalNumberOfBytesCountsAddedRecordBytes" /></UnitTest><UnitTest name="DeleteCacheEntryRemovesTheGivenBeacon" storage="c:\workspaces\openkit-dotnet\tests\openkit-dotnetcore-1.0.tests\bin\release\netcoreapp1.0\openkit-dotnetcore-1.0.tests.dll" id="0144940e-e80b-4872-acb6-24bedb34597d"><Execution id="1f959902-d496-4948-a9a6-38fc3f0b36ed" /><TestMethod codeBase="C:\workspaces\openkit-dotnet\tests\openkit-dotnetcore-1.0.Tests\bin\Release\netcoreapp1.0\openkit-dotnetcore-1.0.Tests.dll" adapterTypeName="executor://nunit3testexecutor/" className="Dynatrace.OpenKit.Core.Caching.BeaconCacheTest" name="DeleteCacheEntryRemovesTheGivenBeacon" /></UnitTest><UnitTest name="LeavingRootActionReturnsNullValueAsParent" storage="c:\workspaces\openkit-dotnet\tests\openkit-dotnetcore-1.0.tests\bin\release\netcoreapp1.0\openkit-dotnetcore-1.0.tests.dll" id="3e0d2997-540d-4b88-9c66-98409ca2b52c"><Execution id="1919383e-56fd-4960-b4d4-d234cabd1911" /><TestMethod codeBase="C:\workspaces\openkit-dotnet\tests\openkit-dotnetcore-1.0.Tests\bin\Release\netcoreapp1.0\openkit-dotnetcore-1.0.Tests.dll" adapterTypeName="executor://nunit3testexecutor/" className="Dynatrace.OpenKit.Core.RootActionTest" name="LeavingRootActionReturnsNullValueAsParent" /></UnitTest><UnitTest name="NoStringValueIsReportedIfBeaconConfigurationDisablesCapturing" storage="c:\workspaces\openkit-dotnet\tests\openkit-dotnetcore-1.0.tests\bin\release\netcoreapp1.0\openkit-dotnetcore-1.0.tests.dll" id="1e3648bb-9f0e-438b-83aa-589b1069ee21"><Execution id="261b2588-a1ed-441b-95ad-abb368f273f4" /><TestMethod codeBase="C:\workspaces\openkit-dotnet\tests\openkit-dotnetcore-1.0.Tests\bin\Release\netcoreapp1.0\openkit-dotnetcore-1.0.Tests.dll" adapterTypeName="executor://nunit3testexecutor/" className="Dynatrace.OpenKit.Protocol.BeaconTest" name="NoStringValueIsReportedIfBeaconConfigurationDisablesCapturing" /></UnitTest><UnitTest name="SendNewSessionRequestReturnsErrorCode" storage="c:\workspaces\openkit-dotnet\tests\openkit-dotnetcore-1.0.tests\bin\release\netcoreapp1.0\openkit-dotnetcore-1.0.tests.dll" id="a27b2cfb-c1b4-44ac-be03-267a17315a19"><Execution id="215254d7-c1d2-4289-9adf-c7d606175459" /><TestMethod codeBase="C:\workspaces\openkit-dotnet\tests\openkit-dotnetcore-1.0.Tests\bin\Release\netcoreapp1.0\openkit-dotnetcore-1.0.Tests.dll" adapterTypeName="executor://nunit3testexecutor/" className="Dynatrace.OpenKit.Protocol.HTTPClientTest" name="SendNewSessionRequestReturnsErrorCode" /></UnitTest><UnitTest name="aProviderInitializedWithZeroProvidesMinSessionIdValueAtNextCall" storage="c:\workspaces\openkit-dotnet\tests\openkit-dotnetcore-1.0.tests\bin\release\netcoreapp1.0\openkit-dotnetcore-1.0.tests.dll" id="e9761288-8566-4a06-9ff9-0c5b277ee91d"><Execution id="45b6125c-08c4-45f5-b8e1-f9077a131cfe" /><TestMethod codeBase="C:\workspaces\openkit-dotnet\tests\openkit-dotnetcore-1.0.Tests\bin\Release\netcoreapp1.0\openkit-dotnetcore-1.0.Tests.dll" adapterTypeName="executor://nunit3testexecutor/" className="Dynatrace.OpenKit.Providers.DefaultSessionIDProviderTest" name="aProviderInitializedWithZeroProvidesMinSessionIdValueAtNextCall" /></UnitTest><UnitTest name="IpV6AddressValid_RFCExample" storage="c:\workspaces\openkit-dotnet\tests\openkit-dotnetcore-1.0.tests\bin\release\netcoreapp1.0\openkit-dotnetcore-1.0.tests.dll" id="17bfde3d-aab0-4e16-8778-3007e0c9b2a5"><Execution id="89e28ddb-67d4-4735-ab55-dcadd1927591" /><TestMethod codeBase="C:\workspaces\openkit-dotnet\tests\openkit-dotnetcore-1.0.Tests\bin\Release\netcoreapp1.0\openkit-dotnetcore-1.0.Tests.dll" adapterTypeName="executor://nunit3testexecutor/" className="Dynatrace.OpenKit.Core.Util.InetAddressValidatorTest" name="IpV6AddressValid_RFCExample" /></UnitTest><UnitTest name="ParsingInvalidNumericValueForCaptureCrashesThrowsException" storage="c:\workspaces\openkit-dotnet\tests\openkit-dotnetcore-1.0.tests\bin\release\netcoreapp1.0\openkit-dotnetcore-1.0.tests.dll" id="64041077-e573-419c-a2b5-61faaf2e2fe6"><Execution id="d4e0d4e2-6b65-48d4-8070-98f47ee1ef1a" /><TestMethod codeBase="C:\workspaces\openkit-dotnet\tests\openkit-dotnetcore-1.0.Tests\bin\Release\netcoreapp1.0\openkit-dotnetcore-1.0.Tests.dll" adapterTypeName="executor://nunit3testexecutor/" className="Dynatrace.OpenKit.Protocol.StatusResponseTest" name="ParsingInvalidNumericValueForCaptureCrashesThrowsException" /></UnitTest><UnitTest name="ADefaultConstructedInstanceHasNoData" storage="c:\workspaces\openkit-dotnet\tests\openkit-dotnetcore-1.0.tests\bin\release\netcoreapp1.0\openkit-dotnetcore-1.0.tests.dll" id="1949e3f1-4d9a-4826-8716-6383598ece7d"><Execution id="395fe565-7e85-4c6a-8f46-7faec548ed4e" /><TestMethod codeBase="C:\workspaces\openkit-dotnet\tests\openkit-dotnetcore-1.0.Tests\bin\Release\netcoreapp1.0\openkit-dotnetcore-1.0.Tests.dll" adapterTypeName="executor://nunit3testexecutor/" className="Dynatrace.OpenKit.Core.Caching.BeaconCacheEntryTest" name="ADefaultConstructedInstanceHasNoData" /></UnitTest><UnitTest name="IpV6AddressValid_CharactersOnlyLowerCase" storage="c:\workspaces\openkit-dotnet\tests\openkit-dotnetcore-1.0.tests\bin\release\netcoreapp1.0\openkit-dotnetcore-1.0.tests.dll" id="e0802ecd-e8d1-4827-9ddf-d0ef6dd61306"><Execution id="7bf3f66d-1021-4da2-8b03-8833fd812cf5" /><TestMethod codeBase="C:\workspaces\openkit-dotnet\tests\openkit-dotnetcore-1.0.Tests\bin\Release\netcoreapp1.0\openkit-dotnetcore-1.0.Tests.dll" adapterTypeName="executor://nunit3testexecutor/" className="Dynatrace.OpenKit.Core.Util.InetAddressValidatorTest" name="IpV6AddressValid_CharactersOnlyLowerCase" /></UnitTest><UnitTest name="TraceWebRequestGivesNullWebRequestTracerIfUrlHasAnInvalidScheme" storage="c:\workspaces\openkit-dotnet\tests\openkit-dotnetcore-1.0.tests\bin\release\netcoreapp1.0\openkit-dotnetcore-1.0.tests.dll" id="4af1f69f-14c0-4daf-8b17-e9e8dcc91c35"><Execution id="cc73f98c-d313-4ba4-a5a4-288cd299520f" /><TestMethod codeBase="C:\workspaces\openkit-dotnet\tests\openkit-dotnetcore-1.0.Tests\bin\Release\netcoreapp1.0\openkit-dotnetcore-1.0.Tests.dll" adapterTypeName="executor://nunit3testexecutor/" className="Dynatrace.OpenKit.Core.SessionTest" name="TraceWebRequestGivesNullWebRequestTracerIfUrlHasAnInvalidScheme" /></UnitTest><UnitTest name="StatusRequestIsRetried" storage="c:\workspaces\openkit-dotnet\tests\openkit-dotnetcore-1.0.tests\bin\release\netcoreapp1.0\openkit-dotnetcore-1.0.tests.dll" id="6d95f517-1a85-463b-a34c-a341476e991e"><Execution id="891ea9f3-07b1-498a-9f7f-91dba06d9726" /><TestMethod codeBase="C:\workspaces\openkit-dotnet\tests\openkit-dotnetcore-1.0.Tests\bin\Release\netcoreapp1.0\openkit-dotnetcore-1.0.Tests.dll" adapterTypeName="executor://nunit3testexecutor/" className="Dynatrace.OpenKit.Core.Communication.BeaconSendingInitStateTest" name="StatusRequestIsRetried" /></UnitTest><UnitTest name="IpV6AddressHexCompressedIsInvalidTwoCompressedBlocks" storage="c:\workspaces\openkit-dotnet\tests\openkit-dotnetcore-1.0.tests\bin\release\netcoreapp1.0\openkit-dotnetcore-1.0.tests.dll" id="6a00d1cd-2537-4591-bcb2-de2b5d17ee44"><Execution id="529716a2-038a-4a0b-a225-5a0929fb3b16" /><TestMethod codeBase="C:\workspaces\openkit-dotnet\tests\openkit-dotnetcore-1.0.Tests\bin\Release\netcoreapp1.0\openkit-dotnetcore-1.0.Tests.dll" adapterTypeName="executor://nunit3testexecutor/" className="Dynatrace.OpenKit.Core.Util.InetAddressValidatorTest" name="IpV6AddressHexCompressedIsInvalidTwoCompressedBlocks" /></UnitTest><UnitTest name="SendBeaconRequestWorksIfResponseIsNull" storage="c:\workspaces\openkit-dotnet\tests\openkit-dotnetcore-1.0.tests\bin\release\netcoreapp1.0\openkit-dotnetcore-1.0.tests.dll" id="bd1217c6-d017-4526-8b02-998c198ccd5e"><Execution id="9f842743-44b4-42cd-8d30-5cdf84e46a2e" /><TestMethod codeBase="C:\workspaces\openkit-dotnet\tests\openkit-dotnetcore-1.0.Tests\bin\Release\netcoreapp1.0\openkit-dotnetcore-1.0.Tests.dll" adapterTypeName="executor://nunit3testexecutor/" className="Dynatrace.OpenKit.Protocol.HTTPClientTest" name="SendBeaconRequestWorksIfResponseIsNull" /></UnitTest><UnitTest name="ExecuteEvictionLogsEvictionResultIfDebugIsEnabled" storage="c:\workspaces\openkit-dotnet\tests\openkit-dotnetcore-1.0.tests\bin\release\netcoreapp1.0\openkit-dotnetcore-1.0.tests.dll" id="67d38c1b-4f1b-47e4-a7d2-6d03e4e9fd35"><Execution id="0cf72dd0-ef38-4e1b-af58-0692cc050c37" /><TestMethod codeBase="C:\workspaces\openkit-dotnet\tests\openkit-dotnetcore-1.0.Tests\bin\Release\netcoreapp1.0\openkit-dotnetcore-1.0.Tests.dll" adapterTypeName="executor://nunit3testexecutor/" className="Dynatrace.OpenKit.Core.Caching.SpaceEvictionStrategyTest" name="ExecuteEvictionLogsEvictionResultIfDebugIsEnabled" /></UnitTest><UnitTest name="IntValueReportedForDataCollectionLevel2" storage="c:\workspaces\openkit-dotnet\tests\openkit-dotnetcore-1.0.tests\bin\release\netcoreapp1.0\openkit-dotnetcore-1.0.tests.dll" id="fd537504-4898-4c06-81d3-658d4b8ceae1"><Execution id="8aa751fe-977b-4688-9e8d-63803dfa8a97" /><TestMethod codeBase="C:\workspaces\openkit-dotnet\tests\openkit-dotnetcore-1.0.Tests\bin\Release\netcoreapp1.0\openkit-dotnetcore-1.0.Tests.dll" adapterTypeName="executor://nunit3testexecutor/" className="Dynatrace.OpenKit.Protocol.BeaconTest" name="IntValueReportedForDataCollectionLevel2" /></UnitTest><UnitTest name="ReportError" storage="c:\workspaces\openkit-dotnet\tests\openkit-dotnetcore-1.0.tests\bin\release\netcoreapp1.0\openkit-dotnetcore-1.0.tests.dll" id="0454871b-ef9f-4d06-a7d5-c1b4478f8dbd"><Execution id="a513540d-414d-4640-a4c5-8891d46cf04f" /><TestMethod codeBase="C:\workspaces\openkit-dotnet\tests\openkit-dotnetcore-1.0.Tests\bin\Release\netcoreapp1.0\openkit-dotnetcore-1.0.Tests.dll" adapterTypeName="executor://nunit3testexecutor/" className="Dynatrace.OpenKit.Core.ActionTest" name="ReportError" /></UnitTest><UnitTest name="NamedEventReportedForDataCollectionLevel2" storage="c:\workspaces\openkit-dotnet\tests\openkit-dotnetcore-1.0.tests\bin\release\netcoreapp1.0\openkit-dotnetcore-1.0.tests.dll" id="9d3167b5-d8ef-4f72-b7b8-660b6ca7452b"><Execution id="a839692a-9eb8-4b56-805e-9274cc1b8048" /><TestMethod codeBase="C:\workspaces\openkit-dotnet\tests\openkit-dotnetcore-1.0.Tests\bin\Release\netcoreapp1.0\openkit-dotnetcore-1.0.Tests.dll" adapterTypeName="executor://nunit3testexecutor/" className="Dynatrace.OpenKit.Protocol.BeaconTest" name="NamedEventReportedForDataCollectionLevel2" /></UnitTest><UnitTest name="NotEqualInstancesHaveDifferentHashCode" storage="c:\workspaces\openkit-dotnet\tests\openkit-dotnetcore-1.0.tests\bin\release\netcoreapp1.0\openkit-dotnetcore-1.0.tests.dll" id="c85e94e0-a23e-40ed-9fd3-5450335f7bfb"><Execution id="b6babc4f-3a53-437e-a9dc-7b3716d98d39" /><TestMethod codeBase="C:\workspaces\openkit-dotnet\tests\openkit-dotnetcore-1.0.Tests\bin\Release\netcoreapp1.0\openkit-dotnetcore-1.0.Tests.dll" adapterTypeName="executor://nunit3testexecutor/" className="Dynatrace.OpenKit.Core.Caching.BeaconCacheRecordTest" name="NotEqualInstancesHaveDifferentHashCode" /></UnitTest><UnitTest name="RemoveOldestRecordsRemovesNothingIfEntryIsEmpty" storage="c:\workspaces\openkit-dotnet\tests\openkit-dotnetcore-1.0.tests\bin\release\netcoreapp1.0\openkit-dotnetcore-1.0.tests.dll" id="12d7cd34-4d1c-4008-93d2-a0badda4dd13"><Execution id="8c59cc43-46a9-43e4-a4ba-c09744558416" /><TestMethod codeBase="C:\workspaces\openkit-dotnet\tests\openkit-dotnetcore-1.0.Tests\bin\Release\netcoreapp1.0\openkit-dotnetcore-1.0.Tests.dll" adapterTypeName="executor://nunit3testexecutor/" className="Dynatrace.OpenKit.Core.Caching.BeaconCacheEntryTest" name="RemoveOldestRecordsRemovesNothingIfEntryIsEmpty" /></UnitTest><UnitTest name="CanSetApplicationVersionForAppMon" storage="c:\workspaces\openkit-dotnet\tests\openkit-dotnetcore-1.0.tests\bin\release\netcoreapp1.0\openkit-dotnetcore-1.0.tests.dll" id="b6d138da-4985-43fc-86c5-6653f13f0158"><Execution id="fb0b2ae3-efb1-4a55-9b0d-824981184ebb" /><TestMethod codeBase="C:\workspaces\openkit-dotnet\tests\openkit-dotnetcore-1.0.Tests\bin\Release\netcoreapp1.0\openkit-dotnetcore-1.0.Tests.dll" adapterTypeName="executor://nunit3testexecutor/" className="Dynatrace.OpenKit.OpenKitBuilderTest" name="CanSetApplicationVersionForAppMon" /></UnitTest><UnitTest name="TransitionToCaptureOffStateIsPerformed" storage="c:\workspaces\openkit-dotnet\tests\openkit-dotnetcore-1.0.tests\bin\release\netcoreapp1.0\openkit-dotnetcore-1.0.tests.dll" id="b7167ee6-9a4e-48d4-9616-e8d3294ab245"><Execution id="72c002e1-8dda-44e6-8274-dd210cbd6b21" /><TestMethod codeBase="C:\workspaces\openkit-dotnet\tests\openkit-dotnetcore-1.0.Tests\bin\Release\netcoreapp1.0\openkit-dotnetcore-1.0.Tests.dll" adapterTypeName="executor://nunit3testexecutor/" className="Dynatrace.OpenKit.Core.Communication.BeaconSendingCaptureOnStateTest" name="TransitionToCaptureOffStateIsPerformed" /></UnitTest><UnitTest name="AnActionCanOnlyBeLeftOnce" storage="c:\workspaces\openkit-dotnet\tests\openkit-dotnetcore-1.0.tests\bin\release\netcoreapp1.0\openkit-dotnetcore-1.0.tests.dll" id="daa296bb-4f9b-4998-a6b5-8474a4328f37"><Execution id="a6fd111d-a1e9-4d43-8bfc-c0ed31fa0c6f" /><TestMethod codeBase="C:\workspaces\openkit-dotnet\tests\openkit-dotnetcore-1.0.Tests\bin\Release\netcoreapp1.0\openkit-dotnetcore-1.0.Tests.dll" adapterTypeName="executor://nunit3testexecutor/" className="Dynatrace.OpenKit.Core.ActionTest" name="AnActionCanOnlyBeLeftOnce" /></UnitTest><UnitTest name="UnsuccessfulFinishedSessionsAreNotRemovedFromCache" storage="c:\workspaces\openkit-dotnet\tests\openkit-dotnetcore-1.0.tests\bin\release\netcoreapp1.0\openkit-dotnetcore-1.0.tests.dll" id="64fb7957-1928-4b5b-b39a-653df3b36c0a"><Execution id="5be0362c-4e05-45b3-b381-254fc577a964" /><TestMethod codeBase="C:\workspaces\openkit-dotnet\tests\openkit-dotnetcore-1.0.Tests\bin\Release\netcoreapp1.0\openkit-dotnetcore-1.0.Tests.dll" adapterTypeName="executor://nunit3testexecutor/" className="Dynatrace.OpenKit.Core.Communication.BeaconSendingCaptureOnStateTest" name="UnsuccessfulFinishedSessionsAreNotRemovedFromCache" /></UnitTest><UnitTest name="ReportErrorDoesNothingIfErrorNameIsNull" storage="c:\workspaces\openkit-dotnet\tests\openkit-dotnetcore-1.0.tests\bin\release\netcoreapp1.0\openkit-dotnetcore-1.0.tests.dll" id="dc8333a7-738d-4af4-a204-5f16626c89e2"><Execution id="2f7406ec-6b4a-428d-841e-89a41213a834" /><TestMethod codeBase="C:\workspaces\openkit-dotnet\tests\openkit-dotnetcore-1.0.Tests\bin\Release\netcoreapp1.0\openkit-dotnetcore-1.0.Tests.dll" adapterTypeName="executor://nunit3testexecutor/" className="Dynatrace.OpenKit.Core.ActionTest" name="ReportErrorDoesNothingIfErrorNameIsNull" /></UnitTest><UnitTest name="SendNewSessionRequestSendsOneHTTPGetRequest" storage="c:\workspaces\openkit-dotnet\tests\openkit-dotnetcore-1.0.tests\bin\release\netcoreapp1.0\openkit-dotnetcore-1.0.tests.dll" id="e7017ef6-eeea-48e8-be0f-263860c4d50d"><Execution id="c2dc9799-fda3-4a15-8006-15f60fc2ad25" /><TestMethod codeBase="C:\workspaces\openkit-dotnet\tests\openkit-dotnetcore-1.0.Tests\bin\Release\netcoreapp1.0\openkit-dotnetcore-1.0.Tests.dll" adapterTypeName="executor://nunit3testexecutor/" className="Dynatrace.OpenKit.Protocol.HTTPClientTest" name="SendNewSessionRequestSendsOneHTTPGetRequest" /></UnitTest><UnitTest name="ReportStringValueDoesNothingIfValueNameIsAnEmptyString" storage="c:\workspaces\openkit-dotnet\tests\openkit-dotnetcore-1.0.tests\bin\release\netcoreapp1.0\openkit-dotnetcore-1.0.tests.dll" id="9b4f2a36-d6f3-49ed-a15c-034e64d0dc07"><Execution id="646553d8-47a4-469d-bf23-787b83a8428c" /><TestMethod codeBase="C:\workspaces\openkit-dotnet\tests\openkit-dotnetcore-1.0.Tests\bin\Release\netcoreapp1.0\openkit-dotnetcore-1.0.Tests.dll" adapterTypeName="executor://nunit3testexecutor/" className="Dynatrace.OpenKit.Core.ActionTest" name="ReportStringValueDoesNothingIfValueNameIsAnEmptyString" /></UnitTest><UnitTest name="IdentifyUserDoesNotReportOnDataCollectionLevel0" storage="c:\workspaces\openkit-dotnet\tests\openkit-dotnetcore-1.0.tests\bin\release\netcoreapp1.0\openkit-dotnetcore-1.0.tests.dll" id="e310b699-44bf-4cbb-b95c-cba64c84dcb8"><Execution id="13dba4e8-0652-4c6a-81a3-10ed55143a2f" /><TestMethod codeBase="C:\workspaces\openkit-dotnet\tests\openkit-dotnetcore-1.0.Tests\bin\Release\netcoreapp1.0\openkit-dotnetcore-1.0.Tests.dll" adapterTypeName="executor://nunit3testexecutor/" className="Dynatrace.OpenKit.Protocol.BeaconTest" name="IdentifyUserDoesNotReportOnDataCollectionLevel0" /></UnitTest><UnitTest name="CanAddReceivedBytesToWebRequestTracer" storage="c:\workspaces\openkit-dotnet\tests\openkit-dotnetcore-1.0.tests\bin\release\netcoreapp1.0\openkit-dotnetcore-1.0.tests.dll" id="aa88e6b6-686e-446c-998b-c019cc219fe9"><Execution id="ab969619-b8cc-4823-93e9-7bd83f6ded07" /><TestMethod codeBase="C:\workspaces\openkit-dotnet\tests\openkit-dotnetcore-1.0.Tests\bin\Release\netcoreapp1.0\openkit-dotnetcore-1.0.Tests.dll" adapterTypeName="executor://nunit3testexecutor/" className="Dynatrace.OpenKit.Protocol.BeaconTest" name="CanAddReceivedBytesToWebRequestTracer" /></UnitTest><UnitTest name="NullIsNotEqual" storage="c:\workspaces\openkit-dotnet\tests\openkit-dotnetcore-1.0.tests\bin\release\netcoreapp1.0\openkit-dotnetcore-1.0.tests.dll" id="beeb4ca3-2ea4-46f3-a1d1-a68d4878382e"><Execution id="5149d2fa-099e-493f-b7e3-5b24db824610" /><TestMethod codeBase="C:\workspaces\openkit-dotnet\tests\openkit-dotnetcore-1.0.Tests\bin\Release\netcoreapp1.0\openkit-dotnetcore-1.0.Tests.dll" adapterTypeName="executor://nunit3testexecutor/" className="Dynatrace.OpenKit.Core.Caching.BeaconCacheRecordTest" name="NullIsNotEqual" /></UnitTest><UnitTest name="IsErroneousResponseGivesFalseForErrorCodeLessThan400" storage="c:\workspaces\openkit-dotnet\tests\openkit-dotnetcore-1.0.tests\bin\release\netcoreapp1.0\openkit-dotnetcore-1.0.tests.dll" id="0afd8e41-be02-4b35-8ab8-515bc6bd9b39"><Execution id="ae5c9897-8db6-4be2-b5cb-740eb2cd2fab" /><TestMethod codeBase="C:\workspaces\openkit-dotnet\tests\openkit-dotnetcore-1.0.Tests\bin\Release\netcoreapp1.0\openkit-dotnetcore-1.0.Tests.dll" adapterTypeName="executor://nunit3testexecutor/" className="Dynatrace.OpenKit.Protocol.ResponseTest" name="IsErroneousResponseGivesFalseForErrorCodeLessThan400" /></UnitTest><UnitTest name="ResetChunkedRaisesEvent" storage="c:\workspaces\openkit-dotnet\tests\openkit-dotnetcore-1.0.tests\bin\release\netcoreapp1.0\openkit-dotnetcore-1.0.tests.dll" id="5c09b3ae-dd5d-4103-a884-3ff4192b210d"><Execution id="8f107dd3-e4a5-4c8e-8378-ae8fa6cb45d3" /><TestMethod codeBase="C:\workspaces\openkit-dotnet\tests\openkit-dotnetcore-1.0.Tests\bin\Release\netcoreapp1.0\openkit-dotnetcore-1.0.Tests.dll" adapterTypeName="executor://nunit3testexecutor/" className="Dynatrace.OpenKit.Core.Caching.BeaconCacheTest" name="ResetChunkedRaisesEvent" /></UnitTest><UnitTest name="aProviderInitializedWithMaxIntValueProvidesMinSessionIdValueAtNextCall" storage="c:\workspaces\openkit-dotnet\tests\openkit-dotnetcore-1.0.tests\bin\release\netcoreapp1.0\openkit-dotnetcore-1.0.tests.dll" id="a3127122-ad44-427f-9615-08b75466bd77"><Execution id="9c2a77de-49c4-450a-bc5c-d15dbb1bf1b2" /><TestMethod codeBase="C:\workspaces\openkit-dotnet\tests\openkit-dotnetcore-1.0.Tests\bin\Release\netcoreapp1.0\openkit-dotnetcore-1.0.Tests.dll" adapterTypeName="executor://nunit3testexecutor/" className="Dynatrace.OpenKit.Providers.DefaultSessionIDProviderTest" name="aProviderInitializedWithMaxIntValueProvidesMinSessionIdValueAtNextCall" /></UnitTest><UnitTest name="CanGetCurrentTimestamp" storage="c:\workspaces\openkit-dotnet\tests\openkit-dotnetcore-1.0.tests\bin\release\netcoreapp1.0\openkit-dotnetcore-1.0.tests.dll" id="c40b0889-140b-4b35-bb91-41185930af2d"><Execution id="95c580aa-65fb-4e18-9084-6aedeb356aa7" /><TestMethod codeBase="C:\workspaces\openkit-dotnet\tests\openkit-dotnetcore-1.0.Tests\bin\Release\netcoreapp1.0\openkit-dotnetcore-1.0.Tests.dll" adapterTypeName="executor://nunit3testexecutor/" className="Dynatrace.OpenKit.Core.Communication.BeaconSendingContextTest" name="CanGetCurrentTimestamp" /></UnitTest><UnitTest name="OddNumberOfTokensThrowsException" storage="c:\workspaces\openkit-dotnet\tests\openkit-dotnetcore-1.0.tests\bin\release\netcoreapp1.0\openkit-dotnetcore-1.0.tests.dll" id="3b5e2fc9-3982-498a-a481-7fc8535a987c"><Execution id="3a8da6e6-d8bc-4e65-ba43-329c45422641" /><TestMethod codeBase="C:\workspaces\openkit-dotnet\tests\openkit-dotnetcore-1.0.Tests\bin\Release\netcoreapp1.0\openkit-dotnetcore-1.0.Tests.dll" adapterTypeName="executor://nunit3testexecutor/" className="Dynatrace.OpenKit.Protocol.TimeSyncResponseTest" name="OddNumberOfTokensThrowsException" /></UnitTest><UnitTest name="RemoveRecordsOlderThanRemovesRecordsFromActionData" storage="c:\workspaces\openkit-dotnet\tests\openkit-dotnetcore-1.0.tests\bin\release\netcoreapp1.0\openkit-dotnetcore-1.0.tests.dll" id="6ac8461e-ddb9-4dcd-becc-673be01ad78c"><Execution id="f244f1a7-f212-44b6-bfaf-bf09a16ba417" /><TestMethod codeBase="C:\workspaces\openkit-dotnet\tests\openkit-dotnetcore-1.0.Tests\bin\Release\netcoreapp1.0\openkit-dotnetcore-1.0.Tests.dll" adapterTypeName="executor://nunit3testexecutor/" className="Dynatrace.OpenKit.Core.Caching.BeaconCacheEntryTest" name="RemoveRecordsOlderThanRemovesRecordsFromActionData" /></UnitTest><UnitTest name="SendBeaconRequestSendsRequestToMonitorURL" storage="c:\workspaces\openkit-dotnet\tests\openkit-dotnetcore-1.0.tests\bin\release\netcoreapp1.0\openkit-dotnetcore-1.0.tests.dll" id="fcc0a19d-2435-47fa-a618-84ce0a81440e"><Execution id="9ddc2009-7804-4a90-8120-2834ee3f376b" /><TestMethod codeBase="C:\workspaces\openkit-dotnet\tests\openkit-dotnetcore-1.0.Tests\bin\Release\netcoreapp1.0\openkit-dotnetcore-1.0.Tests.dll" adapterTypeName="executor://nunit3testexecutor/" className="Dynatrace.OpenKit.Protocol.HTTPClientTest" name="SendBeaconRequestSendsRequestToMonitorURL" /></UnitTest><UnitTest name="CapturingIsDisabledIfStatusResponseIsNull" storage="c:\workspaces\openkit-dotnet\tests\openkit-dotnetcore-1.0.tests\bin\release\netcoreapp1.0\openkit-dotnetcore-1.0.tests.dll" id="36d358ff-4ecb-470a-bd91-cc7370b87880"><Execution id="62d34db1-0105-497a-aed7-419ca1e87abf" /><TestMethod codeBase="C:\workspaces\openkit-dotnet\tests\openkit-dotnetcore-1.0.Tests\bin\Release\netcoreapp1.0\openkit-dotnetcore-1.0.Tests.dll" adapterTypeName="executor://nunit3testexecutor/" className="Dynatrace.OpenKit.Core.Configuration.OpenKitConfigurationTest" name="CapturingIsDisabledIfStatusResponseIsNull" /></UnitTest><UnitTest name="CurrentThreadIDIsReturned" storage="c:\workspaces\openkit-dotnet\tests\openkit-dotnetcore-1.0.tests\bin\release\netcoreapp1.0\openkit-dotnetcore-1.0.tests.dll" id="0f6cd966-3fc6-4e1e-a833-0a9f6fb6fa76"><Execution id="b2e6a3a5-5ea4-443c-9a49-b37f17a093c3" /><TestMethod codeBase="C:\workspaces\openkit-dotnet\tests\openkit-dotnetcore-1.0.Tests\bin\Release\netcoreapp1.0\openkit-dotnetcore-1.0.Tests.dll" adapterTypeName="executor://nunit3testexecutor/" className="Dynatrace.OpenKit.Providers.DefaultThreadIDProviderTest" name="CurrentThreadIDIsReturned" /></UnitTest><UnitTest name="DefaultLoggerIsUsedByDefault" storage="c:\workspaces\openkit-dotnet\tests\openkit-dotnetcore-1.0.tests\bin\release\netcoreapp1.0\openkit-dotnetcore-1.0.tests.dll" id="7ce478d3-d813-4b63-b424-801a8f4656a0"><Execution id="efd6531f-8257-4dc5-886c-5425a5aee6b0" /><TestMethod codeBase="C:\workspaces\openkit-dotnet\tests\openkit-dotnetcore-1.0.Tests\bin\Release\netcoreapp1.0\openkit-dotnetcore-1.0.Tests.dll" adapterTypeName="executor://nunit3testexecutor/" className="Dynatrace.OpenKit.OpenKitBuilderTest" name="DefaultLoggerIsUsedByDefault" /></UnitTest><UnitTest name="StringValueReportedForDataCollectionLevel2" storage="c:\workspaces\openkit-dotnet\tests\openkit-dotnetcore-1.0.tests\bin\release\netcoreapp1.0\openkit-dotnetcore-1.0.tests.dll" id="498031f5-8c76-4d02-9d72-193c75aabbc7"><Execution id="b6ce85cf-7f1c-484e-a844-71ac241875b0" /><TestMethod codeBase="C:\workspaces\openkit-dotnet\tests\openkit-dotnetcore-1.0.Tests\bin\Release\netcoreapp1.0\openkit-dotnetcore-1.0.Tests.dll" adapterTypeName="executor://nunit3testexecutor/" className="Dynatrace.OpenKit.Protocol.BeaconTest" name="StringValueReportedForDataCollectionLevel2" /></UnitTest><UnitTest name="CanSleepCustomPeriod" storage="c:\workspaces\openkit-dotnet\tests\openkit-dotnetcore-1.0.tests\bin\release\netcoreapp1.0\openkit-dotnetcore-1.0.tests.dll" id="479e9298-7344-49e2-bc14-134bd4739528"><Execution id="34dfb2c0-1bc4-4375-907e-fa7c4b2796de" /><TestMethod codeBase="C:\workspaces\openkit-dotnet\tests\openkit-dotnetcore-1.0.Tests\bin\Release\netcoreapp1.0\openkit-dotnetcore-1.0.Tests.dll" adapterTypeName="executor://nunit3testexecutor/" className="Dynatrace.OpenKit.Core.Communication.BeaconSendingContextTest" name="CanSleepCustomPeriod" /></UnitTest><UnitTest name="LastTimeSyncTimeIsSet" storage="c:\workspaces\openkit-dotnet\tests\openkit-dotnetcore-1.0.tests\bin\release\netcoreapp1.0\openkit-dotnetcore-1.0.tests.dll" id="b3e09a2f-9322-4776-a915-f87143aded7a"><Execution id="08cf7c85-148c-4556-9ecb-10c03aaf61bc" /><TestMethod codeBase="C:\workspaces\openkit-dotnet\tests\openkit-dotnetcore-1.0.Tests\bin\Release\netcoreapp1.0\openkit-dotnetcore-1.0.Tests.dll" adapterTypeName="executor://nunit3testexecutor/" className="Dynatrace.OpenKit.Core.Communication.BeaconSendingContextTest" name="LastTimeSyncTimeIsSet" /></UnitTest><UnitTest name="DefaultSendIntervalIsMinusOne" storage="c:\workspaces\openkit-dotnet\tests\openkit-dotnetcore-1.0.tests\bin\release\netcoreapp1.0\openkit-dotnetcore-1.0.tests.dll" id="a4a264bc-21dc-4519-897d-5fa374abad2c"><Execution id="74eae75f-5062-4da1-a70b-2b0a5eb72dd7" /><TestMethod codeBase="C:\workspaces\openkit-dotnet\tests\openkit-dotnetcore-1.0.Tests\bin\Release\netcoreapp1.0\openkit-dotnetcore-1.0.Tests.dll" adapterTypeName="executor://nunit3testexecutor/" className="Dynatrace.OpenKit.Protocol.StatusResponseTest" name="DefaultSendIntervalIsMinusOne" /></UnitTest><UnitTest name="AddActionDataRaisesEvent" storage="c:\workspaces\openkit-dotnet\tests\openkit-dotnetcore-1.0.tests\bin\release\netcoreapp1.0\openkit-dotnetcore-1.0.tests.dll" id="b483e221-2273-43d9-8e48-88bba829ee37"><Execution id="79c1085e-85e1-4ba5-b1c3-d4ed564bd95c" /><TestMethod codeBase="C:\workspaces\openkit-dotnet\tests\openkit-dotnetcore-1.0.Tests\bin\Release\netcoreapp1.0\openkit-dotnetcore-1.0.Tests.dll" adapterTypeName="executor://nunit3testexecutor/" className="Dynatrace.OpenKit.Core.Caching.BeaconCacheTest" name="AddActionDataRaisesEvent" /></UnitTest><UnitTest name="TerminalStateIsNextStateIfTransitionFromTerminalStateOccurs" storage="c:\workspaces\openkit-dotnet\tests\openkit-dotnetcore-1.0.tests\bin\release\netcoreapp1.0\openkit-dotnetcore-1.0.tests.dll" id="afcbd582-8aaf-420e-a487-5b33c33f57cb"><Execution id="28d0742f-2529-4a00-94d6-921861c3d136" /><TestMethod codeBase="C:\workspaces\openkit-dotnet\tests\openkit-dotnetcore-1.0.Tests\bin\Release\netcoreapp1.0\openkit-dotnetcore-1.0.Tests.dll" adapterTypeName="executor://nunit3testexecutor/" className="Dynatrace.OpenKit.Core.Communication.BeaconSendingTerminalStateTest" name="TerminalStateIsNextStateIfTransitionFromTerminalStateOccurs" /></UnitTest><UnitTest name="AddEventDataIncreasesCacheSize" storage="c:\workspaces\openkit-dotnet\tests\openkit-dotnetcore-1.0.tests\bin\release\netcoreapp1.0\openkit-dotnetcore-1.0.tests.dll" id="37378e98-3f4c-4076-b008-05214ff2a577"><Execution id="8bdb7e12-cc0d-48b6-aff4-e323cd0f7822" /><TestMethod codeBase="C:\workspaces\openkit-dotnet\tests\openkit-dotnetcore-1.0.Tests\bin\Release\netcoreapp1.0\openkit-dotnetcore-1.0.Tests.dll" adapterTypeName="executor://nunit3testexecutor/" className="Dynatrace.OpenKit.Core.Caching.BeaconCacheTest" name="AddEventDataIncreasesCacheSize" /></UnitTest><UnitTest name="RandomDeviceIDCannotBeNegativeOnDataCollectionLevel1" storage="c:\workspaces\openkit-dotnet\tests\openkit-dotnetcore-1.0.tests\bin\release\netcoreapp1.0\openkit-dotnetcore-1.0.tests.dll" id="7b9ea203-0967-4ded-8b6a-8cb3b34bb243"><Execution id="47e16c2a-d599-49c4-9e91-824b59e70141" /><TestMethod codeBase="C:\workspaces\openkit-dotnet\tests\openkit-dotnetcore-1.0.Tests\bin\Release\netcoreapp1.0\openkit-dotnetcore-1.0.Tests.dll" adapterTypeName="executor://nunit3testexecutor/" className="Dynatrace.OpenKit.Protocol.BeaconTest" name="RandomDeviceIDCannotBeNegativeOnDataCollectionLevel1" /></UnitTest><UnitTest name="TransitionToCaptureOnIsPerformedOnSuccess" storage="c:\workspaces\openkit-dotnet\tests\openkit-dotnetcore-1.0.tests\bin\release\netcoreapp1.0\openkit-dotnetcore-1.0.tests.dll" id="7d8e3419-7980-4ec8-993c-e2c02279e1e4"><Execution id="4cedc9e4-31f7-4e93-b1aa-7b4888da348a" /><TestMethod codeBase="C:\workspaces\openkit-dotnet\tests\openkit-dotnetcore-1.0.Tests\bin\Release\netcoreapp1.0\openkit-dotnetcore-1.0.Tests.dll" adapterTypeName="executor://nunit3testexecutor/" className="Dynatrace.OpenKit.Core.Communication.BeaconSendingTimeSyncStateTest" name="TransitionToCaptureOnIsPerformedOnSuccess" /></UnitTest><UnitTest name="CanSleepLonger" storage="c:\workspaces\openkit-dotnet\tests\openkit-dotnetcore-1.0.tests\bin\release\netcoreapp1.0\openkit-dotnetcore-1.0.tests.dll" id="5de9200f-22a0-4098-af8d-a9a0678a8c2f"><Execution id="560ede1f-1811-4aca-abd9-15e3479d83e1" /><TestMethod codeBase="C:\workspaces\openkit-dotnet\tests\openkit-dotnetcore-1.0.Tests\bin\Release\netcoreapp1.0\openkit-dotnetcore-1.0.Tests.dll" adapterTypeName="executor://nunit3testexecutor/" className="Dynatrace.OpenKit.FrameworkSpecificTests.Core.Communication.BeaconSendingContextTest" name="CanSleepLonger" /></UnitTest><UnitTest name="ResetChunkedRestoresCacheSize" storage="c:\workspaces\openkit-dotnet\tests\openkit-dotnetcore-1.0.tests\bin\release\netcoreapp1.0\openkit-dotnetcore-1.0.tests.dll" id="74b3f12f-6f70-408b-9f5c-b9ef9ae60771"><Execution id="043c2cd0-cf75-486e-8953-90fa53516544" /><TestMethod codeBase="C:\workspaces\openkit-dotnet\tests\openkit-dotnetcore-1.0.Tests\bin\Release\netcoreapp1.0\openkit-dotnetcore-1.0.Tests.dll" adapterTypeName="executor://nunit3testexecutor/" className="Dynatrace.OpenKit.Core.Caching.BeaconCacheTest" name="ResetChunkedRestoresCacheSize" /></UnitTest><UnitTest name="AddActionDataAddsDataToAlreadyExistingBeaconId" storage="c:\workspaces\openkit-dotnet\tests\openkit-dotnetcore-1.0.tests\bin\release\netcoreapp1.0\openkit-dotnetcore-1.0.tests.dll" id="2b5f0373-410d-46d3-be7f-9d5c11243048"><Execution id="622e0ce8-4fa2-43e8-98cb-1678eaf32d88" /><TestMethod codeBase="C:\workspaces\openkit-dotnet\tests\openkit-dotnetcore-1.0.Tests\bin\Release\netcoreapp1.0\openkit-dotnetcore-1.0.Tests.dll" adapterTypeName="executor://nunit3testexecutor/" className="Dynatrace.OpenKit.Core.Caching.BeaconCacheTest" name="AddActionDataAddsDataToAlreadyExistingBeaconId" /></UnitTest><UnitTest name="ANewlyCreatedSessionIsNotEnded" storage="c:\workspaces\openkit-dotnet\tests\openkit-dotnetcore-1.0.tests\bin\release\netcoreapp1.0\openkit-dotnetcore-1.0.tests.dll" id="c0dc9930-e506-4bb9-a507-ba785fb72ee0"><Execution id="6d619e5c-03d0-4f1f-9f45-f1b4bdcc2fe2" /><TestMethod codeBase="C:\workspaces\openkit-dotnet\tests\openkit-dotnetcore-1.0.Tests\bin\Release\netcoreapp1.0\openkit-dotnetcore-1.0.Tests.dll" adapterTypeName="executor://nunit3testexecutor/" className="Dynatrace.OpenKit.Core.SessionTest" name="ANewlyCreatedSessionIsNotEnded" /></UnitTest><UnitTest name="TraceWebRequestGivesNullWebRequestTracerIfUrlIsAnEmptyString" storage="c:\workspaces\openkit-dotnet\tests\openkit-dotnetcore-1.0.tests\bin\release\netcoreapp1.0\openkit-dotnetcore-1.0.tests.dll" id="4d352b69-a3af-461f-a7a3-32d293136456"><Execution id="60f46013-2eb2-447c-8ce3-812fec0bd725" /><TestMethod codeBase="C:\workspaces\openkit-dotnet\tests\openkit-dotnetcore-1.0.Tests\bin\Release\netcoreapp1.0\openkit-dotnetcore-1.0.Tests.dll" adapterTypeName="executor://nunit3testexecutor/" className="Dynatrace.OpenKit.Core.ActionTest" name="TraceWebRequestGivesNullWebRequestTracerIfUrlIsAnEmptyString" /></UnitTest><UnitTest name="CanSetCrashReportingLevelForAppMon" storage="c:\workspaces\openkit-dotnet\tests\openkit-dotnetcore-1.0.tests\bin\release\netcoreapp1.0\openkit-dotnetcore-1.0.tests.dll" id="e041ff70-3c0f-4b05-b5f4-bde94944abe1"><Execution id="9dd9fb5e-d254-4b31-a646-d90b30c71e53" /><TestMethod codeBase="C:\workspaces\openkit-dotnet\tests\openkit-dotnetcore-1.0.Tests\bin\Release\netcoreapp1.0\openkit-dotnetcore-1.0.Tests.dll" adapterTypeName="executor://nunit3testexecutor/" className="Dynatrace.OpenKit.OpenKitBuilderTest" name="CanSetCrashReportingLevelForAppMon" /></UnitTest><UnitTest name="LeavingAnActionSetsTheEndSequenceNumber" storage="c:\workspaces\openkit-dotnet\tests\openkit-dotnetcore-1.0.tests\bin\release\netcoreapp1.0\openkit-dotnetcore-1.0.tests.dll" id="5efcf2f9-af1d-4a9f-85a1-6261e2f0e9ca"><Execution id="bbec2bd3-a18f-49c2-81c8-3a94cf28d805" /><TestMethod codeBase="C:\workspaces\openkit-dotnet\tests\openkit-dotnetcore-1.0.Tests\bin\Release\netcoreapp1.0\openkit-dotnetcore-1.0.Tests.dll" adapterTypeName="executor://nunit3testexecutor/" className="Dynatrace.OpenKit.Core.ActionTest" name="LeavingAnActionSetsTheEndSequenceNumber" /></UnitTest><UnitTest name="SendStatusRequestSendsOneHTTPGetRequest" storage="c:\workspaces\openkit-dotnet\tests\openkit-dotnetcore-1.0.tests\bin\release\netcoreapp1.0\openkit-dotnetcore-1.0.tests.dll" id="89c2bb8a-3f8b-40cb-a5e0-86a82cf61640"><Execution id="c1e644b8-9422-4116-aaa4-06d77623cbb9" /><TestMethod codeBase="C:\workspaces\openkit-dotnet\tests\openkit-dotnetcore-1.0.Tests\bin\Release\netcoreapp1.0\openkit-dotnetcore-1.0.Tests.dll" adapterTypeName="executor://nunit3testexecutor/" className="Dynatrace.OpenKit.Protocol.HTTPClientTest" name="SendStatusRequestSendsOneHTTPGetRequest" /></UnitTest><UnitTest name="ReportIntValueDoesNothingIfValueNameIsAnEmptyString" storage="c:\workspaces\openkit-dotnet\tests\openkit-dotnetcore-1.0.tests\bin\release\netcoreapp1.0\openkit-dotnetcore-1.0.tests.dll" id="718e3b6a-a6dc-4326-b668-8575e2dc62ab"><Execution id="182f3af0-cb87-4e53-8070-3c0a0ded212a" /><TestMethod codeBase="C:\workspaces\openkit-dotnet\tests\openkit-dotnetcore-1.0.Tests\bin\Release\netcoreapp1.0\openkit-dotnetcore-1.0.Tests.dll" adapterTypeName="executor://nunit3testexecutor/" className="Dynatrace.OpenKit.Core.ActionTest" name="ReportIntValueDoesNothingIfValueNameIsAnEmptyString" /></UnitTest><UnitTest name="LastTimeSyncTimeIsInitializedWithMinus1" storage="c:\workspaces\openkit-dotnet\tests\openkit-dotnetcore-1.0.tests\bin\release\netcoreapp1.0\openkit-dotnetcore-1.0.tests.dll" id="9dc50120-d056-41c8-8da1-22523ae35884"><Execution id="e4732b07-5fdc-457a-aeb9-056e8985141a" /><TestMethod codeBase="C:\workspaces\openkit-dotnet\tests\openkit-dotnetcore-1.0.Tests\bin\Release\netcoreapp1.0\openkit-dotnetcore-1.0.Tests.dll" adapterTypeName="executor://nunit3testexecutor/" className="Dynatrace.OpenKit.Core.Communication.BeaconSendingContextTest" name="LastTimeSyncTimeIsInitializedWithMinus1" /></UnitTest><UnitTest name="TheStrategyIsDisabledIfBeaconMaxAgeIsSetToZero" storage="c:\workspaces\openkit-dotnet\tests\openkit-dotnetcore-1.0.tests\bin\release\netcoreapp1.0\openkit-dotnetcore-1.0.tests.dll" id="bfe03c47-7e50-414e-b5eb-7c487fb37db6"><Execution id="42e0c88d-5c44-4606-8bd8-15c7b16b7622" /><TestMethod codeBase="C:\workspaces\openkit-dotnet\tests\openkit-dotnetcore-1.0.Tests\bin\Release\netcoreapp1.0\openkit-dotnetcore-1.0.Tests.dll" adapterTypeName="executor://nunit3testexecutor/" className="Dynatrace.OpenKit.Core.Caching.TimeEvicitionStrategyTest" name="TheStrategyIsDisabledIfBeaconMaxAgeIsSetToZero" /></UnitTest><UnitTest name="CanSetManufacturerForAppMon" storage="c:\workspaces\openkit-dotnet\tests\openkit-dotnetcore-1.0.tests\bin\release\netcoreapp1.0\openkit-dotnetcore-1.0.tests.dll" id="2564d8e2-047d-449c-bd00-e4bb5fdbe852"><Execution id="a5ca3154-2193-4702-8020-5432d971dd6a" /><TestMethod codeBase="C:\workspaces\openkit-dotnet\tests\openkit-dotnetcore-1.0.Tests\bin\Release\netcoreapp1.0\openkit-dotnetcore-1.0.Tests.dll" adapterTypeName="executor://nunit3testexecutor/" className="Dynatrace.OpenKit.OpenKitBuilderTest" name="CanSetManufacturerForAppMon" /></UnitTest><UnitTest name="AValidSchemeStartsWithALetter" storage="c:\workspaces\openkit-dotnet\tests\openkit-dotnetcore-1.0.tests\bin\release\netcoreapp1.0\openkit-dotnetcore-1.0.tests.dll" id="d7c3c342-c12b-4f9a-a799-2c13b3e2ae00"><Execution id="3fbb890b-864a-4e7b-8932-5524c9a9a541" /><TestMethod codeBase="C:\workspaces\openkit-dotnet\tests\openkit-dotnetcore-1.0.Tests\bin\Release\netcoreapp1.0\openkit-dotnetcore-1.0.Tests.dll" adapterTypeName="executor://nunit3testexecutor/" className="Dynatrace.OpenKit.Core.WebRequestTracerStringURLTest" name="AValidSchemeStartsWithALetter" /></UnitTest><UnitTest name="SleepTimeIsDoubledBetweenConsecutiveRetries" storage="c:\workspaces\openkit-dotnet\tests\openkit-dotnetcore-1.0.tests\bin\release\netcoreapp1.0\openkit-dotnetcore-1.0.tests.dll" id="b892d6e6-55ad-4d98-aa49-0a8588d25449"><Execution id="37a27b92-71f4-4845-b284-0adc3d42a9bf" /><TestMethod codeBase="C:\workspaces\openkit-dotnet\tests\openkit-dotnetcore-1.0.Tests\bin\Release\netcoreapp1.0\openkit-dotnetcore-1.0.Tests.dll" adapterTypeName="executor://nunit3testexecutor/" className="Dynatrace.OpenKit.Core.Communication.BeaconSendingRequestUtilTest" name="SleepTimeIsDoubledBetweenConsecutiveRetries" /></UnitTest><UnitTest name="EvictRecordsByAgeDoesNothingAndReturnsZeroIfBeaconIDDoesNotExist" storage="c:\workspaces\openkit-dotnet\tests\openkit-dotnetcore-1.0.tests\bin\release\netcoreapp1.0\openkit-dotnetcore-1.0.tests.dll" id="12d05734-a93d-4626-ab25-9e8f8645dcab"><Execution id="3dbbbe44-8ed5-45e6-b54c-4ef2c8ff35b4" /><TestMethod codeBase="C:\workspaces\openkit-dotnet\tests\openkit-dotnetcore-1.0.Tests\bin\Release\netcoreapp1.0\openkit-dotnetcore-1.0.Tests.dll" adapterTypeName="executor://nunit3testexecutor/" className="Dynatrace.OpenKit.Core.Caching.BeaconCacheTest" name="EvictRecordsByAgeDoesNothingAndReturnsZeroIfBeaconIDDoesNotExist" /></UnitTest><UnitTest name="NeedsDataCopyBeforeChunkingGivesFalseEvenIfListsAreEmpty" storage="c:\workspaces\openkit-dotnet\tests\openkit-dotnetcore-1.0.tests\bin\release\netcoreapp1.0\openkit-dotnetcore-1.0.tests.dll" id="8ff6385a-3541-44d7-8720-3f7573dcf7b5"><Execution id="3111ffdb-812e-4ed9-b3f9-424cb1bdec0c" /><TestMethod codeBase="C:\workspaces\openkit-dotnet\tests\openkit-dotnetcore-1.0.Tests\bin\Release\netcoreapp1.0\openkit-dotnetcore-1.0.Tests.dll" adapterTypeName="executor://nunit3testexecutor/" className="Dynatrace.OpenKit.Core.Caching.BeaconCacheEntryTest" name="NeedsDataCopyBeforeChunkingGivesFalseEvenIfListsAreEmpty" /></UnitTest><UnitTest name="NamedEventNotReportedForDataCollectionLevel0" storage="c:\workspaces\openkit-dotnet\tests\openkit-dotnetcore-1.0.tests\bin\release\netcoreapp1.0\openkit-dotnetcore-1.0.tests.dll" id="9a47f1c2-52b3-4920-bf51-386b1f9f9ad9"><Execution id="57dc042e-2c82-47b6-8944-ca37688ab41e" /><TestMethod codeBase="C:\workspaces\openkit-dotnet\tests\openkit-dotnetcore-1.0.Tests\bin\Release\netcoreapp1.0\openkit-dotnetcore-1.0.Tests.dll" adapterTypeName="executor://nunit3testexecutor/" className="Dynatrace.OpenKit.Protocol.BeaconTest" name="NamedEventNotReportedForDataCollectionLevel0" /></UnitTest><UnitTest name="SendBeaconRequestIsRetriedThreeTimesBeforeGivingUp" storage="c:\workspaces\openkit-dotnet\tests\openkit-dotnetcore-1.0.tests\bin\release\netcoreapp1.0\openkit-dotnetcore-1.0.tests.dll" id="003d6974-5b89-4109-bd1f-d9eff2bdbefd"><Execution id="4cb1a578-9488-4927-91a7-18c9cf339d5c" /><TestMethod codeBase="C:\workspaces\openkit-dotnet\tests\openkit-dotnetcore-1.0.Tests\bin\Release\netcoreapp1.0\openkit-dotnetcore-1.0.Tests.dll" adapterTypeName="executor://nunit3testexecutor/" className="Dynatrace.OpenKit.Protocol.HTTPClientTest" name="SendBeaconRequestIsRetriedThreeTimesBeforeGivingUp" /></UnitTest><UnitTest name="CanSetBeaconCacheLowerMemoryBoundaryForAppMon" storage="c:\workspaces\openkit-dotnet\tests\openkit-dotnetcore-1.0.tests\bin\release\netcoreapp1.0\openkit-dotnetcore-1.0.tests.dll" id="02d69d44-68f5-4226-8d0a-930d44de4daf"><Execution id="770754fb-2856-4a1c-a15d-8542ed452fa8" /><TestMethod codeBase="C:\workspaces\openkit-dotnet\tests\openkit-dotnetcore-1.0.Tests\bin\Release\netcoreapp1.0\openkit-dotnetcore-1.0.Tests.dll" adapterTypeName="executor://nunit3testexecutor/" className="Dynatrace.OpenKit.OpenKitBuilderTest" name="CanSetBeaconCacheLowerMemoryBoundaryForAppMon" /></UnitTest><UnitTest name="InitializeTimeSyncDelegatesToTimingProvider" storage="c:\workspaces\openkit-dotnet\tests\openkit-dotnetcore-1.0.tests\bin\release\netcoreapp1.0\openkit-dotnetcore-1.0.tests.dll" id="c6e0ccdd-bca5-477c-bd95-455deec99f51"><Execution id="3bea376a-75d1-4cd4-9bb7-e6fc1772fad8" /><TestMethod codeBase="C:\workspaces\openkit-dotnet\tests\openkit-dotnetcore-1.0.Tests\bin\Release\netcoreapp1.0\openkit-dotnetcore-1.0.Tests.dll" adapterTypeName="executor://nunit3testexecutor/" className="Dynatrace.OpenKit.Core.Communication.BeaconSendingContextTest" name="InitializeTimeSyncDelegatesToTimingProvider" /></UnitTest><UnitTest name="ActionReportedForDataCollectionLevel1" storage="c:\workspaces\openkit-dotnet\tests\openkit-dotnetcore-1.0.tests\bin\release\netcoreapp1.0\openkit-dotnetcore-1.0.tests.dll" id="3c1159e6-bf0d-4cf7-b9d8-0d823ee42ccd"><Execution id="2f210dc5-9426-42bd-b4a4-35b66f17757e" /><TestMethod codeBase="C:\workspaces\openkit-dotnet\tests\openkit-dotnetcore-1.0.Tests\bin\Release\netcoreapp1.0\openkit-dotnetcore-1.0.Tests.dll" adapterTypeName="executor://nunit3testexecutor/" className="Dynatrace.OpenKit.Protocol.BeaconTest" name="ActionReportedForDataCollectionLevel1" /></UnitTest><UnitTest name="IsInfoEnabledIsTrueIfVerboseIsTrue" storage="c:\workspaces\openkit-dotnet\tests\openkit-dotnetcore-1.0.tests\bin\release\netcoreapp1.0\openkit-dotnetcore-1.0.tests.dll" id="8c9996b6-4df0-4c0d-8f2d-ccc78c0cef43"><Execution id="4608009e-3724-467f-9b7d-f8d9d0816655" /><TestMethod codeBase="C:\workspaces\openkit-dotnet\tests\openkit-dotnetcore-1.0.Tests\bin\Release\netcoreapp1.0\openkit-dotnetcore-1.0.Tests.dll" adapterTypeName="executor://nunit3testexecutor/" className="Dynatrace.OpenKit.Core.DefaultLoggerTest" name="IsInfoEnabledIsTrueIfVerboseIsTrue" /></UnitTest><UnitTest name="DebugDoesNotLogIfVerboseIsDisabled" storage="c:\workspaces\openkit-dotnet\tests\openkit-dotnetcore-1.0.tests\bin\release\netcoreapp1.0\openkit-dotnetcore-1.0.tests.dll" id="68e2c5e4-9df2-466d-921e-e044e777afca"><Execution id="36335631-9522-45b8-b64f-be2c31c1c9c0" /><TestMethod codeBase="C:\workspaces\openkit-dotnet\tests\openkit-dotnetcore-1.0.Tests\bin\Release\netcoreapp1.0\openkit-dotnetcore-1.0.Tests.dll" adapterTypeName="executor://nunit3testexecutor/" className="Dynatrace.OpenKit.Core.DefaultLoggerTest" name="DebugDoesNotLogIfVerboseIsDisabled" /></UnitTest><UnitTest name="CanSetBeaconCacheUpperMemoryBoundaryForAppMon" storage="c:\workspaces\openkit-dotnet\tests\openkit-dotnetcore-1.0.tests\bin\release\netcoreapp1.0\openkit-dotnetcore-1.0.tests.dll" id="6b505d51-f025-4e8b-a7a1-0f43e2fc4e15"><Execution id="12d3a625-d674-4449-a7b7-7a19d5d6aad6" /><TestMethod codeBase="C:\workspaces\openkit-dotnet\tests\openkit-dotnetcore-1.0.Tests\bin\Release\netcoreapp1.0\openkit-dotnetcore-1.0.Tests.dll" adapterTypeName="executor://nunit3testexecutor/" className="Dynatrace.OpenKit.OpenKitBuilderTest" name="CanSetBeaconCacheUpperMemoryBoundaryForAppMon" /></UnitTest><UnitTest name="ExecuteEvictionIsStoppedIfThreadGetsInterrupted" storage="c:\workspaces\openkit-dotnet\tests\openkit-dotnetcore-1.0.tests\bin\release\netcoreapp1.0\openkit-dotnetcore-1.0.tests.dll" id="346f2dcd-4c43-4cf3-9794-4fa6ddbf71dc"><Execution id="413e0506-0a89-4243-af28-9ed12f5ebf73" /><TestMethod codeBase="C:\workspaces\openkit-dotnet\tests\openkit-dotnetcore-1.0.Tests\bin\Release\netcoreapp1.0\openkit-dotnetcore-1.0.Tests.dll" adapterTypeName="executor://nunit3testexecutor/" className="Dynatrace.OpenKit.Core.Caching.TimeEvicitionStrategyTest" name="ExecuteEvictionIsStoppedIfThreadGetsInterrupted" /></UnitTest><UnitTest name="ParsingInvalidRequestReceiveTimeThrowsException" storage="c:\workspaces\openkit-dotnet\tests\openkit-dotnetcore-1.0.tests\bin\release\netcoreapp1.0\openkit-dotnetcore-1.0.tests.dll" id="daf671d7-4507-47d2-b4bd-659845051ecf"><Execution id="0988a406-4ff1-4bfe-8e58-beb1ee1a7155" /><TestMethod codeBase="C:\workspaces\openkit-dotnet\tests\openkit-dotnetcore-1.0.Tests\bin\Release\netcoreapp1.0\openkit-dotnetcore-1.0.Tests.dll" adapterTypeName="executor://nunit3testexecutor/" className="Dynatrace.OpenKit.Protocol.TimeSyncResponseTest" name="ParsingInvalidRequestReceiveTimeThrowsException" /></UnitTest><UnitTest name="ExecuteEvictionDoesNotLogIfStrategyIsDisabledAndInfoIsDisabledInLogger" storage="c:\workspaces\openkit-dotnet\tests\openkit-dotnetcore-1.0.tests\bin\release\netcoreapp1.0\openkit-dotnetcore-1.0.tests.dll" id="4ffbe880-1ca2-44da-9dd6-41e5655751e5"><Execution id="8546e707-f77d-4947-a32d-b26e00a549d4" /><TestMethod codeBase="C:\workspaces\openkit-dotnet\tests\openkit-dotnetcore-1.0.Tests\bin\Release\netcoreapp1.0\openkit-dotnetcore-1.0.Tests.dll" adapterTypeName="executor://nunit3testexecutor/" className="Dynatrace.OpenKit.Core.Caching.TimeEvicitionStrategyTest" name="ExecuteEvictionDoesNotLogIfStrategyIsDisabledAndInfoIsDisabledInLogger" /></UnitTest><UnitTest name="TwoEqualInstancesHaveSameHashCode" storage="c:\workspaces\openkit-dotnet\tests\openkit-dotnetcore-1.0.tests\bin\release\netcoreapp1.0\openkit-dotnetcore-1.0.tests.dll" id="b94e5bda-0c10-456b-8881-a9038e7a6e1f"><Execution id="7259cfca-d610-4cbb-a1b0-59ad0997c62c" /><TestMethod codeBase="C:\workspaces\openkit-dotnet\tests\openkit-dotnetcore-1.0.Tests\bin\Release\netcoreapp1.0\openkit-dotnetcore-1.0.Tests.dll" adapterTypeName="executor://nunit3testexecutor/" className="Dynatrace.OpenKit.Core.Caching.BeaconCacheRecordTest" name="TwoEqualInstancesHaveSameHashCode" /></UnitTest><UnitTest name="TwoInstancesAreNotEqualIfTimestampDiffers" storage="c:\workspaces\openkit-dotnet\tests\openkit-dotnetcore-1.0.tests\bin\release\netcoreapp1.0\openkit-dotnetcore-1.0.tests.dll" id="47031f86-9461-4aae-8c98-dbf4d2d05796"><Execution id="9795597b-60d5-4d54-9487-7b8a9acd44f8" /><TestMethod codeBase="C:\workspaces\openkit-dotnet\tests\openkit-dotnetcore-1.0.Tests\bin\Release\netcoreapp1.0\openkit-dotnetcore-1.0.Tests.dll" adapterTypeName="executor://nunit3testexecutor/" className="Dynatrace.OpenKit.Core.Caching.BeaconCacheRecordTest" name="TwoInstancesAreNotEqualIfTimestampDiffers" /></UnitTest><UnitTest name="IdentifyUserDoesNotReportOnDataCollectionLevel1" storage="c:\workspaces\openkit-dotnet\tests\openkit-dotnetcore-1.0.tests\bin\release\netcoreapp1.0\openkit-dotnetcore-1.0.tests.dll" id="c9d7aa4e-f663-44af-a799-9c99f59a2488"><Execution id="807189dd-6de0-4d0f-9770-1731ea4c5e9e" /><TestMethod codeBase="C:\workspaces\openkit-dotnet\tests\openkit-dotnetcore-1.0.Tests\bin\Release\netcoreapp1.0\openkit-dotnetcore-1.0.Tests.dll" adapterTypeName="executor://nunit3testexecutor/" className="Dynatrace.OpenKit.Protocol.BeaconTest" name="IdentifyUserDoesNotReportOnDataCollectionLevel1" /></UnitTest><UnitTest name="ReportStringValueWithValueBeingNullWorks" storage="c:\workspaces\openkit-dotnet\tests\openkit-dotnetcore-1.0.tests\bin\release\netcoreapp1.0\openkit-dotnetcore-1.0.tests.dll" id="1c4b0773-bd8c-4a9d-926e-5ece2b0052bf"><Execution id="81e25ef6-3951-46b8-8981-2d36fc0c09af" /><TestMethod codeBase="C:\workspaces\openkit-dotnet\tests\openkit-dotnetcore-1.0.Tests\bin\Release\netcoreapp1.0\openkit-dotnetcore-1.0.Tests.dll" adapterTypeName="executor://nunit3testexecutor/" className="Dynatrace.OpenKit.Core.ActionTest" name="ReportStringValueWithValueBeingNullWorks" /></UnitTest><UnitTest name="NeedsDataCopyBeforeChunkingGivesFalseAfterDataHasBeenCopied" storage="c:\workspaces\openkit-dotnet\tests\openkit-dotnetcore-1.0.tests\bin\release\netcoreapp1.0\openkit-dotnetcore-1.0.tests.dll" id="2229233f-184a-4552-b5d5-857fe2912f33"><Execution id="77b37868-bdeb-471a-9caf-5232aa2f3b2c" /><TestMethod codeBase="C:\workspaces\openkit-dotnet\tests\openkit-dotnetcore-1.0.Tests\bin\Release\netcoreapp1.0\openkit-dotnetcore-1.0.Tests.dll" adapterTypeName="executor://nunit3testexecutor/" className="Dynatrace.OpenKit.Core.Caching.BeaconCacheEntryTest" name="NeedsDataCopyBeforeChunkingGivesFalseAfterDataHasBeenCopied" /></UnitTest><UnitTest name="TransitionToTimeSycnIsPerformed" storage="c:\workspaces\openkit-dotnet\tests\openkit-dotnetcore-1.0.tests\bin\release\netcoreapp1.0\openkit-dotnetcore-1.0.tests.dll" id="7e39969b-ab0b-45d9-a9dd-1a9688979ed9"><Execution id="d0b3b2cb-e006-4fdf-b520-ae99ebbbaa25" /><TestMethod codeBase="C:\workspaces\openkit-dotnet\tests\openkit-dotnetcore-1.0.Tests\bin\Release\netcoreapp1.0\openkit-dotnetcore-1.0.Tests.dll" adapterTypeName="executor://nunit3testexecutor/" className="Dynatrace.OpenKit.Core.Communication.BeaconSendingCaptureOnStateTest" name="TransitionToTimeSycnIsPerformed" /></UnitTest><UnitTest name="NoSessionStartIsReportedIfBeaconConfigurationDisablesCapturing" storage="c:\workspaces\openkit-dotnet\tests\openkit-dotnetcore-1.0.tests\bin\release\netcoreapp1.0\openkit-dotnetcore-1.0.tests.dll" id="f640f3e5-c634-4831-80e7-b966f4ab5c71"><Execution id="a46820aa-0344-4887-a7e0-8381e2156f7a" /><TestMethod codeBase="C:\workspaces\openkit-dotnet\tests\openkit-dotnetcore-1.0.Tests\bin\Release\netcoreapp1.0\openkit-dotnetcore-1.0.Tests.dll" adapterTypeName="executor://nunit3testexecutor/" className="Dynatrace.OpenKit.Protocol.BeaconTest" name="NoSessionStartIsReportedIfBeaconConfigurationDisablesCapturing" /></UnitTest><UnitTest name="GetSessionReturnsWrappedSession" storage="c:\workspaces\openkit-dotnet\tests\openkit-dotnetcore-1.0.tests\bin\release\netcoreapp1.0\openkit-dotnetcore-1.0.tests.dll" id="c4c6101a-c2fc-4bdb-933d-a36ef42df815"><Execution id="86531a0f-9086-4d7d-afd7-6892a756c15b" /><TestMethod codeBase="C:\workspaces\openkit-dotnet\tests\openkit-dotnetcore-1.0.Tests\bin\Release\netcoreapp1.0\openkit-dotnetcore-1.0.Tests.dll" adapterTypeName="executor://nunit3testexecutor/" className="Dynatrace.OpenKit.Core.Communication.SessionWrapperTest" name="GetSessionReturnsWrappedSession" /></UnitTest><UnitTest name="SendBeaconRequestSendsNullDataIfNullWasGiven" storage="c:\workspaces\openkit-dotnet\tests\openkit-dotnetcore-1.0.tests\bin\release\netcoreapp1.0\openkit-dotnetcore-1.0.tests.dll" id="6098cb7a-6f7d-4a3a-a6f3-da8266fb856e"><Execution id="0b1428bc-de23-4dfe-9fdf-3efd5e91a55b" /><TestMethod codeBase="C:\workspaces\openkit-dotnet\tests\openkit-dotnetcore-1.0.Tests\bin\Release\netcoreapp1.0\openkit-dotnetcore-1.0.Tests.dll" adapterTypeName="executor://nunit3testexecutor/" className="Dynatrace.OpenKit.Protocol.HTTPClientTest" name="SendBeaconRequestSendsNullDataIfNullWasGiven" /></UnitTest><UnitTest name="LastOpenSessionSendTimeIsSet" storage="c:\workspaces\openkit-dotnet\tests\openkit-dotnetcore-1.0.tests\bin\release\netcoreapp1.0\openkit-dotnetcore-1.0.tests.dll" id="20a81a3b-2d8d-4a64-8d8d-18702f14e7d9"><Execution id="3ced6779-4a1e-4c61-8585-9a3762ccb43a" /><TestMethod codeBase="C:\workspaces\openkit-dotnet\tests\openkit-dotnetcore-1.0.Tests\bin\Release\netcoreapp1.0\openkit-dotnetcore-1.0.Tests.dll" adapterTypeName="executor://nunit3testexecutor/" className="Dynatrace.OpenKit.Core.Communication.BeaconSendingContextTest" name="LastOpenSessionSendTimeIsSet" /></UnitTest><UnitTest name="LeavingAnActionReturnsTheParentAction" storage="c:\workspaces\openkit-dotnet\tests\openkit-dotnetcore-1.0.tests\bin\release\netcoreapp1.0\openkit-dotnetcore-1.0.tests.dll" id="3d0d3e33-2342-48a8-81cc-6eddfcc01e23"><Execution id="87c5c8c5-b8c7-4f5e-a0fc-640c800dd628" /><TestMethod codeBase="C:\workspaces\openkit-dotnet\tests\openkit-dotnetcore-1.0.Tests\bin\Release\netcoreapp1.0\openkit-dotnetcore-1.0.Tests.dll" adapterTypeName="executor://nunit3testexecutor/" className="Dynatrace.OpenKit.Core.ActionTest" name="LeavingAnActionReturnsTheParentAction" /></UnitTest><UnitTest name="EnterActionReturnsNewChildAction" storage="c:\workspaces\openkit-dotnet\tests\openkit-dotnetcore-1.0.tests\bin\release\netcoreapp1.0\openkit-dotnetcore-1.0.tests.dll" id="1cd93733-aa97-496d-97c3-25b8ef3cef4d"><Execution id="f7d6723d-1dde-49ed-b429-b121aa865e04" /><TestMethod codeBase="C:\workspaces\openkit-dotnet\tests\openkit-dotnetcore-1.0.Tests\bin\Release\netcoreapp1.0\openkit-dotnetcore-1.0.Tests.dll" adapterTypeName="executor://nunit3testexecutor/" className="Dynatrace.OpenKit.Core.RootActionTest" name="EnterActionReturnsNewChildAction" /></UnitTest><UnitTest name="ParsingInvalidResponseSendTimeThrowsException" storage="c:\workspaces\openkit-dotnet\tests\openkit-dotnetcore-1.0.tests\bin\release\netcoreapp1.0\openkit-dotnetcore-1.0.tests.dll" id="7594db89-595f-45c0-9db8-b3c9f8350181"><Execution id="4927f464-76cf-4ac8-947f-4d538390dfcc" /><TestMethod codeBase="C:\workspaces\openkit-dotnet\tests\openkit-dotnetcore-1.0.Tests\bin\Release\netcoreapp1.0\openkit-dotnetcore-1.0.Tests.dll" adapterTypeName="executor://nunit3testexecutor/" className="Dynatrace.OpenKit.Protocol.TimeSyncResponseTest" name="ParsingInvalidResponseSendTimeThrowsException" /></UnitTest><UnitTest name="SendStatusRequestReturnsTooManyRequestsResponseImmediately" storage="c:\workspaces\openkit-dotnet\tests\openkit-dotnetcore-1.0.tests\bin\release\netcoreapp1.0\openkit-dotnetcore-1.0.tests.dll" id="baaec214-f7c5-4295-b003-d8c2b6c857bf"><Execution id="32395f35-9014-4290-be58-aa679559ba7f" /><TestMethod codeBase="C:\workspaces\openkit-dotnet\tests\openkit-dotnetcore-1.0.Tests\bin\Release\netcoreapp1.0\openkit-dotnetcore-1.0.Tests.dll" adapterTypeName="executor://nunit3testexecutor/" className="Dynatrace.OpenKit.Core.Communication.BeaconSendingRequestUtilTest" name="SendStatusRequestReturnsTooManyRequestsResponseImmediately" /></UnitTest><UnitTest name="RemoveRecordsOlderThanRemovesRecordsFromEventData" storage="c:\workspaces\openkit-dotnet\tests\openkit-dotnetcore-1.0.tests\bin\release\netcoreapp1.0\openkit-dotnetcore-1.0.tests.dll" id="86c5062a-497a-413a-9877-cba404091222"><Execution id="49274633-0f22-43e0-83fd-6b20a4c042e4" /><TestMethod codeBase="C:\workspaces\openkit-dotnet\tests\openkit-dotnetcore-1.0.Tests\bin\Release\netcoreapp1.0\openkit-dotnetcore-1.0.Tests.dll" adapterTypeName="executor://nunit3testexecutor/" className="Dynatrace.OpenKit.Core.Caching.BeaconCacheEntryTest" name="RemoveRecordsOlderThanRemovesRecordsFromEventData" /></UnitTest><UnitTest name="LeavingAnActionAddsItselfInTheBeacon" storage="c:\workspaces\openkit-dotnet\tests\openkit-dotnetcore-1.0.tests\bin\release\netcoreapp1.0\openkit-dotnetcore-1.0.tests.dll" id="614f319d-0aa6-4909-9550-8c491492d7de"><Execution id="21773b21-e052-4c48-bee4-bfb88f1e2b2e" /><TestMethod codeBase="C:\workspaces\openkit-dotnet\tests\openkit-dotnetcore-1.0.Tests\bin\Release\netcoreapp1.0\openkit-dotnetcore-1.0.Tests.dll" adapterTypeName="executor://nunit3testexecutor/" className="Dynatrace.OpenKit.Core.ActionTest" name="LeavingAnActionAddsItselfInTheBeacon" /></UnitTest><UnitTest name="ReportDoubleValueDoesNothingIfActionIsLeft" storage="c:\workspaces\openkit-dotnet\tests\openkit-dotnetcore-1.0.tests\bin\release\netcoreapp1.0\openkit-dotnetcore-1.0.tests.dll" id="4c0b7b96-6187-4d3d-8d94-a8ffa9be1786"><Execution id="381b1aee-23a9-4a27-beef-75271798a70b" /><TestMethod codeBase="C:\workspaces\openkit-dotnet\tests\openkit-dotnetcore-1.0.Tests\bin\Release\netcoreapp1.0\openkit-dotnetcore-1.0.Tests.dll" adapterTypeName="executor://nunit3testexecutor/" className="Dynatrace.OpenKit.Core.ActionTest" name="ReportDoubleValueDoesNothingIfActionIsLeft" /></UnitTest><UnitTest name="ReportEventDoesNothingIfEventNameIsNull" storage="c:\workspaces\openkit-dotnet\tests\openkit-dotnetcore-1.0.tests\bin\release\netcoreapp1.0\openkit-dotnetcore-1.0.tests.dll" id="2fcbaec0-a35d-4bc7-9f1c-c32b100998f7"><Execution id="e3a0d5fb-4901-49de-ae8e-8dd2f4b1340e" /><TestMethod codeBase="C:\workspaces\openkit-dotnet\tests\openkit-dotnetcore-1.0.Tests\bin\Release\netcoreapp1.0\openkit-dotnetcore-1.0.Tests.dll" adapterTypeName="executor://nunit3testexecutor/" className="Dynatrace.OpenKit.Core.ActionTest" name="ReportEventDoesNothingIfEventNameIsNull" /></UnitTest><UnitTest name="TheStrategyIsDisabledIfCacheSizeUpperBoundIsLessThanZero" storage="c:\workspaces\openkit-dotnet\tests\openkit-dotnetcore-1.0.tests\bin\release\netcoreapp1.0\openkit-dotnetcore-1.0.tests.dll" id="d68d3f7c-11c2-40ad-873c-c5982b9b5180"><Execution id="a8f6e2c8-8343-4584-9b5d-e6d948c40ee3" /><TestMethod codeBase="C:\workspaces\openkit-dotnet\tests\openkit-dotnetcore-1.0.Tests\bin\Release\netcoreapp1.0\openkit-dotnetcore-1.0.Tests.dll" adapterTypeName="executor://nunit3testexecutor/" className="Dynatrace.OpenKit.Core.Caching.SpaceEvictionStrategyTest" name="TheStrategyIsDisabledIfCacheSizeUpperBoundIsLessThanZero" /></UnitTest><UnitTest name="DefaultBeaconConfigurationDoesNotDisableCapturing" storage="c:\workspaces\openkit-dotnet\tests\openkit-dotnetcore-1.0.tests\bin\release\netcoreapp1.0\openkit-dotnetcore-1.0.tests.dll" id="48d29c5f-14ee-49ef-b3f0-f6d8fcf10614"><Execution id="b4e6bfd2-7897-4242-93a7-7b1d0a7fd14f" /><TestMethod codeBase="C:\workspaces\openkit-dotnet\tests\openkit-dotnetcore-1.0.Tests\bin\Release\netcoreapp1.0\openkit-dotnetcore-1.0.Tests.dll" adapterTypeName="executor://nunit3testexecutor/" className="Dynatrace.OpenKit.Protocol.BeaconTest" name="DefaultBeaconConfigurationDoesNotDisableCapturing" /></UnitTest><UnitTest name="CanAddBothSentBytesAndReceivedBytesToWebRequestTracer" storage="c:\workspaces\openkit-dotnet\tests\openkit-dotnetcore-1.0.tests\bin\release\netcoreapp1.0\openkit-dotnetcore-1.0.tests.dll" id="e27e6a4e-5e73-496e-b806-ad59dd4c708f"><Execution id="858a59ae-6e03-493a-a69f-3df0ea5a4bf9" /><TestMethod codeBase="C:\workspaces\openkit-dotnet\tests\openkit-dotnetcore-1.0.Tests\bin\Release\netcoreapp1.0\openkit-dotnetcore-1.0.Tests.dll" adapterTypeName="executor://nunit3testexecutor/" className="Dynatrace.OpenKit.Protocol.BeaconTest" name="CanAddBothSentBytesAndReceivedBytesToWebRequestTracer" /></UnitTest><UnitTest name="ResetDataMarkedForSendingResetsMarkedForSendingFlag" storage="c:\workspaces\openkit-dotnet\tests\openkit-dotnetcore-1.0.tests\bin\release\netcoreapp1.0\openkit-dotnetcore-1.0.tests.dll" id="7e3c1425-9643-4c49-84c2-f59ed0b44d19"><Execution id="d574b3cd-7850-4ce2-b0f4-8ca5b2cb3262" /><TestMethod codeBase="C:\workspaces\openkit-dotnet\tests\openkit-dotnetcore-1.0.Tests\bin\Release\netcoreapp1.0\openkit-dotnetcore-1.0.Tests.dll" adapterTypeName="executor://nunit3testexecutor/" className="Dynatrace.OpenKit.Core.Caching.BeaconCacheEntryTest" name="ResetDataMarkedForSendingResetsMarkedForSendingFlag" /></UnitTest><UnitTest name="SendTimeSyncRequestReturnsAnUnknownErrorResponseForUnparseableStatusResponse" storage="c:\workspaces\openkit-dotnet\tests\openkit-dotnetcore-1.0.tests\bin\release\netcoreapp1.0\openkit-dotnetcore-1.0.tests.dll" id="5e5d4acf-010f-46df-a982-9d19f84f32c3"><Execution id="4d88c538-e36d-44fc-9610-40ce55e7d50b" /><TestMethod codeBase="C:\workspaces\openkit-dotnet\tests\openkit-dotnetcore-1.0.Tests\bin\Release\netcoreapp1.0\openkit-dotnetcore-1.0.Tests.dll" adapterTypeName="executor://nunit3testexecutor/" className="Dynatrace.OpenKit.Protocol.HTTPClientTest" name="SendTimeSyncRequestReturnsAnUnknownErrorResponseForUnparseableStatusResponse" /></UnitTest><UnitTest name="IdentifyUser" storage="c:\workspaces\openkit-dotnet\tests\openkit-dotnetcore-1.0.tests\bin\release\netcoreapp1.0\openkit-dotnetcore-1.0.tests.dll" id="886cf068-1f7b-4284-bf76-773fee60a7e7"><Execution id="1c27333d-0398-4d44-8b54-bf9ba50cc431" /><TestMethod codeBase="C:\workspaces\openkit-dotnet\tests\openkit-dotnetcore-1.0.Tests\bin\Release\netcoreapp1.0\openkit-dotnetcore-1.0.Tests.dll" adapterTypeName="executor://nunit3testexecutor/" className="Dynatrace.OpenKit.Core.SessionTest" name="IdentifyUser" /></UnitTest><UnitTest name="ReportIntValue" storage="c:\workspaces\openkit-dotnet\tests\openkit-dotnetcore-1.0.tests\bin\release\netcoreapp1.0\openkit-dotnetcore-1.0.tests.dll" id="7d127f3e-5c85-4e81-8a9b-305797fae532"><Execution id="927188c6-7826-4a74-a9b8-b606a67630b3" /><TestMethod codeBase="C:\workspaces\openkit-dotnet\tests\openkit-dotnetcore-1.0.Tests\bin\Release\netcoreapp1.0\openkit-dotnetcore-1.0.Tests.dll" adapterTypeName="executor://nunit3testexecutor/" className="Dynatrace.OpenKit.Core.ActionTest" name="ReportIntValue" /></UnitTest><UnitTest name="StoppingABeaconCacheEvictorWhichIsNotAliveDoesNothing" storage="c:\workspaces\openkit-dotnet\tests\openkit-dotnetcore-1.0.tests\bin\release\netcoreapp1.0\openkit-dotnetcore-1.0.tests.dll" id="67c530bf-92a4-4a45-90e2-6dc16aa4e72f"><Execution id="94508d1c-d647-4c6c-9b0e-64c179992d9a" /><TestMethod codeBase="C:\workspaces\openkit-dotnet\tests\openkit-dotnetcore-1.0.Tests\bin\Release\netcoreapp1.0\openkit-dotnetcore-1.0.Tests.dll" adapterTypeName="executor://nunit3testexecutor/" className="Dynatrace.OpenKit.Core.Caching.BeaconCacheEvictorTest" name="StoppingABeaconCacheEvictorWhichIsNotAliveDoesNothing" /></UnitTest><UnitTest name="IsWarnEnabledIsTrueIfVerboseIsTrue" storage="c:\workspaces\openkit-dotnet\tests\openkit-dotnetcore-1.0.tests\bin\release\netcoreapp1.0\openkit-dotnetcore-1.0.tests.dll" id="79bb7737-f27c-48ab-adb4-252705455d3a"><Execution id="d97bdf1c-a754-4b28-950e-f22768e07bbe" /><TestMethod codeBase="C:\workspaces\openkit-dotnet\tests\openkit-dotnetcore-1.0.Tests\bin\Release\netcoreapp1.0\openkit-dotnetcore-1.0.Tests.dll" adapterTypeName="executor://nunit3testexecutor/" className="Dynatrace.OpenKit.Core.DefaultLoggerTest" name="IsWarnEnabledIsTrueIfVerboseIsTrue" /></UnitTest><UnitTest name="ParsingUnknownKeyValueDoesNothing" storage="c:\workspaces\openkit-dotnet\tests\openkit-dotnetcore-1.0.tests\bin\release\netcoreapp1.0\openkit-dotnetcore-1.0.tests.dll" id="5f755f70-dd31-47ed-b2d6-01f26a23717c"><Execution id="b1b3b2d7-eb3b-432c-9845-9212cccd895c" /><TestMethod codeBase="C:\workspaces\openkit-dotnet\tests\openkit-dotnetcore-1.0.Tests\bin\Release\netcoreapp1.0\openkit-dotnetcore-1.0.Tests.dll" adapterTypeName="executor://nunit3testexecutor/" className="Dynatrace.OpenKit.Protocol.TimeSyncResponseTest" name="ParsingUnknownKeyValueDoesNothing" /></UnitTest><UnitTest name="CreateTagReturnsTagStringForDataCollectionLevel1" storage="c:\workspaces\openkit-dotnet\tests\openkit-dotnetcore-1.0.tests\bin\release\netcoreapp1.0\openkit-dotnetcore-1.0.tests.dll" id="39cc604d-a05f-44b1-a05a-28a963ffce5b"><Execution id="bcafb1aa-8936-4bba-8c00-ca1f5b83bc70" /><TestMethod codeBase="C:\workspaces\openkit-dotnet\tests\openkit-dotnetcore-1.0.Tests\bin\Release\netcoreapp1.0\openkit-dotnetcore-1.0.Tests.dll" adapterTypeName="executor://nunit3testexecutor/" className="Dynatrace.OpenKit.Protocol.BeaconTest" name="CreateTagReturnsTagStringForDataCollectionLevel1" /></UnitTest><UnitTest name="ContextIsInitializedWithInitState" storage="c:\workspaces\openkit-dotnet\tests\openkit-dotnetcore-1.0.tests\bin\release\netcoreapp1.0\openkit-dotnetcore-1.0.tests.dll" id="043b91c8-0be2-456e-8cbd-476cb73743cb"><Execution id="80a97d7e-1bda-4ae1-b809-71ab79dde385" /><TestMethod codeBase="C:\workspaces\openkit-dotnet\tests\openkit-dotnetcore-1.0.Tests\bin\Release\netcoreapp1.0\openkit-dotnetcore-1.0.Tests.dll" adapterTypeName="executor://nunit3testexecutor/" className="Dynatrace.OpenKit.Core.Communication.BeaconSendingContextTest" name="ContextIsInitializedWithInitState" /></UnitTest><UnitTest name="ClearCapturedDataClearsDataFromSession" storage="c:\workspaces\openkit-dotnet\tests\openkit-dotnetcore-1.0.tests\bin\release\netcoreapp1.0\openkit-dotnetcore-1.0.tests.dll" id="57506ce3-b6b6-44c0-bfa7-ef1f69013c15"><Execution id="7c0cb195-8948-46a0-99fb-7ce95847a1ff" /><TestMethod codeBase="C:\workspaces\openkit-dotnet\tests\openkit-dotnetcore-1.0.Tests\bin\Release\netcoreapp1.0\openkit-dotnetcore-1.0.Tests.dll" adapterTypeName="executor://nunit3testexecutor/" className="Dynatrace.OpenKit.Core.Communication.SessionWrapperTest" name="ClearCapturedDataClearsDataFromSession" /></UnitTest><UnitTest name="IpV6AddressHexCompressedIsValidShortestPossible" storage="c:\workspaces\openkit-dotnet\tests\openkit-dotnetcore-1.0.tests\bin\release\netcoreapp1.0\openkit-dotnetcore-1.0.tests.dll" id="a5cd4c66-e10b-4ed9-a725-0ccd58ab5456"><Execution id="f2afcb1d-4989-431f-bad9-c148bfcdeb80" /><TestMethod codeBase="C:\workspaces\openkit-dotnet\tests\openkit-dotnetcore-1.0.Tests\bin\Release\netcoreapp1.0\openkit-dotnetcore-1.0.Tests.dll" adapterTypeName="executor://nunit3testexecutor/" className="Dynatrace.OpenKit.Core.Util.InetAddressValidatorTest" name="IpV6AddressHexCompressedIsValidShortestPossible" /></UnitTest><UnitTest name="EndingASessionFinishesSessionContext" storage="c:\workspaces\openkit-dotnet\tests\openkit-dotnetcore-1.0.tests\bin\release\netcoreapp1.0\openkit-dotnetcore-1.0.tests.dll" id="e1b6047d-91e1-4c62-988e-b86574e1684b"><Execution id="30c973c2-5870-42ca-be1b-12771782b5a5" /><TestMethod codeBase="C:\workspaces\openkit-dotnet\tests\openkit-dotnetcore-1.0.Tests\bin\Release\netcoreapp1.0\openkit-dotnetcore-1.0.Tests.dll" adapterTypeName="executor://nunit3testexecutor/" className="Dynatrace.OpenKit.Core.SessionTest" name="EndingASessionFinishesSessionContext" /></UnitTest><UnitTest name="TheStrategyIsNotDisabledIFMaxRecordAgeIsGreaterThanZero" storage="c:\workspaces\openkit-dotnet\tests\openkit-dotnetcore-1.0.tests\bin\release\netcoreapp1.0\openkit-dotnetcore-1.0.tests.dll" id="06094e7b-9d2c-46eb-b661-edae48648689"><Execution id="3a5d856e-32d5-4cc1-874b-141bd9760f4b" /><TestMethod codeBase="C:\workspaces\openkit-dotnet\tests\openkit-dotnetcore-1.0.Tests\bin\Release\netcoreapp1.0\openkit-dotnetcore-1.0.Tests.dll" adapterTypeName="executor://nunit3testexecutor/" className="Dynatrace.OpenKit.Core.Caching.TimeEvicitionStrategyTest" name="TheStrategyIsNotDisabledIFMaxRecordAgeIsGreaterThanZero" /></UnitTest><UnitTest name="DeviceIDIsRandomizedOnDataCollectionLevel1" storage="c:\workspaces\openkit-dotnet\tests\openkit-dotnetcore-1.0.tests\bin\release\netcoreapp1.0\openkit-dotnetcore-1.0.tests.dll" id="6c196337-1a07-4a80-8a98-3d269cf290a0"><Execution id="fec187c4-261f-4a77-8257-7ecfc3320827" /><TestMethod codeBase="C:\workspaces\openkit-dotnet\tests\openkit-dotnetcore-1.0.Tests\bin\Release\netcoreapp1.0\openkit-dotnetcore-1.0.Tests.dll" adapterTypeName="executor://nunit3testexecutor/" className="Dynatrace.OpenKit.Protocol.BeaconTest" name="DeviceIDIsRandomizedOnDataCollectionLevel1" /></UnitTest><UnitTest name="DebugLogsAppropriateMessage" storage="c:\workspaces\openkit-dotnet\tests\openkit-dotnetcore-1.0.tests\bin\release\netcoreapp1.0\openkit-dotnetcore-1.0.tests.dll" id="1533d1c2-6a77-48f8-8a24-de1fe9130900"><Execution id="30208bbf-d333-4ed8-a5b8-5eed43e812b3" /><TestMethod codeBase="C:\workspaces\openkit-dotnet\tests\openkit-dotnetcore-1.0.Tests\bin\Release\netcoreapp1.0\openkit-dotnetcore-1.0.Tests.dll" adapterTypeName="executor://nunit3testexecutor/" className="Dynatrace.OpenKit.Core.DefaultLoggerTest" name="DebugLogsAppropriateMessage" /></UnitTest><UnitTest name="IpV6AddressLinkLocalIsInvalidDueToTwoDoubleColonsInAddress" storage="c:\workspaces\openkit-dotnet\tests\openkit-dotnetcore-1.0.tests\bin\release\netcoreapp1.0\openkit-dotnetcore-1.0.tests.dll" id="9d316eb6-a292-4e50-ad5e-72c19ed771a7"><Execution id="7581568c-3c61-4078-9d61-052388f41ddd" /><TestMethod codeBase="C:\workspaces\openkit-dotnet\tests\openkit-dotnetcore-1.0.Tests\bin\Release\netcoreapp1.0\openkit-dotnetcore-1.0.Tests.dll" adapterTypeName="executor://nunit3testexecutor/" className="Dynatrace.OpenKit.Core.Util.InetAddressValidatorTest" name="IpV6AddressLinkLocalIsInvalidDueToTwoDoubleColonsInAddress" /></UnitTest><UnitTest name="NamedEventNotReportedForDataCollectionLevel1" storage="c:\workspaces\openkit-dotnet\tests\openkit-dotnetcore-1.0.tests\bin\release\netcoreapp1.0\openkit-dotnetcore-1.0.tests.dll" id="f52823ad-c4e4-4065-9061-0f63a1c7172e"><Execution id="622baa51-e9cb-4d86-8091-1ca46b91d79b" /><TestMethod codeBase="C:\workspaces\openkit-dotnet\tests\openkit-dotnetcore-1.0.Tests\bin\Release\netcoreapp1.0\openkit-dotnetcore-1.0.Tests.dll" adapterTypeName="executor://nunit3testexecutor/" className="Dynatrace.OpenKit.Protocol.BeaconTest" name="NamedEventNotReportedForDataCollectionLevel1" /></UnitTest><UnitTest name="IpV4AddressIsValidAllEigtht" storage="c:\workspaces\openkit-dotnet\tests\openkit-dotnetcore-1.0.tests\bin\release\netcoreapp1.0\openkit-dotnetcore-1.0.tests.dll" id="a30c436b-851d-47b4-8117-14d73bd045cc"><Execution id="d8880637-41b6-42cf-afa8-92d77469d7b3" /><TestMethod codeBase="C:\workspaces\openkit-dotnet\tests\openkit-dotnetcore-1.0.Tests\bin\Release\netcoreapp1.0\openkit-dotnetcore-1.0.Tests.dll" adapterTypeName="executor://nunit3testexecutor/" className="Dynatrace.OpenKit.Core.Util.InetAddressValidatorTest" name="IpV4AddressIsValidAllEigtht" /></UnitTest><UnitTest name="IsDebugEnabledIsFalseIfVerboseIsFalse" storage="c:\workspaces\openkit-dotnet\tests\openkit-dotnetcore-1.0.tests\bin\release\netcoreapp1.0\openkit-dotnetcore-1.0.tests.dll" id="71311e95-3d1d-4594-b304-6da882cfd9e9"><Execution id="744fb518-218e-4e30-a733-863a21ff7680" /><TestMethod codeBase="C:\workspaces\openkit-dotnet\tests\openkit-dotnetcore-1.0.Tests\bin\Release\netcoreapp1.0\openkit-dotnetcore-1.0.Tests.dll" adapterTypeName="executor://nunit3testexecutor/" className="Dynatrace.OpenKit.Core.DefaultLoggerTest" name="IsDebugEnabledIsFalseIfVerboseIsFalse" /></UnitTest><UnitTest name="GetMultiplicityReturnsMultiplicitySetInConstructor" storage="c:\workspaces\openkit-dotnet\tests\openkit-dotnetcore-1.0.tests\bin\release\netcoreapp1.0\openkit-dotnetcore-1.0.tests.dll" id="2c9cbfae-9948-4b79-ba3a-00976fa50111"><Execution id="187ab03c-037a-4237-82d4-a9a45530c680" /><TestMethod codeBase="C:\workspaces\openkit-dotnet\tests\openkit-dotnetcore-1.0.Tests\bin\Release\netcoreapp1.0\openkit-dotnetcore-1.0.Tests.dll" adapterTypeName="executor://nunit3testexecutor/" className="Dynatrace.OpenKit.Core.Configuration.BeaconConfigurationTest" name="GetMultiplicityReturnsMultiplicitySetInConstructor" /></UnitTest><UnitTest name="WhenBeaconConfigurationIsSetSendingIsDisallowedIfMultiplicityIsZero" storage="c:\workspaces\openkit-dotnet\tests\openkit-dotnetcore-1.0.tests\bin\release\netcoreapp1.0\openkit-dotnetcore-1.0.tests.dll" id="f9c53458-d2e8-4d9a-a033-d83603c0e2e0"><Execution id="1e81be5c-f038-456d-95fb-0e52a5b972e9" /><TestMethod codeBase="C:\workspaces\openkit-dotnet\tests\openkit-dotnetcore-1.0.Tests\bin\Release\netcoreapp1.0\openkit-dotnetcore-1.0.Tests.dll" adapterTypeName="executor://nunit3testexecutor/" className="Dynatrace.OpenKit.Core.Communication.SessionWrapperTest" name="WhenBeaconConfigurationIsSetSendingIsDisallowedIfMultiplicityIsZero" /></UnitTest><UnitTest name="AmpersandIsNotAValidKeyValueSeparator" storage="c:\workspaces\openkit-dotnet\tests\openkit-dotnetcore-1.0.tests\bin\release\netcoreapp1.0\openkit-dotnetcore-1.0.tests.dll" id="2d5ab786-eabb-41fc-93b9-02a0ff43b6d4"><Execution id="17c1dbfe-ebca-41e3-854d-7b1f33373d60" /><TestMethod codeBase="C:\workspaces\openkit-dotnet\tests\openkit-dotnetcore-1.0.Tests\bin\Release\netcoreapp1.0\openkit-dotnetcore-1.0.Tests.dll" adapterTypeName="executor://nunit3testexecutor/" className="Dynatrace.OpenKit.Protocol.TimeSyncResponseTest" name="AmpersandIsNotAValidKeyValueSeparator" /></UnitTest><UnitTest name="IpV4AddressIsInvalidBecauseOfOverflow" storage="c:\workspaces\openkit-dotnet\tests\openkit-dotnetcore-1.0.tests\bin\release\netcoreapp1.0\openkit-dotnetcore-1.0.tests.dll" id="5cde3b67-eb7d-4302-8590-76a0ad150db7"><Execution id="b727f81a-f475-437a-ac8b-85934d0e65e1" /><TestMethod codeBase="C:\workspaces\openkit-dotnet\tests\openkit-dotnetcore-1.0.Tests\bin\Release\netcoreapp1.0\openkit-dotnetcore-1.0.Tests.dll" adapterTypeName="executor://nunit3testexecutor/" className="Dynatrace.OpenKit.Core.Util.InetAddressValidatorTest" name="IpV4AddressIsInvalidBecauseOfOverflow" /></UnitTest><UnitTest name="OpenSessionsAreNotSentIfSendIntervalIsNotExceeded" storage="c:\workspaces\openkit-dotnet\tests\openkit-dotnetcore-1.0.tests\bin\release\netcoreapp1.0\openkit-dotnetcore-1.0.tests.dll" id="f4d3921e-8bde-4a14-a14a-53611acba33b"><Execution id="3a9f84a8-3eb7-49af-8030-27042cb4631c" /><TestMethod codeBase="C:\workspaces\openkit-dotnet\tests\openkit-dotnetcore-1.0.Tests\bin\Release\netcoreapp1.0\openkit-dotnetcore-1.0.Tests.dll" adapterTypeName="executor://nunit3testexecutor/" className="Dynatrace.OpenKit.Core.Communication.BeaconSendingCaptureOnStateTest" name="OpenSessionsAreNotSentIfSendIntervalIsNotExceeded" /></UnitTest><UnitTest name="ParsingInvalidNumericValueForMultiplicityThrowsException" storage="c:\workspaces\openkit-dotnet\tests\openkit-dotnetcore-1.0.tests\bin\release\netcoreapp1.0\openkit-dotnetcore-1.0.tests.dll" id="d12044a7-bd37-446d-99e0-e43948de2238"><Execution id="d9053a75-fe66-4316-a733-95c6824e7e89" /><TestMethod codeBase="C:\workspaces\openkit-dotnet\tests\openkit-dotnetcore-1.0.Tests\bin\Release\netcoreapp1.0\openkit-dotnetcore-1.0.Tests.dll" adapterTypeName="executor://nunit3testexecutor/" className="Dynatrace.OpenKit.Protocol.StatusResponseTest" name="ParsingInvalidNumericValueForMultiplicityThrowsException" /></UnitTest><UnitTest name="CanSetCrashReportingLevelForDynatrace" storage="c:\workspaces\openkit-dotnet\tests\openkit-dotnetcore-1.0.tests\bin\release\netcoreapp1.0\openkit-dotnetcore-1.0.tests.dll" id="e4a84b2c-c3c0-45d2-993b-8ad79f22de4d"><Execution id="782c8924-19ff-466b-b523-07c7bc761a3d" /><TestMethod codeBase="C:\workspaces\openkit-dotnet\tests\openkit-dotnetcore-1.0.Tests\bin\Release\netcoreapp1.0\openkit-dotnetcore-1.0.Tests.dll" adapterTypeName="executor://nunit3testexecutor/" className="Dynatrace.OpenKit.OpenKitBuilderTest" name="CanSetCrashReportingLevelForDynatrace" /></UnitTest><UnitTest name="IdentifyUserDoesReportOnDataCollectionLevel2" storage="c:\workspaces\openkit-dotnet\tests\openkit-dotnetcore-1.0.tests\bin\release\netcoreapp1.0\openkit-dotnetcore-1.0.tests.dll" id="3ec946cd-5cca-4000-a825-aa7d62fc61c0"><Execution id="0f8dfbef-fe46-44cd-a776-7b02a4b46740" /><TestMethod codeBase="C:\workspaces\openkit-dotnet\tests\openkit-dotnetcore-1.0.Tests\bin\Release\netcoreapp1.0\openkit-dotnetcore-1.0.Tests.dll" adapterTypeName="executor://nunit3testexecutor/" className="Dynatrace.OpenKit.Protocol.BeaconTest" name="IdentifyUserDoesReportOnDataCollectionLevel2" /></UnitTest><UnitTest name="IsInitializedGetsValueFromContext" storage="c:\workspaces\openkit-dotnet\tests\openkit-dotnetcore-1.0.tests\bin\release\netcoreapp1.0\openkit-dotnetcore-1.0.tests.dll" id="fea429fb-772c-49b6-85fc-7ac15208157c"><Execution id="bab7f9cc-1afc-4ce8-9041-89e5058f79fc" /><TestMethod codeBase="C:\workspaces\openkit-dotnet\tests\openkit-dotnetcore-1.0.Tests\bin\Release\netcoreapp1.0\openkit-dotnetcore-1.0.Tests.dll" adapterTypeName="executor://nunit3testexecutor/" className="Dynatrace.OpenKit.Core.BeaconSenderTest" name="IsInitializedGetsValueFromContext" /></UnitTest><UnitTest name="ABeaconSendingFlushSessionsStateConfiguresAllUnconfiguredSessions" storage="c:\workspaces\openkit-dotnet\tests\openkit-dotnetcore-1.0.tests\bin\release\netcoreapp1.0\openkit-dotnetcore-1.0.tests.dll" id="02906d83-d730-4a75-b133-02753e36db23"><Execution id="7db3b652-fbe4-4b6f-99c4-010709a9593d" /><TestMethod codeBase="C:\workspaces\openkit-dotnet\tests\openkit-dotnetcore-1.0.Tests\bin\Release\netcoreapp1.0\openkit-dotnetcore-1.0.Tests.dll" adapterTypeName="executor://nunit3testexecutor/" className="Dynatrace.OpenKit.Core.Communication.BeaconSendingFlushSessionsStateTest" name="ABeaconSendingFlushSessionsStateConfiguresAllUnconfiguredSessions" /></UnitTest><UnitTest name="ReinitializeSleepsBeforeSendingStatusRequests" storage="c:\workspaces\openkit-dotnet\tests\openkit-dotnetcore-1.0.tests\bin\release\netcoreapp1.0\openkit-dotnetcore-1.0.tests.dll" id="59fafcc2-6e74-4099-a5b9-fc96d7f82160"><Execution id="f50ccabe-c135-468a-909a-f6a69b9075bd" /><TestMethod codeBase="C:\workspaces\openkit-dotnet\tests\openkit-dotnetcore-1.0.Tests\bin\Release\netcoreapp1.0\openkit-dotnetcore-1.0.Tests.dll" adapterTypeName="executor://nunit3testexecutor/" className="Dynatrace.OpenKit.Core.Communication.BeaconSendingInitStateTest" name="ReinitializeSleepsBeforeSendingStatusRequests" /></UnitTest><UnitTest name="IpV4AddressIsValid" storage="c:\workspaces\openkit-dotnet\tests\openkit-dotnetcore-1.0.tests\bin\release\netcoreapp1.0\openkit-dotnetcore-1.0.tests.dll" id="606fabd7-5a22-43b1-b1c9-febceb91f178"><Execution id="864abf24-febe-467e-802d-d573dfcd2f0e" /><TestMethod codeBase="C:\workspaces\openkit-dotnet\tests\openkit-dotnetcore-1.0.Tests\bin\Release\netcoreapp1.0\openkit-dotnetcore-1.0.Tests.dll" adapterTypeName="executor://nunit3testexecutor/" className="Dynatrace.OpenKit.Core.Util.InetAddressValidatorTest" name="IpV4AddressIsValid" /></UnitTest><UnitTest name="SessionReportedForDataCollectionLevel1" storage="c:\workspaces\openkit-dotnet\tests\openkit-dotnetcore-1.0.tests\bin\release\netcoreapp1.0\openkit-dotnetcore-1.0.tests.dll" id="17bc68a5-d29c-44de-8df5-85e3ad1078da"><Execution id="da962da4-c86b-42cb-a3fc-6c9908164e9e" /><TestMethod codeBase="C:\workspaces\openkit-dotnet\tests\openkit-dotnetcore-1.0.Tests\bin\Release\netcoreapp1.0\openkit-dotnetcore-1.0.Tests.dll" adapterTypeName="executor://nunit3testexecutor/" className="Dynatrace.OpenKit.Protocol.BeaconTest" name="SessionReportedForDataCollectionLevel1" /></UnitTest><UnitTest name="ReportDoubleValueDoesNothingIfValueNameIsAnEmptyString" storage="c:\workspaces\openkit-dotnet\tests\openkit-dotnetcore-1.0.tests\bin\release\netcoreapp1.0\openkit-dotnetcore-1.0.tests.dll" id="ac083a3a-9294-404f-8352-79566f23c3e3"><Execution id="903e65c1-a277-4cd6-9a71-4de0e8655071" /><TestMethod codeBase="C:\workspaces\openkit-dotnet\tests\openkit-dotnetcore-1.0.Tests\bin\Release\netcoreapp1.0\openkit-dotnetcore-1.0.Tests.dll" adapterTypeName="executor://nunit3testexecutor/" className="Dynatrace.OpenKit.Core.ActionTest" name="ReportDoubleValueDoesNothingIfValueNameIsAnEmptyString" /></UnitTest><UnitTest name="ReportErrorDoesNothingIfErrorNameIsAnEmptyString" storage="c:\workspaces\openkit-dotnet\tests\openkit-dotnetcore-1.0.tests\bin\release\netcoreapp1.0\openkit-dotnetcore-1.0.tests.dll" id="0b605363-cf89-494c-bcb8-b6cfa73e91d5"><Execution id="c8735649-87d9-4750-9b8b-82c63360fac0" /><TestMethod codeBase="C:\workspaces\openkit-dotnet\tests\openkit-dotnetcore-1.0.Tests\bin\Release\netcoreapp1.0\openkit-dotnetcore-1.0.Tests.dll" adapterTypeName="executor://nunit3testexecutor/" className="Dynatrace.OpenKit.Core.ActionTest" name="ReportErrorDoesNothingIfErrorNameIsAnEmptyString" /></UnitTest><UnitTest name="SleepIsNotCalledIfShutdownIsRequested" storage="c:\workspaces\openkit-dotnet\tests\openkit-dotnetcore-1.0.tests\bin\release\netcoreapp1.0\openkit-dotnetcore-1.0.tests.dll" id="540da38d-a2e1-41c6-8daa-49f5562666cb"><Execution id="ecd5e38d-78d8-4340-9d0f-43f385f10a15" /><TestMethod codeBase="C:\workspaces\openkit-dotnet\tests\openkit-dotnetcore-1.0.Tests\bin\Release\netcoreapp1.0\openkit-dotnetcore-1.0.Tests.dll" adapterTypeName="executor://nunit3testexecutor/" className="Dynatrace.OpenKit.Core.Communication.BeaconSendingCaptureOffStateTest" name="SleepIsNotCalledIfShutdownIsRequested" /></UnitTest><UnitTest name="CanAddSentBytesToWebRequestTracer" storage="c:\workspaces\openkit-dotnet\tests\openkit-dotnetcore-1.0.tests\bin\release\netcoreapp1.0\openkit-dotnetcore-1.0.tests.dll" id="92e83583-9e73-4965-ab61-bc4764ab3a77"><Execution id="8629d7e4-1d7e-4175-a591-f964126f6f8e" /><TestMethod codeBase="C:\workspaces\openkit-dotnet\tests\openkit-dotnetcore-1.0.Tests\bin\Release\netcoreapp1.0\openkit-dotnetcore-1.0.Tests.dll" adapterTypeName="executor://nunit3testexecutor/" className="Dynatrace.OpenKit.Protocol.BeaconTest" name="CanAddSentBytesToWebRequestTracer" /></UnitTest><UnitTest name="IpV6AddressIsInvalidTooManyBlocks" storage="c:\workspaces\openkit-dotnet\tests\openkit-dotnetcore-1.0.tests\bin\release\netcoreapp1.0\openkit-dotnetcore-1.0.tests.dll" id="3221a72e-5629-4cd0-b7dd-5292912f6a35"><Execution id="2031ca30-040e-4a08-a43d-6ae0dacfafa5" /><TestMethod codeBase="C:\workspaces\openkit-dotnet\tests\openkit-dotnetcore-1.0.Tests\bin\Release\netcoreapp1.0\openkit-dotnetcore-1.0.Tests.dll" adapterTypeName="executor://nunit3testexecutor/" className="Dynatrace.OpenKit.Core.Util.InetAddressValidatorTest" name="IpV6AddressIsInvalidTooManyBlocks" /></UnitTest><UnitTest name="ParsingMonitorNames" storage="c:\workspaces\openkit-dotnet\tests\openkit-dotnetcore-1.0.tests\bin\release\netcoreapp1.0\openkit-dotnetcore-1.0.tests.dll" id="4afa4ec3-8ba1-4673-96a0-a9930a0f6fec"><Execution id="60b86712-73eb-480b-8aa4-89ca3d3b1e7b" /><TestMethod codeBase="C:\workspaces\openkit-dotnet\tests\openkit-dotnetcore-1.0.Tests\bin\Release\netcoreapp1.0\openkit-dotnetcore-1.0.Tests.dll" adapterTypeName="executor://nunit3testexecutor/" className="Dynatrace.OpenKit.Protocol.StatusResponseTest" name="ParsingMonitorNames" /></UnitTest><UnitTest name="SessionIDIsAlwaysValue1OnDataCollectionLevel0" storage="c:\workspaces\openkit-dotnet\tests\openkit-dotnetcore-1.0.tests\bin\release\netcoreapp1.0\openkit-dotnetcore-1.0.tests.dll" id="29e44585-d7a4-4304-aae0-e6794fe6c6cf"><Execution id="209d2697-ce6e-41c7-aa79-bf85f40da2bb" /><TestMethod codeBase="C:\workspaces\openkit-dotnet\tests\openkit-dotnetcore-1.0.Tests\bin\Release\netcoreapp1.0\openkit-dotnetcore-1.0.Tests.dll" adapterTypeName="executor://nunit3testexecutor/" className="Dynatrace.OpenKit.Protocol.BeaconTest" name="SessionIDIsAlwaysValue1OnDataCollectionLevel0" /></UnitTest><UnitTest name="NoActionIsAddedIfBeaconConfigurationDisablesCapturing" storage="c:\workspaces\openkit-dotnet\tests\openkit-dotnetcore-1.0.tests\bin\release\netcoreapp1.0\openkit-dotnetcore-1.0.tests.dll" id="0179c90b-deae-4d55-92a4-3ccbb58a33d7"><Execution id="00fc5c8f-df3c-4350-9e22-2d7786a3dcd7" /><TestMethod codeBase="C:\workspaces\openkit-dotnet\tests\openkit-dotnetcore-1.0.Tests\bin\Release\netcoreapp1.0\openkit-dotnetcore-1.0.Tests.dll" adapterTypeName="executor://nunit3testexecutor/" className="Dynatrace.OpenKit.Protocol.BeaconTest" name="NoActionIsAddedIfBeaconConfigurationDisablesCapturing" /></UnitTest><UnitTest name="ReportCrashDoesNothingIfErrorNameIsNull" storage="c:\workspaces\openkit-dotnet\tests\openkit-dotnetcore-1.0.tests\bin\release\netcoreapp1.0\openkit-dotnetcore-1.0.tests.dll" id="c0a20bd8-0687-4799-834b-6ac7244f77c0"><Execution id="a93dee85-1b47-442b-b4ea-fa66812efee2" /><TestMethod codeBase="C:\workspaces\openkit-dotnet\tests\openkit-dotnetcore-1.0.Tests\bin\Release\netcoreapp1.0\openkit-dotnetcore-1.0.Tests.dll" adapterTypeName="executor://nunit3testexecutor/" className="Dynatrace.OpenKit.Core.SessionTest" name="ReportCrashDoesNothingIfErrorNameIsNull" /></UnitTest><UnitTest name="ExecuteEvictionCallsCacheMethodForEachBeacon" storage="c:\workspaces\openkit-dotnet\tests\openkit-dotnetcore-1.0.tests\bin\release\netcoreapp1.0\openkit-dotnetcore-1.0.tests.dll" id="35e15da8-438b-4436-b51c-e6360f82fe74"><Execution id="57711a85-315e-4285-b0f6-d7840ca71fe7" /><TestMethod codeBase="C:\workspaces\openkit-dotnet\tests\openkit-dotnetcore-1.0.Tests\bin\Release\netcoreapp1.0\openkit-dotnetcore-1.0.Tests.dll" adapterTypeName="executor://nunit3testexecutor/" className="Dynatrace.OpenKit.Core.Caching.SpaceEvictionStrategyTest" name="ExecuteEvictionCallsCacheMethodForEachBeacon" /></UnitTest><UnitTest name="IpV4AddressIsValidHighestPossible" storage="c:\workspaces\openkit-dotnet\tests\openkit-dotnetcore-1.0.tests\bin\release\netcoreapp1.0\openkit-dotnetcore-1.0.tests.dll" id="272eda6f-6e2e-4706-af6d-8b8ea83a816f"><Execution id="7693e5f1-31fa-4175-9910-ce8b3f7ebed2" /><TestMethod codeBase="C:\workspaces\openkit-dotnet\tests\openkit-dotnetcore-1.0.Tests\bin\Release\netcoreapp1.0\openkit-dotnetcore-1.0.Tests.dll" adapterTypeName="executor://nunit3testexecutor/" className="Dynatrace.OpenKit.Core.Util.InetAddressValidatorTest" name="IpV4AddressIsValidHighestPossible" /></UnitTest><UnitTest name="SendNewSessionRequestIsRetriedThreeTimesBeforeGivingUp" storage="c:\workspaces\openkit-dotnet\tests\openkit-dotnetcore-1.0.tests\bin\release\netcoreapp1.0\openkit-dotnetcore-1.0.tests.dll" id="44df62d5-0e7d-45b9-87c0-30a637edef97"><Execution id="ca67f3f1-372c-4fb7-8dcc-126712d213bb" /><TestMethod codeBase="C:\workspaces\openkit-dotnet\tests\openkit-dotnetcore-1.0.Tests\bin\Release\netcoreapp1.0\openkit-dotnetcore-1.0.Tests.dll" adapterTypeName="executor://nunit3testexecutor/" className="Dynatrace.OpenKit.Protocol.HTTPClientTest" name="SendNewSessionRequestIsRetriedThreeTimesBeforeGivingUp" /></UnitTest><UnitTest name="AnURLIsOnlySetInConstructorIfItIsValid" storage="c:\workspaces\openkit-dotnet\tests\openkit-dotnetcore-1.0.tests\bin\release\netcoreapp1.0\openkit-dotnetcore-1.0.tests.dll" id="e9cf4c27-dd8f-4042-8e0a-afe8fe92ecb2"><Execution id="e232504b-abaa-4d97-833b-b6440e6aa594" /><TestMethod codeBase="C:\workspaces\openkit-dotnet\tests\openkit-dotnetcore-1.0.Tests\bin\Release\netcoreapp1.0\openkit-dotnetcore-1.0.Tests.dll" adapterTypeName="executor://nunit3testexecutor/" className="Dynatrace.OpenKit.Core.WebRequestTracerStringURLTest" name="AnURLIsOnlySetInConstructorIfItIsValid" /></UnitTest><UnitTest name="AddingActionData" storage="c:\workspaces\openkit-dotnet\tests\openkit-dotnetcore-1.0.tests\bin\release\netcoreapp1.0\openkit-dotnetcore-1.0.tests.dll" id="a1bb1e88-7449-4461-9071-6c12aff625b4"><Execution id="16f174e9-8a86-4314-8607-f2e7dafd1784" /><TestMethod codeBase="C:\workspaces\openkit-dotnet\tests\openkit-dotnetcore-1.0.Tests\bin\Release\netcoreapp1.0\openkit-dotnetcore-1.0.Tests.dll" adapterTypeName="executor://nunit3testexecutor/" className="Dynatrace.OpenKit.Core.Caching.BeaconCacheEntryTest" name="AddingActionData" /></UnitTest><UnitTest name="IpV6AddressMixedNotationInvalid_Compressed3Colon" storage="c:\workspaces\openkit-dotnet\tests\openkit-dotnetcore-1.0.tests\bin\release\netcoreapp1.0\openkit-dotnetcore-1.0.tests.dll" id="253d6a33-b1c6-4b54-a8ef-5cbe31a44844"><Execution id="aeb9b5fb-ae6f-4352-832e-110ed92c66d3" /><TestMethod codeBase="C:\workspaces\openkit-dotnet\tests\openkit-dotnetcore-1.0.Tests\bin\Release\netcoreapp1.0\openkit-dotnetcore-1.0.Tests.dll" adapterTypeName="executor://nunit3testexecutor/" className="Dynatrace.OpenKit.Core.Util.InetAddressValidatorTest" name="IpV6AddressMixedNotationInvalid_Compressed3Colon" /></UnitTest><UnitTest name="StateIsTerminal" storage="c:\workspaces\openkit-dotnet\tests\openkit-dotnetcore-1.0.tests\bin\release\netcoreapp1.0\openkit-dotnetcore-1.0.tests.dll" id="5e0b2438-55f7-4c3c-b885-9ca1217ba6d2"><Execution id="2bc4509e-3d3b-41c2-a33f-f0ac95c2d3ce" /><TestMethod codeBase="C:\workspaces\openkit-dotnet\tests\openkit-dotnetcore-1.0.Tests\bin\Release\netcoreapp1.0\openkit-dotnetcore-1.0.Tests.dll" adapterTypeName="executor://nunit3testexecutor/" className="Dynatrace.OpenKit.Core.Communication.BeaconSendingTerminalStateTest" name="StateIsTerminal" /></UnitTest><UnitTest name="OpenSessionsAreSentIfSendIntervalIsExceeded" storage="c:\workspaces\openkit-dotnet\tests\openkit-dotnetcore-1.0.tests\bin\release\netcoreapp1.0\openkit-dotnetcore-1.0.tests.dll" id="6e9fa018-9441-436a-890c-c1fdcef947fa"><Execution id="892b5a31-7b98-4c64-84db-e558b3779283" /><TestMethod codeBase="C:\workspaces\openkit-dotnet\tests\openkit-dotnetcore-1.0.Tests\bin\Release\netcoreapp1.0\openkit-dotnetcore-1.0.Tests.dll" adapterTypeName="executor://nunit3testexecutor/" className="Dynatrace.OpenKit.Core.Communication.BeaconSendingCaptureOnStateTest" name="OpenSessionsAreSentIfSendIntervalIsExceeded" /></UnitTest><UnitTest name="ABeaconSendingCaptureOnStateContinuesWithNextFinishedSessionIfSendingWasUnsuccessfulButBeaconIsEmtpy" storage="c:\workspaces\openkit-dotnet\tests\openkit-dotnetcore-1.0.tests\bin\release\netcoreapp1.0\openkit-dotnetcore-1.0.tests.dll" id="7fbff4c2-3d0e-4513-9b48-6b01e79b07af"><Execution id="c1bb3836-7a8e-4d54-b345-e859fd4d0b3e" /><TestMethod codeBase="C:\workspaces\openkit-dotnet\tests\openkit-dotnetcore-1.0.Tests\bin\Release\netcoreapp1.0\openkit-dotnetcore-1.0.Tests.dll" adapterTypeName="executor://nunit3testexecutor/" className="Dynatrace.OpenKit.Core.Communication.BeaconSendingCaptureOnStateTest" name="ABeaconSendingCaptureOnStateContinuesWithNextFinishedSessionIfSendingWasUnsuccessfulButBeaconIsEmtpy" /></UnitTest><UnitTest name="SendStatusRequestSendRequestToMonitorURL" storage="c:\workspaces\openkit-dotnet\tests\openkit-dotnetcore-1.0.tests\bin\release\netcoreapp1.0\openkit-dotnetcore-1.0.tests.dll" id="c6befc46-471c-40cb-991d-5698e6747b40"><Execution id="45ddc7e1-634a-4a1c-8787-c8d9e5daca8a" /><TestMethod codeBase="C:\workspaces\openkit-dotnet\tests\openkit-dotnetcore-1.0.Tests\bin\Release\netcoreapp1.0\openkit-dotnetcore-1.0.Tests.dll" adapterTypeName="executor://nunit3testexecutor/" className="Dynatrace.OpenKit.Protocol.HTTPClientTest" name="SendStatusRequestSendRequestToMonitorURL" /></UnitTest><UnitTest name="TheInitialLastRunTimestampIsMinusOne" storage="c:\workspaces\openkit-dotnet\tests\openkit-dotnetcore-1.0.tests\bin\release\netcoreapp1.0\openkit-dotnetcore-1.0.tests.dll" id="48a75a84-97da-4cdb-9dc9-b6a003a1c255"><Execution id="6b273fc5-d632-4a05-b59d-97b021a18ecc" /><TestMethod codeBase="C:\workspaces\openkit-dotnet\tests\openkit-dotnetcore-1.0.Tests\bin\Release\netcoreapp1.0\openkit-dotnetcore-1.0.Tests.dll" adapterTypeName="executor://nunit3testexecutor/" className="Dynatrace.OpenKit.Core.Caching.TimeEvicitionStrategyTest" name="TheInitialLastRunTimestampIsMinusOne" /></UnitTest><UnitTest name="IsInitializedOnInitFailed" storage="c:\workspaces\openkit-dotnet\tests\openkit-dotnetcore-1.0.tests\bin\release\netcoreapp1.0\openkit-dotnetcore-1.0.tests.dll" id="de5b726f-fc7c-425d-947f-2973e8452cc6"><Execution id="c5a94637-2c03-4857-89f7-d3b6ff4835c7" /><TestMethod codeBase="C:\workspaces\openkit-dotnet\tests\openkit-dotnetcore-1.0.Tests\bin\Release\netcoreapp1.0\openkit-dotnetcore-1.0.Tests.dll" adapterTypeName="executor://nunit3testexecutor/" className="Dynatrace.OpenKit.Core.Communication.BeaconSendingContextTest" name="IsInitializedOnInitFailed" /></UnitTest><UnitTest name="SendStatusRequestReturnsErrorCode" storage="c:\workspaces\openkit-dotnet\tests\openkit-dotnetcore-1.0.tests\bin\release\netcoreapp1.0\openkit-dotnetcore-1.0.tests.dll" id="4181b70e-578f-40bf-8919-de289b0fa026"><Execution id="81f9fda7-5885-429a-af32-215069e630e2" /><TestMethod codeBase="C:\workspaces\openkit-dotnet\tests\openkit-dotnetcore-1.0.Tests\bin\Release\netcoreapp1.0\openkit-dotnetcore-1.0.Tests.dll" adapterTypeName="executor://nunit3testexecutor/" className="Dynatrace.OpenKit.Protocol.HTTPClientTest" name="SendStatusRequestReturnsErrorCode" /></UnitTest><UnitTest name="StringValueNotReportedForDataCollectionLevel1" storage="c:\workspaces\openkit-dotnet\tests\openkit-dotnetcore-1.0.tests\bin\release\netcoreapp1.0\openkit-dotnetcore-1.0.tests.dll" id="62d6c8ec-d638-46ff-a542-7a90c6205191"><Execution id="20557adf-e0c9-48bf-ad45-9d03b69c0b18" /><TestMethod codeBase="C:\workspaces\openkit-dotnet\tests\openkit-dotnetcore-1.0.Tests\bin\Release\netcoreapp1.0\openkit-dotnetcore-1.0.Tests.dll" adapterTypeName="executor://nunit3testexecutor/" className="Dynatrace.OpenKit.Protocol.BeaconTest" name="StringValueNotReportedForDataCollectionLevel1" /></UnitTest><UnitTest name="ShouldRunGivesFalseIfLastRunIsLessThanMaxAgeMillisecondsAgo" storage="c:\workspaces\openkit-dotnet\tests\openkit-dotnetcore-1.0.tests\bin\release\netcoreapp1.0\openkit-dotnetcore-1.0.tests.dll" id="2f683b34-ab41-48ad-a96f-8adab0ef253c"><Execution id="18f86e41-d90f-4060-b616-f2dc8dad8119" /><TestMethod codeBase="C:\workspaces\openkit-dotnet\tests\openkit-dotnetcore-1.0.Tests\bin\Release\netcoreapp1.0\openkit-dotnetcore-1.0.Tests.dll" adapterTypeName="executor://nunit3testexecutor/" className="Dynatrace.OpenKit.Core.Caching.TimeEvicitionStrategyTest" name="ShouldRunGivesFalseIfLastRunIsLessThanMaxAgeMillisecondsAgo" /></UnitTest><UnitTest name="GetRetryAfterReturnsParsedValue" storage="c:\workspaces\openkit-dotnet\tests\openkit-dotnetcore-1.0.tests\bin\release\netcoreapp1.0\openkit-dotnetcore-1.0.tests.dll" id="0b529247-ddb2-4f1b-887c-0c249b8be718"><Execution id="0c8730b7-28b0-4210-94d7-2b19dcaf8ed6" /><TestMethod codeBase="C:\workspaces\openkit-dotnet\tests\openkit-dotnetcore-1.0.Tests\bin\Release\netcoreapp1.0\openkit-dotnetcore-1.0.Tests.dll" adapterTypeName="executor://nunit3testexecutor/" className="Dynatrace.OpenKit.Protocol.ResponseTest" name="GetRetryAfterReturnsParsedValue" /></UnitTest><UnitTest name="CaptureCrashesIsTrueWhenItIsNotEqualToZero" storage="c:\workspaces\openkit-dotnet\tests\openkit-dotnetcore-1.0.tests\bin\release\netcoreapp1.0\openkit-dotnetcore-1.0.tests.dll" id="d466dc6e-ec56-46c9-9f70-1f87fa693d7a"><Execution id="19793e87-b20d-4d7d-90f4-5e850f2fbc7c" /><TestMethod codeBase="C:\workspaces\openkit-dotnet\tests\openkit-dotnetcore-1.0.Tests\bin\Release\netcoreapp1.0\openkit-dotnetcore-1.0.Tests.dll" adapterTypeName="executor://nunit3testexecutor/" className="Dynatrace.OpenKit.Protocol.StatusResponseTest" name="CaptureCrashesIsTrueWhenItIsNotEqualToZero" /></UnitTest><UnitTest name="ABeaconSendingFlushSessionsStateTransitionsToTerminalStateWhenDataIsSent" storage="c:\workspaces\openkit-dotnet\tests\openkit-dotnetcore-1.0.tests\bin\release\netcoreapp1.0\openkit-dotnetcore-1.0.tests.dll" id="c4b5554d-d1e7-4f51-89fb-636534e1b070"><Execution id="2f8490fd-d1c4-456b-94a9-a573907f61ec" /><TestMethod codeBase="C:\workspaces\openkit-dotnet\tests\openkit-dotnetcore-1.0.Tests\bin\Release\netcoreapp1.0\openkit-dotnetcore-1.0.Tests.dll" adapterTypeName="executor://nunit3testexecutor/" className="Dynatrace.OpenKit.Core.Communication.BeaconSendingFlushSessionsStateTest" name="ABeaconSendingFlushSessionsStateTransitionsToTerminalStateWhenDataIsSent" /></UnitTest><UnitTest name="LastOpenSessionBeaconSendTimeIsSetInExecute" storage="c:\workspaces\openkit-dotnet\tests\openkit-dotnetcore-1.0.tests\bin\release\netcoreapp1.0\openkit-dotnetcore-1.0.tests.dll" id="9246a823-ff85-47f9-aa2f-0d66ba480ac7"><Execution id="66cd21fd-97f5-4b26-b8f5-40f3bc77969b" /><TestMethod codeBase="C:\workspaces\openkit-dotnet\tests\openkit-dotnetcore-1.0.Tests\bin\Release\netcoreapp1.0\openkit-dotnetcore-1.0.Tests.dll" adapterTypeName="executor://nunit3testexecutor/" className="Dynatrace.OpenKit.Core.Communication.BeaconSendingInitStateTest" name="LastOpenSessionBeaconSendTimeIsSetInExecute" /></UnitTest><UnitTest name="ResetDataMarkedForSendingMovesPreviouslyCopiedDataBack" storage="c:\workspaces\openkit-dotnet\tests\openkit-dotnetcore-1.0.tests\bin\release\netcoreapp1.0\openkit-dotnetcore-1.0.tests.dll" id="537faa1b-2715-42b1-adb0-83ea3f1e103d"><Execution id="99855f03-f7ce-4fdf-a107-a1bf43210b44" /><TestMethod codeBase="C:\workspaces\openkit-dotnet\tests\openkit-dotnetcore-1.0.Tests\bin\Release\netcoreapp1.0\openkit-dotnetcore-1.0.Tests.dll" adapterTypeName="executor://nunit3testexecutor/" className="Dynatrace.OpenKit.Core.Caching.BeaconCacheEntryTest" name="ResetDataMarkedForSendingMovesPreviouslyCopiedDataBack" /></UnitTest><UnitTest name="CanOverrideTrustManagerForAppMon" storage="c:\workspaces\openkit-dotnet\tests\openkit-dotnetcore-1.0.tests\bin\release\netcoreapp1.0\openkit-dotnetcore-1.0.tests.dll" id="50523c09-9797-4466-9730-f6435cbfe7d4"><Execution id="8dd527a7-86ff-455a-91ff-33dd2804a971" /><TestMethod codeBase="C:\workspaces\openkit-dotnet\tests\openkit-dotnetcore-1.0.Tests\bin\Release\netcoreapp1.0\openkit-dotnetcore-1.0.Tests.dll" adapterTypeName="executor://nunit3testexecutor/" className="Dynatrace.OpenKit.OpenKitBuilderTest" name="CanOverrideTrustManagerForAppMon" /></UnitTest><UnitTest name="SendNewSessionRequestReturnsAnUnknownErrorResponseForUnparseableStatusResponse" storage="c:\workspaces\openkit-dotnet\tests\openkit-dotnetcore-1.0.tests\bin\release\netcoreapp1.0\openkit-dotnetcore-1.0.tests.dll" id="6208c258-edf8-4c4a-b99a-f763bf49d0a6"><Execution id="b420a936-06c0-4f32-8e16-bdeef3a65773" /><TestMethod codeBase="C:\workspaces\openkit-dotnet\tests\openkit-dotnetcore-1.0.Tests\bin\Release\netcoreapp1.0\openkit-dotnetcore-1.0.Tests.dll" adapterTypeName="executor://nunit3testexecutor/" className="Dynatrace.OpenKit.Protocol.HTTPClientTest" name="SendNewSessionRequestReturnsAnUnknownErrorResponseForUnparseableStatusResponse" /></UnitTest><UnitTest name="ADefaultConstructedCacheDoesNotContainBeacons" storage="c:\workspaces\openkit-dotnet\tests\openkit-dotnetcore-1.0.tests\bin\release\netcoreapp1.0\openkit-dotnetcore-1.0.tests.dll" id="3a200ce9-052c-4f6e-a9c2-1d8208401629"><Execution id="fbcf5714-86f2-4cfd-ba49-0303ef5bcbea" /><TestMethod codeBase="C:\workspaces\openkit-dotnet\tests\openkit-dotnetcore-1.0.Tests\bin\Release\netcoreapp1.0\openkit-dotnetcore-1.0.Tests.dll" adapterTypeName="executor://nunit3testexecutor/" className="Dynatrace.OpenKit.Core.Caching.BeaconCacheTest" name="ADefaultConstructedCacheDoesNotContainBeacons" /></UnitTest><UnitTest name="IpV4AddressIsInvalidDueToAdditionalCharacterInFourthBlock" storage="c:\workspaces\openkit-dotnet\tests\openkit-dotnetcore-1.0.tests\bin\release\netcoreapp1.0\openkit-dotnetcore-1.0.tests.dll" id="1e1a2c28-23cf-4a78-a150-311dfddedaa2"><Execution id="c2d2c378-961f-403c-a3ae-ace8ce0895c2" /><TestMethod codeBase="C:\workspaces\openkit-dotnet\tests\openkit-dotnetcore-1.0.Tests\bin\Release\netcoreapp1.0\openkit-dotnetcore-1.0.Tests.dll" adapterTypeName="executor://nunit3testexecutor/" className="Dynatrace.OpenKit.Core.Util.InetAddressValidatorTest" name="IpV4AddressIsInvalidDueToAdditionalCharacterInFourthBlock" /></UnitTest><UnitTest name="IsDebugEnabledIsTrueIfVerboseIsTrue" storage="c:\workspaces\openkit-dotnet\tests\openkit-dotnetcore-1.0.tests\bin\release\netcoreapp1.0\openkit-dotnetcore-1.0.tests.dll" id="066b4c0e-5d59-4314-84ef-2b78669476e8"><Execution id="8054aa66-02a4-4016-8a26-e0133188796f" /><TestMethod codeBase="C:\workspaces\openkit-dotnet\tests\openkit-dotnetcore-1.0.Tests\bin\Release\netcoreapp1.0\openkit-dotnetcore-1.0.Tests.dll" adapterTypeName="executor://nunit3testexecutor/" className="Dynatrace.OpenKit.Core.DefaultLoggerTest" name="IsDebugEnabledIsTrueIfVerboseIsTrue" /></UnitTest><UnitTest name="PassingEmptyResponseStringDoesNotThrow" storage="c:\workspaces\openkit-dotnet\tests\openkit-dotnetcore-1.0.tests\bin\release\netcoreapp1.0\openkit-dotnetcore-1.0.tests.dll" id="e87a8bf2-183b-4878-91ea-4bdcbda4fe97"><Execution id="bd2a6f0b-d958-463a-ad0d-edf8b9ceea75" /><TestMethod codeBase="C:\workspaces\openkit-dotnet\tests\openkit-dotnetcore-1.0.Tests\bin\Release\netcoreapp1.0\openkit-dotnetcore-1.0.Tests.dll" adapterTypeName="executor://nunit3testexecutor/" className="Dynatrace.OpenKit.Protocol.TimeSyncResponseTest" name="PassingEmptyResponseStringDoesNotThrow" /></UnitTest><UnitTest name="ParsingInvalidServerIDThrowsException" storage="c:\workspaces\openkit-dotnet\tests\openkit-dotnetcore-1.0.tests\bin\release\netcoreapp1.0\openkit-dotnetcore-1.0.tests.dll" id="36f752e6-1d09-4b4f-895f-2ad4bcb4f902"><Execution id="1199bb74-c712-4354-80f7-86a10422cb2b" /><TestMethod codeBase="C:\workspaces\openkit-dotnet\tests\openkit-dotnetcore-1.0.Tests\bin\Release\netcoreapp1.0\openkit-dotnetcore-1.0.Tests.dll" adapterTypeName="executor://nunit3testexecutor/" className="Dynatrace.OpenKit.Protocol.StatusResponseTest" name="ParsingInvalidServerIDThrowsException" /></UnitTest><UnitTest name="SendBeaconRequestSendsGzipCompressedDataIfNonNullDataWasGiven" storage="c:\workspaces\openkit-dotnet\tests\openkit-dotnetcore-1.0.tests\bin\release\netcoreapp1.0\openkit-dotnetcore-1.0.tests.dll" id="67224e0b-eaf8-4301-a5ef-406a934ffd77"><Execution id="2725859a-722d-4583-8c07-e2c4d2aaed29" /><TestMethod codeBase="C:\workspaces\openkit-dotnet\tests\openkit-dotnetcore-1.0.Tests\bin\Release\netcoreapp1.0\openkit-dotnetcore-1.0.Tests.dll" adapterTypeName="executor://nunit3testexecutor/" className="Dynatrace.OpenKit.Protocol.HTTPClientTest" name="SendBeaconRequestSendsGzipCompressedDataIfNonNullDataWasGiven" /></UnitTest><UnitTest name="IntValueNotReportedForDataCollectionLevel0" storage="c:\workspaces\openkit-dotnet\tests\openkit-dotnetcore-1.0.tests\bin\release\netcoreapp1.0\openkit-dotnetcore-1.0.tests.dll" id="319c7059-e890-4ff4-b09e-0824f2279312"><Execution id="8e118d8e-0ea0-4d5f-b1eb-d12f122fa9b9" /><TestMethod codeBase="C:\workspaces\openkit-dotnet\tests\openkit-dotnetcore-1.0.Tests\bin\Release\netcoreapp1.0\openkit-dotnetcore-1.0.Tests.dll" adapterTypeName="executor://nunit3testexecutor/" className="Dynatrace.OpenKit.Protocol.BeaconTest" name="IntValueNotReportedForDataCollectionLevel0" /></UnitTest><UnitTest name="TraceWebRequestGivesNullWebRequestTracerIfUrlHasAnInvalidScheme" storage="c:\workspaces\openkit-dotnet\tests\openkit-dotnetcore-1.0.tests\bin\release\netcoreapp1.0\openkit-dotnetcore-1.0.tests.dll" id="3c1e26f8-be73-4b67-b95e-1390a5569b91"><Execution id="6b6af0b6-6a11-447c-901a-17881f2f34b0" /><TestMethod codeBase="C:\workspaces\openkit-dotnet\tests\openkit-dotnetcore-1.0.Tests\bin\Release\netcoreapp1.0\openkit-dotnetcore-1.0.Tests.dll" adapterTypeName="executor://nunit3testexecutor/" className="Dynatrace.OpenKit.Core.ActionTest" name="TraceWebRequestGivesNullWebRequestTracerIfUrlHasAnInvalidScheme" /></UnitTest><UnitTest name="SleepIsCalledOnEntry" storage="c:\workspaces\openkit-dotnet\tests\openkit-dotnetcore-1.0.tests\bin\release\netcoreapp1.0\openkit-dotnetcore-1.0.tests.dll" id="0b637641-30d9-481a-ba25-61a53f282698"><Execution id="a22c3a61-ec88-48ef-8a50-744fa079386a" /><TestMethod codeBase="C:\workspaces\openkit-dotnet\tests\openkit-dotnetcore-1.0.Tests\bin\Release\netcoreapp1.0\openkit-dotnetcore-1.0.Tests.dll" adapterTypeName="executor://nunit3testexecutor/" className="Dynatrace.OpenKit.Core.Communication.BeaconSendingCaptureOffStateTest" name="SleepIsCalledOnEntry" /></UnitTest><UnitTest name="AValidSchemeAllowsUpperCaseLettersToo" storage="c:\workspaces\openkit-dotnet\tests\openkit-dotnetcore-1.0.tests\bin\release\netcoreapp1.0\openkit-dotnetcore-1.0.tests.dll" id="62517213-30a8-4a1b-afc4-0b2ca4c06a4e"><Execution id="0e495b1d-fef3-4543-95ce-1e524427aaeb" /><TestMethod codeBase="C:\workspaces\openkit-dotnet\tests\openkit-dotnetcore-1.0.Tests\bin\Release\netcoreapp1.0\openkit-dotnetcore-1.0.Tests.dll" adapterTypeName="executor://nunit3testexecutor/" className="Dynatrace.OpenKit.Core.WebRequestTracerStringURLTest" name="AValidSchemeAllowsUpperCaseLettersToo" /></UnitTest><UnitTest name="GetChunkGetsAlreadyMarkedData" storage="c:\workspaces\openkit-dotnet\tests\openkit-dotnetcore-1.0.tests\bin\release\netcoreapp1.0\openkit-dotnetcore-1.0.tests.dll" id="fc298e88-0692-4120-9d5c-490da52e171c"><Execution id="7909b822-d15c-4c0f-a87b-70f98d0dc28b" /><TestMethod codeBase="C:\workspaces\openkit-dotnet\tests\openkit-dotnetcore-1.0.Tests\bin\Release\netcoreapp1.0\openkit-dotnetcore-1.0.Tests.dll" adapterTypeName="executor://nunit3testexecutor/" className="Dynatrace.OpenKit.Core.Caching.BeaconCacheEntryTest" name="GetChunkGetsAlreadyMarkedData" /></UnitTest><UnitTest name="TheStrategyIsDisabledIfCacheSizeLowerBoundIsEqualToZero" storage="c:\workspaces\openkit-dotnet\tests\openkit-dotnetcore-1.0.tests\bin\release\netcoreapp1.0\openkit-dotnetcore-1.0.tests.dll" id="edbb67d3-e978-4c97-a9b9-94eb5e06cbd2"><Execution id="bad8a11a-71c0-4838-a633-1495fe84eb68" /><TestMethod codeBase="C:\workspaces\openkit-dotnet\tests\openkit-dotnetcore-1.0.Tests\bin\Release\netcoreapp1.0\openkit-dotnetcore-1.0.Tests.dll" adapterTypeName="executor://nunit3testexecutor/" className="Dynatrace.OpenKit.Core.Caching.SpaceEvictionStrategyTest" name="TheStrategyIsDisabledIfCacheSizeLowerBoundIsEqualToZero" /></UnitTest><UnitTest name="ABeaconSendingCaptureOffStateWaitsForGivenTime" storage="c:\workspaces\openkit-dotnet\tests\openkit-dotnetcore-1.0.tests\bin\release\netcoreapp1.0\openkit-dotnetcore-1.0.tests.dll" id="237393cb-8233-4018-be12-1b82874db1a7"><Execution id="d5993e88-74aa-4024-8825-1e7394a7f77d" /><TestMethod codeBase="C:\workspaces\openkit-dotnet\tests\openkit-dotnetcore-1.0.Tests\bin\Release\netcoreapp1.0\openkit-dotnetcore-1.0.Tests.dll" adapterTypeName="executor://nunit3testexecutor/" className="Dynatrace.OpenKit.Core.Communication.BeaconSendingCaptureOffStateTest" name="ABeaconSendingCaptureOffStateWaitsForGivenTime" /></UnitTest><UnitTest name="TriggeringEvictionStrategiesInThread" storage="c:\workspaces\openkit-dotnet\tests\openkit-dotnetcore-1.0.tests\bin\release\netcoreapp1.0\openkit-dotnetcore-1.0.tests.dll" id="6a0a2638-bfc0-4b49-874a-cad24fb73595"><Execution id="c0cd59a1-9436-498e-bf4a-e0bd34d4fb1d" /><TestMethod codeBase="C:\workspaces\openkit-dotnet\tests\openkit-dotnetcore-1.0.Tests\bin\Release\netcoreapp1.0\openkit-dotnetcore-1.0.Tests.dll" adapterTypeName="executor://nunit3testexecutor/" className="Dynatrace.OpenKit.Core.Caching.BeaconCacheEvictorTest" name="TriggeringEvictionStrategiesInThread" /></UnitTest><UnitTest name="StringValueNotReportedForDataCollectionLevel0" storage="c:\workspaces\openkit-dotnet\tests\openkit-dotnetcore-1.0.tests\bin\release\netcoreapp1.0\openkit-dotnetcore-1.0.tests.dll" id="99f43d5f-d9d1-470b-9bed-c8b1dabc8386"><Execution id="2589c13f-df6c-4da3-8cf4-d9b45b0ab64a" /><TestMethod codeBase="C:\workspaces\openkit-dotnet\tests\openkit-dotnetcore-1.0.Tests\bin\Release\netcoreapp1.0\openkit-dotnetcore-1.0.Tests.dll" adapterTypeName="executor://nunit3testexecutor/" className="Dynatrace.OpenKit.Protocol.BeaconTest" name="StringValueNotReportedForDataCollectionLevel0" /></UnitTest><UnitTest name="CopyDataForChunkingMovesData" storage="c:\workspaces\openkit-dotnet\tests\openkit-dotnetcore-1.0.tests\bin\release\netcoreapp1.0\openkit-dotnetcore-1.0.tests.dll" id="f549b162-7ab0-4599-b6f7-050d9b6d4e75"><Execution id="66b652df-1504-450b-9541-e72ff108677e" /><TestMethod codeBase="C:\workspaces\openkit-dotnet\tests\openkit-dotnetcore-1.0.Tests\bin\Release\netcoreapp1.0\openkit-dotnetcore-1.0.Tests.dll" adapterTypeName="executor://nunit3testexecutor/" className="Dynatrace.OpenKit.Core.Caching.BeaconCacheEntryTest" name="CopyDataForChunkingMovesData" /></UnitTest><UnitTest name="SendTimeSyncRequestReturnsErrorCode" storage="c:\workspaces\openkit-dotnet\tests\openkit-dotnetcore-1.0.tests\bin\release\netcoreapp1.0\openkit-dotnetcore-1.0.tests.dll" id="b3d482d4-9775-4fc0-ad99-fce823b775a3"><Execution id="3baa85c4-3ef6-488c-97f9-ae54bd5c2dc9" /><TestMethod codeBase="C:\workspaces\openkit-dotnet\tests\openkit-dotnetcore-1.0.Tests\bin\Release\netcoreapp1.0\openkit-dotnetcore-1.0.Tests.dll" adapterTypeName="executor://nunit3testexecutor/" className="Dynatrace.OpenKit.Protocol.HTTPClientTest" name="SendTimeSyncRequestReturnsErrorCode" /></UnitTest><UnitTest name="RemoveChunkedDataDoesNothingIfCalledWithNonExistingBeaconID" storage="c:\workspaces\openkit-dotnet\tests\openkit-dotnetcore-1.0.tests\bin\release\netcoreapp1.0\openkit-dotnetcore-1.0.tests.dll" id="5bac88ef-fcf7-4703-9fe4-dbdd419c264b"><Execution id="0a9f24d3-0932-4822-ab56-366110fea9e2" /><TestMethod codeBase="C:\workspaces\openkit-dotnet\tests\openkit-dotnetcore-1.0.Tests\bin\Release\netcoreapp1.0\openkit-dotnetcore-1.0.Tests.dll" adapterTypeName="executor://nunit3testexecutor/" className="Dynatrace.OpenKit.Core.Caching.BeaconCacheTest" name="RemoveChunkedDataDoesNothingIfCalledWithNonExistingBeaconID" /></UnitTest><UnitTest name="ReportStringValueDoesNothingIfActionIsLeft" storage="c:\workspaces\openkit-dotnet\tests\openkit-dotnetcore-1.0.tests\bin\release\netcoreapp1.0\openkit-dotnetcore-1.0.tests.dll" id="0c5dc511-665d-46d4-a202-5f07354c713e"><Execution id="85f97b68-b702-4bb8-bca8-8c7525a670e8" /><TestMethod codeBase="C:\workspaces\openkit-dotnet\tests\openkit-dotnetcore-1.0.Tests\bin\Release\netcoreapp1.0\openkit-dotnetcore-1.0.Tests.dll" adapterTypeName="executor://nunit3testexecutor/" className="Dynatrace.OpenKit.Core.ActionTest" name="ReportStringValueDoesNothingIfActionIsLeft" /></UnitTest><UnitTest name="ExecuteEvictionStopsIfNumBytesInCacheFallsBelowLowerBoundBetweenTwoBeacons" storage="c:\workspaces\openkit-dotnet\tests\openkit-dotnetcore-1.0.tests\bin\release\netcoreapp1.0\openkit-dotnetcore-1.0.tests.dll" id="f90dfe14-c31c-4cec-99bd-c3f3d6be5c62"><Execution id="7236d295-e504-4a77-a67a-b01d69c800a9" /><TestMethod codeBase="C:\workspaces\openkit-dotnet\tests\openkit-dotnetcore-1.0.Tests\bin\Release\netcoreapp1.0\openkit-dotnetcore-1.0.Tests.dll" adapterTypeName="executor://nunit3testexecutor/" className="Dynatrace.OpenKit.Core.Caching.SpaceEvictionStrategyTest" name="ExecuteEvictionStopsIfNumBytesInCacheFallsBelowLowerBoundBetweenTwoBeacons" /></UnitTest><UnitTest name="Timestamp" storage="c:\workspaces\openkit-dotnet\tests\openkit-dotnetcore-1.0.tests\bin\release\netcoreapp1.0\openkit-dotnetcore-1.0.tests.dll" id="2fabc165-7aa3-44bb-baea-6c68db727b4b"><Execution id="19328c76-1d28-43e7-8e0f-94e4e182e857" /><TestMethod codeBase="C:\workspaces\openkit-dotnet\tests\openkit-dotnetcore-1.0.Tests\bin\Release\netcoreapp1.0\openkit-dotnetcore-1.0.Tests.dll" adapterTypeName="executor://nunit3testexecutor/" className="Dynatrace.OpenKit.Core.Caching.BeaconCacheRecordTest" name="Timestamp" /></UnitTest><UnitTest name="CapturingIsDisabledIfResponseCodeIndicatesFailures" storage="c:\workspaces\openkit-dotnet\tests\openkit-dotnetcore-1.0.tests\bin\release\netcoreapp1.0\openkit-dotnetcore-1.0.tests.dll" id="9ad53bcc-ad51-473b-b78b-fd094a3b7e86"><Execution id="283677ab-ae09-4cd7-92dc-38ae16815b2b" /><TestMethod codeBase="C:\workspaces\openkit-dotnet\tests\openkit-dotnetcore-1.0.Tests\bin\Release\netcoreapp1.0\openkit-dotnetcore-1.0.Tests.dll" adapterTypeName="executor://nunit3testexecutor/" className="Dynatrace.OpenKit.Core.Configuration.OpenKitConfigurationTest" name="CapturingIsDisabledIfResponseCodeIndicatesFailures" /></UnitTest><UnitTest name="StatusRequestIsRetried" storage="c:\workspaces\openkit-dotnet\tests\openkit-dotnetcore-1.0.tests\bin\release\netcoreapp1.0\openkit-dotnetcore-1.0.tests.dll" id="7a275472-cefe-4129-ae13-22e78656ae6f"><Execution id="edc3db74-b730-4f00-bfc6-8ab9f38ba003" /><TestMethod codeBase="C:\workspaces\openkit-dotnet\tests\openkit-dotnetcore-1.0.Tests\bin\Release\netcoreapp1.0\openkit-dotnetcore-1.0.Tests.dll" adapterTypeName="executor://nunit3testexecutor/" className="Dynatrace.OpenKit.Core.Communication.BeaconSendingCaptureOffStateTest" name="StatusRequestIsRetried" /></UnitTest><UnitTest name="DefaultCaptureErrorsIsOn" storage="c:\workspaces\openkit-dotnet\tests\openkit-dotnetcore-1.0.tests\bin\release\netcoreapp1.0\openkit-dotnetcore-1.0.tests.dll" id="77cf8beb-580c-4c0d-9e2b-8d8b2095bfed"><Execution id="7181c246-d188-4f93-acf6-1835fabbb9e2" /><TestMethod codeBase="C:\workspaces\openkit-dotnet\tests\openkit-dotnetcore-1.0.Tests\bin\Release\netcoreapp1.0\openkit-dotnetcore-1.0.Tests.dll" adapterTypeName="executor://nunit3testexecutor/" className="Dynatrace.OpenKit.Protocol.StatusResponseTest" name="DefaultCaptureErrorsIsOn" /></UnitTest><UnitTest name="GetChunkMarksRetrievedData" storage="c:\workspaces\openkit-dotnet\tests\openkit-dotnetcore-1.0.tests\bin\release\netcoreapp1.0\openkit-dotnetcore-1.0.tests.dll" id="a006dbd9-e287-4ecd-a3b0-bf8d2bd51ce1"><Execution id="dafee358-e559-4feb-ba43-3402935d88bd" /><TestMethod codeBase="C:\workspaces\openkit-dotnet\tests\openkit-dotnetcore-1.0.Tests\bin\Release\netcoreapp1.0\openkit-dotnetcore-1.0.Tests.dll" adapterTypeName="executor://nunit3testexecutor/" className="Dynatrace.OpenKit.Core.Caching.BeaconCacheEntryTest" name="GetChunkMarksRetrievedData" /></UnitTest><UnitTest name="SameInstancesHaveSameHashCode" storage="c:\workspaces\openkit-dotnet\tests\openkit-dotnetcore-1.0.tests\bin\release\netcoreapp1.0\openkit-dotnetcore-1.0.tests.dll" id="30808523-52b2-4335-a636-194d22d167f2"><Execution id="c0b00494-9abe-47f1-b18b-01420dad2cbd" /><TestMethod codeBase="C:\workspaces\openkit-dotnet\tests\openkit-dotnetcore-1.0.Tests\bin\Release\netcoreapp1.0\openkit-dotnetcore-1.0.Tests.dll" adapterTypeName="executor://nunit3testexecutor/" className="Dynatrace.OpenKit.Core.Caching.BeaconCacheRecordTest" name="SameInstancesHaveSameHashCode" /></UnitTest><UnitTest name="SendNewSessionRequestSendRequestToMonitorURL" storage="c:\workspaces\openkit-dotnet\tests\openkit-dotnetcore-1.0.tests\bin\release\netcoreapp1.0\openkit-dotnetcore-1.0.tests.dll" id="b19236e0-8de5-47f1-a544-95e46dbd78ee"><Execution id="c70db6ae-e24a-4285-b095-895fcbd7e185" /><TestMethod codeBase="C:\workspaces\openkit-dotnet\tests\openkit-dotnetcore-1.0.Tests\bin\Release\netcoreapp1.0\openkit-dotnetcore-1.0.Tests.dll" adapterTypeName="executor://nunit3testexecutor/" className="Dynatrace.OpenKit.Protocol.HTTPClientTest" name="SendNewSessionRequestSendRequestToMonitorURL" /></UnitTest><UnitTest name="DisposingASessionEndsTheSession" storage="c:\workspaces\openkit-dotnet\tests\openkit-dotnetcore-1.0.tests\bin\release\netcoreapp1.0\openkit-dotnetcore-1.0.tests.dll" id="6a4ad305-a6a3-4c83-b8cd-328b65e280dd"><Execution id="90141c23-847c-4334-95fc-b791f7a50885" /><TestMethod codeBase="C:\workspaces\openkit-dotnet\tests\openkit-dotnetcore-1.0.Tests\bin\Release\netcoreapp1.0\openkit-dotnetcore-1.0.Tests.dll" adapterTypeName="executor://nunit3testexecutor/" className="Dynatrace.OpenKit.Core.SessionTest" name="DisposingASessionEndsTheSession" /></UnitTest><UnitTest name="IpV6AddressValid_RFCEmptyBlockNotShortened" storage="c:\workspaces\openkit-dotnet\tests\openkit-dotnetcore-1.0.tests\bin\release\netcoreapp1.0\openkit-dotnetcore-1.0.tests.dll" id="7d537b07-aa28-4d00-9539-729808440b20"><Execution id="ab942547-464e-4dc5-8bad-78092015dcf6" /><TestMethod codeBase="C:\workspaces\openkit-dotnet\tests\openkit-dotnetcore-1.0.Tests\bin\Release\netcoreapp1.0\openkit-dotnetcore-1.0.Tests.dll" adapterTypeName="executor://nunit3testexecutor/" className="Dynatrace.OpenKit.Core.Util.InetAddressValidatorTest" name="IpV6AddressValid_RFCEmptyBlockNotShortened" /></UnitTest><UnitTest name="WebRequestIsReportedForDataCollectionLevel2" storage="c:\workspaces\openkit-dotnet\tests\openkit-dotnetcore-1.0.tests\bin\release\netcoreapp1.0\openkit-dotnetcore-1.0.tests.dll" id="d53bdaad-f276-44c5-ac34-239ae67e88c4"><Execution id="846c4f97-eadb-4d92-8135-da90a2dad153" /><TestMethod codeBase="C:\workspaces\openkit-dotnet\tests\openkit-dotnetcore-1.0.Tests\bin\Release\netcoreapp1.0\openkit-dotnetcore-1.0.Tests.dll" adapterTypeName="executor://nunit3testexecutor/" className="Dynatrace.OpenKit.Protocol.BeaconTest" name="WebRequestIsReportedForDataCollectionLevel2" /></UnitTest><UnitTest name="IdentifyUserDoesNothingIfUserTagIsNull" storage="c:\workspaces\openkit-dotnet\tests\openkit-dotnetcore-1.0.tests\bin\release\netcoreapp1.0\openkit-dotnetcore-1.0.tests.dll" id="8b21a8cb-2388-4e58-9b6b-79b0f2e9bd7f"><Execution id="2247f618-64b8-442f-aad1-6157ae9af4df" /><TestMethod codeBase="C:\workspaces\openkit-dotnet\tests\openkit-dotnetcore-1.0.Tests\bin\Release\netcoreapp1.0\openkit-dotnetcore-1.0.Tests.dll" adapterTypeName="executor://nunit3testexecutor/" className="Dynatrace.OpenKit.Core.SessionTest" name="IdentifyUserDoesNothingIfUserTagIsNull" /></UnitTest><UnitTest name="ApplicationNameIsSetCorrectlyForAppMon" storage="c:\workspaces\openkit-dotnet\tests\openkit-dotnetcore-1.0.tests\bin\release\netcoreapp1.0\openkit-dotnetcore-1.0.tests.dll" id="73d3c8b0-6fe8-45ee-a477-7cff5e3dbd74"><Execution id="1352a018-559b-4c68-9060-bc8d27d6e291" /><TestMethod codeBase="C:\workspaces\openkit-dotnet\tests\openkit-dotnetcore-1.0.Tests\bin\Release\netcoreapp1.0\openkit-dotnetcore-1.0.Tests.dll" adapterTypeName="executor://nunit3testexecutor/" className="Dynatrace.OpenKit.OpenKitBuilderTest" name="ApplicationNameIsSetCorrectlyForAppMon" /></UnitTest><UnitTest name="TheSessionIsFinishedAfterCallingFinishSession" storage="c:\workspaces\openkit-dotnet\tests\openkit-dotnetcore-1.0.tests\bin\release\netcoreapp1.0\openkit-dotnetcore-1.0.tests.dll" id="6ee87419-12e4-404d-aa56-4aaa30c409db"><Execution id="629b6559-de97-4a8e-ad34-988c516cb9e1" /><TestMethod codeBase="C:\workspaces\openkit-dotnet\tests\openkit-dotnetcore-1.0.Tests\bin\Release\netcoreapp1.0\openkit-dotnetcore-1.0.Tests.dll" adapterTypeName="executor://nunit3testexecutor/" className="Dynatrace.OpenKit.Core.Communication.SessionWrapperTest" name="TheSessionIsFinishedAfterCallingFinishSession" /></UnitTest><UnitTest name="IdentifyUserDoesNothingIfUserTagIsAnEmptyString" storage="c:\workspaces\openkit-dotnet\tests\openkit-dotnetcore-1.0.tests\bin\release\netcoreapp1.0\openkit-dotnetcore-1.0.tests.dll" id="d4635b69-8d84-4da3-b08b-0af64b44b093"><Execution id="4f134234-a052-465e-a447-0e2046f3fa98" /><TestMethod codeBase="C:\workspaces\openkit-dotnet\tests\openkit-dotnetcore-1.0.Tests\bin\Release\netcoreapp1.0\openkit-dotnetcore-1.0.Tests.dll" adapterTypeName="executor://nunit3testexecutor/" className="Dynatrace.OpenKit.Core.SessionTest" name="IdentifyUserDoesNothingIfUserTagIsAnEmptyString" /></UnitTest><UnitTest name="TheStrategyIsDisabledIfCacheSizeLowerBoundIsLessThanZero" storage="c:\workspaces\openkit-dotnet\tests\openkit-dotnetcore-1.0.tests\bin\release\netcoreapp1.0\openkit-dotnetcore-1.0.tests.dll" id="8a1fbf68-973f-4338-aa79-c3ff4417099e"><Execution id="6ff5f7b9-7427-4afd-909b-06341c7051ff" /><TestMethod codeBase="C:\workspaces\openkit-dotnet\tests\openkit-dotnetcore-1.0.Tests\bin\Release\netcoreapp1.0\openkit-dotnetcore-1.0.Tests.dll" adapterTypeName="executor://nunit3testexecutor/" className="Dynatrace.OpenKit.Core.Caching.SpaceEvictionStrategyTest" name="TheStrategyIsDisabledIfCacheSizeLowerBoundIsLessThanZero" /></UnitTest><UnitTest name="SendBeaconRequestReturnsAnUnknownErrorResponseForUnparseableStatusResponse" storage="c:\workspaces\openkit-dotnet\tests\openkit-dotnetcore-1.0.tests\bin\release\netcoreapp1.0\openkit-dotnetcore-1.0.tests.dll" id="05a79789-5fba-4713-8eee-b604d8425f82"><Execution id="49292387-d31c-4324-bac7-0b7c473515b1" /><TestMethod codeBase="C:\workspaces\openkit-dotnet\tests\openkit-dotnetcore-1.0.Tests\bin\Release\netcoreapp1.0\openkit-dotnetcore-1.0.Tests.dll" adapterTypeName="executor://nunit3testexecutor/" className="Dynatrace.OpenKit.Protocol.HTTPClientTest" name="SendBeaconRequestReturnsAnUnknownErrorResponseForUnparseableStatusResponse" /></UnitTest><UnitTest name="ShouldRunGivesTrueIfNumBytesInCacheIsGreaterThanUpperBoundLimit" storage="c:\workspaces\openkit-dotnet\tests\openkit-dotnetcore-1.0.tests\bin\release\netcoreapp1.0\openkit-dotnetcore-1.0.tests.dll" id="7bde327c-71dc-4fd9-acbb-8cc09142c21f"><Execution id="a014268e-dee6-4e55-85dc-159b5b329e3e" /><TestMethod codeBase="C:\workspaces\openkit-dotnet\tests\openkit-dotnetcore-1.0.Tests\bin\Release\netcoreapp1.0\openkit-dotnetcore-1.0.Tests.dll" adapterTypeName="executor://nunit3testexecutor/" className="Dynatrace.OpenKit.Core.Caching.SpaceEvictionStrategyTest" name="ShouldRunGivesTrueIfNumBytesInCacheIsGreaterThanUpperBoundLimit" /></UnitTest><UnitTest name="CaptureIsFalseWhenItIsNotEqualToOne" storage="c:\workspaces\openkit-dotnet\tests\openkit-dotnetcore-1.0.tests\bin\release\netcoreapp1.0\openkit-dotnetcore-1.0.tests.dll" id="aea4bbf9-db6e-47ee-af0e-94939a950a5f"><Execution id="c68369ae-ae7f-4624-a269-f3a0dc55d80e" /><TestMethod codeBase="C:\workspaces\openkit-dotnet\tests\openkit-dotnetcore-1.0.Tests\bin\Release\netcoreapp1.0\openkit-dotnetcore-1.0.Tests.dll" adapterTypeName="executor://nunit3testexecutor/" className="Dynatrace.OpenKit.Protocol.StatusResponseTest" name="CaptureIsFalseWhenItIsNotEqualToOne" /></UnitTest><UnitTest name="CanSetDataCollectionLevelForAppMon" storage="c:\workspaces\openkit-dotnet\tests\openkit-dotnetcore-1.0.tests\bin\release\netcoreapp1.0\openkit-dotnetcore-1.0.tests.dll" id="deab335f-91f0-4f2f-9827-e1c43190a960"><Execution id="a6569c4c-2cc8-463a-b65a-775f8c92f431" /><TestMethod codeBase="C:\workspaces\openkit-dotnet\tests\openkit-dotnetcore-1.0.Tests\bin\Release\netcoreapp1.0\openkit-dotnetcore-1.0.Tests.dll" adapterTypeName="executor://nunit3testexecutor/" className="Dynatrace.OpenKit.OpenKitBuilderTest" name="CanSetDataCollectionLevelForAppMon" /></UnitTest><UnitTest name="CreateTagReturnsTagStringForDataCollectionLevel2" storage="c:\workspaces\openkit-dotnet\tests\openkit-dotnetcore-1.0.tests\bin\release\netcoreapp1.0\openkit-dotnetcore-1.0.tests.dll" id="0f882d98-b6a4-4b92-b3e4-1286e70389ed"><Execution id="1bd1f314-3b40-48e2-b0b3-8762f2641bd2" /><TestMethod codeBase="C:\workspaces\openkit-dotnet\tests\openkit-dotnetcore-1.0.Tests\bin\Release\netcoreapp1.0\openkit-dotnetcore-1.0.Tests.dll" adapterTypeName="executor://nunit3testexecutor/" className="Dynatrace.OpenKit.Protocol.BeaconTest" name="CreateTagReturnsTagStringForDataCollectionLevel2" /></UnitTest><UnitTest name="DefaultServerIDIsMinusOne" storage="c:\workspaces\openkit-dotnet\tests\openkit-dotnetcore-1.0.tests\bin\release\netcoreapp1.0\openkit-dotnetcore-1.0.tests.dll" id="9e501f73-e204-4358-be36-5707b2826309"><Execution id="61e63407-c277-4802-b5d6-49d2f1c06de5" /><TestMethod codeBase="C:\workspaces\openkit-dotnet\tests\openkit-dotnetcore-1.0.Tests\bin\Release\netcoreapp1.0\openkit-dotnetcore-1.0.Tests.dll" adapterTypeName="executor://nunit3testexecutor/" className="Dynatrace.OpenKit.Protocol.StatusResponseTest" name="DefaultServerIDIsMinusOne" /></UnitTest><UnitTest name="TransitionToCaptureOffIsPerformedOnSuccess" storage="c:\workspaces\openkit-dotnet\tests\openkit-dotnetcore-1.0.tests\bin\release\netcoreapp1.0\openkit-dotnetcore-1.0.tests.dll" id="59ffb8bf-2158-4da1-865a-c136e71189eb"><Execution id="b771dc78-e383-4833-adda-1d5122ce3c84" /><TestMethod codeBase="C:\workspaces\openkit-dotnet\tests\openkit-dotnetcore-1.0.Tests\bin\Release\netcoreapp1.0\openkit-dotnetcore-1.0.Tests.dll" adapterTypeName="executor://nunit3testexecutor/" className="Dynatrace.OpenKit.Core.Communication.BeaconSendingTimeSyncStateTest" name="TransitionToCaptureOffIsPerformedOnSuccess" /></UnitTest><UnitTest name="ReceivingTooManyRequestsResponseUsesSleepTimeFromResponse" storage="c:\workspaces\openkit-dotnet\tests\openkit-dotnetcore-1.0.tests\bin\release\netcoreapp1.0\openkit-dotnetcore-1.0.tests.dll" id="0722ac1f-2eac-4433-b0d8-54586ef6119b"><Execution id="f8d88339-7c23-4661-bfef-c9281967e169" /><TestMethod codeBase="C:\workspaces\openkit-dotnet\tests\openkit-dotnetcore-1.0.Tests\bin\Release\netcoreapp1.0\openkit-dotnetcore-1.0.Tests.dll" adapterTypeName="executor://nunit3testexecutor/" className="Dynatrace.OpenKit.Core.Communication.BeaconSendingInitStateTest" name="ReceivingTooManyRequestsResponseUsesSleepTimeFromResponse" /></UnitTest><UnitTest name="TraceWebRequestGivesNullWebRequestTracerIfUrlIsNull" storage="c:\workspaces\openkit-dotnet\tests\openkit-dotnetcore-1.0.tests\bin\release\netcoreapp1.0\openkit-dotnetcore-1.0.tests.dll" id="3b57f9f4-cefa-4b12-a745-ee918359d17b"><Execution id="cdf0bc05-5308-4903-8cb0-b7cb9e7e8a6a" /><TestMethod codeBase="C:\workspaces\openkit-dotnet\tests\openkit-dotnetcore-1.0.Tests\bin\Release\netcoreapp1.0\openkit-dotnetcore-1.0.Tests.dll" adapterTypeName="executor://nunit3testexecutor/" className="Dynatrace.OpenKit.Core.ActionTest" name="TraceWebRequestGivesNullWebRequestTracerIfUrlIsNull" /></UnitTest><UnitTest name="AddActionDataAddsBeaconIdToCache" storage="c:\workspaces\openkit-dotnet\tests\openkit-dotnetcore-1.0.tests\bin\release\netcoreapp1.0\openkit-dotnetcore-1.0.tests.dll" id="6579127d-4b42-4d63-a144-3e003bfa8a9e"><Execution id="5e8b49cc-0e0b-4d8d-b1af-81460f6e18e7" /><TestMethod codeBase="C:\workspaces\openkit-dotnet\tests\openkit-dotnetcore-1.0.Tests\bin\Release\netcoreapp1.0\openkit-dotnetcore-1.0.Tests.dll" adapterTypeName="executor://nunit3testexecutor/" className="Dynatrace.OpenKit.Core.Caching.BeaconCacheTest" name="AddActionDataAddsBeaconIdToCache" /></UnitTest><UnitTest name="SessionIDIsAlwaysValue1OnDataCollectionLevel1" storage="c:\workspaces\openkit-dotnet\tests\openkit-dotnetcore-1.0.tests\bin\release\netcoreapp1.0\openkit-dotnetcore-1.0.tests.dll" id="e473b166-8b4e-4492-a243-6e7624ead855"><Execution id="98b42ae3-4e38-4f56-8b96-da2afe2124be" /><TestMethod codeBase="C:\workspaces\openkit-dotnet\tests\openkit-dotnetcore-1.0.Tests\bin\Release\netcoreapp1.0\openkit-dotnetcore-1.0.Tests.dll" adapterTypeName="executor://nunit3testexecutor/" className="Dynatrace.OpenKit.Protocol.BeaconTest" name="SessionIDIsAlwaysValue1OnDataCollectionLevel1" /></UnitTest><UnitTest name="NoUserIdentificationIsReportedIfBeaconConfigurationDisablesCapturing" storage="c:\workspaces\openkit-dotnet\tests\openkit-dotnetcore-1.0.tests\bin\release\netcoreapp1.0\openkit-dotnetcore-1.0.tests.dll" id="d1c69df5-8995-4db0-8dfa-1fd26ef7da60"><Execution id="9507cf59-08e5-4721-9eed-1f69cb91f589" /><TestMethod codeBase="C:\workspaces\openkit-dotnet\tests\openkit-dotnetcore-1.0.Tests\bin\Release\netcoreapp1.0\openkit-dotnetcore-1.0.Tests.dll" adapterTypeName="executor://nunit3testexecutor/" className="Dynatrace.OpenKit.Protocol.BeaconTest" name="NoUserIdentificationIsReportedIfBeaconConfigurationDisablesCapturing" /></UnitTest><UnitTest name="DefaultPRNGeneratorProvidesPositiveInt" storage="c:\workspaces\openkit-dotnet\tests\openkit-dotnetcore-1.0.tests\bin\release\netcoreapp1.0\openkit-dotnetcore-1.0.tests.dll" id="1cc16f51-535a-4a7a-a644-9f5edaa2bfd4"><Execution id="69a3d9a5-0c56-49b1-b136-3da417558526" /><TestMethod codeBase="C:\workspaces\openkit-dotnet\tests\openkit-dotnetcore-1.0.Tests\bin\Release\netcoreapp1.0\openkit-dotnetcore-1.0.Tests.dll" adapterTypeName="executor://nunit3testexecutor/" className="Dynatrace.OpenKit.Providers.DefaultSessionPRNGeneratorTest" name="DefaultPRNGeneratorProvidesPositiveInt" /></UnitTest><UnitTest name="GetChunksTakesSizeIntoAccount" storage="c:\workspaces\openkit-dotnet\tests\openkit-dotnetcore-1.0.tests\bin\release\netcoreapp1.0\openkit-dotnetcore-1.0.tests.dll" id="c7549693-3d8d-41df-a55d-fdc4c308b5ba"><Execution id="8c57d4bb-ee07-4c78-8a2c-e4a1a65b66c2" /><TestMethod codeBase="C:\workspaces\openkit-dotnet\tests\openkit-dotnetcore-1.0.Tests\bin\Release\netcoreapp1.0\openkit-dotnetcore-1.0.Tests.dll" adapterTypeName="executor://nunit3testexecutor/" className="Dynatrace.OpenKit.Core.Caching.BeaconCacheEntryTest" name="GetChunksTakesSizeIntoAccount" /></UnitTest><UnitTest name="ReportCrash" storage="c:\workspaces\openkit-dotnet\tests\openkit-dotnetcore-1.0.tests\bin\release\netcoreapp1.0\openkit-dotnetcore-1.0.tests.dll" id="4a5c9e97-2fd2-4cd0-abec-9ec0c5ed4f6a"><Execution id="8519debe-1aa2-4907-bc91-7f6b0989e8c3" /><TestMethod codeBase="C:\workspaces\openkit-dotnet\tests\openkit-dotnetcore-1.0.Tests\bin\Release\netcoreapp1.0\openkit-dotnetcore-1.0.Tests.dll" adapterTypeName="executor://nunit3testexecutor/" className="Dynatrace.OpenKit.Core.SessionTest" name="ReportCrash" /></UnitTest><UnitTest name="TraceWebRequestGivesValidWebRequestTracer" storage="c:\workspaces\openkit-dotnet\tests\openkit-dotnetcore-1.0.tests\bin\release\netcoreapp1.0\openkit-dotnetcore-1.0.tests.dll" id="48441fe3-911c-4ed8-b05b-73b65ada8cc5"><Execution id="683b9872-a484-4ec4-9f0b-6c3856bd9088" /><TestMethod codeBase="C:\workspaces\openkit-dotnet\tests\openkit-dotnetcore-1.0.Tests\bin\Release\netcoreapp1.0\openkit-dotnetcore-1.0.Tests.dll" adapterTypeName="executor://nunit3testexecutor/" className="Dynatrace.OpenKit.Core.SessionTest" name="TraceWebRequestGivesValidWebRequestTracer" /></UnitTest><UnitTest name="DeleteCacheEntryDoesNotRaiseEvent" storage="c:\workspaces\openkit-dotnet\tests\openkit-dotnetcore-1.0.tests\bin\release\netcoreapp1.0\openkit-dotnetcore-1.0.tests.dll" id="4faa9fdf-f758-4aba-8bae-4c5a534b2d53"><Execution id="30399ae2-ebe4-45a4-b8ef-f434c82d77e5" /><TestMethod codeBase="C:\workspaces\openkit-dotnet\tests\openkit-dotnetcore-1.0.Tests\bin\Release\netcoreapp1.0\openkit-dotnetcore-1.0.Tests.dll" adapterTypeName="executor://nunit3testexecutor/" className="Dynatrace.OpenKit.Core.Caching.BeaconCacheTest" name="DeleteCacheEntryDoesNotRaiseEvent" /></UnitTest><UnitTest name="CanAddUserIdentifyEvent" storage="c:\workspaces\openkit-dotnet\tests\openkit-dotnetcore-1.0.tests\bin\release\netcoreapp1.0\openkit-dotnetcore-1.0.tests.dll" id="1336c287-de41-4019-ac66-cad189cf7736"><Execution id="6b52ef7e-0af6-42c4-9e07-0d42de2dccd7" /><TestMethod codeBase="C:\workspaces\openkit-dotnet\tests\openkit-dotnetcore-1.0.Tests\bin\Release\netcoreapp1.0\openkit-dotnetcore-1.0.Tests.dll" adapterTypeName="executor://nunit3testexecutor/" className="Dynatrace.OpenKit.Protocol.BeaconTest" name="CanAddUserIdentifyEvent" /></UnitTest><UnitTest name="AddingEventData" storage="c:\workspaces\openkit-dotnet\tests\openkit-dotnetcore-1.0.tests\bin\release\netcoreapp1.0\openkit-dotnetcore-1.0.tests.dll" id="af70b073-25b2-4d73-ac9f-f554228efd4a"><Execution id="bf0550ed-fa65-4085-a508-3a9aa88e48cd" /><TestMethod codeBase="C:\workspaces\openkit-dotnet\tests\openkit-dotnetcore-1.0.Tests\bin\Release\netcoreapp1.0\openkit-dotnetcore-1.0.Tests.dll" adapterTypeName="executor://nunit3testexecutor/" className="Dynatrace.OpenKit.Core.Caching.BeaconCacheEntryTest" name="AddingEventData" /></UnitTest><UnitTest name="CanSetCustomMaxBeaconRecordAgeForDynatrace" storage="c:\workspaces\openkit-dotnet\tests\openkit-dotnetcore-1.0.tests\bin\release\netcoreapp1.0\openkit-dotnetcore-1.0.tests.dll" id="0a96e21f-a04a-4c35-840c-cd4c552550de"><Execution id="af06d596-1dff-4b97-889f-8d4807a8d8a7" /><TestMethod codeBase="C:\workspaces\openkit-dotnet\tests\openkit-dotnetcore-1.0.Tests\bin\Release\netcoreapp1.0\openkit-dotnetcore-1.0.Tests.dll" adapterTypeName="executor://nunit3testexecutor/" className="Dynatrace.OpenKit.OpenKitBuilderTest" name="CanSetCustomMaxBeaconRecordAgeForDynatrace" /></UnitTest><UnitTest name="WhenBeaconConfigurationIsSetSendingIsAllowedIfMultiplicityIsGreaterThanZero" storage="c:\workspaces\openkit-dotnet\tests\openkit-dotnetcore-1.0.tests\bin\release\netcoreapp1.0\openkit-dotnetcore-1.0.tests.dll" id="4d5109a8-b2a8-41d6-814c-0bf068574b38"><Execution id="71b0f802-ee17-4851-8513-2630adfcc4fc" /><TestMethod codeBase="C:\workspaces\openkit-dotnet\tests\openkit-dotnetcore-1.0.Tests\bin\Release\netcoreapp1.0\openkit-dotnetcore-1.0.Tests.dll" adapterTypeName="executor://nunit3testexecutor/" className="Dynatrace.OpenKit.Core.Communication.SessionWrapperTest" name="WhenBeaconConfigurationIsSetSendingIsAllowedIfMultiplicityIsGreaterThanZero" /></UnitTest><UnitTest name="ReportEventDoesNothingIfEventNameIsAnEmptyString" storage="c:\workspaces\openkit-dotnet\tests\openkit-dotnetcore-1.0.tests\bin\release\netcoreapp1.0\openkit-dotnetcore-1.0.tests.dll" id="0aa99af5-1124-4905-9a50-f64c11c8c329"><Execution id="e3445522-a0c3-49b7-865d-46c55dbb2533" /><TestMethod codeBase="C:\workspaces\openkit-dotnet\tests\openkit-dotnetcore-1.0.Tests\bin\Release\netcoreapp1.0\openkit-dotnetcore-1.0.Tests.dll" adapterTypeName="executor://nunit3testexecutor/" className="Dynatrace.OpenKit.Core.ActionTest" name="ReportEventDoesNothingIfEventNameIsAnEmptyString" /></UnitTest><UnitTest name="IpV6AddressValid_CharactersMixedCase" storage="c:\workspaces\openkit-dotnet\tests\openkit-dotnetcore-1.0.tests\bin\release\netcoreapp1.0\openkit-dotnetcore-1.0.tests.dll" id="b382dc00-26ac-41d4-87e2-ef5aca12e7ff"><Execution id="e77b6df8-d86b-414a-8a3f-e8e5d5b16914" /><TestMethod codeBase="C:\workspaces\openkit-dotnet\tests\openkit-dotnetcore-1.0.Tests\bin\Release\netcoreapp1.0\openkit-dotnetcore-1.0.Tests.dll" adapterTypeName="executor://nunit3testexecutor/" className="Dynatrace.OpenKit.Core.Util.InetAddressValidatorTest" name="IpV6AddressValid_CharactersMixedCase" /></UnitTest><UnitTest name="TheDefaultRequestReceiveTimeIsMinusOne" storage="c:\workspaces\openkit-dotnet\tests\openkit-dotnetcore-1.0.tests\bin\release\netcoreapp1.0\openkit-dotnetcore-1.0.tests.dll" id="06f81fef-9897-4f90-859a-5020241dda97"><Execution id="a5fce0ca-3d91-44b5-be69-38461f0c5ee6" /><TestMethod codeBase="C:\workspaces\openkit-dotnet\tests\openkit-dotnetcore-1.0.Tests\bin\Release\netcoreapp1.0\openkit-dotnetcore-1.0.Tests.dll" adapterTypeName="executor://nunit3testexecutor/" className="Dynatrace.OpenKit.Protocol.TimeSyncResponseTest" name="TheDefaultRequestReceiveTimeIsMinusOne" /></UnitTest><UnitTest name="CapturingIsDisallowedWhenMultiplicityIsLessThanOrEqualToZero" storage="c:\workspaces\openkit-dotnet\tests\openkit-dotnetcore-1.0.tests\bin\release\netcoreapp1.0\openkit-dotnetcore-1.0.tests.dll" id="72831023-ee5b-4162-8d75-388e462593e5"><Execution id="fe623bbd-1961-47f5-8bf7-3e62d886e5d8" /><TestMethod codeBase="C:\workspaces\openkit-dotnet\tests\openkit-dotnetcore-1.0.Tests\bin\Release\netcoreapp1.0\openkit-dotnetcore-1.0.Tests.dll" adapterTypeName="executor://nunit3testexecutor/" className="Dynatrace.OpenKit.Core.Configuration.BeaconConfigurationTest" name="CapturingIsDisallowedWhenMultiplicityIsLessThanOrEqualToZero" /></UnitTest><UnitTest name="NeedsDataCopyBeforeChunkingGivesTrueBeforeDataIsCopied" storage="c:\workspaces\openkit-dotnet\tests\openkit-dotnetcore-1.0.tests\bin\release\netcoreapp1.0\openkit-dotnetcore-1.0.tests.dll" id="be0f09f4-3d2c-46ac-ae64-61e3af88a1c8"><Execution id="78043f0e-3319-44b9-a2b9-afbf3db40ef4" /><TestMethod codeBase="C:\workspaces\openkit-dotnet\tests\openkit-dotnetcore-1.0.Tests\bin\Release\netcoreapp1.0\openkit-dotnetcore-1.0.Tests.dll" adapterTypeName="executor://nunit3testexecutor/" className="Dynatrace.OpenKit.Core.Caching.BeaconCacheEntryTest" name="NeedsDataCopyBeforeChunkingGivesTrueBeforeDataIsCopied" /></UnitTest><UnitTest name="IpV6AddressIsValid" storage="c:\workspaces\openkit-dotnet\tests\openkit-dotnetcore-1.0.tests\bin\release\netcoreapp1.0\openkit-dotnetcore-1.0.tests.dll" id="f7581a32-3b6b-4f35-94ab-f1f69538f201"><Execution id="c700086e-54ff-4c24-a1a9-ff1b91849a17" /><TestMethod codeBase="C:\workspaces\openkit-dotnet\tests\openkit-dotnetcore-1.0.Tests\bin\Release\netcoreapp1.0\openkit-dotnetcore-1.0.Tests.dll" adapterTypeName="executor://nunit3testexecutor/" className="Dynatrace.OpenKit.Core.Util.InetAddressValidatorTest" name="IpV6AddressIsValid" /></UnitTest><UnitTest name="SleepTimeIsDoubledAndResetAfterSuccess" storage="c:\workspaces\openkit-dotnet\tests\openkit-dotnetcore-1.0.tests\bin\release\netcoreapp1.0\openkit-dotnetcore-1.0.tests.dll" id="c8c66bc7-cd5b-4223-9d88-05746ad02ec2"><Execution id="0faede0b-20a0-4880-ab1a-5c9c0bcaca43" /><TestMethod codeBase="C:\workspaces\openkit-dotnet\tests\openkit-dotnetcore-1.0.Tests\bin\Release\netcoreapp1.0\openkit-dotnetcore-1.0.Tests.dll" adapterTypeName="executor://nunit3testexecutor/" className="Dynatrace.OpenKit.Core.Communication.BeaconSendingTimeSyncStateTest" name="SleepTimeIsDoubledAndResetAfterSuccess" /></UnitTest><UnitTest name="ExecuteEvictionLogsAMessageOnceAndReturnsIfStrategyIsDisabled" storage="c:\workspaces\openkit-dotnet\tests\openkit-dotnetcore-1.0.tests\bin\release\netcoreapp1.0\openkit-dotnetcore-1.0.tests.dll" id="5db182fb-9327-456d-bffa-045c77365aa8"><Execution id="c1fa17bf-9fb4-4cdc-ba0e-ced43aa3ff0d" /><TestMethod codeBase="C:\workspaces\openkit-dotnet\tests\openkit-dotnetcore-1.0.Tests\bin\Release\netcoreapp1.0\openkit-dotnetcore-1.0.Tests.dll" adapterTypeName="executor://nunit3testexecutor/" className="Dynatrace.OpenKit.Core.Caching.TimeEvicitionStrategyTest" name="ExecuteEvictionLogsAMessageOnceAndReturnsIfStrategyIsDisabled" /></UnitTest><UnitTest name="ReportErrorDoesNotReportOnDataCollectionLevel0" storage="c:\workspaces\openkit-dotnet\tests\openkit-dotnetcore-1.0.tests\bin\release\netcoreapp1.0\openkit-dotnetcore-1.0.tests.dll" id="e7921b97-26a8-46c1-83f3-c4c30f781189"><Execution id="b4f0eb3c-5633-403c-a120-aff7c627947c" /><TestMethod codeBase="C:\workspaces\openkit-dotnet\tests\openkit-dotnetcore-1.0.Tests\bin\Release\netcoreapp1.0\openkit-dotnetcore-1.0.Tests.dll" adapterTypeName="executor://nunit3testexecutor/" className="Dynatrace.OpenKit.Protocol.BeaconTest" name="ReportErrorDoesNotReportOnDataCollectionLevel0" /></UnitTest><UnitTest name="IpV6AddressIsInvalidIllegalCharacter" storage="c:\workspaces\openkit-dotnet\tests\openkit-dotnetcore-1.0.tests\bin\release\netcoreapp1.0\openkit-dotnetcore-1.0.tests.dll" id="6b97c535-1023-4c15-95c8-6b4d7e84af3e"><Execution id="dbe53812-312e-442f-bdf3-894f91c1c536" /><TestMethod codeBase="C:\workspaces\openkit-dotnet\tests\openkit-dotnetcore-1.0.Tests\bin\Release\netcoreapp1.0\openkit-dotnetcore-1.0.Tests.dll" adapterTypeName="executor://nunit3testexecutor/" className="Dynatrace.OpenKit.Core.Util.InetAddressValidatorTest" name="IpV6AddressIsInvalidIllegalCharacter" /></UnitTest><UnitTest name="CanInterruptLongSleep" storage="c:\workspaces\openkit-dotnet\tests\openkit-dotnetcore-1.0.tests\bin\release\netcoreapp1.0\openkit-dotnetcore-1.0.tests.dll" id="6c2ce49b-2778-4318-9937-64cca4492554"><Execution id="bd801bc9-e1d8-4348-b5e0-1139d8617d67" /><TestMethod codeBase="C:\workspaces\openkit-dotnet\tests\openkit-dotnetcore-1.0.Tests\bin\Release\netcoreapp1.0\openkit-dotnetcore-1.0.Tests.dll" adapterTypeName="executor://nunit3testexecutor/" className="Dynatrace.OpenKit.Core.Communication.BeaconSendingContextTest" name="CanInterruptLongSleep" /></UnitTest><UnitTest name="TimeSyncIsSupportedByDefault" storage="c:\workspaces\openkit-dotnet\tests\openkit-dotnetcore-1.0.tests\bin\release\netcoreapp1.0\openkit-dotnetcore-1.0.tests.dll" id="3a6e3e04-7183-4e5d-9463-de97491dae53"><Execution id="a1bb7dae-d0d1-4ea4-bf2a-4720fe05591b" /><TestMethod codeBase="C:\workspaces\openkit-dotnet\tests\openkit-dotnetcore-1.0.Tests\bin\Release\netcoreapp1.0\openkit-dotnetcore-1.0.Tests.dll" adapterTypeName="executor://nunit3testexecutor/" className="Dynatrace.OpenKit.Providers.DefaultTimingProviderTest" name="TimeSyncIsSupportedByDefault" /></UnitTest><UnitTest name="RemoveOldestRecordsDoesNotRemoveAnythingFromEventAndActionsBeingSent" storage="c:\workspaces\openkit-dotnet\tests\openkit-dotnetcore-1.0.tests\bin\release\netcoreapp1.0\openkit-dotnetcore-1.0.tests.dll" id="b08ea9c8-08a3-45c0-a794-d264cf0372f4"><Execution id="cab5e957-ac0f-476b-b28d-6fd60718d0db" /><TestMethod codeBase="C:\workspaces\openkit-dotnet\tests\openkit-dotnetcore-1.0.Tests\bin\Release\netcoreapp1.0\openkit-dotnetcore-1.0.Tests.dll" adapterTypeName="executor://nunit3testexecutor/" className="Dynatrace.OpenKit.Core.Caching.BeaconCacheEntryTest" name="RemoveOldestRecordsDoesNotRemoveAnythingFromEventAndActionsBeingSent" /></UnitTest><UnitTest name="ABeaconSendingFlushSessionsStateClosesOpenSessions" storage="c:\workspaces\openkit-dotnet\tests\openkit-dotnetcore-1.0.tests\bin\release\netcoreapp1.0\openkit-dotnetcore-1.0.tests.dll" id="c242a51b-c535-4b93-86cf-d2e34d1a942a"><Execution id="71b926d8-1ee8-4ece-9fa9-58cd535ad511" /><TestMethod codeBase="C:\workspaces\openkit-dotnet\tests\openkit-dotnetcore-1.0.Tests\bin\Release\netcoreapp1.0\openkit-dotnetcore-1.0.Tests.dll" adapterTypeName="executor://nunit3testexecutor/" className="Dynatrace.OpenKit.Core.Communication.BeaconSendingFlushSessionsStateTest" name="ABeaconSendingFlushSessionsStateClosesOpenSessions" /></UnitTest><UnitTest name="AfterUpdatingTheBeaconConfigurationTheBeaconConfigurationIsSet" storage="c:\workspaces\openkit-dotnet\tests\openkit-dotnetcore-1.0.tests\bin\release\netcoreapp1.0\openkit-dotnetcore-1.0.tests.dll" id="9b547af3-2887-4682-8e27-69062b24faf5"><Execution id="b70260df-5404-42e5-bdea-f7ae1f6a40e0" /><TestMethod codeBase="C:\workspaces\openkit-dotnet\tests\openkit-dotnetcore-1.0.Tests\bin\Release\netcoreapp1.0\openkit-dotnetcore-1.0.Tests.dll" adapterTypeName="executor://nunit3testexecutor/" className="Dynatrace.OpenKit.Core.Communication.SessionWrapperTest" name="AfterUpdatingTheBeaconConfigurationTheBeaconConfigurationIsSet" /></UnitTest><UnitTest name="DoubleValueNotReportedForDataCollectionLevel0" storage="c:\workspaces\openkit-dotnet\tests\openkit-dotnetcore-1.0.tests\bin\release\netcoreapp1.0\openkit-dotnetcore-1.0.tests.dll" id="f5038979-08cc-49d2-8ee8-9b8e8465e655"><Execution id="5a892860-ff7c-401b-b7b1-be40c3e8730e" /><TestMethod codeBase="C:\workspaces\openkit-dotnet\tests\openkit-dotnetcore-1.0.Tests\bin\Release\netcoreapp1.0\openkit-dotnetcore-1.0.Tests.dll" adapterTypeName="executor://nunit3testexecutor/" className="Dynatrace.OpenKit.Protocol.BeaconTest" name="DoubleValueNotReportedForDataCollectionLevel0" /></UnitTest><UnitTest name="NewSessionRequestsAreMadeForAllNewSessions" storage="c:\workspaces\openkit-dotnet\tests\openkit-dotnetcore-1.0.tests\bin\release\netcoreapp1.0\openkit-dotnetcore-1.0.tests.dll" id="81e5653a-fb1f-4641-ab4b-799220335657"><Execution id="4a3a422f-1489-43f2-a536-13267e827baf" /><TestMethod codeBase="C:\workspaces\openkit-dotnet\tests\openkit-dotnetcore-1.0.Tests\bin\Release\netcoreapp1.0\openkit-dotnetcore-1.0.Tests.dll" adapterTypeName="executor://nunit3testexecutor/" className="Dynatrace.OpenKit.Core.Communication.BeaconSendingCaptureOnStateTest" name="NewSessionRequestsAreMadeForAllNewSessions" /></UnitTest><UnitTest name="PassingEmptyResponseStringDoesNotThrow" storage="c:\workspaces\openkit-dotnet\tests\openkit-dotnetcore-1.0.tests\bin\release\netcoreapp1.0\openkit-dotnetcore-1.0.tests.dll" id="645dc817-1979-45e6-bac6-85c9c0465698"><Execution id="2a1e0b12-4e67-46d4-9dc9-b73bf51367cc" /><TestMethod codeBase="C:\workspaces\openkit-dotnet\tests\openkit-dotnetcore-1.0.Tests\bin\Release\netcoreapp1.0\openkit-dotnetcore-1.0.Tests.dll" adapterTypeName="executor://nunit3testexecutor/" className="Dynatrace.OpenKit.Protocol.StatusResponseTest" name="PassingEmptyResponseStringDoesNotThrow" /></UnitTest><UnitTest name="IpV6AddressMixedNotationIsValid_NonZeroIPv6NonCompressed" storage="c:\workspaces\openkit-dotnet\tests\openkit-dotnetcore-1.0.tests\bin\release\netcoreapp1.0\openkit-dotnetcore-1.0.tests.dll" id="915a2ea6-5c46-431f-84ac-387cb8891460"><Execution id="31d97ff0-dbbb-4060-ac10-42fd7829f4ae" /><TestMethod codeBase="C:\workspaces\openkit-dotnet\tests\openkit-dotnetcore-1.0.Tests\bin\Release\netcoreapp1.0\openkit-dotnetcore-1.0.Tests.dll" adapterTypeName="executor://nunit3testexecutor/" className="Dynatrace.OpenKit.Core.Util.InetAddressValidatorTest" name="IpV6AddressMixedNotationIsValid_NonZeroIPv6NonCompressed" /></UnitTest><UnitTest name="GetHttpClientUsesCurrentHttpConfig" storage="c:\workspaces\openkit-dotnet\tests\openkit-dotnetcore-1.0.tests\bin\release\netcoreapp1.0\openkit-dotnetcore-1.0.tests.dll" id="c06a3273-2738-434d-8787-5d199a91da6d"><Execution id="c2871cac-8533-4bd2-81bf-0bdab239679b" /><TestMethod codeBase="C:\workspaces\openkit-dotnet\tests\openkit-dotnetcore-1.0.Tests\bin\Release\netcoreapp1.0\openkit-dotnetcore-1.0.Tests.dll" adapterTypeName="executor://nunit3testexecutor/" className="Dynatrace.OpenKit.Core.Communication.BeaconSendingContextTest" name="GetHttpClientUsesCurrentHttpConfig" /></UnitTest><UnitTest name="ActionNotReportedForDataCollectionLevel0" storage="c:\workspaces\openkit-dotnet\tests\openkit-dotnetcore-1.0.tests\bin\release\netcoreapp1.0\openkit-dotnetcore-1.0.tests.dll" id="101ec335-e874-427a-ac94-74b54ef40460"><Execution id="1168631e-c7f9-4405-955b-c8c955da3e31" /><TestMethod codeBase="C:\workspaces\openkit-dotnet\tests\openkit-dotnetcore-1.0.Tests\bin\Release\netcoreapp1.0\openkit-dotnetcore-1.0.Tests.dll" adapterTypeName="executor://nunit3testexecutor/" className="Dynatrace.OpenKit.Protocol.BeaconTest" name="ActionNotReportedForDataCollectionLevel0" /></UnitTest><UnitTest name="EnterActionGivesNullActionIfActionNameIsEmptyString" storage="c:\workspaces\openkit-dotnet\tests\openkit-dotnetcore-1.0.tests\bin\release\netcoreapp1.0\openkit-dotnetcore-1.0.tests.dll" id="abd51fa1-e090-4211-910c-6c10f7364cc9"><Execution id="9c5dcde5-575d-4a2d-b6a4-b823acf5c8fb" /><TestMethod codeBase="C:\workspaces\openkit-dotnet\tests\openkit-dotnetcore-1.0.Tests\bin\Release\netcoreapp1.0\openkit-dotnetcore-1.0.Tests.dll" adapterTypeName="executor://nunit3testexecutor/" className="Dynatrace.OpenKit.Core.SessionTest" name="EnterActionGivesNullActionIfActionNameIsEmptyString" /></UnitTest><UnitTest name="resetDataMarkedForSendingReturnsIfDataHasNotBeenCopied" storage="c:\workspaces\openkit-dotnet\tests\openkit-dotnetcore-1.0.tests\bin\release\netcoreapp1.0\openkit-dotnetcore-1.0.tests.dll" id="b96fee1c-2692-4dac-b241-850a34da2c90"><Execution id="12bb4b30-f17d-4f5f-8ee6-3b1ffe77418f" /><TestMethod codeBase="C:\workspaces\openkit-dotnet\tests\openkit-dotnetcore-1.0.Tests\bin\Release\netcoreapp1.0\openkit-dotnetcore-1.0.Tests.dll" adapterTypeName="executor://nunit3testexecutor/" className="Dynatrace.OpenKit.Core.Caching.BeaconCacheEntryTest" name="resetDataMarkedForSendingReturnsIfDataHasNotBeenCopied" /></UnitTest><UnitTest name="ExecuteEvictionRunsUntilTheCacheSizeIsLessThanOrEqualToLowerBound" storage="c:\workspaces\openkit-dotnet\tests\openkit-dotnetcore-1.0.tests\bin\release\netcoreapp1.0\openkit-dotnetcore-1.0.tests.dll" id="bb1bf432-910a-4205-b0cd-2f5a1ed6b45b"><Execution id="21ebfdff-c1b9-4c33-95fc-178c91f97fca" /><TestMethod codeBase="C:\workspaces\openkit-dotnet\tests\openkit-dotnetcore-1.0.Tests\bin\Release\netcoreapp1.0\openkit-dotnetcore-1.0.Tests.dll" adapterTypeName="executor://nunit3testexecutor/" className="Dynatrace.OpenKit.Core.Caching.SpaceEvictionStrategyTest" name="ExecuteEvictionRunsUntilTheCacheSizeIsLessThanOrEqualToLowerBound" /></UnitTest><UnitTest name="ReportDoubleValue" storage="c:\workspaces\openkit-dotnet\tests\openkit-dotnetcore-1.0.tests\bin\release\netcoreapp1.0\openkit-dotnetcore-1.0.tests.dll" id="5455821e-573a-444f-a67b-28eaede70586"><Execution id="3056d305-f6a8-48b6-a9f4-3349f53ae1c5" /><TestMethod codeBase="C:\workspaces\openkit-dotnet\tests\openkit-dotnetcore-1.0.Tests\bin\Release\netcoreapp1.0\openkit-dotnetcore-1.0.Tests.dll" adapterTypeName="executor://nunit3testexecutor/" className="Dynatrace.OpenKit.Core.ActionTest" name="ReportDoubleValue" /></UnitTest><UnitTest name="TransitionToFlushStateIsPerformedOnShutdown" storage="c:\workspaces\openkit-dotnet\tests\openkit-dotnetcore-1.0.tests\bin\release\netcoreapp1.0\openkit-dotnetcore-1.0.tests.dll" id="b1de8db9-9e81-4e96-831e-b56811e37e3d"><Execution id="dce956e3-116c-4704-8258-d24343ec34eb" /><TestMethod codeBase="C:\workspaces\openkit-dotnet\tests\openkit-dotnetcore-1.0.Tests\bin\Release\netcoreapp1.0\openkit-dotnetcore-1.0.Tests.dll" adapterTypeName="executor://nunit3testexecutor/" className="Dynatrace.OpenKit.Core.Communication.BeaconSendingCaptureOnStateTest" name="TransitionToFlushStateIsPerformedOnShutdown" /></UnitTest><UnitTest name="TimeSyncSupportIsTrueByDefault" storage="c:\workspaces\openkit-dotnet\tests\openkit-dotnetcore-1.0.tests\bin\release\netcoreapp1.0\openkit-dotnetcore-1.0.tests.dll" id="18f73f2d-4e4f-4200-9419-50e4352e4ea6"><Execution id="cf4a061c-047c-44e8-aed7-5e72db526c2a" /><TestMethod codeBase="C:\workspaces\openkit-dotnet\tests\openkit-dotnetcore-1.0.Tests\bin\Release\netcoreapp1.0\openkit-dotnetcore-1.0.Tests.dll" adapterTypeName="executor://nunit3testexecutor/" className="Dynatrace.OpenKit.Core.Communication.BeaconSendingContextTest" name="TimeSyncSupportIsTrueByDefault" /></UnitTest></TestDefinitions><TestEntries><TestEntry testId="b96fee1c-2692-4dac-b241-850a34da2c90" executionId="12bb4b30-f17d-4f5f-8ee6-3b1ffe77418f" testListId="8c84fa94-04c1-424b-9868-57a2d4851a1d" /><TestEntry testId="a867d6a4-a6aa-40af-bfbe-25e76abfc673" executionId="04fc38c2-f148-4951-a968-3b9fc57cc893" testListId="8c84fa94-04c1-424b-9868-57a2d4851a1d" /><TestEntry testId="639f82e1-f45c-4d8d-ba20-4ea57f295d32" executionId="aef262a7-4abe-4bf0-941b-8fb694bbd4f4" testListId="8c84fa94-04c1-424b-9868-57a2d4851a1d" /><TestEntry testId="4627f1e4-c20f-45bb-97d9-88aa4148d22f" executionId="ba5db2d3-daff-4fcb-84dd-b2a8228dd80d" testListId="8c84fa94-04c1-424b-9868-57a2d4851a1d" /><TestEntry testId="a3127122-ad44-427f-9615-08b75466bd77" executionId="9c2a77de-49c4-450a-bc5c-d15dbb1bf1b2" testListId="8c84fa94-04c1-424b-9868-57a2d4851a1d" /><TestEntry testId="3e28f60a-b474-41e6-ad18-7903e0d07c40" executionId="9eae19bf-d08b-4a75-97c0-0087008a8166" testListId="8c84fa94-04c1-424b-9868-57a2d4851a1d" /><TestEntry testId="e2f27836-3733-495a-9726-a7925a9219a7" executionId="58cd168c-1804-432f-9c43-64cb7c0951c4" testListId="8c84fa94-04c1-424b-9868-57a2d4851a1d" /><TestEntry testId="e1ef54fc-3995-409d-8636-496991336c65" executionId="72a2012e-a1af-45bc-a8ac-39dca920370e" testListId="8c84fa94-04c1-424b-9868-57a2d4851a1d" /><TestEntry testId="b53d4940-8990-44c6-9366-edeccdcc24cc" executionId="4c2fe7cc-b79d-48d3-a3f6-4f2f45fc087e" testListId="8c84fa94-04c1-424b-9868-57a2d4851a1d" /><TestEntry testId="c6e0ccdd-bca5-477c-bd95-455deec99f51" executionId="3bea376a-75d1-4cd4-9bb7-e6fc1772fad8" testListId="8c84fa94-04c1-424b-9868-57a2d4851a1d" /><TestEntry testId="80223036-68ac-442e-a8b3-eeeb4e5df0c8" executionId="86af52bc-253b-496d-8c01-d03a5c917c2a" testListId="8c84fa94-04c1-424b-9868-57a2d4851a1d" /><TestEntry testId="e473b166-8b4e-4492-a243-6e7624ead855" executionId="98b42ae3-4e38-4f56-8b96-da2afe2124be" testListId="8c84fa94-04c1-424b-9868-57a2d4851a1d" /><TestEntry testId="450a01b4-c4af-42f3-993a-922193b7b8cb" executionId="08c678a4-9899-441e-83d9-6137daa8be1f" testListId="8c84fa94-04c1-424b-9868-57a2d4851a1d" /><TestEntry testId="d68d3f7c-11c2-40ad-873c-c5982b9b5180" executionId="a8f6e2c8-8343-4584-9b5d-e6d948c40ee3" testListId="8c84fa94-04c1-424b-9868-57a2d4851a1d" /><TestEntry testId="5e5d4acf-010f-46df-a982-9d19f84f32c3" executionId="4d88c538-e36d-44fc-9610-40ce55e7d50b" testListId="8c84fa94-04c1-424b-9868-57a2d4851a1d" /><TestEntry testId="a0ea9164-a3f3-4d30-9197-a55556ec0d34" executionId="9ae7a009-5a2b-428a-bd9c-19e5f250030e" testListId="8c84fa94-04c1-424b-9868-57a2d4851a1d" /><TestEntry testId="57506ce3-b6b6-44c0-bfa7-ef1f69013c15" executionId="7c0cb195-8948-46a0-99fb-7ce95847a1ff" testListId="8c84fa94-04c1-424b-9868-57a2d4851a1d" /><TestEntry testId="088f70e4-828f-4844-80f7-8f1516638a90" executionId="17536015-e4eb-4e66-a15f-dac05a1f5091" testListId="8c84fa94-04c1-424b-9868-57a2d4851a1d" /><TestEntry testId="703fde59-c27c-47f8-a81d-727697b607b8" executionId="fe5aff48-7518-4f29-bf53-1a280667d96f" testListId="8c84fa94-04c1-424b-9868-57a2d4851a1d" /><TestEntry testId="066b4c0e-5d59-4314-84ef-2b78669476e8" executionId="8054aa66-02a4-4016-8a26-e0133188796f" testListId="8c84fa94-04c1-424b-9868-57a2d4851a1d" /><TestEntry testId="584f163d-ae82-4267-910b-524a26cf2746" executionId="b37b23d0-add2-42ec-b0fb-75713c3b73de" testListId="8c84fa94-04c1-424b-9868-57a2d4851a1d" /><TestEntry testId="5efcf2f9-af1d-4a9f-85a1-6261e2f0e9ca" executionId="bbec2bd3-a18f-49c2-81c8-3a94cf28d805" testListId="8c84fa94-04c1-424b-9868-57a2d4851a1d" /><TestEntry testId="7c8b134f-e0e6-48de-84bc-6771cba50f9b" executionId="3d1b7001-e3a6-48fc-bf79-607f211924b2" testListId="8c84fa94-04c1-424b-9868-57a2d4851a1d" /><TestEntry testId="162d2317-4e21-4ad8-bad8-826c728ae27c" executionId="09f06e3f-368d-4d84-a554-a74b23aead72" testListId="8c84fa94-04c1-424b-9868-57a2d4851a1d" /><TestEntry testId="4d352b69-a3af-461f-a7a3-32d293136456" executionId="60f46013-2eb2-447c-8ce3-812fec0bd725" testListId="8c84fa94-04c1-424b-9868-57a2d4851a1d" /><TestEntry testId="2229233f-184a-4552-b5d5-857fe2912f33" executionId="77b37868-bdeb-471a-9caf-5232aa2f3b2c" testListId="8c84fa94-04c1-424b-9868-57a2d4851a1d" /><TestEntry testId="65b5a037-e8a1-4b61-bbf8-260bb6e98c11" executionId="bf54a938-70b0-41e9-aa4a-720b1375943c" testListId="8c84fa94-04c1-424b-9868-57a2d4851a1d" /><TestEntry testId="9a47f1c2-52b3-4920-bf51-386b1f9f9ad9" executionId="57dc042e-2c82-47b6-8944-ca37688ab41e" testListId="8c84fa94-04c1-424b-9868-57a2d4851a1d" /><TestEntry testId="b892d6e6-55ad-4d98-aa49-0a8588d25449" executionId="37a27b92-71f4-4845-b284-0adc3d42a9bf" testListId="8c84fa94-04c1-424b-9868-57a2d4851a1d" /><TestEntry testId="7594db89-595f-45c0-9db8-b3c9f8350181" executionId="4927f464-76cf-4ac8-947f-4d538390dfcc" testListId="8c84fa94-04c1-424b-9868-57a2d4851a1d" /><TestEntry testId="0f6cd966-3fc6-4e1e-a833-0a9f6fb6fa76" executionId="b2e6a3a5-5ea4-443c-9a49-b37f17a093c3" testListId="8c84fa94-04c1-424b-9868-57a2d4851a1d" /><TestEntry testId="bb847ebb-1108-4edb-9e79-cfd176eaee6d" executionId="2ff294c6-d198-4b2c-8d32-726746dec991" testListId="8c84fa94-04c1-424b-9868-57a2d4851a1d" /><TestEntry testId="c0dc9930-e506-4bb9-a507-ba785fb72ee0" executionId="6d619e5c-03d0-4f1f-9f45-f1b4bdcc2fe2" testListId="8c84fa94-04c1-424b-9868-57a2d4851a1d" /><TestEntry testId="643c9aaf-cd2d-4493-a11c-495f0c8a52f5" executionId="9e218013-f77f-4749-8eda-d31ea4111b48" testListId="8c84fa94-04c1-424b-9868-57a2d4851a1d" /><TestEntry testId="e8c39f96-b1cc-429e-af85-8f91f3f94922" executionId="bffccdf2-ca27-4e97-86f2-01c32bf02f75" testListId="8c84fa94-04c1-424b-9868-57a2d4851a1d" /><TestEntry testId="cf4f054b-c6e4-4fac-b4d3-4e0b02a3ec3b" executionId="6a054298-2586-4c94-b11d-eb36bd525e70" testListId="8c84fa94-04c1-424b-9868-57a2d4851a1d" /><TestEntry testId="c0cb0309-8c5c-4530-9037-6cb9885bcf43" executionId="104d01c4-f4f7-4d67-93b9-3c62fd303a96" testListId="8c84fa94-04c1-424b-9868-57a2d4851a1d" /><TestEntry testId="ac083a3a-9294-404f-8352-79566f23c3e3" executionId="903e65c1-a277-4cd6-9a71-4de0e8655071" testListId="8c84fa94-04c1-424b-9868-57a2d4851a1d" /><TestEntry testId="17bfde3d-aab0-4e16-8778-3007e0c9b2a5" executionId="89e28ddb-67d4-4735-ab55-dcadd1927591" testListId="8c84fa94-04c1-424b-9868-57a2d4851a1d" /><TestEntry testId="d1fc86d3-1b0f-4d8e-b04b-fa4a6e9a2803" executionId="b9a12767-da99-4b7f-b02b-ec3ac26338dd" testListId="8c84fa94-04c1-424b-9868-57a2d4851a1d" /><TestEntry testId="c4c6101a-c2fc-4bdb-933d-a36ef42df815" executionId="86531a0f-9086-4d7d-afd7-6892a756c15b" testListId="8c84fa94-04c1-424b-9868-57a2d4851a1d" /><TestEntry testId="b3660568-4a92-4a39-bfc5-3fde4c44c307" executionId="b96c18f1-a027-4f14-b39f-1942f540613a" testListId="8c84fa94-04c1-424b-9868-57a2d4851a1d" /><TestEntry testId="11152813-688b-4afd-bc09-ec2420d74888" executionId="5d11a88f-e6e3-47af-82ea-d17beb2fc085" testListId="8c84fa94-04c1-424b-9868-57a2d4851a1d" /><TestEntry testId="5e6e2587-d2d9-4e20-8bdc-650afe15b8cf" executionId="870523c1-71fa-41cd-8cf0-8d753133fe4d" testListId="8c84fa94-04c1-424b-9868-57a2d4851a1d" /><TestEntry testId="06094e7b-9d2c-46eb-b661-edae48648689" executionId="3a5d856e-32d5-4cc1-874b-141bd9760f4b" testListId="8c84fa94-04c1-424b-9868-57a2d4851a1d" /><TestEntry testId="37b66960-4112-434f-acc7-65fb134c25e8" executionId="dd80c396-662f-4e7f-82fb-b34111bae8d7" testListId="8c84fa94-04c1-424b-9868-57a2d4851a1d" /><TestEntry testId="3daae409-ab62-4f38-9c71-c89e8f58df8a" executionId="d0adf4d7-ad4e-40ed-aea2-a2c436c34f27" testListId="8c84fa94-04c1-424b-9868-57a2d4851a1d" /><TestEntry testId="3e6a6863-61cd-4cc8-9f1c-6c6fd5c6544d" executionId="99748aa3-14f5-47d0-a98d-f1f33a509f39" testListId="8c84fa94-04c1-424b-9868-57a2d4851a1d" /><TestEntry testId="bddc3bb5-14e5-4372-b329-ee6e65040457" executionId="4e0b9a11-c6f8-41e2-970b-f8edf3e6cfad" testListId="8c84fa94-04c1-424b-9868-57a2d4851a1d" /><TestEntry testId="5bac88ef-fcf7-4703-9fe4-dbdd419c264b" executionId="0a9f24d3-0932-4822-ab56-366110fea9e2" testListId="8c84fa94-04c1-424b-9868-57a2d4851a1d" /><TestEntry testId="85563c5a-b6d6-4c6c-9228-b4e969089985" executionId="0ff47cb4-9f5c-4c1f-a27d-ddf37220137c" testListId="8c84fa94-04c1-424b-9868-57a2d4851a1d" /><TestEntry testId="3b5e2fc9-3982-498a-a481-7fc8535a987c" executionId="3a8da6e6-d8bc-4e65-ba43-329c45422641" testListId="8c84fa94-04c1-424b-9868-57a2d4851a1d" /><TestEntry testId="351de08d-bae1-4d94-8c8a-9132a502c1f6" executionId="a109f89c-06c9-498f-82fb-03cc9ae56c21" testListId="8c84fa94-04c1-424b-9868-57a2d4851a1d" /><TestEntry testId="5455821e-573a-444f-a67b-28eaede70586" executionId="3056d305-f6a8-48b6-a9f4-3349f53ae1c5" testListId="8c84fa94-04c1-424b-9868-57a2d4851a1d" /><TestEntry testId="8ca67b9a-cf8d-4bba-9485-5bf81a515c9a" executionId="a87635f4-c991-46cc-9ad3-16085c978506" testListId="8c84fa94-04c1-424b-9868-57a2d4851a1d" /><TestEntry testId="253d6a33-b1c6-4b54-a8ef-5cbe31a44844" executionId="aeb9b5fb-ae6f-4352-832e-110ed92c66d3" testListId="8c84fa94-04c1-424b-9868-57a2d4851a1d" /><TestEntry testId="6d95f517-1a85-463b-a34c-a341476e991e" executionId="891ea9f3-07b1-498a-9f7f-91dba06d9726" testListId="8c84fa94-04c1-424b-9868-57a2d4851a1d" /><TestEntry testId="48a75a84-97da-4cdb-9dc9-b6a003a1c255" executionId="6b273fc5-d632-4a05-b59d-97b021a18ecc" testListId="8c84fa94-04c1-424b-9868-57a2d4851a1d" /><TestEntry testId="8a1fbf68-973f-4338-aa79-c3ff4417099e" executionId="6ff5f7b9-7427-4afd-909b-06341c7051ff" testListId="8c84fa94-04c1-424b-9868-57a2d4851a1d" /><TestEntry testId="89c2bb8a-3f8b-40cb-a5e0-86a82cf61640" executionId="c1e644b8-9422-4116-aaa4-06d77623cbb9" testListId="8c84fa94-04c1-424b-9868-57a2d4851a1d" /><TestEntry testId="2c9cbfae-9948-4b79-ba3a-00976fa50111" executionId="187ab03c-037a-4237-82d4-a9a45530c680" testListId="8c84fa94-04c1-424b-9868-57a2d4851a1d" /><TestEntry testId="00d632ef-95a5-4da1-b345-d6b055e039ee" executionId="4d54d2ac-9ccd-4824-bc2a-c1e36c8c7b2c" testListId="8c84fa94-04c1-424b-9868-57a2d4851a1d" /><TestEntry testId="792ad89a-3d61-4510-88d0-f5cb160391df" executionId="10c464cd-b193-42de-8430-1b279de281e0" testListId="8c84fa94-04c1-424b-9868-57a2d4851a1d" /><TestEntry testId="ae5e322c-b66a-455d-922c-029c9fcd035a" executionId="0c6e6748-32cb-4468-8e18-ee7af74c09ef" testListId="8c84fa94-04c1-424b-9868-57a2d4851a1d" /><TestEntry testId="717002c9-23eb-4fbf-9be0-2913c104aef8" executionId="2877f0c2-73a4-406f-bfc8-ad9cbabf71d3" testListId="8c84fa94-04c1-424b-9868-57a2d4851a1d" /><TestEntry testId="5eb82770-2200-4c18-a977-700d4ccbcc7b" executionId="211ecb8b-f1e3-4347-bc27-e01e081f368f" testListId="8c84fa94-04c1-424b-9868-57a2d4851a1d" /><TestEntry testId="bd1217c6-d017-4526-8b02-998c198ccd5e" executionId="9f842743-44b4-42cd-8d30-5cdf84e46a2e" testListId="8c84fa94-04c1-424b-9868-57a2d4851a1d" /><TestEntry testId="46be68b2-c124-40ea-8f3f-7be441c31092" executionId="424419c4-155b-474c-8943-072c86e22c69" testListId="8c84fa94-04c1-424b-9868-57a2d4851a1d" /><TestEntry testId="8334f704-3f0d-427b-8871-dfc394a94d53" executionId="255c1726-a578-4ebd-b1c6-228457ecf2a9" testListId="8c84fa94-04c1-424b-9868-57a2d4851a1d" /><TestEntry testId="5356cc7b-7260-4ea2-adc9-42fca677f09d" executionId="ce718e14-c196-4235-a569-99c3e0789d2b" testListId="8c84fa94-04c1-424b-9868-57a2d4851a1d" /><TestEntry testId="299431d0-8059-4e63-bdcc-00310ff75260" executionId="c6c6f4f2-0dae-4f0b-aa77-41b38e58fa31" testListId="8c84fa94-04c1-424b-9868-57a2d4851a1d" /><TestEntry testId="6437a71f-8bb3-45b8-b224-67b8711d1fd5" executionId="b3a9c169-772f-4ee6-823c-be7d5fb70d3c" testListId="8c84fa94-04c1-424b-9868-57a2d4851a1d" /><TestEntry testId="ac52b544-bf37-4739-be80-53a979a5e983" executionId="c84e4dd5-b303-42c6-9b31-48b4402d9521" testListId="8c84fa94-04c1-424b-9868-57a2d4851a1d" /><TestEntry testId="92e83583-9e73-4965-ab61-bc4764ab3a77" executionId="8629d7e4-1d7e-4175-a591-f964126f6f8e" testListId="8c84fa94-04c1-424b-9868-57a2d4851a1d" /><TestEntry testId="edbb67d3-e978-4c97-a9b9-94eb5e06cbd2" executionId="bad8a11a-71c0-4838-a633-1495fe84eb68" testListId="8c84fa94-04c1-424b-9868-57a2d4851a1d" /><TestEntry testId="7e149670-7607-41cb-b283-a8dadc303bb5" executionId="a30842ce-7146-4225-b8c9-a85a503f49ac" testListId="8c84fa94-04c1-424b-9868-57a2d4851a1d" /><TestEntry testId="460344f7-c041-49b1-bb67-781c92efd4c2" executionId="b49d98a8-2eb4-4625-a59f-e4bbeeb1dba8" testListId="8c84fa94-04c1-424b-9868-57a2d4851a1d" /><TestEntry testId="54d7b7e9-6fbf-4e77-bab5-f85ed3d02174" executionId="b1ee488c-f757-4738-aefe-73338f08ba8e" testListId="8c84fa94-04c1-424b-9868-57a2d4851a1d" /><TestEntry testId="fd005957-bf8a-40ed-977d-2d9052cce7cf" executionId="8541b4fc-2de8-4934-9b41-0dc67c233ff6" testListId="8c84fa94-04c1-424b-9868-57a2d4851a1d" /><TestEntry testId="a3f251f9-6a29-42a1-957e-44f7ac674a9d" executionId="7f2c7446-2f1f-409b-8ded-f2b47c7b1533" testListId="8c84fa94-04c1-424b-9868-57a2d4851a1d" /><TestEntry testId="7363a5dd-531e-4d7e-aea5-1b710bbe1915" executionId="a109febf-62b2-4ccd-9fbe-9b5d9a5b3763" testListId="8c84fa94-04c1-424b-9868-57a2d4851a1d" /><TestEntry testId="8812eba7-8851-4eef-a545-943b8184612b" executionId="b4f98083-7569-41ad-b07a-2d98ca0c3647" testListId="8c84fa94-04c1-424b-9868-57a2d4851a1d" /><TestEntry testId="c7bdfe73-c8e6-4b5b-9303-aee09afa8234" executionId="5e20cf6f-8136-4ba5-88d0-72d2b2a98f41" testListId="8c84fa94-04c1-424b-9868-57a2d4851a1d" /><TestEntry testId="a6c47670-888e-4827-ae3e-3671c168cb1c" executionId="1c36b6f9-f409-4437-9f1f-bf803ee40a4b" testListId="8c84fa94-04c1-424b-9868-57a2d4851a1d" /><TestEntry testId="98bfa827-3086-40f5-83fd-f7e7b8e3106e" executionId="20c90e75-031b-4f3f-a6aa-6e047688ce75" testListId="8c84fa94-04c1-424b-9868-57a2d4851a1d" /><TestEntry testId="c02e9136-cd5e-4ef1-af42-c393e0228804" executionId="51aefd25-a584-4152-8d2b-539303fe6a08" testListId="8c84fa94-04c1-424b-9868-57a2d4851a1d" /><TestEntry testId="3b57f9f4-cefa-4b12-a745-ee918359d17b" executionId="cdf0bc05-5308-4903-8cb0-b7cb9e7e8a6a" testListId="8c84fa94-04c1-424b-9868-57a2d4851a1d" /><TestEntry testId="0d379d45-c9fd-4c66-bb67-2b3fb4c92209" executionId="cd0e6f0e-4628-4f87-9151-509d87dda2b6" testListId="8c84fa94-04c1-424b-9868-57a2d4851a1d" /><TestEntry testId="f8b8df1b-2249-4f99-a410-8b3423de31fe" executionId="b1a03213-dc26-4779-a18f-44eeeeec5919" testListId="8c84fa94-04c1-424b-9868-57a2d4851a1d" /><TestEntry testId="04b9a109-9604-4416-9803-b12ff129b946" executionId="76a359a8-e778-423c-aeab-823c3713d526" testListId="8c84fa94-04c1-424b-9868-57a2d4851a1d" /><TestEntry testId="dc179450-8771-4d4b-b74e-7f37694b556d" executionId="1c8f96b5-d2f6-4fbf-9392-0218ec3d7fe7" testListId="8c84fa94-04c1-424b-9868-57a2d4851a1d" /><TestEntry testId="fc90f8db-f07c-4e75-a06a-9eaea309789a" executionId="2ea6ed24-318f-462f-84ad-ea9aea7e971c" testListId="8c84fa94-04c1-424b-9868-57a2d4851a1d" /><TestEntry testId="dc8333a7-738d-4af4-a204-5f16626c89e2" executionId="2f7406ec-6b4a-428d-841e-89a41213a834" testListId="8c84fa94-04c1-424b-9868-57a2d4851a1d" /><TestEntry testId="f8a6193a-3c0c-4745-9843-483a29c1be22" executionId="0d0607e0-50ab-462e-bc5b-2dda803c3a4e" testListId="8c84fa94-04c1-424b-9868-57a2d4851a1d" /><TestEntry testId="0144940e-e80b-4872-acb6-24bedb34597d" executionId="1f959902-d496-4948-a9a6-38fc3f0b36ed" testListId="8c84fa94-04c1-424b-9868-57a2d4851a1d" /><TestEntry testId="4a5c9e97-2fd2-4cd0-abec-9ec0c5ed4f6a" executionId="8519debe-1aa2-4907-bc91-7f6b0989e8c3" testListId="8c84fa94-04c1-424b-9868-57a2d4851a1d" /><TestEntry testId="9e7d93d1-f895-41c9-9324-05be0e65a2bd" executionId="46bf32f6-04e2-4d76-8a8b-71b99eef4fa9" testListId="8c84fa94-04c1-424b-9868-57a2d4851a1d" /><TestEntry testId="6208c258-edf8-4c4a-b99a-f763bf49d0a6" executionId="b420a936-06c0-4f32-8e16-bdeef3a65773" testListId="8c84fa94-04c1-424b-9868-57a2d4851a1d" /><TestEntry testId="6579127d-4b42-4d63-a144-3e003bfa8a9e" executionId="5e8b49cc-0e0b-4d8d-b1af-81460f6e18e7" testListId="8c84fa94-04c1-424b-9868-57a2d4851a1d" /><TestEntry testId="b87ab210-f666-4afc-adeb-c260f8468edd" executionId="78863ed9-2db5-430d-9d80-26a884233325" testListId="8c84fa94-04c1-424b-9868-57a2d4851a1d" /><TestEntry testId="f90dfe14-c31c-4cec-99bd-c3f3d6be5c62" executionId="7236d295-e504-4a77-a67a-b01d69c800a9" testListId="8c84fa94-04c1-424b-9868-57a2d4851a1d" /><TestEntry testId="915a2ea6-5c46-431f-84ac-387cb8891460" executionId="31d97ff0-dbbb-4060-ac10-42fd7829f4ae" testListId="8c84fa94-04c1-424b-9868-57a2d4851a1d" /><TestEntry testId="f0562800-b914-42d7-b3c8-1aa9778b0468" executionId="e8bc1bbb-fa25-4d5f-99d1-70a31ae3d991" testListId="8c84fa94-04c1-424b-9868-57a2d4851a1d" /><TestEntry testId="774df1f6-fdfa-46aa-a6d8-ffd3f66e35a7" executionId="c0b11b76-e1b0-44f5-8618-2ed652120bca" testListId="8c84fa94-04c1-424b-9868-57a2d4851a1d" /><TestEntry testId="2a3de990-60d3-4c0b-9890-ce9369587a3e" executionId="4b773276-d1f5-4999-acb2-983d0cb5fd3e" testListId="8c84fa94-04c1-424b-9868-57a2d4851a1d" /><TestEntry testId="c11edbfa-62f4-4017-a76d-4b8168f34793" executionId="cdbbb66a-06e4-49fc-b0a3-b3dfe156dc4e" testListId="8c84fa94-04c1-424b-9868-57a2d4851a1d" /><TestEntry testId="f5b1c302-2fea-42ac-bb4f-a72e4521a247" executionId="54905579-b414-4ea7-9ebc-56bbc6c94648" testListId="8c84fa94-04c1-424b-9868-57a2d4851a1d" /><TestEntry testId="7d127f3e-5c85-4e81-8a9b-305797fae532" executionId="927188c6-7826-4a74-a9b8-b606a67630b3" testListId="8c84fa94-04c1-424b-9868-57a2d4851a1d" /><TestEntry testId="b94e5bda-0c10-456b-8881-a9038e7a6e1f" executionId="7259cfca-d610-4cbb-a1b0-59ad0997c62c" testListId="8c84fa94-04c1-424b-9868-57a2d4851a1d" /><TestEntry testId="0fe91298-c19a-4475-81ce-976537a0f787" executionId="c9c75cff-b788-40e8-a5d7-7b44e09bb61b" testListId="8c84fa94-04c1-424b-9868-57a2d4851a1d" /><TestEntry testId="20864b7f-0eea-4ce5-8ed3-a40e5c7d7fa3" executionId="730a3efd-a63f-4c76-b214-818ad45c1937" testListId="8c84fa94-04c1-424b-9868-57a2d4851a1d" /><TestEntry testId="c4b5554d-d1e7-4f51-89fb-636534e1b070" executionId="2f8490fd-d1c4-456b-94a9-a573907f61ec" testListId="8c84fa94-04c1-424b-9868-57a2d4851a1d" /><TestEntry testId="0aa99af5-1124-4905-9a50-f64c11c8c329" executionId="e3445522-a0c3-49b7-865d-46c55dbb2533" testListId="8c84fa94-04c1-424b-9868-57a2d4851a1d" /><TestEntry testId="36f752e6-1d09-4b4f-895f-2ad4bcb4f902" executionId="1199bb74-c712-4354-80f7-86a10422cb2b" testListId="8c84fa94-04c1-424b-9868-57a2d4851a1d" /><TestEntry testId="baaec214-f7c5-4295-b003-d8c2b6c857bf" executionId="32395f35-9014-4290-be58-aa679559ba7f" testListId="8c84fa94-04c1-424b-9868-57a2d4851a1d" /><TestEntry testId="7f6964cb-5940-4ba6-b5ed-9d9ee2c81b05" executionId="ef473ceb-9808-40f6-89c3-d6dc449a413c" testListId="8c84fa94-04c1-424b-9868-57a2d4851a1d" /><TestEntry testId="4e785cd8-96de-4a2c-89b9-18e6c736dca1" executionId="7d088ce3-e247-4c23-a254-bb88051ba1d6" testListId="8c84fa94-04c1-424b-9868-57a2d4851a1d" /><TestEntry testId="d22f3e47-a971-4d77-b699-d4132dd02a88" executionId="d04a22d5-c48e-441b-a568-84d134c8d927" testListId="8c84fa94-04c1-424b-9868-57a2d4851a1d" /><TestEntry testId="3d0d3e33-2342-48a8-81cc-6eddfcc01e23" executionId="87c5c8c5-b8c7-4f5e-a0fc-640c800dd628" testListId="8c84fa94-04c1-424b-9868-57a2d4851a1d" /><TestEntry testId="6a4ad305-a6a3-4c83-b8cd-328b65e280dd" executionId="90141c23-847c-4334-95fc-b791f7a50885" testListId="8c84fa94-04c1-424b-9868-57a2d4851a1d" /><TestEntry testId="48d29c5f-14ee-49ef-b3f0-f6d8fcf10614" executionId="b4e6bfd2-7897-4242-93a7-7b1d0a7fd14f" testListId="8c84fa94-04c1-424b-9868-57a2d4851a1d" /><TestEntry testId="a56bb305-5d1b-4f67-b4f2-31cefab2d19a" executionId="608b0f7d-6320-4406-9ac1-752c3c01691c" testListId="8c84fa94-04c1-424b-9868-57a2d4851a1d" /><TestEntry testId="32bfcba7-acc7-467d-93f8-8aecbe24738a" executionId="30367739-084b-4170-bbbb-a3de597bbc70" testListId="8c84fa94-04c1-424b-9868-57a2d4851a1d" /><TestEntry testId="718e3b6a-a6dc-4326-b668-8575e2dc62ab" executionId="182f3af0-cb87-4e53-8070-3c0a0ded212a" testListId="8c84fa94-04c1-424b-9868-57a2d4851a1d" /><TestEntry testId="832f2f95-394d-4b3d-a9c4-aa0e1e4f7b88" executionId="3d9e585b-d827-4565-aa71-78353464d29b" testListId="8c84fa94-04c1-424b-9868-57a2d4851a1d" /><TestEntry testId="cfe3fe22-db73-4806-88d6-1cc829db64be" executionId="8acd7778-e739-4674-9e8d-11940ad7b452" testListId="8c84fa94-04c1-424b-9868-57a2d4851a1d" /><TestEntry testId="dce5cbbe-fd9e-4bd1-abb7-17538adbbf72" executionId="bcb50c11-e2c5-4ea9-b76d-cb2b1feec565" testListId="8c84fa94-04c1-424b-9868-57a2d4851a1d" /><TestEntry testId="de6830a3-7923-4acb-bf4a-9125f251a388" executionId="3eff2ada-3e63-4643-83a3-502b6865eaa0" testListId="8c84fa94-04c1-424b-9868-57a2d4851a1d" /><TestEntry testId="1533d1c2-6a77-48f8-8a24-de1fe9130900" executionId="30208bbf-d333-4ed8-a5b8-5eed43e812b3" testListId="8c84fa94-04c1-424b-9868-57a2d4851a1d" /><TestEntry testId="b0c6b360-79a3-4b07-a8d5-7119e1150c8c" executionId="a189598b-9fcc-4b0b-8759-869160aad1f3" testListId="8c84fa94-04c1-424b-9868-57a2d4851a1d" /><TestEntry testId="bb1bf432-910a-4205-b0cd-2f5a1ed6b45b" executionId="21ebfdff-c1b9-4c33-95fc-178c91f97fca" testListId="8c84fa94-04c1-424b-9868-57a2d4851a1d" /><TestEntry testId="96cbef56-4f65-4828-b44f-75d712fa3ecd" executionId="a17b3e85-71f7-4e15-a00e-0786e2b5789d" testListId="8c84fa94-04c1-424b-9868-57a2d4851a1d" /><TestEntry testId="8208bb07-e77f-41e7-a93e-f600421fa58b" executionId="51b5525c-f18f-45e0-933b-b011f7e1dd0f" testListId="8c84fa94-04c1-424b-9868-57a2d4851a1d" /><TestEntry testId="e87a8bf2-183b-4878-91ea-4bdcbda4fe97" executionId="bd2a6f0b-d958-463a-ad0d-edf8b9ceea75" testListId="8c84fa94-04c1-424b-9868-57a2d4851a1d" /><TestEntry testId="81103788-68a7-439a-b970-54b2c7cfe52f" executionId="6162c734-8d96-45aa-9918-a8ad0cb6eff1" testListId="8c84fa94-04c1-424b-9868-57a2d4851a1d" /><TestEntry testId="aa88e6b6-686e-446c-998b-c019cc219fe9" executionId="ab969619-b8cc-4823-93e9-7bd83f6ded07" testListId="8c84fa94-04c1-424b-9868-57a2d4851a1d" /><TestEntry testId="b06455a3-5795-4186-8bc6-8aab96b779de" executionId="ac46c790-0d0f-4afc-9d42-879da1d14107" testListId="8c84fa94-04c1-424b-9868-57a2d4851a1d" /><TestEntry testId="c85e94e0-a23e-40ed-9fd3-5450335f7bfb" executionId="b6babc4f-3a53-437e-a9dc-7b3716d98d39" testListId="8c84fa94-04c1-424b-9868-57a2d4851a1d" /><TestEntry testId="b68829fa-25d6-4d2e-a5bf-77b0bb1b2bd6" executionId="9736597c-962c-4d4e-8949-da85b7c94654" testListId="8c84fa94-04c1-424b-9868-57a2d4851a1d" /><TestEntry testId="969e249f-b54d-4a6b-b7fe-ad014890a2c3" executionId="aad27a7b-307a-4c65-95a4-7760ed3b713a" testListId="8c84fa94-04c1-424b-9868-57a2d4851a1d" /><TestEntry testId="b00f5608-e54b-4d55-abb7-c0c49f05b3ae" executionId="0025a021-8588-436a-baf5-a8b535008776" testListId="8c84fa94-04c1-424b-9868-57a2d4851a1d" /><TestEntry testId="f966c7eb-210e-4513-9c0d-d6b68534afcb" executionId="5be4574d-1f8e-40df-80d7-79cbdecbe351" testListId="8c84fa94-04c1-424b-9868-57a2d4851a1d" /><TestEntry testId="77117caa-91ed-4640-ad97-1ff0e276c59b" executionId="eed9a27d-f63f-4690-91ce-b5464154416d" testListId="8c84fa94-04c1-424b-9868-57a2d4851a1d" /><TestEntry testId="9246a823-ff85-47f9-aa2f-0d66ba480ac7" executionId="66cd21fd-97f5-4b26-b8f5-40f3bc77969b" testListId="8c84fa94-04c1-424b-9868-57a2d4851a1d" /><TestEntry testId="0577a302-9349-440d-9ff4-b28380aa5c89" executionId="c0f0333a-f635-4bea-b884-1d49be06081b" testListId="8c84fa94-04c1-424b-9868-57a2d4851a1d" /><TestEntry testId="02906d83-d730-4a75-b133-02753e36db23" executionId="7db3b652-fbe4-4b6f-99c4-010709a9593d" testListId="8c84fa94-04c1-424b-9868-57a2d4851a1d" /><TestEntry testId="f10f067f-453c-4271-9763-1d5750aebc3d" executionId="91717709-15a5-443a-a4e1-f0323878dd42" testListId="8c84fa94-04c1-424b-9868-57a2d4851a1d" /><TestEntry testId="0647ace1-3019-4952-b56a-c1ba8b803990" executionId="3a113977-5e0d-4eb2-a355-9177cbfe7a90" testListId="8c84fa94-04c1-424b-9868-57a2d4851a1d" /><TestEntry testId="1c4b0773-bd8c-4a9d-926e-5ece2b0052bf" executionId="81e25ef6-3951-46b8-8981-2d36fc0c09af" testListId="8c84fa94-04c1-424b-9868-57a2d4851a1d" /><TestEntry testId="744760ee-ad4a-42e0-ba8a-b86989e5567a" executionId="6cb70bb1-ad93-4e7f-b094-2961fb1fe300" testListId="8c84fa94-04c1-424b-9868-57a2d4851a1d" /><TestEntry testId="7f058b37-0378-46b4-96ef-b0f69b9d1065" executionId="446dae3f-9416-47fe-abf7-11484b8a06d3" testListId="8c84fa94-04c1-424b-9868-57a2d4851a1d" /><TestEntry testId="20ee215a-11bb-4e3c-b428-624aa5fe78e3" executionId="339fefdc-c0fb-4c58-992b-60523aee0b66" testListId="8c84fa94-04c1-424b-9868-57a2d4851a1d" /><TestEntry testId="f549b162-7ab0-4599-b6f7-050d9b6d4e75" executionId="66b652df-1504-450b-9541-e72ff108677e" testListId="8c84fa94-04c1-424b-9868-57a2d4851a1d" /><TestEntry testId="c5d118bb-7573-45a9-8e74-c8d02692fd83" executionId="f2016cc8-4ab8-4536-b63b-7354a6f2f349" testListId="8c84fa94-04c1-424b-9868-57a2d4851a1d" /><TestEntry testId="0179c90b-deae-4d55-92a4-3ccbb58a33d7" executionId="00fc5c8f-df3c-4350-9e22-2d7786a3dcd7" testListId="8c84fa94-04c1-424b-9868-57a2d4851a1d" /><TestEntry testId="cf8bbdbf-f564-4e9d-84e1-7b0fa8051211" executionId="335ef280-bcfd-4b06-aa4d-6c7693f8e05f" testListId="8c84fa94-04c1-424b-9868-57a2d4851a1d" /><TestEntry testId="bc59bf58-bc9f-4675-80ad-fe82be6dad0a" executionId="0944d978-2c7d-44f5-9c66-58671fc71f20" testListId="8c84fa94-04c1-424b-9868-57a2d4851a1d" /><TestEntry testId="64b851bc-3670-4670-9f4a-816b1d0a9826" executionId="44bb9d17-824c-468b-a954-a330a73eed58" testListId="8c84fa94-04c1-424b-9868-57a2d4851a1d" /><TestEntry testId="48fe8a31-67b6-4f60-99a1-bcfca0a9e475" executionId="2b1355f5-4871-452f-a448-bed12b746bb3" testListId="8c84fa94-04c1-424b-9868-57a2d4851a1d" /><TestEntry testId="67111b74-b700-4096-94bf-9b3fbd901730" executionId="13cf7560-9a23-49c8-9c1f-d890ffa9cd3a" testListId="8c84fa94-04c1-424b-9868-57a2d4851a1d" /><TestEntry testId="daa296bb-4f9b-4998-a6b5-8474a4328f37" executionId="a6fd111d-a1e9-4d43-8bfc-c0ed31fa0c6f" testListId="8c84fa94-04c1-424b-9868-57a2d4851a1d" /><TestEntry testId="bce7ed24-0941-4f11-9732-2d726a37cce0" executionId="6ad9c976-da0a-4c98-9b64-a09f13b57057" testListId="8c84fa94-04c1-424b-9868-57a2d4851a1d" /><TestEntry testId="259acef0-9abf-43e6-bfd1-e82b82701cd3" executionId="a8943f6e-c324-426b-aebf-57af977c96e7" testListId="8c84fa94-04c1-424b-9868-57a2d4851a1d" /><TestEntry testId="e9cf4c27-dd8f-4042-8e0a-afe8fe92ecb2" executionId="e232504b-abaa-4d97-833b-b6440e6aa594" testListId="8c84fa94-04c1-424b-9868-57a2d4851a1d" /><TestEntry testId="f3d200e2-b398-47ba-8801-7b5c06131eb6" executionId="0cce4aba-6bc6-444d-acd2-bc47b628c496" testListId="8c84fa94-04c1-424b-9868-57a2d4851a1d" /><TestEntry testId="ebafb1b2-c109-4694-a803-5a957c6a60ea" executionId="93e781f6-7594-41e9-82cb-50308ffe584e" testListId="8c84fa94-04c1-424b-9868-57a2d4851a1d" /><TestEntry testId="043b91c8-0be2-456e-8cbd-476cb73743cb" executionId="80a97d7e-1bda-4ae1-b809-71ab79dde385" testListId="8c84fa94-04c1-424b-9868-57a2d4851a1d" /><TestEntry testId="18b5f2f2-b82a-44c7-a92c-f248d5860779" executionId="6107d182-c8bc-457e-a9bc-1cc16717dfef" testListId="8c84fa94-04c1-424b-9868-57a2d4851a1d" /><TestEntry testId="33074d8f-6811-440a-b659-27df0a536b22" executionId="f95e9b33-34f3-4070-9323-eb0e6f0ec3c6" testListId="8c84fa94-04c1-424b-9868-57a2d4851a1d" /><TestEntry testId="3c1159e6-bf0d-4cf7-b9d8-0d823ee42ccd" executionId="2f210dc5-9426-42bd-b4a4-35b66f17757e" testListId="8c84fa94-04c1-424b-9868-57a2d4851a1d" /><TestEntry testId="9ad53bcc-ad51-473b-b78b-fd094a3b7e86" executionId="283677ab-ae09-4cd7-92dc-38ae16815b2b" testListId="8c84fa94-04c1-424b-9868-57a2d4851a1d" /><TestEntry testId="632f77b9-c503-4449-a233-0c498a6f1c29" executionId="1ceaa991-d6a0-4aa5-9d51-758cb2998e34" testListId="8c84fa94-04c1-424b-9868-57a2d4851a1d" /><TestEntry testId="a27b2cfb-c1b4-44ac-be03-267a17315a19" executionId="215254d7-c1d2-4289-9adf-c7d606175459" testListId="8c84fa94-04c1-424b-9868-57a2d4851a1d" /><TestEntry testId="4bf1d349-d1ad-450a-abf4-40916fab169e" executionId="a07203ef-52bf-483b-b038-e306b95e8d35" testListId="8c84fa94-04c1-424b-9868-57a2d4851a1d" /><TestEntry testId="81e5653a-fb1f-4641-ab4b-799220335657" executionId="4a3a422f-1489-43f2-a536-13267e827baf" testListId="8c84fa94-04c1-424b-9868-57a2d4851a1d" /><TestEntry testId="c873e85a-9fc0-40a0-b053-7b5d576c1e72" executionId="26945d1e-d4ab-4dd5-842d-74556410a434" testListId="8c84fa94-04c1-424b-9868-57a2d4851a1d" /><TestEntry testId="3df7f8fd-a063-44b2-8316-99b8effd6f86" executionId="0f782c1f-3abd-47ec-be39-841a29bd227b" testListId="8c84fa94-04c1-424b-9868-57a2d4851a1d" /><TestEntry testId="c007c490-9319-45f1-90c4-3fba3cca6b30" executionId="3838a889-6e13-44c7-a0af-12572c045404" testListId="8c84fa94-04c1-424b-9868-57a2d4851a1d" /><TestEntry testId="898afd58-9a5e-4028-94d1-0873743a7c4b" executionId="9752efcf-317b-4942-8967-8165cbcd0cd8" testListId="8c84fa94-04c1-424b-9868-57a2d4851a1d" /><TestEntry testId="67d38c1b-4f1b-47e4-a7d2-6d03e4e9fd35" executionId="0cf72dd0-ef38-4e1b-af58-0692cc050c37" testListId="8c84fa94-04c1-424b-9868-57a2d4851a1d" /><TestEntry testId="99f43d5f-d9d1-470b-9bed-c8b1dabc8386" executionId="2589c13f-df6c-4da3-8cf4-d9b45b0ab64a" testListId="8c84fa94-04c1-424b-9868-57a2d4851a1d" /><TestEntry testId="b483e221-2273-43d9-8e48-88bba829ee37" executionId="79c1085e-85e1-4ba5-b1c3-d4ed564bd95c" testListId="8c84fa94-04c1-424b-9868-57a2d4851a1d" /><TestEntry testId="423bd274-9189-4f9b-8089-36cacfc9eeb3" executionId="bec971d3-890d-4350-91d5-d6faf1016c8e" testListId="8c84fa94-04c1-424b-9868-57a2d4851a1d" /><TestEntry testId="f791f8c2-0d68-4cdf-9c7c-849e16491b71" executionId="adfe1da5-d7ac-4975-8926-2b13a12cd108" testListId="8c84fa94-04c1-424b-9868-57a2d4851a1d" /><TestEntry testId="4eff2e16-b6ec-46fc-a29b-6635c00fbb4d" executionId="9a0edab1-c071-4502-a4c5-34047bf93a28" testListId="8c84fa94-04c1-424b-9868-57a2d4851a1d" /><TestEntry testId="0209b83b-f3bf-426e-8da8-09c480746b7e" executionId="8145ec9b-4ef7-4ae5-9202-a587c58bf444" testListId="8c84fa94-04c1-424b-9868-57a2d4851a1d" /><TestEntry testId="47cf8acc-58b4-4048-a82c-ce6cc3b8834c" executionId="a4b24322-d45b-49e1-8de5-1afbd45c1c61" testListId="8c84fa94-04c1-424b-9868-57a2d4851a1d" /><TestEntry testId="eb29a708-b52f-43f9-8537-d65cb3d496bb" executionId="b27bce63-015f-4bc9-98d7-a7a8088ebaec" testListId="8c84fa94-04c1-424b-9868-57a2d4851a1d" /><TestEntry testId="19d6d8be-067a-4446-a035-48710b2b641c" executionId="0af6bf74-2cc2-4871-989c-00891d734f34" testListId="8c84fa94-04c1-424b-9868-57a2d4851a1d" /><TestEntry testId="bbde9f79-28cb-4d98-9f35-e25b88fae06c" executionId="0852a1bf-cc86-4cab-8330-aa929a299711" testListId="8c84fa94-04c1-424b-9868-57a2d4851a1d" /><TestEntry testId="be0f09f4-3d2c-46ac-ae64-61e3af88a1c8" executionId="78043f0e-3319-44b9-a2b9-afbf3db40ef4" testListId="8c84fa94-04c1-424b-9868-57a2d4851a1d" /><TestEntry testId="94b6a888-9fea-4535-957a-4aa03e65dcd6" executionId="96caed4e-a7ed-41d6-ac85-1037c7aafc73" testListId="8c84fa94-04c1-424b-9868-57a2d4851a1d" /><TestEntry testId="3e8ee21c-1996-420d-8085-82e5b0e2d971" executionId="4d467c07-d26e-4d67-818b-f33699ec376d" testListId="8c84fa94-04c1-424b-9868-57a2d4851a1d" /><TestEntry testId="5faaef72-4dbd-4031-bf16-dd8265e7e774" executionId="ae478bbb-7f7d-49d1-a678-ca47a26af0e7" testListId="8c84fa94-04c1-424b-9868-57a2d4851a1d" /><TestEntry testId="969346da-6f46-4769-9720-a02d523b1922" executionId="b9998dd2-e79c-4124-841e-727b51fc7756" testListId="8c84fa94-04c1-424b-9868-57a2d4851a1d" /><TestEntry testId="e45f6a79-ef99-4f36-855d-00147cc2b097" executionId="3612d25b-a856-4ac4-88dd-13973448632a" testListId="8c84fa94-04c1-424b-9868-57a2d4851a1d" /><TestEntry testId="c06a3273-2738-434d-8787-5d199a91da6d" executionId="c2871cac-8533-4bd2-81bf-0bdab239679b" testListId="8c84fa94-04c1-424b-9868-57a2d4851a1d" /><TestEntry testId="e1c6943f-ce49-4008-aef0-d66513f5d219" executionId="527aad0a-94d5-44e3-b424-9938b8ca4d66" testListId="8c84fa94-04c1-424b-9868-57a2d4851a1d" /><TestEntry testId="f7581a32-3b6b-4f35-94ab-f1f69538f201" executionId="c700086e-54ff-4c24-a1a9-ff1b91849a17" testListId="8c84fa94-04c1-424b-9868-57a2d4851a1d" /><TestEntry testId="c53e59e0-b17b-4f5c-86d6-8dc69fb68c53" executionId="24ef6279-1bb0-4aae-8ad7-4a683231b8d0" testListId="8c84fa94-04c1-424b-9868-57a2d4851a1d" /><TestEntry testId="b3d482d4-9775-4fc0-ad99-fce823b775a3" executionId="3baa85c4-3ef6-488c-97f9-ae54bd5c2dc9" testListId="8c84fa94-04c1-424b-9868-57a2d4851a1d" /><TestEntry testId="8282ae4f-144a-4b4d-9148-1475ad855536" executionId="09581cdb-5f03-45f6-ab4a-a6674c6087fc" testListId="8c84fa94-04c1-424b-9868-57a2d4851a1d" /><TestEntry testId="92cb91a1-9054-46ba-b90b-c7bb22e2dd1d" executionId="9b042264-be8e-4575-ad15-28949603c760" testListId="8c84fa94-04c1-424b-9868-57a2d4851a1d" /><TestEntry testId="237393cb-8233-4018-be12-1b82874db1a7" executionId="d5993e88-74aa-4024-8825-1e7394a7f77d" testListId="8c84fa94-04c1-424b-9868-57a2d4851a1d" /><TestEntry testId="fb538173-6266-4291-b44a-7c4d502bf3ea" executionId="697c7bf4-2f55-453c-883e-72730b8fcd4c" testListId="8c84fa94-04c1-424b-9868-57a2d4851a1d" /><TestEntry testId="6a0a2638-bfc0-4b49-874a-cad24fb73595" executionId="c0cd59a1-9436-498e-bf4a-e0bd34d4fb1d" testListId="8c84fa94-04c1-424b-9868-57a2d4851a1d" /><TestEntry testId="03af98b6-5fcb-46a4-9fe2-78cd7cae2d1a" executionId="b5784c71-9834-4b9a-83b5-9547989f1499" testListId="8c84fa94-04c1-424b-9868-57a2d4851a1d" /><TestEntry testId="26aa54a2-f7c1-4bb8-bb62-842668e9251f" executionId="f558509a-bde6-4b6d-8f08-01a906f1819a" testListId="8c84fa94-04c1-424b-9868-57a2d4851a1d" /><TestEntry testId="2f683b34-ab41-48ad-a96f-8adab0ef253c" executionId="18f86e41-d90f-4060-b616-f2dc8dad8119" testListId="8c84fa94-04c1-424b-9868-57a2d4851a1d" /><TestEntry testId="8eca52c9-5269-48c8-93a9-fa01f9d39586" executionId="5d7dacf0-b621-4050-a78c-b44d3e0abc3a" testListId="8c84fa94-04c1-424b-9868-57a2d4851a1d" /><TestEntry testId="3b8a5f81-8571-405a-99ce-163f86a21022" executionId="3515295e-541e-4aa4-a169-bcfb564d7a8d" testListId="8c84fa94-04c1-424b-9868-57a2d4851a1d" /><TestEntry testId="6a00d1cd-2537-4591-bcb2-de2b5d17ee44" executionId="529716a2-038a-4a0b-a225-5a0929fb3b16" testListId="8c84fa94-04c1-424b-9868-57a2d4851a1d" /><TestEntry testId="319c7059-e890-4ff4-b09e-0824f2279312" executionId="8e118d8e-0ea0-4d5f-b1eb-d12f122fa9b9" testListId="8c84fa94-04c1-424b-9868-57a2d4851a1d" /><TestEntry testId="6098cb7a-6f7d-4a3a-a6f3-da8266fb856e" executionId="0b1428bc-de23-4dfe-9fdf-3efd5e91a55b" testListId="8c84fa94-04c1-424b-9868-57a2d4851a1d" /><TestEntry testId="fd537504-4898-4c06-81d3-658d4b8ceae1" executionId="8aa751fe-977b-4688-9e8d-63803dfa8a97" testListId="8c84fa94-04c1-424b-9868-57a2d4851a1d" /><TestEntry testId="2564d8e2-047d-449c-bd00-e4bb5fdbe852" executionId="a5ca3154-2193-4702-8020-5432d971dd6a" testListId="8c84fa94-04c1-424b-9868-57a2d4851a1d" /><TestEntry testId="882ca267-7214-49d7-abaf-82480e40ab17" executionId="80a1b5fb-e855-4435-9c03-09c30c85bcac" testListId="8c84fa94-04c1-424b-9868-57a2d4851a1d" /><TestEntry testId="daf671d7-4507-47d2-b4bd-659845051ecf" executionId="0988a406-4ff1-4bfe-8e58-beb1ee1a7155" testListId="8c84fa94-04c1-424b-9868-57a2d4851a1d" /><TestEntry testId="e7921b97-26a8-46c1-83f3-c4c30f781189" executionId="b4f0eb3c-5633-403c-a120-aff7c627947c" testListId="8c84fa94-04c1-424b-9868-57a2d4851a1d" /><TestEntry testId="beeb4ca3-2ea4-46f3-a1d1-a68d4878382e" executionId="5149d2fa-099e-493f-b7e3-5b24db824610" testListId="8c84fa94-04c1-424b-9868-57a2d4851a1d" /><TestEntry testId="45785542-928f-4a58-8b73-336e0890ff0e" executionId="08374b97-a699-4e9e-ad56-1e2bffcb7415" testListId="8c84fa94-04c1-424b-9868-57a2d4851a1d" /><TestEntry testId="583a4fd1-3940-420c-b9ea-e5ea18b0f09e" executionId="d44e2a6b-5b10-42e9-a2b6-c8e8e27e47fb" testListId="8c84fa94-04c1-424b-9868-57a2d4851a1d" /><TestEntry testId="793a7aab-d57b-4723-88f9-7f262728d6d7" executionId="dd77d53f-be5e-4722-a14c-5f2c6f393067" testListId="8c84fa94-04c1-424b-9868-57a2d4851a1d" /><TestEntry testId="d466dc6e-ec56-46c9-9f70-1f87fa693d7a" executionId="19793e87-b20d-4d7d-90f4-5e850f2fbc7c" testListId="8c84fa94-04c1-424b-9868-57a2d4851a1d" /><TestEntry testId="27945476-73b1-4441-934e-44d1412b098c" executionId="ec66b713-ab36-468d-a2a6-ea414d03c1d6" testListId="8c84fa94-04c1-424b-9868-57a2d4851a1d" /><TestEntry testId="8665fd9d-98e0-475d-9610-30f04e21964f" executionId="5eec5639-a747-4a59-87cd-919795b8108a" testListId="8c84fa94-04c1-424b-9868-57a2d4851a1d" /><TestEntry testId="67520275-7e67-4686-b6ca-805529b0c09e" executionId="01fadf23-a9db-4c3e-96d6-c9a114b46f02" testListId="8c84fa94-04c1-424b-9868-57a2d4851a1d" /><TestEntry testId="e9761288-8566-4a06-9ff9-0c5b277ee91d" executionId="45b6125c-08c4-45f5-b8e1-f9077a131cfe" testListId="8c84fa94-04c1-424b-9868-57a2d4851a1d" /><TestEntry testId="84c95d67-3d32-4335-a7d6-6ec106c3e81f" executionId="63b73b3e-a2ef-486d-b1ce-b05b4ebeb9a5" testListId="8c84fa94-04c1-424b-9868-57a2d4851a1d" /><TestEntry testId="7b9ea203-0967-4ded-8b6a-8cb3b34bb243" executionId="47e16c2a-d599-49c4-9e91-824b59e70141" testListId="8c84fa94-04c1-424b-9868-57a2d4851a1d" /><TestEntry testId="47031f86-9461-4aae-8c98-dbf4d2d05796" executionId="9795597b-60d5-4d54-9487-7b8a9acd44f8" testListId="8c84fa94-04c1-424b-9868-57a2d4851a1d" /><TestEntry testId="4afa4ec3-8ba1-4673-96a0-a9930a0f6fec" executionId="60b86712-73eb-480b-8aa4-89ca3d3b1e7b" testListId="8c84fa94-04c1-424b-9868-57a2d4851a1d" /><TestEntry testId="4eb91894-e4c0-4fb7-90db-f7ac98b2cfdd" executionId="b9cf13a1-6963-462e-abe2-03d3d0052793" testListId="8c84fa94-04c1-424b-9868-57a2d4851a1d" /><TestEntry testId="71705f05-29ea-4f22-95a7-d6943570299d" executionId="c4cdc170-739c-4f3d-bc6e-94bcdfb7ceb5" testListId="8c84fa94-04c1-424b-9868-57a2d4851a1d" /><TestEntry testId="96f80c90-045e-4411-9362-f8c2fc1f52d4" executionId="c05b11cb-0805-4cd0-bf8d-6166ebfa0b24" testListId="8c84fa94-04c1-424b-9868-57a2d4851a1d" /><TestEntry testId="c320c10c-9cd9-4ff6-a7ba-7a392983aa44" executionId="362a7b85-c368-4318-9904-e6f29919e86e" testListId="8c84fa94-04c1-424b-9868-57a2d4851a1d" /><TestEntry testId="c8ddee1d-6fef-4e19-b086-80f1c07f00be" executionId="de2ee36d-0b07-4c48-aed1-7ae7934eb0d4" testListId="8c84fa94-04c1-424b-9868-57a2d4851a1d" /><TestEntry testId="e041ff70-3c0f-4b05-b5f4-bde94944abe1" executionId="9dd9fb5e-d254-4b31-a646-d90b30c71e53" testListId="8c84fa94-04c1-424b-9868-57a2d4851a1d" /><TestEntry testId="7e39969b-ab0b-45d9-a9dd-1a9688979ed9" executionId="d0b3b2cb-e006-4fdf-b520-ae99ebbbaa25" testListId="8c84fa94-04c1-424b-9868-57a2d4851a1d" /><TestEntry testId="5db182fb-9327-456d-bffa-045c77365aa8" executionId="c1fa17bf-9fb4-4cdc-ba0e-ced43aa3ff0d" testListId="8c84fa94-04c1-424b-9868-57a2d4851a1d" /><TestEntry testId="fc03e8d5-a11e-4c7f-9ab3-4ca3384bb283" executionId="855feb9b-89dc-447c-8357-fb6a84f89ad8" testListId="8c84fa94-04c1-424b-9868-57a2d4851a1d" /><TestEntry testId="1e3648bb-9f0e-438b-83aa-589b1069ee21" executionId="261b2588-a1ed-441b-95ad-abb368f273f4" testListId="8c84fa94-04c1-424b-9868-57a2d4851a1d" /><TestEntry testId="9009e99f-fbaa-4f1f-9e0a-d2cce4f26c7d" executionId="e648efb9-d474-4912-b2e5-2bb3e1d162b3" testListId="8c84fa94-04c1-424b-9868-57a2d4851a1d" /><TestEntry testId="60229a60-333e-45f6-9dfc-5016e3b4bd92" executionId="797ca440-6d1c-4c44-b65e-caf7f8c30d3e" testListId="8c84fa94-04c1-424b-9868-57a2d4851a1d" /><TestEntry testId="aea4bbf9-db6e-47ee-af0e-94939a950a5f" executionId="c68369ae-ae7f-4624-a269-f3a0dc55d80e" testListId="8c84fa94-04c1-424b-9868-57a2d4851a1d" /><TestEntry testId="9d3167b5-d8ef-4f72-b7b8-660b6ca7452b" executionId="a839692a-9eb8-4b56-805e-9274cc1b8048" testListId="8c84fa94-04c1-424b-9868-57a2d4851a1d" /><TestEntry testId="9d316eb6-a292-4e50-ad5e-72c19ed771a7" executionId="7581568c-3c61-4078-9d61-052388f41ddd" testListId="8c84fa94-04c1-424b-9868-57a2d4851a1d" /><TestEntry testId="1e1a2c28-23cf-4a78-a150-311dfddedaa2" executionId="c2d2c378-961f-403c-a3ae-ace8ce0895c2" testListId="8c84fa94-04c1-424b-9868-57a2d4851a1d" /><TestEntry testId="479e9298-7344-49e2-bc14-134bd4739528" executionId="34dfb2c0-1bc4-4375-907e-fa7c4b2796de" testListId="8c84fa94-04c1-424b-9868-57a2d4851a1d" /><TestEntry testId="12d7cd34-4d1c-4008-93d2-a0badda4dd13" executionId="8c59cc43-46a9-43e4-a4ba-c09744558416" testListId="8c84fa94-04c1-424b-9868-57a2d4851a1d" /><TestEntry testId="71311e95-3d1d-4594-b304-6da882cfd9e9" executionId="744fb518-218e-4e30-a733-863a21ff7680" testListId="8c84fa94-04c1-424b-9868-57a2d4851a1d" /><TestEntry testId="79bb7737-f27c-48ab-adb4-252705455d3a" executionId="d97bdf1c-a754-4b28-950e-f22768e07bbe" testListId="8c84fa94-04c1-424b-9868-57a2d4851a1d" /><TestEntry testId="886cf068-1f7b-4284-bf76-773fee60a7e7" executionId="1c27333d-0398-4d44-8b54-bf9ba50cc431" testListId="8c84fa94-04c1-424b-9868-57a2d4851a1d" /><TestEntry testId="89db09a5-4684-43f9-bce9-de4276d899ba" executionId="7ff80d10-a0a7-42fc-8182-4dcec826dc5d" testListId="8c84fa94-04c1-424b-9868-57a2d4851a1d" /><TestEntry testId="0733c13f-184d-4284-9220-251da5d2dc2e" executionId="7f74d1cf-7de2-47d7-b21a-e48d30396066" testListId="8c84fa94-04c1-424b-9868-57a2d4851a1d" /><TestEntry testId="67e3d299-d4be-4b0e-bbe2-692f30c66b1d" executionId="a1f2b2f6-e874-46f6-9d3a-e8d12a7bd65b" testListId="8c84fa94-04c1-424b-9868-57a2d4851a1d" /><TestEntry testId="17bc68a5-d29c-44de-8df5-85e3ad1078da" executionId="da962da4-c86b-42cb-a3fc-6c9908164e9e" testListId="8c84fa94-04c1-424b-9868-57a2d4851a1d" /><TestEntry testId="19005659-9fe0-41b7-ad5e-e5bc0acca030" executionId="6b346964-f899-4875-babc-ad1f58eb30ee" testListId="8c84fa94-04c1-424b-9868-57a2d4851a1d" /><TestEntry testId="6251b89a-c733-4a21-b692-5f9e4dc4872d" executionId="a68b2665-3527-46fb-a172-e06d2d299b4d" testListId="8c84fa94-04c1-424b-9868-57a2d4851a1d" /><TestEntry testId="8dbae536-9599-4817-bb9a-06216b1b791a" executionId="fbb040e8-126c-464e-be99-2dadeb99b33b" testListId="8c84fa94-04c1-424b-9868-57a2d4851a1d" /><TestEntry testId="a4a264bc-21dc-4519-897d-5fa374abad2c" executionId="74eae75f-5062-4da1-a70b-2b0a5eb72dd7" testListId="8c84fa94-04c1-424b-9868-57a2d4851a1d" /><TestEntry testId="5de9200f-22a0-4098-af8d-a9a0678a8c2f" executionId="560ede1f-1811-4aca-abd9-15e3479d83e1" testListId="8c84fa94-04c1-424b-9868-57a2d4851a1d" /><TestEntry testId="4181b70e-578f-40bf-8919-de289b0fa026" executionId="81f9fda7-5885-429a-af32-215069e630e2" testListId="8c84fa94-04c1-424b-9868-57a2d4851a1d" /><TestEntry testId="101ec335-e874-427a-ac94-74b54ef40460" executionId="1168631e-c7f9-4405-955b-c8c955da3e31" testListId="8c84fa94-04c1-424b-9868-57a2d4851a1d" /><TestEntry testId="a487c855-718e-4179-9997-ef73b331d733" executionId="3f7b9d85-9273-4d9d-9633-8183e6ed01c4" testListId="8c84fa94-04c1-424b-9868-57a2d4851a1d" /><TestEntry testId="8cfdc66a-b1f5-4a13-be26-b04c0c983195" executionId="abf68cfb-603a-4ae0-a545-963fa7f634f8" testListId="8c84fa94-04c1-424b-9868-57a2d4851a1d" /><TestEntry testId="8ca8ab7d-a423-4575-a77b-2ca5a81a5727" executionId="4d085aba-2cb2-49b5-bffc-8372fbda1e57" testListId="8c84fa94-04c1-424b-9868-57a2d4851a1d" /><TestEntry testId="645dc817-1979-45e6-bac6-85c9c0465698" executionId="2a1e0b12-4e67-46d4-9dc9-b73bf51367cc" testListId="8c84fa94-04c1-424b-9868-57a2d4851a1d" /><TestEntry testId="12d05734-a93d-4626-ab25-9e8f8645dcab" executionId="3dbbbe44-8ed5-45e6-b54c-4ef2c8ff35b4" testListId="8c84fa94-04c1-424b-9868-57a2d4851a1d" /><TestEntry testId="1cd93733-aa97-496d-97c3-25b8ef3cef4d" executionId="f7d6723d-1dde-49ed-b429-b121aa865e04" testListId="8c84fa94-04c1-424b-9868-57a2d4851a1d" /><TestEntry testId="0b605363-cf89-494c-bcb8-b6cfa73e91d5" executionId="c8735649-87d9-4750-9b8b-82c63360fac0" testListId="8c84fa94-04c1-424b-9868-57a2d4851a1d" /><TestEntry testId="6e4fe0fd-be45-4c7b-915e-8debb96e1220" executionId="7c27cef4-d9b3-4195-8f6d-6e714f887680" testListId="8c84fa94-04c1-424b-9868-57a2d4851a1d" /><TestEntry testId="d4e4a002-a3f3-4e2e-b90f-fc27e5b19c0a" executionId="d0974a47-48b0-4240-93a0-7c9fa997e8c6" testListId="8c84fa94-04c1-424b-9868-57a2d4851a1d" /><TestEntry testId="bc837772-b2d6-43a5-8c67-c8f05ab9ac7e" executionId="4a8dfeae-9e73-4122-b6f0-3651800b2ef6" testListId="8c84fa94-04c1-424b-9868-57a2d4851a1d" /><TestEntry testId="5e0b2438-55f7-4c3c-b885-9ca1217ba6d2" executionId="2bc4509e-3d3b-41c2-a33f-f0ac95c2d3ce" testListId="8c84fa94-04c1-424b-9868-57a2d4851a1d" /><TestEntry testId="36d358ff-4ecb-470a-bd91-cc7370b87880" executionId="62d34db1-0105-497a-aed7-419ca1e87abf" testListId="8c84fa94-04c1-424b-9868-57a2d4851a1d" /><TestEntry testId="4af1f69f-14c0-4daf-8b17-e9e8dcc91c35" executionId="cc73f98c-d313-4ba4-a5a4-288cd299520f" testListId="8c84fa94-04c1-424b-9868-57a2d4851a1d" /><TestEntry testId="5f755f70-dd31-47ed-b2d6-01f26a23717c" executionId="b1b3b2d7-eb3b-432c-9845-9212cccd895c" testListId="8c84fa94-04c1-424b-9868-57a2d4851a1d" /><TestEntry testId="2e7a2f53-77c5-4a08-9ff4-54144b055950" executionId="2d516d7e-8cac-4a3a-8247-fa1dd37beaa3" testListId="8c84fa94-04c1-424b-9868-57a2d4851a1d" /><TestEntry testId="f3f95c89-e40d-4239-aa2f-69ae6c997047" executionId="049d38a6-2440-45f8-bf1d-dafeab8fd87d" testListId="8c84fa94-04c1-424b-9868-57a2d4851a1d" /><TestEntry testId="d4635b69-8d84-4da3-b08b-0af64b44b093" executionId="4f134234-a052-465e-a447-0e2046f3fa98" testListId="8c84fa94-04c1-424b-9868-57a2d4851a1d" /><TestEntry testId="a5cd4c66-e10b-4ed9-a725-0ccd58ab5456" executionId="f2afcb1d-4989-431f-bad9-c148bfcdeb80" testListId="8c84fa94-04c1-424b-9868-57a2d4851a1d" /><TestEntry testId="8ab6a7c7-08a5-4b4e-ba7a-691dcf333c9f" executionId="33035eb9-686e-4906-8115-d33a4cc150a7" testListId="8c84fa94-04c1-424b-9868-57a2d4851a1d" /><TestEntry testId="e24b6907-466c-471d-b0c9-9387cfdc48ef" executionId="a14708c8-7af9-4ace-88e4-309c612d04c8" testListId="8c84fa94-04c1-424b-9868-57a2d4851a1d" /><TestEntry testId="67ea8057-5cc5-4200-9b1b-717c0b54c761" executionId="5e41386e-dd34-472e-94f9-f31dcdc2eed8" testListId="8c84fa94-04c1-424b-9868-57a2d4851a1d" /><TestEntry testId="3b6f883e-2ddb-4b9b-8f58-bff08fec2c14" executionId="3d70e776-5cf8-457c-949e-3f6d79f9febe" testListId="8c84fa94-04c1-424b-9868-57a2d4851a1d" /><TestEntry testId="a006dbd9-e287-4ecd-a3b0-bf8d2bd51ce1" executionId="dafee358-e559-4feb-ba43-3402935d88bd" testListId="8c84fa94-04c1-424b-9868-57a2d4851a1d" /><TestEntry testId="3297c796-3eb6-43dd-81b1-0b22a9843bd5" executionId="6b5bc914-40d0-4507-9b6f-28b38cacb1c7" testListId="8c84fa94-04c1-424b-9868-57a2d4851a1d" /><TestEntry testId="6b97c535-1023-4c15-95c8-6b4d7e84af3e" executionId="dbe53812-312e-442f-bdf3-894f91c1c536" testListId="8c84fa94-04c1-424b-9868-57a2d4851a1d" /><TestEntry testId="abd51fa1-e090-4211-910c-6c10f7364cc9" executionId="9c5dcde5-575d-4a2d-b6a4-b823acf5c8fb" testListId="8c84fa94-04c1-424b-9868-57a2d4851a1d" /><TestEntry testId="58d62444-7f24-45cf-b0e5-9c3655c37291" executionId="0bd0276e-b867-4e62-879b-f78a63b982af" testListId="8c84fa94-04c1-424b-9868-57a2d4851a1d" /><TestEntry testId="540da38d-a2e1-41c6-8daa-49f5562666cb" executionId="ecd5e38d-78d8-4340-9d0f-43f385f10a15" testListId="8c84fa94-04c1-424b-9868-57a2d4851a1d" /><TestEntry testId="5ecfa6c4-4d41-4cd7-926c-a11d72ceb24a" executionId="a3129907-58fa-43ae-a549-b96251d47757" testListId="8c84fa94-04c1-424b-9868-57a2d4851a1d" /><TestEntry testId="107c2f99-28dd-4a16-a231-56cceea66f78" executionId="e98e1eae-935b-4584-abd4-d17c3e9a5cfe" testListId="8c84fa94-04c1-424b-9868-57a2d4851a1d" /><TestEntry testId="f640f3e5-c634-4831-80e7-b966f4ab5c71" executionId="a46820aa-0344-4887-a7e0-8381e2156f7a" testListId="8c84fa94-04c1-424b-9868-57a2d4851a1d" /><TestEntry testId="1eb6f050-4e09-4ad4-b0c1-f131918847cf" executionId="62bf9906-f56c-4db1-9e67-3f37a3020254" testListId="8c84fa94-04c1-424b-9868-57a2d4851a1d" /><TestEntry testId="0454871b-ef9f-4d06-a7d5-c1b4478f8dbd" executionId="a513540d-414d-4640-a4c5-8891d46cf04f" testListId="8c84fa94-04c1-424b-9868-57a2d4851a1d" /><TestEntry testId="3a6e3e04-7183-4e5d-9463-de97491dae53" executionId="a1bb7dae-d0d1-4ea4-bf2a-4720fe05591b" testListId="8c84fa94-04c1-424b-9868-57a2d4851a1d" /><TestEntry testId="93f945f2-8515-4823-9dc2-c4f2f0dde08e" executionId="52b16f25-705b-469f-a07b-09f624fc7b9a" testListId="8c84fa94-04c1-424b-9868-57a2d4851a1d" /><TestEntry testId="7befefe2-f87d-4c4e-89d8-34484f0295b9" executionId="a4e20513-eca5-462b-a725-d5dfffab336c" testListId="8c84fa94-04c1-424b-9868-57a2d4851a1d" /><TestEntry testId="77cf8beb-580c-4c0d-9e2b-8d8b2095bfed" executionId="7181c246-d188-4f93-acf6-1835fabbb9e2" testListId="8c84fa94-04c1-424b-9868-57a2d4851a1d" /><TestEntry testId="d478f38c-9ca1-4320-89c3-2f9c7ffca7a7" executionId="6447f088-7a81-4f1a-b9ec-72790d094475" testListId="8c84fa94-04c1-424b-9868-57a2d4851a1d" /><TestEntry testId="7fbff4c2-3d0e-4513-9b48-6b01e79b07af" executionId="c1bb3836-7a8e-4d54-b345-e859fd4d0b3e" testListId="8c84fa94-04c1-424b-9868-57a2d4851a1d" /><TestEntry testId="bc82116c-8772-4756-8faa-4d5495bff5d1" executionId="67995960-9123-41ee-9779-885d58868f7b" testListId="8c84fa94-04c1-424b-9868-57a2d4851a1d" /><TestEntry testId="a6c3e678-6dce-4439-8439-eaac5bae6547" executionId="dc41c64d-9168-48db-a71b-4df4d875c591" testListId="8c84fa94-04c1-424b-9868-57a2d4851a1d" /><TestEntry testId="7cb86b4a-5339-43ef-91f0-a61a6339fd25" executionId="3f37779c-2cd1-46d5-b27d-46bfe6ebebec" testListId="8c84fa94-04c1-424b-9868-57a2d4851a1d" /><TestEntry testId="0722ac1f-2eac-4433-b0d8-54586ef6119b" executionId="f8d88339-7c23-4661-bfef-c9281967e169" testListId="8c84fa94-04c1-424b-9868-57a2d4851a1d" /><TestEntry testId="721320e2-f685-40e7-b4a3-df2369ea15be" executionId="829e57f4-0543-435b-ac63-69208507b9f6" testListId="8c84fa94-04c1-424b-9868-57a2d4851a1d" /><TestEntry testId="34591211-8925-4f31-a0c7-9dc04a49cd54" executionId="8c62d8b0-3995-410d-8440-a8f5335478e8" testListId="8c84fa94-04c1-424b-9868-57a2d4851a1d" /><TestEntry testId="3a200ce9-052c-4f6e-a9c2-1d8208401629" executionId="fbcf5714-86f2-4cfd-ba49-0303ef5bcbea" testListId="8c84fa94-04c1-424b-9868-57a2d4851a1d" /><TestEntry testId="4d5109a8-b2a8-41d6-814c-0bf068574b38" executionId="71b0f802-ee17-4851-8513-2630adfcc4fc" testListId="8c84fa94-04c1-424b-9868-57a2d4851a1d" /><TestEntry testId="3d3eeb76-e23a-4cdb-a49e-8235c11fc5fa" executionId="ca5e618d-6cdc-4e11-8a16-e297be3bec00" testListId="8c84fa94-04c1-424b-9868-57a2d4851a1d" /><TestEntry testId="003d6974-5b89-4109-bd1f-d9eff2bdbefd" executionId="4cb1a578-9488-4927-91a7-18c9cf339d5c" testListId="8c84fa94-04c1-424b-9868-57a2d4851a1d" /><TestEntry testId="9c41ab18-c8d8-4e4d-9f82-b79599070559" executionId="8107ecb1-8dec-4b50-b9c4-b76bb892e3f5" testListId="8c84fa94-04c1-424b-9868-57a2d4851a1d" /><TestEntry testId="d14f2459-4975-4524-bef8-035b88630ffd" executionId="e7ef8b6b-4645-4eb7-a17f-544caba0c286" testListId="8c84fa94-04c1-424b-9868-57a2d4851a1d" /><TestEntry testId="539f7401-dd90-4a65-bbef-f8471ed698a0" executionId="fa2abcc4-373a-423e-80f6-8621c0c2285a" testListId="8c84fa94-04c1-424b-9868-57a2d4851a1d" /><TestEntry testId="62517213-30a8-4a1b-afc4-0b2ca4c06a4e" executionId="0e495b1d-fef3-4543-95ce-1e524427aaeb" testListId="8c84fa94-04c1-424b-9868-57a2d4851a1d" /><TestEntry testId="d5b1963f-1289-462f-87db-bbf3cd0a6b08" executionId="8ec6be4f-c1b2-41a9-a9a0-12d50d20039a" testListId="8c84fa94-04c1-424b-9868-57a2d4851a1d" /><TestEntry testId="0aff88bf-9f1f-42b6-98d3-f719f5c91562" executionId="7295ed99-d97a-48df-b3e3-f7007756f0aa" testListId="8c84fa94-04c1-424b-9868-57a2d4851a1d" /><TestEntry testId="d96edd9a-7b78-4c64-88d3-33610b007095" executionId="fa8a4d0c-af64-4795-8bd8-cc817aec1794" testListId="8c84fa94-04c1-424b-9868-57a2d4851a1d" /><TestEntry testId="7d537b07-aa28-4d00-9539-729808440b20" executionId="ab942547-464e-4dc5-8bad-78092015dcf6" testListId="8c84fa94-04c1-424b-9868-57a2d4851a1d" /><TestEntry testId="e44083f4-b7ba-4c68-80e0-87b5f1872fe7" executionId="04210c18-3d47-42ef-a959-8e510ceeebcc" testListId="8c84fa94-04c1-424b-9868-57a2d4851a1d" /><TestEntry testId="59fafcc2-6e74-4099-a5b9-fc96d7f82160" executionId="f50ccabe-c135-468a-909a-f6a69b9075bd" testListId="8c84fa94-04c1-424b-9868-57a2d4851a1d" /><TestEntry testId="e4cb6733-8d31-440f-b917-7c31d184dec9" executionId="214b4d98-365a-469e-8477-4fb3bef65a03" testListId="8c84fa94-04c1-424b-9868-57a2d4851a1d" /><TestEntry testId="5c09b3ae-dd5d-4103-a884-3ff4192b210d" executionId="8f107dd3-e4a5-4c8e-8378-ae8fa6cb45d3" testListId="8c84fa94-04c1-424b-9868-57a2d4851a1d" /><TestEntry testId="eb33d674-1fde-44d5-b77d-95a421dc9fff" executionId="9a9ccc02-2868-473f-809c-074905f0aaec" testListId="8c84fa94-04c1-424b-9868-57a2d4851a1d" /><TestEntry testId="9edf06ee-52c8-4b3a-abda-5492b712e588" executionId="014a1ca5-16fa-4bc8-a601-4e3019c85183" testListId="8c84fa94-04c1-424b-9868-57a2d4851a1d" /><TestEntry testId="67224e0b-eaf8-4301-a5ef-406a934ffd77" executionId="2725859a-722d-4583-8c07-e2c4d2aaed29" testListId="8c84fa94-04c1-424b-9868-57a2d4851a1d" /><TestEntry testId="8093b9b3-19fc-42d4-a180-e052de178038" executionId="8a6344c3-407d-4bb7-8273-a9871f3c1a95" testListId="8c84fa94-04c1-424b-9868-57a2d4851a1d" /><TestEntry testId="1ff3488e-5ab2-4301-b30f-ce88c69d4fe6" executionId="4c8e7ad7-d80e-4b44-931f-472c88001fe1" testListId="8c84fa94-04c1-424b-9868-57a2d4851a1d" /><TestEntry testId="dc422410-b1b5-4be2-a4ad-7e8cb8f9886d" executionId="8e734db7-729d-4a40-b63c-fd056ad2b04f" testListId="8c84fa94-04c1-424b-9868-57a2d4851a1d" /><TestEntry testId="8bdbea7b-4f8d-409f-b504-dab3da89c8fd" executionId="3ff8f0b4-2b2a-4eba-8c0d-400735702e9c" testListId="8c84fa94-04c1-424b-9868-57a2d4851a1d" /><TestEntry testId="0af2fbc8-5236-4542-b22e-e3ccb6097dc3" executionId="32117a4d-e4a6-4724-b084-4902054afe76" testListId="8c84fa94-04c1-424b-9868-57a2d4851a1d" /><TestEntry testId="c371171e-256c-4135-a413-432b1bf0ccc4" executionId="f3c3dd7f-511f-4719-a7ee-99f60bc566a1" testListId="8c84fa94-04c1-424b-9868-57a2d4851a1d" /><TestEntry testId="18f73f2d-4e4f-4200-9419-50e4352e4ea6" executionId="cf4a061c-047c-44e8-aed7-5e72db526c2a" testListId="8c84fa94-04c1-424b-9868-57a2d4851a1d" /><TestEntry testId="b6d138da-4985-43fc-86c5-6653f13f0158" executionId="fb0b2ae3-efb1-4a55-9b0d-824981184ebb" testListId="8c84fa94-04c1-424b-9868-57a2d4851a1d" /><TestEntry testId="a73f587e-6798-4e2a-b37d-983cdaf26986" executionId="f8a5e845-2d10-43dc-b52b-ad11bc79d064" testListId="8c84fa94-04c1-424b-9868-57a2d4851a1d" /><TestEntry testId="be30344d-f683-4fcf-a023-92cb05584b4b" executionId="0b34f5cf-ce12-4db8-ab57-418d6bfa7635" testListId="8c84fa94-04c1-424b-9868-57a2d4851a1d" /><TestEntry testId="4ffbe880-1ca2-44da-9dd6-41e5655751e5" executionId="8546e707-f77d-4947-a32d-b26e00a549d4" testListId="8c84fa94-04c1-424b-9868-57a2d4851a1d" /><TestEntry testId="e7deec9c-7a1a-46a3-9635-9b0b7cbf6536" executionId="892ed8c1-0fa5-413e-a09f-5e291738cafa" testListId="8c84fa94-04c1-424b-9868-57a2d4851a1d" /><TestEntry testId="c9d7aa4e-f663-44af-a799-9c99f59a2488" executionId="807189dd-6de0-4d0f-9770-1731ea4c5e9e" testListId="8c84fa94-04c1-424b-9868-57a2d4851a1d" /><TestEntry testId="e9921a6a-419c-476e-a20c-cb7bf259cc45" executionId="8bf15ee4-3d64-4cd4-8e32-39259b50d1c8" testListId="8c84fa94-04c1-424b-9868-57a2d4851a1d" /><TestEntry testId="83ec401c-dc74-4145-9e78-bbcefff94980" executionId="3e73ae3f-ce0e-4114-bead-4ed934a51955" testListId="8c84fa94-04c1-424b-9868-57a2d4851a1d" /><TestEntry testId="3221a72e-5629-4cd0-b7dd-5292912f6a35" executionId="2031ca30-040e-4a08-a43d-6ae0dacfafa5" testListId="8c84fa94-04c1-424b-9868-57a2d4851a1d" /><TestEntry testId="d1c69df5-8995-4db0-8dfa-1fd26ef7da60" executionId="9507cf59-08e5-4721-9eed-1f69cb91f589" testListId="8c84fa94-04c1-424b-9868-57a2d4851a1d" /><TestEntry testId="3252eed4-7a5f-43da-875a-60f4a8f7c9e1" executionId="70a26068-df6c-4c2d-b6c3-08a1a2be32e5" testListId="8c84fa94-04c1-424b-9868-57a2d4851a1d" /><TestEntry testId="1fd37066-44e3-4ac9-abe5-120e5acae2fc" executionId="19b9f49a-0f9e-434c-aab4-d7488c0448d8" testListId="8c84fa94-04c1-424b-9868-57a2d4851a1d" /><TestEntry testId="44df62d5-0e7d-45b9-87c0-30a637edef97" executionId="ca67f3f1-372c-4fb7-8dcc-126712d213bb" testListId="8c84fa94-04c1-424b-9868-57a2d4851a1d" /><TestEntry testId="0b637641-30d9-481a-ba25-61a53f282698" executionId="a22c3a61-ec88-48ef-8a50-744fa079386a" testListId="8c84fa94-04c1-424b-9868-57a2d4851a1d" /><TestEntry testId="7d2a6c7c-1573-4eee-83ec-b2c8cae4d0dd" executionId="0feef4ee-0730-459b-9f85-a330d9170c2a" testListId="8c84fa94-04c1-424b-9868-57a2d4851a1d" /><TestEntry testId="d7c3c342-c12b-4f9a-a799-2c13b3e2ae00" executionId="3fbb890b-864a-4e7b-8932-5524c9a9a541" testListId="8c84fa94-04c1-424b-9868-57a2d4851a1d" /><TestEntry testId="782a02d1-2b51-41aa-961e-379f4e28d872" executionId="30ea6b80-efc5-4bc7-aa17-565bc5e4d12b" testListId="8c84fa94-04c1-424b-9868-57a2d4851a1d" /><TestEntry testId="a1bb1e88-7449-4461-9071-6c12aff625b4" executionId="16f174e9-8a86-4314-8607-f2e7dafd1784" testListId="8c84fa94-04c1-424b-9868-57a2d4851a1d" /><TestEntry testId="cb839d3a-c7f3-41e4-bc8c-7c6cec4597a4" executionId="b81a9a69-6424-4042-8c70-a592829ec00b" testListId="8c84fa94-04c1-424b-9868-57a2d4851a1d" /><TestEntry testId="0ec754b6-ebef-4893-86ee-f357b9897713" executionId="7b7ac1dc-e561-49a7-b85d-b67b04bbc5c0" testListId="8c84fa94-04c1-424b-9868-57a2d4851a1d" /><TestEntry testId="b1de8db9-9e81-4e96-831e-b56811e37e3d" executionId="dce956e3-116c-4704-8258-d24343ec34eb" testListId="8c84fa94-04c1-424b-9868-57a2d4851a1d" /><TestEntry testId="e8b7dc0e-6607-4486-8d3e-a0eb9dc6be3d" executionId="aba87832-d608-4c3c-8fe6-99e7f5f2c7db" testListId="8c84fa94-04c1-424b-9868-57a2d4851a1d" /><TestEntry testId="68e2c5e4-9df2-466d-921e-e044e777afca" executionId="36335631-9522-45b8-b64f-be2c31c1c9c0" testListId="8c84fa94-04c1-424b-9868-57a2d4851a1d" /><TestEntry testId="2b325de7-6750-4ec9-97c5-ef45fc95a602" executionId="a331c41a-6d81-4252-975a-aa606aa90621" testListId="8c84fa94-04c1-424b-9868-57a2d4851a1d" /><TestEntry testId="15d253bc-14f3-4379-b6be-67034c30660f" executionId="ce1d9172-8e7e-4f7f-8341-7fef993d95a9" testListId="8c84fa94-04c1-424b-9868-57a2d4851a1d" /><TestEntry testId="be11e8cb-2300-44db-8a04-9f14be442abc" executionId="356f4b3c-f871-4522-8cdc-48f8bf32f18b" testListId="8c84fa94-04c1-424b-9868-57a2d4851a1d" /><TestEntry testId="4c0b7b96-6187-4d3d-8d94-a8ffa9be1786" executionId="381b1aee-23a9-4a27-beef-75271798a70b" testListId="8c84fa94-04c1-424b-9868-57a2d4851a1d" /><TestEntry testId="35f0fdad-1cd4-45fb-af76-3f6c7276ad91" executionId="17c07821-3717-41e7-bc84-7217376b0447" testListId="8c84fa94-04c1-424b-9868-57a2d4851a1d" /><TestEntry testId="f4c464fc-f594-46e7-8bb0-83ec7317f867" executionId="d53bf955-ec87-4a70-9abb-fe7f4ce10d7f" testListId="8c84fa94-04c1-424b-9868-57a2d4851a1d" /><TestEntry testId="6a6621c6-734f-496a-8cb8-470192272e9f" executionId="1a1c9132-73f3-4b28-84d1-f8a3fbbff92a" testListId="8c84fa94-04c1-424b-9868-57a2d4851a1d" /><TestEntry testId="20a81a3b-2d8d-4a64-8d8d-18702f14e7d9" executionId="3ced6779-4a1e-4c61-8585-9a3762ccb43a" testListId="8c84fa94-04c1-424b-9868-57a2d4851a1d" /><TestEntry testId="b05bb027-330e-445a-a9e5-a2026fa396c2" executionId="d95027d0-f176-4c77-b673-236e28653337" testListId="8c84fa94-04c1-424b-9868-57a2d4851a1d" /><TestEntry testId="339227a0-5038-45d8-a645-b176294335b6" executionId="9546253e-e293-4d9f-a075-29ba36533f51" testListId="8c84fa94-04c1-424b-9868-57a2d4851a1d" /><TestEntry testId="6ee87419-12e4-404d-aa56-4aaa30c409db" executionId="629b6559-de97-4a8e-ad34-988c516cb9e1" testListId="8c84fa94-04c1-424b-9868-57a2d4851a1d" /><TestEntry testId="ec405ed8-3777-4fbb-b84a-6e586ff9790e" executionId="9bb8d52a-c20c-4c17-87a5-13d059ec8fee" testListId="8c84fa94-04c1-424b-9868-57a2d4851a1d" /><TestEntry testId="64fb7957-1928-4b5b-b39a-653df3b36c0a" executionId="5be0362c-4e05-45b3-b381-254fc577a964" testListId="8c84fa94-04c1-424b-9868-57a2d4851a1d" /><TestEntry testId="ced9cfd2-c16b-467a-8b8c-a5eea29d92d6" executionId="763b3a4a-72e0-447d-8df0-59305a161a94" testListId="8c84fa94-04c1-424b-9868-57a2d4851a1d" /><TestEntry testId="520de078-e01b-4829-be07-2b02d4d54cf5" executionId="0fd73d41-25fc-4e1f-894e-6daee25f2029" testListId="8c84fa94-04c1-424b-9868-57a2d4851a1d" /><TestEntry testId="b08ea9c8-08a3-45c0-a794-d264cf0372f4" executionId="cab5e957-ac0f-476b-b28d-6fd60718d0db" testListId="8c84fa94-04c1-424b-9868-57a2d4851a1d" /><TestEntry testId="70f19283-1d19-42e0-bcf8-609772262f7b" executionId="9171f3cd-b842-479b-aea9-85d5583eca30" testListId="8c84fa94-04c1-424b-9868-57a2d4851a1d" /><TestEntry testId="d156be7d-3505-4a2f-b6e2-06337e222519" executionId="aa91f674-1612-4772-a5aa-1d6f586b65fd" testListId="8c84fa94-04c1-424b-9868-57a2d4851a1d" /><TestEntry testId="241a044f-1881-473d-ac27-c0a1a8b559d0" executionId="15a36edc-d2b6-4dd6-9e93-f846ef320a42" testListId="8c84fa94-04c1-424b-9868-57a2d4851a1d" /><TestEntry testId="d168b057-8c3e-4735-9b2c-5184722ea3c7" executionId="7e17b69f-bd41-4dfe-98f2-9683b1f59568" testListId="8c84fa94-04c1-424b-9868-57a2d4851a1d" /><TestEntry testId="835d1c3a-5ff5-428e-9e22-3e80e4285d8c" executionId="9dcdcde2-b04d-40d2-a7de-b7d273f4273a" testListId="8c84fa94-04c1-424b-9868-57a2d4851a1d" /><TestEntry testId="021485d3-842c-407e-bb44-9af41f452ca3" executionId="a10d0e5e-1536-471b-b91f-f50362b28f24" testListId="8c84fa94-04c1-424b-9868-57a2d4851a1d" /><TestEntry testId="7ccfdffd-4dde-4b3b-b531-76e29c344467" executionId="39bd4d3a-f7b4-4ef6-9c72-b7f4e39160b5" testListId="8c84fa94-04c1-424b-9868-57a2d4851a1d" /><TestEntry testId="1debe2a0-96f4-4dc0-9d00-c4daef3991a5" executionId="40345346-e7c0-4fc6-8e32-f4ed4a1c450f" testListId="8c84fa94-04c1-424b-9868-57a2d4851a1d" /><TestEntry testId="66c508ee-2143-4ec8-ad1f-449d10211280" executionId="b21fa4d9-18be-4619-9309-fec06c99e788" testListId="8c84fa94-04c1-424b-9868-57a2d4851a1d" /><TestEntry testId="9dc50120-d056-41c8-8da1-22523ae35884" executionId="e4732b07-5fdc-457a-aeb9-056e8985141a" testListId="8c84fa94-04c1-424b-9868-57a2d4851a1d" /><TestEntry testId="6c2ce49b-2778-4318-9937-64cca4492554" executionId="bd801bc9-e1d8-4348-b5e0-1139d8617d67" testListId="8c84fa94-04c1-424b-9868-57a2d4851a1d" /><TestEntry testId="bfe03c47-7e50-414e-b5eb-7c487fb37db6" executionId="42e0c88d-5c44-4606-8bd8-15c7b16b7622" testListId="8c84fa94-04c1-424b-9868-57a2d4851a1d" /><TestEntry testId="a7c95034-032a-4265-93b4-4360a56f368d" executionId="7906e6f3-4c68-4baf-bff8-163f5086e64a" testListId="8c84fa94-04c1-424b-9868-57a2d4851a1d" /><TestEntry testId="6bab2081-1165-4b57-aef5-9efa325d1403" executionId="34bd3d8e-b8d4-4c34-9f19-2b8ce1f50b57" testListId="8c84fa94-04c1-424b-9868-57a2d4851a1d" /><TestEntry testId="6bd55376-ccdd-433e-9df7-9562be89265e" executionId="fbb2edd2-97af-40f4-aee6-2e8279f2b418" testListId="8c84fa94-04c1-424b-9868-57a2d4851a1d" /><TestEntry testId="9b5d66f5-baff-4af3-aeae-88542d3a7785" executionId="d3460925-fc96-4a19-83d0-cbe50901b7d2" testListId="8c84fa94-04c1-424b-9868-57a2d4851a1d" /><TestEntry testId="989fa3b3-8323-4f68-99c0-4659e4e7e0b2" executionId="050ee67e-cce5-49f9-9067-76900ab169cb" testListId="8c84fa94-04c1-424b-9868-57a2d4851a1d" /><TestEntry testId="e4a84b2c-c3c0-45d2-993b-8ad79f22de4d" executionId="782c8924-19ff-466b-b523-07c7bc761a3d" testListId="8c84fa94-04c1-424b-9868-57a2d4851a1d" /><TestEntry testId="2f0575f6-cc7a-49be-9cfe-f4dc9b22d4fd" executionId="3ff5419e-18ab-429a-bff0-85409e70843b" testListId="8c84fa94-04c1-424b-9868-57a2d4851a1d" /><TestEntry testId="33182e23-9431-45b0-a5d1-ae7541289993" executionId="66e27946-525f-41b0-8433-66105cb855dd" testListId="8c84fa94-04c1-424b-9868-57a2d4851a1d" /><TestEntry testId="537faa1b-2715-42b1-adb0-83ea3f1e103d" executionId="99855f03-f7ce-4fdf-a107-a1bf43210b44" testListId="8c84fa94-04c1-424b-9868-57a2d4851a1d" /><TestEntry testId="5adc6ef4-b8e8-4865-9b21-9003b4212b24" executionId="ed97d1a1-a316-499f-9d49-7c044e0b0664" testListId="8c84fa94-04c1-424b-9868-57a2d4851a1d" /><TestEntry testId="bdbe727b-dee6-4660-8181-ff607bd72b1e" executionId="55e515f0-3776-4a1a-a5d4-f8660fff7e09" testListId="8c84fa94-04c1-424b-9868-57a2d4851a1d" /><TestEntry testId="5a428705-ea24-450e-9266-5c1f23a17e20" executionId="bbca2f8f-834d-418d-8feb-7f2f8c6e460f" testListId="8c84fa94-04c1-424b-9868-57a2d4851a1d" /><TestEntry testId="ea819b41-8d20-47e7-ae2e-e9ce83a9a7cf" executionId="61eb8575-c22b-4bbf-b37a-f4ad5cff0a28" testListId="8c84fa94-04c1-424b-9868-57a2d4851a1d" /><TestEntry testId="3ef34a66-3eb5-403b-a2e3-3d6ae0cba3e5" executionId="15c923bb-6de5-4aa2-928b-b6e4e69cdbea" testListId="8c84fa94-04c1-424b-9868-57a2d4851a1d" /><TestEntry testId="c6befc46-471c-40cb-991d-5698e6747b40" executionId="45ddc7e1-634a-4a1c-8787-c8d9e5daca8a" testListId="8c84fa94-04c1-424b-9868-57a2d4851a1d" /><TestEntry testId="8a53d3de-db19-42fc-9cd6-1c00bad153b5" executionId="9d6d53a3-a306-4700-b42c-12d2a9c5193b" testListId="8c84fa94-04c1-424b-9868-57a2d4851a1d" /><TestEntry testId="cdd628ed-7140-463f-85c2-6803ab592331" executionId="53d7510f-155a-4e67-8505-c25529cb7bb5" testListId="8c84fa94-04c1-424b-9868-57a2d4851a1d" /><TestEntry testId="64041077-e573-419c-a2b5-61faaf2e2fe6" executionId="d4e0d4e2-6b65-48d4-8070-98f47ee1ef1a" testListId="8c84fa94-04c1-424b-9868-57a2d4851a1d" /><TestEntry testId="65296916-f3f5-4e73-811b-e94e7bf510d0" executionId="6282be2a-5ea4-4d0a-aa69-bd425304fda8" testListId="8c84fa94-04c1-424b-9868-57a2d4851a1d" /><TestEntry testId="7542e545-30d8-45cb-b2f3-4b1a8072e98f" executionId="eac1bffd-217d-4693-b683-08f99f8d1235" testListId="8c84fa94-04c1-424b-9868-57a2d4851a1d" /><TestEntry testId="72831023-ee5b-4162-8d75-388e462593e5" executionId="fe623bbd-1961-47f5-8bf7-3e62d886e5d8" testListId="8c84fa94-04c1-424b-9868-57a2d4851a1d" /><TestEntry testId="338da58f-faf9-4366-bfee-266bdec36410" executionId="8b0cf6c6-aba2-4672-bcb7-6e521f5e5923" testListId="8c84fa94-04c1-424b-9868-57a2d4851a1d" /><TestEntry testId="7697dfe3-904e-4d6f-9ea2-3b3624bc3f42" executionId="5b0925bf-0c26-40e4-9cdc-b5c76e516f8e" testListId="8c84fa94-04c1-424b-9868-57a2d4851a1d" /><TestEntry testId="c7549693-3d8d-41df-a55d-fdc4c308b5ba" executionId="8c57d4bb-ee07-4c78-8a2c-e4a1a65b66c2" testListId="8c84fa94-04c1-424b-9868-57a2d4851a1d" /><TestEntry testId="e310b699-44bf-4cbb-b95c-cba64c84dcb8" executionId="13dba4e8-0652-4c6a-81a3-10ed55143a2f" testListId="8c84fa94-04c1-424b-9868-57a2d4851a1d" /><TestEntry testId="60076e1e-9042-41ec-ade6-24e92fadf5f1" executionId="0060a38d-55d9-48ee-852e-829624df2823" testListId="8c84fa94-04c1-424b-9868-57a2d4851a1d" /><TestEntry testId="c5af0cc4-035d-467e-b1f3-1108101c8bb3" executionId="efdcf4eb-1239-495e-a88d-dff22b81f72e" testListId="8c84fa94-04c1-424b-9868-57a2d4851a1d" /><TestEntry testId="5e585f71-b359-4cef-9336-7f7d3c506aeb" executionId="a33e1e87-13cd-4f30-94be-f3d01a3dffcc" testListId="8c84fa94-04c1-424b-9868-57a2d4851a1d" /><TestEntry testId="0b529247-ddb2-4f1b-887c-0c249b8be718" executionId="0c8730b7-28b0-4210-94d7-2b19dcaf8ed6" testListId="8c84fa94-04c1-424b-9868-57a2d4851a1d" /><TestEntry testId="46f31d51-17ac-4ab6-8cf2-95f61ad66062" executionId="8b84cc7b-1653-4af6-a6ce-b1eae5211075" testListId="8c84fa94-04c1-424b-9868-57a2d4851a1d" /><TestEntry testId="4ecae45f-6194-4882-b575-a6d2fc6d3c1a" executionId="3f8804ea-d8b8-4ceb-ab19-cc6c2615053b" testListId="8c84fa94-04c1-424b-9868-57a2d4851a1d" /><TestEntry testId="4a966584-52a6-4406-aa32-61fe22dc32c2" executionId="364feba7-f163-4d62-8a99-f00417b8b7c4" testListId="8c84fa94-04c1-424b-9868-57a2d4851a1d" /><TestEntry testId="e27e6a4e-5e73-496e-b806-ad59dd4c708f" executionId="858a59ae-6e03-493a-a69f-3df0ea5a4bf9" testListId="8c84fa94-04c1-424b-9868-57a2d4851a1d" /><TestEntry testId="6b505d51-f025-4e8b-a7a1-0f43e2fc4e15" executionId="12d3a625-d674-4449-a7b7-7a19d5d6aad6" testListId="8c84fa94-04c1-424b-9868-57a2d4851a1d" /><TestEntry testId="a7202614-57d4-4f82-8f81-0f33636e7b44" executionId="2ab1fd58-69f3-4181-853d-986e15fdc64e" testListId="8c84fa94-04c1-424b-9868-57a2d4851a1d" /><TestEntry testId="f81dcb2a-e678-418d-bed8-b951777c81a2" executionId="859b93c3-c0a0-4589-bcf9-be766c139057" testListId="8c84fa94-04c1-424b-9868-57a2d4851a1d" /><TestEntry testId="498031f5-8c76-4d02-9d72-193c75aabbc7" executionId="b6ce85cf-7f1c-484e-a844-71ac241875b0" testListId="8c84fa94-04c1-424b-9868-57a2d4851a1d" /><TestEntry testId="c0a20bd8-0687-4799-834b-6ac7244f77c0" executionId="a93dee85-1b47-442b-b4ea-fa66812efee2" testListId="8c84fa94-04c1-424b-9868-57a2d4851a1d" /><TestEntry testId="6c196337-1a07-4a80-8a98-3d269cf290a0" executionId="fec187c4-261f-4a77-8257-7ecfc3320827" testListId="8c84fa94-04c1-424b-9868-57a2d4851a1d" /><TestEntry testId="67c530bf-92a4-4a45-90e2-6dc16aa4e72f" executionId="94508d1c-d647-4c6c-9b0e-64c179992d9a" testListId="8c84fa94-04c1-424b-9868-57a2d4851a1d" /><TestEntry testId="2fcbaec0-a35d-4bc7-9f1c-c32b100998f7" executionId="e3a0d5fb-4901-49de-ae8e-8dd2f4b1340e" testListId="8c84fa94-04c1-424b-9868-57a2d4851a1d" /><TestEntry testId="b642b5fc-537d-4957-ad97-82d6b0a35bb4" executionId="c8e863d7-6afe-491e-9a81-127c9314abe1" testListId="8c84fa94-04c1-424b-9868-57a2d4851a1d" /><TestEntry testId="39cc604d-a05f-44b1-a05a-28a963ffce5b" executionId="bcafb1aa-8936-4bba-8c00-ca1f5b83bc70" testListId="8c84fa94-04c1-424b-9868-57a2d4851a1d" /><TestEntry testId="4993258e-83b4-4c1e-8893-9e88075d28ad" executionId="267ae385-28a5-40df-98d9-c80cc032e027" testListId="8c84fa94-04c1-424b-9868-57a2d4851a1d" /><TestEntry testId="356cea7a-e217-46d1-9862-524cb66361bc" executionId="b33087d8-940e-431b-bc50-84fe76952e8e" testListId="8c84fa94-04c1-424b-9868-57a2d4851a1d" /><TestEntry testId="6a15551c-5343-4de6-b5bf-049200e1bd6d" executionId="9f8efc9a-7b0f-4daf-bc8f-e254e00fbf09" testListId="8c84fa94-04c1-424b-9868-57a2d4851a1d" /><TestEntry testId="ccb8b9f0-de0b-4a13-86f2-9efd50d9f836" executionId="70617c55-3de5-49c7-bb3e-f0a1c125742d" testListId="8c84fa94-04c1-424b-9868-57a2d4851a1d" /><TestEntry testId="2067a517-09d0-4a5b-ad00-69d44098c3d9" executionId="a9b90f40-0dee-4e61-a02d-8359020e0079" testListId="8c84fa94-04c1-424b-9868-57a2d4851a1d" /><TestEntry testId="b4d84b76-3c0b-4161-b288-055f37963e47" executionId="3f2ddca7-719f-471a-a201-1731a7640208" testListId="8c84fa94-04c1-424b-9868-57a2d4851a1d" /><TestEntry testId="af70b073-25b2-4d73-ac9f-f554228efd4a" executionId="bf0550ed-fa65-4085-a508-3a9aa88e48cd" testListId="8c84fa94-04c1-424b-9868-57a2d4851a1d" /><TestEntry testId="bf170a63-7d28-49ef-bcdd-59dc5af52ce7" executionId="aeaa605f-344d-47f8-a052-bec8dbdd21de" testListId="8c84fa94-04c1-424b-9868-57a2d4851a1d" /><TestEntry testId="0e5e330e-9592-4f25-99b9-9263d1748d83" executionId="c3ce3761-9f2f-474c-a46b-5b1da40e6148" testListId="8c84fa94-04c1-424b-9868-57a2d4851a1d" /><TestEntry testId="027ad974-bec2-4b00-9a7d-8a117420cca0" executionId="c5b0e4a5-3635-407c-b49e-71047ecf22d3" testListId="8c84fa94-04c1-424b-9868-57a2d4851a1d" /><TestEntry testId="fcc0a19d-2435-47fa-a618-84ce0a81440e" executionId="9ddc2009-7804-4a90-8120-2834ee3f376b" testListId="8c84fa94-04c1-424b-9868-57a2d4851a1d" /><TestEntry testId="9e501f73-e204-4358-be36-5707b2826309" executionId="61e63407-c277-4802-b5d6-49d2f1c06de5" testListId="8c84fa94-04c1-424b-9868-57a2d4851a1d" /><TestEntry testId="d33ee435-7991-4140-a337-8b0a0de8dfc2" executionId="6ed7d72d-ba8b-4cfd-a2f3-93c57e687113" testListId="8c84fa94-04c1-424b-9868-57a2d4851a1d" /><TestEntry testId="c8c66bc7-cd5b-4223-9d88-05746ad02ec2" executionId="0faede0b-20a0-4880-ab1a-5c9c0bcaca43" testListId="8c84fa94-04c1-424b-9868-57a2d4851a1d" /><TestEntry testId="3a878e19-d1da-48dd-b12b-4dd7a6f8aa44" executionId="d12b13de-c81e-4032-958a-f0a28e90a013" testListId="8c84fa94-04c1-424b-9868-57a2d4851a1d" /><TestEntry testId="0cfc5b00-b029-4575-b882-b201ae52bd70" executionId="5ac9e9b6-f2e4-486a-9bdb-046df977d04c" testListId="8c84fa94-04c1-424b-9868-57a2d4851a1d" /><TestEntry testId="89f25796-faaf-449f-b86c-3c4cfa2420cd" executionId="a213dd8c-ea44-4d2e-9f58-ae47be84e29d" testListId="8c84fa94-04c1-424b-9868-57a2d4851a1d" /><TestEntry testId="92259802-0247-4f98-bede-d5776dc9efb0" executionId="c51a69a5-daae-4557-921c-3ee02ee430e6" testListId="8c84fa94-04c1-424b-9868-57a2d4851a1d" /><TestEntry testId="ea6a01df-c3fa-4060-8838-e061bc92a4fd" executionId="5efc706f-5af8-4874-8783-cad221e71c5c" testListId="8c84fa94-04c1-424b-9868-57a2d4851a1d" /><TestEntry testId="2dc050be-f6fe-424c-9e42-b63a83e040b2" executionId="b4fa0f58-7dab-419d-ac7f-a97a7f69a9ff" testListId="8c84fa94-04c1-424b-9868-57a2d4851a1d" /><TestEntry testId="6d1c44b7-6b82-4d3c-95fe-fc0828e0749c" executionId="49d7daed-d132-44b8-8e99-23340851d7b5" testListId="8c84fa94-04c1-424b-9868-57a2d4851a1d" /><TestEntry testId="42f84632-13ac-4798-94c5-841a71f77781" executionId="0ab49230-8057-4b47-a194-fcec763f6da1" testListId="8c84fa94-04c1-424b-9868-57a2d4851a1d" /><TestEntry testId="67a39763-d402-44fb-8a6b-c3aba1b07dce" executionId="03ed3e03-6990-4ad3-929e-f2cc2409425c" testListId="8c84fa94-04c1-424b-9868-57a2d4851a1d" /><TestEntry testId="de5b726f-fc7c-425d-947f-2973e8452cc6" executionId="c5a94637-2c03-4857-89f7-d3b6ff4835c7" testListId="8c84fa94-04c1-424b-9868-57a2d4851a1d" /><TestEntry testId="be649453-c608-4bd0-bff2-f074dc0b2728" executionId="d5b05de8-529e-4258-bc37-c03c3102fbaf" testListId="8c84fa94-04c1-424b-9868-57a2d4851a1d" /><TestEntry testId="5d2c37bb-52f1-4853-8264-e7c0cd2b85cc" executionId="c8eed373-3e38-49e3-ac02-ff512dba4085" testListId="8c84fa94-04c1-424b-9868-57a2d4851a1d" /><TestEntry testId="a82d2cb5-7849-4872-b16b-a8db82216e40" executionId="8475a550-0648-4645-92d0-ef07c76e13d5" testListId="8c84fa94-04c1-424b-9868-57a2d4851a1d" /><TestEntry testId="865db3a6-734a-4bfa-97a6-87a3718b31ea" executionId="a1b48032-2ca0-443c-a736-20a7e37df405" testListId="8c84fa94-04c1-424b-9868-57a2d4851a1d" /><TestEntry testId="fdfc5b80-f4ed-4885-9834-3482bd306627" executionId="d9f56808-cb25-4613-a76b-ce0841ec12ec" testListId="8c84fa94-04c1-424b-9868-57a2d4851a1d" /><TestEntry testId="a57df861-010d-406d-bba7-0717299f6474" executionId="199f8c11-5011-4db1-ad24-e03b167d9595" testListId="8c84fa94-04c1-424b-9868-57a2d4851a1d" /><TestEntry testId="3e0d2997-540d-4b88-9c66-98409ca2b52c" executionId="1919383e-56fd-4960-b4d4-d234cabd1911" testListId="8c84fa94-04c1-424b-9868-57a2d4851a1d" /><TestEntry testId="0c5dc511-665d-46d4-a202-5f07354c713e" executionId="85f97b68-b702-4bb8-bca8-8c7525a670e8" testListId="8c84fa94-04c1-424b-9868-57a2d4851a1d" /><TestEntry testId="f5038979-08cc-49d2-8ee8-9b8e8465e655" executionId="5a892860-ff7c-401b-b7b1-be40c3e8730e" testListId="8c84fa94-04c1-424b-9868-57a2d4851a1d" /><TestEntry testId="7a275472-cefe-4129-ae13-22e78656ae6f" executionId="edc3db74-b730-4f00-bfc6-8ab9f38ba003" testListId="8c84fa94-04c1-424b-9868-57a2d4851a1d" /><TestEntry testId="12c50ba7-4f2a-4ad2-aba2-cc67d0229dc3" executionId="6d7b218d-f471-459d-9adb-9abec697c35c" testListId="8c84fa94-04c1-424b-9868-57a2d4851a1d" /><TestEntry testId="f1e8a6d5-4369-4de3-a4a4-8e6c66e27189" executionId="d4f59f0c-3f62-4e9c-bc5a-73cd4eb0be26" testListId="8c84fa94-04c1-424b-9868-57a2d4851a1d" /><TestEntry testId="2b5f0373-410d-46d3-be7f-9d5c11243048" executionId="622e0ce8-4fa2-43e8-98cb-1678eaf32d88" testListId="8c84fa94-04c1-424b-9868-57a2d4851a1d" /><TestEntry testId="abf4cca6-a4d2-4e9d-bdac-56a361d3af56" executionId="357bc3c4-9184-4f6a-b79b-458acea883a7" testListId="8c84fa94-04c1-424b-9868-57a2d4851a1d" /><TestEntry testId="d750bcc7-13fb-44c8-ae9c-205dec74c2f6" executionId="da6f9d9a-4627-4e40-ba09-23dad2e084ec" testListId="8c84fa94-04c1-424b-9868-57a2d4851a1d" /><TestEntry testId="1d6e1044-9681-4d44-b1ec-ad420e2a1081" executionId="95891ad7-6ef8-4d09-86c2-16f383966c84" testListId="8c84fa94-04c1-424b-9868-57a2d4851a1d" /><TestEntry testId="35e15da8-438b-4436-b51c-e6360f82fe74" executionId="57711a85-315e-4285-b0f6-d7840ca71fe7" testListId="8c84fa94-04c1-424b-9868-57a2d4851a1d" /><TestEntry testId="afcbd582-8aaf-420e-a487-5b33c33f57cb" executionId="28d0742f-2529-4a00-94d6-921861c3d136" testListId="8c84fa94-04c1-424b-9868-57a2d4851a1d" /><TestEntry testId="f25a0632-1da9-4d06-9feb-32c78c437b99" executionId="485d569e-adb6-43b4-a46c-642780c2d10d" testListId="8c84fa94-04c1-424b-9868-57a2d4851a1d" /><TestEntry testId="47c3f19e-395f-4e63-9dc3-30c2071bce87" executionId="af7bcfa4-4f2e-4bfa-b4b6-8432229f9c90" testListId="8c84fa94-04c1-424b-9868-57a2d4851a1d" /><TestEntry testId="27e5fc83-a852-4f94-9683-da3815d92140" executionId="b23c59c4-589a-4ff5-aa50-bf62f8b8ded3" testListId="8c84fa94-04c1-424b-9868-57a2d4851a1d" /><TestEntry testId="f5e08b69-93c4-44d5-a6a1-09c9ee0d4a42" executionId="6665e0f4-30c0-47cd-915c-acc3dfe21bea" testListId="8c84fa94-04c1-424b-9868-57a2d4851a1d" /><TestEntry testId="72ab8952-b9c2-443a-a97b-c4ee5e98f081" executionId="9609e62f-2468-40f0-8fde-7f37421df844" testListId="8c84fa94-04c1-424b-9868-57a2d4851a1d" /><TestEntry testId="73d3c8b0-6fe8-45ee-a477-7cff5e3dbd74" executionId="1352a018-559b-4c68-9060-bc8d27d6e291" testListId="8c84fa94-04c1-424b-9868-57a2d4851a1d" /><TestEntry testId="606fabd7-5a22-43b1-b1c9-febceb91f178" executionId="864abf24-febe-467e-802d-d573dfcd2f0e" testListId="8c84fa94-04c1-424b-9868-57a2d4851a1d" /><TestEntry testId="62d6c8ec-d638-46ff-a542-7a90c6205191" executionId="20557adf-e0c9-48bf-ad45-9d03b69c0b18" testListId="8c84fa94-04c1-424b-9868-57a2d4851a1d" /><TestEntry testId="bb9ddb1f-9aaa-4971-a263-d4313aea97b7" executionId="d92e4536-2b39-4c5b-824a-36416a72928b" testListId="8c84fa94-04c1-424b-9868-57a2d4851a1d" /><TestEntry testId="6ac8461e-ddb9-4dcd-becc-673be01ad78c" executionId="f244f1a7-f212-44b6-bfaf-bf09a16ba417" testListId="8c84fa94-04c1-424b-9868-57a2d4851a1d" /><TestEntry testId="74b3f12f-6f70-408b-9f5c-b9ef9ae60771" executionId="043c2cd0-cf75-486e-8953-90fa53516544" testListId="8c84fa94-04c1-424b-9868-57a2d4851a1d" /><TestEntry testId="369b4b84-62ec-4c66-a9c6-6ee7bb10e11b" executionId="3dff3b18-cba3-4512-a184-bdbdf77d473a" testListId="8c84fa94-04c1-424b-9868-57a2d4851a1d" /><TestEntry testId="af2a0055-d7c7-4677-851e-93ee59ebc73b" executionId="f1d8e335-82bb-4ca5-92f7-bafb1b7bddf9" testListId="8c84fa94-04c1-424b-9868-57a2d4851a1d" /><TestEntry testId="3c1e26f8-be73-4b67-b95e-1390a5569b91" executionId="6b6af0b6-6a11-447c-901a-17881f2f34b0" testListId="8c84fa94-04c1-424b-9868-57a2d4851a1d" /><TestEntry testId="84fd4cbf-c786-45e8-9c9b-12f98333f8a5" executionId="333e9b6a-b60a-4ae2-a779-9e8205589a3f" testListId="8c84fa94-04c1-424b-9868-57a2d4851a1d" /><TestEntry testId="1795f7d2-0883-496c-8ceb-d4233877a5bb" executionId="f7ce2a84-8c0c-472e-945c-91a1bd04cd56" testListId="8c84fa94-04c1-424b-9868-57a2d4851a1d" /><TestEntry testId="06f81fef-9897-4f90-859a-5020241dda97" executionId="a5fce0ca-3d91-44b5-be69-38461f0c5ee6" testListId="8c84fa94-04c1-424b-9868-57a2d4851a1d" /><TestEntry testId="39c18e80-3840-49c4-91be-50cb4329cdc4" executionId="63bce883-a1b8-4833-9172-d792fc5684c4" testListId="8c84fa94-04c1-424b-9868-57a2d4851a1d" /><TestEntry testId="28a9dc79-8e96-485b-ab8b-0b27bd8de902" executionId="7cc12636-0680-47f4-8953-974c07867988" testListId="8c84fa94-04c1-424b-9868-57a2d4851a1d" /><TestEntry testId="12d0051d-519a-470c-bb43-a61281d2502a" executionId="3f4adc4e-163d-4534-b2db-a9e5f5f6c612" testListId="8c84fa94-04c1-424b-9868-57a2d4851a1d" /><TestEntry testId="f94b18b4-4496-43c2-9641-1bfdfa933648" executionId="17298f46-b97a-4611-86a8-519bd0e2dfe0" testListId="8c84fa94-04c1-424b-9868-57a2d4851a1d" /><TestEntry testId="87d0c293-3107-4b25-a305-b16b5b43248c" executionId="0a1c8800-8600-437c-a33c-dda498320659" testListId="8c84fa94-04c1-424b-9868-57a2d4851a1d" /><TestEntry testId="5de6477b-2630-453a-ae47-404fae1403cc" executionId="def4361b-bc31-46f4-a47f-cd24d16fc352" testListId="8c84fa94-04c1-424b-9868-57a2d4851a1d" /><TestEntry testId="a7f7db29-76ac-45f3-83b7-9a2619a6f51d" executionId="a204f1b0-38d1-4839-be10-511e68d4924b" testListId="8c84fa94-04c1-424b-9868-57a2d4851a1d" /><TestEntry testId="9d56c32e-53fd-4254-9521-92e2844ad1f4" executionId="78285077-a206-47c9-abac-a7bebe2f5ef9" testListId="8c84fa94-04c1-424b-9868-57a2d4851a1d" /><TestEntry testId="272eda6f-6e2e-4706-af6d-8b8ea83a816f" executionId="7693e5f1-31fa-4175-9910-ce8b3f7ebed2" testListId="8c84fa94-04c1-424b-9868-57a2d4851a1d" /><TestEntry testId="0f882d98-b6a4-4b92-b3e4-1286e70389ed" executionId="1bd1f314-3b40-48e2-b0b3-8762f2641bd2" testListId="8c84fa94-04c1-424b-9868-57a2d4851a1d" /><TestEntry testId="c9343990-7ca6-434b-a713-1b886c1915b7" executionId="d1141cec-3050-4a09-ad85-76d9a877a4f5" testListId="8c84fa94-04c1-424b-9868-57a2d4851a1d" /><TestEntry testId="3c2b0a33-e02e-4291-8d3e-c2e76197cf9d" executionId="33916808-0369-48fe-8a35-05347875ad77" testListId="8c84fa94-04c1-424b-9868-57a2d4851a1d" /><TestEntry testId="d274ebc6-1fab-488f-bc5a-d316aa4cdce2" executionId="d7a8afa4-0360-45f0-a5ca-5c3b1b9185cd" testListId="8c84fa94-04c1-424b-9868-57a2d4851a1d" /><TestEntry testId="4faa9fdf-f758-4aba-8bae-4c5a534b2d53" executionId="30399ae2-ebe4-45a4-b8ef-f434c82d77e5" testListId="8c84fa94-04c1-424b-9868-57a2d4851a1d" /><TestEntry testId="a5a2e0e0-04eb-4d86-a33f-7a562837341a" executionId="4ce120d5-8686-42f3-a7e4-0a88ee14ae99" testListId="8c84fa94-04c1-424b-9868-57a2d4851a1d" /><TestEntry testId="b37358a7-44ed-4299-a2a9-e99f70696870" executionId="4de2fbb9-4524-403f-89f9-8aefd8fccf7f" testListId="8c84fa94-04c1-424b-9868-57a2d4851a1d" /><TestEntry testId="a793ac71-20fe-43f5-9f69-fa534036db41" executionId="4fb12757-9e90-4afa-9f4d-8027cd3a35fd" testListId="8c84fa94-04c1-424b-9868-57a2d4851a1d" /><TestEntry testId="d53bdaad-f276-44c5-ac34-239ae67e88c4" executionId="846c4f97-eadb-4d92-8135-da90a2dad153" testListId="8c84fa94-04c1-424b-9868-57a2d4851a1d" /><TestEntry testId="82ae9bd3-a439-4236-b97d-e8bdda925804" executionId="3a729803-ea0f-4a05-a63c-fa930249c2f8" testListId="8c84fa94-04c1-424b-9868-57a2d4851a1d" /><TestEntry testId="e0802ecd-e8d1-4827-9ddf-d0ef6dd61306" executionId="7bf3f66d-1021-4da2-8b03-8833fd812cf5" testListId="8c84fa94-04c1-424b-9868-57a2d4851a1d" /><TestEntry testId="c2d713b6-aa49-4804-a72c-75600fe20b4f" executionId="5dbeee70-afc9-41d8-8e0d-20cf17a70dd9" testListId="8c84fa94-04c1-424b-9868-57a2d4851a1d" /><TestEntry testId="c51730ee-7e01-4596-82d5-a31c7e6df57a" executionId="6753c7fc-a256-4a31-9c95-db1d716ecad9" testListId="8c84fa94-04c1-424b-9868-57a2d4851a1d" /><TestEntry testId="ad67fde4-e123-4102-a105-da58e81badc4" executionId="6874fd44-3104-4f4b-8c55-3e9932820c9f" testListId="8c84fa94-04c1-424b-9868-57a2d4851a1d" /><TestEntry testId="35060d86-fc5c-4670-8f30-69537b56d451" executionId="a41d0811-aa28-4236-ab4e-997ddbf267ef" testListId="8c84fa94-04c1-424b-9868-57a2d4851a1d" /><TestEntry testId="301dcef0-bf70-4992-b107-d7f976ae084f" executionId="e6446021-82c9-4a72-a490-a80e2aadc5b7" testListId="8c84fa94-04c1-424b-9868-57a2d4851a1d" /><TestEntry testId="c242a51b-c535-4b93-86cf-d2e34d1a942a" executionId="71b926d8-1ee8-4ece-9fa9-58cd535ad511" testListId="8c84fa94-04c1-424b-9868-57a2d4851a1d" /><TestEntry testId="614f319d-0aa6-4909-9550-8c491492d7de" executionId="21773b21-e052-4c48-bee4-bfb88f1e2b2e" testListId="8c84fa94-04c1-424b-9868-57a2d4851a1d" /><TestEntry testId="8c9996b6-4df0-4c0d-8f2d-ccc78c0cef43" executionId="4608009e-3724-467f-9b7d-f8d9d0816655" testListId="8c84fa94-04c1-424b-9868-57a2d4851a1d" /><TestEntry testId="9b547af3-2887-4682-8e27-69062b24faf5" executionId="b70260df-5404-42e5-bdea-f7ae1f6a40e0" testListId="8c84fa94-04c1-424b-9868-57a2d4851a1d" /><TestEntry testId="deab335f-91f0-4f2f-9827-e1c43190a960" executionId="a6569c4c-2cc8-463a-b65a-775f8c92f431" testListId="8c84fa94-04c1-424b-9868-57a2d4851a1d" /><TestEntry testId="50d8dd19-78bc-4be0-9ef2-d5ab042f842a" executionId="20fc044d-1338-4542-8dee-ff772265219e" testListId="8c84fa94-04c1-424b-9868-57a2d4851a1d" /><TestEntry testId="4bd69214-d3e2-4632-8a2b-d948e85802f8" executionId="c729da4a-889d-456a-8761-0c3f48c647a9" testListId="8c84fa94-04c1-424b-9868-57a2d4851a1d" /><TestEntry testId="be36ac70-f6c0-4522-b182-096759ec7e33" executionId="e92be6c5-e15b-43de-a130-96529b3be9d3" testListId="8c84fa94-04c1-424b-9868-57a2d4851a1d" /><TestEntry testId="05a79789-5fba-4713-8eee-b604d8425f82" executionId="49292387-d31c-4324-bac7-0b7c473515b1" testListId="8c84fa94-04c1-424b-9868-57a2d4851a1d" /><TestEntry testId="30808523-52b2-4335-a636-194d22d167f2" executionId="c0b00494-9abe-47f1-b18b-01420dad2cbd" testListId="8c84fa94-04c1-424b-9868-57a2d4851a1d" /><TestEntry testId="f9c53458-d2e8-4d9a-a033-d83603c0e2e0" executionId="1e81be5c-f038-456d-95fb-0e52a5b972e9" testListId="8c84fa94-04c1-424b-9868-57a2d4851a1d" /><TestEntry testId="d12044a7-bd37-446d-99e0-e43948de2238" executionId="d9053a75-fe66-4316-a733-95c6824e7e89" testListId="8c84fa94-04c1-424b-9868-57a2d4851a1d" /><TestEntry testId="4b92b8b3-b392-4314-a5fc-50d11b2fb925" executionId="282123c3-7e0a-45b9-91cf-7a1590934f9b" testListId="8c84fa94-04c1-424b-9868-57a2d4851a1d" /><TestEntry testId="29e44585-d7a4-4304-aae0-e6794fe6c6cf" executionId="209d2697-ce6e-41c7-aa79-bf85f40da2bb" testListId="8c84fa94-04c1-424b-9868-57a2d4851a1d" /><TestEntry testId="9e8a3bf7-2485-44e9-a781-1d44c6bd7e9e" executionId="703b666e-01e8-40cf-b442-2c89fe1120bc" testListId="8c84fa94-04c1-424b-9868-57a2d4851a1d" /><TestEntry testId="177e579d-d25d-46d4-bb89-47812de5e579" executionId="c86d6677-a0ea-4542-a61e-4a3360706b7d" testListId="8c84fa94-04c1-424b-9868-57a2d4851a1d" /><TestEntry testId="4993e20d-8ecc-4d7a-b125-bf95e4e279ed" executionId="b05f03b2-cf0d-497b-9740-aa3c87fcf48d" testListId="8c84fa94-04c1-424b-9868-57a2d4851a1d" /><TestEntry testId="b7167ee6-9a4e-48d4-9616-e8d3294ab245" executionId="72c002e1-8dda-44e6-8274-dd210cbd6b21" testListId="8c84fa94-04c1-424b-9868-57a2d4851a1d" /><TestEntry testId="7e3c1425-9643-4c49-84c2-f59ed0b44d19" executionId="d574b3cd-7850-4ce2-b0f4-8ca5b2cb3262" testListId="8c84fa94-04c1-424b-9868-57a2d4851a1d" /><TestEntry testId="caf651ef-e08f-4959-98a7-4dc26763311d" executionId="6f4fe979-69e3-4dbc-8267-3ad4ef079a6d" testListId="8c84fa94-04c1-424b-9868-57a2d4851a1d" /><TestEntry testId="b19236e0-8de5-47f1-a544-95e46dbd78ee" executionId="c70db6ae-e24a-4285-b095-895fcbd7e185" testListId="8c84fa94-04c1-424b-9868-57a2d4851a1d" /><TestEntry testId="48441fe3-911c-4ed8-b05b-73b65ada8cc5" executionId="683b9872-a484-4ec4-9f0b-6c3856bd9088" testListId="8c84fa94-04c1-424b-9868-57a2d4851a1d" /><TestEntry testId="23cb193b-cbd9-43d2-bd37-16d358ec4319" executionId="c803ab8d-67ce-4430-8bbf-397914629307" testListId="8c84fa94-04c1-424b-9868-57a2d4851a1d" /><TestEntry testId="f52823ad-c4e4-4065-9061-0f63a1c7172e" executionId="622baa51-e9cb-4d86-8091-1ca46b91d79b" testListId="8c84fa94-04c1-424b-9868-57a2d4851a1d" /><TestEntry testId="fc298e88-0692-4120-9d5c-490da52e171c" executionId="7909b822-d15c-4c0f-a87b-70f98d0dc28b" testListId="8c84fa94-04c1-424b-9868-57a2d4851a1d" /><TestEntry testId="b4de38d0-62e8-4f82-a8a0-d7aa15817fba" executionId="65a0da91-1c90-466a-a0ea-004aecea65ec" testListId="8c84fa94-04c1-424b-9868-57a2d4851a1d" /><TestEntry testId="8b21a8cb-2388-4e58-9b6b-79b0f2e9bd7f" executionId="2247f618-64b8-442f-aad1-6157ae9af4df" testListId="8c84fa94-04c1-424b-9868-57a2d4851a1d" /><TestEntry testId="ef93deb8-4d29-4eaa-94d1-6c6f22e9f5a8" executionId="1b62a37f-6643-46de-af70-5a5946995b35" testListId="8c84fa94-04c1-424b-9868-57a2d4851a1d" /><TestEntry testId="e1b6047d-91e1-4c62-988e-b86574e1684b" executionId="30c973c2-5870-42ca-be1b-12771782b5a5" testListId="8c84fa94-04c1-424b-9868-57a2d4851a1d" /><TestEntry testId="50523c09-9797-4466-9730-f6435cbfe7d4" executionId="8dd527a7-86ff-455a-91ff-33dd2804a971" testListId="8c84fa94-04c1-424b-9868-57a2d4851a1d" /><TestEntry testId="9b4f2a36-d6f3-49ed-a15c-034e64d0dc07" executionId="646553d8-47a4-469d-bf23-787b83a8428c" testListId="8c84fa94-04c1-424b-9868-57a2d4851a1d" /><TestEntry testId="e7017ef6-eeea-48e8-be0f-263860c4d50d" executionId="c2dc9799-fda3-4a15-8006-15f60fc2ad25" testListId="8c84fa94-04c1-424b-9868-57a2d4851a1d" /><TestEntry testId="346f2dcd-4c43-4cf3-9794-4fa6ddbf71dc" executionId="413e0506-0a89-4243-af28-9ed12f5ebf73" testListId="8c84fa94-04c1-424b-9868-57a2d4851a1d" /><TestEntry testId="1cc16f51-535a-4a7a-a644-9f5edaa2bfd4" executionId="69a3d9a5-0c56-49b1-b136-3da417558526" testListId="8c84fa94-04c1-424b-9868-57a2d4851a1d" /><TestEntry testId="86c5062a-497a-413a-9877-cba404091222" executionId="49274633-0f22-43e0-83fd-6b20a4c042e4" testListId="8c84fa94-04c1-424b-9868-57a2d4851a1d" /><TestEntry testId="a805c477-7243-4d65-9ff8-816ca6c31a73" executionId="94583559-99dc-411b-930f-043d8f651cee" testListId="8c84fa94-04c1-424b-9868-57a2d4851a1d" /><TestEntry testId="26103ab1-44b8-4c97-874c-d582a1ed2a40" executionId="ef7735f8-cb67-4067-8bb0-fddca7d0ec38" testListId="8c84fa94-04c1-424b-9868-57a2d4851a1d" /><TestEntry testId="0afd8e41-be02-4b35-8ab8-515bc6bd9b39" executionId="ae5c9897-8db6-4be2-b5cb-740eb2cd2fab" testListId="8c84fa94-04c1-424b-9868-57a2d4851a1d" /><TestEntry testId="27735332-f46d-4f43-add6-d45efc1daadf" executionId="675dc294-9a13-4fbc-a828-9afe58d420a3" testListId="8c84fa94-04c1-424b-9868-57a2d4851a1d" /><TestEntry testId="37378e98-3f4c-4076-b008-05214ff2a577" executionId="8bdb7e12-cc0d-48b6-aff4-e323cd0f7822" testListId="8c84fa94-04c1-424b-9868-57a2d4851a1d" /><TestEntry testId="b34933dd-8f45-4585-9a43-49937bbd84ea" executionId="415b6545-a773-4a17-ab54-e6dbed1ea435" testListId="8c84fa94-04c1-424b-9868-57a2d4851a1d" /><TestEntry testId="ab644899-29ac-456e-a29e-8422af75c837" executionId="95daa1b7-227d-425b-bee2-0b2d146caf66" testListId="8c84fa94-04c1-424b-9868-57a2d4851a1d" /><TestEntry testId="20ee8906-4a88-4baf-be11-cdedde72d33a" executionId="a9e6842e-444c-4766-aa7f-984c36e7c1be" testListId="8c84fa94-04c1-424b-9868-57a2d4851a1d" /><TestEntry testId="190c9d73-0002-462a-933c-39d73c38ebcd" executionId="aee85948-9cb7-422e-83a4-1bc023fb3eac" testListId="8c84fa94-04c1-424b-9868-57a2d4851a1d" /><TestEntry testId="a3f77cde-8e3d-43d4-8450-ce6c511cd270" executionId="d0ac523d-9a8b-4220-a864-33a6c233d113" testListId="8c84fa94-04c1-424b-9868-57a2d4851a1d" /><TestEntry testId="1336c287-de41-4019-ac66-cad189cf7736" executionId="6b52ef7e-0af6-42c4-9e07-0d42de2dccd7" testListId="8c84fa94-04c1-424b-9868-57a2d4851a1d" /><TestEntry testId="7bde327c-71dc-4fd9-acbb-8cc09142c21f" executionId="a014268e-dee6-4e55-85dc-159b5b329e3e" testListId="8c84fa94-04c1-424b-9868-57a2d4851a1d" /><TestEntry testId="e97c67d5-b113-44d2-ac92-663666809751" executionId="1fd9a906-cade-4681-89c9-2d1db65bef86" testListId="8c84fa94-04c1-424b-9868-57a2d4851a1d" /><TestEntry testId="65501e46-a687-46c0-8b07-6e0c1d146860" executionId="6aa7dfc9-b392-44e1-ac19-a85a1ce14632" testListId="8c84fa94-04c1-424b-9868-57a2d4851a1d" /><TestEntry testId="0b91f91b-4268-41fe-87ff-09e2520830b8" executionId="cc9c750c-0be9-4dc8-b593-a7fae13e0c0e" testListId="8c84fa94-04c1-424b-9868-57a2d4851a1d" /><TestEntry testId="6a1694d3-faa4-410f-b6b5-3b84b03e0e0b" executionId="55ac590b-5772-4e8c-99a7-0b5de414ad0c" testListId="8c84fa94-04c1-424b-9868-57a2d4851a1d" /><TestEntry testId="7ce478d3-d813-4b63-b424-801a8f4656a0" executionId="efd6531f-8257-4dc5-886c-5425a5aee6b0" testListId="8c84fa94-04c1-424b-9868-57a2d4851a1d" /><TestEntry testId="1949e3f1-4d9a-4826-8716-6383598ece7d" executionId="395fe565-7e85-4c6a-8f46-7faec548ed4e" testListId="8c84fa94-04c1-424b-9868-57a2d4851a1d" /><TestEntry testId="02d69d44-68f5-4226-8d0a-930d44de4daf" executionId="770754fb-2856-4a1c-a15d-8542ed452fa8" testListId="8c84fa94-04c1-424b-9868-57a2d4851a1d" /><TestEntry testId="2d5ab786-eabb-41fc-93b9-02a0ff43b6d4" executionId="17c1dbfe-ebca-41e3-854d-7b1f33373d60" testListId="8c84fa94-04c1-424b-9868-57a2d4851a1d" /><TestEntry testId="b382dc00-26ac-41d4-87e2-ef5aca12e7ff" executionId="e77b6df8-d86b-414a-8a3f-e8e5d5b16914" testListId="8c84fa94-04c1-424b-9868-57a2d4851a1d" /><TestEntry testId="a35a1221-f091-46e2-8a1c-ff511a9de701" executionId="7c3c970d-d12a-4eb2-8d2a-ef4ca0081e01" testListId="8c84fa94-04c1-424b-9868-57a2d4851a1d" /><TestEntry testId="da63b636-e424-43e0-8cdd-a3ae1f9f57f2" executionId="8296791f-6cda-4a55-98ab-82f13da6716e" testListId="8c84fa94-04c1-424b-9868-57a2d4851a1d" /><TestEntry testId="f4d3921e-8bde-4a14-a14a-53611acba33b" executionId="3a9f84a8-3eb7-49af-8030-27042cb4631c" testListId="8c84fa94-04c1-424b-9868-57a2d4851a1d" /><TestEntry testId="a30c436b-851d-47b4-8117-14d73bd045cc" executionId="d8880637-41b6-42cf-afa8-92d77469d7b3" testListId="8c84fa94-04c1-424b-9868-57a2d4851a1d" /><TestEntry testId="9b284c6e-7fbe-4b42-b77b-e73f2f31d108" executionId="d2cf97bf-2b46-4a96-8da7-76179135e0b2" testListId="8c84fa94-04c1-424b-9868-57a2d4851a1d" /><TestEntry testId="c40b0889-140b-4b35-bb91-41185930af2d" executionId="95c580aa-65fb-4e18-9084-6aedeb356aa7" testListId="8c84fa94-04c1-424b-9868-57a2d4851a1d" /><TestEntry testId="3ec946cd-5cca-4000-a825-aa7d62fc61c0" executionId="0f8dfbef-fe46-44cd-a776-7b02a4b46740" testListId="8c84fa94-04c1-424b-9868-57a2d4851a1d" /><TestEntry testId="b51fe28d-2015-43ab-a105-146a102b41b6" executionId="64387c94-fbcc-4b6e-b4da-317aeee0cee8" testListId="8c84fa94-04c1-424b-9868-57a2d4851a1d" /><TestEntry testId="910ab7ba-d578-492c-aa74-8cfb0133581d" executionId="8c08e799-8ecc-4ea7-970d-948c9c97c51e" testListId="8c84fa94-04c1-424b-9868-57a2d4851a1d" /><TestEntry testId="0a96e21f-a04a-4c35-840c-cd4c552550de" executionId="af06d596-1dff-4b97-889f-8d4807a8d8a7" testListId="8c84fa94-04c1-424b-9868-57a2d4851a1d" /><TestEntry testId="3cdd2b92-66e3-4e74-b132-2fc9a5e135f8" executionId="a5447ba9-92af-4b54-bb4a-4b3712068359" testListId="8c84fa94-04c1-424b-9868-57a2d4851a1d" /><TestEntry testId="7d8e3419-7980-4ec8-993c-e2c02279e1e4" executionId="4cedc9e4-31f7-4e93-b1aa-7b4888da348a" testListId="8c84fa94-04c1-424b-9868-57a2d4851a1d" /><TestEntry testId="8ff6385a-3541-44d7-8720-3f7573dcf7b5" executionId="3111ffdb-812e-4ed9-b3f9-424cb1bdec0c" testListId="8c84fa94-04c1-424b-9868-57a2d4851a1d" /><TestEntry testId="a1055238-cdd0-4b61-85e7-df98ba654099" executionId="913094ef-db50-4328-a919-556bbc3d218b" testListId="8c84fa94-04c1-424b-9868-57a2d4851a1d" /><TestEntry testId="59ffb8bf-2158-4da1-865a-c136e71189eb" executionId="b771dc78-e383-4833-adda-1d5122ce3c84" testListId="8c84fa94-04c1-424b-9868-57a2d4851a1d" /><TestEntry testId="2fabc165-7aa3-44bb-baea-6c68db727b4b" executionId="19328c76-1d28-43e7-8e0f-94e4e182e857" testListId="8c84fa94-04c1-424b-9868-57a2d4851a1d" /><TestEntry testId="39d5fdd3-64a8-49b9-833d-806b58fc348a" executionId="23ed4566-5fb7-4a0a-97f8-e0abd96780e0" testListId="8c84fa94-04c1-424b-9868-57a2d4851a1d" /><TestEntry testId="e9a6c8cf-8bce-4b4e-b6bb-b218b2092960" executionId="3c613662-a0df-448d-9151-6f79a8e654a5" testListId="8c84fa94-04c1-424b-9868-57a2d4851a1d" /><TestEntry testId="b3e09a2f-9322-4776-a915-f87143aded7a" executionId="08cf7c85-148c-4556-9ecb-10c03aaf61bc" testListId="8c84fa94-04c1-424b-9868-57a2d4851a1d" /><TestEntry testId="2d504c2d-bf83-4af1-8829-e822ff7e2cce" executionId="f4f72af0-2560-4370-ba31-c49a40ad7681" testListId="8c84fa94-04c1-424b-9868-57a2d4851a1d" /><TestEntry testId="f965f8dd-af1c-4a98-9603-772bd75f8bfb" executionId="55054310-632e-4e17-8f78-4ece5daa50ef" testListId="8c84fa94-04c1-424b-9868-57a2d4851a1d" /><TestEntry testId="243813fb-64d2-4a3c-991a-afc2fbd97e76" executionId="71ebef24-2468-4680-a3ba-bed61136cf46" testListId="8c84fa94-04c1-424b-9868-57a2d4851a1d" /><TestEntry testId="6e9fa018-9441-436a-890c-c1fdcef947fa" executionId="892b5a31-7b98-4c64-84db-e558b3779283" testListId="8c84fa94-04c1-424b-9868-57a2d4851a1d" /><TestEntry testId="5cde3b67-eb7d-4302-8590-76a0ad150db7" executionId="b727f81a-f475-437a-ac8b-85934d0e65e1" testListId="8c84fa94-04c1-424b-9868-57a2d4851a1d" /><TestEntry testId="6cacebbb-6fcb-4384-bc8a-47a5479dad50" executionId="f11d03b9-d015-4080-b3dd-4ef84ee57452" testListId="8c84fa94-04c1-424b-9868-57a2d4851a1d" /><TestEntry testId="fea429fb-772c-49b6-85fc-7ac15208157c" executionId="bab7f9cc-1afc-4ce8-9041-89e5058f79fc" testListId="8c84fa94-04c1-424b-9868-57a2d4851a1d" /><TestEntry testId="368a9167-8485-4d07-99e3-f9101d824029" executionId="99187372-639b-48f6-9ed2-b945905a5fe9" testListId="8c84fa94-04c1-424b-9868-57a2d4851a1d" /></TestEntries><TestLists><TestList name="Results Not in a List" id="8c84fa94-04c1-424b-9868-57a2d4851a1d" /><TestList name="All Loaded Results" id="19431567-8539-422a-85d7-44ee4e166bda" /></TestLists><ResultSummary outcome="Completed"><Counters total="596" executed="596" passed="596" failed="0" error="0" timeout="0" aborted="0" inconclusive="0" passedButRunAborted="0" notRunnable="0" notExecuted="0" disconnected="0" warning="0" completed="0" inProgress="0" pending="0" /><Output><StdOut>NUnit Adapter 3.9.0.0: Test execution startedRunning all tests in C:\workspaces\openkit-dotnet\tests\openkit-dotnetcore-1.0.Tests\bin\Release\netcoreapp1.0\openkit-dotnetcore-1.0.Tests.dllNUnit3TestExecutor converted 596 of 596 NUnit test casesNUnit Adapter 3.9.0.0: Test execution complete</StdOut></Output></ResultSummary></TestRun>